30
genrrelltwo, alpha=2, sample size=3000
#########################################
(1, 40, 0.015, 2, 3000, 'elltwo', 'genrr', 0.00045252306324321256, 0.00800000037997961, 8.00460433959961, '2024-08-03 07:49:21', 0, 999)
pval: [0.008] -- 1th test, time elapsed 8.00460433959961 -- emperical power so far (from test_start): 1.0
db insert success
(2, 40, 0.015, 2, 3000, 'elltwo', 'genrr', 0.0006251773554146814, 0.0020000000949949026, 1.479017972946167, '2024-08-03 07:49:47', 0, 999)
pval: [0.002] -- 2th test, time elapsed 1.479017972946167 -- emperical power so far (from test_start): 1.0
db insert success
(3, 40, 0.015, 2, 3000, 'elltwo', 'genrr', 0.0010690570931049456, 0.0010000000474974513, 1.4870517253875732, '2024-08-03 07:49:54', 0, 999)
pval: [0.001] -- 3th test, time elapsed 1.4870517253875732 -- emperical power so far (from test_start): 1.0
db insert success
(4, 40, 0.015, 2, 3000, 'elltwo', 'genrr', 0.0010886053128819767, 0.0010000000474974513, 1.478060007095337, '2024-08-03 07:50:05', 0, 999)
pval: [0.001] -- 4th test, time elapsed 1.478060007095337 -- emperical power so far (from test_start): 1.0
db insert success
(5, 40, 0.015, 2, 3000, 'elltwo', 'genrr', 0.0006914462598643298, 0.0010000000474974513, 1.4756124019622803, '2024-08-03 07:50:19', 0, 999)
pval: [0.001] -- 5th test, time elapsed 1.4756124019622803 -- emperical power so far (from test_start): 1.0
db insert success
(6, 40, 0.015, 2, 3000, 'elltwo', 'genrr', 0.00040580460153377684, 0.004999999888241291, 1.4826877117156982, '2024-08-03 07:50:33', 0, 999)
pval: [0.005] -- 6th test, time elapsed 1.4826877117156982 -- emperical power so far (from test_start): 1.0
db insert success
(7, 40, 0.015, 2, 3000, 'elltwo', 'genrr', 0.0010777371716496412, 0.0010000000474974513, 1.480905294418335, '2024-08-03 07:50:38', 0, 999)
pval: [0.001] -- 7th test, time elapsed 1.480905294418335 -- emperical power so far (from test_start): 1.0
db insert success
(8, 40, 0.015, 2, 3000, 'elltwo', 'genrr', 0.0009728395391055411, 0.0010000000474974513, 1.4802534580230713, '2024-08-03 07:50:50', 0, 999)
pval: [0.001] -- 8th test, time elapsed 1.4802534580230713 -- emperical power so far (from test_start): 1.0
db insert success
(9, 40, 0.015, 2, 3000, 'elltwo', 'genrr', 0.0006310251565335226, 0.0020000000949949026, 1.4516537189483643, '2024-08-03 07:50:52', 0, 999)
pval: [0.002] -- 9th test, time elapsed 1.4516537189483643 -- emperical power so far (from test_start): 1.0
db insert success
(10, 40, 0.015, 2, 3000, 'elltwo', 'genrr', 0.001177110666518398, 0.0010000000474974513, 1.4710774421691895, '2024-08-03 07:50:55', 0, 999)
pval: [0.001] -- 10th test, time elapsed 1.4710774421691895 -- emperical power so far (from test_start): 1.0
db insert success
(11, 40, 0.015, 2, 3000, 'elltwo', 'genrr', 0.0004953862398575787, 0.0010000000474974513, 1.4465172290802002, '2024-08-03 07:51:07', 0, 999)
pval: [0.001] -- 11th test, time elapsed 1.4465172290802002 -- emperical power so far (from test_start): 1.0
db insert success
(12, 40, 0.015, 2, 3000, 'elltwo', 'genrr', 0.00032360601682034085, 0.01600000075995922, 1.471101999282837, '2024-08-03 07:51:14', 0, 999)
pval: [0.016] -- 12th test, time elapsed 1.471101999282837 -- emperical power so far (from test_start): 1.0
db insert success
(13, 40, 0.015, 2, 3000, 'elltwo', 'genrr', 0.0013002042162201174, 0.0010000000474974513, 1.4665396213531494, '2024-08-03 07:51:16', 0, 999)
pval: [0.001] -- 13th test, time elapsed 1.4665396213531494 -- emperical power so far (from test_start): 1.0
db insert success
(14, 40, 0.015, 2, 3000, 'elltwo', 'genrr', 0.0006363223296654077, 0.0010000000474974513, 1.467932939529419, '2024-08-03 07:51:35', 0, 999)
pval: [0.001] -- 14th test, time elapsed 1.467932939529419 -- emperical power so far (from test_start): 1.0
db insert success
(15, 40, 0.015, 2, 3000, 'elltwo', 'genrr', 0.0005680624652660907, 0.0010000000474974513, 1.487595796585083, '2024-08-03 07:51:40', 0, 999)
pval: [0.001] -- 15th test, time elapsed 1.487595796585083 -- emperical power so far (from test_start): 1.0
db insert success
(16, 40, 0.015, 2, 3000, 'elltwo', 'genrr', 0.000827254788633193, 0.0010000000474974513, 1.4586386680603027, '2024-08-03 07:52:02', 0, 999)
pval: [0.001] -- 16th test, time elapsed 1.4586386680603027 -- emperical power so far (from test_start): 1.0
db insert success
(17, 40, 0.015, 2, 3000, 'elltwo', 'genrr', 0.0008074955355488606, 0.0010000000474974513, 3.6720879077911377, '2024-08-03 07:52:20', 0, 999)
pval: [0.001] -- 17th test, time elapsed 3.6720879077911377 -- emperical power so far (from test_start): 1.0
db insert success
(18, 40, 0.015, 2, 3000, 'elltwo', 'genrr', 0.00035425771553475316, 0.017999999225139618, 7.138647556304932, '2024-08-03 07:52:28', 0, 999)
pval: [0.018] -- 18th test, time elapsed 7.138647556304932 -- emperical power so far (from test_start): 1.0
db insert success
(19, 40, 0.015, 2, 3000, 'elltwo', 'genrr', 0.0006934037271682375, 0.0010000000474974513, 1.6572530269622803, '2024-08-03 07:52:37', 0, 999)
pval: [0.001] -- 19th test, time elapsed 1.6572530269622803 -- emperical power so far (from test_start): 1.0
db insert success
(20, 40, 0.015, 2, 3000, 'elltwo', 'genrr', 0.0005514375162090079, 0.0010000000474974513, 1.5316956043243408, '2024-08-03 07:52:50', 0, 999)
pval: [0.001] -- 20th test, time elapsed 1.5316956043243408 -- emperical power so far (from test_start): 1.0
db insert success
(21, 40, 0.015, 2, 3000, 'elltwo', 'genrr', 0.0009472639027822971, 0.0010000000474974513, 1.590193748474121, '2024-08-03 07:53:06', 0, 999)
pval: [0.001] -- 21th test, time elapsed 1.590193748474121 -- emperical power so far (from test_start): 1.0
db insert success
(22, 40, 0.015, 2, 3000, 'elltwo', 'genrr', 0.0008812624949056311, 0.0010000000474974513, 1.6405785083770752, '2024-08-03 07:53:08', 0, 999)
pval: [0.001] -- 22th test, time elapsed 1.6405785083770752 -- emperical power so far (from test_start): 1.0
db insert success
(23, 40, 0.015, 2, 3000, 'elltwo', 'genrr', 0.00041270341965824603, 0.007000000216066837, 1.4952507019042969, '2024-08-03 07:53:28', 0, 999)
pval: [0.007] -- 23th test, time elapsed 1.4952507019042969 -- emperical power so far (from test_start): 1.0
db insert success
(24, 40, 0.015, 2, 3000, 'elltwo', 'genrr', 0.0009921906561444968, 0.0010000000474974513, 1.3707435131072998, '2024-08-03 07:53:46', 0, 999)
pval: [0.001] -- 24th test, time elapsed 1.3707435131072998 -- emperical power so far (from test_start): 1.0
db insert success
(25, 40, 0.015, 2, 3000, 'elltwo', 'genrr', 0.0006240907709976345, 0.0010000000474974513, 1.4851791858673096, '2024-08-03 07:53:53', 0, 999)
pval: [0.001] -- 25th test, time elapsed 1.4851791858673096 -- emperical power so far (from test_start): 1.0
db insert success
(26, 40, 0.015, 2, 3000, 'elltwo', 'genrr', 0.0008865505538882545, 0.0010000000474974513, 43.97254490852356, '2024-08-03 07:54:11', 0, 999)
pval: [0.001] -- 26th test, time elapsed 43.97254490852356 -- emperical power so far (from test_start): 1.0
db insert success
(27, 40, 0.015, 2, 3000, 'elltwo', 'genrr', 0.0008379277536956289, 0.0010000000474974513, 28.186153411865234, '2024-08-03 07:55:01', 0, 999)
pval: [0.001] -- 27th test, time elapsed 28.186153411865234 -- emperical power so far (from test_start): 1.0
db insert success
(28, 40, 0.015, 2, 3000, 'elltwo', 'genrr', 0.001387536067578063, 0.0010000000474974513, 2.0912551879882812, '2024-08-03 07:55:47', 0, 999)
pval: [0.001] -- 28th test, time elapsed 2.0912551879882812 -- emperical power so far (from test_start): 1.0
db insert success
(29, 40, 0.015, 2, 3000, 'elltwo', 'genrr', 0.0012966306546625395, 0.0010000000474974513, 2.415513515472412, '2024-08-03 07:56:00', 0, 999)
pval: [0.001] -- 29th test, time elapsed 2.415513515472412 -- emperical power so far (from test_start): 1.0
db insert success
(30, 40, 0.015, 2, 3000, 'elltwo', 'genrr', 0.0008165359564298452, 0.0010000000474974513, 2.4917221069335938, '2024-08-03 07:56:14', 0, 999)
pval: [0.001] -- 30th test, time elapsed 2.4917221069335938 -- emperical power so far (from test_start): 1.0
db insert success
(31, 40, 0.015, 2, 3000, 'elltwo', 'genrr', 0.0005279016709272832, 0.0020000000949949026, 1.6729352474212646, '2024-08-03 07:56:28', 0, 999)
pval: [0.002] -- 31th test, time elapsed 1.6729352474212646 -- emperical power so far (from test_start): 1.0
db insert success
(32, 40, 0.015, 2, 3000, 'elltwo', 'genrr', 0.0007867978214959395, 0.0010000000474974513, 2.416085720062256, '2024-08-03 07:56:37', 0, 999)
pval: [0.001] -- 32th test, time elapsed 2.416085720062256 -- emperical power so far (from test_start): 1.0
db insert success
(33, 40, 0.015, 2, 3000, 'elltwo', 'genrr', 0.0010805970138193163, 0.0010000000474974513, 2.5644702911376953, '2024-08-03 07:56:50', 0, 999)
pval: [0.001] -- 33th test, time elapsed 2.5644702911376953 -- emperical power so far (from test_start): 1.0
db insert success
(34, 40, 0.015, 2, 3000, 'elltwo', 'genrr', 0.0006478895187283645, 0.0010000000474974513, 2.308443069458008, '2024-08-03 07:57:07', 0, 999)
pval: [0.001] -- 34th test, time elapsed 2.308443069458008 -- emperical power so far (from test_start): 1.0
db insert success
(35, 40, 0.015, 2, 3000, 'elltwo', 'genrr', 0.0010909020784705264, 0.0010000000474974513, 2.3774282932281494, '2024-08-03 07:57:23', 0, 999)
pval: [0.001] -- 35th test, time elapsed 2.3774282932281494 -- emperical power so far (from test_start): 1.0
db insert success
(36, 40, 0.015, 2, 3000, 'elltwo', 'genrr', 0.0009023675299173403, 0.0010000000474974513, 2.392845869064331, '2024-08-03 07:57:41', 0, 999)
pval: [0.001] -- 36th test, time elapsed 2.392845869064331 -- emperical power so far (from test_start): 1.0
db insert success
(37, 40, 0.015, 2, 3000, 'elltwo', 'genrr', 0.000983700048164081, 0.0010000000474974513, 2.6242966651916504, '2024-08-03 07:57:49', 0, 999)
pval: [0.001] -- 37th test, time elapsed 2.6242966651916504 -- emperical power so far (from test_start): 1.0
db insert success
(38, 40, 0.015, 2, 3000, 'elltwo', 'genrr', 0.0008208492460449121, 0.0010000000474974513, 2.2811920642852783, '2024-08-03 07:58:03', 0, 999)
pval: [0.001] -- 38th test, time elapsed 2.2811920642852783 -- emperical power so far (from test_start): 1.0
db insert success
(39, 40, 0.015, 2, 3000, 'elltwo', 'genrr', 0.00038034352191466253, 0.013000000268220901, 2.4633350372314453, '2024-08-03 07:58:12', 0, 999)
pval: [0.013] -- 39th test, time elapsed 2.4633350372314453 -- emperical power so far (from test_start): 1.0
db insert success
(40, 40, 0.015, 2, 3000, 'elltwo', 'genrr', 0.0008285535919380083, 0.0010000000474974513, 2.5739099979400635, '2024-08-03 07:58:18', 0, 999)
pval: [0.001] -- 40th test, time elapsed 2.5739099979400635 -- emperical power so far (from test_start): 1.0
db insert success
(41, 40, 0.015, 2, 3000, 'elltwo', 'genrr', 0.000771652106257556, 0.0010000000474974513, 2.296964645385742, '2024-08-03 07:58:39', 0, 999)
pval: [0.001] -- 41th test, time elapsed 2.296964645385742 -- emperical power so far (from test_start): 1.0
db insert success
(42, 40, 0.015, 2, 3000, 'elltwo', 'genrr', 0.0009021783557481428, 0.0010000000474974513, 2.4875552654266357, '2024-08-03 07:58:46', 0, 999)
pval: [0.001] -- 42th test, time elapsed 2.4875552654266357 -- emperical power so far (from test_start): 1.0
db insert success
(43, 40, 0.015, 2, 3000, 'elltwo', 'genrr', 0.0007663415953465119, 0.0010000000474974513, 2.5813827514648438, '2024-08-03 07:58:57', 0, 999)
pval: [0.001] -- 43th test, time elapsed 2.5813827514648438 -- emperical power so far (from test_start): 1.0
db insert success
(44, 40, 0.015, 2, 3000, 'elltwo', 'genrr', 0.0008834779000405982, 0.0010000000474974513, 2.5716753005981445, '2024-08-03 07:59:04', 0, 999)
pval: [0.001] -- 44th test, time elapsed 2.5716753005981445 -- emperical power so far (from test_start): 1.0
db insert success
(45, 40, 0.015, 2, 3000, 'elltwo', 'genrr', 0.0009514834574486861, 0.0010000000474974513, 2.52996826171875, '2024-08-03 07:59:17', 0, 999)
pval: [0.001] -- 45th test, time elapsed 2.52996826171875 -- emperical power so far (from test_start): 1.0
db insert success
(46, 40, 0.015, 2, 3000, 'elltwo', 'genrr', 0.00042361661294496034, 0.004000000189989805, 3.2860584259033203, '2024-08-03 07:59:22', 0, 999)
pval: [0.004] -- 46th test, time elapsed 3.2860584259033203 -- emperical power so far (from test_start): 1.0
db insert success
(47, 40, 0.015, 2, 3000, 'elltwo', 'genrr', 0.0006736604053201659, 0.0010000000474974513, 4.726608514785767, '2024-08-03 07:59:30', 0, 999)
pval: [0.001] -- 47th test, time elapsed 4.726608514785767 -- emperical power so far (from test_start): 1.0
db insert success
(48, 40, 0.015, 2, 3000, 'elltwo', 'genrr', 0.0008901781334518036, 0.0010000000474974513, 2.6195178031921387, '2024-08-03 07:59:37', 0, 999)
pval: [0.001] -- 48th test, time elapsed 2.6195178031921387 -- emperical power so far (from test_start): 1.0
db insert success
(49, 40, 0.015, 2, 3000, 'elltwo', 'genrr', 0.001029677670334475, 0.0010000000474974513, 6.0118749141693115, '2024-08-03 07:59:45', 0, 999)
pval: [0.001] -- 49th test, time elapsed 6.0118749141693115 -- emperical power so far (from test_start): 1.0
db insert success
(50, 40, 0.015, 2, 3000, 'elltwo', 'genrr', 0.0003500644659329838, 0.010999999940395355, 1.9810607433319092, '2024-08-03 08:00:02', 0, 999)
pval: [0.011] -- 50th test, time elapsed 1.9810607433319092 -- emperical power so far (from test_start): 1.0
db insert success
(51, 40, 0.015, 2, 3000, 'elltwo', 'genrr', 0.0005282871327478567, 0.0020000000949949026, 3.003878355026245, '2024-08-03 08:00:22', 0, 999)
pval: [0.002] -- 51th test, time elapsed 3.003878355026245 -- emperical power so far (from test_start): 1.0
db insert success
(52, 40, 0.015, 2, 3000, 'elltwo', 'genrr', 0.00039428083435211203, 0.014999999664723873, 2.7318294048309326, '2024-08-03 08:00:34', 0, 999)
pval: [0.015] -- 52th test, time elapsed 2.7318294048309326 -- emperical power so far (from test_start): 1.0
db insert success
(53, 40, 0.015, 2, 3000, 'elltwo', 'genrr', 0.00040093431143707614, 0.00800000037997961, 2.433229923248291, '2024-08-03 08:00:55', 0, 999)
pval: [0.008] -- 53th test, time elapsed 2.433229923248291 -- emperical power so far (from test_start): 1.0
db insert success
(54, 40, 0.015, 2, 3000, 'elltwo', 'genrr', 0.0004307243896113089, 0.009999999776482582, 2.42203426361084, '2024-08-03 08:01:16', 0, 999)
pval: [0.01] -- 54th test, time elapsed 2.42203426361084 -- emperical power so far (from test_start): 1.0
db insert success
(55, 40, 0.015, 2, 3000, 'elltwo', 'genrr', 0.0002945132081063756, 0.032999999821186066, 2.7168936729431152, '2024-08-03 08:01:28', 0, 999)
pval: [0.033] -- 55th test, time elapsed 2.7168936729431152 -- emperical power so far (from test_start): 1.0
db insert success
(56, 40, 0.015, 2, 3000, 'elltwo', 'genrr', 0.0006483355933458099, 0.0010000000474974513, 2.752824544906616, '2024-08-03 08:01:35', 0, 999)
pval: [0.001] -- 56th test, time elapsed 2.752824544906616 -- emperical power so far (from test_start): 1.0
db insert success
(57, 40, 0.015, 2, 3000, 'elltwo', 'genrr', 0.0006769562446740235, 0.0010000000474974513, 2.54447078704834, '2024-08-03 08:01:50', 0, 999)
pval: [0.001] -- 57th test, time elapsed 2.54447078704834 -- emperical power so far (from test_start): 1.0
db insert success
(58, 40, 0.015, 2, 3000, 'elltwo', 'genrr', 0.0005041304879403324, 0.004000000189989805, 4.128363370895386, '2024-08-03 08:02:01', 0, 999)
pval: [0.004] -- 58th test, time elapsed 4.128363370895386 -- emperical power so far (from test_start): 1.0
db insert success
(59, 40, 0.015, 2, 3000, 'elltwo', 'genrr', 0.0005107418028231156, 0.003000000026077032, 1.6709802150726318, '2024-08-03 08:02:20', 0, 999)
pval: [0.003] -- 59th test, time elapsed 1.6709802150726318 -- emperical power so far (from test_start): 1.0
db insert success
(60, 40, 0.015, 2, 3000, 'elltwo', 'genrr', 0.0007641875439960491, 0.0010000000474974513, 2.184124231338501, '2024-08-03 08:02:26', 0, 999)
pval: [0.001] -- 60th test, time elapsed 2.184124231338501 -- emperical power so far (from test_start): 1.0
db insert success
(61, 40, 0.015, 2, 3000, 'elltwo', 'genrr', 0.0003854041717608475, 0.00800000037997961, 2.2555956840515137, '2024-08-03 08:02:32', 0, 999)
pval: [0.008] -- 61th test, time elapsed 2.2555956840515137 -- emperical power so far (from test_start): 1.0
db insert success
(62, 40, 0.015, 2, 3000, 'elltwo', 'genrr', 0.00024246170945864398, 0.06400000303983688, 1.684173583984375, '2024-08-03 08:02:45', 0, 999)
pval: [0.064] -- 62th test, time elapsed 1.684173583984375 -- emperical power so far (from test_start): 0.9838709677419355
db insert success
(63, 40, 0.015, 2, 3000, 'elltwo', 'genrr', 0.0012143881293763953, 0.0010000000474974513, 1.5506818294525146, '2024-08-03 08:03:00', 0, 999)
pval: [0.001] -- 63th test, time elapsed 1.5506818294525146 -- emperical power so far (from test_start): 0.9841269841269841
db insert success
(64, 40, 0.015, 2, 3000, 'elltwo', 'genrr', 0.000503873809788391, 0.006000000052154064, 2.251769781112671, '2024-08-03 08:03:03', 0, 999)
pval: [0.006] -- 64th test, time elapsed 2.251769781112671 -- emperical power so far (from test_start): 0.984375
db insert success
(65, 40, 0.015, 2, 3000, 'elltwo', 'genrr', 0.0004789466118334876, 0.003000000026077032, 2.056806802749634, '2024-08-03 08:03:23', 0, 999)
pval: [0.003] -- 65th test, time elapsed 2.056806802749634 -- emperical power so far (from test_start): 0.9846153846153847
db insert success
(66, 40, 0.015, 2, 3000, 'elltwo', 'genrr', 0.0008605865658922879, 0.0010000000474974513, 2.2230358123779297, '2024-08-03 08:03:27', 0, 999)
pval: [0.001] -- 66th test, time elapsed 2.2230358123779297 -- emperical power so far (from test_start): 0.9848484848484849
db insert success
(67, 40, 0.015, 2, 3000, 'elltwo', 'genrr', 0.000302696306176041, 0.03200000151991844, 2.0061848163604736, '2024-08-03 08:03:41', 0, 999)
pval: [0.032] -- 67th test, time elapsed 2.0061848163604736 -- emperical power so far (from test_start): 0.9850746268656716
db insert success
(68, 40, 0.015, 2, 3000, 'elltwo', 'genrr', 0.0006525177281315117, 0.0010000000474974513, 1.7180018424987793, '2024-08-03 08:04:00', 0, 999)
pval: [0.001] -- 68th test, time elapsed 1.7180018424987793 -- emperical power so far (from test_start): 0.9852941176470589
db insert success
(69, 40, 0.015, 2, 3000, 'elltwo', 'genrr', 0.0012310733948352123, 0.0010000000474974513, 2.059947967529297, '2024-08-03 08:04:15', 0, 999)
pval: [0.001] -- 69th test, time elapsed 2.059947967529297 -- emperical power so far (from test_start): 0.9855072463768116
db insert success
(70, 40, 0.015, 2, 3000, 'elltwo', 'genrr', 0.0006565238783297692, 0.0010000000474974513, 1.8625481128692627, '2024-08-03 08:04:36', 0, 999)
pval: [0.001] -- 70th test, time elapsed 1.8625481128692627 -- emperical power so far (from test_start): 0.9857142857142858
db insert success
(71, 40, 0.015, 2, 3000, 'elltwo', 'genrr', 0.0006992530102626765, 0.0010000000474974513, 2.032484769821167, '2024-08-03 08:04:56', 0, 999)
pval: [0.001] -- 71th test, time elapsed 2.032484769821167 -- emperical power so far (from test_start): 0.9859154929577465
db insert success
(72, 40, 0.015, 2, 3000, 'elltwo', 'genrr', 0.0007687389129708427, 0.0010000000474974513, 2.0270228385925293, '2024-08-03 08:05:16', 0, 999)
pval: [0.001] -- 72th test, time elapsed 2.0270228385925293 -- emperical power so far (from test_start): 0.9861111111111112
db insert success
(73, 40, 0.015, 2, 3000, 'elltwo', 'genrr', 0.0008214799748063814, 0.0010000000474974513, 1.9342379570007324, '2024-08-03 08:05:31', 0, 999)
pval: [0.001] -- 73th test, time elapsed 1.9342379570007324 -- emperical power so far (from test_start): 0.9863013698630136
db insert success
(74, 40, 0.015, 2, 3000, 'elltwo', 'genrr', 0.0005600765440331307, 0.0020000000949949026, 1.960106611251831, '2024-08-03 08:05:45', 0, 999)
pval: [0.002] -- 74th test, time elapsed 1.960106611251831 -- emperical power so far (from test_start): 0.9864864864864865
db insert success
(75, 40, 0.015, 2, 3000, 'elltwo', 'genrr', 0.00032337090141149744, 0.02500000037252903, 2.2923030853271484, '2024-08-03 08:05:50', 0, 999)
pval: [0.025] -- 75th test, time elapsed 2.2923030853271484 -- emperical power so far (from test_start): 0.9866666666666667
db insert success
(76, 40, 0.015, 2, 3000, 'elltwo', 'genrr', 0.0009986582194064161, 0.0010000000474974513, 2.0805273056030273, '2024-08-03 08:06:00', 0, 999)
pval: [0.001] -- 76th test, time elapsed 2.0805273056030273 -- emperical power so far (from test_start): 0.9868421052631579
db insert success
(77, 40, 0.015, 2, 3000, 'elltwo', 'genrr', 0.0012495273239227223, 0.0010000000474974513, 2.1177759170532227, '2024-08-03 08:06:15', 0, 999)
pval: [0.001] -- 77th test, time elapsed 2.1177759170532227 -- emperical power so far (from test_start): 0.987012987012987
db insert success
(78, 40, 0.015, 2, 3000, 'elltwo', 'genrr', 0.0006489678781815417, 0.0010000000474974513, 1.9518368244171143, '2024-08-03 08:06:24', 0, 999)
pval: [0.001] -- 78th test, time elapsed 1.9518368244171143 -- emperical power so far (from test_start): 0.9871794871794872
db insert success
(79, 40, 0.015, 2, 3000, 'elltwo', 'genrr', 0.0006340882516393878, 0.0010000000474974513, 1.912238359451294, '2024-08-03 08:06:40', 0, 999)
pval: [0.001] -- 79th test, time elapsed 1.912238359451294 -- emperical power so far (from test_start): 0.9873417721518988
db insert success
(80, 40, 0.015, 2, 3000, 'elltwo', 'genrr', 0.0004300898077135573, 0.00800000037997961, 2.1158719062805176, '2024-08-03 08:06:56', 0, 999)
pval: [0.008] -- 80th test, time elapsed 2.1158719062805176 -- emperical power so far (from test_start): 0.9875
db insert success
(81, 40, 0.015, 2, 3000, 'elltwo', 'genrr', 0.0008383784965357924, 0.0010000000474974513, 1.9646704196929932, '2024-08-03 08:07:11', 0, 999)
pval: [0.001] -- 81th test, time elapsed 1.9646704196929932 -- emperical power so far (from test_start): 0.9876543209876543
db insert success
(82, 40, 0.015, 2, 3000, 'elltwo', 'genrr', 0.0006767455077617557, 0.0010000000474974513, 2.1577227115631104, '2024-08-03 08:07:32', 0, 999)
pval: [0.001] -- 82th test, time elapsed 2.1577227115631104 -- emperical power so far (from test_start): 0.9878048780487805
db insert success
(83, 40, 0.015, 2, 3000, 'elltwo', 'genrr', 0.0005823241821347469, 0.0010000000474974513, 2.1196792125701904, '2024-08-03 08:07:43', 0, 999)
pval: [0.001] -- 83th test, time elapsed 2.1196792125701904 -- emperical power so far (from test_start): 0.9879518072289156
db insert success
(84, 40, 0.015, 2, 3000, 'elltwo', 'genrr', 0.0006192330776924881, 0.0010000000474974513, 2.0044989585876465, '2024-08-03 08:07:55', 0, 999)
pval: [0.001] -- 84th test, time elapsed 2.0044989585876465 -- emperical power so far (from test_start): 0.9880952380952381
db insert success
(85, 40, 0.015, 2, 3000, 'elltwo', 'genrr', 0.0005263126968247309, 0.003000000026077032, 2.360761880874634, '2024-08-03 08:07:58', 0, 999)
pval: [0.003] -- 85th test, time elapsed 2.360761880874634 -- emperical power so far (from test_start): 0.9882352941176471
db insert success
(86, 40, 0.015, 2, 3000, 'elltwo', 'genrr', 0.0005651662405986857, 0.0020000000949949026, 30.87479591369629, '2024-08-03 08:08:12', 0, 999)
pval: [0.002] -- 86th test, time elapsed 30.87479591369629 -- emperical power so far (from test_start): 0.9883720930232558
db insert success
(87, 40, 0.015, 2, 3000, 'elltwo', 'genrr', 0.000639879663591518, 0.0010000000474974513, 27.102534770965576, '2024-08-03 08:09:03', 0, 999)
pval: [0.001] -- 87th test, time elapsed 27.102534770965576 -- emperical power so far (from test_start): 0.9885057471264368
db insert success
(88, 40, 0.015, 2, 3000, 'elltwo', 'genrr', 0.0005491815049459697, 0.0020000000949949026, 1.442133903503418, '2024-08-03 08:09:39', 0, 999)
pval: [0.002] -- 88th test, time elapsed 1.442133903503418 -- emperical power so far (from test_start): 0.9886363636363636
db insert success
(89, 40, 0.015, 2, 3000, 'elltwo', 'genrr', 0.0007841029231965418, 0.0010000000474974513, 1.4426958560943604, '2024-08-03 08:09:58', 0, 999)
pval: [0.001] -- 89th test, time elapsed 1.4426958560943604 -- emperical power so far (from test_start): 0.9887640449438202
db insert success
(90, 40, 0.015, 2, 3000, 'elltwo', 'genrr', 0.0004829543922047416, 0.004000000189989805, 1.4683542251586914, '2024-08-03 08:10:12', 0, 999)
pval: [0.004] -- 90th test, time elapsed 1.4683542251586914 -- emperical power so far (from test_start): 0.9888888888888889
db insert success
(91, 40, 0.015, 2, 3000, 'elltwo', 'genrr', 0.00042495157645137255, 0.004999999888241291, 1.4389925003051758, '2024-08-03 08:10:27', 0, 999)
pval: [0.005] -- 91th test, time elapsed 1.4389925003051758 -- emperical power so far (from test_start): 0.989010989010989
db insert success
(92, 40, 0.015, 2, 3000, 'elltwo', 'genrr', 0.000699884257715451, 0.0020000000949949026, 1.4460499286651611, '2024-08-03 08:10:34', 0, 999)
pval: [0.002] -- 92th test, time elapsed 1.4460499286651611 -- emperical power so far (from test_start): 0.9891304347826086
db insert success
(93, 40, 0.015, 2, 3000, 'elltwo', 'genrr', 0.0007372210736911397, 0.0010000000474974513, 1.450594425201416, '2024-08-03 08:10:41', 0, 999)
pval: [0.001] -- 93th test, time elapsed 1.450594425201416 -- emperical power so far (from test_start): 0.989247311827957
db insert success
(94, 40, 0.015, 2, 3000, 'elltwo', 'genrr', 0.0006938950020375992, 0.0010000000474974513, 1.4646499156951904, '2024-08-03 08:10:56', 0, 999)
pval: [0.001] -- 94th test, time elapsed 1.4646499156951904 -- emperical power so far (from test_start): 0.9893617021276596
db insert success
(95, 40, 0.015, 2, 3000, 'elltwo', 'genrr', 0.0009674879774738965, 0.0010000000474974513, 1.503039836883545, '2024-08-03 08:11:06', 0, 999)
pval: [0.001] -- 95th test, time elapsed 1.503039836883545 -- emperical power so far (from test_start): 0.9894736842105263
db insert success
(96, 40, 0.015, 2, 3000, 'elltwo', 'genrr', 0.0007085564817901902, 0.0010000000474974513, 1.4643442630767822, '2024-08-03 08:11:15', 0, 999)
pval: [0.001] -- 96th test, time elapsed 1.4643442630767822 -- emperical power so far (from test_start): 0.9895833333333334
db insert success
(97, 40, 0.015, 2, 3000, 'elltwo', 'genrr', 0.000584083879811674, 0.0010000000474974513, 1.4040815830230713, '2024-08-03 08:11:23', 0, 999)
pval: [0.001] -- 97th test, time elapsed 1.4040815830230713 -- emperical power so far (from test_start): 0.9896907216494846
db insert success
(98, 40, 0.015, 2, 3000, 'elltwo', 'genrr', 0.00044921803564135915, 0.004999999888241291, 1.418907880783081, '2024-08-03 08:11:29', 0, 999)
pval: [0.005] -- 98th test, time elapsed 1.418907880783081 -- emperical power so far (from test_start): 0.9897959183673469
db insert success
(99, 40, 0.015, 2, 3000, 'elltwo', 'genrr', 0.0009801968063427938, 0.0010000000474974513, 1.4283032417297363, '2024-08-03 08:11:49', 0, 999)
pval: [0.001] -- 99th test, time elapsed 1.4283032417297363 -- emperical power so far (from test_start): 0.98989898989899
db insert success
(100, 40, 0.015, 2, 3000, 'elltwo', 'genrr', 0.0008199246415471553, 0.0010000000474974513, 1.4214601516723633, '2024-08-03 08:12:01', 0, 999)
pval: [0.001] -- 100th test, time elapsed 1.4214601516723633 -- emperical power so far (from test_start): 0.99
db insert success
(101, 40, 0.015, 2, 3000, 'elltwo', 'genrr', 0.0006452403393723272, 0.0010000000474974513, 1.4171340465545654, '2024-08-03 08:12:11', 0, 999)
pval: [0.001] -- 101th test, time elapsed 1.4171340465545654 -- emperical power so far (from test_start): 0.9900990099009901
db insert success
(102, 40, 0.015, 2, 3000, 'elltwo', 'genrr', 0.001275783261086974, 0.0010000000474974513, 1.4239239692687988, '2024-08-03 08:12:32', 0, 999)
pval: [0.001] -- 102th test, time elapsed 1.4239239692687988 -- emperical power so far (from test_start): 0.9901960784313726
db insert success
(103, 40, 0.015, 2, 3000, 'elltwo', 'genrr', 0.00014158838131217433, 0.16500000655651093, 1.4113926887512207, '2024-08-03 08:12:36', 0, 999)
pval: [0.16500001] -- 103th test, time elapsed 1.4113926887512207 -- emperical power so far (from test_start): 0.9805825242718447
db insert success
(104, 40, 0.015, 2, 3000, 'elltwo', 'genrr', 0.0004794335148752063, 0.007000000216066837, 1.4190268516540527, '2024-08-03 08:12:56', 0, 999)
pval: [0.007] -- 104th test, time elapsed 1.4190268516540527 -- emperical power so far (from test_start): 0.9807692307692307
db insert success
(105, 40, 0.015, 2, 3000, 'elltwo', 'genrr', 0.000621397058278593, 0.0010000000474974513, 1.4513561725616455, '2024-08-03 08:13:17', 0, 999)
pval: [0.001] -- 105th test, time elapsed 1.4513561725616455 -- emperical power so far (from test_start): 0.9809523809523809
db insert success
(106, 40, 0.015, 2, 3000, 'elltwo', 'genrr', 0.00041743366307282065, 0.013000000268220901, 1.4428462982177734, '2024-08-03 08:13:28', 0, 999)
pval: [0.013] -- 106th test, time elapsed 1.4428462982177734 -- emperical power so far (from test_start): 0.9811320754716981
db insert success
(107, 40, 0.015, 2, 3000, 'elltwo', 'genrr', 0.0009696697417657316, 0.0010000000474974513, 1.4405267238616943, '2024-08-03 08:13:50', 0, 999)
pval: [0.001] -- 107th test, time elapsed 1.4405267238616943 -- emperical power so far (from test_start): 0.9813084112149533
db insert success
(108, 40, 0.015, 2, 3000, 'elltwo', 'genrr', 0.0003195877885220008, 0.02800000086426735, 1.446516752243042, '2024-08-03 08:14:11', 0, 999)
pval: [0.028] -- 108th test, time elapsed 1.446516752243042 -- emperical power so far (from test_start): 0.9814814814814815
db insert success
(109, 40, 0.015, 2, 3000, 'elltwo', 'genrr', 0.0006258391315622641, 0.0010000000474974513, 1.4575695991516113, '2024-08-03 08:14:32', 0, 999)
pval: [0.001] -- 109th test, time elapsed 1.4575695991516113 -- emperical power so far (from test_start): 0.981651376146789
db insert success
(110, 40, 0.015, 2, 3000, 'elltwo', 'genrr', 0.0008072721277461933, 0.0010000000474974513, 1.453620433807373, '2024-08-03 08:14:37', 0, 999)
pval: [0.001] -- 110th test, time elapsed 1.453620433807373 -- emperical power so far (from test_start): 0.9818181818181818
db insert success
(111, 40, 0.015, 2, 3000, 'elltwo', 'genrr', 0.0005518486162052541, 0.0010000000474974513, 1.4464373588562012, '2024-08-03 08:14:44', 0, 999)
pval: [0.001] -- 111th test, time elapsed 1.4464373588562012 -- emperical power so far (from test_start): 0.9819819819819819
db insert success
(112, 40, 0.015, 2, 3000, 'elltwo', 'genrr', 0.0010346266533288184, 0.0010000000474974513, 1.5183367729187012, '2024-08-03 08:14:47', 0, 999)
pval: [0.001] -- 112th test, time elapsed 1.5183367729187012 -- emperical power so far (from test_start): 0.9821428571428571
db insert success
(113, 40, 0.015, 2, 3000, 'elltwo', 'genrr', 0.0009997282056981097, 0.0010000000474974513, 1.4925334453582764, '2024-08-03 08:15:05', 0, 999)
pval: [0.001] -- 113th test, time elapsed 1.4925334453582764 -- emperical power so far (from test_start): 0.9823008849557522
db insert success
(114, 40, 0.015, 2, 3000, 'elltwo', 'genrr', 0.000384727279463426, 0.007000000216066837, 1.4923138618469238, '2024-08-03 08:15:19', 0, 999)
pval: [0.007] -- 114th test, time elapsed 1.4923138618469238 -- emperical power so far (from test_start): 0.9824561403508771
db insert success
(115, 40, 0.015, 2, 3000, 'elltwo', 'genrr', 0.0010080935867510174, 0.0010000000474974513, 1.4650185108184814, '2024-08-03 08:15:39', 0, 999)
pval: [0.001] -- 115th test, time elapsed 1.4650185108184814 -- emperical power so far (from test_start): 0.9826086956521739
db insert success
(116, 40, 0.015, 2, 3000, 'elltwo', 'genrr', 0.0007314744914970611, 0.0010000000474974513, 1.451599359512329, '2024-08-03 08:15:44', 0, 999)
pval: [0.001] -- 116th test, time elapsed 1.451599359512329 -- emperical power so far (from test_start): 0.9827586206896551
db insert success
(117, 40, 0.015, 2, 3000, 'elltwo', 'genrr', 0.0005718321662775347, 0.0020000000949949026, 1.4441323280334473, '2024-08-03 08:15:55', 0, 999)
pval: [0.002] -- 117th test, time elapsed 1.4441323280334473 -- emperical power so far (from test_start): 0.9829059829059829
db insert success
(118, 40, 0.015, 2, 3000, 'elltwo', 'genrr', 0.00065365959023371, 0.0010000000474974513, 1.4765264987945557, '2024-08-03 08:16:04', 0, 999)
pval: [0.001] -- 118th test, time elapsed 1.4765264987945557 -- emperical power so far (from test_start): 0.9830508474576272
db insert success
(119, 40, 0.015, 2, 3000, 'elltwo', 'genrr', 0.0011681749472045658, 0.0010000000474974513, 1.438802719116211, '2024-08-03 08:16:18', 0, 999)
pval: [0.001] -- 119th test, time elapsed 1.438802719116211 -- emperical power so far (from test_start): 0.9831932773109243
db insert success
(120, 40, 0.015, 2, 3000, 'elltwo', 'genrr', 0.0008205490719127573, 0.0010000000474974513, 1.4460923671722412, '2024-08-03 08:16:32', 0, 999)
pval: [0.001] -- 120th test, time elapsed 1.4460923671722412 -- emperical power so far (from test_start): 0.9833333333333333
db insert success
(121, 40, 0.015, 2, 3000, 'elltwo', 'genrr', 0.0008372443407060406, 0.0010000000474974513, 1.44468092918396, '2024-08-03 08:16:37', 0, 999)
pval: [0.001] -- 121th test, time elapsed 1.44468092918396 -- emperical power so far (from test_start): 0.9834710743801653
db insert success
(122, 40, 0.015, 2, 3000, 'elltwo', 'genrr', 0.0006347493608979474, 0.0010000000474974513, 1.5963084697723389, '2024-08-03 08:16:41', 0, 999)
pval: [0.001] -- 122th test, time elapsed 1.5963084697723389 -- emperical power so far (from test_start): 0.9836065573770492
db insert success
(123, 40, 0.015, 2, 3000, 'elltwo', 'genrr', 0.0010108513949093484, 0.0010000000474974513, 1.4846248626708984, '2024-08-03 08:16:55', 0, 999)
pval: [0.001] -- 123th test, time elapsed 1.4846248626708984 -- emperical power so far (from test_start): 0.983739837398374
db insert success
(124, 40, 0.015, 2, 3000, 'elltwo', 'genrr', 0.0002785012041049556, 0.041999999433755875, 1.5163075923919678, '2024-08-03 08:17:02', 0, 999)
pval: [0.042] -- 124th test, time elapsed 1.5163075923919678 -- emperical power so far (from test_start): 0.9838709677419355
db insert success
(125, 40, 0.015, 2, 3000, 'elltwo', 'genrr', 0.00034337779259747264, 0.013000000268220901, 1.460472583770752, '2024-08-03 08:17:17', 0, 999)
pval: [0.013] -- 125th test, time elapsed 1.460472583770752 -- emperical power so far (from test_start): 0.984
db insert success
(126, 40, 0.015, 2, 3000, 'elltwo', 'genrr', 0.0005230110777665192, 0.0020000000949949026, 1.426372766494751, '2024-08-03 08:17:23', 0, 999)
pval: [0.002] -- 126th test, time elapsed 1.426372766494751 -- emperical power so far (from test_start): 0.9841269841269841
db insert success
(127, 40, 0.015, 2, 3000, 'elltwo', 'genrr', 0.0006241313771256432, 0.0010000000474974513, 1.4492096900939941, '2024-08-03 08:17:32', 0, 999)
pval: [0.001] -- 127th test, time elapsed 1.4492096900939941 -- emperical power so far (from test_start): 0.984251968503937
db insert success
(128, 40, 0.015, 2, 3000, 'elltwo', 'genrr', 0.0009635171723907238, 0.0010000000474974513, 1.439812183380127, '2024-08-03 08:17:51', 0, 999)
pval: [0.001] -- 128th test, time elapsed 1.439812183380127 -- emperical power so far (from test_start): 0.984375
db insert success
(129, 40, 0.015, 2, 3000, 'elltwo', 'genrr', 0.0004403367789262286, 0.004000000189989805, 1.4461617469787598, '2024-08-03 08:18:02', 0, 999)
pval: [0.004] -- 129th test, time elapsed 1.4461617469787598 -- emperical power so far (from test_start): 0.9844961240310077
db insert success
(130, 40, 0.015, 2, 3000, 'elltwo', 'genrr', 0.0010674889407579213, 0.0010000000474974513, 1.4631125926971436, '2024-08-03 08:18:22', 0, 999)
pval: [0.001] -- 130th test, time elapsed 1.4631125926971436 -- emperical power so far (from test_start): 0.9846153846153847
db insert success
(131, 40, 0.015, 2, 3000, 'elltwo', 'genrr', 0.0005347545478121551, 0.0010000000474974513, 1.4405591487884521, '2024-08-03 08:18:41', 0, 999)
pval: [0.001] -- 131th test, time elapsed 1.4405591487884521 -- emperical power so far (from test_start): 0.9847328244274809
db insert success
(132, 40, 0.015, 2, 3000, 'elltwo', 'genrr', 0.000960174576710604, 0.0010000000474974513, 1.437065839767456, '2024-08-03 08:18:46', 0, 999)
pval: [0.001] -- 132th test, time elapsed 1.437065839767456 -- emperical power so far (from test_start): 0.9848484848484849
db insert success
(133, 40, 0.015, 2, 3000, 'elltwo', 'genrr', 0.0005483060279351734, 0.0010000000474974513, 1.455263376235962, '2024-08-03 08:18:53', 0, 999)
pval: [0.001] -- 133th test, time elapsed 1.455263376235962 -- emperical power so far (from test_start): 0.9849624060150376
db insert success
(134, 40, 0.015, 2, 3000, 'elltwo', 'genrr', 0.0006611887666257976, 0.0010000000474974513, 1.4951775074005127, '2024-08-03 08:19:10', 0, 999)
pval: [0.001] -- 134th test, time elapsed 1.4951775074005127 -- emperical power so far (from test_start): 0.9850746268656716
db insert success
(135, 40, 0.015, 2, 3000, 'elltwo', 'genrr', 0.0007732666444369499, 0.0020000000949949026, 1.436633586883545, '2024-08-03 08:19:15', 0, 999)
pval: [0.002] -- 135th test, time elapsed 1.436633586883545 -- emperical power so far (from test_start): 0.9851851851851852
db insert success
(136, 40, 0.015, 2, 3000, 'elltwo', 'genrr', 0.0005509670630950286, 0.003000000026077032, 1.449582576751709, '2024-08-03 08:19:22', 0, 999)
pval: [0.003] -- 136th test, time elapsed 1.449582576751709 -- emperical power so far (from test_start): 0.9852941176470589
db insert success
(137, 40, 0.015, 2, 3000, 'elltwo', 'genrr', 0.00042695194694519073, 0.00800000037997961, 1.4597222805023193, '2024-08-03 08:19:34', 0, 999)
pval: [0.008] -- 137th test, time elapsed 1.4597222805023193 -- emperical power so far (from test_start): 0.9854014598540146
db insert success
(138, 40, 0.015, 2, 3000, 'elltwo', 'genrr', 0.0005286110184875917, 0.003000000026077032, 1.4425959587097168, '2024-08-03 08:19:52', 0, 999)
pval: [0.003] -- 138th test, time elapsed 1.4425959587097168 -- emperical power so far (from test_start): 0.9855072463768116
db insert success
(139, 40, 0.015, 2, 3000, 'elltwo', 'genrr', 0.00082457159794002, 0.0010000000474974513, 1.4682998657226562, '2024-08-03 08:20:02', 0, 999)
pval: [0.001] -- 139th test, time elapsed 1.4682998657226562 -- emperical power so far (from test_start): 0.9856115107913669
db insert success
(140, 40, 0.015, 2, 3000, 'elltwo', 'genrr', 0.0008028131599420937, 0.0010000000474974513, 7.891838073730469, '2024-08-03 08:20:14', 0, 999)
pval: [0.001] -- 140th test, time elapsed 7.891838073730469 -- emperical power so far (from test_start): 0.9857142857142858
db insert success
(141, 40, 0.015, 2, 3000, 'elltwo', 'genrr', 0.0009836954540401802, 0.0010000000474974513, 1.6510140895843506, '2024-08-03 08:20:31', 0, 999)
pval: [0.001] -- 141th test, time elapsed 1.6510140895843506 -- emperical power so far (from test_start): 0.9858156028368794
db insert success
(142, 40, 0.015, 2, 3000, 'elltwo', 'genrr', 0.0006454077285019608, 0.0010000000474974513, 1.7253775596618652, '2024-08-03 08:20:35', 0, 999)
pval: [0.001] -- 142th test, time elapsed 1.7253775596618652 -- emperical power so far (from test_start): 0.9859154929577465
db insert success
(143, 40, 0.015, 2, 3000, 'elltwo', 'genrr', 0.0007407878922602792, 0.0010000000474974513, 1.6310148239135742, '2024-08-03 08:20:54', 0, 999)
pval: [0.001] -- 143th test, time elapsed 1.6310148239135742 -- emperical power so far (from test_start): 0.986013986013986
db insert success
(144, 40, 0.015, 2, 3000, 'elltwo', 'genrr', 8.691097032333117e-05, 0.28600001335144043, 1.7208027839660645, '2024-08-03 08:21:07', 0, 999)
pval: [0.28600001] -- 144th test, time elapsed 1.7208027839660645 -- emperical power so far (from test_start): 0.9791666666666666
db insert success
(145, 40, 0.015, 2, 3000, 'elltwo', 'genrr', 0.00020582031047373245, 0.10199999809265137, 1.694167137145996, '2024-08-03 08:21:28', 0, 999)
pval: [0.102] -- 145th test, time elapsed 1.694167137145996 -- emperical power so far (from test_start): 0.9724137931034482
db insert success
(146, 40, 0.015, 2, 3000, 'elltwo', 'genrr', 0.0010103737542142693, 0.0010000000474974513, 1.7903845310211182, '2024-08-03 08:21:30', 0, 999)
pval: [0.001] -- 146th test, time elapsed 1.7903845310211182 -- emperical power so far (from test_start): 0.9726027397260274
db insert success
(147, 40, 0.015, 2, 3000, 'elltwo', 'genrr', 0.00047496350635389817, 0.0020000000949949026, 1.6728429794311523, '2024-08-03 08:21:48', 0, 999)
pval: [0.002] -- 147th test, time elapsed 1.6728429794311523 -- emperical power so far (from test_start): 0.9727891156462585
db insert success
(148, 40, 0.015, 2, 3000, 'elltwo', 'genrr', 0.0002971162239263844, 0.04800000041723251, 1.7025208473205566, '2024-08-03 08:22:06', 0, 999)
pval: [0.048] -- 148th test, time elapsed 1.7025208473205566 -- emperical power so far (from test_start): 0.972972972972973
db insert success
(149, 40, 0.015, 2, 3000, 'elltwo', 'genrr', 0.0006856649994442243, 0.0010000000474974513, 1.6185548305511475, '2024-08-03 08:22:19', 0, 999)
pval: [0.001] -- 149th test, time elapsed 1.6185548305511475 -- emperical power so far (from test_start): 0.9731543624161074
db insert success
(150, 40, 0.015, 2, 3000, 'elltwo', 'genrr', 0.0010248542847615394, 0.0010000000474974513, 1.6510660648345947, '2024-08-03 08:22:35', 0, 999)
pval: [0.001] -- 150th test, time elapsed 1.6510660648345947 -- emperical power so far (from test_start): 0.9733333333333334
db insert success
(151, 40, 0.015, 2, 3000, 'elltwo', 'genrr', 0.0006745730799154817, 0.0010000000474974513, 1.768033504486084, '2024-08-03 08:22:40', 0, 999)
pval: [0.001] -- 151th test, time elapsed 1.768033504486084 -- emperical power so far (from test_start): 0.9735099337748344
db insert success
(152, 40, 0.015, 2, 3000, 'elltwo', 'genrr', 0.00037761387129033736, 0.010999999940395355, 42.54835486412048, '2024-08-03 08:22:59', 0, 999)
pval: [0.011] -- 152th test, time elapsed 42.54835486412048 -- emperical power so far (from test_start): 0.9736842105263158
db insert success
(153, 40, 0.015, 2, 3000, 'elltwo', 'genrr', 0.0005454475195434405, 0.0020000000949949026, 1.5266880989074707, '2024-08-03 08:23:43', 0, 999)
pval: [0.002] -- 153th test, time elapsed 1.5266880989074707 -- emperical power so far (from test_start): 0.9738562091503268
db insert success
(154, 40, 0.015, 2, 3000, 'elltwo', 'genrr', 0.0006445180245265927, 0.0010000000474974513, 1.5404624938964844, '2024-08-03 08:23:59', 0, 999)
pval: [0.001] -- 154th test, time elapsed 1.5404624938964844 -- emperical power so far (from test_start): 0.974025974025974
db insert success
(155, 40, 0.015, 2, 3000, 'elltwo', 'genrr', 0.00041783802008062143, 0.013000000268220901, 1.5027236938476562, '2024-08-03 08:24:16', 0, 999)
pval: [0.013] -- 155th test, time elapsed 1.5027236938476562 -- emperical power so far (from test_start): 0.9741935483870968
db insert success
(156, 40, 0.015, 2, 3000, 'elltwo', 'genrr', 0.0007365992367825563, 0.0010000000474974513, 1.8237659931182861, '2024-08-03 08:24:30', 0, 999)
pval: [0.001] -- 156th test, time elapsed 1.8237659931182861 -- emperical power so far (from test_start): 0.9743589743589743
db insert success
(157, 40, 0.015, 2, 3000, 'elltwo', 'genrr', 0.0006774216590714754, 0.0010000000474974513, 2.182650566101074, '2024-08-03 08:24:36', 0, 999)
pval: [0.001] -- 157th test, time elapsed 2.182650566101074 -- emperical power so far (from test_start): 0.9745222929936306
db insert success
(158, 40, 0.015, 2, 3000, 'elltwo', 'genrr', 0.0006716733726056384, 0.0010000000474974513, 2.3786308765411377, '2024-08-03 08:24:54', 0, 999)
pval: [0.001] -- 158th test, time elapsed 2.3786308765411377 -- emperical power so far (from test_start): 0.9746835443037974
db insert success
(159, 40, 0.015, 2, 3000, 'elltwo', 'genrr', 0.0005223347041605278, 0.0020000000949949026, 1.5253264904022217, '2024-08-03 08:25:14', 0, 999)
pval: [0.002] -- 159th test, time elapsed 1.5253264904022217 -- emperical power so far (from test_start): 0.9748427672955975
db insert success
(160, 40, 0.015, 2, 3000, 'elltwo', 'genrr', 0.0007141492349300727, 0.0010000000474974513, 2.0196259021759033, '2024-08-03 08:25:24', 0, 999)
pval: [0.001] -- 160th test, time elapsed 2.0196259021759033 -- emperical power so far (from test_start): 0.975
db insert success
(161, 40, 0.015, 2, 3000, 'elltwo', 'genrr', 0.0010010365677447092, 0.0010000000474974513, 2.5462613105773926, '2024-08-03 08:25:43', 0, 999)
pval: [0.001] -- 161th test, time elapsed 2.5462613105773926 -- emperical power so far (from test_start): 0.9751552795031055
db insert success
(162, 40, 0.015, 2, 3000, 'elltwo', 'genrr', 0.0010306047200918586, 0.0010000000474974513, 2.630645990371704, '2024-08-03 08:25:47', 0, 999)
pval: [0.001] -- 162th test, time elapsed 2.630645990371704 -- emperical power so far (from test_start): 0.9753086419753086
db insert success
(163, 40, 0.015, 2, 3000, 'elltwo', 'genrr', 0.00014599577636977695, 0.15700000524520874, 2.3649542331695557, '2024-08-03 08:26:08', 0, 999)
pval: [0.15700001] -- 163th test, time elapsed 2.3649542331695557 -- emperical power so far (from test_start): 0.9693251533742331
db insert success
(164, 40, 0.015, 2, 3000, 'elltwo', 'genrr', 0.0004075885295097628, 0.00800000037997961, 2.3611958026885986, '2024-08-03 08:26:25', 0, 999)
pval: [0.008] -- 164th test, time elapsed 2.3611958026885986 -- emperical power so far (from test_start): 0.9695121951219512
db insert success
(165, 40, 0.015, 2, 3000, 'elltwo', 'genrr', 0.0003140417176094798, 0.028999999165534973, 2.5410311222076416, '2024-08-03 08:26:40', 0, 999)
pval: [0.029] -- 165th test, time elapsed 2.5410311222076416 -- emperical power so far (from test_start): 0.9696969696969697
db insert success
(166, 40, 0.015, 2, 3000, 'elltwo', 'genrr', 0.00043584424437769637, 0.00800000037997961, 2.337704658508301, '2024-08-03 08:26:52', 0, 999)
pval: [0.008] -- 166th test, time elapsed 2.337704658508301 -- emperical power so far (from test_start): 0.9698795180722891
db insert success
(167, 40, 0.015, 2, 3000, 'elltwo', 'genrr', 0.0007866012374494608, 0.0010000000474974513, 2.374462842941284, '2024-08-03 08:27:14', 0, 999)
pval: [0.001] -- 167th test, time elapsed 2.374462842941284 -- emperical power so far (from test_start): 0.9700598802395209
db insert success
(168, 40, 0.015, 2, 3000, 'elltwo', 'genrr', 0.0006339055240634703, 0.0020000000949949026, 2.3507347106933594, '2024-08-03 08:27:27', 0, 999)
pval: [0.002] -- 168th test, time elapsed 2.3507347106933594 -- emperical power so far (from test_start): 0.9702380952380952
db insert success
(169, 40, 0.015, 2, 3000, 'elltwo', 'genrr', 0.0007710145604089141, 0.0010000000474974513, 1.9029574394226074, '2024-08-03 08:27:35', 0, 999)
pval: [0.001] -- 169th test, time elapsed 1.9029574394226074 -- emperical power so far (from test_start): 0.9704142011834319
db insert success
(170, 40, 0.015, 2, 3000, 'elltwo', 'genrr', 0.0004547187581044332, 0.004000000189989805, 1.5983211994171143, '2024-08-03 08:27:42', 0, 999)
pval: [0.004] -- 170th test, time elapsed 1.5983211994171143 -- emperical power so far (from test_start): 0.9705882352941176
db insert success
(171, 40, 0.015, 2, 3000, 'elltwo', 'genrr', 0.000395647141639692, 0.010999999940395355, 2.371671199798584, '2024-08-03 08:27:59', 0, 999)
pval: [0.011] -- 171th test, time elapsed 2.371671199798584 -- emperical power so far (from test_start): 0.9707602339181286
db insert success
(172, 40, 0.015, 2, 3000, 'elltwo', 'genrr', 0.0006992222592714856, 0.0010000000474974513, 2.2753236293792725, '2024-08-03 08:28:18', 0, 999)
pval: [0.001] -- 172th test, time elapsed 2.2753236293792725 -- emperical power so far (from test_start): 0.9709302325581395
db insert success
(173, 40, 0.015, 2, 3000, 'elltwo', 'genrr', 0.0010201522729798296, 0.0010000000474974513, 2.440595865249634, '2024-08-03 08:28:39', 0, 999)
pval: [0.001] -- 173th test, time elapsed 2.440595865249634 -- emperical power so far (from test_start): 0.9710982658959537
db insert success
(174, 40, 0.015, 2, 3000, 'elltwo', 'genrr', 0.0005845678189025302, 0.0010000000474974513, 2.362457036972046, '2024-08-03 08:29:01', 0, 999)
pval: [0.001] -- 174th test, time elapsed 2.362457036972046 -- emperical power so far (from test_start): 0.9712643678160919
db insert success
(175, 40, 0.015, 2, 3000, 'elltwo', 'genrr', 0.0007132407098661697, 0.0010000000474974513, 2.222921371459961, '2024-08-03 08:29:20', 0, 999)
pval: [0.001] -- 175th test, time elapsed 2.222921371459961 -- emperical power so far (from test_start): 0.9714285714285714
db insert success
(176, 40, 0.015, 2, 3000, 'elltwo', 'genrr', 0.0006025478863323913, 0.0010000000474974513, 2.5680840015411377, '2024-08-03 08:29:40', 0, 999)
pval: [0.001] -- 176th test, time elapsed 2.5680840015411377 -- emperical power so far (from test_start): 0.9715909090909091
db insert success
(177, 40, 0.015, 2, 3000, 'elltwo', 'genrr', 0.0008932598273498071, 0.0010000000474974513, 2.6820311546325684, '2024-08-03 08:29:46', 0, 999)
pval: [0.001] -- 177th test, time elapsed 2.6820311546325684 -- emperical power so far (from test_start): 0.9717514124293786
db insert success
(178, 40, 0.015, 2, 3000, 'elltwo', 'genrr', 0.0004887767033454546, 0.003000000026077032, 2.150404930114746, '2024-08-03 08:30:00', 0, 999)
pval: [0.003] -- 178th test, time elapsed 2.150404930114746 -- emperical power so far (from test_start): 0.9719101123595506
db insert success
(179, 40, 0.015, 2, 3000, 'elltwo', 'genrr', 0.0005127335037604583, 0.0010000000474974513, 1.8843226432800293, '2024-08-03 08:30:17', 0, 999)
pval: [0.001] -- 179th test, time elapsed 1.8843226432800293 -- emperical power so far (from test_start): 0.9720670391061452
db insert success
(180, 40, 0.015, 2, 3000, 'elltwo', 'genrr', 0.0003118229780296536, 0.023000000044703484, 1.472055435180664, '2024-08-03 08:30:30', 0, 999)
pval: [0.023] -- 180th test, time elapsed 1.472055435180664 -- emperical power so far (from test_start): 0.9722222222222222
db insert success
(181, 40, 0.015, 2, 3000, 'elltwo', 'genrr', 0.0003629819569485257, 0.014999999664723873, 39.46372604370117, '2024-08-03 08:30:45', 0, 999)
pval: [0.015] -- 181th test, time elapsed 39.46372604370117 -- emperical power so far (from test_start): 0.9723756906077348
db insert success
(182, 40, 0.015, 2, 3000, 'elltwo', 'genrr', 0.0004754008373160229, 0.003000000026077032, 48.97488856315613, '2024-08-03 08:31:38', 0, 999)
pval: [0.003] -- 182th test, time elapsed 48.97488856315613 -- emperical power so far (from test_start): 0.9725274725274725
db insert success
(183, 40, 0.015, 2, 3000, 'elltwo', 'genrr', 0.0006692113667518124, 0.0010000000474974513, 2.39202880859375, '2024-08-03 08:32:32', 0, 999)
pval: [0.001] -- 183th test, time elapsed 2.39202880859375 -- emperical power so far (from test_start): 0.9726775956284153
db insert success
(184, 40, 0.015, 2, 3000, 'elltwo', 'genrr', 0.0010521732429327538, 0.0010000000474974513, 2.552056074142456, '2024-08-03 08:32:35', 0, 999)
pval: [0.001] -- 184th test, time elapsed 2.552056074142456 -- emperical power so far (from test_start): 0.9728260869565217
db insert success
(185, 40, 0.015, 2, 3000, 'elltwo', 'genrr', 0.0008188179022636244, 0.0010000000474974513, 2.269183874130249, '2024-08-03 08:32:51', 0, 999)
pval: [0.001] -- 185th test, time elapsed 2.269183874130249 -- emperical power so far (from test_start): 0.972972972972973
db insert success
(186, 40, 0.015, 2, 3000, 'elltwo', 'genrr', 0.00088572220369737, 0.0010000000474974513, 2.254490375518799, '2024-08-03 08:32:54', 0, 999)
pval: [0.001] -- 186th test, time elapsed 2.254490375518799 -- emperical power so far (from test_start): 0.9731182795698925
db insert success
(187, 40, 0.015, 2, 3000, 'elltwo', 'genrr', 0.00020113437812594587, 0.10499999672174454, 2.442467212677002, '2024-08-03 08:33:04', 0, 999)
pval: [0.105] -- 187th test, time elapsed 2.442467212677002 -- emperical power so far (from test_start): 0.9679144385026738
db insert success
(188, 40, 0.015, 2, 3000, 'elltwo', 'genrr', 0.0011685985698936044, 0.0010000000474974513, 2.4943039417266846, '2024-08-03 08:33:17', 0, 999)
pval: [0.001] -- 188th test, time elapsed 2.4943039417266846 -- emperical power so far (from test_start): 0.9680851063829787
db insert success
(189, 40, 0.015, 2, 3000, 'elltwo', 'genrr', 0.0005220961802081328, 0.0020000000949949026, 2.5176260471343994, '2024-08-03 08:33:28', 0, 999)
pval: [0.002] -- 189th test, time elapsed 2.5176260471343994 -- emperical power so far (from test_start): 0.9682539682539683
db insert success
(190, 40, 0.015, 2, 3000, 'elltwo', 'genrr', 0.00032540617242778763, 0.023000000044703484, 2.046243190765381, '2024-08-03 08:33:51', 0, 999)
pval: [0.023] -- 190th test, time elapsed 2.046243190765381 -- emperical power so far (from test_start): 0.968421052631579
db insert success
(191, 40, 0.015, 2, 3000, 'elltwo', 'genrr', 0.000677450557593183, 0.0010000000474974513, 2.5623204708099365, '2024-08-03 08:33:54', 0, 999)
pval: [0.001] -- 191th test, time elapsed 2.5623204708099365 -- emperical power so far (from test_start): 0.9685863874345549
db insert success
(192, 40, 0.015, 2, 3000, 'elltwo', 'genrr', 0.0005987239450186074, 0.0020000000949949026, 2.434649705886841, '2024-08-03 08:34:06', 0, 999)
pval: [0.002] -- 192th test, time elapsed 2.434649705886841 -- emperical power so far (from test_start): 0.96875
db insert success
(193, 40, 0.015, 2, 3000, 'elltwo', 'genrr', 0.0005600752102552092, 0.003000000026077032, 2.4236483573913574, '2024-08-03 08:34:15', 0, 999)
pval: [0.003] -- 193th test, time elapsed 2.4236483573913574 -- emperical power so far (from test_start): 0.9689119170984456
db insert success
(194, 40, 0.015, 2, 3000, 'elltwo', 'genrr', 0.0003433899447963032, 0.024000000208616257, 2.37094783782959, '2024-08-03 08:34:28', 0, 999)
pval: [0.024] -- 194th test, time elapsed 2.37094783782959 -- emperical power so far (from test_start): 0.9690721649484536
db insert success
(195, 40, 0.015, 2, 3000, 'elltwo', 'genrr', 0.0010281566448074111, 0.0010000000474974513, 2.5853159427642822, '2024-08-03 08:34:36', 0, 999)
pval: [0.001] -- 195th test, time elapsed 2.5853159427642822 -- emperical power so far (from test_start): 0.9692307692307692
db insert success
(196, 40, 0.015, 2, 3000, 'elltwo', 'genrr', 0.0004849605424029624, 0.004999999888241291, 2.339494228363037, '2024-08-03 08:34:56', 0, 999)
pval: [0.005] -- 196th test, time elapsed 2.339494228363037 -- emperical power so far (from test_start): 0.9693877551020408
db insert success
(197, 40, 0.015, 2, 3000, 'elltwo', 'genrr', 0.0006776596643325028, 0.0010000000474974513, 1.4863905906677246, '2024-08-03 08:35:11', 0, 999)
pval: [0.001] -- 197th test, time elapsed 1.4863905906677246 -- emperical power so far (from test_start): 0.9695431472081218
db insert success
(198, 40, 0.015, 2, 3000, 'elltwo', 'genrr', 0.00054541528657686, 0.0010000000474974513, 2.1299996376037598, '2024-08-03 08:35:22', 0, 999)
pval: [0.001] -- 198th test, time elapsed 2.1299996376037598 -- emperical power so far (from test_start): 0.9696969696969697
db insert success
(199, 40, 0.015, 2, 3000, 'elltwo', 'genrr', 0.0008099091549034348, 0.0010000000474974513, 2.711341619491577, '2024-08-03 08:35:26', 0, 999)
pval: [0.001] -- 199th test, time elapsed 2.711341619491577 -- emperical power so far (from test_start): 0.9698492462311558
db insert success
(200, 40, 0.015, 2, 3000, 'elltwo', 'genrr', 0.0008444205846392661, 0.0010000000474974513, 2.467144727706909, '2024-08-03 08:35:39', 0, 999)
pval: [0.001] -- 200th test, time elapsed 2.467144727706909 -- emperical power so far (from test_start): 0.97
db insert success
2782.6907608509064
