30
genrrelltwo, alpha=2, sample size=15000
#########################################
(1, 40, 0.015, 2, 15000, 'elltwo', 'genrr', 0.0006254246887570716, 0.0010000000474974513, 12.750999212265015, '2024-08-03 08:19:28', 0, 999)
pval: [0.001] -- 1th test, time elapsed 12.750999212265015 -- emperical power so far (from test_start): 1.0
db insert success
(2, 40, 0.015, 2, 15000, 'elltwo', 'genrr', 0.0005337235685342404, 0.0010000000474974513, 4.233147144317627, '2024-08-03 08:20:00', 0, 999)
pval: [0.001] -- 2th test, time elapsed 4.233147144317627 -- emperical power so far (from test_start): 1.0
db insert success
(3, 40, 0.015, 2, 15000, 'elltwo', 'genrr', 0.0007098013408302212, 0.0010000000474974513, 4.149324417114258, '2024-08-03 08:20:20', 0, 999)
pval: [0.001] -- 3th test, time elapsed 4.149324417114258 -- emperical power so far (from test_start): 1.0
db insert success
(4, 40, 0.015, 2, 15000, 'elltwo', 'genrr', 0.0005356790606781126, 0.0010000000474974513, 4.1933722496032715, '2024-08-03 08:20:30', 0, 999)
pval: [0.001] -- 4th test, time elapsed 4.1933722496032715 -- emperical power so far (from test_start): 1.0
db insert success
(5, 40, 0.015, 2, 15000, 'elltwo', 'genrr', 0.0006403852239038749, 0.0010000000474974513, 4.345364809036255, '2024-08-03 08:20:46', 0, 999)
pval: [0.001] -- 5th test, time elapsed 4.345364809036255 -- emperical power so far (from test_start): 1.0
db insert success
(6, 40, 0.015, 2, 15000, 'elltwo', 'genrr', 0.0007411261017402013, 0.0010000000474974513, 4.259207487106323, '2024-08-03 08:20:54', 0, 999)
pval: [0.001] -- 6th test, time elapsed 4.259207487106323 -- emperical power so far (from test_start): 1.0
db insert success
(7, 40, 0.015, 2, 15000, 'elltwo', 'genrr', 0.0006199586662814158, 0.0010000000474974513, 10.432494640350342, '2024-08-03 08:21:02', 0, 999)
pval: [0.001] -- 7th test, time elapsed 10.432494640350342 -- emperical power so far (from test_start): 1.0
db insert success
(8, 40, 0.015, 2, 15000, 'elltwo', 'genrr', 0.0007671549398107907, 0.0010000000474974513, 4.983358383178711, '2024-08-03 08:21:28', 0, 999)
pval: [0.001] -- 8th test, time elapsed 4.983358383178711 -- emperical power so far (from test_start): 1.0
db insert success
(9, 40, 0.015, 2, 15000, 'elltwo', 'genrr', 0.0006055939438926253, 0.0010000000474974513, 4.082908391952515, '2024-08-03 08:21:34', 0, 999)
pval: [0.001] -- 9th test, time elapsed 4.082908391952515 -- emperical power so far (from test_start): 1.0
db insert success
(10, 40, 0.015, 2, 15000, 'elltwo', 'genrr', 0.0005809536819490896, 0.0010000000474974513, 14.251541376113892, '2024-08-03 08:21:43', 0, 999)
pval: [0.001] -- 10th test, time elapsed 14.251541376113892 -- emperical power so far (from test_start): 1.0
db insert success
(11, 40, 0.015, 2, 15000, 'elltwo', 'genrr', 0.0005286123667503709, 0.0010000000474974513, 4.349719285964966, '2024-08-03 08:22:09', 0, 999)
pval: [0.001] -- 11th test, time elapsed 4.349719285964966 -- emperical power so far (from test_start): 1.0
db insert success
(12, 40, 0.015, 2, 15000, 'elltwo', 'genrr', 0.0009005099777021977, 0.0010000000474974513, 4.393450021743774, '2024-08-03 08:22:24', 0, 999)
pval: [0.001] -- 12th test, time elapsed 4.393450021743774 -- emperical power so far (from test_start): 1.0
db insert success
(13, 40, 0.015, 2, 15000, 'elltwo', 'genrr', 0.0008528008284996585, 0.0010000000474974513, 4.656049013137817, '2024-08-03 08:22:37', 0, 999)
pval: [0.001] -- 13th test, time elapsed 4.656049013137817 -- emperical power so far (from test_start): 1.0
db insert success
(14, 40, 0.015, 2, 15000, 'elltwo', 'genrr', 0.000804614112644618, 0.0010000000474974513, 4.28489875793457, '2024-08-03 08:22:59', 0, 999)
pval: [0.001] -- 14th test, time elapsed 4.28489875793457 -- emperical power so far (from test_start): 1.0
db insert success
(15, 40, 0.015, 2, 15000, 'elltwo', 'genrr', 0.0007038900744494384, 0.0010000000474974513, 11.73992371559143, '2024-08-03 08:23:18', 0, 999)
pval: [0.001] -- 15th test, time elapsed 11.73992371559143 -- emperical power so far (from test_start): 1.0
db insert success
(16, 40, 0.015, 2, 15000, 'elltwo', 'genrr', 0.0006538635452734629, 0.0010000000474974513, 46.21521782875061, '2024-08-03 08:23:32', 0, 999)
pval: [0.001] -- 16th test, time elapsed 46.21521782875061 -- emperical power so far (from test_start): 1.0
db insert success
(17, 40, 0.015, 2, 15000, 'elltwo', 'genrr', 0.0006276749104755022, 0.0010000000474974513, 30.47782588005066, '2024-08-03 08:24:31', 0, 999)
pval: [0.001] -- 17th test, time elapsed 30.47782588005066 -- emperical power so far (from test_start): 1.0
db insert success
(18, 40, 0.015, 2, 15000, 'elltwo', 'genrr', 0.0006195315622523206, 0.0010000000474974513, 4.550586223602295, '2024-08-03 08:25:04', 0, 999)
pval: [0.001] -- 18th test, time elapsed 4.550586223602295 -- emperical power so far (from test_start): 1.0
db insert success
(19, 40, 0.015, 2, 15000, 'elltwo', 'genrr', 0.0005705002063842307, 0.0010000000474974513, 4.464365482330322, '2024-08-03 08:25:20', 0, 999)
pval: [0.001] -- 19th test, time elapsed 4.464365482330322 -- emperical power so far (from test_start): 1.0
db insert success
(20, 40, 0.015, 2, 15000, 'elltwo', 'genrr', 0.0008315220653228803, 0.0010000000474974513, 4.333751678466797, '2024-08-03 08:25:40', 0, 999)
pval: [0.001] -- 20th test, time elapsed 4.333751678466797 -- emperical power so far (from test_start): 1.0
db insert success
(21, 40, 0.015, 2, 15000, 'elltwo', 'genrr', 0.0005280895520442044, 0.0010000000474974513, 4.400449275970459, '2024-08-03 08:25:59', 0, 999)
pval: [0.001] -- 21th test, time elapsed 4.400449275970459 -- emperical power so far (from test_start): 1.0
db insert success
(22, 40, 0.015, 2, 15000, 'elltwo', 'genrr', 0.0005603223118578471, 0.0010000000474974513, 21.251352310180664, '2024-08-03 08:26:13', 0, 999)
pval: [0.001] -- 22th test, time elapsed 21.251352310180664 -- emperical power so far (from test_start): 1.0
db insert success
(23, 40, 0.015, 2, 15000, 'elltwo', 'genrr', 0.0007507991021624624, 0.0010000000474974513, 33.88008999824524, '2024-08-03 08:26:44', 0, 999)
pval: [0.001] -- 23th test, time elapsed 33.88008999824524 -- emperical power so far (from test_start): 1.0
db insert success
(24, 40, 0.015, 2, 15000, 'elltwo', 'genrr', 0.0007128154973295026, 0.0010000000474974513, 4.4965291023254395, '2024-08-03 08:27:33', 0, 999)
pval: [0.001] -- 24th test, time elapsed 4.4965291023254395 -- emperical power so far (from test_start): 1.0
db insert success
(25, 40, 0.015, 2, 15000, 'elltwo', 'genrr', 0.0008528019770207285, 0.0010000000474974513, 4.5194408893585205, '2024-08-03 08:27:55', 0, 999)
pval: [0.001] -- 25th test, time elapsed 4.5194408893585205 -- emperical power so far (from test_start): 1.0
db insert success
(26, 40, 0.015, 2, 15000, 'elltwo', 'genrr', 0.000715720060152164, 0.0010000000474974513, 4.223483562469482, '2024-08-03 08:28:08', 0, 999)
pval: [0.001] -- 26th test, time elapsed 4.223483562469482 -- emperical power so far (from test_start): 1.0
db insert success
(27, 40, 0.015, 2, 15000, 'elltwo', 'genrr', 0.0008703566720744335, 0.0010000000474974513, 4.305232286453247, '2024-08-03 08:28:18', 0, 999)
pval: [0.001] -- 27th test, time elapsed 4.305232286453247 -- emperical power so far (from test_start): 1.0
db insert success
(28, 40, 0.015, 2, 15000, 'elltwo', 'genrr', 0.00060272210917766, 0.0010000000474974513, 6.179130792617798, '2024-08-03 08:28:35', 0, 999)
pval: [0.001] -- 28th test, time elapsed 6.179130792617798 -- emperical power so far (from test_start): 1.0
db insert success
(29, 40, 0.015, 2, 15000, 'elltwo', 'genrr', 0.0006573984902696825, 0.0010000000474974513, 95.95665645599365, '2024-08-03 08:28:42', 0, 999)
pval: [0.001] -- 29th test, time elapsed 95.95665645599365 -- emperical power so far (from test_start): 1.0
db insert success
(30, 40, 0.015, 2, 15000, 'elltwo', 'genrr', 0.0007165569467594626, 0.0010000000474974513, 97.30909943580627, '2024-08-03 08:30:20', 0, 999)
pval: [0.001] -- 30th test, time elapsed 97.30909943580627 -- emperical power so far (from test_start): 1.0
db insert success
(31, 40, 0.015, 2, 15000, 'elltwo', 'genrr', 0.0006315139480410695, 0.0010000000474974513, 97.61925387382507, '2024-08-03 08:32:10', 0, 999)
pval: [0.001] -- 31th test, time elapsed 97.61925387382507 -- emperical power so far (from test_start): 1.0
db insert success
(32, 40, 0.015, 2, 15000, 'elltwo', 'genrr', 0.0006473108026460589, 0.0010000000474974513, 97.47955465316772, '2024-08-03 08:33:58', 0, 999)
pval: [0.001] -- 32th test, time elapsed 97.47955465316772 -- emperical power so far (from test_start): 1.0
db insert success
(33, 40, 0.015, 2, 15000, 'elltwo', 'genrr', 0.0007223706753784545, 0.0010000000474974513, 97.93191480636597, '2024-08-03 08:35:48', 0, 999)
pval: [0.001] -- 33th test, time elapsed 97.93191480636597 -- emperical power so far (from test_start): 1.0
db insert success
(34, 40, 0.015, 2, 15000, 'elltwo', 'genrr', 0.0006924683316666402, 0.0010000000474974513, 97.29930710792542, '2024-08-03 08:37:34', 0, 999)
pval: [0.001] -- 34th test, time elapsed 97.29930710792542 -- emperical power so far (from test_start): 1.0
db insert success
(35, 40, 0.015, 2, 15000, 'elltwo', 'genrr', 0.0006242158093502925, 0.0010000000474974513, 97.18075704574585, '2024-08-03 08:39:30', 0, 999)
pval: [0.001] -- 35th test, time elapsed 97.18075704574585 -- emperical power so far (from test_start): 1.0
db insert success
(36, 40, 0.015, 2, 15000, 'elltwo', 'genrr', 0.000732425104488385, 0.0010000000474974513, 97.53064489364624, '2024-08-03 08:41:13', 0, 999)
pval: [0.001] -- 36th test, time elapsed 97.53064489364624 -- emperical power so far (from test_start): 1.0
db insert success
(37, 40, 0.015, 2, 15000, 'elltwo', 'genrr', 0.000651036581697996, 0.0010000000474974513, 97.25948691368103, '2024-08-03 08:43:08', 0, 999)
pval: [0.001] -- 37th test, time elapsed 97.25948691368103 -- emperical power so far (from test_start): 1.0
db insert success
(38, 40, 0.015, 2, 15000, 'elltwo', 'genrr', 0.0006719768346038144, 0.0010000000474974513, 97.39525318145752, '2024-08-03 08:45:01', 0, 999)
pval: [0.001] -- 38th test, time elapsed 97.39525318145752 -- emperical power so far (from test_start): 1.0
db insert success
(39, 40, 0.015, 2, 15000, 'elltwo', 'genrr', 0.0008577348919558067, 0.0010000000474974513, 98.20971512794495, '2024-08-03 08:46:54', 0, 999)
pval: [0.001] -- 39th test, time elapsed 98.20971512794495 -- emperical power so far (from test_start): 1.0
db insert success
(40, 40, 0.015, 2, 15000, 'elltwo', 'genrr', 0.0006932675701342983, 0.0010000000474974513, 98.72202849388123, '2024-08-03 08:48:40', 0, 999)
pval: [0.001] -- 40th test, time elapsed 98.72202849388123 -- emperical power so far (from test_start): 1.0
db insert success
(41, 40, 0.015, 2, 15000, 'elltwo', 'genrr', 0.0004894550635227077, 0.0010000000474974513, 99.0657160282135, '2024-08-03 08:50:24', 0, 999)
pval: [0.001] -- 41th test, time elapsed 99.0657160282135 -- emperical power so far (from test_start): 1.0
db insert success
(42, 40, 0.015, 2, 15000, 'elltwo', 'genrr', 0.000786552240075275, 0.0010000000474974513, 97.64856505393982, '2024-08-03 08:52:22', 0, 999)
pval: [0.001] -- 42th test, time elapsed 97.64856505393982 -- emperical power so far (from test_start): 1.0
db insert success
(43, 40, 0.015, 2, 15000, 'elltwo', 'genrr', 0.0006825469875770332, 0.0010000000474974513, 98.04056811332703, '2024-08-03 08:54:14', 0, 999)
pval: [0.001] -- 43th test, time elapsed 98.04056811332703 -- emperical power so far (from test_start): 1.0
db insert success
(44, 40, 0.015, 2, 15000, 'elltwo', 'genrr', 0.000682821583068545, 0.0010000000474974513, 97.85904788970947, '2024-08-03 08:55:56', 0, 999)
pval: [0.001] -- 44th test, time elapsed 97.85904788970947 -- emperical power so far (from test_start): 1.0
db insert success
(45, 40, 0.015, 2, 15000, 'elltwo', 'genrr', 0.0005761350170012253, 0.0010000000474974513, 98.20846366882324, '2024-08-03 08:57:41', 0, 999)
pval: [0.001] -- 45th test, time elapsed 98.20846366882324 -- emperical power so far (from test_start): 1.0
db insert success
(46, 40, 0.015, 2, 15000, 'elltwo', 'genrr', 0.0007549413107540981, 0.0010000000474974513, 97.37734913825989, '2024-08-03 08:59:34', 0, 999)
pval: [0.001] -- 46th test, time elapsed 97.37734913825989 -- emperical power so far (from test_start): 1.0
db insert success
(47, 40, 0.015, 2, 15000, 'elltwo', 'genrr', 0.0007835630695379528, 0.0010000000474974513, 97.37894248962402, '2024-08-03 09:01:28', 0, 999)
pval: [0.001] -- 47th test, time elapsed 97.37894248962402 -- emperical power so far (from test_start): 1.0
db insert success
(48, 40, 0.015, 2, 15000, 'elltwo', 'genrr', 0.0008184633820032608, 0.0010000000474974513, 97.08477282524109, '2024-08-03 09:03:09', 0, 999)
pval: [0.001] -- 48th test, time elapsed 97.08477282524109 -- emperical power so far (from test_start): 1.0
db insert success
(49, 40, 0.015, 2, 15000, 'elltwo', 'genrr', 0.0006346966627404291, 0.0010000000474974513, 96.38048267364502, '2024-08-03 09:04:47', 0, 999)
pval: [0.001] -- 49th test, time elapsed 96.38048267364502 -- emperical power so far (from test_start): 1.0
db insert success
(50, 40, 0.015, 2, 15000, 'elltwo', 'genrr', 0.0007004077403678574, 0.0010000000474974513, 97.97547030448914, '2024-08-03 09:06:34', 0, 999)
pval: [0.001] -- 50th test, time elapsed 97.97547030448914 -- emperical power so far (from test_start): 1.0
db insert success
(51, 40, 0.015, 2, 15000, 'elltwo', 'genrr', 0.0007089209105793082, 0.0010000000474974513, 98.08000016212463, '2024-08-03 09:08:31', 0, 999)
pval: [0.001] -- 51th test, time elapsed 98.08000016212463 -- emperical power so far (from test_start): 1.0
db insert success
(52, 40, 0.015, 2, 15000, 'elltwo', 'genrr', 0.0006009970400990411, 0.0010000000474974513, 98.16793584823608, '2024-08-03 09:10:23', 0, 999)
pval: [0.001] -- 52th test, time elapsed 98.16793584823608 -- emperical power so far (from test_start): 1.0
db insert success
(53, 40, 0.015, 2, 15000, 'elltwo', 'genrr', 0.0007180154588084589, 0.0010000000474974513, 97.5016541481018, '2024-08-03 09:12:11', 0, 999)
pval: [0.001] -- 53th test, time elapsed 97.5016541481018 -- emperical power so far (from test_start): 1.0
db insert success
(54, 40, 0.015, 2, 15000, 'elltwo', 'genrr', 0.0005617334234134796, 0.0010000000474974513, 97.60465002059937, '2024-08-03 09:14:02', 0, 999)
pval: [0.001] -- 54th test, time elapsed 97.60465002059937 -- emperical power so far (from test_start): 1.0
db insert success
(55, 40, 0.015, 2, 15000, 'elltwo', 'genrr', 0.0005658232747368652, 0.0010000000474974513, 97.07715225219727, '2024-08-03 09:15:57', 0, 999)
pval: [0.001] -- 55th test, time elapsed 97.07715225219727 -- emperical power so far (from test_start): 1.0
db insert success
(56, 40, 0.015, 2, 15000, 'elltwo', 'genrr', 0.0005208089232615204, 0.0010000000474974513, 98.18772602081299, '2024-08-03 09:17:40', 0, 999)
pval: [0.001] -- 56th test, time elapsed 98.18772602081299 -- emperical power so far (from test_start): 1.0
db insert success
(57, 40, 0.015, 2, 15000, 'elltwo', 'genrr', 0.0005622426786971516, 0.0010000000474974513, 98.16758394241333, '2024-08-03 09:19:32', 0, 999)
pval: [0.001] -- 57th test, time elapsed 98.16758394241333 -- emperical power so far (from test_start): 1.0
db insert success
(58, 40, 0.015, 2, 15000, 'elltwo', 'genrr', 0.0005420374816098444, 0.0010000000474974513, 97.18426394462585, '2024-08-03 09:21:25', 0, 999)
pval: [0.001] -- 58th test, time elapsed 97.18426394462585 -- emperical power so far (from test_start): 1.0
db insert success
(59, 40, 0.015, 2, 15000, 'elltwo', 'genrr', 0.0007061501563808137, 0.0010000000474974513, 97.49844431877136, '2024-08-03 09:23:05', 0, 999)
pval: [0.001] -- 59th test, time elapsed 97.49844431877136 -- emperical power so far (from test_start): 1.0
db insert success
(60, 40, 0.015, 2, 15000, 'elltwo', 'genrr', 0.0005914423005978567, 0.0010000000474974513, 97.46230840682983, '2024-08-03 09:24:54', 0, 999)
pval: [0.001] -- 60th test, time elapsed 97.46230840682983 -- emperical power so far (from test_start): 1.0
db insert success
(61, 40, 0.015, 2, 15000, 'elltwo', 'genrr', 0.0006405452327933256, 0.0010000000474974513, 98.28367400169373, '2024-08-03 09:26:39', 0, 999)
pval: [0.001] -- 61th test, time elapsed 98.28367400169373 -- emperical power so far (from test_start): 1.0
db insert success
(62, 40, 0.015, 2, 15000, 'elltwo', 'genrr', 0.0007048854848102151, 0.0010000000474974513, 98.7843828201294, '2024-08-03 09:28:20', 0, 999)
pval: [0.001] -- 62th test, time elapsed 98.7843828201294 -- emperical power so far (from test_start): 1.0
db insert success
(63, 40, 0.015, 2, 15000, 'elltwo', 'genrr', 0.0005819050230014625, 0.0010000000474974513, 98.52923035621643, '2024-08-03 09:30:15', 0, 999)
pval: [0.001] -- 63th test, time elapsed 98.52923035621643 -- emperical power so far (from test_start): 1.0
db insert success
(64, 40, 0.015, 2, 15000, 'elltwo', 'genrr', 0.0008017256119296351, 0.0010000000474974513, 99.0402479171753, '2024-08-03 09:31:58', 0, 999)
pval: [0.001] -- 64th test, time elapsed 99.0402479171753 -- emperical power so far (from test_start): 1.0
db insert success
(65, 40, 0.015, 2, 15000, 'elltwo', 'genrr', 0.0006296925608373499, 0.0010000000474974513, 98.0718789100647, '2024-08-03 09:33:56', 0, 999)
pval: [0.001] -- 65th test, time elapsed 98.0718789100647 -- emperical power so far (from test_start): 1.0
db insert success
(66, 40, 0.015, 2, 15000, 'elltwo', 'genrr', 0.0007735554465111913, 0.0010000000474974513, 97.71830725669861, '2024-08-03 09:35:40', 0, 999)
pval: [0.001] -- 66th test, time elapsed 97.71830725669861 -- emperical power so far (from test_start): 1.0
db insert success
(67, 40, 0.015, 2, 15000, 'elltwo', 'genrr', 0.0005516535490515256, 0.0010000000474974513, 97.09277129173279, '2024-08-03 09:37:34', 0, 999)
pval: [0.001] -- 67th test, time elapsed 97.09277129173279 -- emperical power so far (from test_start): 1.0
db insert success
(68, 40, 0.015, 2, 15000, 'elltwo', 'genrr', 0.0006702170390618586, 0.0010000000474974513, 98.37962484359741, '2024-08-03 09:39:30', 0, 999)
pval: [0.001] -- 68th test, time elapsed 98.37962484359741 -- emperical power so far (from test_start): 1.0
db insert success
(69, 40, 0.015, 2, 15000, 'elltwo', 'genrr', 0.0007224585022706093, 0.0010000000474974513, 97.28942108154297, '2024-08-03 09:41:19', 0, 999)
pval: [0.001] -- 69th test, time elapsed 97.28942108154297 -- emperical power so far (from test_start): 1.0
db insert success
(70, 40, 0.015, 2, 15000, 'elltwo', 'genrr', 0.0006899161455208233, 0.0010000000474974513, 97.52699542045593, '2024-08-03 09:43:07', 0, 999)
pval: [0.001] -- 70th test, time elapsed 97.52699542045593 -- emperical power so far (from test_start): 1.0
db insert success
(71, 40, 0.015, 2, 15000, 'elltwo', 'genrr', 0.0007490997503538377, 0.0010000000474974513, 97.05905556678772, '2024-08-03 09:44:58', 0, 999)
pval: [0.001] -- 71th test, time elapsed 97.05905556678772 -- emperical power so far (from test_start): 1.0
db insert success
(72, 40, 0.015, 2, 15000, 'elltwo', 'genrr', 0.0006220559563230518, 0.0010000000474974513, 97.90589904785156, '2024-08-03 09:46:54', 0, 999)
pval: [0.001] -- 72th test, time elapsed 97.90589904785156 -- emperical power so far (from test_start): 1.0
db insert success
(73, 40, 0.015, 2, 15000, 'elltwo', 'genrr', 0.0006078152267929016, 0.0010000000474974513, 98.19241714477539, '2024-08-03 09:48:42', 0, 999)
pval: [0.001] -- 73th test, time elapsed 98.19241714477539 -- emperical power so far (from test_start): 1.0
db insert success
(74, 40, 0.015, 2, 15000, 'elltwo', 'genrr', 0.0006596141265714159, 0.0010000000474974513, 97.38351631164551, '2024-08-03 09:50:31', 0, 999)
pval: [0.001] -- 74th test, time elapsed 97.38351631164551 -- emperical power so far (from test_start): 1.0
db insert success
(75, 40, 0.015, 2, 15000, 'elltwo', 'genrr', 0.0007281569366847859, 0.0010000000474974513, 98.14561676979065, '2024-08-03 09:52:10', 0, 999)
pval: [0.001] -- 75th test, time elapsed 98.14561676979065 -- emperical power so far (from test_start): 1.0
db insert success
(76, 40, 0.015, 2, 15000, 'elltwo', 'genrr', 0.0006317555125896906, 0.0010000000474974513, 97.98049545288086, '2024-08-03 09:54:08', 0, 999)
pval: [0.001] -- 76th test, time elapsed 97.98049545288086 -- emperical power so far (from test_start): 1.0
db insert success
(77, 40, 0.015, 2, 15000, 'elltwo', 'genrr', 0.0007002920236163432, 0.0010000000474974513, 97.65315532684326, '2024-08-03 09:55:57', 0, 999)
pval: [0.001] -- 77th test, time elapsed 97.65315532684326 -- emperical power so far (from test_start): 1.0
db insert success
(78, 40, 0.015, 2, 15000, 'elltwo', 'genrr', 0.0006649923316370127, 0.0010000000474974513, 97.8262071609497, '2024-08-03 09:57:49', 0, 999)
pval: [0.001] -- 78th test, time elapsed 97.8262071609497 -- emperical power so far (from test_start): 1.0
db insert success
(79, 40, 0.015, 2, 15000, 'elltwo', 'genrr', 0.0007457221930351615, 0.0010000000474974513, 98.09871244430542, '2024-08-03 09:59:37', 0, 999)
pval: [0.001] -- 79th test, time elapsed 98.09871244430542 -- emperical power so far (from test_start): 1.0
db insert success
(80, 40, 0.015, 2, 15000, 'elltwo', 'genrr', 0.0005248079934217775, 0.0010000000474974513, 97.23598861694336, '2024-08-03 10:01:32', 0, 999)
pval: [0.001] -- 80th test, time elapsed 97.23598861694336 -- emperical power so far (from test_start): 1.0
db insert success
(81, 40, 0.015, 2, 15000, 'elltwo', 'genrr', 0.0007467441865013705, 0.0010000000474974513, 97.78753423690796, '2024-08-03 10:03:25', 0, 999)
pval: [0.001] -- 81th test, time elapsed 97.78753423690796 -- emperical power so far (from test_start): 1.0
db insert success
(82, 40, 0.015, 2, 15000, 'elltwo', 'genrr', 0.0006057982929233013, 0.0010000000474974513, 97.68994975090027, '2024-08-03 10:05:17', 0, 999)
pval: [0.001] -- 82th test, time elapsed 97.68994975090027 -- emperical power so far (from test_start): 1.0
db insert success
(83, 40, 0.015, 2, 15000, 'elltwo', 'genrr', 0.0006091670229867382, 0.0010000000474974513, 98.02792382240295, '2024-08-03 10:07:03', 0, 999)
pval: [0.001] -- 83th test, time elapsed 98.02792382240295 -- emperical power so far (from test_start): 1.0
db insert success
(84, 40, 0.015, 2, 15000, 'elltwo', 'genrr', 0.000637435712899391, 0.0010000000474974513, 97.63607287406921, '2024-08-03 10:08:59', 0, 999)
pval: [0.001] -- 84th test, time elapsed 97.63607287406921 -- emperical power so far (from test_start): 1.0
db insert success
(85, 40, 0.015, 2, 15000, 'elltwo', 'genrr', 0.000668813728322698, 0.0010000000474974513, 97.142249584198, '2024-08-03 10:10:56', 0, 999)
pval: [0.001] -- 85th test, time elapsed 97.142249584198 -- emperical power so far (from test_start): 1.0
db insert success
(86, 40, 0.015, 2, 15000, 'elltwo', 'genrr', 0.0005774220971768926, 0.0010000000474974513, 98.69697999954224, '2024-08-03 10:12:51', 0, 999)
pval: [0.001] -- 86th test, time elapsed 98.69697999954224 -- emperical power so far (from test_start): 1.0
db insert success
(87, 40, 0.015, 2, 15000, 'elltwo', 'genrr', 0.0006542973365631644, 0.0010000000474974513, 98.02060079574585, '2024-08-03 10:14:43', 0, 999)
pval: [0.001] -- 87th test, time elapsed 98.02060079574585 -- emperical power so far (from test_start): 1.0
db insert success
(88, 40, 0.015, 2, 15000, 'elltwo', 'genrr', 0.0005256794725574734, 0.0010000000474974513, 96.84173798561096, '2024-08-03 10:16:32', 0, 999)
pval: [0.001] -- 88th test, time elapsed 96.84173798561096 -- emperical power so far (from test_start): 1.0
db insert success
(89, 40, 0.015, 2, 15000, 'elltwo', 'genrr', 0.0007378913640168905, 0.0010000000474974513, 97.66666722297668, '2024-08-03 10:18:11', 0, 999)
pval: [0.001] -- 89th test, time elapsed 97.66666722297668 -- emperical power so far (from test_start): 1.0
db insert success
(90, 40, 0.015, 2, 15000, 'elltwo', 'genrr', 0.0006948328644132834, 0.0010000000474974513, 97.58065032958984, '2024-08-03 10:20:01', 0, 999)
pval: [0.001] -- 90th test, time elapsed 97.58065032958984 -- emperical power so far (from test_start): 1.0
db insert success
(91, 40, 0.015, 2, 15000, 'elltwo', 'genrr', 0.0007244582752925499, 0.0010000000474974513, 98.27604413032532, '2024-08-03 10:21:48', 0, 999)
pval: [0.001] -- 91th test, time elapsed 98.27604413032532 -- emperical power so far (from test_start): 1.0
db insert success
(92, 40, 0.015, 2, 15000, 'elltwo', 'genrr', 0.0006185445761569958, 0.0010000000474974513, 98.03979873657227, '2024-08-03 10:23:33', 0, 999)
pval: [0.001] -- 92th test, time elapsed 98.03979873657227 -- emperical power so far (from test_start): 1.0
db insert success
(93, 40, 0.015, 2, 15000, 'elltwo', 'genrr', 0.0006281468820883707, 0.0010000000474974513, 97.30800485610962, '2024-08-03 10:25:15', 0, 999)
pval: [0.001] -- 93th test, time elapsed 97.30800485610962 -- emperical power so far (from test_start): 1.0
db insert success
(94, 40, 0.015, 2, 15000, 'elltwo', 'genrr', 0.0007239705858909304, 0.0010000000474974513, 97.68206667900085, '2024-08-03 10:27:04', 0, 999)
pval: [0.001] -- 94th test, time elapsed 97.68206667900085 -- emperical power so far (from test_start): 1.0
db insert success
(95, 40, 0.015, 2, 15000, 'elltwo', 'genrr', 0.0007766652609433947, 0.0010000000474974513, 98.40983176231384, '2024-08-03 10:28:53', 0, 999)
pval: [0.001] -- 95th test, time elapsed 98.40983176231384 -- emperical power so far (from test_start): 1.0
db insert success
(96, 40, 0.015, 2, 15000, 'elltwo', 'genrr', 0.0006602432464387561, 0.0010000000474974513, 98.73320293426514, '2024-08-03 10:30:45', 0, 999)
pval: [0.001] -- 96th test, time elapsed 98.73320293426514 -- emperical power so far (from test_start): 1.0
db insert success
(97, 40, 0.015, 2, 15000, 'elltwo', 'genrr', 0.000716573919150143, 0.0010000000474974513, 97.87240862846375, '2024-08-03 10:32:35', 0, 999)
pval: [0.001] -- 97th test, time elapsed 97.87240862846375 -- emperical power so far (from test_start): 1.0
db insert success
(98, 40, 0.015, 2, 15000, 'elltwo', 'genrr', 0.0007599171897384946, 0.0010000000474974513, 97.49988412857056, '2024-08-03 10:34:17', 0, 999)
pval: [0.001] -- 98th test, time elapsed 97.49988412857056 -- emperical power so far (from test_start): 1.0
db insert success
(99, 40, 0.015, 2, 15000, 'elltwo', 'genrr', 0.0006538007784222394, 0.0010000000474974513, 97.73545265197754, '2024-08-03 10:35:58', 0, 999)
pval: [0.001] -- 99th test, time elapsed 97.73545265197754 -- emperical power so far (from test_start): 1.0
db insert success
(100, 40, 0.015, 2, 15000, 'elltwo', 'genrr', 0.0006005373181916379, 0.0010000000474974513, 98.20904970169067, '2024-08-03 10:37:46', 0, 999)
pval: [0.001] -- 100th test, time elapsed 98.20904970169067 -- emperical power so far (from test_start): 1.0
db insert success
(101, 40, 0.015, 2, 15000, 'elltwo', 'genrr', 0.0006770720240608166, 0.0010000000474974513, 99.09668827056885, '2024-08-03 10:39:42', 0, 999)
pval: [0.001] -- 101th test, time elapsed 99.09668827056885 -- emperical power so far (from test_start): 1.0
db insert success
(102, 40, 0.015, 2, 15000, 'elltwo', 'genrr', 0.0008047032302894996, 0.0010000000474974513, 98.22706890106201, '2024-08-03 10:41:27', 0, 999)
pval: [0.001] -- 102th test, time elapsed 98.22706890106201 -- emperical power so far (from test_start): 1.0
db insert success
(103, 40, 0.015, 2, 15000, 'elltwo', 'genrr', 0.0008748126829196887, 0.0010000000474974513, 98.23396158218384, '2024-08-03 10:43:16', 0, 999)
pval: [0.001] -- 103th test, time elapsed 98.23396158218384 -- emperical power so far (from test_start): 1.0
db insert success
(104, 40, 0.015, 2, 15000, 'elltwo', 'genrr', 0.0009289546005290042, 0.0010000000474974513, 97.63607788085938, '2024-08-03 10:45:00', 0, 999)
pval: [0.001] -- 104th test, time elapsed 97.63607788085938 -- emperical power so far (from test_start): 1.0
db insert success
(105, 40, 0.015, 2, 15000, 'elltwo', 'genrr', 0.000765704996629403, 0.0010000000474974513, 98.36580634117126, '2024-08-03 10:46:49', 0, 999)
pval: [0.001] -- 105th test, time elapsed 98.36580634117126 -- emperical power so far (from test_start): 1.0
db insert success
(106, 40, 0.015, 2, 15000, 'elltwo', 'genrr', 0.000725197397752543, 0.0010000000474974513, 96.82971262931824, '2024-08-03 10:48:28', 0, 999)
pval: [0.001] -- 106th test, time elapsed 96.82971262931824 -- emperical power so far (from test_start): 1.0
db insert success
(107, 40, 0.015, 2, 15000, 'elltwo', 'genrr', 0.0007820688407375875, 0.0010000000474974513, 97.56188654899597, '2024-08-03 10:50:14', 0, 999)
pval: [0.001] -- 107th test, time elapsed 97.56188654899597 -- emperical power so far (from test_start): 1.0
db insert success
(108, 40, 0.015, 2, 15000, 'elltwo', 'genrr', 0.0007104500335577968, 0.0010000000474974513, 97.69925951957703, '2024-08-03 10:52:00', 0, 999)
pval: [0.001] -- 108th test, time elapsed 97.69925951957703 -- emperical power so far (from test_start): 1.0
db insert success
(109, 40, 0.015, 2, 15000, 'elltwo', 'genrr', 0.0007170537781038128, 0.0010000000474974513, 98.14865303039551, '2024-08-03 10:53:56', 0, 999)
pval: [0.001] -- 109th test, time elapsed 98.14865303039551 -- emperical power so far (from test_start): 1.0
db insert success
(110, 40, 0.015, 2, 15000, 'elltwo', 'genrr', 0.000626163841441256, 0.0010000000474974513, 98.3834798336029, '2024-08-03 10:55:45', 0, 999)
pval: [0.001] -- 110th test, time elapsed 98.3834798336029 -- emperical power so far (from test_start): 1.0
db insert success
(111, 40, 0.015, 2, 15000, 'elltwo', 'genrr', 0.0006731876151742922, 0.0010000000474974513, 98.40141224861145, '2024-08-03 10:57:25', 0, 999)
pval: [0.001] -- 111th test, time elapsed 98.40141224861145 -- emperical power so far (from test_start): 1.0
db insert success
(112, 40, 0.015, 2, 15000, 'elltwo', 'genrr', 0.0006188640819017391, 0.0010000000474974513, 98.7003002166748, '2024-08-03 10:59:20', 0, 999)
pval: [0.001] -- 112th test, time elapsed 98.7003002166748 -- emperical power so far (from test_start): 1.0
db insert success
(113, 40, 0.015, 2, 15000, 'elltwo', 'genrr', 0.0005883215248423737, 0.0010000000474974513, 99.45712065696716, '2024-08-03 11:01:04', 0, 999)
pval: [0.001] -- 113th test, time elapsed 99.45712065696716 -- emperical power so far (from test_start): 1.0
db insert success
(114, 40, 0.015, 2, 15000, 'elltwo', 'genrr', 0.0007077663293108133, 0.0010000000474974513, 99.51089406013489, '2024-08-03 11:02:45', 0, 999)
pval: [0.001] -- 114th test, time elapsed 99.51089406013489 -- emperical power so far (from test_start): 1.0
db insert success
(115, 40, 0.015, 2, 15000, 'elltwo', 'genrr', 0.000709826984613797, 0.0010000000474974513, 99.27384400367737, '2024-08-03 11:04:30', 0, 999)
pval: [0.001] -- 115th test, time elapsed 99.27384400367737 -- emperical power so far (from test_start): 1.0
db insert success
(116, 40, 0.015, 2, 15000, 'elltwo', 'genrr', 0.000720433029757557, 0.0010000000474974513, 98.22748136520386, '2024-08-03 11:06:13', 0, 999)
pval: [0.001] -- 116th test, time elapsed 98.22748136520386 -- emperical power so far (from test_start): 1.0
db insert success
(117, 40, 0.015, 2, 15000, 'elltwo', 'genrr', 0.0006232026502508148, 0.0010000000474974513, 98.19750237464905, '2024-08-03 11:07:53', 0, 999)
pval: [0.001] -- 117th test, time elapsed 98.19750237464905 -- emperical power so far (from test_start): 1.0
db insert success
(118, 40, 0.015, 2, 15000, 'elltwo', 'genrr', 0.0007799019579082939, 0.0010000000474974513, 98.47854423522949, '2024-08-03 11:09:37', 0, 999)
pval: [0.001] -- 118th test, time elapsed 98.47854423522949 -- emperical power so far (from test_start): 1.0
db insert success
(119, 40, 0.015, 2, 15000, 'elltwo', 'genrr', 0.0005295381582476749, 0.0010000000474974513, 99.47451305389404, '2024-08-03 11:11:24', 0, 999)
pval: [0.001] -- 119th test, time elapsed 99.47451305389404 -- emperical power so far (from test_start): 1.0
db insert success
(120, 40, 0.015, 2, 15000, 'elltwo', 'genrr', 0.0005954143058426661, 0.0010000000474974513, 99.05590462684631, '2024-08-03 11:13:20', 0, 999)
pval: [0.001] -- 120th test, time elapsed 99.05590462684631 -- emperical power so far (from test_start): 1.0
db insert success
(121, 40, 0.015, 2, 15000, 'elltwo', 'genrr', 0.0009191154272507052, 0.0010000000474974513, 98.40655779838562, '2024-08-03 11:15:02', 0, 999)
pval: [0.001] -- 121th test, time elapsed 98.40655779838562 -- emperical power so far (from test_start): 1.0
db insert success
(122, 40, 0.015, 2, 15000, 'elltwo', 'genrr', 0.0007657956634146215, 0.0010000000474974513, 98.42327880859375, '2024-08-03 11:17:00', 0, 999)
pval: [0.001] -- 122th test, time elapsed 98.42327880859375 -- emperical power so far (from test_start): 1.0
db insert success
(123, 40, 0.015, 2, 15000, 'elltwo', 'genrr', 0.0006705989720795433, 0.0010000000474974513, 99.42037272453308, '2024-08-03 11:18:43', 0, 999)
pval: [0.001] -- 123th test, time elapsed 99.42037272453308 -- emperical power so far (from test_start): 1.0
db insert success
(124, 40, 0.015, 2, 15000, 'elltwo', 'genrr', 0.000592738943485098, 0.0010000000474974513, 100.14498400688171, '2024-08-03 11:20:41', 0, 999)
pval: [0.001] -- 124th test, time elapsed 100.14498400688171 -- emperical power so far (from test_start): 1.0
db insert success
(125, 40, 0.015, 2, 15000, 'elltwo', 'genrr', 0.0006577294610751114, 0.0010000000474974513, 99.87231659889221, '2024-08-03 11:22:41', 0, 999)
pval: [0.001] -- 125th test, time elapsed 99.87231659889221 -- emperical power so far (from test_start): 1.0
db insert success
(126, 40, 0.015, 2, 15000, 'elltwo', 'genrr', 0.00046300283426305155, 0.0010000000474974513, 98.88778948783875, '2024-08-03 11:24:23', 0, 999)
pval: [0.001] -- 126th test, time elapsed 98.88778948783875 -- emperical power so far (from test_start): 1.0
db insert success
(127, 40, 0.015, 2, 15000, 'elltwo', 'genrr', 0.000827504583861105, 0.0010000000474974513, 99.59322381019592, '2024-08-03 11:26:21', 0, 999)
pval: [0.001] -- 127th test, time elapsed 99.59322381019592 -- emperical power so far (from test_start): 1.0
db insert success
(128, 40, 0.015, 2, 15000, 'elltwo', 'genrr', 0.0007375796223451705, 0.0010000000474974513, 98.77976870536804, '2024-08-03 11:28:08', 0, 999)
pval: [0.001] -- 128th test, time elapsed 98.77976870536804 -- emperical power so far (from test_start): 1.0
db insert success
(129, 40, 0.015, 2, 15000, 'elltwo', 'genrr', 0.0006468420875466174, 0.0010000000474974513, 98.76614665985107, '2024-08-03 11:29:57', 0, 999)
pval: [0.001] -- 129th test, time elapsed 98.76614665985107 -- emperical power so far (from test_start): 1.0
db insert success
(130, 40, 0.015, 2, 15000, 'elltwo', 'genrr', 0.0007234125427620711, 0.0010000000474974513, 98.7358627319336, '2024-08-03 11:31:42', 0, 999)
pval: [0.001] -- 130th test, time elapsed 98.7358627319336 -- emperical power so far (from test_start): 1.0
db insert success
(131, 40, 0.015, 2, 15000, 'elltwo', 'genrr', 0.0005367900574113418, 0.0010000000474974513, 98.28817439079285, '2024-08-03 11:33:25', 0, 999)
pval: [0.001] -- 131th test, time elapsed 98.28817439079285 -- emperical power so far (from test_start): 1.0
db insert success
(132, 40, 0.015, 2, 15000, 'elltwo', 'genrr', 0.0005701353725803965, 0.0010000000474974513, 99.01970195770264, '2024-08-03 11:35:18', 0, 999)
pval: [0.001] -- 132th test, time elapsed 99.01970195770264 -- emperical power so far (from test_start): 1.0
db insert success
(133, 40, 0.015, 2, 15000, 'elltwo', 'genrr', 0.0006935518450860018, 0.0010000000474974513, 98.0482907295227, '2024-08-03 11:37:12', 0, 999)
pval: [0.001] -- 133th test, time elapsed 98.0482907295227 -- emperical power so far (from test_start): 1.0
db insert success
(134, 40, 0.015, 2, 15000, 'elltwo', 'genrr', 0.0005456013209768906, 0.0010000000474974513, 99.33781266212463, '2024-08-03 11:38:54', 0, 999)
pval: [0.001] -- 134th test, time elapsed 99.33781266212463 -- emperical power so far (from test_start): 1.0
db insert success
(135, 40, 0.015, 2, 15000, 'elltwo', 'genrr', 0.0005056877569615467, 0.0010000000474974513, 99.21086740493774, '2024-08-03 11:40:52', 0, 999)
pval: [0.001] -- 135th test, time elapsed 99.21086740493774 -- emperical power so far (from test_start): 1.0
db insert success
(136, 40, 0.015, 2, 15000, 'elltwo', 'genrr', 0.0007015515096562494, 0.0010000000474974513, 98.77365183830261, '2024-08-03 11:42:45', 0, 999)
pval: [0.001] -- 136th test, time elapsed 98.77365183830261 -- emperical power so far (from test_start): 1.0
db insert success
(137, 40, 0.015, 2, 15000, 'elltwo', 'genrr', 0.0006595783926336626, 0.0010000000474974513, 98.00100803375244, '2024-08-03 11:44:42', 0, 999)
pval: [0.001] -- 137th test, time elapsed 98.00100803375244 -- emperical power so far (from test_start): 1.0
db insert success
(138, 40, 0.015, 2, 15000, 'elltwo', 'genrr', 0.000760194429554599, 0.0010000000474974513, 98.07199811935425, '2024-08-03 11:46:25', 0, 999)
pval: [0.001] -- 138th test, time elapsed 98.07199811935425 -- emperical power so far (from test_start): 1.0
db insert success
(139, 40, 0.015, 2, 15000, 'elltwo', 'genrr', 0.0007715734317102416, 0.0010000000474974513, 99.2394552230835, '2024-08-03 11:48:08', 0, 999)
pval: [0.001] -- 139th test, time elapsed 99.2394552230835 -- emperical power so far (from test_start): 1.0
db insert success
(140, 40, 0.015, 2, 15000, 'elltwo', 'genrr', 0.0005862781726189634, 0.0010000000474974513, 98.53179931640625, '2024-08-03 11:50:07', 0, 999)
pval: [0.001] -- 140th test, time elapsed 98.53179931640625 -- emperical power so far (from test_start): 1.0
db insert success
(141, 40, 0.015, 2, 15000, 'elltwo', 'genrr', 0.0006647675125008648, 0.0010000000474974513, 97.92312502861023, '2024-08-03 11:51:59', 0, 999)
pval: [0.001] -- 141th test, time elapsed 97.92312502861023 -- emperical power so far (from test_start): 1.0
db insert success
(142, 40, 0.015, 2, 15000, 'elltwo', 'genrr', 0.0006156576364350005, 0.0010000000474974513, 98.0512113571167, '2024-08-03 11:53:44', 0, 999)
pval: [0.001] -- 142th test, time elapsed 98.0512113571167 -- emperical power so far (from test_start): 1.0
db insert success
(143, 40, 0.015, 2, 15000, 'elltwo', 'genrr', 0.000693277810816996, 0.0010000000474974513, 98.68898820877075, '2024-08-03 11:55:37', 0, 999)
pval: [0.001] -- 143th test, time elapsed 98.68898820877075 -- emperical power so far (from test_start): 1.0
db insert success
(144, 40, 0.015, 2, 15000, 'elltwo', 'genrr', 0.0006111485221978602, 0.0010000000474974513, 98.51844000816345, '2024-08-03 11:57:18', 0, 999)
pval: [0.001] -- 144th test, time elapsed 98.51844000816345 -- emperical power so far (from test_start): 1.0
db insert success
(145, 40, 0.015, 2, 15000, 'elltwo', 'genrr', 0.0006180824677201324, 0.0010000000474974513, 98.74579405784607, '2024-08-03 11:59:00', 0, 999)
pval: [0.001] -- 145th test, time elapsed 98.74579405784607 -- emperical power so far (from test_start): 1.0
db insert success
(146, 40, 0.015, 2, 15000, 'elltwo', 'genrr', 0.0005494214340215423, 0.0010000000474974513, 98.27013039588928, '2024-08-03 12:00:57', 0, 999)
pval: [0.001] -- 146th test, time elapsed 98.27013039588928 -- emperical power so far (from test_start): 1.0
db insert success
(147, 40, 0.015, 2, 15000, 'elltwo', 'genrr', 0.0009413104713647397, 0.0010000000474974513, 98.41689157485962, '2024-08-03 12:02:37', 0, 999)
pval: [0.001] -- 147th test, time elapsed 98.41689157485962 -- emperical power so far (from test_start): 1.0
db insert success
(148, 40, 0.015, 2, 15000, 'elltwo', 'genrr', 0.0006515065318428992, 0.0010000000474974513, 98.71192574501038, '2024-08-03 12:04:27', 0, 999)
pval: [0.001] -- 148th test, time elapsed 98.71192574501038 -- emperical power so far (from test_start): 1.0
db insert success
(149, 40, 0.015, 2, 15000, 'elltwo', 'genrr', 0.0006131229507152225, 0.0010000000474974513, 98.39887166023254, '2024-08-03 12:06:09', 0, 999)
pval: [0.001] -- 149th test, time elapsed 98.39887166023254 -- emperical power so far (from test_start): 1.0
db insert success
(150, 40, 0.015, 2, 15000, 'elltwo', 'genrr', 0.0007322459571379239, 0.0010000000474974513, 98.53487038612366, '2024-08-03 12:07:52', 0, 999)
pval: [0.001] -- 150th test, time elapsed 98.53487038612366 -- emperical power so far (from test_start): 1.0
db insert success
(151, 40, 0.015, 2, 15000, 'elltwo', 'genrr', 0.000679035665488735, 0.0010000000474974513, 98.47647285461426, '2024-08-03 12:09:36', 0, 999)
pval: [0.001] -- 151th test, time elapsed 98.47647285461426 -- emperical power so far (from test_start): 1.0
db insert success
(152, 40, 0.015, 2, 15000, 'elltwo', 'genrr', 0.0005835665340652718, 0.0010000000474974513, 99.97746181488037, '2024-08-03 12:11:18', 0, 999)
pval: [0.001] -- 152th test, time elapsed 99.97746181488037 -- emperical power so far (from test_start): 1.0
db insert success
(153, 40, 0.015, 2, 15000, 'elltwo', 'genrr', 0.0008164630868725056, 0.0010000000474974513, 98.85036206245422, '2024-08-03 12:13:10', 0, 999)
pval: [0.001] -- 153th test, time elapsed 98.85036206245422 -- emperical power so far (from test_start): 1.0
db insert success
(154, 40, 0.015, 2, 15000, 'elltwo', 'genrr', 0.0007901408313146854, 0.0010000000474974513, 99.01537370681763, '2024-08-03 12:15:02', 0, 999)
pval: [0.001] -- 154th test, time elapsed 99.01537370681763 -- emperical power so far (from test_start): 1.0
db insert success
(155, 40, 0.015, 2, 15000, 'elltwo', 'genrr', 0.0007781514335028911, 0.0010000000474974513, 99.4399619102478, '2024-08-03 12:16:48', 0, 999)
pval: [0.001] -- 155th test, time elapsed 99.4399619102478 -- emperical power so far (from test_start): 1.0
db insert success
(156, 40, 0.015, 2, 15000, 'elltwo', 'genrr', 0.0006167413270514524, 0.0010000000474974513, 98.30709052085876, '2024-08-03 12:18:30', 0, 999)
pval: [0.001] -- 156th test, time elapsed 98.30709052085876 -- emperical power so far (from test_start): 1.0
db insert success
(157, 40, 0.015, 2, 15000, 'elltwo', 'genrr', 0.000667135020853353, 0.0010000000474974513, 98.77201890945435, '2024-08-03 12:20:25', 0, 999)
pval: [0.001] -- 157th test, time elapsed 98.77201890945435 -- emperical power so far (from test_start): 1.0
db insert success
(158, 40, 0.015, 2, 15000, 'elltwo', 'genrr', 0.0008427405554443795, 0.0010000000474974513, 98.75424551963806, '2024-08-03 12:22:18', 0, 999)
pval: [0.001] -- 158th test, time elapsed 98.75424551963806 -- emperical power so far (from test_start): 1.0
db insert success
(159, 40, 0.015, 2, 15000, 'elltwo', 'genrr', 0.0006123347932825915, 0.0010000000474974513, 99.2356948852539, '2024-08-03 12:24:13', 0, 999)
pval: [0.001] -- 159th test, time elapsed 99.2356948852539 -- emperical power so far (from test_start): 1.0
db insert success
(160, 40, 0.015, 2, 15000, 'elltwo', 'genrr', 0.0008183739573749682, 0.0010000000474974513, 98.79965090751648, '2024-08-03 12:25:54', 0, 999)
pval: [0.001] -- 160th test, time elapsed 98.79965090751648 -- emperical power so far (from test_start): 1.0
db insert success
(161, 40, 0.015, 2, 15000, 'elltwo', 'genrr', 0.0004198985603484501, 0.0010000000474974513, 99.17530846595764, '2024-08-03 12:27:48', 0, 999)
pval: [0.001] -- 161th test, time elapsed 99.17530846595764 -- emperical power so far (from test_start): 1.0
db insert success
(162, 40, 0.015, 2, 15000, 'elltwo', 'genrr', 0.0006370530515367318, 0.0010000000474974513, 99.60425806045532, '2024-08-03 12:29:44', 0, 999)
pval: [0.001] -- 162th test, time elapsed 99.60425806045532 -- emperical power so far (from test_start): 1.0
db insert success
(163, 40, 0.015, 2, 15000, 'elltwo', 'genrr', 0.0006100481845456029, 0.0010000000474974513, 98.62249660491943, '2024-08-03 12:31:35', 0, 999)
pval: [0.001] -- 163th test, time elapsed 98.62249660491943 -- emperical power so far (from test_start): 1.0
db insert success
(164, 40, 0.015, 2, 15000, 'elltwo', 'genrr', 0.000835834139461214, 0.0010000000474974513, 99.46706247329712, '2024-08-03 12:33:23', 0, 999)
pval: [0.001] -- 164th test, time elapsed 99.46706247329712 -- emperical power so far (from test_start): 1.0
db insert success
(165, 40, 0.015, 2, 15000, 'elltwo', 'genrr', 0.0008071473772325241, 0.0010000000474974513, 98.58784246444702, '2024-08-03 12:35:13', 0, 999)
pval: [0.001] -- 165th test, time elapsed 98.58784246444702 -- emperical power so far (from test_start): 1.0
db insert success
(166, 40, 0.015, 2, 15000, 'elltwo', 'genrr', 0.0006668933940782162, 0.0010000000474974513, 96.67439675331116, '2024-08-03 12:37:02', 0, 999)
pval: [0.001] -- 166th test, time elapsed 96.67439675331116 -- emperical power so far (from test_start): 1.0
db insert success
(167, 40, 0.015, 2, 15000, 'elltwo', 'genrr', 0.0006478247859487071, 0.0010000000474974513, 97.44369673728943, '2024-08-03 12:38:57', 0, 999)
pval: [0.001] -- 167th test, time elapsed 97.44369673728943 -- emperical power so far (from test_start): 1.0
db insert success
(168, 40, 0.015, 2, 15000, 'elltwo', 'genrr', 0.0006329203712840542, 0.0010000000474974513, 98.6670184135437, '2024-08-03 12:40:38', 0, 999)
pval: [0.001] -- 168th test, time elapsed 98.6670184135437 -- emperical power so far (from test_start): 1.0
db insert success
(169, 40, 0.015, 2, 15000, 'elltwo', 'genrr', 0.0007035795251535207, 0.0010000000474974513, 97.87010765075684, '2024-08-03 12:42:24', 0, 999)
pval: [0.001] -- 169th test, time elapsed 97.87010765075684 -- emperical power so far (from test_start): 1.0
db insert success
(170, 40, 0.015, 2, 15000, 'elltwo', 'genrr', 0.0005410395839723289, 0.0010000000474974513, 99.0112726688385, '2024-08-03 12:44:06', 0, 999)
pval: [0.001] -- 170th test, time elapsed 99.0112726688385 -- emperical power so far (from test_start): 1.0
db insert success
(171, 40, 0.015, 2, 15000, 'elltwo', 'genrr', 0.0006537103486898635, 0.0010000000474974513, 97.8086314201355, '2024-08-03 12:45:48', 0, 999)
pval: [0.001] -- 171th test, time elapsed 97.8086314201355 -- emperical power so far (from test_start): 1.0
db insert success
(172, 40, 0.015, 2, 15000, 'elltwo', 'genrr', 0.0005009488537754472, 0.0010000000474974513, 98.0502347946167, '2024-08-03 12:47:36', 0, 999)
pval: [0.001] -- 172th test, time elapsed 98.0502347946167 -- emperical power so far (from test_start): 1.0
db insert success
(173, 40, 0.015, 2, 15000, 'elltwo', 'genrr', 0.0005758850667080956, 0.0010000000474974513, 99.0535500049591, '2024-08-03 12:49:31', 0, 999)
pval: [0.001] -- 173th test, time elapsed 99.0535500049591 -- emperical power so far (from test_start): 1.0
db insert success
(174, 40, 0.015, 2, 15000, 'elltwo', 'genrr', 0.0006457455593336658, 0.0010000000474974513, 97.03438425064087, '2024-08-03 12:51:20', 0, 999)
pval: [0.001] -- 174th test, time elapsed 97.03438425064087 -- emperical power so far (from test_start): 1.0
db insert success
(175, 40, 0.015, 2, 15000, 'elltwo', 'genrr', 0.0006405989732649747, 0.0010000000474974513, 96.90420293807983, '2024-08-03 12:53:11', 0, 999)
pval: [0.001] -- 175th test, time elapsed 96.90420293807983 -- emperical power so far (from test_start): 1.0
db insert success
(176, 40, 0.015, 2, 15000, 'elltwo', 'genrr', 0.0005734416404057155, 0.0010000000474974513, 97.69982361793518, '2024-08-03 12:55:01', 0, 999)
pval: [0.001] -- 176th test, time elapsed 97.69982361793518 -- emperical power so far (from test_start): 1.0
db insert success
(177, 40, 0.015, 2, 15000, 'elltwo', 'genrr', 0.0007003977159959762, 0.0010000000474974513, 96.6581494808197, '2024-08-03 12:56:59', 0, 999)
pval: [0.001] -- 177th test, time elapsed 96.6581494808197 -- emperical power so far (from test_start): 1.0
db insert success
(178, 40, 0.015, 2, 15000, 'elltwo', 'genrr', 0.0008343919425740157, 0.0010000000474974513, 96.92675185203552, '2024-08-03 12:58:48', 0, 999)
pval: [0.001] -- 178th test, time elapsed 96.92675185203552 -- emperical power so far (from test_start): 1.0
db insert success
(179, 40, 0.015, 2, 15000, 'elltwo', 'genrr', 0.0006484063838329765, 0.0010000000474974513, 97.55675101280212, '2024-08-03 13:00:30', 0, 999)
pval: [0.001] -- 179th test, time elapsed 97.55675101280212 -- emperical power so far (from test_start): 1.0
db insert success
(180, 40, 0.015, 2, 15000, 'elltwo', 'genrr', 0.0007408877350341958, 0.0010000000474974513, 98.07104349136353, '2024-08-03 13:02:11', 0, 999)
pval: [0.001] -- 180th test, time elapsed 98.07104349136353 -- emperical power so far (from test_start): 1.0
db insert success
(181, 40, 0.015, 2, 15000, 'elltwo', 'genrr', 0.0008619304321028434, 0.0010000000474974513, 76.99986910820007, '2024-08-03 13:03:50', 0, 999)
pval: [0.001] -- 181th test, time elapsed 76.99986910820007 -- emperical power so far (from test_start): 1.0
db insert success
(182, 40, 0.015, 2, 15000, 'elltwo', 'genrr', 0.0006632516111445136, 0.0010000000474974513, 4.222447872161865, '2024-08-03 13:05:18', 0, 999)
pval: [0.001] -- 182th test, time elapsed 4.222447872161865 -- emperical power so far (from test_start): 1.0
db insert success
(183, 40, 0.015, 2, 15000, 'elltwo', 'genrr', 0.000662209963034642, 0.0010000000474974513, 4.225531578063965, '2024-08-03 13:05:34', 0, 999)
pval: [0.001] -- 183th test, time elapsed 4.225531578063965 -- emperical power so far (from test_start): 1.0
db insert success
(184, 40, 0.015, 2, 15000, 'elltwo', 'genrr', 0.0007442216645553515, 0.0010000000474974513, 4.173391819000244, '2024-08-03 13:05:58', 0, 999)
pval: [0.001] -- 184th test, time elapsed 4.173391819000244 -- emperical power so far (from test_start): 1.0
db insert success
(185, 40, 0.015, 2, 15000, 'elltwo', 'genrr', 0.0007345051104148057, 0.0010000000474974513, 50.830028772354126, '2024-08-03 13:06:15', 0, 999)
pval: [0.001] -- 185th test, time elapsed 50.830028772354126 -- emperical power so far (from test_start): 1.0
db insert success
(186, 40, 0.015, 2, 15000, 'elltwo', 'genrr', 0.0007611897640583676, 0.0010000000474974513, 97.32317018508911, '2024-08-03 13:07:17', 0, 999)
pval: [0.001] -- 186th test, time elapsed 97.32317018508911 -- emperical power so far (from test_start): 1.0
db insert success
(187, 40, 0.015, 2, 15000, 'elltwo', 'genrr', 0.0006615510485884699, 0.0010000000474974513, 98.18968200683594, '2024-08-03 13:08:58', 0, 999)
pval: [0.001] -- 187th test, time elapsed 98.18968200683594 -- emperical power so far (from test_start): 1.0
db insert success
(188, 40, 0.015, 2, 15000, 'elltwo', 'genrr', 0.0005322847253520502, 0.0010000000474974513, 97.37061882019043, '2024-08-03 13:10:39', 0, 999)
pval: [0.001] -- 188th test, time elapsed 97.37061882019043 -- emperical power so far (from test_start): 1.0
db insert success
(189, 40, 0.015, 2, 15000, 'elltwo', 'genrr', 0.0006926895956026746, 0.0010000000474974513, 97.70957517623901, '2024-08-03 13:12:37', 0, 999)
pval: [0.001] -- 189th test, time elapsed 97.70957517623901 -- emperical power so far (from test_start): 1.0
db insert success
(190, 40, 0.015, 2, 15000, 'elltwo', 'genrr', 0.0007833599887400108, 0.0010000000474974513, 98.3952431678772, '2024-08-03 13:14:27', 0, 999)
pval: [0.001] -- 190th test, time elapsed 98.3952431678772 -- emperical power so far (from test_start): 1.0
db insert success
(191, 40, 0.015, 2, 15000, 'elltwo', 'genrr', 0.000596481713299471, 0.0010000000474974513, 99.08180284500122, '2024-08-03 13:16:06', 0, 999)
pval: [0.001] -- 191th test, time elapsed 99.08180284500122 -- emperical power so far (from test_start): 1.0
db insert success
(192, 40, 0.015, 2, 15000, 'elltwo', 'genrr', 0.0007591359180983137, 0.0010000000474974513, 98.79532051086426, '2024-08-03 13:18:01', 0, 999)
pval: [0.001] -- 192th test, time elapsed 98.79532051086426 -- emperical power so far (from test_start): 1.0
db insert success
(193, 40, 0.015, 2, 15000, 'elltwo', 'genrr', 0.0006121622774852772, 0.0010000000474974513, 99.2480115890503, '2024-08-03 13:19:59', 0, 999)
pval: [0.001] -- 193th test, time elapsed 99.2480115890503 -- emperical power so far (from test_start): 1.0
db insert success
(194, 40, 0.015, 2, 15000, 'elltwo', 'genrr', 0.0006929727706292549, 0.0010000000474974513, 99.35310578346252, '2024-08-03 13:21:53', 0, 999)
pval: [0.001] -- 194th test, time elapsed 99.35310578346252 -- emperical power so far (from test_start): 1.0
db insert success
(195, 40, 0.015, 2, 15000, 'elltwo', 'genrr', 0.0008351663699062567, 0.0010000000474974513, 98.57495951652527, '2024-08-03 13:23:51', 0, 999)
pval: [0.001] -- 195th test, time elapsed 98.57495951652527 -- emperical power so far (from test_start): 1.0
db insert success
(196, 40, 0.015, 2, 15000, 'elltwo', 'genrr', 0.0006016991414243347, 0.0010000000474974513, 99.56846737861633, '2024-08-03 13:25:40', 0, 999)
pval: [0.001] -- 196th test, time elapsed 99.56846737861633 -- emperical power so far (from test_start): 1.0
db insert success
(197, 40, 0.015, 2, 15000, 'elltwo', 'genrr', 0.0007521495892318861, 0.0010000000474974513, 99.52601981163025, '2024-08-03 13:27:32', 0, 999)
pval: [0.001] -- 197th test, time elapsed 99.52601981163025 -- emperical power so far (from test_start): 1.0
db insert success
(198, 40, 0.015, 2, 15000, 'elltwo', 'genrr', 0.0008251822062212352, 0.0010000000474974513, 99.4278736114502, '2024-08-03 13:29:12', 0, 999)
pval: [0.001] -- 198th test, time elapsed 99.4278736114502 -- emperical power so far (from test_start): 1.0
db insert success
(199, 40, 0.015, 2, 15000, 'elltwo', 'genrr', 0.0006356144537042682, 0.0010000000474974513, 98.95213961601257, '2024-08-03 13:30:53', 0, 999)
pval: [0.001] -- 199th test, time elapsed 98.95213961601257 -- emperical power so far (from test_start): 1.0
db insert success
(200, 40, 0.015, 2, 15000, 'elltwo', 'genrr', 0.0004743909137647148, 0.0010000000474974513, 98.04538941383362, '2024-08-03 13:32:43', 0, 999)
pval: [0.001] -- 200th test, time elapsed 98.04538941383362 -- emperical power so far (from test_start): 1.0
db insert success
18893.61338376999
