bitflipprojchi, alpha=1, sample size=3200
#########################################
tensor(0.3775)
tensor(0.3775)
(1, 3, 0, 1, 3200, 'projchi', 'bitflip', 65.61397552490234, 0.3880000114440918, 1.736792802810669, '2024-07-24 09:18:55', 4, 999)
pval: [0.38800001] -- 1th test, time elapsed 1.736792802810669 -- emperical power so far (from test_start): 0.0
db insert success
tensor(0.3775)
tensor(0.3775)
(2, 3, 0, 1, 3200, 'projchi', 'bitflip', 76.95419311523438, 0.12300000339746475, 1.5100457668304443, '2024-07-24 09:19:16', 4, 999)
pval: [0.123] -- 2th test, time elapsed 1.5100457668304443 -- emperical power so far (from test_start): 0.0
db insert success
tensor(0.3775)
tensor(0.3775)
(3, 3, 0, 1, 3200, 'projchi', 'bitflip', 96.12329864501953, 0.007000000216066837, 1.505190134048462, '2024-07-24 09:19:34', 4, 999)
pval: [0.007] -- 3th test, time elapsed 1.505190134048462 -- emperical power so far (from test_start): 0.3333333333333333
db insert success
tensor(0.3775)
tensor(0.3775)
(4, 3, 0, 1, 3200, 'projchi', 'bitflip', 55.718814849853516, 0.7450000643730164, 1.510801076889038, '2024-07-24 09:19:47', 4, 999)
pval: [0.74500006] -- 4th test, time elapsed 1.510801076889038 -- emperical power so far (from test_start): 0.25
db insert success
tensor(0.3775)
tensor(0.3775)
(5, 3, 0, 1, 3200, 'projchi', 'bitflip', 55.135284423828125, 0.7700000405311584, 1.5003411769866943, '2024-07-24 09:19:51', 4, 999)
pval: [0.77000004] -- 5th test, time elapsed 1.5003411769866943 -- emperical power so far (from test_start): 0.2
db insert success
tensor(0.3775)
tensor(0.3775)
(6, 3, 0, 1, 3200, 'projchi', 'bitflip', 73.36282348632812, 0.15000000596046448, 1.5118889808654785, '2024-07-24 09:19:59', 4, 999)
pval: [0.15000001] -- 6th test, time elapsed 1.5118889808654785 -- emperical power so far (from test_start): 0.16666666666666666
db insert success
tensor(0.3775)
tensor(0.3775)
(7, 3, 0, 1, 3200, 'projchi', 'bitflip', 79.70916748046875, 0.06300000101327896, 1.5056817531585693, '2024-07-24 09:20:15', 4, 999)
pval: [0.063] -- 7th test, time elapsed 1.5056817531585693 -- emperical power so far (from test_start): 0.14285714285714285
db insert success
tensor(0.3775)
tensor(0.3775)
(8, 3, 0, 1, 3200, 'projchi', 'bitflip', 89.34430694580078, 0.02200000174343586, 1.508681058883667, '2024-07-24 09:20:27', 4, 999)
pval: [0.022] -- 8th test, time elapsed 1.508681058883667 -- emperical power so far (from test_start): 0.25
db insert success
tensor(0.3775)
tensor(0.3775)
(9, 3, 0, 1, 3200, 'projchi', 'bitflip', 57.335365295410156, 0.6730000376701355, 1.5206704139709473, '2024-07-24 09:20:49', 4, 999)
pval: [0.67300004] -- 9th test, time elapsed 1.5206704139709473 -- emperical power so far (from test_start): 0.2222222222222222
db insert success
tensor(0.3775)
tensor(0.3775)
(10, 3, 0, 1, 3200, 'projchi', 'bitflip', 77.8458023071289, 0.11700000613927841, 1.513080358505249, '2024-07-24 09:20:53', 4, 999)
pval: [0.11700001] -- 10th test, time elapsed 1.513080358505249 -- emperical power so far (from test_start): 0.2
db insert success
tensor(0.3775)
tensor(0.3775)
(11, 3, 0, 1, 3200, 'projchi', 'bitflip', 74.28107452392578, 0.16500000655651093, 1.501699447631836, '2024-07-24 09:21:01', 4, 999)
pval: [0.16500001] -- 11th test, time elapsed 1.501699447631836 -- emperical power so far (from test_start): 0.18181818181818182
db insert success
tensor(0.3775)
tensor(0.3775)
(12, 3, 0, 1, 3200, 'projchi', 'bitflip', 62.209999084472656, 0.49000000953674316, 1.505753517150879, '2024-07-24 09:21:09', 4, 999)
pval: [0.49000001] -- 12th test, time elapsed 1.505753517150879 -- emperical power so far (from test_start): 0.16666666666666666
db insert success
tensor(0.3775)
tensor(0.3775)
(13, 3, 0, 1, 3200, 'projchi', 'bitflip', 83.86344909667969, 0.0430000014603138, 1.5453135967254639, '2024-07-24 09:21:19', 4, 999)
pval: [0.043] -- 13th test, time elapsed 1.5453135967254639 -- emperical power so far (from test_start): 0.23076923076923078
db insert success
tensor(0.3775)
tensor(0.3775)
(14, 3, 0, 1, 3200, 'projchi', 'bitflip', 70.1800765991211, 0.24300001561641693, 1.537235975265503, '2024-07-24 09:21:29', 4, 999)
pval: [0.24300002] -- 14th test, time elapsed 1.537235975265503 -- emperical power so far (from test_start): 0.21428571428571427
db insert success
tensor(0.3775)
tensor(0.3775)
(15, 3, 0, 1, 3200, 'projchi', 'bitflip', 92.72797393798828, 0.010000000707805157, 1.5053980350494385, '2024-07-24 09:21:49', 4, 999)
pval: [0.01] -- 15th test, time elapsed 1.5053980350494385 -- emperical power so far (from test_start): 0.26666666666666666
db insert success
tensor(0.3775)
tensor(0.3775)
(16, 3, 0, 1, 3200, 'projchi', 'bitflip', 72.00605010986328, 0.19500000774860382, 1.5255279541015625, '2024-07-24 09:22:02', 4, 999)
pval: [0.19500001] -- 16th test, time elapsed 1.5255279541015625 -- emperical power so far (from test_start): 0.25
db insert success
tensor(0.3775)
tensor(0.3775)
(17, 3, 0, 1, 3200, 'projchi', 'bitflip', 68.22886657714844, 0.328000009059906, 1.501159429550171, '2024-07-24 09:22:22', 4, 999)
pval: [0.32800001] -- 17th test, time elapsed 1.501159429550171 -- emperical power so far (from test_start): 0.23529411764705882
db insert success
tensor(0.3775)
tensor(0.3775)
(18, 3, 0, 1, 3200, 'projchi', 'bitflip', 103.42866516113281, 0.0010000000474974513, 1.505188226699829, '2024-07-24 09:22:26', 4, 999)
pval: [0.001] -- 18th test, time elapsed 1.505188226699829 -- emperical power so far (from test_start): 0.2777777777777778
db insert success
tensor(0.3775)
tensor(0.3775)
(19, 3, 0, 1, 3200, 'projchi', 'bitflip', 61.346580505371094, 0.5060000419616699, 1.5020241737365723, '2024-07-24 09:22:32', 4, 999)
pval: [0.50600004] -- 19th test, time elapsed 1.5020241737365723 -- emperical power so far (from test_start): 0.2631578947368421
db insert success
tensor(0.3775)
tensor(0.3775)
(20, 3, 0, 1, 3200, 'projchi', 'bitflip', 87.56185913085938, 0.020000001415610313, 1.5069537162780762, '2024-07-24 09:22:47', 4, 999)
pval: [0.02] -- 20th test, time elapsed 1.5069537162780762 -- emperical power so far (from test_start): 0.3
db insert success
tensor(0.3775)
tensor(0.3775)
(21, 3, 0, 1, 3200, 'projchi', 'bitflip', 82.45216369628906, 0.039000000804662704, 1.4972949028015137, '2024-07-24 09:22:57', 4, 999)
pval: [0.039] -- 21th test, time elapsed 1.4972949028015137 -- emperical power so far (from test_start): 0.3333333333333333
db insert success
tensor(0.3775)
tensor(0.3775)
(22, 3, 0, 1, 3200, 'projchi', 'bitflip', 48.13703918457031, 0.9080000519752502, 1.5028789043426514, '2024-07-24 09:23:09', 4, 999)
pval: [0.90800005] -- 22th test, time elapsed 1.5028789043426514 -- emperical power so far (from test_start): 0.3181818181818182
db insert success
tensor(0.3775)
tensor(0.3775)
(23, 3, 0, 1, 3200, 'projchi', 'bitflip', 60.35598373413086, 0.581000030040741, 1.505913496017456, '2024-07-24 09:23:12', 4, 999)
pval: [0.58100003] -- 23th test, time elapsed 1.505913496017456 -- emperical power so far (from test_start): 0.30434782608695654
db insert success
tensor(0.3775)
tensor(0.3775)
(24, 3, 0, 1, 3200, 'projchi', 'bitflip', 66.3491439819336, 0.3450000286102295, 1.5054073333740234, '2024-07-24 09:23:23', 4, 999)
pval: [0.34500003] -- 24th test, time elapsed 1.5054073333740234 -- emperical power so far (from test_start): 0.2916666666666667
db insert success
tensor(0.3775)
tensor(0.3775)
(25, 3, 0, 1, 3200, 'projchi', 'bitflip', 48.74886703491211, 0.921000063419342, 1.4996509552001953, '2024-07-24 09:23:33', 4, 999)
pval: [0.92100006] -- 25th test, time elapsed 1.4996509552001953 -- emperical power so far (from test_start): 0.28
db insert success
tensor(0.3775)
tensor(0.3775)
(26, 3, 0, 1, 3200, 'projchi', 'bitflip', 84.88290405273438, 0.02500000037252903, 1.509526014328003, '2024-07-24 09:23:38', 4, 999)
pval: [0.025] -- 26th test, time elapsed 1.509526014328003 -- emperical power so far (from test_start): 0.3076923076923077
db insert success
tensor(0.3775)
tensor(0.3775)
(27, 3, 0, 1, 3200, 'projchi', 'bitflip', 68.85810089111328, 0.25600001215934753, 1.4985935688018799, '2024-07-24 09:23:50', 4, 999)
pval: [0.25600001] -- 27th test, time elapsed 1.4985935688018799 -- emperical power so far (from test_start): 0.2962962962962963
db insert success
tensor(0.3775)
tensor(0.3775)
(28, 3, 0, 1, 3200, 'projchi', 'bitflip', 71.2948226928711, 0.23000000417232513, 1.509145736694336, '2024-07-24 09:24:10', 4, 999)
pval: [0.23] -- 28th test, time elapsed 1.509145736694336 -- emperical power so far (from test_start): 0.2857142857142857
db insert success
tensor(0.3775)
tensor(0.3775)
(29, 3, 0, 1, 3200, 'projchi', 'bitflip', 78.98271942138672, 0.08900000154972076, 1.5235323905944824, '2024-07-24 09:24:17', 4, 999)
pval: [0.089] -- 29th test, time elapsed 1.5235323905944824 -- emperical power so far (from test_start): 0.27586206896551724
db insert success
tensor(0.3775)
tensor(0.3775)
(30, 3, 0, 1, 3200, 'projchi', 'bitflip', 88.43860626220703, 0.02500000037252903, 1.5292296409606934, '2024-07-24 09:24:31', 4, 999)
pval: [0.025] -- 30th test, time elapsed 1.5292296409606934 -- emperical power so far (from test_start): 0.3
db insert success
tensor(0.3775)
tensor(0.3775)
(31, 3, 0, 1, 3200, 'projchi', 'bitflip', 48.74808883666992, 0.906000018119812, 1.509570837020874, '2024-07-24 09:24:43', 4, 999)
pval: [0.90600002] -- 31th test, time elapsed 1.509570837020874 -- emperical power so far (from test_start): 0.2903225806451613
db insert success
tensor(0.3775)
tensor(0.3775)
(32, 3, 0, 1, 3200, 'projchi', 'bitflip', 68.30650329589844, 0.3140000104904175, 1.5038979053497314, '2024-07-24 09:24:46', 4, 999)
pval: [0.31400001] -- 32th test, time elapsed 1.5038979053497314 -- emperical power so far (from test_start): 0.28125
db insert success
tensor(0.3775)
tensor(0.3775)
(33, 3, 0, 1, 3200, 'projchi', 'bitflip', 70.95513916015625, 0.22300000488758087, 1.4989323616027832, '2024-07-24 09:25:08', 4, 999)
pval: [0.223] -- 33th test, time elapsed 1.4989323616027832 -- emperical power so far (from test_start): 0.2727272727272727
db insert success
tensor(0.3775)
tensor(0.3775)
(34, 3, 0, 1, 3200, 'projchi', 'bitflip', 65.49283599853516, 0.38700002431869507, 1.5049545764923096, '2024-07-24 09:25:11', 4, 999)
pval: [0.38700002] -- 34th test, time elapsed 1.5049545764923096 -- emperical power so far (from test_start): 0.2647058823529412
db insert success
tensor(0.3775)
tensor(0.3775)
(35, 3, 0, 1, 3200, 'projchi', 'bitflip', 73.36376190185547, 0.1550000011920929, 1.5013210773468018, '2024-07-24 09:25:24', 4, 999)
pval: [0.155] -- 35th test, time elapsed 1.5013210773468018 -- emperical power so far (from test_start): 0.2571428571428571
db insert success
tensor(0.3775)
tensor(0.3775)
(36, 3, 0, 1, 3200, 'projchi', 'bitflip', 58.00959014892578, 0.64000004529953, 1.507286548614502, '2024-07-24 09:25:32', 4, 999)
pval: [0.64000005] -- 36th test, time elapsed 1.507286548614502 -- emperical power so far (from test_start): 0.25
db insert success
tensor(0.3775)
tensor(0.3775)
(37, 3, 0, 1, 3200, 'projchi', 'bitflip', 82.7957992553711, 0.04100000113248825, 1.5061514377593994, '2024-07-24 09:25:41', 4, 999)
pval: [0.041] -- 37th test, time elapsed 1.5061514377593994 -- emperical power so far (from test_start): 0.2702702702702703
db insert success
tensor(0.3775)
tensor(0.3775)
(38, 3, 0, 1, 3200, 'projchi', 'bitflip', 78.54379272460938, 0.0950000062584877, 1.5197398662567139, '2024-07-24 09:26:03', 4, 999)
pval: [0.09500001] -- 38th test, time elapsed 1.5197398662567139 -- emperical power so far (from test_start): 0.2631578947368421
db insert success
tensor(0.3775)
tensor(0.3775)
(39, 3, 0, 1, 3200, 'projchi', 'bitflip', 76.57057189941406, 0.10200000554323196, 1.5045711994171143, '2024-07-24 09:26:19', 4, 999)
pval: [0.10200001] -- 39th test, time elapsed 1.5045711994171143 -- emperical power so far (from test_start): 0.2564102564102564
db insert success
tensor(0.3775)
tensor(0.3775)
(40, 3, 0, 1, 3200, 'projchi', 'bitflip', 57.36894607543945, 0.7020000219345093, 1.500173568725586, '2024-07-24 09:26:28', 4, 999)
pval: [0.70200002] -- 40th test, time elapsed 1.500173568725586 -- emperical power so far (from test_start): 0.25
db insert success
tensor(0.3775)
tensor(0.3775)
(41, 3, 0, 1, 3200, 'projchi', 'bitflip', 59.53090286254883, 0.5690000057220459, 1.500375509262085, '2024-07-24 09:26:34', 4, 999)
pval: [0.56900001] -- 41th test, time elapsed 1.500375509262085 -- emperical power so far (from test_start): 0.24390243902439024
db insert success
tensor(0.3775)
tensor(0.3775)
(42, 3, 0, 1, 3200, 'projchi', 'bitflip', 84.37371063232422, 0.046000003814697266, 1.5069844722747803, '2024-07-24 09:26:43', 4, 999)
pval: [0.046] -- 42th test, time elapsed 1.5069844722747803 -- emperical power so far (from test_start): 0.2619047619047619
db insert success
tensor(0.3775)
tensor(0.3775)
(43, 3, 0, 1, 3200, 'projchi', 'bitflip', 83.17643737792969, 0.04400000348687172, 1.5003323554992676, '2024-07-24 09:26:49', 4, 999)
pval: [0.044] -- 43th test, time elapsed 1.5003323554992676 -- emperical power so far (from test_start): 0.27906976744186046
db insert success
tensor(0.3775)
tensor(0.3775)
(44, 3, 0, 1, 3200, 'projchi', 'bitflip', 61.602420806884766, 0.51500004529953, 1.5048460960388184, '2024-07-24 09:26:59', 4, 999)
pval: [0.51500005] -- 44th test, time elapsed 1.5048460960388184 -- emperical power so far (from test_start): 0.2727272727272727
db insert success
tensor(0.3775)
tensor(0.3775)
(45, 3, 0, 1, 3200, 'projchi', 'bitflip', 56.045936584472656, 0.7210000157356262, 1.5021777153015137, '2024-07-24 09:27:19', 4, 999)
pval: [0.72100002] -- 45th test, time elapsed 1.5021777153015137 -- emperical power so far (from test_start): 0.26666666666666666
db insert success
tensor(0.3775)
tensor(0.3775)
(46, 3, 0, 1, 3200, 'projchi', 'bitflip', 60.857540130615234, 0.5760000348091125, 1.5097081661224365, '2024-07-24 09:27:24', 4, 999)
pval: [0.57600003] -- 46th test, time elapsed 1.5097081661224365 -- emperical power so far (from test_start): 0.2608695652173913
db insert success
tensor(0.3775)
tensor(0.3775)
(47, 3, 0, 1, 3200, 'projchi', 'bitflip', 76.369873046875, 0.13300000131130219, 1.5031375885009766, '2024-07-24 09:27:33', 4, 999)
pval: [0.133] -- 47th test, time elapsed 1.5031375885009766 -- emperical power so far (from test_start): 0.2553191489361702
db insert success
tensor(0.3775)
tensor(0.3775)
(48, 3, 0, 1, 3200, 'projchi', 'bitflip', 57.64578628540039, 0.6770000457763672, 1.5064001083374023, '2024-07-24 09:27:48', 4, 999)
pval: [0.67700005] -- 48th test, time elapsed 1.5064001083374023 -- emperical power so far (from test_start): 0.25
db insert success
tensor(0.3775)
tensor(0.3775)
(49, 3, 0, 1, 3200, 'projchi', 'bitflip', 80.49324798583984, 0.06400000303983688, 1.4980688095092773, '2024-07-24 09:28:02', 4, 999)
pval: [0.064] -- 49th test, time elapsed 1.4980688095092773 -- emperical power so far (from test_start): 0.24489795918367346
db insert success
tensor(0.3775)
tensor(0.3775)
(50, 3, 0, 1, 3200, 'projchi', 'bitflip', 60.623146057128906, 0.5540000200271606, 1.4992070198059082, '2024-07-24 09:28:14', 4, 999)
pval: [0.55400002] -- 50th test, time elapsed 1.4992070198059082 -- emperical power so far (from test_start): 0.24
db insert success
tensor(0.3775)
tensor(0.3775)
(51, 3, 0, 1, 3200, 'projchi', 'bitflip', 53.17975997924805, 0.8140000104904175, 1.4950268268585205, '2024-07-24 09:28:20', 4, 999)
pval: [0.81400001] -- 51th test, time elapsed 1.4950268268585205 -- emperical power so far (from test_start): 0.23529411764705882
db insert success
tensor(0.3775)
tensor(0.3775)
(52, 3, 0, 1, 3200, 'projchi', 'bitflip', 116.85780334472656, 0.0010000000474974513, 1.4943222999572754, '2024-07-24 09:28:34', 4, 999)
pval: [0.001] -- 52th test, time elapsed 1.4943222999572754 -- emperical power so far (from test_start): 0.25
db insert success
tensor(0.3775)
tensor(0.3775)
(53, 3, 0, 1, 3200, 'projchi', 'bitflip', 65.09487915039062, 0.3890000283718109, 1.4943530559539795, '2024-07-24 09:28:52', 4, 999)
pval: [0.38900003] -- 53th test, time elapsed 1.4943530559539795 -- emperical power so far (from test_start): 0.24528301886792453
db insert success
tensor(0.3775)
tensor(0.3775)
(54, 3, 0, 1, 3200, 'projchi', 'bitflip', 71.79570007324219, 0.23100000619888306, 1.5347802639007568, '2024-07-24 09:28:59', 4, 999)
pval: [0.23100001] -- 54th test, time elapsed 1.5347802639007568 -- emperical power so far (from test_start): 0.24074074074074073
db insert success
tensor(0.3775)
tensor(0.3775)
(55, 3, 0, 1, 3200, 'projchi', 'bitflip', 80.67399597167969, 0.07300000637769699, 1.4904534816741943, '2024-07-24 09:29:03', 4, 999)
pval: [0.07300001] -- 55th test, time elapsed 1.4904534816741943 -- emperical power so far (from test_start): 0.23636363636363636
db insert success
tensor(0.3775)
tensor(0.3775)
(56, 3, 0, 1, 3200, 'projchi', 'bitflip', 97.75888061523438, 0.005000000353902578, 1.4943594932556152, '2024-07-24 09:29:10', 4, 999)
pval: [0.005] -- 56th test, time elapsed 1.4943594932556152 -- emperical power so far (from test_start): 0.25
db insert success
tensor(0.3775)
tensor(0.3775)
(57, 3, 0, 1, 3200, 'projchi', 'bitflip', 58.30134201049805, 0.6460000276565552, 1.5147409439086914, '2024-07-24 09:29:31', 4, 999)
pval: [0.64600003] -- 57th test, time elapsed 1.5147409439086914 -- emperical power so far (from test_start): 0.24561403508771928
db insert success
tensor(0.3775)
tensor(0.3775)
(58, 3, 0, 1, 3200, 'projchi', 'bitflip', 89.98649597167969, 0.009000000543892384, 1.4950549602508545, '2024-07-24 09:29:39', 4, 999)
pval: [0.009] -- 58th test, time elapsed 1.4950549602508545 -- emperical power so far (from test_start): 0.25862068965517243
db insert success
tensor(0.3775)
tensor(0.3775)
(59, 3, 0, 1, 3200, 'projchi', 'bitflip', 53.30181121826172, 0.784000039100647, 1.4863107204437256, '2024-07-24 09:29:52', 4, 999)
pval: [0.78400004] -- 59th test, time elapsed 1.4863107204437256 -- emperical power so far (from test_start): 0.2542372881355932
db insert success
tensor(0.3775)
tensor(0.3775)
(60, 3, 0, 1, 3200, 'projchi', 'bitflip', 73.30050659179688, 0.17800000309944153, 1.4948396682739258, '2024-07-24 09:29:58', 4, 999)
pval: [0.178] -- 60th test, time elapsed 1.4948396682739258 -- emperical power so far (from test_start): 0.25
db insert success
tensor(0.3775)
tensor(0.3775)
(61, 3, 0, 1, 3200, 'projchi', 'bitflip', 83.03633117675781, 0.052000001072883606, 1.4874930381774902, '2024-07-24 09:30:02', 4, 999)
pval: [0.052] -- 61th test, time elapsed 1.4874930381774902 -- emperical power so far (from test_start): 0.2459016393442623
db insert success
tensor(0.3775)
tensor(0.3775)
(62, 3, 0, 1, 3200, 'projchi', 'bitflip', 92.96527099609375, 0.012000000104308128, 1.4927952289581299, '2024-07-24 09:30:12', 4, 999)
pval: [0.012] -- 62th test, time elapsed 1.4927952289581299 -- emperical power so far (from test_start): 0.25806451612903225
db insert success
tensor(0.3775)
tensor(0.3775)
(63, 3, 0, 1, 3200, 'projchi', 'bitflip', 102.19207763671875, 0.003000000026077032, 1.4935779571533203, '2024-07-24 09:30:32', 4, 999)
pval: [0.003] -- 63th test, time elapsed 1.4935779571533203 -- emperical power so far (from test_start): 0.2698412698412698
db insert success
tensor(0.3775)
tensor(0.3775)
(64, 3, 0, 1, 3200, 'projchi', 'bitflip', 49.38766098022461, 0.9120000600814819, 1.4959924221038818, '2024-07-24 09:30:53', 4, 999)
pval: [0.91200006] -- 64th test, time elapsed 1.4959924221038818 -- emperical power so far (from test_start): 0.265625
db insert success
tensor(0.3775)
tensor(0.3775)
(65, 3, 0, 1, 3200, 'projchi', 'bitflip', 76.55416870117188, 0.11400000751018524, 1.5004582405090332, '2024-07-24 09:31:06', 4, 999)
pval: [0.11400001] -- 65th test, time elapsed 1.5004582405090332 -- emperical power so far (from test_start): 0.26153846153846155
db insert success
tensor(0.3775)
tensor(0.3775)
(66, 3, 0, 1, 3200, 'projchi', 'bitflip', 75.53965759277344, 0.12800000607967377, 1.5182886123657227, '2024-07-24 09:31:20', 4, 999)
pval: [0.12800001] -- 66th test, time elapsed 1.5182886123657227 -- emperical power so far (from test_start): 0.25757575757575757
db insert success
tensor(0.3775)
tensor(0.3775)
(67, 3, 0, 1, 3200, 'projchi', 'bitflip', 58.6352653503418, 0.6460000276565552, 1.5328600406646729, '2024-07-24 09:31:25', 4, 999)
pval: [0.64600003] -- 67th test, time elapsed 1.5328600406646729 -- emperical power so far (from test_start): 0.2537313432835821
db insert success
tensor(0.3775)
tensor(0.3775)
(68, 3, 0, 1, 3200, 'projchi', 'bitflip', 54.24720001220703, 0.784000039100647, 1.5343146324157715, '2024-07-24 09:31:39', 4, 999)
pval: [0.78400004] -- 68th test, time elapsed 1.5343146324157715 -- emperical power so far (from test_start): 0.25
db insert success
tensor(0.3775)
tensor(0.3775)
(69, 3, 0, 1, 3200, 'projchi', 'bitflip', 73.6390609741211, 0.17800000309944153, 1.4899919033050537, '2024-07-24 09:31:54', 4, 999)
pval: [0.178] -- 69th test, time elapsed 1.4899919033050537 -- emperical power so far (from test_start): 0.2463768115942029
db insert success
tensor(0.3775)
tensor(0.3775)
(70, 3, 0, 1, 3200, 'projchi', 'bitflip', 60.4151496887207, 0.5830000042915344, 1.4986722469329834, '2024-07-24 09:32:03', 4, 999)
pval: [0.583] -- 70th test, time elapsed 1.4986722469329834 -- emperical power so far (from test_start): 0.24285714285714285
db insert success
tensor(0.3775)
tensor(0.3775)
(71, 3, 0, 1, 3200, 'projchi', 'bitflip', 47.59461975097656, 0.9300000667572021, 1.4850006103515625, '2024-07-24 09:32:12', 4, 999)
pval: [0.93000007] -- 71th test, time elapsed 1.4850006103515625 -- emperical power so far (from test_start): 0.23943661971830985
db insert success
tensor(0.3775)
tensor(0.3775)
(72, 3, 0, 1, 3200, 'projchi', 'bitflip', 54.03604507446289, 0.7730000615119934, 1.4917540550231934, '2024-07-24 09:32:32', 4, 999)
pval: [0.77300006] -- 72th test, time elapsed 1.4917540550231934 -- emperical power so far (from test_start): 0.2361111111111111
db insert success
tensor(0.3775)
tensor(0.3775)
(73, 3, 0, 1, 3200, 'projchi', 'bitflip', 61.506534576416016, 0.5480000376701355, 1.481590986251831, '2024-07-24 09:32:51', 4, 999)
pval: [0.54800004] -- 73th test, time elapsed 1.481590986251831 -- emperical power so far (from test_start): 0.2328767123287671
db insert success
tensor(0.3775)
tensor(0.3775)
(74, 3, 0, 1, 3200, 'projchi', 'bitflip', 88.14952850341797, 0.018000001087784767, 1.4928483963012695, '2024-07-24 09:33:02', 4, 999)
pval: [0.018] -- 74th test, time elapsed 1.4928483963012695 -- emperical power so far (from test_start): 0.24324324324324326
db insert success
tensor(0.3775)
tensor(0.3775)
(75, 3, 0, 1, 3200, 'projchi', 'bitflip', 56.73969268798828, 0.7150000333786011, 1.4876327514648438, '2024-07-24 09:33:13', 4, 999)
pval: [0.71500003] -- 75th test, time elapsed 1.4876327514648438 -- emperical power so far (from test_start): 0.24
db insert success
tensor(0.3775)
tensor(0.3775)
(76, 3, 0, 1, 3200, 'projchi', 'bitflip', 66.65017700195312, 0.3270000219345093, 1.491485834121704, '2024-07-24 09:33:29', 4, 999)
pval: [0.32700002] -- 76th test, time elapsed 1.491485834121704 -- emperical power so far (from test_start): 0.23684210526315788
db insert success
tensor(0.3775)
tensor(0.3775)
(77, 3, 0, 1, 3200, 'projchi', 'bitflip', 68.78323364257812, 0.3050000071525574, 1.5313804149627686, '2024-07-24 09:33:38', 4, 999)
pval: [0.30500001] -- 77th test, time elapsed 1.5313804149627686 -- emperical power so far (from test_start): 0.23376623376623376
db insert success
tensor(0.3775)
tensor(0.3775)
(78, 3, 0, 1, 3200, 'projchi', 'bitflip', 89.09292602539062, 0.013000000268220901, 1.5306661128997803, '2024-07-24 09:33:47', 4, 999)
pval: [0.013] -- 78th test, time elapsed 1.5306661128997803 -- emperical power so far (from test_start): 0.24358974358974358
db insert success
tensor(0.3775)
tensor(0.3775)
(79, 3, 0, 1, 3200, 'projchi', 'bitflip', 89.84031677246094, 0.012000000104308128, 1.4973537921905518, '2024-07-24 09:33:51', 4, 999)
pval: [0.012] -- 79th test, time elapsed 1.4973537921905518 -- emperical power so far (from test_start): 0.25316455696202533
db insert success
tensor(0.3775)
tensor(0.3775)
(80, 3, 0, 1, 3200, 'projchi', 'bitflip', 67.13817596435547, 0.3400000035762787, 1.5286879539489746, '2024-07-24 09:34:07', 4, 999)
pval: [0.34] -- 80th test, time elapsed 1.5286879539489746 -- emperical power so far (from test_start): 0.25
db insert success
tensor(0.3775)
tensor(0.3775)
(81, 3, 0, 1, 3200, 'projchi', 'bitflip', 78.1265640258789, 0.08500000089406967, 1.4838025569915771, '2024-07-24 09:34:23', 4, 999)
pval: [0.085] -- 81th test, time elapsed 1.4838025569915771 -- emperical power so far (from test_start): 0.24691358024691357
db insert success
tensor(0.3775)
tensor(0.3775)
(82, 3, 0, 1, 3200, 'projchi', 'bitflip', 58.40232467651367, 0.609000027179718, 1.4877636432647705, '2024-07-24 09:34:39', 4, 999)
pval: [0.60900003] -- 82th test, time elapsed 1.4877636432647705 -- emperical power so far (from test_start): 0.24390243902439024
db insert success
tensor(0.3775)
tensor(0.3775)
(83, 3, 0, 1, 3200, 'projchi', 'bitflip', 67.44800567626953, 0.3190000057220459, 1.4887933731079102, '2024-07-24 09:35:01', 4, 999)
pval: [0.31900001] -- 83th test, time elapsed 1.4887933731079102 -- emperical power so far (from test_start): 0.24096385542168675
db insert success
tensor(0.3775)
tensor(0.3775)
(84, 3, 0, 1, 3200, 'projchi', 'bitflip', 72.44457244873047, 0.20100000500679016, 1.489405632019043, '2024-07-24 09:35:03', 4, 999)
pval: [0.20100001] -- 84th test, time elapsed 1.489405632019043 -- emperical power so far (from test_start): 0.23809523809523808
db insert success
tensor(0.3775)
tensor(0.3775)
(85, 3, 0, 1, 3200, 'projchi', 'bitflip', 61.230323791503906, 0.5450000166893005, 1.4864511489868164, '2024-07-24 09:35:11', 4, 999)
pval: [0.54500002] -- 85th test, time elapsed 1.4864511489868164 -- emperical power so far (from test_start): 0.23529411764705882
db insert success
tensor(0.3775)
tensor(0.3775)
(86, 3, 0, 1, 3200, 'projchi', 'bitflip', 60.31898880004883, 0.5490000247955322, 1.4915838241577148, '2024-07-24 09:35:13', 4, 999)
pval: [0.54900002] -- 86th test, time elapsed 1.4915838241577148 -- emperical power so far (from test_start): 0.23255813953488372
db insert success
tensor(0.3775)
tensor(0.3775)
(87, 3, 0, 1, 3200, 'projchi', 'bitflip', 72.09163665771484, 0.20400001108646393, 1.491698980331421, '2024-07-24 09:35:21', 4, 999)
pval: [0.20400001] -- 87th test, time elapsed 1.491698980331421 -- emperical power so far (from test_start): 0.22988505747126436
db insert success
tensor(0.3775)
tensor(0.3775)
(88, 3, 0, 1, 3200, 'projchi', 'bitflip', 81.80030822753906, 0.046000003814697266, 1.5228006839752197, '2024-07-24 09:35:38', 4, 999)
pval: [0.046] -- 88th test, time elapsed 1.5228006839752197 -- emperical power so far (from test_start): 0.23863636363636365
db insert success
tensor(0.3775)
tensor(0.3775)
(89, 3, 0, 1, 3200, 'projchi', 'bitflip', 84.38005065917969, 0.030000001192092896, 1.5290777683258057, '2024-07-24 09:35:50', 4, 999)
pval: [0.03] -- 89th test, time elapsed 1.5290777683258057 -- emperical power so far (from test_start): 0.24719101123595505
db insert success
tensor(0.3775)
tensor(0.3775)
(90, 3, 0, 1, 3200, 'projchi', 'bitflip', 64.5008773803711, 0.4150000214576721, 1.5121538639068604, '2024-07-24 09:36:06', 4, 999)
pval: [0.41500002] -- 90th test, time elapsed 1.5121538639068604 -- emperical power so far (from test_start): 0.24444444444444444
db insert success
tensor(0.3775)
tensor(0.3775)
(91, 3, 0, 1, 3200, 'projchi', 'bitflip', 65.43640899658203, 0.3800000250339508, 1.5235204696655273, '2024-07-24 09:36:10', 4, 999)
pval: [0.38000003] -- 91th test, time elapsed 1.5235204696655273 -- emperical power so far (from test_start): 0.24175824175824176
db insert success
tensor(0.3775)
tensor(0.3775)
(92, 3, 0, 1, 3200, 'projchi', 'bitflip', 60.27549362182617, 0.5960000157356262, 1.4943642616271973, '2024-07-24 09:36:15', 4, 999)
pval: [0.59600002] -- 92th test, time elapsed 1.4943642616271973 -- emperical power so far (from test_start): 0.2391304347826087
db insert success
tensor(0.3775)
tensor(0.3775)
(93, 3, 0, 1, 3200, 'projchi', 'bitflip', 64.51386260986328, 0.453000009059906, 1.493159532546997, '2024-07-24 09:36:36', 4, 999)
pval: [0.45300001] -- 93th test, time elapsed 1.493159532546997 -- emperical power so far (from test_start): 0.23655913978494625
db insert success
tensor(0.3775)
tensor(0.3775)
(94, 3, 0, 1, 3200, 'projchi', 'bitflip', 78.64234161376953, 0.08100000023841858, 1.492729902267456, '2024-07-24 09:36:58', 4, 999)
pval: [0.081] -- 94th test, time elapsed 1.492729902267456 -- emperical power so far (from test_start): 0.23404255319148937
db insert success
tensor(0.3775)
tensor(0.3775)
(95, 3, 0, 1, 3200, 'projchi', 'bitflip', 58.66614532470703, 0.6550000309944153, 1.4868254661560059, '2024-07-24 09:37:06', 4, 999)
pval: [0.65500003] -- 95th test, time elapsed 1.4868254661560059 -- emperical power so far (from test_start): 0.23157894736842105
db insert success
tensor(0.3775)
tensor(0.3775)
(96, 3, 0, 1, 3200, 'projchi', 'bitflip', 70.6283187866211, 0.25600001215934753, 1.4915997982025146, '2024-07-24 09:37:13', 4, 999)
pval: [0.25600001] -- 96th test, time elapsed 1.4915997982025146 -- emperical power so far (from test_start): 0.22916666666666666
db insert success
tensor(0.3775)
tensor(0.3775)
(97, 3, 0, 1, 3200, 'projchi', 'bitflip', 72.943359375, 0.1900000125169754, 1.4901096820831299, '2024-07-24 09:37:21', 4, 999)
pval: [0.19000001] -- 97th test, time elapsed 1.4901096820831299 -- emperical power so far (from test_start): 0.2268041237113402
db insert success
tensor(0.3775)
tensor(0.3775)
(98, 3, 0, 1, 3200, 'projchi', 'bitflip', 87.35122680664062, 0.02500000037252903, 1.4921948909759521, '2024-07-24 09:37:42', 4, 999)
pval: [0.025] -- 98th test, time elapsed 1.4921948909759521 -- emperical power so far (from test_start): 0.23469387755102042
db insert success
tensor(0.3775)
tensor(0.3775)
(99, 3, 0, 1, 3200, 'projchi', 'bitflip', 77.89871978759766, 0.10400000214576721, 1.535534381866455, '2024-07-24 09:37:50', 4, 999)
pval: [0.104] -- 99th test, time elapsed 1.535534381866455 -- emperical power so far (from test_start): 0.23232323232323232
db insert success
tensor(0.3775)
tensor(0.3775)
(100, 3, 0, 1, 3200, 'projchi', 'bitflip', 68.27032470703125, 0.32500001788139343, 1.5198233127593994, '2024-07-24 09:38:12', 4, 999)
pval: [0.32500002] -- 100th test, time elapsed 1.5198233127593994 -- emperical power so far (from test_start): 0.23
db insert success
tensor(0.3775)
tensor(0.3775)
(101, 3, 0, 1, 3200, 'projchi', 'bitflip', 85.20578002929688, 0.03200000151991844, 1.5206184387207031, '2024-07-24 09:38:30', 4, 999)
pval: [0.032] -- 101th test, time elapsed 1.5206184387207031 -- emperical power so far (from test_start): 0.2376237623762376
db insert success
tensor(0.3775)
tensor(0.3775)
(102, 3, 0, 1, 3200, 'projchi', 'bitflip', 79.62653350830078, 0.0860000029206276, 1.519031047821045, '2024-07-24 09:38:48', 4, 999)
pval: [0.086] -- 102th test, time elapsed 1.519031047821045 -- emperical power so far (from test_start): 0.23529411764705882
db insert success
tensor(0.3775)
tensor(0.3775)
(103, 3, 0, 1, 3200, 'projchi', 'bitflip', 63.912391662597656, 0.4360000193119049, 1.5233879089355469, '2024-07-24 09:38:58', 4, 999)
pval: [0.43600002] -- 103th test, time elapsed 1.5233879089355469 -- emperical power so far (from test_start): 0.23300970873786409
db insert success
tensor(0.3775)
tensor(0.3775)
(104, 3, 0, 1, 3200, 'projchi', 'bitflip', 70.84690856933594, 0.2370000183582306, 1.4832801818847656, '2024-07-24 09:39:06', 4, 999)
pval: [0.23700002] -- 104th test, time elapsed 1.4832801818847656 -- emperical power so far (from test_start): 0.23076923076923078
db insert success
tensor(0.3775)
tensor(0.3775)
(105, 3, 0, 1, 3200, 'projchi', 'bitflip', 72.33094787597656, 0.18800000846385956, 1.4831242561340332, '2024-07-24 09:39:24', 4, 999)
pval: [0.18800001] -- 105th test, time elapsed 1.4831242561340332 -- emperical power so far (from test_start): 0.22857142857142856
db insert success
tensor(0.3775)
tensor(0.3775)
(106, 3, 0, 1, 3200, 'projchi', 'bitflip', 86.2705078125, 0.029000001028180122, 1.480159044265747, '2024-07-24 09:39:44', 4, 999)
pval: [0.029] -- 106th test, time elapsed 1.480159044265747 -- emperical power so far (from test_start): 0.2358490566037736
db insert success
tensor(0.3775)
tensor(0.3775)
(107, 3, 0, 1, 3200, 'projchi', 'bitflip', 67.09449768066406, 0.34300002455711365, 1.4836089611053467, '2024-07-24 09:40:05', 4, 999)
pval: [0.34300002] -- 107th test, time elapsed 1.4836089611053467 -- emperical power so far (from test_start): 0.2336448598130841
db insert success
tensor(0.3775)
tensor(0.3775)
(108, 3, 0, 1, 3200, 'projchi', 'bitflip', 78.6807632446289, 0.0820000022649765, 1.4847123622894287, '2024-07-24 09:40:25', 4, 999)
pval: [0.082] -- 108th test, time elapsed 1.4847123622894287 -- emperical power so far (from test_start): 0.23148148148148148
db insert success
tensor(0.3775)
tensor(0.3775)
(109, 3, 0, 1, 3200, 'projchi', 'bitflip', 59.01596450805664, 0.6330000162124634, 1.485060453414917, '2024-07-24 09:40:42', 4, 999)
pval: [0.63300002] -- 109th test, time elapsed 1.485060453414917 -- emperical power so far (from test_start): 0.22935779816513763
db insert success
tensor(0.3775)
tensor(0.3775)
(110, 3, 0, 1, 3200, 'projchi', 'bitflip', 61.805755615234375, 0.527999997138977, 1.5205743312835693, '2024-07-24 09:40:50', 4, 999)
pval: [0.528] -- 110th test, time elapsed 1.5205743312835693 -- emperical power so far (from test_start): 0.22727272727272727
db insert success
tensor(0.3775)
tensor(0.3775)
(111, 3, 0, 1, 3200, 'projchi', 'bitflip', 71.8623275756836, 0.20800000429153442, 1.4986040592193604, '2024-07-24 09:40:54', 4, 999)
pval: [0.208] -- 111th test, time elapsed 1.4986040592193604 -- emperical power so far (from test_start): 0.22522522522522523
db insert success
tensor(0.3775)
tensor(0.3775)
(112, 3, 0, 1, 3200, 'projchi', 'bitflip', 71.99776458740234, 0.20500001311302185, 1.4999711513519287, '2024-07-24 09:41:02', 4, 999)
pval: [0.20500001] -- 112th test, time elapsed 1.4999711513519287 -- emperical power so far (from test_start): 0.22321428571428573
db insert success
tensor(0.3775)
tensor(0.3775)
(113, 3, 0, 1, 3200, 'projchi', 'bitflip', 70.98747253417969, 0.23500001430511475, 1.4756910800933838, '2024-07-24 09:41:23', 4, 999)
pval: [0.23500001] -- 113th test, time elapsed 1.4756910800933838 -- emperical power so far (from test_start): 0.22123893805309736
db insert success
tensor(0.3775)
tensor(0.3775)
(114, 3, 0, 1, 3200, 'projchi', 'bitflip', 113.7460708618164, 0.0010000000474974513, 1.5195541381835938, '2024-07-24 09:41:27', 4, 999)
pval: [0.001] -- 114th test, time elapsed 1.5195541381835938 -- emperical power so far (from test_start): 0.22807017543859648
db insert success
tensor(0.3775)
tensor(0.3775)
(115, 3, 0, 1, 3200, 'projchi', 'bitflip', 88.54005432128906, 0.02200000174343586, 1.474217414855957, '2024-07-24 09:41:38', 4, 999)
pval: [0.022] -- 115th test, time elapsed 1.474217414855957 -- emperical power so far (from test_start): 0.23478260869565218
db insert success
tensor(0.3775)
tensor(0.3775)
(116, 3, 0, 1, 3200, 'projchi', 'bitflip', 54.80158233642578, 0.7640000581741333, 1.4770925045013428, '2024-07-24 09:41:55', 4, 999)
pval: [0.76400006] -- 116th test, time elapsed 1.4770925045013428 -- emperical power so far (from test_start): 0.23275862068965517
db insert success
tensor(0.3775)
tensor(0.3775)
(117, 3, 0, 1, 3200, 'projchi', 'bitflip', 55.3192024230957, 0.7520000338554382, 1.4691357612609863, '2024-07-24 09:41:58', 4, 999)
pval: [0.75200003] -- 117th test, time elapsed 1.4691357612609863 -- emperical power so far (from test_start): 0.23076923076923078
db insert success
tensor(0.3775)
tensor(0.3775)
(118, 3, 0, 1, 3200, 'projchi', 'bitflip', 64.13677978515625, 0.453000009059906, 1.478628158569336, '2024-07-24 09:42:05', 4, 999)
pval: [0.45300001] -- 118th test, time elapsed 1.478628158569336 -- emperical power so far (from test_start): 0.2288135593220339
db insert success
tensor(0.3775)
tensor(0.3775)
(119, 3, 0, 1, 3200, 'projchi', 'bitflip', 54.651695251464844, 0.7680000066757202, 1.478464126586914, '2024-07-24 09:42:09', 4, 999)
pval: [0.76800001] -- 119th test, time elapsed 1.478464126586914 -- emperical power so far (from test_start): 0.226890756302521
db insert success
tensor(0.3775)
tensor(0.3775)
(120, 3, 0, 1, 3200, 'projchi', 'bitflip', 76.36680603027344, 0.12700000405311584, 1.4826509952545166, '2024-07-24 09:42:28', 4, 999)
pval: [0.127] -- 120th test, time elapsed 1.4826509952545166 -- emperical power so far (from test_start): 0.225
db insert success
tensor(0.3775)
tensor(0.3775)
(121, 3, 0, 1, 3200, 'projchi', 'bitflip', 59.07908630371094, 0.6340000033378601, 1.5239691734313965, '2024-07-24 09:42:43', 4, 999)
pval: [0.634] -- 121th test, time elapsed 1.5239691734313965 -- emperical power so far (from test_start): 0.2231404958677686
db insert success
tensor(0.3775)
tensor(0.3775)
(122, 3, 0, 1, 3200, 'projchi', 'bitflip', 47.64332962036133, 0.9140000343322754, 1.5088603496551514, '2024-07-24 09:42:58', 4, 999)
pval: [0.91400003] -- 122th test, time elapsed 1.5088603496551514 -- emperical power so far (from test_start): 0.22131147540983606
db insert success
tensor(0.3775)
tensor(0.3775)
(123, 3, 0, 1, 3200, 'projchi', 'bitflip', 88.62785339355469, 0.01600000075995922, 1.4907290935516357, '2024-07-24 09:43:12', 4, 999)
pval: [0.016] -- 123th test, time elapsed 1.4907290935516357 -- emperical power so far (from test_start): 0.22764227642276422
db insert success
tensor(0.3775)
tensor(0.3775)
(124, 3, 0, 1, 3200, 'projchi', 'bitflip', 68.31253051757812, 0.2880000174045563, 1.5260891914367676, '2024-07-24 09:43:25', 4, 999)
pval: [0.28800002] -- 124th test, time elapsed 1.5260891914367676 -- emperical power so far (from test_start): 0.22580645161290322
db insert success
tensor(0.3775)
tensor(0.3775)
(125, 3, 0, 1, 3200, 'projchi', 'bitflip', 74.53963470458984, 0.14600001275539398, 1.4755029678344727, '2024-07-24 09:43:34', 4, 999)
pval: [0.14600001] -- 125th test, time elapsed 1.4755029678344727 -- emperical power so far (from test_start): 0.224
db insert success
tensor(0.3775)
tensor(0.3775)
(126, 3, 0, 1, 3200, 'projchi', 'bitflip', 74.20597076416016, 0.15700000524520874, 1.4803783893585205, '2024-07-24 09:43:43', 4, 999)
pval: [0.15700001] -- 126th test, time elapsed 1.4803783893585205 -- emperical power so far (from test_start): 0.2222222222222222
db insert success
tensor(0.3775)
tensor(0.3775)
(127, 3, 0, 1, 3200, 'projchi', 'bitflip', 98.49302673339844, 0.004000000189989805, 1.4773015975952148, '2024-07-24 09:43:57', 4, 999)
pval: [0.004] -- 127th test, time elapsed 1.4773015975952148 -- emperical power so far (from test_start): 0.2283464566929134
db insert success
tensor(0.3775)
tensor(0.3775)
(128, 3, 0, 1, 3200, 'projchi', 'bitflip', 56.59822082519531, 0.6850000619888306, 1.4802753925323486, '2024-07-24 09:44:08', 4, 999)
pval: [0.68500006] -- 128th test, time elapsed 1.4802753925323486 -- emperical power so far (from test_start): 0.2265625
db insert success
tensor(0.3775)
tensor(0.3775)
(129, 3, 0, 1, 3200, 'projchi', 'bitflip', 73.83111572265625, 0.15600000321865082, 1.4763307571411133, '2024-07-24 09:44:14', 4, 999)
pval: [0.156] -- 129th test, time elapsed 1.4763307571411133 -- emperical power so far (from test_start): 0.2248062015503876
db insert success
tensor(0.3775)
tensor(0.3775)
(130, 3, 0, 1, 3200, 'projchi', 'bitflip', 65.83597564697266, 0.3660000264644623, 1.477123498916626, '2024-07-24 09:44:33', 4, 999)
pval: [0.36600003] -- 130th test, time elapsed 1.477123498916626 -- emperical power so far (from test_start): 0.2230769230769231
db insert success
tensor(0.3775)
tensor(0.3775)
(131, 3, 0, 1, 3200, 'projchi', 'bitflip', 56.43807601928711, 0.7210000157356262, 1.4850153923034668, '2024-07-24 09:44:50', 4, 999)
pval: [0.72100002] -- 131th test, time elapsed 1.4850153923034668 -- emperical power so far (from test_start): 0.22137404580152673
db insert success
tensor(0.3775)
tensor(0.3775)
(132, 3, 0, 1, 3200, 'projchi', 'bitflip', 89.67082977294922, 0.014000000432133675, 1.4879486560821533, '2024-07-24 09:45:11', 4, 999)
pval: [0.014] -- 132th test, time elapsed 1.4879486560821533 -- emperical power so far (from test_start): 0.22727272727272727
db insert success
tensor(0.3775)
tensor(0.3775)
(133, 3, 0, 1, 3200, 'projchi', 'bitflip', 58.63433074951172, 0.625, 1.5043222904205322, '2024-07-24 09:45:32', 4, 999)
pval: [0.625] -- 133th test, time elapsed 1.5043222904205322 -- emperical power so far (from test_start): 0.22556390977443608
db insert success
tensor(0.3775)
tensor(0.3775)
(134, 3, 0, 1, 3200, 'projchi', 'bitflip', 68.8063735961914, 0.3020000159740448, 1.520456075668335, '2024-07-24 09:45:36', 4, 999)
pval: [0.30200002] -- 134th test, time elapsed 1.520456075668335 -- emperical power so far (from test_start): 0.22388059701492538
db insert success
tensor(0.3775)
tensor(0.3775)
(135, 3, 0, 1, 3200, 'projchi', 'bitflip', 77.63948059082031, 0.10100000351667404, 1.4775168895721436, '2024-07-24 09:45:53', 4, 999)
pval: [0.101] -- 135th test, time elapsed 1.4775168895721436 -- emperical power so far (from test_start): 0.2222222222222222
db insert success
tensor(0.3775)
tensor(0.3775)
(136, 3, 0, 1, 3200, 'projchi', 'bitflip', 67.17092895507812, 0.3110000193119049, 1.4829607009887695, '2024-07-24 09:45:56', 4, 999)
pval: [0.31100002] -- 136th test, time elapsed 1.4829607009887695 -- emperical power so far (from test_start): 0.22058823529411764
db insert success
tensor(0.3775)
tensor(0.3775)
(137, 3, 0, 1, 3200, 'projchi', 'bitflip', 62.63576889038086, 0.47700002789497375, 1.5102298259735107, '2024-07-24 09:45:59', 4, 999)
pval: [0.47700003] -- 137th test, time elapsed 1.5102298259735107 -- emperical power so far (from test_start): 0.21897810218978103
db insert success
tensor(0.3775)
tensor(0.3775)
(138, 3, 0, 1, 3200, 'projchi', 'bitflip', 67.16454315185547, 0.3700000047683716, 1.4829010963439941, '2024-07-24 09:46:08', 4, 999)
pval: [0.37] -- 138th test, time elapsed 1.4829010963439941 -- emperical power so far (from test_start): 0.21739130434782608
db insert success
tensor(0.3775)
tensor(0.3775)
(139, 3, 0, 1, 3200, 'projchi', 'bitflip', 56.718955993652344, 0.6890000104904175, 1.4881010055541992, '2024-07-24 09:46:28', 4, 999)
pval: [0.68900001] -- 139th test, time elapsed 1.4881010055541992 -- emperical power so far (from test_start): 0.2158273381294964
db insert success
tensor(0.3775)
tensor(0.3775)
(140, 3, 0, 1, 3200, 'projchi', 'bitflip', 59.381378173828125, 0.6210000514984131, 1.4873247146606445, '2024-07-24 09:46:35', 4, 999)
pval: [0.62100005] -- 140th test, time elapsed 1.4873247146606445 -- emperical power so far (from test_start): 0.21428571428571427
db insert success
tensor(0.3775)
tensor(0.3775)
(141, 3, 0, 1, 3200, 'projchi', 'bitflip', 68.60865020751953, 0.2930000126361847, 1.4772379398345947, '2024-07-24 09:46:52', 4, 999)
pval: [0.29300001] -- 141th test, time elapsed 1.4772379398345947 -- emperical power so far (from test_start): 0.2127659574468085
db insert success
tensor(0.3775)
tensor(0.3775)
(142, 3, 0, 1, 3200, 'projchi', 'bitflip', 65.33818817138672, 0.42600002884864807, 1.4791193008422852, '2024-07-24 09:47:04', 4, 999)
pval: [0.42600003] -- 142th test, time elapsed 1.4791193008422852 -- emperical power so far (from test_start): 0.2112676056338028
db insert success
tensor(0.3775)
tensor(0.3775)
(143, 3, 0, 1, 3200, 'projchi', 'bitflip', 86.0237808227539, 0.02200000174343586, 1.4798176288604736, '2024-07-24 09:47:24', 4, 999)
pval: [0.022] -- 143th test, time elapsed 1.4798176288604736 -- emperical power so far (from test_start): 0.21678321678321677
db insert success
tensor(0.3775)
tensor(0.3775)
(144, 3, 0, 1, 3200, 'projchi', 'bitflip', 65.8330078125, 0.38200002908706665, 1.48317551612854, '2024-07-24 09:47:43', 4, 999)
pval: [0.38200003] -- 144th test, time elapsed 1.48317551612854 -- emperical power so far (from test_start): 0.2152777777777778
db insert success
tensor(0.3775)
tensor(0.3775)
(145, 3, 0, 1, 3200, 'projchi', 'bitflip', 50.664817810058594, 0.8690000176429749, 1.5046377182006836, '2024-07-24 09:47:52', 4, 999)
pval: [0.86900002] -- 145th test, time elapsed 1.5046377182006836 -- emperical power so far (from test_start): 0.21379310344827587
db insert success
tensor(0.3775)
tensor(0.3775)
(146, 3, 0, 1, 3200, 'projchi', 'bitflip', 76.4004898071289, 0.09800000488758087, 1.4780840873718262, '2024-07-24 09:48:14', 4, 999)
pval: [0.098] -- 146th test, time elapsed 1.4780840873718262 -- emperical power so far (from test_start): 0.21232876712328766
db insert success
tensor(0.3775)
tensor(0.3775)
(147, 3, 0, 1, 3200, 'projchi', 'bitflip', 90.88147735595703, 0.015000000596046448, 1.4794745445251465, '2024-07-24 09:48:18', 4, 999)
pval: [0.015] -- 147th test, time elapsed 1.4794745445251465 -- emperical power so far (from test_start): 0.21768707482993196
db insert success
tensor(0.3775)
tensor(0.3775)
(148, 3, 0, 1, 3200, 'projchi', 'bitflip', 75.3057632446289, 0.15200001001358032, 1.511716365814209, '2024-07-24 09:48:34', 4, 999)
pval: [0.15200001] -- 148th test, time elapsed 1.511716365814209 -- emperical power so far (from test_start): 0.21621621621621623
db insert success
tensor(0.3775)
tensor(0.3775)
(149, 3, 0, 1, 3200, 'projchi', 'bitflip', 81.80422973632812, 0.06200000271201134, 1.4870233535766602, '2024-07-24 09:48:47', 4, 999)
pval: [0.062] -- 149th test, time elapsed 1.4870233535766602 -- emperical power so far (from test_start): 0.21476510067114093
db insert success
tensor(0.3775)
tensor(0.3775)
(150, 3, 0, 1, 3200, 'projchi', 'bitflip', 62.10769271850586, 0.5160000324249268, 1.4825420379638672, '2024-07-24 09:49:03', 4, 999)
pval: [0.51600003] -- 150th test, time elapsed 1.4825420379638672 -- emperical power so far (from test_start): 0.21333333333333335
db insert success
tensor(0.3775)
tensor(0.3775)
(151, 3, 0, 1, 3200, 'projchi', 'bitflip', 71.45034790039062, 0.21900001168251038, 1.478971004486084, '2024-07-24 09:49:24', 4, 999)
pval: [0.21900001] -- 151th test, time elapsed 1.478971004486084 -- emperical power so far (from test_start): 0.2119205298013245
db insert success
tensor(0.3775)
tensor(0.3775)
(152, 3, 0, 1, 3200, 'projchi', 'bitflip', 75.07439422607422, 0.13100001215934753, 1.4988365173339844, '2024-07-24 09:49:46', 4, 999)
pval: [0.13100001] -- 152th test, time elapsed 1.4988365173339844 -- emperical power so far (from test_start): 0.21052631578947367
db insert success
tensor(0.3775)
tensor(0.3775)
(153, 3, 0, 1, 3200, 'projchi', 'bitflip', 66.58049774169922, 0.33900001645088196, 1.477571725845337, '2024-07-24 09:49:57', 4, 999)
pval: [0.33900002] -- 153th test, time elapsed 1.477571725845337 -- emperical power so far (from test_start): 0.20915032679738563
db insert success
tensor(0.3775)
tensor(0.3775)
(154, 3, 0, 1, 3200, 'projchi', 'bitflip', 72.97637176513672, 0.17500001192092896, 1.503758430480957, '2024-07-24 09:50:08', 4, 999)
pval: [0.17500001] -- 154th test, time elapsed 1.503758430480957 -- emperical power so far (from test_start): 0.2077922077922078
db insert success
tensor(0.3775)
tensor(0.3775)
(155, 3, 0, 1, 3200, 'projchi', 'bitflip', 59.93714141845703, 0.6040000319480896, 1.5074310302734375, '2024-07-24 09:50:25', 4, 999)
pval: [0.60400003] -- 155th test, time elapsed 1.5074310302734375 -- emperical power so far (from test_start): 0.2064516129032258
db insert success
tensor(0.3775)
tensor(0.3775)
(156, 3, 0, 1, 3200, 'projchi', 'bitflip', 62.2828254699707, 0.4880000352859497, 1.4806263446807861, '2024-07-24 09:50:46', 4, 999)
pval: [0.48800004] -- 156th test, time elapsed 1.4806263446807861 -- emperical power so far (from test_start): 0.20512820512820512
db insert success
tensor(0.3775)
tensor(0.3775)
(157, 3, 0, 1, 3200, 'projchi', 'bitflip', 56.691741943359375, 0.7200000286102295, 1.4757709503173828, '2024-07-24 09:51:05', 4, 999)
pval: [0.72000003] -- 157th test, time elapsed 1.4757709503173828 -- emperical power so far (from test_start): 0.20382165605095542
db insert success
tensor(0.3775)
tensor(0.3775)
(158, 3, 0, 1, 3200, 'projchi', 'bitflip', 92.79802703857422, 0.009000000543892384, 1.483724594116211, '2024-07-24 09:51:09', 4, 999)
pval: [0.009] -- 158th test, time elapsed 1.483724594116211 -- emperical power so far (from test_start): 0.2088607594936709
db insert success
tensor(0.3775)
tensor(0.3775)
(159, 3, 0, 1, 3200, 'projchi', 'bitflip', 80.55715942382812, 0.06700000166893005, 1.4760878086090088, '2024-07-24 09:51:19', 4, 999)
pval: [0.067] -- 159th test, time elapsed 1.4760878086090088 -- emperical power so far (from test_start): 0.20754716981132076
db insert success
tensor(0.3775)
tensor(0.3775)
(160, 3, 0, 1, 3200, 'projchi', 'bitflip', 86.1173324584961, 0.02800000086426735, 1.4786972999572754, '2024-07-24 09:51:37', 4, 999)
pval: [0.028] -- 160th test, time elapsed 1.4786972999572754 -- emperical power so far (from test_start): 0.2125
db insert success
tensor(0.3775)
tensor(0.3775)
(161, 3, 0, 1, 3200, 'projchi', 'bitflip', 70.43567657470703, 0.2370000183582306, 1.4796650409698486, '2024-07-24 09:51:47', 4, 999)
pval: [0.23700002] -- 161th test, time elapsed 1.4796650409698486 -- emperical power so far (from test_start): 0.2111801242236025
db insert success
tensor(0.3775)
tensor(0.3775)
(162, 3, 0, 1, 3200, 'projchi', 'bitflip', 61.30036544799805, 0.5230000019073486, 1.4773707389831543, '2024-07-24 09:51:54', 4, 999)
pval: [0.523] -- 162th test, time elapsed 1.4773707389831543 -- emperical power so far (from test_start): 0.20987654320987653
db insert success
tensor(0.3775)
tensor(0.3775)
(163, 3, 0, 1, 3200, 'projchi', 'bitflip', 90.75567626953125, 0.015000000596046448, 1.4748613834381104, '2024-07-24 09:52:02', 4, 999)
pval: [0.015] -- 163th test, time elapsed 1.4748613834381104 -- emperical power so far (from test_start): 0.2147239263803681
db insert success
tensor(0.3775)
tensor(0.3775)
(164, 3, 0, 1, 3200, 'projchi', 'bitflip', 54.379005432128906, 0.7710000276565552, 1.4850656986236572, '2024-07-24 09:52:13', 4, 999)
pval: [0.77100003] -- 164th test, time elapsed 1.4850656986236572 -- emperical power so far (from test_start): 0.21341463414634146
db insert success
tensor(0.3775)
tensor(0.3775)
(165, 3, 0, 1, 3200, 'projchi', 'bitflip', 80.64220428466797, 0.0650000050663948, 1.5130507946014404, '2024-07-24 09:52:19', 4, 999)
pval: [0.06500001] -- 165th test, time elapsed 1.5130507946014404 -- emperical power so far (from test_start): 0.21212121212121213
db insert success
tensor(0.3775)
tensor(0.3775)
(166, 3, 0, 1, 3200, 'projchi', 'bitflip', 68.67906951904297, 0.27900001406669617, 1.483384132385254, '2024-07-24 09:52:26', 4, 999)
pval: [0.27900001] -- 166th test, time elapsed 1.483384132385254 -- emperical power so far (from test_start): 0.21084337349397592
db insert success
tensor(0.3775)
tensor(0.3775)
(167, 3, 0, 1, 3200, 'projchi', 'bitflip', 62.33081817626953, 0.4790000319480896, 1.504582405090332, '2024-07-24 09:52:46', 4, 999)
pval: [0.47900003] -- 167th test, time elapsed 1.504582405090332 -- emperical power so far (from test_start): 0.20958083832335328
db insert success
tensor(0.3775)
tensor(0.3775)
(168, 3, 0, 1, 3200, 'projchi', 'bitflip', 52.938758850097656, 0.7830000519752502, 1.5104882717132568, '2024-07-24 09:52:48', 4, 999)
pval: [0.78300005] -- 168th test, time elapsed 1.5104882717132568 -- emperical power so far (from test_start): 0.20833333333333334
db insert success
tensor(0.3775)
tensor(0.3775)
(169, 3, 0, 1, 3200, 'projchi', 'bitflip', 76.55091094970703, 0.11700000613927841, 1.5228075981140137, '2024-07-24 09:52:55', 4, 999)
pval: [0.11700001] -- 169th test, time elapsed 1.5228075981140137 -- emperical power so far (from test_start): 0.20710059171597633
db insert success
tensor(0.3775)
tensor(0.3775)
(170, 3, 0, 1, 3200, 'projchi', 'bitflip', 70.89311981201172, 0.242000013589859, 1.500023365020752, '2024-07-24 09:52:57', 4, 999)
pval: [0.24200001] -- 170th test, time elapsed 1.500023365020752 -- emperical power so far (from test_start): 0.20588235294117646
db insert success
tensor(0.3775)
tensor(0.3775)
(171, 3, 0, 1, 3200, 'projchi', 'bitflip', 75.81267547607422, 0.13900001347064972, 1.4787187576293945, '2024-07-24 09:53:03', 4, 999)
pval: [0.13900001] -- 171th test, time elapsed 1.4787187576293945 -- emperical power so far (from test_start): 0.2046783625730994
db insert success
tensor(0.3775)
tensor(0.3775)
(172, 3, 0, 1, 3200, 'projchi', 'bitflip', 82.66071319580078, 0.0430000014603138, 1.5153732299804688, '2024-07-24 09:53:19', 4, 999)
pval: [0.043] -- 172th test, time elapsed 1.5153732299804688 -- emperical power so far (from test_start): 0.20930232558139536
db insert success
tensor(0.3775)
tensor(0.3775)
(173, 3, 0, 1, 3200, 'projchi', 'bitflip', 67.76777648925781, 0.2970000207424164, 1.4926388263702393, '2024-07-24 09:53:26', 4, 999)
pval: [0.29700002] -- 173th test, time elapsed 1.4926388263702393 -- emperical power so far (from test_start): 0.20809248554913296
db insert success
tensor(0.3775)
tensor(0.3775)
(174, 3, 0, 1, 3200, 'projchi', 'bitflip', 60.42672348022461, 0.5420000553131104, 1.4831805229187012, '2024-07-24 09:53:44', 4, 999)
pval: [0.54200006] -- 174th test, time elapsed 1.4831805229187012 -- emperical power so far (from test_start): 0.20689655172413793
db insert success
tensor(0.3775)
tensor(0.3775)
(175, 3, 0, 1, 3200, 'projchi', 'bitflip', 96.05438995361328, 0.006000000052154064, 1.4804062843322754, '2024-07-24 09:53:57', 4, 999)
pval: [0.006] -- 175th test, time elapsed 1.4804062843322754 -- emperical power so far (from test_start): 0.21142857142857144
db insert success
tensor(0.3775)
tensor(0.3775)
(176, 3, 0, 1, 3200, 'projchi', 'bitflip', 62.800086975097656, 0.4960000216960907, 1.4809072017669678, '2024-07-24 09:54:01', 4, 999)
pval: [0.49600002] -- 176th test, time elapsed 1.4809072017669678 -- emperical power so far (from test_start): 0.21022727272727273
db insert success
tensor(0.3775)
tensor(0.3775)
(177, 3, 0, 1, 3200, 'projchi', 'bitflip', 70.1045150756836, 0.25600001215934753, 1.4771449565887451, '2024-07-24 09:54:21', 4, 999)
pval: [0.25600001] -- 177th test, time elapsed 1.4771449565887451 -- emperical power so far (from test_start): 0.20903954802259886
db insert success
tensor(0.3775)
tensor(0.3775)
(178, 3, 0, 1, 3200, 'projchi', 'bitflip', 80.12552642822266, 0.07300000637769699, 1.522024154663086, '2024-07-24 09:54:29', 4, 999)
pval: [0.07300001] -- 178th test, time elapsed 1.522024154663086 -- emperical power so far (from test_start): 0.20786516853932585
db insert success
tensor(0.3775)
tensor(0.3775)
(179, 3, 0, 1, 3200, 'projchi', 'bitflip', 74.06959533691406, 0.1420000046491623, 1.4797723293304443, '2024-07-24 09:54:44', 4, 999)
pval: [0.142] -- 179th test, time elapsed 1.4797723293304443 -- emperical power so far (from test_start): 0.20670391061452514
db insert success
tensor(0.3775)
tensor(0.3775)
(180, 3, 0, 1, 3200, 'projchi', 'bitflip', 68.13602447509766, 0.29200002551078796, 1.480440616607666, '2024-07-24 09:54:58', 4, 999)
pval: [0.29200003] -- 180th test, time elapsed 1.480440616607666 -- emperical power so far (from test_start): 0.20555555555555555
db insert success
tensor(0.3775)
tensor(0.3775)
(181, 3, 0, 1, 3200, 'projchi', 'bitflip', 66.12479400634766, 0.367000013589859, 1.48667311668396, '2024-07-24 09:55:05', 4, 999)
pval: [0.36700001] -- 181th test, time elapsed 1.48667311668396 -- emperical power so far (from test_start): 0.20441988950276244
db insert success
tensor(0.3775)
tensor(0.3775)
(182, 3, 0, 1, 3200, 'projchi', 'bitflip', 82.61011505126953, 0.04700000211596489, 1.4849448204040527, '2024-07-24 09:55:10', 4, 999)
pval: [0.047] -- 182th test, time elapsed 1.4849448204040527 -- emperical power so far (from test_start): 0.2087912087912088
db insert success
tensor(0.3775)
tensor(0.3775)
(183, 3, 0, 1, 3200, 'projchi', 'bitflip', 72.27886962890625, 0.20000000298023224, 1.4818294048309326, '2024-07-24 09:55:31', 4, 999)
pval: [0.2] -- 183th test, time elapsed 1.4818294048309326 -- emperical power so far (from test_start): 0.20765027322404372
db insert success
tensor(0.3775)
tensor(0.3775)
(184, 3, 0, 1, 3200, 'projchi', 'bitflip', 72.47305297851562, 0.2120000123977661, 1.4819786548614502, '2024-07-24 09:55:34', 4, 999)
pval: [0.21200001] -- 184th test, time elapsed 1.4819786548614502 -- emperical power so far (from test_start): 0.20652173913043478
db insert success
tensor(0.3775)
tensor(0.3775)
(185, 3, 0, 1, 3200, 'projchi', 'bitflip', 60.62554168701172, 0.5509999990463257, 1.4810197353363037, '2024-07-24 09:55:52', 4, 999)
pval: [0.551] -- 185th test, time elapsed 1.4810197353363037 -- emperical power so far (from test_start): 0.20540540540540542
db insert success
tensor(0.3775)
tensor(0.3775)
(186, 3, 0, 1, 3200, 'projchi', 'bitflip', 53.856895446777344, 0.8050000667572021, 1.483471393585205, '2024-07-24 09:56:14', 4, 999)
pval: [0.80500007] -- 186th test, time elapsed 1.483471393585205 -- emperical power so far (from test_start): 0.20430107526881722
db insert success
tensor(0.3775)
tensor(0.3775)
(187, 3, 0, 1, 3200, 'projchi', 'bitflip', 79.86141967773438, 0.08400000631809235, 1.4843816757202148, '2024-07-24 09:56:16', 4, 999)
pval: [0.08400001] -- 187th test, time elapsed 1.4843816757202148 -- emperical power so far (from test_start): 0.20320855614973263
db insert success
tensor(0.3775)
tensor(0.3775)
(188, 3, 0, 1, 3200, 'projchi', 'bitflip', 75.68173217773438, 0.12700000405311584, 1.479280948638916, '2024-07-24 09:56:19', 4, 999)
pval: [0.127] -- 188th test, time elapsed 1.479280948638916 -- emperical power so far (from test_start): 0.20212765957446807
db insert success
tensor(0.3775)
tensor(0.3775)
(189, 3, 0, 1, 3200, 'projchi', 'bitflip', 65.87613677978516, 0.3790000081062317, 1.4776546955108643, '2024-07-24 09:56:32', 4, 999)
pval: [0.37900001] -- 189th test, time elapsed 1.4776546955108643 -- emperical power so far (from test_start): 0.20105820105820105
db insert success
tensor(0.3775)
tensor(0.3775)
(190, 3, 0, 1, 3200, 'projchi', 'bitflip', 60.188751220703125, 0.5630000233650208, 1.4833099842071533, '2024-07-24 09:56:47', 4, 999)
pval: [0.56300002] -- 190th test, time elapsed 1.4833099842071533 -- emperical power so far (from test_start): 0.2
db insert success
tensor(0.3775)
tensor(0.3775)
(191, 3, 0, 1, 3200, 'projchi', 'bitflip', 61.01620864868164, 0.531000018119812, 1.4760119915008545, '2024-07-24 09:56:55', 4, 999)
pval: [0.53100002] -- 191th test, time elapsed 1.4760119915008545 -- emperical power so far (from test_start): 0.19895287958115182
db insert success
tensor(0.3775)
tensor(0.3775)
(192, 3, 0, 1, 3200, 'projchi', 'bitflip', 51.35990905761719, 0.8390000462532043, 1.515265703201294, '2024-07-24 09:57:10', 4, 999)
pval: [0.83900005] -- 192th test, time elapsed 1.515265703201294 -- emperical power so far (from test_start): 0.19791666666666666
db insert success
tensor(0.3775)
tensor(0.3775)
(193, 3, 0, 1, 3200, 'projchi', 'bitflip', 50.76491165161133, 0.8850000500679016, 1.479062557220459, '2024-07-24 09:57:27', 4, 999)
pval: [0.88500005] -- 193th test, time elapsed 1.479062557220459 -- emperical power so far (from test_start): 0.19689119170984457
db insert success
tensor(0.3775)
tensor(0.3775)
(194, 3, 0, 1, 3200, 'projchi', 'bitflip', 63.4534912109375, 0.445000022649765, 1.5108592510223389, '2024-07-24 09:57:31', 4, 999)
pval: [0.44500002] -- 194th test, time elapsed 1.5108592510223389 -- emperical power so far (from test_start): 0.1958762886597938
db insert success
tensor(0.3775)
tensor(0.3775)
(195, 3, 0, 1, 3200, 'projchi', 'bitflip', 66.18003845214844, 0.359000027179718, 1.4783580303192139, '2024-07-24 09:57:41', 4, 999)
pval: [0.35900003] -- 195th test, time elapsed 1.4783580303192139 -- emperical power so far (from test_start): 0.19487179487179487
db insert success
tensor(0.3775)
tensor(0.3775)
(196, 3, 0, 1, 3200, 'projchi', 'bitflip', 48.55527877807617, 0.9180000424385071, 1.485405683517456, '2024-07-24 09:57:58', 4, 999)
pval: [0.91800004] -- 196th test, time elapsed 1.485405683517456 -- emperical power so far (from test_start): 0.19387755102040816
db insert success
tensor(0.3775)
tensor(0.3775)
(197, 3, 0, 1, 3200, 'projchi', 'bitflip', 65.5059814453125, 0.38700002431869507, 1.477522373199463, '2024-07-24 09:58:03', 4, 999)
pval: [0.38700002] -- 197th test, time elapsed 1.477522373199463 -- emperical power so far (from test_start): 0.19289340101522842
db insert success
tensor(0.3775)
tensor(0.3775)
(198, 3, 0, 1, 3200, 'projchi', 'bitflip', 76.75306701660156, 0.11800000816583633, 1.5131418704986572, '2024-07-24 09:58:07', 4, 999)
pval: [0.11800001] -- 198th test, time elapsed 1.5131418704986572 -- emperical power so far (from test_start): 0.1919191919191919
db insert success
tensor(0.3775)
tensor(0.3775)
(199, 3, 0, 1, 3200, 'projchi', 'bitflip', 71.16961669921875, 0.1990000158548355, 1.4755523204803467, '2024-07-24 09:58:11', 4, 999)
pval: [0.19900002] -- 199th test, time elapsed 1.4755523204803467 -- emperical power so far (from test_start): 0.19095477386934673
db insert success
tensor(0.3775)
tensor(0.3775)
(200, 3, 0, 1, 3200, 'projchi', 'bitflip', 61.27602005004883, 0.5400000214576721, 1.4816999435424805, '2024-07-24 09:58:18', 4, 999)
pval: [0.54000002] -- 200th test, time elapsed 1.4816999435424805 -- emperical power so far (from test_start): 0.19
db insert success
2383.8803367614746
