bitflipprojchi, alpha=2, sample size=4800
#########################################
tensor(0.2689)
tensor(0.2689)
(1, 3, 0, 2, 4800, 'projchi', 'bitflip', 103.87594604492188, 0.0010000000474974513, 1.608429193496704, '2024-07-24 09:59:13', 4, 999)
pval: [0.001] -- 1th test, time elapsed 1.608429193496704 -- emperical power so far (from test_start): 1.0
db insert success
tensor(0.2689)
tensor(0.2689)
(2, 3, 0, 2, 4800, 'projchi', 'bitflip', 103.55923461914062, 0.0010000000474974513, 1.6058323383331299, '2024-07-24 09:59:31', 4, 999)
pval: [0.001] -- 2th test, time elapsed 1.6058323383331299 -- emperical power so far (from test_start): 1.0
db insert success
tensor(0.2689)
tensor(0.2689)
(3, 3, 0, 2, 4800, 'projchi', 'bitflip', 124.82064056396484, 0.0010000000474974513, 1.5966105461120605, '2024-07-24 09:59:36', 4, 999)
pval: [0.001] -- 3th test, time elapsed 1.5966105461120605 -- emperical power so far (from test_start): 1.0
db insert success
tensor(0.2689)
tensor(0.2689)
(4, 3, 0, 2, 4800, 'projchi', 'bitflip', 99.94422912597656, 0.004000000189989805, 1.6021728515625, '2024-07-24 09:59:48', 4, 999)
pval: [0.004] -- 4th test, time elapsed 1.6021728515625 -- emperical power so far (from test_start): 1.0
db insert success
tensor(0.2689)
tensor(0.2689)
(5, 3, 0, 2, 4800, 'projchi', 'bitflip', 96.47566223144531, 0.003000000026077032, 1.6056714057922363, '2024-07-24 10:00:07', 4, 999)
pval: [0.003] -- 5th test, time elapsed 1.6056714057922363 -- emperical power so far (from test_start): 1.0
db insert success
tensor(0.2689)
tensor(0.2689)
(6, 3, 0, 2, 4800, 'projchi', 'bitflip', 99.71907806396484, 0.0020000000949949026, 2.677900791168213, '2024-07-24 10:00:10', 4, 999)
pval: [0.002] -- 6th test, time elapsed 2.677900791168213 -- emperical power so far (from test_start): 1.0
db insert success
tensor(0.2689)
tensor(0.2689)
(7, 3, 0, 2, 4800, 'projchi', 'bitflip', 120.603759765625, 0.0010000000474974513, 1.6039624214172363, '2024-07-24 10:00:28', 4, 999)
pval: [0.001] -- 7th test, time elapsed 1.6039624214172363 -- emperical power so far (from test_start): 1.0
db insert success
tensor(0.2689)
tensor(0.2689)
(8, 3, 0, 2, 4800, 'projchi', 'bitflip', 123.14691925048828, 0.0010000000474974513, 1.602576732635498, '2024-07-24 10:00:38', 4, 999)
pval: [0.001] -- 8th test, time elapsed 1.602576732635498 -- emperical power so far (from test_start): 1.0
db insert success
tensor(0.2689)
tensor(0.2689)
(9, 3, 0, 2, 4800, 'projchi', 'bitflip', 126.19947814941406, 0.0010000000474974513, 1.596435546875, '2024-07-24 10:00:43', 4, 999)
pval: [0.001] -- 9th test, time elapsed 1.596435546875 -- emperical power so far (from test_start): 1.0
db insert success
tensor(0.2689)
tensor(0.2689)
(10, 3, 0, 2, 4800, 'projchi', 'bitflip', 114.97207641601562, 0.0010000000474974513, 1.5946054458618164, '2024-07-24 10:00:52', 4, 999)
pval: [0.001] -- 10th test, time elapsed 1.5946054458618164 -- emperical power so far (from test_start): 1.0
db insert success
tensor(0.2689)
tensor(0.2689)
(11, 3, 0, 2, 4800, 'projchi', 'bitflip', 157.1428680419922, 0.0010000000474974513, 1.5942327976226807, '2024-07-24 10:01:02', 4, 999)
pval: [0.001] -- 11th test, time elapsed 1.5942327976226807 -- emperical power so far (from test_start): 1.0
db insert success
tensor(0.2689)
tensor(0.2689)
(12, 3, 0, 2, 4800, 'projchi', 'bitflip', 108.7767333984375, 0.0010000000474974513, 1.5933725833892822, '2024-07-24 10:01:07', 4, 999)
pval: [0.001] -- 12th test, time elapsed 1.5933725833892822 -- emperical power so far (from test_start): 1.0
db insert success
tensor(0.2689)
tensor(0.2689)
(13, 3, 0, 2, 4800, 'projchi', 'bitflip', 118.43145751953125, 0.0010000000474974513, 1.5890512466430664, '2024-07-24 10:01:17', 4, 999)
pval: [0.001] -- 13th test, time elapsed 1.5890512466430664 -- emperical power so far (from test_start): 1.0
db insert success
tensor(0.2689)
tensor(0.2689)
(14, 3, 0, 2, 4800, 'projchi', 'bitflip', 126.65267944335938, 0.0010000000474974513, 1.6062209606170654, '2024-07-24 10:01:38', 4, 999)
pval: [0.001] -- 14th test, time elapsed 1.6062209606170654 -- emperical power so far (from test_start): 1.0
db insert success
tensor(0.2689)
tensor(0.2689)
(15, 3, 0, 2, 4800, 'projchi', 'bitflip', 123.77171325683594, 0.0010000000474974513, 1.5906569957733154, '2024-07-24 10:01:49', 4, 999)
pval: [0.001] -- 15th test, time elapsed 1.5906569957733154 -- emperical power so far (from test_start): 1.0
db insert success
tensor(0.2689)
tensor(0.2689)
(16, 3, 0, 2, 4800, 'projchi', 'bitflip', 103.47333526611328, 0.0020000000949949026, 1.5948617458343506, '2024-07-24 10:01:53', 4, 999)
pval: [0.002] -- 16th test, time elapsed 1.5948617458343506 -- emperical power so far (from test_start): 1.0
db insert success
tensor(0.2689)
tensor(0.2689)
(17, 3, 0, 2, 4800, 'projchi', 'bitflip', 92.87930297851562, 0.007000000216066837, 1.5887255668640137, '2024-07-24 10:02:04', 4, 999)
pval: [0.007] -- 17th test, time elapsed 1.5887255668640137 -- emperical power so far (from test_start): 1.0
db insert success
tensor(0.2689)
tensor(0.2689)
(18, 3, 0, 2, 4800, 'projchi', 'bitflip', 92.4220199584961, 0.00800000037997961, 1.5851426124572754, '2024-07-24 10:02:08', 4, 999)
pval: [0.008] -- 18th test, time elapsed 1.5851426124572754 -- emperical power so far (from test_start): 1.0
db insert success
tensor(0.2689)
tensor(0.2689)
(19, 3, 0, 2, 4800, 'projchi', 'bitflip', 99.66265869140625, 0.004000000189989805, 1.5799612998962402, '2024-07-24 10:02:25', 4, 999)
pval: [0.004] -- 19th test, time elapsed 1.5799612998962402 -- emperical power so far (from test_start): 1.0
db insert success
tensor(0.2689)
tensor(0.2689)
(20, 3, 0, 2, 4800, 'projchi', 'bitflip', 121.89464569091797, 0.0010000000474974513, 1.5870893001556396, '2024-07-24 10:02:43', 4, 999)
pval: [0.001] -- 20th test, time elapsed 1.5870893001556396 -- emperical power so far (from test_start): 1.0
db insert success
tensor(0.2689)
tensor(0.2689)
(21, 3, 0, 2, 4800, 'projchi', 'bitflip', 161.30003356933594, 0.0010000000474974513, 1.584028959274292, '2024-07-24 10:03:01', 4, 999)
pval: [0.001] -- 21th test, time elapsed 1.584028959274292 -- emperical power so far (from test_start): 1.0
db insert success
tensor(0.2689)
tensor(0.2689)
(22, 3, 0, 2, 4800, 'projchi', 'bitflip', 101.8831558227539, 0.0020000000949949026, 1.5852973461151123, '2024-07-24 10:03:17', 4, 999)
pval: [0.002] -- 22th test, time elapsed 1.5852973461151123 -- emperical power so far (from test_start): 1.0
db insert success
tensor(0.2689)
tensor(0.2689)
(23, 3, 0, 2, 4800, 'projchi', 'bitflip', 121.41503143310547, 0.0010000000474974513, 1.579427719116211, '2024-07-24 10:03:20', 4, 999)
pval: [0.001] -- 23th test, time elapsed 1.579427719116211 -- emperical power so far (from test_start): 1.0
db insert success
tensor(0.2689)
tensor(0.2689)
(24, 3, 0, 2, 4800, 'projchi', 'bitflip', 120.73837280273438, 0.0010000000474974513, 1.5902369022369385, '2024-07-24 10:03:26', 4, 999)
pval: [0.001] -- 24th test, time elapsed 1.5902369022369385 -- emperical power so far (from test_start): 1.0
db insert success
tensor(0.2689)
tensor(0.2689)
(25, 3, 0, 2, 4800, 'projchi', 'bitflip', 106.97415924072266, 0.0020000000949949026, 1.5832667350769043, '2024-07-24 10:03:43', 4, 999)
pval: [0.002] -- 25th test, time elapsed 1.5832667350769043 -- emperical power so far (from test_start): 1.0
db insert success
tensor(0.2689)
tensor(0.2689)
(26, 3, 0, 2, 4800, 'projchi', 'bitflip', 150.5307159423828, 0.0010000000474974513, 1.5946221351623535, '2024-07-24 10:04:01', 4, 999)
pval: [0.001] -- 26th test, time elapsed 1.5946221351623535 -- emperical power so far (from test_start): 1.0
db insert success
tensor(0.2689)
tensor(0.2689)
(27, 3, 0, 2, 4800, 'projchi', 'bitflip', 105.72370910644531, 0.0010000000474974513, 1.5858664512634277, '2024-07-24 10:04:17', 4, 999)
pval: [0.001] -- 27th test, time elapsed 1.5858664512634277 -- emperical power so far (from test_start): 1.0
db insert success
tensor(0.2689)
tensor(0.2689)
(28, 3, 0, 2, 4800, 'projchi', 'bitflip', 135.8725128173828, 0.0010000000474974513, 1.5926177501678467, '2024-07-24 10:04:32', 4, 999)
pval: [0.001] -- 28th test, time elapsed 1.5926177501678467 -- emperical power so far (from test_start): 1.0
db insert success
tensor(0.2689)
tensor(0.2689)
(29, 3, 0, 2, 4800, 'projchi', 'bitflip', 94.500732421875, 0.006000000052154064, 1.5859332084655762, '2024-07-24 10:04:53', 4, 999)
pval: [0.006] -- 29th test, time elapsed 1.5859332084655762 -- emperical power so far (from test_start): 1.0
db insert success
tensor(0.2689)
tensor(0.2689)
(30, 3, 0, 2, 4800, 'projchi', 'bitflip', 119.97396850585938, 0.0010000000474974513, 1.596806287765503, '2024-07-24 10:05:03', 4, 999)
pval: [0.001] -- 30th test, time elapsed 1.596806287765503 -- emperical power so far (from test_start): 1.0
db insert success
tensor(0.2689)
tensor(0.2689)
(31, 3, 0, 2, 4800, 'projchi', 'bitflip', 104.67224884033203, 0.0010000000474974513, 1.5783979892730713, '2024-07-24 10:05:18', 4, 999)
pval: [0.001] -- 31th test, time elapsed 1.5783979892730713 -- emperical power so far (from test_start): 1.0
db insert success
tensor(0.2689)
tensor(0.2689)
(32, 3, 0, 2, 4800, 'projchi', 'bitflip', 136.16162109375, 0.0010000000474974513, 1.5894763469696045, '2024-07-24 10:05:33', 4, 999)
pval: [0.001] -- 32th test, time elapsed 1.5894763469696045 -- emperical power so far (from test_start): 1.0
db insert success
tensor(0.2689)
tensor(0.2689)
(33, 3, 0, 2, 4800, 'projchi', 'bitflip', 117.07096862792969, 0.0010000000474974513, 1.5831139087677002, '2024-07-24 10:05:50', 4, 999)
pval: [0.001] -- 33th test, time elapsed 1.5831139087677002 -- emperical power so far (from test_start): 1.0
db insert success
tensor(0.2689)
tensor(0.2689)
(34, 3, 0, 2, 4800, 'projchi', 'bitflip', 100.72444152832031, 0.003000000026077032, 1.5816552639007568, '2024-07-24 10:06:06', 4, 999)
pval: [0.003] -- 34th test, time elapsed 1.5816552639007568 -- emperical power so far (from test_start): 1.0
db insert success
tensor(0.2689)
tensor(0.2689)
(35, 3, 0, 2, 4800, 'projchi', 'bitflip', 95.52471160888672, 0.005000000353902578, 1.7972931861877441, '2024-07-24 10:06:15', 4, 999)
pval: [0.005] -- 35th test, time elapsed 1.7972931861877441 -- emperical power so far (from test_start): 1.0
db insert success
tensor(0.2689)
tensor(0.2689)
(36, 3, 0, 2, 4800, 'projchi', 'bitflip', 139.8857421875, 0.0010000000474974513, 1.61708402633667, '2024-07-24 10:06:19', 4, 999)
pval: [0.001] -- 36th test, time elapsed 1.61708402633667 -- emperical power so far (from test_start): 1.0
db insert success
tensor(0.2689)
tensor(0.2689)
(37, 3, 0, 2, 4800, 'projchi', 'bitflip', 103.64192199707031, 0.003000000026077032, 1.6127228736877441, '2024-07-24 10:06:25', 4, 999)
pval: [0.003] -- 37th test, time elapsed 1.6127228736877441 -- emperical power so far (from test_start): 1.0
db insert success
tensor(0.2689)
tensor(0.2689)
(38, 3, 0, 2, 4800, 'projchi', 'bitflip', 96.66278839111328, 0.01100000087171793, 1.612151861190796, '2024-07-24 10:06:37', 4, 999)
pval: [0.011] -- 38th test, time elapsed 1.612151861190796 -- emperical power so far (from test_start): 1.0
db insert success
tensor(0.2689)
tensor(0.2689)
(39, 3, 0, 2, 4800, 'projchi', 'bitflip', 138.17271423339844, 0.0010000000474974513, 1.609095811843872, '2024-07-24 10:06:55', 4, 999)
pval: [0.001] -- 39th test, time elapsed 1.609095811843872 -- emperical power so far (from test_start): 1.0
db insert success
tensor(0.2689)
tensor(0.2689)
(40, 3, 0, 2, 4800, 'projchi', 'bitflip', 119.290771484375, 0.0010000000474974513, 1.6166470050811768, '2024-07-24 10:07:03', 4, 999)
pval: [0.001] -- 40th test, time elapsed 1.6166470050811768 -- emperical power so far (from test_start): 1.0
db insert success
tensor(0.2689)
tensor(0.2689)
(41, 3, 0, 2, 4800, 'projchi', 'bitflip', 122.03557586669922, 0.0010000000474974513, 1.6056926250457764, '2024-07-24 10:07:23', 4, 999)
pval: [0.001] -- 41th test, time elapsed 1.6056926250457764 -- emperical power so far (from test_start): 1.0
db insert success
tensor(0.2689)
tensor(0.2689)
(42, 3, 0, 2, 4800, 'projchi', 'bitflip', 115.9203872680664, 0.0010000000474974513, 1.6158852577209473, '2024-07-24 10:07:25', 4, 999)
pval: [0.001] -- 42th test, time elapsed 1.6158852577209473 -- emperical power so far (from test_start): 1.0
db insert success
tensor(0.2689)
tensor(0.2689)
(43, 3, 0, 2, 4800, 'projchi', 'bitflip', 125.28296661376953, 0.0010000000474974513, 1.6085844039916992, '2024-07-24 10:07:40', 4, 999)
pval: [0.001] -- 43th test, time elapsed 1.6085844039916992 -- emperical power so far (from test_start): 1.0
db insert success
tensor(0.2689)
tensor(0.2689)
(44, 3, 0, 2, 4800, 'projchi', 'bitflip', 130.9381103515625, 0.0010000000474974513, 1.6123933792114258, '2024-07-24 10:07:52', 4, 999)
pval: [0.001] -- 44th test, time elapsed 1.6123933792114258 -- emperical power so far (from test_start): 1.0
db insert success
tensor(0.2689)
tensor(0.2689)
(45, 3, 0, 2, 4800, 'projchi', 'bitflip', 108.1570053100586, 0.003000000026077032, 1.6174750328063965, '2024-07-24 10:07:57', 4, 999)
pval: [0.003] -- 45th test, time elapsed 1.6174750328063965 -- emperical power so far (from test_start): 1.0
db insert success
tensor(0.2689)
tensor(0.2689)
(46, 3, 0, 2, 4800, 'projchi', 'bitflip', 95.27322387695312, 0.005000000353902578, 1.6201679706573486, '2024-07-24 10:08:08', 4, 999)
pval: [0.005] -- 46th test, time elapsed 1.6201679706573486 -- emperical power so far (from test_start): 1.0
db insert success
tensor(0.2689)
tensor(0.2689)
(47, 3, 0, 2, 4800, 'projchi', 'bitflip', 115.28753662109375, 0.0010000000474974513, 1.6162772178649902, '2024-07-24 10:08:18', 4, 999)
pval: [0.001] -- 47th test, time elapsed 1.6162772178649902 -- emperical power so far (from test_start): 1.0
db insert success
tensor(0.2689)
tensor(0.2689)
(48, 3, 0, 2, 4800, 'projchi', 'bitflip', 123.2798080444336, 0.0010000000474974513, 1.6201038360595703, '2024-07-24 10:08:33', 4, 999)
pval: [0.001] -- 48th test, time elapsed 1.6201038360595703 -- emperical power so far (from test_start): 1.0
db insert success
tensor(0.2689)
tensor(0.2689)
(49, 3, 0, 2, 4800, 'projchi', 'bitflip', 127.08229064941406, 0.0010000000474974513, 1.6136488914489746, '2024-07-24 10:08:42', 4, 999)
pval: [0.001] -- 49th test, time elapsed 1.6136488914489746 -- emperical power so far (from test_start): 1.0
db insert success
tensor(0.2689)
tensor(0.2689)
(50, 3, 0, 2, 4800, 'projchi', 'bitflip', 112.3967514038086, 0.0010000000474974513, 1.6221251487731934, '2024-07-24 10:08:56', 4, 999)
pval: [0.001] -- 50th test, time elapsed 1.6221251487731934 -- emperical power so far (from test_start): 1.0
db insert success
tensor(0.2689)
tensor(0.2689)
(51, 3, 0, 2, 4800, 'projchi', 'bitflip', 137.5662384033203, 0.0010000000474974513, 1.615715742111206, '2024-07-24 10:09:08', 4, 999)
pval: [0.001] -- 51th test, time elapsed 1.615715742111206 -- emperical power so far (from test_start): 1.0
db insert success
tensor(0.2689)
tensor(0.2689)
(52, 3, 0, 2, 4800, 'projchi', 'bitflip', 143.3096923828125, 0.0010000000474974513, 1.6067209243774414, '2024-07-24 10:09:29', 4, 999)
pval: [0.001] -- 52th test, time elapsed 1.6067209243774414 -- emperical power so far (from test_start): 1.0
db insert success
tensor(0.2689)
tensor(0.2689)
(53, 3, 0, 2, 4800, 'projchi', 'bitflip', 122.24774932861328, 0.0010000000474974513, 1.6027064323425293, '2024-07-24 10:09:47', 4, 999)
pval: [0.001] -- 53th test, time elapsed 1.6027064323425293 -- emperical power so far (from test_start): 1.0
db insert success
tensor(0.2689)
tensor(0.2689)
(54, 3, 0, 2, 4800, 'projchi', 'bitflip', 105.22259521484375, 0.0010000000474974513, 1.626328706741333, '2024-07-24 10:10:07', 4, 999)
pval: [0.001] -- 54th test, time elapsed 1.626328706741333 -- emperical power so far (from test_start): 1.0
db insert success
tensor(0.2689)
tensor(0.2689)
(55, 3, 0, 2, 4800, 'projchi', 'bitflip', 122.11932373046875, 0.0010000000474974513, 1.593263864517212, '2024-07-24 10:10:18', 4, 999)
pval: [0.001] -- 55th test, time elapsed 1.593263864517212 -- emperical power so far (from test_start): 1.0
db insert success
tensor(0.2689)
tensor(0.2689)
(56, 3, 0, 2, 4800, 'projchi', 'bitflip', 102.67109680175781, 0.0010000000474974513, 1.6029994487762451, '2024-07-24 10:10:20', 4, 999)
pval: [0.001] -- 56th test, time elapsed 1.6029994487762451 -- emperical power so far (from test_start): 1.0
db insert success
tensor(0.2689)
tensor(0.2689)
(57, 3, 0, 2, 4800, 'projchi', 'bitflip', 115.2929458618164, 0.0010000000474974513, 1.6024956703186035, '2024-07-24 10:10:33', 4, 999)
pval: [0.001] -- 57th test, time elapsed 1.6024956703186035 -- emperical power so far (from test_start): 1.0
db insert success
tensor(0.2689)
tensor(0.2689)
(58, 3, 0, 2, 4800, 'projchi', 'bitflip', 112.87849426269531, 0.0010000000474974513, 1.6061351299285889, '2024-07-24 10:10:37', 4, 999)
pval: [0.001] -- 58th test, time elapsed 1.6061351299285889 -- emperical power so far (from test_start): 1.0
db insert success
tensor(0.2689)
tensor(0.2689)
(59, 3, 0, 2, 4800, 'projchi', 'bitflip', 130.69248962402344, 0.0010000000474974513, 1.595573902130127, '2024-07-24 10:10:45', 4, 999)
pval: [0.001] -- 59th test, time elapsed 1.595573902130127 -- emperical power so far (from test_start): 1.0
db insert success
tensor(0.2689)
tensor(0.2689)
(60, 3, 0, 2, 4800, 'projchi', 'bitflip', 101.968017578125, 0.003000000026077032, 1.6026208400726318, '2024-07-24 10:11:01', 4, 999)
pval: [0.003] -- 60th test, time elapsed 1.6026208400726318 -- emperical power so far (from test_start): 1.0
db insert success
tensor(0.2689)
tensor(0.2689)
(61, 3, 0, 2, 4800, 'projchi', 'bitflip', 124.43592071533203, 0.0010000000474974513, 1.6065504550933838, '2024-07-24 10:11:06', 4, 999)
pval: [0.001] -- 61th test, time elapsed 1.6065504550933838 -- emperical power so far (from test_start): 1.0
db insert success
tensor(0.2689)
tensor(0.2689)
(62, 3, 0, 2, 4800, 'projchi', 'bitflip', 107.37469482421875, 0.0010000000474974513, 1.5938880443572998, '2024-07-24 10:11:18', 4, 999)
pval: [0.001] -- 62th test, time elapsed 1.5938880443572998 -- emperical power so far (from test_start): 1.0
db insert success
tensor(0.2689)
tensor(0.2689)
(63, 3, 0, 2, 4800, 'projchi', 'bitflip', 122.0949935913086, 0.0010000000474974513, 1.5871734619140625, '2024-07-24 10:11:25', 4, 999)
pval: [0.001] -- 63th test, time elapsed 1.5871734619140625 -- emperical power so far (from test_start): 1.0
db insert success
tensor(0.2689)
tensor(0.2689)
(64, 3, 0, 2, 4800, 'projchi', 'bitflip', 153.3613739013672, 0.0010000000474974513, 1.60013747215271, '2024-07-24 10:11:36', 4, 999)
pval: [0.001] -- 64th test, time elapsed 1.60013747215271 -- emperical power so far (from test_start): 1.0
db insert success
tensor(0.2689)
tensor(0.2689)
(65, 3, 0, 2, 4800, 'projchi', 'bitflip', 112.55595397949219, 0.0020000000949949026, 1.5951783657073975, '2024-07-24 10:11:50', 4, 999)
pval: [0.002] -- 65th test, time elapsed 1.5951783657073975 -- emperical power so far (from test_start): 1.0
db insert success
tensor(0.2689)
tensor(0.2689)
(66, 3, 0, 2, 4800, 'projchi', 'bitflip', 104.72175598144531, 0.0010000000474974513, 1.6062111854553223, '2024-07-24 10:11:57', 4, 999)
pval: [0.001] -- 66th test, time elapsed 1.6062111854553223 -- emperical power so far (from test_start): 1.0
db insert success
tensor(0.2689)
tensor(0.2689)
(67, 3, 0, 2, 4800, 'projchi', 'bitflip', 114.19441986083984, 0.0010000000474974513, 1.5908622741699219, '2024-07-24 10:12:08', 4, 999)
pval: [0.001] -- 67th test, time elapsed 1.5908622741699219 -- emperical power so far (from test_start): 1.0
db insert success
tensor(0.2689)
tensor(0.2689)
(68, 3, 0, 2, 4800, 'projchi', 'bitflip', 96.68692779541016, 0.00800000037997961, 1.6067068576812744, '2024-07-24 10:12:13', 4, 999)
pval: [0.008] -- 68th test, time elapsed 1.6067068576812744 -- emperical power so far (from test_start): 1.0
db insert success
tensor(0.2689)
tensor(0.2689)
(69, 3, 0, 2, 4800, 'projchi', 'bitflip', 139.3735809326172, 0.0010000000474974513, 1.6030011177062988, '2024-07-24 10:12:30', 4, 999)
pval: [0.001] -- 69th test, time elapsed 1.6030011177062988 -- emperical power so far (from test_start): 1.0
db insert success
tensor(0.2689)
tensor(0.2689)
(70, 3, 0, 2, 4800, 'projchi', 'bitflip', 104.4393081665039, 0.0020000000949949026, 1.5915277004241943, '2024-07-24 10:12:48', 4, 999)
pval: [0.002] -- 70th test, time elapsed 1.5915277004241943 -- emperical power so far (from test_start): 1.0
db insert success
tensor(0.2689)
tensor(0.2689)
(71, 3, 0, 2, 4800, 'projchi', 'bitflip', 95.60533905029297, 0.00800000037997961, 1.5903310775756836, '2024-07-24 10:13:06', 4, 999)
pval: [0.008] -- 71th test, time elapsed 1.5903310775756836 -- emperical power so far (from test_start): 1.0
db insert success
tensor(0.2689)
tensor(0.2689)
(72, 3, 0, 2, 4800, 'projchi', 'bitflip', 116.64253234863281, 0.0010000000474974513, 1.59403395652771, '2024-07-24 10:13:23', 4, 999)
pval: [0.001] -- 72th test, time elapsed 1.59403395652771 -- emperical power so far (from test_start): 1.0
db insert success
tensor(0.2689)
tensor(0.2689)
(73, 3, 0, 2, 4800, 'projchi', 'bitflip', 123.1642074584961, 0.0010000000474974513, 1.586451768875122, '2024-07-24 10:13:40', 4, 999)
pval: [0.001] -- 73th test, time elapsed 1.586451768875122 -- emperical power so far (from test_start): 1.0
db insert success
tensor(0.2689)
tensor(0.2689)
(74, 3, 0, 2, 4800, 'projchi', 'bitflip', 113.141357421875, 0.0010000000474974513, 1.5990638732910156, '2024-07-24 10:13:44', 4, 999)
pval: [0.001] -- 74th test, time elapsed 1.5990638732910156 -- emperical power so far (from test_start): 1.0
db insert success
tensor(0.2689)
tensor(0.2689)
(75, 3, 0, 2, 4800, 'projchi', 'bitflip', 118.41117095947266, 0.0010000000474974513, 1.5914912223815918, '2024-07-24 10:14:02', 4, 999)
pval: [0.001] -- 75th test, time elapsed 1.5914912223815918 -- emperical power so far (from test_start): 1.0
db insert success
tensor(0.2689)
tensor(0.2689)
(76, 3, 0, 2, 4800, 'projchi', 'bitflip', 107.41999816894531, 0.0010000000474974513, 1.5948922634124756, '2024-07-24 10:14:10', 4, 999)
pval: [0.001] -- 76th test, time elapsed 1.5948922634124756 -- emperical power so far (from test_start): 1.0
db insert success
tensor(0.2689)
tensor(0.2689)
(77, 3, 0, 2, 4800, 'projchi', 'bitflip', 84.96749877929688, 0.029000001028180122, 1.5889112949371338, '2024-07-24 10:14:29', 4, 999)
pval: [0.029] -- 77th test, time elapsed 1.5889112949371338 -- emperical power so far (from test_start): 1.0
db insert success
tensor(0.2689)
tensor(0.2689)
(78, 3, 0, 2, 4800, 'projchi', 'bitflip', 120.8258056640625, 0.0010000000474974513, 1.5987560749053955, '2024-07-24 10:14:36', 4, 999)
pval: [0.001] -- 78th test, time elapsed 1.5987560749053955 -- emperical power so far (from test_start): 1.0
db insert success
tensor(0.2689)
tensor(0.2689)
(79, 3, 0, 2, 4800, 'projchi', 'bitflip', 101.53804779052734, 0.004000000189989805, 1.5846381187438965, '2024-07-24 10:14:43', 4, 999)
pval: [0.004] -- 79th test, time elapsed 1.5846381187438965 -- emperical power so far (from test_start): 1.0
db insert success
tensor(0.2689)
tensor(0.2689)
(80, 3, 0, 2, 4800, 'projchi', 'bitflip', 127.41481018066406, 0.0010000000474974513, 1.603116750717163, '2024-07-24 10:14:46', 4, 999)
pval: [0.001] -- 80th test, time elapsed 1.603116750717163 -- emperical power so far (from test_start): 1.0
db insert success
tensor(0.2689)
tensor(0.2689)
(81, 3, 0, 2, 4800, 'projchi', 'bitflip', 135.38839721679688, 0.0010000000474974513, 1.6001267433166504, '2024-07-24 10:14:56', 4, 999)
pval: [0.001] -- 81th test, time elapsed 1.6001267433166504 -- emperical power so far (from test_start): 1.0
db insert success
tensor(0.2689)
tensor(0.2689)
(82, 3, 0, 2, 4800, 'projchi', 'bitflip', 152.82420349121094, 0.0010000000474974513, 1.6012797355651855, '2024-07-24 10:15:16', 4, 999)
pval: [0.001] -- 82th test, time elapsed 1.6012797355651855 -- emperical power so far (from test_start): 1.0
db insert success
tensor(0.2689)
tensor(0.2689)
(83, 3, 0, 2, 4800, 'projchi', 'bitflip', 125.98332214355469, 0.0010000000474974513, 1.5979976654052734, '2024-07-24 10:15:36', 4, 999)
pval: [0.001] -- 83th test, time elapsed 1.5979976654052734 -- emperical power so far (from test_start): 1.0
db insert success
tensor(0.2689)
tensor(0.2689)
(84, 3, 0, 2, 4800, 'projchi', 'bitflip', 118.42362213134766, 0.0010000000474974513, 1.6057281494140625, '2024-07-24 10:15:57', 4, 999)
pval: [0.001] -- 84th test, time elapsed 1.6057281494140625 -- emperical power so far (from test_start): 1.0
db insert success
tensor(0.2689)
tensor(0.2689)
(85, 3, 0, 2, 4800, 'projchi', 'bitflip', 83.13919830322266, 0.05000000074505806, 1.594059705734253, '2024-07-24 10:16:00', 4, 999)
pval: [0.05] -- 85th test, time elapsed 1.594059705734253 -- emperical power so far (from test_start): 0.9882352941176471
db insert success
tensor(0.2689)
tensor(0.2689)
(86, 3, 0, 2, 4800, 'projchi', 'bitflip', 126.10908508300781, 0.0010000000474974513, 1.593797206878662, '2024-07-24 10:16:10', 4, 999)
pval: [0.001] -- 86th test, time elapsed 1.593797206878662 -- emperical power so far (from test_start): 0.9883720930232558
db insert success
tensor(0.2689)
tensor(0.2689)
(87, 3, 0, 2, 4800, 'projchi', 'bitflip', 111.46263885498047, 0.0010000000474974513, 1.600616455078125, '2024-07-24 10:16:19', 4, 999)
pval: [0.001] -- 87th test, time elapsed 1.600616455078125 -- emperical power so far (from test_start): 0.9885057471264368
db insert success
tensor(0.2689)
tensor(0.2689)
(88, 3, 0, 2, 4800, 'projchi', 'bitflip', 83.27820587158203, 0.046000003814697266, 1.5989816188812256, '2024-07-24 10:16:37', 4, 999)
pval: [0.046] -- 88th test, time elapsed 1.5989816188812256 -- emperical power so far (from test_start): 0.9886363636363636
db insert success
tensor(0.2689)
tensor(0.2689)
(89, 3, 0, 2, 4800, 'projchi', 'bitflip', 120.91979217529297, 0.0010000000474974513, 1.5977797508239746, '2024-07-24 10:16:57', 4, 999)
pval: [0.001] -- 89th test, time elapsed 1.5977797508239746 -- emperical power so far (from test_start): 0.9887640449438202
db insert success
tensor(0.2689)
tensor(0.2689)
(90, 3, 0, 2, 4800, 'projchi', 'bitflip', 114.42317962646484, 0.0020000000949949026, 1.5985381603240967, '2024-07-24 10:17:17', 4, 999)
pval: [0.002] -- 90th test, time elapsed 1.5985381603240967 -- emperical power so far (from test_start): 0.9888888888888889
db insert success
tensor(0.2689)
tensor(0.2689)
(91, 3, 0, 2, 4800, 'projchi', 'bitflip', 84.48558807373047, 0.03700000047683716, 1.599045753479004, '2024-07-24 10:17:22', 4, 999)
pval: [0.037] -- 91th test, time elapsed 1.599045753479004 -- emperical power so far (from test_start): 0.989010989010989
db insert success
tensor(0.2689)
tensor(0.2689)
(92, 3, 0, 2, 4800, 'projchi', 'bitflip', 122.8509521484375, 0.0010000000474974513, 1.5938620567321777, '2024-07-24 10:17:43', 4, 999)
pval: [0.001] -- 92th test, time elapsed 1.5938620567321777 -- emperical power so far (from test_start): 0.9891304347826086
db insert success
tensor(0.2689)
tensor(0.2689)
(93, 3, 0, 2, 4800, 'projchi', 'bitflip', 151.9603729248047, 0.0010000000474974513, 1.5907893180847168, '2024-07-24 10:17:56', 4, 999)
pval: [0.001] -- 93th test, time elapsed 1.5907893180847168 -- emperical power so far (from test_start): 0.989247311827957
db insert success
tensor(0.2689)
tensor(0.2689)
(94, 3, 0, 2, 4800, 'projchi', 'bitflip', 106.51371765136719, 0.0010000000474974513, 1.5880951881408691, '2024-07-24 10:18:05', 4, 999)
pval: [0.001] -- 94th test, time elapsed 1.5880951881408691 -- emperical power so far (from test_start): 0.9893617021276596
db insert success
tensor(0.2689)
tensor(0.2689)
(95, 3, 0, 2, 4800, 'projchi', 'bitflip', 102.10160827636719, 0.0020000000949949026, 1.5811340808868408, '2024-07-24 10:18:14', 4, 999)
pval: [0.002] -- 95th test, time elapsed 1.5811340808868408 -- emperical power so far (from test_start): 0.9894736842105263
db insert success
tensor(0.2689)
tensor(0.2689)
(96, 3, 0, 2, 4800, 'projchi', 'bitflip', 108.22169494628906, 0.0020000000949949026, 1.593153953552246, '2024-07-24 10:18:23', 4, 999)
pval: [0.002] -- 96th test, time elapsed 1.593153953552246 -- emperical power so far (from test_start): 0.9895833333333334
db insert success
tensor(0.2689)
tensor(0.2689)
(97, 3, 0, 2, 4800, 'projchi', 'bitflip', 135.140380859375, 0.0010000000474974513, 1.5808250904083252, '2024-07-24 10:18:41', 4, 999)
pval: [0.001] -- 97th test, time elapsed 1.5808250904083252 -- emperical power so far (from test_start): 0.9896907216494846
db insert success
tensor(0.2689)
tensor(0.2689)
(98, 3, 0, 2, 4800, 'projchi', 'bitflip', 108.7369155883789, 0.0010000000474974513, 1.5905969142913818, '2024-07-24 10:19:00', 4, 999)
pval: [0.001] -- 98th test, time elapsed 1.5905969142913818 -- emperical power so far (from test_start): 0.9897959183673469
db insert success
tensor(0.2689)
tensor(0.2689)
(99, 3, 0, 2, 4800, 'projchi', 'bitflip', 123.81556701660156, 0.0010000000474974513, 1.5919415950775146, '2024-07-24 10:19:10', 4, 999)
pval: [0.001] -- 99th test, time elapsed 1.5919415950775146 -- emperical power so far (from test_start): 0.98989898989899
db insert success
tensor(0.2689)
tensor(0.2689)
(100, 3, 0, 2, 4800, 'projchi', 'bitflip', 148.42738342285156, 0.0010000000474974513, 1.5891952514648438, '2024-07-24 10:19:15', 4, 999)
pval: [0.001] -- 100th test, time elapsed 1.5891952514648438 -- emperical power so far (from test_start): 0.99
db insert success
tensor(0.2689)
tensor(0.2689)
(101, 3, 0, 2, 4800, 'projchi', 'bitflip', 166.78189086914062, 0.0010000000474974513, 1.593024730682373, '2024-07-24 10:19:30', 4, 999)
pval: [0.001] -- 101th test, time elapsed 1.593024730682373 -- emperical power so far (from test_start): 0.9900990099009901
db insert success
tensor(0.2689)
tensor(0.2689)
(102, 3, 0, 2, 4800, 'projchi', 'bitflip', 106.42317962646484, 0.0010000000474974513, 1.5985438823699951, '2024-07-24 10:19:43', 4, 999)
pval: [0.001] -- 102th test, time elapsed 1.5985438823699951 -- emperical power so far (from test_start): 0.9901960784313726
db insert success
tensor(0.2689)
tensor(0.2689)
(103, 3, 0, 2, 4800, 'projchi', 'bitflip', 80.056884765625, 0.07900000363588333, 1.5916597843170166, '2024-07-24 10:19:51', 4, 999)
pval: [0.079] -- 103th test, time elapsed 1.5916597843170166 -- emperical power so far (from test_start): 0.9805825242718447
db insert success
tensor(0.2689)
tensor(0.2689)
(104, 3, 0, 2, 4800, 'projchi', 'bitflip', 94.81226348876953, 0.01100000087171793, 1.5926995277404785, '2024-07-24 10:19:58', 4, 999)
pval: [0.011] -- 104th test, time elapsed 1.5926995277404785 -- emperical power so far (from test_start): 0.9807692307692307
db insert success
tensor(0.2689)
tensor(0.2689)
(105, 3, 0, 2, 4800, 'projchi', 'bitflip', 135.05213928222656, 0.0010000000474974513, 1.5943076610565186, '2024-07-24 10:20:01', 4, 999)
pval: [0.001] -- 105th test, time elapsed 1.5943076610565186 -- emperical power so far (from test_start): 0.9809523809523809
db insert success
tensor(0.2689)
tensor(0.2689)
(106, 3, 0, 2, 4800, 'projchi', 'bitflip', 114.94061279296875, 0.0010000000474974513, 1.5949771404266357, '2024-07-24 10:20:13', 4, 999)
pval: [0.001] -- 106th test, time elapsed 1.5949771404266357 -- emperical power so far (from test_start): 0.9811320754716981
db insert success
tensor(0.2689)
tensor(0.2689)
(107, 3, 0, 2, 4800, 'projchi', 'bitflip', 121.76484680175781, 0.0010000000474974513, 1.5934114456176758, '2024-07-24 10:20:20', 4, 999)
pval: [0.001] -- 107th test, time elapsed 1.5934114456176758 -- emperical power so far (from test_start): 0.9813084112149533
db insert success
tensor(0.2689)
tensor(0.2689)
(108, 3, 0, 2, 4800, 'projchi', 'bitflip', 147.9111328125, 0.0010000000474974513, 1.5967652797698975, '2024-07-24 10:20:33', 4, 999)
pval: [0.001] -- 108th test, time elapsed 1.5967652797698975 -- emperical power so far (from test_start): 0.9814814814814815
db insert success
tensor(0.2689)
tensor(0.2689)
(109, 3, 0, 2, 4800, 'projchi', 'bitflip', 105.45063781738281, 0.0010000000474974513, 1.5934040546417236, '2024-07-24 10:20:43', 4, 999)
pval: [0.001] -- 109th test, time elapsed 1.5934040546417236 -- emperical power so far (from test_start): 0.981651376146789
db insert success
tensor(0.2689)
tensor(0.2689)
(110, 3, 0, 2, 4800, 'projchi', 'bitflip', 122.06130981445312, 0.0010000000474974513, 1.596078872680664, '2024-07-24 10:20:45', 4, 999)
pval: [0.001] -- 110th test, time elapsed 1.596078872680664 -- emperical power so far (from test_start): 0.9818181818181818
db insert success
tensor(0.2689)
tensor(0.2689)
(111, 3, 0, 2, 4800, 'projchi', 'bitflip', 87.86476135253906, 0.026000000536441803, 1.5983736515045166, '2024-07-24 10:20:56', 4, 999)
pval: [0.026] -- 111th test, time elapsed 1.5983736515045166 -- emperical power so far (from test_start): 0.9819819819819819
db insert success
tensor(0.2689)
tensor(0.2689)
(112, 3, 0, 2, 4800, 'projchi', 'bitflip', 103.36974334716797, 0.0010000000474974513, 1.6099910736083984, '2024-07-24 10:21:17', 4, 999)
pval: [0.001] -- 112th test, time elapsed 1.6099910736083984 -- emperical power so far (from test_start): 0.9821428571428571
db insert success
tensor(0.2689)
tensor(0.2689)
(113, 3, 0, 2, 4800, 'projchi', 'bitflip', 121.69641876220703, 0.0010000000474974513, 1.594517707824707, '2024-07-24 10:21:30', 4, 999)
pval: [0.001] -- 113th test, time elapsed 1.594517707824707 -- emperical power so far (from test_start): 0.9823008849557522
db insert success
tensor(0.2689)
tensor(0.2689)
(114, 3, 0, 2, 4800, 'projchi', 'bitflip', 133.2183837890625, 0.0010000000474974513, 1.5985901355743408, '2024-07-24 10:21:46', 4, 999)
pval: [0.001] -- 114th test, time elapsed 1.5985901355743408 -- emperical power so far (from test_start): 0.9824561403508771
db insert success
tensor(0.2689)
tensor(0.2689)
(115, 3, 0, 2, 4800, 'projchi', 'bitflip', 145.47830200195312, 0.0010000000474974513, 1.5944173336029053, '2024-07-24 10:21:58', 4, 999)
pval: [0.001] -- 115th test, time elapsed 1.5944173336029053 -- emperical power so far (from test_start): 0.9826086956521739
db insert success
tensor(0.2689)
tensor(0.2689)
(116, 3, 0, 2, 4800, 'projchi', 'bitflip', 118.98239135742188, 0.0010000000474974513, 1.5937254428863525, '2024-07-24 10:22:18', 4, 999)
pval: [0.001] -- 116th test, time elapsed 1.5937254428863525 -- emperical power so far (from test_start): 0.9827586206896551
db insert success
tensor(0.2689)
tensor(0.2689)
(117, 3, 0, 2, 4800, 'projchi', 'bitflip', 115.24539947509766, 0.0010000000474974513, 1.5878443717956543, '2024-07-24 10:22:32', 4, 999)
pval: [0.001] -- 117th test, time elapsed 1.5878443717956543 -- emperical power so far (from test_start): 0.9829059829059829
db insert success
tensor(0.2689)
tensor(0.2689)
(118, 3, 0, 2, 4800, 'projchi', 'bitflip', 121.28936767578125, 0.0010000000474974513, 1.6017711162567139, '2024-07-24 10:22:49', 4, 999)
pval: [0.001] -- 118th test, time elapsed 1.6017711162567139 -- emperical power so far (from test_start): 0.9830508474576272
db insert success
tensor(0.2689)
tensor(0.2689)
(119, 3, 0, 2, 4800, 'projchi', 'bitflip', 86.38079071044922, 0.021000001579523087, 1.598160743713379, '2024-07-24 10:23:07', 4, 999)
pval: [0.021] -- 119th test, time elapsed 1.598160743713379 -- emperical power so far (from test_start): 0.9831932773109243
db insert success
tensor(0.2689)
tensor(0.2689)
(120, 3, 0, 2, 4800, 'projchi', 'bitflip', 140.42068481445312, 0.0010000000474974513, 1.611614465713501, '2024-07-24 10:23:12', 4, 999)
pval: [0.001] -- 120th test, time elapsed 1.611614465713501 -- emperical power so far (from test_start): 0.9833333333333333
db insert success
tensor(0.2689)
tensor(0.2689)
(121, 3, 0, 2, 4800, 'projchi', 'bitflip', 121.68293762207031, 0.0010000000474974513, 1.59716796875, '2024-07-24 10:23:29', 4, 999)
pval: [0.001] -- 121th test, time elapsed 1.59716796875 -- emperical power so far (from test_start): 0.9834710743801653
db insert success
tensor(0.2689)
tensor(0.2689)
(122, 3, 0, 2, 4800, 'projchi', 'bitflip', 109.66356658935547, 0.0010000000474974513, 1.5983355045318604, '2024-07-24 10:23:36', 4, 999)
pval: [0.001] -- 122th test, time elapsed 1.5983355045318604 -- emperical power so far (from test_start): 0.9836065573770492
db insert success
tensor(0.2689)
tensor(0.2689)
(123, 3, 0, 2, 4800, 'projchi', 'bitflip', 97.27139282226562, 0.0020000000949949026, 1.5966365337371826, '2024-07-24 10:23:45', 4, 999)
pval: [0.002] -- 123th test, time elapsed 1.5966365337371826 -- emperical power so far (from test_start): 0.983739837398374
db insert success
tensor(0.2689)
tensor(0.2689)
(124, 3, 0, 2, 4800, 'projchi', 'bitflip', 100.1539535522461, 0.004000000189989805, 1.598515510559082, '2024-07-24 10:24:01', 4, 999)
pval: [0.004] -- 124th test, time elapsed 1.598515510559082 -- emperical power so far (from test_start): 0.9838709677419355
db insert success
tensor(0.2689)
tensor(0.2689)
(125, 3, 0, 2, 4800, 'projchi', 'bitflip', 116.03117370605469, 0.0010000000474974513, 1.5957090854644775, '2024-07-24 10:24:19', 4, 999)
pval: [0.001] -- 125th test, time elapsed 1.5957090854644775 -- emperical power so far (from test_start): 0.984
db insert success
tensor(0.2689)
tensor(0.2689)
(126, 3, 0, 2, 4800, 'projchi', 'bitflip', 124.45930480957031, 0.0010000000474974513, 1.5992217063903809, '2024-07-24 10:24:32', 4, 999)
pval: [0.001] -- 126th test, time elapsed 1.5992217063903809 -- emperical power so far (from test_start): 0.9841269841269841
db insert success
tensor(0.2689)
tensor(0.2689)
(127, 3, 0, 2, 4800, 'projchi', 'bitflip', 101.87317657470703, 0.003000000026077032, 1.592970609664917, '2024-07-24 10:24:45', 4, 999)
pval: [0.003] -- 127th test, time elapsed 1.592970609664917 -- emperical power so far (from test_start): 0.984251968503937
db insert success
tensor(0.2689)
tensor(0.2689)
(128, 3, 0, 2, 4800, 'projchi', 'bitflip', 131.82550048828125, 0.0010000000474974513, 1.6153690814971924, '2024-07-24 10:25:06', 4, 999)
pval: [0.001] -- 128th test, time elapsed 1.6153690814971924 -- emperical power so far (from test_start): 0.984375
db insert success
tensor(0.2689)
tensor(0.2689)
(129, 3, 0, 2, 4800, 'projchi', 'bitflip', 109.61308288574219, 0.0010000000474974513, 1.6000077724456787, '2024-07-24 10:25:09', 4, 999)
pval: [0.001] -- 129th test, time elapsed 1.6000077724456787 -- emperical power so far (from test_start): 0.9844961240310077
db insert success
tensor(0.2689)
tensor(0.2689)
(130, 3, 0, 2, 4800, 'projchi', 'bitflip', 75.29269409179688, 0.13300000131130219, 1.5962176322937012, '2024-07-24 10:25:18', 4, 999)
pval: [0.133] -- 130th test, time elapsed 1.5962176322937012 -- emperical power so far (from test_start): 0.9769230769230769
db insert success
tensor(0.2689)
tensor(0.2689)
(131, 3, 0, 2, 4800, 'projchi', 'bitflip', 125.161376953125, 0.0010000000474974513, 1.5942471027374268, '2024-07-24 10:25:28', 4, 999)
pval: [0.001] -- 131th test, time elapsed 1.5942471027374268 -- emperical power so far (from test_start): 0.9770992366412213
db insert success
tensor(0.2689)
tensor(0.2689)
(132, 3, 0, 2, 4800, 'projchi', 'bitflip', 104.9850845336914, 0.0020000000949949026, 1.5968825817108154, '2024-07-24 10:25:39', 4, 999)
pval: [0.002] -- 132th test, time elapsed 1.5968825817108154 -- emperical power so far (from test_start): 0.9772727272727273
db insert success
tensor(0.2689)
tensor(0.2689)
(133, 3, 0, 2, 4800, 'projchi', 'bitflip', 127.80378723144531, 0.0010000000474974513, 1.5955324172973633, '2024-07-24 10:25:51', 4, 999)
pval: [0.001] -- 133th test, time elapsed 1.5955324172973633 -- emperical power so far (from test_start): 0.9774436090225563
db insert success
tensor(0.2689)
tensor(0.2689)
(134, 3, 0, 2, 4800, 'projchi', 'bitflip', 103.06378173828125, 0.0020000000949949026, 1.606027364730835, '2024-07-24 10:26:09', 4, 999)
pval: [0.002] -- 134th test, time elapsed 1.606027364730835 -- emperical power so far (from test_start): 0.9776119402985075
db insert success
tensor(0.2689)
tensor(0.2689)
(135, 3, 0, 2, 4800, 'projchi', 'bitflip', 101.79161071777344, 0.004000000189989805, 1.595341444015503, '2024-07-24 10:26:18', 4, 999)
pval: [0.004] -- 135th test, time elapsed 1.595341444015503 -- emperical power so far (from test_start): 0.9777777777777777
db insert success
tensor(0.2689)
tensor(0.2689)
(136, 3, 0, 2, 4800, 'projchi', 'bitflip', 132.82562255859375, 0.0010000000474974513, 1.607330560684204, '2024-07-24 10:26:31', 4, 999)
pval: [0.001] -- 136th test, time elapsed 1.607330560684204 -- emperical power so far (from test_start): 0.9779411764705882
db insert success
tensor(0.2689)
tensor(0.2689)
(137, 3, 0, 2, 4800, 'projchi', 'bitflip', 119.1425552368164, 0.0010000000474974513, 1.5953092575073242, '2024-07-24 10:26:34', 4, 999)
pval: [0.001] -- 137th test, time elapsed 1.5953092575073242 -- emperical power so far (from test_start): 0.9781021897810219
db insert success
tensor(0.2689)
tensor(0.2689)
(138, 3, 0, 2, 4800, 'projchi', 'bitflip', 128.2301025390625, 0.0010000000474974513, 1.6058199405670166, '2024-07-24 10:26:52', 4, 999)
pval: [0.001] -- 138th test, time elapsed 1.6058199405670166 -- emperical power so far (from test_start): 0.9782608695652174
db insert success
tensor(0.2689)
tensor(0.2689)
(139, 3, 0, 2, 4800, 'projchi', 'bitflip', 111.39578247070312, 0.0020000000949949026, 1.589914083480835, '2024-07-24 10:27:08', 4, 999)
pval: [0.002] -- 139th test, time elapsed 1.589914083480835 -- emperical power so far (from test_start): 0.9784172661870504
db insert success
tensor(0.2689)
tensor(0.2689)
(140, 3, 0, 2, 4800, 'projchi', 'bitflip', 110.86247253417969, 0.0010000000474974513, 1.6003835201263428, '2024-07-24 10:27:17', 4, 999)
pval: [0.001] -- 140th test, time elapsed 1.6003835201263428 -- emperical power so far (from test_start): 0.9785714285714285
db insert success
tensor(0.2689)
tensor(0.2689)
(141, 3, 0, 2, 4800, 'projchi', 'bitflip', 120.9138412475586, 0.0010000000474974513, 1.5897109508514404, '2024-07-24 10:27:29', 4, 999)
pval: [0.001] -- 141th test, time elapsed 1.5897109508514404 -- emperical power so far (from test_start): 0.9787234042553191
db insert success
tensor(0.2689)
tensor(0.2689)
(142, 3, 0, 2, 4800, 'projchi', 'bitflip', 103.92593383789062, 0.0020000000949949026, 1.5916006565093994, '2024-07-24 10:27:38', 4, 999)
pval: [0.002] -- 142th test, time elapsed 1.5916006565093994 -- emperical power so far (from test_start): 0.9788732394366197
db insert success
tensor(0.2689)
tensor(0.2689)
(143, 3, 0, 2, 4800, 'projchi', 'bitflip', 141.48931884765625, 0.0010000000474974513, 1.594707727432251, '2024-07-24 10:27:55', 4, 999)
pval: [0.001] -- 143th test, time elapsed 1.594707727432251 -- emperical power so far (from test_start): 0.9790209790209791
db insert success
tensor(0.2689)
tensor(0.2689)
(144, 3, 0, 2, 4800, 'projchi', 'bitflip', 142.1610565185547, 0.0010000000474974513, 1.5923945903778076, '2024-07-24 10:28:15', 4, 999)
pval: [0.001] -- 144th test, time elapsed 1.5923945903778076 -- emperical power so far (from test_start): 0.9791666666666666
db insert success
tensor(0.2689)
tensor(0.2689)
(145, 3, 0, 2, 4800, 'projchi', 'bitflip', 134.20181274414062, 0.0010000000474974513, 1.5933074951171875, '2024-07-24 10:28:35', 4, 999)
pval: [0.001] -- 145th test, time elapsed 1.5933074951171875 -- emperical power so far (from test_start): 0.9793103448275862
db insert success
tensor(0.2689)
tensor(0.2689)
(146, 3, 0, 2, 4800, 'projchi', 'bitflip', 110.2901840209961, 0.0010000000474974513, 1.5953829288482666, '2024-07-24 10:28:55', 4, 999)
pval: [0.001] -- 146th test, time elapsed 1.5953829288482666 -- emperical power so far (from test_start): 0.9794520547945206
db insert success
tensor(0.2689)
tensor(0.2689)
(147, 3, 0, 2, 4800, 'projchi', 'bitflip', 113.43695831298828, 0.0010000000474974513, 1.5862388610839844, '2024-07-24 10:28:58', 4, 999)
pval: [0.001] -- 147th test, time elapsed 1.5862388610839844 -- emperical power so far (from test_start): 0.9795918367346939
db insert success
tensor(0.2689)
tensor(0.2689)
(148, 3, 0, 2, 4800, 'projchi', 'bitflip', 122.09806823730469, 0.0010000000474974513, 1.594494104385376, '2024-07-24 10:29:18', 4, 999)
pval: [0.001] -- 148th test, time elapsed 1.594494104385376 -- emperical power so far (from test_start): 0.9797297297297297
db insert success
tensor(0.2689)
tensor(0.2689)
(149, 3, 0, 2, 4800, 'projchi', 'bitflip', 104.8082046508789, 0.0020000000949949026, 1.5912816524505615, '2024-07-24 10:29:37', 4, 999)
pval: [0.002] -- 149th test, time elapsed 1.5912816524505615 -- emperical power so far (from test_start): 0.9798657718120806
db insert success
tensor(0.2689)
tensor(0.2689)
(150, 3, 0, 2, 4800, 'projchi', 'bitflip', 130.79649353027344, 0.0010000000474974513, 1.594656229019165, '2024-07-24 10:29:54', 4, 999)
pval: [0.001] -- 150th test, time elapsed 1.594656229019165 -- emperical power so far (from test_start): 0.98
db insert success
tensor(0.2689)
tensor(0.2689)
(151, 3, 0, 2, 4800, 'projchi', 'bitflip', 113.51249694824219, 0.0010000000474974513, 1.6077113151550293, '2024-07-24 10:30:05', 4, 999)
pval: [0.001] -- 151th test, time elapsed 1.6077113151550293 -- emperical power so far (from test_start): 0.9801324503311258
db insert success
tensor(0.2689)
tensor(0.2689)
(152, 3, 0, 2, 4800, 'projchi', 'bitflip', 89.9849853515625, 0.01600000075995922, 1.591435194015503, '2024-07-24 10:30:21', 4, 999)
pval: [0.016] -- 152th test, time elapsed 1.591435194015503 -- emperical power so far (from test_start): 0.9802631578947368
db insert success
tensor(0.2689)
tensor(0.2689)
(153, 3, 0, 2, 4800, 'projchi', 'bitflip', 78.58292388916016, 0.08400000631809235, 1.5877633094787598, '2024-07-24 10:30:41', 4, 999)
pval: [0.08400001] -- 153th test, time elapsed 1.5877633094787598 -- emperical power so far (from test_start): 0.9738562091503268
db insert success
tensor(0.2689)
tensor(0.2689)
(154, 3, 0, 2, 4800, 'projchi', 'bitflip', 111.62887573242188, 0.0010000000474974513, 1.595851182937622, '2024-07-24 10:31:03', 4, 999)
pval: [0.001] -- 154th test, time elapsed 1.595851182937622 -- emperical power so far (from test_start): 0.974025974025974
db insert success
tensor(0.2689)
tensor(0.2689)
(155, 3, 0, 2, 4800, 'projchi', 'bitflip', 75.17166137695312, 0.1420000046491623, 1.5904028415679932, '2024-07-24 10:31:24', 4, 999)
pval: [0.142] -- 155th test, time elapsed 1.5904028415679932 -- emperical power so far (from test_start): 0.967741935483871
db insert success
tensor(0.2689)
tensor(0.2689)
(156, 3, 0, 2, 4800, 'projchi', 'bitflip', 125.93769073486328, 0.0010000000474974513, 1.596583604812622, '2024-07-24 10:31:35', 4, 999)
pval: [0.001] -- 156th test, time elapsed 1.596583604812622 -- emperical power so far (from test_start): 0.967948717948718
db insert success
tensor(0.2689)
tensor(0.2689)
(157, 3, 0, 2, 4800, 'projchi', 'bitflip', 109.43667602539062, 0.0010000000474974513, 1.5867633819580078, '2024-07-24 10:31:57', 4, 999)
pval: [0.001] -- 157th test, time elapsed 1.5867633819580078 -- emperical power so far (from test_start): 0.9681528662420382
db insert success
tensor(0.2689)
tensor(0.2689)
(158, 3, 0, 2, 4800, 'projchi', 'bitflip', 151.02374267578125, 0.0010000000474974513, 1.5922930240631104, '2024-07-24 10:32:02', 4, 999)
pval: [0.001] -- 158th test, time elapsed 1.5922930240631104 -- emperical power so far (from test_start): 0.9683544303797469
db insert success
tensor(0.2689)
tensor(0.2689)
(159, 3, 0, 2, 4800, 'projchi', 'bitflip', 108.41429901123047, 0.0010000000474974513, 1.5836827754974365, '2024-07-24 10:32:06', 4, 999)
pval: [0.001] -- 159th test, time elapsed 1.5836827754974365 -- emperical power so far (from test_start): 0.9685534591194969
db insert success
tensor(0.2689)
tensor(0.2689)
(160, 3, 0, 2, 4800, 'projchi', 'bitflip', 118.61336517333984, 0.0010000000474974513, 1.5929665565490723, '2024-07-24 10:32:21', 4, 999)
pval: [0.001] -- 160th test, time elapsed 1.5929665565490723 -- emperical power so far (from test_start): 0.96875
db insert success
tensor(0.2689)
tensor(0.2689)
(161, 3, 0, 2, 4800, 'projchi', 'bitflip', 116.40852355957031, 0.0020000000949949026, 1.5865700244903564, '2024-07-24 10:32:33', 4, 999)
pval: [0.002] -- 161th test, time elapsed 1.5865700244903564 -- emperical power so far (from test_start): 0.968944099378882
db insert success
tensor(0.2689)
tensor(0.2689)
(162, 3, 0, 2, 4800, 'projchi', 'bitflip', 133.212158203125, 0.0010000000474974513, 1.5865321159362793, '2024-07-24 10:32:50', 4, 999)
pval: [0.001] -- 162th test, time elapsed 1.5865321159362793 -- emperical power so far (from test_start): 0.9691358024691358
db insert success
tensor(0.2689)
tensor(0.2689)
(163, 3, 0, 2, 4800, 'projchi', 'bitflip', 109.29307556152344, 0.0010000000474974513, 1.5948162078857422, '2024-07-24 10:32:53', 4, 999)
pval: [0.001] -- 163th test, time elapsed 1.5948162078857422 -- emperical power so far (from test_start): 0.9693251533742331
db insert success
tensor(0.2689)
tensor(0.2689)
(164, 3, 0, 2, 4800, 'projchi', 'bitflip', 100.61747741699219, 0.0010000000474974513, 1.599970817565918, '2024-07-24 10:33:00', 4, 999)
pval: [0.001] -- 164th test, time elapsed 1.599970817565918 -- emperical power so far (from test_start): 0.9695121951219512
db insert success
tensor(0.2689)
tensor(0.2689)
(165, 3, 0, 2, 4800, 'projchi', 'bitflip', 109.27318572998047, 0.0010000000474974513, 1.5954911708831787, '2024-07-24 10:33:08', 4, 999)
pval: [0.001] -- 165th test, time elapsed 1.5954911708831787 -- emperical power so far (from test_start): 0.9696969696969697
db insert success
tensor(0.2689)
tensor(0.2689)
(166, 3, 0, 2, 4800, 'projchi', 'bitflip', 122.52501678466797, 0.0010000000474974513, 1.59517502784729, '2024-07-24 10:33:28', 4, 999)
pval: [0.001] -- 166th test, time elapsed 1.59517502784729 -- emperical power so far (from test_start): 0.9698795180722891
db insert success
tensor(0.2689)
tensor(0.2689)
(167, 3, 0, 2, 4800, 'projchi', 'bitflip', 105.82540130615234, 0.0010000000474974513, 1.583366870880127, '2024-07-24 10:33:32', 4, 999)
pval: [0.001] -- 167th test, time elapsed 1.583366870880127 -- emperical power so far (from test_start): 0.9700598802395209
db insert success
tensor(0.2689)
tensor(0.2689)
(168, 3, 0, 2, 4800, 'projchi', 'bitflip', 82.25286102294922, 0.06200000271201134, 1.5975017547607422, '2024-07-24 10:33:47', 4, 999)
pval: [0.062] -- 168th test, time elapsed 1.5975017547607422 -- emperical power so far (from test_start): 0.9642857142857143
db insert success
tensor(0.2689)
tensor(0.2689)
(169, 3, 0, 2, 4800, 'projchi', 'bitflip', 140.20077514648438, 0.0010000000474974513, 1.585085153579712, '2024-07-24 10:33:51', 4, 999)
pval: [0.001] -- 169th test, time elapsed 1.585085153579712 -- emperical power so far (from test_start): 0.9644970414201184
db insert success
tensor(0.2689)
tensor(0.2689)
(170, 3, 0, 2, 4800, 'projchi', 'bitflip', 115.93365478515625, 0.0010000000474974513, 1.5896799564361572, '2024-07-24 10:34:13', 4, 999)
pval: [0.001] -- 170th test, time elapsed 1.5896799564361572 -- emperical power so far (from test_start): 0.9647058823529412
db insert success
tensor(0.2689)
tensor(0.2689)
(171, 3, 0, 2, 4800, 'projchi', 'bitflip', 153.11671447753906, 0.0010000000474974513, 1.5892162322998047, '2024-07-24 10:34:31', 4, 999)
pval: [0.001] -- 171th test, time elapsed 1.5892162322998047 -- emperical power so far (from test_start): 0.9649122807017544
db insert success
tensor(0.2689)
tensor(0.2689)
(172, 3, 0, 2, 4800, 'projchi', 'bitflip', 145.84207153320312, 0.0010000000474974513, 1.5913684368133545, '2024-07-24 10:34:47', 4, 999)
pval: [0.001] -- 172th test, time elapsed 1.5913684368133545 -- emperical power so far (from test_start): 0.9651162790697675
db insert success
tensor(0.2689)
tensor(0.2689)
(173, 3, 0, 2, 4800, 'projchi', 'bitflip', 124.88023376464844, 0.0010000000474974513, 1.586866855621338, '2024-07-24 10:34:57', 4, 999)
pval: [0.001] -- 173th test, time elapsed 1.586866855621338 -- emperical power so far (from test_start): 0.9653179190751445
db insert success
tensor(0.2689)
tensor(0.2689)
(174, 3, 0, 2, 4800, 'projchi', 'bitflip', 92.0904541015625, 0.010000000707805157, 1.6018140316009521, '2024-07-24 10:35:09', 4, 999)
pval: [0.01] -- 174th test, time elapsed 1.6018140316009521 -- emperical power so far (from test_start): 0.9655172413793104
db insert success
tensor(0.2689)
tensor(0.2689)
(175, 3, 0, 2, 4800, 'projchi', 'bitflip', 127.1721420288086, 0.0010000000474974513, 1.5881075859069824, '2024-07-24 10:35:19', 4, 999)
pval: [0.001] -- 175th test, time elapsed 1.5881075859069824 -- emperical power so far (from test_start): 0.9657142857142857
db insert success
tensor(0.2689)
tensor(0.2689)
(176, 3, 0, 2, 4800, 'projchi', 'bitflip', 117.88726043701172, 0.0010000000474974513, 1.595792531967163, '2024-07-24 10:35:31', 4, 999)
pval: [0.001] -- 176th test, time elapsed 1.595792531967163 -- emperical power so far (from test_start): 0.9659090909090909
db insert success
tensor(0.2689)
tensor(0.2689)
(177, 3, 0, 2, 4800, 'projchi', 'bitflip', 109.73603057861328, 0.0010000000474974513, 1.5890662670135498, '2024-07-24 10:35:44', 4, 999)
pval: [0.001] -- 177th test, time elapsed 1.5890662670135498 -- emperical power so far (from test_start): 0.9661016949152542
db insert success
tensor(0.2689)
tensor(0.2689)
(178, 3, 0, 2, 4800, 'projchi', 'bitflip', 126.28998565673828, 0.0010000000474974513, 1.5970520973205566, '2024-07-24 10:35:59', 4, 999)
pval: [0.001] -- 178th test, time elapsed 1.5970520973205566 -- emperical power so far (from test_start): 0.9662921348314607
db insert success
tensor(0.2689)
tensor(0.2689)
(179, 3, 0, 2, 4800, 'projchi', 'bitflip', 113.30596923828125, 0.0010000000474974513, 1.5916345119476318, '2024-07-24 10:36:13', 4, 999)
pval: [0.001] -- 179th test, time elapsed 1.5916345119476318 -- emperical power so far (from test_start): 0.9664804469273743
db insert success
tensor(0.2689)
tensor(0.2689)
(180, 3, 0, 2, 4800, 'projchi', 'bitflip', 124.7572021484375, 0.0010000000474974513, 1.5936510562896729, '2024-07-24 10:36:17', 4, 999)
pval: [0.001] -- 180th test, time elapsed 1.5936510562896729 -- emperical power so far (from test_start): 0.9666666666666667
db insert success
tensor(0.2689)
tensor(0.2689)
(181, 3, 0, 2, 4800, 'projchi', 'bitflip', 98.92884826660156, 0.0010000000474974513, 1.5910921096801758, '2024-07-24 10:36:38', 4, 999)
pval: [0.001] -- 181th test, time elapsed 1.5910921096801758 -- emperical power so far (from test_start): 0.9668508287292817
db insert success
tensor(0.2689)
tensor(0.2689)
(182, 3, 0, 2, 4800, 'projchi', 'bitflip', 110.33427429199219, 0.0010000000474974513, 1.588118076324463, '2024-07-24 10:36:53', 4, 999)
pval: [0.001] -- 182th test, time elapsed 1.588118076324463 -- emperical power so far (from test_start): 0.967032967032967
db insert success
tensor(0.2689)
tensor(0.2689)
(183, 3, 0, 2, 4800, 'projchi', 'bitflip', 140.37660217285156, 0.0010000000474974513, 1.5877585411071777, '2024-07-24 10:37:04', 4, 999)
pval: [0.001] -- 183th test, time elapsed 1.5877585411071777 -- emperical power so far (from test_start): 0.9672131147540983
db insert success
tensor(0.2689)
tensor(0.2689)
(184, 3, 0, 2, 4800, 'projchi', 'bitflip', 100.40947723388672, 0.0020000000949949026, 1.5934643745422363, '2024-07-24 10:37:13', 4, 999)
pval: [0.002] -- 184th test, time elapsed 1.5934643745422363 -- emperical power so far (from test_start): 0.967391304347826
db insert success
tensor(0.2689)
tensor(0.2689)
(185, 3, 0, 2, 4800, 'projchi', 'bitflip', 94.27887725830078, 0.006000000052154064, 1.5891942977905273, '2024-07-24 10:37:24', 4, 999)
pval: [0.006] -- 185th test, time elapsed 1.5891942977905273 -- emperical power so far (from test_start): 0.9675675675675676
db insert success
tensor(0.2689)
tensor(0.2689)
(186, 3, 0, 2, 4800, 'projchi', 'bitflip', 104.53856658935547, 0.0020000000949949026, 1.5952372550964355, '2024-07-24 10:37:29', 4, 999)
pval: [0.002] -- 186th test, time elapsed 1.5952372550964355 -- emperical power so far (from test_start): 0.967741935483871
db insert success
tensor(0.2689)
tensor(0.2689)
(187, 3, 0, 2, 4800, 'projchi', 'bitflip', 105.56751251220703, 0.003000000026077032, 1.5887835025787354, '2024-07-24 10:37:45', 4, 999)
pval: [0.003] -- 187th test, time elapsed 1.5887835025787354 -- emperical power so far (from test_start): 0.9679144385026738
db insert success
tensor(0.2689)
tensor(0.2689)
(188, 3, 0, 2, 4800, 'projchi', 'bitflip', 133.34490966796875, 0.0010000000474974513, 1.5894100666046143, '2024-07-24 10:38:03', 4, 999)
pval: [0.001] -- 188th test, time elapsed 1.5894100666046143 -- emperical power so far (from test_start): 0.9680851063829787
db insert success
tensor(0.2689)
tensor(0.2689)
(189, 3, 0, 2, 4800, 'projchi', 'bitflip', 110.97355651855469, 0.003000000026077032, 1.5926895141601562, '2024-07-24 10:38:20', 4, 999)
pval: [0.003] -- 189th test, time elapsed 1.5926895141601562 -- emperical power so far (from test_start): 0.9682539682539683
db insert success
tensor(0.2689)
tensor(0.2689)
(190, 3, 0, 2, 4800, 'projchi', 'bitflip', 135.59677124023438, 0.0010000000474974513, 1.5882253646850586, '2024-07-24 10:38:26', 4, 999)
pval: [0.001] -- 190th test, time elapsed 1.5882253646850586 -- emperical power so far (from test_start): 0.968421052631579
db insert success
tensor(0.2689)
tensor(0.2689)
(191, 3, 0, 2, 4800, 'projchi', 'bitflip', 99.6452865600586, 0.005000000353902578, 1.5909876823425293, '2024-07-24 10:38:41', 4, 999)
pval: [0.005] -- 191th test, time elapsed 1.5909876823425293 -- emperical power so far (from test_start): 0.9685863874345549
db insert success
tensor(0.2689)
tensor(0.2689)
(192, 3, 0, 2, 4800, 'projchi', 'bitflip', 114.35299682617188, 0.0010000000474974513, 1.597120761871338, '2024-07-24 10:38:59', 4, 999)
pval: [0.001] -- 192th test, time elapsed 1.597120761871338 -- emperical power so far (from test_start): 0.96875
db insert success
tensor(0.2689)
tensor(0.2689)
(193, 3, 0, 2, 4800, 'projchi', 'bitflip', 107.85011291503906, 0.0010000000474974513, 1.5910673141479492, '2024-07-24 10:39:11', 4, 999)
pval: [0.001] -- 193th test, time elapsed 1.5910673141479492 -- emperical power so far (from test_start): 0.9689119170984456
db insert success
tensor(0.2689)
tensor(0.2689)
(194, 3, 0, 2, 4800, 'projchi', 'bitflip', 91.71949005126953, 0.013000000268220901, 1.5890204906463623, '2024-07-24 10:39:24', 4, 999)
pval: [0.013] -- 194th test, time elapsed 1.5890204906463623 -- emperical power so far (from test_start): 0.9690721649484536
db insert success
tensor(0.2689)
tensor(0.2689)
(195, 3, 0, 2, 4800, 'projchi', 'bitflip', 80.3011703491211, 0.06400000303983688, 1.5814015865325928, '2024-07-24 10:39:26', 4, 999)
pval: [0.064] -- 195th test, time elapsed 1.5814015865325928 -- emperical power so far (from test_start): 0.9641025641025641
db insert success
tensor(0.2689)
tensor(0.2689)
(196, 3, 0, 2, 4800, 'projchi', 'bitflip', 117.44841766357422, 0.0010000000474974513, 1.5940072536468506, '2024-07-24 10:39:29', 4, 999)
pval: [0.001] -- 196th test, time elapsed 1.5940072536468506 -- emperical power so far (from test_start): 0.9642857142857143
db insert success
tensor(0.2689)
tensor(0.2689)
(197, 3, 0, 2, 4800, 'projchi', 'bitflip', 95.80672454833984, 0.006000000052154064, 1.5927519798278809, '2024-07-24 10:39:43', 4, 999)
pval: [0.006] -- 197th test, time elapsed 1.5927519798278809 -- emperical power so far (from test_start): 0.9644670050761421
db insert success
tensor(0.2689)
tensor(0.2689)
(198, 3, 0, 2, 4800, 'projchi', 'bitflip', 126.11910247802734, 0.0010000000474974513, 1.5940899848937988, '2024-07-24 10:39:56', 4, 999)
pval: [0.001] -- 198th test, time elapsed 1.5940899848937988 -- emperical power so far (from test_start): 0.9646464646464646
db insert success
tensor(0.2689)
tensor(0.2689)
(199, 3, 0, 2, 4800, 'projchi', 'bitflip', 106.2020492553711, 0.0010000000474974513, 1.5933465957641602, '2024-07-24 10:40:15', 4, 999)
pval: [0.001] -- 199th test, time elapsed 1.5933465957641602 -- emperical power so far (from test_start): 0.964824120603015
db insert success
tensor(0.2689)
tensor(0.2689)
(200, 3, 0, 2, 4800, 'projchi', 'bitflip', 131.0634002685547, 0.0010000000474974513, 1.597367525100708, '2024-07-24 10:40:23', 4, 999)
pval: [0.001] -- 200th test, time elapsed 1.597367525100708 -- emperical power so far (from test_start): 0.965
db insert success
2477.8938348293304
