bitflipprojchi, alpha=2, sample size=17600
#########################################
tensor(0.2689)
tensor(0.2689)
(1, 3, 0, 2, 17600, 'projchi', 'bitflip', 252.02883911132812, 0.0010000000474974513, 3.8447468280792236, '2024-07-24 10:03:22', 4, 999)
pval: [0.001] -- 1th test, time elapsed 3.8447468280792236 -- emperical power so far (from test_start): 1.0
db insert success
tensor(0.2689)
tensor(0.2689)
(2, 3, 0, 2, 17600, 'projchi', 'bitflip', 257.1439208984375, 0.0010000000474974513, 3.8269832134246826, '2024-07-24 10:03:29', 4, 999)
pval: [0.001] -- 2th test, time elapsed 3.8269832134246826 -- emperical power so far (from test_start): 1.0
db insert success
tensor(0.2689)
tensor(0.2689)
(3, 3, 0, 2, 17600, 'projchi', 'bitflip', 231.83753967285156, 0.0010000000474974513, 3.822180986404419, '2024-07-24 10:03:49', 4, 999)
pval: [0.001] -- 3th test, time elapsed 3.822180986404419 -- emperical power so far (from test_start): 1.0
db insert success
tensor(0.2689)
tensor(0.2689)
(4, 3, 0, 2, 17600, 'projchi', 'bitflip', 244.4313507080078, 0.0010000000474974513, 3.8314921855926514, '2024-07-24 10:04:04', 4, 999)
pval: [0.001] -- 4th test, time elapsed 3.8314921855926514 -- emperical power so far (from test_start): 1.0
db insert success
tensor(0.2689)
tensor(0.2689)
(5, 3, 0, 2, 17600, 'projchi', 'bitflip', 223.3418426513672, 0.0010000000474974513, 3.8247017860412598, '2024-07-24 10:04:21', 4, 999)
pval: [0.001] -- 5th test, time elapsed 3.8247017860412598 -- emperical power so far (from test_start): 1.0
db insert success
tensor(0.2689)
tensor(0.2689)
(6, 3, 0, 2, 17600, 'projchi', 'bitflip', 262.6117248535156, 0.0010000000474974513, 3.817106008529663, '2024-07-24 10:04:32', 4, 999)
pval: [0.001] -- 6th test, time elapsed 3.817106008529663 -- emperical power so far (from test_start): 1.0
db insert success
tensor(0.2689)
tensor(0.2689)
(7, 3, 0, 2, 17600, 'projchi', 'bitflip', 311.89349365234375, 0.0010000000474974513, 3.820199728012085, '2024-07-24 10:04:43', 4, 999)
pval: [0.001] -- 7th test, time elapsed 3.820199728012085 -- emperical power so far (from test_start): 1.0
db insert success
tensor(0.2689)
tensor(0.2689)
(8, 3, 0, 2, 17600, 'projchi', 'bitflip', 220.49310302734375, 0.0010000000474974513, 3.8262672424316406, '2024-07-24 10:05:07', 4, 999)
pval: [0.001] -- 8th test, time elapsed 3.8262672424316406 -- emperical power so far (from test_start): 1.0
db insert success
tensor(0.2689)
tensor(0.2689)
(9, 3, 0, 2, 17600, 'projchi', 'bitflip', 278.42840576171875, 0.0010000000474974513, 3.8190696239471436, '2024-07-24 10:05:26', 4, 999)
pval: [0.001] -- 9th test, time elapsed 3.8190696239471436 -- emperical power so far (from test_start): 1.0
db insert success
tensor(0.2689)
tensor(0.2689)
(10, 3, 0, 2, 17600, 'projchi', 'bitflip', 231.76071166992188, 0.0010000000474974513, 3.8171563148498535, '2024-07-24 10:05:38', 4, 999)
pval: [0.001] -- 10th test, time elapsed 3.8171563148498535 -- emperical power so far (from test_start): 1.0
db insert success
tensor(0.2689)
tensor(0.2689)
(11, 3, 0, 2, 17600, 'projchi', 'bitflip', 214.75015258789062, 0.0010000000474974513, 3.808514356613159, '2024-07-24 10:05:54', 4, 999)
pval: [0.001] -- 11th test, time elapsed 3.808514356613159 -- emperical power so far (from test_start): 1.0
db insert success
tensor(0.2689)
tensor(0.2689)
(12, 3, 0, 2, 17600, 'projchi', 'bitflip', 254.79510498046875, 0.0010000000474974513, 3.8085310459136963, '2024-07-24 10:06:09', 4, 999)
pval: [0.001] -- 12th test, time elapsed 3.8085310459136963 -- emperical power so far (from test_start): 1.0
db insert success
tensor(0.2689)
tensor(0.2689)
(13, 3, 0, 2, 17600, 'projchi', 'bitflip', 245.8522186279297, 0.0010000000474974513, 3.805957078933716, '2024-07-24 10:06:25', 4, 999)
pval: [0.001] -- 13th test, time elapsed 3.805957078933716 -- emperical power so far (from test_start): 1.0
db insert success
tensor(0.2689)
tensor(0.2689)
(14, 3, 0, 2, 17600, 'projchi', 'bitflip', 263.79290771484375, 0.0010000000474974513, 3.80755877494812, '2024-07-24 10:06:38', 4, 999)
pval: [0.001] -- 14th test, time elapsed 3.80755877494812 -- emperical power so far (from test_start): 1.0
db insert success
tensor(0.2689)
tensor(0.2689)
(15, 3, 0, 2, 17600, 'projchi', 'bitflip', 218.32009887695312, 0.0010000000474974513, 3.8246076107025146, '2024-07-24 10:07:00', 4, 999)
pval: [0.001] -- 15th test, time elapsed 3.8246076107025146 -- emperical power so far (from test_start): 1.0
db insert success
tensor(0.2689)
tensor(0.2689)
(16, 3, 0, 2, 17600, 'projchi', 'bitflip', 259.15301513671875, 0.0010000000474974513, 3.808039903640747, '2024-07-24 10:07:23', 4, 999)
pval: [0.001] -- 16th test, time elapsed 3.808039903640747 -- emperical power so far (from test_start): 1.0
db insert success
tensor(0.2689)
tensor(0.2689)
(17, 3, 0, 2, 17600, 'projchi', 'bitflip', 227.83580017089844, 0.0010000000474974513, 3.8035950660705566, '2024-07-24 10:07:37', 4, 999)
pval: [0.001] -- 17th test, time elapsed 3.8035950660705566 -- emperical power so far (from test_start): 1.0
db insert success
tensor(0.2689)
tensor(0.2689)
(18, 3, 0, 2, 17600, 'projchi', 'bitflip', 247.0355682373047, 0.0010000000474974513, 3.807605504989624, '2024-07-24 10:07:49', 4, 999)
pval: [0.001] -- 18th test, time elapsed 3.807605504989624 -- emperical power so far (from test_start): 1.0
db insert success
tensor(0.2689)
tensor(0.2689)
(19, 3, 0, 2, 17600, 'projchi', 'bitflip', 270.6038513183594, 0.0010000000474974513, 3.8081769943237305, '2024-07-24 10:08:00', 4, 999)
pval: [0.001] -- 19th test, time elapsed 3.8081769943237305 -- emperical power so far (from test_start): 1.0
db insert success
tensor(0.2689)
tensor(0.2689)
(20, 3, 0, 2, 17600, 'projchi', 'bitflip', 251.97952270507812, 0.0010000000474974513, 3.8172049522399902, '2024-07-24 10:08:13', 4, 999)
pval: [0.001] -- 20th test, time elapsed 3.8172049522399902 -- emperical power so far (from test_start): 1.0
db insert success
tensor(0.2689)
tensor(0.2689)
(21, 3, 0, 2, 17600, 'projchi', 'bitflip', 259.6813049316406, 0.0010000000474974513, 3.8164772987365723, '2024-07-24 10:08:24', 4, 999)
pval: [0.001] -- 21th test, time elapsed 3.8164772987365723 -- emperical power so far (from test_start): 1.0
db insert success
tensor(0.2689)
tensor(0.2689)
(22, 3, 0, 2, 17600, 'projchi', 'bitflip', 230.9271240234375, 0.0010000000474974513, 3.819608449935913, '2024-07-24 10:08:39', 4, 999)
pval: [0.001] -- 22th test, time elapsed 3.819608449935913 -- emperical power so far (from test_start): 1.0
db insert success
tensor(0.2689)
tensor(0.2689)
(23, 3, 0, 2, 17600, 'projchi', 'bitflip', 226.55267333984375, 0.0010000000474974513, 3.8225231170654297, '2024-07-24 10:09:01', 4, 999)
pval: [0.001] -- 23th test, time elapsed 3.8225231170654297 -- emperical power so far (from test_start): 1.0
db insert success
tensor(0.2689)
tensor(0.2689)
(24, 3, 0, 2, 17600, 'projchi', 'bitflip', 285.58782958984375, 0.0010000000474974513, 3.8194832801818848, '2024-07-24 10:09:08', 4, 999)
pval: [0.001] -- 24th test, time elapsed 3.8194832801818848 -- emperical power so far (from test_start): 1.0
db insert success
tensor(0.2689)
tensor(0.2689)
(25, 3, 0, 2, 17600, 'projchi', 'bitflip', 282.6270446777344, 0.0010000000474974513, 3.818693161010742, '2024-07-24 10:09:28', 4, 999)
pval: [0.001] -- 25th test, time elapsed 3.818693161010742 -- emperical power so far (from test_start): 1.0
db insert success
tensor(0.2689)
tensor(0.2689)
(26, 3, 0, 2, 17600, 'projchi', 'bitflip', 255.2567138671875, 0.0010000000474974513, 3.8224380016326904, '2024-07-24 10:09:46', 4, 999)
pval: [0.001] -- 26th test, time elapsed 3.8224380016326904 -- emperical power so far (from test_start): 1.0
db insert success
tensor(0.2689)
tensor(0.2689)
(27, 3, 0, 2, 17600, 'projchi', 'bitflip', 267.75067138671875, 0.0010000000474974513, 3.825302839279175, '2024-07-24 10:09:52', 4, 999)
pval: [0.001] -- 27th test, time elapsed 3.825302839279175 -- emperical power so far (from test_start): 1.0
db insert success
tensor(0.2689)
tensor(0.2689)
(28, 3, 0, 2, 17600, 'projchi', 'bitflip', 207.97047424316406, 0.0010000000474974513, 3.8578438758850098, '2024-07-24 10:10:03', 4, 999)
pval: [0.001] -- 28th test, time elapsed 3.8578438758850098 -- emperical power so far (from test_start): 1.0
db insert success
tensor(0.2689)
tensor(0.2689)
(29, 3, 0, 2, 17600, 'projchi', 'bitflip', 196.69859313964844, 0.0010000000474974513, 3.8200485706329346, '2024-07-24 10:10:22', 4, 999)
pval: [0.001] -- 29th test, time elapsed 3.8200485706329346 -- emperical power so far (from test_start): 1.0
db insert success
tensor(0.2689)
tensor(0.2689)
(30, 3, 0, 2, 17600, 'projchi', 'bitflip', 293.419677734375, 0.0010000000474974513, 3.8157148361206055, '2024-07-24 10:10:45', 4, 999)
pval: [0.001] -- 30th test, time elapsed 3.8157148361206055 -- emperical power so far (from test_start): 1.0
db insert success
tensor(0.2689)
tensor(0.2689)
(31, 3, 0, 2, 17600, 'projchi', 'bitflip', 210.97552490234375, 0.0010000000474974513, 3.8200020790100098, '2024-07-24 10:10:52', 4, 999)
pval: [0.001] -- 31th test, time elapsed 3.8200020790100098 -- emperical power so far (from test_start): 1.0
db insert success
tensor(0.2689)
tensor(0.2689)
(32, 3, 0, 2, 17600, 'projchi', 'bitflip', 233.96261596679688, 0.0010000000474974513, 3.8247504234313965, '2024-07-24 10:11:00', 4, 999)
pval: [0.001] -- 32th test, time elapsed 3.8247504234313965 -- emperical power so far (from test_start): 1.0
db insert success
tensor(0.2689)
tensor(0.2689)
(33, 3, 0, 2, 17600, 'projchi', 'bitflip', 264.8242492675781, 0.0010000000474974513, 3.8142051696777344, '2024-07-24 10:11:24', 4, 999)
pval: [0.001] -- 33th test, time elapsed 3.8142051696777344 -- emperical power so far (from test_start): 1.0
db insert success
tensor(0.2689)
tensor(0.2689)
(34, 3, 0, 2, 17600, 'projchi', 'bitflip', 268.85467529296875, 0.0010000000474974513, 3.821223020553589, '2024-07-24 10:11:40', 4, 999)
pval: [0.001] -- 34th test, time elapsed 3.821223020553589 -- emperical power so far (from test_start): 1.0
db insert success
tensor(0.2689)
tensor(0.2689)
(35, 3, 0, 2, 17600, 'projchi', 'bitflip', 210.92233276367188, 0.0010000000474974513, 3.8201146125793457, '2024-07-24 10:11:45', 4, 999)
pval: [0.001] -- 35th test, time elapsed 3.8201146125793457 -- emperical power so far (from test_start): 1.0
db insert success
tensor(0.2689)
tensor(0.2689)
(36, 3, 0, 2, 17600, 'projchi', 'bitflip', 236.5941619873047, 0.0010000000474974513, 3.819263458251953, '2024-07-24 10:11:56', 4, 999)
pval: [0.001] -- 36th test, time elapsed 3.819263458251953 -- emperical power so far (from test_start): 1.0
db insert success
tensor(0.2689)
tensor(0.2689)
(37, 3, 0, 2, 17600, 'projchi', 'bitflip', 212.94444274902344, 0.0010000000474974513, 3.8230409622192383, '2024-07-24 10:12:02', 4, 999)
pval: [0.001] -- 37th test, time elapsed 3.8230409622192383 -- emperical power so far (from test_start): 1.0
db insert success
tensor(0.2689)
tensor(0.2689)
(38, 3, 0, 2, 17600, 'projchi', 'bitflip', 278.4364929199219, 0.0010000000474974513, 3.822051525115967, '2024-07-24 10:12:15', 4, 999)
pval: [0.001] -- 38th test, time elapsed 3.822051525115967 -- emperical power so far (from test_start): 1.0
db insert success
tensor(0.2689)
tensor(0.2689)
(39, 3, 0, 2, 17600, 'projchi', 'bitflip', 281.3106384277344, 0.0010000000474974513, 3.819373846054077, '2024-07-24 10:12:30', 4, 999)
pval: [0.001] -- 39th test, time elapsed 3.819373846054077 -- emperical power so far (from test_start): 1.0
db insert success
tensor(0.2689)
tensor(0.2689)
(40, 3, 0, 2, 17600, 'projchi', 'bitflip', 278.0872497558594, 0.0010000000474974513, 3.8175830841064453, '2024-07-24 10:12:50', 4, 999)
pval: [0.001] -- 40th test, time elapsed 3.8175830841064453 -- emperical power so far (from test_start): 1.0
db insert success
tensor(0.2689)
tensor(0.2689)
(41, 3, 0, 2, 17600, 'projchi', 'bitflip', 190.2203369140625, 0.0010000000474974513, 3.8223166465759277, '2024-07-24 10:12:56', 4, 999)
pval: [0.001] -- 41th test, time elapsed 3.8223166465759277 -- emperical power so far (from test_start): 1.0
db insert success
tensor(0.2689)
tensor(0.2689)
(42, 3, 0, 2, 17600, 'projchi', 'bitflip', 275.9607238769531, 0.0010000000474974513, 3.813532590866089, '2024-07-24 10:13:14', 4, 999)
pval: [0.001] -- 42th test, time elapsed 3.813532590866089 -- emperical power so far (from test_start): 1.0
db insert success
tensor(0.2689)
tensor(0.2689)
(43, 3, 0, 2, 17600, 'projchi', 'bitflip', 262.7824401855469, 0.0010000000474974513, 3.8199596405029297, '2024-07-24 10:13:21', 4, 999)
pval: [0.001] -- 43th test, time elapsed 3.8199596405029297 -- emperical power so far (from test_start): 1.0
db insert success
tensor(0.2689)
tensor(0.2689)
(44, 3, 0, 2, 17600, 'projchi', 'bitflip', 245.61572265625, 0.0010000000474974513, 3.8124587535858154, '2024-07-24 10:13:30', 4, 999)
pval: [0.001] -- 44th test, time elapsed 3.8124587535858154 -- emperical power so far (from test_start): 1.0
db insert success
tensor(0.2689)
tensor(0.2689)
(45, 3, 0, 2, 17600, 'projchi', 'bitflip', 277.28790283203125, 0.0010000000474974513, 3.8218228816986084, '2024-07-24 10:13:41', 4, 999)
pval: [0.001] -- 45th test, time elapsed 3.8218228816986084 -- emperical power so far (from test_start): 1.0
db insert success
tensor(0.2689)
tensor(0.2689)
(46, 3, 0, 2, 17600, 'projchi', 'bitflip', 219.95314025878906, 0.0010000000474974513, 3.8134260177612305, '2024-07-24 10:13:53', 4, 999)
pval: [0.001] -- 46th test, time elapsed 3.8134260177612305 -- emperical power so far (from test_start): 1.0
db insert success
tensor(0.2689)
tensor(0.2689)
(47, 3, 0, 2, 17600, 'projchi', 'bitflip', 281.4613342285156, 0.0010000000474974513, 3.812818765640259, '2024-07-24 10:14:08', 4, 999)
pval: [0.001] -- 47th test, time elapsed 3.812818765640259 -- emperical power so far (from test_start): 1.0
db insert success
tensor(0.2689)
tensor(0.2689)
(48, 3, 0, 2, 17600, 'projchi', 'bitflip', 227.64892578125, 0.0010000000474974513, 3.8150198459625244, '2024-07-24 10:14:26', 4, 999)
pval: [0.001] -- 48th test, time elapsed 3.8150198459625244 -- emperical power so far (from test_start): 1.0
db insert success
tensor(0.2689)
tensor(0.2689)
(49, 3, 0, 2, 17600, 'projchi', 'bitflip', 282.7589111328125, 0.0010000000474974513, 3.815321445465088, '2024-07-24 10:14:49', 4, 999)
pval: [0.001] -- 49th test, time elapsed 3.815321445465088 -- emperical power so far (from test_start): 1.0
db insert success
tensor(0.2689)
tensor(0.2689)
(50, 3, 0, 2, 17600, 'projchi', 'bitflip', 235.1091766357422, 0.0010000000474974513, 3.8207669258117676, '2024-07-24 10:15:00', 4, 999)
pval: [0.001] -- 50th test, time elapsed 3.8207669258117676 -- emperical power so far (from test_start): 1.0
db insert success
tensor(0.2689)
tensor(0.2689)
(51, 3, 0, 2, 17600, 'projchi', 'bitflip', 274.0499267578125, 0.0010000000474974513, 3.823716402053833, '2024-07-24 10:15:12', 4, 999)
pval: [0.001] -- 51th test, time elapsed 3.823716402053833 -- emperical power so far (from test_start): 1.0
db insert success
tensor(0.2689)
tensor(0.2689)
(52, 3, 0, 2, 17600, 'projchi', 'bitflip', 237.36294555664062, 0.0010000000474974513, 3.821035623550415, '2024-07-24 10:15:32', 4, 999)
pval: [0.001] -- 52th test, time elapsed 3.821035623550415 -- emperical power so far (from test_start): 1.0
db insert success
tensor(0.2689)
tensor(0.2689)
(53, 3, 0, 2, 17600, 'projchi', 'bitflip', 233.00579833984375, 0.0010000000474974513, 3.83339524269104, '2024-07-24 10:15:55', 4, 999)
pval: [0.001] -- 53th test, time elapsed 3.83339524269104 -- emperical power so far (from test_start): 1.0
db insert success
tensor(0.2689)
tensor(0.2689)
(54, 3, 0, 2, 17600, 'projchi', 'bitflip', 273.79345703125, 0.0010000000474974513, 3.819270372390747, '2024-07-24 10:16:15', 4, 999)
pval: [0.001] -- 54th test, time elapsed 3.819270372390747 -- emperical power so far (from test_start): 1.0
db insert success
tensor(0.2689)
tensor(0.2689)
(55, 3, 0, 2, 17600, 'projchi', 'bitflip', 237.71315002441406, 0.0010000000474974513, 3.81807541847229, '2024-07-24 10:16:37', 4, 999)
pval: [0.001] -- 55th test, time elapsed 3.81807541847229 -- emperical power so far (from test_start): 1.0
db insert success
tensor(0.2689)
tensor(0.2689)
(56, 3, 0, 2, 17600, 'projchi', 'bitflip', 304.8606872558594, 0.0010000000474974513, 3.8234140872955322, '2024-07-24 10:16:52', 4, 999)
pval: [0.001] -- 56th test, time elapsed 3.8234140872955322 -- emperical power so far (from test_start): 1.0
db insert success
tensor(0.2689)
tensor(0.2689)
(57, 3, 0, 2, 17600, 'projchi', 'bitflip', 228.52420043945312, 0.0010000000474974513, 3.826148509979248, '2024-07-24 10:17:15', 4, 999)
pval: [0.001] -- 57th test, time elapsed 3.826148509979248 -- emperical power so far (from test_start): 1.0
db insert success
tensor(0.2689)
tensor(0.2689)
(58, 3, 0, 2, 17600, 'projchi', 'bitflip', 211.63604736328125, 0.0010000000474974513, 3.8161439895629883, '2024-07-24 10:17:34', 4, 999)
pval: [0.001] -- 58th test, time elapsed 3.8161439895629883 -- emperical power so far (from test_start): 1.0
db insert success
tensor(0.2689)
tensor(0.2689)
(59, 3, 0, 2, 17600, 'projchi', 'bitflip', 311.2280578613281, 0.0010000000474974513, 3.8125593662261963, '2024-07-24 10:17:53', 4, 999)
pval: [0.001] -- 59th test, time elapsed 3.8125593662261963 -- emperical power so far (from test_start): 1.0
db insert success
tensor(0.2689)
tensor(0.2689)
(60, 3, 0, 2, 17600, 'projchi', 'bitflip', 263.10980224609375, 0.0010000000474974513, 3.8293681144714355, '2024-07-24 10:18:16', 4, 999)
pval: [0.001] -- 60th test, time elapsed 3.8293681144714355 -- emperical power so far (from test_start): 1.0
db insert success
tensor(0.2689)
tensor(0.2689)
(61, 3, 0, 2, 17600, 'projchi', 'bitflip', 232.40769958496094, 0.0010000000474974513, 3.820329427719116, '2024-07-24 10:18:40', 4, 999)
pval: [0.001] -- 61th test, time elapsed 3.820329427719116 -- emperical power so far (from test_start): 1.0
db insert success
tensor(0.2689)
tensor(0.2689)
(62, 3, 0, 2, 17600, 'projchi', 'bitflip', 247.1741485595703, 0.0010000000474974513, 3.8231563568115234, '2024-07-24 10:19:01', 4, 999)
pval: [0.001] -- 62th test, time elapsed 3.8231563568115234 -- emperical power so far (from test_start): 1.0
db insert success
tensor(0.2689)
tensor(0.2689)
(63, 3, 0, 2, 17600, 'projchi', 'bitflip', 241.87303161621094, 0.0010000000474974513, 3.8178091049194336, '2024-07-24 10:19:18', 4, 999)
pval: [0.001] -- 63th test, time elapsed 3.8178091049194336 -- emperical power so far (from test_start): 1.0
db insert success
tensor(0.2689)
tensor(0.2689)
(64, 3, 0, 2, 17600, 'projchi', 'bitflip', 236.55812072753906, 0.0010000000474974513, 3.8310940265655518, '2024-07-24 10:19:41', 4, 999)
pval: [0.001] -- 64th test, time elapsed 3.8310940265655518 -- emperical power so far (from test_start): 1.0
db insert success
tensor(0.2689)
tensor(0.2689)
(65, 3, 0, 2, 17600, 'projchi', 'bitflip', 238.99154663085938, 0.0010000000474974513, 3.823556900024414, '2024-07-24 10:19:52', 4, 999)
pval: [0.001] -- 65th test, time elapsed 3.823556900024414 -- emperical power so far (from test_start): 1.0
db insert success
tensor(0.2689)
tensor(0.2689)
(66, 3, 0, 2, 17600, 'projchi', 'bitflip', 226.55223083496094, 0.0010000000474974513, 3.8314833641052246, '2024-07-24 10:20:06', 4, 999)
pval: [0.001] -- 66th test, time elapsed 3.8314833641052246 -- emperical power so far (from test_start): 1.0
db insert success
tensor(0.2689)
tensor(0.2689)
(67, 3, 0, 2, 17600, 'projchi', 'bitflip', 284.7230529785156, 0.0010000000474974513, 3.831693172454834, '2024-07-24 10:20:17', 4, 999)
pval: [0.001] -- 67th test, time elapsed 3.831693172454834 -- emperical power so far (from test_start): 1.0
db insert success
tensor(0.2689)
tensor(0.2689)
(68, 3, 0, 2, 17600, 'projchi', 'bitflip', 270.1610412597656, 0.0010000000474974513, 3.8205270767211914, '2024-07-24 10:20:37', 4, 999)
pval: [0.001] -- 68th test, time elapsed 3.8205270767211914 -- emperical power so far (from test_start): 1.0
db insert success
tensor(0.2689)
tensor(0.2689)
(69, 3, 0, 2, 17600, 'projchi', 'bitflip', 224.35885620117188, 0.0010000000474974513, 3.821112632751465, '2024-07-24 10:20:42', 4, 999)
pval: [0.001] -- 69th test, time elapsed 3.821112632751465 -- emperical power so far (from test_start): 1.0
db insert success
tensor(0.2689)
tensor(0.2689)
(70, 3, 0, 2, 17600, 'projchi', 'bitflip', 282.16326904296875, 0.0010000000474974513, 3.820495367050171, '2024-07-24 10:21:03', 4, 999)
pval: [0.001] -- 70th test, time elapsed 3.820495367050171 -- emperical power so far (from test_start): 1.0
db insert success
tensor(0.2689)
tensor(0.2689)
(71, 3, 0, 2, 17600, 'projchi', 'bitflip', 238.00799560546875, 0.0010000000474974513, 3.816800594329834, '2024-07-24 10:21:12', 4, 999)
pval: [0.001] -- 71th test, time elapsed 3.816800594329834 -- emperical power so far (from test_start): 1.0
db insert success
tensor(0.2689)
tensor(0.2689)
(72, 3, 0, 2, 17600, 'projchi', 'bitflip', 223.4725799560547, 0.0010000000474974513, 3.8228471279144287, '2024-07-24 10:21:26', 4, 999)
pval: [0.001] -- 72th test, time elapsed 3.8228471279144287 -- emperical power so far (from test_start): 1.0
db insert success
tensor(0.2689)
tensor(0.2689)
(73, 3, 0, 2, 17600, 'projchi', 'bitflip', 230.204345703125, 0.0010000000474974513, 3.8315019607543945, '2024-07-24 10:21:50', 4, 999)
pval: [0.001] -- 73th test, time elapsed 3.8315019607543945 -- emperical power so far (from test_start): 1.0
db insert success
tensor(0.2689)
tensor(0.2689)
(74, 3, 0, 2, 17600, 'projchi', 'bitflip', 277.36566162109375, 0.0010000000474974513, 3.828662872314453, '2024-07-24 10:21:57', 4, 999)
pval: [0.001] -- 74th test, time elapsed 3.828662872314453 -- emperical power so far (from test_start): 1.0
db insert success
tensor(0.2689)
tensor(0.2689)
(75, 3, 0, 2, 17600, 'projchi', 'bitflip', 274.38568115234375, 0.0010000000474974513, 3.814038038253784, '2024-07-24 10:22:08', 4, 999)
pval: [0.001] -- 75th test, time elapsed 3.814038038253784 -- emperical power so far (from test_start): 1.0
db insert success
tensor(0.2689)
tensor(0.2689)
(76, 3, 0, 2, 17600, 'projchi', 'bitflip', 234.0194854736328, 0.0010000000474974513, 3.816638469696045, '2024-07-24 10:22:27', 4, 999)
pval: [0.001] -- 76th test, time elapsed 3.816638469696045 -- emperical power so far (from test_start): 1.0
db insert success
tensor(0.2689)
tensor(0.2689)
(77, 3, 0, 2, 17600, 'projchi', 'bitflip', 200.21902465820312, 0.0010000000474974513, 3.8007357120513916, '2024-07-24 10:22:38', 4, 999)
pval: [0.001] -- 77th test, time elapsed 3.8007357120513916 -- emperical power so far (from test_start): 1.0
db insert success
tensor(0.2689)
tensor(0.2689)
(78, 3, 0, 2, 17600, 'projchi', 'bitflip', 292.6250915527344, 0.0010000000474974513, 3.7920708656311035, '2024-07-24 10:22:46', 4, 999)
pval: [0.001] -- 78th test, time elapsed 3.7920708656311035 -- emperical power so far (from test_start): 1.0
db insert success
tensor(0.2689)
tensor(0.2689)
(79, 3, 0, 2, 17600, 'projchi', 'bitflip', 267.13739013671875, 0.0010000000474974513, 3.8090977668762207, '2024-07-24 10:23:02', 4, 999)
pval: [0.001] -- 79th test, time elapsed 3.8090977668762207 -- emperical power so far (from test_start): 1.0
db insert success
tensor(0.2689)
tensor(0.2689)
(80, 3, 0, 2, 17600, 'projchi', 'bitflip', 218.53009033203125, 0.0010000000474974513, 3.813009738922119, '2024-07-24 10:23:22', 4, 999)
pval: [0.001] -- 80th test, time elapsed 3.813009738922119 -- emperical power so far (from test_start): 1.0
db insert success
tensor(0.2689)
tensor(0.2689)
(81, 3, 0, 2, 17600, 'projchi', 'bitflip', 255.3494110107422, 0.0010000000474974513, 3.8111798763275146, '2024-07-24 10:23:35', 4, 999)
pval: [0.001] -- 81th test, time elapsed 3.8111798763275146 -- emperical power so far (from test_start): 1.0
db insert success
tensor(0.2689)
tensor(0.2689)
(82, 3, 0, 2, 17600, 'projchi', 'bitflip', 299.9083251953125, 0.0010000000474974513, 3.805040121078491, '2024-07-24 10:23:47', 4, 999)
pval: [0.001] -- 82th test, time elapsed 3.805040121078491 -- emperical power so far (from test_start): 1.0
db insert success
tensor(0.2689)
tensor(0.2689)
(83, 3, 0, 2, 17600, 'projchi', 'bitflip', 247.86318969726562, 0.0010000000474974513, 3.797999143600464, '2024-07-24 10:24:11', 4, 999)
pval: [0.001] -- 83th test, time elapsed 3.797999143600464 -- emperical power so far (from test_start): 1.0
db insert success
tensor(0.2689)
tensor(0.2689)
(84, 3, 0, 2, 17600, 'projchi', 'bitflip', 248.5858154296875, 0.0010000000474974513, 3.7992961406707764, '2024-07-24 10:24:18', 4, 999)
pval: [0.001] -- 84th test, time elapsed 3.7992961406707764 -- emperical power so far (from test_start): 1.0
db insert success
tensor(0.2689)
tensor(0.2689)
(85, 3, 0, 2, 17600, 'projchi', 'bitflip', 237.6419219970703, 0.0010000000474974513, 3.805907726287842, '2024-07-24 10:24:25', 4, 999)
pval: [0.001] -- 85th test, time elapsed 3.805907726287842 -- emperical power so far (from test_start): 1.0
db insert success
tensor(0.2689)
tensor(0.2689)
(86, 3, 0, 2, 17600, 'projchi', 'bitflip', 222.8649139404297, 0.0010000000474974513, 3.7958736419677734, '2024-07-24 10:24:32', 4, 999)
pval: [0.001] -- 86th test, time elapsed 3.7958736419677734 -- emperical power so far (from test_start): 1.0
db insert success
tensor(0.2689)
tensor(0.2689)
(87, 3, 0, 2, 17600, 'projchi', 'bitflip', 241.37936401367188, 0.0010000000474974513, 3.7937655448913574, '2024-07-24 10:24:43', 4, 999)
pval: [0.001] -- 87th test, time elapsed 3.7937655448913574 -- emperical power so far (from test_start): 1.0
db insert success
tensor(0.2689)
tensor(0.2689)
(88, 3, 0, 2, 17600, 'projchi', 'bitflip', 239.55413818359375, 0.0010000000474974513, 3.7953226566314697, '2024-07-24 10:25:04', 4, 999)
pval: [0.001] -- 88th test, time elapsed 3.7953226566314697 -- emperical power so far (from test_start): 1.0
db insert success
tensor(0.2689)
tensor(0.2689)
(89, 3, 0, 2, 17600, 'projchi', 'bitflip', 273.8646545410156, 0.0010000000474974513, 3.8124682903289795, '2024-07-24 10:25:09', 4, 999)
pval: [0.001] -- 89th test, time elapsed 3.8124682903289795 -- emperical power so far (from test_start): 1.0
db insert success
tensor(0.2689)
tensor(0.2689)
(90, 3, 0, 2, 17600, 'projchi', 'bitflip', 219.13302612304688, 0.0010000000474974513, 3.807063102722168, '2024-07-24 10:25:19', 4, 999)
pval: [0.001] -- 90th test, time elapsed 3.807063102722168 -- emperical power so far (from test_start): 1.0
db insert success
tensor(0.2689)
tensor(0.2689)
(91, 3, 0, 2, 17600, 'projchi', 'bitflip', 265.536376953125, 0.0010000000474974513, 3.8036692142486572, '2024-07-24 10:25:26', 4, 999)
pval: [0.001] -- 91th test, time elapsed 3.8036692142486572 -- emperical power so far (from test_start): 1.0
db insert success
tensor(0.2689)
tensor(0.2689)
(92, 3, 0, 2, 17600, 'projchi', 'bitflip', 293.13470458984375, 0.0010000000474974513, 3.830043315887451, '2024-07-24 10:25:44', 4, 999)
pval: [0.001] -- 92th test, time elapsed 3.830043315887451 -- emperical power so far (from test_start): 1.0
db insert success
tensor(0.2689)
tensor(0.2689)
(93, 3, 0, 2, 17600, 'projchi', 'bitflip', 286.08056640625, 0.0010000000474974513, 3.811182975769043, '2024-07-24 10:25:53', 4, 999)
pval: [0.001] -- 93th test, time elapsed 3.811182975769043 -- emperical power so far (from test_start): 1.0
db insert success
tensor(0.2689)
tensor(0.2689)
(94, 3, 0, 2, 17600, 'projchi', 'bitflip', 236.13221740722656, 0.0010000000474974513, 3.805532455444336, '2024-07-24 10:26:15', 4, 999)
pval: [0.001] -- 94th test, time elapsed 3.805532455444336 -- emperical power so far (from test_start): 1.0
db insert success
tensor(0.2689)
tensor(0.2689)
(95, 3, 0, 2, 17600, 'projchi', 'bitflip', 241.08766174316406, 0.0010000000474974513, 3.8068244457244873, '2024-07-24 10:26:23', 4, 999)
pval: [0.001] -- 95th test, time elapsed 3.8068244457244873 -- emperical power so far (from test_start): 1.0
db insert success
tensor(0.2689)
tensor(0.2689)
(96, 3, 0, 2, 17600, 'projchi', 'bitflip', 240.19573974609375, 0.0010000000474974513, 3.802751064300537, '2024-07-24 10:26:42', 4, 999)
pval: [0.001] -- 96th test, time elapsed 3.802751064300537 -- emperical power so far (from test_start): 1.0
db insert success
tensor(0.2689)
tensor(0.2689)
(97, 3, 0, 2, 17600, 'projchi', 'bitflip', 214.59878540039062, 0.0010000000474974513, 3.8100743293762207, '2024-07-24 10:27:06', 4, 999)
pval: [0.001] -- 97th test, time elapsed 3.8100743293762207 -- emperical power so far (from test_start): 1.0
db insert success
tensor(0.2689)
tensor(0.2689)
(98, 3, 0, 2, 17600, 'projchi', 'bitflip', 237.9722137451172, 0.0010000000474974513, 3.8061904907226562, '2024-07-24 10:27:16', 4, 999)
pval: [0.001] -- 98th test, time elapsed 3.8061904907226562 -- emperical power so far (from test_start): 1.0
db insert success
tensor(0.2689)
tensor(0.2689)
(99, 3, 0, 2, 17600, 'projchi', 'bitflip', 268.9813537597656, 0.0010000000474974513, 3.8139727115631104, '2024-07-24 10:27:27', 4, 999)
pval: [0.001] -- 99th test, time elapsed 3.8139727115631104 -- emperical power so far (from test_start): 1.0
db insert success
tensor(0.2689)
tensor(0.2689)
(100, 3, 0, 2, 17600, 'projchi', 'bitflip', 270.0409240722656, 0.0010000000474974513, 3.806774377822876, '2024-07-24 10:27:50', 4, 999)
pval: [0.001] -- 100th test, time elapsed 3.806774377822876 -- emperical power so far (from test_start): 1.0
db insert success
tensor(0.2689)
tensor(0.2689)
(101, 3, 0, 2, 17600, 'projchi', 'bitflip', 279.4310302734375, 0.0010000000474974513, 3.804405450820923, '2024-07-24 10:28:02', 4, 999)
pval: [0.001] -- 101th test, time elapsed 3.804405450820923 -- emperical power so far (from test_start): 1.0
db insert success
tensor(0.2689)
tensor(0.2689)
(102, 3, 0, 2, 17600, 'projchi', 'bitflip', 222.1927490234375, 0.0010000000474974513, 3.795424461364746, '2024-07-24 10:28:19', 4, 999)
pval: [0.001] -- 102th test, time elapsed 3.795424461364746 -- emperical power so far (from test_start): 1.0
db insert success
tensor(0.2689)
tensor(0.2689)
(103, 3, 0, 2, 17600, 'projchi', 'bitflip', 240.15927124023438, 0.0010000000474974513, 3.796811580657959, '2024-07-24 10:28:28', 4, 999)
pval: [0.001] -- 103th test, time elapsed 3.796811580657959 -- emperical power so far (from test_start): 1.0
db insert success
tensor(0.2689)
tensor(0.2689)
(104, 3, 0, 2, 17600, 'projchi', 'bitflip', 222.98516845703125, 0.0010000000474974513, 3.802522897720337, '2024-07-24 10:28:50', 4, 999)
pval: [0.001] -- 104th test, time elapsed 3.802522897720337 -- emperical power so far (from test_start): 1.0
db insert success
tensor(0.2689)
tensor(0.2689)
(105, 3, 0, 2, 17600, 'projchi', 'bitflip', 256.3501281738281, 0.0010000000474974513, 3.7946245670318604, '2024-07-24 10:29:12', 4, 999)
pval: [0.001] -- 105th test, time elapsed 3.7946245670318604 -- emperical power so far (from test_start): 1.0
db insert success
tensor(0.2689)
tensor(0.2689)
(106, 3, 0, 2, 17600, 'projchi', 'bitflip', 266.11224365234375, 0.0010000000474974513, 3.8038747310638428, '2024-07-24 10:29:27', 4, 999)
pval: [0.001] -- 106th test, time elapsed 3.8038747310638428 -- emperical power so far (from test_start): 1.0
db insert success
tensor(0.2689)
tensor(0.2689)
(107, 3, 0, 2, 17600, 'projchi', 'bitflip', 232.93771362304688, 0.0010000000474974513, 3.79569935798645, '2024-07-24 10:29:41', 4, 999)
pval: [0.001] -- 107th test, time elapsed 3.79569935798645 -- emperical power so far (from test_start): 1.0
db insert success
tensor(0.2689)
tensor(0.2689)
(108, 3, 0, 2, 17600, 'projchi', 'bitflip', 251.9517059326172, 0.0010000000474974513, 3.785327434539795, '2024-07-24 10:30:01', 4, 999)
pval: [0.001] -- 108th test, time elapsed 3.785327434539795 -- emperical power so far (from test_start): 1.0
db insert success
tensor(0.2689)
tensor(0.2689)
(109, 3, 0, 2, 17600, 'projchi', 'bitflip', 293.21392822265625, 0.0010000000474974513, 3.7904558181762695, '2024-07-24 10:30:06', 4, 999)
pval: [0.001] -- 109th test, time elapsed 3.7904558181762695 -- emperical power so far (from test_start): 1.0
db insert success
tensor(0.2689)
tensor(0.2689)
(110, 3, 0, 2, 17600, 'projchi', 'bitflip', 277.4261169433594, 0.0010000000474974513, 3.793513774871826, '2024-07-24 10:30:18', 4, 999)
pval: [0.001] -- 110th test, time elapsed 3.793513774871826 -- emperical power so far (from test_start): 1.0
db insert success
tensor(0.2689)
tensor(0.2689)
(111, 3, 0, 2, 17600, 'projchi', 'bitflip', 259.1398620605469, 0.0010000000474974513, 3.7933056354522705, '2024-07-24 10:30:32', 4, 999)
pval: [0.001] -- 111th test, time elapsed 3.7933056354522705 -- emperical power so far (from test_start): 1.0
db insert success
tensor(0.2689)
tensor(0.2689)
(112, 3, 0, 2, 17600, 'projchi', 'bitflip', 305.8727111816406, 0.0010000000474974513, 3.7856860160827637, '2024-07-24 10:30:44', 4, 999)
pval: [0.001] -- 112th test, time elapsed 3.7856860160827637 -- emperical power so far (from test_start): 1.0
db insert success
tensor(0.2689)
tensor(0.2689)
(113, 3, 0, 2, 17600, 'projchi', 'bitflip', 301.490478515625, 0.0010000000474974513, 3.788243532180786, '2024-07-24 10:31:02', 4, 999)
pval: [0.001] -- 113th test, time elapsed 3.788243532180786 -- emperical power so far (from test_start): 1.0
db insert success
tensor(0.2689)
tensor(0.2689)
(114, 3, 0, 2, 17600, 'projchi', 'bitflip', 207.233642578125, 0.0010000000474974513, 3.7864460945129395, '2024-07-24 10:31:23', 4, 999)
pval: [0.001] -- 114th test, time elapsed 3.7864460945129395 -- emperical power so far (from test_start): 1.0
db insert success
tensor(0.2689)
tensor(0.2689)
(115, 3, 0, 2, 17600, 'projchi', 'bitflip', 305.0461730957031, 0.0010000000474974513, 3.7834372520446777, '2024-07-24 10:31:42', 4, 999)
pval: [0.001] -- 115th test, time elapsed 3.7834372520446777 -- emperical power so far (from test_start): 1.0
db insert success
tensor(0.2689)
tensor(0.2689)
(116, 3, 0, 2, 17600, 'projchi', 'bitflip', 267.0432434082031, 0.0010000000474974513, 3.787055253982544, '2024-07-24 10:32:05', 4, 999)
pval: [0.001] -- 116th test, time elapsed 3.787055253982544 -- emperical power so far (from test_start): 1.0
db insert success
tensor(0.2689)
tensor(0.2689)
(117, 3, 0, 2, 17600, 'projchi', 'bitflip', 197.35081481933594, 0.0010000000474974513, 3.774655818939209, '2024-07-24 10:32:12', 4, 999)
pval: [0.001] -- 117th test, time elapsed 3.774655818939209 -- emperical power so far (from test_start): 1.0
db insert success
tensor(0.2689)
tensor(0.2689)
(118, 3, 0, 2, 17600, 'projchi', 'bitflip', 245.09632873535156, 0.0010000000474974513, 3.7895989418029785, '2024-07-24 10:32:27', 4, 999)
pval: [0.001] -- 118th test, time elapsed 3.7895989418029785 -- emperical power so far (from test_start): 1.0
db insert success
tensor(0.2689)
tensor(0.2689)
(119, 3, 0, 2, 17600, 'projchi', 'bitflip', 228.93296813964844, 0.0010000000474974513, 3.7992467880249023, '2024-07-24 10:32:45', 4, 999)
pval: [0.001] -- 119th test, time elapsed 3.7992467880249023 -- emperical power so far (from test_start): 1.0
db insert success
tensor(0.2689)
tensor(0.2689)
(120, 3, 0, 2, 17600, 'projchi', 'bitflip', 230.1793670654297, 0.0010000000474974513, 3.8048369884490967, '2024-07-24 10:33:01', 4, 999)
pval: [0.001] -- 120th test, time elapsed 3.8048369884490967 -- emperical power so far (from test_start): 1.0
db insert success
tensor(0.2689)
tensor(0.2689)
(121, 3, 0, 2, 17600, 'projchi', 'bitflip', 244.4539031982422, 0.0010000000474974513, 3.793764352798462, '2024-07-24 10:33:12', 4, 999)
pval: [0.001] -- 121th test, time elapsed 3.793764352798462 -- emperical power so far (from test_start): 1.0
db insert success
tensor(0.2689)
tensor(0.2689)
(122, 3, 0, 2, 17600, 'projchi', 'bitflip', 337.95648193359375, 0.0010000000474974513, 3.7979869842529297, '2024-07-24 10:33:25', 4, 999)
pval: [0.001] -- 122th test, time elapsed 3.7979869842529297 -- emperical power so far (from test_start): 1.0
db insert success
tensor(0.2689)
tensor(0.2689)
(123, 3, 0, 2, 17600, 'projchi', 'bitflip', 245.46768188476562, 0.0010000000474974513, 3.772104501724243, '2024-07-24 10:33:35', 4, 999)
pval: [0.001] -- 123th test, time elapsed 3.772104501724243 -- emperical power so far (from test_start): 1.0
db insert success
tensor(0.2689)
tensor(0.2689)
(124, 3, 0, 2, 17600, 'projchi', 'bitflip', 239.2093505859375, 0.0010000000474974513, 3.77131724357605, '2024-07-24 10:33:40', 4, 999)
pval: [0.001] -- 124th test, time elapsed 3.77131724357605 -- emperical power so far (from test_start): 1.0
db insert success
tensor(0.2689)
tensor(0.2689)
(125, 3, 0, 2, 17600, 'projchi', 'bitflip', 249.9250030517578, 0.0010000000474974513, 3.7693023681640625, '2024-07-24 10:33:53', 4, 999)
pval: [0.001] -- 125th test, time elapsed 3.7693023681640625 -- emperical power so far (from test_start): 1.0
db insert success
tensor(0.2689)
tensor(0.2689)
(126, 3, 0, 2, 17600, 'projchi', 'bitflip', 235.54344177246094, 0.0010000000474974513, 3.7708606719970703, '2024-07-24 10:33:58', 4, 999)
pval: [0.001] -- 126th test, time elapsed 3.7708606719970703 -- emperical power so far (from test_start): 1.0
db insert success
tensor(0.2689)
tensor(0.2689)
(127, 3, 0, 2, 17600, 'projchi', 'bitflip', 264.9216613769531, 0.0010000000474974513, 3.777292490005493, '2024-07-24 10:34:16', 4, 999)
pval: [0.001] -- 127th test, time elapsed 3.777292490005493 -- emperical power so far (from test_start): 1.0
db insert success
tensor(0.2689)
tensor(0.2689)
(128, 3, 0, 2, 17600, 'projchi', 'bitflip', 188.61256408691406, 0.0010000000474974513, 3.777554512023926, '2024-07-24 10:34:32', 4, 999)
pval: [0.001] -- 128th test, time elapsed 3.777554512023926 -- emperical power so far (from test_start): 1.0
db insert success
tensor(0.2689)
tensor(0.2689)
(129, 3, 0, 2, 17600, 'projchi', 'bitflip', 221.69503784179688, 0.0010000000474974513, 3.794266700744629, '2024-07-24 10:34:52', 4, 999)
pval: [0.001] -- 129th test, time elapsed 3.794266700744629 -- emperical power so far (from test_start): 1.0
db insert success
tensor(0.2689)
tensor(0.2689)
(130, 3, 0, 2, 17600, 'projchi', 'bitflip', 241.70555114746094, 0.0010000000474974513, 3.80242919921875, '2024-07-24 10:35:14', 4, 999)
pval: [0.001] -- 130th test, time elapsed 3.80242919921875 -- emperical power so far (from test_start): 1.0
db insert success
tensor(0.2689)
tensor(0.2689)
(131, 3, 0, 2, 17600, 'projchi', 'bitflip', 238.50341796875, 0.0010000000474974513, 3.7786755561828613, '2024-07-24 10:35:32', 4, 999)
pval: [0.001] -- 131th test, time elapsed 3.7786755561828613 -- emperical power so far (from test_start): 1.0
db insert success
tensor(0.2689)
tensor(0.2689)
(132, 3, 0, 2, 17600, 'projchi', 'bitflip', 227.8821258544922, 0.0010000000474974513, 3.7739675045013428, '2024-07-24 10:35:52', 4, 999)
pval: [0.001] -- 132th test, time elapsed 3.7739675045013428 -- emperical power so far (from test_start): 1.0
db insert success
tensor(0.2689)
tensor(0.2689)
(133, 3, 0, 2, 17600, 'projchi', 'bitflip', 183.0996856689453, 0.0010000000474974513, 3.7803051471710205, '2024-07-24 10:36:01', 4, 999)
pval: [0.001] -- 133th test, time elapsed 3.7803051471710205 -- emperical power so far (from test_start): 1.0
db insert success
tensor(0.2689)
tensor(0.2689)
(134, 3, 0, 2, 17600, 'projchi', 'bitflip', 296.2572326660156, 0.0010000000474974513, 3.774378776550293, '2024-07-24 10:36:10', 4, 999)
pval: [0.001] -- 134th test, time elapsed 3.774378776550293 -- emperical power so far (from test_start): 1.0
db insert success
tensor(0.2689)
tensor(0.2689)
(135, 3, 0, 2, 17600, 'projchi', 'bitflip', 228.56935119628906, 0.0010000000474974513, 3.77832293510437, '2024-07-24 10:36:25', 4, 999)
pval: [0.001] -- 135th test, time elapsed 3.77832293510437 -- emperical power so far (from test_start): 1.0
db insert success
tensor(0.2689)
tensor(0.2689)
(136, 3, 0, 2, 17600, 'projchi', 'bitflip', 241.0718994140625, 0.0010000000474974513, 3.784897804260254, '2024-07-24 10:36:39', 4, 999)
pval: [0.001] -- 136th test, time elapsed 3.784897804260254 -- emperical power so far (from test_start): 1.0
db insert success
tensor(0.2689)
tensor(0.2689)
(137, 3, 0, 2, 17600, 'projchi', 'bitflip', 299.1058654785156, 0.0010000000474974513, 3.781569004058838, '2024-07-24 10:36:51', 4, 999)
pval: [0.001] -- 137th test, time elapsed 3.781569004058838 -- emperical power so far (from test_start): 1.0
db insert success
tensor(0.2689)
tensor(0.2689)
(138, 3, 0, 2, 17600, 'projchi', 'bitflip', 252.39495849609375, 0.0010000000474974513, 3.785935878753662, '2024-07-24 10:37:09', 4, 999)
pval: [0.001] -- 138th test, time elapsed 3.785935878753662 -- emperical power so far (from test_start): 1.0
db insert success
tensor(0.2689)
tensor(0.2689)
(139, 3, 0, 2, 17600, 'projchi', 'bitflip', 289.7170104980469, 0.0010000000474974513, 3.7726993560791016, '2024-07-24 10:37:30', 4, 999)
pval: [0.001] -- 139th test, time elapsed 3.7726993560791016 -- emperical power so far (from test_start): 1.0
db insert success
tensor(0.2689)
tensor(0.2689)
(140, 3, 0, 2, 17600, 'projchi', 'bitflip', 240.48086547851562, 0.0010000000474974513, 3.785745859146118, '2024-07-24 10:37:50', 4, 999)
pval: [0.001] -- 140th test, time elapsed 3.785745859146118 -- emperical power so far (from test_start): 1.0
db insert success
tensor(0.2689)
tensor(0.2689)
(141, 3, 0, 2, 17600, 'projchi', 'bitflip', 248.331298828125, 0.0010000000474974513, 3.7767655849456787, '2024-07-24 10:38:13', 4, 999)
pval: [0.001] -- 141th test, time elapsed 3.7767655849456787 -- emperical power so far (from test_start): 1.0
db insert success
tensor(0.2689)
tensor(0.2689)
(142, 3, 0, 2, 17600, 'projchi', 'bitflip', 255.58767700195312, 0.0010000000474974513, 3.7827978134155273, '2024-07-24 10:38:20', 4, 999)
pval: [0.001] -- 142th test, time elapsed 3.7827978134155273 -- emperical power so far (from test_start): 1.0
db insert success
tensor(0.2689)
tensor(0.2689)
(143, 3, 0, 2, 17600, 'projchi', 'bitflip', 222.7264862060547, 0.0010000000474974513, 3.78670334815979, '2024-07-24 10:38:28', 4, 999)
pval: [0.001] -- 143th test, time elapsed 3.78670334815979 -- emperical power so far (from test_start): 1.0
db insert success
tensor(0.2689)
tensor(0.2689)
(144, 3, 0, 2, 17600, 'projchi', 'bitflip', 211.38450622558594, 0.0010000000474974513, 3.7853875160217285, '2024-07-24 10:38:41', 4, 999)
pval: [0.001] -- 144th test, time elapsed 3.7853875160217285 -- emperical power so far (from test_start): 1.0
db insert success
tensor(0.2689)
tensor(0.2689)
(145, 3, 0, 2, 17600, 'projchi', 'bitflip', 244.7594757080078, 0.0010000000474974513, 3.7722086906433105, '2024-07-24 10:38:52', 4, 999)
pval: [0.001] -- 145th test, time elapsed 3.7722086906433105 -- emperical power so far (from test_start): 1.0
db insert success
tensor(0.2689)
tensor(0.2689)
(146, 3, 0, 2, 17600, 'projchi', 'bitflip', 251.92234802246094, 0.0010000000474974513, 3.775547742843628, '2024-07-24 10:39:01', 4, 999)
pval: [0.001] -- 146th test, time elapsed 3.775547742843628 -- emperical power so far (from test_start): 1.0
db insert success
tensor(0.2689)
tensor(0.2689)
(147, 3, 0, 2, 17600, 'projchi', 'bitflip', 238.93417358398438, 0.0010000000474974513, 3.768918514251709, '2024-07-24 10:39:18', 4, 999)
pval: [0.001] -- 147th test, time elapsed 3.768918514251709 -- emperical power so far (from test_start): 1.0
db insert success
tensor(0.2689)
tensor(0.2689)
(148, 3, 0, 2, 17600, 'projchi', 'bitflip', 234.2935791015625, 0.0010000000474974513, 3.7637250423431396, '2024-07-24 10:39:28', 4, 999)
pval: [0.001] -- 148th test, time elapsed 3.7637250423431396 -- emperical power so far (from test_start): 1.0
db insert success
tensor(0.2689)
tensor(0.2689)
(149, 3, 0, 2, 17600, 'projchi', 'bitflip', 283.3668518066406, 0.0010000000474974513, 3.7558646202087402, '2024-07-24 10:39:38', 4, 999)
pval: [0.001] -- 149th test, time elapsed 3.7558646202087402 -- emperical power so far (from test_start): 1.0
db insert success
tensor(0.2689)
tensor(0.2689)
(150, 3, 0, 2, 17600, 'projchi', 'bitflip', 288.7033996582031, 0.0010000000474974513, 3.7526657581329346, '2024-07-24 10:39:59', 4, 999)
pval: [0.001] -- 150th test, time elapsed 3.7526657581329346 -- emperical power so far (from test_start): 1.0
db insert success
tensor(0.2689)
tensor(0.2689)
(151, 3, 0, 2, 17600, 'projchi', 'bitflip', 239.24256896972656, 0.0010000000474974513, 3.748206615447998, '2024-07-24 10:40:09', 4, 999)
pval: [0.001] -- 151th test, time elapsed 3.748206615447998 -- emperical power so far (from test_start): 1.0
db insert success
tensor(0.2689)
tensor(0.2689)
(152, 3, 0, 2, 17600, 'projchi', 'bitflip', 236.1177215576172, 0.0010000000474974513, 3.7553679943084717, '2024-07-24 10:40:15', 4, 999)
pval: [0.001] -- 152th test, time elapsed 3.7553679943084717 -- emperical power so far (from test_start): 1.0
db insert success
tensor(0.2689)
tensor(0.2689)
(153, 3, 0, 2, 17600, 'projchi', 'bitflip', 248.86898803710938, 0.0010000000474974513, 3.763077735900879, '2024-07-24 10:40:32', 4, 999)
pval: [0.001] -- 153th test, time elapsed 3.763077735900879 -- emperical power so far (from test_start): 1.0
db insert success
tensor(0.2689)
tensor(0.2689)
(154, 3, 0, 2, 17600, 'projchi', 'bitflip', 274.9554138183594, 0.0010000000474974513, 3.782524347305298, '2024-07-24 10:40:44', 4, 999)
pval: [0.001] -- 154th test, time elapsed 3.782524347305298 -- emperical power so far (from test_start): 1.0
db insert success
tensor(0.2689)
tensor(0.2689)
(155, 3, 0, 2, 17600, 'projchi', 'bitflip', 229.91970825195312, 0.0010000000474974513, 3.7642688751220703, '2024-07-24 10:40:53', 4, 999)
pval: [0.001] -- 155th test, time elapsed 3.7642688751220703 -- emperical power so far (from test_start): 1.0
db insert success
tensor(0.2689)
tensor(0.2689)
(156, 3, 0, 2, 17600, 'projchi', 'bitflip', 303.41375732421875, 0.0010000000474974513, 3.7609291076660156, '2024-07-24 10:41:13', 4, 999)
pval: [0.001] -- 156th test, time elapsed 3.7609291076660156 -- emperical power so far (from test_start): 1.0
db insert success
tensor(0.2689)
tensor(0.2689)
(157, 3, 0, 2, 17600, 'projchi', 'bitflip', 272.4631042480469, 0.0010000000474974513, 3.7601969242095947, '2024-07-24 10:41:23', 4, 999)
pval: [0.001] -- 157th test, time elapsed 3.7601969242095947 -- emperical power so far (from test_start): 1.0
db insert success
tensor(0.2689)
tensor(0.2689)
(158, 3, 0, 2, 17600, 'projchi', 'bitflip', 234.97604370117188, 0.0010000000474974513, 3.754002571105957, '2024-07-24 10:41:33', 4, 999)
pval: [0.001] -- 158th test, time elapsed 3.754002571105957 -- emperical power so far (from test_start): 1.0
db insert success
tensor(0.2689)
tensor(0.2689)
(159, 3, 0, 2, 17600, 'projchi', 'bitflip', 270.6730041503906, 0.0010000000474974513, 3.7669105529785156, '2024-07-24 10:41:56', 4, 999)
pval: [0.001] -- 159th test, time elapsed 3.7669105529785156 -- emperical power so far (from test_start): 1.0
db insert success
tensor(0.2689)
tensor(0.2689)
(160, 3, 0, 2, 17600, 'projchi', 'bitflip', 207.70765686035156, 0.0010000000474974513, 3.772014856338501, '2024-07-24 10:42:10', 4, 999)
pval: [0.001] -- 160th test, time elapsed 3.772014856338501 -- emperical power so far (from test_start): 1.0
db insert success
tensor(0.2689)
tensor(0.2689)
(161, 3, 0, 2, 17600, 'projchi', 'bitflip', 298.50262451171875, 0.0010000000474974513, 3.7844600677490234, '2024-07-24 10:42:19', 4, 999)
pval: [0.001] -- 161th test, time elapsed 3.7844600677490234 -- emperical power so far (from test_start): 1.0
db insert success
tensor(0.2689)
tensor(0.2689)
(162, 3, 0, 2, 17600, 'projchi', 'bitflip', 226.54335021972656, 0.0010000000474974513, 3.7787513732910156, '2024-07-24 10:42:37', 4, 999)
pval: [0.001] -- 162th test, time elapsed 3.7787513732910156 -- emperical power so far (from test_start): 1.0
db insert success
tensor(0.2689)
tensor(0.2689)
(163, 3, 0, 2, 17600, 'projchi', 'bitflip', 267.4731140136719, 0.0010000000474974513, 3.7577404975891113, '2024-07-24 10:42:59', 4, 999)
pval: [0.001] -- 163th test, time elapsed 3.7577404975891113 -- emperical power so far (from test_start): 1.0
db insert success
tensor(0.2689)
tensor(0.2689)
(164, 3, 0, 2, 17600, 'projchi', 'bitflip', 205.62521362304688, 0.0010000000474974513, 3.7629103660583496, '2024-07-24 10:43:17', 4, 999)
pval: [0.001] -- 164th test, time elapsed 3.7629103660583496 -- emperical power so far (from test_start): 1.0
db insert success
tensor(0.2689)
tensor(0.2689)
(165, 3, 0, 2, 17600, 'projchi', 'bitflip', 268.7644348144531, 0.0010000000474974513, 3.7593812942504883, '2024-07-24 10:43:24', 4, 999)
pval: [0.001] -- 165th test, time elapsed 3.7593812942504883 -- emperical power so far (from test_start): 1.0
db insert success
tensor(0.2689)
tensor(0.2689)
(166, 3, 0, 2, 17600, 'projchi', 'bitflip', 230.26161193847656, 0.0010000000474974513, 3.76364803314209, '2024-07-24 10:43:43', 4, 999)
pval: [0.001] -- 166th test, time elapsed 3.76364803314209 -- emperical power so far (from test_start): 1.0
db insert success
tensor(0.2689)
tensor(0.2689)
(167, 3, 0, 2, 17600, 'projchi', 'bitflip', 241.96311950683594, 0.0010000000474974513, 3.773556709289551, '2024-07-24 10:44:05', 4, 999)
pval: [0.001] -- 167th test, time elapsed 3.773556709289551 -- emperical power so far (from test_start): 1.0
db insert success
tensor(0.2689)
tensor(0.2689)
(168, 3, 0, 2, 17600, 'projchi', 'bitflip', 216.64999389648438, 0.0010000000474974513, 3.7691447734832764, '2024-07-24 10:44:17', 4, 999)
pval: [0.001] -- 168th test, time elapsed 3.7691447734832764 -- emperical power so far (from test_start): 1.0
db insert success
tensor(0.2689)
tensor(0.2689)
(169, 3, 0, 2, 17600, 'projchi', 'bitflip', 257.7238464355469, 0.0010000000474974513, 3.7753658294677734, '2024-07-24 10:44:24', 4, 999)
pval: [0.001] -- 169th test, time elapsed 3.7753658294677734 -- emperical power so far (from test_start): 1.0
db insert success
tensor(0.2689)
tensor(0.2689)
(170, 3, 0, 2, 17600, 'projchi', 'bitflip', 308.01470947265625, 0.0010000000474974513, 3.7762932777404785, '2024-07-24 10:44:37', 4, 999)
pval: [0.001] -- 170th test, time elapsed 3.7762932777404785 -- emperical power so far (from test_start): 1.0
db insert success
tensor(0.2689)
tensor(0.2689)
(171, 3, 0, 2, 17600, 'projchi', 'bitflip', 280.8249206542969, 0.0010000000474974513, 3.798166275024414, '2024-07-24 10:44:48', 4, 999)
pval: [0.001] -- 171th test, time elapsed 3.798166275024414 -- emperical power so far (from test_start): 1.0
db insert success
tensor(0.2689)
tensor(0.2689)
(172, 3, 0, 2, 17600, 'projchi', 'bitflip', 294.03656005859375, 0.0010000000474974513, 3.7712795734405518, '2024-07-24 10:45:01', 4, 999)
pval: [0.001] -- 172th test, time elapsed 3.7712795734405518 -- emperical power so far (from test_start): 1.0
db insert success
tensor(0.2689)
tensor(0.2689)
(173, 3, 0, 2, 17600, 'projchi', 'bitflip', 254.10931396484375, 0.0010000000474974513, 3.7812111377716064, '2024-07-24 10:45:22', 4, 999)
pval: [0.001] -- 173th test, time elapsed 3.7812111377716064 -- emperical power so far (from test_start): 1.0
db insert success
tensor(0.2689)
tensor(0.2689)
(174, 3, 0, 2, 17600, 'projchi', 'bitflip', 235.67440795898438, 0.0010000000474974513, 3.772340774536133, '2024-07-24 10:45:34', 4, 999)
pval: [0.001] -- 174th test, time elapsed 3.772340774536133 -- emperical power so far (from test_start): 1.0
db insert success
tensor(0.2689)
tensor(0.2689)
(175, 3, 0, 2, 17600, 'projchi', 'bitflip', 255.6378631591797, 0.0010000000474974513, 3.78035831451416, '2024-07-24 10:45:55', 4, 999)
pval: [0.001] -- 175th test, time elapsed 3.78035831451416 -- emperical power so far (from test_start): 1.0
db insert success
tensor(0.2689)
tensor(0.2689)
(176, 3, 0, 2, 17600, 'projchi', 'bitflip', 219.4951629638672, 0.0010000000474974513, 3.7606420516967773, '2024-07-24 10:46:15', 4, 999)
pval: [0.001] -- 176th test, time elapsed 3.7606420516967773 -- emperical power so far (from test_start): 1.0
db insert success
tensor(0.2689)
tensor(0.2689)
(177, 3, 0, 2, 17600, 'projchi', 'bitflip', 274.51953125, 0.0010000000474974513, 3.7761099338531494, '2024-07-24 10:46:31', 4, 999)
pval: [0.001] -- 177th test, time elapsed 3.7761099338531494 -- emperical power so far (from test_start): 1.0
db insert success
tensor(0.2689)
tensor(0.2689)
(178, 3, 0, 2, 17600, 'projchi', 'bitflip', 236.77294921875, 0.0010000000474974513, 3.767564535140991, '2024-07-24 10:46:45', 4, 999)
pval: [0.001] -- 178th test, time elapsed 3.767564535140991 -- emperical power so far (from test_start): 1.0
db insert success
tensor(0.2689)
tensor(0.2689)
(179, 3, 0, 2, 17600, 'projchi', 'bitflip', 256.38006591796875, 0.0010000000474974513, 3.75838565826416, '2024-07-24 10:46:59', 4, 999)
pval: [0.001] -- 179th test, time elapsed 3.75838565826416 -- emperical power so far (from test_start): 1.0
db insert success
tensor(0.2689)
tensor(0.2689)
(180, 3, 0, 2, 17600, 'projchi', 'bitflip', 185.4435577392578, 0.0010000000474974513, 3.774656057357788, '2024-07-24 10:47:11', 4, 999)
pval: [0.001] -- 180th test, time elapsed 3.774656057357788 -- emperical power so far (from test_start): 1.0
db insert success
tensor(0.2689)
tensor(0.2689)
(181, 3, 0, 2, 17600, 'projchi', 'bitflip', 282.5794677734375, 0.0010000000474974513, 3.761984348297119, '2024-07-24 10:47:32', 4, 999)
pval: [0.001] -- 181th test, time elapsed 3.761984348297119 -- emperical power so far (from test_start): 1.0
db insert success
tensor(0.2689)
tensor(0.2689)
(182, 3, 0, 2, 17600, 'projchi', 'bitflip', 268.5605773925781, 0.0010000000474974513, 3.767918348312378, '2024-07-24 10:47:38', 4, 999)
pval: [0.001] -- 182th test, time elapsed 3.767918348312378 -- emperical power so far (from test_start): 1.0
db insert success
tensor(0.2689)
tensor(0.2689)
(183, 3, 0, 2, 17600, 'projchi', 'bitflip', 300.0212707519531, 0.0010000000474974513, 3.772063732147217, '2024-07-24 10:47:51', 4, 999)
pval: [0.001] -- 183th test, time elapsed 3.772063732147217 -- emperical power so far (from test_start): 1.0
db insert success
tensor(0.2689)
tensor(0.2689)
(184, 3, 0, 2, 17600, 'projchi', 'bitflip', 223.9305877685547, 0.0010000000474974513, 3.7757346630096436, '2024-07-24 10:48:14', 4, 999)
pval: [0.001] -- 184th test, time elapsed 3.7757346630096436 -- emperical power so far (from test_start): 1.0
db insert success
tensor(0.2689)
tensor(0.2689)
(185, 3, 0, 2, 17600, 'projchi', 'bitflip', 228.60597229003906, 0.0010000000474974513, 3.765845537185669, '2024-07-24 10:48:38', 4, 999)
pval: [0.001] -- 185th test, time elapsed 3.765845537185669 -- emperical power so far (from test_start): 1.0
db insert success
tensor(0.2689)
tensor(0.2689)
(186, 3, 0, 2, 17600, 'projchi', 'bitflip', 216.260986328125, 0.0010000000474974513, 3.763930559158325, '2024-07-24 10:48:57', 4, 999)
pval: [0.001] -- 186th test, time elapsed 3.763930559158325 -- emperical power so far (from test_start): 1.0
db insert success
tensor(0.2689)
tensor(0.2689)
(187, 3, 0, 2, 17600, 'projchi', 'bitflip', 241.15171813964844, 0.0010000000474974513, 3.772446632385254, '2024-07-24 10:49:19', 4, 999)
pval: [0.001] -- 187th test, time elapsed 3.772446632385254 -- emperical power so far (from test_start): 1.0
db insert success
tensor(0.2689)
tensor(0.2689)
(188, 3, 0, 2, 17600, 'projchi', 'bitflip', 254.59860229492188, 0.0010000000474974513, 3.79382061958313, '2024-07-24 10:49:41', 4, 999)
pval: [0.001] -- 188th test, time elapsed 3.79382061958313 -- emperical power so far (from test_start): 1.0
db insert success
tensor(0.2689)
tensor(0.2689)
(189, 3, 0, 2, 17600, 'projchi', 'bitflip', 196.03036499023438, 0.0010000000474974513, 3.778402805328369, '2024-07-24 10:50:04', 4, 999)
pval: [0.001] -- 189th test, time elapsed 3.778402805328369 -- emperical power so far (from test_start): 1.0
db insert success
tensor(0.2689)
tensor(0.2689)
(190, 3, 0, 2, 17600, 'projchi', 'bitflip', 258.01739501953125, 0.0010000000474974513, 3.786517858505249, '2024-07-24 10:50:15', 4, 999)
pval: [0.001] -- 190th test, time elapsed 3.786517858505249 -- emperical power so far (from test_start): 1.0
db insert success
tensor(0.2689)
tensor(0.2689)
(191, 3, 0, 2, 17600, 'projchi', 'bitflip', 259.24713134765625, 0.0010000000474974513, 3.763613224029541, '2024-07-24 10:50:23', 4, 999)
pval: [0.001] -- 191th test, time elapsed 3.763613224029541 -- emperical power so far (from test_start): 1.0
db insert success
tensor(0.2689)
tensor(0.2689)
(192, 3, 0, 2, 17600, 'projchi', 'bitflip', 256.9273376464844, 0.0010000000474974513, 3.760622024536133, '2024-07-24 10:50:27', 4, 999)
pval: [0.001] -- 192th test, time elapsed 3.760622024536133 -- emperical power so far (from test_start): 1.0
db insert success
tensor(0.2689)
tensor(0.2689)
(193, 3, 0, 2, 17600, 'projchi', 'bitflip', 220.28778076171875, 0.0010000000474974513, 3.766177177429199, '2024-07-24 10:50:40', 4, 999)
pval: [0.001] -- 193th test, time elapsed 3.766177177429199 -- emperical power so far (from test_start): 1.0
db insert success
tensor(0.2689)
tensor(0.2689)
(194, 3, 0, 2, 17600, 'projchi', 'bitflip', 239.17320251464844, 0.0010000000474974513, 3.7694597244262695, '2024-07-24 10:50:56', 4, 999)
pval: [0.001] -- 194th test, time elapsed 3.7694597244262695 -- emperical power so far (from test_start): 1.0
db insert success
tensor(0.2689)
tensor(0.2689)
(195, 3, 0, 2, 17600, 'projchi', 'bitflip', 276.3864440917969, 0.0010000000474974513, 3.771393299102783, '2024-07-24 10:51:14', 4, 999)
pval: [0.001] -- 195th test, time elapsed 3.771393299102783 -- emperical power so far (from test_start): 1.0
db insert success
tensor(0.2689)
tensor(0.2689)
(196, 3, 0, 2, 17600, 'projchi', 'bitflip', 210.57806396484375, 0.0010000000474974513, 3.7751882076263428, '2024-07-24 10:51:37', 4, 999)
pval: [0.001] -- 196th test, time elapsed 3.7751882076263428 -- emperical power so far (from test_start): 1.0
db insert success
tensor(0.2689)
tensor(0.2689)
(197, 3, 0, 2, 17600, 'projchi', 'bitflip', 216.26116943359375, 0.0010000000474974513, 3.7876744270324707, '2024-07-24 10:51:53', 4, 999)
pval: [0.001] -- 197th test, time elapsed 3.7876744270324707 -- emperical power so far (from test_start): 1.0
db insert success
tensor(0.2689)
tensor(0.2689)
(198, 3, 0, 2, 17600, 'projchi', 'bitflip', 269.4714050292969, 0.0010000000474974513, 3.786668539047241, '2024-07-24 10:52:08', 4, 999)
pval: [0.001] -- 198th test, time elapsed 3.786668539047241 -- emperical power so far (from test_start): 1.0
db insert success
tensor(0.2689)
tensor(0.2689)
(199, 3, 0, 2, 17600, 'projchi', 'bitflip', 245.62353515625, 0.0010000000474974513, 3.781127691268921, '2024-07-24 10:52:22', 4, 999)
pval: [0.001] -- 199th test, time elapsed 3.781127691268921 -- emperical power so far (from test_start): 1.0
db insert success
tensor(0.2689)
tensor(0.2689)
(200, 3, 0, 2, 17600, 'projchi', 'bitflip', 233.7584228515625, 0.0010000000474974513, 3.777944564819336, '2024-07-24 10:52:31', 4, 999)
pval: [0.001] -- 200th test, time elapsed 3.777944564819336 -- emperical power so far (from test_start): 1.0
db insert success
2968.9472756385803
