bitflipprojchi, alpha=0.5, sample size=8000
#########################################
tensor(0.4378)
tensor(0.4378)
(1, 3, 0, 0.5, 8000, 'projchi', 'bitflip', 57.49820327758789, 0.6890000104904175, 2.285965919494629, '2024-07-24 09:16:50', 4, 999)
pval: [0.68900001] -- 1th test, time elapsed 2.285965919494629 -- emperical power so far (from test_start): 0.0
db insert success
tensor(0.4378)
tensor(0.4378)
(2, 3, 0, 0.5, 8000, 'projchi', 'bitflip', 55.941009521484375, 0.7220000624656677, 2.0941736698150635, '2024-07-24 09:17:10', 4, 999)
pval: [0.72200006] -- 2th test, time elapsed 2.0941736698150635 -- emperical power so far (from test_start): 0.0
db insert success
tensor(0.4378)
tensor(0.4378)
(3, 3, 0, 0.5, 8000, 'projchi', 'bitflip', 86.70427703857422, 0.027000000700354576, 2.0767297744750977, '2024-07-24 09:17:22', 4, 999)
pval: [0.027] -- 3th test, time elapsed 2.0767297744750977 -- emperical power so far (from test_start): 0.3333333333333333
db insert success
tensor(0.4378)
tensor(0.4378)
(4, 3, 0, 0.5, 8000, 'projchi', 'bitflip', 84.50809478759766, 0.036000002175569534, 2.0533251762390137, '2024-07-24 09:17:37', 4, 999)
pval: [0.036] -- 4th test, time elapsed 2.0533251762390137 -- emperical power so far (from test_start): 0.5
db insert success
tensor(0.4378)
tensor(0.4378)
(5, 3, 0, 0.5, 8000, 'projchi', 'bitflip', 65.01778411865234, 0.4100000262260437, 2.043456792831421, '2024-07-24 09:17:54', 4, 999)
pval: [0.41000003] -- 5th test, time elapsed 2.043456792831421 -- emperical power so far (from test_start): 0.4
db insert success
tensor(0.4378)
tensor(0.4378)
(6, 3, 0, 0.5, 8000, 'projchi', 'bitflip', 55.713199615478516, 0.7560000419616699, 2.050593614578247, '2024-07-24 09:18:01', 4, 999)
pval: [0.75600004] -- 6th test, time elapsed 2.050593614578247 -- emperical power so far (from test_start): 0.3333333333333333
db insert success
tensor(0.4378)
tensor(0.4378)
(7, 3, 0, 0.5, 8000, 'projchi', 'bitflip', 66.99476623535156, 0.3410000205039978, 2.0855042934417725, '2024-07-24 09:18:14', 4, 999)
pval: [0.34100002] -- 7th test, time elapsed 2.0855042934417725 -- emperical power so far (from test_start): 0.2857142857142857
db insert success
tensor(0.4378)
tensor(0.4378)
(8, 3, 0, 0.5, 8000, 'projchi', 'bitflip', 44.21969985961914, 0.968000054359436, 2.0856518745422363, '2024-07-24 09:18:17', 4, 999)
pval: [0.96800005] -- 8th test, time elapsed 2.0856518745422363 -- emperical power so far (from test_start): 0.25
db insert success
tensor(0.4378)
tensor(0.4378)
(9, 3, 0, 0.5, 8000, 'projchi', 'bitflip', 63.736637115478516, 0.46800002455711365, 2.0452940464019775, '2024-07-24 09:18:26', 4, 999)
pval: [0.46800002] -- 9th test, time elapsed 2.0452940464019775 -- emperical power so far (from test_start): 0.2222222222222222
db insert success
tensor(0.4378)
tensor(0.4378)
(10, 3, 0, 0.5, 8000, 'projchi', 'bitflip', 63.888038635253906, 0.4610000252723694, 2.0513899326324463, '2024-07-24 09:18:32', 4, 999)
pval: [0.46100003] -- 10th test, time elapsed 2.0513899326324463 -- emperical power so far (from test_start): 0.2
db insert success
tensor(0.4378)
tensor(0.4378)
(11, 3, 0, 0.5, 8000, 'projchi', 'bitflip', 69.42992401123047, 0.2639999985694885, 2.041464328765869, '2024-07-24 09:18:44', 4, 999)
pval: [0.264] -- 11th test, time elapsed 2.041464328765869 -- emperical power so far (from test_start): 0.18181818181818182
db insert success
tensor(0.4378)
tensor(0.4378)
(12, 3, 0, 0.5, 8000, 'projchi', 'bitflip', 63.980045318603516, 0.4390000104904175, 2.0509467124938965, '2024-07-24 09:18:54', 4, 999)
pval: [0.43900001] -- 12th test, time elapsed 2.0509467124938965 -- emperical power so far (from test_start): 0.16666666666666666
db insert success
tensor(0.4378)
tensor(0.4378)
(13, 3, 0, 0.5, 8000, 'projchi', 'bitflip', 67.3008804321289, 0.3190000057220459, 2.0481770038604736, '2024-07-24 09:19:03', 4, 999)
pval: [0.31900001] -- 13th test, time elapsed 2.0481770038604736 -- emperical power so far (from test_start): 0.15384615384615385
db insert success
tensor(0.4378)
tensor(0.4378)
(14, 3, 0, 0.5, 8000, 'projchi', 'bitflip', 58.0854606628418, 0.6420000195503235, 2.0840280055999756, '2024-07-24 09:19:21', 4, 999)
pval: [0.64200002] -- 14th test, time elapsed 2.0840280055999756 -- emperical power so far (from test_start): 0.14285714285714285
db insert success
tensor(0.4378)
tensor(0.4378)
(15, 3, 0, 0.5, 8000, 'projchi', 'bitflip', 45.32209396362305, 0.9480000734329224, 2.0535905361175537, '2024-07-24 09:19:26', 4, 999)
pval: [0.94800007] -- 15th test, time elapsed 2.0535905361175537 -- emperical power so far (from test_start): 0.13333333333333333
db insert success
tensor(0.4378)
tensor(0.4378)
(16, 3, 0, 0.5, 8000, 'projchi', 'bitflip', 95.20475006103516, 0.00800000037997961, 2.0958669185638428, '2024-07-24 09:19:33', 4, 999)
pval: [0.008] -- 16th test, time elapsed 2.0958669185638428 -- emperical power so far (from test_start): 0.1875
db insert success
tensor(0.4378)
tensor(0.4378)
(17, 3, 0, 0.5, 8000, 'projchi', 'bitflip', 79.31827545166016, 0.09600000083446503, 2.1039507389068604, '2024-07-24 09:19:51', 4, 999)
pval: [0.096] -- 17th test, time elapsed 2.1039507389068604 -- emperical power so far (from test_start): 0.17647058823529413
db insert success
tensor(0.4378)
tensor(0.4378)
(18, 3, 0, 0.5, 8000, 'projchi', 'bitflip', 57.70064163208008, 0.6670000553131104, 2.069666624069214, '2024-07-24 09:20:00', 4, 999)
pval: [0.66700006] -- 18th test, time elapsed 2.069666624069214 -- emperical power so far (from test_start): 0.16666666666666666
db insert success
tensor(0.4378)
tensor(0.4378)
(19, 3, 0, 0.5, 8000, 'projchi', 'bitflip', 69.95057678222656, 0.24500000476837158, 2.0825917720794678, '2024-07-24 09:20:08', 4, 999)
pval: [0.245] -- 19th test, time elapsed 2.0825917720794678 -- emperical power so far (from test_start): 0.15789473684210525
db insert success
tensor(0.4378)
tensor(0.4378)
(20, 3, 0, 0.5, 8000, 'projchi', 'bitflip', 65.30824279785156, 0.39000001549720764, 2.077092409133911, '2024-07-24 09:20:14', 4, 999)
pval: [0.39000002] -- 20th test, time elapsed 2.077092409133911 -- emperical power so far (from test_start): 0.15
db insert success
tensor(0.4378)
tensor(0.4378)
(21, 3, 0, 0.5, 8000, 'projchi', 'bitflip', 72.3077163696289, 0.20900000631809235, 2.0779638290405273, '2024-07-24 09:20:22', 4, 999)
pval: [0.20900001] -- 21th test, time elapsed 2.0779638290405273 -- emperical power so far (from test_start): 0.14285714285714285
db insert success
tensor(0.4378)
tensor(0.4378)
(22, 3, 0, 0.5, 8000, 'projchi', 'bitflip', 76.43186950683594, 0.12800000607967377, 2.06551194190979, '2024-07-24 09:20:28', 4, 999)
pval: [0.12800001] -- 22th test, time elapsed 2.06551194190979 -- emperical power so far (from test_start): 0.13636363636363635
db insert success
tensor(0.4378)
tensor(0.4378)
(23, 3, 0, 0.5, 8000, 'projchi', 'bitflip', 48.67164611816406, 0.9190000295639038, 2.0456881523132324, '2024-07-24 09:20:37', 4, 999)
pval: [0.91900003] -- 23th test, time elapsed 2.0456881523132324 -- emperical power so far (from test_start): 0.13043478260869565
db insert success
tensor(0.4378)
tensor(0.4378)
(24, 3, 0, 0.5, 8000, 'projchi', 'bitflip', 62.8514404296875, 0.4870000183582306, 2.045693874359131, '2024-07-24 09:20:42', 4, 999)
pval: [0.48700002] -- 24th test, time elapsed 2.045693874359131 -- emperical power so far (from test_start): 0.125
db insert success
tensor(0.4378)
tensor(0.4378)
(25, 3, 0, 0.5, 8000, 'projchi', 'bitflip', 72.65966796875, 0.1600000113248825, 2.0597915649414062, '2024-07-24 09:21:04', 4, 999)
pval: [0.16000001] -- 25th test, time elapsed 2.0597915649414062 -- emperical power so far (from test_start): 0.12
db insert success
tensor(0.4378)
tensor(0.4378)
(26, 3, 0, 0.5, 8000, 'projchi', 'bitflip', 69.01177215576172, 0.2750000059604645, 2.053769588470459, '2024-07-24 09:21:12', 4, 999)
pval: [0.27500001] -- 26th test, time elapsed 2.053769588470459 -- emperical power so far (from test_start): 0.11538461538461539
db insert success
tensor(0.4378)
tensor(0.4378)
(27, 3, 0, 0.5, 8000, 'projchi', 'bitflip', 69.34532165527344, 0.2880000174045563, 2.055232286453247, '2024-07-24 09:21:34', 4, 999)
pval: [0.28800002] -- 27th test, time elapsed 2.055232286453247 -- emperical power so far (from test_start): 0.1111111111111111
db insert success
tensor(0.4378)
tensor(0.4378)
(28, 3, 0, 0.5, 8000, 'projchi', 'bitflip', 58.868438720703125, 0.6130000352859497, 2.057720422744751, '2024-07-24 09:21:53', 4, 999)
pval: [0.61300004] -- 28th test, time elapsed 2.057720422744751 -- emperical power so far (from test_start): 0.10714285714285714
db insert success
tensor(0.4378)
tensor(0.4378)
(29, 3, 0, 0.5, 8000, 'projchi', 'bitflip', 71.18704986572266, 0.2200000137090683, 2.0534613132476807, '2024-07-24 09:22:13', 4, 999)
pval: [0.22000001] -- 29th test, time elapsed 2.0534613132476807 -- emperical power so far (from test_start): 0.10344827586206896
db insert success
tensor(0.4378)
tensor(0.4378)
(30, 3, 0, 0.5, 8000, 'projchi', 'bitflip', 49.87798309326172, 0.8810000419616699, 2.0636978149414062, '2024-07-24 09:22:34', 4, 999)
pval: [0.88100004] -- 30th test, time elapsed 2.0636978149414062 -- emperical power so far (from test_start): 0.1
db insert success
tensor(0.4378)
tensor(0.4378)
(31, 3, 0, 0.5, 8000, 'projchi', 'bitflip', 66.15327453613281, 0.3410000205039978, 2.104153633117676, '2024-07-24 09:22:53', 4, 999)
pval: [0.34100002] -- 31th test, time elapsed 2.104153633117676 -- emperical power so far (from test_start): 0.0967741935483871
db insert success
tensor(0.4378)
tensor(0.4378)
(32, 3, 0, 0.5, 8000, 'projchi', 'bitflip', 67.37239074707031, 0.328000009059906, 2.135162115097046, '2024-07-24 09:23:13', 4, 999)
pval: [0.32800001] -- 32th test, time elapsed 2.135162115097046 -- emperical power so far (from test_start): 0.09375
db insert success
tensor(0.4378)
tensor(0.4378)
(33, 3, 0, 0.5, 8000, 'projchi', 'bitflip', 66.49440002441406, 0.3530000150203705, 2.0689644813537598, '2024-07-24 09:23:32', 4, 999)
pval: [0.35300002] -- 33th test, time elapsed 2.0689644813537598 -- emperical power so far (from test_start): 0.09090909090909091
db insert success
tensor(0.4378)
tensor(0.4378)
(34, 3, 0, 0.5, 8000, 'projchi', 'bitflip', 66.2606430053711, 0.3830000162124634, 2.0500214099884033, '2024-07-24 09:23:51', 4, 999)
pval: [0.38300002] -- 34th test, time elapsed 2.0500214099884033 -- emperical power so far (from test_start): 0.08823529411764706
db insert success
tensor(0.4378)
tensor(0.4378)
(35, 3, 0, 0.5, 8000, 'projchi', 'bitflip', 79.7358169555664, 0.08700000494718552, 2.08290958404541, '2024-07-24 09:24:10', 4, 999)
pval: [0.087] -- 35th test, time elapsed 2.08290958404541 -- emperical power so far (from test_start): 0.08571428571428572
db insert success
tensor(0.4378)
tensor(0.4378)
(36, 3, 0, 0.5, 8000, 'projchi', 'bitflip', 81.8219985961914, 0.0560000017285347, 2.055983781814575, '2024-07-24 09:24:16', 4, 999)
pval: [0.056] -- 36th test, time elapsed 2.055983781814575 -- emperical power so far (from test_start): 0.08333333333333333
db insert success
tensor(0.4378)
tensor(0.4378)
(37, 3, 0, 0.5, 8000, 'projchi', 'bitflip', 67.33594512939453, 0.34200000762939453, 2.086592435836792, '2024-07-24 09:24:28', 4, 999)
pval: [0.34200001] -- 37th test, time elapsed 2.086592435836792 -- emperical power so far (from test_start): 0.08108108108108109
db insert success
tensor(0.4378)
tensor(0.4378)
(38, 3, 0, 0.5, 8000, 'projchi', 'bitflip', 74.37470245361328, 0.14600001275539398, 2.0620157718658447, '2024-07-24 09:24:50', 4, 999)
pval: [0.14600001] -- 38th test, time elapsed 2.0620157718658447 -- emperical power so far (from test_start): 0.07894736842105263
db insert success
tensor(0.4378)
tensor(0.4378)
(39, 3, 0, 0.5, 8000, 'projchi', 'bitflip', 71.34264373779297, 0.21900001168251038, 2.071192502975464, '2024-07-24 09:24:57', 4, 999)
pval: [0.21900001] -- 39th test, time elapsed 2.071192502975464 -- emperical power so far (from test_start): 0.07692307692307693
db insert success
tensor(0.4378)
tensor(0.4378)
(40, 3, 0, 0.5, 8000, 'projchi', 'bitflip', 75.23308563232422, 0.1380000114440918, 2.0575919151306152, '2024-07-24 09:25:07', 4, 999)
pval: [0.13800001] -- 40th test, time elapsed 2.0575919151306152 -- emperical power so far (from test_start): 0.075
db insert success
tensor(0.4378)
tensor(0.4378)
(41, 3, 0, 0.5, 8000, 'projchi', 'bitflip', 66.63273620605469, 0.3630000054836273, 2.0819358825683594, '2024-07-24 09:25:13', 4, 999)
pval: [0.36300001] -- 41th test, time elapsed 2.0819358825683594 -- emperical power so far (from test_start): 0.07317073170731707
db insert success
tensor(0.4378)
tensor(0.4378)
(42, 3, 0, 0.5, 8000, 'projchi', 'bitflip', 86.13980865478516, 0.021000001579523087, 2.1066956520080566, '2024-07-24 09:25:33', 4, 999)
pval: [0.021] -- 42th test, time elapsed 2.1066956520080566 -- emperical power so far (from test_start): 0.09523809523809523
db insert success
tensor(0.4378)
tensor(0.4378)
(43, 3, 0, 0.5, 8000, 'projchi', 'bitflip', 54.2537727355957, 0.7440000176429749, 2.0708956718444824, '2024-07-24 09:25:45', 4, 999)
pval: [0.74400002] -- 43th test, time elapsed 2.0708956718444824 -- emperical power so far (from test_start): 0.09302325581395349
db insert success
tensor(0.4378)
tensor(0.4378)
(44, 3, 0, 0.5, 8000, 'projchi', 'bitflip', 61.45424270629883, 0.5390000343322754, 2.0567524433135986, '2024-07-24 09:25:54', 4, 999)
pval: [0.53900003] -- 44th test, time elapsed 2.0567524433135986 -- emperical power so far (from test_start): 0.09090909090909091
db insert success
tensor(0.4378)
tensor(0.4378)
(45, 3, 0, 0.5, 8000, 'projchi', 'bitflip', 63.98208236694336, 0.43800002336502075, 2.0731470584869385, '2024-07-24 09:26:13', 4, 999)
pval: [0.43800002] -- 45th test, time elapsed 2.0731470584869385 -- emperical power so far (from test_start): 0.08888888888888889
db insert success
tensor(0.4378)
tensor(0.4378)
(46, 3, 0, 0.5, 8000, 'projchi', 'bitflip', 72.33979034423828, 0.19500000774860382, 2.0545496940612793, '2024-07-24 09:26:33', 4, 999)
pval: [0.19500001] -- 46th test, time elapsed 2.0545496940612793 -- emperical power so far (from test_start): 0.08695652173913043
db insert success
tensor(0.4378)
tensor(0.4378)
(47, 3, 0, 0.5, 8000, 'projchi', 'bitflip', 58.31414031982422, 0.6630000472068787, 2.043926477432251, '2024-07-24 09:26:47', 4, 999)
pval: [0.66300005] -- 47th test, time elapsed 2.043926477432251 -- emperical power so far (from test_start): 0.0851063829787234
db insert success
tensor(0.4378)
tensor(0.4378)
(48, 3, 0, 0.5, 8000, 'projchi', 'bitflip', 84.46215057373047, 0.03100000135600567, 2.0611572265625, '2024-07-24 09:27:05', 4, 999)
pval: [0.031] -- 48th test, time elapsed 2.0611572265625 -- emperical power so far (from test_start): 0.10416666666666667
db insert success
tensor(0.4378)
tensor(0.4378)
(49, 3, 0, 0.5, 8000, 'projchi', 'bitflip', 65.7608871459961, 0.38700002431869507, 2.035936117172241, '2024-07-24 09:27:15', 4, 999)
pval: [0.38700002] -- 49th test, time elapsed 2.035936117172241 -- emperical power so far (from test_start): 0.10204081632653061
db insert success
tensor(0.4378)
tensor(0.4378)
(50, 3, 0, 0.5, 8000, 'projchi', 'bitflip', 66.26876831054688, 0.3530000150203705, 2.0500032901763916, '2024-07-24 09:27:24', 4, 999)
pval: [0.35300002] -- 50th test, time elapsed 2.0500032901763916 -- emperical power so far (from test_start): 0.1
db insert success
tensor(0.4378)
tensor(0.4378)
(51, 3, 0, 0.5, 8000, 'projchi', 'bitflip', 65.2845458984375, 0.40400001406669617, 2.0475716590881348, '2024-07-24 09:27:33', 4, 999)
pval: [0.40400001] -- 51th test, time elapsed 2.0475716590881348 -- emperical power so far (from test_start): 0.09803921568627451
db insert success
tensor(0.4378)
tensor(0.4378)
(52, 3, 0, 0.5, 8000, 'projchi', 'bitflip', 62.768516540527344, 0.4820000231266022, 2.035796642303467, '2024-07-24 09:27:51', 4, 999)
pval: [0.48200002] -- 52th test, time elapsed 2.035796642303467 -- emperical power so far (from test_start): 0.09615384615384616
db insert success
tensor(0.4378)
tensor(0.4378)
(53, 3, 0, 0.5, 8000, 'projchi', 'bitflip', 82.720703125, 0.04400000348687172, 2.0379836559295654, '2024-07-24 09:27:57', 4, 999)
pval: [0.044] -- 53th test, time elapsed 2.0379836559295654 -- emperical power so far (from test_start): 0.11320754716981132
db insert success
tensor(0.4378)
tensor(0.4378)
(54, 3, 0, 0.5, 8000, 'projchi', 'bitflip', 67.63483428955078, 0.3240000009536743, 2.0352258682250977, '2024-07-24 09:28:17', 4, 999)
pval: [0.324] -- 54th test, time elapsed 2.0352258682250977 -- emperical power so far (from test_start): 0.1111111111111111
db insert success
tensor(0.4378)
tensor(0.4378)
(55, 3, 0, 0.5, 8000, 'projchi', 'bitflip', 80.00391387939453, 0.07300000637769699, 2.0407590866088867, '2024-07-24 09:28:37', 4, 999)
pval: [0.07300001] -- 55th test, time elapsed 2.0407590866088867 -- emperical power so far (from test_start): 0.10909090909090909
db insert success
tensor(0.4378)
tensor(0.4378)
(56, 3, 0, 0.5, 8000, 'projchi', 'bitflip', 52.644935607910156, 0.8260000348091125, 2.067443609237671, '2024-07-24 09:28:44', 4, 999)
pval: [0.82600003] -- 56th test, time elapsed 2.067443609237671 -- emperical power so far (from test_start): 0.10714285714285714
db insert success
tensor(0.4378)
tensor(0.4378)
(57, 3, 0, 0.5, 8000, 'projchi', 'bitflip', 71.19178771972656, 0.24800001084804535, 2.0669326782226562, '2024-07-24 09:28:50', 4, 999)
pval: [0.24800001] -- 57th test, time elapsed 2.0669326782226562 -- emperical power so far (from test_start): 0.10526315789473684
db insert success
tensor(0.4378)
tensor(0.4378)
(58, 3, 0, 0.5, 8000, 'projchi', 'bitflip', 60.09404754638672, 0.5960000157356262, 2.0921471118927, '2024-07-24 09:29:03', 4, 999)
pval: [0.59600002] -- 58th test, time elapsed 2.0921471118927 -- emperical power so far (from test_start): 0.10344827586206896
db insert success
tensor(0.4378)
tensor(0.4378)
(59, 3, 0, 0.5, 8000, 'projchi', 'bitflip', 46.794551849365234, 0.9330000281333923, 2.094545841217041, '2024-07-24 09:29:11', 4, 999)
pval: [0.93300003] -- 59th test, time elapsed 2.094545841217041 -- emperical power so far (from test_start): 0.1016949152542373
db insert success
tensor(0.4378)
tensor(0.4378)
(60, 3, 0, 0.5, 8000, 'projchi', 'bitflip', 73.98236846923828, 0.18200001120567322, 2.0571367740631104, '2024-07-24 09:29:23', 4, 999)
pval: [0.18200001] -- 60th test, time elapsed 2.0571367740631104 -- emperical power so far (from test_start): 0.1
db insert success
tensor(0.4378)
tensor(0.4378)
(61, 3, 0, 0.5, 8000, 'projchi', 'bitflip', 72.30643463134766, 0.19500000774860382, 2.098763942718506, '2024-07-24 09:29:43', 4, 999)
pval: [0.19500001] -- 61th test, time elapsed 2.098763942718506 -- emperical power so far (from test_start): 0.09836065573770492
db insert success
tensor(0.4378)
tensor(0.4378)
(62, 3, 0, 0.5, 8000, 'projchi', 'bitflip', 51.74653625488281, 0.8370000123977661, 2.053820848464966, '2024-07-24 09:29:49', 4, 999)
pval: [0.83700001] -- 62th test, time elapsed 2.053820848464966 -- emperical power so far (from test_start): 0.0967741935483871
db insert success
tensor(0.4378)
tensor(0.4378)
(63, 3, 0, 0.5, 8000, 'projchi', 'bitflip', 87.62443542480469, 0.027000000700354576, 2.029409646987915, '2024-07-24 09:29:56', 4, 999)
pval: [0.027] -- 63th test, time elapsed 2.029409646987915 -- emperical power so far (from test_start): 0.1111111111111111
db insert success
tensor(0.4378)
tensor(0.4378)
(64, 3, 0, 0.5, 8000, 'projchi', 'bitflip', 62.674407958984375, 0.4620000123977661, 2.0458896160125732, '2024-07-24 09:30:15', 4, 999)
pval: [0.46200001] -- 64th test, time elapsed 2.0458896160125732 -- emperical power so far (from test_start): 0.109375
db insert success
tensor(0.4378)
tensor(0.4378)
(65, 3, 0, 0.5, 8000, 'projchi', 'bitflip', 60.33963394165039, 0.581000030040741, 2.029289484024048, '2024-07-24 09:30:31', 4, 999)
pval: [0.58100003] -- 65th test, time elapsed 2.029289484024048 -- emperical power so far (from test_start): 0.1076923076923077
db insert success
tensor(0.4378)
tensor(0.4378)
(66, 3, 0, 0.5, 8000, 'projchi', 'bitflip', 60.261478424072266, 0.6010000109672546, 2.051088333129883, '2024-07-24 09:30:49', 4, 999)
pval: [0.60100001] -- 66th test, time elapsed 2.051088333129883 -- emperical power so far (from test_start): 0.10606060606060606
db insert success
tensor(0.4378)
tensor(0.4378)
(67, 3, 0, 0.5, 8000, 'projchi', 'bitflip', 100.04059600830078, 0.003000000026077032, 2.035093307495117, '2024-07-24 09:31:11', 4, 999)
pval: [0.003] -- 67th test, time elapsed 2.035093307495117 -- emperical power so far (from test_start): 0.11940298507462686
db insert success
tensor(0.4378)
tensor(0.4378)
(68, 3, 0, 0.5, 8000, 'projchi', 'bitflip', 51.11785125732422, 0.8630000352859497, 2.051490068435669, '2024-07-24 09:31:18', 4, 999)
pval: [0.86300004] -- 68th test, time elapsed 2.051490068435669 -- emperical power so far (from test_start): 0.11764705882352941
db insert success
tensor(0.4378)
tensor(0.4378)
(69, 3, 0, 0.5, 8000, 'projchi', 'bitflip', 52.64210510253906, 0.8140000104904175, 2.027979850769043, '2024-07-24 09:31:26', 4, 999)
pval: [0.81400001] -- 69th test, time elapsed 2.027979850769043 -- emperical power so far (from test_start): 0.11594202898550725
db insert success
tensor(0.4378)
tensor(0.4378)
(70, 3, 0, 0.5, 8000, 'projchi', 'bitflip', 67.05614471435547, 0.34800001978874207, 2.0936219692230225, '2024-07-24 09:31:30', 4, 999)
pval: [0.34800002] -- 70th test, time elapsed 2.0936219692230225 -- emperical power so far (from test_start): 0.11428571428571428
db insert success
tensor(0.4378)
tensor(0.4378)
(71, 3, 0, 0.5, 8000, 'projchi', 'bitflip', 41.20338821411133, 0.9790000319480896, 2.048901081085205, '2024-07-24 09:31:43', 4, 999)
pval: [0.97900003] -- 71th test, time elapsed 2.048901081085205 -- emperical power so far (from test_start): 0.11267605633802817
db insert success
tensor(0.4378)
tensor(0.4378)
(72, 3, 0, 0.5, 8000, 'projchi', 'bitflip', 74.5189208984375, 0.14000000059604645, 2.0898773670196533, '2024-07-24 09:31:47', 4, 999)
pval: [0.14] -- 72th test, time elapsed 2.0898773670196533 -- emperical power so far (from test_start): 0.1111111111111111
db insert success
tensor(0.4378)
tensor(0.4378)
(73, 3, 0, 0.5, 8000, 'projchi', 'bitflip', 79.73452758789062, 0.08700000494718552, 2.0660247802734375, '2024-07-24 09:32:03', 4, 999)
pval: [0.087] -- 73th test, time elapsed 2.0660247802734375 -- emperical power so far (from test_start): 0.1095890410958904
db insert success
tensor(0.4378)
tensor(0.4378)
(74, 3, 0, 0.5, 8000, 'projchi', 'bitflip', 63.080142974853516, 0.4700000286102295, 2.0856828689575195, '2024-07-24 09:32:21', 4, 999)
pval: [0.47000003] -- 74th test, time elapsed 2.0856828689575195 -- emperical power so far (from test_start): 0.10810810810810811
db insert success
tensor(0.4378)
tensor(0.4378)
(75, 3, 0, 0.5, 8000, 'projchi', 'bitflip', 58.3077392578125, 0.6580000519752502, 2.0266356468200684, '2024-07-24 09:32:35', 4, 999)
pval: [0.65800005] -- 75th test, time elapsed 2.0266356468200684 -- emperical power so far (from test_start): 0.10666666666666667
db insert success
tensor(0.4378)
tensor(0.4378)
(76, 3, 0, 0.5, 8000, 'projchi', 'bitflip', 71.82559967041016, 0.21800000965595245, 2.082127571105957, '2024-07-24 09:32:53', 4, 999)
pval: [0.21800001] -- 76th test, time elapsed 2.082127571105957 -- emperical power so far (from test_start): 0.10526315789473684
db insert success
tensor(0.4378)
tensor(0.4378)
(77, 3, 0, 0.5, 8000, 'projchi', 'bitflip', 64.65388488769531, 0.42900002002716064, 2.0486059188842773, '2024-07-24 09:33:15', 4, 999)
pval: [0.42900002] -- 77th test, time elapsed 2.0486059188842773 -- emperical power so far (from test_start): 0.1038961038961039
db insert success
tensor(0.4378)
tensor(0.4378)
(78, 3, 0, 0.5, 8000, 'projchi', 'bitflip', 49.6004524230957, 0.8920000195503235, 2.0679397583007812, '2024-07-24 09:33:27', 4, 999)
pval: [0.89200002] -- 78th test, time elapsed 2.0679397583007812 -- emperical power so far (from test_start): 0.10256410256410256
db insert success
tensor(0.4378)
tensor(0.4378)
(79, 3, 0, 0.5, 8000, 'projchi', 'bitflip', 67.58658599853516, 0.30400002002716064, 2.0319294929504395, '2024-07-24 09:33:34', 4, 999)
pval: [0.30400002] -- 79th test, time elapsed 2.0319294929504395 -- emperical power so far (from test_start): 0.10126582278481013
db insert success
tensor(0.4378)
tensor(0.4378)
(80, 3, 0, 0.5, 8000, 'projchi', 'bitflip', 61.14451217651367, 0.5920000076293945, 2.028531074523926, '2024-07-24 09:33:41', 4, 999)
pval: [0.59200001] -- 80th test, time elapsed 2.028531074523926 -- emperical power so far (from test_start): 0.1
db insert success
tensor(0.4378)
tensor(0.4378)
(81, 3, 0, 0.5, 8000, 'projchi', 'bitflip', 82.84486389160156, 0.04200000315904617, 2.0277884006500244, '2024-07-24 09:33:47', 4, 999)
pval: [0.042] -- 81th test, time elapsed 2.0277884006500244 -- emperical power so far (from test_start): 0.1111111111111111
db insert success
tensor(0.4378)
tensor(0.4378)
(82, 3, 0, 0.5, 8000, 'projchi', 'bitflip', 55.052249908447266, 0.7440000176429749, 2.0595178604125977, '2024-07-24 09:34:07', 4, 999)
pval: [0.74400002] -- 82th test, time elapsed 2.0595178604125977 -- emperical power so far (from test_start): 0.10975609756097561
db insert success
tensor(0.4378)
tensor(0.4378)
(83, 3, 0, 0.5, 8000, 'projchi', 'bitflip', 66.95035552978516, 0.3580000102519989, 2.0626919269561768, '2024-07-24 09:34:22', 4, 999)
pval: [0.35800001] -- 83th test, time elapsed 2.0626919269561768 -- emperical power so far (from test_start): 0.10843373493975904
db insert success
tensor(0.4378)
tensor(0.4378)
(84, 3, 0, 0.5, 8000, 'projchi', 'bitflip', 71.66620635986328, 0.19700001180171967, 2.054806709289551, '2024-07-24 09:34:34', 4, 999)
pval: [0.19700001] -- 84th test, time elapsed 2.054806709289551 -- emperical power so far (from test_start): 0.10714285714285714
db insert success
tensor(0.4378)
tensor(0.4378)
(85, 3, 0, 0.5, 8000, 'projchi', 'bitflip', 54.28190231323242, 0.7680000066757202, 2.0924320220947266, '2024-07-24 09:34:52', 4, 999)
pval: [0.76800001] -- 85th test, time elapsed 2.0924320220947266 -- emperical power so far (from test_start): 0.10588235294117647
db insert success
tensor(0.4378)
tensor(0.4378)
(86, 3, 0, 0.5, 8000, 'projchi', 'bitflip', 80.9860610961914, 0.07100000232458115, 2.066415786743164, '2024-07-24 09:34:59', 4, 999)
pval: [0.071] -- 86th test, time elapsed 2.066415786743164 -- emperical power so far (from test_start): 0.10465116279069768
db insert success
tensor(0.4378)
tensor(0.4378)
(87, 3, 0, 0.5, 8000, 'projchi', 'bitflip', 70.57632446289062, 0.242000013589859, 2.1094818115234375, '2024-07-24 09:35:03', 4, 999)
pval: [0.24200001] -- 87th test, time elapsed 2.1094818115234375 -- emperical power so far (from test_start): 0.10344827586206896
db insert success
tensor(0.4378)
tensor(0.4378)
(88, 3, 0, 0.5, 8000, 'projchi', 'bitflip', 47.166622161865234, 0.9350000619888306, 2.117462396621704, '2024-07-24 09:35:09', 4, 999)
pval: [0.93500006] -- 88th test, time elapsed 2.117462396621704 -- emperical power so far (from test_start): 0.10227272727272728
db insert success
tensor(0.4378)
tensor(0.4378)
(89, 3, 0, 0.5, 8000, 'projchi', 'bitflip', 61.84638595581055, 0.5160000324249268, 2.0347607135772705, '2024-07-24 09:35:15', 4, 999)
pval: [0.51600003] -- 89th test, time elapsed 2.0347607135772705 -- emperical power so far (from test_start): 0.10112359550561797
db insert success
tensor(0.4378)
tensor(0.4378)
(90, 3, 0, 0.5, 8000, 'projchi', 'bitflip', 79.21086120605469, 0.08000000566244125, 2.0235707759857178, '2024-07-24 09:35:35', 4, 999)
pval: [0.08000001] -- 90th test, time elapsed 2.0235707759857178 -- emperical power so far (from test_start): 0.1
db insert success
tensor(0.4378)
tensor(0.4378)
(91, 3, 0, 0.5, 8000, 'projchi', 'bitflip', 63.36192321777344, 0.4520000219345093, 2.0452663898468018, '2024-07-24 09:35:43', 4, 999)
pval: [0.45200002] -- 91th test, time elapsed 2.0452663898468018 -- emperical power so far (from test_start): 0.0989010989010989
db insert success
tensor(0.4378)
tensor(0.4378)
(92, 3, 0, 0.5, 8000, 'projchi', 'bitflip', 85.73908233642578, 0.02800000086426735, 2.0226924419403076, '2024-07-24 09:35:56', 4, 999)
pval: [0.028] -- 92th test, time elapsed 2.0226924419403076 -- emperical power so far (from test_start): 0.10869565217391304
db insert success
tensor(0.4378)
tensor(0.4378)
(93, 3, 0, 0.5, 8000, 'projchi', 'bitflip', 66.53540802001953, 0.33100003004074097, 2.0326285362243652, '2024-07-24 09:36:03', 4, 999)
pval: [0.33100003] -- 93th test, time elapsed 2.0326285362243652 -- emperical power so far (from test_start): 0.10752688172043011
db insert success
tensor(0.4378)
tensor(0.4378)
(94, 3, 0, 0.5, 8000, 'projchi', 'bitflip', 56.30049514770508, 0.7050000429153442, 2.0166800022125244, '2024-07-24 09:36:20', 4, 999)
pval: [0.70500004] -- 94th test, time elapsed 2.0166800022125244 -- emperical power so far (from test_start): 0.10638297872340426
db insert success
tensor(0.4378)
tensor(0.4378)
(95, 3, 0, 0.5, 8000, 'projchi', 'bitflip', 45.588558197021484, 0.9410000443458557, 2.026742696762085, '2024-07-24 09:36:27', 4, 999)
pval: [0.94100004] -- 95th test, time elapsed 2.026742696762085 -- emperical power so far (from test_start): 0.10526315789473684
db insert success
tensor(0.4378)
tensor(0.4378)
(96, 3, 0, 0.5, 8000, 'projchi', 'bitflip', 63.84109878540039, 0.43300002813339233, 2.0437228679656982, '2024-07-24 09:36:32', 4, 999)
pval: [0.43300003] -- 96th test, time elapsed 2.0437228679656982 -- emperical power so far (from test_start): 0.10416666666666667
db insert success
tensor(0.4378)
tensor(0.4378)
(97, 3, 0, 0.5, 8000, 'projchi', 'bitflip', 78.92160034179688, 0.08700000494718552, 2.03678822517395, '2024-07-24 09:36:39', 4, 999)
pval: [0.087] -- 97th test, time elapsed 2.03678822517395 -- emperical power so far (from test_start): 0.10309278350515463
db insert success
tensor(0.4378)
tensor(0.4378)
(98, 3, 0, 0.5, 8000, 'projchi', 'bitflip', 69.70928955078125, 0.24800001084804535, 2.03251314163208, '2024-07-24 09:36:46', 4, 999)
pval: [0.24800001] -- 98th test, time elapsed 2.03251314163208 -- emperical power so far (from test_start): 0.10204081632653061
db insert success
tensor(0.4378)
tensor(0.4378)
(99, 3, 0, 0.5, 8000, 'projchi', 'bitflip', 76.42732238769531, 0.13900001347064972, 2.021294593811035, '2024-07-24 09:36:55', 4, 999)
pval: [0.13900001] -- 99th test, time elapsed 2.021294593811035 -- emperical power so far (from test_start): 0.10101010101010101
db insert success
tensor(0.4378)
tensor(0.4378)
(100, 3, 0, 0.5, 8000, 'projchi', 'bitflip', 67.72203826904297, 0.34200000762939453, 2.04883074760437, '2024-07-24 09:36:59', 4, 999)
pval: [0.34200001] -- 100th test, time elapsed 2.04883074760437 -- emperical power so far (from test_start): 0.1
db insert success
tensor(0.4378)
tensor(0.4378)
(101, 3, 0, 0.5, 8000, 'projchi', 'bitflip', 71.25277709960938, 0.2240000069141388, 2.040113925933838, '2024-07-24 09:37:03', 4, 999)
pval: [0.22400001] -- 101th test, time elapsed 2.040113925933838 -- emperical power so far (from test_start): 0.09900990099009901
db insert success
tensor(0.4378)
tensor(0.4378)
(102, 3, 0, 0.5, 8000, 'projchi', 'bitflip', 56.22196578979492, 0.734000027179718, 2.035876750946045, '2024-07-24 09:37:14', 4, 999)
pval: [0.73400003] -- 102th test, time elapsed 2.035876750946045 -- emperical power so far (from test_start): 0.09803921568627451
db insert success
tensor(0.4378)
tensor(0.4378)
(103, 3, 0, 0.5, 8000, 'projchi', 'bitflip', 75.69525146484375, 0.14600001275539398, 2.0482542514801025, '2024-07-24 09:37:19', 4, 999)
pval: [0.14600001] -- 103th test, time elapsed 2.0482542514801025 -- emperical power so far (from test_start): 0.0970873786407767
db insert success
tensor(0.4378)
tensor(0.4378)
(104, 3, 0, 0.5, 8000, 'projchi', 'bitflip', 63.24024200439453, 0.46700000762939453, 2.038658618927002, '2024-07-24 09:37:33', 4, 999)
pval: [0.46700001] -- 104th test, time elapsed 2.038658618927002 -- emperical power so far (from test_start): 0.09615384615384616
db insert success
tensor(0.4378)
tensor(0.4378)
(105, 3, 0, 0.5, 8000, 'projchi', 'bitflip', 51.78132247924805, 0.8680000305175781, 2.0358357429504395, '2024-07-24 09:37:42', 4, 999)
pval: [0.86800003] -- 105th test, time elapsed 2.0358357429504395 -- emperical power so far (from test_start): 0.09523809523809523
db insert success
tensor(0.4378)
tensor(0.4378)
(106, 3, 0, 0.5, 8000, 'projchi', 'bitflip', 66.36929321289062, 0.3630000054836273, 2.0650534629821777, '2024-07-24 09:37:49', 4, 999)
pval: [0.36300001] -- 106th test, time elapsed 2.0650534629821777 -- emperical power so far (from test_start): 0.09433962264150944
db insert success
tensor(0.4378)
tensor(0.4378)
(107, 3, 0, 0.5, 8000, 'projchi', 'bitflip', 63.089210510253906, 0.45000001788139343, 2.0331339836120605, '2024-07-24 09:38:04', 4, 999)
pval: [0.45000002] -- 107th test, time elapsed 2.0331339836120605 -- emperical power so far (from test_start): 0.09345794392523364
db insert success
tensor(0.4378)
tensor(0.4378)
(108, 3, 0, 0.5, 8000, 'projchi', 'bitflip', 74.26036071777344, 0.16900001466274261, 2.059973955154419, '2024-07-24 09:38:12', 4, 999)
pval: [0.16900001] -- 108th test, time elapsed 2.059973955154419 -- emperical power so far (from test_start): 0.09259259259259259
db insert success
tensor(0.4378)
tensor(0.4378)
(109, 3, 0, 0.5, 8000, 'projchi', 'bitflip', 57.930294036865234, 0.6650000214576721, 2.004044532775879, '2024-07-24 09:38:15', 4, 999)
pval: [0.66500002] -- 109th test, time elapsed 2.004044532775879 -- emperical power so far (from test_start): 0.09174311926605505
db insert success
tensor(0.4378)
tensor(0.4378)
(110, 3, 0, 0.5, 8000, 'projchi', 'bitflip', 74.50373077392578, 0.16500000655651093, 2.0622758865356445, '2024-07-24 09:38:29', 4, 999)
pval: [0.16500001] -- 110th test, time elapsed 2.0622758865356445 -- emperical power so far (from test_start): 0.09090909090909091
db insert success
tensor(0.4378)
tensor(0.4378)
(111, 3, 0, 0.5, 8000, 'projchi', 'bitflip', 64.421630859375, 0.43800002336502075, 2.0161712169647217, '2024-07-24 09:38:42', 4, 999)
pval: [0.43800002] -- 111th test, time elapsed 2.0161712169647217 -- emperical power so far (from test_start): 0.09009009009009009
db insert success
tensor(0.4378)
tensor(0.4378)
(112, 3, 0, 0.5, 8000, 'projchi', 'bitflip', 84.23202514648438, 0.0430000014603138, 2.0264203548431396, '2024-07-24 09:39:00', 4, 999)
pval: [0.043] -- 112th test, time elapsed 2.0264203548431396 -- emperical power so far (from test_start): 0.09821428571428571
db insert success
tensor(0.4378)
tensor(0.4378)
(113, 3, 0, 0.5, 8000, 'projchi', 'bitflip', 79.88518524169922, 0.07900000363588333, 2.0237526893615723, '2024-07-24 09:39:19', 4, 999)
pval: [0.079] -- 113th test, time elapsed 2.0237526893615723 -- emperical power so far (from test_start): 0.09734513274336283
db insert success
tensor(0.4378)
tensor(0.4378)
(114, 3, 0, 0.5, 8000, 'projchi', 'bitflip', 76.15279388427734, 0.11500000208616257, 2.0177478790283203, '2024-07-24 09:39:34', 4, 999)
pval: [0.115] -- 114th test, time elapsed 2.0177478790283203 -- emperical power so far (from test_start): 0.09649122807017543
db insert success
tensor(0.4378)
tensor(0.4378)
(115, 3, 0, 0.5, 8000, 'projchi', 'bitflip', 63.79513168334961, 0.4520000219345093, 2.0188138484954834, '2024-07-24 09:39:50', 4, 999)
pval: [0.45200002] -- 115th test, time elapsed 2.0188138484954834 -- emperical power so far (from test_start): 0.09565217391304348
db insert success
tensor(0.4378)
tensor(0.4378)
(116, 3, 0, 0.5, 8000, 'projchi', 'bitflip', 61.581207275390625, 0.531000018119812, 2.0138795375823975, '2024-07-24 09:40:02', 4, 999)
pval: [0.53100002] -- 116th test, time elapsed 2.0138795375823975 -- emperical power so far (from test_start): 0.09482758620689655
db insert success
tensor(0.4378)
tensor(0.4378)
(117, 3, 0, 0.5, 8000, 'projchi', 'bitflip', 54.19887924194336, 0.815000057220459, 2.035870313644409, '2024-07-24 09:40:20', 4, 999)
pval: [0.81500006] -- 117th test, time elapsed 2.035870313644409 -- emperical power so far (from test_start): 0.09401709401709402
db insert success
tensor(0.4378)
tensor(0.4378)
(118, 3, 0, 0.5, 8000, 'projchi', 'bitflip', 61.28931427001953, 0.5420000553131104, 2.0318679809570312, '2024-07-24 09:40:26', 4, 999)
pval: [0.54200006] -- 118th test, time elapsed 2.0318679809570312 -- emperical power so far (from test_start): 0.09322033898305085
db insert success
tensor(0.4378)
tensor(0.4378)
(119, 3, 0, 0.5, 8000, 'projchi', 'bitflip', 66.40519714355469, 0.35500001907348633, 2.0777041912078857, '2024-07-24 09:40:36', 4, 999)
pval: [0.35500002] -- 119th test, time elapsed 2.0777041912078857 -- emperical power so far (from test_start): 0.09243697478991597
db insert success
tensor(0.4378)
tensor(0.4378)
(120, 3, 0, 0.5, 8000, 'projchi', 'bitflip', 65.92488098144531, 0.38600000739097595, 2.052448272705078, '2024-07-24 09:40:44', 4, 999)
pval: [0.38600001] -- 120th test, time elapsed 2.052448272705078 -- emperical power so far (from test_start): 0.09166666666666666
db insert success
tensor(0.4378)
tensor(0.4378)
(121, 3, 0, 0.5, 8000, 'projchi', 'bitflip', 59.712005615234375, 0.6030000448226929, 2.0656816959381104, '2024-07-24 09:40:50', 4, 999)
pval: [0.60300004] -- 121th test, time elapsed 2.0656816959381104 -- emperical power so far (from test_start): 0.09090909090909091
db insert success
tensor(0.4378)
tensor(0.4378)
(122, 3, 0, 0.5, 8000, 'projchi', 'bitflip', 85.80552673339844, 0.02500000037252903, 2.0718274116516113, '2024-07-24 09:41:08', 4, 999)
pval: [0.025] -- 122th test, time elapsed 2.0718274116516113 -- emperical power so far (from test_start): 0.09836065573770492
db insert success
tensor(0.4378)
tensor(0.4378)
(123, 3, 0, 0.5, 8000, 'projchi', 'bitflip', 63.98237991333008, 0.43300002813339233, 2.025794267654419, '2024-07-24 09:41:21', 4, 999)
pval: [0.43300003] -- 123th test, time elapsed 2.025794267654419 -- emperical power so far (from test_start): 0.0975609756097561
db insert success
tensor(0.4378)
tensor(0.4378)
(124, 3, 0, 0.5, 8000, 'projchi', 'bitflip', 75.63256072998047, 0.1420000046491623, 2.016252279281616, '2024-07-24 09:41:43', 4, 999)
pval: [0.142] -- 124th test, time elapsed 2.016252279281616 -- emperical power so far (from test_start): 0.0967741935483871
db insert success
tensor(0.4378)
tensor(0.4378)
(125, 3, 0, 0.5, 8000, 'projchi', 'bitflip', 76.28923034667969, 0.11300000548362732, 2.0188183784484863, '2024-07-24 09:41:56', 4, 999)
pval: [0.11300001] -- 125th test, time elapsed 2.0188183784484863 -- emperical power so far (from test_start): 0.096
db insert success
tensor(0.4378)
tensor(0.4378)
(126, 3, 0, 0.5, 8000, 'projchi', 'bitflip', 45.83775329589844, 0.9540000557899475, 2.0347747802734375, '2024-07-24 09:42:17', 4, 999)
pval: [0.95400006] -- 126th test, time elapsed 2.0347747802734375 -- emperical power so far (from test_start): 0.09523809523809523
db insert success
tensor(0.4378)
tensor(0.4378)
(127, 3, 0, 0.5, 8000, 'projchi', 'bitflip', 69.92271423339844, 0.25200000405311584, 2.0240683555603027, '2024-07-24 09:42:33', 4, 999)
pval: [0.252] -- 127th test, time elapsed 2.0240683555603027 -- emperical power so far (from test_start): 0.09448818897637795
db insert success
tensor(0.4378)
tensor(0.4378)
(128, 3, 0, 0.5, 8000, 'projchi', 'bitflip', 87.60487365722656, 0.02200000174343586, 2.017425060272217, '2024-07-24 09:42:41', 4, 999)
pval: [0.022] -- 128th test, time elapsed 2.017425060272217 -- emperical power so far (from test_start): 0.1015625
db insert success
tensor(0.4378)
tensor(0.4378)
(129, 3, 0, 0.5, 8000, 'projchi', 'bitflip', 99.81257629394531, 0.0020000000949949026, 2.0181033611297607, '2024-07-24 09:42:45', 4, 999)
pval: [0.002] -- 129th test, time elapsed 2.0181033611297607 -- emperical power so far (from test_start): 0.10852713178294573
db insert success
tensor(0.4378)
tensor(0.4378)
(130, 3, 0, 0.5, 8000, 'projchi', 'bitflip', 60.75819396972656, 0.534000039100647, 2.0265309810638428, '2024-07-24 09:42:50', 4, 999)
pval: [0.53400004] -- 130th test, time elapsed 2.0265309810638428 -- emperical power so far (from test_start): 0.1076923076923077
db insert success
tensor(0.4378)
tensor(0.4378)
(131, 3, 0, 0.5, 8000, 'projchi', 'bitflip', 73.29948425292969, 0.17800000309944153, 2.0394809246063232, '2024-07-24 09:43:05', 4, 999)
pval: [0.178] -- 131th test, time elapsed 2.0394809246063232 -- emperical power so far (from test_start): 0.10687022900763359
db insert success
tensor(0.4378)
tensor(0.4378)
(132, 3, 0, 0.5, 8000, 'projchi', 'bitflip', 62.04258346557617, 0.49400001764297485, 2.0411360263824463, '2024-07-24 09:43:25', 4, 999)
pval: [0.49400002] -- 132th test, time elapsed 2.0411360263824463 -- emperical power so far (from test_start): 0.10606060606060606
db insert success
tensor(0.4378)
tensor(0.4378)
(133, 3, 0, 0.5, 8000, 'projchi', 'bitflip', 53.07061004638672, 0.7990000247955322, 2.080310821533203, '2024-07-24 09:43:35', 4, 999)
pval: [0.79900002] -- 133th test, time elapsed 2.080310821533203 -- emperical power so far (from test_start): 0.10526315789473684
db insert success
tensor(0.4378)
tensor(0.4378)
(134, 3, 0, 0.5, 8000, 'projchi', 'bitflip', 66.60392761230469, 0.34800001978874207, 2.101846218109131, '2024-07-24 09:43:49', 4, 999)
pval: [0.34800002] -- 134th test, time elapsed 2.101846218109131 -- emperical power so far (from test_start): 0.1044776119402985
db insert success
tensor(0.4378)
tensor(0.4378)
(135, 3, 0, 0.5, 8000, 'projchi', 'bitflip', 64.87161254882812, 0.4100000262260437, 2.02644681930542, '2024-07-24 09:44:08', 4, 999)
pval: [0.41000003] -- 135th test, time elapsed 2.02644681930542 -- emperical power so far (from test_start): 0.1037037037037037
db insert success
tensor(0.4378)
tensor(0.4378)
(136, 3, 0, 0.5, 8000, 'projchi', 'bitflip', 76.6202163696289, 0.11100000888109207, 2.059540033340454, '2024-07-24 09:44:27', 4, 999)
pval: [0.11100001] -- 136th test, time elapsed 2.059540033340454 -- emperical power so far (from test_start): 0.10294117647058823
db insert success
tensor(0.4378)
tensor(0.4378)
(137, 3, 0, 0.5, 8000, 'projchi', 'bitflip', 57.569156646728516, 0.6760000586509705, 2.0248122215270996, '2024-07-24 09:44:46', 4, 999)
pval: [0.67600006] -- 137th test, time elapsed 2.0248122215270996 -- emperical power so far (from test_start): 0.10218978102189781
db insert success
tensor(0.4378)
tensor(0.4378)
(138, 3, 0, 0.5, 8000, 'projchi', 'bitflip', 82.5937271118164, 0.058000002056360245, 2.0247673988342285, '2024-07-24 09:45:06', 4, 999)
pval: [0.058] -- 138th test, time elapsed 2.0247673988342285 -- emperical power so far (from test_start): 0.10144927536231885
db insert success
tensor(0.4378)
tensor(0.4378)
(139, 3, 0, 0.5, 8000, 'projchi', 'bitflip', 87.81847381591797, 0.02200000174343586, 2.0104587078094482, '2024-07-24 09:45:22', 4, 999)
pval: [0.022] -- 139th test, time elapsed 2.0104587078094482 -- emperical power so far (from test_start): 0.1079136690647482
db insert success
tensor(0.4378)
tensor(0.4378)
(140, 3, 0, 0.5, 8000, 'projchi', 'bitflip', 79.31840515136719, 0.07100000232458115, 2.010713815689087, '2024-07-24 09:45:39', 4, 999)
pval: [0.071] -- 140th test, time elapsed 2.010713815689087 -- emperical power so far (from test_start): 0.10714285714285714
db insert success
tensor(0.4378)
tensor(0.4378)
(141, 3, 0, 0.5, 8000, 'projchi', 'bitflip', 73.05158233642578, 0.17100000381469727, 2.018090009689331, '2024-07-24 09:45:52', 4, 999)
pval: [0.171] -- 141th test, time elapsed 2.018090009689331 -- emperical power so far (from test_start): 0.10638297872340426
db insert success
tensor(0.4378)
tensor(0.4378)
(142, 3, 0, 0.5, 8000, 'projchi', 'bitflip', 75.51824188232422, 0.12400000542402267, 2.0501232147216797, '2024-07-24 09:45:58', 4, 999)
pval: [0.12400001] -- 142th test, time elapsed 2.0501232147216797 -- emperical power so far (from test_start): 0.1056338028169014
db insert success
tensor(0.4378)
tensor(0.4378)
(143, 3, 0, 0.5, 8000, 'projchi', 'bitflip', 71.33475494384766, 0.2330000102519989, 2.0220770835876465, '2024-07-24 09:46:12', 4, 999)
pval: [0.23300001] -- 143th test, time elapsed 2.0220770835876465 -- emperical power so far (from test_start): 0.1048951048951049
db insert success
tensor(0.4378)
tensor(0.4378)
(144, 3, 0, 0.5, 8000, 'projchi', 'bitflip', 74.3604965209961, 0.1510000079870224, 2.0198535919189453, '2024-07-24 09:46:22', 4, 999)
pval: [0.15100001] -- 144th test, time elapsed 2.0198535919189453 -- emperical power so far (from test_start): 0.10416666666666667
db insert success
tensor(0.4378)
tensor(0.4378)
(145, 3, 0, 0.5, 8000, 'projchi', 'bitflip', 48.06285858154297, 0.9080000519752502, 2.0411322116851807, '2024-07-24 09:46:30', 4, 999)
pval: [0.90800005] -- 145th test, time elapsed 2.0411322116851807 -- emperical power so far (from test_start): 0.10344827586206896
db insert success
tensor(0.4378)
tensor(0.4378)
(146, 3, 0, 0.5, 8000, 'projchi', 'bitflip', 82.66529083251953, 0.04000000283122063, 2.0457699298858643, '2024-07-24 09:46:50', 4, 999)
pval: [0.04] -- 146th test, time elapsed 2.0457699298858643 -- emperical power so far (from test_start): 0.1095890410958904
db insert success
tensor(0.4378)
tensor(0.4378)
(147, 3, 0, 0.5, 8000, 'projchi', 'bitflip', 66.36079406738281, 0.359000027179718, 2.0269534587860107, '2024-07-24 09:47:01', 4, 999)
pval: [0.35900003] -- 147th test, time elapsed 2.0269534587860107 -- emperical power so far (from test_start): 0.10884353741496598
db insert success
tensor(0.4378)
tensor(0.4378)
(148, 3, 0, 0.5, 8000, 'projchi', 'bitflip', 61.38004684448242, 0.5460000038146973, 2.0362935066223145, '2024-07-24 09:47:04', 4, 999)
pval: [0.546] -- 148th test, time elapsed 2.0362935066223145 -- emperical power so far (from test_start): 0.10810810810810811
db insert success
tensor(0.4378)
tensor(0.4378)
(149, 3, 0, 0.5, 8000, 'projchi', 'bitflip', 54.671417236328125, 0.7660000324249268, 2.020334243774414, '2024-07-24 09:47:08', 4, 999)
pval: [0.76600003] -- 149th test, time elapsed 2.020334243774414 -- emperical power so far (from test_start): 0.10738255033557047
db insert success
tensor(0.4378)
tensor(0.4378)
(150, 3, 0, 0.5, 8000, 'projchi', 'bitflip', 75.11414337158203, 0.12800000607967377, 2.0270285606384277, '2024-07-24 09:47:18', 4, 999)
pval: [0.12800001] -- 150th test, time elapsed 2.0270285606384277 -- emperical power so far (from test_start): 0.10666666666666667
db insert success
tensor(0.4378)
tensor(0.4378)
(151, 3, 0, 0.5, 8000, 'projchi', 'bitflip', 62.947330474853516, 0.4830000102519989, 2.0229439735412598, '2024-07-24 09:47:26', 4, 999)
pval: [0.48300001] -- 151th test, time elapsed 2.0229439735412598 -- emperical power so far (from test_start): 0.10596026490066225
db insert success
tensor(0.4378)
tensor(0.4378)
(152, 3, 0, 0.5, 8000, 'projchi', 'bitflip', 51.29001998901367, 0.8610000610351562, 2.0236945152282715, '2024-07-24 09:47:31', 4, 999)
pval: [0.86100006] -- 152th test, time elapsed 2.0236945152282715 -- emperical power so far (from test_start): 0.10526315789473684
db insert success
tensor(0.4378)
tensor(0.4378)
(153, 3, 0, 0.5, 8000, 'projchi', 'bitflip', 90.8837890625, 0.010000000707805157, 2.0382239818573, '2024-07-24 09:47:42', 4, 999)
pval: [0.01] -- 153th test, time elapsed 2.0382239818573 -- emperical power so far (from test_start): 0.1111111111111111
db insert success
tensor(0.4378)
tensor(0.4378)
(154, 3, 0, 0.5, 8000, 'projchi', 'bitflip', 91.76262664794922, 0.00800000037997961, 2.014056444168091, '2024-07-24 09:47:45', 4, 999)
pval: [0.008] -- 154th test, time elapsed 2.014056444168091 -- emperical power so far (from test_start): 0.11688311688311688
db insert success
tensor(0.4378)
tensor(0.4378)
(155, 3, 0, 0.5, 8000, 'projchi', 'bitflip', 62.826019287109375, 0.4970000088214874, 2.020197868347168, '2024-07-24 09:47:57', 4, 999)
pval: [0.49700001] -- 155th test, time elapsed 2.020197868347168 -- emperical power so far (from test_start): 0.11612903225806452
db insert success
tensor(0.4378)
tensor(0.4378)
(156, 3, 0, 0.5, 8000, 'projchi', 'bitflip', 48.82375717163086, 0.8910000324249268, 2.053006410598755, '2024-07-24 09:48:11', 4, 999)
pval: [0.89100003] -- 156th test, time elapsed 2.053006410598755 -- emperical power so far (from test_start): 0.11538461538461539
db insert success
tensor(0.4378)
tensor(0.4378)
(157, 3, 0, 0.5, 8000, 'projchi', 'bitflip', 62.62295150756836, 0.47600001096725464, 2.011672019958496, '2024-07-24 09:48:25', 4, 999)
pval: [0.47600001] -- 157th test, time elapsed 2.011672019958496 -- emperical power so far (from test_start): 0.11464968152866242
db insert success
tensor(0.4378)
tensor(0.4378)
(158, 3, 0, 0.5, 8000, 'projchi', 'bitflip', 50.38203430175781, 0.8810000419616699, 2.0120389461517334, '2024-07-24 09:48:30', 4, 999)
pval: [0.88100004] -- 158th test, time elapsed 2.0120389461517334 -- emperical power so far (from test_start): 0.11392405063291139
db insert success
tensor(0.4378)
tensor(0.4378)
(159, 3, 0, 0.5, 8000, 'projchi', 'bitflip', 55.410919189453125, 0.76500004529953, 2.026582717895508, '2024-07-24 09:48:45', 4, 999)
pval: [0.76500005] -- 159th test, time elapsed 2.026582717895508 -- emperical power so far (from test_start): 0.11320754716981132
db insert success
tensor(0.4378)
tensor(0.4378)
(160, 3, 0, 0.5, 8000, 'projchi', 'bitflip', 84.85523223876953, 0.03500000014901161, 2.023531913757324, '2024-07-24 09:48:57', 4, 999)
pval: [0.035] -- 160th test, time elapsed 2.023531913757324 -- emperical power so far (from test_start): 0.11875
db insert success
tensor(0.4378)
tensor(0.4378)
(161, 3, 0, 0.5, 8000, 'projchi', 'bitflip', 76.68584442138672, 0.12000000476837158, 2.0474865436553955, '2024-07-24 09:49:15', 4, 999)
pval: [0.12] -- 161th test, time elapsed 2.0474865436553955 -- emperical power so far (from test_start): 0.11801242236024845
db insert success
tensor(0.4378)
tensor(0.4378)
(162, 3, 0, 0.5, 8000, 'projchi', 'bitflip', 58.900840759277344, 0.6300000548362732, 2.042153835296631, '2024-07-24 09:49:33', 4, 999)
pval: [0.63000005] -- 162th test, time elapsed 2.042153835296631 -- emperical power so far (from test_start): 0.11728395061728394
db insert success
tensor(0.4378)
tensor(0.4378)
(163, 3, 0, 0.5, 8000, 'projchi', 'bitflip', 66.55716705322266, 0.3450000286102295, 2.0621109008789062, '2024-07-24 09:49:44', 4, 999)
pval: [0.34500003] -- 163th test, time elapsed 2.0621109008789062 -- emperical power so far (from test_start): 0.1165644171779141
db insert success
tensor(0.4378)
tensor(0.4378)
(164, 3, 0, 0.5, 8000, 'projchi', 'bitflip', 53.2942008972168, 0.7980000376701355, 2.033477306365967, '2024-07-24 09:49:55', 4, 999)
pval: [0.79800004] -- 164th test, time elapsed 2.033477306365967 -- emperical power so far (from test_start): 0.11585365853658537
db insert success
tensor(0.4378)
tensor(0.4378)
(165, 3, 0, 0.5, 8000, 'projchi', 'bitflip', 59.849674224853516, 0.5990000367164612, 2.0028905868530273, '2024-07-24 09:50:06', 4, 999)
pval: [0.59900004] -- 165th test, time elapsed 2.0028905868530273 -- emperical power so far (from test_start): 0.11515151515151516
db insert success
tensor(0.4378)
tensor(0.4378)
(166, 3, 0, 0.5, 8000, 'projchi', 'bitflip', 48.412193298339844, 0.9200000166893005, 2.013686180114746, '2024-07-24 09:50:27', 4, 999)
pval: [0.92000002] -- 166th test, time elapsed 2.013686180114746 -- emperical power so far (from test_start): 0.1144578313253012
db insert success
tensor(0.4378)
tensor(0.4378)
(167, 3, 0, 0.5, 8000, 'projchi', 'bitflip', 67.02400970458984, 0.34200000762939453, 2.053683042526245, '2024-07-24 09:50:39', 4, 999)
pval: [0.34200001] -- 167th test, time elapsed 2.053683042526245 -- emperical power so far (from test_start): 0.11377245508982035
db insert success
tensor(0.4378)
tensor(0.4378)
(168, 3, 0, 0.5, 8000, 'projchi', 'bitflip', 69.00196075439453, 0.29500001668930054, 2.0510151386260986, '2024-07-24 09:50:54', 4, 999)
pval: [0.29500002] -- 168th test, time elapsed 2.0510151386260986 -- emperical power so far (from test_start): 0.1130952380952381
db insert success
tensor(0.4378)
tensor(0.4378)
(169, 3, 0, 0.5, 8000, 'projchi', 'bitflip', 92.56756591796875, 0.018000001087784767, 2.045227289199829, '2024-07-24 09:51:04', 4, 999)
pval: [0.018] -- 169th test, time elapsed 2.045227289199829 -- emperical power so far (from test_start): 0.11834319526627218
db insert success
tensor(0.4378)
tensor(0.4378)
(170, 3, 0, 0.5, 8000, 'projchi', 'bitflip', 56.09185028076172, 0.7420000433921814, 2.010739326477051, '2024-07-24 09:51:15', 4, 999)
pval: [0.74200004] -- 170th test, time elapsed 2.010739326477051 -- emperical power so far (from test_start): 0.11764705882352941
db insert success
tensor(0.4378)
tensor(0.4378)
(171, 3, 0, 0.5, 8000, 'projchi', 'bitflip', 59.3632698059082, 0.6060000061988831, 2.015904188156128, '2024-07-24 09:51:29', 4, 999)
pval: [0.60600001] -- 171th test, time elapsed 2.015904188156128 -- emperical power so far (from test_start): 0.11695906432748537
db insert success
tensor(0.4378)
tensor(0.4378)
(172, 3, 0, 0.5, 8000, 'projchi', 'bitflip', 95.29998016357422, 0.006000000052154064, 2.014122247695923, '2024-07-24 09:51:35', 4, 999)
pval: [0.006] -- 172th test, time elapsed 2.014122247695923 -- emperical power so far (from test_start): 0.12209302325581395
db insert success
tensor(0.4378)
tensor(0.4378)
(173, 3, 0, 0.5, 8000, 'projchi', 'bitflip', 72.31934356689453, 0.1980000138282776, 2.029332160949707, '2024-07-24 09:51:49', 4, 999)
pval: [0.19800001] -- 173th test, time elapsed 2.029332160949707 -- emperical power so far (from test_start): 0.12138728323699421
db insert success
tensor(0.4378)
tensor(0.4378)
(174, 3, 0, 0.5, 8000, 'projchi', 'bitflip', 83.27986907958984, 0.04700000211596489, 2.0169005393981934, '2024-07-24 09:51:53', 4, 999)
pval: [0.047] -- 174th test, time elapsed 2.0169005393981934 -- emperical power so far (from test_start): 0.12643678160919541
db insert success
tensor(0.4378)
tensor(0.4378)
(175, 3, 0, 0.5, 8000, 'projchi', 'bitflip', 71.4602279663086, 0.22500000894069672, 2.0669429302215576, '2024-07-24 09:52:06', 4, 999)
pval: [0.22500001] -- 175th test, time elapsed 2.0669429302215576 -- emperical power so far (from test_start): 0.12571428571428572
db insert success
tensor(0.4378)
tensor(0.4378)
(176, 3, 0, 0.5, 8000, 'projchi', 'bitflip', 78.07483673095703, 0.11000000685453415, 2.0482513904571533, '2024-07-24 09:52:10', 4, 999)
pval: [0.11000001] -- 176th test, time elapsed 2.0482513904571533 -- emperical power so far (from test_start): 0.125
db insert success
tensor(0.4378)
tensor(0.4378)
(177, 3, 0, 0.5, 8000, 'projchi', 'bitflip', 90.2076187133789, 0.013000000268220901, 2.0906360149383545, '2024-07-24 09:52:24', 4, 999)
pval: [0.013] -- 177th test, time elapsed 2.0906360149383545 -- emperical power so far (from test_start): 0.12994350282485875
db insert success
tensor(0.4378)
tensor(0.4378)
(178, 3, 0, 0.5, 8000, 'projchi', 'bitflip', 63.42137908935547, 0.45600003004074097, 2.0396969318389893, '2024-07-24 09:52:45', 4, 999)
pval: [0.45600003] -- 178th test, time elapsed 2.0396969318389893 -- emperical power so far (from test_start): 0.12921348314606743
db insert success
tensor(0.4378)
tensor(0.4378)
(179, 3, 0, 0.5, 8000, 'projchi', 'bitflip', 97.38763427734375, 0.003000000026077032, 2.07848858833313, '2024-07-24 09:52:54', 4, 999)
pval: [0.003] -- 179th test, time elapsed 2.07848858833313 -- emperical power so far (from test_start): 0.1340782122905028
db insert success
tensor(0.4378)
tensor(0.4378)
(180, 3, 0, 0.5, 8000, 'projchi', 'bitflip', 62.73420333862305, 0.49800002574920654, 2.0390102863311768, '2024-07-24 09:53:07', 4, 999)
pval: [0.49800003] -- 180th test, time elapsed 2.0390102863311768 -- emperical power so far (from test_start): 0.13333333333333333
db insert success
tensor(0.4378)
tensor(0.4378)
(181, 3, 0, 0.5, 8000, 'projchi', 'bitflip', 84.15048217773438, 0.039000000804662704, 2.003891706466675, '2024-07-24 09:53:27', 4, 999)
pval: [0.039] -- 181th test, time elapsed 2.003891706466675 -- emperical power so far (from test_start): 0.13812154696132597
db insert success
tensor(0.4378)
tensor(0.4378)
(182, 3, 0, 0.5, 8000, 'projchi', 'bitflip', 94.660400390625, 0.010000000707805157, 2.0121684074401855, '2024-07-24 09:53:30', 4, 999)
pval: [0.01] -- 182th test, time elapsed 2.0121684074401855 -- emperical power so far (from test_start): 0.14285714285714285
db insert success
tensor(0.4378)
tensor(0.4378)
(183, 3, 0, 0.5, 8000, 'projchi', 'bitflip', 79.06947326660156, 0.0860000029206276, 2.026097059249878, '2024-07-24 09:53:45', 4, 999)
pval: [0.086] -- 183th test, time elapsed 2.026097059249878 -- emperical power so far (from test_start): 0.14207650273224043
db insert success
tensor(0.4378)
tensor(0.4378)
(184, 3, 0, 0.5, 8000, 'projchi', 'bitflip', 56.53020477294922, 0.7200000286102295, 2.038074493408203, '2024-07-24 09:54:01', 4, 999)
pval: [0.72000003] -- 184th test, time elapsed 2.038074493408203 -- emperical power so far (from test_start): 0.14130434782608695
db insert success
tensor(0.4378)
tensor(0.4378)
(185, 3, 0, 0.5, 8000, 'projchi', 'bitflip', 66.04988098144531, 0.3930000066757202, 2.0346693992614746, '2024-07-24 09:54:10', 4, 999)
pval: [0.39300001] -- 185th test, time elapsed 2.0346693992614746 -- emperical power so far (from test_start): 0.14054054054054055
db insert success
tensor(0.4378)
tensor(0.4378)
(186, 3, 0, 0.5, 8000, 'projchi', 'bitflip', 60.740333557128906, 0.5350000262260437, 2.0090720653533936, '2024-07-24 09:54:20', 4, 999)
pval: [0.53500003] -- 186th test, time elapsed 2.0090720653533936 -- emperical power so far (from test_start): 0.13978494623655913
db insert success
tensor(0.4378)
tensor(0.4378)
(187, 3, 0, 0.5, 8000, 'projchi', 'bitflip', 65.11846160888672, 0.406000018119812, 2.0048844814300537, '2024-07-24 09:54:24', 4, 999)
pval: [0.40600002] -- 187th test, time elapsed 2.0048844814300537 -- emperical power so far (from test_start): 0.13903743315508021
db insert success
tensor(0.4378)
tensor(0.4378)
(188, 3, 0, 0.5, 8000, 'projchi', 'bitflip', 73.07124328613281, 0.18200001120567322, 2.0082814693450928, '2024-07-24 09:54:41', 4, 999)
pval: [0.18200001] -- 188th test, time elapsed 2.0082814693450928 -- emperical power so far (from test_start): 0.13829787234042554
db insert success
tensor(0.4378)
tensor(0.4378)
(189, 3, 0, 0.5, 8000, 'projchi', 'bitflip', 58.13307189941406, 0.6530000567436218, 2.0316436290740967, '2024-07-24 09:54:59', 4, 999)
pval: [0.65300006] -- 189th test, time elapsed 2.0316436290740967 -- emperical power so far (from test_start): 0.13756613756613756
db insert success
tensor(0.4378)
tensor(0.4378)
(190, 3, 0, 0.5, 8000, 'projchi', 'bitflip', 64.78820037841797, 0.3930000066757202, 2.075451374053955, '2024-07-24 09:55:18', 4, 999)
pval: [0.39300001] -- 190th test, time elapsed 2.075451374053955 -- emperical power so far (from test_start): 0.1368421052631579
db insert success
tensor(0.4378)
tensor(0.4378)
(191, 3, 0, 0.5, 8000, 'projchi', 'bitflip', 68.43262481689453, 0.2990000247955322, 2.03786039352417, '2024-07-24 09:55:31', 4, 999)
pval: [0.29900002] -- 191th test, time elapsed 2.03786039352417 -- emperical power so far (from test_start): 0.13612565445026178
db insert success
tensor(0.4378)
tensor(0.4378)
(192, 3, 0, 0.5, 8000, 'projchi', 'bitflip', 62.39558410644531, 0.5040000081062317, 2.0308127403259277, '2024-07-24 09:55:53', 4, 999)
pval: [0.50400001] -- 192th test, time elapsed 2.0308127403259277 -- emperical power so far (from test_start): 0.13541666666666666
db insert success
tensor(0.4378)
tensor(0.4378)
(193, 3, 0, 0.5, 8000, 'projchi', 'bitflip', 69.33287811279297, 0.2720000147819519, 2.0899782180786133, '2024-07-24 09:56:08', 4, 999)
pval: [0.27200001] -- 193th test, time elapsed 2.0899782180786133 -- emperical power so far (from test_start): 0.13471502590673576
db insert success
tensor(0.4378)
tensor(0.4378)
(194, 3, 0, 0.5, 8000, 'projchi', 'bitflip', 79.58564758300781, 0.08400000631809235, 2.0936717987060547, '2024-07-24 09:56:13', 4, 999)
pval: [0.08400001] -- 194th test, time elapsed 2.0936717987060547 -- emperical power so far (from test_start): 0.13402061855670103
db insert success
tensor(0.4378)
tensor(0.4378)
(195, 3, 0, 0.5, 8000, 'projchi', 'bitflip', 70.65056610107422, 0.2290000170469284, 2.0997416973114014, '2024-07-24 09:56:24', 4, 999)
pval: [0.22900002] -- 195th test, time elapsed 2.0997416973114014 -- emperical power so far (from test_start): 0.13333333333333333
db insert success
tensor(0.4378)
tensor(0.4378)
(196, 3, 0, 0.5, 8000, 'projchi', 'bitflip', 69.28262329101562, 0.28700000047683716, 2.107055187225342, '2024-07-24 09:56:32', 4, 999)
pval: [0.287] -- 196th test, time elapsed 2.107055187225342 -- emperical power so far (from test_start): 0.1326530612244898
db insert success
tensor(0.4378)
tensor(0.4378)
(197, 3, 0, 0.5, 8000, 'projchi', 'bitflip', 53.98172378540039, 0.8010000586509705, 2.098761558532715, '2024-07-24 09:56:36', 4, 999)
pval: [0.80100006] -- 197th test, time elapsed 2.098761558532715 -- emperical power so far (from test_start): 0.1319796954314721
db insert success
tensor(0.4378)
tensor(0.4378)
(198, 3, 0, 0.5, 8000, 'projchi', 'bitflip', 61.20583724975586, 0.5390000343322754, 2.107158899307251, '2024-07-24 09:56:43', 4, 999)
pval: [0.53900003] -- 198th test, time elapsed 2.107158899307251 -- emperical power so far (from test_start): 0.13131313131313133
db insert success
tensor(0.4378)
tensor(0.4378)
(199, 3, 0, 0.5, 8000, 'projchi', 'bitflip', 63.669921875, 0.4350000321865082, 2.094883918762207, '2024-07-24 09:57:01', 4, 999)
pval: [0.43500003] -- 199th test, time elapsed 2.094883918762207 -- emperical power so far (from test_start): 0.1306532663316583
db insert success
tensor(0.4378)
tensor(0.4378)
(200, 3, 0, 0.5, 8000, 'projchi', 'bitflip', 77.5141830444336, 0.11000000685453415, 2.0871047973632812, '2024-07-24 09:57:23', 4, 999)
pval: [0.11000001] -- 200th test, time elapsed 2.0871047973632812 -- emperical power so far (from test_start): 0.13
db insert success
2435.553606748581
