8
disclapuelltwo, alpha=1, sample size=28800
#########################################
(1, 3, 0, 1, 28800, 'elltwo', 'disclapu', 2.0629080533933783, 0.0010000000474974513, 104.59793877601624, '2024-08-02 12:50:51', 4, 999)
pval: [0.001] -- 1th test, time elapsed 104.59793877601624 -- emperical power so far (from test_start): 1.0
db insert success
(2, 3, 0, 1, 28800, 'elltwo', 'disclapu', 1.4291519990519967, 0.0020000000949949026, 105.26022434234619, '2024-08-02 12:52:48', 4, 999)
pval: [0.002] -- 2th test, time elapsed 105.26022434234619 -- emperical power so far (from test_start): 1.0
db insert success
(3, 3, 0, 1, 28800, 'elltwo', 'disclapu', 1.450599140908721, 0.0010000000474974513, 68.01226687431335, '2024-08-02 12:54:43', 4, 999)
pval: [0.001] -- 3th test, time elapsed 68.01226687431335 -- emperical power so far (from test_start): 1.0
db insert success
(4, 3, 0, 1, 28800, 'elltwo', 'disclapu', 0.6044132946513461, 0.0729999989271164, 8.341440200805664, '2024-08-02 12:55:57', 4, 999)
pval: [0.073] -- 4th test, time elapsed 8.341440200805664 -- emperical power so far (from test_start): 0.75
db insert success
(5, 3, 0, 1, 28800, 'elltwo', 'disclapu', 2.4348483731800337, 0.0010000000474974513, 8.363773345947266, '2024-08-02 12:56:16', 4, 999)
pval: [0.001] -- 5th test, time elapsed 8.363773345947266 -- emperical power so far (from test_start): 0.8
db insert success
(6, 3, 0, 1, 28800, 'elltwo', 'disclapu', 1.3743325604123684, 0.0010000000474974513, 8.45760202407837, '2024-08-02 12:56:37', 4, 999)
pval: [0.001] -- 6th test, time elapsed 8.45760202407837 -- emperical power so far (from test_start): 0.8333333333333334
db insert success
(7, 3, 0, 1, 28800, 'elltwo', 'disclapu', 1.4793435770391201, 0.0020000000949949026, 8.354110956192017, '2024-08-02 12:57:00', 4, 999)
pval: [0.002] -- 7th test, time elapsed 8.354110956192017 -- emperical power so far (from test_start): 0.8571428571428571
db insert success
(8, 3, 0, 1, 28800, 'elltwo', 'disclapu', 1.1465858680162246, 0.00800000037997961, 8.469386100769043, '2024-08-02 12:57:14', 4, 999)
pval: [0.008] -- 8th test, time elapsed 8.469386100769043 -- emperical power so far (from test_start): 0.875
db insert success
(9, 3, 0, 1, 28800, 'elltwo', 'disclapu', 0.9733751481563959, 0.01899999938905239, 8.507559537887573, '2024-08-02 12:57:34', 4, 999)
pval: [0.019] -- 9th test, time elapsed 8.507559537887573 -- emperical power so far (from test_start): 0.8888888888888888
db insert success
(10, 3, 0, 1, 28800, 'elltwo', 'disclapu', 2.0195229822860994, 0.0010000000474974513, 8.346871376037598, '2024-08-02 12:58:02', 4, 999)
pval: [0.001] -- 10th test, time elapsed 8.346871376037598 -- emperical power so far (from test_start): 0.9
db insert success
(11, 3, 0, 1, 28800, 'elltwo', 'disclapu', 1.6595257281767903, 0.0010000000474974513, 8.368229389190674, '2024-08-02 12:58:30', 4, 999)
pval: [0.001] -- 11th test, time elapsed 8.368229389190674 -- emperical power so far (from test_start): 0.9090909090909091
db insert success
(12, 3, 0, 1, 28800, 'elltwo', 'disclapu', 1.1308740817255138, 0.007000000216066837, 8.311450004577637, '2024-08-02 12:58:48', 4, 999)
pval: [0.007] -- 12th test, time elapsed 8.311450004577637 -- emperical power so far (from test_start): 0.9166666666666666
db insert success
(13, 3, 0, 1, 28800, 'elltwo', 'disclapu', 1.4572817187444382, 0.0010000000474974513, 8.30752420425415, '2024-08-02 12:59:04', 4, 999)
pval: [0.001] -- 13th test, time elapsed 8.30752420425415 -- emperical power so far (from test_start): 0.9230769230769231
db insert success
(14, 3, 0, 1, 28800, 'elltwo', 'disclapu', 1.2759561031498423, 0.004000000189989805, 8.298322439193726, '2024-08-02 12:59:25', 4, 999)
pval: [0.004] -- 14th test, time elapsed 8.298322439193726 -- emperical power so far (from test_start): 0.9285714285714286
db insert success
(15, 3, 0, 1, 28800, 'elltwo', 'disclapu', 1.5400540505006841, 0.0010000000474974513, 8.276370286941528, '2024-08-02 12:59:48', 4, 999)
pval: [0.001] -- 15th test, time elapsed 8.276370286941528 -- emperical power so far (from test_start): 0.9333333333333333
db insert success
(16, 3, 0, 1, 28800, 'elltwo', 'disclapu', 1.7702962453369535, 0.0010000000474974513, 8.379449129104614, '2024-08-02 13:00:12', 4, 999)
pval: [0.001] -- 16th test, time elapsed 8.379449129104614 -- emperical power so far (from test_start): 0.9375
db insert success
(17, 3, 0, 1, 28800, 'elltwo', 'disclapu', 1.2962924567983087, 0.0020000000949949026, 8.330784320831299, '2024-08-02 13:00:31', 4, 999)
pval: [0.002] -- 17th test, time elapsed 8.330784320831299 -- emperical power so far (from test_start): 0.9411764705882353
db insert success
(18, 3, 0, 1, 28800, 'elltwo', 'disclapu', 1.739051366640353, 0.0010000000474974513, 8.259814977645874, '2024-08-02 13:00:47', 4, 999)
pval: [0.001] -- 18th test, time elapsed 8.259814977645874 -- emperical power so far (from test_start): 0.9444444444444444
db insert success
(19, 3, 0, 1, 28800, 'elltwo', 'disclapu', 1.6989547478963534, 0.0010000000474974513, 8.379010200500488, '2024-08-02 13:01:08', 4, 999)
pval: [0.001] -- 19th test, time elapsed 8.379010200500488 -- emperical power so far (from test_start): 0.9473684210526315
db insert success
(20, 3, 0, 1, 28800, 'elltwo', 'disclapu', 1.8058144270882952, 0.0010000000474974513, 8.244739770889282, '2024-08-02 13:01:33', 4, 999)
pval: [0.001] -- 20th test, time elapsed 8.244739770889282 -- emperical power so far (from test_start): 0.95
db insert success
(21, 3, 0, 1, 28800, 'elltwo', 'disclapu', 1.3964832208821703, 0.003000000026077032, 8.286327600479126, '2024-08-02 13:01:47', 4, 999)
pval: [0.003] -- 21th test, time elapsed 8.286327600479126 -- emperical power so far (from test_start): 0.9523809523809523
db insert success
(22, 3, 0, 1, 28800, 'elltwo', 'disclapu', 1.5415320148421143, 0.0010000000474974513, 8.337539911270142, '2024-08-02 13:02:03', 4, 999)
pval: [0.001] -- 22th test, time elapsed 8.337539911270142 -- emperical power so far (from test_start): 0.9545454545454546
db insert success
(23, 3, 0, 1, 28800, 'elltwo', 'disclapu', 1.1711016410572386, 0.003000000026077032, 8.364348888397217, '2024-08-02 13:02:24', 4, 999)
pval: [0.003] -- 23th test, time elapsed 8.364348888397217 -- emperical power so far (from test_start): 0.9565217391304348
db insert success
(24, 3, 0, 1, 28800, 'elltwo', 'disclapu', 1.594208812698497, 0.0010000000474974513, 8.335304021835327, '2024-08-02 13:02:42', 4, 999)
pval: [0.001] -- 24th test, time elapsed 8.335304021835327 -- emperical power so far (from test_start): 0.9583333333333334
db insert success
(25, 3, 0, 1, 28800, 'elltwo', 'disclapu', 1.5981161782745414, 0.0010000000474974513, 8.427606582641602, '2024-08-02 13:02:56', 4, 999)
pval: [0.001] -- 25th test, time elapsed 8.427606582641602 -- emperical power so far (from test_start): 0.96
db insert success
(26, 3, 0, 1, 28800, 'elltwo', 'disclapu', 1.1437539356341362, 0.004999999888241291, 8.461882829666138, '2024-08-02 13:03:22', 4, 999)
pval: [0.005] -- 26th test, time elapsed 8.461882829666138 -- emperical power so far (from test_start): 0.9615384615384616
db insert success
(27, 3, 0, 1, 28800, 'elltwo', 'disclapu', 2.340953504594262, 0.0010000000474974513, 8.321862697601318, '2024-08-02 13:03:43', 4, 999)
pval: [0.001] -- 27th test, time elapsed 8.321862697601318 -- emperical power so far (from test_start): 0.9629629629629629
db insert success
(28, 3, 0, 1, 28800, 'elltwo', 'disclapu', 1.2422034351577795, 0.0020000000949949026, 8.282622337341309, '2024-08-02 13:04:11', 4, 999)
pval: [0.002] -- 28th test, time elapsed 8.282622337341309 -- emperical power so far (from test_start): 0.9642857142857143
db insert success
(29, 3, 0, 1, 28800, 'elltwo', 'disclapu', 0.6910373169965185, 0.041999999433755875, 8.392512321472168, '2024-08-02 13:04:31', 4, 999)
pval: [0.042] -- 29th test, time elapsed 8.392512321472168 -- emperical power so far (from test_start): 0.9655172413793104
db insert success
(30, 3, 0, 1, 28800, 'elltwo', 'disclapu', 0.7102966426947384, 0.03799999877810478, 8.573125123977661, '2024-08-02 13:04:55', 4, 999)
pval: [0.038] -- 30th test, time elapsed 8.573125123977661 -- emperical power so far (from test_start): 0.9666666666666667
db insert success
(31, 3, 0, 1, 28800, 'elltwo', 'disclapu', 0.9717693516020711, 0.014999999664723873, 8.329885244369507, '2024-08-02 13:05:17', 4, 999)
pval: [0.015] -- 31th test, time elapsed 8.329885244369507 -- emperical power so far (from test_start): 0.967741935483871
db insert success
(32, 3, 0, 1, 28800, 'elltwo', 'disclapu', 1.4934994400897557, 0.0010000000474974513, 8.421455383300781, '2024-08-02 13:05:36', 4, 999)
pval: [0.001] -- 32th test, time elapsed 8.421455383300781 -- emperical power so far (from test_start): 0.96875
db insert success
(33, 3, 0, 1, 28800, 'elltwo', 'disclapu', 0.7385548850401595, 0.04399999976158142, 8.340299606323242, '2024-08-02 13:05:47', 4, 999)
pval: [0.044] -- 33th test, time elapsed 8.340299606323242 -- emperical power so far (from test_start): 0.9696969696969697
db insert success
(34, 3, 0, 1, 28800, 'elltwo', 'disclapu', 1.1637475954172762, 0.007000000216066837, 8.420438051223755, '2024-08-02 13:06:07', 4, 999)
pval: [0.007] -- 34th test, time elapsed 8.420438051223755 -- emperical power so far (from test_start): 0.9705882352941176
db insert success
(35, 3, 0, 1, 28800, 'elltwo', 'disclapu', 1.1191078192859445, 0.009999999776482582, 8.671956539154053, '2024-08-02 13:06:19', 4, 999)
pval: [0.01] -- 35th test, time elapsed 8.671956539154053 -- emperical power so far (from test_start): 0.9714285714285714
db insert success
(36, 3, 0, 1, 28800, 'elltwo', 'disclapu', 1.0834345807470402, 0.01600000075995922, 8.579872608184814, '2024-08-02 13:06:46', 4, 999)
pval: [0.016] -- 36th test, time elapsed 8.579872608184814 -- emperical power so far (from test_start): 0.9722222222222222
db insert success
(37, 3, 0, 1, 28800, 'elltwo', 'disclapu', 0.8427398136582118, 0.026000000536441803, 8.442868947982788, '2024-08-02 13:06:59', 4, 999)
pval: [0.026] -- 37th test, time elapsed 8.442868947982788 -- emperical power so far (from test_start): 0.972972972972973
db insert success
(38, 3, 0, 1, 28800, 'elltwo', 'disclapu', 1.774435347525761, 0.0010000000474974513, 8.429982900619507, '2024-08-02 13:07:25', 4, 999)
pval: [0.001] -- 38th test, time elapsed 8.429982900619507 -- emperical power so far (from test_start): 0.9736842105263158
db insert success
(39, 3, 0, 1, 28800, 'elltwo', 'disclapu', 1.1317150071376654, 0.009999999776482582, 8.501631498336792, '2024-08-02 13:07:48', 4, 999)
pval: [0.01] -- 39th test, time elapsed 8.501631498336792 -- emperical power so far (from test_start): 0.9743589743589743
db insert success
(40, 3, 0, 1, 28800, 'elltwo', 'disclapu', 1.024192600561781, 0.010999999940395355, 8.470156192779541, '2024-08-02 13:08:16', 4, 999)
pval: [0.011] -- 40th test, time elapsed 8.470156192779541 -- emperical power so far (from test_start): 0.975
db insert success
(41, 3, 0, 1, 28800, 'elltwo', 'disclapu', 1.7255181807381579, 0.0010000000474974513, 8.506317853927612, '2024-08-02 13:08:43', 4, 999)
pval: [0.001] -- 41th test, time elapsed 8.506317853927612 -- emperical power so far (from test_start): 0.975609756097561
db insert success
(42, 3, 0, 1, 28800, 'elltwo', 'disclapu', 1.3632709583030156, 0.003000000026077032, 8.546180248260498, '2024-08-02 13:08:53', 4, 999)
pval: [0.003] -- 42th test, time elapsed 8.546180248260498 -- emperical power so far (from test_start): 0.9761904761904762
db insert success
(43, 3, 0, 1, 28800, 'elltwo', 'disclapu', 1.4656504977857043, 0.0020000000949949026, 8.390586137771606, '2024-08-02 13:09:11', 4, 999)
pval: [0.002] -- 43th test, time elapsed 8.390586137771606 -- emperical power so far (from test_start): 0.9767441860465116
db insert success
(44, 3, 0, 1, 28800, 'elltwo', 'disclapu', 2.2826554066820544, 0.0010000000474974513, 8.512008905410767, '2024-08-02 13:09:32', 4, 999)
pval: [0.001] -- 44th test, time elapsed 8.512008905410767 -- emperical power so far (from test_start): 0.9772727272727273
db insert success
(45, 3, 0, 1, 28800, 'elltwo', 'disclapu', 2.4185092569867486, 0.0010000000474974513, 8.48320198059082, '2024-08-02 13:10:01', 4, 999)
pval: [0.001] -- 45th test, time elapsed 8.48320198059082 -- emperical power so far (from test_start): 0.9777777777777777
db insert success
(46, 3, 0, 1, 28800, 'elltwo', 'disclapu', 1.5544038038224168, 0.0020000000949949026, 8.46840786933899, '2024-08-02 13:10:20', 4, 999)
pval: [0.002] -- 46th test, time elapsed 8.46840786933899 -- emperical power so far (from test_start): 0.9782608695652174
db insert success
(47, 3, 0, 1, 28800, 'elltwo', 'disclapu', 1.521356529639219, 0.0010000000474974513, 8.496444702148438, '2024-08-02 13:10:42', 4, 999)
pval: [0.001] -- 47th test, time elapsed 8.496444702148438 -- emperical power so far (from test_start): 0.9787234042553191
db insert success
(48, 3, 0, 1, 28800, 'elltwo', 'disclapu', 0.43139474003356604, 0.1340000033378601, 8.369840383529663, '2024-08-02 13:11:10', 4, 999)
pval: [0.134] -- 48th test, time elapsed 8.369840383529663 -- emperical power so far (from test_start): 0.9583333333333334
db insert success
(49, 3, 0, 1, 28800, 'elltwo', 'disclapu', 1.2208081483728064, 0.004000000189989805, 8.414543628692627, '2024-08-02 13:11:24', 4, 999)
pval: [0.004] -- 49th test, time elapsed 8.414543628692627 -- emperical power so far (from test_start): 0.9591836734693877
db insert success
(50, 3, 0, 1, 28800, 'elltwo', 'disclapu', 1.7690295683976118, 0.0010000000474974513, 8.505908489227295, '2024-08-02 13:11:50', 4, 999)
pval: [0.001] -- 50th test, time elapsed 8.505908489227295 -- emperical power so far (from test_start): 0.96
db insert success
(51, 3, 0, 1, 28800, 'elltwo', 'disclapu', 0.9572669095217727, 0.014999999664723873, 8.458770036697388, '2024-08-02 13:12:14', 4, 999)
pval: [0.015] -- 51th test, time elapsed 8.458770036697388 -- emperical power so far (from test_start): 0.9607843137254902
db insert success
(52, 3, 0, 1, 28800, 'elltwo', 'disclapu', 2.1280307492974284, 0.0010000000474974513, 8.504673480987549, '2024-08-02 13:12:26', 4, 999)
pval: [0.001] -- 52th test, time elapsed 8.504673480987549 -- emperical power so far (from test_start): 0.9615384615384616
db insert success
(53, 3, 0, 1, 28800, 'elltwo', 'disclapu', 0.9664399223433273, 0.017999999225139618, 8.426480293273926, '2024-08-02 13:12:48', 4, 999)
pval: [0.018] -- 53th test, time elapsed 8.426480293273926 -- emperical power so far (from test_start): 0.9622641509433962
db insert success
(54, 3, 0, 1, 28800, 'elltwo', 'disclapu', 1.3864438257913014, 0.0020000000949949026, 8.477027177810669, '2024-08-02 13:13:02', 4, 999)
pval: [0.002] -- 54th test, time elapsed 8.477027177810669 -- emperical power so far (from test_start): 0.9629629629629629
db insert success
(55, 3, 0, 1, 28800, 'elltwo', 'disclapu', 1.0611258674880535, 0.004999999888241291, 8.414504528045654, '2024-08-02 13:13:25', 4, 999)
pval: [0.005] -- 55th test, time elapsed 8.414504528045654 -- emperical power so far (from test_start): 0.9636363636363636
db insert success
(56, 3, 0, 1, 28800, 'elltwo', 'disclapu', 0.9731583532020993, 0.017999999225139618, 8.34951639175415, '2024-08-02 13:13:40', 4, 999)
pval: [0.018] -- 56th test, time elapsed 8.34951639175415 -- emperical power so far (from test_start): 0.9642857142857143
db insert success
(57, 3, 0, 1, 28800, 'elltwo', 'disclapu', 1.4764282098228922, 0.0020000000949949026, 8.570179462432861, '2024-08-02 13:14:00', 4, 999)
pval: [0.002] -- 57th test, time elapsed 8.570179462432861 -- emperical power so far (from test_start): 0.9649122807017544
db insert success
(58, 3, 0, 1, 28800, 'elltwo', 'disclapu', 1.6693005361953959, 0.0020000000949949026, 8.472561359405518, '2024-08-02 13:14:16', 4, 999)
pval: [0.002] -- 58th test, time elapsed 8.472561359405518 -- emperical power so far (from test_start): 0.9655172413793104
db insert success
(59, 3, 0, 1, 28800, 'elltwo', 'disclapu', 1.106547147009235, 0.004999999888241291, 8.404258251190186, '2024-08-02 13:14:42', 4, 999)
pval: [0.005] -- 59th test, time elapsed 8.404258251190186 -- emperical power so far (from test_start): 0.9661016949152542
db insert success
(60, 3, 0, 1, 28800, 'elltwo', 'disclapu', 0.47094831274877613, 0.1289999932050705, 8.409566879272461, '2024-08-02 13:15:01', 4, 999)
pval: [0.12899999] -- 60th test, time elapsed 8.409566879272461 -- emperical power so far (from test_start): 0.95
db insert success
(61, 3, 0, 1, 28800, 'elltwo', 'disclapu', 1.2297333083367725, 0.00800000037997961, 8.337388753890991, '2024-08-02 13:15:16', 4, 999)
pval: [0.008] -- 61th test, time elapsed 8.337388753890991 -- emperical power so far (from test_start): 0.9508196721311475
db insert success
(62, 3, 0, 1, 28800, 'elltwo', 'disclapu', 1.4334849812520396, 0.0010000000474974513, 8.457683086395264, '2024-08-02 13:15:28', 4, 999)
pval: [0.001] -- 62th test, time elapsed 8.457683086395264 -- emperical power so far (from test_start): 0.9516129032258065
db insert success
(63, 3, 0, 1, 28800, 'elltwo', 'disclapu', 0.4100866188966279, 0.15600000321865082, 8.42122745513916, '2024-08-02 13:15:51', 4, 999)
pval: [0.156] -- 63th test, time elapsed 8.42122745513916 -- emperical power so far (from test_start): 0.9365079365079365
db insert success
(64, 3, 0, 1, 28800, 'elltwo', 'disclapu', 1.3579818763317109, 0.004000000189989805, 8.437875509262085, '2024-08-02 13:16:08', 4, 999)
pval: [0.004] -- 64th test, time elapsed 8.437875509262085 -- emperical power so far (from test_start): 0.9375
db insert success
(65, 3, 0, 1, 28800, 'elltwo', 'disclapu', 0.9648937389346006, 0.019999999552965164, 8.438281297683716, '2024-08-02 13:16:26', 4, 999)
pval: [0.02] -- 65th test, time elapsed 8.438281297683716 -- emperical power so far (from test_start): 0.9384615384615385
db insert success
(66, 3, 0, 1, 28800, 'elltwo', 'disclapu', 1.941712757787044, 0.0010000000474974513, 8.576087951660156, '2024-08-02 13:16:53', 4, 999)
pval: [0.001] -- 66th test, time elapsed 8.576087951660156 -- emperical power so far (from test_start): 0.9393939393939394
db insert success
(67, 3, 0, 1, 28800, 'elltwo', 'disclapu', 0.835664122848712, 0.029999999329447746, 8.337264776229858, '2024-08-02 13:17:19', 4, 999)
pval: [0.03] -- 67th test, time elapsed 8.337264776229858 -- emperical power so far (from test_start): 0.9402985074626866
db insert success
(68, 3, 0, 1, 28800, 'elltwo', 'disclapu', 1.1230858840126876, 0.006000000052154064, 8.43391466140747, '2024-08-02 13:17:34', 4, 999)
pval: [0.006] -- 68th test, time elapsed 8.43391466140747 -- emperical power so far (from test_start): 0.9411764705882353
db insert success
(69, 3, 0, 1, 28800, 'elltwo', 'disclapu', 1.565973668779205, 0.0020000000949949026, 8.492188692092896, '2024-08-02 13:17:52', 4, 999)
pval: [0.002] -- 69th test, time elapsed 8.492188692092896 -- emperical power so far (from test_start): 0.9420289855072463
db insert success
(70, 3, 0, 1, 28800, 'elltwo', 'disclapu', 0.6444018429037532, 0.05999999865889549, 8.3605477809906, '2024-08-02 13:18:17', 4, 999)
pval: [0.06] -- 70th test, time elapsed 8.3605477809906 -- emperical power so far (from test_start): 0.9285714285714286
db insert success
(71, 3, 0, 1, 28800, 'elltwo', 'disclapu', 1.1875323889176563, 0.003000000026077032, 8.504461765289307, '2024-08-02 13:18:35', 4, 999)
pval: [0.003] -- 71th test, time elapsed 8.504461765289307 -- emperical power so far (from test_start): 0.9295774647887324
db insert success
(72, 3, 0, 1, 28800, 'elltwo', 'disclapu', 1.028010665232065, 0.009999999776482582, 8.418285846710205, '2024-08-02 13:18:54', 4, 999)
pval: [0.01] -- 72th test, time elapsed 8.418285846710205 -- emperical power so far (from test_start): 0.9305555555555556
db insert success
(73, 3, 0, 1, 28800, 'elltwo', 'disclapu', 1.8780362003676228, 0.0010000000474974513, 8.453245878219604, '2024-08-02 13:19:11', 4, 999)
pval: [0.001] -- 73th test, time elapsed 8.453245878219604 -- emperical power so far (from test_start): 0.9315068493150684
db insert success
(74, 3, 0, 1, 28800, 'elltwo', 'disclapu', 1.5347770180459772, 0.003000000026077032, 8.481873512268066, '2024-08-02 13:19:38', 4, 999)
pval: [0.003] -- 74th test, time elapsed 8.481873512268066 -- emperical power so far (from test_start): 0.9324324324324325
db insert success
(75, 3, 0, 1, 28800, 'elltwo', 'disclapu', 1.5885744527188677, 0.0010000000474974513, 8.29328966140747, '2024-08-02 13:20:03', 4, 999)
pval: [0.001] -- 75th test, time elapsed 8.29328966140747 -- emperical power so far (from test_start): 0.9333333333333333
db insert success
(76, 3, 0, 1, 28800, 'elltwo', 'disclapu', 0.9523626951708426, 0.012000000104308128, 8.465909242630005, '2024-08-02 13:20:29', 4, 999)
pval: [0.012] -- 76th test, time elapsed 8.465909242630005 -- emperical power so far (from test_start): 0.9342105263157895
db insert success
(77, 3, 0, 1, 28800, 'elltwo', 'disclapu', 0.8650286477556404, 0.02800000086426735, 8.384345769882202, '2024-08-02 13:20:40', 4, 999)
pval: [0.028] -- 77th test, time elapsed 8.384345769882202 -- emperical power so far (from test_start): 0.935064935064935
db insert success
(78, 3, 0, 1, 28800, 'elltwo', 'disclapu', 0.8689275320440562, 0.019999999552965164, 8.468327283859253, '2024-08-02 13:21:00', 4, 999)
pval: [0.02] -- 78th test, time elapsed 8.468327283859253 -- emperical power so far (from test_start): 0.9358974358974359
db insert success
(79, 3, 0, 1, 28800, 'elltwo', 'disclapu', 1.6890515672923065, 0.0010000000474974513, 8.390963315963745, '2024-08-02 13:21:23', 4, 999)
pval: [0.001] -- 79th test, time elapsed 8.390963315963745 -- emperical power so far (from test_start): 0.9367088607594937
db insert success
(80, 3, 0, 1, 28800, 'elltwo', 'disclapu', 1.2484059020641718, 0.0020000000949949026, 8.54396915435791, '2024-08-02 13:21:40', 4, 999)
pval: [0.002] -- 80th test, time elapsed 8.54396915435791 -- emperical power so far (from test_start): 0.9375
db insert success
(81, 3, 0, 1, 28800, 'elltwo', 'disclapu', 0.8896706319683609, 0.019999999552965164, 8.47311282157898, '2024-08-02 13:21:53', 4, 999)
pval: [0.02] -- 81th test, time elapsed 8.47311282157898 -- emperical power so far (from test_start): 0.9382716049382716
db insert success
(82, 3, 0, 1, 28800, 'elltwo', 'disclapu', 0.9382741184172794, 0.017999999225139618, 8.54461932182312, '2024-08-02 13:22:03', 4, 999)
pval: [0.018] -- 82th test, time elapsed 8.54461932182312 -- emperical power so far (from test_start): 0.9390243902439024
db insert success
(83, 3, 0, 1, 28800, 'elltwo', 'disclapu', 1.2065519582398263, 0.007000000216066837, 8.485926389694214, '2024-08-02 13:22:32', 4, 999)
pval: [0.007] -- 83th test, time elapsed 8.485926389694214 -- emperical power so far (from test_start): 0.9397590361445783
db insert success
(84, 3, 0, 1, 28800, 'elltwo', 'disclapu', 1.4831065905356002, 0.0010000000474974513, 8.34968090057373, '2024-08-02 13:22:48', 4, 999)
pval: [0.001] -- 84th test, time elapsed 8.34968090057373 -- emperical power so far (from test_start): 0.9404761904761905
db insert success
(85, 3, 0, 1, 28800, 'elltwo', 'disclapu', 0.8431443479972707, 0.026000000536441803, 8.453624725341797, '2024-08-02 13:23:04', 4, 999)
pval: [0.026] -- 85th test, time elapsed 8.453624725341797 -- emperical power so far (from test_start): 0.9411764705882353
db insert success
(86, 3, 0, 1, 28800, 'elltwo', 'disclapu', 0.7745757097550081, 0.028999999165534973, 8.338472366333008, '2024-08-02 13:23:23', 4, 999)
pval: [0.029] -- 86th test, time elapsed 8.338472366333008 -- emperical power so far (from test_start): 0.9418604651162791
db insert success
(87, 3, 0, 1, 28800, 'elltwo', 'disclapu', 1.1066795484914316, 0.004999999888241291, 8.474476099014282, '2024-08-02 13:23:32', 4, 999)
pval: [0.005] -- 87th test, time elapsed 8.474476099014282 -- emperical power so far (from test_start): 0.9425287356321839
db insert success
(88, 3, 0, 1, 28800, 'elltwo', 'disclapu', 1.3783838479432187, 0.003000000026077032, 8.464485168457031, '2024-08-02 13:23:42', 4, 999)
pval: [0.003] -- 88th test, time elapsed 8.464485168457031 -- emperical power so far (from test_start): 0.9431818181818182
db insert success
(89, 3, 0, 1, 28800, 'elltwo', 'disclapu', 1.520849308255018, 0.0020000000949949026, 8.420849084854126, '2024-08-02 13:23:59', 4, 999)
pval: [0.002] -- 89th test, time elapsed 8.420849084854126 -- emperical power so far (from test_start): 0.9438202247191011
db insert success
(90, 3, 0, 1, 28800, 'elltwo', 'disclapu', 1.2087709855287372, 0.004999999888241291, 8.482394456863403, '2024-08-02 13:24:15', 4, 999)
pval: [0.005] -- 90th test, time elapsed 8.482394456863403 -- emperical power so far (from test_start): 0.9444444444444444
db insert success
(91, 3, 0, 1, 28800, 'elltwo', 'disclapu', 2.6173395397379946, 0.0010000000474974513, 8.407143831253052, '2024-08-02 13:24:31', 4, 999)
pval: [0.001] -- 91th test, time elapsed 8.407143831253052 -- emperical power so far (from test_start): 0.945054945054945
db insert success
(92, 3, 0, 1, 28800, 'elltwo', 'disclapu', 1.640009000628179, 0.0010000000474974513, 8.507164716720581, '2024-08-02 13:24:41', 4, 999)
pval: [0.001] -- 92th test, time elapsed 8.507164716720581 -- emperical power so far (from test_start): 0.9456521739130435
db insert success
(93, 3, 0, 1, 28800, 'elltwo', 'disclapu', 1.1823096380114784, 0.006000000052154064, 8.554632186889648, '2024-08-02 13:25:00', 4, 999)
pval: [0.006] -- 93th test, time elapsed 8.554632186889648 -- emperical power so far (from test_start): 0.946236559139785
db insert success
(94, 3, 0, 1, 28800, 'elltwo', 'disclapu', 2.039483935823172, 0.0010000000474974513, 8.439493894577026, '2024-08-02 13:25:15', 4, 999)
pval: [0.001] -- 94th test, time elapsed 8.439493894577026 -- emperical power so far (from test_start): 0.9468085106382979
db insert success
(95, 3, 0, 1, 28800, 'elltwo', 'disclapu', 0.39038639065381275, 0.18199999630451202, 8.543228149414062, '2024-08-02 13:25:30', 4, 999)
pval: [0.182] -- 95th test, time elapsed 8.543228149414062 -- emperical power so far (from test_start): 0.9368421052631579
db insert success
(96, 3, 0, 1, 28800, 'elltwo', 'disclapu', 1.6058648411031284, 0.0010000000474974513, 8.341881513595581, '2024-08-02 13:25:41', 4, 999)
pval: [0.001] -- 96th test, time elapsed 8.341881513595581 -- emperical power so far (from test_start): 0.9375
db insert success
(97, 3, 0, 1, 28800, 'elltwo', 'disclapu', 0.7447940618591149, 0.04100000113248825, 8.526432752609253, '2024-08-02 13:26:03', 4, 999)
pval: [0.041] -- 97th test, time elapsed 8.526432752609253 -- emperical power so far (from test_start): 0.9381443298969072
db insert success
(98, 3, 0, 1, 28800, 'elltwo', 'disclapu', 1.001123388169085, 0.008999999612569809, 8.333098649978638, '2024-08-02 13:26:27', 4, 999)
pval: [0.009] -- 98th test, time elapsed 8.333098649978638 -- emperical power so far (from test_start): 0.9387755102040817
db insert success
(99, 3, 0, 1, 28800, 'elltwo', 'disclapu', 2.3260608115758354, 0.0010000000474974513, 8.467374324798584, '2024-08-02 13:26:52', 4, 999)
pval: [0.001] -- 99th test, time elapsed 8.467374324798584 -- emperical power so far (from test_start): 0.9393939393939394
db insert success
(100, 3, 0, 1, 28800, 'elltwo', 'disclapu', 1.433748300651415, 0.003000000026077032, 8.516294002532959, '2024-08-02 13:27:13', 4, 999)
pval: [0.003] -- 100th test, time elapsed 8.516294002532959 -- emperical power so far (from test_start): 0.94
db insert success
(101, 3, 0, 1, 28800, 'elltwo', 'disclapu', 1.1167778934986865, 0.003000000026077032, 8.407928228378296, '2024-08-02 13:27:29', 4, 999)
pval: [0.003] -- 101th test, time elapsed 8.407928228378296 -- emperical power so far (from test_start): 0.9405940594059405
db insert success
(102, 3, 0, 1, 28800, 'elltwo', 'disclapu', 2.2504392977880756, 0.0010000000474974513, 8.37511920928955, '2024-08-02 13:27:57', 4, 999)
pval: [0.001] -- 102th test, time elapsed 8.37511920928955 -- emperical power so far (from test_start): 0.9411764705882353
db insert success
(103, 3, 0, 1, 28800, 'elltwo', 'disclapu', 0.046164435895825306, 0.4519999921321869, 8.433780908584595, '2024-08-02 13:28:12', 4, 999)
pval: [0.45199999] -- 103th test, time elapsed 8.433780908584595 -- emperical power so far (from test_start): 0.9320388349514563
db insert success
(104, 3, 0, 1, 28800, 'elltwo', 'disclapu', 2.452569814800044, 0.0010000000474974513, 8.530153751373291, '2024-08-02 13:28:26', 4, 999)
pval: [0.001] -- 104th test, time elapsed 8.530153751373291 -- emperical power so far (from test_start): 0.9326923076923077
db insert success
(105, 3, 0, 1, 28800, 'elltwo', 'disclapu', 0.5975538839514849, 0.06800000369548798, 8.441432237625122, '2024-08-02 13:28:47', 4, 999)
pval: [0.068] -- 105th test, time elapsed 8.441432237625122 -- emperical power so far (from test_start): 0.9238095238095239
db insert success
(106, 3, 0, 1, 28800, 'elltwo', 'disclapu', 0.423260606635103, 0.1720000058412552, 8.395992279052734, '2024-08-02 13:29:04', 4, 999)
pval: [0.17200001] -- 106th test, time elapsed 8.395992279052734 -- emperical power so far (from test_start): 0.9150943396226415
db insert success
(107, 3, 0, 1, 28800, 'elltwo', 'disclapu', 1.3655287722823237, 0.0020000000949949026, 8.466076850891113, '2024-08-02 13:29:26', 4, 999)
pval: [0.002] -- 107th test, time elapsed 8.466076850891113 -- emperical power so far (from test_start): 0.9158878504672897
db insert success
(108, 3, 0, 1, 28800, 'elltwo', 'disclapu', 1.67986093184982, 0.0020000000949949026, 8.37464189529419, '2024-08-02 13:29:46', 4, 999)
pval: [0.002] -- 108th test, time elapsed 8.37464189529419 -- emperical power so far (from test_start): 0.9166666666666666
db insert success
(109, 3, 0, 1, 28800, 'elltwo', 'disclapu', 1.9948365058077067, 0.0010000000474974513, 8.488624334335327, '2024-08-02 13:30:11', 4, 999)
pval: [0.001] -- 109th test, time elapsed 8.488624334335327 -- emperical power so far (from test_start): 0.9174311926605505
db insert success
(110, 3, 0, 1, 28800, 'elltwo', 'disclapu', 1.6267271296498418, 0.0010000000474974513, 8.46703553199768, '2024-08-02 13:30:39', 4, 999)
pval: [0.001] -- 110th test, time elapsed 8.46703553199768 -- emperical power so far (from test_start): 0.9181818181818182
db insert success
(111, 3, 0, 1, 28800, 'elltwo', 'disclapu', 1.8462605796611533, 0.0010000000474974513, 8.277474164962769, '2024-08-02 13:31:07', 4, 999)
pval: [0.001] -- 111th test, time elapsed 8.277474164962769 -- emperical power so far (from test_start): 0.918918918918919
db insert success
(112, 3, 0, 1, 28800, 'elltwo', 'disclapu', 0.6202800346164778, 0.07400000095367432, 8.416659116744995, '2024-08-02 13:31:21', 4, 999)
pval: [0.074] -- 112th test, time elapsed 8.416659116744995 -- emperical power so far (from test_start): 0.9107142857142857
db insert success
(113, 3, 0, 1, 28800, 'elltwo', 'disclapu', 0.32302781385459145, 0.2199999988079071, 8.452304124832153, '2024-08-02 13:31:33', 4, 999)
pval: [0.22] -- 113th test, time elapsed 8.452304124832153 -- emperical power so far (from test_start): 0.9026548672566371
db insert success
(114, 3, 0, 1, 28800, 'elltwo', 'disclapu', 0.3745322903120387, 0.14800000190734863, 8.514768123626709, '2024-08-02 13:31:44', 4, 999)
pval: [0.148] -- 114th test, time elapsed 8.514768123626709 -- emperical power so far (from test_start): 0.8947368421052632
db insert success
(115, 3, 0, 1, 28800, 'elltwo', 'disclapu', 1.1350522634976348, 0.004999999888241291, 8.385868072509766, '2024-08-02 13:32:13', 4, 999)
pval: [0.005] -- 115th test, time elapsed 8.385868072509766 -- emperical power so far (from test_start): 0.8956521739130435
db insert success
(116, 3, 0, 1, 28800, 'elltwo', 'disclapu', 0.9302291951824753, 0.020999999716877937, 8.487530946731567, '2024-08-02 13:32:24', 4, 999)
pval: [0.021] -- 116th test, time elapsed 8.487530946731567 -- emperical power so far (from test_start): 0.896551724137931
db insert success
(117, 3, 0, 1, 28800, 'elltwo', 'disclapu', 1.5147115447977968, 0.0020000000949949026, 8.5254807472229, '2024-08-02 13:32:42', 4, 999)
pval: [0.002] -- 117th test, time elapsed 8.5254807472229 -- emperical power so far (from test_start): 0.8974358974358975
db insert success
(118, 3, 0, 1, 28800, 'elltwo', 'disclapu', 0.823663710770993, 0.03200000151991844, 8.325184345245361, '2024-08-02 13:33:02', 4, 999)
pval: [0.032] -- 118th test, time elapsed 8.325184345245361 -- emperical power so far (from test_start): 0.8983050847457628
db insert success
(119, 3, 0, 1, 28800, 'elltwo', 'disclapu', 1.6942373889196962, 0.0010000000474974513, 8.404862880706787, '2024-08-02 13:33:28', 4, 999)
pval: [0.001] -- 119th test, time elapsed 8.404862880706787 -- emperical power so far (from test_start): 0.8991596638655462
db insert success
(120, 3, 0, 1, 28800, 'elltwo', 'disclapu', 1.8071337221552688, 0.0010000000474974513, 8.424947261810303, '2024-08-02 13:33:56', 4, 999)
pval: [0.001] -- 120th test, time elapsed 8.424947261810303 -- emperical power so far (from test_start): 0.9
db insert success
(121, 3, 0, 1, 28800, 'elltwo', 'disclapu', 1.7213165611390053, 0.0010000000474974513, 8.57056999206543, '2024-08-02 13:34:21', 4, 999)
pval: [0.001] -- 121th test, time elapsed 8.57056999206543 -- emperical power so far (from test_start): 0.9008264462809917
db insert success
(122, 3, 0, 1, 28800, 'elltwo', 'disclapu', 1.9326388840845343, 0.0020000000949949026, 8.3370521068573, '2024-08-02 13:34:47', 4, 999)
pval: [0.002] -- 122th test, time elapsed 8.3370521068573 -- emperical power so far (from test_start): 0.9016393442622951
db insert success
(123, 3, 0, 1, 28800, 'elltwo', 'disclapu', 2.6200813570895334, 0.0010000000474974513, 8.386044025421143, '2024-08-02 13:35:14', 4, 999)
pval: [0.001] -- 123th test, time elapsed 8.386044025421143 -- emperical power so far (from test_start): 0.9024390243902439
db insert success
(124, 3, 0, 1, 28800, 'elltwo', 'disclapu', 1.2756716525140241, 0.004999999888241291, 8.369729280471802, '2024-08-02 13:35:38', 4, 999)
pval: [0.005] -- 124th test, time elapsed 8.369729280471802 -- emperical power so far (from test_start): 0.9032258064516129
db insert success
(125, 3, 0, 1, 28800, 'elltwo', 'disclapu', 1.320427425503702, 0.00800000037997961, 8.489753723144531, '2024-08-02 13:35:56', 4, 999)
pval: [0.008] -- 125th test, time elapsed 8.489753723144531 -- emperical power so far (from test_start): 0.904
db insert success
(126, 3, 0, 1, 28800, 'elltwo', 'disclapu', 2.8636214153905675, 0.0010000000474974513, 8.36133861541748, '2024-08-02 13:36:20', 4, 999)
pval: [0.001] -- 126th test, time elapsed 8.36133861541748 -- emperical power so far (from test_start): 0.9047619047619048
db insert success
(127, 3, 0, 1, 28800, 'elltwo', 'disclapu', 0.7646384042737013, 0.03799999877810478, 8.439583778381348, '2024-08-02 13:36:48', 4, 999)
pval: [0.038] -- 127th test, time elapsed 8.439583778381348 -- emperical power so far (from test_start): 0.905511811023622
db insert success
(128, 3, 0, 1, 28800, 'elltwo', 'disclapu', 1.0667729749793757, 0.008999999612569809, 8.49075984954834, '2024-08-02 13:37:13', 4, 999)
pval: [0.009] -- 128th test, time elapsed 8.49075984954834 -- emperical power so far (from test_start): 0.90625
db insert success
(129, 3, 0, 1, 28800, 'elltwo', 'disclapu', 0.7779644240978922, 0.03099999949336052, 8.484867811203003, '2024-08-02 13:37:22', 4, 999)
pval: [0.031] -- 129th test, time elapsed 8.484867811203003 -- emperical power so far (from test_start): 0.9069767441860465
db insert success
(130, 3, 0, 1, 28800, 'elltwo', 'disclapu', 1.2833605805066202, 0.004999999888241291, 8.52718448638916, '2024-08-02 13:37:33', 4, 999)
pval: [0.005] -- 130th test, time elapsed 8.52718448638916 -- emperical power so far (from test_start): 0.9076923076923077
db insert success
(131, 3, 0, 1, 28800, 'elltwo', 'disclapu', 0.7584925268543703, 0.03799999877810478, 8.41324496269226, '2024-08-02 13:37:50', 4, 999)
pval: [0.038] -- 131th test, time elapsed 8.41324496269226 -- emperical power so far (from test_start): 0.9083969465648855
db insert success
(132, 3, 0, 1, 28800, 'elltwo', 'disclapu', 0.48873564381165924, 0.1080000028014183, 8.493708848953247, '2024-08-02 13:38:04', 4, 999)
pval: [0.108] -- 132th test, time elapsed 8.493708848953247 -- emperical power so far (from test_start): 0.9015151515151515
db insert success
(133, 3, 0, 1, 28800, 'elltwo', 'disclapu', 1.7622686463541193, 0.0020000000949949026, 8.389745950698853, '2024-08-02 13:38:25', 4, 999)
pval: [0.002] -- 133th test, time elapsed 8.389745950698853 -- emperical power so far (from test_start): 0.9022556390977443
db insert success
(134, 3, 0, 1, 28800, 'elltwo', 'disclapu', 0.9069266072904805, 0.03099999949336052, 8.49647855758667, '2024-08-02 13:38:38', 4, 999)
pval: [0.031] -- 134th test, time elapsed 8.49647855758667 -- emperical power so far (from test_start): 0.9029850746268657
db insert success
(135, 3, 0, 1, 28800, 'elltwo', 'disclapu', 1.1348803714587667, 0.00800000037997961, 8.503565549850464, '2024-08-02 13:38:49', 4, 999)
pval: [0.008] -- 135th test, time elapsed 8.503565549850464 -- emperical power so far (from test_start): 0.9037037037037037
db insert success
(136, 3, 0, 1, 28800, 'elltwo', 'disclapu', 1.6749958878823312, 0.0010000000474974513, 8.479490756988525, '2024-08-02 13:39:12', 4, 999)
pval: [0.001] -- 136th test, time elapsed 8.479490756988525 -- emperical power so far (from test_start): 0.9044117647058824
db insert success
(137, 3, 0, 1, 28800, 'elltwo', 'disclapu', 1.924608341488136, 0.0010000000474974513, 8.419519186019897, '2024-08-02 13:39:36', 4, 999)
pval: [0.001] -- 137th test, time elapsed 8.419519186019897 -- emperical power so far (from test_start): 0.9051094890510949
db insert success
(138, 3, 0, 1, 28800, 'elltwo', 'disclapu', 2.366092457437229, 0.0010000000474974513, 8.387838125228882, '2024-08-02 13:40:01', 4, 999)
pval: [0.001] -- 138th test, time elapsed 8.387838125228882 -- emperical power so far (from test_start): 0.9057971014492754
db insert success
(139, 3, 0, 1, 28800, 'elltwo', 'disclapu', 0.6970214744468688, 0.03999999910593033, 8.431225776672363, '2024-08-02 13:40:18', 4, 999)
pval: [0.04] -- 139th test, time elapsed 8.431225776672363 -- emperical power so far (from test_start): 0.9064748201438849
db insert success
(140, 3, 0, 1, 28800, 'elltwo', 'disclapu', 1.5490023540967819, 0.0010000000474974513, 8.499560594558716, '2024-08-02 13:40:31', 4, 999)
pval: [0.001] -- 140th test, time elapsed 8.499560594558716 -- emperical power so far (from test_start): 0.9071428571428571
db insert success
(141, 3, 0, 1, 28800, 'elltwo', 'disclapu', 0.8791443609846494, 0.017999999225139618, 8.426379442214966, '2024-08-02 13:40:41', 4, 999)
pval: [0.018] -- 141th test, time elapsed 8.426379442214966 -- emperical power so far (from test_start): 0.9078014184397163
db insert success
(142, 3, 0, 1, 28800, 'elltwo', 'disclapu', 0.7649101804343443, 0.03999999910593033, 8.434258699417114, '2024-08-02 13:41:05', 4, 999)
pval: [0.04] -- 142th test, time elapsed 8.434258699417114 -- emperical power so far (from test_start): 0.9084507042253521
db insert success
(143, 3, 0, 1, 28800, 'elltwo', 'disclapu', 1.3854802763680478, 0.0010000000474974513, 8.498356580734253, '2024-08-02 13:41:16', 4, 999)
pval: [0.001] -- 143th test, time elapsed 8.498356580734253 -- emperical power so far (from test_start): 0.9090909090909091
db insert success
(144, 3, 0, 1, 28800, 'elltwo', 'disclapu', 0.4448725224640011, 0.1379999965429306, 8.382216215133667, '2024-08-02 13:41:43', 4, 999)
pval: [0.138] -- 144th test, time elapsed 8.382216215133667 -- emperical power so far (from test_start): 0.9027777777777778
db insert success
(145, 3, 0, 1, 28800, 'elltwo', 'disclapu', 1.0847852240826743, 0.013000000268220901, 8.365341901779175, '2024-08-02 13:42:12', 4, 999)
pval: [0.013] -- 145th test, time elapsed 8.365341901779175 -- emperical power so far (from test_start): 0.903448275862069
db insert success
(146, 3, 0, 1, 28800, 'elltwo', 'disclapu', 0.7437669242157572, 0.04800000041723251, 8.501126527786255, '2024-08-02 13:42:22', 4, 999)
pval: [0.048] -- 146th test, time elapsed 8.501126527786255 -- emperical power so far (from test_start): 0.9041095890410958
db insert success
(147, 3, 0, 1, 28800, 'elltwo', 'disclapu', 1.9483045277610218, 0.0010000000474974513, 8.367088317871094, '2024-08-02 13:42:42', 4, 999)
pval: [0.001] -- 147th test, time elapsed 8.367088317871094 -- emperical power so far (from test_start): 0.9047619047619048
db insert success
(148, 3, 0, 1, 28800, 'elltwo', 'disclapu', 2.316851947532518, 0.0010000000474974513, 8.41027545928955, '2024-08-02 13:43:00', 4, 999)
pval: [0.001] -- 148th test, time elapsed 8.41027545928955 -- emperical power so far (from test_start): 0.9054054054054054
db insert success
(149, 3, 0, 1, 28800, 'elltwo', 'disclapu', 1.5473589193348216, 0.0010000000474974513, 8.486765146255493, '2024-08-02 13:43:28', 4, 999)
pval: [0.001] -- 149th test, time elapsed 8.486765146255493 -- emperical power so far (from test_start): 0.9060402684563759
db insert success
(150, 3, 0, 1, 28800, 'elltwo', 'disclapu', 1.1365188908836643, 0.006000000052154064, 8.512493371963501, '2024-08-02 13:43:44', 4, 999)
pval: [0.006] -- 150th test, time elapsed 8.512493371963501 -- emperical power so far (from test_start): 0.9066666666666666
db insert success
(151, 3, 0, 1, 28800, 'elltwo', 'disclapu', 1.4823224775190482, 0.0010000000474974513, 8.430946350097656, '2024-08-02 13:44:03', 4, 999)
pval: [0.001] -- 151th test, time elapsed 8.430946350097656 -- emperical power so far (from test_start): 0.9072847682119205
db insert success
(152, 3, 0, 1, 28800, 'elltwo', 'disclapu', 0.7886153285932087, 0.03500000014901161, 8.467739582061768, '2024-08-02 13:44:22', 4, 999)
pval: [0.035] -- 152th test, time elapsed 8.467739582061768 -- emperical power so far (from test_start): 0.9078947368421053
db insert success
(153, 3, 0, 1, 28800, 'elltwo', 'disclapu', 0.21679013410466208, 0.29100000858306885, 8.430517196655273, '2024-08-02 13:44:35', 4, 999)
pval: [0.29100001] -- 153th test, time elapsed 8.430517196655273 -- emperical power so far (from test_start): 0.9019607843137255
db insert success
(154, 3, 0, 1, 28800, 'elltwo', 'disclapu', 1.5235626641547748, 0.003000000026077032, 8.409578800201416, '2024-08-02 13:44:45', 4, 999)
pval: [0.003] -- 154th test, time elapsed 8.409578800201416 -- emperical power so far (from test_start): 0.9025974025974026
db insert success
(155, 3, 0, 1, 28800, 'elltwo', 'disclapu', 0.6885854624144052, 0.050999999046325684, 8.518327713012695, '2024-08-02 13:45:03', 4, 999)
pval: [0.051] -- 155th test, time elapsed 8.518327713012695 -- emperical power so far (from test_start): 0.896774193548387
db insert success
(156, 3, 0, 1, 28800, 'elltwo', 'disclapu', 1.8739384009736555, 0.0010000000474974513, 8.406978368759155, '2024-08-02 13:45:17', 4, 999)
pval: [0.001] -- 156th test, time elapsed 8.406978368759155 -- emperical power so far (from test_start): 0.8974358974358975
db insert success
(157, 3, 0, 1, 28800, 'elltwo', 'disclapu', 1.6963782560648797, 0.0010000000474974513, 8.481614828109741, '2024-08-02 13:45:27', 4, 999)
pval: [0.001] -- 157th test, time elapsed 8.481614828109741 -- emperical power so far (from test_start): 0.8980891719745223
db insert success
(158, 3, 0, 1, 28800, 'elltwo', 'disclapu', 1.096085777158422, 0.006000000052154064, 8.395255088806152, '2024-08-02 13:45:51', 4, 999)
pval: [0.006] -- 158th test, time elapsed 8.395255088806152 -- emperical power so far (from test_start): 0.8987341772151899
db insert success
(159, 3, 0, 1, 28800, 'elltwo', 'disclapu', 1.7099236396343733, 0.0010000000474974513, 8.513680458068848, '2024-08-02 13:46:08', 4, 999)
pval: [0.001] -- 159th test, time elapsed 8.513680458068848 -- emperical power so far (from test_start): 0.89937106918239
db insert success
(160, 3, 0, 1, 28800, 'elltwo', 'disclapu', 1.5482355955632436, 0.0010000000474974513, 8.397056579589844, '2024-08-02 13:46:36', 4, 999)
pval: [0.001] -- 160th test, time elapsed 8.397056579589844 -- emperical power so far (from test_start): 0.9
db insert success
(161, 3, 0, 1, 28800, 'elltwo', 'disclapu', 1.5212447789897583, 0.0020000000949949026, 8.384918451309204, '2024-08-02 13:46:55', 4, 999)
pval: [0.002] -- 161th test, time elapsed 8.384918451309204 -- emperical power so far (from test_start): 0.9006211180124224
db insert success
(162, 3, 0, 1, 28800, 'elltwo', 'disclapu', 0.6734702652879738, 0.054999999701976776, 8.48414397239685, '2024-08-02 13:47:19', 4, 999)
pval: [0.055] -- 162th test, time elapsed 8.48414397239685 -- emperical power so far (from test_start): 0.8950617283950617
db insert success
(163, 3, 0, 1, 28800, 'elltwo', 'disclapu', 1.5042182737971546, 0.003000000026077032, 8.381759881973267, '2024-08-02 13:47:28', 4, 999)
pval: [0.003] -- 163th test, time elapsed 8.381759881973267 -- emperical power so far (from test_start): 0.8957055214723927
db insert success
(164, 3, 0, 1, 28800, 'elltwo', 'disclapu', 0.445262667075772, 0.16500000655651093, 8.49019742012024, '2024-08-02 13:47:48', 4, 999)
pval: [0.16500001] -- 164th test, time elapsed 8.49019742012024 -- emperical power so far (from test_start): 0.8902439024390244
db insert success
(165, 3, 0, 1, 28800, 'elltwo', 'disclapu', 1.1587552871243512, 0.006000000052154064, 8.310683012008667, '2024-08-02 13:47:57', 4, 999)
pval: [0.006] -- 165th test, time elapsed 8.310683012008667 -- emperical power so far (from test_start): 0.8909090909090909
db insert success
(166, 3, 0, 1, 28800, 'elltwo', 'disclapu', 1.2294958800895621, 0.004000000189989805, 8.45851445198059, '2024-08-02 13:48:17', 4, 999)
pval: [0.004] -- 166th test, time elapsed 8.45851445198059 -- emperical power so far (from test_start): 0.891566265060241
db insert success
(167, 3, 0, 1, 28800, 'elltwo', 'disclapu', 0.7696703452384988, 0.032999999821186066, 8.422688484191895, '2024-08-02 13:48:35', 4, 999)
pval: [0.033] -- 167th test, time elapsed 8.422688484191895 -- emperical power so far (from test_start): 0.8922155688622755
db insert success
(168, 3, 0, 1, 28800, 'elltwo', 'disclapu', 1.7986004870282377, 0.0010000000474974513, 8.319880247116089, '2024-08-02 13:48:53', 4, 999)
pval: [0.001] -- 168th test, time elapsed 8.319880247116089 -- emperical power so far (from test_start): 0.8928571428571429
db insert success
(169, 3, 0, 1, 28800, 'elltwo', 'disclapu', 1.2618128696073425, 0.00800000037997961, 8.468794345855713, '2024-08-02 13:49:15', 4, 999)
pval: [0.008] -- 169th test, time elapsed 8.468794345855713 -- emperical power so far (from test_start): 0.893491124260355
db insert success
(170, 3, 0, 1, 28800, 'elltwo', 'disclapu', 1.29617918352218, 0.003000000026077032, 8.46056842803955, '2024-08-02 13:49:24', 4, 999)
pval: [0.003] -- 170th test, time elapsed 8.46056842803955 -- emperical power so far (from test_start): 0.8941176470588236
db insert success
(171, 3, 0, 1, 28800, 'elltwo', 'disclapu', 1.6364345654553922, 0.0020000000949949026, 8.342451810836792, '2024-08-02 13:49:39', 4, 999)
pval: [0.002] -- 171th test, time elapsed 8.342451810836792 -- emperical power so far (from test_start): 0.8947368421052632
db insert success
(172, 3, 0, 1, 28800, 'elltwo', 'disclapu', 1.5236818723519807, 0.0020000000949949026, 8.563719987869263, '2024-08-02 13:50:02', 4, 999)
pval: [0.002] -- 172th test, time elapsed 8.563719987869263 -- emperical power so far (from test_start): 0.8953488372093024
db insert success
(173, 3, 0, 1, 28800, 'elltwo', 'disclapu', 0.304788491945823, 0.20200000703334808, 8.438160181045532, '2024-08-02 13:50:29', 4, 999)
pval: [0.20200001] -- 173th test, time elapsed 8.438160181045532 -- emperical power so far (from test_start): 0.8901734104046243
db insert success
(174, 3, 0, 1, 28800, 'elltwo', 'disclapu', 1.3406269324876323, 0.004000000189989805, 8.412963151931763, '2024-08-02 13:50:57', 4, 999)
pval: [0.004] -- 174th test, time elapsed 8.412963151931763 -- emperical power so far (from test_start): 0.8908045977011494
db insert success
(175, 3, 0, 1, 28800, 'elltwo', 'disclapu', 0.6224184457191377, 0.07199999690055847, 8.479982376098633, '2024-08-02 13:51:18', 4, 999)
pval: [0.072] -- 175th test, time elapsed 8.479982376098633 -- emperical power so far (from test_start): 0.8857142857142857
db insert success
(176, 3, 0, 1, 28800, 'elltwo', 'disclapu', 1.0998617634892414, 0.006000000052154064, 8.402725458145142, '2024-08-02 13:51:38', 4, 999)
pval: [0.006] -- 176th test, time elapsed 8.402725458145142 -- emperical power so far (from test_start): 0.8863636363636364
db insert success
(177, 3, 0, 1, 28800, 'elltwo', 'disclapu', 0.5787562499621597, 0.07999999821186066, 8.317378997802734, '2024-08-02 13:52:04', 4, 999)
pval: [0.08] -- 177th test, time elapsed 8.317378997802734 -- emperical power so far (from test_start): 0.8813559322033898
db insert success
(178, 3, 0, 1, 28800, 'elltwo', 'disclapu', 2.3910547970939913, 0.0010000000474974513, 8.459563970565796, '2024-08-02 13:52:22', 4, 999)
pval: [0.001] -- 178th test, time elapsed 8.459563970565796 -- emperical power so far (from test_start): 0.8820224719101124
db insert success
(179, 3, 0, 1, 28800, 'elltwo', 'disclapu', 1.2458934603615557, 0.007000000216066837, 8.511624574661255, '2024-08-02 13:52:44', 4, 999)
pval: [0.007] -- 179th test, time elapsed 8.511624574661255 -- emperical power so far (from test_start): 0.88268156424581
db insert success
(180, 3, 0, 1, 28800, 'elltwo', 'disclapu', 2.702407900892788, 0.0010000000474974513, 8.352471351623535, '2024-08-02 13:53:11', 4, 999)
pval: [0.001] -- 180th test, time elapsed 8.352471351623535 -- emperical power so far (from test_start): 0.8833333333333333
db insert success
(181, 3, 0, 1, 28800, 'elltwo', 'disclapu', 2.578745926683697, 0.0010000000474974513, 8.4561607837677, '2024-08-02 13:53:32', 4, 999)
pval: [0.001] -- 181th test, time elapsed 8.4561607837677 -- emperical power so far (from test_start): 0.8839779005524862
db insert success
(182, 3, 0, 1, 28800, 'elltwo', 'disclapu', 1.443609195280815, 0.0020000000949949026, 8.576164245605469, '2024-08-02 13:53:51', 4, 999)
pval: [0.002] -- 182th test, time elapsed 8.576164245605469 -- emperical power so far (from test_start): 0.8846153846153846
db insert success
(183, 3, 0, 1, 28800, 'elltwo', 'disclapu', 1.3241471922723527, 0.004999999888241291, 8.434188842773438, '2024-08-02 13:54:02', 4, 999)
pval: [0.005] -- 183th test, time elapsed 8.434188842773438 -- emperical power so far (from test_start): 0.8852459016393442
db insert success
(184, 3, 0, 1, 28800, 'elltwo', 'disclapu', 1.5244092691123035, 0.0020000000949949026, 8.409188508987427, '2024-08-02 13:54:31', 4, 999)
pval: [0.002] -- 184th test, time elapsed 8.409188508987427 -- emperical power so far (from test_start): 0.8858695652173914
db insert success
(185, 3, 0, 1, 28800, 'elltwo', 'disclapu', 1.796670782286676, 0.0010000000474974513, 8.445285081863403, '2024-08-02 13:54:47', 4, 999)
pval: [0.001] -- 185th test, time elapsed 8.445285081863403 -- emperical power so far (from test_start): 0.8864864864864865
db insert success
(186, 3, 0, 1, 28800, 'elltwo', 'disclapu', 1.94038253290373, 0.0010000000474974513, 8.466662168502808, '2024-08-02 13:55:01', 4, 999)
pval: [0.001] -- 186th test, time elapsed 8.466662168502808 -- emperical power so far (from test_start): 0.8870967741935484
db insert success
(187, 3, 0, 1, 28800, 'elltwo', 'disclapu', 0.706008437387907, 0.04600000008940697, 8.563795566558838, '2024-08-02 13:55:24', 4, 999)
pval: [0.046] -- 187th test, time elapsed 8.563795566558838 -- emperical power so far (from test_start): 0.8877005347593583
db insert success
(188, 3, 0, 1, 28800, 'elltwo', 'disclapu', 0.7561542424352856, 0.05000000074505806, 8.574745416641235, '2024-08-02 13:55:48', 4, 999)
pval: [0.05] -- 188th test, time elapsed 8.574745416641235 -- emperical power so far (from test_start): 0.8829787234042553
db insert success
(189, 3, 0, 1, 28800, 'elltwo', 'disclapu', 1.1103819357927422, 0.007000000216066837, 8.473114728927612, '2024-08-02 13:55:58', 4, 999)
pval: [0.007] -- 189th test, time elapsed 8.473114728927612 -- emperical power so far (from test_start): 0.8835978835978836
db insert success
(190, 3, 0, 1, 28800, 'elltwo', 'disclapu', 0.4981769349364953, 0.0949999988079071, 8.526334524154663, '2024-08-02 13:56:19', 4, 999)
pval: [0.095] -- 190th test, time elapsed 8.526334524154663 -- emperical power so far (from test_start): 0.8789473684210526
db insert success
(191, 3, 0, 1, 28800, 'elltwo', 'disclapu', 1.056236141016615, 0.006000000052154064, 8.514689683914185, '2024-08-02 13:56:39', 4, 999)
pval: [0.006] -- 191th test, time elapsed 8.514689683914185 -- emperical power so far (from test_start): 0.8795811518324608
db insert success
(192, 3, 0, 1, 28800, 'elltwo', 'disclapu', 1.4300636299588891, 0.0010000000474974513, 8.452917575836182, '2024-08-02 13:57:07', 4, 999)
pval: [0.001] -- 192th test, time elapsed 8.452917575836182 -- emperical power so far (from test_start): 0.8802083333333334
db insert success
(193, 3, 0, 1, 28800, 'elltwo', 'disclapu', 0.6928231524910089, 0.0560000017285347, 8.562052726745605, '2024-08-02 13:57:19', 4, 999)
pval: [0.056] -- 193th test, time elapsed 8.562052726745605 -- emperical power so far (from test_start): 0.8756476683937824
db insert success
(194, 3, 0, 1, 28800, 'elltwo', 'disclapu', 1.8590585729726454, 0.0010000000474974513, 8.374886512756348, '2024-08-02 13:57:36', 4, 999)
pval: [0.001] -- 194th test, time elapsed 8.374886512756348 -- emperical power so far (from test_start): 0.8762886597938144
db insert success
(195, 3, 0, 1, 28800, 'elltwo', 'disclapu', 1.115309521367469, 0.006000000052154064, 8.370712280273438, '2024-08-02 13:57:55', 4, 999)
pval: [0.006] -- 195th test, time elapsed 8.370712280273438 -- emperical power so far (from test_start): 0.8769230769230769
db insert success
(196, 3, 0, 1, 28800, 'elltwo', 'disclapu', 1.0057268294877728, 0.012000000104308128, 8.502771854400635, '2024-08-02 13:58:04', 4, 999)
pval: [0.012] -- 196th test, time elapsed 8.502771854400635 -- emperical power so far (from test_start): 0.8775510204081632
db insert success
(197, 3, 0, 1, 28800, 'elltwo', 'disclapu', 1.865721730454033, 0.0010000000474974513, 8.521034479141235, '2024-08-02 13:58:29', 4, 999)
pval: [0.001] -- 197th test, time elapsed 8.521034479141235 -- emperical power so far (from test_start): 0.8781725888324873
db insert success
(198, 3, 0, 1, 28800, 'elltwo', 'disclapu', 1.1120228287376612, 0.013000000268220901, 8.395575523376465, '2024-08-02 13:58:46', 4, 999)
pval: [0.013] -- 198th test, time elapsed 8.395575523376465 -- emperical power so far (from test_start): 0.8787878787878788
db insert success
(199, 3, 0, 1, 28800, 'elltwo', 'disclapu', 2.364802654416864, 0.0010000000474974513, 8.395130395889282, '2024-08-02 13:59:06', 4, 999)
pval: [0.001] -- 199th test, time elapsed 8.395130395889282 -- emperical power so far (from test_start): 0.8793969849246231
db insert success
(200, 3, 0, 1, 28800, 'elltwo', 'disclapu', 2.3698705074759197, 0.0010000000474974513, 8.505276203155518, '2024-08-02 13:59:34', 4, 999)
pval: [0.001] -- 200th test, time elapsed 8.505276203155518 -- emperical power so far (from test_start): 0.88
db insert success
4136.259011268616
