bitflip_projchi
privacy level = 2
tensor([0.0001, 0.0019, 0.0001, 0.0019, 0.0001, 0.0019, 0.0001, 0.0019, 0.0001,
        0.0019, 0.0001, 0.0019, 0.0001, 0.0019, 0.0001, 0.0019, 0.0001, 0.0019,
        0.0001, 0.0019, 0.0001, 0.0019, 0.0001, 0.0019, 0.0001, 0.0019, 0.0001,
        0.0019, 0.0001, 0.0019, 0.0001, 0.0019, 0.0001, 0.0019, 0.0001, 0.0019,
        0.0001, 0.0019, 0.0001, 0.0019, 0.0001, 0.0019, 0.0001, 0.0019, 0.0001,
        0.0019, 0.0001, 0.0019, 0.0001, 0.0019, 0.0001, 0.0019, 0.0001, 0.0019,
        0.0001, 0.0019, 0.0001, 0.0019, 0.0001, 0.0019, 0.0001, 0.0019, 0.0001,
        0.0019, 0.0001, 0.0019, 0.0001, 0.0019, 0.0001, 0.0019, 0.0001, 0.0019,
        0.0001, 0.0019, 0.0001, 0.0019, 0.0001, 0.0019, 0.0001, 0.0019, 0.0001,
        0.0019, 0.0001, 0.0019, 0.0001, 0.0019, 0.0001, 0.0019, 0.0001, 0.0019,
        0.0001, 0.0019, 0.0001, 0.0019, 0.0001, 0.0019, 0.0001, 0.0019, 0.0001,
        0.0019, 0.0001, 0.0019, 0.0001, 0.0019, 0.0001, 0.0019, 0.0001, 0.0019,
        0.0001, 0.0019, 0.0001, 0.0019, 0.0001, 0.0019, 0.0001, 0.0019, 0.0001,
        0.0019, 0.0001, 0.0019, 0.0001, 0.0019, 0.0001, 0.0019, 0.0001, 0.0019,
        0.0001, 0.0019, 0.0001, 0.0019, 0.0001, 0.0019, 0.0001, 0.0019, 0.0001,
        0.0019, 0.0001, 0.0019, 0.0001, 0.0019, 0.0001, 0.0019, 0.0001, 0.0019,
        0.0001, 0.0019, 0.0001, 0.0019, 0.0001, 0.0019, 0.0001, 0.0019, 0.0001,
        0.0019, 0.0001, 0.0019, 0.0001, 0.0019, 0.0001, 0.0019, 0.0001, 0.0019,
        0.0001, 0.0019, 0.0001, 0.0019, 0.0001, 0.0019, 0.0001, 0.0019, 0.0001,
        0.0019, 0.0001, 0.0019, 0.0001, 0.0019, 0.0001, 0.0019, 0.0001, 0.0019,
        0.0001, 0.0019, 0.0001, 0.0019, 0.0001, 0.0019, 0.0001, 0.0019, 0.0001,
        0.0019, 0.0001, 0.0019, 0.0001, 0.0019, 0.0001, 0.0019, 0.0001, 0.0019,
        0.0001, 0.0019, 0.0001, 0.0019, 0.0001, 0.0019, 0.0001, 0.0019, 0.0001,
        0.0019, 0.0001, 0.0019, 0.0001, 0.0019, 0.0001, 0.0019, 0.0001, 0.0019,
        0.0001, 0.0019, 0.0001, 0.0019, 0.0001, 0.0019, 0.0001, 0.0019, 0.0001,
        0.0019, 0.0001, 0.0019, 0.0001, 0.0019, 0.0001, 0.0019, 0.0001, 0.0019,
        0.0001, 0.0019, 0.0001, 0.0019, 0.0001, 0.0019, 0.0001, 0.0019, 0.0001,
        0.0019, 0.0001, 0.0019, 0.0001, 0.0019, 0.0001, 0.0019, 0.0001, 0.0019,
        0.0001, 0.0019, 0.0001, 0.0019, 0.0001, 0.0019, 0.0001, 0.0019, 0.0001,
        0.0019, 0.0001, 0.0019, 0.0001, 0.0019, 0.0001, 0.0019, 0.0001, 0.0019,
        0.0001, 0.0019, 0.0001, 0.0019, 0.0001, 0.0019, 0.0001, 0.0019, 0.0001,
        0.0019, 0.0001, 0.0019, 0.0001, 0.0019, 0.0001, 0.0019, 0.0001, 0.0019,
        0.0001, 0.0019, 0.0001, 0.0019, 0.0001, 0.0019, 0.0001, 0.0019, 0.0001,
        0.0019, 0.0001, 0.0019, 0.0001, 0.0019, 0.0001, 0.0019, 0.0001, 0.0019,
        0.0001, 0.0019, 0.0001, 0.0019, 0.0001, 0.0019, 0.0001, 0.0019, 0.0001,
        0.0019, 0.0001, 0.0019, 0.0001, 0.0019, 0.0001, 0.0019, 0.0001, 0.0019,
        0.0001, 0.0019, 0.0001, 0.0019, 0.0001, 0.0019, 0.0001, 0.0019, 0.0001,
        0.0019, 0.0001, 0.0019, 0.0001, 0.0019, 0.0001, 0.0019, 0.0001, 0.0019,
        0.0001, 0.0019, 0.0001, 0.0019, 0.0001, 0.0019, 0.0001, 0.0019, 0.0001,
        0.0019, 0.0001, 0.0019, 0.0001, 0.0019, 0.0001, 0.0019, 0.0001, 0.0019,
        0.0001, 0.0019, 0.0001, 0.0019, 0.0001, 0.0019, 0.0001, 0.0019, 0.0001,
        0.0019, 0.0001, 0.0019, 0.0001, 0.0019, 0.0001, 0.0019, 0.0001, 0.0019,
        0.0001, 0.0019, 0.0001, 0.0019, 0.0001, 0.0019, 0.0001, 0.0019, 0.0001,
        0.0019, 0.0001, 0.0019, 0.0001, 0.0019, 0.0001, 0.0019, 0.0001, 0.0019,
        0.0001, 0.0019, 0.0001, 0.0019, 0.0001, 0.0019, 0.0001, 0.0019, 0.0001,
        0.0019, 0.0001, 0.0019, 0.0001, 0.0019, 0.0001, 0.0019, 0.0001, 0.0019,
        0.0001, 0.0019, 0.0001, 0.0019, 0.0001, 0.0019, 0.0001, 0.0019, 0.0001,
        0.0019, 0.0001, 0.0019, 0.0001, 0.0019, 0.0001, 0.0019, 0.0001, 0.0019,
        0.0001, 0.0019, 0.0001, 0.0019, 0.0001, 0.0019, 0.0001, 0.0019, 0.0001,
        0.0019, 0.0001, 0.0019, 0.0001, 0.0019, 0.0001, 0.0019, 0.0001, 0.0019,
        0.0001, 0.0019, 0.0001, 0.0019, 0.0001, 0.0019, 0.0001, 0.0019, 0.0001,
        0.0019, 0.0001, 0.0019, 0.0001, 0.0019, 0.0001, 0.0019, 0.0001, 0.0019,
        0.0001, 0.0019, 0.0001, 0.0019, 0.0001, 0.0019, 0.0001, 0.0019, 0.0001,
        0.0019, 0.0001, 0.0019, 0.0001, 0.0019, 0.0001, 0.0019, 0.0001, 0.0019,
        0.0001, 0.0019, 0.0001, 0.0019, 0.0001, 0.0019, 0.0001, 0.0019, 0.0001,
        0.0019, 0.0001, 0.0019, 0.0001, 0.0019, 0.0001, 0.0019, 0.0001, 0.0019,
        0.0001, 0.0019, 0.0001, 0.0019, 0.0001, 0.0019, 0.0001, 0.0019, 0.0001,
        0.0019, 0.0001, 0.0019, 0.0001, 0.0019, 0.0001, 0.0019, 0.0001, 0.0019,
        0.0001, 0.0019, 0.0001, 0.0019, 0.0001, 0.0019, 0.0001, 0.0019, 0.0001,
        0.0019, 0.0001, 0.0019, 0.0001, 0.0019, 0.0001, 0.0019, 0.0001, 0.0019,
        0.0001, 0.0019, 0.0001, 0.0019, 0.0001, 0.0019, 0.0001, 0.0019, 0.0001,
        0.0019, 0.0001, 0.0019, 0.0001, 0.0019, 0.0001, 0.0019, 0.0001, 0.0019,
        0.0001, 0.0019, 0.0001, 0.0019, 0.0001, 0.0019, 0.0001, 0.0019, 0.0001,
        0.0019, 0.0001, 0.0019, 0.0001, 0.0019, 0.0001, 0.0019, 0.0001, 0.0019,
        0.0001, 0.0019, 0.0001, 0.0019, 0.0001, 0.0019, 0.0001, 0.0019, 0.0001,
        0.0019, 0.0001, 0.0019, 0.0001, 0.0019, 0.0001, 0.0019, 0.0001, 0.0019,
        0.0001, 0.0019, 0.0001, 0.0019, 0.0001, 0.0019, 0.0001, 0.0019, 0.0001,
        0.0019, 0.0001, 0.0019, 0.0001, 0.0019, 0.0001, 0.0019, 0.0001, 0.0019,
        0.0001, 0.0019, 0.0001, 0.0019, 0.0001, 0.0019, 0.0001, 0.0019, 0.0001,
        0.0019, 0.0001, 0.0019, 0.0001, 0.0019, 0.0001, 0.0019, 0.0001, 0.0019,
        0.0001, 0.0019, 0.0001, 0.0019, 0.0001, 0.0019, 0.0001, 0.0019, 0.0001,
        0.0019, 0.0001, 0.0019, 0.0001, 0.0019, 0.0001, 0.0019, 0.0001, 0.0019,
        0.0001, 0.0019, 0.0001, 0.0019, 0.0001, 0.0019, 0.0001, 0.0019, 0.0001,
        0.0019, 0.0001, 0.0019, 0.0001, 0.0019, 0.0001, 0.0019, 0.0001, 0.0019,
        0.0001, 0.0019, 0.0001, 0.0019, 0.0001, 0.0019, 0.0001, 0.0019, 0.0001,
        0.0019, 0.0001, 0.0019, 0.0001, 0.0019, 0.0001, 0.0019, 0.0001, 0.0019,
        0.0001, 0.0019, 0.0001, 0.0019, 0.0001, 0.0019, 0.0001, 0.0019, 0.0001,
        0.0019, 0.0001, 0.0019, 0.0001, 0.0019, 0.0001, 0.0019, 0.0001, 0.0019,
        0.0001, 0.0019, 0.0001, 0.0019, 0.0001, 0.0019, 0.0001, 0.0019, 0.0001,
        0.0019, 0.0001, 0.0019, 0.0001, 0.0019, 0.0001, 0.0019, 0.0001, 0.0019,
        0.0001, 0.0019, 0.0001, 0.0019, 0.0001, 0.0019, 0.0001, 0.0019, 0.0001,
        0.0019, 0.0001, 0.0019, 0.0001, 0.0019, 0.0001, 0.0019, 0.0001, 0.0019,
        0.0001, 0.0019, 0.0001, 0.0019, 0.0001, 0.0019, 0.0001, 0.0019, 0.0001,
        0.0019, 0.0001, 0.0019, 0.0001, 0.0019, 0.0001, 0.0019, 0.0001, 0.0019,
        0.0001, 0.0019, 0.0001, 0.0019, 0.0001, 0.0019, 0.0001, 0.0019, 0.0001,
        0.0019, 0.0001, 0.0019, 0.0001, 0.0019, 0.0001, 0.0019, 0.0001, 0.0019,
        0.0001, 0.0019, 0.0001, 0.0019, 0.0001, 0.0019, 0.0001, 0.0019, 0.0001,
        0.0019, 0.0001, 0.0019, 0.0001, 0.0019, 0.0001, 0.0019, 0.0001, 0.0019,
        0.0001, 0.0019, 0.0001, 0.0019, 0.0001, 0.0019, 0.0001, 0.0019, 0.0001,
        0.0019, 0.0001, 0.0019, 0.0001, 0.0019, 0.0001, 0.0019, 0.0001, 0.0019,
        0.0001, 0.0019, 0.0001, 0.0019, 0.0001, 0.0019, 0.0001, 0.0019, 0.0001,
        0.0019, 0.0001, 0.0019, 0.0001, 0.0019, 0.0001, 0.0019, 0.0001, 0.0019,
        0.0001, 0.0019, 0.0001, 0.0019, 0.0001, 0.0019, 0.0001, 0.0019, 0.0001,
        0.0019, 0.0001, 0.0019, 0.0001, 0.0019, 0.0001, 0.0019, 0.0001, 0.0019,
        0.0001, 0.0019, 0.0001, 0.0019, 0.0001, 0.0019, 0.0001, 0.0019, 0.0001,
        0.0019, 0.0001, 0.0019, 0.0001, 0.0019, 0.0001, 0.0019, 0.0001, 0.0019,
        0.0001, 0.0019, 0.0001, 0.0019, 0.0001, 0.0019, 0.0001, 0.0019, 0.0001,
        0.0019, 0.0001, 0.0019, 0.0001, 0.0019, 0.0001, 0.0019, 0.0001, 0.0019,
        0.0001, 0.0019, 0.0001, 0.0019, 0.0001, 0.0019, 0.0001, 0.0019, 0.0001,
        0.0019, 0.0001, 0.0019, 0.0001, 0.0019, 0.0001, 0.0019, 0.0001, 0.0019,
        0.0001, 0.0019, 0.0001, 0.0019, 0.0001, 0.0019, 0.0001, 0.0019, 0.0001,
        0.0019, 0.0001, 0.0019, 0.0001, 0.0019, 0.0001, 0.0019, 0.0001, 0.0019,
        0.0001, 0.0019, 0.0001, 0.0019, 0.0001, 0.0019, 0.0001, 0.0019, 0.0001,
        0.0019, 0.0001, 0.0019, 0.0001, 0.0019, 0.0001, 0.0019, 0.0001, 0.0019,
        0.0001, 0.0019, 0.0001, 0.0019, 0.0001, 0.0019, 0.0001, 0.0019, 0.0001,
        0.0019, 0.0001, 0.0019, 0.0001, 0.0019, 0.0001, 0.0019, 0.0001, 0.0019,
        0.0001, 0.0019, 0.0001, 0.0019, 0.0001, 0.0019, 0.0001, 0.0019, 0.0001,
        0.0019, 0.0001, 0.0019, 0.0001, 0.0019, 0.0001, 0.0019, 0.0001, 0.0019,
        0.0001, 0.0019, 0.0001, 0.0019, 0.0001, 0.0019, 0.0001, 0.0019, 0.0001,
        0.0019, 0.0001, 0.0019, 0.0001, 0.0019, 0.0001, 0.0019, 0.0001, 0.0019,
        0.0001, 0.0019, 0.0001, 0.0019, 0.0001, 0.0019, 0.0001, 0.0019, 0.0001,
        0.0019])
tensor([0.0019, 0.0001, 0.0019, 0.0001, 0.0019, 0.0001, 0.0019, 0.0001, 0.0019,
        0.0001, 0.0019, 0.0001, 0.0019, 0.0001, 0.0019, 0.0001, 0.0019, 0.0001,
        0.0019, 0.0001, 0.0019, 0.0001, 0.0019, 0.0001, 0.0019, 0.0001, 0.0019,
        0.0001, 0.0019, 0.0001, 0.0019, 0.0001, 0.0019, 0.0001, 0.0019, 0.0001,
        0.0019, 0.0001, 0.0019, 0.0001, 0.0019, 0.0001, 0.0019, 0.0001, 0.0019,
        0.0001, 0.0019, 0.0001, 0.0019, 0.0001, 0.0019, 0.0001, 0.0019, 0.0001,
        0.0019, 0.0001, 0.0019, 0.0001, 0.0019, 0.0001, 0.0019, 0.0001, 0.0019,
        0.0001, 0.0019, 0.0001, 0.0019, 0.0001, 0.0019, 0.0001, 0.0019, 0.0001,
        0.0019, 0.0001, 0.0019, 0.0001, 0.0019, 0.0001, 0.0019, 0.0001, 0.0019,
        0.0001, 0.0019, 0.0001, 0.0019, 0.0001, 0.0019, 0.0001, 0.0019, 0.0001,
        0.0019, 0.0001, 0.0019, 0.0001, 0.0019, 0.0001, 0.0019, 0.0001, 0.0019,
        0.0001, 0.0019, 0.0001, 0.0019, 0.0001, 0.0019, 0.0001, 0.0019, 0.0001,
        0.0019, 0.0001, 0.0019, 0.0001, 0.0019, 0.0001, 0.0019, 0.0001, 0.0019,
        0.0001, 0.0019, 0.0001, 0.0019, 0.0001, 0.0019, 0.0001, 0.0019, 0.0001,
        0.0019, 0.0001, 0.0019, 0.0001, 0.0019, 0.0001, 0.0019, 0.0001, 0.0019,
        0.0001, 0.0019, 0.0001, 0.0019, 0.0001, 0.0019, 0.0001, 0.0019, 0.0001,
        0.0019, 0.0001, 0.0019, 0.0001, 0.0019, 0.0001, 0.0019, 0.0001, 0.0019,
        0.0001, 0.0019, 0.0001, 0.0019, 0.0001, 0.0019, 0.0001, 0.0019, 0.0001,
        0.0019, 0.0001, 0.0019, 0.0001, 0.0019, 0.0001, 0.0019, 0.0001, 0.0019,
        0.0001, 0.0019, 0.0001, 0.0019, 0.0001, 0.0019, 0.0001, 0.0019, 0.0001,
        0.0019, 0.0001, 0.0019, 0.0001, 0.0019, 0.0001, 0.0019, 0.0001, 0.0019,
        0.0001, 0.0019, 0.0001, 0.0019, 0.0001, 0.0019, 0.0001, 0.0019, 0.0001,
        0.0019, 0.0001, 0.0019, 0.0001, 0.0019, 0.0001, 0.0019, 0.0001, 0.0019,
        0.0001, 0.0019, 0.0001, 0.0019, 0.0001, 0.0019, 0.0001, 0.0019, 0.0001,
        0.0019, 0.0001, 0.0019, 0.0001, 0.0019, 0.0001, 0.0019, 0.0001, 0.0019,
        0.0001, 0.0019, 0.0001, 0.0019, 0.0001, 0.0019, 0.0001, 0.0019, 0.0001,
        0.0019, 0.0001, 0.0019, 0.0001, 0.0019, 0.0001, 0.0019, 0.0001, 0.0019,
        0.0001, 0.0019, 0.0001, 0.0019, 0.0001, 0.0019, 0.0001, 0.0019, 0.0001,
        0.0019, 0.0001, 0.0019, 0.0001, 0.0019, 0.0001, 0.0019, 0.0001, 0.0019,
        0.0001, 0.0019, 0.0001, 0.0019, 0.0001, 0.0019, 0.0001, 0.0019, 0.0001,
        0.0019, 0.0001, 0.0019, 0.0001, 0.0019, 0.0001, 0.0019, 0.0001, 0.0019,
        0.0001, 0.0019, 0.0001, 0.0019, 0.0001, 0.0019, 0.0001, 0.0019, 0.0001,
        0.0019, 0.0001, 0.0019, 0.0001, 0.0019, 0.0001, 0.0019, 0.0001, 0.0019,
        0.0001, 0.0019, 0.0001, 0.0019, 0.0001, 0.0019, 0.0001, 0.0019, 0.0001,
        0.0019, 0.0001, 0.0019, 0.0001, 0.0019, 0.0001, 0.0019, 0.0001, 0.0019,
        0.0001, 0.0019, 0.0001, 0.0019, 0.0001, 0.0019, 0.0001, 0.0019, 0.0001,
        0.0019, 0.0001, 0.0019, 0.0001, 0.0019, 0.0001, 0.0019, 0.0001, 0.0019,
        0.0001, 0.0019, 0.0001, 0.0019, 0.0001, 0.0019, 0.0001, 0.0019, 0.0001,
        0.0019, 0.0001, 0.0019, 0.0001, 0.0019, 0.0001, 0.0019, 0.0001, 0.0019,
        0.0001, 0.0019, 0.0001, 0.0019, 0.0001, 0.0019, 0.0001, 0.0019, 0.0001,
        0.0019, 0.0001, 0.0019, 0.0001, 0.0019, 0.0001, 0.0019, 0.0001, 0.0019,
        0.0001, 0.0019, 0.0001, 0.0019, 0.0001, 0.0019, 0.0001, 0.0019, 0.0001,
        0.0019, 0.0001, 0.0019, 0.0001, 0.0019, 0.0001, 0.0019, 0.0001, 0.0019,
        0.0001, 0.0019, 0.0001, 0.0019, 0.0001, 0.0019, 0.0001, 0.0019, 0.0001,
        0.0019, 0.0001, 0.0019, 0.0001, 0.0019, 0.0001, 0.0019, 0.0001, 0.0019,
        0.0001, 0.0019, 0.0001, 0.0019, 0.0001, 0.0019, 0.0001, 0.0019, 0.0001,
        0.0019, 0.0001, 0.0019, 0.0001, 0.0019, 0.0001, 0.0019, 0.0001, 0.0019,
        0.0001, 0.0019, 0.0001, 0.0019, 0.0001, 0.0019, 0.0001, 0.0019, 0.0001,
        0.0019, 0.0001, 0.0019, 0.0001, 0.0019, 0.0001, 0.0019, 0.0001, 0.0019,
        0.0001, 0.0019, 0.0001, 0.0019, 0.0001, 0.0019, 0.0001, 0.0019, 0.0001,
        0.0019, 0.0001, 0.0019, 0.0001, 0.0019, 0.0001, 0.0019, 0.0001, 0.0019,
        0.0001, 0.0019, 0.0001, 0.0019, 0.0001, 0.0019, 0.0001, 0.0019, 0.0001,
        0.0019, 0.0001, 0.0019, 0.0001, 0.0019, 0.0001, 0.0019, 0.0001, 0.0019,
        0.0001, 0.0019, 0.0001, 0.0019, 0.0001, 0.0019, 0.0001, 0.0019, 0.0001,
        0.0019, 0.0001, 0.0019, 0.0001, 0.0019, 0.0001, 0.0019, 0.0001, 0.0019,
        0.0001, 0.0019, 0.0001, 0.0019, 0.0001, 0.0019, 0.0001, 0.0019, 0.0001,
        0.0019, 0.0001, 0.0019, 0.0001, 0.0019, 0.0001, 0.0019, 0.0001, 0.0019,
        0.0001, 0.0019, 0.0001, 0.0019, 0.0001, 0.0019, 0.0001, 0.0019, 0.0001,
        0.0019, 0.0001, 0.0019, 0.0001, 0.0019, 0.0001, 0.0019, 0.0001, 0.0019,
        0.0001, 0.0019, 0.0001, 0.0019, 0.0001, 0.0019, 0.0001, 0.0019, 0.0001,
        0.0019, 0.0001, 0.0019, 0.0001, 0.0019, 0.0001, 0.0019, 0.0001, 0.0019,
        0.0001, 0.0019, 0.0001, 0.0019, 0.0001, 0.0019, 0.0001, 0.0019, 0.0001,
        0.0019, 0.0001, 0.0019, 0.0001, 0.0019, 0.0001, 0.0019, 0.0001, 0.0019,
        0.0001, 0.0019, 0.0001, 0.0019, 0.0001, 0.0019, 0.0001, 0.0019, 0.0001,
        0.0019, 0.0001, 0.0019, 0.0001, 0.0019, 0.0001, 0.0019, 0.0001, 0.0019,
        0.0001, 0.0019, 0.0001, 0.0019, 0.0001, 0.0019, 0.0001, 0.0019, 0.0001,
        0.0019, 0.0001, 0.0019, 0.0001, 0.0019, 0.0001, 0.0019, 0.0001, 0.0019,
        0.0001, 0.0019, 0.0001, 0.0019, 0.0001, 0.0019, 0.0001, 0.0019, 0.0001,
        0.0019, 0.0001, 0.0019, 0.0001, 0.0019, 0.0001, 0.0019, 0.0001, 0.0019,
        0.0001, 0.0019, 0.0001, 0.0019, 0.0001, 0.0019, 0.0001, 0.0019, 0.0001,
        0.0019, 0.0001, 0.0019, 0.0001, 0.0019, 0.0001, 0.0019, 0.0001, 0.0019,
        0.0001, 0.0019, 0.0001, 0.0019, 0.0001, 0.0019, 0.0001, 0.0019, 0.0001,
        0.0019, 0.0001, 0.0019, 0.0001, 0.0019, 0.0001, 0.0019, 0.0001, 0.0019,
        0.0001, 0.0019, 0.0001, 0.0019, 0.0001, 0.0019, 0.0001, 0.0019, 0.0001,
        0.0019, 0.0001, 0.0019, 0.0001, 0.0019, 0.0001, 0.0019, 0.0001, 0.0019,
        0.0001, 0.0019, 0.0001, 0.0019, 0.0001, 0.0019, 0.0001, 0.0019, 0.0001,
        0.0019, 0.0001, 0.0019, 0.0001, 0.0019, 0.0001, 0.0019, 0.0001, 0.0019,
        0.0001, 0.0019, 0.0001, 0.0019, 0.0001, 0.0019, 0.0001, 0.0019, 0.0001,
        0.0019, 0.0001, 0.0019, 0.0001, 0.0019, 0.0001, 0.0019, 0.0001, 0.0019,
        0.0001, 0.0019, 0.0001, 0.0019, 0.0001, 0.0019, 0.0001, 0.0019, 0.0001,
        0.0019, 0.0001, 0.0019, 0.0001, 0.0019, 0.0001, 0.0019, 0.0001, 0.0019,
        0.0001, 0.0019, 0.0001, 0.0019, 0.0001, 0.0019, 0.0001, 0.0019, 0.0001,
        0.0019, 0.0001, 0.0019, 0.0001, 0.0019, 0.0001, 0.0019, 0.0001, 0.0019,
        0.0001, 0.0019, 0.0001, 0.0019, 0.0001, 0.0019, 0.0001, 0.0019, 0.0001,
        0.0019, 0.0001, 0.0019, 0.0001, 0.0019, 0.0001, 0.0019, 0.0001, 0.0019,
        0.0001, 0.0019, 0.0001, 0.0019, 0.0001, 0.0019, 0.0001, 0.0019, 0.0001,
        0.0019, 0.0001, 0.0019, 0.0001, 0.0019, 0.0001, 0.0019, 0.0001, 0.0019,
        0.0001, 0.0019, 0.0001, 0.0019, 0.0001, 0.0019, 0.0001, 0.0019, 0.0001,
        0.0019, 0.0001, 0.0019, 0.0001, 0.0019, 0.0001, 0.0019, 0.0001, 0.0019,
        0.0001, 0.0019, 0.0001, 0.0019, 0.0001, 0.0019, 0.0001, 0.0019, 0.0001,
        0.0019, 0.0001, 0.0019, 0.0001, 0.0019, 0.0001, 0.0019, 0.0001, 0.0019,
        0.0001, 0.0019, 0.0001, 0.0019, 0.0001, 0.0019, 0.0001, 0.0019, 0.0001,
        0.0019, 0.0001, 0.0019, 0.0001, 0.0019, 0.0001, 0.0019, 0.0001, 0.0019,
        0.0001, 0.0019, 0.0001, 0.0019, 0.0001, 0.0019, 0.0001, 0.0019, 0.0001,
        0.0019, 0.0001, 0.0019, 0.0001, 0.0019, 0.0001, 0.0019, 0.0001, 0.0019,
        0.0001, 0.0019, 0.0001, 0.0019, 0.0001, 0.0019, 0.0001, 0.0019, 0.0001,
        0.0019, 0.0001, 0.0019, 0.0001, 0.0019, 0.0001, 0.0019, 0.0001, 0.0019,
        0.0001, 0.0019, 0.0001, 0.0019, 0.0001, 0.0019, 0.0001, 0.0019, 0.0001,
        0.0019, 0.0001, 0.0019, 0.0001, 0.0019, 0.0001, 0.0019, 0.0001, 0.0019,
        0.0001, 0.0019, 0.0001, 0.0019, 0.0001, 0.0019, 0.0001, 0.0019, 0.0001,
        0.0019, 0.0001, 0.0019, 0.0001, 0.0019, 0.0001, 0.0019, 0.0001, 0.0019,
        0.0001, 0.0019, 0.0001, 0.0019, 0.0001, 0.0019, 0.0001, 0.0019, 0.0001,
        0.0019, 0.0001, 0.0019, 0.0001, 0.0019, 0.0001, 0.0019, 0.0001, 0.0019,
        0.0001, 0.0019, 0.0001, 0.0019, 0.0001, 0.0019, 0.0001, 0.0019, 0.0001,
        0.0019, 0.0001, 0.0019, 0.0001, 0.0019, 0.0001, 0.0019, 0.0001, 0.0019,
        0.0001, 0.0019, 0.0001, 0.0019, 0.0001, 0.0019, 0.0001, 0.0019, 0.0001,
        0.0019, 0.0001, 0.0019, 0.0001, 0.0019, 0.0001, 0.0019, 0.0001, 0.0019,
        0.0001, 0.0019, 0.0001, 0.0019, 0.0001, 0.0019, 0.0001, 0.0019, 0.0001,
        0.0019, 0.0001, 0.0019, 0.0001, 0.0019, 0.0001, 0.0019, 0.0001, 0.0019,
        0.0001, 0.0019, 0.0001, 0.0019, 0.0001, 0.0019, 0.0001, 0.0019, 0.0001,
        0.0019, 0.0001, 0.0019, 0.0001, 0.0019, 0.0001, 0.0019, 0.0001, 0.0019,
        0.0001])


#########################################
sample size = 250000
tensor(1417.1947, device='cuda:1')
pval: 0.0010000000474974513 -- 1th test, time elapsed 169.03170108795166 -- emperical power so far: 1.0
tensor(1464.8234, device='cuda:1')
pval: 0.0010000000474974513 -- 2th test, time elapsed 161.43474626541138 -- emperical power so far: 1.0
tensor(1464.3309, device='cuda:1')
pval: 0.0010000000474974513 -- 3th test, time elapsed 163.73534083366394 -- emperical power so far: 1.0
tensor(1416.7502, device='cuda:1')
pval: 0.0010000000474974513 -- 4th test, time elapsed 167.4398729801178 -- emperical power so far: 1.0
tensor(1427.6202, device='cuda:1')
pval: 0.0010000000474974513 -- 5th test, time elapsed 169.20533061027527 -- emperical power so far: 1.0
tensor(1474.1377, device='cuda:1')
pval: 0.0010000000474974513 -- 6th test, time elapsed 165.07294607162476 -- emperical power so far: 1.0
tensor(1478.8806, device='cuda:1')
pval: 0.0010000000474974513 -- 7th test, time elapsed 160.7879934310913 -- emperical power so far: 1.0
tensor(1570.0913, device='cuda:1')
pval: 0.0010000000474974513 -- 8th test, time elapsed 163.58661127090454 -- emperical power so far: 1.0
tensor(1420.7815, device='cuda:1')
pval: 0.0010000000474974513 -- 9th test, time elapsed 167.84556245803833 -- emperical power so far: 1.0
tensor(1472.8966, device='cuda:1')
pval: 0.0010000000474974513 -- 10th test, time elapsed 160.41145014762878 -- emperical power so far: 1.0
tensor(1369.4937, device='cuda:1')
pval: 0.0010000000474974513 -- 11th test, time elapsed 164.73623514175415 -- emperical power so far: 1.0
tensor(1460.3296, device='cuda:1')
pval: 0.0010000000474974513 -- 12th test, time elapsed 162.22142791748047 -- emperical power so far: 1.0
tensor(1390.9335, device='cuda:1')
pval: 0.0010000000474974513 -- 13th test, time elapsed 173.04556322097778 -- emperical power so far: 1.0
tensor(1310.7604, device='cuda:1')
pval: 0.0010000000474974513 -- 14th test, time elapsed 159.59679007530212 -- emperical power so far: 1.0
tensor(1464.4508, device='cuda:1')
pval: 0.0010000000474974513 -- 15th test, time elapsed 161.379088640213 -- emperical power so far: 1.0
tensor(1413.2527, device='cuda:1')
pval: 0.0010000000474974513 -- 16th test, time elapsed 161.4052209854126 -- emperical power so far: 1.0
tensor(1461.5442, device='cuda:1')
pval: 0.0010000000474974513 -- 17th test, time elapsed 161.27160549163818 -- emperical power so far: 1.0
tensor(1470.8354, device='cuda:1')
pval: 0.0010000000474974513 -- 18th test, time elapsed 166.04030990600586 -- emperical power so far: 1.0
tensor(1504.3860, device='cuda:1')
pval: 0.0010000000474974513 -- 19th test, time elapsed 167.23439717292786 -- emperical power so far: 1.0
tensor(1422.4618, device='cuda:1')
pval: 0.0010000000474974513 -- 20th test, time elapsed 159.50888776779175 -- emperical power so far: 1.0
tensor(1515.8313, device='cuda:1')
pval: 0.0010000000474974513 -- 21th test, time elapsed 167.35836124420166 -- emperical power so far: 1.0
tensor(1443.5563, device='cuda:1')
pval: 0.0010000000474974513 -- 22th test, time elapsed 160.82456922531128 -- emperical power so far: 1.0
tensor(1516.7078, device='cuda:1')
pval: 0.0010000000474974513 -- 23th test, time elapsed 159.98255038261414 -- emperical power so far: 1.0
tensor(1332.0112, device='cuda:1')
pval: 0.0010000000474974513 -- 24th test, time elapsed 162.1184868812561 -- emperical power so far: 1.0
tensor(1437.8409, device='cuda:1')
pval: 0.0010000000474974513 -- 25th test, time elapsed 160.71062874794006 -- emperical power so far: 1.0
tensor(1483.6565, device='cuda:1')
pval: 0.0010000000474974513 -- 26th test, time elapsed 162.10692954063416 -- emperical power so far: 1.0
tensor(1454.8944, device='cuda:1')
pval: 0.0010000000474974513 -- 27th test, time elapsed 160.66731786727905 -- emperical power so far: 1.0
tensor(1518.7448, device='cuda:1')
pval: 0.0010000000474974513 -- 28th test, time elapsed 161.97945523262024 -- emperical power so far: 1.0
tensor(1357.4982, device='cuda:1')
pval: 0.0010000000474974513 -- 29th test, time elapsed 171.31505942344666 -- emperical power so far: 1.0
tensor(1419.7216, device='cuda:1')
pval: 0.0010000000474974513 -- 30th test, time elapsed 164.09650444984436 -- emperical power so far: 1.0
tensor(1445.2673, device='cuda:1')
pval: 0.0010000000474974513 -- 31th test, time elapsed 170.22424006462097 -- emperical power so far: 1.0
tensor(1428.6532, device='cuda:1')
pval: 0.0010000000474974513 -- 32th test, time elapsed 168.26978588104248 -- emperical power so far: 1.0
tensor(1466.8370, device='cuda:1')
pval: 0.0010000000474974513 -- 33th test, time elapsed 162.4589352607727 -- emperical power so far: 1.0
tensor(1456.1184, device='cuda:1')
pval: 0.0010000000474974513 -- 34th test, time elapsed 165.47267603874207 -- emperical power so far: 1.0
tensor(1454.1426, device='cuda:1')
pval: 0.0010000000474974513 -- 35th test, time elapsed 166.18123531341553 -- emperical power so far: 1.0
tensor(1483.1964, device='cuda:1')
pval: 0.0010000000474974513 -- 36th test, time elapsed 168.848402261734 -- emperical power so far: 1.0
tensor(1497.5476, device='cuda:1')
pval: 0.0010000000474974513 -- 37th test, time elapsed 162.34499716758728 -- emperical power so far: 1.0
tensor(1517.2274, device='cuda:1')
pval: 0.0010000000474974513 -- 38th test, time elapsed 163.064062833786 -- emperical power so far: 1.0
tensor(1339.6293, device='cuda:1')
pval: 0.0010000000474974513 -- 39th test, time elapsed 160.99877452850342 -- emperical power so far: 1.0
tensor(1479.9276, device='cuda:1')
pval: 0.0010000000474974513 -- 40th test, time elapsed 164.87833666801453 -- emperical power so far: 1.0
tensor(1449.7903, device='cuda:1')
pval: 0.0010000000474974513 -- 41th test, time elapsed 165.7186439037323 -- emperical power so far: 1.0
tensor(1481.6685, device='cuda:1')
pval: 0.0010000000474974513 -- 42th test, time elapsed 163.15338587760925 -- emperical power so far: 1.0
tensor(1313.1172, device='cuda:1')
pval: 0.0010000000474974513 -- 43th test, time elapsed 165.6474769115448 -- emperical power so far: 1.0
tensor(1374.8334, device='cuda:1')
pval: 0.0010000000474974513 -- 44th test, time elapsed 165.61723732948303 -- emperical power so far: 1.0
tensor(1485.1804, device='cuda:1')
pval: 0.0010000000474974513 -- 45th test, time elapsed 162.98389410972595 -- emperical power so far: 1.0
tensor(1410.6124, device='cuda:1')
pval: 0.0010000000474974513 -- 46th test, time elapsed 163.2214334011078 -- emperical power so far: 1.0
tensor(1377.2476, device='cuda:1')
pval: 0.0010000000474974513 -- 47th test, time elapsed 160.03440523147583 -- emperical power so far: 1.0
tensor(1429.7234, device='cuda:1')
pval: 0.0010000000474974513 -- 48th test, time elapsed 163.23971271514893 -- emperical power so far: 1.0
tensor(1415.3071, device='cuda:1')
pval: 0.0010000000474974513 -- 49th test, time elapsed 169.6502287387848 -- emperical power so far: 1.0
tensor(1301.8898, device='cuda:1')
pval: 0.0010000000474974513 -- 50th test, time elapsed 165.07674098014832 -- emperical power so far: 1.0
tensor(1484.9359, device='cuda:1')
pval: 0.0010000000474974513 -- 51th test, time elapsed 159.86795210838318 -- emperical power so far: 1.0
tensor(1388.5585, device='cuda:1')
pval: 0.0010000000474974513 -- 52th test, time elapsed 159.74246263504028 -- emperical power so far: 1.0
tensor(1361.6599, device='cuda:1')
pval: 0.0010000000474974513 -- 53th test, time elapsed 163.0003366470337 -- emperical power so far: 1.0
tensor(1533.7654, device='cuda:1')
pval: 0.0010000000474974513 -- 54th test, time elapsed 159.98378729820251 -- emperical power so far: 1.0
tensor(1427.0726, device='cuda:1')
pval: 0.0010000000474974513 -- 55th test, time elapsed 160.34996366500854 -- emperical power so far: 1.0
tensor(1487.8015, device='cuda:1')
pval: 0.0010000000474974513 -- 56th test, time elapsed 159.61804580688477 -- emperical power so far: 1.0
tensor(1357.5262, device='cuda:1')
pval: 0.0010000000474974513 -- 57th test, time elapsed 162.55141472816467 -- emperical power so far: 1.0
tensor(1564.6567, device='cuda:1')
pval: 0.0010000000474974513 -- 58th test, time elapsed 159.38506722450256 -- emperical power so far: 1.0
tensor(1455.5574, device='cuda:1')
pval: 0.0010000000474974513 -- 59th test, time elapsed 164.98044776916504 -- emperical power so far: 1.0
tensor(1468.0189, device='cuda:1')
pval: 0.0010000000474974513 -- 60th test, time elapsed 164.08344841003418 -- emperical power so far: 1.0
tensor(1396.2118, device='cuda:1')
pval: 0.0010000000474974513 -- 61th test, time elapsed 161.35252213478088 -- emperical power so far: 1.0
tensor(1385.9264, device='cuda:1')
pval: 0.0010000000474974513 -- 62th test, time elapsed 160.91006755828857 -- emperical power so far: 1.0
tensor(1540.5272, device='cuda:1')
pval: 0.0010000000474974513 -- 63th test, time elapsed 160.32451963424683 -- emperical power so far: 1.0
tensor(1576.3527, device='cuda:1')
pval: 0.0010000000474974513 -- 64th test, time elapsed 164.58065938949585 -- emperical power so far: 1.0
tensor(1441.2697, device='cuda:1')
pval: 0.0010000000474974513 -- 65th test, time elapsed 160.9562590122223 -- emperical power so far: 1.0
tensor(1427.4384, device='cuda:1')
pval: 0.0010000000474974513 -- 66th test, time elapsed 158.82740688323975 -- emperical power so far: 1.0
tensor(1411.8839, device='cuda:1')
pval: 0.0010000000474974513 -- 67th test, time elapsed 165.0656669139862 -- emperical power so far: 1.0
tensor(1436.3744, device='cuda:1')
pval: 0.0010000000474974513 -- 68th test, time elapsed 163.95534229278564 -- emperical power so far: 1.0
tensor(1468.5895, device='cuda:1')
pval: 0.0010000000474974513 -- 69th test, time elapsed 166.13591599464417 -- emperical power so far: 1.0
tensor(1421.6632, device='cuda:1')
pval: 0.0010000000474974513 -- 70th test, time elapsed 166.56143736839294 -- emperical power so far: 1.0
tensor(1410.8036, device='cuda:1')
pval: 0.0010000000474974513 -- 71th test, time elapsed 165.7100007534027 -- emperical power so far: 1.0
tensor(1377.8158, device='cuda:1')
pval: 0.0010000000474974513 -- 72th test, time elapsed 159.4044816493988 -- emperical power so far: 1.0
tensor(1543.1666, device='cuda:1')
pval: 0.0010000000474974513 -- 73th test, time elapsed 165.62248253822327 -- emperical power so far: 1.0
tensor(1420.8770, device='cuda:1')
pval: 0.0010000000474974513 -- 74th test, time elapsed 161.8539423942566 -- emperical power so far: 1.0
tensor(1430.4504, device='cuda:1')
pval: 0.0010000000474974513 -- 75th test, time elapsed 160.80316805839539 -- emperical power so far: 1.0
tensor(1471.7954, device='cuda:1')
pval: 0.0010000000474974513 -- 76th test, time elapsed 160.2361626625061 -- emperical power so far: 1.0
tensor(1488.8042, device='cuda:1')
pval: 0.0010000000474974513 -- 77th test, time elapsed 164.9061987400055 -- emperical power so far: 1.0
tensor(1522.5254, device='cuda:1')
pval: 0.0010000000474974513 -- 78th test, time elapsed 167.5290126800537 -- emperical power so far: 1.0
tensor(1498.2864, device='cuda:1')
pval: 0.0010000000474974513 -- 79th test, time elapsed 165.09856963157654 -- emperical power so far: 1.0
tensor(1529.1948, device='cuda:1')
pval: 0.0010000000474974513 -- 80th test, time elapsed 162.49898648262024 -- emperical power so far: 1.0
tensor(1357.0739, device='cuda:1')
pval: 0.0010000000474974513 -- 81th test, time elapsed 159.59978318214417 -- emperical power so far: 1.0
tensor(1438.7755, device='cuda:1')
pval: 0.0010000000474974513 -- 82th test, time elapsed 167.69015288352966 -- emperical power so far: 1.0
tensor(1411.0018, device='cuda:1')
pval: 0.0010000000474974513 -- 83th test, time elapsed 164.53420662879944 -- emperical power so far: 1.0
tensor(1429.6691, device='cuda:1')
pval: 0.0010000000474974513 -- 84th test, time elapsed 165.09600019454956 -- emperical power so far: 1.0
tensor(1401.0009, device='cuda:1')
pval: 0.0010000000474974513 -- 85th test, time elapsed 159.86882615089417 -- emperical power so far: 1.0
tensor(1422.4174, device='cuda:1')
pval: 0.0010000000474974513 -- 86th test, time elapsed 166.60586547851562 -- emperical power so far: 1.0
tensor(1494.8501, device='cuda:1')
pval: 0.0010000000474974513 -- 87th test, time elapsed 163.47156524658203 -- emperical power so far: 1.0
tensor(1567.1437, device='cuda:1')
pval: 0.0010000000474974513 -- 88th test, time elapsed 164.30669951438904 -- emperical power so far: 1.0
tensor(1420.2319, device='cuda:1')
pval: 0.0010000000474974513 -- 89th test, time elapsed 162.89725351333618 -- emperical power so far: 1.0
tensor(1441.1924, device='cuda:1')
pval: 0.0010000000474974513 -- 90th test, time elapsed 162.23547101020813 -- emperical power so far: 1.0
tensor(1445.6401, device='cuda:1')
pval: 0.0010000000474974513 -- 91th test, time elapsed 159.71237182617188 -- emperical power so far: 1.0
tensor(1447.8192, device='cuda:1')
pval: 0.0010000000474974513 -- 92th test, time elapsed 162.88807845115662 -- emperical power so far: 1.0
tensor(1467.4689, device='cuda:1')
pval: 0.0010000000474974513 -- 93th test, time elapsed 160.69756078720093 -- emperical power so far: 1.0
tensor(1376.1029, device='cuda:1')
pval: 0.0010000000474974513 -- 94th test, time elapsed 171.1496386528015 -- emperical power so far: 1.0
tensor(1486.7671, device='cuda:1')
pval: 0.0010000000474974513 -- 95th test, time elapsed 163.84640288352966 -- emperical power so far: 1.0
tensor(1428.8989, device='cuda:1')
pval: 0.0010000000474974513 -- 96th test, time elapsed 159.85355067253113 -- emperical power so far: 1.0
tensor(1400.7278, device='cuda:1')
pval: 0.0010000000474974513 -- 97th test, time elapsed 160.12732124328613 -- emperical power so far: 1.0
tensor(1441.6093, device='cuda:1')
pval: 0.0010000000474974513 -- 98th test, time elapsed 167.2458095550537 -- emperical power so far: 1.0
tensor(1424.6331, device='cuda:1')
pval: 0.0010000000474974513 -- 99th test, time elapsed 166.78806114196777 -- emperical power so far: 1.0
tensor(1413.8792, device='cuda:1')
pval: 0.0010000000474974513 -- 100th test, time elapsed 170.0182285308838 -- emperical power so far: 1.0
tensor(1519.6190, device='cuda:1')
pval: 0.0010000000474974513 -- 101th test, time elapsed 165.00060033798218 -- emperical power so far: 1.0
tensor(1491.4689, device='cuda:1')
pval: 0.0010000000474974513 -- 102th test, time elapsed 160.35269212722778 -- emperical power so far: 1.0
tensor(1500.3727, device='cuda:1')
pval: 0.0010000000474974513 -- 103th test, time elapsed 160.67843961715698 -- emperical power so far: 1.0
tensor(1494.0009, device='cuda:1')
pval: 0.0010000000474974513 -- 104th test, time elapsed 164.48233294487 -- emperical power so far: 1.0
tensor(1413.4438, device='cuda:1')
pval: 0.0010000000474974513 -- 105th test, time elapsed 167.1463029384613 -- emperical power so far: 1.0
tensor(1419.1656, device='cuda:1')
pval: 0.0010000000474974513 -- 106th test, time elapsed 162.77285838127136 -- emperical power so far: 1.0
tensor(1394.9359, device='cuda:1')
pval: 0.0010000000474974513 -- 107th test, time elapsed 166.65186166763306 -- emperical power so far: 1.0
tensor(1538.5713, device='cuda:1')
pval: 0.0010000000474974513 -- 108th test, time elapsed 164.58256840705872 -- emperical power so far: 1.0
tensor(1439.6630, device='cuda:1')
pval: 0.0010000000474974513 -- 109th test, time elapsed 160.00235319137573 -- emperical power so far: 1.0
tensor(1362.8800, device='cuda:1')
pval: 0.0010000000474974513 -- 110th test, time elapsed 164.62986016273499 -- emperical power so far: 1.0
tensor(1409.6511, device='cuda:1')
pval: 0.0010000000474974513 -- 111th test, time elapsed 165.76818585395813 -- emperical power so far: 1.0
tensor(1413.3402, device='cuda:1')
pval: 0.0010000000474974513 -- 112th test, time elapsed 164.3195445537567 -- emperical power so far: 1.0
tensor(1417.5277, device='cuda:1')
pval: 0.0010000000474974513 -- 113th test, time elapsed 164.35525488853455 -- emperical power so far: 1.0
tensor(1435.8063, device='cuda:1')
pval: 0.0010000000474974513 -- 114th test, time elapsed 165.2374243736267 -- emperical power so far: 1.0
tensor(1465.0298, device='cuda:1')
pval: 0.0010000000474974513 -- 115th test, time elapsed 166.0820050239563 -- emperical power so far: 1.0
tensor(1349.5396, device='cuda:1')
pval: 0.0010000000474974513 -- 116th test, time elapsed 167.99776816368103 -- emperical power so far: 1.0
tensor(1457.5334, device='cuda:1')
pval: 0.0010000000474974513 -- 117th test, time elapsed 164.4619381427765 -- emperical power so far: 1.0
tensor(1458.8917, device='cuda:1')
pval: 0.0010000000474974513 -- 118th test, time elapsed 164.05403184890747 -- emperical power so far: 1.0
tensor(1467.8129, device='cuda:1')
pval: 0.0010000000474974513 -- 119th test, time elapsed 164.10706424713135 -- emperical power so far: 1.0
tensor(1388.3334, device='cuda:1')
pval: 0.0010000000474974513 -- 120th test, time elapsed 167.01552987098694 -- emperical power so far: 1.0
tensor(1364.5131, device='cuda:1')
pval: 0.0010000000474974513 -- 121th test, time elapsed 165.02219653129578 -- emperical power so far: 1.0
tensor(1365.6633, device='cuda:1')
pval: 0.0010000000474974513 -- 122th test, time elapsed 165.5062277317047 -- emperical power so far: 1.0
tensor(1403.7683, device='cuda:1')
pval: 0.0010000000474974513 -- 123th test, time elapsed 165.94976902008057 -- emperical power so far: 1.0
tensor(1385.0608, device='cuda:1')
pval: 0.0010000000474974513 -- 124th test, time elapsed 167.24846506118774 -- emperical power so far: 1.0
tensor(1404.2169, device='cuda:1')
pval: 0.0010000000474974513 -- 125th test, time elapsed 165.19344925880432 -- emperical power so far: 1.0
tensor(1438.9814, device='cuda:1')
pval: 0.0010000000474974513 -- 126th test, time elapsed 165.41048216819763 -- emperical power so far: 1.0
tensor(1432.4446, device='cuda:1')
pval: 0.0010000000474974513 -- 127th test, time elapsed 165.37734985351562 -- emperical power so far: 1.0
tensor(1417.3317, device='cuda:1')
pval: 0.0010000000474974513 -- 128th test, time elapsed 166.06362628936768 -- emperical power so far: 1.0
tensor(1468.3861, device='cuda:1')
pval: 0.0010000000474974513 -- 129th test, time elapsed 162.0832643508911 -- emperical power so far: 1.0
tensor(1492.0609, device='cuda:1')
pval: 0.0010000000474974513 -- 130th test, time elapsed 167.29856705665588 -- emperical power so far: 1.0
tensor(1440.0928, device='cuda:1')
pval: 0.0010000000474974513 -- 131th test, time elapsed 159.4167869091034 -- emperical power so far: 1.0
tensor(1390.8243, device='cuda:1')
pval: 0.0010000000474974513 -- 132th test, time elapsed 159.77761244773865 -- emperical power so far: 1.0
tensor(1441.0122, device='cuda:1')
pval: 0.0010000000474974513 -- 133th test, time elapsed 160.80270981788635 -- emperical power so far: 1.0
tensor(1441.1499, device='cuda:1')
pval: 0.0010000000474974513 -- 134th test, time elapsed 159.86209893226624 -- emperical power so far: 1.0
tensor(1365.8900, device='cuda:1')
pval: 0.0010000000474974513 -- 135th test, time elapsed 158.94259023666382 -- emperical power so far: 1.0
tensor(1412.4166, device='cuda:1')
pval: 0.0010000000474974513 -- 136th test, time elapsed 159.7825767993927 -- emperical power so far: 1.0
tensor(1428.4857, device='cuda:1')
pval: 0.0010000000474974513 -- 137th test, time elapsed 161.06466555595398 -- emperical power so far: 1.0
tensor(1464.1578, device='cuda:1')
pval: 0.0010000000474974513 -- 138th test, time elapsed 157.74300718307495 -- emperical power so far: 1.0
tensor(1524.6162, device='cuda:1')
pval: 0.0010000000474974513 -- 139th test, time elapsed 159.13143181800842 -- emperical power so far: 1.0
tensor(1496.0077, device='cuda:1')
pval: 0.0010000000474974513 -- 140th test, time elapsed 160.534893989563 -- emperical power so far: 1.0
tensor(1404.2351, device='cuda:1')
pval: 0.0010000000474974513 -- 141th test, time elapsed 161.11404418945312 -- emperical power so far: 1.0
tensor(1485.8541, device='cuda:1')
pval: 0.0010000000474974513 -- 142th test, time elapsed 159.66145753860474 -- emperical power so far: 1.0
tensor(1478.0880, device='cuda:1')
pval: 0.0010000000474974513 -- 143th test, time elapsed 160.29177141189575 -- emperical power so far: 1.0
tensor(1388.6332, device='cuda:1')
pval: 0.0010000000474974513 -- 144th test, time elapsed 166.16701412200928 -- emperical power so far: 1.0
tensor(1437.6427, device='cuda:1')
pval: 0.0010000000474974513 -- 145th test, time elapsed 159.8604781627655 -- emperical power so far: 1.0
tensor(1505.0562, device='cuda:1')
pval: 0.0010000000474974513 -- 146th test, time elapsed 159.30018258094788 -- emperical power so far: 1.0
tensor(1448.6788, device='cuda:1')
pval: 0.0010000000474974513 -- 147th test, time elapsed 160.35951471328735 -- emperical power so far: 1.0
tensor(1506.8738, device='cuda:1')
pval: 0.0010000000474974513 -- 148th test, time elapsed 159.79223656654358 -- emperical power so far: 1.0
tensor(1396.9117, device='cuda:1')
pval: 0.0010000000474974513 -- 149th test, time elapsed 160.42227387428284 -- emperical power so far: 1.0
tensor(1418.0946, device='cuda:1')
pval: 0.0010000000474974513 -- 150th test, time elapsed 160.18762159347534 -- emperical power so far: 1.0
tensor(1416.7715, device='cuda:1')
pval: 0.0010000000474974513 -- 151th test, time elapsed 159.36359453201294 -- emperical power so far: 1.0
tensor(1405.6675, device='cuda:1')
pval: 0.0010000000474974513 -- 152th test, time elapsed 160.4616198539734 -- emperical power so far: 1.0
tensor(1476.4857, device='cuda:1')
pval: 0.0010000000474974513 -- 153th test, time elapsed 160.34729957580566 -- emperical power so far: 1.0
tensor(1444.3486, device='cuda:1')
pval: 0.0010000000474974513 -- 154th test, time elapsed 159.20968627929688 -- emperical power so far: 1.0
tensor(1484.2429, device='cuda:1')
pval: 0.0010000000474974513 -- 155th test, time elapsed 159.62246942520142 -- emperical power so far: 1.0
tensor(1520.7562, device='cuda:1')
pval: 0.0010000000474974513 -- 156th test, time elapsed 160.8107771873474 -- emperical power so far: 1.0
tensor(1456.2015, device='cuda:1')
pval: 0.0010000000474974513 -- 157th test, time elapsed 162.2519814968109 -- emperical power so far: 1.0
tensor(1402.6744, device='cuda:1')
pval: 0.0010000000474974513 -- 158th test, time elapsed 159.41844367980957 -- emperical power so far: 1.0
tensor(1427.5343, device='cuda:1')
pval: 0.0010000000474974513 -- 159th test, time elapsed 160.6463906764984 -- emperical power so far: 1.0
tensor(1482.9247, device='cuda:1')
pval: 0.0010000000474974513 -- 160th test, time elapsed 161.13393807411194 -- emperical power so far: 1.0
tensor(1338.7997, device='cuda:1')
pval: 0.0010000000474974513 -- 161th test, time elapsed 160.47031545639038 -- emperical power so far: 1.0
tensor(1335.5037, device='cuda:1')
pval: 0.0010000000474974513 -- 162th test, time elapsed 160.14696168899536 -- emperical power so far: 1.0
tensor(1371.6123, device='cuda:1')
pval: 0.0010000000474974513 -- 163th test, time elapsed 167.295250415802 -- emperical power so far: 1.0
tensor(1377.3932, device='cuda:1')
pval: 0.0010000000474974513 -- 164th test, time elapsed 166.19903469085693 -- emperical power so far: 1.0
tensor(1504.4963, device='cuda:1')
pval: 0.0010000000474974513 -- 165th test, time elapsed 160.42081570625305 -- emperical power so far: 1.0
tensor(1477.5193, device='cuda:1')
pval: 0.0010000000474974513 -- 166th test, time elapsed 159.98432397842407 -- emperical power so far: 1.0
tensor(1461.4293, device='cuda:1')
pval: 0.0010000000474974513 -- 167th test, time elapsed 159.21908855438232 -- emperical power so far: 1.0
tensor(1321.9606, device='cuda:1')
pval: 0.0010000000474974513 -- 168th test, time elapsed 159.09004855155945 -- emperical power so far: 1.0
tensor(1419.4120, device='cuda:1')
pval: 0.0010000000474974513 -- 169th test, time elapsed 160.64815878868103 -- emperical power so far: 1.0
tensor(1445.1989, device='cuda:1')
pval: 0.0010000000474974513 -- 170th test, time elapsed 158.69257616996765 -- emperical power so far: 1.0
tensor(1388.7656, device='cuda:1')
pval: 0.0010000000474974513 -- 171th test, time elapsed 158.35379910469055 -- emperical power so far: 1.0
tensor(1407.0347, device='cuda:1')
pval: 0.0010000000474974513 -- 172th test, time elapsed 160.92955350875854 -- emperical power so far: 1.0
tensor(1482.1206, device='cuda:1')
pval: 0.0010000000474974513 -- 173th test, time elapsed 162.40554237365723 -- emperical power so far: 1.0
tensor(1509.9635, device='cuda:1')
pval: 0.0010000000474974513 -- 174th test, time elapsed 160.22993755340576 -- emperical power so far: 1.0
tensor(1456.6973, device='cuda:1')
pval: 0.0010000000474974513 -- 175th test, time elapsed 159.95456218719482 -- emperical power so far: 1.0
tensor(1366.2085, device='cuda:1')
pval: 0.0010000000474974513 -- 176th test, time elapsed 160.2080476284027 -- emperical power so far: 1.0
tensor(1456.2080, device='cuda:1')
pval: 0.0010000000474974513 -- 177th test, time elapsed 162.06947541236877 -- emperical power so far: 1.0
tensor(1474.4084, device='cuda:1')
pval: 0.0010000000474974513 -- 178th test, time elapsed 160.75099968910217 -- emperical power so far: 1.0
tensor(1395.4526, device='cuda:1')
pval: 0.0010000000474974513 -- 179th test, time elapsed 170.55163478851318 -- emperical power so far: 1.0
tensor(1467.1240, device='cuda:1')
pval: 0.0010000000474974513 -- 180th test, time elapsed 159.2896270751953 -- emperical power so far: 1.0
tensor(1409.3027, device='cuda:1')
pval: 0.0010000000474974513 -- 181th test, time elapsed 160.98543643951416 -- emperical power so far: 1.0
tensor(1432.1768, device='cuda:1')
pval: 0.0010000000474974513 -- 182th test, time elapsed 162.0115566253662 -- emperical power so far: 1.0
tensor(1386.3958, device='cuda:1')
pval: 0.0010000000474974513 -- 183th test, time elapsed 157.61600136756897 -- emperical power so far: 1.0
tensor(1496.1207, device='cuda:1')
pval: 0.0010000000474974513 -- 184th test, time elapsed 160.0274248123169 -- emperical power so far: 1.0
tensor(1477.7466, device='cuda:1')
pval: 0.0010000000474974513 -- 185th test, time elapsed 161.40875935554504 -- emperical power so far: 1.0
tensor(1467.0659, device='cuda:1')
pval: 0.0010000000474974513 -- 186th test, time elapsed 162.6524157524109 -- emperical power so far: 1.0
tensor(1416.9553, device='cuda:1')
pval: 0.0010000000474974513 -- 187th test, time elapsed 159.02748107910156 -- emperical power so far: 1.0
tensor(1402.3403, device='cuda:1')
pval: 0.0010000000474974513 -- 188th test, time elapsed 160.21412301063538 -- emperical power so far: 1.0
tensor(1435.3339, device='cuda:1')
pval: 0.0010000000474974513 -- 189th test, time elapsed 158.96201515197754 -- emperical power so far: 1.0
tensor(1477.5405, device='cuda:1')
pval: 0.0010000000474974513 -- 190th test, time elapsed 162.20677208900452 -- emperical power so far: 1.0
tensor(1427.6942, device='cuda:1')
pval: 0.0010000000474974513 -- 191th test, time elapsed 159.95277380943298 -- emperical power so far: 1.0
tensor(1425.9580, device='cuda:1')
pval: 0.0010000000474974513 -- 192th test, time elapsed 160.3880045413971 -- emperical power so far: 1.0
tensor(1463.1211, device='cuda:1')
pval: 0.0010000000474974513 -- 193th test, time elapsed 161.03611016273499 -- emperical power so far: 1.0
tensor(1404.1136, device='cuda:1')
pval: 0.0010000000474974513 -- 194th test, time elapsed 161.65817213058472 -- emperical power so far: 1.0
tensor(1406.9027, device='cuda:1')
pval: 0.0010000000474974513 -- 195th test, time elapsed 159.10029888153076 -- emperical power so far: 1.0
tensor(1430.9625, device='cuda:1')
pval: 0.0010000000474974513 -- 196th test, time elapsed 158.86569333076477 -- emperical power so far: 1.0
tensor(1431.0308, device='cuda:1')
pval: 0.0010000000474974513 -- 197th test, time elapsed 160.51999688148499 -- emperical power so far: 1.0
tensor(1435.3113, device='cuda:1')
pval: 0.0010000000474974513 -- 198th test, time elapsed 160.3217990398407 -- emperical power so far: 1.0
tensor(1458.0840, device='cuda:1')
pval: 0.0010000000474974513 -- 199th test, time elapsed 159.46806049346924 -- emperical power so far: 1.0
tensor(1455.5847, device='cuda:1')
pval: 0.0010000000474974513 -- 200th test, time elapsed 161.4824492931366 -- emperical power so far: 1.0
32555.064643621445
