genrr_chi
privacy level = 1
tensor([0.0001, 0.0019, 0.0001, 0.0019, 0.0001, 0.0019, 0.0001, 0.0019, 0.0001,
        0.0019, 0.0001, 0.0019, 0.0001, 0.0019, 0.0001, 0.0019, 0.0001, 0.0019,
        0.0001, 0.0019, 0.0001, 0.0019, 0.0001, 0.0019, 0.0001, 0.0019, 0.0001,
        0.0019, 0.0001, 0.0019, 0.0001, 0.0019, 0.0001, 0.0019, 0.0001, 0.0019,
        0.0001, 0.0019, 0.0001, 0.0019, 0.0001, 0.0019, 0.0001, 0.0019, 0.0001,
        0.0019, 0.0001, 0.0019, 0.0001, 0.0019, 0.0001, 0.0019, 0.0001, 0.0019,
        0.0001, 0.0019, 0.0001, 0.0019, 0.0001, 0.0019, 0.0001, 0.0019, 0.0001,
        0.0019, 0.0001, 0.0019, 0.0001, 0.0019, 0.0001, 0.0019, 0.0001, 0.0019,
        0.0001, 0.0019, 0.0001, 0.0019, 0.0001, 0.0019, 0.0001, 0.0019, 0.0001,
        0.0019, 0.0001, 0.0019, 0.0001, 0.0019, 0.0001, 0.0019, 0.0001, 0.0019,
        0.0001, 0.0019, 0.0001, 0.0019, 0.0001, 0.0019, 0.0001, 0.0019, 0.0001,
        0.0019, 0.0001, 0.0019, 0.0001, 0.0019, 0.0001, 0.0019, 0.0001, 0.0019,
        0.0001, 0.0019, 0.0001, 0.0019, 0.0001, 0.0019, 0.0001, 0.0019, 0.0001,
        0.0019, 0.0001, 0.0019, 0.0001, 0.0019, 0.0001, 0.0019, 0.0001, 0.0019,
        0.0001, 0.0019, 0.0001, 0.0019, 0.0001, 0.0019, 0.0001, 0.0019, 0.0001,
        0.0019, 0.0001, 0.0019, 0.0001, 0.0019, 0.0001, 0.0019, 0.0001, 0.0019,
        0.0001, 0.0019, 0.0001, 0.0019, 0.0001, 0.0019, 0.0001, 0.0019, 0.0001,
        0.0019, 0.0001, 0.0019, 0.0001, 0.0019, 0.0001, 0.0019, 0.0001, 0.0019,
        0.0001, 0.0019, 0.0001, 0.0019, 0.0001, 0.0019, 0.0001, 0.0019, 0.0001,
        0.0019, 0.0001, 0.0019, 0.0001, 0.0019, 0.0001, 0.0019, 0.0001, 0.0019,
        0.0001, 0.0019, 0.0001, 0.0019, 0.0001, 0.0019, 0.0001, 0.0019, 0.0001,
        0.0019, 0.0001, 0.0019, 0.0001, 0.0019, 0.0001, 0.0019, 0.0001, 0.0019,
        0.0001, 0.0019, 0.0001, 0.0019, 0.0001, 0.0019, 0.0001, 0.0019, 0.0001,
        0.0019, 0.0001, 0.0019, 0.0001, 0.0019, 0.0001, 0.0019, 0.0001, 0.0019,
        0.0001, 0.0019, 0.0001, 0.0019, 0.0001, 0.0019, 0.0001, 0.0019, 0.0001,
        0.0019, 0.0001, 0.0019, 0.0001, 0.0019, 0.0001, 0.0019, 0.0001, 0.0019,
        0.0001, 0.0019, 0.0001, 0.0019, 0.0001, 0.0019, 0.0001, 0.0019, 0.0001,
        0.0019, 0.0001, 0.0019, 0.0001, 0.0019, 0.0001, 0.0019, 0.0001, 0.0019,
        0.0001, 0.0019, 0.0001, 0.0019, 0.0001, 0.0019, 0.0001, 0.0019, 0.0001,
        0.0019, 0.0001, 0.0019, 0.0001, 0.0019, 0.0001, 0.0019, 0.0001, 0.0019,
        0.0001, 0.0019, 0.0001, 0.0019, 0.0001, 0.0019, 0.0001, 0.0019, 0.0001,
        0.0019, 0.0001, 0.0019, 0.0001, 0.0019, 0.0001, 0.0019, 0.0001, 0.0019,
        0.0001, 0.0019, 0.0001, 0.0019, 0.0001, 0.0019, 0.0001, 0.0019, 0.0001,
        0.0019, 0.0001, 0.0019, 0.0001, 0.0019, 0.0001, 0.0019, 0.0001, 0.0019,
        0.0001, 0.0019, 0.0001, 0.0019, 0.0001, 0.0019, 0.0001, 0.0019, 0.0001,
        0.0019, 0.0001, 0.0019, 0.0001, 0.0019, 0.0001, 0.0019, 0.0001, 0.0019,
        0.0001, 0.0019, 0.0001, 0.0019, 0.0001, 0.0019, 0.0001, 0.0019, 0.0001,
        0.0019, 0.0001, 0.0019, 0.0001, 0.0019, 0.0001, 0.0019, 0.0001, 0.0019,
        0.0001, 0.0019, 0.0001, 0.0019, 0.0001, 0.0019, 0.0001, 0.0019, 0.0001,
        0.0019, 0.0001, 0.0019, 0.0001, 0.0019, 0.0001, 0.0019, 0.0001, 0.0019,
        0.0001, 0.0019, 0.0001, 0.0019, 0.0001, 0.0019, 0.0001, 0.0019, 0.0001,
        0.0019, 0.0001, 0.0019, 0.0001, 0.0019, 0.0001, 0.0019, 0.0001, 0.0019,
        0.0001, 0.0019, 0.0001, 0.0019, 0.0001, 0.0019, 0.0001, 0.0019, 0.0001,
        0.0019, 0.0001, 0.0019, 0.0001, 0.0019, 0.0001, 0.0019, 0.0001, 0.0019,
        0.0001, 0.0019, 0.0001, 0.0019, 0.0001, 0.0019, 0.0001, 0.0019, 0.0001,
        0.0019, 0.0001, 0.0019, 0.0001, 0.0019, 0.0001, 0.0019, 0.0001, 0.0019,
        0.0001, 0.0019, 0.0001, 0.0019, 0.0001, 0.0019, 0.0001, 0.0019, 0.0001,
        0.0019, 0.0001, 0.0019, 0.0001, 0.0019, 0.0001, 0.0019, 0.0001, 0.0019,
        0.0001, 0.0019, 0.0001, 0.0019, 0.0001, 0.0019, 0.0001, 0.0019, 0.0001,
        0.0019, 0.0001, 0.0019, 0.0001, 0.0019, 0.0001, 0.0019, 0.0001, 0.0019,
        0.0001, 0.0019, 0.0001, 0.0019, 0.0001, 0.0019, 0.0001, 0.0019, 0.0001,
        0.0019, 0.0001, 0.0019, 0.0001, 0.0019, 0.0001, 0.0019, 0.0001, 0.0019,
        0.0001, 0.0019, 0.0001, 0.0019, 0.0001, 0.0019, 0.0001, 0.0019, 0.0001,
        0.0019, 0.0001, 0.0019, 0.0001, 0.0019, 0.0001, 0.0019, 0.0001, 0.0019,
        0.0001, 0.0019, 0.0001, 0.0019, 0.0001, 0.0019, 0.0001, 0.0019, 0.0001,
        0.0019, 0.0001, 0.0019, 0.0001, 0.0019, 0.0001, 0.0019, 0.0001, 0.0019,
        0.0001, 0.0019, 0.0001, 0.0019, 0.0001, 0.0019, 0.0001, 0.0019, 0.0001,
        0.0019, 0.0001, 0.0019, 0.0001, 0.0019, 0.0001, 0.0019, 0.0001, 0.0019,
        0.0001, 0.0019, 0.0001, 0.0019, 0.0001, 0.0019, 0.0001, 0.0019, 0.0001,
        0.0019, 0.0001, 0.0019, 0.0001, 0.0019, 0.0001, 0.0019, 0.0001, 0.0019,
        0.0001, 0.0019, 0.0001, 0.0019, 0.0001, 0.0019, 0.0001, 0.0019, 0.0001,
        0.0019, 0.0001, 0.0019, 0.0001, 0.0019, 0.0001, 0.0019, 0.0001, 0.0019,
        0.0001, 0.0019, 0.0001, 0.0019, 0.0001, 0.0019, 0.0001, 0.0019, 0.0001,
        0.0019, 0.0001, 0.0019, 0.0001, 0.0019, 0.0001, 0.0019, 0.0001, 0.0019,
        0.0001, 0.0019, 0.0001, 0.0019, 0.0001, 0.0019, 0.0001, 0.0019, 0.0001,
        0.0019, 0.0001, 0.0019, 0.0001, 0.0019, 0.0001, 0.0019, 0.0001, 0.0019,
        0.0001, 0.0019, 0.0001, 0.0019, 0.0001, 0.0019, 0.0001, 0.0019, 0.0001,
        0.0019, 0.0001, 0.0019, 0.0001, 0.0019, 0.0001, 0.0019, 0.0001, 0.0019,
        0.0001, 0.0019, 0.0001, 0.0019, 0.0001, 0.0019, 0.0001, 0.0019, 0.0001,
        0.0019, 0.0001, 0.0019, 0.0001, 0.0019, 0.0001, 0.0019, 0.0001, 0.0019,
        0.0001, 0.0019, 0.0001, 0.0019, 0.0001, 0.0019, 0.0001, 0.0019, 0.0001,
        0.0019, 0.0001, 0.0019, 0.0001, 0.0019, 0.0001, 0.0019, 0.0001, 0.0019,
        0.0001, 0.0019, 0.0001, 0.0019, 0.0001, 0.0019, 0.0001, 0.0019, 0.0001,
        0.0019, 0.0001, 0.0019, 0.0001, 0.0019, 0.0001, 0.0019, 0.0001, 0.0019,
        0.0001, 0.0019, 0.0001, 0.0019, 0.0001, 0.0019, 0.0001, 0.0019, 0.0001,
        0.0019, 0.0001, 0.0019, 0.0001, 0.0019, 0.0001, 0.0019, 0.0001, 0.0019,
        0.0001, 0.0019, 0.0001, 0.0019, 0.0001, 0.0019, 0.0001, 0.0019, 0.0001,
        0.0019, 0.0001, 0.0019, 0.0001, 0.0019, 0.0001, 0.0019, 0.0001, 0.0019,
        0.0001, 0.0019, 0.0001, 0.0019, 0.0001, 0.0019, 0.0001, 0.0019, 0.0001,
        0.0019, 0.0001, 0.0019, 0.0001, 0.0019, 0.0001, 0.0019, 0.0001, 0.0019,
        0.0001, 0.0019, 0.0001, 0.0019, 0.0001, 0.0019, 0.0001, 0.0019, 0.0001,
        0.0019, 0.0001, 0.0019, 0.0001, 0.0019, 0.0001, 0.0019, 0.0001, 0.0019,
        0.0001, 0.0019, 0.0001, 0.0019, 0.0001, 0.0019, 0.0001, 0.0019, 0.0001,
        0.0019, 0.0001, 0.0019, 0.0001, 0.0019, 0.0001, 0.0019, 0.0001, 0.0019,
        0.0001, 0.0019, 0.0001, 0.0019, 0.0001, 0.0019, 0.0001, 0.0019, 0.0001,
        0.0019, 0.0001, 0.0019, 0.0001, 0.0019, 0.0001, 0.0019, 0.0001, 0.0019,
        0.0001, 0.0019, 0.0001, 0.0019, 0.0001, 0.0019, 0.0001, 0.0019, 0.0001,
        0.0019, 0.0001, 0.0019, 0.0001, 0.0019, 0.0001, 0.0019, 0.0001, 0.0019,
        0.0001, 0.0019, 0.0001, 0.0019, 0.0001, 0.0019, 0.0001, 0.0019, 0.0001,
        0.0019, 0.0001, 0.0019, 0.0001, 0.0019, 0.0001, 0.0019, 0.0001, 0.0019,
        0.0001, 0.0019, 0.0001, 0.0019, 0.0001, 0.0019, 0.0001, 0.0019, 0.0001,
        0.0019, 0.0001, 0.0019, 0.0001, 0.0019, 0.0001, 0.0019, 0.0001, 0.0019,
        0.0001, 0.0019, 0.0001, 0.0019, 0.0001, 0.0019, 0.0001, 0.0019, 0.0001,
        0.0019, 0.0001, 0.0019, 0.0001, 0.0019, 0.0001, 0.0019, 0.0001, 0.0019,
        0.0001, 0.0019, 0.0001, 0.0019, 0.0001, 0.0019, 0.0001, 0.0019, 0.0001,
        0.0019, 0.0001, 0.0019, 0.0001, 0.0019, 0.0001, 0.0019, 0.0001, 0.0019,
        0.0001, 0.0019, 0.0001, 0.0019, 0.0001, 0.0019, 0.0001, 0.0019, 0.0001,
        0.0019, 0.0001, 0.0019, 0.0001, 0.0019, 0.0001, 0.0019, 0.0001, 0.0019,
        0.0001, 0.0019, 0.0001, 0.0019, 0.0001, 0.0019, 0.0001, 0.0019, 0.0001,
        0.0019, 0.0001, 0.0019, 0.0001, 0.0019, 0.0001, 0.0019, 0.0001, 0.0019,
        0.0001, 0.0019, 0.0001, 0.0019, 0.0001, 0.0019, 0.0001, 0.0019, 0.0001,
        0.0019, 0.0001, 0.0019, 0.0001, 0.0019, 0.0001, 0.0019, 0.0001, 0.0019,
        0.0001, 0.0019, 0.0001, 0.0019, 0.0001, 0.0019, 0.0001, 0.0019, 0.0001,
        0.0019, 0.0001, 0.0019, 0.0001, 0.0019, 0.0001, 0.0019, 0.0001, 0.0019,
        0.0001, 0.0019, 0.0001, 0.0019, 0.0001, 0.0019, 0.0001, 0.0019, 0.0001,
        0.0019, 0.0001, 0.0019, 0.0001, 0.0019, 0.0001, 0.0019, 0.0001, 0.0019,
        0.0001, 0.0019, 0.0001, 0.0019, 0.0001, 0.0019, 0.0001, 0.0019, 0.0001,
        0.0019, 0.0001, 0.0019, 0.0001, 0.0019, 0.0001, 0.0019, 0.0001, 0.0019,
        0.0001, 0.0019, 0.0001, 0.0019, 0.0001, 0.0019, 0.0001, 0.0019, 0.0001,
        0.0019, 0.0001, 0.0019, 0.0001, 0.0019, 0.0001, 0.0019, 0.0001, 0.0019,
        0.0001, 0.0019, 0.0001, 0.0019, 0.0001, 0.0019, 0.0001, 0.0019, 0.0001,
        0.0019])
tensor([0.0019, 0.0001, 0.0019, 0.0001, 0.0019, 0.0001, 0.0019, 0.0001, 0.0019,
        0.0001, 0.0019, 0.0001, 0.0019, 0.0001, 0.0019, 0.0001, 0.0019, 0.0001,
        0.0019, 0.0001, 0.0019, 0.0001, 0.0019, 0.0001, 0.0019, 0.0001, 0.0019,
        0.0001, 0.0019, 0.0001, 0.0019, 0.0001, 0.0019, 0.0001, 0.0019, 0.0001,
        0.0019, 0.0001, 0.0019, 0.0001, 0.0019, 0.0001, 0.0019, 0.0001, 0.0019,
        0.0001, 0.0019, 0.0001, 0.0019, 0.0001, 0.0019, 0.0001, 0.0019, 0.0001,
        0.0019, 0.0001, 0.0019, 0.0001, 0.0019, 0.0001, 0.0019, 0.0001, 0.0019,
        0.0001, 0.0019, 0.0001, 0.0019, 0.0001, 0.0019, 0.0001, 0.0019, 0.0001,
        0.0019, 0.0001, 0.0019, 0.0001, 0.0019, 0.0001, 0.0019, 0.0001, 0.0019,
        0.0001, 0.0019, 0.0001, 0.0019, 0.0001, 0.0019, 0.0001, 0.0019, 0.0001,
        0.0019, 0.0001, 0.0019, 0.0001, 0.0019, 0.0001, 0.0019, 0.0001, 0.0019,
        0.0001, 0.0019, 0.0001, 0.0019, 0.0001, 0.0019, 0.0001, 0.0019, 0.0001,
        0.0019, 0.0001, 0.0019, 0.0001, 0.0019, 0.0001, 0.0019, 0.0001, 0.0019,
        0.0001, 0.0019, 0.0001, 0.0019, 0.0001, 0.0019, 0.0001, 0.0019, 0.0001,
        0.0019, 0.0001, 0.0019, 0.0001, 0.0019, 0.0001, 0.0019, 0.0001, 0.0019,
        0.0001, 0.0019, 0.0001, 0.0019, 0.0001, 0.0019, 0.0001, 0.0019, 0.0001,
        0.0019, 0.0001, 0.0019, 0.0001, 0.0019, 0.0001, 0.0019, 0.0001, 0.0019,
        0.0001, 0.0019, 0.0001, 0.0019, 0.0001, 0.0019, 0.0001, 0.0019, 0.0001,
        0.0019, 0.0001, 0.0019, 0.0001, 0.0019, 0.0001, 0.0019, 0.0001, 0.0019,
        0.0001, 0.0019, 0.0001, 0.0019, 0.0001, 0.0019, 0.0001, 0.0019, 0.0001,
        0.0019, 0.0001, 0.0019, 0.0001, 0.0019, 0.0001, 0.0019, 0.0001, 0.0019,
        0.0001, 0.0019, 0.0001, 0.0019, 0.0001, 0.0019, 0.0001, 0.0019, 0.0001,
        0.0019, 0.0001, 0.0019, 0.0001, 0.0019, 0.0001, 0.0019, 0.0001, 0.0019,
        0.0001, 0.0019, 0.0001, 0.0019, 0.0001, 0.0019, 0.0001, 0.0019, 0.0001,
        0.0019, 0.0001, 0.0019, 0.0001, 0.0019, 0.0001, 0.0019, 0.0001, 0.0019,
        0.0001, 0.0019, 0.0001, 0.0019, 0.0001, 0.0019, 0.0001, 0.0019, 0.0001,
        0.0019, 0.0001, 0.0019, 0.0001, 0.0019, 0.0001, 0.0019, 0.0001, 0.0019,
        0.0001, 0.0019, 0.0001, 0.0019, 0.0001, 0.0019, 0.0001, 0.0019, 0.0001,
        0.0019, 0.0001, 0.0019, 0.0001, 0.0019, 0.0001, 0.0019, 0.0001, 0.0019,
        0.0001, 0.0019, 0.0001, 0.0019, 0.0001, 0.0019, 0.0001, 0.0019, 0.0001,
        0.0019, 0.0001, 0.0019, 0.0001, 0.0019, 0.0001, 0.0019, 0.0001, 0.0019,
        0.0001, 0.0019, 0.0001, 0.0019, 0.0001, 0.0019, 0.0001, 0.0019, 0.0001,
        0.0019, 0.0001, 0.0019, 0.0001, 0.0019, 0.0001, 0.0019, 0.0001, 0.0019,
        0.0001, 0.0019, 0.0001, 0.0019, 0.0001, 0.0019, 0.0001, 0.0019, 0.0001,
        0.0019, 0.0001, 0.0019, 0.0001, 0.0019, 0.0001, 0.0019, 0.0001, 0.0019,
        0.0001, 0.0019, 0.0001, 0.0019, 0.0001, 0.0019, 0.0001, 0.0019, 0.0001,
        0.0019, 0.0001, 0.0019, 0.0001, 0.0019, 0.0001, 0.0019, 0.0001, 0.0019,
        0.0001, 0.0019, 0.0001, 0.0019, 0.0001, 0.0019, 0.0001, 0.0019, 0.0001,
        0.0019, 0.0001, 0.0019, 0.0001, 0.0019, 0.0001, 0.0019, 0.0001, 0.0019,
        0.0001, 0.0019, 0.0001, 0.0019, 0.0001, 0.0019, 0.0001, 0.0019, 0.0001,
        0.0019, 0.0001, 0.0019, 0.0001, 0.0019, 0.0001, 0.0019, 0.0001, 0.0019,
        0.0001, 0.0019, 0.0001, 0.0019, 0.0001, 0.0019, 0.0001, 0.0019, 0.0001,
        0.0019, 0.0001, 0.0019, 0.0001, 0.0019, 0.0001, 0.0019, 0.0001, 0.0019,
        0.0001, 0.0019, 0.0001, 0.0019, 0.0001, 0.0019, 0.0001, 0.0019, 0.0001,
        0.0019, 0.0001, 0.0019, 0.0001, 0.0019, 0.0001, 0.0019, 0.0001, 0.0019,
        0.0001, 0.0019, 0.0001, 0.0019, 0.0001, 0.0019, 0.0001, 0.0019, 0.0001,
        0.0019, 0.0001, 0.0019, 0.0001, 0.0019, 0.0001, 0.0019, 0.0001, 0.0019,
        0.0001, 0.0019, 0.0001, 0.0019, 0.0001, 0.0019, 0.0001, 0.0019, 0.0001,
        0.0019, 0.0001, 0.0019, 0.0001, 0.0019, 0.0001, 0.0019, 0.0001, 0.0019,
        0.0001, 0.0019, 0.0001, 0.0019, 0.0001, 0.0019, 0.0001, 0.0019, 0.0001,
        0.0019, 0.0001, 0.0019, 0.0001, 0.0019, 0.0001, 0.0019, 0.0001, 0.0019,
        0.0001, 0.0019, 0.0001, 0.0019, 0.0001, 0.0019, 0.0001, 0.0019, 0.0001,
        0.0019, 0.0001, 0.0019, 0.0001, 0.0019, 0.0001, 0.0019, 0.0001, 0.0019,
        0.0001, 0.0019, 0.0001, 0.0019, 0.0001, 0.0019, 0.0001, 0.0019, 0.0001,
        0.0019, 0.0001, 0.0019, 0.0001, 0.0019, 0.0001, 0.0019, 0.0001, 0.0019,
        0.0001, 0.0019, 0.0001, 0.0019, 0.0001, 0.0019, 0.0001, 0.0019, 0.0001,
        0.0019, 0.0001, 0.0019, 0.0001, 0.0019, 0.0001, 0.0019, 0.0001, 0.0019,
        0.0001, 0.0019, 0.0001, 0.0019, 0.0001, 0.0019, 0.0001, 0.0019, 0.0001,
        0.0019, 0.0001, 0.0019, 0.0001, 0.0019, 0.0001, 0.0019, 0.0001, 0.0019,
        0.0001, 0.0019, 0.0001, 0.0019, 0.0001, 0.0019, 0.0001, 0.0019, 0.0001,
        0.0019, 0.0001, 0.0019, 0.0001, 0.0019, 0.0001, 0.0019, 0.0001, 0.0019,
        0.0001, 0.0019, 0.0001, 0.0019, 0.0001, 0.0019, 0.0001, 0.0019, 0.0001,
        0.0019, 0.0001, 0.0019, 0.0001, 0.0019, 0.0001, 0.0019, 0.0001, 0.0019,
        0.0001, 0.0019, 0.0001, 0.0019, 0.0001, 0.0019, 0.0001, 0.0019, 0.0001,
        0.0019, 0.0001, 0.0019, 0.0001, 0.0019, 0.0001, 0.0019, 0.0001, 0.0019,
        0.0001, 0.0019, 0.0001, 0.0019, 0.0001, 0.0019, 0.0001, 0.0019, 0.0001,
        0.0019, 0.0001, 0.0019, 0.0001, 0.0019, 0.0001, 0.0019, 0.0001, 0.0019,
        0.0001, 0.0019, 0.0001, 0.0019, 0.0001, 0.0019, 0.0001, 0.0019, 0.0001,
        0.0019, 0.0001, 0.0019, 0.0001, 0.0019, 0.0001, 0.0019, 0.0001, 0.0019,
        0.0001, 0.0019, 0.0001, 0.0019, 0.0001, 0.0019, 0.0001, 0.0019, 0.0001,
        0.0019, 0.0001, 0.0019, 0.0001, 0.0019, 0.0001, 0.0019, 0.0001, 0.0019,
        0.0001, 0.0019, 0.0001, 0.0019, 0.0001, 0.0019, 0.0001, 0.0019, 0.0001,
        0.0019, 0.0001, 0.0019, 0.0001, 0.0019, 0.0001, 0.0019, 0.0001, 0.0019,
        0.0001, 0.0019, 0.0001, 0.0019, 0.0001, 0.0019, 0.0001, 0.0019, 0.0001,
        0.0019, 0.0001, 0.0019, 0.0001, 0.0019, 0.0001, 0.0019, 0.0001, 0.0019,
        0.0001, 0.0019, 0.0001, 0.0019, 0.0001, 0.0019, 0.0001, 0.0019, 0.0001,
        0.0019, 0.0001, 0.0019, 0.0001, 0.0019, 0.0001, 0.0019, 0.0001, 0.0019,
        0.0001, 0.0019, 0.0001, 0.0019, 0.0001, 0.0019, 0.0001, 0.0019, 0.0001,
        0.0019, 0.0001, 0.0019, 0.0001, 0.0019, 0.0001, 0.0019, 0.0001, 0.0019,
        0.0001, 0.0019, 0.0001, 0.0019, 0.0001, 0.0019, 0.0001, 0.0019, 0.0001,
        0.0019, 0.0001, 0.0019, 0.0001, 0.0019, 0.0001, 0.0019, 0.0001, 0.0019,
        0.0001, 0.0019, 0.0001, 0.0019, 0.0001, 0.0019, 0.0001, 0.0019, 0.0001,
        0.0019, 0.0001, 0.0019, 0.0001, 0.0019, 0.0001, 0.0019, 0.0001, 0.0019,
        0.0001, 0.0019, 0.0001, 0.0019, 0.0001, 0.0019, 0.0001, 0.0019, 0.0001,
        0.0019, 0.0001, 0.0019, 0.0001, 0.0019, 0.0001, 0.0019, 0.0001, 0.0019,
        0.0001, 0.0019, 0.0001, 0.0019, 0.0001, 0.0019, 0.0001, 0.0019, 0.0001,
        0.0019, 0.0001, 0.0019, 0.0001, 0.0019, 0.0001, 0.0019, 0.0001, 0.0019,
        0.0001, 0.0019, 0.0001, 0.0019, 0.0001, 0.0019, 0.0001, 0.0019, 0.0001,
        0.0019, 0.0001, 0.0019, 0.0001, 0.0019, 0.0001, 0.0019, 0.0001, 0.0019,
        0.0001, 0.0019, 0.0001, 0.0019, 0.0001, 0.0019, 0.0001, 0.0019, 0.0001,
        0.0019, 0.0001, 0.0019, 0.0001, 0.0019, 0.0001, 0.0019, 0.0001, 0.0019,
        0.0001, 0.0019, 0.0001, 0.0019, 0.0001, 0.0019, 0.0001, 0.0019, 0.0001,
        0.0019, 0.0001, 0.0019, 0.0001, 0.0019, 0.0001, 0.0019, 0.0001, 0.0019,
        0.0001, 0.0019, 0.0001, 0.0019, 0.0001, 0.0019, 0.0001, 0.0019, 0.0001,
        0.0019, 0.0001, 0.0019, 0.0001, 0.0019, 0.0001, 0.0019, 0.0001, 0.0019,
        0.0001, 0.0019, 0.0001, 0.0019, 0.0001, 0.0019, 0.0001, 0.0019, 0.0001,
        0.0019, 0.0001, 0.0019, 0.0001, 0.0019, 0.0001, 0.0019, 0.0001, 0.0019,
        0.0001, 0.0019, 0.0001, 0.0019, 0.0001, 0.0019, 0.0001, 0.0019, 0.0001,
        0.0019, 0.0001, 0.0019, 0.0001, 0.0019, 0.0001, 0.0019, 0.0001, 0.0019,
        0.0001, 0.0019, 0.0001, 0.0019, 0.0001, 0.0019, 0.0001, 0.0019, 0.0001,
        0.0019, 0.0001, 0.0019, 0.0001, 0.0019, 0.0001, 0.0019, 0.0001, 0.0019,
        0.0001, 0.0019, 0.0001, 0.0019, 0.0001, 0.0019, 0.0001, 0.0019, 0.0001,
        0.0019, 0.0001, 0.0019, 0.0001, 0.0019, 0.0001, 0.0019, 0.0001, 0.0019,
        0.0001, 0.0019, 0.0001, 0.0019, 0.0001, 0.0019, 0.0001, 0.0019, 0.0001,
        0.0019, 0.0001, 0.0019, 0.0001, 0.0019, 0.0001, 0.0019, 0.0001, 0.0019,
        0.0001, 0.0019, 0.0001, 0.0019, 0.0001, 0.0019, 0.0001, 0.0019, 0.0001,
        0.0019, 0.0001, 0.0019, 0.0001, 0.0019, 0.0001, 0.0019, 0.0001, 0.0019,
        0.0001, 0.0019, 0.0001, 0.0019, 0.0001, 0.0019, 0.0001, 0.0019, 0.0001,
        0.0019, 0.0001, 0.0019, 0.0001, 0.0019, 0.0001, 0.0019, 0.0001, 0.0019,
        0.0001, 0.0019, 0.0001, 0.0019, 0.0001, 0.0019, 0.0001, 0.0019, 0.0001,
        0.0019, 0.0001, 0.0019, 0.0001, 0.0019, 0.0001, 0.0019, 0.0001, 0.0019,
        0.0001])


#########################################
sample size = 250000
tensor(968.4147, device='cuda:0')
pval: 0.7590000629425049 -- 1th test, time elapsed 114.3410370349884 -- emperical power so far: 0.0
tensor(969.4021, device='cuda:0')
pval: 0.7620000243186951 -- 2th test, time elapsed 167.4051034450531 -- emperical power so far: 0.0
tensor(995.9121, device='cuda:0')
pval: 0.5330000519752502 -- 3th test, time elapsed 162.27547812461853 -- emperical power so far: 0.0
tensor(1019.1676, device='cuda:0')
pval: 0.33500000834465027 -- 4th test, time elapsed 165.85330653190613 -- emperical power so far: 0.0
tensor(991.7945, device='cuda:0')
pval: 0.5630000233650208 -- 5th test, time elapsed 166.42778968811035 -- emperical power so far: 0.0
tensor(1019.0530, device='cuda:0')
pval: 0.34200000762939453 -- 6th test, time elapsed 162.51755094528198 -- emperical power so far: 0.0
tensor(1063.6641, device='cuda:0')
pval: 0.08400000631809235 -- 7th test, time elapsed 167.61769580841064 -- emperical power so far: 0.0
tensor(1090.7233, device='cuda:0')
pval: 0.02500000037252903 -- 8th test, time elapsed 168.2778103351593 -- emperical power so far: 0.125
tensor(1012.8878, device='cuda:0')
pval: 0.3840000033378601 -- 9th test, time elapsed 166.02390217781067 -- emperical power so far: 0.1111111111111111
tensor(979.2128, device='cuda:0')
pval: 0.6490000486373901 -- 10th test, time elapsed 162.73205995559692 -- emperical power so far: 0.1
tensor(1040.1558, device='cuda:0')
pval: 0.18300001323223114 -- 11th test, time elapsed 167.70358109474182 -- emperical power so far: 0.09090909090909091
tensor(1014.7748, device='cuda:0')
pval: 0.36500000953674316 -- 12th test, time elapsed 167.94172978401184 -- emperical power so far: 0.08333333333333333
tensor(1022.5892, device='cuda:0')
pval: 0.29100000858306885 -- 13th test, time elapsed 166.33718061447144 -- emperical power so far: 0.07692307692307693
tensor(1082.9342, device='cuda:0')
pval: 0.04200000315904617 -- 14th test, time elapsed 163.67195987701416 -- emperical power so far: 0.14285714285714285
tensor(1026.0116, device='cuda:0')
pval: 0.2580000162124634 -- 15th test, time elapsed 164.73086977005005 -- emperical power so far: 0.13333333333333333
tensor(1060.6049, device='cuda:0')
pval: 0.08900000154972076 -- 16th test, time elapsed 165.01778435707092 -- emperical power so far: 0.125
tensor(1016.2601, device='cuda:0')
pval: 0.33500000834465027 -- 17th test, time elapsed 164.65843605995178 -- emperical power so far: 0.11764705882352941
tensor(904.7172, device='cuda:0')
pval: 0.987000048160553 -- 18th test, time elapsed 165.13703870773315 -- emperical power so far: 0.1111111111111111
tensor(1049.0376, device='cuda:0')
pval: 0.13199999928474426 -- 19th test, time elapsed 167.836998462677 -- emperical power so far: 0.10526315789473684
tensor(1072.1335, device='cuda:0')
pval: 0.06400000303983688 -- 20th test, time elapsed 167.54140663146973 -- emperical power so far: 0.1
tensor(1025.2939, device='cuda:0')
pval: 0.26600000262260437 -- 21th test, time elapsed 161.57711696624756 -- emperical power so far: 0.09523809523809523
tensor(1000.9576, device='cuda:0')
pval: 0.4780000150203705 -- 22th test, time elapsed 164.27280712127686 -- emperical power so far: 0.09090909090909091
tensor(929.5670, device='cuda:0')
pval: 0.9360000491142273 -- 23th test, time elapsed 164.49229502677917 -- emperical power so far: 0.08695652173913043
tensor(992.4441, device='cuda:0')
pval: 0.5570000410079956 -- 24th test, time elapsed 167.3926932811737 -- emperical power so far: 0.08333333333333333
tensor(1001.3718, device='cuda:0')
pval: 0.46400001645088196 -- 25th test, time elapsed 164.45316195487976 -- emperical power so far: 0.08
tensor(1073.6516, device='cuda:0')
pval: 0.049000002443790436 -- 26th test, time elapsed 165.9659719467163 -- emperical power so far: 0.11538461538461539
tensor(1024.1661, device='cuda:0')
pval: 0.2900000214576721 -- 27th test, time elapsed 158.32402110099792 -- emperical power so far: 0.1111111111111111
tensor(994.0576, device='cuda:0')
pval: 0.5390000343322754 -- 28th test, time elapsed 163.72030377388 -- emperical power so far: 0.10714285714285714
tensor(960.5895, device='cuda:0')
pval: 0.8280000686645508 -- 29th test, time elapsed 164.54536080360413 -- emperical power so far: 0.10344827586206896
tensor(1028.7510, device='cuda:0')
pval: 0.26100000739097595 -- 30th test, time elapsed 164.78162789344788 -- emperical power so far: 0.1
tensor(1066.2988, device='cuda:0')
pval: 0.07000000029802322 -- 31th test, time elapsed 164.12386274337769 -- emperical power so far: 0.0967741935483871
tensor(980.7283, device='cuda:0')
pval: 0.6490000486373901 -- 32th test, time elapsed 166.40114092826843 -- emperical power so far: 0.09375
tensor(980.4003, device='cuda:0')
pval: 0.656000018119812 -- 33th test, time elapsed 162.1194326877594 -- emperical power so far: 0.09090909090909091
tensor(988.0243, device='cuda:0')
pval: 0.5680000185966492 -- 34th test, time elapsed 168.71727442741394 -- emperical power so far: 0.08823529411764706
tensor(1058.5643, device='cuda:0')
pval: 0.09100000560283661 -- 35th test, time elapsed 166.51665329933167 -- emperical power so far: 0.08571428571428572
tensor(1064.5273, device='cuda:0')
pval: 0.08800000697374344 -- 36th test, time elapsed 167.83295345306396 -- emperical power so far: 0.08333333333333333
tensor(989.0403, device='cuda:0')
pval: 0.578000009059906 -- 37th test, time elapsed 164.0774199962616 -- emperical power so far: 0.08108108108108109
tensor(1026.0220, device='cuda:0')
pval: 0.2600000202655792 -- 38th test, time elapsed 162.65146732330322 -- emperical power so far: 0.07894736842105263
tensor(1050.8400, device='cuda:0')
pval: 0.11700000613927841 -- 39th test, time elapsed 164.6077036857605 -- emperical power so far: 0.07692307692307693
tensor(949.8545, device='cuda:0')
pval: 0.862000048160553 -- 40th test, time elapsed 166.25457739830017 -- emperical power so far: 0.075
tensor(957.7582, device='cuda:0')
pval: 0.8070000410079956 -- 41th test, time elapsed 162.73092079162598 -- emperical power so far: 0.07317073170731707
tensor(1024.5154, device='cuda:0')
pval: 0.27900001406669617 -- 42th test, time elapsed 165.9519829750061 -- emperical power so far: 0.07142857142857142
tensor(1035.6790, device='cuda:0')
pval: 0.20400001108646393 -- 43th test, time elapsed 164.22944378852844 -- emperical power so far: 0.06976744186046512
tensor(972.2201, device='cuda:0')
pval: 0.734000027179718 -- 44th test, time elapsed 163.5636706352234 -- emperical power so far: 0.06818181818181818
tensor(1070.3536, device='cuda:0')
pval: 0.06300000101327896 -- 45th test, time elapsed 161.95641827583313 -- emperical power so far: 0.06666666666666667
tensor(1018.4277, device='cuda:0')
pval: 0.3270000219345093 -- 46th test, time elapsed 162.97545909881592 -- emperical power so far: 0.06521739130434782
tensor(1064.6954, device='cuda:0')
pval: 0.06599999964237213 -- 47th test, time elapsed 162.45013308525085 -- emperical power so far: 0.06382978723404255
tensor(976.4373, device='cuda:0')
pval: 0.7020000219345093 -- 48th test, time elapsed 159.67508125305176 -- emperical power so far: 0.0625
tensor(944.6640, device='cuda:0')
pval: 0.89000004529953 -- 49th test, time elapsed 164.06815004348755 -- emperical power so far: 0.061224489795918366
tensor(948.7930, device='cuda:0')
pval: 0.8700000643730164 -- 50th test, time elapsed 166.18379735946655 -- emperical power so far: 0.06
tensor(931.9888, device='cuda:0')
pval: 0.9270000457763672 -- 51th test, time elapsed 164.54009222984314 -- emperical power so far: 0.058823529411764705
tensor(960.3896, device='cuda:0')
pval: 0.812000036239624 -- 52th test, time elapsed 163.51786541938782 -- emperical power so far: 0.057692307692307696
tensor(1117.8085, device='cuda:0')
pval: 0.01100000087171793 -- 53th test, time elapsed 164.98263216018677 -- emperical power so far: 0.07547169811320754
tensor(1005.7812, device='cuda:0')
pval: 0.4480000138282776 -- 54th test, time elapsed 167.07807660102844 -- emperical power so far: 0.07407407407407407
tensor(919.6611, device='cuda:0')
pval: 0.9650000333786011 -- 55th test, time elapsed 167.39496636390686 -- emperical power so far: 0.07272727272727272
tensor(972.2493, device='cuda:0')
pval: 0.7380000352859497 -- 56th test, time elapsed 164.8632230758667 -- emperical power so far: 0.07142857142857142
tensor(997.4154, device='cuda:0')
pval: 0.5530000329017639 -- 57th test, time elapsed 164.02735686302185 -- emperical power so far: 0.07017543859649122
tensor(1050.0815, device='cuda:0')
pval: 0.14900000393390656 -- 58th test, time elapsed 164.73203563690186 -- emperical power so far: 0.06896551724137931
tensor(967.1627, device='cuda:0')
pval: 0.7640000581741333 -- 59th test, time elapsed 165.30502033233643 -- emperical power so far: 0.06779661016949153
tensor(983.4281, device='cuda:0')
pval: 0.6570000052452087 -- 60th test, time elapsed 165.16430735588074 -- emperical power so far: 0.06666666666666667
tensor(950.3096, device='cuda:0')
pval: 0.8560000658035278 -- 61th test, time elapsed 164.14941811561584 -- emperical power so far: 0.06557377049180328
tensor(989.5542, device='cuda:0')
pval: 0.5560000538825989 -- 62th test, time elapsed 165.54182362556458 -- emperical power so far: 0.06451612903225806
tensor(1010.1833, device='cuda:0')
pval: 0.39400002360343933 -- 63th test, time elapsed 162.94901394844055 -- emperical power so far: 0.06349206349206349
tensor(1012.7425, device='cuda:0')
pval: 0.3580000102519989 -- 64th test, time elapsed 165.89870285987854 -- emperical power so far: 0.0625
tensor(1050.7457, device='cuda:0')
pval: 0.11600000411272049 -- 65th test, time elapsed 162.0173590183258 -- emperical power so far: 0.06153846153846154
tensor(982.7275, device='cuda:0')
pval: 0.6380000114440918 -- 66th test, time elapsed 164.82770204544067 -- emperical power so far: 0.06060606060606061
tensor(1052.7715, device='cuda:0')
pval: 0.1340000033378601 -- 67th test, time elapsed 163.93968963623047 -- emperical power so far: 0.05970149253731343
tensor(1009.0123, device='cuda:0')
pval: 0.4010000228881836 -- 68th test, time elapsed 160.90880823135376 -- emperical power so far: 0.058823529411764705
tensor(969.7400, device='cuda:0')
pval: 0.7460000514984131 -- 69th test, time elapsed 162.00973773002625 -- emperical power so far: 0.057971014492753624
tensor(1023.6017, device='cuda:0')
pval: 0.27800002694129944 -- 70th test, time elapsed 165.4390993118286 -- emperical power so far: 0.05714285714285714
tensor(1025.2767, device='cuda:0')
pval: 0.27300000190734863 -- 71th test, time elapsed 165.04606413841248 -- emperical power so far: 0.056338028169014086
tensor(1026.2875, device='cuda:0')
pval: 0.2600000202655792 -- 72th test, time elapsed 164.85825395584106 -- emperical power so far: 0.05555555555555555
tensor(1035.8776, device='cuda:0')
pval: 0.2110000103712082 -- 73th test, time elapsed 165.4171667098999 -- emperical power so far: 0.0547945205479452
tensor(1027.8507, device='cuda:0')
pval: 0.2580000162124634 -- 74th test, time elapsed 163.6590874195099 -- emperical power so far: 0.05405405405405406
tensor(942.3190, device='cuda:0')
pval: 0.9080000519752502 -- 75th test, time elapsed 159.8450469970703 -- emperical power so far: 0.05333333333333334
tensor(992.8002, device='cuda:0')
pval: 0.5370000004768372 -- 76th test, time elapsed 162.6402928829193 -- emperical power so far: 0.05263157894736842
tensor(931.6530, device='cuda:0')
pval: 0.9290000200271606 -- 77th test, time elapsed 162.12705969810486 -- emperical power so far: 0.05194805194805195
tensor(1127.2512, device='cuda:0')
pval: 0.005000000353902578 -- 78th test, time elapsed 162.17218399047852 -- emperical power so far: 0.0641025641025641
tensor(997.8606, device='cuda:0')
pval: 0.5270000100135803 -- 79th test, time elapsed 162.1585395336151 -- emperical power so far: 0.06329113924050633
tensor(934.6966, device='cuda:0')
pval: 0.9320000410079956 -- 80th test, time elapsed 163.66377687454224 -- emperical power so far: 0.0625
tensor(963.7709, device='cuda:0')
pval: 0.7970000505447388 -- 81th test, time elapsed 168.83960795402527 -- emperical power so far: 0.06172839506172839
tensor(1044.7936, device='cuda:0')
pval: 0.14500001072883606 -- 82th test, time elapsed 165.4411883354187 -- emperical power so far: 0.06097560975609756
tensor(954.2815, device='cuda:0')
pval: 0.8600000143051147 -- 83th test, time elapsed 162.9578399658203 -- emperical power so far: 0.060240963855421686
tensor(960.9359, device='cuda:0')
pval: 0.8010000586509705 -- 84th test, time elapsed 165.24691128730774 -- emperical power so far: 0.05952380952380952
tensor(1051.9578, device='cuda:0')
pval: 0.125 -- 85th test, time elapsed 164.30475854873657 -- emperical power so far: 0.058823529411764705
tensor(981.6664, device='cuda:0')
pval: 0.64000004529953 -- 86th test, time elapsed 164.9472098350525 -- emperical power so far: 0.05813953488372093
tensor(987.1812, device='cuda:0')
pval: 0.6260000467300415 -- 87th test, time elapsed 169.00150322914124 -- emperical power so far: 0.05747126436781609
tensor(1021.0233, device='cuda:0')
pval: 0.29600000381469727 -- 88th test, time elapsed 167.41179633140564 -- emperical power so far: 0.056818181818181816
tensor(1033.9175, device='cuda:0')
pval: 0.24400001764297485 -- 89th test, time elapsed 164.39840412139893 -- emperical power so far: 0.056179775280898875
tensor(1041.3386, device='cuda:0')
pval: 0.1860000044107437 -- 90th test, time elapsed 165.81509828567505 -- emperical power so far: 0.05555555555555555
tensor(974.4086, device='cuda:0')
pval: 0.7000000476837158 -- 91th test, time elapsed 164.42680025100708 -- emperical power so far: 0.054945054945054944
tensor(1040.3516, device='cuda:0')
pval: 0.17000000178813934 -- 92th test, time elapsed 166.56413197517395 -- emperical power so far: 0.05434782608695652
tensor(1012.2072, device='cuda:0')
pval: 0.4000000059604645 -- 93th test, time elapsed 164.3841667175293 -- emperical power so far: 0.053763440860215055
tensor(1037.8240, device='cuda:0')
pval: 0.1940000057220459 -- 94th test, time elapsed 164.68829464912415 -- emperical power so far: 0.05319148936170213
tensor(1058.9703, device='cuda:0')
pval: 0.07400000095367432 -- 95th test, time elapsed 164.0819752216339 -- emperical power so far: 0.05263157894736842
tensor(935.2429, device='cuda:0')
pval: 0.9280000329017639 -- 96th test, time elapsed 169.2026822566986 -- emperical power so far: 0.052083333333333336
tensor(1043.7716, device='cuda:0')
pval: 0.16700001060962677 -- 97th test, time elapsed 163.6237988471985 -- emperical power so far: 0.05154639175257732
tensor(1023.0673, device='cuda:0')
pval: 0.2990000247955322 -- 98th test, time elapsed 163.92384123802185 -- emperical power so far: 0.05102040816326531
tensor(918.0607, device='cuda:0')
pval: 0.9590000510215759 -- 99th test, time elapsed 163.0348184108734 -- emperical power so far: 0.050505050505050504
tensor(955.4718, device='cuda:0')
pval: 0.8490000367164612 -- 100th test, time elapsed 165.9590322971344 -- emperical power so far: 0.05
tensor(1072.7050, device='cuda:0')
pval: 0.039000000804662704 -- 101th test, time elapsed 163.3814868927002 -- emperical power so far: 0.0594059405940594
tensor(995.5500, device='cuda:0')
pval: 0.5360000133514404 -- 102th test, time elapsed 168.63346672058105 -- emperical power so far: 0.058823529411764705
tensor(999.6528, device='cuda:0')
pval: 0.4620000123977661 -- 103th test, time elapsed 160.24227857589722 -- emperical power so far: 0.05825242718446602
tensor(1085.8325, device='cuda:0')
pval: 0.026000000536441803 -- 104th test, time elapsed 166.1711528301239 -- emperical power so far: 0.0673076923076923
tensor(1055.0593, device='cuda:0')
pval: 0.09100000560283661 -- 105th test, time elapsed 163.44534611701965 -- emperical power so far: 0.06666666666666667
tensor(996.8898, device='cuda:0')
pval: 0.5370000004768372 -- 106th test, time elapsed 166.4847869873047 -- emperical power so far: 0.0660377358490566
tensor(990.4654, device='cuda:0')
pval: 0.6030000448226929 -- 107th test, time elapsed 165.75992250442505 -- emperical power so far: 0.06542056074766354
tensor(1016.4834, device='cuda:0')
pval: 0.3290000259876251 -- 108th test, time elapsed 165.24136209487915 -- emperical power so far: 0.06481481481481481
tensor(1013.7438, device='cuda:0')
pval: 0.3850000202655792 -- 109th test, time elapsed 166.82185530662537 -- emperical power so far: 0.06422018348623854
tensor(959.3796, device='cuda:0')
pval: 0.7900000214576721 -- 110th test, time elapsed 162.72218418121338 -- emperical power so far: 0.06363636363636363
tensor(1079.6920, device='cuda:0')
pval: 0.0430000014603138 -- 111th test, time elapsed 163.35890936851501 -- emperical power so far: 0.07207207207207207
tensor(998.1216, device='cuda:0')
pval: 0.5049999952316284 -- 112th test, time elapsed 165.22656631469727 -- emperical power so far: 0.07142857142857142
tensor(969.0029, device='cuda:0')
pval: 0.7590000629425049 -- 113th test, time elapsed 165.04744052886963 -- emperical power so far: 0.07079646017699115
tensor(989.5450, device='cuda:0')
pval: 0.562000036239624 -- 114th test, time elapsed 162.75348162651062 -- emperical power so far: 0.07017543859649122
tensor(966.9208, device='cuda:0')
pval: 0.7460000514984131 -- 115th test, time elapsed 166.4692096710205 -- emperical power so far: 0.06956521739130435
tensor(1025.3129, device='cuda:0')
pval: 0.2670000195503235 -- 116th test, time elapsed 161.21879839897156 -- emperical power so far: 0.06896551724137931
tensor(984.2590, device='cuda:0')
pval: 0.6220000386238098 -- 117th test, time elapsed 168.6185691356659 -- emperical power so far: 0.06837606837606838
tensor(988.9328, device='cuda:0')
pval: 0.5670000314712524 -- 118th test, time elapsed 163.97933864593506 -- emperical power so far: 0.06779661016949153
tensor(1033.2793, device='cuda:0')
pval: 0.2240000069141388 -- 119th test, time elapsed 166.31271243095398 -- emperical power so far: 0.06722689075630252
tensor(963.2004, device='cuda:0')
pval: 0.7880000472068787 -- 120th test, time elapsed 164.85469841957092 -- emperical power so far: 0.06666666666666667
tensor(985.1163, device='cuda:0')
pval: 0.6460000276565552 -- 121th test, time elapsed 163.0436840057373 -- emperical power so far: 0.06611570247933884
tensor(978.1544, device='cuda:0')
pval: 0.6580000519752502 -- 122th test, time elapsed 166.53465032577515 -- emperical power so far: 0.06557377049180328
tensor(971.6465, device='cuda:0')
pval: 0.737000048160553 -- 123th test, time elapsed 164.890930891037 -- emperical power so far: 0.06504065040650407
tensor(1033.0243, device='cuda:0')
pval: 0.20400001108646393 -- 124th test, time elapsed 165.87419080734253 -- emperical power so far: 0.06451612903225806
tensor(939.7050, device='cuda:0')
pval: 0.9040000438690186 -- 125th test, time elapsed 166.0394184589386 -- emperical power so far: 0.064
tensor(965.2715, device='cuda:0')
pval: 0.7740000486373901 -- 126th test, time elapsed 160.57003021240234 -- emperical power so far: 0.06349206349206349
tensor(1005.9989, device='cuda:0')
pval: 0.4410000145435333 -- 127th test, time elapsed 166.57454800605774 -- emperical power so far: 0.06299212598425197
tensor(990.7768, device='cuda:0')
pval: 0.5550000071525574 -- 128th test, time elapsed 163.371666431427 -- emperical power so far: 0.0625
tensor(1049.1073, device='cuda:0')
pval: 0.13700000941753387 -- 129th test, time elapsed 164.0290961265564 -- emperical power so far: 0.06201550387596899
tensor(1044.8407, device='cuda:0')
pval: 0.15200001001358032 -- 130th test, time elapsed 162.25577759742737 -- emperical power so far: 0.06153846153846154
tensor(928.3629, device='cuda:0')
pval: 0.9330000281333923 -- 131th test, time elapsed 164.89958000183105 -- emperical power so far: 0.061068702290076333
tensor(1062.5649, device='cuda:0')
pval: 0.09300000220537186 -- 132th test, time elapsed 164.95600748062134 -- emperical power so far: 0.06060606060606061
tensor(986.8777, device='cuda:0')
pval: 0.6300000548362732 -- 133th test, time elapsed 166.9173150062561 -- emperical power so far: 0.06015037593984962
tensor(986.9314, device='cuda:0')
pval: 0.6240000128746033 -- 134th test, time elapsed 166.1484808921814 -- emperical power so far: 0.05970149253731343
tensor(1044.9935, device='cuda:0')
pval: 0.16300000250339508 -- 135th test, time elapsed 164.194997549057 -- emperical power so far: 0.05925925925925926
tensor(991.2245, device='cuda:0')
pval: 0.581000030040741 -- 136th test, time elapsed 165.55082941055298 -- emperical power so far: 0.058823529411764705
tensor(1041.7858, device='cuda:0')
pval: 0.1730000078678131 -- 137th test, time elapsed 165.78913712501526 -- emperical power so far: 0.058394160583941604
tensor(1050.1996, device='cuda:0')
pval: 0.13600000739097595 -- 138th test, time elapsed 166.5677297115326 -- emperical power so far: 0.057971014492753624
tensor(1019.1423, device='cuda:0')
pval: 0.3440000116825104 -- 139th test, time elapsed 164.31906580924988 -- emperical power so far: 0.05755395683453238
tensor(1002.3481, device='cuda:0')
pval: 0.44200003147125244 -- 140th test, time elapsed 163.70598149299622 -- emperical power so far: 0.05714285714285714
tensor(994.6053, device='cuda:0')
pval: 0.5020000338554382 -- 141th test, time elapsed 163.8874113559723 -- emperical power so far: 0.05673758865248227
tensor(1017.2603, device='cuda:0')
pval: 0.3140000104904175 -- 142th test, time elapsed 156.75383520126343 -- emperical power so far: 0.056338028169014086
tensor(1036.7345, device='cuda:0')
pval: 0.1990000158548355 -- 143th test, time elapsed 164.77858328819275 -- emperical power so far: 0.055944055944055944
tensor(1015.8112, device='cuda:0')
pval: 0.3580000102519989 -- 144th test, time elapsed 167.80735111236572 -- emperical power so far: 0.05555555555555555
tensor(1006.8176, device='cuda:0')
pval: 0.4230000078678131 -- 145th test, time elapsed 164.91442775726318 -- emperical power so far: 0.05517241379310345
tensor(1035.3337, device='cuda:0')
pval: 0.20200000703334808 -- 146th test, time elapsed 164.6015281677246 -- emperical power so far: 0.0547945205479452
tensor(1031.7445, device='cuda:0')
pval: 0.2370000183582306 -- 147th test, time elapsed 166.30403065681458 -- emperical power so far: 0.05442176870748299
tensor(994.4716, device='cuda:0')
pval: 0.5200000405311584 -- 148th test, time elapsed 165.7497899532318 -- emperical power so far: 0.05405405405405406
tensor(1029.1571, device='cuda:0')
pval: 0.24800001084804535 -- 149th test, time elapsed 164.89864230155945 -- emperical power so far: 0.053691275167785234
tensor(940.3317, device='cuda:0')
pval: 0.8980000615119934 -- 150th test, time elapsed 163.00073981285095 -- emperical power so far: 0.05333333333333334
tensor(1019.0655, device='cuda:0')
pval: 0.3360000252723694 -- 151th test, time elapsed 163.3997187614441 -- emperical power so far: 0.052980132450331126
tensor(1017.1628, device='cuda:0')
pval: 0.33500000834465027 -- 152th test, time elapsed 165.11529636383057 -- emperical power so far: 0.05263157894736842
tensor(985.9030, device='cuda:0')
pval: 0.581000030040741 -- 153th test, time elapsed 164.09340500831604 -- emperical power so far: 0.05228758169934641
tensor(1061.9310, device='cuda:0')
pval: 0.08800000697374344 -- 154th test, time elapsed 162.40177059173584 -- emperical power so far: 0.05194805194805195
tensor(968.3665, device='cuda:0')
pval: 0.7420000433921814 -- 155th test, time elapsed 166.9600830078125 -- emperical power so far: 0.05161290322580645
tensor(966.4301, device='cuda:0')
pval: 0.7890000343322754 -- 156th test, time elapsed 167.03710675239563 -- emperical power so far: 0.05128205128205128
tensor(988.7134, device='cuda:0')
pval: 0.6100000143051147 -- 157th test, time elapsed 143.6113817691803 -- emperical power so far: 0.050955414012738856
tensor(945.4471, device='cuda:0')
pval: 0.8680000305175781 -- 158th test, time elapsed 96.4706072807312 -- emperical power so far: 0.05063291139240506
tensor(996.0211, device='cuda:0')
pval: 0.5480000376701355 -- 159th test, time elapsed 102.94486212730408 -- emperical power so far: 0.050314465408805034
tensor(1024.5664, device='cuda:0')
pval: 0.2720000147819519 -- 160th test, time elapsed 96.64262652397156 -- emperical power so far: 0.05
tensor(1036.9604, device='cuda:0')
pval: 0.19700001180171967 -- 161th test, time elapsed 97.99534487724304 -- emperical power so far: 0.049689440993788817
tensor(1050.9956, device='cuda:0')
pval: 0.11300000548362732 -- 162th test, time elapsed 102.67167949676514 -- emperical power so far: 0.04938271604938271
tensor(1010.6193, device='cuda:0')
pval: 0.3930000066757202 -- 163th test, time elapsed 101.74731159210205 -- emperical power so far: 0.049079754601226995
tensor(1027.6643, device='cuda:0')
pval: 0.26900002360343933 -- 164th test, time elapsed 104.61735773086548 -- emperical power so far: 0.04878048780487805
tensor(931.4434, device='cuda:0')
pval: 0.9360000491142273 -- 165th test, time elapsed 103.79969334602356 -- emperical power so far: 0.048484848484848485
tensor(1019.8367, device='cuda:0')
pval: 0.3070000112056732 -- 166th test, time elapsed 101.09930539131165 -- emperical power so far: 0.04819277108433735
tensor(1029.0724, device='cuda:0')
pval: 0.25 -- 167th test, time elapsed 98.52936553955078 -- emperical power so far: 0.04790419161676647
tensor(940.9365, device='cuda:0')
pval: 0.9160000681877136 -- 168th test, time elapsed 98.6866135597229 -- emperical power so far: 0.047619047619047616
tensor(1049.4541, device='cuda:0')
pval: 0.12400000542402267 -- 169th test, time elapsed 98.17954301834106 -- emperical power so far: 0.047337278106508875
tensor(972.4606, device='cuda:0')
pval: 0.7270000576972961 -- 170th test, time elapsed 96.86978220939636 -- emperical power so far: 0.047058823529411764
tensor(1001.5216, device='cuda:0')
pval: 0.4610000252723694 -- 171th test, time elapsed 100.18818402290344 -- emperical power so far: 0.04678362573099415
tensor(1068.0588, device='cuda:0')
pval: 0.07700000703334808 -- 172th test, time elapsed 97.81486225128174 -- emperical power so far: 0.046511627906976744
tensor(978.8026, device='cuda:0')
pval: 0.6680000424385071 -- 173th test, time elapsed 96.60371160507202 -- emperical power so far: 0.046242774566473986
tensor(889.8821, device='cuda:0')
pval: 0.9950000643730164 -- 174th test, time elapsed 98.21699166297913 -- emperical power so far: 0.04597701149425287
tensor(921.4674, device='cuda:0')
pval: 0.9660000205039978 -- 175th test, time elapsed 97.98937892913818 -- emperical power so far: 0.045714285714285714
tensor(1073.4091, device='cuda:0')
pval: 0.05100000277161598 -- 176th test, time elapsed 103.03648805618286 -- emperical power so far: 0.045454545454545456
tensor(999.5439, device='cuda:0')
pval: 0.48000001907348633 -- 177th test, time elapsed 97.32062411308289 -- emperical power so far: 0.04519774011299435
tensor(962.7931, device='cuda:0')
pval: 0.7870000600814819 -- 178th test, time elapsed 99.89108633995056 -- emperical power so far: 0.0449438202247191
tensor(1043.9133, device='cuda:0')
pval: 0.15900000929832458 -- 179th test, time elapsed 103.35235953330994 -- emperical power so far: 0.0446927374301676
tensor(1042.2144, device='cuda:0')
pval: 0.1850000023841858 -- 180th test, time elapsed 97.47406697273254 -- emperical power so far: 0.044444444444444446
tensor(952.4660, device='cuda:0')
pval: 0.8420000672340393 -- 181th test, time elapsed 98.10412383079529 -- emperical power so far: 0.04419889502762431
tensor(954.0184, device='cuda:0')
pval: 0.8460000157356262 -- 182th test, time elapsed 100.7197744846344 -- emperical power so far: 0.04395604395604396
tensor(1000.4207, device='cuda:0')
pval: 0.4700000286102295 -- 183th test, time elapsed 98.88742685317993 -- emperical power so far: 0.04371584699453552
tensor(1031.8105, device='cuda:0')
pval: 0.24300001561641693 -- 184th test, time elapsed 97.07416915893555 -- emperical power so far: 0.043478260869565216
tensor(942.9541, device='cuda:0')
pval: 0.8990000486373901 -- 185th test, time elapsed 98.6978931427002 -- emperical power so far: 0.043243243243243246
tensor(1040.5676, device='cuda:0')
pval: 0.17100000381469727 -- 186th test, time elapsed 99.6873550415039 -- emperical power so far: 0.043010752688172046
tensor(1020.6998, device='cuda:0')
pval: 0.30900001525878906 -- 187th test, time elapsed 99.91880631446838 -- emperical power so far: 0.0427807486631016
tensor(920.3227, device='cuda:0')
pval: 0.9700000286102295 -- 188th test, time elapsed 100.21898984909058 -- emperical power so far: 0.0425531914893617
tensor(994.0562, device='cuda:0')
pval: 0.5560000538825989 -- 189th test, time elapsed 100.81616926193237 -- emperical power so far: 0.042328042328042326
tensor(1008.1725, device='cuda:0')
pval: 0.41600000858306885 -- 190th test, time elapsed 102.85156083106995 -- emperical power so far: 0.042105263157894736
tensor(1020.0963, device='cuda:0')
pval: 0.3070000112056732 -- 191th test, time elapsed 104.43930435180664 -- emperical power so far: 0.041884816753926704
tensor(1051.4069, device='cuda:0')
pval: 0.1120000034570694 -- 192th test, time elapsed 103.18883562088013 -- emperical power so far: 0.041666666666666664
tensor(994.1994, device='cuda:0')
pval: 0.5400000214576721 -- 193th test, time elapsed 97.05163216590881 -- emperical power so far: 0.04145077720207254
tensor(1066.7380, device='cuda:0')
pval: 0.07500000298023224 -- 194th test, time elapsed 100.83684039115906 -- emperical power so far: 0.041237113402061855
tensor(1082.3588, device='cuda:0')
pval: 0.02800000086426735 -- 195th test, time elapsed 100.69927072525024 -- emperical power so far: 0.046153846153846156
tensor(1005.7874, device='cuda:0')
pval: 0.4270000159740448 -- 196th test, time elapsed 97.86358952522278 -- emperical power so far: 0.04591836734693878
tensor(1004.0355, device='cuda:0')
pval: 0.445000022649765 -- 197th test, time elapsed 97.68539714813232 -- emperical power so far: 0.04568527918781726
tensor(1085.5123, device='cuda:0')
pval: 0.026000000536441803 -- 198th test, time elapsed 102.99218678474426 -- emperical power so far: 0.050505050505050504
tensor(1088.9178, device='cuda:0')
pval: 0.02200000174343586 -- 199th test, time elapsed 98.66260933876038 -- emperical power so far: 0.05527638190954774
tensor(993.4665, device='cuda:0')
pval: 0.5850000381469727 -- 200th test, time elapsed 99.67742085456848 -- emperical power so far: 0.055
30080.495007038116
