cpu
tensor([0.0010, 0.0030, 0.0010, 0.0030, 0.0010, 0.0030, 0.0010, 0.0030, 0.0010,
        0.0030, 0.0010, 0.0030, 0.0010, 0.0030, 0.0010, 0.0030, 0.0010, 0.0030,
        0.0010, 0.0030, 0.0010, 0.0030, 0.0010, 0.0030, 0.0010, 0.0030, 0.0010,
        0.0030, 0.0010, 0.0030, 0.0010, 0.0030, 0.0010, 0.0030, 0.0010, 0.0030,
        0.0010, 0.0030, 0.0010, 0.0030, 0.0010, 0.0030, 0.0010, 0.0030, 0.0010,
        0.0030, 0.0010, 0.0030, 0.0010, 0.0030, 0.0010, 0.0030, 0.0010, 0.0030,
        0.0010, 0.0030, 0.0010, 0.0030, 0.0010, 0.0030, 0.0010, 0.0030, 0.0010,
        0.0030, 0.0010, 0.0030, 0.0010, 0.0030, 0.0010, 0.0030, 0.0010, 0.0030,
        0.0010, 0.0030, 0.0010, 0.0030, 0.0010, 0.0030, 0.0010, 0.0030, 0.0010,
        0.0030, 0.0010, 0.0030, 0.0010, 0.0030, 0.0010, 0.0030, 0.0010, 0.0030,
        0.0010, 0.0030, 0.0010, 0.0030, 0.0010, 0.0030, 0.0010, 0.0030, 0.0010,
        0.0030, 0.0010, 0.0030, 0.0010, 0.0030, 0.0010, 0.0030, 0.0010, 0.0030,
        0.0010, 0.0030, 0.0010, 0.0030, 0.0010, 0.0030, 0.0010, 0.0030, 0.0010,
        0.0030, 0.0010, 0.0030, 0.0010, 0.0030, 0.0010, 0.0030, 0.0010, 0.0030,
        0.0010, 0.0030, 0.0010, 0.0030, 0.0010, 0.0030, 0.0010, 0.0030, 0.0010,
        0.0030, 0.0010, 0.0030, 0.0010, 0.0030, 0.0010, 0.0030, 0.0010, 0.0030,
        0.0010, 0.0030, 0.0010, 0.0030, 0.0010, 0.0030, 0.0010, 0.0030, 0.0010,
        0.0030, 0.0010, 0.0030, 0.0010, 0.0030, 0.0010, 0.0030, 0.0010, 0.0030,
        0.0010, 0.0030, 0.0010, 0.0030, 0.0010, 0.0030, 0.0010, 0.0030, 0.0010,
        0.0030, 0.0010, 0.0030, 0.0010, 0.0030, 0.0010, 0.0030, 0.0010, 0.0030,
        0.0010, 0.0030, 0.0010, 0.0030, 0.0010, 0.0030, 0.0010, 0.0030, 0.0010,
        0.0030, 0.0010, 0.0030, 0.0010, 0.0030, 0.0010, 0.0030, 0.0010, 0.0030,
        0.0010, 0.0030, 0.0010, 0.0030, 0.0010, 0.0030, 0.0010, 0.0030, 0.0010,
        0.0030, 0.0010, 0.0030, 0.0010, 0.0030, 0.0010, 0.0030, 0.0010, 0.0030,
        0.0010, 0.0030, 0.0010, 0.0030, 0.0010, 0.0030, 0.0010, 0.0030, 0.0010,
        0.0030, 0.0010, 0.0030, 0.0010, 0.0030, 0.0010, 0.0030, 0.0010, 0.0030,
        0.0010, 0.0030, 0.0010, 0.0030, 0.0010, 0.0030, 0.0010, 0.0030, 0.0010,
        0.0030, 0.0010, 0.0030, 0.0010, 0.0030, 0.0010, 0.0030, 0.0010, 0.0030,
        0.0010, 0.0030, 0.0010, 0.0030, 0.0010, 0.0030, 0.0010, 0.0030, 0.0010,
        0.0030, 0.0010, 0.0030, 0.0010, 0.0030, 0.0010, 0.0030, 0.0010, 0.0030,
        0.0010, 0.0030, 0.0010, 0.0030, 0.0010, 0.0030, 0.0010, 0.0030, 0.0010,
        0.0030, 0.0010, 0.0030, 0.0010, 0.0030, 0.0010, 0.0030, 0.0010, 0.0030,
        0.0010, 0.0030, 0.0010, 0.0030, 0.0010, 0.0030, 0.0010, 0.0030, 0.0010,
        0.0030, 0.0010, 0.0030, 0.0010, 0.0030, 0.0010, 0.0030, 0.0010, 0.0030,
        0.0010, 0.0030, 0.0010, 0.0030, 0.0010, 0.0030, 0.0010, 0.0030, 0.0010,
        0.0030, 0.0010, 0.0030, 0.0010, 0.0030, 0.0010, 0.0030, 0.0010, 0.0030,
        0.0010, 0.0030, 0.0010, 0.0030, 0.0010, 0.0030, 0.0010, 0.0030, 0.0010,
        0.0030, 0.0010, 0.0030, 0.0010, 0.0030, 0.0010, 0.0030, 0.0010, 0.0030,
        0.0010, 0.0030, 0.0010, 0.0030, 0.0010, 0.0030, 0.0010, 0.0030, 0.0010,
        0.0030, 0.0010, 0.0030, 0.0010, 0.0030, 0.0010, 0.0030, 0.0010, 0.0030,
        0.0010, 0.0030, 0.0010, 0.0030, 0.0010, 0.0030, 0.0010, 0.0030, 0.0010,
        0.0030, 0.0010, 0.0030, 0.0010, 0.0030, 0.0010, 0.0030, 0.0010, 0.0030,
        0.0010, 0.0030, 0.0010, 0.0030, 0.0010, 0.0030, 0.0010, 0.0030, 0.0010,
        0.0030, 0.0010, 0.0030, 0.0010, 0.0030, 0.0010, 0.0030, 0.0010, 0.0030,
        0.0010, 0.0030, 0.0010, 0.0030, 0.0010, 0.0030, 0.0010, 0.0030, 0.0010,
        0.0030, 0.0010, 0.0030, 0.0010, 0.0030, 0.0010, 0.0030, 0.0010, 0.0030,
        0.0010, 0.0030, 0.0010, 0.0030, 0.0010, 0.0030, 0.0010, 0.0030, 0.0010,
        0.0030, 0.0010, 0.0030, 0.0010, 0.0030, 0.0010, 0.0030, 0.0010, 0.0030,
        0.0010, 0.0030, 0.0010, 0.0030, 0.0010, 0.0030, 0.0010, 0.0030, 0.0010,
        0.0030, 0.0010, 0.0030, 0.0010, 0.0030, 0.0010, 0.0030, 0.0010, 0.0030,
        0.0010, 0.0030, 0.0010, 0.0030, 0.0010, 0.0030, 0.0010, 0.0030, 0.0010,
        0.0030, 0.0010, 0.0030, 0.0010, 0.0030, 0.0010, 0.0030, 0.0010, 0.0030,
        0.0010, 0.0030, 0.0010, 0.0030, 0.0010, 0.0030, 0.0010, 0.0030, 0.0010,
        0.0030, 0.0010, 0.0030, 0.0010, 0.0030, 0.0010, 0.0030, 0.0010, 0.0030,
        0.0010, 0.0030, 0.0010, 0.0030, 0.0010, 0.0030, 0.0010, 0.0030, 0.0010,
        0.0030, 0.0010, 0.0030, 0.0010, 0.0030])
pval: 0.028916103059374143 -- 1th test, time elapsed 2.1863629817962646
pval: 0.2586944916729508 -- 2th test, time elapsed 2.1442153453826904
pval: 0.4826893145488468 -- 3th test, time elapsed 2.1975910663604736
pval: 0.11583323519906556 -- 4th test, time elapsed 2.175980567932129
pval: 0.07162126174527736 -- 5th test, time elapsed 2.181884527206421
pval: 0.46626905668902513 -- 6th test, time elapsed 2.241224527359009
pval: 0.5268330230736867 -- 7th test, time elapsed 2.2250568866729736
pval: 0.40664303110467787 -- 8th test, time elapsed 2.153958320617676
pval: 0.08845536219893445 -- 9th test, time elapsed 2.2165300846099854
pval: 0.35948367795015523 -- 10th test, time elapsed 2.2069225311279297
pval: 0.0764245907626067 -- 11th test, time elapsed 2.183906316757202
pval: 0.03344013452432708 -- 12th test, time elapsed 2.2513699531555176
pval: 0.4020557960781935 -- 13th test, time elapsed 2.2247726917266846
pval: 0.5986207063738574 -- 14th test, time elapsed 2.1988799571990967
pval: 0.18473148780498602 -- 15th test, time elapsed 2.1509687900543213
pval: 1.5649150841140745e-05 -- 16th test, time elapsed 2.1832334995269775
pval: 0.19456291408687143 -- 17th test, time elapsed 2.15362548828125
pval: 0.3284509434385604 -- 18th test, time elapsed 2.2373695373535156
pval: 0.7554472898873533 -- 19th test, time elapsed 2.1739213466644287
pval: 0.32876450736946566 -- 20th test, time elapsed 2.218336820602417
pval: 0.1536269918096836 -- 21th test, time elapsed 2.247570514678955
pval: 0.015607311602330778 -- 22th test, time elapsed 2.2514569759368896
pval: 0.2520917298488023 -- 23th test, time elapsed 2.210721969604492
pval: 0.23342535378607296 -- 24th test, time elapsed 2.188465118408203
pval: 0.05202305064419754 -- 25th test, time elapsed 2.13936710357666
pval: 0.1274095135030616 -- 26th test, time elapsed 2.1832597255706787
pval: 0.15365376976588227 -- 27th test, time elapsed 2.224395513534546
pval: 0.061602484010484064 -- 28th test, time elapsed 2.2382540702819824
pval: 0.13184755819604255 -- 29th test, time elapsed 2.2034413814544678
pval: 0.0018191772378872225 -- 30th test, time elapsed 2.1264867782592773
pval: 0.4250577233521983 -- 31th test, time elapsed 2.214857578277588
pval: 0.0028075714528407124 -- 32th test, time elapsed 2.1836185455322266
pval: 0.5300700526207617 -- 33th test, time elapsed 2.1941425800323486
pval: 0.40801143704765047 -- 34th test, time elapsed 2.2275354862213135
pval: 0.012308707646919355 -- 35th test, time elapsed 2.2218658924102783
pval: 0.13689009599395166 -- 36th test, time elapsed 2.1623997688293457
pval: 0.002940078419042638 -- 37th test, time elapsed 2.146627187728882
pval: 0.2264297773499912 -- 38th test, time elapsed 2.243828296661377
pval: 0.19078421577440785 -- 39th test, time elapsed 2.2091712951660156
pval: 0.296513288973387 -- 40th test, time elapsed 2.245375156402588
pval: 0.1440323835768105 -- 41th test, time elapsed 2.224081516265869
pval: 0.968405289283985 -- 42th test, time elapsed 2.1773219108581543
pval: 0.00751348669840168 -- 43th test, time elapsed 2.223113536834717
pval: 0.17885560025828423 -- 44th test, time elapsed 2.174560070037842
pval: 0.2031077057257985 -- 45th test, time elapsed 2.2691733837127686
pval: 0.051771649769351696 -- 46th test, time elapsed 2.226067066192627
pval: 0.36896319001819583 -- 47th test, time elapsed 2.243715524673462
pval: 0.024746859106426242 -- 48th test, time elapsed 2.084517478942871
pval: 0.4987615934850241 -- 49th test, time elapsed 2.250208616256714
pval: 0.5356394077724553 -- 50th test, time elapsed 2.234894275665283
pval: 0.05685945668485738 -- 51th test, time elapsed 2.270768165588379
pval: 0.024439514212122062 -- 52th test, time elapsed 2.255449056625366
pval: 0.19533268457887018 -- 53th test, time elapsed 2.2123684883117676
pval: 0.0008002467864942103 -- 54th test, time elapsed 2.2091784477233887
pval: 0.00011684572208589165 -- 55th test, time elapsed 2.1643478870391846
pval: 0.46633071003347926 -- 56th test, time elapsed 2.2158467769622803
pval: 0.019606956785627155 -- 57th test, time elapsed 2.240267753601074
pval: 0.17025713965251665 -- 58th test, time elapsed 2.151784658432007
pval: 0.7319655795392555 -- 59th test, time elapsed 2.224266529083252
pval: 0.0025367480931063045 -- 60th test, time elapsed 2.2216668128967285
pval: 0.11153400778143928 -- 61th test, time elapsed 2.23367977142334
pval: 0.7801234653661475 -- 62th test, time elapsed 2.1835107803344727
pval: 0.2277897224223206 -- 63th test, time elapsed 2.2433886528015137
pval: 0.20274326340699889 -- 64th test, time elapsed 2.1853857040405273
pval: 0.032122321561808526 -- 65th test, time elapsed 2.2156522274017334
pval: 0.08730466206231233 -- 66th test, time elapsed 2.1418890953063965
pval: 0.6625035842368453 -- 67th test, time elapsed 2.2922496795654297
pval: 0.11678980897262618 -- 68th test, time elapsed 2.2759575843811035
pval: 0.0632840525665592 -- 69th test, time elapsed 2.254319667816162
pval: 0.12651085732205275 -- 70th test, time elapsed 2.171175718307495
pval: 0.08766908882456192 -- 71th test, time elapsed 2.2433924674987793
pval: 0.07032386993225849 -- 72th test, time elapsed 2.200017213821411
pval: 0.24248707607759212 -- 73th test, time elapsed 2.1939916610717773
pval: 0.5863803794265153 -- 74th test, time elapsed 2.2010161876678467
pval: 0.6600820859970963 -- 75th test, time elapsed 2.205981969833374
pval: 0.00854733619557493 -- 76th test, time elapsed 2.248603582382202
pval: 0.2872098632727229 -- 77th test, time elapsed 2.1997299194335938
pval: 0.08332966178670115 -- 78th test, time elapsed 2.2901928424835205
pval: 0.10987364946080944 -- 79th test, time elapsed 2.2957606315612793
pval: 0.2632046562829017 -- 80th test, time elapsed 2.3232078552246094
pval: 0.2540138301500748 -- 81th test, time elapsed 2.2717862129211426
pval: 0.020921967524461117 -- 82th test, time elapsed 2.304985761642456
pval: 0.15399997729243867 -- 83th test, time elapsed 2.260457754135132
pval: 0.41862280976749217 -- 84th test, time elapsed 2.2678134441375732
pval: 0.007284525259163177 -- 85th test, time elapsed 2.253939628601074
pval: 0.2723356410300772 -- 86th test, time elapsed 2.2937283515930176
pval: 0.12167042129641471 -- 87th test, time elapsed 2.2304697036743164
pval: 0.18797632754145385 -- 88th test, time elapsed 2.2854666709899902
pval: 0.1578334153285588 -- 89th test, time elapsed 2.175906181335449
pval: 0.2716912901884016 -- 90th test, time elapsed 2.2855148315429688
pval: 0.4845658485090674 -- 91th test, time elapsed 2.2268102169036865
pval: 0.003508750597093455 -- 92th test, time elapsed 2.3049256801605225
pval: 0.40621528412431185 -- 93th test, time elapsed 2.244818687438965
pval: 0.06550471491678557 -- 94th test, time elapsed 2.2966082096099854
pval: 0.24912137185476663 -- 95th test, time elapsed 2.243978500366211
pval: 0.4831154898609467 -- 96th test, time elapsed 2.247232437133789
pval: 0.7351854716403653 -- 97th test, time elapsed 2.2231972217559814
pval: 0.05078479350743575 -- 98th test, time elapsed 2.2297675609588623
pval: 0.22222288942754256 -- 99th test, time elapsed 2.2292675971984863
pval: 0.27103339005301885 -- 100th test, time elapsed 2.1764092445373535
pval: 0.14775917789851756 -- 101th test, time elapsed 2.202808380126953
pval: 0.029478040814894118 -- 102th test, time elapsed 2.2766835689544678
pval: 0.06864718844653409 -- 103th test, time elapsed 2.2158725261688232
pval: 0.3399951581679726 -- 104th test, time elapsed 2.156494617462158
pval: 0.49015450969197066 -- 105th test, time elapsed 2.1976735591888428
pval: 0.8629604211828183 -- 106th test, time elapsed 2.165071487426758
pval: 0.20092092084809315 -- 107th test, time elapsed 2.3239431381225586
pval: 0.8896585895715488 -- 108th test, time elapsed 2.2642314434051514
pval: 2.731484372569474e-05 -- 109th test, time elapsed 2.298866033554077
pval: 0.867308239897412 -- 110th test, time elapsed 2.241748094558716
pval: 0.49292409367592527 -- 111th test, time elapsed 2.2510275840759277
pval: 0.7112186015680563 -- 112th test, time elapsed 2.2810897827148438
pval: 0.07236858794354359 -- 113th test, time elapsed 2.204111337661743
pval: 0.2490844125185398 -- 114th test, time elapsed 2.1798458099365234
pval: 0.20342712741785307 -- 115th test, time elapsed 2.285799264907837
pval: 0.08810215747366748 -- 116th test, time elapsed 2.267272472381592
pval: 0.010014395672102102 -- 117th test, time elapsed 2.2431931495666504
pval: 0.05568329607466998 -- 118th test, time elapsed 2.229722261428833
pval: 0.25796873871963777 -- 119th test, time elapsed 2.2425642013549805
pval: 0.018470005156100987 -- 120th test, time elapsed 2.2968943119049072
pval: 0.020840255902759366 -- 121th test, time elapsed 2.2384109497070312
pval: 0.6343895248050518 -- 122th test, time elapsed 2.2444746494293213
pval: 0.09274496057823753 -- 123th test, time elapsed 2.2219536304473877
pval: 0.3991524492703228 -- 124th test, time elapsed 2.1904594898223877
pval: 0.009815501828368189 -- 125th test, time elapsed 2.293658971786499
pval: 0.5689413344689664 -- 126th test, time elapsed 2.195777177810669
pval: 0.04743041947495744 -- 127th test, time elapsed 2.216996192932129
pval: 0.07034961003396599 -- 128th test, time elapsed 2.2710354328155518
pval: 0.053077720283953585 -- 129th test, time elapsed 2.2338459491729736
pval: 0.13501547269243674 -- 130th test, time elapsed 2.230280876159668
pval: 0.2519207251404747 -- 131th test, time elapsed 2.283660411834717
pval: 0.4811168842970405 -- 132th test, time elapsed 2.254288911819458
pval: 0.33774093557812757 -- 133th test, time elapsed 2.2733054161071777
pval: 0.1894518823866695 -- 134th test, time elapsed 2.2606489658355713
pval: 0.16461181377921905 -- 135th test, time elapsed 2.2691650390625
pval: 0.2128338346075118 -- 136th test, time elapsed 2.246649980545044
pval: 0.014442109967596704 -- 137th test, time elapsed 2.307443618774414
pval: 0.5397076068476484 -- 138th test, time elapsed 2.295222043991089
pval: 0.01634029643819634 -- 139th test, time elapsed 2.2460272312164307
pval: 0.6649351936804718 -- 140th test, time elapsed 2.2790679931640625
pval: 0.6289091302922062 -- 141th test, time elapsed 2.232091188430786
pval: 0.10220183959937923 -- 142th test, time elapsed 2.251574993133545
pval: 0.010573594211179912 -- 143th test, time elapsed 2.2122621536254883
pval: 0.12041792543025286 -- 144th test, time elapsed 2.208233594894409
pval: 0.08479132042134914 -- 145th test, time elapsed 2.2245798110961914
pval: 0.556877214047992 -- 146th test, time elapsed 2.3058409690856934
pval: 0.16825014945368286 -- 147th test, time elapsed 2.2932283878326416
pval: 0.14850437308497724 -- 148th test, time elapsed 2.2300796508789062
pval: 0.43318188053741413 -- 149th test, time elapsed 2.181764602661133
pval: 0.9618110311880907 -- 150th test, time elapsed 2.166947603225708
pval: 0.11865636477417509 -- 151th test, time elapsed 2.203080415725708
pval: 0.2558175992538996 -- 152th test, time elapsed 2.250974655151367
pval: 0.6866099245269995 -- 153th test, time elapsed 2.2894437313079834
pval: 0.34169137009587536 -- 154th test, time elapsed 2.2420411109924316
pval: 0.36360076670246955 -- 155th test, time elapsed 2.208157777786255
pval: 0.49129663665291234 -- 156th test, time elapsed 2.255861759185791
pval: 0.3557343128546876 -- 157th test, time elapsed 2.252601146697998
pval: 0.11343642389527643 -- 158th test, time elapsed 2.238114356994629
pval: 0.16815677638358373 -- 159th test, time elapsed 2.2647149562835693
pval: 0.13842931174119694 -- 160th test, time elapsed 2.250229835510254
pval: 0.3358469715581114 -- 161th test, time elapsed 2.1769821643829346
pval: 0.00034452429464997057 -- 162th test, time elapsed 2.148909330368042
pval: 0.15950918610160056 -- 163th test, time elapsed 2.259782314300537
pval: 0.23231406152198894 -- 164th test, time elapsed 2.339799404144287
pval: 0.34856682139685585 -- 165th test, time elapsed 2.297767162322998
pval: 0.08919894732825442 -- 166th test, time elapsed 2.231653928756714
pval: 0.679589999969606 -- 167th test, time elapsed 2.2401204109191895
pval: 0.4041478519604669 -- 168th test, time elapsed 2.3035736083984375
pval: 0.6746781550482481 -- 169th test, time elapsed 2.2338292598724365
pval: 0.0016166695374670824 -- 170th test, time elapsed 2.2184298038482666
pval: 0.4119728301271596 -- 171th test, time elapsed 2.178077220916748
pval: 0.23280567368357702 -- 172th test, time elapsed 2.2142367362976074
pval: 0.22452884090806396 -- 173th test, time elapsed 2.256216287612915
pval: 0.33775412809813754 -- 174th test, time elapsed 2.281217098236084
pval: 0.031003240842689933 -- 175th test, time elapsed 2.2498891353607178
pval: 0.16805410617111208 -- 176th test, time elapsed 2.232022762298584
pval: 0.256844317543724 -- 177th test, time elapsed 2.2038445472717285
pval: 0.49024463937037244 -- 178th test, time elapsed 2.1852405071258545
pval: 0.030082387529639265 -- 179th test, time elapsed 2.246129035949707
pval: 0.15252225338707037 -- 180th test, time elapsed 2.2042763233184814
pval: 0.8733365139886642 -- 181th test, time elapsed 2.289017915725708
pval: 0.1879456869092468 -- 182th test, time elapsed 2.3494930267333984
pval: 0.29575264751932345 -- 183th test, time elapsed 2.2696049213409424
pval: 0.8860505758724668 -- 184th test, time elapsed 2.278982400894165
pval: 0.5331060286662394 -- 185th test, time elapsed 2.2480885982513428
pval: 0.03070302898703877 -- 186th test, time elapsed 2.262525796890259
pval: 0.030353474738193584 -- 187th test, time elapsed 2.2367310523986816
pval: 0.15974080880716113 -- 188th test, time elapsed 2.3112804889678955
pval: 0.02004188484009122 -- 189th test, time elapsed 2.27150297164917
pval: 0.225119642316291 -- 190th test, time elapsed 2.3070740699768066
pval: 0.01643110636889439 -- 191th test, time elapsed 2.2511043548583984
pval: 0.19343210086570592 -- 192th test, time elapsed 2.297822952270508
pval: 0.22878490925574518 -- 193th test, time elapsed 2.3559482097625732
pval: 0.07602868968457706 -- 194th test, time elapsed 2.2785427570343018
pval: 0.11792263343569497 -- 195th test, time elapsed 2.1790990829467773
pval: 0.1808322642441802 -- 196th test, time elapsed 2.2831780910491943
pval: 0.03891549946630023 -- 197th test, time elapsed 2.2555553913116455
pval: 0.7336180848028586 -- 198th test, time elapsed 2.21633243560791
pval: 0.09032017073286726 -- 199th test, time elapsed 2.2719545364379883
pval: 0.25754220777777204 -- 200th test, time elapsed 2.2530312538146973
pval: 0.06949536727826211 -- 201th test, time elapsed 2.2374186515808105
pval: 0.21095983340485283 -- 202th test, time elapsed 2.242624521255493
pval: 0.00240140371379865 -- 203th test, time elapsed 2.210425615310669
pval: 0.011476043096121059 -- 204th test, time elapsed 2.185600519180298
pval: 0.05299620495643375 -- 205th test, time elapsed 2.2475037574768066
pval: 0.007124903775100621 -- 206th test, time elapsed 2.2442309856414795
pval: 0.9236040214780948 -- 207th test, time elapsed 2.2164673805236816
pval: 0.030240404265877405 -- 208th test, time elapsed 2.167147636413574
pval: 0.03062811357343867 -- 209th test, time elapsed 2.2746939659118652
pval: 0.13255385283910914 -- 210th test, time elapsed 2.229917287826538
pval: 0.0038122283606094273 -- 211th test, time elapsed 2.2443599700927734
pval: 0.10468260155408525 -- 212th test, time elapsed 2.3174526691436768
pval: 0.29109580022212167 -- 213th test, time elapsed 2.2130017280578613
pval: 0.2682991291363512 -- 214th test, time elapsed 2.275115728378296
pval: 0.07945948899397168 -- 215th test, time elapsed 2.2208056449890137
pval: 0.8325856733298274 -- 216th test, time elapsed 2.2170920372009277
pval: 0.7089050656822715 -- 217th test, time elapsed 2.193481922149658
pval: 0.3634137426467943 -- 218th test, time elapsed 2.294933319091797
pval: 0.04935020288717908 -- 219th test, time elapsed 2.2464206218719482
pval: 0.09362209490156594 -- 220th test, time elapsed 2.2593932151794434
pval: 0.17573991063833544 -- 221th test, time elapsed 2.2813527584075928
pval: 0.6034631973410858 -- 222th test, time elapsed 2.272935628890991
pval: 0.04168818849956619 -- 223th test, time elapsed 2.3102011680603027
pval: 0.3166275712353548 -- 224th test, time elapsed 2.227224588394165
pval: 0.0647976553583704 -- 225th test, time elapsed 2.3281545639038086
pval: 0.4240845361515802 -- 226th test, time elapsed 2.2137391567230225
pval: 0.2141264507965878 -- 227th test, time elapsed 2.3059804439544678
pval: 0.22001050372371528 -- 228th test, time elapsed 2.2135140895843506
pval: 0.1618793941294875 -- 229th test, time elapsed 2.2492105960845947
pval: 0.5219626083167755 -- 230th test, time elapsed 2.183321952819824
pval: 0.292184657195943 -- 231th test, time elapsed 2.2208991050720215
pval: 0.04872363737244041 -- 232th test, time elapsed 2.2248570919036865
pval: 0.6682180694673124 -- 233th test, time elapsed 2.1654868125915527
pval: 0.256917091924776 -- 234th test, time elapsed 2.255887746810913
pval: 0.3587116617065469 -- 235th test, time elapsed 2.2593255043029785
pval: 0.08295524702471671 -- 236th test, time elapsed 2.3246006965637207
pval: 0.028450465755970267 -- 237th test, time elapsed 2.1993343830108643
pval: 0.8556775537425653 -- 238th test, time elapsed 2.2717368602752686
pval: 0.16443840599365137 -- 239th test, time elapsed 2.2744414806365967
pval: 0.15805128958101014 -- 240th test, time elapsed 2.2629871368408203
pval: 0.114575198200839 -- 241th test, time elapsed 2.289766311645508
pval: 0.0669697917078742 -- 242th test, time elapsed 2.264571189880371
pval: 0.5155951810801542 -- 243th test, time elapsed 2.257296323776245
pval: 0.037827014804981296 -- 244th test, time elapsed 2.2298338413238525
pval: 0.03774452994493402 -- 245th test, time elapsed 2.2886435985565186
pval: 0.3838511727479002 -- 246th test, time elapsed 2.2167768478393555
pval: 0.13639709834468006 -- 247th test, time elapsed 2.285740852355957
pval: 0.49468222453464405 -- 248th test, time elapsed 2.2894763946533203
pval: 0.4020343293989124 -- 249th test, time elapsed 2.2927331924438477
pval: 0.24464055977683175 -- 250th test, time elapsed 2.2422163486480713
pval: 0.008326186172559218 -- 251th test, time elapsed 2.309772253036499
pval: 0.018369301563049757 -- 252th test, time elapsed 2.206101894378662
pval: 0.21631542220663538 -- 253th test, time elapsed 2.234886884689331
pval: 0.5884726279539456 -- 254th test, time elapsed 2.3153128623962402
pval: 0.5148447448173448 -- 255th test, time elapsed 2.238799571990967
pval: 0.025170425927017376 -- 256th test, time elapsed 2.2907352447509766
pval: 0.1629577695425454 -- 257th test, time elapsed 2.2584784030914307
pval: 0.026142569321453722 -- 258th test, time elapsed 2.2559850215911865
pval: 0.0011848749911003407 -- 259th test, time elapsed 2.2565925121307373
pval: 0.20478380049646944 -- 260th test, time elapsed 2.236661434173584
pval: 0.8854098893914623 -- 261th test, time elapsed 2.2717771530151367
pval: 0.5526847720968057 -- 262th test, time elapsed 2.30898118019104
pval: 0.4417001856922797 -- 263th test, time elapsed 2.197564125061035
pval: 0.5226593277130536 -- 264th test, time elapsed 2.2920334339141846
pval: 0.5182823322833916 -- 265th test, time elapsed 2.2453837394714355
pval: 0.052507308864296866 -- 266th test, time elapsed 2.3024849891662598
pval: 0.01382128989987166 -- 267th test, time elapsed 2.21833872795105
pval: 0.15509969435406326 -- 268th test, time elapsed 2.2195632457733154
pval: 0.41132625178811244 -- 269th test, time elapsed 2.1991682052612305
pval: 0.37802419300533785 -- 270th test, time elapsed 2.2585103511810303
pval: 0.015346067067478868 -- 271th test, time elapsed 2.1972062587738037
pval: 0.06747377878226286 -- 272th test, time elapsed 2.237968921661377
pval: 0.2579134256867784 -- 273th test, time elapsed 2.2277159690856934
pval: 0.24976388503724445 -- 274th test, time elapsed 2.2353808879852295
pval: 0.149972799140195 -- 275th test, time elapsed 2.2788121700286865
pval: 0.10027359012167006 -- 276th test, time elapsed 2.20828914642334
pval: 0.12196759483980373 -- 277th test, time elapsed 2.318063497543335
pval: 0.2406898360415235 -- 278th test, time elapsed 2.298445224761963
pval: 0.3854776332687105 -- 279th test, time elapsed 2.2991676330566406
pval: 0.4353851905337557 -- 280th test, time elapsed 2.225386142730713
pval: 0.48625949827826886 -- 281th test, time elapsed 2.2106199264526367
pval: 0.03757059399608384 -- 282th test, time elapsed 2.2694504261016846
pval: 0.014236067623384195 -- 283th test, time elapsed 2.2660226821899414
pval: 0.3043432198085182 -- 284th test, time elapsed 2.23671555519104
pval: 0.6644365182444373 -- 285th test, time elapsed 2.2994465827941895
pval: 0.2848300173727629 -- 286th test, time elapsed 2.2933602333068848
pval: 0.0017262944444334457 -- 287th test, time elapsed 2.2539656162261963
pval: 0.4034370484147028 -- 288th test, time elapsed 2.2399020195007324
pval: 0.37570297447881484 -- 289th test, time elapsed 2.2658896446228027
pval: 0.5017306719099393 -- 290th test, time elapsed 2.3286690711975098
pval: 0.06039507830950723 -- 291th test, time elapsed 2.23462176322937
pval: 0.7277520117046267 -- 292th test, time elapsed 2.2771356105804443
pval: 0.32126628118806105 -- 293th test, time elapsed 2.237612009048462
pval: 0.5465615909205995 -- 294th test, time elapsed 2.2530481815338135
pval: 0.41051349701240963 -- 295th test, time elapsed 2.316556930541992
pval: 0.8241478619912695 -- 296th test, time elapsed 2.2415499687194824
pval: 0.6728629610629376 -- 297th test, time elapsed 2.2259178161621094
pval: 0.7218831998848287 -- 298th test, time elapsed 2.2516305446624756
pval: 0.44987497483685746 -- 299th test, time elapsed 2.2550110816955566
pval: 0.003148235794209933 -- 300th test, time elapsed 2.2267746925354004
671.9834752082825
