tensor([0.0001, 0.0019, 0.0001, 0.0019, 0.0001, 0.0019, 0.0001, 0.0019, 0.0001,
        0.0019, 0.0001, 0.0019, 0.0001, 0.0019, 0.0001, 0.0019, 0.0001, 0.0019,
        0.0001, 0.0019, 0.0001, 0.0019, 0.0001, 0.0019, 0.0001, 0.0019, 0.0001,
        0.0019, 0.0001, 0.0019, 0.0001, 0.0019, 0.0001, 0.0019, 0.0001, 0.0019,
        0.0001, 0.0019, 0.0001, 0.0019, 0.0001, 0.0019, 0.0001, 0.0019, 0.0001,
        0.0019, 0.0001, 0.0019, 0.0001, 0.0019, 0.0001, 0.0019, 0.0001, 0.0019,
        0.0001, 0.0019, 0.0001, 0.0019, 0.0001, 0.0019, 0.0001, 0.0019, 0.0001,
        0.0019, 0.0001, 0.0019, 0.0001, 0.0019, 0.0001, 0.0019, 0.0001, 0.0019,
        0.0001, 0.0019, 0.0001, 0.0019, 0.0001, 0.0019, 0.0001, 0.0019, 0.0001,
        0.0019, 0.0001, 0.0019, 0.0001, 0.0019, 0.0001, 0.0019, 0.0001, 0.0019,
        0.0001, 0.0019, 0.0001, 0.0019, 0.0001, 0.0019, 0.0001, 0.0019, 0.0001,
        0.0019, 0.0001, 0.0019, 0.0001, 0.0019, 0.0001, 0.0019, 0.0001, 0.0019,
        0.0001, 0.0019, 0.0001, 0.0019, 0.0001, 0.0019, 0.0001, 0.0019, 0.0001,
        0.0019, 0.0001, 0.0019, 0.0001, 0.0019, 0.0001, 0.0019, 0.0001, 0.0019,
        0.0001, 0.0019, 0.0001, 0.0019, 0.0001, 0.0019, 0.0001, 0.0019, 0.0001,
        0.0019, 0.0001, 0.0019, 0.0001, 0.0019, 0.0001, 0.0019, 0.0001, 0.0019,
        0.0001, 0.0019, 0.0001, 0.0019, 0.0001, 0.0019, 0.0001, 0.0019, 0.0001,
        0.0019, 0.0001, 0.0019, 0.0001, 0.0019, 0.0001, 0.0019, 0.0001, 0.0019,
        0.0001, 0.0019, 0.0001, 0.0019, 0.0001, 0.0019, 0.0001, 0.0019, 0.0001,
        0.0019, 0.0001, 0.0019, 0.0001, 0.0019, 0.0001, 0.0019, 0.0001, 0.0019,
        0.0001, 0.0019, 0.0001, 0.0019, 0.0001, 0.0019, 0.0001, 0.0019, 0.0001,
        0.0019, 0.0001, 0.0019, 0.0001, 0.0019, 0.0001, 0.0019, 0.0001, 0.0019,
        0.0001, 0.0019, 0.0001, 0.0019, 0.0001, 0.0019, 0.0001, 0.0019, 0.0001,
        0.0019, 0.0001, 0.0019, 0.0001, 0.0019, 0.0001, 0.0019, 0.0001, 0.0019,
        0.0001, 0.0019, 0.0001, 0.0019, 0.0001, 0.0019, 0.0001, 0.0019, 0.0001,
        0.0019, 0.0001, 0.0019, 0.0001, 0.0019, 0.0001, 0.0019, 0.0001, 0.0019,
        0.0001, 0.0019, 0.0001, 0.0019, 0.0001, 0.0019, 0.0001, 0.0019, 0.0001,
        0.0019, 0.0001, 0.0019, 0.0001, 0.0019, 0.0001, 0.0019, 0.0001, 0.0019,
        0.0001, 0.0019, 0.0001, 0.0019, 0.0001, 0.0019, 0.0001, 0.0019, 0.0001,
        0.0019, 0.0001, 0.0019, 0.0001, 0.0019, 0.0001, 0.0019, 0.0001, 0.0019,
        0.0001, 0.0019, 0.0001, 0.0019, 0.0001, 0.0019, 0.0001, 0.0019, 0.0001,
        0.0019, 0.0001, 0.0019, 0.0001, 0.0019, 0.0001, 0.0019, 0.0001, 0.0019,
        0.0001, 0.0019, 0.0001, 0.0019, 0.0001, 0.0019, 0.0001, 0.0019, 0.0001,
        0.0019, 0.0001, 0.0019, 0.0001, 0.0019, 0.0001, 0.0019, 0.0001, 0.0019,
        0.0001, 0.0019, 0.0001, 0.0019, 0.0001, 0.0019, 0.0001, 0.0019, 0.0001,
        0.0019, 0.0001, 0.0019, 0.0001, 0.0019, 0.0001, 0.0019, 0.0001, 0.0019,
        0.0001, 0.0019, 0.0001, 0.0019, 0.0001, 0.0019, 0.0001, 0.0019, 0.0001,
        0.0019, 0.0001, 0.0019, 0.0001, 0.0019, 0.0001, 0.0019, 0.0001, 0.0019,
        0.0001, 0.0019, 0.0001, 0.0019, 0.0001, 0.0019, 0.0001, 0.0019, 0.0001,
        0.0019, 0.0001, 0.0019, 0.0001, 0.0019, 0.0001, 0.0019, 0.0001, 0.0019,
        0.0001, 0.0019, 0.0001, 0.0019, 0.0001, 0.0019, 0.0001, 0.0019, 0.0001,
        0.0019, 0.0001, 0.0019, 0.0001, 0.0019, 0.0001, 0.0019, 0.0001, 0.0019,
        0.0001, 0.0019, 0.0001, 0.0019, 0.0001, 0.0019, 0.0001, 0.0019, 0.0001,
        0.0019, 0.0001, 0.0019, 0.0001, 0.0019, 0.0001, 0.0019, 0.0001, 0.0019,
        0.0001, 0.0019, 0.0001, 0.0019, 0.0001, 0.0019, 0.0001, 0.0019, 0.0001,
        0.0019, 0.0001, 0.0019, 0.0001, 0.0019, 0.0001, 0.0019, 0.0001, 0.0019,
        0.0001, 0.0019, 0.0001, 0.0019, 0.0001, 0.0019, 0.0001, 0.0019, 0.0001,
        0.0019, 0.0001, 0.0019, 0.0001, 0.0019, 0.0001, 0.0019, 0.0001, 0.0019,
        0.0001, 0.0019, 0.0001, 0.0019, 0.0001, 0.0019, 0.0001, 0.0019, 0.0001,
        0.0019, 0.0001, 0.0019, 0.0001, 0.0019, 0.0001, 0.0019, 0.0001, 0.0019,
        0.0001, 0.0019, 0.0001, 0.0019, 0.0001, 0.0019, 0.0001, 0.0019, 0.0001,
        0.0019, 0.0001, 0.0019, 0.0001, 0.0019, 0.0001, 0.0019, 0.0001, 0.0019,
        0.0001, 0.0019, 0.0001, 0.0019, 0.0001, 0.0019, 0.0001, 0.0019, 0.0001,
        0.0019, 0.0001, 0.0019, 0.0001, 0.0019, 0.0001, 0.0019, 0.0001, 0.0019,
        0.0001, 0.0019, 0.0001, 0.0019, 0.0001, 0.0019, 0.0001, 0.0019, 0.0001,
        0.0019, 0.0001, 0.0019, 0.0001, 0.0019, 0.0001, 0.0019, 0.0001, 0.0019,
        0.0001, 0.0019, 0.0001, 0.0019, 0.0001, 0.0019, 0.0001, 0.0019, 0.0001,
        0.0019, 0.0001, 0.0019, 0.0001, 0.0019, 0.0001, 0.0019, 0.0001, 0.0019,
        0.0001, 0.0019, 0.0001, 0.0019, 0.0001, 0.0019, 0.0001, 0.0019, 0.0001,
        0.0019, 0.0001, 0.0019, 0.0001, 0.0019, 0.0001, 0.0019, 0.0001, 0.0019,
        0.0001, 0.0019, 0.0001, 0.0019, 0.0001, 0.0019, 0.0001, 0.0019, 0.0001,
        0.0019, 0.0001, 0.0019, 0.0001, 0.0019, 0.0001, 0.0019, 0.0001, 0.0019,
        0.0001, 0.0019, 0.0001, 0.0019, 0.0001, 0.0019, 0.0001, 0.0019, 0.0001,
        0.0019, 0.0001, 0.0019, 0.0001, 0.0019, 0.0001, 0.0019, 0.0001, 0.0019,
        0.0001, 0.0019, 0.0001, 0.0019, 0.0001, 0.0019, 0.0001, 0.0019, 0.0001,
        0.0019, 0.0001, 0.0019, 0.0001, 0.0019, 0.0001, 0.0019, 0.0001, 0.0019,
        0.0001, 0.0019, 0.0001, 0.0019, 0.0001, 0.0019, 0.0001, 0.0019, 0.0001,
        0.0019, 0.0001, 0.0019, 0.0001, 0.0019, 0.0001, 0.0019, 0.0001, 0.0019,
        0.0001, 0.0019, 0.0001, 0.0019, 0.0001, 0.0019, 0.0001, 0.0019, 0.0001,
        0.0019, 0.0001, 0.0019, 0.0001, 0.0019, 0.0001, 0.0019, 0.0001, 0.0019,
        0.0001, 0.0019, 0.0001, 0.0019, 0.0001, 0.0019, 0.0001, 0.0019, 0.0001,
        0.0019, 0.0001, 0.0019, 0.0001, 0.0019, 0.0001, 0.0019, 0.0001, 0.0019,
        0.0001, 0.0019, 0.0001, 0.0019, 0.0001, 0.0019, 0.0001, 0.0019, 0.0001,
        0.0019, 0.0001, 0.0019, 0.0001, 0.0019, 0.0001, 0.0019, 0.0001, 0.0019,
        0.0001, 0.0019, 0.0001, 0.0019, 0.0001, 0.0019, 0.0001, 0.0019, 0.0001,
        0.0019, 0.0001, 0.0019, 0.0001, 0.0019, 0.0001, 0.0019, 0.0001, 0.0019,
        0.0001, 0.0019, 0.0001, 0.0019, 0.0001, 0.0019, 0.0001, 0.0019, 0.0001,
        0.0019, 0.0001, 0.0019, 0.0001, 0.0019, 0.0001, 0.0019, 0.0001, 0.0019,
        0.0001, 0.0019, 0.0001, 0.0019, 0.0001, 0.0019, 0.0001, 0.0019, 0.0001,
        0.0019, 0.0001, 0.0019, 0.0001, 0.0019, 0.0001, 0.0019, 0.0001, 0.0019,
        0.0001, 0.0019, 0.0001, 0.0019, 0.0001, 0.0019, 0.0001, 0.0019, 0.0001,
        0.0019, 0.0001, 0.0019, 0.0001, 0.0019, 0.0001, 0.0019, 0.0001, 0.0019,
        0.0001, 0.0019, 0.0001, 0.0019, 0.0001, 0.0019, 0.0001, 0.0019, 0.0001,
        0.0019, 0.0001, 0.0019, 0.0001, 0.0019, 0.0001, 0.0019, 0.0001, 0.0019,
        0.0001, 0.0019, 0.0001, 0.0019, 0.0001, 0.0019, 0.0001, 0.0019, 0.0001,
        0.0019, 0.0001, 0.0019, 0.0001, 0.0019, 0.0001, 0.0019, 0.0001, 0.0019,
        0.0001, 0.0019, 0.0001, 0.0019, 0.0001, 0.0019, 0.0001, 0.0019, 0.0001,
        0.0019, 0.0001, 0.0019, 0.0001, 0.0019, 0.0001, 0.0019, 0.0001, 0.0019,
        0.0001, 0.0019, 0.0001, 0.0019, 0.0001, 0.0019, 0.0001, 0.0019, 0.0001,
        0.0019, 0.0001, 0.0019, 0.0001, 0.0019, 0.0001, 0.0019, 0.0001, 0.0019,
        0.0001, 0.0019, 0.0001, 0.0019, 0.0001, 0.0019, 0.0001, 0.0019, 0.0001,
        0.0019, 0.0001, 0.0019, 0.0001, 0.0019, 0.0001, 0.0019, 0.0001, 0.0019,
        0.0001, 0.0019, 0.0001, 0.0019, 0.0001, 0.0019, 0.0001, 0.0019, 0.0001,
        0.0019, 0.0001, 0.0019, 0.0001, 0.0019, 0.0001, 0.0019, 0.0001, 0.0019,
        0.0001, 0.0019, 0.0001, 0.0019, 0.0001, 0.0019, 0.0001, 0.0019, 0.0001,
        0.0019, 0.0001, 0.0019, 0.0001, 0.0019, 0.0001, 0.0019, 0.0001, 0.0019,
        0.0001, 0.0019, 0.0001, 0.0019, 0.0001, 0.0019, 0.0001, 0.0019, 0.0001,
        0.0019, 0.0001, 0.0019, 0.0001, 0.0019, 0.0001, 0.0019, 0.0001, 0.0019,
        0.0001, 0.0019, 0.0001, 0.0019, 0.0001, 0.0019, 0.0001, 0.0019, 0.0001,
        0.0019, 0.0001, 0.0019, 0.0001, 0.0019, 0.0001, 0.0019, 0.0001, 0.0019,
        0.0001, 0.0019, 0.0001, 0.0019, 0.0001, 0.0019, 0.0001, 0.0019, 0.0001,
        0.0019, 0.0001, 0.0019, 0.0001, 0.0019, 0.0001, 0.0019, 0.0001, 0.0019,
        0.0001, 0.0019, 0.0001, 0.0019, 0.0001, 0.0019, 0.0001, 0.0019, 0.0001,
        0.0019, 0.0001, 0.0019, 0.0001, 0.0019, 0.0001, 0.0019, 0.0001, 0.0019,
        0.0001, 0.0019, 0.0001, 0.0019, 0.0001, 0.0019, 0.0001, 0.0019, 0.0001,
        0.0019, 0.0001, 0.0019, 0.0001, 0.0019, 0.0001, 0.0019, 0.0001, 0.0019,
        0.0001, 0.0019, 0.0001, 0.0019, 0.0001, 0.0019, 0.0001, 0.0019, 0.0001,
        0.0019, 0.0001, 0.0019, 0.0001, 0.0019, 0.0001, 0.0019, 0.0001, 0.0019,
        0.0001, 0.0019, 0.0001, 0.0019, 0.0001, 0.0019, 0.0001, 0.0019, 0.0001,
        0.0019, 0.0001, 0.0019, 0.0001, 0.0019, 0.0001, 0.0019, 0.0001, 0.0019,
        0.0001, 0.0019, 0.0001, 0.0019, 0.0001, 0.0019, 0.0001, 0.0019, 0.0001,
        0.0019])
tensor([0.0019, 0.0001, 0.0019, 0.0001, 0.0019, 0.0001, 0.0019, 0.0001, 0.0019,
        0.0001, 0.0019, 0.0001, 0.0019, 0.0001, 0.0019, 0.0001, 0.0019, 0.0001,
        0.0019, 0.0001, 0.0019, 0.0001, 0.0019, 0.0001, 0.0019, 0.0001, 0.0019,
        0.0001, 0.0019, 0.0001, 0.0019, 0.0001, 0.0019, 0.0001, 0.0019, 0.0001,
        0.0019, 0.0001, 0.0019, 0.0001, 0.0019, 0.0001, 0.0019, 0.0001, 0.0019,
        0.0001, 0.0019, 0.0001, 0.0019, 0.0001, 0.0019, 0.0001, 0.0019, 0.0001,
        0.0019, 0.0001, 0.0019, 0.0001, 0.0019, 0.0001, 0.0019, 0.0001, 0.0019,
        0.0001, 0.0019, 0.0001, 0.0019, 0.0001, 0.0019, 0.0001, 0.0019, 0.0001,
        0.0019, 0.0001, 0.0019, 0.0001, 0.0019, 0.0001, 0.0019, 0.0001, 0.0019,
        0.0001, 0.0019, 0.0001, 0.0019, 0.0001, 0.0019, 0.0001, 0.0019, 0.0001,
        0.0019, 0.0001, 0.0019, 0.0001, 0.0019, 0.0001, 0.0019, 0.0001, 0.0019,
        0.0001, 0.0019, 0.0001, 0.0019, 0.0001, 0.0019, 0.0001, 0.0019, 0.0001,
        0.0019, 0.0001, 0.0019, 0.0001, 0.0019, 0.0001, 0.0019, 0.0001, 0.0019,
        0.0001, 0.0019, 0.0001, 0.0019, 0.0001, 0.0019, 0.0001, 0.0019, 0.0001,
        0.0019, 0.0001, 0.0019, 0.0001, 0.0019, 0.0001, 0.0019, 0.0001, 0.0019,
        0.0001, 0.0019, 0.0001, 0.0019, 0.0001, 0.0019, 0.0001, 0.0019, 0.0001,
        0.0019, 0.0001, 0.0019, 0.0001, 0.0019, 0.0001, 0.0019, 0.0001, 0.0019,
        0.0001, 0.0019, 0.0001, 0.0019, 0.0001, 0.0019, 0.0001, 0.0019, 0.0001,
        0.0019, 0.0001, 0.0019, 0.0001, 0.0019, 0.0001, 0.0019, 0.0001, 0.0019,
        0.0001, 0.0019, 0.0001, 0.0019, 0.0001, 0.0019, 0.0001, 0.0019, 0.0001,
        0.0019, 0.0001, 0.0019, 0.0001, 0.0019, 0.0001, 0.0019, 0.0001, 0.0019,
        0.0001, 0.0019, 0.0001, 0.0019, 0.0001, 0.0019, 0.0001, 0.0019, 0.0001,
        0.0019, 0.0001, 0.0019, 0.0001, 0.0019, 0.0001, 0.0019, 0.0001, 0.0019,
        0.0001, 0.0019, 0.0001, 0.0019, 0.0001, 0.0019, 0.0001, 0.0019, 0.0001,
        0.0019, 0.0001, 0.0019, 0.0001, 0.0019, 0.0001, 0.0019, 0.0001, 0.0019,
        0.0001, 0.0019, 0.0001, 0.0019, 0.0001, 0.0019, 0.0001, 0.0019, 0.0001,
        0.0019, 0.0001, 0.0019, 0.0001, 0.0019, 0.0001, 0.0019, 0.0001, 0.0019,
        0.0001, 0.0019, 0.0001, 0.0019, 0.0001, 0.0019, 0.0001, 0.0019, 0.0001,
        0.0019, 0.0001, 0.0019, 0.0001, 0.0019, 0.0001, 0.0019, 0.0001, 0.0019,
        0.0001, 0.0019, 0.0001, 0.0019, 0.0001, 0.0019, 0.0001, 0.0019, 0.0001,
        0.0019, 0.0001, 0.0019, 0.0001, 0.0019, 0.0001, 0.0019, 0.0001, 0.0019,
        0.0001, 0.0019, 0.0001, 0.0019, 0.0001, 0.0019, 0.0001, 0.0019, 0.0001,
        0.0019, 0.0001, 0.0019, 0.0001, 0.0019, 0.0001, 0.0019, 0.0001, 0.0019,
        0.0001, 0.0019, 0.0001, 0.0019, 0.0001, 0.0019, 0.0001, 0.0019, 0.0001,
        0.0019, 0.0001, 0.0019, 0.0001, 0.0019, 0.0001, 0.0019, 0.0001, 0.0019,
        0.0001, 0.0019, 0.0001, 0.0019, 0.0001, 0.0019, 0.0001, 0.0019, 0.0001,
        0.0019, 0.0001, 0.0019, 0.0001, 0.0019, 0.0001, 0.0019, 0.0001, 0.0019,
        0.0001, 0.0019, 0.0001, 0.0019, 0.0001, 0.0019, 0.0001, 0.0019, 0.0001,
        0.0019, 0.0001, 0.0019, 0.0001, 0.0019, 0.0001, 0.0019, 0.0001, 0.0019,
        0.0001, 0.0019, 0.0001, 0.0019, 0.0001, 0.0019, 0.0001, 0.0019, 0.0001,
        0.0019, 0.0001, 0.0019, 0.0001, 0.0019, 0.0001, 0.0019, 0.0001, 0.0019,
        0.0001, 0.0019, 0.0001, 0.0019, 0.0001, 0.0019, 0.0001, 0.0019, 0.0001,
        0.0019, 0.0001, 0.0019, 0.0001, 0.0019, 0.0001, 0.0019, 0.0001, 0.0019,
        0.0001, 0.0019, 0.0001, 0.0019, 0.0001, 0.0019, 0.0001, 0.0019, 0.0001,
        0.0019, 0.0001, 0.0019, 0.0001, 0.0019, 0.0001, 0.0019, 0.0001, 0.0019,
        0.0001, 0.0019, 0.0001, 0.0019, 0.0001, 0.0019, 0.0001, 0.0019, 0.0001,
        0.0019, 0.0001, 0.0019, 0.0001, 0.0019, 0.0001, 0.0019, 0.0001, 0.0019,
        0.0001, 0.0019, 0.0001, 0.0019, 0.0001, 0.0019, 0.0001, 0.0019, 0.0001,
        0.0019, 0.0001, 0.0019, 0.0001, 0.0019, 0.0001, 0.0019, 0.0001, 0.0019,
        0.0001, 0.0019, 0.0001, 0.0019, 0.0001, 0.0019, 0.0001, 0.0019, 0.0001,
        0.0019, 0.0001, 0.0019, 0.0001, 0.0019, 0.0001, 0.0019, 0.0001, 0.0019,
        0.0001, 0.0019, 0.0001, 0.0019, 0.0001, 0.0019, 0.0001, 0.0019, 0.0001,
        0.0019, 0.0001, 0.0019, 0.0001, 0.0019, 0.0001, 0.0019, 0.0001, 0.0019,
        0.0001, 0.0019, 0.0001, 0.0019, 0.0001, 0.0019, 0.0001, 0.0019, 0.0001,
        0.0019, 0.0001, 0.0019, 0.0001, 0.0019, 0.0001, 0.0019, 0.0001, 0.0019,
        0.0001, 0.0019, 0.0001, 0.0019, 0.0001, 0.0019, 0.0001, 0.0019, 0.0001,
        0.0019, 0.0001, 0.0019, 0.0001, 0.0019, 0.0001, 0.0019, 0.0001, 0.0019,
        0.0001, 0.0019, 0.0001, 0.0019, 0.0001, 0.0019, 0.0001, 0.0019, 0.0001,
        0.0019, 0.0001, 0.0019, 0.0001, 0.0019, 0.0001, 0.0019, 0.0001, 0.0019,
        0.0001, 0.0019, 0.0001, 0.0019, 0.0001, 0.0019, 0.0001, 0.0019, 0.0001,
        0.0019, 0.0001, 0.0019, 0.0001, 0.0019, 0.0001, 0.0019, 0.0001, 0.0019,
        0.0001, 0.0019, 0.0001, 0.0019, 0.0001, 0.0019, 0.0001, 0.0019, 0.0001,
        0.0019, 0.0001, 0.0019, 0.0001, 0.0019, 0.0001, 0.0019, 0.0001, 0.0019,
        0.0001, 0.0019, 0.0001, 0.0019, 0.0001, 0.0019, 0.0001, 0.0019, 0.0001,
        0.0019, 0.0001, 0.0019, 0.0001, 0.0019, 0.0001, 0.0019, 0.0001, 0.0019,
        0.0001, 0.0019, 0.0001, 0.0019, 0.0001, 0.0019, 0.0001, 0.0019, 0.0001,
        0.0019, 0.0001, 0.0019, 0.0001, 0.0019, 0.0001, 0.0019, 0.0001, 0.0019,
        0.0001, 0.0019, 0.0001, 0.0019, 0.0001, 0.0019, 0.0001, 0.0019, 0.0001,
        0.0019, 0.0001, 0.0019, 0.0001, 0.0019, 0.0001, 0.0019, 0.0001, 0.0019,
        0.0001, 0.0019, 0.0001, 0.0019, 0.0001, 0.0019, 0.0001, 0.0019, 0.0001,
        0.0019, 0.0001, 0.0019, 0.0001, 0.0019, 0.0001, 0.0019, 0.0001, 0.0019,
        0.0001, 0.0019, 0.0001, 0.0019, 0.0001, 0.0019, 0.0001, 0.0019, 0.0001,
        0.0019, 0.0001, 0.0019, 0.0001, 0.0019, 0.0001, 0.0019, 0.0001, 0.0019,
        0.0001, 0.0019, 0.0001, 0.0019, 0.0001, 0.0019, 0.0001, 0.0019, 0.0001,
        0.0019, 0.0001, 0.0019, 0.0001, 0.0019, 0.0001, 0.0019, 0.0001, 0.0019,
        0.0001, 0.0019, 0.0001, 0.0019, 0.0001, 0.0019, 0.0001, 0.0019, 0.0001,
        0.0019, 0.0001, 0.0019, 0.0001, 0.0019, 0.0001, 0.0019, 0.0001, 0.0019,
        0.0001, 0.0019, 0.0001, 0.0019, 0.0001, 0.0019, 0.0001, 0.0019, 0.0001,
        0.0019, 0.0001, 0.0019, 0.0001, 0.0019, 0.0001, 0.0019, 0.0001, 0.0019,
        0.0001, 0.0019, 0.0001, 0.0019, 0.0001, 0.0019, 0.0001, 0.0019, 0.0001,
        0.0019, 0.0001, 0.0019, 0.0001, 0.0019, 0.0001, 0.0019, 0.0001, 0.0019,
        0.0001, 0.0019, 0.0001, 0.0019, 0.0001, 0.0019, 0.0001, 0.0019, 0.0001,
        0.0019, 0.0001, 0.0019, 0.0001, 0.0019, 0.0001, 0.0019, 0.0001, 0.0019,
        0.0001, 0.0019, 0.0001, 0.0019, 0.0001, 0.0019, 0.0001, 0.0019, 0.0001,
        0.0019, 0.0001, 0.0019, 0.0001, 0.0019, 0.0001, 0.0019, 0.0001, 0.0019,
        0.0001, 0.0019, 0.0001, 0.0019, 0.0001, 0.0019, 0.0001, 0.0019, 0.0001,
        0.0019, 0.0001, 0.0019, 0.0001, 0.0019, 0.0001, 0.0019, 0.0001, 0.0019,
        0.0001, 0.0019, 0.0001, 0.0019, 0.0001, 0.0019, 0.0001, 0.0019, 0.0001,
        0.0019, 0.0001, 0.0019, 0.0001, 0.0019, 0.0001, 0.0019, 0.0001, 0.0019,
        0.0001, 0.0019, 0.0001, 0.0019, 0.0001, 0.0019, 0.0001, 0.0019, 0.0001,
        0.0019, 0.0001, 0.0019, 0.0001, 0.0019, 0.0001, 0.0019, 0.0001, 0.0019,
        0.0001, 0.0019, 0.0001, 0.0019, 0.0001, 0.0019, 0.0001, 0.0019, 0.0001,
        0.0019, 0.0001, 0.0019, 0.0001, 0.0019, 0.0001, 0.0019, 0.0001, 0.0019,
        0.0001, 0.0019, 0.0001, 0.0019, 0.0001, 0.0019, 0.0001, 0.0019, 0.0001,
        0.0019, 0.0001, 0.0019, 0.0001, 0.0019, 0.0001, 0.0019, 0.0001, 0.0019,
        0.0001, 0.0019, 0.0001, 0.0019, 0.0001, 0.0019, 0.0001, 0.0019, 0.0001,
        0.0019, 0.0001, 0.0019, 0.0001, 0.0019, 0.0001, 0.0019, 0.0001, 0.0019,
        0.0001, 0.0019, 0.0001, 0.0019, 0.0001, 0.0019, 0.0001, 0.0019, 0.0001,
        0.0019, 0.0001, 0.0019, 0.0001, 0.0019, 0.0001, 0.0019, 0.0001, 0.0019,
        0.0001, 0.0019, 0.0001, 0.0019, 0.0001, 0.0019, 0.0001, 0.0019, 0.0001,
        0.0019, 0.0001, 0.0019, 0.0001, 0.0019, 0.0001, 0.0019, 0.0001, 0.0019,
        0.0001, 0.0019, 0.0001, 0.0019, 0.0001, 0.0019, 0.0001, 0.0019, 0.0001,
        0.0019, 0.0001, 0.0019, 0.0001, 0.0019, 0.0001, 0.0019, 0.0001, 0.0019,
        0.0001, 0.0019, 0.0001, 0.0019, 0.0001, 0.0019, 0.0001, 0.0019, 0.0001,
        0.0019, 0.0001, 0.0019, 0.0001, 0.0019, 0.0001, 0.0019, 0.0001, 0.0019,
        0.0001, 0.0019, 0.0001, 0.0019, 0.0001, 0.0019, 0.0001, 0.0019, 0.0001,
        0.0019, 0.0001, 0.0019, 0.0001, 0.0019, 0.0001, 0.0019, 0.0001, 0.0019,
        0.0001, 0.0019, 0.0001, 0.0019, 0.0001, 0.0019, 0.0001, 0.0019, 0.0001,
        0.0019, 0.0001, 0.0019, 0.0001, 0.0019, 0.0001, 0.0019, 0.0001, 0.0019,
        0.0001, 0.0019, 0.0001, 0.0019, 0.0001, 0.0019, 0.0001, 0.0019, 0.0001,
        0.0019, 0.0001, 0.0019, 0.0001, 0.0019, 0.0001, 0.0019, 0.0001, 0.0019,
        0.0001])
bitflipelltwo, alpha=0.5, sample size=140000
#########################################
tensor(-0.0002, device='cuda:0')
(1, 1000, 0.0009, 0.5, 140000, 'elltwo', 'bitflip', -0.00018310546875, 0.3800000250339508, 62.08035373687744, '2024-04-06 09:09:37')
pval: [0.38000003] -- 1th test, time elapsed 62.08035373687744 -- emperical power so far: 0.0
db insert success
tensor(-0.0002, device='cuda:0')
(2, 1000, 0.0009, 0.5, 140000, 'elltwo', 'bitflip', -0.00018310546875, 0.0010000000474974513, 53.71088647842407, '2024-04-06 09:10:47')
pval: [0.001] -- 2th test, time elapsed 53.71088647842407 -- emperical power so far: 0.5
db insert success
tensor(0.0002, device='cuda:0')
(3, 1000, 0.0009, 0.5, 140000, 'elltwo', 'bitflip', 0.000152587890625, 0.242000013589859, 53.7793173789978, '2024-04-06 09:11:48')
pval: [0.24200001] -- 3th test, time elapsed 53.7793173789978 -- emperical power so far: 0.3333333333333333
db insert success
tensor(-0.0009, device='cuda:0')
(4, 1000, 0.0009, 0.5, 140000, 'elltwo', 'bitflip', -0.000946044921875, 0.7230000495910645, 53.755450963974, '2024-04-06 09:12:57')
pval: [0.72300005] -- 4th test, time elapsed 53.755450963974 -- emperical power so far: 0.25
db insert success
tensor(-0.0002, device='cuda:0')
(5, 1000, 0.0009, 0.5, 140000, 'elltwo', 'bitflip', -0.00018310546875, 0.13199999928474426, 53.71258568763733, '2024-04-06 09:14:09')
pval: [0.132] -- 5th test, time elapsed 53.71258568763733 -- emperical power so far: 0.2
db insert success
tensor(-0.0002, device='cuda:0')
(6, 1000, 0.0009, 0.5, 140000, 'elltwo', 'bitflip', -0.00018310546875, 0.1990000158548355, 53.70823860168457, '2024-04-06 09:15:10')
pval: [0.19900002] -- 6th test, time elapsed 53.70823860168457 -- emperical power so far: 0.16666666666666666
db insert success
tensor(-0.0005, device='cuda:0')
(7, 1000, 0.0009, 0.5, 140000, 'elltwo', 'bitflip', -0.000518798828125, 0.593000054359436, 53.63256502151489, '2024-04-06 09:16:12')
pval: [0.59300005] -- 7th test, time elapsed 53.63256502151489 -- emperical power so far: 0.14285714285714285
db insert success
tensor(-0.0002, device='cuda:0')
(8, 1000, 0.0009, 0.5, 140000, 'elltwo', 'bitflip', -0.00018310546875, 0.018000001087784767, 53.66598916053772, '2024-04-06 09:17:13')
pval: [0.018] -- 8th test, time elapsed 53.66598916053772 -- emperical power so far: 0.25
db insert success
tensor(-0.0005, device='cuda:0')
(9, 1000, 0.0009, 0.5, 140000, 'elltwo', 'bitflip', -0.00054931640625, 0.4140000343322754, 53.79455041885376, '2024-04-06 09:18:14')
pval: [0.41400003] -- 9th test, time elapsed 53.79455041885376 -- emperical power so far: 0.2222222222222222
db insert success
tensor(0.0002, device='cuda:0')
(10, 1000, 0.0009, 0.5, 140000, 'elltwo', 'bitflip', 0.00018310546875, 0.0020000000949949026, 53.609283685684204, '2024-04-06 09:19:10')
pval: [0.002] -- 10th test, time elapsed 53.609283685684204 -- emperical power so far: 0.3
db insert success
tensor(-0.0005, device='cuda:0')
(11, 1000, 0.0009, 0.5, 140000, 'elltwo', 'bitflip', -0.000518798828125, 0.07100000232458115, 53.72360420227051, '2024-04-06 09:20:08')
pval: [0.071] -- 11th test, time elapsed 53.72360420227051 -- emperical power so far: 0.2727272727272727
db insert success
tensor(-0.0006, device='cuda:0')
(12, 1000, 0.0009, 0.5, 140000, 'elltwo', 'bitflip', -0.000579833984375, 0.6640000343322754, 53.73601531982422, '2024-04-06 09:21:19')
pval: [0.66400003] -- 12th test, time elapsed 53.73601531982422 -- emperical power so far: 0.25
db insert success
tensor(0.0002, device='cuda:0')
(13, 1000, 0.0009, 0.5, 140000, 'elltwo', 'bitflip', 0.00018310546875, 0.027000000700354576, 53.692745208740234, '2024-04-06 09:22:18')
pval: [0.027] -- 13th test, time elapsed 53.692745208740234 -- emperical power so far: 0.3076923076923077
db insert success
tensor(-0.0002, device='cuda:0')
(14, 1000, 0.0009, 0.5, 140000, 'elltwo', 'bitflip', -0.00018310546875, 0.5960000157356262, 53.71190333366394, '2024-04-06 09:23:23')
pval: [0.59600002] -- 14th test, time elapsed 53.71190333366394 -- emperical power so far: 0.2857142857142857
db insert success
tensor(0.0002, device='cuda:0')
(15, 1000, 0.0009, 0.5, 140000, 'elltwo', 'bitflip', 0.000152587890625, 0.04000000283122063, 53.74489784240723, '2024-04-06 09:24:25')
pval: [0.04] -- 15th test, time elapsed 53.74489784240723 -- emperical power so far: 0.3333333333333333
db insert success
tensor(-0.0002, device='cuda:0')
(16, 1000, 0.0009, 0.5, 140000, 'elltwo', 'bitflip', -0.00018310546875, 0.01600000075995922, 53.699708700180054, '2024-04-06 09:25:23')
pval: [0.016] -- 16th test, time elapsed 53.699708700180054 -- emperical power so far: 0.375
db insert success
tensor(-0.0002, device='cuda:0')
(17, 1000, 0.0009, 0.5, 140000, 'elltwo', 'bitflip', -0.00018310546875, 0.4310000240802765, 53.7163987159729, '2024-04-06 09:26:26')
pval: [0.43100002] -- 17th test, time elapsed 53.7163987159729 -- emperical power so far: 0.35294117647058826
db insert success
tensor(-0.0002, device='cuda:0')
(18, 1000, 0.0009, 0.5, 140000, 'elltwo', 'bitflip', -0.000213623046875, 0.7760000228881836, 53.710585594177246, '2024-04-06 09:27:25')
pval: [0.77600002] -- 18th test, time elapsed 53.710585594177246 -- emperical power so far: 0.3333333333333333
db insert success
tensor(-0.0009, device='cuda:0')
(19, 1000, 0.0009, 0.5, 140000, 'elltwo', 'bitflip', -0.00091552734375, 0.6480000019073486, 53.62475395202637, '2024-04-06 09:28:31')
pval: [0.648] -- 19th test, time elapsed 53.62475395202637 -- emperical power so far: 0.3157894736842105
db insert success
tensor(-0.0005, device='cuda:0')
(20, 1000, 0.0009, 0.5, 140000, 'elltwo', 'bitflip', -0.000518798828125, 0.1080000028014183, 53.72386646270752, '2024-04-06 09:29:31')
pval: [0.108] -- 20th test, time elapsed 53.72386646270752 -- emperical power so far: 0.3
db insert success
tensor(0.0001, device='cuda:0')
(21, 1000, 0.0009, 0.5, 140000, 'elltwo', 'bitflip', 0.0001220703125, 0.04200000315904617, 53.77767753601074, '2024-04-06 09:30:44')
pval: [0.042] -- 21th test, time elapsed 53.77767753601074 -- emperical power so far: 0.3333333333333333
db insert success
tensor(-0.0009, device='cuda:0')
(22, 1000, 0.0009, 0.5, 140000, 'elltwo', 'bitflip', -0.000946044921875, 0.7790000438690186, 53.869404315948486, '2024-04-06 09:31:54')
pval: [0.77900004] -- 22th test, time elapsed 53.869404315948486 -- emperical power so far: 0.3181818181818182
db insert success
tensor(-0.0002, device='cuda:0')
(23, 1000, 0.0009, 0.5, 140000, 'elltwo', 'bitflip', -0.000213623046875, 0.6620000600814819, 53.71517515182495, '2024-04-06 09:32:53')
pval: [0.66200006] -- 23th test, time elapsed 53.71517515182495 -- emperical power so far: 0.30434782608695654
db insert success
tensor(-0.0005, device='cuda:0')
(24, 1000, 0.0009, 0.5, 140000, 'elltwo', 'bitflip', -0.00054931640625, 0.24300001561641693, 53.91642475128174, '2024-04-06 09:34:01')
pval: [0.24300002] -- 24th test, time elapsed 53.91642475128174 -- emperical power so far: 0.2916666666666667
db insert success
tensor(-0.0005, device='cuda:0')
(25, 1000, 0.0009, 0.5, 140000, 'elltwo', 'bitflip', -0.00054931640625, 0.10900000482797623, 53.73942184448242, '2024-04-06 09:34:56')
pval: [0.109] -- 25th test, time elapsed 53.73942184448242 -- emperical power so far: 0.28
db insert success
tensor(-0.0002, device='cuda:0')
(26, 1000, 0.0009, 0.5, 140000, 'elltwo', 'bitflip', -0.00018310546875, 0.15600000321865082, 53.78945183753967, '2024-04-06 09:35:51')
pval: [0.156] -- 26th test, time elapsed 53.78945183753967 -- emperical power so far: 0.2692307692307692
db insert success
tensor(-0.0006, device='cuda:0')
(27, 1000, 0.0009, 0.5, 140000, 'elltwo', 'bitflip', -0.000579833984375, 0.8680000305175781, 53.7538845539093, '2024-04-06 09:37:05')
pval: [0.86800003] -- 27th test, time elapsed 53.7538845539093 -- emperical power so far: 0.25925925925925924
db insert success
tensor(-0.0002, device='cuda:0')
(28, 1000, 0.0009, 0.5, 140000, 'elltwo', 'bitflip', -0.00018310546875, 0.4230000078678131, 53.75217866897583, '2024-04-06 09:38:02')
pval: [0.42300001] -- 28th test, time elapsed 53.75217866897583 -- emperical power so far: 0.25
db insert success
tensor(-0.0005, device='cuda:0')
(29, 1000, 0.0009, 0.5, 140000, 'elltwo', 'bitflip', -0.00054931640625, 0.2710000276565552, 53.785988330841064, '2024-04-06 09:39:13')
pval: [0.27100003] -- 29th test, time elapsed 53.785988330841064 -- emperical power so far: 0.2413793103448276
db insert success
tensor(-0.0002, device='cuda:0')
(30, 1000, 0.0009, 0.5, 140000, 'elltwo', 'bitflip', -0.000213623046875, 0.6960000395774841, 53.681373596191406, '2024-04-06 09:40:18')
pval: [0.69600004] -- 30th test, time elapsed 53.681373596191406 -- emperical power so far: 0.23333333333333334
db insert success
tensor(-0.0002, device='cuda:0')
(31, 1000, 0.0009, 0.5, 140000, 'elltwo', 'bitflip', -0.00018310546875, 0.0020000000949949026, 53.68046498298645, '2024-04-06 09:41:30')
pval: [0.002] -- 31th test, time elapsed 53.68046498298645 -- emperical power so far: 0.25806451612903225
db insert success
tensor(0.0002, device='cuda:0')
(32, 1000, 0.0009, 0.5, 140000, 'elltwo', 'bitflip', 0.000213623046875, 0.005000000353902578, 53.76193881034851, '2024-04-06 09:42:28')
pval: [0.005] -- 32th test, time elapsed 53.76193881034851 -- emperical power so far: 0.28125
db insert success
tensor(-0.0005, device='cuda:0')
(33, 1000, 0.0009, 0.5, 140000, 'elltwo', 'bitflip', -0.00054931640625, 0.9660000205039978, 53.707783460617065, '2024-04-06 09:43:33')
pval: [0.96600002] -- 33th test, time elapsed 53.707783460617065 -- emperical power so far: 0.2727272727272727
db insert success
tensor(-0.0002, device='cuda:0')
(34, 1000, 0.0009, 0.5, 140000, 'elltwo', 'bitflip', -0.00018310546875, 0.20000000298023224, 53.745243310928345, '2024-04-06 09:44:38')
pval: [0.2] -- 34th test, time elapsed 53.745243310928345 -- emperical power so far: 0.2647058823529412
db insert success
tensor(-0.0005, device='cuda:0')
(35, 1000, 0.0009, 0.5, 140000, 'elltwo', 'bitflip', -0.00054931640625, 0.35600000619888306, 53.762457847595215, '2024-04-06 09:45:51')
pval: [0.35600001] -- 35th test, time elapsed 53.762457847595215 -- emperical power so far: 0.2571428571428571
db insert success
tensor(0.0002, device='cuda:0')
(36, 1000, 0.0009, 0.5, 140000, 'elltwo', 'bitflip', 0.000213623046875, 0.003000000026077032, 53.65641212463379, '2024-04-06 09:47:04')
pval: [0.003] -- 36th test, time elapsed 53.65641212463379 -- emperical power so far: 0.2777777777777778
db insert success
tensor(-0.0005, device='cuda:0')
(37, 1000, 0.0009, 0.5, 140000, 'elltwo', 'bitflip', -0.00054931640625, 0.16200000047683716, 53.6534321308136, '2024-04-06 09:48:09')
pval: [0.162] -- 37th test, time elapsed 53.6534321308136 -- emperical power so far: 0.2702702702702703
db insert success
tensor(0.0002, device='cuda:0')
(38, 1000, 0.0009, 0.5, 140000, 'elltwo', 'bitflip', 0.000152587890625, 0.018000001087784767, 53.68102216720581, '2024-04-06 09:49:11')
pval: [0.018] -- 38th test, time elapsed 53.68102216720581 -- emperical power so far: 0.2894736842105263
db insert success
tensor(-0.0002, device='cuda:0')
(39, 1000, 0.0009, 0.5, 140000, 'elltwo', 'bitflip', -0.000152587890625, 0.14400000870227814, 53.72128224372864, '2024-04-06 09:50:12')
pval: [0.14400001] -- 39th test, time elapsed 53.72128224372864 -- emperical power so far: 0.28205128205128205
db insert success
tensor(-0.0002, device='cuda:0')
(40, 1000, 0.0009, 0.5, 140000, 'elltwo', 'bitflip', -0.00018310546875, 0.004000000189989805, 53.74771761894226, '2024-04-06 09:51:09')
pval: [0.004] -- 40th test, time elapsed 53.74771761894226 -- emperical power so far: 0.3
db insert success
tensor(0.0002, device='cuda:0')
(41, 1000, 0.0009, 0.5, 140000, 'elltwo', 'bitflip', 0.000152587890625, 0.1770000010728836, 53.77498412132263, '2024-04-06 09:52:20')
pval: [0.177] -- 41th test, time elapsed 53.77498412132263 -- emperical power so far: 0.2926829268292683
db insert success
tensor(-0.0002, device='cuda:0')
(42, 1000, 0.0009, 0.5, 140000, 'elltwo', 'bitflip', -0.00018310546875, 0.07600000500679016, 53.79912829399109, '2024-04-06 09:53:18')
pval: [0.07600001] -- 42th test, time elapsed 53.79912829399109 -- emperical power so far: 0.2857142857142857
db insert success
tensor(-0.0002, device='cuda:0')
(43, 1000, 0.0009, 0.5, 140000, 'elltwo', 'bitflip', -0.00018310546875, 0.328000009059906, 53.67973065376282, '2024-04-06 09:54:14')
pval: [0.32800001] -- 43th test, time elapsed 53.67973065376282 -- emperical power so far: 0.27906976744186046
db insert success
tensor(-0.0005, device='cuda:0')
(44, 1000, 0.0009, 0.5, 140000, 'elltwo', 'bitflip', -0.00054931640625, 0.1940000057220459, 53.79247999191284, '2024-04-06 09:55:12')
pval: [0.19400001] -- 44th test, time elapsed 53.79247999191284 -- emperical power so far: 0.2727272727272727
db insert success
tensor(-0.0005, device='cuda:0')
(45, 1000, 0.0009, 0.5, 140000, 'elltwo', 'bitflip', -0.00054931640625, 0.8320000171661377, 53.74755811691284, '2024-04-06 09:56:10')
pval: [0.83200002] -- 45th test, time elapsed 53.74755811691284 -- emperical power so far: 0.26666666666666666
db insert success
tensor(-0.0009, device='cuda:0')
(46, 1000, 0.0009, 0.5, 140000, 'elltwo', 'bitflip', -0.00091552734375, 0.8540000319480896, 53.95344066619873, '2024-04-06 09:57:22')
pval: [0.85400003] -- 46th test, time elapsed 53.95344066619873 -- emperical power so far: 0.2608695652173913
db insert success
tensor(-0.0002, device='cuda:0')
(47, 1000, 0.0009, 0.5, 140000, 'elltwo', 'bitflip', -0.000213623046875, 0.003000000026077032, 53.83664846420288, '2024-04-06 09:58:22')
pval: [0.003] -- 47th test, time elapsed 53.83664846420288 -- emperical power so far: 0.2765957446808511
db insert success
tensor(0.0002, device='cuda:0')
(48, 1000, 0.0009, 0.5, 140000, 'elltwo', 'bitflip', 0.00018310546875, 0.017000000923871994, 53.732107639312744, '2024-04-06 09:59:19')
pval: [0.017] -- 48th test, time elapsed 53.732107639312744 -- emperical power so far: 0.2916666666666667
db insert success
tensor(0.0002, device='cuda:0')
(49, 1000, 0.0009, 0.5, 140000, 'elltwo', 'bitflip', 0.000152587890625, 0.027000000700354576, 53.66272687911987, '2024-04-06 10:00:27')
pval: [0.027] -- 49th test, time elapsed 53.66272687911987 -- emperical power so far: 0.30612244897959184
db insert success
tensor(-0.0009, device='cuda:0')
(50, 1000, 0.0009, 0.5, 140000, 'elltwo', 'bitflip', -0.00091552734375, 0.7430000305175781, 53.69068765640259, '2024-04-06 10:01:36')
pval: [0.74300003] -- 50th test, time elapsed 53.69068765640259 -- emperical power so far: 0.3
db insert success
tensor(-0.0006, device='cuda:0')
(51, 1000, 0.0009, 0.5, 140000, 'elltwo', 'bitflip', -0.000579833984375, 0.17900000512599945, 53.70495414733887, '2024-04-06 10:02:32')
pval: [0.17900001] -- 51th test, time elapsed 53.70495414733887 -- emperical power so far: 0.29411764705882354
db insert success
tensor(-0.0002, device='cuda:0')
(52, 1000, 0.0009, 0.5, 140000, 'elltwo', 'bitflip', -0.00018310546875, 0.21300001442432404, 53.69471454620361, '2024-04-06 10:03:31')
pval: [0.21300001] -- 52th test, time elapsed 53.69471454620361 -- emperical power so far: 0.28846153846153844
db insert success
tensor(-0.0005, device='cuda:0')
(53, 1000, 0.0009, 0.5, 140000, 'elltwo', 'bitflip', -0.00054931640625, 0.13300000131130219, 53.69571042060852, '2024-04-06 10:04:32')
pval: [0.133] -- 53th test, time elapsed 53.69571042060852 -- emperical power so far: 0.2830188679245283
db insert success
tensor(-0.0002, device='cuda:0')
(54, 1000, 0.0009, 0.5, 140000, 'elltwo', 'bitflip', -0.000213623046875, 0.8250000476837158, 53.74541091918945, '2024-04-06 10:05:33')
pval: [0.82500005] -- 54th test, time elapsed 53.74541091918945 -- emperical power so far: 0.2777777777777778
db insert success
tensor(-0.0005, device='cuda:0')
(55, 1000, 0.0009, 0.5, 140000, 'elltwo', 'bitflip', -0.00054931640625, 0.7310000061988831, 53.67959952354431, '2024-04-06 10:06:42')
pval: [0.73100001] -- 55th test, time elapsed 53.67959952354431 -- emperical power so far: 0.2727272727272727
db insert success
tensor(0.0002, device='cuda:0')
(56, 1000, 0.0009, 0.5, 140000, 'elltwo', 'bitflip', 0.00018310546875, 0.015000000596046448, 53.75831079483032, '2024-04-06 10:07:41')
pval: [0.015] -- 56th test, time elapsed 53.75831079483032 -- emperical power so far: 0.2857142857142857
db insert success
tensor(-0.0009, device='cuda:0')
(57, 1000, 0.0009, 0.5, 140000, 'elltwo', 'bitflip', -0.00091552734375, 0.8410000205039978, 53.64258337020874, '2024-04-06 10:08:40')
pval: [0.84100002] -- 57th test, time elapsed 53.64258337020874 -- emperical power so far: 0.2807017543859649
db insert success
tensor(-0.0002, device='cuda:0')
(58, 1000, 0.0009, 0.5, 140000, 'elltwo', 'bitflip', -0.000213623046875, 0.3530000150203705, 53.70150375366211, '2024-04-06 10:09:48')
pval: [0.35300002] -- 58th test, time elapsed 53.70150375366211 -- emperical power so far: 0.27586206896551724
db insert success
tensor(-0.0009, device='cuda:0')
(59, 1000, 0.0009, 0.5, 140000, 'elltwo', 'bitflip', -0.00091552734375, 0.6950000524520874, 53.62887620925903, '2024-04-06 10:10:55')
pval: [0.69500005] -- 59th test, time elapsed 53.62887620925903 -- emperical power so far: 0.2711864406779661
db insert success
tensor(-0.0002, device='cuda:0')
(60, 1000, 0.0009, 0.5, 140000, 'elltwo', 'bitflip', -0.00018310546875, 0.35100001096725464, 53.7480194568634, '2024-04-06 10:11:53')
pval: [0.35100001] -- 60th test, time elapsed 53.7480194568634 -- emperical power so far: 0.26666666666666666
db insert success
tensor(-0.0005, device='cuda:0')
(61, 1000, 0.0009, 0.5, 140000, 'elltwo', 'bitflip', -0.00054931640625, 0.4650000333786011, 53.74024963378906, '2024-04-06 10:13:07')
pval: [0.46500003] -- 61th test, time elapsed 53.74024963378906 -- emperical power so far: 0.26229508196721313
db insert success
tensor(-0.0002, device='cuda:0')
(62, 1000, 0.0009, 0.5, 140000, 'elltwo', 'bitflip', -0.00018310546875, 0.003000000026077032, 53.66385293006897, '2024-04-06 10:14:06')
pval: [0.003] -- 62th test, time elapsed 53.66385293006897 -- emperical power so far: 0.27419354838709675
db insert success
tensor(-0.0006, device='cuda:0')
(63, 1000, 0.0009, 0.5, 140000, 'elltwo', 'bitflip', -0.000579833984375, 0.31300002336502075, 53.6860568523407, '2024-04-06 10:15:06')
pval: [0.31300002] -- 63th test, time elapsed 53.6860568523407 -- emperical power so far: 0.2698412698412698
db insert success
tensor(-0.0006, device='cuda:0')
(64, 1000, 0.0009, 0.5, 140000, 'elltwo', 'bitflip', -0.000579833984375, 0.578000009059906, 53.63625240325928, '2024-04-06 10:16:10')
pval: [0.57800001] -- 64th test, time elapsed 53.63625240325928 -- emperical power so far: 0.265625
db insert success
tensor(0.0002, device='cuda:0')
(65, 1000, 0.0009, 0.5, 140000, 'elltwo', 'bitflip', 0.000152587890625, 0.010000000707805157, 53.636754274368286, '2024-04-06 10:17:06')
pval: [0.01] -- 65th test, time elapsed 53.636754274368286 -- emperical power so far: 0.27692307692307694
db insert success
tensor(-0.0009, device='cuda:0')
(66, 1000, 0.0009, 0.5, 140000, 'elltwo', 'bitflip', -0.00091552734375, 0.6710000038146973, 53.701653718948364, '2024-04-06 10:18:10')
pval: [0.671] -- 66th test, time elapsed 53.701653718948364 -- emperical power so far: 0.2727272727272727
db insert success
tensor(0.0002, device='cuda:0')
(67, 1000, 0.0009, 0.5, 140000, 'elltwo', 'bitflip', 0.00018310546875, 0.1080000028014183, 53.68248176574707, '2024-04-06 10:19:18')
pval: [0.108] -- 67th test, time elapsed 53.68248176574707 -- emperical power so far: 0.26865671641791045
db insert success
tensor(-0.0005, device='cuda:0')
(68, 1000, 0.0009, 0.5, 140000, 'elltwo', 'bitflip', -0.00054931640625, 0.4520000219345093, 53.90423822402954, '2024-04-06 10:20:31')
pval: [0.45200002] -- 68th test, time elapsed 53.90423822402954 -- emperical power so far: 0.2647058823529412
db insert success
tensor(-0.0002, device='cuda:0')
(69, 1000, 0.0009, 0.5, 140000, 'elltwo', 'bitflip', -0.000213623046875, 0.2110000103712082, 53.90661358833313, '2024-04-06 10:21:44')
pval: [0.21100001] -- 69th test, time elapsed 53.90661358833313 -- emperical power so far: 0.2608695652173913
db insert success
tensor(0.0002, device='cuda:0')
(70, 1000, 0.0009, 0.5, 140000, 'elltwo', 'bitflip', 0.00018310546875, 0.009000000543892384, 53.68473505973816, '2024-04-06 10:22:55')
pval: [0.009] -- 70th test, time elapsed 53.68473505973816 -- emperical power so far: 0.2714285714285714
db insert success
tensor(0.0002, device='cuda:0')
(71, 1000, 0.0009, 0.5, 140000, 'elltwo', 'bitflip', 0.000152587890625, 0.07800000160932541, 53.72009301185608, '2024-04-06 10:24:08')
pval: [0.078] -- 71th test, time elapsed 53.72009301185608 -- emperical power so far: 0.2676056338028169
db insert success
tensor(-0.0002, device='cuda:0')
(72, 1000, 0.0009, 0.5, 140000, 'elltwo', 'bitflip', -0.000213623046875, 0.20100000500679016, 53.708526372909546, '2024-04-06 10:25:16')
pval: [0.20100001] -- 72th test, time elapsed 53.708526372909546 -- emperical power so far: 0.2638888888888889
db insert success
tensor(-0.0002, device='cuda:0')
(73, 1000, 0.0009, 0.5, 140000, 'elltwo', 'bitflip', -0.000152587890625, 0.0020000000949949026, 53.641979455947876, '2024-04-06 10:26:19')
pval: [0.002] -- 73th test, time elapsed 53.641979455947876 -- emperical power so far: 0.273972602739726
db insert success
tensor(-0.0002, device='cuda:0')
(74, 1000, 0.0009, 0.5, 140000, 'elltwo', 'bitflip', -0.00018310546875, 0.003000000026077032, 53.65884804725647, '2024-04-06 10:27:20')
pval: [0.003] -- 74th test, time elapsed 53.65884804725647 -- emperical power so far: 0.28378378378378377
db insert success
tensor(-0.0005, device='cuda:0')
(75, 1000, 0.0009, 0.5, 140000, 'elltwo', 'bitflip', -0.00054931640625, 0.1340000033378601, 53.79959750175476, '2024-04-06 10:28:17')
pval: [0.134] -- 75th test, time elapsed 53.79959750175476 -- emperical power so far: 0.28
db insert success
tensor(-0.0002, device='cuda:0')
(76, 1000, 0.0009, 0.5, 140000, 'elltwo', 'bitflip', -0.00018310546875, 0.004000000189989805, 53.80454707145691, '2024-04-06 10:29:26')
pval: [0.004] -- 76th test, time elapsed 53.80454707145691 -- emperical power so far: 0.2894736842105263
db insert success
tensor(-0.0002, device='cuda:0')
(77, 1000, 0.0009, 0.5, 140000, 'elltwo', 'bitflip', -0.000152587890625, 0.0010000000474974513, 53.676501750946045, '2024-04-06 10:30:38')
pval: [0.001] -- 77th test, time elapsed 53.676501750946045 -- emperical power so far: 0.2987012987012987
db insert success
tensor(-0.0002, device='cuda:0')
(78, 1000, 0.0009, 0.5, 140000, 'elltwo', 'bitflip', -0.000213623046875, 0.14500001072883606, 53.90381455421448, '2024-04-06 10:31:40')
pval: [0.14500001] -- 78th test, time elapsed 53.90381455421448 -- emperical power so far: 0.2948717948717949
db insert success
tensor(-0.0002, device='cuda:0')
(79, 1000, 0.0009, 0.5, 140000, 'elltwo', 'bitflip', -0.00018310546875, 0.0010000000474974513, 53.78305959701538, '2024-04-06 10:32:38')
pval: [0.001] -- 79th test, time elapsed 53.78305959701538 -- emperical power so far: 0.3037974683544304
db insert success
tensor(-0.0002, device='cuda:0')
(80, 1000, 0.0009, 0.5, 140000, 'elltwo', 'bitflip', -0.00018310546875, 0.17400000989437103, 53.71543002128601, '2024-04-06 10:33:39')
pval: [0.17400001] -- 80th test, time elapsed 53.71543002128601 -- emperical power so far: 0.3
db insert success
tensor(-0.0002, device='cuda:0')
(81, 1000, 0.0009, 0.5, 140000, 'elltwo', 'bitflip', -0.000213623046875, 0.7260000109672546, 53.76271963119507, '2024-04-06 10:34:50')
pval: [0.72600001] -- 81th test, time elapsed 53.76271963119507 -- emperical power so far: 0.2962962962962963
db insert success
tensor(-0.0009, device='cuda:0')
(82, 1000, 0.0009, 0.5, 140000, 'elltwo', 'bitflip', -0.00091552734375, 0.6610000133514404, 53.77035689353943, '2024-04-06 10:36:00')
pval: [0.66100001] -- 82th test, time elapsed 53.77035689353943 -- emperical power so far: 0.2926829268292683
db insert success
tensor(-0.0002, device='cuda:0')
(83, 1000, 0.0009, 0.5, 140000, 'elltwo', 'bitflip', -0.000213623046875, 0.023000001907348633, 53.7411322593689, '2024-04-06 10:37:07')
pval: [0.023] -- 83th test, time elapsed 53.7411322593689 -- emperical power so far: 0.30120481927710846
db insert success
tensor(-0.0002, device='cuda:0')
(84, 1000, 0.0009, 0.5, 140000, 'elltwo', 'bitflip', -0.000213623046875, 0.2150000035762787, 53.73174834251404, '2024-04-06 10:38:18')
pval: [0.215] -- 84th test, time elapsed 53.73174834251404 -- emperical power so far: 0.2976190476190476
db insert success
tensor(-0.0002, device='cuda:0')
(85, 1000, 0.0009, 0.5, 140000, 'elltwo', 'bitflip', -0.00018310546875, 0.010000000707805157, 53.660085916519165, '2024-04-06 10:39:13')
pval: [0.01] -- 85th test, time elapsed 53.660085916519165 -- emperical power so far: 0.3058823529411765
db insert success
tensor(0.0002, device='cuda:0')
(86, 1000, 0.0009, 0.5, 140000, 'elltwo', 'bitflip', 0.00018310546875, 0.010000000707805157, 53.76968598365784, '2024-04-06 10:40:10')
pval: [0.01] -- 86th test, time elapsed 53.76968598365784 -- emperical power so far: 0.313953488372093
db insert success
tensor(-0.0002, device='cuda:0')
(87, 1000, 0.0009, 0.5, 140000, 'elltwo', 'bitflip', -0.000213623046875, 0.14400000870227814, 53.595417976379395, '2024-04-06 10:41:24')
pval: [0.14400001] -- 87th test, time elapsed 53.595417976379395 -- emperical power so far: 0.3103448275862069
db insert success
tensor(0.0002, device='cuda:0')
(88, 1000, 0.0009, 0.5, 140000, 'elltwo', 'bitflip', 0.000213623046875, 0.0010000000474974513, 53.63609743118286, '2024-04-06 10:42:37')
pval: [0.001] -- 88th test, time elapsed 53.63609743118286 -- emperical power so far: 0.3181818181818182
db insert success
tensor(-0.0002, device='cuda:0')
(89, 1000, 0.0009, 0.5, 140000, 'elltwo', 'bitflip', -0.00018310546875, 0.005000000353902578, 53.72854423522949, '2024-04-06 10:43:49')
pval: [0.005] -- 89th test, time elapsed 53.72854423522949 -- emperical power so far: 0.3258426966292135
db insert success
tensor(-0.0005, device='cuda:0')
(90, 1000, 0.0009, 0.5, 140000, 'elltwo', 'bitflip', -0.00054931640625, 0.19300000369548798, 53.83217787742615, '2024-04-06 10:45:03')
pval: [0.193] -- 90th test, time elapsed 53.83217787742615 -- emperical power so far: 0.32222222222222224
db insert success
tensor(-0.0002, device='cuda:0')
(91, 1000, 0.0009, 0.5, 140000, 'elltwo', 'bitflip', -0.00018310546875, 0.1550000011920929, 53.670857667922974, '2024-04-06 10:46:05')
pval: [0.155] -- 91th test, time elapsed 53.670857667922974 -- emperical power so far: 0.31868131868131866
db insert success
tensor(-0.0006, device='cuda:0')
(92, 1000, 0.0009, 0.5, 140000, 'elltwo', 'bitflip', -0.000579833984375, 0.5230000019073486, 53.651926040649414, '2024-04-06 10:47:12')
pval: [0.523] -- 92th test, time elapsed 53.651926040649414 -- emperical power so far: 0.31521739130434784
db insert success
tensor(-0.0002, device='cuda:0')
(93, 1000, 0.0009, 0.5, 140000, 'elltwo', 'bitflip', -0.00018310546875, 0.003000000026077032, 53.67318296432495, '2024-04-06 10:48:07')
pval: [0.003] -- 93th test, time elapsed 53.67318296432495 -- emperical power so far: 0.3225806451612903
db insert success
tensor(0.0002, device='cuda:0')
(94, 1000, 0.0009, 0.5, 140000, 'elltwo', 'bitflip', 0.00018310546875, 0.0010000000474974513, 53.72449493408203, '2024-04-06 10:49:09')
pval: [0.001] -- 94th test, time elapsed 53.72449493408203 -- emperical power so far: 0.32978723404255317
db insert success
tensor(-0.0006, device='cuda:0')
(95, 1000, 0.0009, 0.5, 140000, 'elltwo', 'bitflip', -0.000579833984375, 0.8940000534057617, 53.70205593109131, '2024-04-06 10:50:08')
pval: [0.89400005] -- 95th test, time elapsed 53.70205593109131 -- emperical power so far: 0.3263157894736842
db insert success
tensor(-0.0005, device='cuda:0')
(96, 1000, 0.0009, 0.5, 140000, 'elltwo', 'bitflip', -0.00054931640625, 0.21400001645088196, 53.822675704956055, '2024-04-06 10:51:12')
pval: [0.21400002] -- 96th test, time elapsed 53.822675704956055 -- emperical power so far: 0.3229166666666667
db insert success
tensor(-0.0005, device='cuda:0')
(97, 1000, 0.0009, 0.5, 140000, 'elltwo', 'bitflip', -0.00054931640625, 0.08400000631809235, 53.731330156326294, '2024-04-06 10:52:14')
pval: [0.08400001] -- 97th test, time elapsed 53.731330156326294 -- emperical power so far: 0.31958762886597936
db insert success
tensor(-0.0005, device='cuda:0')
(98, 1000, 0.0009, 0.5, 140000, 'elltwo', 'bitflip', -0.00054931640625, 0.29100000858306885, 53.698777198791504, '2024-04-06 10:53:20')
pval: [0.29100001] -- 98th test, time elapsed 53.698777198791504 -- emperical power so far: 0.3163265306122449
db insert success
tensor(0.0002, device='cuda:0')
(99, 1000, 0.0009, 0.5, 140000, 'elltwo', 'bitflip', 0.00018310546875, 0.0010000000474974513, 53.8752863407135, '2024-04-06 10:54:32')
pval: [0.001] -- 99th test, time elapsed 53.8752863407135 -- emperical power so far: 0.32323232323232326
db insert success
tensor(0.0002, device='cuda:0')
(100, 1000, 0.0009, 0.5, 140000, 'elltwo', 'bitflip', 0.00018310546875, 0.003000000026077032, 53.866169691085815, '2024-04-06 10:55:32')
pval: [0.003] -- 100th test, time elapsed 53.866169691085815 -- emperical power so far: 0.33
db insert success
tensor(-0.0002, device='cuda:0')
(101, 1000, 0.0009, 0.5, 140000, 'elltwo', 'bitflip', -0.00018310546875, 0.0010000000474974513, 53.74863004684448, '2024-04-06 10:56:42')
pval: [0.001] -- 101th test, time elapsed 53.74863004684448 -- emperical power so far: 0.33663366336633666
db insert success
tensor(-0.0005, device='cuda:0')
(102, 1000, 0.0009, 0.5, 140000, 'elltwo', 'bitflip', -0.00054931640625, 0.3490000069141388, 53.668328523635864, '2024-04-06 10:57:40')
pval: [0.34900001] -- 102th test, time elapsed 53.668328523635864 -- emperical power so far: 0.3333333333333333
db insert success
tensor(-0.0006, device='cuda:0')
(103, 1000, 0.0009, 0.5, 140000, 'elltwo', 'bitflip', -0.000579833984375, 0.4620000123977661, 53.70090937614441, '2024-04-06 10:58:51')
pval: [0.46200001] -- 103th test, time elapsed 53.70090937614441 -- emperical power so far: 0.3300970873786408
db insert success
tensor(-0.0002, device='cuda:0')
(104, 1000, 0.0009, 0.5, 140000, 'elltwo', 'bitflip', -0.00018310546875, 0.25200000405311584, 53.65078568458557, '2024-04-06 10:59:58')
pval: [0.252] -- 104th test, time elapsed 53.65078568458557 -- emperical power so far: 0.3269230769230769
db insert success
tensor(-0.0002, device='cuda:0')
(105, 1000, 0.0009, 0.5, 140000, 'elltwo', 'bitflip', -0.000213623046875, 0.2770000100135803, 53.69862937927246, '2024-04-06 11:01:00')
pval: [0.27700001] -- 105th test, time elapsed 53.69862937927246 -- emperical power so far: 0.3238095238095238
db insert success
tensor(-0.0002, device='cuda:0')
(106, 1000, 0.0009, 0.5, 140000, 'elltwo', 'bitflip', -0.00018310546875, 0.19500000774860382, 53.712291955947876, '2024-04-06 11:01:57')
pval: [0.19500001] -- 106th test, time elapsed 53.712291955947876 -- emperical power so far: 0.32075471698113206
db insert success
tensor(-0.0005, device='cuda:0')
(107, 1000, 0.0009, 0.5, 140000, 'elltwo', 'bitflip', -0.00054931640625, 0.49900001287460327, 53.66936802864075, '2024-04-06 11:03:00')
pval: [0.49900001] -- 107th test, time elapsed 53.66936802864075 -- emperical power so far: 0.3177570093457944
db insert success
tensor(0.0002, device='cuda:0')
(108, 1000, 0.0009, 0.5, 140000, 'elltwo', 'bitflip', 0.00018310546875, 0.01100000087171793, 53.660943031311035, '2024-04-06 11:03:58')
pval: [0.011] -- 108th test, time elapsed 53.660943031311035 -- emperical power so far: 0.32407407407407407
db insert success
tensor(-0.0005, device='cuda:0')
(109, 1000, 0.0009, 0.5, 140000, 'elltwo', 'bitflip', -0.00054931640625, 0.09600000083446503, 53.82781457901001, '2024-04-06 11:05:12')
pval: [0.096] -- 109th test, time elapsed 53.82781457901001 -- emperical power so far: 0.3211009174311927
db insert success
tensor(-0.0006, device='cuda:0')
(110, 1000, 0.0009, 0.5, 140000, 'elltwo', 'bitflip', -0.000579833984375, 0.7720000147819519, 53.675206661224365, '2024-04-06 11:06:24')
pval: [0.77200001] -- 110th test, time elapsed 53.675206661224365 -- emperical power so far: 0.3181818181818182
db insert success
tensor(-0.0006, device='cuda:0')
(111, 1000, 0.0009, 0.5, 140000, 'elltwo', 'bitflip', -0.000579833984375, 0.5330000519752502, 53.64993238449097, '2024-04-06 11:07:33')
pval: [0.53300005] -- 111th test, time elapsed 53.64993238449097 -- emperical power so far: 0.3153153153153153
db insert success
tensor(-0.0005, device='cuda:0')
(112, 1000, 0.0009, 0.5, 140000, 'elltwo', 'bitflip', -0.00054931640625, 0.5070000290870667, 53.71185374259949, '2024-04-06 11:08:33')
pval: [0.50700003] -- 112th test, time elapsed 53.71185374259949 -- emperical power so far: 0.3125
db insert success
tensor(-0.0002, device='cuda:0')
(113, 1000, 0.0009, 0.5, 140000, 'elltwo', 'bitflip', -0.000213623046875, 0.35600000619888306, 53.70082950592041, '2024-04-06 11:09:31')
pval: [0.35600001] -- 113th test, time elapsed 53.70082950592041 -- emperical power so far: 0.30973451327433627
db insert success
tensor(0.0002, device='cuda:0')
(114, 1000, 0.0009, 0.5, 140000, 'elltwo', 'bitflip', 0.00018310546875, 0.0020000000949949026, 53.74013566970825, '2024-04-06 11:10:30')
pval: [0.002] -- 114th test, time elapsed 53.74013566970825 -- emperical power so far: 0.3157894736842105
db insert success
tensor(-0.0005, device='cuda:0')
(115, 1000, 0.0009, 0.5, 140000, 'elltwo', 'bitflip', -0.00054931640625, 0.3490000069141388, 53.77063250541687, '2024-04-06 11:11:25')
pval: [0.34900001] -- 115th test, time elapsed 53.77063250541687 -- emperical power so far: 0.3130434782608696
db insert success
tensor(-0.0006, device='cuda:0')
(116, 1000, 0.0009, 0.5, 140000, 'elltwo', 'bitflip', -0.000579833984375, 0.5520000457763672, 53.71282720565796, '2024-04-06 11:12:33')
pval: [0.55200005] -- 116th test, time elapsed 53.71282720565796 -- emperical power so far: 0.3103448275862069
db insert success
tensor(-0.0002, device='cuda:0')
(117, 1000, 0.0009, 0.5, 140000, 'elltwo', 'bitflip', -0.00018310546875, 0.10300000756978989, 53.70467758178711, '2024-04-06 11:13:43')
pval: [0.10300001] -- 117th test, time elapsed 53.70467758178711 -- emperical power so far: 0.3076923076923077
db insert success
tensor(-0.0002, device='cuda:0')
(118, 1000, 0.0009, 0.5, 140000, 'elltwo', 'bitflip', -0.000213623046875, 0.2760000228881836, 53.78859257698059, '2024-04-06 11:14:41')
pval: [0.27600002] -- 118th test, time elapsed 53.78859257698059 -- emperical power so far: 0.3050847457627119
db insert success
tensor(-0.0005, device='cuda:0')
(119, 1000, 0.0009, 0.5, 140000, 'elltwo', 'bitflip', -0.000518798828125, 0.3070000112056732, 53.87709856033325, '2024-04-06 11:15:54')
pval: [0.30700001] -- 119th test, time elapsed 53.87709856033325 -- emperical power so far: 0.3025210084033613
db insert success
tensor(-0.0006, device='cuda:0')
(120, 1000, 0.0009, 0.5, 140000, 'elltwo', 'bitflip', -0.000579833984375, 0.5670000314712524, 53.646700859069824, '2024-04-06 11:16:58')
pval: [0.56700003] -- 120th test, time elapsed 53.646700859069824 -- emperical power so far: 0.3
db insert success
tensor(-0.0002, device='cuda:0')
(121, 1000, 0.0009, 0.5, 140000, 'elltwo', 'bitflip', -0.000213623046875, 0.42000001668930054, 53.7737557888031, '2024-04-06 11:17:54')
pval: [0.42000002] -- 121th test, time elapsed 53.7737557888031 -- emperical power so far: 0.2975206611570248
db insert success
tensor(-0.0002, device='cuda:0')
(122, 1000, 0.0009, 0.5, 140000, 'elltwo', 'bitflip', -0.000213623046875, 0.23000000417232513, 53.87331438064575, '2024-04-06 11:19:02')
pval: [0.23] -- 122th test, time elapsed 53.87331438064575 -- emperical power so far: 0.29508196721311475
db insert success
tensor(-0.0005, device='cuda:0')
(123, 1000, 0.0009, 0.5, 140000, 'elltwo', 'bitflip', -0.00054931640625, 0.5460000038146973, 53.69606351852417, '2024-04-06 11:20:09')
pval: [0.546] -- 123th test, time elapsed 53.69606351852417 -- emperical power so far: 0.2926829268292683
db insert success
tensor(-0.0006, device='cuda:0')
(124, 1000, 0.0009, 0.5, 140000, 'elltwo', 'bitflip', -0.000579833984375, 0.7750000357627869, 53.671210050582886, '2024-04-06 11:21:17')
pval: [0.77500004] -- 124th test, time elapsed 53.671210050582886 -- emperical power so far: 0.2903225806451613
db insert success
tensor(-0.0009, device='cuda:0')
(125, 1000, 0.0009, 0.5, 140000, 'elltwo', 'bitflip', -0.00091552734375, 0.6410000324249268, 53.62527918815613, '2024-04-06 11:22:14')
pval: [0.64100003] -- 125th test, time elapsed 53.62527918815613 -- emperical power so far: 0.288
db insert success
tensor(-0.0002, device='cuda:0')
(126, 1000, 0.0009, 0.5, 140000, 'elltwo', 'bitflip', -0.000152587890625, 0.003000000026077032, 53.64753723144531, '2024-04-06 11:23:11')
pval: [0.003] -- 126th test, time elapsed 53.64753723144531 -- emperical power so far: 0.29365079365079366
db insert success
tensor(-0.0002, device='cuda:0')
(127, 1000, 0.0009, 0.5, 140000, 'elltwo', 'bitflip', -0.000213623046875, 0.4130000174045563, 53.82746911048889, '2024-04-06 11:24:11')
pval: [0.41300002] -- 127th test, time elapsed 53.82746911048889 -- emperical power so far: 0.29133858267716534
db insert success
tensor(-0.0006, device='cuda:0')
(128, 1000, 0.0009, 0.5, 140000, 'elltwo', 'bitflip', -0.000579833984375, 0.6380000114440918, 53.747469663619995, '2024-04-06 11:25:06')
pval: [0.63800001] -- 128th test, time elapsed 53.747469663619995 -- emperical power so far: 0.2890625
db insert success
tensor(-0.0002, device='cuda:0')
(129, 1000, 0.0009, 0.5, 140000, 'elltwo', 'bitflip', -0.00018310546875, 0.0650000050663948, 53.734506607055664, '2024-04-06 11:26:09')
pval: [0.06500001] -- 129th test, time elapsed 53.734506607055664 -- emperical power so far: 0.2868217054263566
db insert success
tensor(-0.0002, device='cuda:0')
(130, 1000, 0.0009, 0.5, 140000, 'elltwo', 'bitflip', -0.000213623046875, 0.03400000184774399, 53.85442137718201, '2024-04-06 11:27:22')
pval: [0.034] -- 130th test, time elapsed 53.85442137718201 -- emperical power so far: 0.2923076923076923
db insert success
tensor(-0.0005, device='cuda:0')
(131, 1000, 0.0009, 0.5, 140000, 'elltwo', 'bitflip', -0.00054931640625, 0.812000036239624, 53.84289336204529, '2024-04-06 11:28:26')
pval: [0.81200004] -- 131th test, time elapsed 53.84289336204529 -- emperical power so far: 0.2900763358778626
db insert success
tensor(0.0002, device='cuda:0')
(132, 1000, 0.0009, 0.5, 140000, 'elltwo', 'bitflip', 0.00018310546875, 0.0020000000949949026, 53.77881383895874, '2024-04-06 11:29:35')
pval: [0.002] -- 132th test, time elapsed 53.77881383895874 -- emperical power so far: 0.29545454545454547
db insert success
tensor(-0.0002, device='cuda:0')
(133, 1000, 0.0009, 0.5, 140000, 'elltwo', 'bitflip', -0.00018310546875, 0.3530000150203705, 53.80168390274048, '2024-04-06 11:30:45')
pval: [0.35300002] -- 133th test, time elapsed 53.80168390274048 -- emperical power so far: 0.2932330827067669
db insert success
tensor(-0.0002, device='cuda:0')
(134, 1000, 0.0009, 0.5, 140000, 'elltwo', 'bitflip', -0.000213623046875, 0.09300000220537186, 53.73724389076233, '2024-04-06 11:31:58')
pval: [0.093] -- 134th test, time elapsed 53.73724389076233 -- emperical power so far: 0.291044776119403
db insert success
tensor(-0.0009, device='cuda:0')
(135, 1000, 0.0009, 0.5, 140000, 'elltwo', 'bitflip', -0.000946044921875, 0.6700000166893005, 53.73974394798279, '2024-04-06 11:32:58')
pval: [0.67000002] -- 135th test, time elapsed 53.73974394798279 -- emperical power so far: 0.28888888888888886
db insert success
tensor(0.0002, device='cuda:0')
(136, 1000, 0.0009, 0.5, 140000, 'elltwo', 'bitflip', 0.000152587890625, 0.03400000184774399, 53.70819807052612, '2024-04-06 11:34:07')
pval: [0.034] -- 136th test, time elapsed 53.70819807052612 -- emperical power so far: 0.29411764705882354
db insert success
tensor(-0.0002, device='cuda:0')
(137, 1000, 0.0009, 0.5, 140000, 'elltwo', 'bitflip', -0.000213623046875, 0.10600000619888306, 53.71608829498291, '2024-04-06 11:35:03')
pval: [0.10600001] -- 137th test, time elapsed 53.71608829498291 -- emperical power so far: 0.291970802919708
db insert success
tensor(0.0002, device='cuda:0')
(138, 1000, 0.0009, 0.5, 140000, 'elltwo', 'bitflip', 0.000213623046875, 0.0020000000949949026, 53.75274634361267, '2024-04-06 11:36:15')
pval: [0.002] -- 138th test, time elapsed 53.75274634361267 -- emperical power so far: 0.2971014492753623
db insert success
tensor(-0.0002, device='cuda:0')
(139, 1000, 0.0009, 0.5, 140000, 'elltwo', 'bitflip', -0.00018310546875, 0.009000000543892384, 53.63982844352722, '2024-04-06 11:37:17')
pval: [0.009] -- 139th test, time elapsed 53.63982844352722 -- emperical power so far: 0.302158273381295
db insert success
tensor(0.0002, device='cuda:0')
(140, 1000, 0.0009, 0.5, 140000, 'elltwo', 'bitflip', 0.000152587890625, 0.16100001335144043, 53.69173884391785, '2024-04-06 11:38:17')
pval: [0.16100001] -- 140th test, time elapsed 53.69173884391785 -- emperical power so far: 0.3
db insert success
tensor(-0.0002, device='cuda:0')
(141, 1000, 0.0009, 0.5, 140000, 'elltwo', 'bitflip', -0.000213623046875, 0.08500000089406967, 53.70771145820618, '2024-04-06 11:39:12')
pval: [0.085] -- 141th test, time elapsed 53.70771145820618 -- emperical power so far: 0.2978723404255319
db insert success
tensor(0.0006, device='cuda:0')
(142, 1000, 0.0009, 0.5, 140000, 'elltwo', 'bitflip', 0.000579833984375, 0.0010000000474974513, 53.77199673652649, '2024-04-06 11:40:14')
pval: [0.001] -- 142th test, time elapsed 53.77199673652649 -- emperical power so far: 0.3028169014084507
db insert success
tensor(-0.0002, device='cuda:0')
(143, 1000, 0.0009, 0.5, 140000, 'elltwo', 'bitflip', -0.000213623046875, 0.03700000047683716, 53.68616533279419, '2024-04-06 11:41:18')
pval: [0.037] -- 143th test, time elapsed 53.68616533279419 -- emperical power so far: 0.3076923076923077
db insert success
tensor(-0.0002, device='cuda:0')
(144, 1000, 0.0009, 0.5, 140000, 'elltwo', 'bitflip', -0.000213623046875, 0.48100003600120544, 53.683510065078735, '2024-04-06 11:42:26')
pval: [0.48100004] -- 144th test, time elapsed 53.683510065078735 -- emperical power so far: 0.3055555555555556
db insert success
tensor(0.0002, device='cuda:0')
(145, 1000, 0.0009, 0.5, 140000, 'elltwo', 'bitflip', 0.000152587890625, 0.12000000476837158, 53.737513065338135, '2024-04-06 11:43:32')
pval: [0.12] -- 145th test, time elapsed 53.737513065338135 -- emperical power so far: 0.30344827586206896
db insert success
tensor(-0.0002, device='cuda:0')
(146, 1000, 0.0009, 0.5, 140000, 'elltwo', 'bitflip', -0.00018310546875, 0.7280000448226929, 53.74564480781555, '2024-04-06 11:44:35')
pval: [0.72800004] -- 146th test, time elapsed 53.74564480781555 -- emperical power so far: 0.3013698630136986
db insert success
tensor(-0.0002, device='cuda:0')
(147, 1000, 0.0009, 0.5, 140000, 'elltwo', 'bitflip', -0.00018310546875, 0.32100000977516174, 53.820274353027344, '2024-04-06 11:45:39')
pval: [0.32100001] -- 147th test, time elapsed 53.820274353027344 -- emperical power so far: 0.29931972789115646
db insert success
tensor(-0.0002, device='cuda:0')
(148, 1000, 0.0009, 0.5, 140000, 'elltwo', 'bitflip', -0.00018310546875, 0.017000000923871994, 53.924229860305786, '2024-04-06 11:46:35')
pval: [0.017] -- 148th test, time elapsed 53.924229860305786 -- emperical power so far: 0.30405405405405406
db insert success
tensor(-0.0002, device='cuda:0')
(149, 1000, 0.0009, 0.5, 140000, 'elltwo', 'bitflip', -0.000213623046875, 0.09400000423192978, 53.73208451271057, '2024-04-06 11:47:47')
pval: [0.094] -- 149th test, time elapsed 53.73208451271057 -- emperical power so far: 0.30201342281879195
db insert success
tensor(0.0002, device='cuda:0')
(150, 1000, 0.0009, 0.5, 140000, 'elltwo', 'bitflip', 0.00018310546875, 0.04400000348687172, 53.743295431137085, '2024-04-06 11:48:49')
pval: [0.044] -- 150th test, time elapsed 53.743295431137085 -- emperical power so far: 0.30666666666666664
db insert success
tensor(-0.0002, device='cuda:0')
(151, 1000, 0.0009, 0.5, 140000, 'elltwo', 'bitflip', -0.00018310546875, 0.31200000643730164, 53.75514221191406, '2024-04-06 11:49:48')
pval: [0.31200001] -- 151th test, time elapsed 53.75514221191406 -- emperical power so far: 0.304635761589404
db insert success
tensor(-0.0002, device='cuda:0')
(152, 1000, 0.0009, 0.5, 140000, 'elltwo', 'bitflip', -0.000213623046875, 0.8200000524520874, 53.872756004333496, '2024-04-06 11:50:58')
pval: [0.82000005] -- 152th test, time elapsed 53.872756004333496 -- emperical power so far: 0.3026315789473684
db insert success
tensor(-0.0009, device='cuda:0')
(153, 1000, 0.0009, 0.5, 140000, 'elltwo', 'bitflip', -0.00091552734375, 0.687000036239624, 53.800238847732544, '2024-04-06 11:52:01')
pval: [0.68700004] -- 153th test, time elapsed 53.800238847732544 -- emperical power so far: 0.3006535947712418
db insert success
tensor(-0.0002, device='cuda:0')
(154, 1000, 0.0009, 0.5, 140000, 'elltwo', 'bitflip', -0.00018310546875, 0.3710000216960907, 53.687845945358276, '2024-04-06 11:53:05')
pval: [0.37100002] -- 154th test, time elapsed 53.687845945358276 -- emperical power so far: 0.2987012987012987
db insert success
tensor(-0.0005, device='cuda:0')
(155, 1000, 0.0009, 0.5, 140000, 'elltwo', 'bitflip', -0.00054931640625, 0.28200000524520874, 53.819369077682495, '2024-04-06 11:54:00')
pval: [0.28200001] -- 155th test, time elapsed 53.819369077682495 -- emperical power so far: 0.2967741935483871
db insert success
tensor(-0.0006, device='cuda:0')
(156, 1000, 0.0009, 0.5, 140000, 'elltwo', 'bitflip', -0.000579833984375, 0.07700000703334808, 53.82797884941101, '2024-04-06 11:54:57')
pval: [0.07700001] -- 156th test, time elapsed 53.82797884941101 -- emperical power so far: 0.2948717948717949
db insert success
tensor(-0.0006, device='cuda:0')
(157, 1000, 0.0009, 0.5, 140000, 'elltwo', 'bitflip', -0.000579833984375, 0.8890000581741333, 53.667664527893066, '2024-04-06 11:56:11')
pval: [0.88900006] -- 157th test, time elapsed 53.667664527893066 -- emperical power so far: 0.2929936305732484
db insert success
tensor(-0.0005, device='cuda:0')
(158, 1000, 0.0009, 0.5, 140000, 'elltwo', 'bitflip', -0.00054931640625, 0.46800002455711365, 53.79044532775879, '2024-04-06 11:57:23')
pval: [0.46800002] -- 158th test, time elapsed 53.79044532775879 -- emperical power so far: 0.2911392405063291
db insert success
tensor(-0.0002, device='cuda:0')
(159, 1000, 0.0009, 0.5, 140000, 'elltwo', 'bitflip', -0.000213623046875, 0.05700000375509262, 53.69991707801819, '2024-04-06 11:58:24')
pval: [0.057] -- 159th test, time elapsed 53.69991707801819 -- emperical power so far: 0.2893081761006289
db insert success
tensor(-0.0002, device='cuda:0')
(160, 1000, 0.0009, 0.5, 140000, 'elltwo', 'bitflip', -0.00018310546875, 0.006000000052154064, 53.66517996788025, '2024-04-06 11:59:24')
pval: [0.006] -- 160th test, time elapsed 53.66517996788025 -- emperical power so far: 0.29375
db insert success
tensor(-0.0002, device='cuda:0')
(161, 1000, 0.0009, 0.5, 140000, 'elltwo', 'bitflip', -0.00018310546875, 0.18700000643730164, 53.7441201210022, '2024-04-06 12:00:21')
pval: [0.18700001] -- 161th test, time elapsed 53.7441201210022 -- emperical power so far: 0.2919254658385093
db insert success
tensor(0.0002, device='cuda:0')
(162, 1000, 0.0009, 0.5, 140000, 'elltwo', 'bitflip', 0.00018310546875, 0.0010000000474974513, 53.858516216278076, '2024-04-06 12:01:20')
pval: [0.001] -- 162th test, time elapsed 53.858516216278076 -- emperical power so far: 0.2962962962962963
db insert success
tensor(-0.0002, device='cuda:0')
(163, 1000, 0.0009, 0.5, 140000, 'elltwo', 'bitflip', -0.00018310546875, 0.33000001311302185, 53.69366431236267, '2024-04-06 12:02:31')
pval: [0.33000001] -- 163th test, time elapsed 53.69366431236267 -- emperical power so far: 0.294478527607362
db insert success
tensor(-0.0005, device='cuda:0')
(164, 1000, 0.0009, 0.5, 140000, 'elltwo', 'bitflip', -0.00054931640625, 0.9160000681877136, 53.79685044288635, '2024-04-06 12:03:26')
pval: [0.91600007] -- 164th test, time elapsed 53.79685044288635 -- emperical power so far: 0.2926829268292683
db insert success
tensor(-0.0005, device='cuda:0')
(165, 1000, 0.0009, 0.5, 140000, 'elltwo', 'bitflip', -0.00054931640625, 0.08300000429153442, 53.6647047996521, '2024-04-06 12:04:37')
pval: [0.083] -- 165th test, time elapsed 53.6647047996521 -- emperical power so far: 0.2909090909090909
db insert success
tensor(-0.0002, device='cuda:0')
(166, 1000, 0.0009, 0.5, 140000, 'elltwo', 'bitflip', -0.000213623046875, 0.3110000193119049, 53.71496319770813, '2024-04-06 12:05:34')
pval: [0.31100002] -- 166th test, time elapsed 53.71496319770813 -- emperical power so far: 0.2891566265060241
db insert success
tensor(-0.0002, device='cuda:0')
(167, 1000, 0.0009, 0.5, 140000, 'elltwo', 'bitflip', -0.00018310546875, 0.27300000190734863, 53.698681354522705, '2024-04-06 12:06:34')
pval: [0.273] -- 167th test, time elapsed 53.698681354522705 -- emperical power so far: 0.2874251497005988
db insert success
tensor(-0.0002, device='cuda:0')
(168, 1000, 0.0009, 0.5, 140000, 'elltwo', 'bitflip', -0.000213623046875, 0.06300000101327896, 53.70540165901184, '2024-04-06 12:07:43')
pval: [0.063] -- 168th test, time elapsed 53.70540165901184 -- emperical power so far: 0.2857142857142857
db insert success
tensor(-0.0005, device='cuda:0')
(169, 1000, 0.0009, 0.5, 140000, 'elltwo', 'bitflip', -0.00054931640625, 0.12200000882148743, 53.63538384437561, '2024-04-06 12:08:41')
pval: [0.12200001] -- 169th test, time elapsed 53.63538384437561 -- emperical power so far: 0.28402366863905326
db insert success
tensor(-0.0005, device='cuda:0')
(170, 1000, 0.0009, 0.5, 140000, 'elltwo', 'bitflip', -0.00054931640625, 0.4280000329017639, 53.706929206848145, '2024-04-06 12:09:39')
pval: [0.42800003] -- 170th test, time elapsed 53.706929206848145 -- emperical power so far: 0.2823529411764706
db insert success
tensor(-0.0002, device='cuda:0')
(171, 1000, 0.0009, 0.5, 140000, 'elltwo', 'bitflip', -0.000213623046875, 0.12400000542402267, 53.8912889957428, '2024-04-06 12:10:46')
pval: [0.12400001] -- 171th test, time elapsed 53.8912889957428 -- emperical power so far: 0.2807017543859649
db insert success
tensor(-0.0006, device='cuda:0')
(172, 1000, 0.0009, 0.5, 140000, 'elltwo', 'bitflip', -0.000579833984375, 0.17900000512599945, 53.88814735412598, '2024-04-06 12:11:45')
pval: [0.17900001] -- 172th test, time elapsed 53.88814735412598 -- emperical power so far: 0.27906976744186046
db insert success
tensor(-0.0005, device='cuda:0')
(173, 1000, 0.0009, 0.5, 140000, 'elltwo', 'bitflip', -0.00054931640625, 0.4050000309944153, 53.78413224220276, '2024-04-06 12:12:42')
pval: [0.40500003] -- 173th test, time elapsed 53.78413224220276 -- emperical power so far: 0.2774566473988439
db insert success
tensor(-0.0002, device='cuda:0')
(174, 1000, 0.0009, 0.5, 140000, 'elltwo', 'bitflip', -0.000213623046875, 0.005000000353902578, 53.80239725112915, '2024-04-06 12:13:44')
pval: [0.005] -- 174th test, time elapsed 53.80239725112915 -- emperical power so far: 0.28160919540229884
db insert success
tensor(-0.0009, device='cuda:0')
(175, 1000, 0.0009, 0.5, 140000, 'elltwo', 'bitflip', -0.00091552734375, 0.6700000166893005, 53.77200222015381, '2024-04-06 12:14:42')
pval: [0.67000002] -- 175th test, time elapsed 53.77200222015381 -- emperical power so far: 0.28
db insert success
tensor(-0.0002, device='cuda:0')
(176, 1000, 0.0009, 0.5, 140000, 'elltwo', 'bitflip', -0.00018310546875, 0.03100000135600567, 53.82010245323181, '2024-04-06 12:15:56')
pval: [0.031] -- 176th test, time elapsed 53.82010245323181 -- emperical power so far: 0.2840909090909091
db insert success
tensor(-0.0006, device='cuda:0')
(177, 1000, 0.0009, 0.5, 140000, 'elltwo', 'bitflip', -0.000579833984375, 0.5490000247955322, 53.7821147441864, '2024-04-06 12:17:05')
pval: [0.54900002] -- 177th test, time elapsed 53.7821147441864 -- emperical power so far: 0.2824858757062147
db insert success
tensor(-0.0005, device='cuda:0')
(178, 1000, 0.0009, 0.5, 140000, 'elltwo', 'bitflip', -0.00054931640625, 0.10200000554323196, 53.73290681838989, '2024-04-06 12:18:05')
pval: [0.10200001] -- 178th test, time elapsed 53.73290681838989 -- emperical power so far: 0.2808988764044944
db insert success
tensor(-0.0002, device='cuda:0')
(179, 1000, 0.0009, 0.5, 140000, 'elltwo', 'bitflip', -0.00018310546875, 0.23800000548362732, 53.77479696273804, '2024-04-06 12:19:10')
pval: [0.23800001] -- 179th test, time elapsed 53.77479696273804 -- emperical power so far: 0.27932960893854747
db insert success
tensor(-0.0002, device='cuda:0')
(180, 1000, 0.0009, 0.5, 140000, 'elltwo', 'bitflip', -0.00018310546875, 0.015000000596046448, 53.816612243652344, '2024-04-06 12:20:20')
pval: [0.015] -- 180th test, time elapsed 53.816612243652344 -- emperical power so far: 0.2833333333333333
db insert success
tensor(-0.0002, device='cuda:0')
(181, 1000, 0.0009, 0.5, 140000, 'elltwo', 'bitflip', -0.00018310546875, 0.030000001192092896, 53.82337832450867, '2024-04-06 12:21:30')
pval: [0.03] -- 181th test, time elapsed 53.82337832450867 -- emperical power so far: 0.287292817679558
db insert success
tensor(-0.0006, device='cuda:0')
(182, 1000, 0.0009, 0.5, 140000, 'elltwo', 'bitflip', -0.000579833984375, 0.6740000247955322, 53.793644189834595, '2024-04-06 12:22:39')
pval: [0.67400002] -- 182th test, time elapsed 53.793644189834595 -- emperical power so far: 0.2857142857142857
db insert success
tensor(-0.0002, device='cuda:0')
(183, 1000, 0.0009, 0.5, 140000, 'elltwo', 'bitflip', -0.00018310546875, 0.19700001180171967, 53.76354241371155, '2024-04-06 12:23:46')
pval: [0.19700001] -- 183th test, time elapsed 53.76354241371155 -- emperical power so far: 0.28415300546448086
db insert success
tensor(-0.0006, device='cuda:0')
(184, 1000, 0.0009, 0.5, 140000, 'elltwo', 'bitflip', -0.000579833984375, 0.5690000057220459, 53.786556005477905, '2024-04-06 12:24:50')
pval: [0.56900001] -- 184th test, time elapsed 53.786556005477905 -- emperical power so far: 0.2826086956521739
db insert success
tensor(-0.0006, device='cuda:0')
(185, 1000, 0.0009, 0.5, 140000, 'elltwo', 'bitflip', -0.000579833984375, 0.7500000596046448, 53.786139249801636, '2024-04-06 12:25:58')
pval: [0.75000006] -- 185th test, time elapsed 53.786139249801636 -- emperical power so far: 0.2810810810810811
db insert success
tensor(-0.0002, device='cuda:0')
(186, 1000, 0.0009, 0.5, 140000, 'elltwo', 'bitflip', -0.000213623046875, 0.22500000894069672, 53.76471829414368, '2024-04-06 12:26:54')
pval: [0.22500001] -- 186th test, time elapsed 53.76471829414368 -- emperical power so far: 0.27956989247311825
db insert success
tensor(-0.0002, device='cuda:0')
(187, 1000, 0.0009, 0.5, 140000, 'elltwo', 'bitflip', -0.000213623046875, 0.7040000557899475, 53.77477169036865, '2024-04-06 12:28:05')
pval: [0.70400006] -- 187th test, time elapsed 53.77477169036865 -- emperical power so far: 0.27807486631016043
db insert success
tensor(0.0002, device='cuda:0')
(188, 1000, 0.0009, 0.5, 140000, 'elltwo', 'bitflip', 0.00018310546875, 0.0010000000474974513, 53.761406660079956, '2024-04-06 12:29:05')
pval: [0.001] -- 188th test, time elapsed 53.761406660079956 -- emperical power so far: 0.28191489361702127
db insert success
tensor(-0.0006, device='cuda:0')
(189, 1000, 0.0009, 0.5, 140000, 'elltwo', 'bitflip', -0.000579833984375, 0.5600000023841858, 53.84090805053711, '2024-04-06 12:30:15')
pval: [0.56] -- 189th test, time elapsed 53.84090805053711 -- emperical power so far: 0.2804232804232804
db insert success
tensor(-0.0002, device='cuda:0')
(190, 1000, 0.0009, 0.5, 140000, 'elltwo', 'bitflip', -0.000213623046875, 0.30100002884864807, 53.72533869743347, '2024-04-06 12:31:29')
pval: [0.30100003] -- 190th test, time elapsed 53.72533869743347 -- emperical power so far: 0.2789473684210526
db insert success
tensor(-0.0006, device='cuda:0')
(191, 1000, 0.0009, 0.5, 140000, 'elltwo', 'bitflip', -0.000579833984375, 0.31700000166893005, 53.78084635734558, '2024-04-06 12:32:23')
pval: [0.317] -- 191th test, time elapsed 53.78084635734558 -- emperical power so far: 0.2774869109947644
db insert success
tensor(0.0002, device='cuda:0')
(192, 1000, 0.0009, 0.5, 140000, 'elltwo', 'bitflip', 0.00018310546875, 0.0020000000949949026, 53.75703454017639, '2024-04-06 12:33:30')
pval: [0.002] -- 192th test, time elapsed 53.75703454017639 -- emperical power so far: 0.28125
db insert success
tensor(-0.0002, device='cuda:0')
(193, 1000, 0.0009, 0.5, 140000, 'elltwo', 'bitflip', -0.000213623046875, 0.6670000553131104, 53.747056007385254, '2024-04-06 12:34:39')
pval: [0.66700006] -- 193th test, time elapsed 53.747056007385254 -- emperical power so far: 0.27979274611398963
db insert success
tensor(-0.0002, device='cuda:0')
(194, 1000, 0.0009, 0.5, 140000, 'elltwo', 'bitflip', -0.00018310546875, 0.04400000348687172, 53.73042869567871, '2024-04-06 12:35:37')
pval: [0.044] -- 194th test, time elapsed 53.73042869567871 -- emperical power so far: 0.28350515463917525
db insert success
tensor(0.0002, device='cuda:0')
(195, 1000, 0.0009, 0.5, 140000, 'elltwo', 'bitflip', 0.00018310546875, 0.22500000894069672, 53.75802803039551, '2024-04-06 12:36:39')
pval: [0.22500001] -- 195th test, time elapsed 53.75802803039551 -- emperical power so far: 0.28205128205128205
db insert success
tensor(-0.0006, device='cuda:0')
(196, 1000, 0.0009, 0.5, 140000, 'elltwo', 'bitflip', -0.000579833984375, 0.6010000109672546, 53.73920774459839, '2024-04-06 12:37:52')
pval: [0.60100001] -- 196th test, time elapsed 53.73920774459839 -- emperical power so far: 0.28061224489795916
db insert success
tensor(-0.0005, device='cuda:0')
(197, 1000, 0.0009, 0.5, 140000, 'elltwo', 'bitflip', -0.00054931640625, 0.5860000252723694, 53.79763102531433, '2024-04-06 12:38:58')
pval: [0.58600003] -- 197th test, time elapsed 53.79763102531433 -- emperical power so far: 0.27918781725888325
db insert success
tensor(-0.0005, device='cuda:0')
(198, 1000, 0.0009, 0.5, 140000, 'elltwo', 'bitflip', -0.00054931640625, 0.09400000423192978, 53.81059503555298, '2024-04-06 12:40:00')
pval: [0.094] -- 198th test, time elapsed 53.81059503555298 -- emperical power so far: 0.2777777777777778
db insert success
tensor(-0.0005, device='cuda:0')
(199, 1000, 0.0009, 0.5, 140000, 'elltwo', 'bitflip', -0.00054931640625, 0.44300001859664917, 53.748608112335205, '2024-04-06 12:40:56')
pval: [0.44300002] -- 199th test, time elapsed 53.748608112335205 -- emperical power so far: 0.27638190954773867
db insert success
tensor(-0.0006, device='cuda:0')
(200, 1000, 0.0009, 0.5, 140000, 'elltwo', 'bitflip', -0.000579833984375, 0.8670000433921814, 53.8116774559021, '2024-04-06 12:42:04')
pval: [0.86700004] -- 200th test, time elapsed 53.8116774559021 -- emperical power so far: 0.275
db insert success
12821.926594734192
