tensor([0.0001, 0.0019, 0.0001, 0.0019, 0.0001, 0.0019, 0.0001, 0.0019, 0.0001,
        0.0019, 0.0001, 0.0019, 0.0001, 0.0019, 0.0001, 0.0019, 0.0001, 0.0019,
        0.0001, 0.0019, 0.0001, 0.0019, 0.0001, 0.0019, 0.0001, 0.0019, 0.0001,
        0.0019, 0.0001, 0.0019, 0.0001, 0.0019, 0.0001, 0.0019, 0.0001, 0.0019,
        0.0001, 0.0019, 0.0001, 0.0019, 0.0001, 0.0019, 0.0001, 0.0019, 0.0001,
        0.0019, 0.0001, 0.0019, 0.0001, 0.0019, 0.0001, 0.0019, 0.0001, 0.0019,
        0.0001, 0.0019, 0.0001, 0.0019, 0.0001, 0.0019, 0.0001, 0.0019, 0.0001,
        0.0019, 0.0001, 0.0019, 0.0001, 0.0019, 0.0001, 0.0019, 0.0001, 0.0019,
        0.0001, 0.0019, 0.0001, 0.0019, 0.0001, 0.0019, 0.0001, 0.0019, 0.0001,
        0.0019, 0.0001, 0.0019, 0.0001, 0.0019, 0.0001, 0.0019, 0.0001, 0.0019,
        0.0001, 0.0019, 0.0001, 0.0019, 0.0001, 0.0019, 0.0001, 0.0019, 0.0001,
        0.0019, 0.0001, 0.0019, 0.0001, 0.0019, 0.0001, 0.0019, 0.0001, 0.0019,
        0.0001, 0.0019, 0.0001, 0.0019, 0.0001, 0.0019, 0.0001, 0.0019, 0.0001,
        0.0019, 0.0001, 0.0019, 0.0001, 0.0019, 0.0001, 0.0019, 0.0001, 0.0019,
        0.0001, 0.0019, 0.0001, 0.0019, 0.0001, 0.0019, 0.0001, 0.0019, 0.0001,
        0.0019, 0.0001, 0.0019, 0.0001, 0.0019, 0.0001, 0.0019, 0.0001, 0.0019,
        0.0001, 0.0019, 0.0001, 0.0019, 0.0001, 0.0019, 0.0001, 0.0019, 0.0001,
        0.0019, 0.0001, 0.0019, 0.0001, 0.0019, 0.0001, 0.0019, 0.0001, 0.0019,
        0.0001, 0.0019, 0.0001, 0.0019, 0.0001, 0.0019, 0.0001, 0.0019, 0.0001,
        0.0019, 0.0001, 0.0019, 0.0001, 0.0019, 0.0001, 0.0019, 0.0001, 0.0019,
        0.0001, 0.0019, 0.0001, 0.0019, 0.0001, 0.0019, 0.0001, 0.0019, 0.0001,
        0.0019, 0.0001, 0.0019, 0.0001, 0.0019, 0.0001, 0.0019, 0.0001, 0.0019,
        0.0001, 0.0019, 0.0001, 0.0019, 0.0001, 0.0019, 0.0001, 0.0019, 0.0001,
        0.0019, 0.0001, 0.0019, 0.0001, 0.0019, 0.0001, 0.0019, 0.0001, 0.0019,
        0.0001, 0.0019, 0.0001, 0.0019, 0.0001, 0.0019, 0.0001, 0.0019, 0.0001,
        0.0019, 0.0001, 0.0019, 0.0001, 0.0019, 0.0001, 0.0019, 0.0001, 0.0019,
        0.0001, 0.0019, 0.0001, 0.0019, 0.0001, 0.0019, 0.0001, 0.0019, 0.0001,
        0.0019, 0.0001, 0.0019, 0.0001, 0.0019, 0.0001, 0.0019, 0.0001, 0.0019,
        0.0001, 0.0019, 0.0001, 0.0019, 0.0001, 0.0019, 0.0001, 0.0019, 0.0001,
        0.0019, 0.0001, 0.0019, 0.0001, 0.0019, 0.0001, 0.0019, 0.0001, 0.0019,
        0.0001, 0.0019, 0.0001, 0.0019, 0.0001, 0.0019, 0.0001, 0.0019, 0.0001,
        0.0019, 0.0001, 0.0019, 0.0001, 0.0019, 0.0001, 0.0019, 0.0001, 0.0019,
        0.0001, 0.0019, 0.0001, 0.0019, 0.0001, 0.0019, 0.0001, 0.0019, 0.0001,
        0.0019, 0.0001, 0.0019, 0.0001, 0.0019, 0.0001, 0.0019, 0.0001, 0.0019,
        0.0001, 0.0019, 0.0001, 0.0019, 0.0001, 0.0019, 0.0001, 0.0019, 0.0001,
        0.0019, 0.0001, 0.0019, 0.0001, 0.0019, 0.0001, 0.0019, 0.0001, 0.0019,
        0.0001, 0.0019, 0.0001, 0.0019, 0.0001, 0.0019, 0.0001, 0.0019, 0.0001,
        0.0019, 0.0001, 0.0019, 0.0001, 0.0019, 0.0001, 0.0019, 0.0001, 0.0019,
        0.0001, 0.0019, 0.0001, 0.0019, 0.0001, 0.0019, 0.0001, 0.0019, 0.0001,
        0.0019, 0.0001, 0.0019, 0.0001, 0.0019, 0.0001, 0.0019, 0.0001, 0.0019,
        0.0001, 0.0019, 0.0001, 0.0019, 0.0001, 0.0019, 0.0001, 0.0019, 0.0001,
        0.0019, 0.0001, 0.0019, 0.0001, 0.0019, 0.0001, 0.0019, 0.0001, 0.0019,
        0.0001, 0.0019, 0.0001, 0.0019, 0.0001, 0.0019, 0.0001, 0.0019, 0.0001,
        0.0019, 0.0001, 0.0019, 0.0001, 0.0019, 0.0001, 0.0019, 0.0001, 0.0019,
        0.0001, 0.0019, 0.0001, 0.0019, 0.0001, 0.0019, 0.0001, 0.0019, 0.0001,
        0.0019, 0.0001, 0.0019, 0.0001, 0.0019, 0.0001, 0.0019, 0.0001, 0.0019,
        0.0001, 0.0019, 0.0001, 0.0019, 0.0001, 0.0019, 0.0001, 0.0019, 0.0001,
        0.0019, 0.0001, 0.0019, 0.0001, 0.0019, 0.0001, 0.0019, 0.0001, 0.0019,
        0.0001, 0.0019, 0.0001, 0.0019, 0.0001, 0.0019, 0.0001, 0.0019, 0.0001,
        0.0019, 0.0001, 0.0019, 0.0001, 0.0019, 0.0001, 0.0019, 0.0001, 0.0019,
        0.0001, 0.0019, 0.0001, 0.0019, 0.0001, 0.0019, 0.0001, 0.0019, 0.0001,
        0.0019, 0.0001, 0.0019, 0.0001, 0.0019, 0.0001, 0.0019, 0.0001, 0.0019,
        0.0001, 0.0019, 0.0001, 0.0019, 0.0001, 0.0019, 0.0001, 0.0019, 0.0001,
        0.0019, 0.0001, 0.0019, 0.0001, 0.0019, 0.0001, 0.0019, 0.0001, 0.0019,
        0.0001, 0.0019, 0.0001, 0.0019, 0.0001, 0.0019, 0.0001, 0.0019, 0.0001,
        0.0019, 0.0001, 0.0019, 0.0001, 0.0019, 0.0001, 0.0019, 0.0001, 0.0019,
        0.0001, 0.0019, 0.0001, 0.0019, 0.0001, 0.0019, 0.0001, 0.0019, 0.0001,
        0.0019, 0.0001, 0.0019, 0.0001, 0.0019, 0.0001, 0.0019, 0.0001, 0.0019,
        0.0001, 0.0019, 0.0001, 0.0019, 0.0001, 0.0019, 0.0001, 0.0019, 0.0001,
        0.0019, 0.0001, 0.0019, 0.0001, 0.0019, 0.0001, 0.0019, 0.0001, 0.0019,
        0.0001, 0.0019, 0.0001, 0.0019, 0.0001, 0.0019, 0.0001, 0.0019, 0.0001,
        0.0019, 0.0001, 0.0019, 0.0001, 0.0019, 0.0001, 0.0019, 0.0001, 0.0019,
        0.0001, 0.0019, 0.0001, 0.0019, 0.0001, 0.0019, 0.0001, 0.0019, 0.0001,
        0.0019, 0.0001, 0.0019, 0.0001, 0.0019, 0.0001, 0.0019, 0.0001, 0.0019,
        0.0001, 0.0019, 0.0001, 0.0019, 0.0001, 0.0019, 0.0001, 0.0019, 0.0001,
        0.0019, 0.0001, 0.0019, 0.0001, 0.0019, 0.0001, 0.0019, 0.0001, 0.0019,
        0.0001, 0.0019, 0.0001, 0.0019, 0.0001, 0.0019, 0.0001, 0.0019, 0.0001,
        0.0019, 0.0001, 0.0019, 0.0001, 0.0019, 0.0001, 0.0019, 0.0001, 0.0019,
        0.0001, 0.0019, 0.0001, 0.0019, 0.0001, 0.0019, 0.0001, 0.0019, 0.0001,
        0.0019, 0.0001, 0.0019, 0.0001, 0.0019, 0.0001, 0.0019, 0.0001, 0.0019,
        0.0001, 0.0019, 0.0001, 0.0019, 0.0001, 0.0019, 0.0001, 0.0019, 0.0001,
        0.0019, 0.0001, 0.0019, 0.0001, 0.0019, 0.0001, 0.0019, 0.0001, 0.0019,
        0.0001, 0.0019, 0.0001, 0.0019, 0.0001, 0.0019, 0.0001, 0.0019, 0.0001,
        0.0019, 0.0001, 0.0019, 0.0001, 0.0019, 0.0001, 0.0019, 0.0001, 0.0019,
        0.0001, 0.0019, 0.0001, 0.0019, 0.0001, 0.0019, 0.0001, 0.0019, 0.0001,
        0.0019, 0.0001, 0.0019, 0.0001, 0.0019, 0.0001, 0.0019, 0.0001, 0.0019,
        0.0001, 0.0019, 0.0001, 0.0019, 0.0001, 0.0019, 0.0001, 0.0019, 0.0001,
        0.0019, 0.0001, 0.0019, 0.0001, 0.0019, 0.0001, 0.0019, 0.0001, 0.0019,
        0.0001, 0.0019, 0.0001, 0.0019, 0.0001, 0.0019, 0.0001, 0.0019, 0.0001,
        0.0019, 0.0001, 0.0019, 0.0001, 0.0019, 0.0001, 0.0019, 0.0001, 0.0019,
        0.0001, 0.0019, 0.0001, 0.0019, 0.0001, 0.0019, 0.0001, 0.0019, 0.0001,
        0.0019, 0.0001, 0.0019, 0.0001, 0.0019, 0.0001, 0.0019, 0.0001, 0.0019,
        0.0001, 0.0019, 0.0001, 0.0019, 0.0001, 0.0019, 0.0001, 0.0019, 0.0001,
        0.0019, 0.0001, 0.0019, 0.0001, 0.0019, 0.0001, 0.0019, 0.0001, 0.0019,
        0.0001, 0.0019, 0.0001, 0.0019, 0.0001, 0.0019, 0.0001, 0.0019, 0.0001,
        0.0019, 0.0001, 0.0019, 0.0001, 0.0019, 0.0001, 0.0019, 0.0001, 0.0019,
        0.0001, 0.0019, 0.0001, 0.0019, 0.0001, 0.0019, 0.0001, 0.0019, 0.0001,
        0.0019, 0.0001, 0.0019, 0.0001, 0.0019, 0.0001, 0.0019, 0.0001, 0.0019,
        0.0001, 0.0019, 0.0001, 0.0019, 0.0001, 0.0019, 0.0001, 0.0019, 0.0001,
        0.0019, 0.0001, 0.0019, 0.0001, 0.0019, 0.0001, 0.0019, 0.0001, 0.0019,
        0.0001, 0.0019, 0.0001, 0.0019, 0.0001, 0.0019, 0.0001, 0.0019, 0.0001,
        0.0019, 0.0001, 0.0019, 0.0001, 0.0019, 0.0001, 0.0019, 0.0001, 0.0019,
        0.0001, 0.0019, 0.0001, 0.0019, 0.0001, 0.0019, 0.0001, 0.0019, 0.0001,
        0.0019, 0.0001, 0.0019, 0.0001, 0.0019, 0.0001, 0.0019, 0.0001, 0.0019,
        0.0001, 0.0019, 0.0001, 0.0019, 0.0001, 0.0019, 0.0001, 0.0019, 0.0001,
        0.0019, 0.0001, 0.0019, 0.0001, 0.0019, 0.0001, 0.0019, 0.0001, 0.0019,
        0.0001, 0.0019, 0.0001, 0.0019, 0.0001, 0.0019, 0.0001, 0.0019, 0.0001,
        0.0019, 0.0001, 0.0019, 0.0001, 0.0019, 0.0001, 0.0019, 0.0001, 0.0019,
        0.0001, 0.0019, 0.0001, 0.0019, 0.0001, 0.0019, 0.0001, 0.0019, 0.0001,
        0.0019, 0.0001, 0.0019, 0.0001, 0.0019, 0.0001, 0.0019, 0.0001, 0.0019,
        0.0001, 0.0019, 0.0001, 0.0019, 0.0001, 0.0019, 0.0001, 0.0019, 0.0001,
        0.0019, 0.0001, 0.0019, 0.0001, 0.0019, 0.0001, 0.0019, 0.0001, 0.0019,
        0.0001, 0.0019, 0.0001, 0.0019, 0.0001, 0.0019, 0.0001, 0.0019, 0.0001,
        0.0019, 0.0001, 0.0019, 0.0001, 0.0019, 0.0001, 0.0019, 0.0001, 0.0019,
        0.0001, 0.0019, 0.0001, 0.0019, 0.0001, 0.0019, 0.0001, 0.0019, 0.0001,
        0.0019, 0.0001, 0.0019, 0.0001, 0.0019, 0.0001, 0.0019, 0.0001, 0.0019,
        0.0001, 0.0019, 0.0001, 0.0019, 0.0001, 0.0019, 0.0001, 0.0019, 0.0001,
        0.0019, 0.0001, 0.0019, 0.0001, 0.0019, 0.0001, 0.0019, 0.0001, 0.0019,
        0.0001, 0.0019, 0.0001, 0.0019, 0.0001, 0.0019, 0.0001, 0.0019, 0.0001,
        0.0019, 0.0001, 0.0019, 0.0001, 0.0019, 0.0001, 0.0019, 0.0001, 0.0019,
        0.0001, 0.0019, 0.0001, 0.0019, 0.0001, 0.0019, 0.0001, 0.0019, 0.0001,
        0.0019])
tensor([0.0019, 0.0001, 0.0019, 0.0001, 0.0019, 0.0001, 0.0019, 0.0001, 0.0019,
        0.0001, 0.0019, 0.0001, 0.0019, 0.0001, 0.0019, 0.0001, 0.0019, 0.0001,
        0.0019, 0.0001, 0.0019, 0.0001, 0.0019, 0.0001, 0.0019, 0.0001, 0.0019,
        0.0001, 0.0019, 0.0001, 0.0019, 0.0001, 0.0019, 0.0001, 0.0019, 0.0001,
        0.0019, 0.0001, 0.0019, 0.0001, 0.0019, 0.0001, 0.0019, 0.0001, 0.0019,
        0.0001, 0.0019, 0.0001, 0.0019, 0.0001, 0.0019, 0.0001, 0.0019, 0.0001,
        0.0019, 0.0001, 0.0019, 0.0001, 0.0019, 0.0001, 0.0019, 0.0001, 0.0019,
        0.0001, 0.0019, 0.0001, 0.0019, 0.0001, 0.0019, 0.0001, 0.0019, 0.0001,
        0.0019, 0.0001, 0.0019, 0.0001, 0.0019, 0.0001, 0.0019, 0.0001, 0.0019,
        0.0001, 0.0019, 0.0001, 0.0019, 0.0001, 0.0019, 0.0001, 0.0019, 0.0001,
        0.0019, 0.0001, 0.0019, 0.0001, 0.0019, 0.0001, 0.0019, 0.0001, 0.0019,
        0.0001, 0.0019, 0.0001, 0.0019, 0.0001, 0.0019, 0.0001, 0.0019, 0.0001,
        0.0019, 0.0001, 0.0019, 0.0001, 0.0019, 0.0001, 0.0019, 0.0001, 0.0019,
        0.0001, 0.0019, 0.0001, 0.0019, 0.0001, 0.0019, 0.0001, 0.0019, 0.0001,
        0.0019, 0.0001, 0.0019, 0.0001, 0.0019, 0.0001, 0.0019, 0.0001, 0.0019,
        0.0001, 0.0019, 0.0001, 0.0019, 0.0001, 0.0019, 0.0001, 0.0019, 0.0001,
        0.0019, 0.0001, 0.0019, 0.0001, 0.0019, 0.0001, 0.0019, 0.0001, 0.0019,
        0.0001, 0.0019, 0.0001, 0.0019, 0.0001, 0.0019, 0.0001, 0.0019, 0.0001,
        0.0019, 0.0001, 0.0019, 0.0001, 0.0019, 0.0001, 0.0019, 0.0001, 0.0019,
        0.0001, 0.0019, 0.0001, 0.0019, 0.0001, 0.0019, 0.0001, 0.0019, 0.0001,
        0.0019, 0.0001, 0.0019, 0.0001, 0.0019, 0.0001, 0.0019, 0.0001, 0.0019,
        0.0001, 0.0019, 0.0001, 0.0019, 0.0001, 0.0019, 0.0001, 0.0019, 0.0001,
        0.0019, 0.0001, 0.0019, 0.0001, 0.0019, 0.0001, 0.0019, 0.0001, 0.0019,
        0.0001, 0.0019, 0.0001, 0.0019, 0.0001, 0.0019, 0.0001, 0.0019, 0.0001,
        0.0019, 0.0001, 0.0019, 0.0001, 0.0019, 0.0001, 0.0019, 0.0001, 0.0019,
        0.0001, 0.0019, 0.0001, 0.0019, 0.0001, 0.0019, 0.0001, 0.0019, 0.0001,
        0.0019, 0.0001, 0.0019, 0.0001, 0.0019, 0.0001, 0.0019, 0.0001, 0.0019,
        0.0001, 0.0019, 0.0001, 0.0019, 0.0001, 0.0019, 0.0001, 0.0019, 0.0001,
        0.0019, 0.0001, 0.0019, 0.0001, 0.0019, 0.0001, 0.0019, 0.0001, 0.0019,
        0.0001, 0.0019, 0.0001, 0.0019, 0.0001, 0.0019, 0.0001, 0.0019, 0.0001,
        0.0019, 0.0001, 0.0019, 0.0001, 0.0019, 0.0001, 0.0019, 0.0001, 0.0019,
        0.0001, 0.0019, 0.0001, 0.0019, 0.0001, 0.0019, 0.0001, 0.0019, 0.0001,
        0.0019, 0.0001, 0.0019, 0.0001, 0.0019, 0.0001, 0.0019, 0.0001, 0.0019,
        0.0001, 0.0019, 0.0001, 0.0019, 0.0001, 0.0019, 0.0001, 0.0019, 0.0001,
        0.0019, 0.0001, 0.0019, 0.0001, 0.0019, 0.0001, 0.0019, 0.0001, 0.0019,
        0.0001, 0.0019, 0.0001, 0.0019, 0.0001, 0.0019, 0.0001, 0.0019, 0.0001,
        0.0019, 0.0001, 0.0019, 0.0001, 0.0019, 0.0001, 0.0019, 0.0001, 0.0019,
        0.0001, 0.0019, 0.0001, 0.0019, 0.0001, 0.0019, 0.0001, 0.0019, 0.0001,
        0.0019, 0.0001, 0.0019, 0.0001, 0.0019, 0.0001, 0.0019, 0.0001, 0.0019,
        0.0001, 0.0019, 0.0001, 0.0019, 0.0001, 0.0019, 0.0001, 0.0019, 0.0001,
        0.0019, 0.0001, 0.0019, 0.0001, 0.0019, 0.0001, 0.0019, 0.0001, 0.0019,
        0.0001, 0.0019, 0.0001, 0.0019, 0.0001, 0.0019, 0.0001, 0.0019, 0.0001,
        0.0019, 0.0001, 0.0019, 0.0001, 0.0019, 0.0001, 0.0019, 0.0001, 0.0019,
        0.0001, 0.0019, 0.0001, 0.0019, 0.0001, 0.0019, 0.0001, 0.0019, 0.0001,
        0.0019, 0.0001, 0.0019, 0.0001, 0.0019, 0.0001, 0.0019, 0.0001, 0.0019,
        0.0001, 0.0019, 0.0001, 0.0019, 0.0001, 0.0019, 0.0001, 0.0019, 0.0001,
        0.0019, 0.0001, 0.0019, 0.0001, 0.0019, 0.0001, 0.0019, 0.0001, 0.0019,
        0.0001, 0.0019, 0.0001, 0.0019, 0.0001, 0.0019, 0.0001, 0.0019, 0.0001,
        0.0019, 0.0001, 0.0019, 0.0001, 0.0019, 0.0001, 0.0019, 0.0001, 0.0019,
        0.0001, 0.0019, 0.0001, 0.0019, 0.0001, 0.0019, 0.0001, 0.0019, 0.0001,
        0.0019, 0.0001, 0.0019, 0.0001, 0.0019, 0.0001, 0.0019, 0.0001, 0.0019,
        0.0001, 0.0019, 0.0001, 0.0019, 0.0001, 0.0019, 0.0001, 0.0019, 0.0001,
        0.0019, 0.0001, 0.0019, 0.0001, 0.0019, 0.0001, 0.0019, 0.0001, 0.0019,
        0.0001, 0.0019, 0.0001, 0.0019, 0.0001, 0.0019, 0.0001, 0.0019, 0.0001,
        0.0019, 0.0001, 0.0019, 0.0001, 0.0019, 0.0001, 0.0019, 0.0001, 0.0019,
        0.0001, 0.0019, 0.0001, 0.0019, 0.0001, 0.0019, 0.0001, 0.0019, 0.0001,
        0.0019, 0.0001, 0.0019, 0.0001, 0.0019, 0.0001, 0.0019, 0.0001, 0.0019,
        0.0001, 0.0019, 0.0001, 0.0019, 0.0001, 0.0019, 0.0001, 0.0019, 0.0001,
        0.0019, 0.0001, 0.0019, 0.0001, 0.0019, 0.0001, 0.0019, 0.0001, 0.0019,
        0.0001, 0.0019, 0.0001, 0.0019, 0.0001, 0.0019, 0.0001, 0.0019, 0.0001,
        0.0019, 0.0001, 0.0019, 0.0001, 0.0019, 0.0001, 0.0019, 0.0001, 0.0019,
        0.0001, 0.0019, 0.0001, 0.0019, 0.0001, 0.0019, 0.0001, 0.0019, 0.0001,
        0.0019, 0.0001, 0.0019, 0.0001, 0.0019, 0.0001, 0.0019, 0.0001, 0.0019,
        0.0001, 0.0019, 0.0001, 0.0019, 0.0001, 0.0019, 0.0001, 0.0019, 0.0001,
        0.0019, 0.0001, 0.0019, 0.0001, 0.0019, 0.0001, 0.0019, 0.0001, 0.0019,
        0.0001, 0.0019, 0.0001, 0.0019, 0.0001, 0.0019, 0.0001, 0.0019, 0.0001,
        0.0019, 0.0001, 0.0019, 0.0001, 0.0019, 0.0001, 0.0019, 0.0001, 0.0019,
        0.0001, 0.0019, 0.0001, 0.0019, 0.0001, 0.0019, 0.0001, 0.0019, 0.0001,
        0.0019, 0.0001, 0.0019, 0.0001, 0.0019, 0.0001, 0.0019, 0.0001, 0.0019,
        0.0001, 0.0019, 0.0001, 0.0019, 0.0001, 0.0019, 0.0001, 0.0019, 0.0001,
        0.0019, 0.0001, 0.0019, 0.0001, 0.0019, 0.0001, 0.0019, 0.0001, 0.0019,
        0.0001, 0.0019, 0.0001, 0.0019, 0.0001, 0.0019, 0.0001, 0.0019, 0.0001,
        0.0019, 0.0001, 0.0019, 0.0001, 0.0019, 0.0001, 0.0019, 0.0001, 0.0019,
        0.0001, 0.0019, 0.0001, 0.0019, 0.0001, 0.0019, 0.0001, 0.0019, 0.0001,
        0.0019, 0.0001, 0.0019, 0.0001, 0.0019, 0.0001, 0.0019, 0.0001, 0.0019,
        0.0001, 0.0019, 0.0001, 0.0019, 0.0001, 0.0019, 0.0001, 0.0019, 0.0001,
        0.0019, 0.0001, 0.0019, 0.0001, 0.0019, 0.0001, 0.0019, 0.0001, 0.0019,
        0.0001, 0.0019, 0.0001, 0.0019, 0.0001, 0.0019, 0.0001, 0.0019, 0.0001,
        0.0019, 0.0001, 0.0019, 0.0001, 0.0019, 0.0001, 0.0019, 0.0001, 0.0019,
        0.0001, 0.0019, 0.0001, 0.0019, 0.0001, 0.0019, 0.0001, 0.0019, 0.0001,
        0.0019, 0.0001, 0.0019, 0.0001, 0.0019, 0.0001, 0.0019, 0.0001, 0.0019,
        0.0001, 0.0019, 0.0001, 0.0019, 0.0001, 0.0019, 0.0001, 0.0019, 0.0001,
        0.0019, 0.0001, 0.0019, 0.0001, 0.0019, 0.0001, 0.0019, 0.0001, 0.0019,
        0.0001, 0.0019, 0.0001, 0.0019, 0.0001, 0.0019, 0.0001, 0.0019, 0.0001,
        0.0019, 0.0001, 0.0019, 0.0001, 0.0019, 0.0001, 0.0019, 0.0001, 0.0019,
        0.0001, 0.0019, 0.0001, 0.0019, 0.0001, 0.0019, 0.0001, 0.0019, 0.0001,
        0.0019, 0.0001, 0.0019, 0.0001, 0.0019, 0.0001, 0.0019, 0.0001, 0.0019,
        0.0001, 0.0019, 0.0001, 0.0019, 0.0001, 0.0019, 0.0001, 0.0019, 0.0001,
        0.0019, 0.0001, 0.0019, 0.0001, 0.0019, 0.0001, 0.0019, 0.0001, 0.0019,
        0.0001, 0.0019, 0.0001, 0.0019, 0.0001, 0.0019, 0.0001, 0.0019, 0.0001,
        0.0019, 0.0001, 0.0019, 0.0001, 0.0019, 0.0001, 0.0019, 0.0001, 0.0019,
        0.0001, 0.0019, 0.0001, 0.0019, 0.0001, 0.0019, 0.0001, 0.0019, 0.0001,
        0.0019, 0.0001, 0.0019, 0.0001, 0.0019, 0.0001, 0.0019, 0.0001, 0.0019,
        0.0001, 0.0019, 0.0001, 0.0019, 0.0001, 0.0019, 0.0001, 0.0019, 0.0001,
        0.0019, 0.0001, 0.0019, 0.0001, 0.0019, 0.0001, 0.0019, 0.0001, 0.0019,
        0.0001, 0.0019, 0.0001, 0.0019, 0.0001, 0.0019, 0.0001, 0.0019, 0.0001,
        0.0019, 0.0001, 0.0019, 0.0001, 0.0019, 0.0001, 0.0019, 0.0001, 0.0019,
        0.0001, 0.0019, 0.0001, 0.0019, 0.0001, 0.0019, 0.0001, 0.0019, 0.0001,
        0.0019, 0.0001, 0.0019, 0.0001, 0.0019, 0.0001, 0.0019, 0.0001, 0.0019,
        0.0001, 0.0019, 0.0001, 0.0019, 0.0001, 0.0019, 0.0001, 0.0019, 0.0001,
        0.0019, 0.0001, 0.0019, 0.0001, 0.0019, 0.0001, 0.0019, 0.0001, 0.0019,
        0.0001, 0.0019, 0.0001, 0.0019, 0.0001, 0.0019, 0.0001, 0.0019, 0.0001,
        0.0019, 0.0001, 0.0019, 0.0001, 0.0019, 0.0001, 0.0019, 0.0001, 0.0019,
        0.0001, 0.0019, 0.0001, 0.0019, 0.0001, 0.0019, 0.0001, 0.0019, 0.0001,
        0.0019, 0.0001, 0.0019, 0.0001, 0.0019, 0.0001, 0.0019, 0.0001, 0.0019,
        0.0001, 0.0019, 0.0001, 0.0019, 0.0001, 0.0019, 0.0001, 0.0019, 0.0001,
        0.0019, 0.0001, 0.0019, 0.0001, 0.0019, 0.0001, 0.0019, 0.0001, 0.0019,
        0.0001, 0.0019, 0.0001, 0.0019, 0.0001, 0.0019, 0.0001, 0.0019, 0.0001,
        0.0019, 0.0001, 0.0019, 0.0001, 0.0019, 0.0001, 0.0019, 0.0001, 0.0019,
        0.0001, 0.0019, 0.0001, 0.0019, 0.0001, 0.0019, 0.0001, 0.0019, 0.0001,
        0.0019, 0.0001, 0.0019, 0.0001, 0.0019, 0.0001, 0.0019, 0.0001, 0.0019,
        0.0001])
bitflipelltwo, alpha=1, sample size=170000
#########################################
tensor(0.0004, device='cuda:0')
(1, 1000, 0.0009, 1, 170000, 'elltwo', 'bitflip', 0.000396728515625, 0.0010000000474974513, 64.11434841156006, '2024-04-06 09:14:36')
pval: [0.001] -- 1th test, time elapsed 64.11434841156006 -- emperical power so far: 1.0
db insert success
tensor(-0.0007, device='cuda:0')
(2, 1000, 0.0009, 1, 170000, 'elltwo', 'bitflip', -0.00067138671875, 0.1600000113248825, 61.52749967575073, '2024-04-06 09:15:53')
pval: [0.16000001] -- 2th test, time elapsed 61.52749967575073 -- emperical power so far: 0.5
db insert success
tensor(0.0004, device='cuda:0')
(3, 1000, 0.0009, 1, 170000, 'elltwo', 'bitflip', 0.000396728515625, 0.04700000211596489, 61.565473556518555, '2024-04-06 09:17:02')
pval: [0.047] -- 3th test, time elapsed 61.565473556518555 -- emperical power so far: 0.6666666666666666
db insert success
tensor(-0.0002, device='cuda:0')
(4, 1000, 0.0009, 1, 170000, 'elltwo', 'bitflip', -0.000152587890625, 0.367000013589859, 61.561237812042236, '2024-04-06 09:18:09')
pval: [0.36700001] -- 4th test, time elapsed 61.561237812042236 -- emperical power so far: 0.5
db insert success
tensor(0.0004, device='cuda:0')
(5, 1000, 0.0009, 1, 170000, 'elltwo', 'bitflip', 0.000396728515625, 0.13500000536441803, 61.67371153831482, '2024-04-06 09:19:16')
pval: [0.13500001] -- 5th test, time elapsed 61.67371153831482 -- emperical power so far: 0.4
db insert success
tensor(0.0004, device='cuda:0')
(6, 1000, 0.0009, 1, 170000, 'elltwo', 'bitflip', 0.000396728515625, 0.0020000000949949026, 61.747466802597046, '2024-04-06 09:20:24')
pval: [0.002] -- 6th test, time elapsed 61.747466802597046 -- emperical power so far: 0.5
db insert success
tensor(-0.0001, device='cuda:0')
(7, 1000, 0.0009, 1, 170000, 'elltwo', 'bitflip', -0.0001220703125, 0.6500000357627869, 61.72578310966492, '2024-04-06 09:21:28')
pval: [0.65000004] -- 7th test, time elapsed 61.72578310966492 -- emperical power so far: 0.42857142857142855
db insert success
tensor(0.0004, device='cuda:0')
(8, 1000, 0.0009, 1, 170000, 'elltwo', 'bitflip', 0.00042724609375, 0.02200000174343586, 61.553520917892456, '2024-04-06 09:22:50')
pval: [0.022] -- 8th test, time elapsed 61.553520917892456 -- emperical power so far: 0.5
db insert success
tensor(-0.0007, device='cuda:0')
(9, 1000, 0.0009, 1, 170000, 'elltwo', 'bitflip', -0.00067138671875, 0.6740000247955322, 61.555609464645386, '2024-04-06 09:23:52')
pval: [0.67400002] -- 9th test, time elapsed 61.555609464645386 -- emperical power so far: 0.4444444444444444
db insert success
tensor(-0.0002, device='cuda:0')
(10, 1000, 0.0009, 1, 170000, 'elltwo', 'bitflip', -0.000152587890625, 0.44200003147125244, 61.497167110443115, '2024-04-06 09:25:01')
pval: [0.44200003] -- 10th test, time elapsed 61.497167110443115 -- emperical power so far: 0.4
db insert success
tensor(-0.0007, device='cuda:0')
(11, 1000, 0.0009, 1, 170000, 'elltwo', 'bitflip', -0.00067138671875, 0.17600001394748688, 61.509788036346436, '2024-04-06 09:26:12')
pval: [0.17600001] -- 11th test, time elapsed 61.509788036346436 -- emperical power so far: 0.36363636363636365
db insert success
tensor(-0.0002, device='cuda:0')
(12, 1000, 0.0009, 1, 170000, 'elltwo', 'bitflip', -0.000152587890625, 0.48500001430511475, 61.49630928039551, '2024-04-06 09:27:24')
pval: [0.48500001] -- 12th test, time elapsed 61.49630928039551 -- emperical power so far: 0.3333333333333333
db insert success
tensor(0.0004, device='cuda:0')
(13, 1000, 0.0009, 1, 170000, 'elltwo', 'bitflip', 0.000396728515625, 0.05300000309944153, 61.58238363265991, '2024-04-06 09:28:36')
pval: [0.053] -- 13th test, time elapsed 61.58238363265991 -- emperical power so far: 0.3076923076923077
db insert success
tensor(0.0004, device='cuda:0')
(14, 1000, 0.0009, 1, 170000, 'elltwo', 'bitflip', 0.000396728515625, 0.08000000566244125, 61.672046184539795, '2024-04-06 09:29:44')
pval: [0.08000001] -- 14th test, time elapsed 61.672046184539795 -- emperical power so far: 0.2857142857142857
db insert success
tensor(-0.0007, device='cuda:0')
(15, 1000, 0.0009, 1, 170000, 'elltwo', 'bitflip', -0.00067138671875, 0.4660000205039978, 61.74647498130798, '2024-04-06 09:31:05')
pval: [0.46600002] -- 15th test, time elapsed 61.74647498130798 -- emperical power so far: 0.26666666666666666
db insert success
tensor(-0.0001, device='cuda:0')
(16, 1000, 0.0009, 1, 170000, 'elltwo', 'bitflip', -0.0001220703125, 0.0010000000474974513, 61.518213987350464, '2024-04-06 09:32:18')
pval: [0.001] -- 16th test, time elapsed 61.518213987350464 -- emperical power so far: 0.3125
db insert success
tensor(0.0004, device='cuda:0')
(17, 1000, 0.0009, 1, 170000, 'elltwo', 'bitflip', 0.000396728515625, 0.02500000037252903, 61.54504346847534, '2024-04-06 09:33:26')
pval: [0.025] -- 17th test, time elapsed 61.54504346847534 -- emperical power so far: 0.35294117647058826
db insert success
tensor(0.0004, device='cuda:0')
(18, 1000, 0.0009, 1, 170000, 'elltwo', 'bitflip', 0.000396728515625, 0.10200000554323196, 61.63049936294556, '2024-04-06 09:34:31')
pval: [0.10200001] -- 18th test, time elapsed 61.63049936294556 -- emperical power so far: 0.3333333333333333
db insert success
tensor(-0.0001, device='cuda:0')
(19, 1000, 0.0009, 1, 170000, 'elltwo', 'bitflip', -0.0001220703125, 0.020000001415610313, 61.611820697784424, '2024-04-06 09:35:41')
pval: [0.02] -- 19th test, time elapsed 61.611820697784424 -- emperical power so far: 0.3684210526315789
db insert success
tensor(0.0004, device='cuda:0')
(20, 1000, 0.0009, 1, 170000, 'elltwo', 'bitflip', 0.000396728515625, 0.01100000087171793, 61.48952078819275, '2024-04-06 09:36:47')
pval: [0.011] -- 20th test, time elapsed 61.48952078819275 -- emperical power so far: 0.4
db insert success
tensor(0.0004, device='cuda:0')
(21, 1000, 0.0009, 1, 170000, 'elltwo', 'bitflip', 0.0003662109375, 0.2880000174045563, 61.56385278701782, '2024-04-06 09:38:09')
pval: [0.28800002] -- 21th test, time elapsed 61.56385278701782 -- emperical power so far: 0.38095238095238093
db insert success
tensor(-0.0001, device='cuda:0')
(22, 1000, 0.0009, 1, 170000, 'elltwo', 'bitflip', -0.0001220703125, 0.5720000267028809, 61.52308917045593, '2024-04-06 09:39:16')
pval: [0.57200003] -- 22th test, time elapsed 61.52308917045593 -- emperical power so far: 0.36363636363636365
db insert success
tensor(-0.0002, device='cuda:0')
(23, 1000, 0.0009, 1, 170000, 'elltwo', 'bitflip', -0.000152587890625, 0.7760000228881836, 61.528899908065796, '2024-04-06 09:40:30')
pval: [0.77600002] -- 23th test, time elapsed 61.528899908065796 -- emperical power so far: 0.34782608695652173
db insert success
tensor(-0.0007, device='cuda:0')
(24, 1000, 0.0009, 1, 170000, 'elltwo', 'bitflip', -0.00067138671875, 0.4830000102519989, 61.60965538024902, '2024-04-06 09:41:35')
pval: [0.48300001] -- 24th test, time elapsed 61.60965538024902 -- emperical power so far: 0.3333333333333333
db insert success
tensor(-0.0001, device='cuda:0')
(25, 1000, 0.0009, 1, 170000, 'elltwo', 'bitflip', -0.0001220703125, 0.03400000184774399, 61.564125776290894, '2024-04-06 09:42:54')
pval: [0.034] -- 25th test, time elapsed 61.564125776290894 -- emperical power so far: 0.36
db insert success
tensor(0.0004, device='cuda:0')
(26, 1000, 0.0009, 1, 170000, 'elltwo', 'bitflip', 0.000396728515625, 0.14600001275539398, 61.494603872299194, '2024-04-06 09:44:01')
pval: [0.14600001] -- 26th test, time elapsed 61.494603872299194 -- emperical power so far: 0.34615384615384615
db insert success
tensor(-0.0001, device='cuda:0')
(27, 1000, 0.0009, 1, 170000, 'elltwo', 'bitflip', -0.0001220703125, 0.2850000262260437, 61.57059335708618, '2024-04-06 09:45:06')
pval: [0.28500003] -- 27th test, time elapsed 61.57059335708618 -- emperical power so far: 0.3333333333333333
db insert success
tensor(-0.0007, device='cuda:0')
(28, 1000, 0.0009, 1, 170000, 'elltwo', 'bitflip', -0.000701904296875, 0.28700000047683716, 61.55513644218445, '2024-04-06 09:46:19')
pval: [0.287] -- 28th test, time elapsed 61.55513644218445 -- emperical power so far: 0.32142857142857145
db insert success
tensor(0.0004, device='cuda:0')
(29, 1000, 0.0009, 1, 170000, 'elltwo', 'bitflip', 0.000396728515625, 0.07700000703334808, 61.27415728569031, '2024-04-06 09:47:30')
pval: [0.07700001] -- 29th test, time elapsed 61.27415728569031 -- emperical power so far: 0.3103448275862069
db insert success
tensor(-0.0001, device='cuda:0')
(30, 1000, 0.0009, 1, 170000, 'elltwo', 'bitflip', -0.0001220703125, 0.004000000189989805, 61.272021770477295, '2024-04-06 09:48:33')
pval: [0.004] -- 30th test, time elapsed 61.272021770477295 -- emperical power so far: 0.3333333333333333
db insert success
tensor(-0.0007, device='cuda:0')
(31, 1000, 0.0009, 1, 170000, 'elltwo', 'bitflip', -0.00067138671875, 0.2750000059604645, 61.22567701339722, '2024-04-06 09:49:47')
pval: [0.27500001] -- 31th test, time elapsed 61.22567701339722 -- emperical power so far: 0.3225806451612903
db insert success
tensor(-0.0002, device='cuda:0')
(32, 1000, 0.0009, 1, 170000, 'elltwo', 'bitflip', -0.000152587890625, 0.0020000000949949026, 61.32279658317566, '2024-04-06 09:51:05')
pval: [0.002] -- 32th test, time elapsed 61.32279658317566 -- emperical power so far: 0.34375
db insert success
tensor(-0.0002, device='cuda:0')
(33, 1000, 0.0009, 1, 170000, 'elltwo', 'bitflip', -0.000152587890625, 0.0690000057220459, 61.343717098236084, '2024-04-06 09:52:12')
pval: [0.06900001] -- 33th test, time elapsed 61.343717098236084 -- emperical power so far: 0.3333333333333333
db insert success
tensor(-0.0007, device='cuda:0')
(34, 1000, 0.0009, 1, 170000, 'elltwo', 'bitflip', -0.00067138671875, 0.5320000052452087, 61.25428867340088, '2024-04-06 09:53:17')
pval: [0.53200001] -- 34th test, time elapsed 61.25428867340088 -- emperical power so far: 0.3235294117647059
db insert success
tensor(-0.0007, device='cuda:0')
(35, 1000, 0.0009, 1, 170000, 'elltwo', 'bitflip', -0.00067138671875, 0.41700002551078796, 60.65625286102295, '2024-04-06 09:54:22')
pval: [0.41700003] -- 35th test, time elapsed 60.65625286102295 -- emperical power so far: 0.3142857142857143
db insert success
tensor(-0.0001, device='cuda:0')
(36, 1000, 0.0009, 1, 170000, 'elltwo', 'bitflip', -0.0001220703125, 0.007000000216066837, 60.57584309577942, '2024-04-06 09:55:27')
pval: [0.007] -- 36th test, time elapsed 60.57584309577942 -- emperical power so far: 0.3333333333333333
db insert success
tensor(-0.0001, device='cuda:0')
(37, 1000, 0.0009, 1, 170000, 'elltwo', 'bitflip', -0.0001220703125, 0.5250000357627869, 60.645015239715576, '2024-04-06 09:56:47')
pval: [0.52500004] -- 37th test, time elapsed 60.645015239715576 -- emperical power so far: 0.32432432432432434
db insert success
tensor(0.0009, device='cuda:0')
(38, 1000, 0.0009, 1, 170000, 'elltwo', 'bitflip', 0.000946044921875, 0.007000000216066837, 60.54820370674133, '2024-04-06 09:57:59')
pval: [0.007] -- 38th test, time elapsed 60.54820370674133 -- emperical power so far: 0.34210526315789475
db insert success
tensor(-0.0001, device='cuda:0')
(39, 1000, 0.0009, 1, 170000, 'elltwo', 'bitflip', -0.0001220703125, 0.020000001415610313, 60.60332536697388, '2024-04-06 09:59:06')
pval: [0.02] -- 39th test, time elapsed 60.60332536697388 -- emperical power so far: 0.358974358974359
db insert success
tensor(0.0010, device='cuda:0')
(40, 1000, 0.0009, 1, 170000, 'elltwo', 'bitflip', 0.0009765625, 0.0010000000474974513, 60.656898736953735, '2024-04-06 10:00:18')
pval: [0.001] -- 40th test, time elapsed 60.656898736953735 -- emperical power so far: 0.375
db insert success
tensor(-0.0002, device='cuda:0')
(41, 1000, 0.0009, 1, 170000, 'elltwo', 'bitflip', -0.000152587890625, 0.24800001084804535, 60.51776695251465, '2024-04-06 10:01:28')
pval: [0.24800001] -- 41th test, time elapsed 60.51776695251465 -- emperical power so far: 0.36585365853658536
db insert success
tensor(-0.0007, device='cuda:0')
(42, 1000, 0.0009, 1, 170000, 'elltwo', 'bitflip', -0.00067138671875, 0.5740000009536743, 60.57948613166809, '2024-04-06 10:02:31')
pval: [0.574] -- 42th test, time elapsed 60.57948613166809 -- emperical power so far: 0.35714285714285715
db insert success
tensor(0.0004, device='cuda:0')
(43, 1000, 0.0009, 1, 170000, 'elltwo', 'bitflip', 0.000396728515625, 0.24700000882148743, 60.551127910614014, '2024-04-06 10:03:49')
pval: [0.24700001] -- 43th test, time elapsed 60.551127910614014 -- emperical power so far: 0.3488372093023256
db insert success
tensor(-0.0001, device='cuda:0')
(44, 1000, 0.0009, 1, 170000, 'elltwo', 'bitflip', -0.0001220703125, 0.18800000846385956, 60.567708015441895, '2024-04-06 10:05:08')
pval: [0.18800001] -- 44th test, time elapsed 60.567708015441895 -- emperical power so far: 0.3409090909090909
db insert success
tensor(0.0004, device='cuda:0')
(45, 1000, 0.0009, 1, 170000, 'elltwo', 'bitflip', 0.00042724609375, 0.004000000189989805, 60.5453360080719, '2024-04-06 10:06:11')
pval: [0.004] -- 45th test, time elapsed 60.5453360080719 -- emperical power so far: 0.35555555555555557
db insert success
tensor(-0.0007, device='cuda:0')
(46, 1000, 0.0009, 1, 170000, 'elltwo', 'bitflip', -0.00067138671875, 0.5700000524520874, 60.581217527389526, '2024-04-06 10:07:14')
pval: [0.57000005] -- 46th test, time elapsed 60.581217527389526 -- emperical power so far: 0.34782608695652173
db insert success
tensor(-0.0001, device='cuda:0')
(47, 1000, 0.0009, 1, 170000, 'elltwo', 'bitflip', -0.0001220703125, 0.6160000562667847, 60.72443151473999, '2024-04-06 10:08:23')
pval: [0.61600006] -- 47th test, time elapsed 60.72443151473999 -- emperical power so far: 0.3404255319148936
db insert success
tensor(0.0004, device='cuda:0')
(48, 1000, 0.0009, 1, 170000, 'elltwo', 'bitflip', 0.00042724609375, 0.02800000086426735, 60.69227743148804, '2024-04-06 10:09:33')
pval: [0.028] -- 48th test, time elapsed 60.69227743148804 -- emperical power so far: 0.3541666666666667
db insert success
tensor(0.0004, device='cuda:0')
(49, 1000, 0.0009, 1, 170000, 'elltwo', 'bitflip', 0.000396728515625, 0.014000000432133675, 60.61736512184143, '2024-04-06 10:10:54')
pval: [0.014] -- 49th test, time elapsed 60.61736512184143 -- emperical power so far: 0.3673469387755102
db insert success
tensor(-0.0002, device='cuda:0')
(50, 1000, 0.0009, 1, 170000, 'elltwo', 'bitflip', -0.000152587890625, 0.0990000069141388, 60.59466791152954, '2024-04-06 10:12:03')
pval: [0.09900001] -- 50th test, time elapsed 60.59466791152954 -- emperical power so far: 0.36
db insert success
tensor(-0.0001, device='cuda:0')
(51, 1000, 0.0009, 1, 170000, 'elltwo', 'bitflip', -0.0001220703125, 0.07500000298023224, 60.62767958641052, '2024-04-06 10:13:15')
pval: [0.075] -- 51th test, time elapsed 60.62767958641052 -- emperical power so far: 0.35294117647058826
db insert success
tensor(0.0004, device='cuda:0')
(52, 1000, 0.0009, 1, 170000, 'elltwo', 'bitflip', 0.000396728515625, 0.22600001096725464, 60.666197061538696, '2024-04-06 10:14:24')
pval: [0.22600001] -- 52th test, time elapsed 60.666197061538696 -- emperical power so far: 0.34615384615384615
db insert success
tensor(-0.0001, device='cuda:0')
(53, 1000, 0.0009, 1, 170000, 'elltwo', 'bitflip', -0.0001220703125, 0.5570000410079956, 60.601752042770386, '2024-04-06 10:15:45')
pval: [0.55700004] -- 53th test, time elapsed 60.601752042770386 -- emperical power so far: 0.33962264150943394
db insert success
tensor(0.0004, device='cuda:0')
(54, 1000, 0.0009, 1, 170000, 'elltwo', 'bitflip', 0.000396728515625, 0.33800002932548523, 60.52524995803833, '2024-04-06 10:16:49')
pval: [0.33800003] -- 54th test, time elapsed 60.52524995803833 -- emperical power so far: 0.3333333333333333
db insert success
tensor(0.0004, device='cuda:0')
(55, 1000, 0.0009, 1, 170000, 'elltwo', 'bitflip', 0.000396728515625, 0.003000000026077032, 60.5826416015625, '2024-04-06 10:18:01')
pval: [0.003] -- 55th test, time elapsed 60.5826416015625 -- emperical power so far: 0.34545454545454546
db insert success
tensor(0.0004, device='cuda:0')
(56, 1000, 0.0009, 1, 170000, 'elltwo', 'bitflip', 0.000396728515625, 0.1860000044107437, 60.61489653587341, '2024-04-06 10:19:14')
pval: [0.186] -- 56th test, time elapsed 60.61489653587341 -- emperical power so far: 0.3392857142857143
db insert success
tensor(0.0004, device='cuda:0')
(57, 1000, 0.0009, 1, 170000, 'elltwo', 'bitflip', 0.00042724609375, 0.11600000411272049, 60.61865186691284, '2024-04-06 10:20:24')
pval: [0.116] -- 57th test, time elapsed 60.61865186691284 -- emperical power so far: 0.3333333333333333
db insert success
tensor(-0.0001, device='cuda:0')
(58, 1000, 0.0009, 1, 170000, 'elltwo', 'bitflip', -0.0001220703125, 0.12400000542402267, 60.58695888519287, '2024-04-06 10:21:31')
pval: [0.12400001] -- 58th test, time elapsed 60.58695888519287 -- emperical power so far: 0.3275862068965517
db insert success
tensor(0.0004, device='cuda:0')
(59, 1000, 0.0009, 1, 170000, 'elltwo', 'bitflip', 0.000396728515625, 0.08900000154972076, 60.6705367565155, '2024-04-06 10:22:43')
pval: [0.089] -- 59th test, time elapsed 60.6705367565155 -- emperical power so far: 0.3220338983050847
db insert success
tensor(-0.0001, device='cuda:0')
(60, 1000, 0.0009, 1, 170000, 'elltwo', 'bitflip', -0.0001220703125, 0.026000000536441803, 60.649126291275024, '2024-04-06 10:23:48')
pval: [0.026] -- 60th test, time elapsed 60.649126291275024 -- emperical power so far: 0.3333333333333333
db insert success
tensor(-0.0001, device='cuda:0')
(61, 1000, 0.0009, 1, 170000, 'elltwo', 'bitflip', -0.0001220703125, 0.013000000268220901, 60.59871244430542, '2024-04-06 10:24:58')
pval: [0.013] -- 61th test, time elapsed 60.59871244430542 -- emperical power so far: 0.3442622950819672
db insert success
tensor(-0.0007, device='cuda:0')
(62, 1000, 0.0009, 1, 170000, 'elltwo', 'bitflip', -0.000701904296875, 0.17900000512599945, 60.689409494400024, '2024-04-06 10:26:14')
pval: [0.17900001] -- 62th test, time elapsed 60.689409494400024 -- emperical power so far: 0.3387096774193548
db insert success
tensor(0.0004, device='cuda:0')
(63, 1000, 0.0009, 1, 170000, 'elltwo', 'bitflip', 0.00042724609375, 0.0010000000474974513, 60.843499183654785, '2024-04-06 10:27:29')
pval: [0.001] -- 63th test, time elapsed 60.843499183654785 -- emperical power so far: 0.3492063492063492
db insert success
tensor(0.0004, device='cuda:0')
(64, 1000, 0.0009, 1, 170000, 'elltwo', 'bitflip', 0.00042724609375, 0.024000000208616257, 60.57305359840393, '2024-04-06 10:28:43')
pval: [0.024] -- 64th test, time elapsed 60.57305359840393 -- emperical power so far: 0.359375
db insert success
tensor(-0.0002, device='cuda:0')
(65, 1000, 0.0009, 1, 170000, 'elltwo', 'bitflip', -0.000152587890625, 0.04200000315904617, 60.67401838302612, '2024-04-06 10:29:53')
pval: [0.042] -- 65th test, time elapsed 60.67401838302612 -- emperical power so far: 0.36923076923076925
db insert success
tensor(-0.0001, device='cuda:0')
(66, 1000, 0.0009, 1, 170000, 'elltwo', 'bitflip', -0.0001220703125, 0.01900000125169754, 60.59436321258545, '2024-04-06 10:31:12')
pval: [0.019] -- 66th test, time elapsed 60.59436321258545 -- emperical power so far: 0.3787878787878788
db insert success
tensor(0.0009, device='cuda:0')
(67, 1000, 0.0009, 1, 170000, 'elltwo', 'bitflip', 0.000946044921875, 0.006000000052154064, 60.66725516319275, '2024-04-06 10:32:22')
pval: [0.006] -- 67th test, time elapsed 60.66725516319275 -- emperical power so far: 0.3880597014925373
db insert success
tensor(-0.0002, device='cuda:0')
(68, 1000, 0.0009, 1, 170000, 'elltwo', 'bitflip', -0.00018310546875, 0.9200000166893005, 60.62886071205139, '2024-04-06 10:33:29')
pval: [0.92000002] -- 68th test, time elapsed 60.62886071205139 -- emperical power so far: 0.38235294117647056
db insert success
tensor(-0.0002, device='cuda:0')
(69, 1000, 0.0009, 1, 170000, 'elltwo', 'bitflip', -0.000152587890625, 0.003000000026077032, 60.672935485839844, '2024-04-06 10:34:35')
pval: [0.003] -- 69th test, time elapsed 60.672935485839844 -- emperical power so far: 0.391304347826087
db insert success
tensor(0.0010, device='cuda:0')
(70, 1000, 0.0009, 1, 170000, 'elltwo', 'bitflip', 0.0009765625, 0.0020000000949949026, 60.58653998374939, '2024-04-06 10:35:37')
pval: [0.002] -- 70th test, time elapsed 60.58653998374939 -- emperical power so far: 0.4
db insert success
tensor(-0.0001, device='cuda:0')
(71, 1000, 0.0009, 1, 170000, 'elltwo', 'bitflip', -0.0001220703125, 0.07500000298023224, 60.58053421974182, '2024-04-06 10:36:55')
pval: [0.075] -- 71th test, time elapsed 60.58053421974182 -- emperical power so far: 0.39436619718309857
db insert success
tensor(-0.0001, device='cuda:0')
(72, 1000, 0.0009, 1, 170000, 'elltwo', 'bitflip', -0.0001220703125, 0.25, 60.56060075759888, '2024-04-06 10:38:13')
pval: [0.25] -- 72th test, time elapsed 60.56060075759888 -- emperical power so far: 0.3888888888888889
db insert success
tensor(-0.0001, device='cuda:0')
(73, 1000, 0.0009, 1, 170000, 'elltwo', 'bitflip', -0.0001220703125, 0.058000002056360245, 60.52227330207825, '2024-04-06 10:39:23')
pval: [0.058] -- 73th test, time elapsed 60.52227330207825 -- emperical power so far: 0.3835616438356164
db insert success
tensor(-0.0001, device='cuda:0')
(74, 1000, 0.0009, 1, 170000, 'elltwo', 'bitflip', -0.0001220703125, 0.05000000074505806, 60.479564905166626, '2024-04-06 10:40:41')
pval: [0.05] -- 74th test, time elapsed 60.479564905166626 -- emperical power so far: 0.3783783783783784
db insert success
tensor(0.0004, device='cuda:0')
(75, 1000, 0.0009, 1, 170000, 'elltwo', 'bitflip', 0.000396728515625, 0.0010000000474974513, 60.497995138168335, '2024-04-06 10:41:53')
pval: [0.001] -- 75th test, time elapsed 60.497995138168335 -- emperical power so far: 0.38666666666666666
db insert success
tensor(-0.0002, device='cuda:0')
(76, 1000, 0.0009, 1, 170000, 'elltwo', 'bitflip', -0.000152587890625, 0.3850000202655792, 60.53231501579285, '2024-04-06 10:43:11')
pval: [0.38500002] -- 76th test, time elapsed 60.53231501579285 -- emperical power so far: 0.3815789473684211
db insert success
tensor(0.0004, device='cuda:0')
(77, 1000, 0.0009, 1, 170000, 'elltwo', 'bitflip', 0.000396728515625, 0.1770000010728836, 60.71511912345886, '2024-04-06 10:44:23')
pval: [0.177] -- 77th test, time elapsed 60.71511912345886 -- emperical power so far: 0.37662337662337664
db insert success
tensor(0.0004, device='cuda:0')
(78, 1000, 0.0009, 1, 170000, 'elltwo', 'bitflip', 0.00042724609375, 0.03800000250339508, 60.61620283126831, '2024-04-06 10:45:38')
pval: [0.038] -- 78th test, time elapsed 60.61620283126831 -- emperical power so far: 0.38461538461538464
db insert success
tensor(-0.0001, device='cuda:0')
(79, 1000, 0.0009, 1, 170000, 'elltwo', 'bitflip', -0.0001220703125, 0.5300000309944153, 60.578978061676025, '2024-04-06 10:46:52')
pval: [0.53000003] -- 79th test, time elapsed 60.578978061676025 -- emperical power so far: 0.379746835443038
db insert success
tensor(0.0004, device='cuda:0')
(80, 1000, 0.0009, 1, 170000, 'elltwo', 'bitflip', 0.00042724609375, 0.020000001415610313, 60.65897560119629, '2024-04-06 10:48:04')
pval: [0.02] -- 80th test, time elapsed 60.65897560119629 -- emperical power so far: 0.3875
db insert success
tensor(-0.0001, device='cuda:0')
(81, 1000, 0.0009, 1, 170000, 'elltwo', 'bitflip', -0.0001220703125, 0.0010000000474974513, 60.697911739349365, '2024-04-06 10:49:17')
pval: [0.001] -- 81th test, time elapsed 60.697911739349365 -- emperical power so far: 0.3950617283950617
db insert success
tensor(0.0004, device='cuda:0')
(82, 1000, 0.0009, 1, 170000, 'elltwo', 'bitflip', 0.000396728515625, 0.13300000131130219, 61.026363134384155, '2024-04-06 10:50:26')
pval: [0.133] -- 82th test, time elapsed 61.026363134384155 -- emperical power so far: 0.3902439024390244
db insert success
tensor(-0.0007, device='cuda:0')
(83, 1000, 0.0009, 1, 170000, 'elltwo', 'bitflip', -0.000701904296875, 0.784000039100647, 61.31085801124573, '2024-04-06 10:51:29')
pval: [0.78400004] -- 83th test, time elapsed 61.31085801124573 -- emperical power so far: 0.3855421686746988
db insert success
tensor(-0.0001, device='cuda:0')
(84, 1000, 0.0009, 1, 170000, 'elltwo', 'bitflip', -0.0001220703125, 0.08800000697374344, 61.23199987411499, '2024-04-06 10:52:34')
pval: [0.08800001] -- 84th test, time elapsed 61.23199987411499 -- emperical power so far: 0.38095238095238093
db insert success
tensor(0.0004, device='cuda:0')
(85, 1000, 0.0009, 1, 170000, 'elltwo', 'bitflip', 0.000396728515625, 0.006000000052154064, 61.27693152427673, '2024-04-06 10:53:43')
pval: [0.006] -- 85th test, time elapsed 61.27693152427673 -- emperical power so far: 0.38823529411764707
db insert success
tensor(-0.0002, device='cuda:0')
(86, 1000, 0.0009, 1, 170000, 'elltwo', 'bitflip', -0.000152587890625, 0.12700000405311584, 60.472492933273315, '2024-04-06 10:54:46')
pval: [0.127] -- 86th test, time elapsed 60.472492933273315 -- emperical power so far: 0.38372093023255816
db insert success
tensor(0.0005, device='cuda:0')
(87, 1000, 0.0009, 1, 170000, 'elltwo', 'bitflip', 0.000457763671875, 0.0010000000474974513, 60.536826372146606, '2024-04-06 10:56:06')
pval: [0.001] -- 87th test, time elapsed 60.536826372146606 -- emperical power so far: 0.39080459770114945
db insert success
tensor(0.0004, device='cuda:0')
(88, 1000, 0.0009, 1, 170000, 'elltwo', 'bitflip', 0.00042724609375, 0.06100000441074371, 60.58636236190796, '2024-04-06 10:57:09')
pval: [0.061] -- 88th test, time elapsed 60.58636236190796 -- emperical power so far: 0.38636363636363635
db insert success
tensor(0.0004, device='cuda:0')
(89, 1000, 0.0009, 1, 170000, 'elltwo', 'bitflip', 0.000396728515625, 0.08800000697374344, 60.51403188705444, '2024-04-06 10:58:11')
pval: [0.08800001] -- 89th test, time elapsed 60.51403188705444 -- emperical power so far: 0.38202247191011235
db insert success
tensor(-0.0001, device='cuda:0')
(90, 1000, 0.0009, 1, 170000, 'elltwo', 'bitflip', -0.0001220703125, 0.3720000088214874, 60.520325660705566, '2024-04-06 10:59:27')
pval: [0.37200001] -- 90th test, time elapsed 60.520325660705566 -- emperical power so far: 0.37777777777777777
db insert success
tensor(-0.0001, device='cuda:0')
(91, 1000, 0.0009, 1, 170000, 'elltwo', 'bitflip', -0.0001220703125, 0.01900000125169754, 60.549803018569946, '2024-04-06 11:00:47')
pval: [0.019] -- 91th test, time elapsed 60.549803018569946 -- emperical power so far: 0.38461538461538464
db insert success
tensor(0.0004, device='cuda:0')
(92, 1000, 0.0009, 1, 170000, 'elltwo', 'bitflip', 0.000396728515625, 0.13600000739097595, 60.530808448791504, '2024-04-06 11:02:08')
pval: [0.13600001] -- 92th test, time elapsed 60.530808448791504 -- emperical power so far: 0.3804347826086957
db insert success
tensor(-0.0002, device='cuda:0')
(93, 1000, 0.0009, 1, 170000, 'elltwo', 'bitflip', -0.000152587890625, 0.4180000126361847, 60.607604026794434, '2024-04-06 11:03:15')
pval: [0.41800001] -- 93th test, time elapsed 60.607604026794434 -- emperical power so far: 0.3763440860215054
db insert success
tensor(0.0004, device='cuda:0')
(94, 1000, 0.0009, 1, 170000, 'elltwo', 'bitflip', 0.000396728515625, 0.003000000026077032, 60.5792133808136, '2024-04-06 11:04:28')
pval: [0.003] -- 94th test, time elapsed 60.5792133808136 -- emperical power so far: 0.3829787234042553
db insert success
tensor(-0.0002, device='cuda:0')
(95, 1000, 0.0009, 1, 170000, 'elltwo', 'bitflip', -0.000152587890625, 0.1900000125169754, 60.636839151382446, '2024-04-06 11:05:48')
pval: [0.19000001] -- 95th test, time elapsed 60.636839151382446 -- emperical power so far: 0.37894736842105264
db insert success
tensor(0.0004, device='cuda:0')
(96, 1000, 0.0009, 1, 170000, 'elltwo', 'bitflip', 0.000396728515625, 0.06100000441074371, 60.604734897613525, '2024-04-06 11:06:58')
pval: [0.061] -- 96th test, time elapsed 60.604734897613525 -- emperical power so far: 0.375
db insert success
tensor(-0.0002, device='cuda:0')
(97, 1000, 0.0009, 1, 170000, 'elltwo', 'bitflip', -0.000152587890625, 0.23600001633167267, 60.56327939033508, '2024-04-06 11:08:16')
pval: [0.23600002] -- 97th test, time elapsed 60.56327939033508 -- emperical power so far: 0.3711340206185567
db insert success
tensor(-0.0002, device='cuda:0')
(98, 1000, 0.0009, 1, 170000, 'elltwo', 'bitflip', -0.000152587890625, 0.06400000303983688, 60.572598695755005, '2024-04-06 11:09:34')
pval: [0.064] -- 98th test, time elapsed 60.572598695755005 -- emperical power so far: 0.3673469387755102
db insert success
tensor(0.0004, device='cuda:0')
(99, 1000, 0.0009, 1, 170000, 'elltwo', 'bitflip', 0.00042724609375, 0.14100000262260437, 60.69719862937927, '2024-04-06 11:10:54')
pval: [0.141] -- 99th test, time elapsed 60.69719862937927 -- emperical power so far: 0.36363636363636365
db insert success
tensor(0.0004, device='cuda:0')
(100, 1000, 0.0009, 1, 170000, 'elltwo', 'bitflip', 0.000396728515625, 0.0010000000474974513, 60.60626173019409, '2024-04-06 11:12:10')
pval: [0.001] -- 100th test, time elapsed 60.60626173019409 -- emperical power so far: 0.37
db insert success
tensor(0.0004, device='cuda:0')
(101, 1000, 0.0009, 1, 170000, 'elltwo', 'bitflip', 0.00042724609375, 0.0010000000474974513, 60.652442932128906, '2024-04-06 11:13:19')
pval: [0.001] -- 101th test, time elapsed 60.652442932128906 -- emperical power so far: 0.37623762376237624
db insert success
tensor(0.0004, device='cuda:0')
(102, 1000, 0.0009, 1, 170000, 'elltwo', 'bitflip', 0.000396728515625, 0.18400001525878906, 60.54649472236633, '2024-04-06 11:14:24')
pval: [0.18400002] -- 102th test, time elapsed 60.54649472236633 -- emperical power so far: 0.37254901960784315
db insert success
tensor(0.0004, device='cuda:0')
(103, 1000, 0.0009, 1, 170000, 'elltwo', 'bitflip', 0.000396728515625, 0.09100000560283661, 60.555407762527466, '2024-04-06 11:15:43')
pval: [0.09100001] -- 103th test, time elapsed 60.555407762527466 -- emperical power so far: 0.36893203883495146
db insert success
tensor(-0.0007, device='cuda:0')
(104, 1000, 0.0009, 1, 170000, 'elltwo', 'bitflip', -0.000701904296875, 0.24400001764297485, 60.53942275047302, '2024-04-06 11:16:53')
pval: [0.24400002] -- 104th test, time elapsed 60.53942275047302 -- emperical power so far: 0.36538461538461536
db insert success
tensor(-0.0007, device='cuda:0')
(105, 1000, 0.0009, 1, 170000, 'elltwo', 'bitflip', -0.000701904296875, 0.5790000557899475, 60.57317614555359, '2024-04-06 11:18:00')
pval: [0.57900006] -- 105th test, time elapsed 60.57317614555359 -- emperical power so far: 0.3619047619047619
db insert success
tensor(-0.0001, device='cuda:0')
(106, 1000, 0.0009, 1, 170000, 'elltwo', 'bitflip', -0.0001220703125, 0.0010000000474974513, 60.52698469161987, '2024-04-06 11:19:05')
pval: [0.001] -- 106th test, time elapsed 60.52698469161987 -- emperical power so far: 0.36792452830188677
db insert success
tensor(-0.0002, device='cuda:0')
(107, 1000, 0.0009, 1, 170000, 'elltwo', 'bitflip', -0.000152587890625, 0.03100000135600567, 60.53848075866699, '2024-04-06 11:20:23')
pval: [0.031] -- 107th test, time elapsed 60.53848075866699 -- emperical power so far: 0.37383177570093457
db insert success
tensor(0.0004, device='cuda:0')
(108, 1000, 0.0009, 1, 170000, 'elltwo', 'bitflip', 0.000396728515625, 0.0020000000949949026, 60.607404708862305, '2024-04-06 11:21:34')
pval: [0.002] -- 108th test, time elapsed 60.607404708862305 -- emperical power so far: 0.37962962962962965
db insert success
tensor(0.0004, device='cuda:0')
(109, 1000, 0.0009, 1, 170000, 'elltwo', 'bitflip', 0.00042724609375, 0.003000000026077032, 60.64273738861084, '2024-04-06 11:22:53')
pval: [0.003] -- 109th test, time elapsed 60.64273738861084 -- emperical power so far: 0.3853211009174312
db insert success
tensor(-0.0007, device='cuda:0')
(110, 1000, 0.0009, 1, 170000, 'elltwo', 'bitflip', -0.00067138671875, 0.5550000071525574, 60.72209882736206, '2024-04-06 11:24:05')
pval: [0.55500001] -- 110th test, time elapsed 60.72209882736206 -- emperical power so far: 0.38181818181818183
db insert success
tensor(-0.0002, device='cuda:0')
(111, 1000, 0.0009, 1, 170000, 'elltwo', 'bitflip', -0.000152587890625, 0.534000039100647, 60.690457582473755, '2024-04-06 11:25:14')
pval: [0.53400004] -- 111th test, time elapsed 60.690457582473755 -- emperical power so far: 0.3783783783783784
db insert success
tensor(-0.0007, device='cuda:0')
(112, 1000, 0.0009, 1, 170000, 'elltwo', 'bitflip', -0.000701904296875, 0.7950000166893005, 60.57812523841858, '2024-04-06 11:26:25')
pval: [0.79500002] -- 112th test, time elapsed 60.57812523841858 -- emperical power so far: 0.375
db insert success
tensor(-0.0001, device='cuda:0')
(113, 1000, 0.0009, 1, 170000, 'elltwo', 'bitflip', -0.0001220703125, 0.7020000219345093, 60.545735597610474, '2024-04-06 11:27:43')
pval: [0.70200002] -- 113th test, time elapsed 60.545735597610474 -- emperical power so far: 0.37168141592920356
db insert success
tensor(0.0004, device='cuda:0')
(114, 1000, 0.0009, 1, 170000, 'elltwo', 'bitflip', 0.000396728515625, 0.02500000037252903, 60.61306548118591, '2024-04-06 11:29:02')
pval: [0.025] -- 114th test, time elapsed 60.61306548118591 -- emperical power so far: 0.37719298245614036
db insert success
tensor(0.0004, device='cuda:0')
(115, 1000, 0.0009, 1, 170000, 'elltwo', 'bitflip', 0.00042724609375, 0.0010000000474974513, 60.53878736495972, '2024-04-06 11:30:08')
pval: [0.001] -- 115th test, time elapsed 60.53878736495972 -- emperical power so far: 0.3826086956521739
db insert success
tensor(-0.0007, device='cuda:0')
(116, 1000, 0.0009, 1, 170000, 'elltwo', 'bitflip', -0.000701904296875, 0.31800001859664917, 60.58330750465393, '2024-04-06 11:31:19')
pval: [0.31800002] -- 116th test, time elapsed 60.58330750465393 -- emperical power so far: 0.3793103448275862
db insert success
tensor(0.0009, device='cuda:0')
(117, 1000, 0.0009, 1, 170000, 'elltwo', 'bitflip', 0.000946044921875, 0.02200000174343586, 60.60168480873108, '2024-04-06 11:32:38')
pval: [0.022] -- 117th test, time elapsed 60.60168480873108 -- emperical power so far: 0.38461538461538464
db insert success
tensor(-0.0007, device='cuda:0')
(118, 1000, 0.0009, 1, 170000, 'elltwo', 'bitflip', -0.00067138671875, 0.3890000283718109, 60.64374351501465, '2024-04-06 11:33:48')
pval: [0.38900003] -- 118th test, time elapsed 60.64374351501465 -- emperical power so far: 0.3813559322033898
db insert success
tensor(-0.0001, device='cuda:0')
(119, 1000, 0.0009, 1, 170000, 'elltwo', 'bitflip', -0.0001220703125, 0.02200000174343586, 60.65845561027527, '2024-04-06 11:34:56')
pval: [0.022] -- 119th test, time elapsed 60.65845561027527 -- emperical power so far: 0.3865546218487395
db insert success
tensor(-0.0001, device='cuda:0')
(120, 1000, 0.0009, 1, 170000, 'elltwo', 'bitflip', -0.0001220703125, 0.0010000000474974513, 60.533660888671875, '2024-04-06 11:36:04')
pval: [0.001] -- 120th test, time elapsed 60.533660888671875 -- emperical power so far: 0.39166666666666666
db insert success
tensor(0.0004, device='cuda:0')
(121, 1000, 0.0009, 1, 170000, 'elltwo', 'bitflip', 0.00042724609375, 0.07900000363588333, 60.650176763534546, '2024-04-06 11:37:21')
pval: [0.079] -- 121th test, time elapsed 60.650176763534546 -- emperical power so far: 0.3884297520661157
db insert success
tensor(0.0009, device='cuda:0')
(122, 1000, 0.0009, 1, 170000, 'elltwo', 'bitflip', 0.000946044921875, 0.0010000000474974513, 60.516294956207275, '2024-04-06 11:38:40')
pval: [0.001] -- 122th test, time elapsed 60.516294956207275 -- emperical power so far: 0.39344262295081966
db insert success
tensor(-0.0007, device='cuda:0')
(123, 1000, 0.0009, 1, 170000, 'elltwo', 'bitflip', -0.000701904296875, 0.5430000424385071, 60.63228249549866, '2024-04-06 11:39:52')
pval: [0.54300004] -- 123th test, time elapsed 60.63228249549866 -- emperical power so far: 0.3902439024390244
db insert success
tensor(-0.0001, device='cuda:0')
(124, 1000, 0.0009, 1, 170000, 'elltwo', 'bitflip', -0.0001220703125, 0.09200000762939453, 60.70840406417847, '2024-04-06 11:41:07')
pval: [0.09200001] -- 124th test, time elapsed 60.70840406417847 -- emperical power so far: 0.3870967741935484
db insert success
tensor(-0.0001, device='cuda:0')
(125, 1000, 0.0009, 1, 170000, 'elltwo', 'bitflip', -0.0001220703125, 0.0020000000949949026, 60.650046825408936, '2024-04-06 11:42:28')
pval: [0.002] -- 125th test, time elapsed 60.650046825408936 -- emperical power so far: 0.392
db insert success
tensor(0.0004, device='cuda:0')
(126, 1000, 0.0009, 1, 170000, 'elltwo', 'bitflip', 0.00042724609375, 0.0020000000949949026, 60.64541149139404, '2024-04-06 11:43:35')
pval: [0.002] -- 126th test, time elapsed 60.64541149139404 -- emperical power so far: 0.3968253968253968
db insert success
tensor(-0.0002, device='cuda:0')
(127, 1000, 0.0009, 1, 170000, 'elltwo', 'bitflip', -0.000152587890625, 0.25600001215934753, 60.55865287780762, '2024-04-06 11:44:48')
pval: [0.25600001] -- 127th test, time elapsed 60.55865287780762 -- emperical power so far: 0.3937007874015748
db insert success
tensor(0.0009, device='cuda:0')
(128, 1000, 0.0009, 1, 170000, 'elltwo', 'bitflip', 0.000946044921875, 0.0010000000474974513, 60.51351284980774, '2024-04-06 11:45:50')
pval: [0.001] -- 128th test, time elapsed 60.51351284980774 -- emperical power so far: 0.3984375
db insert success
tensor(0.0004, device='cuda:0')
(129, 1000, 0.0009, 1, 170000, 'elltwo', 'bitflip', 0.00042724609375, 0.0020000000949949026, 60.50531721115112, '2024-04-06 11:47:03')
pval: [0.002] -- 129th test, time elapsed 60.50531721115112 -- emperical power so far: 0.40310077519379844
db insert success
tensor(-0.0007, device='cuda:0')
(130, 1000, 0.0009, 1, 170000, 'elltwo', 'bitflip', -0.000701904296875, 0.4240000247955322, 60.62880611419678, '2024-04-06 11:48:23')
pval: [0.42400002] -- 130th test, time elapsed 60.62880611419678 -- emperical power so far: 0.4
db insert success
tensor(-0.0001, device='cuda:0')
(131, 1000, 0.0009, 1, 170000, 'elltwo', 'bitflip', -0.0001220703125, 0.02800000086426735, 60.64644694328308, '2024-04-06 11:49:33')
pval: [0.028] -- 131th test, time elapsed 60.64644694328308 -- emperical power so far: 0.40458015267175573
db insert success
tensor(-0.0006, device='cuda:0')
(132, 1000, 0.0009, 1, 170000, 'elltwo', 'bitflip', -0.000640869140625, 0.5380000472068787, 60.56790280342102, '2024-04-06 11:50:40')
pval: [0.53800005] -- 132th test, time elapsed 60.56790280342102 -- emperical power so far: 0.4015151515151515
db insert success
tensor(-0.0001, device='cuda:0')
(133, 1000, 0.0009, 1, 170000, 'elltwo', 'bitflip', -0.0001220703125, 0.4140000343322754, 60.49692153930664, '2024-04-06 11:51:55')
pval: [0.41400003] -- 133th test, time elapsed 60.49692153930664 -- emperical power so far: 0.39849624060150374
db insert success
tensor(-0.0001, device='cuda:0')
(134, 1000, 0.0009, 1, 170000, 'elltwo', 'bitflip', -0.0001220703125, 0.7080000042915344, 60.66077160835266, '2024-04-06 11:53:05')
pval: [0.708] -- 134th test, time elapsed 60.66077160835266 -- emperical power so far: 0.39552238805970147
db insert success
tensor(-0.0001, device='cuda:0')
(135, 1000, 0.0009, 1, 170000, 'elltwo', 'bitflip', -0.0001220703125, 0.09200000762939453, 60.74074029922485, '2024-04-06 11:54:16')
pval: [0.09200001] -- 135th test, time elapsed 60.74074029922485 -- emperical power so far: 0.3925925925925926
db insert success
tensor(0.0004, device='cuda:0')
(136, 1000, 0.0009, 1, 170000, 'elltwo', 'bitflip', 0.000396728515625, 0.0020000000949949026, 60.62285304069519, '2024-04-06 11:55:18')
pval: [0.002] -- 136th test, time elapsed 60.62285304069519 -- emperical power so far: 0.39705882352941174
db insert success
tensor(-0.0007, device='cuda:0')
(137, 1000, 0.0009, 1, 170000, 'elltwo', 'bitflip', -0.00067138671875, 0.19700001180171967, 60.6253502368927, '2024-04-06 11:56:23')
pval: [0.19700001] -- 137th test, time elapsed 60.6253502368927 -- emperical power so far: 0.39416058394160586
db insert success
tensor(0.0004, device='cuda:0')
(138, 1000, 0.0009, 1, 170000, 'elltwo', 'bitflip', 0.00042724609375, 0.10300000756978989, 60.719255447387695, '2024-04-06 11:57:30')
pval: [0.10300001] -- 138th test, time elapsed 60.719255447387695 -- emperical power so far: 0.391304347826087
db insert success
tensor(0.0004, device='cuda:0')
(139, 1000, 0.0009, 1, 170000, 'elltwo', 'bitflip', 0.00042724609375, 0.04400000348687172, 60.682095766067505, '2024-04-06 11:58:44')
pval: [0.044] -- 139th test, time elapsed 60.682095766067505 -- emperical power so far: 0.39568345323741005
db insert success
tensor(0.0004, device='cuda:0')
(140, 1000, 0.0009, 1, 170000, 'elltwo', 'bitflip', 0.000396728515625, 0.003000000026077032, 60.71459627151489, '2024-04-06 11:59:54')
pval: [0.003] -- 140th test, time elapsed 60.71459627151489 -- emperical power so far: 0.4
db insert success
tensor(0.0004, device='cuda:0')
(141, 1000, 0.0009, 1, 170000, 'elltwo', 'bitflip', 0.000396728515625, 0.010000000707805157, 60.662954807281494, '2024-04-06 12:01:07')
pval: [0.01] -- 141th test, time elapsed 60.662954807281494 -- emperical power so far: 0.40425531914893614
db insert success
tensor(-0.0002, device='cuda:0')
(142, 1000, 0.0009, 1, 170000, 'elltwo', 'bitflip', -0.000152587890625, 0.009000000543892384, 60.73855018615723, '2024-04-06 12:02:11')
pval: [0.009] -- 142th test, time elapsed 60.73855018615723 -- emperical power so far: 0.4084507042253521
db insert success
tensor(0.0004, device='cuda:0')
(143, 1000, 0.0009, 1, 170000, 'elltwo', 'bitflip', 0.000396728515625, 0.01100000087171793, 60.56948161125183, '2024-04-06 12:03:27')
pval: [0.011] -- 143th test, time elapsed 60.56948161125183 -- emperical power so far: 0.4125874125874126
db insert success
tensor(-0.0001, device='cuda:0')
(144, 1000, 0.0009, 1, 170000, 'elltwo', 'bitflip', -0.0001220703125, 0.0020000000949949026, 60.57081580162048, '2024-04-06 12:04:46')
pval: [0.002] -- 144th test, time elapsed 60.57081580162048 -- emperical power so far: 0.4166666666666667
db insert success
tensor(-0.0001, device='cuda:0')
(145, 1000, 0.0009, 1, 170000, 'elltwo', 'bitflip', -0.0001220703125, 0.04700000211596489, 60.73655724525452, '2024-04-06 12:05:57')
pval: [0.047] -- 145th test, time elapsed 60.73655724525452 -- emperical power so far: 0.4206896551724138
db insert success
tensor(0.0004, device='cuda:0')
(146, 1000, 0.0009, 1, 170000, 'elltwo', 'bitflip', 0.000396728515625, 0.24700000882148743, 60.79176902770996, '2024-04-06 12:07:15')
pval: [0.24700001] -- 146th test, time elapsed 60.79176902770996 -- emperical power so far: 0.4178082191780822
db insert success
tensor(0.0004, device='cuda:0')
(147, 1000, 0.0009, 1, 170000, 'elltwo', 'bitflip', 0.000396728515625, 0.5790000557899475, 60.67077660560608, '2024-04-06 12:08:17')
pval: [0.57900006] -- 147th test, time elapsed 60.67077660560608 -- emperical power so far: 0.41496598639455784
db insert success
tensor(0.0004, device='cuda:0')
(148, 1000, 0.0009, 1, 170000, 'elltwo', 'bitflip', 0.000396728515625, 0.021000001579523087, 60.68447232246399, '2024-04-06 12:09:28')
pval: [0.021] -- 148th test, time elapsed 60.68447232246399 -- emperical power so far: 0.4189189189189189
db insert success
tensor(0.0004, device='cuda:0')
(149, 1000, 0.0009, 1, 170000, 'elltwo', 'bitflip', 0.000396728515625, 0.015000000596046448, 60.649168968200684, '2024-04-06 12:10:30')
pval: [0.015] -- 149th test, time elapsed 60.649168968200684 -- emperical power so far: 0.4228187919463087
db insert success
tensor(-0.0007, device='cuda:0')
(150, 1000, 0.0009, 1, 170000, 'elltwo', 'bitflip', -0.00067138671875, 0.4240000247955322, 60.56453609466553, '2024-04-06 12:11:48')
pval: [0.42400002] -- 150th test, time elapsed 60.56453609466553 -- emperical power so far: 0.42
db insert success
tensor(-0.0002, device='cuda:0')
(151, 1000, 0.0009, 1, 170000, 'elltwo', 'bitflip', -0.000152587890625, 0.007000000216066837, 60.56196117401123, '2024-04-06 12:12:56')
pval: [0.007] -- 151th test, time elapsed 60.56196117401123 -- emperical power so far: 0.423841059602649
db insert success
tensor(-0.0007, device='cuda:0')
(152, 1000, 0.0009, 1, 170000, 'elltwo', 'bitflip', -0.00067138671875, 0.35600000619888306, 60.57806754112244, '2024-04-06 12:14:10')
pval: [0.35600001] -- 152th test, time elapsed 60.57806754112244 -- emperical power so far: 0.42105263157894735
db insert success
tensor(-0.0007, device='cuda:0')
(153, 1000, 0.0009, 1, 170000, 'elltwo', 'bitflip', -0.00067138671875, 0.5440000295639038, 60.556761503219604, '2024-04-06 12:15:22')
pval: [0.54400003] -- 153th test, time elapsed 60.556761503219604 -- emperical power so far: 0.41830065359477125
db insert success
tensor(-0.0002, device='cuda:0')
(154, 1000, 0.0009, 1, 170000, 'elltwo', 'bitflip', -0.000152587890625, 0.004000000189989805, 60.578253746032715, '2024-04-06 12:16:33')
pval: [0.004] -- 154th test, time elapsed 60.578253746032715 -- emperical power so far: 0.42207792207792205
db insert success
tensor(-0.0001, device='cuda:0')
(155, 1000, 0.0009, 1, 170000, 'elltwo', 'bitflip', -0.0001220703125, 0.0010000000474974513, 60.56746006011963, '2024-04-06 12:17:51')
pval: [0.001] -- 155th test, time elapsed 60.56746006011963 -- emperical power so far: 0.4258064516129032
db insert success
tensor(-0.0007, device='cuda:0')
(156, 1000, 0.0009, 1, 170000, 'elltwo', 'bitflip', -0.00067138671875, 0.3070000112056732, 60.62193298339844, '2024-04-06 12:19:07')
pval: [0.30700001] -- 156th test, time elapsed 60.62193298339844 -- emperical power so far: 0.4230769230769231
db insert success
tensor(0.0004, device='cuda:0')
(157, 1000, 0.0009, 1, 170000, 'elltwo', 'bitflip', 0.00042724609375, 0.0010000000474974513, 60.574881076812744, '2024-04-06 12:20:16')
pval: [0.001] -- 157th test, time elapsed 60.574881076812744 -- emperical power so far: 0.4267515923566879
db insert success
tensor(-0.0007, device='cuda:0')
(158, 1000, 0.0009, 1, 170000, 'elltwo', 'bitflip', -0.00067138671875, 0.4970000088214874, 60.55715203285217, '2024-04-06 12:21:24')
pval: [0.49700001] -- 158th test, time elapsed 60.55715203285217 -- emperical power so far: 0.4240506329113924
db insert success
tensor(-0.0001, device='cuda:0')
(159, 1000, 0.0009, 1, 170000, 'elltwo', 'bitflip', -0.0001220703125, 0.0010000000474974513, 60.526163816452026, '2024-04-06 12:22:42')
pval: [0.001] -- 159th test, time elapsed 60.526163816452026 -- emperical power so far: 0.4276729559748428
db insert success
tensor(0.0004, device='cuda:0')
(160, 1000, 0.0009, 1, 170000, 'elltwo', 'bitflip', 0.000396728515625, 0.4390000104904175, 60.52725577354431, '2024-04-06 12:24:03')
pval: [0.43900001] -- 160th test, time elapsed 60.52725577354431 -- emperical power so far: 0.425
db insert success
tensor(-0.0007, device='cuda:0')
(161, 1000, 0.0009, 1, 170000, 'elltwo', 'bitflip', -0.00067138671875, 0.2760000228881836, 60.68297576904297, '2024-04-06 12:25:06')
pval: [0.27600002] -- 161th test, time elapsed 60.68297576904297 -- emperical power so far: 0.422360248447205
db insert success
tensor(-0.0002, device='cuda:0')
(162, 1000, 0.0009, 1, 170000, 'elltwo', 'bitflip', -0.000152587890625, 0.15300001204013824, 60.51293873786926, '2024-04-06 12:26:26')
pval: [0.15300001] -- 162th test, time elapsed 60.51293873786926 -- emperical power so far: 0.41975308641975306
db insert success
tensor(-0.0001, device='cuda:0')
(163, 1000, 0.0009, 1, 170000, 'elltwo', 'bitflip', -0.0001220703125, 0.05000000074505806, 60.583590269088745, '2024-04-06 12:27:37')
pval: [0.05] -- 163th test, time elapsed 60.583590269088745 -- emperical power so far: 0.4171779141104294
db insert success
tensor(-0.0002, device='cuda:0')
(164, 1000, 0.0009, 1, 170000, 'elltwo', 'bitflip', -0.000152587890625, 0.7240000367164612, 60.62437558174133, '2024-04-06 12:28:46')
pval: [0.72400004] -- 164th test, time elapsed 60.62437558174133 -- emperical power so far: 0.4146341463414634
db insert success
tensor(-0.0007, device='cuda:0')
(165, 1000, 0.0009, 1, 170000, 'elltwo', 'bitflip', -0.000701904296875, 0.3930000066757202, 61.12343502044678, '2024-04-06 12:29:49')
pval: [0.39300001] -- 165th test, time elapsed 61.12343502044678 -- emperical power so far: 0.4121212121212121
db insert success
tensor(0.0004, device='cuda:0')
(166, 1000, 0.0009, 1, 170000, 'elltwo', 'bitflip', 0.000396728515625, 0.4180000126361847, 61.31281089782715, '2024-04-06 12:31:09')
pval: [0.41800001] -- 166th test, time elapsed 61.31281089782715 -- emperical power so far: 0.40963855421686746
db insert success
tensor(0.0004, device='cuda:0')
(167, 1000, 0.0009, 1, 170000, 'elltwo', 'bitflip', 0.000396728515625, 0.42500001192092896, 61.37613105773926, '2024-04-06 12:32:22')
pval: [0.42500001] -- 167th test, time elapsed 61.37613105773926 -- emperical power so far: 0.40718562874251496
db insert success
tensor(-9.1553e-05, device='cuda:0')
(168, 1000, 0.0009, 1, 170000, 'elltwo', 'bitflip', -9.1552734375e-05, 0.1980000138282776, 61.4075129032135, '2024-04-06 12:33:29')
pval: [0.19800001] -- 168th test, time elapsed 61.4075129032135 -- emperical power so far: 0.40476190476190477
db insert success
tensor(0.0004, device='cuda:0')
(169, 1000, 0.0009, 1, 170000, 'elltwo', 'bitflip', 0.000396728515625, 0.01900000125169754, 61.27684283256531, '2024-04-06 12:34:31')
pval: [0.019] -- 169th test, time elapsed 61.27684283256531 -- emperical power so far: 0.40828402366863903
db insert success
tensor(0.0004, device='cuda:0')
(170, 1000, 0.0009, 1, 170000, 'elltwo', 'bitflip', 0.00042724609375, 0.003000000026077032, 61.264495849609375, '2024-04-06 12:35:45')
pval: [0.003] -- 170th test, time elapsed 61.264495849609375 -- emperical power so far: 0.4117647058823529
db insert success
tensor(-0.0007, device='cuda:0')
(171, 1000, 0.0009, 1, 170000, 'elltwo', 'bitflip', -0.000701904296875, 0.4580000340938568, 61.39475989341736, '2024-04-06 12:36:53')
pval: [0.45800003] -- 171th test, time elapsed 61.39475989341736 -- emperical power so far: 0.4093567251461988
db insert success
tensor(0.0004, device='cuda:0')
(172, 1000, 0.0009, 1, 170000, 'elltwo', 'bitflip', 0.00042724609375, 0.003000000026077032, 61.34533476829529, '2024-04-06 12:38:15')
pval: [0.003] -- 172th test, time elapsed 61.34533476829529 -- emperical power so far: 0.4127906976744186
db insert success
tensor(-9.1553e-05, device='cuda:0')
(173, 1000, 0.0009, 1, 170000, 'elltwo', 'bitflip', -9.1552734375e-05, 0.25, 61.25286817550659, '2024-04-06 12:39:28')
pval: [0.25] -- 173th test, time elapsed 61.25286817550659 -- emperical power so far: 0.41040462427745666
db insert success
tensor(-0.0002, device='cuda:0')
(174, 1000, 0.0009, 1, 170000, 'elltwo', 'bitflip', -0.000152587890625, 0.7230000495910645, 61.2482430934906, '2024-04-06 12:40:32')
pval: [0.72300005] -- 174th test, time elapsed 61.2482430934906 -- emperical power so far: 0.40804597701149425
db insert success
tensor(0.0004, device='cuda:0')
(175, 1000, 0.0009, 1, 170000, 'elltwo', 'bitflip', 0.000396728515625, 0.3750000298023224, 61.22300934791565, '2024-04-06 12:41:47')
pval: [0.37500003] -- 175th test, time elapsed 61.22300934791565 -- emperical power so far: 0.4057142857142857
db insert success
tensor(0.0004, device='cuda:0')
(176, 1000, 0.0009, 1, 170000, 'elltwo', 'bitflip', 0.000396728515625, 0.020000001415610313, 61.36060309410095, '2024-04-06 12:43:09')
pval: [0.02] -- 176th test, time elapsed 61.36060309410095 -- emperical power so far: 0.4090909090909091
db insert success
tensor(-0.0001, device='cuda:0')
(177, 1000, 0.0009, 1, 170000, 'elltwo', 'bitflip', -0.0001220703125, 0.06599999964237213, 61.34539318084717, '2024-04-06 12:44:13')
pval: [0.066] -- 177th test, time elapsed 61.34539318084717 -- emperical power so far: 0.4067796610169492
db insert success
tensor(-0.0001, device='cuda:0')
(178, 1000, 0.0009, 1, 170000, 'elltwo', 'bitflip', -0.0001220703125, 0.003000000026077032, 61.35903215408325, '2024-04-06 12:45:27')
pval: [0.003] -- 178th test, time elapsed 61.35903215408325 -- emperical power so far: 0.4101123595505618
db insert success
tensor(-0.0002, device='cuda:0')
(179, 1000, 0.0009, 1, 170000, 'elltwo', 'bitflip', -0.000152587890625, 0.07200000435113907, 61.202202558517456, '2024-04-06 12:46:44')
pval: [0.072] -- 179th test, time elapsed 61.202202558517456 -- emperical power so far: 0.40782122905027934
db insert success
tensor(0.0004, device='cuda:0')
(180, 1000, 0.0009, 1, 170000, 'elltwo', 'bitflip', 0.000396728515625, 0.003000000026077032, 61.17972540855408, '2024-04-06 12:47:53')
pval: [0.003] -- 180th test, time elapsed 61.17972540855408 -- emperical power so far: 0.4111111111111111
db insert success
tensor(0.0004, device='cuda:0')
(181, 1000, 0.0009, 1, 170000, 'elltwo', 'bitflip', 0.000396728515625, 0.09100000560283661, 61.30100464820862, '2024-04-06 12:49:12')
pval: [0.09100001] -- 181th test, time elapsed 61.30100464820862 -- emperical power so far: 0.4088397790055249
db insert success
tensor(0.0010, device='cuda:0')
(182, 1000, 0.0009, 1, 170000, 'elltwo', 'bitflip', 0.0009765625, 0.0010000000474974513, 61.14195895195007, '2024-04-06 12:50:28')
pval: [0.001] -- 182th test, time elapsed 61.14195895195007 -- emperical power so far: 0.41208791208791207
db insert success
tensor(0.0004, device='cuda:0')
(183, 1000, 0.0009, 1, 170000, 'elltwo', 'bitflip', 0.000396728515625, 0.0020000000949949026, 61.16372776031494, '2024-04-06 12:51:42')
pval: [0.002] -- 183th test, time elapsed 61.16372776031494 -- emperical power so far: 0.41530054644808745
db insert success
tensor(0.0004, device='cuda:0')
(184, 1000, 0.0009, 1, 170000, 'elltwo', 'bitflip', 0.000396728515625, 0.1550000011920929, 61.24787354469299, '2024-04-06 12:52:51')
pval: [0.155] -- 184th test, time elapsed 61.24787354469299 -- emperical power so far: 0.41304347826086957
db insert success
tensor(-0.0002, device='cuda:0')
(185, 1000, 0.0009, 1, 170000, 'elltwo', 'bitflip', -0.000152587890625, 0.1730000078678131, 61.19556522369385, '2024-04-06 12:54:11')
pval: [0.17300001] -- 185th test, time elapsed 61.19556522369385 -- emperical power so far: 0.41081081081081083
db insert success
tensor(-0.0002, device='cuda:0')
(186, 1000, 0.0009, 1, 170000, 'elltwo', 'bitflip', -0.000152587890625, 0.003000000026077032, 60.66546940803528, '2024-04-06 12:55:23')
pval: [0.003] -- 186th test, time elapsed 60.66546940803528 -- emperical power so far: 0.41397849462365593
db insert success
tensor(-0.0002, device='cuda:0')
(187, 1000, 0.0009, 1, 170000, 'elltwo', 'bitflip', -0.000152587890625, 0.0020000000949949026, 60.60635280609131, '2024-04-06 12:56:36')
pval: [0.002] -- 187th test, time elapsed 60.60635280609131 -- emperical power so far: 0.41711229946524064
db insert success
tensor(-0.0002, device='cuda:0')
(188, 1000, 0.0009, 1, 170000, 'elltwo', 'bitflip', -0.000152587890625, 0.046000003814697266, 60.63092112541199, '2024-04-06 12:57:39')
pval: [0.046] -- 188th test, time elapsed 60.63092112541199 -- emperical power so far: 0.42021276595744683
db insert success
tensor(-0.0001, device='cuda:0')
(189, 1000, 0.0009, 1, 170000, 'elltwo', 'bitflip', -0.0001220703125, 0.07800000160932541, 60.641648054122925, '2024-04-06 12:58:54')
pval: [0.078] -- 189th test, time elapsed 60.641648054122925 -- emperical power so far: 0.41798941798941797
db insert success
tensor(0.0004, device='cuda:0')
(190, 1000, 0.0009, 1, 170000, 'elltwo', 'bitflip', 0.00042724609375, 0.0010000000474974513, 61.36687755584717, '2024-04-06 12:59:56')
pval: [0.001] -- 190th test, time elapsed 61.36687755584717 -- emperical power so far: 0.42105263157894735
db insert success
tensor(-0.0001, device='cuda:0')
(191, 1000, 0.0009, 1, 170000, 'elltwo', 'bitflip', -0.0001220703125, 0.030000001192092896, 61.25802731513977, '2024-04-06 13:01:16')
pval: [0.03] -- 191th test, time elapsed 61.25802731513977 -- emperical power so far: 0.42408376963350786
db insert success
tensor(-0.0001, device='cuda:0')
(192, 1000, 0.0009, 1, 170000, 'elltwo', 'bitflip', -0.0001220703125, 0.24400001764297485, 60.58319616317749, '2024-04-06 13:02:18')
pval: [0.24400002] -- 192th test, time elapsed 60.58319616317749 -- emperical power so far: 0.421875
db insert success
tensor(0.0004, device='cuda:0')
(193, 1000, 0.0009, 1, 170000, 'elltwo', 'bitflip', 0.00042724609375, 0.0010000000474974513, 60.617270946502686, '2024-04-06 13:03:30')
pval: [0.001] -- 193th test, time elapsed 60.617270946502686 -- emperical power so far: 0.42487046632124353
db insert success
tensor(-0.0002, device='cuda:0')
(194, 1000, 0.0009, 1, 170000, 'elltwo', 'bitflip', -0.000152587890625, 0.11500000208616257, 60.59276819229126, '2024-04-06 13:04:46')
pval: [0.115] -- 194th test, time elapsed 60.59276819229126 -- emperical power so far: 0.422680412371134
db insert success
tensor(0.0005, device='cuda:0')
(195, 1000, 0.0009, 1, 170000, 'elltwo', 'bitflip', 0.000457763671875, 0.021000001579523087, 60.587963581085205, '2024-04-06 13:06:01')
pval: [0.021] -- 195th test, time elapsed 60.587963581085205 -- emperical power so far: 0.4256410256410256
db insert success
tensor(0.0004, device='cuda:0')
(196, 1000, 0.0009, 1, 170000, 'elltwo', 'bitflip', 0.00042724609375, 0.0010000000474974513, 60.69564771652222, '2024-04-06 13:07:21')
pval: [0.001] -- 196th test, time elapsed 60.69564771652222 -- emperical power so far: 0.42857142857142855
db insert success
tensor(-0.0001, device='cuda:0')
(197, 1000, 0.0009, 1, 170000, 'elltwo', 'bitflip', -0.0001220703125, 0.4010000228881836, 60.58655619621277, '2024-04-06 13:08:38')
pval: [0.40100002] -- 197th test, time elapsed 60.58655619621277 -- emperical power so far: 0.4263959390862944
db insert success
tensor(0.0004, device='cuda:0')
(198, 1000, 0.0009, 1, 170000, 'elltwo', 'bitflip', 0.00042724609375, 0.03400000184774399, 60.62649726867676, '2024-04-06 13:09:56')
pval: [0.034] -- 198th test, time elapsed 60.62649726867676 -- emperical power so far: 0.4292929292929293
db insert success
tensor(-0.0002, device='cuda:0')
(199, 1000, 0.0009, 1, 170000, 'elltwo', 'bitflip', -0.000152587890625, 0.45600003004074097, 60.55892848968506, '2024-04-06 13:11:06')
pval: [0.45600003] -- 199th test, time elapsed 60.55892848968506 -- emperical power so far: 0.4271356783919598
db insert success
tensor(-0.0002, device='cuda:0')
(200, 1000, 0.0009, 1, 170000, 'elltwo', 'bitflip', -0.000152587890625, 0.7460000514984131, 60.52025556564331, '2024-04-06 13:12:20')
pval: [0.74600005] -- 200th test, time elapsed 60.52025556564331 -- emperical power so far: 0.425
db insert success
14347.995719194412
