tensor([0.0001, 0.0019, 0.0001, 0.0019, 0.0001, 0.0019, 0.0001, 0.0019, 0.0001,
        0.0019, 0.0001, 0.0019, 0.0001, 0.0019, 0.0001, 0.0019, 0.0001, 0.0019,
        0.0001, 0.0019, 0.0001, 0.0019, 0.0001, 0.0019, 0.0001, 0.0019, 0.0001,
        0.0019, 0.0001, 0.0019, 0.0001, 0.0019, 0.0001, 0.0019, 0.0001, 0.0019,
        0.0001, 0.0019, 0.0001, 0.0019, 0.0001, 0.0019, 0.0001, 0.0019, 0.0001,
        0.0019, 0.0001, 0.0019, 0.0001, 0.0019, 0.0001, 0.0019, 0.0001, 0.0019,
        0.0001, 0.0019, 0.0001, 0.0019, 0.0001, 0.0019, 0.0001, 0.0019, 0.0001,
        0.0019, 0.0001, 0.0019, 0.0001, 0.0019, 0.0001, 0.0019, 0.0001, 0.0019,
        0.0001, 0.0019, 0.0001, 0.0019, 0.0001, 0.0019, 0.0001, 0.0019, 0.0001,
        0.0019, 0.0001, 0.0019, 0.0001, 0.0019, 0.0001, 0.0019, 0.0001, 0.0019,
        0.0001, 0.0019, 0.0001, 0.0019, 0.0001, 0.0019, 0.0001, 0.0019, 0.0001,
        0.0019, 0.0001, 0.0019, 0.0001, 0.0019, 0.0001, 0.0019, 0.0001, 0.0019,
        0.0001, 0.0019, 0.0001, 0.0019, 0.0001, 0.0019, 0.0001, 0.0019, 0.0001,
        0.0019, 0.0001, 0.0019, 0.0001, 0.0019, 0.0001, 0.0019, 0.0001, 0.0019,
        0.0001, 0.0019, 0.0001, 0.0019, 0.0001, 0.0019, 0.0001, 0.0019, 0.0001,
        0.0019, 0.0001, 0.0019, 0.0001, 0.0019, 0.0001, 0.0019, 0.0001, 0.0019,
        0.0001, 0.0019, 0.0001, 0.0019, 0.0001, 0.0019, 0.0001, 0.0019, 0.0001,
        0.0019, 0.0001, 0.0019, 0.0001, 0.0019, 0.0001, 0.0019, 0.0001, 0.0019,
        0.0001, 0.0019, 0.0001, 0.0019, 0.0001, 0.0019, 0.0001, 0.0019, 0.0001,
        0.0019, 0.0001, 0.0019, 0.0001, 0.0019, 0.0001, 0.0019, 0.0001, 0.0019,
        0.0001, 0.0019, 0.0001, 0.0019, 0.0001, 0.0019, 0.0001, 0.0019, 0.0001,
        0.0019, 0.0001, 0.0019, 0.0001, 0.0019, 0.0001, 0.0019, 0.0001, 0.0019,
        0.0001, 0.0019, 0.0001, 0.0019, 0.0001, 0.0019, 0.0001, 0.0019, 0.0001,
        0.0019, 0.0001, 0.0019, 0.0001, 0.0019, 0.0001, 0.0019, 0.0001, 0.0019,
        0.0001, 0.0019, 0.0001, 0.0019, 0.0001, 0.0019, 0.0001, 0.0019, 0.0001,
        0.0019, 0.0001, 0.0019, 0.0001, 0.0019, 0.0001, 0.0019, 0.0001, 0.0019,
        0.0001, 0.0019, 0.0001, 0.0019, 0.0001, 0.0019, 0.0001, 0.0019, 0.0001,
        0.0019, 0.0001, 0.0019, 0.0001, 0.0019, 0.0001, 0.0019, 0.0001, 0.0019,
        0.0001, 0.0019, 0.0001, 0.0019, 0.0001, 0.0019, 0.0001, 0.0019, 0.0001,
        0.0019, 0.0001, 0.0019, 0.0001, 0.0019, 0.0001, 0.0019, 0.0001, 0.0019,
        0.0001, 0.0019, 0.0001, 0.0019, 0.0001, 0.0019, 0.0001, 0.0019, 0.0001,
        0.0019, 0.0001, 0.0019, 0.0001, 0.0019, 0.0001, 0.0019, 0.0001, 0.0019,
        0.0001, 0.0019, 0.0001, 0.0019, 0.0001, 0.0019, 0.0001, 0.0019, 0.0001,
        0.0019, 0.0001, 0.0019, 0.0001, 0.0019, 0.0001, 0.0019, 0.0001, 0.0019,
        0.0001, 0.0019, 0.0001, 0.0019, 0.0001, 0.0019, 0.0001, 0.0019, 0.0001,
        0.0019, 0.0001, 0.0019, 0.0001, 0.0019, 0.0001, 0.0019, 0.0001, 0.0019,
        0.0001, 0.0019, 0.0001, 0.0019, 0.0001, 0.0019, 0.0001, 0.0019, 0.0001,
        0.0019, 0.0001, 0.0019, 0.0001, 0.0019, 0.0001, 0.0019, 0.0001, 0.0019,
        0.0001, 0.0019, 0.0001, 0.0019, 0.0001, 0.0019, 0.0001, 0.0019, 0.0001,
        0.0019, 0.0001, 0.0019, 0.0001, 0.0019, 0.0001, 0.0019, 0.0001, 0.0019,
        0.0001, 0.0019, 0.0001, 0.0019, 0.0001, 0.0019, 0.0001, 0.0019, 0.0001,
        0.0019, 0.0001, 0.0019, 0.0001, 0.0019, 0.0001, 0.0019, 0.0001, 0.0019,
        0.0001, 0.0019, 0.0001, 0.0019, 0.0001, 0.0019, 0.0001, 0.0019, 0.0001,
        0.0019, 0.0001, 0.0019, 0.0001, 0.0019, 0.0001, 0.0019, 0.0001, 0.0019,
        0.0001, 0.0019, 0.0001, 0.0019, 0.0001, 0.0019, 0.0001, 0.0019, 0.0001,
        0.0019, 0.0001, 0.0019, 0.0001, 0.0019, 0.0001, 0.0019, 0.0001, 0.0019,
        0.0001, 0.0019, 0.0001, 0.0019, 0.0001, 0.0019, 0.0001, 0.0019, 0.0001,
        0.0019, 0.0001, 0.0019, 0.0001, 0.0019, 0.0001, 0.0019, 0.0001, 0.0019,
        0.0001, 0.0019, 0.0001, 0.0019, 0.0001, 0.0019, 0.0001, 0.0019, 0.0001,
        0.0019, 0.0001, 0.0019, 0.0001, 0.0019, 0.0001, 0.0019, 0.0001, 0.0019,
        0.0001, 0.0019, 0.0001, 0.0019, 0.0001, 0.0019, 0.0001, 0.0019, 0.0001,
        0.0019, 0.0001, 0.0019, 0.0001, 0.0019, 0.0001, 0.0019, 0.0001, 0.0019,
        0.0001, 0.0019, 0.0001, 0.0019, 0.0001, 0.0019, 0.0001, 0.0019, 0.0001,
        0.0019, 0.0001, 0.0019, 0.0001, 0.0019, 0.0001, 0.0019, 0.0001, 0.0019,
        0.0001, 0.0019, 0.0001, 0.0019, 0.0001, 0.0019, 0.0001, 0.0019, 0.0001,
        0.0019, 0.0001, 0.0019, 0.0001, 0.0019, 0.0001, 0.0019, 0.0001, 0.0019,
        0.0001, 0.0019, 0.0001, 0.0019, 0.0001, 0.0019, 0.0001, 0.0019, 0.0001,
        0.0019, 0.0001, 0.0019, 0.0001, 0.0019, 0.0001, 0.0019, 0.0001, 0.0019,
        0.0001, 0.0019, 0.0001, 0.0019, 0.0001, 0.0019, 0.0001, 0.0019, 0.0001,
        0.0019, 0.0001, 0.0019, 0.0001, 0.0019, 0.0001, 0.0019, 0.0001, 0.0019,
        0.0001, 0.0019, 0.0001, 0.0019, 0.0001, 0.0019, 0.0001, 0.0019, 0.0001,
        0.0019, 0.0001, 0.0019, 0.0001, 0.0019, 0.0001, 0.0019, 0.0001, 0.0019,
        0.0001, 0.0019, 0.0001, 0.0019, 0.0001, 0.0019, 0.0001, 0.0019, 0.0001,
        0.0019, 0.0001, 0.0019, 0.0001, 0.0019, 0.0001, 0.0019, 0.0001, 0.0019,
        0.0001, 0.0019, 0.0001, 0.0019, 0.0001, 0.0019, 0.0001, 0.0019, 0.0001,
        0.0019, 0.0001, 0.0019, 0.0001, 0.0019, 0.0001, 0.0019, 0.0001, 0.0019,
        0.0001, 0.0019, 0.0001, 0.0019, 0.0001, 0.0019, 0.0001, 0.0019, 0.0001,
        0.0019, 0.0001, 0.0019, 0.0001, 0.0019, 0.0001, 0.0019, 0.0001, 0.0019,
        0.0001, 0.0019, 0.0001, 0.0019, 0.0001, 0.0019, 0.0001, 0.0019, 0.0001,
        0.0019, 0.0001, 0.0019, 0.0001, 0.0019, 0.0001, 0.0019, 0.0001, 0.0019,
        0.0001, 0.0019, 0.0001, 0.0019, 0.0001, 0.0019, 0.0001, 0.0019, 0.0001,
        0.0019, 0.0001, 0.0019, 0.0001, 0.0019, 0.0001, 0.0019, 0.0001, 0.0019,
        0.0001, 0.0019, 0.0001, 0.0019, 0.0001, 0.0019, 0.0001, 0.0019, 0.0001,
        0.0019, 0.0001, 0.0019, 0.0001, 0.0019, 0.0001, 0.0019, 0.0001, 0.0019,
        0.0001, 0.0019, 0.0001, 0.0019, 0.0001, 0.0019, 0.0001, 0.0019, 0.0001,
        0.0019, 0.0001, 0.0019, 0.0001, 0.0019, 0.0001, 0.0019, 0.0001, 0.0019,
        0.0001, 0.0019, 0.0001, 0.0019, 0.0001, 0.0019, 0.0001, 0.0019, 0.0001,
        0.0019, 0.0001, 0.0019, 0.0001, 0.0019, 0.0001, 0.0019, 0.0001, 0.0019,
        0.0001, 0.0019, 0.0001, 0.0019, 0.0001, 0.0019, 0.0001, 0.0019, 0.0001,
        0.0019, 0.0001, 0.0019, 0.0001, 0.0019, 0.0001, 0.0019, 0.0001, 0.0019,
        0.0001, 0.0019, 0.0001, 0.0019, 0.0001, 0.0019, 0.0001, 0.0019, 0.0001,
        0.0019, 0.0001, 0.0019, 0.0001, 0.0019, 0.0001, 0.0019, 0.0001, 0.0019,
        0.0001, 0.0019, 0.0001, 0.0019, 0.0001, 0.0019, 0.0001, 0.0019, 0.0001,
        0.0019, 0.0001, 0.0019, 0.0001, 0.0019, 0.0001, 0.0019, 0.0001, 0.0019,
        0.0001, 0.0019, 0.0001, 0.0019, 0.0001, 0.0019, 0.0001, 0.0019, 0.0001,
        0.0019, 0.0001, 0.0019, 0.0001, 0.0019, 0.0001, 0.0019, 0.0001, 0.0019,
        0.0001, 0.0019, 0.0001, 0.0019, 0.0001, 0.0019, 0.0001, 0.0019, 0.0001,
        0.0019, 0.0001, 0.0019, 0.0001, 0.0019, 0.0001, 0.0019, 0.0001, 0.0019,
        0.0001, 0.0019, 0.0001, 0.0019, 0.0001, 0.0019, 0.0001, 0.0019, 0.0001,
        0.0019, 0.0001, 0.0019, 0.0001, 0.0019, 0.0001, 0.0019, 0.0001, 0.0019,
        0.0001, 0.0019, 0.0001, 0.0019, 0.0001, 0.0019, 0.0001, 0.0019, 0.0001,
        0.0019, 0.0001, 0.0019, 0.0001, 0.0019, 0.0001, 0.0019, 0.0001, 0.0019,
        0.0001, 0.0019, 0.0001, 0.0019, 0.0001, 0.0019, 0.0001, 0.0019, 0.0001,
        0.0019, 0.0001, 0.0019, 0.0001, 0.0019, 0.0001, 0.0019, 0.0001, 0.0019,
        0.0001, 0.0019, 0.0001, 0.0019, 0.0001, 0.0019, 0.0001, 0.0019, 0.0001,
        0.0019, 0.0001, 0.0019, 0.0001, 0.0019, 0.0001, 0.0019, 0.0001, 0.0019,
        0.0001, 0.0019, 0.0001, 0.0019, 0.0001, 0.0019, 0.0001, 0.0019, 0.0001,
        0.0019, 0.0001, 0.0019, 0.0001, 0.0019, 0.0001, 0.0019, 0.0001, 0.0019,
        0.0001, 0.0019, 0.0001, 0.0019, 0.0001, 0.0019, 0.0001, 0.0019, 0.0001,
        0.0019, 0.0001, 0.0019, 0.0001, 0.0019, 0.0001, 0.0019, 0.0001, 0.0019,
        0.0001, 0.0019, 0.0001, 0.0019, 0.0001, 0.0019, 0.0001, 0.0019, 0.0001,
        0.0019, 0.0001, 0.0019, 0.0001, 0.0019, 0.0001, 0.0019, 0.0001, 0.0019,
        0.0001, 0.0019, 0.0001, 0.0019, 0.0001, 0.0019, 0.0001, 0.0019, 0.0001,
        0.0019, 0.0001, 0.0019, 0.0001, 0.0019, 0.0001, 0.0019, 0.0001, 0.0019,
        0.0001, 0.0019, 0.0001, 0.0019, 0.0001, 0.0019, 0.0001, 0.0019, 0.0001,
        0.0019, 0.0001, 0.0019, 0.0001, 0.0019, 0.0001, 0.0019, 0.0001, 0.0019,
        0.0001, 0.0019, 0.0001, 0.0019, 0.0001, 0.0019, 0.0001, 0.0019, 0.0001,
        0.0019, 0.0001, 0.0019, 0.0001, 0.0019, 0.0001, 0.0019, 0.0001, 0.0019,
        0.0001, 0.0019, 0.0001, 0.0019, 0.0001, 0.0019, 0.0001, 0.0019, 0.0001,
        0.0019, 0.0001, 0.0019, 0.0001, 0.0019, 0.0001, 0.0019, 0.0001, 0.0019,
        0.0001, 0.0019, 0.0001, 0.0019, 0.0001, 0.0019, 0.0001, 0.0019, 0.0001,
        0.0019])
tensor([0.0019, 0.0001, 0.0019, 0.0001, 0.0019, 0.0001, 0.0019, 0.0001, 0.0019,
        0.0001, 0.0019, 0.0001, 0.0019, 0.0001, 0.0019, 0.0001, 0.0019, 0.0001,
        0.0019, 0.0001, 0.0019, 0.0001, 0.0019, 0.0001, 0.0019, 0.0001, 0.0019,
        0.0001, 0.0019, 0.0001, 0.0019, 0.0001, 0.0019, 0.0001, 0.0019, 0.0001,
        0.0019, 0.0001, 0.0019, 0.0001, 0.0019, 0.0001, 0.0019, 0.0001, 0.0019,
        0.0001, 0.0019, 0.0001, 0.0019, 0.0001, 0.0019, 0.0001, 0.0019, 0.0001,
        0.0019, 0.0001, 0.0019, 0.0001, 0.0019, 0.0001, 0.0019, 0.0001, 0.0019,
        0.0001, 0.0019, 0.0001, 0.0019, 0.0001, 0.0019, 0.0001, 0.0019, 0.0001,
        0.0019, 0.0001, 0.0019, 0.0001, 0.0019, 0.0001, 0.0019, 0.0001, 0.0019,
        0.0001, 0.0019, 0.0001, 0.0019, 0.0001, 0.0019, 0.0001, 0.0019, 0.0001,
        0.0019, 0.0001, 0.0019, 0.0001, 0.0019, 0.0001, 0.0019, 0.0001, 0.0019,
        0.0001, 0.0019, 0.0001, 0.0019, 0.0001, 0.0019, 0.0001, 0.0019, 0.0001,
        0.0019, 0.0001, 0.0019, 0.0001, 0.0019, 0.0001, 0.0019, 0.0001, 0.0019,
        0.0001, 0.0019, 0.0001, 0.0019, 0.0001, 0.0019, 0.0001, 0.0019, 0.0001,
        0.0019, 0.0001, 0.0019, 0.0001, 0.0019, 0.0001, 0.0019, 0.0001, 0.0019,
        0.0001, 0.0019, 0.0001, 0.0019, 0.0001, 0.0019, 0.0001, 0.0019, 0.0001,
        0.0019, 0.0001, 0.0019, 0.0001, 0.0019, 0.0001, 0.0019, 0.0001, 0.0019,
        0.0001, 0.0019, 0.0001, 0.0019, 0.0001, 0.0019, 0.0001, 0.0019, 0.0001,
        0.0019, 0.0001, 0.0019, 0.0001, 0.0019, 0.0001, 0.0019, 0.0001, 0.0019,
        0.0001, 0.0019, 0.0001, 0.0019, 0.0001, 0.0019, 0.0001, 0.0019, 0.0001,
        0.0019, 0.0001, 0.0019, 0.0001, 0.0019, 0.0001, 0.0019, 0.0001, 0.0019,
        0.0001, 0.0019, 0.0001, 0.0019, 0.0001, 0.0019, 0.0001, 0.0019, 0.0001,
        0.0019, 0.0001, 0.0019, 0.0001, 0.0019, 0.0001, 0.0019, 0.0001, 0.0019,
        0.0001, 0.0019, 0.0001, 0.0019, 0.0001, 0.0019, 0.0001, 0.0019, 0.0001,
        0.0019, 0.0001, 0.0019, 0.0001, 0.0019, 0.0001, 0.0019, 0.0001, 0.0019,
        0.0001, 0.0019, 0.0001, 0.0019, 0.0001, 0.0019, 0.0001, 0.0019, 0.0001,
        0.0019, 0.0001, 0.0019, 0.0001, 0.0019, 0.0001, 0.0019, 0.0001, 0.0019,
        0.0001, 0.0019, 0.0001, 0.0019, 0.0001, 0.0019, 0.0001, 0.0019, 0.0001,
        0.0019, 0.0001, 0.0019, 0.0001, 0.0019, 0.0001, 0.0019, 0.0001, 0.0019,
        0.0001, 0.0019, 0.0001, 0.0019, 0.0001, 0.0019, 0.0001, 0.0019, 0.0001,
        0.0019, 0.0001, 0.0019, 0.0001, 0.0019, 0.0001, 0.0019, 0.0001, 0.0019,
        0.0001, 0.0019, 0.0001, 0.0019, 0.0001, 0.0019, 0.0001, 0.0019, 0.0001,
        0.0019, 0.0001, 0.0019, 0.0001, 0.0019, 0.0001, 0.0019, 0.0001, 0.0019,
        0.0001, 0.0019, 0.0001, 0.0019, 0.0001, 0.0019, 0.0001, 0.0019, 0.0001,
        0.0019, 0.0001, 0.0019, 0.0001, 0.0019, 0.0001, 0.0019, 0.0001, 0.0019,
        0.0001, 0.0019, 0.0001, 0.0019, 0.0001, 0.0019, 0.0001, 0.0019, 0.0001,
        0.0019, 0.0001, 0.0019, 0.0001, 0.0019, 0.0001, 0.0019, 0.0001, 0.0019,
        0.0001, 0.0019, 0.0001, 0.0019, 0.0001, 0.0019, 0.0001, 0.0019, 0.0001,
        0.0019, 0.0001, 0.0019, 0.0001, 0.0019, 0.0001, 0.0019, 0.0001, 0.0019,
        0.0001, 0.0019, 0.0001, 0.0019, 0.0001, 0.0019, 0.0001, 0.0019, 0.0001,
        0.0019, 0.0001, 0.0019, 0.0001, 0.0019, 0.0001, 0.0019, 0.0001, 0.0019,
        0.0001, 0.0019, 0.0001, 0.0019, 0.0001, 0.0019, 0.0001, 0.0019, 0.0001,
        0.0019, 0.0001, 0.0019, 0.0001, 0.0019, 0.0001, 0.0019, 0.0001, 0.0019,
        0.0001, 0.0019, 0.0001, 0.0019, 0.0001, 0.0019, 0.0001, 0.0019, 0.0001,
        0.0019, 0.0001, 0.0019, 0.0001, 0.0019, 0.0001, 0.0019, 0.0001, 0.0019,
        0.0001, 0.0019, 0.0001, 0.0019, 0.0001, 0.0019, 0.0001, 0.0019, 0.0001,
        0.0019, 0.0001, 0.0019, 0.0001, 0.0019, 0.0001, 0.0019, 0.0001, 0.0019,
        0.0001, 0.0019, 0.0001, 0.0019, 0.0001, 0.0019, 0.0001, 0.0019, 0.0001,
        0.0019, 0.0001, 0.0019, 0.0001, 0.0019, 0.0001, 0.0019, 0.0001, 0.0019,
        0.0001, 0.0019, 0.0001, 0.0019, 0.0001, 0.0019, 0.0001, 0.0019, 0.0001,
        0.0019, 0.0001, 0.0019, 0.0001, 0.0019, 0.0001, 0.0019, 0.0001, 0.0019,
        0.0001, 0.0019, 0.0001, 0.0019, 0.0001, 0.0019, 0.0001, 0.0019, 0.0001,
        0.0019, 0.0001, 0.0019, 0.0001, 0.0019, 0.0001, 0.0019, 0.0001, 0.0019,
        0.0001, 0.0019, 0.0001, 0.0019, 0.0001, 0.0019, 0.0001, 0.0019, 0.0001,
        0.0019, 0.0001, 0.0019, 0.0001, 0.0019, 0.0001, 0.0019, 0.0001, 0.0019,
        0.0001, 0.0019, 0.0001, 0.0019, 0.0001, 0.0019, 0.0001, 0.0019, 0.0001,
        0.0019, 0.0001, 0.0019, 0.0001, 0.0019, 0.0001, 0.0019, 0.0001, 0.0019,
        0.0001, 0.0019, 0.0001, 0.0019, 0.0001, 0.0019, 0.0001, 0.0019, 0.0001,
        0.0019, 0.0001, 0.0019, 0.0001, 0.0019, 0.0001, 0.0019, 0.0001, 0.0019,
        0.0001, 0.0019, 0.0001, 0.0019, 0.0001, 0.0019, 0.0001, 0.0019, 0.0001,
        0.0019, 0.0001, 0.0019, 0.0001, 0.0019, 0.0001, 0.0019, 0.0001, 0.0019,
        0.0001, 0.0019, 0.0001, 0.0019, 0.0001, 0.0019, 0.0001, 0.0019, 0.0001,
        0.0019, 0.0001, 0.0019, 0.0001, 0.0019, 0.0001, 0.0019, 0.0001, 0.0019,
        0.0001, 0.0019, 0.0001, 0.0019, 0.0001, 0.0019, 0.0001, 0.0019, 0.0001,
        0.0019, 0.0001, 0.0019, 0.0001, 0.0019, 0.0001, 0.0019, 0.0001, 0.0019,
        0.0001, 0.0019, 0.0001, 0.0019, 0.0001, 0.0019, 0.0001, 0.0019, 0.0001,
        0.0019, 0.0001, 0.0019, 0.0001, 0.0019, 0.0001, 0.0019, 0.0001, 0.0019,
        0.0001, 0.0019, 0.0001, 0.0019, 0.0001, 0.0019, 0.0001, 0.0019, 0.0001,
        0.0019, 0.0001, 0.0019, 0.0001, 0.0019, 0.0001, 0.0019, 0.0001, 0.0019,
        0.0001, 0.0019, 0.0001, 0.0019, 0.0001, 0.0019, 0.0001, 0.0019, 0.0001,
        0.0019, 0.0001, 0.0019, 0.0001, 0.0019, 0.0001, 0.0019, 0.0001, 0.0019,
        0.0001, 0.0019, 0.0001, 0.0019, 0.0001, 0.0019, 0.0001, 0.0019, 0.0001,
        0.0019, 0.0001, 0.0019, 0.0001, 0.0019, 0.0001, 0.0019, 0.0001, 0.0019,
        0.0001, 0.0019, 0.0001, 0.0019, 0.0001, 0.0019, 0.0001, 0.0019, 0.0001,
        0.0019, 0.0001, 0.0019, 0.0001, 0.0019, 0.0001, 0.0019, 0.0001, 0.0019,
        0.0001, 0.0019, 0.0001, 0.0019, 0.0001, 0.0019, 0.0001, 0.0019, 0.0001,
        0.0019, 0.0001, 0.0019, 0.0001, 0.0019, 0.0001, 0.0019, 0.0001, 0.0019,
        0.0001, 0.0019, 0.0001, 0.0019, 0.0001, 0.0019, 0.0001, 0.0019, 0.0001,
        0.0019, 0.0001, 0.0019, 0.0001, 0.0019, 0.0001, 0.0019, 0.0001, 0.0019,
        0.0001, 0.0019, 0.0001, 0.0019, 0.0001, 0.0019, 0.0001, 0.0019, 0.0001,
        0.0019, 0.0001, 0.0019, 0.0001, 0.0019, 0.0001, 0.0019, 0.0001, 0.0019,
        0.0001, 0.0019, 0.0001, 0.0019, 0.0001, 0.0019, 0.0001, 0.0019, 0.0001,
        0.0019, 0.0001, 0.0019, 0.0001, 0.0019, 0.0001, 0.0019, 0.0001, 0.0019,
        0.0001, 0.0019, 0.0001, 0.0019, 0.0001, 0.0019, 0.0001, 0.0019, 0.0001,
        0.0019, 0.0001, 0.0019, 0.0001, 0.0019, 0.0001, 0.0019, 0.0001, 0.0019,
        0.0001, 0.0019, 0.0001, 0.0019, 0.0001, 0.0019, 0.0001, 0.0019, 0.0001,
        0.0019, 0.0001, 0.0019, 0.0001, 0.0019, 0.0001, 0.0019, 0.0001, 0.0019,
        0.0001, 0.0019, 0.0001, 0.0019, 0.0001, 0.0019, 0.0001, 0.0019, 0.0001,
        0.0019, 0.0001, 0.0019, 0.0001, 0.0019, 0.0001, 0.0019, 0.0001, 0.0019,
        0.0001, 0.0019, 0.0001, 0.0019, 0.0001, 0.0019, 0.0001, 0.0019, 0.0001,
        0.0019, 0.0001, 0.0019, 0.0001, 0.0019, 0.0001, 0.0019, 0.0001, 0.0019,
        0.0001, 0.0019, 0.0001, 0.0019, 0.0001, 0.0019, 0.0001, 0.0019, 0.0001,
        0.0019, 0.0001, 0.0019, 0.0001, 0.0019, 0.0001, 0.0019, 0.0001, 0.0019,
        0.0001, 0.0019, 0.0001, 0.0019, 0.0001, 0.0019, 0.0001, 0.0019, 0.0001,
        0.0019, 0.0001, 0.0019, 0.0001, 0.0019, 0.0001, 0.0019, 0.0001, 0.0019,
        0.0001, 0.0019, 0.0001, 0.0019, 0.0001, 0.0019, 0.0001, 0.0019, 0.0001,
        0.0019, 0.0001, 0.0019, 0.0001, 0.0019, 0.0001, 0.0019, 0.0001, 0.0019,
        0.0001, 0.0019, 0.0001, 0.0019, 0.0001, 0.0019, 0.0001, 0.0019, 0.0001,
        0.0019, 0.0001, 0.0019, 0.0001, 0.0019, 0.0001, 0.0019, 0.0001, 0.0019,
        0.0001, 0.0019, 0.0001, 0.0019, 0.0001, 0.0019, 0.0001, 0.0019, 0.0001,
        0.0019, 0.0001, 0.0019, 0.0001, 0.0019, 0.0001, 0.0019, 0.0001, 0.0019,
        0.0001, 0.0019, 0.0001, 0.0019, 0.0001, 0.0019, 0.0001, 0.0019, 0.0001,
        0.0019, 0.0001, 0.0019, 0.0001, 0.0019, 0.0001, 0.0019, 0.0001, 0.0019,
        0.0001, 0.0019, 0.0001, 0.0019, 0.0001, 0.0019, 0.0001, 0.0019, 0.0001,
        0.0019, 0.0001, 0.0019, 0.0001, 0.0019, 0.0001, 0.0019, 0.0001, 0.0019,
        0.0001, 0.0019, 0.0001, 0.0019, 0.0001, 0.0019, 0.0001, 0.0019, 0.0001,
        0.0019, 0.0001, 0.0019, 0.0001, 0.0019, 0.0001, 0.0019, 0.0001, 0.0019,
        0.0001, 0.0019, 0.0001, 0.0019, 0.0001, 0.0019, 0.0001, 0.0019, 0.0001,
        0.0019, 0.0001, 0.0019, 0.0001, 0.0019, 0.0001, 0.0019, 0.0001, 0.0019,
        0.0001, 0.0019, 0.0001, 0.0019, 0.0001, 0.0019, 0.0001, 0.0019, 0.0001,
        0.0019, 0.0001, 0.0019, 0.0001, 0.0019, 0.0001, 0.0019, 0.0001, 0.0019,
        0.0001])
bitflipelltwo, alpha=1, sample size=500000
#########################################
tensor(0.0004, device='cuda:0')
(1, 1000, 0.0009, 1, 500000, 'elltwo', 'bitflip', 0.000396728515625, 0.0010000000474974513, 173.63144278526306, '2024-04-06 09:15:58')
pval: [0.001] -- 1th test, time elapsed 173.63144278526306 -- emperical power so far: 1.0
db insert success
tensor(0.0004, device='cuda:0')
(2, 1000, 0.0009, 1, 500000, 'elltwo', 'bitflip', 0.000396728515625, 0.0010000000474974513, 171.1793248653412, '2024-04-06 09:19:01')
pval: [0.001] -- 2th test, time elapsed 171.1793248653412 -- emperical power so far: 1.0
db insert success
tensor(-0.0002, device='cuda:0')
(3, 1000, 0.0009, 1, 500000, 'elltwo', 'bitflip', -0.000152587890625, 0.2850000262260437, 171.17377614974976, '2024-04-06 09:22:03')
pval: [0.28500003] -- 3th test, time elapsed 171.17377614974976 -- emperical power so far: 0.6666666666666666
db insert success
tensor(0.0004, device='cuda:0')
(4, 1000, 0.0009, 1, 500000, 'elltwo', 'bitflip', 0.00042724609375, 0.0010000000474974513, 171.47117853164673, '2024-04-06 09:25:06')
pval: [0.001] -- 4th test, time elapsed 171.47117853164673 -- emperical power so far: 0.75
db insert success
tensor(-0.0002, device='cuda:0')
(5, 1000, 0.0009, 1, 500000, 'elltwo', 'bitflip', -0.000152587890625, 0.9170000553131104, 171.6608235836029, '2024-04-06 09:28:14')
pval: [0.91700006] -- 5th test, time elapsed 171.6608235836029 -- emperical power so far: 0.6
db insert success
tensor(-0.0002, device='cuda:0')
(6, 1000, 0.0009, 1, 500000, 'elltwo', 'bitflip', -0.000152587890625, 0.0010000000474974513, 171.583655834198, '2024-04-06 09:31:19')
pval: [0.001] -- 6th test, time elapsed 171.583655834198 -- emperical power so far: 0.6666666666666666
db insert success
tensor(0.0004, device='cuda:0')
(7, 1000, 0.0009, 1, 500000, 'elltwo', 'bitflip', 0.000396728515625, 0.05900000408291817, 173.99607348442078, '2024-04-06 09:34:16')
pval: [0.059] -- 7th test, time elapsed 173.99607348442078 -- emperical power so far: 0.5714285714285714
db insert success
tensor(-0.0002, device='cuda:0')
(8, 1000, 0.0009, 1, 500000, 'elltwo', 'bitflip', -0.000152587890625, 0.5820000171661377, 174.25684070587158, '2024-04-06 09:37:17')
pval: [0.58200002] -- 8th test, time elapsed 174.25684070587158 -- emperical power so far: 0.5
db insert success
tensor(-0.0007, device='cuda:0')
(9, 1000, 0.0009, 1, 500000, 'elltwo', 'bitflip', -0.000701904296875, 0.30400002002716064, 173.7889769077301, '2024-04-06 09:40:26')
pval: [0.30400002] -- 9th test, time elapsed 173.7889769077301 -- emperical power so far: 0.4444444444444444
db insert success
tensor(-0.0001, device='cuda:0')
(10, 1000, 0.0009, 1, 500000, 'elltwo', 'bitflip', -0.0001220703125, 0.030000001192092896, 174.13652777671814, '2024-04-06 09:43:30')
pval: [0.03] -- 10th test, time elapsed 174.13652777671814 -- emperical power so far: 0.5
db insert success
tensor(-9.1553e-05, device='cuda:0')
(11, 1000, 0.0009, 1, 500000, 'elltwo', 'bitflip', -9.1552734375e-05, 0.0010000000474974513, 173.968745470047, '2024-04-06 09:46:43')
pval: [0.001] -- 11th test, time elapsed 173.968745470047 -- emperical power so far: 0.5454545454545454
db insert success
tensor(-0.0001, device='cuda:0')
(12, 1000, 0.0009, 1, 500000, 'elltwo', 'bitflip', -0.0001220703125, 0.0010000000474974513, 173.89981889724731, '2024-04-06 09:49:39')
pval: [0.001] -- 12th test, time elapsed 173.89981889724731 -- emperical power so far: 0.5833333333333334
db insert success
tensor(0.0004, device='cuda:0')
(13, 1000, 0.0009, 1, 500000, 'elltwo', 'bitflip', 0.000396728515625, 0.003000000026077032, 173.83406567573547, '2024-04-06 09:52:36')
pval: [0.003] -- 13th test, time elapsed 173.83406567573547 -- emperical power so far: 0.6153846153846154
db insert success
tensor(-0.0002, device='cuda:0')
(14, 1000, 0.0009, 1, 500000, 'elltwo', 'bitflip', -0.000152587890625, 0.01100000087171793, 173.48733973503113, '2024-04-06 09:55:44')
pval: [0.011] -- 14th test, time elapsed 173.48733973503113 -- emperical power so far: 0.6428571428571429
db insert success
tensor(-0.0007, device='cuda:0')
(15, 1000, 0.0009, 1, 500000, 'elltwo', 'bitflip', -0.00067138671875, 0.5630000233650208, 173.74556684494019, '2024-04-06 09:58:41')
pval: [0.56300002] -- 15th test, time elapsed 173.74556684494019 -- emperical power so far: 0.6
db insert success
tensor(-0.0002, device='cuda:0')
(16, 1000, 0.0009, 1, 500000, 'elltwo', 'bitflip', -0.000152587890625, 0.05700000375509262, 173.75622463226318, '2024-04-06 10:01:46')
pval: [0.057] -- 16th test, time elapsed 173.75622463226318 -- emperical power so far: 0.5625
db insert success
tensor(0.0004, device='cuda:0')
(17, 1000, 0.0009, 1, 500000, 'elltwo', 'bitflip', 0.00042724609375, 0.0010000000474974513, 174.31169176101685, '2024-04-06 10:04:54')
pval: [0.001] -- 17th test, time elapsed 174.31169176101685 -- emperical power so far: 0.5882352941176471
db insert success
tensor(-0.0002, device='cuda:0')
(18, 1000, 0.0009, 1, 500000, 'elltwo', 'bitflip', -0.000152587890625, 0.7190000414848328, 173.83312845230103, '2024-04-06 10:08:04')
pval: [0.71900004] -- 18th test, time elapsed 173.83312845230103 -- emperical power so far: 0.5555555555555556
db insert success
tensor(-0.0001, device='cuda:0')
(19, 1000, 0.0009, 1, 500000, 'elltwo', 'bitflip', -0.0001220703125, 0.0020000000949949026, 174.23830151557922, '2024-04-06 10:11:09')
pval: [0.002] -- 19th test, time elapsed 174.23830151557922 -- emperical power so far: 0.5789473684210527
db insert success
tensor(0.0004, device='cuda:0')
(20, 1000, 0.0009, 1, 500000, 'elltwo', 'bitflip', 0.000396728515625, 0.015000000596046448, 174.15941619873047, '2024-04-06 10:14:12')
pval: [0.015] -- 20th test, time elapsed 174.15941619873047 -- emperical power so far: 0.6
db insert success
tensor(-0.0001, device='cuda:0')
(21, 1000, 0.0009, 1, 500000, 'elltwo', 'bitflip', -0.0001220703125, 0.21700000762939453, 173.9531388282776, '2024-04-06 10:17:26')
pval: [0.21700001] -- 21th test, time elapsed 173.9531388282776 -- emperical power so far: 0.5714285714285714
db insert success
tensor(0.0004, device='cuda:0')
(22, 1000, 0.0009, 1, 500000, 'elltwo', 'bitflip', 0.000396728515625, 0.004000000189989805, 174.4599781036377, '2024-04-06 10:20:25')
pval: [0.004] -- 22th test, time elapsed 174.4599781036377 -- emperical power so far: 0.5909090909090909
db insert success
tensor(0.0004, device='cuda:0')
(23, 1000, 0.0009, 1, 500000, 'elltwo', 'bitflip', 0.00042724609375, 0.0020000000949949026, 174.00479078292847, '2024-04-06 10:23:33')
pval: [0.002] -- 23th test, time elapsed 174.00479078292847 -- emperical power so far: 0.6086956521739131
db insert success
tensor(-0.0001, device='cuda:0')
(24, 1000, 0.0009, 1, 500000, 'elltwo', 'bitflip', -0.0001220703125, 0.0010000000474974513, 174.18071508407593, '2024-04-06 10:26:42')
pval: [0.001] -- 24th test, time elapsed 174.18071508407593 -- emperical power so far: 0.625
db insert success
tensor(0.0009, device='cuda:0')
(25, 1000, 0.0009, 1, 500000, 'elltwo', 'bitflip', 0.000946044921875, 0.0010000000474974513, 173.82524609565735, '2024-04-06 10:29:51')
pval: [0.001] -- 25th test, time elapsed 173.82524609565735 -- emperical power so far: 0.64
db insert success
tensor(-0.0001, device='cuda:0')
(26, 1000, 0.0009, 1, 500000, 'elltwo', 'bitflip', -0.0001220703125, 0.5600000023841858, 174.13092470169067, '2024-04-06 10:33:03')
pval: [0.56] -- 26th test, time elapsed 174.13092470169067 -- emperical power so far: 0.6153846153846154
db insert success
tensor(-0.0002, device='cuda:0')
(27, 1000, 0.0009, 1, 500000, 'elltwo', 'bitflip', -0.000152587890625, 0.0010000000474974513, 174.38549971580505, '2024-04-06 10:36:12')
pval: [0.001] -- 27th test, time elapsed 174.38549971580505 -- emperical power so far: 0.6296296296296297
db insert success
tensor(0.0009, device='cuda:0')
(28, 1000, 0.0009, 1, 500000, 'elltwo', 'bitflip', 0.000946044921875, 0.0010000000474974513, 174.04728198051453, '2024-04-06 10:39:16')
pval: [0.001] -- 28th test, time elapsed 174.04728198051453 -- emperical power so far: 0.6428571428571429
db insert success
tensor(-0.0007, device='cuda:0')
(29, 1000, 0.0009, 1, 500000, 'elltwo', 'bitflip', -0.000701904296875, 0.8400000333786011, 174.17537426948547, '2024-04-06 10:42:16')
pval: [0.84000003] -- 29th test, time elapsed 174.17537426948547 -- emperical power so far: 0.6206896551724138
db insert success
tensor(0.0004, device='cuda:0')
(30, 1000, 0.0009, 1, 500000, 'elltwo', 'bitflip', 0.00042724609375, 0.0010000000474974513, 174.07549834251404, '2024-04-06 10:45:15')
pval: [0.001] -- 30th test, time elapsed 174.07549834251404 -- emperical power so far: 0.6333333333333333
db insert success
tensor(-0.0001, device='cuda:0')
(31, 1000, 0.0009, 1, 500000, 'elltwo', 'bitflip', -0.0001220703125, 0.0020000000949949026, 173.91614484786987, '2024-04-06 10:48:25')
pval: [0.002] -- 31th test, time elapsed 173.91614484786987 -- emperical power so far: 0.6451612903225806
db insert success
tensor(-0.0001, device='cuda:0')
(32, 1000, 0.0009, 1, 500000, 'elltwo', 'bitflip', -0.0001220703125, 0.10300000756978989, 173.9891538619995, '2024-04-06 10:51:40')
pval: [0.10300001] -- 32th test, time elapsed 173.9891538619995 -- emperical power so far: 0.625
db insert success
tensor(-0.0001, device='cuda:0')
(33, 1000, 0.0009, 1, 500000, 'elltwo', 'bitflip', -0.0001220703125, 0.0010000000474974513, 173.87299489974976, '2024-04-06 10:54:48')
pval: [0.001] -- 33th test, time elapsed 173.87299489974976 -- emperical power so far: 0.6363636363636364
db insert success
tensor(0.0004, device='cuda:0')
(34, 1000, 0.0009, 1, 500000, 'elltwo', 'bitflip', 0.00042724609375, 0.007000000216066837, 173.9945044517517, '2024-04-06 10:57:53')
pval: [0.007] -- 34th test, time elapsed 173.9945044517517 -- emperical power so far: 0.6470588235294118
db insert success
tensor(-0.0001, device='cuda:0')
(35, 1000, 0.0009, 1, 500000, 'elltwo', 'bitflip', -0.0001220703125, 0.0010000000474974513, 173.87900638580322, '2024-04-06 11:00:51')
pval: [0.001] -- 35th test, time elapsed 173.87900638580322 -- emperical power so far: 0.6571428571428571
db insert success
tensor(0.0004, device='cuda:0')
(36, 1000, 0.0009, 1, 500000, 'elltwo', 'bitflip', 0.00042724609375, 0.003000000026077032, 173.88320016860962, '2024-04-06 11:03:47')
pval: [0.003] -- 36th test, time elapsed 173.88320016860962 -- emperical power so far: 0.6666666666666666
db insert success
tensor(0.0004, device='cuda:0')
(37, 1000, 0.0009, 1, 500000, 'elltwo', 'bitflip', 0.000396728515625, 0.10400000214576721, 173.76053524017334, '2024-04-06 11:07:01')
pval: [0.104] -- 37th test, time elapsed 173.76053524017334 -- emperical power so far: 0.6486486486486487
db insert success
tensor(-0.0002, device='cuda:0')
(38, 1000, 0.0009, 1, 500000, 'elltwo', 'bitflip', -0.000152587890625, 0.0010000000474974513, 174.02380633354187, '2024-04-06 11:10:09')
pval: [0.001] -- 38th test, time elapsed 174.02380633354187 -- emperical power so far: 0.6578947368421053
db insert success
tensor(-0.0002, device='cuda:0')
(39, 1000, 0.0009, 1, 500000, 'elltwo', 'bitflip', -0.000152587890625, 0.3720000088214874, 174.20279932022095, '2024-04-06 11:13:23')
pval: [0.37200001] -- 39th test, time elapsed 174.20279932022095 -- emperical power so far: 0.6410256410256411
db insert success
tensor(-0.0001, device='cuda:0')
(40, 1000, 0.0009, 1, 500000, 'elltwo', 'bitflip', -0.0001220703125, 0.0010000000474974513, 174.70192670822144, '2024-04-06 11:16:24')
pval: [0.001] -- 40th test, time elapsed 174.70192670822144 -- emperical power so far: 0.65
db insert success
tensor(0.0004, device='cuda:0')
(41, 1000, 0.0009, 1, 500000, 'elltwo', 'bitflip', 0.000396728515625, 0.0010000000474974513, 173.75983786582947, '2024-04-06 11:19:22')
pval: [0.001] -- 41th test, time elapsed 173.75983786582947 -- emperical power so far: 0.6585365853658537
db insert success
tensor(-0.0001, device='cuda:0')
(42, 1000, 0.0009, 1, 500000, 'elltwo', 'bitflip', -0.0001220703125, 0.10300000756978989, 174.20728611946106, '2024-04-06 11:22:26')
pval: [0.10300001] -- 42th test, time elapsed 174.20728611946106 -- emperical power so far: 0.6428571428571429
db insert success
tensor(-0.0002, device='cuda:0')
(43, 1000, 0.0009, 1, 500000, 'elltwo', 'bitflip', -0.000152587890625, 0.09600000083446503, 174.01899695396423, '2024-04-06 11:25:34')
pval: [0.096] -- 43th test, time elapsed 174.01899695396423 -- emperical power so far: 0.627906976744186
db insert success
tensor(-0.0002, device='cuda:0')
(44, 1000, 0.0009, 1, 500000, 'elltwo', 'bitflip', -0.000152587890625, 0.0010000000474974513, 174.1134946346283, '2024-04-06 11:28:46')
pval: [0.001] -- 44th test, time elapsed 174.1134946346283 -- emperical power so far: 0.6363636363636364
db insert success
tensor(-0.0007, device='cuda:0')
(45, 1000, 0.0009, 1, 500000, 'elltwo', 'bitflip', -0.00067138671875, 0.35500001907348633, 173.95766949653625, '2024-04-06 11:31:54')
pval: [0.35500002] -- 45th test, time elapsed 173.95766949653625 -- emperical power so far: 0.6222222222222222
db insert success
tensor(-0.0002, device='cuda:0')
(46, 1000, 0.0009, 1, 500000, 'elltwo', 'bitflip', -0.000152587890625, 0.35500001907348633, 174.10048055648804, '2024-04-06 11:35:09')
pval: [0.35500002] -- 46th test, time elapsed 174.10048055648804 -- emperical power so far: 0.6086956521739131
db insert success
tensor(-0.0007, device='cuda:0')
(47, 1000, 0.0009, 1, 500000, 'elltwo', 'bitflip', -0.000701904296875, 0.6240000128746033, 174.20393872261047, '2024-04-06 11:38:09')
pval: [0.62400001] -- 47th test, time elapsed 174.20393872261047 -- emperical power so far: 0.5957446808510638
db insert success
tensor(0.0004, device='cuda:0')
(48, 1000, 0.0009, 1, 500000, 'elltwo', 'bitflip', 0.00042724609375, 0.005000000353902578, 173.40322732925415, '2024-04-06 11:41:13')
pval: [0.005] -- 48th test, time elapsed 173.40322732925415 -- emperical power so far: 0.6041666666666666
db insert success
tensor(0.0009, device='cuda:0')
(49, 1000, 0.0009, 1, 500000, 'elltwo', 'bitflip', 0.000946044921875, 0.0010000000474974513, 174.09449744224548, '2024-04-06 11:44:23')
pval: [0.001] -- 49th test, time elapsed 174.09449744224548 -- emperical power so far: 0.6122448979591837
db insert success
tensor(-0.0001, device='cuda:0')
(50, 1000, 0.0009, 1, 500000, 'elltwo', 'bitflip', -0.0001220703125, 0.06200000271201134, 173.71826362609863, '2024-04-06 11:47:24')
pval: [0.062] -- 50th test, time elapsed 173.71826362609863 -- emperical power so far: 0.6
db insert success
tensor(-0.0001, device='cuda:0')
(51, 1000, 0.0009, 1, 500000, 'elltwo', 'bitflip', -0.0001220703125, 0.20800000429153442, 174.2746388912201, '2024-04-06 11:50:31')
pval: [0.208] -- 51th test, time elapsed 174.2746388912201 -- emperical power so far: 0.5882352941176471
db insert success
tensor(0.0004, device='cuda:0')
(52, 1000, 0.0009, 1, 500000, 'elltwo', 'bitflip', 0.000396728515625, 0.0010000000474974513, 174.24118947982788, '2024-04-06 11:53:28')
pval: [0.001] -- 52th test, time elapsed 174.24118947982788 -- emperical power so far: 0.5961538461538461
db insert success
tensor(-0.0002, device='cuda:0')
(53, 1000, 0.0009, 1, 500000, 'elltwo', 'bitflip', -0.000152587890625, 0.46700000762939453, 174.1354534626007, '2024-04-06 11:56:41')
pval: [0.46700001] -- 53th test, time elapsed 174.1354534626007 -- emperical power so far: 0.5849056603773585
db insert success
tensor(0.0004, device='cuda:0')
(54, 1000, 0.0009, 1, 500000, 'elltwo', 'bitflip', 0.000396728515625, 0.06100000441074371, 174.16389179229736, '2024-04-06 11:59:48')
pval: [0.061] -- 54th test, time elapsed 174.16389179229736 -- emperical power so far: 0.5740740740740741
db insert success
tensor(0.0004, device='cuda:0')
(55, 1000, 0.0009, 1, 500000, 'elltwo', 'bitflip', 0.000396728515625, 0.320000022649765, 174.04677867889404, '2024-04-06 12:02:50')
pval: [0.32000002] -- 55th test, time elapsed 174.04677867889404 -- emperical power so far: 0.5636363636363636
db insert success
tensor(0.0004, device='cuda:0')
(56, 1000, 0.0009, 1, 500000, 'elltwo', 'bitflip', 0.000396728515625, 0.16300000250339508, 173.93753457069397, '2024-04-06 12:05:52')
pval: [0.163] -- 56th test, time elapsed 173.93753457069397 -- emperical power so far: 0.5535714285714286
db insert success
tensor(-9.1553e-05, device='cuda:0')
(57, 1000, 0.0009, 1, 500000, 'elltwo', 'bitflip', -9.1552734375e-05, 0.25300002098083496, 174.1328263282776, '2024-04-06 12:09:05')
pval: [0.25300002] -- 57th test, time elapsed 174.1328263282776 -- emperical power so far: 0.543859649122807
db insert success
tensor(0.0004, device='cuda:0')
(58, 1000, 0.0009, 1, 500000, 'elltwo', 'bitflip', 0.000396728515625, 0.4910000264644623, 173.63731575012207, '2024-04-06 12:12:12')
pval: [0.49100003] -- 58th test, time elapsed 173.63731575012207 -- emperical power so far: 0.5344827586206896
db insert success
tensor(-0.0002, device='cuda:0')
(59, 1000, 0.0009, 1, 500000, 'elltwo', 'bitflip', -0.000152587890625, 0.11400000751018524, 174.2057819366455, '2024-04-06 12:15:16')
pval: [0.11400001] -- 59th test, time elapsed 174.2057819366455 -- emperical power so far: 0.5254237288135594
db insert success
tensor(0.0004, device='cuda:0')
(60, 1000, 0.0009, 1, 500000, 'elltwo', 'bitflip', 0.000396728515625, 0.24800001084804535, 174.6213662624359, '2024-04-06 12:18:16')
pval: [0.24800001] -- 60th test, time elapsed 174.6213662624359 -- emperical power so far: 0.5166666666666667
db insert success
tensor(0.0004, device='cuda:0')
(61, 1000, 0.0009, 1, 500000, 'elltwo', 'bitflip', 0.00042724609375, 0.0010000000474974513, 174.21390318870544, '2024-04-06 12:21:24')
pval: [0.001] -- 61th test, time elapsed 174.21390318870544 -- emperical power so far: 0.5245901639344263
db insert success
tensor(0.0004, device='cuda:0')
(62, 1000, 0.0009, 1, 500000, 'elltwo', 'bitflip', 0.000396728515625, 0.0010000000474974513, 174.78418612480164, '2024-04-06 12:24:26')
pval: [0.001] -- 62th test, time elapsed 174.78418612480164 -- emperical power so far: 0.532258064516129
db insert success
tensor(0.0004, device='cuda:0')
(63, 1000, 0.0009, 1, 500000, 'elltwo', 'bitflip', 0.000396728515625, 0.26900002360343933, 174.32040786743164, '2024-04-06 12:27:29')
pval: [0.26900002] -- 63th test, time elapsed 174.32040786743164 -- emperical power so far: 0.5238095238095238
db insert success
tensor(0.0004, device='cuda:0')
(64, 1000, 0.0009, 1, 500000, 'elltwo', 'bitflip', 0.00042724609375, 0.004000000189989805, 174.61281752586365, '2024-04-06 12:30:26')
pval: [0.004] -- 64th test, time elapsed 174.61281752586365 -- emperical power so far: 0.53125
db insert success
tensor(-0.0001, device='cuda:0')
(65, 1000, 0.0009, 1, 500000, 'elltwo', 'bitflip', -0.0001220703125, 0.0010000000474974513, 173.97334837913513, '2024-04-06 12:33:27')
pval: [0.001] -- 65th test, time elapsed 173.97334837913513 -- emperical power so far: 0.5384615384615384
db insert success
tensor(0.0004, device='cuda:0')
(66, 1000, 0.0009, 1, 500000, 'elltwo', 'bitflip', 0.00042724609375, 0.0010000000474974513, 174.45778441429138, '2024-04-06 12:36:36')
pval: [0.001] -- 66th test, time elapsed 174.45778441429138 -- emperical power so far: 0.5454545454545454
db insert success
tensor(0.0004, device='cuda:0')
(67, 1000, 0.0009, 1, 500000, 'elltwo', 'bitflip', 0.00042724609375, 0.0010000000474974513, 174.19372963905334, '2024-04-06 12:39:45')
pval: [0.001] -- 67th test, time elapsed 174.19372963905334 -- emperical power so far: 0.5522388059701493
db insert success
tensor(-0.0007, device='cuda:0')
(68, 1000, 0.0009, 1, 500000, 'elltwo', 'bitflip', -0.00067138671875, 0.4350000321865082, 174.19632124900818, '2024-04-06 12:42:51')
pval: [0.43500003] -- 68th test, time elapsed 174.19632124900818 -- emperical power so far: 0.5441176470588235
db insert success
tensor(-0.0002, device='cuda:0')
(69, 1000, 0.0009, 1, 500000, 'elltwo', 'bitflip', -0.000152587890625, 0.17800000309944153, 173.8492681980133, '2024-04-06 12:46:01')
pval: [0.178] -- 69th test, time elapsed 173.8492681980133 -- emperical power so far: 0.5362318840579711
db insert success
tensor(-0.0002, device='cuda:0')
(70, 1000, 0.0009, 1, 500000, 'elltwo', 'bitflip', -0.000152587890625, 0.15000000596046448, 173.71418523788452, '2024-04-06 12:49:07')
pval: [0.15000001] -- 70th test, time elapsed 173.71418523788452 -- emperical power so far: 0.5285714285714286
db insert success
tensor(0.0004, device='cuda:0')
(71, 1000, 0.0009, 1, 500000, 'elltwo', 'bitflip', 0.000396728515625, 0.0010000000474974513, 174.25401735305786, '2024-04-06 12:52:20')
pval: [0.001] -- 71th test, time elapsed 174.25401735305786 -- emperical power so far: 0.5352112676056338
db insert success
tensor(-0.0002, device='cuda:0')
(72, 1000, 0.0009, 1, 500000, 'elltwo', 'bitflip', -0.000152587890625, 0.34200000762939453, 174.3661081790924, '2024-04-06 12:55:30')
pval: [0.34200001] -- 72th test, time elapsed 174.3661081790924 -- emperical power so far: 0.5277777777777778
db insert success
tensor(-0.0001, device='cuda:0')
(73, 1000, 0.0009, 1, 500000, 'elltwo', 'bitflip', -0.0001220703125, 0.0010000000474974513, 173.87530851364136, '2024-04-06 12:58:33')
pval: [0.001] -- 73th test, time elapsed 173.87530851364136 -- emperical power so far: 0.5342465753424658
db insert success
tensor(-0.0002, device='cuda:0')
(74, 1000, 0.0009, 1, 500000, 'elltwo', 'bitflip', -0.000152587890625, 0.15600000321865082, 174.5857424736023, '2024-04-06 13:01:29')
pval: [0.156] -- 74th test, time elapsed 174.5857424736023 -- emperical power so far: 0.527027027027027
db insert success
tensor(-0.0007, device='cuda:0')
(75, 1000, 0.0009, 1, 500000, 'elltwo', 'bitflip', -0.000701904296875, 0.27000001072883606, 174.15024065971375, '2024-04-06 13:04:37')
pval: [0.27000001] -- 75th test, time elapsed 174.15024065971375 -- emperical power so far: 0.52
db insert success
tensor(-0.0001, device='cuda:0')
(76, 1000, 0.0009, 1, 500000, 'elltwo', 'bitflip', -0.0001220703125, 0.3760000169277191, 174.27531456947327, '2024-04-06 13:07:48')
pval: [0.37600002] -- 76th test, time elapsed 174.27531456947327 -- emperical power so far: 0.5131578947368421
db insert success
tensor(-0.0001, device='cuda:0')
(77, 1000, 0.0009, 1, 500000, 'elltwo', 'bitflip', -0.0001220703125, 0.0860000029206276, 174.58867597579956, '2024-04-06 13:10:57')
pval: [0.086] -- 77th test, time elapsed 174.58867597579956 -- emperical power so far: 0.5064935064935064
db insert success
tensor(0.0004, device='cuda:0')
(78, 1000, 0.0009, 1, 500000, 'elltwo', 'bitflip', 0.00042724609375, 0.0010000000474974513, 174.56086921691895, '2024-04-06 13:14:07')
pval: [0.001] -- 78th test, time elapsed 174.56086921691895 -- emperical power so far: 0.5128205128205128
db insert success
tensor(0.0004, device='cuda:0')
(79, 1000, 0.0009, 1, 500000, 'elltwo', 'bitflip', 0.00042724609375, 0.01100000087171793, 174.08561038970947, '2024-04-06 13:17:21')
pval: [0.011] -- 79th test, time elapsed 174.08561038970947 -- emperical power so far: 0.5189873417721519
db insert success
tensor(-0.0007, device='cuda:0')
(80, 1000, 0.0009, 1, 500000, 'elltwo', 'bitflip', -0.00067138671875, 0.6980000138282776, 174.2109706401825, '2024-04-06 13:20:17')
pval: [0.69800001] -- 80th test, time elapsed 174.2109706401825 -- emperical power so far: 0.5125
db insert success
tensor(0.0004, device='cuda:0')
(81, 1000, 0.0009, 1, 500000, 'elltwo', 'bitflip', 0.000396728515625, 0.10600000619888306, 174.30764317512512, '2024-04-06 13:23:16')
pval: [0.10600001] -- 81th test, time elapsed 174.30764317512512 -- emperical power so far: 0.5061728395061729
db insert success
tensor(-0.0002, device='cuda:0')
(82, 1000, 0.0009, 1, 500000, 'elltwo', 'bitflip', -0.000152587890625, 0.0010000000474974513, 174.2612590789795, '2024-04-06 13:26:29')
pval: [0.001] -- 82th test, time elapsed 174.2612590789795 -- emperical power so far: 0.5121951219512195
db insert success
tensor(0.0010, device='cuda:0')
(83, 1000, 0.0009, 1, 500000, 'elltwo', 'bitflip', 0.0009765625, 0.0010000000474974513, 174.28869724273682, '2024-04-06 13:29:41')
pval: [0.001] -- 83th test, time elapsed 174.28869724273682 -- emperical power so far: 0.5180722891566265
db insert success
tensor(-0.0001, device='cuda:0')
(84, 1000, 0.0009, 1, 500000, 'elltwo', 'bitflip', -0.0001220703125, 0.009000000543892384, 174.43969464302063, '2024-04-06 13:32:48')
pval: [0.009] -- 84th test, time elapsed 174.43969464302063 -- emperical power so far: 0.5238095238095238
db insert success
tensor(-0.0002, device='cuda:0')
(85, 1000, 0.0009, 1, 500000, 'elltwo', 'bitflip', -0.000152587890625, 0.19700001180171967, 173.8682155609131, '2024-04-06 13:35:58')
pval: [0.19700001] -- 85th test, time elapsed 173.8682155609131 -- emperical power so far: 0.5176470588235295
db insert success
tensor(-0.0007, device='cuda:0')
(86, 1000, 0.0009, 1, 500000, 'elltwo', 'bitflip', -0.000701904296875, 0.5450000166893005, 173.9875123500824, '2024-04-06 13:39:07')
pval: [0.54500002] -- 86th test, time elapsed 173.9875123500824 -- emperical power so far: 0.5116279069767442
db insert success
tensor(-0.0001, device='cuda:0')
(87, 1000, 0.0009, 1, 500000, 'elltwo', 'bitflip', -0.0001220703125, 0.0010000000474974513, 173.7786774635315, '2024-04-06 13:42:07')
pval: [0.001] -- 87th test, time elapsed 173.7786774635315 -- emperical power so far: 0.5172413793103449
db insert success
tensor(-0.0006, device='cuda:0')
(88, 1000, 0.0009, 1, 500000, 'elltwo', 'bitflip', -0.000640869140625, 0.6240000128746033, 174.10345673561096, '2024-04-06 13:45:06')
pval: [0.62400001] -- 88th test, time elapsed 174.10345673561096 -- emperical power so far: 0.5113636363636364
db insert success
tensor(0.0004, device='cuda:0')
(89, 1000, 0.0009, 1, 500000, 'elltwo', 'bitflip', 0.00042724609375, 0.0010000000474974513, 174.14880990982056, '2024-04-06 13:48:08')
pval: [0.001] -- 89th test, time elapsed 174.14880990982056 -- emperical power so far: 0.5168539325842697
db insert success
tensor(0.0004, device='cuda:0')
(90, 1000, 0.0009, 1, 500000, 'elltwo', 'bitflip', 0.00042724609375, 0.0010000000474974513, 174.4905390739441, '2024-04-06 13:51:18')
pval: [0.001] -- 90th test, time elapsed 174.4905390739441 -- emperical power so far: 0.5222222222222223
db insert success
tensor(0.0004, device='cuda:0')
(91, 1000, 0.0009, 1, 500000, 'elltwo', 'bitflip', 0.000396728515625, 0.29500001668930054, 173.61182856559753, '2024-04-06 13:54:26')
pval: [0.29500002] -- 91th test, time elapsed 173.61182856559753 -- emperical power so far: 0.5164835164835165
db insert success
tensor(0.0004, device='cuda:0')
(92, 1000, 0.0009, 1, 500000, 'elltwo', 'bitflip', 0.000396728515625, 0.00800000037997961, 174.13445115089417, '2024-04-06 13:57:37')
pval: [0.008] -- 92th test, time elapsed 174.13445115089417 -- emperical power so far: 0.5217391304347826
db insert success
tensor(0.0004, device='cuda:0')
(93, 1000, 0.0009, 1, 500000, 'elltwo', 'bitflip', 0.00042724609375, 0.0010000000474974513, 174.21601343154907, '2024-04-06 14:00:40')
pval: [0.001] -- 93th test, time elapsed 174.21601343154907 -- emperical power so far: 0.5268817204301075
db insert success
tensor(0.0004, device='cuda:0')
(94, 1000, 0.0009, 1, 500000, 'elltwo', 'bitflip', 0.00042724609375, 0.01100000087171793, 173.9345691204071, '2024-04-06 14:03:42')
pval: [0.011] -- 94th test, time elapsed 173.9345691204071 -- emperical power so far: 0.5319148936170213
db insert success
tensor(-0.0002, device='cuda:0')
(95, 1000, 0.0009, 1, 500000, 'elltwo', 'bitflip', -0.000152587890625, 0.5450000166893005, 174.1615128517151, '2024-04-06 14:06:41')
pval: [0.54500002] -- 95th test, time elapsed 174.1615128517151 -- emperical power so far: 0.5263157894736842
db insert success
tensor(-0.0002, device='cuda:0')
(96, 1000, 0.0009, 1, 500000, 'elltwo', 'bitflip', -0.000152587890625, 0.003000000026077032, 174.334410905838, '2024-04-06 14:09:48')
pval: [0.003] -- 96th test, time elapsed 174.334410905838 -- emperical power so far: 0.53125
db insert success
tensor(0.0004, device='cuda:0')
(97, 1000, 0.0009, 1, 500000, 'elltwo', 'bitflip', 0.00042724609375, 0.09200000762939453, 174.1763415336609, '2024-04-06 14:12:50')
pval: [0.09200001] -- 97th test, time elapsed 174.1763415336609 -- emperical power so far: 0.5257731958762887
db insert success
tensor(0.0004, device='cuda:0')
(98, 1000, 0.0009, 1, 500000, 'elltwo', 'bitflip', 0.00042724609375, 0.0010000000474974513, 174.1957869529724, '2024-04-06 14:15:56')
pval: [0.001] -- 98th test, time elapsed 174.1957869529724 -- emperical power so far: 0.5306122448979592
db insert success
tensor(-0.0001, device='cuda:0')
(99, 1000, 0.0009, 1, 500000, 'elltwo', 'bitflip', -0.0001220703125, 0.12200000882148743, 175.33146810531616, '2024-04-06 14:19:02')
pval: [0.12200001] -- 99th test, time elapsed 175.33146810531616 -- emperical power so far: 0.5252525252525253
db insert success
tensor(0.0004, device='cuda:0')
(100, 1000, 0.0009, 1, 500000, 'elltwo', 'bitflip', 0.000396728515625, 0.004000000189989805, 177.18561553955078, '2024-04-06 14:22:10')
pval: [0.004] -- 100th test, time elapsed 177.18561553955078 -- emperical power so far: 0.53
db insert success
tensor(-0.0002, device='cuda:0')
(101, 1000, 0.0009, 1, 500000, 'elltwo', 'bitflip', -0.000152587890625, 0.14400000870227814, 177.17163467407227, '2024-04-06 14:25:12')
pval: [0.14400001] -- 101th test, time elapsed 177.17163467407227 -- emperical power so far: 0.5247524752475248
db insert success
tensor(-0.0002, device='cuda:0')
(102, 1000, 0.0009, 1, 500000, 'elltwo', 'bitflip', -0.000152587890625, 0.015000000596046448, 177.2922077178955, '2024-04-06 14:28:28')
pval: [0.015] -- 102th test, time elapsed 177.2922077178955 -- emperical power so far: 0.5294117647058824
db insert success
tensor(-0.0001, device='cuda:0')
(103, 1000, 0.0009, 1, 500000, 'elltwo', 'bitflip', -0.0001220703125, 0.1290000081062317, 177.05977535247803, '2024-04-06 14:31:34')
pval: [0.12900001] -- 103th test, time elapsed 177.05977535247803 -- emperical power so far: 0.5242718446601942
db insert success
tensor(-0.0001, device='cuda:0')
(104, 1000, 0.0009, 1, 500000, 'elltwo', 'bitflip', -0.0001220703125, 0.2840000092983246, 176.92079997062683, '2024-04-06 14:34:41')
pval: [0.28400001] -- 104th test, time elapsed 176.92079997062683 -- emperical power so far: 0.5192307692307693
db insert success
tensor(-0.0002, device='cuda:0')
(105, 1000, 0.0009, 1, 500000, 'elltwo', 'bitflip', -0.000152587890625, 0.6990000605583191, 177.07642531394958, '2024-04-06 14:37:44')
pval: [0.69900006] -- 105th test, time elapsed 177.07642531394958 -- emperical power so far: 0.5142857142857142
db insert success
tensor(0.0004, device='cuda:0')
(106, 1000, 0.0009, 1, 500000, 'elltwo', 'bitflip', 0.00042724609375, 0.0010000000474974513, 177.17511177062988, '2024-04-06 14:40:51')
pval: [0.001] -- 106th test, time elapsed 177.17511177062988 -- emperical power so far: 0.5188679245283019
db insert success
tensor(0.0004, device='cuda:0')
(107, 1000, 0.0009, 1, 500000, 'elltwo', 'bitflip', 0.00042724609375, 0.003000000026077032, 177.55210947990417, '2024-04-06 14:43:52')
pval: [0.003] -- 107th test, time elapsed 177.55210947990417 -- emperical power so far: 0.5233644859813084
db insert success
tensor(-0.0007, device='cuda:0')
(108, 1000, 0.0009, 1, 500000, 'elltwo', 'bitflip', -0.00067138671875, 0.2540000081062317, 177.2837302684784, '2024-04-06 14:46:55')
pval: [0.25400001] -- 108th test, time elapsed 177.2837302684784 -- emperical power so far: 0.5185185185185185
db insert success
tensor(0.0004, device='cuda:0')
(109, 1000, 0.0009, 1, 500000, 'elltwo', 'bitflip', 0.000396728515625, 0.0020000000949949026, 176.91282534599304, '2024-04-06 14:50:11')
pval: [0.002] -- 109th test, time elapsed 176.91282534599304 -- emperical power so far: 0.5229357798165137
db insert success
tensor(-0.0001, device='cuda:0')
(110, 1000, 0.0009, 1, 500000, 'elltwo', 'bitflip', -0.0001220703125, 0.3400000035762787, 177.39334678649902, '2024-04-06 14:53:27')
pval: [0.34] -- 110th test, time elapsed 177.39334678649902 -- emperical power so far: 0.5181818181818182
db insert success
tensor(-0.0001, device='cuda:0')
(111, 1000, 0.0009, 1, 500000, 'elltwo', 'bitflip', -0.0001220703125, 0.0010000000474974513, 177.68147134780884, '2024-04-06 14:56:37')
pval: [0.001] -- 111th test, time elapsed 177.68147134780884 -- emperical power so far: 0.5225225225225225
db insert success
tensor(0.0004, device='cuda:0')
(112, 1000, 0.0009, 1, 500000, 'elltwo', 'bitflip', 0.000396728515625, 0.0010000000474974513, 177.1436731815338, '2024-04-06 14:59:46')
pval: [0.001] -- 112th test, time elapsed 177.1436731815338 -- emperical power so far: 0.5267857142857143
db insert success
tensor(-0.0001, device='cuda:0')
(113, 1000, 0.0009, 1, 500000, 'elltwo', 'bitflip', -0.0001220703125, 0.4320000112056732, 177.57104563713074, '2024-04-06 15:02:49')
pval: [0.43200001] -- 113th test, time elapsed 177.57104563713074 -- emperical power so far: 0.5221238938053098
db insert success
tensor(-0.0001, device='cuda:0')
(114, 1000, 0.0009, 1, 500000, 'elltwo', 'bitflip', -0.0001220703125, 0.4090000092983246, 177.60503435134888, '2024-04-06 15:06:05')
pval: [0.40900001] -- 114th test, time elapsed 177.60503435134888 -- emperical power so far: 0.5175438596491229
db insert success
tensor(-0.0002, device='cuda:0')
(115, 1000, 0.0009, 1, 500000, 'elltwo', 'bitflip', -0.000152587890625, 0.6030000448226929, 177.74457597732544, '2024-04-06 15:09:13')
pval: [0.60300004] -- 115th test, time elapsed 177.74457597732544 -- emperical power so far: 0.5130434782608696
db insert success
tensor(0.0004, device='cuda:0')
(116, 1000, 0.0009, 1, 500000, 'elltwo', 'bitflip', 0.00042724609375, 0.0010000000474974513, 177.3684685230255, '2024-04-06 15:12:29')
pval: [0.001] -- 116th test, time elapsed 177.3684685230255 -- emperical power so far: 0.5172413793103449
db insert success
tensor(0.0004, device='cuda:0')
(117, 1000, 0.0009, 1, 500000, 'elltwo', 'bitflip', 0.000396728515625, 0.09300000220537186, 177.65800976753235, '2024-04-06 15:15:43')
pval: [0.093] -- 117th test, time elapsed 177.65800976753235 -- emperical power so far: 0.5128205128205128
db insert success
tensor(-0.0002, device='cuda:0')
(118, 1000, 0.0009, 1, 500000, 'elltwo', 'bitflip', -0.000152587890625, 0.0020000000949949026, 177.2718949317932, '2024-04-06 15:18:51')
pval: [0.002] -- 118th test, time elapsed 177.2718949317932 -- emperical power so far: 0.5169491525423728
db insert success
tensor(-0.0001, device='cuda:0')
(119, 1000, 0.0009, 1, 500000, 'elltwo', 'bitflip', -0.0001220703125, 0.23500001430511475, 177.19605207443237, '2024-04-06 15:21:57')
pval: [0.23500001] -- 119th test, time elapsed 177.19605207443237 -- emperical power so far: 0.5126050420168067
db insert success
tensor(-0.0002, device='cuda:0')
(120, 1000, 0.0009, 1, 500000, 'elltwo', 'bitflip', -0.000152587890625, 0.03800000250339508, 177.74883151054382, '2024-04-06 15:25:00')
pval: [0.038] -- 120th test, time elapsed 177.74883151054382 -- emperical power so far: 0.5166666666666667
db insert success
tensor(-9.1553e-05, device='cuda:0')
(121, 1000, 0.0009, 1, 500000, 'elltwo', 'bitflip', -9.1552734375e-05, 0.0010000000474974513, 177.35486769676208, '2024-04-06 15:28:12')
pval: [0.001] -- 121th test, time elapsed 177.35486769676208 -- emperical power so far: 0.5206611570247934
db insert success
tensor(-0.0007, device='cuda:0')
(122, 1000, 0.0009, 1, 500000, 'elltwo', 'bitflip', -0.00067138671875, 0.5750000476837158, 177.04641771316528, '2024-04-06 15:31:17')
pval: [0.57500005] -- 122th test, time elapsed 177.04641771316528 -- emperical power so far: 0.5163934426229508
db insert success
tensor(0.0004, device='cuda:0')
(123, 1000, 0.0009, 1, 500000, 'elltwo', 'bitflip', 0.000396728515625, 0.0010000000474974513, 176.61877703666687, '2024-04-06 15:34:18')
pval: [0.001] -- 123th test, time elapsed 176.61877703666687 -- emperical power so far: 0.5203252032520326
db insert success
tensor(-0.0001, device='cuda:0')
(124, 1000, 0.0009, 1, 500000, 'elltwo', 'bitflip', -0.0001220703125, 0.13199999928474426, 177.0736174583435, '2024-04-06 15:37:35')
pval: [0.132] -- 124th test, time elapsed 177.0736174583435 -- emperical power so far: 0.5161290322580645
db insert success
tensor(0.0004, device='cuda:0')
(125, 1000, 0.0009, 1, 500000, 'elltwo', 'bitflip', 0.00042724609375, 0.0010000000474974513, 177.38977432250977, '2024-04-06 15:40:48')
pval: [0.001] -- 125th test, time elapsed 177.38977432250977 -- emperical power so far: 0.52
db insert success
tensor(-0.0002, device='cuda:0')
(126, 1000, 0.0009, 1, 500000, 'elltwo', 'bitflip', -0.000152587890625, 0.19300000369548798, 177.48826575279236, '2024-04-06 15:43:48')
pval: [0.193] -- 126th test, time elapsed 177.48826575279236 -- emperical power so far: 0.5158730158730159
db insert success
tensor(-0.0001, device='cuda:0')
(127, 1000, 0.0009, 1, 500000, 'elltwo', 'bitflip', -0.0001220703125, 0.06400000303983688, 177.29913187026978, '2024-04-06 15:46:49')
pval: [0.064] -- 127th test, time elapsed 177.29913187026978 -- emperical power so far: 0.5118110236220472
db insert success
tensor(-0.0002, device='cuda:0')
(128, 1000, 0.0009, 1, 500000, 'elltwo', 'bitflip', -0.000152587890625, 0.0010000000474974513, 176.98959493637085, '2024-04-06 15:49:50')
pval: [0.001] -- 128th test, time elapsed 176.98959493637085 -- emperical power so far: 0.515625
db insert success
tensor(-0.0002, device='cuda:0')
(129, 1000, 0.0009, 1, 500000, 'elltwo', 'bitflip', -0.000152587890625, 0.0010000000474974513, 177.61824536323547, '2024-04-06 15:52:52')
pval: [0.001] -- 129th test, time elapsed 177.61824536323547 -- emperical power so far: 0.5193798449612403
db insert success
tensor(0.0004, device='cuda:0')
(130, 1000, 0.0009, 1, 500000, 'elltwo', 'bitflip', 0.000396728515625, 0.0010000000474974513, 177.0677604675293, '2024-04-06 15:55:58')
pval: [0.001] -- 130th test, time elapsed 177.0677604675293 -- emperical power so far: 0.5230769230769231
db insert success
tensor(-0.0001, device='cuda:0')
(131, 1000, 0.0009, 1, 500000, 'elltwo', 'bitflip', -0.0001220703125, 0.0010000000474974513, 177.11098718643188, '2024-04-06 15:58:58')
pval: [0.001] -- 131th test, time elapsed 177.11098718643188 -- emperical power so far: 0.5267175572519084
db insert success
tensor(0.0009, device='cuda:0')
(132, 1000, 0.0009, 1, 500000, 'elltwo', 'bitflip', 0.000946044921875, 0.003000000026077032, 177.09970140457153, '2024-04-06 16:02:00')
pval: [0.003] -- 132th test, time elapsed 177.09970140457153 -- emperical power so far: 0.5303030303030303
db insert success
tensor(-0.0002, device='cuda:0')
(133, 1000, 0.0009, 1, 500000, 'elltwo', 'bitflip', -0.000152587890625, 0.5090000033378601, 177.12857341766357, '2024-04-06 16:05:06')
pval: [0.509] -- 133th test, time elapsed 177.12857341766357 -- emperical power so far: 0.5263157894736842
db insert success
tensor(-0.0001, device='cuda:0')
(134, 1000, 0.0009, 1, 500000, 'elltwo', 'bitflip', -0.0001220703125, 0.6530000567436218, 176.81452560424805, '2024-04-06 16:08:12')
pval: [0.65300006] -- 134th test, time elapsed 176.81452560424805 -- emperical power so far: 0.5223880597014925
db insert success
tensor(-0.0001, device='cuda:0')
(135, 1000, 0.0009, 1, 500000, 'elltwo', 'bitflip', -0.0001220703125, 0.2670000195503235, 177.71080780029297, '2024-04-06 16:11:15')
pval: [0.26700002] -- 135th test, time elapsed 177.71080780029297 -- emperical power so far: 0.5185185185185185
db insert success
tensor(-0.0002, device='cuda:0')
(136, 1000, 0.0009, 1, 500000, 'elltwo', 'bitflip', -0.000152587890625, 0.0010000000474974513, 177.2000527381897, '2024-04-06 16:14:19')
pval: [0.001] -- 136th test, time elapsed 177.2000527381897 -- emperical power so far: 0.5220588235294118
db insert success
tensor(-0.0001, device='cuda:0')
(137, 1000, 0.0009, 1, 500000, 'elltwo', 'bitflip', -0.0001220703125, 0.3140000104904175, 177.30124592781067, '2024-04-06 16:17:22')
pval: [0.31400001] -- 137th test, time elapsed 177.30124592781067 -- emperical power so far: 0.5182481751824818
db insert success
tensor(-0.0007, device='cuda:0')
(138, 1000, 0.0009, 1, 500000, 'elltwo', 'bitflip', -0.000701904296875, 0.6270000338554382, 177.19751644134521, '2024-04-06 16:20:22')
pval: [0.62700003] -- 138th test, time elapsed 177.19751644134521 -- emperical power so far: 0.5144927536231884
db insert success
tensor(-0.0001, device='cuda:0')
(139, 1000, 0.0009, 1, 500000, 'elltwo', 'bitflip', -0.0001220703125, 0.49000000953674316, 177.03044319152832, '2024-04-06 16:23:30')
pval: [0.49000001] -- 139th test, time elapsed 177.03044319152832 -- emperical power so far: 0.5107913669064749
db insert success
tensor(-0.0002, device='cuda:0')
(140, 1000, 0.0009, 1, 500000, 'elltwo', 'bitflip', -0.000152587890625, 0.10000000149011612, 176.99515295028687, '2024-04-06 16:26:44')
pval: [0.1] -- 140th test, time elapsed 176.99515295028687 -- emperical power so far: 0.5071428571428571
db insert success
tensor(-0.0007, device='cuda:0')
(141, 1000, 0.0009, 1, 500000, 'elltwo', 'bitflip', -0.00067138671875, 0.3290000259876251, 177.1911678314209, '2024-04-06 16:29:58')
pval: [0.32900003] -- 141th test, time elapsed 177.1911678314209 -- emperical power so far: 0.5035460992907801
db insert success
tensor(0.0004, device='cuda:0')
(142, 1000, 0.0009, 1, 500000, 'elltwo', 'bitflip', 0.000396728515625, 0.0010000000474974513, 177.3842294216156, '2024-04-06 16:33:07')
pval: [0.001] -- 142th test, time elapsed 177.3842294216156 -- emperical power so far: 0.5070422535211268
db insert success
tensor(0.0004, device='cuda:0')
(143, 1000, 0.0009, 1, 500000, 'elltwo', 'bitflip', 0.00042724609375, 0.0010000000474974513, 177.1745102405548, '2024-04-06 16:36:12')
pval: [0.001] -- 143th test, time elapsed 177.1745102405548 -- emperical power so far: 0.5104895104895105
db insert success
tensor(-0.0002, device='cuda:0')
(144, 1000, 0.0009, 1, 500000, 'elltwo', 'bitflip', -0.000152587890625, 0.492000013589859, 177.16417503356934, '2024-04-06 16:39:21')
pval: [0.49200001] -- 144th test, time elapsed 177.16417503356934 -- emperical power so far: 0.5069444444444444
db insert success
tensor(-0.0001, device='cuda:0')
(145, 1000, 0.0009, 1, 500000, 'elltwo', 'bitflip', -0.0001220703125, 0.0010000000474974513, 177.21703505516052, '2024-04-06 16:42:39')
pval: [0.001] -- 145th test, time elapsed 177.21703505516052 -- emperical power so far: 0.5103448275862069
db insert success
tensor(-0.0002, device='cuda:0')
(146, 1000, 0.0009, 1, 500000, 'elltwo', 'bitflip', -0.000152587890625, 0.5980000495910645, 177.00751614570618, '2024-04-06 16:45:45')
pval: [0.59800005] -- 146th test, time elapsed 177.00751614570618 -- emperical power so far: 0.5068493150684932
db insert success
tensor(-0.0007, device='cuda:0')
(147, 1000, 0.0009, 1, 500000, 'elltwo', 'bitflip', -0.000701904296875, 0.4440000355243683, 177.304771900177, '2024-04-06 16:48:59')
pval: [0.44400004] -- 147th test, time elapsed 177.304771900177 -- emperical power so far: 0.5034013605442177
db insert success
tensor(-0.0001, device='cuda:0')
(148, 1000, 0.0009, 1, 500000, 'elltwo', 'bitflip', -0.0001220703125, 0.0010000000474974513, 176.83757519721985, '2024-04-06 16:52:02')
pval: [0.001] -- 148th test, time elapsed 176.83757519721985 -- emperical power so far: 0.5067567567567568
db insert success
tensor(-0.0001, device='cuda:0')
(149, 1000, 0.0009, 1, 500000, 'elltwo', 'bitflip', -0.0001220703125, 0.039000000804662704, 177.34602808952332, '2024-04-06 16:55:18')
pval: [0.039] -- 149th test, time elapsed 177.34602808952332 -- emperical power so far: 0.5100671140939598
db insert success
tensor(0.0004, device='cuda:0')
(150, 1000, 0.0009, 1, 500000, 'elltwo', 'bitflip', 0.00042724609375, 0.1730000078678131, 177.50496578216553, '2024-04-06 16:58:28')
pval: [0.17300001] -- 150th test, time elapsed 177.50496578216553 -- emperical power so far: 0.5066666666666667
db insert success
tensor(-0.0007, device='cuda:0')
(151, 1000, 0.0009, 1, 500000, 'elltwo', 'bitflip', -0.00067138671875, 0.1990000158548355, 177.2948341369629, '2024-04-06 17:01:41')
pval: [0.19900002] -- 151th test, time elapsed 177.2948341369629 -- emperical power so far: 0.5033112582781457
db insert success
tensor(-0.0001, device='cuda:0')
(152, 1000, 0.0009, 1, 500000, 'elltwo', 'bitflip', -0.0001220703125, 0.0010000000474974513, 177.35879158973694, '2024-04-06 17:04:45')
pval: [0.001] -- 152th test, time elapsed 177.35879158973694 -- emperical power so far: 0.506578947368421
db insert success
tensor(0.0004, device='cuda:0')
(153, 1000, 0.0009, 1, 500000, 'elltwo', 'bitflip', 0.00042724609375, 0.0010000000474974513, 177.2377736568451, '2024-04-06 17:07:45')
pval: [0.001] -- 153th test, time elapsed 177.2377736568451 -- emperical power so far: 0.5098039215686274
db insert success
tensor(0.0004, device='cuda:0')
(154, 1000, 0.0009, 1, 500000, 'elltwo', 'bitflip', 0.00042724609375, 0.0010000000474974513, 177.43708109855652, '2024-04-06 17:11:01')
pval: [0.001] -- 154th test, time elapsed 177.43708109855652 -- emperical power so far: 0.512987012987013
db insert success
tensor(0.0004, device='cuda:0')
(155, 1000, 0.0009, 1, 500000, 'elltwo', 'bitflip', 0.00042724609375, 0.05000000074505806, 177.40504693984985, '2024-04-06 17:14:11')
pval: [0.05] -- 155th test, time elapsed 177.40504693984985 -- emperical power so far: 0.5096774193548387
db insert success
tensor(0.0004, device='cuda:0')
(156, 1000, 0.0009, 1, 500000, 'elltwo', 'bitflip', 0.00042724609375, 0.0010000000474974513, 177.60446858406067, '2024-04-06 17:17:12')
pval: [0.001] -- 156th test, time elapsed 177.60446858406067 -- emperical power so far: 0.5128205128205128
db insert success
tensor(0.0004, device='cuda:0')
(157, 1000, 0.0009, 1, 500000, 'elltwo', 'bitflip', 0.00042724609375, 0.0010000000474974513, 177.6498532295227, '2024-04-06 17:20:13')
pval: [0.001] -- 157th test, time elapsed 177.6498532295227 -- emperical power so far: 0.5159235668789809
db insert success
tensor(0.0004, device='cuda:0')
(158, 1000, 0.0009, 1, 500000, 'elltwo', 'bitflip', 0.00042724609375, 0.0020000000949949026, 177.50402975082397, '2024-04-06 17:23:28')
pval: [0.002] -- 158th test, time elapsed 177.50402975082397 -- emperical power so far: 0.5189873417721519
db insert success
tensor(-0.0002, device='cuda:0')
(159, 1000, 0.0009, 1, 500000, 'elltwo', 'bitflip', -0.000152587890625, 0.029000001028180122, 177.3686032295227, '2024-04-06 17:26:30')
pval: [0.029] -- 159th test, time elapsed 177.3686032295227 -- emperical power so far: 0.5220125786163522
db insert success
tensor(-0.0007, device='cuda:0')
(160, 1000, 0.0009, 1, 500000, 'elltwo', 'bitflip', -0.00067138671875, 0.1900000125169754, 177.79468512535095, '2024-04-06 17:29:36')
pval: [0.19000001] -- 160th test, time elapsed 177.79468512535095 -- emperical power so far: 0.51875
db insert success
tensor(0.0004, device='cuda:0')
(161, 1000, 0.0009, 1, 500000, 'elltwo', 'bitflip', 0.000396728515625, 0.14100000262260437, 177.66224026679993, '2024-04-06 17:32:48')
pval: [0.141] -- 161th test, time elapsed 177.66224026679993 -- emperical power so far: 0.515527950310559
db insert success
tensor(-9.1553e-05, device='cuda:0')
(162, 1000, 0.0009, 1, 500000, 'elltwo', 'bitflip', -9.1552734375e-05, 0.0010000000474974513, 177.54370617866516, '2024-04-06 17:36:02')
pval: [0.001] -- 162th test, time elapsed 177.54370617866516 -- emperical power so far: 0.5185185185185185
db insert success
tensor(-0.0007, device='cuda:0')
(163, 1000, 0.0009, 1, 500000, 'elltwo', 'bitflip', -0.000701904296875, 0.8260000348091125, 177.14067816734314, '2024-04-06 17:39:14')
pval: [0.82600003] -- 163th test, time elapsed 177.14067816734314 -- emperical power so far: 0.5153374233128835
db insert success
tensor(-0.0007, device='cuda:0')
(164, 1000, 0.0009, 1, 500000, 'elltwo', 'bitflip', -0.00067138671875, 0.445000022649765, 178.1480062007904, '2024-04-06 17:42:25')
pval: [0.44500002] -- 164th test, time elapsed 178.1480062007904 -- emperical power so far: 0.5121951219512195
db insert success
tensor(0.0004, device='cuda:0')
(165, 1000, 0.0009, 1, 500000, 'elltwo', 'bitflip', 0.00042724609375, 0.0010000000474974513, 177.63746643066406, '2024-04-06 17:45:25')
pval: [0.001] -- 165th test, time elapsed 177.63746643066406 -- emperical power so far: 0.5151515151515151
db insert success
tensor(-0.0001, device='cuda:0')
(166, 1000, 0.0009, 1, 500000, 'elltwo', 'bitflip', -0.0001220703125, 0.003000000026077032, 177.01081919670105, '2024-04-06 17:48:31')
pval: [0.003] -- 166th test, time elapsed 177.01081919670105 -- emperical power so far: 0.5180722891566265
db insert success
tensor(-0.0007, device='cuda:0')
(167, 1000, 0.0009, 1, 500000, 'elltwo', 'bitflip', -0.000701904296875, 0.46700000762939453, 177.12271213531494, '2024-04-06 17:51:48')
pval: [0.46700001] -- 167th test, time elapsed 177.12271213531494 -- emperical power so far: 0.5149700598802395
db insert success
tensor(-0.0001, device='cuda:0')
(168, 1000, 0.0009, 1, 500000, 'elltwo', 'bitflip', -0.0001220703125, 0.593000054359436, 177.30895066261292, '2024-04-06 17:55:04')
pval: [0.59300005] -- 168th test, time elapsed 177.30895066261292 -- emperical power so far: 0.5119047619047619
db insert success
tensor(-0.0001, device='cuda:0')
(169, 1000, 0.0009, 1, 500000, 'elltwo', 'bitflip', -0.0001220703125, 0.0010000000474974513, 177.5967993736267, '2024-04-06 17:58:15')
pval: [0.001] -- 169th test, time elapsed 177.5967993736267 -- emperical power so far: 0.514792899408284
db insert success
tensor(0.0004, device='cuda:0')
(170, 1000, 0.0009, 1, 500000, 'elltwo', 'bitflip', 0.000396728515625, 0.22600001096725464, 177.35037517547607, '2024-04-06 18:01:27')
pval: [0.22600001] -- 170th test, time elapsed 177.35037517547607 -- emperical power so far: 0.5117647058823529
db insert success
tensor(0.0004, device='cuda:0')
(171, 1000, 0.0009, 1, 500000, 'elltwo', 'bitflip', 0.000396728515625, 0.3840000033378601, 177.66312503814697, '2024-04-06 18:04:35')
pval: [0.384] -- 171th test, time elapsed 177.66312503814697 -- emperical power so far: 0.5087719298245614
db insert success
tensor(-0.0001, device='cuda:0')
(172, 1000, 0.0009, 1, 500000, 'elltwo', 'bitflip', -0.0001220703125, 0.0010000000474974513, 177.19739532470703, '2024-04-06 18:07:52')
pval: [0.001] -- 172th test, time elapsed 177.19739532470703 -- emperical power so far: 0.5116279069767442
db insert success
tensor(0.0004, device='cuda:0')
(173, 1000, 0.0009, 1, 500000, 'elltwo', 'bitflip', 0.000396728515625, 0.01100000087171793, 177.68161797523499, '2024-04-06 18:10:56')
pval: [0.011] -- 173th test, time elapsed 177.68161797523499 -- emperical power so far: 0.5144508670520231
db insert success
tensor(-0.0001, device='cuda:0')
(174, 1000, 0.0009, 1, 500000, 'elltwo', 'bitflip', -0.0001220703125, 0.0010000000474974513, 177.24695992469788, '2024-04-06 18:14:03')
pval: [0.001] -- 174th test, time elapsed 177.24695992469788 -- emperical power so far: 0.5172413793103449
db insert success
tensor(-0.0002, device='cuda:0')
(175, 1000, 0.0009, 1, 500000, 'elltwo', 'bitflip', -0.000152587890625, 0.0010000000474974513, 177.3496916294098, '2024-04-06 18:17:18')
pval: [0.001] -- 175th test, time elapsed 177.3496916294098 -- emperical power so far: 0.52
db insert success
tensor(0.0004, device='cuda:0')
(176, 1000, 0.0009, 1, 500000, 'elltwo', 'bitflip', 0.00042724609375, 0.0010000000474974513, 177.1206409931183, '2024-04-06 18:20:30')
pval: [0.001] -- 176th test, time elapsed 177.1206409931183 -- emperical power so far: 0.5227272727272727
db insert success
tensor(0.0004, device='cuda:0')
(177, 1000, 0.0009, 1, 500000, 'elltwo', 'bitflip', 0.00042724609375, 0.0010000000474974513, 177.18994426727295, '2024-04-06 18:23:42')
pval: [0.001] -- 177th test, time elapsed 177.18994426727295 -- emperical power so far: 0.5254237288135594
db insert success
tensor(-0.0002, device='cuda:0')
(178, 1000, 0.0009, 1, 500000, 'elltwo', 'bitflip', -0.000152587890625, 0.19700001180171967, 177.04157519340515, '2024-04-06 18:26:54')
pval: [0.19700001] -- 178th test, time elapsed 177.04157519340515 -- emperical power so far: 0.5224719101123596
db insert success
tensor(0.0004, device='cuda:0')
(179, 1000, 0.0009, 1, 500000, 'elltwo', 'bitflip', 0.00042724609375, 0.0010000000474974513, 177.1717085838318, '2024-04-06 18:30:06')
pval: [0.001] -- 179th test, time elapsed 177.1717085838318 -- emperical power so far: 0.5251396648044693
db insert success
tensor(-0.0001, device='cuda:0')
(180, 1000, 0.0009, 1, 500000, 'elltwo', 'bitflip', -0.0001220703125, 0.058000002056360245, 177.44004011154175, '2024-04-06 18:33:19')
pval: [0.058] -- 180th test, time elapsed 177.44004011154175 -- emperical power so far: 0.5222222222222223
db insert success
tensor(-0.0002, device='cuda:0')
(181, 1000, 0.0009, 1, 500000, 'elltwo', 'bitflip', -0.000152587890625, 0.20900000631809235, 177.45345640182495, '2024-04-06 18:36:29')
pval: [0.20900001] -- 181th test, time elapsed 177.45345640182495 -- emperical power so far: 0.5193370165745856
db insert success
tensor(-0.0002, device='cuda:0')
(182, 1000, 0.0009, 1, 500000, 'elltwo', 'bitflip', -0.000152587890625, 0.0010000000474974513, 177.0973663330078, '2024-04-06 18:39:40')
pval: [0.001] -- 182th test, time elapsed 177.0973663330078 -- emperical power so far: 0.521978021978022
db insert success
tensor(-0.0002, device='cuda:0')
(183, 1000, 0.0009, 1, 500000, 'elltwo', 'bitflip', -0.000152587890625, 0.703000009059906, 177.21150159835815, '2024-04-06 18:42:50')
pval: [0.70300001] -- 183th test, time elapsed 177.21150159835815 -- emperical power so far: 0.5191256830601093
db insert success
tensor(0.0004, device='cuda:0')
(184, 1000, 0.0009, 1, 500000, 'elltwo', 'bitflip', 0.00042724609375, 0.01100000087171793, 177.34410405158997, '2024-04-06 18:46:03')
pval: [0.011] -- 184th test, time elapsed 177.34410405158997 -- emperical power so far: 0.5217391304347826
db insert success
tensor(-0.0001, device='cuda:0')
(185, 1000, 0.0009, 1, 500000, 'elltwo', 'bitflip', -0.0001220703125, 0.16200000047683716, 177.54113578796387, '2024-04-06 18:49:21')
pval: [0.162] -- 185th test, time elapsed 177.54113578796387 -- emperical power so far: 0.518918918918919
db insert success
tensor(0.0004, device='cuda:0')
(186, 1000, 0.0009, 1, 500000, 'elltwo', 'bitflip', 0.000396728515625, 0.0010000000474974513, 177.4793860912323, '2024-04-06 18:52:34')
pval: [0.001] -- 186th test, time elapsed 177.4793860912323 -- emperical power so far: 0.521505376344086
db insert success
tensor(0.0004, device='cuda:0')
(187, 1000, 0.0009, 1, 500000, 'elltwo', 'bitflip', 0.000396728515625, 0.2850000262260437, 176.702960729599, '2024-04-06 18:55:34')
pval: [0.28500003] -- 187th test, time elapsed 176.702960729599 -- emperical power so far: 0.5187165775401069
db insert success
tensor(0.0004, device='cuda:0')
(188, 1000, 0.0009, 1, 500000, 'elltwo', 'bitflip', 0.000396728515625, 0.013000000268220901, 177.65923404693604, '2024-04-06 18:58:37')
pval: [0.013] -- 188th test, time elapsed 177.65923404693604 -- emperical power so far: 0.5212765957446809
db insert success
tensor(-0.0002, device='cuda:0')
(189, 1000, 0.0009, 1, 500000, 'elltwo', 'bitflip', -0.000152587890625, 0.2580000162124634, 177.500905752182, '2024-04-06 19:01:52')
pval: [0.25800002] -- 189th test, time elapsed 177.500905752182 -- emperical power so far: 0.5185185185185185
db insert success
tensor(0.0004, device='cuda:0')
(190, 1000, 0.0009, 1, 500000, 'elltwo', 'bitflip', 0.000396728515625, 0.04100000113248825, 177.27281069755554, '2024-04-06 19:05:03')
pval: [0.041] -- 190th test, time elapsed 177.27281069755554 -- emperical power so far: 0.5210526315789473
db insert success
tensor(-0.0001, device='cuda:0')
(191, 1000, 0.0009, 1, 500000, 'elltwo', 'bitflip', -0.0001220703125, 0.0010000000474974513, 177.56496477127075, '2024-04-06 19:08:21')
pval: [0.001] -- 191th test, time elapsed 177.56496477127075 -- emperical power so far: 0.5235602094240838
db insert success
tensor(-0.0001, device='cuda:0')
(192, 1000, 0.0009, 1, 500000, 'elltwo', 'bitflip', -0.0001220703125, 0.0010000000474974513, 177.14404487609863, '2024-04-06 19:11:20')
pval: [0.001] -- 192th test, time elapsed 177.14404487609863 -- emperical power so far: 0.5260416666666666
db insert success
tensor(0.0004, device='cuda:0')
(193, 1000, 0.0009, 1, 500000, 'elltwo', 'bitflip', 0.000396728515625, 0.12300000339746475, 177.3228096961975, '2024-04-06 19:14:24')
pval: [0.123] -- 193th test, time elapsed 177.3228096961975 -- emperical power so far: 0.5233160621761658
db insert success
tensor(-0.0007, device='cuda:0')
(194, 1000, 0.0009, 1, 500000, 'elltwo', 'bitflip', -0.00067138671875, 0.3920000195503235, 177.4617645740509, '2024-04-06 19:17:41')
pval: [0.39200002] -- 194th test, time elapsed 177.4617645740509 -- emperical power so far: 0.520618556701031
db insert success
tensor(-0.0001, device='cuda:0')
(195, 1000, 0.0009, 1, 500000, 'elltwo', 'bitflip', -0.0001220703125, 0.27900001406669617, 177.58093976974487, '2024-04-06 19:20:51')
pval: [0.27900001] -- 195th test, time elapsed 177.58093976974487 -- emperical power so far: 0.517948717948718
db insert success
tensor(-0.0002, device='cuda:0')
(196, 1000, 0.0009, 1, 500000, 'elltwo', 'bitflip', -0.000152587890625, 0.164000004529953, 177.3603057861328, '2024-04-06 19:24:09')
pval: [0.164] -- 196th test, time elapsed 177.3603057861328 -- emperical power so far: 0.5153061224489796
db insert success
tensor(-0.0007, device='cuda:0')
(197, 1000, 0.0009, 1, 500000, 'elltwo', 'bitflip', -0.00067138671875, 0.33400002121925354, 177.62925744056702, '2024-04-06 19:27:11')
pval: [0.33400002] -- 197th test, time elapsed 177.62925744056702 -- emperical power so far: 0.5126903553299492
db insert success
tensor(-0.0001, device='cuda:0')
