cuda:0
cuda:0
tensor([0.0001, 0.0019, 0.0001, 0.0019, 0.0001, 0.0019, 0.0001, 0.0019, 0.0001,
        0.0019, 0.0001, 0.0019, 0.0001, 0.0019, 0.0001, 0.0019, 0.0001, 0.0019,
        0.0001, 0.0019, 0.0001, 0.0019, 0.0001, 0.0019, 0.0001, 0.0019, 0.0001,
        0.0019, 0.0001, 0.0019, 0.0001, 0.0019, 0.0001, 0.0019, 0.0001, 0.0019,
        0.0001, 0.0019, 0.0001, 0.0019, 0.0001, 0.0019, 0.0001, 0.0019, 0.0001,
        0.0019, 0.0001, 0.0019, 0.0001, 0.0019, 0.0001, 0.0019, 0.0001, 0.0019,
        0.0001, 0.0019, 0.0001, 0.0019, 0.0001, 0.0019, 0.0001, 0.0019, 0.0001,
        0.0019, 0.0001, 0.0019, 0.0001, 0.0019, 0.0001, 0.0019, 0.0001, 0.0019,
        0.0001, 0.0019, 0.0001, 0.0019, 0.0001, 0.0019, 0.0001, 0.0019, 0.0001,
        0.0019, 0.0001, 0.0019, 0.0001, 0.0019, 0.0001, 0.0019, 0.0001, 0.0019,
        0.0001, 0.0019, 0.0001, 0.0019, 0.0001, 0.0019, 0.0001, 0.0019, 0.0001,
        0.0019, 0.0001, 0.0019, 0.0001, 0.0019, 0.0001, 0.0019, 0.0001, 0.0019,
        0.0001, 0.0019, 0.0001, 0.0019, 0.0001, 0.0019, 0.0001, 0.0019, 0.0001,
        0.0019, 0.0001, 0.0019, 0.0001, 0.0019, 0.0001, 0.0019, 0.0001, 0.0019,
        0.0001, 0.0019, 0.0001, 0.0019, 0.0001, 0.0019, 0.0001, 0.0019, 0.0001,
        0.0019, 0.0001, 0.0019, 0.0001, 0.0019, 0.0001, 0.0019, 0.0001, 0.0019,
        0.0001, 0.0019, 0.0001, 0.0019, 0.0001, 0.0019, 0.0001, 0.0019, 0.0001,
        0.0019, 0.0001, 0.0019, 0.0001, 0.0019, 0.0001, 0.0019, 0.0001, 0.0019,
        0.0001, 0.0019, 0.0001, 0.0019, 0.0001, 0.0019, 0.0001, 0.0019, 0.0001,
        0.0019, 0.0001, 0.0019, 0.0001, 0.0019, 0.0001, 0.0019, 0.0001, 0.0019,
        0.0001, 0.0019, 0.0001, 0.0019, 0.0001, 0.0019, 0.0001, 0.0019, 0.0001,
        0.0019, 0.0001, 0.0019, 0.0001, 0.0019, 0.0001, 0.0019, 0.0001, 0.0019,
        0.0001, 0.0019, 0.0001, 0.0019, 0.0001, 0.0019, 0.0001, 0.0019, 0.0001,
        0.0019, 0.0001, 0.0019, 0.0001, 0.0019, 0.0001, 0.0019, 0.0001, 0.0019,
        0.0001, 0.0019, 0.0001, 0.0019, 0.0001, 0.0019, 0.0001, 0.0019, 0.0001,
        0.0019, 0.0001, 0.0019, 0.0001, 0.0019, 0.0001, 0.0019, 0.0001, 0.0019,
        0.0001, 0.0019, 0.0001, 0.0019, 0.0001, 0.0019, 0.0001, 0.0019, 0.0001,
        0.0019, 0.0001, 0.0019, 0.0001, 0.0019, 0.0001, 0.0019, 0.0001, 0.0019,
        0.0001, 0.0019, 0.0001, 0.0019, 0.0001, 0.0019, 0.0001, 0.0019, 0.0001,
        0.0019, 0.0001, 0.0019, 0.0001, 0.0019, 0.0001, 0.0019, 0.0001, 0.0019,
        0.0001, 0.0019, 0.0001, 0.0019, 0.0001, 0.0019, 0.0001, 0.0019, 0.0001,
        0.0019, 0.0001, 0.0019, 0.0001, 0.0019, 0.0001, 0.0019, 0.0001, 0.0019,
        0.0001, 0.0019, 0.0001, 0.0019, 0.0001, 0.0019, 0.0001, 0.0019, 0.0001,
        0.0019, 0.0001, 0.0019, 0.0001, 0.0019, 0.0001, 0.0019, 0.0001, 0.0019,
        0.0001, 0.0019, 0.0001, 0.0019, 0.0001, 0.0019, 0.0001, 0.0019, 0.0001,
        0.0019, 0.0001, 0.0019, 0.0001, 0.0019, 0.0001, 0.0019, 0.0001, 0.0019,
        0.0001, 0.0019, 0.0001, 0.0019, 0.0001, 0.0019, 0.0001, 0.0019, 0.0001,
        0.0019, 0.0001, 0.0019, 0.0001, 0.0019, 0.0001, 0.0019, 0.0001, 0.0019,
        0.0001, 0.0019, 0.0001, 0.0019, 0.0001, 0.0019, 0.0001, 0.0019, 0.0001,
        0.0019, 0.0001, 0.0019, 0.0001, 0.0019, 0.0001, 0.0019, 0.0001, 0.0019,
        0.0001, 0.0019, 0.0001, 0.0019, 0.0001, 0.0019, 0.0001, 0.0019, 0.0001,
        0.0019, 0.0001, 0.0019, 0.0001, 0.0019, 0.0001, 0.0019, 0.0001, 0.0019,
        0.0001, 0.0019, 0.0001, 0.0019, 0.0001, 0.0019, 0.0001, 0.0019, 0.0001,
        0.0019, 0.0001, 0.0019, 0.0001, 0.0019, 0.0001, 0.0019, 0.0001, 0.0019,
        0.0001, 0.0019, 0.0001, 0.0019, 0.0001, 0.0019, 0.0001, 0.0019, 0.0001,
        0.0019, 0.0001, 0.0019, 0.0001, 0.0019, 0.0001, 0.0019, 0.0001, 0.0019,
        0.0001, 0.0019, 0.0001, 0.0019, 0.0001, 0.0019, 0.0001, 0.0019, 0.0001,
        0.0019, 0.0001, 0.0019, 0.0001, 0.0019, 0.0001, 0.0019, 0.0001, 0.0019,
        0.0001, 0.0019, 0.0001, 0.0019, 0.0001, 0.0019, 0.0001, 0.0019, 0.0001,
        0.0019, 0.0001, 0.0019, 0.0001, 0.0019, 0.0001, 0.0019, 0.0001, 0.0019,
        0.0001, 0.0019, 0.0001, 0.0019, 0.0001, 0.0019, 0.0001, 0.0019, 0.0001,
        0.0019, 0.0001, 0.0019, 0.0001, 0.0019, 0.0001, 0.0019, 0.0001, 0.0019,
        0.0001, 0.0019, 0.0001, 0.0019, 0.0001, 0.0019, 0.0001, 0.0019, 0.0001,
        0.0019, 0.0001, 0.0019, 0.0001, 0.0019, 0.0001, 0.0019, 0.0001, 0.0019,
        0.0001, 0.0019, 0.0001, 0.0019, 0.0001, 0.0019, 0.0001, 0.0019, 0.0001,
        0.0019, 0.0001, 0.0019, 0.0001, 0.0019, 0.0001, 0.0019, 0.0001, 0.0019,
        0.0001, 0.0019, 0.0001, 0.0019, 0.0001, 0.0019, 0.0001, 0.0019, 0.0001,
        0.0019, 0.0001, 0.0019, 0.0001, 0.0019, 0.0001, 0.0019, 0.0001, 0.0019,
        0.0001, 0.0019, 0.0001, 0.0019, 0.0001, 0.0019, 0.0001, 0.0019, 0.0001,
        0.0019, 0.0001, 0.0019, 0.0001, 0.0019, 0.0001, 0.0019, 0.0001, 0.0019,
        0.0001, 0.0019, 0.0001, 0.0019, 0.0001, 0.0019, 0.0001, 0.0019, 0.0001,
        0.0019, 0.0001, 0.0019, 0.0001, 0.0019, 0.0001, 0.0019, 0.0001, 0.0019,
        0.0001, 0.0019, 0.0001, 0.0019, 0.0001, 0.0019, 0.0001, 0.0019, 0.0001,
        0.0019, 0.0001, 0.0019, 0.0001, 0.0019, 0.0001, 0.0019, 0.0001, 0.0019,
        0.0001, 0.0019, 0.0001, 0.0019, 0.0001, 0.0019, 0.0001, 0.0019, 0.0001,
        0.0019, 0.0001, 0.0019, 0.0001, 0.0019, 0.0001, 0.0019, 0.0001, 0.0019,
        0.0001, 0.0019, 0.0001, 0.0019, 0.0001, 0.0019, 0.0001, 0.0019, 0.0001,
        0.0019, 0.0001, 0.0019, 0.0001, 0.0019, 0.0001, 0.0019, 0.0001, 0.0019,
        0.0001, 0.0019, 0.0001, 0.0019, 0.0001, 0.0019, 0.0001, 0.0019, 0.0001,
        0.0019, 0.0001, 0.0019, 0.0001, 0.0019, 0.0001, 0.0019, 0.0001, 0.0019,
        0.0001, 0.0019, 0.0001, 0.0019, 0.0001, 0.0019, 0.0001, 0.0019, 0.0001,
        0.0019, 0.0001, 0.0019, 0.0001, 0.0019, 0.0001, 0.0019, 0.0001, 0.0019,
        0.0001, 0.0019, 0.0001, 0.0019, 0.0001, 0.0019, 0.0001, 0.0019, 0.0001,
        0.0019, 0.0001, 0.0019, 0.0001, 0.0019, 0.0001, 0.0019, 0.0001, 0.0019,
        0.0001, 0.0019, 0.0001, 0.0019, 0.0001, 0.0019, 0.0001, 0.0019, 0.0001,
        0.0019, 0.0001, 0.0019, 0.0001, 0.0019, 0.0001, 0.0019, 0.0001, 0.0019,
        0.0001, 0.0019, 0.0001, 0.0019, 0.0001, 0.0019, 0.0001, 0.0019, 0.0001,
        0.0019, 0.0001, 0.0019, 0.0001, 0.0019, 0.0001, 0.0019, 0.0001, 0.0019,
        0.0001, 0.0019, 0.0001, 0.0019, 0.0001, 0.0019, 0.0001, 0.0019, 0.0001,
        0.0019, 0.0001, 0.0019, 0.0001, 0.0019, 0.0001, 0.0019, 0.0001, 0.0019,
        0.0001, 0.0019, 0.0001, 0.0019, 0.0001, 0.0019, 0.0001, 0.0019, 0.0001,
        0.0019, 0.0001, 0.0019, 0.0001, 0.0019, 0.0001, 0.0019, 0.0001, 0.0019,
        0.0001, 0.0019, 0.0001, 0.0019, 0.0001, 0.0019, 0.0001, 0.0019, 0.0001,
        0.0019, 0.0001, 0.0019, 0.0001, 0.0019, 0.0001, 0.0019, 0.0001, 0.0019,
        0.0001, 0.0019, 0.0001, 0.0019, 0.0001, 0.0019, 0.0001, 0.0019, 0.0001,
        0.0019, 0.0001, 0.0019, 0.0001, 0.0019, 0.0001, 0.0019, 0.0001, 0.0019,
        0.0001, 0.0019, 0.0001, 0.0019, 0.0001, 0.0019, 0.0001, 0.0019, 0.0001,
        0.0019, 0.0001, 0.0019, 0.0001, 0.0019, 0.0001, 0.0019, 0.0001, 0.0019,
        0.0001, 0.0019, 0.0001, 0.0019, 0.0001, 0.0019, 0.0001, 0.0019, 0.0001,
        0.0019, 0.0001, 0.0019, 0.0001, 0.0019, 0.0001, 0.0019, 0.0001, 0.0019,
        0.0001, 0.0019, 0.0001, 0.0019, 0.0001, 0.0019, 0.0001, 0.0019, 0.0001,
        0.0019, 0.0001, 0.0019, 0.0001, 0.0019, 0.0001, 0.0019, 0.0001, 0.0019,
        0.0001, 0.0019, 0.0001, 0.0019, 0.0001, 0.0019, 0.0001, 0.0019, 0.0001,
        0.0019, 0.0001, 0.0019, 0.0001, 0.0019, 0.0001, 0.0019, 0.0001, 0.0019,
        0.0001, 0.0019, 0.0001, 0.0019, 0.0001, 0.0019, 0.0001, 0.0019, 0.0001,
        0.0019, 0.0001, 0.0019, 0.0001, 0.0019, 0.0001, 0.0019, 0.0001, 0.0019,
        0.0001, 0.0019, 0.0001, 0.0019, 0.0001, 0.0019, 0.0001, 0.0019, 0.0001,
        0.0019, 0.0001, 0.0019, 0.0001, 0.0019, 0.0001, 0.0019, 0.0001, 0.0019,
        0.0001, 0.0019, 0.0001, 0.0019, 0.0001, 0.0019, 0.0001, 0.0019, 0.0001,
        0.0019, 0.0001, 0.0019, 0.0001, 0.0019, 0.0001, 0.0019, 0.0001, 0.0019,
        0.0001, 0.0019, 0.0001, 0.0019, 0.0001, 0.0019, 0.0001, 0.0019, 0.0001,
        0.0019, 0.0001, 0.0019, 0.0001, 0.0019, 0.0001, 0.0019, 0.0001, 0.0019,
        0.0001, 0.0019, 0.0001, 0.0019, 0.0001, 0.0019, 0.0001, 0.0019, 0.0001,
        0.0019, 0.0001, 0.0019, 0.0001, 0.0019, 0.0001, 0.0019, 0.0001, 0.0019,
        0.0001, 0.0019, 0.0001, 0.0019, 0.0001, 0.0019, 0.0001, 0.0019, 0.0001,
        0.0019, 0.0001, 0.0019, 0.0001, 0.0019, 0.0001, 0.0019, 0.0001, 0.0019,
        0.0001, 0.0019, 0.0001, 0.0019, 0.0001, 0.0019, 0.0001, 0.0019, 0.0001,
        0.0019, 0.0001, 0.0019, 0.0001, 0.0019, 0.0001, 0.0019, 0.0001, 0.0019,
        0.0001, 0.0019, 0.0001, 0.0019, 0.0001, 0.0019, 0.0001, 0.0019, 0.0001,
        0.0019, 0.0001, 0.0019, 0.0001, 0.0019, 0.0001, 0.0019, 0.0001, 0.0019,
        0.0001, 0.0019, 0.0001, 0.0019, 0.0001, 0.0019, 0.0001, 0.0019, 0.0001,
        0.0019])
tensor([0.0019, 0.0001, 0.0019, 0.0001, 0.0019, 0.0001, 0.0019, 0.0001, 0.0019,
        0.0001, 0.0019, 0.0001, 0.0019, 0.0001, 0.0019, 0.0001, 0.0019, 0.0001,
        0.0019, 0.0001, 0.0019, 0.0001, 0.0019, 0.0001, 0.0019, 0.0001, 0.0019,
        0.0001, 0.0019, 0.0001, 0.0019, 0.0001, 0.0019, 0.0001, 0.0019, 0.0001,
        0.0019, 0.0001, 0.0019, 0.0001, 0.0019, 0.0001, 0.0019, 0.0001, 0.0019,
        0.0001, 0.0019, 0.0001, 0.0019, 0.0001, 0.0019, 0.0001, 0.0019, 0.0001,
        0.0019, 0.0001, 0.0019, 0.0001, 0.0019, 0.0001, 0.0019, 0.0001, 0.0019,
        0.0001, 0.0019, 0.0001, 0.0019, 0.0001, 0.0019, 0.0001, 0.0019, 0.0001,
        0.0019, 0.0001, 0.0019, 0.0001, 0.0019, 0.0001, 0.0019, 0.0001, 0.0019,
        0.0001, 0.0019, 0.0001, 0.0019, 0.0001, 0.0019, 0.0001, 0.0019, 0.0001,
        0.0019, 0.0001, 0.0019, 0.0001, 0.0019, 0.0001, 0.0019, 0.0001, 0.0019,
        0.0001, 0.0019, 0.0001, 0.0019, 0.0001, 0.0019, 0.0001, 0.0019, 0.0001,
        0.0019, 0.0001, 0.0019, 0.0001, 0.0019, 0.0001, 0.0019, 0.0001, 0.0019,
        0.0001, 0.0019, 0.0001, 0.0019, 0.0001, 0.0019, 0.0001, 0.0019, 0.0001,
        0.0019, 0.0001, 0.0019, 0.0001, 0.0019, 0.0001, 0.0019, 0.0001, 0.0019,
        0.0001, 0.0019, 0.0001, 0.0019, 0.0001, 0.0019, 0.0001, 0.0019, 0.0001,
        0.0019, 0.0001, 0.0019, 0.0001, 0.0019, 0.0001, 0.0019, 0.0001, 0.0019,
        0.0001, 0.0019, 0.0001, 0.0019, 0.0001, 0.0019, 0.0001, 0.0019, 0.0001,
        0.0019, 0.0001, 0.0019, 0.0001, 0.0019, 0.0001, 0.0019, 0.0001, 0.0019,
        0.0001, 0.0019, 0.0001, 0.0019, 0.0001, 0.0019, 0.0001, 0.0019, 0.0001,
        0.0019, 0.0001, 0.0019, 0.0001, 0.0019, 0.0001, 0.0019, 0.0001, 0.0019,
        0.0001, 0.0019, 0.0001, 0.0019, 0.0001, 0.0019, 0.0001, 0.0019, 0.0001,
        0.0019, 0.0001, 0.0019, 0.0001, 0.0019, 0.0001, 0.0019, 0.0001, 0.0019,
        0.0001, 0.0019, 0.0001, 0.0019, 0.0001, 0.0019, 0.0001, 0.0019, 0.0001,
        0.0019, 0.0001, 0.0019, 0.0001, 0.0019, 0.0001, 0.0019, 0.0001, 0.0019,
        0.0001, 0.0019, 0.0001, 0.0019, 0.0001, 0.0019, 0.0001, 0.0019, 0.0001,
        0.0019, 0.0001, 0.0019, 0.0001, 0.0019, 0.0001, 0.0019, 0.0001, 0.0019,
        0.0001, 0.0019, 0.0001, 0.0019, 0.0001, 0.0019, 0.0001, 0.0019, 0.0001,
        0.0019, 0.0001, 0.0019, 0.0001, 0.0019, 0.0001, 0.0019, 0.0001, 0.0019,
        0.0001, 0.0019, 0.0001, 0.0019, 0.0001, 0.0019, 0.0001, 0.0019, 0.0001,
        0.0019, 0.0001, 0.0019, 0.0001, 0.0019, 0.0001, 0.0019, 0.0001, 0.0019,
        0.0001, 0.0019, 0.0001, 0.0019, 0.0001, 0.0019, 0.0001, 0.0019, 0.0001,
        0.0019, 0.0001, 0.0019, 0.0001, 0.0019, 0.0001, 0.0019, 0.0001, 0.0019,
        0.0001, 0.0019, 0.0001, 0.0019, 0.0001, 0.0019, 0.0001, 0.0019, 0.0001,
        0.0019, 0.0001, 0.0019, 0.0001, 0.0019, 0.0001, 0.0019, 0.0001, 0.0019,
        0.0001, 0.0019, 0.0001, 0.0019, 0.0001, 0.0019, 0.0001, 0.0019, 0.0001,
        0.0019, 0.0001, 0.0019, 0.0001, 0.0019, 0.0001, 0.0019, 0.0001, 0.0019,
        0.0001, 0.0019, 0.0001, 0.0019, 0.0001, 0.0019, 0.0001, 0.0019, 0.0001,
        0.0019, 0.0001, 0.0019, 0.0001, 0.0019, 0.0001, 0.0019, 0.0001, 0.0019,
        0.0001, 0.0019, 0.0001, 0.0019, 0.0001, 0.0019, 0.0001, 0.0019, 0.0001,
        0.0019, 0.0001, 0.0019, 0.0001, 0.0019, 0.0001, 0.0019, 0.0001, 0.0019,
        0.0001, 0.0019, 0.0001, 0.0019, 0.0001, 0.0019, 0.0001, 0.0019, 0.0001,
        0.0019, 0.0001, 0.0019, 0.0001, 0.0019, 0.0001, 0.0019, 0.0001, 0.0019,
        0.0001, 0.0019, 0.0001, 0.0019, 0.0001, 0.0019, 0.0001, 0.0019, 0.0001,
        0.0019, 0.0001, 0.0019, 0.0001, 0.0019, 0.0001, 0.0019, 0.0001, 0.0019,
        0.0001, 0.0019, 0.0001, 0.0019, 0.0001, 0.0019, 0.0001, 0.0019, 0.0001,
        0.0019, 0.0001, 0.0019, 0.0001, 0.0019, 0.0001, 0.0019, 0.0001, 0.0019,
        0.0001, 0.0019, 0.0001, 0.0019, 0.0001, 0.0019, 0.0001, 0.0019, 0.0001,
        0.0019, 0.0001, 0.0019, 0.0001, 0.0019, 0.0001, 0.0019, 0.0001, 0.0019,
        0.0001, 0.0019, 0.0001, 0.0019, 0.0001, 0.0019, 0.0001, 0.0019, 0.0001,
        0.0019, 0.0001, 0.0019, 0.0001, 0.0019, 0.0001, 0.0019, 0.0001, 0.0019,
        0.0001, 0.0019, 0.0001, 0.0019, 0.0001, 0.0019, 0.0001, 0.0019, 0.0001,
        0.0019, 0.0001, 0.0019, 0.0001, 0.0019, 0.0001, 0.0019, 0.0001, 0.0019,
        0.0001, 0.0019, 0.0001, 0.0019, 0.0001, 0.0019, 0.0001, 0.0019, 0.0001,
        0.0019, 0.0001, 0.0019, 0.0001, 0.0019, 0.0001, 0.0019, 0.0001, 0.0019,
        0.0001, 0.0019, 0.0001, 0.0019, 0.0001, 0.0019, 0.0001, 0.0019, 0.0001,
        0.0019, 0.0001, 0.0019, 0.0001, 0.0019, 0.0001, 0.0019, 0.0001, 0.0019,
        0.0001, 0.0019, 0.0001, 0.0019, 0.0001, 0.0019, 0.0001, 0.0019, 0.0001,
        0.0019, 0.0001, 0.0019, 0.0001, 0.0019, 0.0001, 0.0019, 0.0001, 0.0019,
        0.0001, 0.0019, 0.0001, 0.0019, 0.0001, 0.0019, 0.0001, 0.0019, 0.0001,
        0.0019, 0.0001, 0.0019, 0.0001, 0.0019, 0.0001, 0.0019, 0.0001, 0.0019,
        0.0001, 0.0019, 0.0001, 0.0019, 0.0001, 0.0019, 0.0001, 0.0019, 0.0001,
        0.0019, 0.0001, 0.0019, 0.0001, 0.0019, 0.0001, 0.0019, 0.0001, 0.0019,
        0.0001, 0.0019, 0.0001, 0.0019, 0.0001, 0.0019, 0.0001, 0.0019, 0.0001,
        0.0019, 0.0001, 0.0019, 0.0001, 0.0019, 0.0001, 0.0019, 0.0001, 0.0019,
        0.0001, 0.0019, 0.0001, 0.0019, 0.0001, 0.0019, 0.0001, 0.0019, 0.0001,
        0.0019, 0.0001, 0.0019, 0.0001, 0.0019, 0.0001, 0.0019, 0.0001, 0.0019,
        0.0001, 0.0019, 0.0001, 0.0019, 0.0001, 0.0019, 0.0001, 0.0019, 0.0001,
        0.0019, 0.0001, 0.0019, 0.0001, 0.0019, 0.0001, 0.0019, 0.0001, 0.0019,
        0.0001, 0.0019, 0.0001, 0.0019, 0.0001, 0.0019, 0.0001, 0.0019, 0.0001,
        0.0019, 0.0001, 0.0019, 0.0001, 0.0019, 0.0001, 0.0019, 0.0001, 0.0019,
        0.0001, 0.0019, 0.0001, 0.0019, 0.0001, 0.0019, 0.0001, 0.0019, 0.0001,
        0.0019, 0.0001, 0.0019, 0.0001, 0.0019, 0.0001, 0.0019, 0.0001, 0.0019,
        0.0001, 0.0019, 0.0001, 0.0019, 0.0001, 0.0019, 0.0001, 0.0019, 0.0001,
        0.0019, 0.0001, 0.0019, 0.0001, 0.0019, 0.0001, 0.0019, 0.0001, 0.0019,
        0.0001, 0.0019, 0.0001, 0.0019, 0.0001, 0.0019, 0.0001, 0.0019, 0.0001,
        0.0019, 0.0001, 0.0019, 0.0001, 0.0019, 0.0001, 0.0019, 0.0001, 0.0019,
        0.0001, 0.0019, 0.0001, 0.0019, 0.0001, 0.0019, 0.0001, 0.0019, 0.0001,
        0.0019, 0.0001, 0.0019, 0.0001, 0.0019, 0.0001, 0.0019, 0.0001, 0.0019,
        0.0001, 0.0019, 0.0001, 0.0019, 0.0001, 0.0019, 0.0001, 0.0019, 0.0001,
        0.0019, 0.0001, 0.0019, 0.0001, 0.0019, 0.0001, 0.0019, 0.0001, 0.0019,
        0.0001, 0.0019, 0.0001, 0.0019, 0.0001, 0.0019, 0.0001, 0.0019, 0.0001,
        0.0019, 0.0001, 0.0019, 0.0001, 0.0019, 0.0001, 0.0019, 0.0001, 0.0019,
        0.0001, 0.0019, 0.0001, 0.0019, 0.0001, 0.0019, 0.0001, 0.0019, 0.0001,
        0.0019, 0.0001, 0.0019, 0.0001, 0.0019, 0.0001, 0.0019, 0.0001, 0.0019,
        0.0001, 0.0019, 0.0001, 0.0019, 0.0001, 0.0019, 0.0001, 0.0019, 0.0001,
        0.0019, 0.0001, 0.0019, 0.0001, 0.0019, 0.0001, 0.0019, 0.0001, 0.0019,
        0.0001, 0.0019, 0.0001, 0.0019, 0.0001, 0.0019, 0.0001, 0.0019, 0.0001,
        0.0019, 0.0001, 0.0019, 0.0001, 0.0019, 0.0001, 0.0019, 0.0001, 0.0019,
        0.0001, 0.0019, 0.0001, 0.0019, 0.0001, 0.0019, 0.0001, 0.0019, 0.0001,
        0.0019, 0.0001, 0.0019, 0.0001, 0.0019, 0.0001, 0.0019, 0.0001, 0.0019,
        0.0001, 0.0019, 0.0001, 0.0019, 0.0001, 0.0019, 0.0001, 0.0019, 0.0001,
        0.0019, 0.0001, 0.0019, 0.0001, 0.0019, 0.0001, 0.0019, 0.0001, 0.0019,
        0.0001, 0.0019, 0.0001, 0.0019, 0.0001, 0.0019, 0.0001, 0.0019, 0.0001,
        0.0019, 0.0001, 0.0019, 0.0001, 0.0019, 0.0001, 0.0019, 0.0001, 0.0019,
        0.0001, 0.0019, 0.0001, 0.0019, 0.0001, 0.0019, 0.0001, 0.0019, 0.0001,
        0.0019, 0.0001, 0.0019, 0.0001, 0.0019, 0.0001, 0.0019, 0.0001, 0.0019,
        0.0001, 0.0019, 0.0001, 0.0019, 0.0001, 0.0019, 0.0001, 0.0019, 0.0001,
        0.0019, 0.0001, 0.0019, 0.0001, 0.0019, 0.0001, 0.0019, 0.0001, 0.0019,
        0.0001, 0.0019, 0.0001, 0.0019, 0.0001, 0.0019, 0.0001, 0.0019, 0.0001,
        0.0019, 0.0001, 0.0019, 0.0001, 0.0019, 0.0001, 0.0019, 0.0001, 0.0019,
        0.0001, 0.0019, 0.0001, 0.0019, 0.0001, 0.0019, 0.0001, 0.0019, 0.0001,
        0.0019, 0.0001, 0.0019, 0.0001, 0.0019, 0.0001, 0.0019, 0.0001, 0.0019,
        0.0001, 0.0019, 0.0001, 0.0019, 0.0001, 0.0019, 0.0001, 0.0019, 0.0001,
        0.0019, 0.0001, 0.0019, 0.0001, 0.0019, 0.0001, 0.0019, 0.0001, 0.0019,
        0.0001, 0.0019, 0.0001, 0.0019, 0.0001, 0.0019, 0.0001, 0.0019, 0.0001,
        0.0019, 0.0001, 0.0019, 0.0001, 0.0019, 0.0001, 0.0019, 0.0001, 0.0019,
        0.0001, 0.0019, 0.0001, 0.0019, 0.0001, 0.0019, 0.0001, 0.0019, 0.0001,
        0.0019, 0.0001, 0.0019, 0.0001, 0.0019, 0.0001, 0.0019, 0.0001, 0.0019,
        0.0001, 0.0019, 0.0001, 0.0019, 0.0001, 0.0019, 0.0001, 0.0019, 0.0001,
        0.0019, 0.0001, 0.0019, 0.0001, 0.0019, 0.0001, 0.0019, 0.0001, 0.0019,
        0.0001])
bitflipprojchi, alpha=2, sample size=80000
#########################################
tensor(1145.1783, device='cuda:0')
(1, 1000, 0.0009, 2, 80000, 'projchi', 'bitflip', 1145.1783447265625, 0.0010000000474974513, 44.19819784164429, '2024-03-17 17:59:19')
pval: [0.001] -- 1th test, time elapsed 44.19819784164429 -- emperical power so far: 1.0
db insert success
tensor(1085.0865, device='cuda:0')
(2, 1000, 0.0009, 2, 80000, 'projchi', 'bitflip', 1085.0865478515625, 0.027000000700354576, 55.43373680114746, '2024-03-17 17:59:52')
pval: [0.027] -- 2th test, time elapsed 55.43373680114746 -- emperical power so far: 1.0
db insert success
tensor(1092.7644, device='cuda:0')
(3, 1000, 0.0009, 2, 80000, 'projchi', 'bitflip', 1092.764404296875, 0.018000001087784767, 99.85926795005798, '2024-03-17 18:00:55')
pval: [0.018] -- 3th test, time elapsed 99.85926795005798 -- emperical power so far: 1.0
db insert success
tensor(1217.6049, device='cuda:0')
(4, 1000, 0.0009, 2, 80000, 'projchi', 'bitflip', 1217.6048583984375, 0.0010000000474974513, 108.81738138198853, '2024-03-17 18:02:43')
pval: [0.001] -- 4th test, time elapsed 108.81738138198853 -- emperical power so far: 1.0
db insert success
tensor(1170.2089, device='cuda:0')
(5, 1000, 0.0009, 2, 80000, 'projchi', 'bitflip', 1170.2088623046875, 0.0020000000949949026, 108.39530301094055, '2024-03-17 18:04:42')
pval: [0.002] -- 5th test, time elapsed 108.39530301094055 -- emperical power so far: 1.0
db insert success
tensor(1144.9833, device='cuda:0')
(6, 1000, 0.0009, 2, 80000, 'projchi', 'bitflip', 1144.9832763671875, 0.0010000000474974513, 108.55620241165161, '2024-03-17 18:06:37')
pval: [0.001] -- 6th test, time elapsed 108.55620241165161 -- emperical power so far: 1.0
db insert success
tensor(1185.5906, device='cuda:0')
(7, 1000, 0.0009, 2, 80000, 'projchi', 'bitflip', 1185.590576171875, 0.0010000000474974513, 84.22575831413269, '2024-03-17 18:08:32')
pval: [0.001] -- 7th test, time elapsed 84.22575831413269 -- emperical power so far: 1.0
db insert success
tensor(1192.5278, device='cuda:0')
(8, 1000, 0.0009, 2, 80000, 'projchi', 'bitflip', 1192.52783203125, 0.0010000000474974513, 104.11502981185913, '2024-03-17 18:10:01')
pval: [0.001] -- 8th test, time elapsed 104.11502981185913 -- emperical power so far: 1.0
db insert success
tensor(1253.4918, device='cuda:0')
(9, 1000, 0.0009, 2, 80000, 'projchi', 'bitflip', 1253.4918212890625, 0.0010000000474974513, 98.0083749294281, '2024-03-17 18:11:47')
pval: [0.001] -- 9th test, time elapsed 98.0083749294281 -- emperical power so far: 1.0
db insert success
tensor(1132.5243, device='cuda:0')
(10, 1000, 0.0009, 2, 80000, 'projchi', 'bitflip', 1132.5242919921875, 0.004000000189989805, 107.68587923049927, '2024-03-17 18:13:25')
pval: [0.004] -- 10th test, time elapsed 107.68587923049927 -- emperical power so far: 1.0
db insert success
tensor(1157.9183, device='cuda:0')
(11, 1000, 0.0009, 2, 80000, 'projchi', 'bitflip', 1157.9183349609375, 0.0010000000474974513, 66.58667349815369, '2024-03-17 18:15:15')
pval: [0.001] -- 11th test, time elapsed 66.58667349815369 -- emperical power so far: 1.0
db insert success
tensor(1114.1084, device='cuda:0')
(12, 1000, 0.0009, 2, 80000, 'projchi', 'bitflip', 1114.1083984375, 0.006000000052154064, 107.6727225780487, '2024-03-17 18:16:29')
pval: [0.006] -- 12th test, time elapsed 107.6727225780487 -- emperical power so far: 1.0
db insert success
tensor(1061.1187, device='cuda:0')
(13, 1000, 0.0009, 2, 80000, 'projchi', 'bitflip', 1061.11865234375, 0.0820000022649765, 93.30446004867554, '2024-03-17 18:18:27')
pval: [0.082] -- 13th test, time elapsed 93.30446004867554 -- emperical power so far: 0.9230769230769231
db insert success
tensor(1099.6930, device='cuda:0')
(14, 1000, 0.0009, 2, 80000, 'projchi', 'bitflip', 1099.6929931640625, 0.013000000268220901, 91.6012499332428, '2024-03-17 18:20:08')
pval: [0.013] -- 14th test, time elapsed 91.6012499332428 -- emperical power so far: 0.9285714285714286
db insert success
tensor(1068.8054, device='cuda:0')
(15, 1000, 0.0009, 2, 80000, 'projchi', 'bitflip', 1068.805419921875, 0.06800000369548798, 109.1403214931488, '2024-03-17 18:21:46')
pval: [0.068] -- 15th test, time elapsed 109.1403214931488 -- emperical power so far: 0.8666666666666667
db insert success
tensor(1249.2759, device='cuda:0')
(16, 1000, 0.0009, 2, 80000, 'projchi', 'bitflip', 1249.27587890625, 0.0010000000474974513, 109.19048833847046, '2024-03-17 18:23:44')
pval: [0.001] -- 16th test, time elapsed 109.19048833847046 -- emperical power so far: 0.875
db insert success
tensor(1119.2732, device='cuda:0')
(17, 1000, 0.0009, 2, 80000, 'projchi', 'bitflip', 1119.273193359375, 0.004000000189989805, 78.82809281349182, '2024-03-17 18:25:40')
pval: [0.004] -- 17th test, time elapsed 78.82809281349182 -- emperical power so far: 0.8823529411764706
db insert success
tensor(1145.5453, device='cuda:0')
(18, 1000, 0.0009, 2, 80000, 'projchi', 'bitflip', 1145.5452880859375, 0.0020000000949949026, 104.68252801895142, '2024-03-17 18:27:03')
pval: [0.002] -- 18th test, time elapsed 104.68252801895142 -- emperical power so far: 0.8888888888888888
db insert success
tensor(1102.3713, device='cuda:0')
(19, 1000, 0.0009, 2, 80000, 'projchi', 'bitflip', 1102.371337890625, 0.006000000052154064, 67.72606897354126, '2024-03-17 18:28:58')
pval: [0.006] -- 19th test, time elapsed 67.72606897354126 -- emperical power so far: 0.8947368421052632
db insert success
tensor(1148.1680, device='cuda:0')
(20, 1000, 0.0009, 2, 80000, 'projchi', 'bitflip', 1148.16796875, 0.003000000026077032, 109.01953721046448, '2024-03-17 18:30:12')
pval: [0.003] -- 20th test, time elapsed 109.01953721046448 -- emperical power so far: 0.9
db insert success
tensor(1124.6495, device='cuda:0')
(21, 1000, 0.0009, 2, 80000, 'projchi', 'bitflip', 1124.6495361328125, 0.006000000052154064, 77.50734066963196, '2024-03-17 18:32:04')
pval: [0.006] -- 21th test, time elapsed 77.50734066963196 -- emperical power so far: 0.9047619047619048
db insert success
tensor(1052.4796, device='cuda:0')
(22, 1000, 0.0009, 2, 80000, 'projchi', 'bitflip', 1052.4796142578125, 0.12000000476837158, 87.5966203212738, '2024-03-17 18:33:23')
pval: [0.12] -- 22th test, time elapsed 87.5966203212738 -- emperical power so far: 0.8636363636363636
db insert success
tensor(1162.9214, device='cuda:0')
(23, 1000, 0.0009, 2, 80000, 'projchi', 'bitflip', 1162.92138671875, 0.0020000000949949026, 108.08103704452515, '2024-03-17 18:34:58')
pval: [0.002] -- 23th test, time elapsed 108.08103704452515 -- emperical power so far: 0.8695652173913043
db insert success
tensor(1075.3193, device='cuda:0')
(24, 1000, 0.0009, 2, 80000, 'projchi', 'bitflip', 1075.3193359375, 0.052000001072883606, 108.81780433654785, '2024-03-17 18:36:56')
pval: [0.052] -- 24th test, time elapsed 108.81780433654785 -- emperical power so far: 0.8333333333333334
db insert success
tensor(1149.5635, device='cuda:0')
(25, 1000, 0.0009, 2, 80000, 'projchi', 'bitflip', 1149.5634765625, 0.0010000000474974513, 73.82803010940552, '2024-03-17 18:38:47')
pval: [0.001] -- 25th test, time elapsed 73.82803010940552 -- emperical power so far: 0.84
db insert success
tensor(1173.9429, device='cuda:0')
(26, 1000, 0.0009, 2, 80000, 'projchi', 'bitflip', 1173.94287109375, 0.0010000000474974513, 91.2700731754303, '2024-03-17 18:40:06')
pval: [0.001] -- 26th test, time elapsed 91.2700731754303 -- emperical power so far: 0.8461538461538461
db insert success
tensor(1222.7311, device='cuda:0')
(27, 1000, 0.0009, 2, 80000, 'projchi', 'bitflip', 1222.7310791015625, 0.0010000000474974513, 109.59337115287781, '2024-03-17 18:41:38')
pval: [0.001] -- 27th test, time elapsed 109.59337115287781 -- emperical power so far: 0.8518518518518519
db insert success
tensor(1082.4874, device='cuda:0')
(28, 1000, 0.0009, 2, 80000, 'projchi', 'bitflip', 1082.4874267578125, 0.04400000348687172, 108.07133269309998, '2024-03-17 18:43:33')
pval: [0.044] -- 28th test, time elapsed 108.07133269309998 -- emperical power so far: 0.8571428571428571
db insert success
tensor(1111.3738, device='cuda:0')
(29, 1000, 0.0009, 2, 80000, 'projchi', 'bitflip', 1111.373779296875, 0.007000000216066837, 109.68515753746033, '2024-03-17 18:45:32')
pval: [0.007] -- 29th test, time elapsed 109.68515753746033 -- emperical power so far: 0.8620689655172413
db insert success
tensor(1154.0795, device='cuda:0')
(30, 1000, 0.0009, 2, 80000, 'projchi', 'bitflip', 1154.0794677734375, 0.0020000000949949026, 78.20520663261414, '2024-03-17 18:47:24')
pval: [0.002] -- 30th test, time elapsed 78.20520663261414 -- emperical power so far: 0.8666666666666667
db insert success
tensor(1212.4302, device='cuda:0')
(31, 1000, 0.0009, 2, 80000, 'projchi', 'bitflip', 1212.43017578125, 0.0010000000474974513, 79.24116253852844, '2024-03-17 18:48:52')
pval: [0.001] -- 31th test, time elapsed 79.24116253852844 -- emperical power so far: 0.8709677419354839
db insert success
tensor(1165.9393, device='cuda:0')
(32, 1000, 0.0009, 2, 80000, 'projchi', 'bitflip', 1165.9393310546875, 0.0010000000474974513, 110.69389724731445, '2024-03-17 18:50:13')
pval: [0.001] -- 32th test, time elapsed 110.69389724731445 -- emperical power so far: 0.875
db insert success
tensor(1113.2435, device='cuda:0')
(33, 1000, 0.0009, 2, 80000, 'projchi', 'bitflip', 1113.2435302734375, 0.00800000037997961, 108.9924943447113, '2024-03-17 18:52:13')
pval: [0.008] -- 33th test, time elapsed 108.9924943447113 -- emperical power so far: 0.8787878787878788
db insert success
tensor(1076.9244, device='cuda:0')
(34, 1000, 0.0009, 2, 80000, 'projchi', 'bitflip', 1076.9244384765625, 0.04500000178813934, 75.36266326904297, '2024-03-17 18:54:07')
pval: [0.045] -- 34th test, time elapsed 75.36266326904297 -- emperical power so far: 0.8823529411764706
db insert success
tensor(1271.7926, device='cuda:0')
(35, 1000, 0.0009, 2, 80000, 'projchi', 'bitflip', 1271.7926025390625, 0.0010000000474974513, 95.28468680381775, '2024-03-17 18:55:27')
pval: [0.001] -- 35th test, time elapsed 95.28468680381775 -- emperical power so far: 0.8857142857142857
db insert success
tensor(1128.7566, device='cuda:0')
(36, 1000, 0.0009, 2, 80000, 'projchi', 'bitflip', 1128.756591796875, 0.003000000026077032, 93.13738179206848, '2024-03-17 18:57:09')
pval: [0.003] -- 36th test, time elapsed 93.13738179206848 -- emperical power so far: 0.8888888888888888
db insert success
tensor(1071.6942, device='cuda:0')
(37, 1000, 0.0009, 2, 80000, 'projchi', 'bitflip', 1071.6942138671875, 0.05400000140070915, 108.79531240463257, '2024-03-17 18:58:48')
pval: [0.054] -- 37th test, time elapsed 108.79531240463257 -- emperical power so far: 0.8648648648648649
db insert success
tensor(1223.6252, device='cuda:0')
(38, 1000, 0.0009, 2, 80000, 'projchi', 'bitflip', 1223.625244140625, 0.0010000000474974513, 108.44390320777893, '2024-03-17 19:00:47')
pval: [0.001] -- 38th test, time elapsed 108.44390320777893 -- emperical power so far: 0.868421052631579
db insert success
tensor(1255.0260, device='cuda:0')
(39, 1000, 0.0009, 2, 80000, 'projchi', 'bitflip', 1255.0260009765625, 0.0010000000474974513, 82.88706851005554, '2024-03-17 19:02:38')
pval: [0.001] -- 39th test, time elapsed 82.88706851005554 -- emperical power so far: 0.8717948717948718
db insert success
tensor(1235.9255, device='cuda:0')
(40, 1000, 0.0009, 2, 80000, 'projchi', 'bitflip', 1235.925537109375, 0.0010000000474974513, 104.54509830474854, '2024-03-17 19:04:04')
pval: [0.001] -- 40th test, time elapsed 104.54509830474854 -- emperical power so far: 0.875
db insert success
tensor(1143.9541, device='cuda:0')
(41, 1000, 0.0009, 2, 80000, 'projchi', 'bitflip', 1143.9541015625, 0.0010000000474974513, 89.88650345802307, '2024-03-17 19:05:58')
pval: [0.001] -- 41th test, time elapsed 89.88650345802307 -- emperical power so far: 0.8780487804878049
db insert success
tensor(1161.5807, device='cuda:0')
(42, 1000, 0.0009, 2, 80000, 'projchi', 'bitflip', 1161.5806884765625, 0.0010000000474974513, 108.5832724571228, '2024-03-17 19:07:33')
pval: [0.001] -- 42th test, time elapsed 108.5832724571228 -- emperical power so far: 0.8809523809523809
db insert success
tensor(1138.4023, device='cuda:0')
(43, 1000, 0.0009, 2, 80000, 'projchi', 'bitflip', 1138.40234375, 0.003000000026077032, 90.03625917434692, '2024-03-17 19:09:25')
pval: [0.003] -- 43th test, time elapsed 90.03625917434692 -- emperical power so far: 0.8837209302325582
db insert success
tensor(1212.5593, device='cuda:0')
(44, 1000, 0.0009, 2, 80000, 'projchi', 'bitflip', 1212.559326171875, 0.0010000000474974513, 104.02291059494019, '2024-03-17 19:10:59')
pval: [0.001] -- 44th test, time elapsed 104.02291059494019 -- emperical power so far: 0.8863636363636364
db insert success
tensor(1042.2693, device='cuda:0')
(45, 1000, 0.0009, 2, 80000, 'projchi', 'bitflip', 1042.269287109375, 0.16500000655651093, 90.15203762054443, '2024-03-17 19:12:46')
pval: [0.16500001] -- 45th test, time elapsed 90.15203762054443 -- emperical power so far: 0.8666666666666667
db insert success
tensor(1172.4819, device='cuda:0')
(46, 1000, 0.0009, 2, 80000, 'projchi', 'bitflip', 1172.48193359375, 0.0010000000474974513, 110.31543946266174, '2024-03-17 19:14:21')
pval: [0.001] -- 46th test, time elapsed 110.31543946266174 -- emperical power so far: 0.8695652173913043
db insert success
tensor(1175.6257, device='cuda:0')
(47, 1000, 0.0009, 2, 80000, 'projchi', 'bitflip', 1175.625732421875, 0.0010000000474974513, 108.82337188720703, '2024-03-17 19:16:20')
pval: [0.001] -- 47th test, time elapsed 108.82337188720703 -- emperical power so far: 0.8723404255319149
db insert success
tensor(1136.1979, device='cuda:0')
(48, 1000, 0.0009, 2, 80000, 'projchi', 'bitflip', 1136.1978759765625, 0.003000000026077032, 109.48905754089355, '2024-03-17 19:18:18')
pval: [0.003] -- 48th test, time elapsed 109.48905754089355 -- emperical power so far: 0.875
db insert success
tensor(1121.9293, device='cuda:0')
(49, 1000, 0.0009, 2, 80000, 'projchi', 'bitflip', 1121.9293212890625, 0.004000000189989805, 77.15142822265625, '2024-03-17 19:20:12')
pval: [0.004] -- 49th test, time elapsed 77.15142822265625 -- emperical power so far: 0.8775510204081632
db insert success
tensor(1073.6335, device='cuda:0')
(50, 1000, 0.0009, 2, 80000, 'projchi', 'bitflip', 1073.633544921875, 0.049000002443790436, 89.26183915138245, '2024-03-17 19:21:34')
pval: [0.049] -- 50th test, time elapsed 89.26183915138245 -- emperical power so far: 0.88
db insert success
tensor(1100.6294, device='cuda:0')
(51, 1000, 0.0009, 2, 80000, 'projchi', 'bitflip', 1100.62939453125, 0.02200000174343586, 107.38174080848694, '2024-03-17 19:23:07')
pval: [0.022] -- 51th test, time elapsed 107.38174080848694 -- emperical power so far: 0.8823529411764706
db insert success
tensor(1110.9868, device='cuda:0')
(52, 1000, 0.0009, 2, 80000, 'projchi', 'bitflip', 1110.98681640625, 0.009000000543892384, 110.2033998966217, '2024-03-17 19:25:00')
pval: [0.009] -- 52th test, time elapsed 110.2033998966217 -- emperical power so far: 0.8846153846153846
db insert success
tensor(1124.4037, device='cuda:0')
(53, 1000, 0.0009, 2, 80000, 'projchi', 'bitflip', 1124.4036865234375, 0.003000000026077032, 67.46901798248291, '2024-03-17 19:26:53')
pval: [0.003] -- 53th test, time elapsed 67.46901798248291 -- emperical power so far: 0.8867924528301887
db insert success
tensor(1165.3501, device='cuda:0')
(54, 1000, 0.0009, 2, 80000, 'projchi', 'bitflip', 1165.35009765625, 0.0010000000474974513, 109.06247615814209, '2024-03-17 19:28:02')
pval: [0.001] -- 54th test, time elapsed 109.06247615814209 -- emperical power so far: 0.8888888888888888
db insert success
tensor(1043.3330, device='cuda:0')
(55, 1000, 0.0009, 2, 80000, 'projchi', 'bitflip', 1043.3330078125, 0.17500001192092896, 107.36162042617798, '2024-03-17 19:29:56')
pval: [0.17500001] -- 55th test, time elapsed 107.36162042617798 -- emperical power so far: 0.8727272727272727
db insert success
tensor(1095.6267, device='cuda:0')
(56, 1000, 0.0009, 2, 80000, 'projchi', 'bitflip', 1095.626708984375, 0.014000000432133675, 75.63935565948486, '2024-03-17 19:31:49')
pval: [0.014] -- 56th test, time elapsed 75.63935565948486 -- emperical power so far: 0.875
db insert success
tensor(1178.5054, device='cuda:0')
(57, 1000, 0.0009, 2, 80000, 'projchi', 'bitflip', 1178.50537109375, 0.0010000000474974513, 100.23571753501892, '2024-03-17 19:33:13')
pval: [0.001] -- 57th test, time elapsed 100.23571753501892 -- emperical power so far: 0.8771929824561403
db insert success
tensor(1154.8669, device='cuda:0')
(58, 1000, 0.0009, 2, 80000, 'projchi', 'bitflip', 1154.866943359375, 0.0010000000474974513, 94.7710394859314, '2024-03-17 19:34:58')
pval: [0.001] -- 58th test, time elapsed 94.7710394859314 -- emperical power so far: 0.8793103448275862
db insert success
tensor(1128.9723, device='cuda:0')
(59, 1000, 0.0009, 2, 80000, 'projchi', 'bitflip', 1128.9722900390625, 0.0020000000949949026, 108.92583584785461, '2024-03-17 19:36:38')
pval: [0.002] -- 59th test, time elapsed 108.92583584785461 -- emperical power so far: 0.8813559322033898
db insert success
tensor(1152.9573, device='cuda:0')
(60, 1000, 0.0009, 2, 80000, 'projchi', 'bitflip', 1152.957275390625, 0.0010000000474974513, 100.89520621299744, '2024-03-17 19:38:32')
pval: [0.001] -- 60th test, time elapsed 100.89520621299744 -- emperical power so far: 0.8833333333333333
db insert success
tensor(1120.7415, device='cuda:0')
(61, 1000, 0.0009, 2, 80000, 'projchi', 'bitflip', 1120.741455078125, 0.0010000000474974513, 104.98893475532532, '2024-03-17 19:40:21')
pval: [0.001] -- 61th test, time elapsed 104.98893475532532 -- emperical power so far: 0.8852459016393442
db insert success
tensor(1091.6450, device='cuda:0')
(62, 1000, 0.0009, 2, 80000, 'projchi', 'bitflip', 1091.64501953125, 0.027000000700354576, 74.23988771438599, '2024-03-17 19:42:11')
pval: [0.027] -- 62th test, time elapsed 74.23988771438599 -- emperical power so far: 0.8870967741935484
db insert success
tensor(1079.5573, device='cuda:0')
(63, 1000, 0.0009, 2, 80000, 'projchi', 'bitflip', 1079.5572509765625, 0.02500000037252903, 105.54323863983154, '2024-03-17 19:43:28')
pval: [0.025] -- 63th test, time elapsed 105.54323863983154 -- emperical power so far: 0.8888888888888888
db insert success
tensor(1165.4929, device='cuda:0')
(64, 1000, 0.0009, 2, 80000, 'projchi', 'bitflip', 1165.492919921875, 0.0010000000474974513, 107.90536165237427, '2024-03-17 19:45:18')
pval: [0.001] -- 64th test, time elapsed 107.90536165237427 -- emperical power so far: 0.890625
db insert success
tensor(1178.9709, device='cuda:0')
(65, 1000, 0.0009, 2, 80000, 'projchi', 'bitflip', 1178.970947265625, 0.0010000000474974513, 73.89388179779053, '2024-03-17 19:47:09')
pval: [0.001] -- 65th test, time elapsed 73.89388179779053 -- emperical power so far: 0.8923076923076924
db insert success
tensor(1183.8572, device='cuda:0')
(66, 1000, 0.0009, 2, 80000, 'projchi', 'bitflip', 1183.857177734375, 0.0010000000474974513, 107.18604373931885, '2024-03-17 19:48:25')
pval: [0.001] -- 66th test, time elapsed 107.18604373931885 -- emperical power so far: 0.8939393939393939
db insert success
tensor(1152.1984, device='cuda:0')
(67, 1000, 0.0009, 2, 80000, 'projchi', 'bitflip', 1152.1983642578125, 0.0010000000474974513, 108.63145923614502, '2024-03-17 19:50:18')
pval: [0.001] -- 67th test, time elapsed 108.63145923614502 -- emperical power so far: 0.8955223880597015
db insert success
tensor(1093.1780, device='cuda:0')
(68, 1000, 0.0009, 2, 80000, 'projchi', 'bitflip', 1093.177978515625, 0.013000000268220901, 89.33856701850891, '2024-03-17 19:52:12')
pval: [0.013] -- 68th test, time elapsed 89.33856701850891 -- emperical power so far: 0.8970588235294118
db insert success
tensor(1124.2135, device='cuda:0')
(69, 1000, 0.0009, 2, 80000, 'projchi', 'bitflip', 1124.2135009765625, 0.006000000052154064, 82.45697450637817, '2024-03-17 19:53:49')
pval: [0.006] -- 69th test, time elapsed 82.45697450637817 -- emperical power so far: 0.8985507246376812
db insert success
tensor(1157.8047, device='cuda:0')
(70, 1000, 0.0009, 2, 80000, 'projchi', 'bitflip', 1157.8046875, 0.0010000000474974513, 110.0606336593628, '2024-03-17 19:55:13')
pval: [0.001] -- 70th test, time elapsed 110.0606336593628 -- emperical power so far: 0.9
db insert success
tensor(1093.0392, device='cuda:0')
(71, 1000, 0.0009, 2, 80000, 'projchi', 'bitflip', 1093.0391845703125, 0.021000001579523087, 106.80236196517944, '2024-03-17 19:57:06')
pval: [0.021] -- 71th test, time elapsed 106.80236196517944 -- emperical power so far: 0.9014084507042254
db insert success
tensor(1180.5775, device='cuda:0')
(72, 1000, 0.0009, 2, 80000, 'projchi', 'bitflip', 1180.5775146484375, 0.0010000000474974513, 104.85384368896484, '2024-03-17 19:59:00')
pval: [0.001] -- 72th test, time elapsed 104.85384368896484 -- emperical power so far: 0.9027777777777778
db insert success
tensor(1092.9583, device='cuda:0')
(73, 1000, 0.0009, 2, 80000, 'projchi', 'bitflip', 1092.958251953125, 0.01600000075995922, 108.18710923194885, '2024-03-17 20:00:54')
pval: [0.016] -- 73th test, time elapsed 108.18710923194885 -- emperical power so far: 0.9041095890410958
db insert success
tensor(1142.2864, device='cuda:0')
(74, 1000, 0.0009, 2, 80000, 'projchi', 'bitflip', 1142.286376953125, 0.003000000026077032, 84.3591194152832, '2024-03-17 20:02:51')
pval: [0.003] -- 74th test, time elapsed 84.3591194152832 -- emperical power so far: 0.9054054054054054
db insert success
tensor(1215.5913, device='cuda:0')
(75, 1000, 0.0009, 2, 80000, 'projchi', 'bitflip', 1215.59130859375, 0.0010000000474974513, 87.44468665122986, '2024-03-17 20:04:26')
pval: [0.001] -- 75th test, time elapsed 87.44468665122986 -- emperical power so far: 0.9066666666666666
db insert success
tensor(1084.2532, device='cuda:0')
(76, 1000, 0.0009, 2, 80000, 'projchi', 'bitflip', 1084.253173828125, 0.04100000113248825, 68.53516387939453, '2024-03-17 20:05:59')
pval: [0.041] -- 76th test, time elapsed 68.53516387939453 -- emperical power so far: 0.9078947368421053
db insert success
tensor(1198.9070, device='cuda:0')
(77, 1000, 0.0009, 2, 80000, 'projchi', 'bitflip', 1198.906982421875, 0.0010000000474974513, 107.72495794296265, '2024-03-17 20:07:10')
pval: [0.001] -- 77th test, time elapsed 107.72495794296265 -- emperical power so far: 0.9090909090909091
db insert success
tensor(1130.7632, device='cuda:0')
(78, 1000, 0.0009, 2, 80000, 'projchi', 'bitflip', 1130.76318359375, 0.003000000026077032, 109.29517412185669, '2024-03-17 20:09:05')
pval: [0.003] -- 78th test, time elapsed 109.29517412185669 -- emperical power so far: 0.9102564102564102
db insert success
tensor(1218.4490, device='cuda:0')
(79, 1000, 0.0009, 2, 80000, 'projchi', 'bitflip', 1218.448974609375, 0.0010000000474974513, 70.62209105491638, '2024-03-17 20:10:57')
pval: [0.001] -- 79th test, time elapsed 70.62209105491638 -- emperical power so far: 0.9113924050632911
db insert success
tensor(1119.6328, device='cuda:0')
(80, 1000, 0.0009, 2, 80000, 'projchi', 'bitflip', 1119.6328125, 0.005000000353902578, 108.74980449676514, '2024-03-17 20:12:11')
pval: [0.005] -- 80th test, time elapsed 108.74980449676514 -- emperical power so far: 0.9125
db insert success
tensor(1135.1637, device='cuda:0')
(81, 1000, 0.0009, 2, 80000, 'projchi', 'bitflip', 1135.1636962890625, 0.0020000000949949026, 109.7732446193695, '2024-03-17 20:14:05')
pval: [0.002] -- 81th test, time elapsed 109.7732446193695 -- emperical power so far: 0.9135802469135802
db insert success
tensor(1134.2153, device='cuda:0')
(82, 1000, 0.0009, 2, 80000, 'projchi', 'bitflip', 1134.21533203125, 0.0020000000949949026, 110.12335443496704, '2024-03-17 20:16:04')
pval: [0.002] -- 82th test, time elapsed 110.12335443496704 -- emperical power so far: 0.9146341463414634
db insert success
tensor(1119.3134, device='cuda:0')
(83, 1000, 0.0009, 2, 80000, 'projchi', 'bitflip', 1119.3133544921875, 0.003000000026077032, 82.73443984985352, '2024-03-17 20:18:00')
pval: [0.003] -- 83th test, time elapsed 82.73443984985352 -- emperical power so far: 0.9156626506024096
db insert success
tensor(1117.5393, device='cuda:0')
(84, 1000, 0.0009, 2, 80000, 'projchi', 'bitflip', 1117.539306640625, 0.005000000353902578, 88.38308620452881, '2024-03-17 20:19:24')
pval: [0.005] -- 84th test, time elapsed 88.38308620452881 -- emperical power so far: 0.9166666666666666
db insert success
tensor(1194.8784, device='cuda:0')
(85, 1000, 0.0009, 2, 80000, 'projchi', 'bitflip', 1194.87841796875, 0.0010000000474974513, 109.85992741584778, '2024-03-17 20:20:53')
pval: [0.001] -- 85th test, time elapsed 109.85992741584778 -- emperical power so far: 0.9176470588235294
db insert success
tensor(1122.0146, device='cuda:0')
(86, 1000, 0.0009, 2, 80000, 'projchi', 'bitflip', 1122.0146484375, 0.005000000353902578, 110.05309414863586, '2024-03-17 20:22:49')
pval: [0.005] -- 86th test, time elapsed 110.05309414863586 -- emperical power so far: 0.9186046511627907
db insert success
tensor(1134.6161, device='cuda:0')
(87, 1000, 0.0009, 2, 80000, 'projchi', 'bitflip', 1134.6160888671875, 0.0020000000949949026, 107.6118016242981, '2024-03-17 20:24:48')
pval: [0.002] -- 87th test, time elapsed 107.6118016242981 -- emperical power so far: 0.9195402298850575
db insert success
tensor(1120.7653, device='cuda:0')
(88, 1000, 0.0009, 2, 80000, 'projchi', 'bitflip', 1120.7652587890625, 0.005000000353902578, 74.34854507446289, '2024-03-17 20:26:41')
pval: [0.005] -- 88th test, time elapsed 74.34854507446289 -- emperical power so far: 0.9204545454545454
db insert success
tensor(1170.5856, device='cuda:0')
(89, 1000, 0.0009, 2, 80000, 'projchi', 'bitflip', 1170.5855712890625, 0.0010000000474974513, 104.5124089717865, '2024-03-17 20:28:00')
pval: [0.001] -- 89th test, time elapsed 104.5124089717865 -- emperical power so far: 0.9213483146067416
db insert success
tensor(1072.6559, device='cuda:0')
(90, 1000, 0.0009, 2, 80000, 'projchi', 'bitflip', 1072.6558837890625, 0.03800000250339508, 91.32120633125305, '2024-03-17 20:29:54')
pval: [0.038] -- 90th test, time elapsed 91.32120633125305 -- emperical power so far: 0.9222222222222223
db insert success
tensor(1139.8209, device='cuda:0')
(91, 1000, 0.0009, 2, 80000, 'projchi', 'bitflip', 1139.8209228515625, 0.0010000000474974513, 109.37932991981506, '2024-03-17 20:31:28')
pval: [0.001] -- 91th test, time elapsed 109.37932991981506 -- emperical power so far: 0.9230769230769231
db insert success
tensor(1157.5706, device='cuda:0')
(92, 1000, 0.0009, 2, 80000, 'projchi', 'bitflip', 1157.570556640625, 0.0010000000474974513, 90.39180493354797, '2024-03-17 20:33:20')
pval: [0.001] -- 92th test, time elapsed 90.39180493354797 -- emperical power so far: 0.9239130434782609
db insert success
tensor(1185.7656, device='cuda:0')
(93, 1000, 0.0009, 2, 80000, 'projchi', 'bitflip', 1185.765625, 0.0010000000474974513, 85.71319770812988, '2024-03-17 20:34:52')
pval: [0.001] -- 93th test, time elapsed 85.71319770812988 -- emperical power so far: 0.9247311827956989
db insert success
tensor(1162.2609, device='cuda:0')
(94, 1000, 0.0009, 2, 80000, 'projchi', 'bitflip', 1162.2608642578125, 0.0010000000474974513, 108.05755090713501, '2024-03-17 20:36:21')
pval: [0.001] -- 94th test, time elapsed 108.05755090713501 -- emperical power so far: 0.925531914893617
db insert success
tensor(1126.2815, device='cuda:0')
(95, 1000, 0.0009, 2, 80000, 'projchi', 'bitflip', 1126.281494140625, 0.005000000353902578, 79.46395587921143, '2024-03-17 20:38:12')
pval: [0.005] -- 95th test, time elapsed 79.46395587921143 -- emperical power so far: 0.9263157894736842
db insert success
tensor(1166.8313, device='cuda:0')
(96, 1000, 0.0009, 2, 80000, 'projchi', 'bitflip', 1166.831298828125, 0.0010000000474974513, 93.43891429901123, '2024-03-17 20:39:39')
pval: [0.001] -- 96th test, time elapsed 93.43891429901123 -- emperical power so far: 0.9270833333333334
db insert success
tensor(1209.7930, device='cuda:0')
(97, 1000, 0.0009, 2, 80000, 'projchi', 'bitflip', 1209.79296875, 0.0010000000474974513, 94.81930637359619, '2024-03-17 20:41:19')
pval: [0.001] -- 97th test, time elapsed 94.81930637359619 -- emperical power so far: 0.9278350515463918
db insert success
tensor(1134.5265, device='cuda:0')
(98, 1000, 0.0009, 2, 80000, 'projchi', 'bitflip', 1134.5264892578125, 0.003000000026077032, 110.78289699554443, '2024-03-17 20:42:55')
pval: [0.003] -- 98th test, time elapsed 110.78289699554443 -- emperical power so far: 0.9285714285714286
db insert success
tensor(1187.1837, device='cuda:0')
(99, 1000, 0.0009, 2, 80000, 'projchi', 'bitflip', 1187.1837158203125, 0.0010000000474974513, 109.08132028579712, '2024-03-17 20:44:55')
pval: [0.001] -- 99th test, time elapsed 109.08132028579712 -- emperical power so far: 0.9292929292929293
db insert success
tensor(1121.5111, device='cuda:0')
(100, 1000, 0.0009, 2, 80000, 'projchi', 'bitflip', 1121.5111083984375, 0.006000000052154064, 81.211669921875, '2024-03-17 20:46:46')
pval: [0.006] -- 100th test, time elapsed 81.211669921875 -- emperical power so far: 0.93
db insert success
tensor(1194.0226, device='cuda:0')
(101, 1000, 0.0009, 2, 80000, 'projchi', 'bitflip', 1194.0225830078125, 0.0010000000474974513, 97.53984665870667, '2024-03-17 20:48:13')
pval: [0.001] -- 101th test, time elapsed 97.53984665870667 -- emperical power so far: 0.9306930693069307
db insert success
tensor(1108.5187, device='cuda:0')
(102, 1000, 0.0009, 2, 80000, 'projchi', 'bitflip', 1108.5186767578125, 0.013000000268220901, 110.20965194702148, '2024-03-17 20:49:55')
pval: [0.013] -- 102th test, time elapsed 110.20965194702148 -- emperical power so far: 0.9313725490196079
db insert success
tensor(1145.8678, device='cuda:0')
(103, 1000, 0.0009, 2, 80000, 'projchi', 'bitflip', 1145.8677978515625, 0.003000000026077032, 109.17867112159729, '2024-03-17 20:51:48')
pval: [0.003] -- 103th test, time elapsed 109.17867112159729 -- emperical power so far: 0.9320388349514563
db insert success
tensor(1131.6877, device='cuda:0')
(104, 1000, 0.0009, 2, 80000, 'projchi', 'bitflip', 1131.687744140625, 0.004000000189989805, 108.53612279891968, '2024-03-17 20:53:45')
pval: [0.004] -- 104th test, time elapsed 108.53612279891968 -- emperical power so far: 0.9326923076923077
db insert success
tensor(1055.1930, device='cuda:0')
(105, 1000, 0.0009, 2, 80000, 'projchi', 'bitflip', 1055.1929931640625, 0.12700000405311584, 103.20919823646545, '2024-03-17 20:55:41')
pval: [0.127] -- 105th test, time elapsed 103.20919823646545 -- emperical power so far: 0.9238095238095239
db insert success
tensor(1112.6237, device='cuda:0')
(106, 1000, 0.0009, 2, 80000, 'projchi', 'bitflip', 1112.6236572265625, 0.00800000037997961, 84.60646367073059, '2024-03-17 20:57:27')
pval: [0.008] -- 106th test, time elapsed 84.60646367073059 -- emperical power so far: 0.9245283018867925
db insert success
tensor(1100.0432, device='cuda:0')
(107, 1000, 0.0009, 2, 80000, 'projchi', 'bitflip', 1100.043212890625, 0.01100000087171793, 110.25679874420166, '2024-03-17 20:58:53')
pval: [0.011] -- 107th test, time elapsed 110.25679874420166 -- emperical power so far: 0.9252336448598131
db insert success
tensor(1078.7285, device='cuda:0')
(108, 1000, 0.0009, 2, 80000, 'projchi', 'bitflip', 1078.728515625, 0.03100000135600567, 109.47359943389893, '2024-03-17 21:00:50')
pval: [0.031] -- 108th test, time elapsed 109.47359943389893 -- emperical power so far: 0.9259259259259259
db insert success
tensor(1163.9650, device='cuda:0')
(109, 1000, 0.0009, 2, 80000, 'projchi', 'bitflip', 1163.9649658203125, 0.0010000000474974513, 107.82952523231506, '2024-03-17 21:02:45')
pval: [0.001] -- 109th test, time elapsed 107.82952523231506 -- emperical power so far: 0.926605504587156
db insert success
tensor(1174.9003, device='cuda:0')
(110, 1000, 0.0009, 2, 80000, 'projchi', 'bitflip', 1174.9002685546875, 0.0010000000474974513, 96.85554051399231, '2024-03-17 21:04:39')
pval: [0.001] -- 110th test, time elapsed 96.85554051399231 -- emperical power so far: 0.9272727272727272
db insert success
tensor(1089.2084, device='cuda:0')
(111, 1000, 0.0009, 2, 80000, 'projchi', 'bitflip', 1089.2083740234375, 0.027000000700354576, 64.95930242538452, '2024-03-17 21:06:18')
pval: [0.027] -- 111th test, time elapsed 64.95930242538452 -- emperical power so far: 0.9279279279279279
db insert success
tensor(1111.8984, device='cuda:0')
(112, 1000, 0.0009, 2, 80000, 'projchi', 'bitflip', 1111.8984375, 0.0020000000949949026, 109.15072011947632, '2024-03-17 21:07:25')
pval: [0.002] -- 112th test, time elapsed 109.15072011947632 -- emperical power so far: 0.9285714285714286
db insert success
tensor(1075.4044, device='cuda:0')
(113, 1000, 0.0009, 2, 80000, 'projchi', 'bitflip', 1075.4044189453125, 0.04200000315904617, 101.64784741401672, '2024-03-17 21:09:17')
pval: [0.042] -- 113th test, time elapsed 101.64784741401672 -- emperical power so far: 0.9292035398230089
db insert success
tensor(1231.8094, device='cuda:0')
(114, 1000, 0.0009, 2, 80000, 'projchi', 'bitflip', 1231.8094482421875, 0.0010000000474974513, 104.71532487869263, '2024-03-17 21:11:04')
pval: [0.001] -- 114th test, time elapsed 104.71532487869263 -- emperical power so far: 0.9298245614035088
db insert success
tensor(1116.5957, device='cuda:0')
(115, 1000, 0.0009, 2, 80000, 'projchi', 'bitflip', 1116.595703125, 0.005000000353902578, 88.68514013290405, '2024-03-17 21:12:50')
pval: [0.005] -- 115th test, time elapsed 88.68514013290405 -- emperical power so far: 0.9304347826086956
db insert success
tensor(1121.5270, device='cuda:0')
(116, 1000, 0.0009, 2, 80000, 'projchi', 'bitflip', 1121.5269775390625, 0.01100000087171793, 107.56539940834045, '2024-03-17 21:14:20')
pval: [0.011] -- 116th test, time elapsed 107.56539940834045 -- emperical power so far: 0.9310344827586207
db insert success
tensor(1154.2544, device='cuda:0')
(117, 1000, 0.0009, 2, 80000, 'projchi', 'bitflip', 1154.25439453125, 0.0010000000474974513, 89.98377275466919, '2024-03-17 21:16:12')
pval: [0.001] -- 117th test, time elapsed 89.98377275466919 -- emperical power so far: 0.9316239316239316
db insert success
tensor(1115.2549, device='cuda:0')
(118, 1000, 0.0009, 2, 80000, 'projchi', 'bitflip', 1115.2548828125, 0.007000000216066837, 90.52467894554138, '2024-03-17 21:17:51')
pval: [0.007] -- 118th test, time elapsed 90.52467894554138 -- emperical power so far: 0.9322033898305084
db insert success
tensor(1099.6876, device='cuda:0')
(119, 1000, 0.0009, 2, 80000, 'projchi', 'bitflip', 1099.6876220703125, 0.01100000087171793, 77.13667583465576, '2024-03-17 21:19:29')
pval: [0.011] -- 119th test, time elapsed 77.13667583465576 -- emperical power so far: 0.9327731092436975
db insert success
tensor(1104.1030, device='cuda:0')
(120, 1000, 0.0009, 2, 80000, 'projchi', 'bitflip', 1104.10302734375, 0.009000000543892384, 107.86309218406677, '2024-03-17 21:20:53')
pval: [0.009] -- 120th test, time elapsed 107.86309218406677 -- emperical power so far: 0.9333333333333333
db insert success
tensor(1063.4440, device='cuda:0')
(121, 1000, 0.0009, 2, 80000, 'projchi', 'bitflip', 1063.4439697265625, 0.07700000703334808, 110.01669788360596, '2024-03-17 21:22:47')
pval: [0.07700001] -- 121th test, time elapsed 110.01669788360596 -- emperical power so far: 0.9256198347107438
db insert success
tensor(1139.1395, device='cuda:0')
(122, 1000, 0.0009, 2, 80000, 'projchi', 'bitflip', 1139.1395263671875, 0.0020000000949949026, 85.20623993873596, '2024-03-17 21:24:40')
pval: [0.002] -- 122th test, time elapsed 85.20623993873596 -- emperical power so far: 0.9262295081967213
db insert success
tensor(1192.7542, device='cuda:0')
(123, 1000, 0.0009, 2, 80000, 'projchi', 'bitflip', 1192.754150390625, 0.0010000000474974513, 105.73654365539551, '2024-03-17 21:26:08')
pval: [0.001] -- 123th test, time elapsed 105.73654365539551 -- emperical power so far: 0.926829268292683
db insert success
tensor(1175.0288, device='cuda:0')
(124, 1000, 0.0009, 2, 80000, 'projchi', 'bitflip', 1175.02880859375, 0.0010000000474974513, 107.4901819229126, '2024-03-17 21:27:57')
pval: [0.001] -- 124th test, time elapsed 107.4901819229126 -- emperical power so far: 0.9274193548387096
db insert success
tensor(1189.7964, device='cuda:0')
(125, 1000, 0.0009, 2, 80000, 'projchi', 'bitflip', 1189.79638671875, 0.0010000000474974513, 110.44790124893188, '2024-03-17 21:29:50')
pval: [0.001] -- 125th test, time elapsed 110.44790124893188 -- emperical power so far: 0.928
db insert success
tensor(1106.7695, device='cuda:0')
(126, 1000, 0.0009, 2, 80000, 'projchi', 'bitflip', 1106.76953125, 0.00800000037997961, 80.19391989707947, '2024-03-17 21:31:46')
pval: [0.008] -- 126th test, time elapsed 80.19391989707947 -- emperical power so far: 0.9285714285714286
db insert success
tensor(1135.2432, device='cuda:0')
(127, 1000, 0.0009, 2, 80000, 'projchi', 'bitflip', 1135.2431640625, 0.004000000189989805, 95.56323099136353, '2024-03-17 21:33:10')
pval: [0.004] -- 127th test, time elapsed 95.56323099136353 -- emperical power so far: 0.9291338582677166
db insert success
tensor(1194.3425, device='cuda:0')
(128, 1000, 0.0009, 2, 80000, 'projchi', 'bitflip', 1194.342529296875, 0.0010000000474974513, 106.54612565040588, '2024-03-17 21:34:49')
pval: [0.001] -- 128th test, time elapsed 106.54612565040588 -- emperical power so far: 0.9296875
db insert success
tensor(1155.3191, device='cuda:0')
(129, 1000, 0.0009, 2, 80000, 'projchi', 'bitflip', 1155.319091796875, 0.0010000000474974513, 109.6241614818573, '2024-03-17 21:36:39')
pval: [0.001] -- 129th test, time elapsed 109.6241614818573 -- emperical power so far: 0.9302325581395349
db insert success
tensor(1106.9628, device='cuda:0')
(130, 1000, 0.0009, 2, 80000, 'projchi', 'bitflip', 1106.9627685546875, 0.012000000104308128, 109.45830702781677, '2024-03-17 21:38:39')
pval: [0.012] -- 130th test, time elapsed 109.45830702781677 -- emperical power so far: 0.9307692307692308
db insert success
tensor(1203.9443, device='cuda:0')
(131, 1000, 0.0009, 2, 80000, 'projchi', 'bitflip', 1203.9443359375, 0.0010000000474974513, 97.52616095542908, '2024-03-17 21:40:30')
pval: [0.001] -- 131th test, time elapsed 97.52616095542908 -- emperical power so far: 0.9312977099236641
db insert success
tensor(1155.6377, device='cuda:0')
(132, 1000, 0.0009, 2, 80000, 'projchi', 'bitflip', 1155.6376953125, 0.0020000000949949026, 90.54229974746704, '2024-03-17 21:42:17')
pval: [0.002] -- 132th test, time elapsed 90.54229974746704 -- emperical power so far: 0.9318181818181818
db insert success
tensor(1142.8423, device='cuda:0')
(133, 1000, 0.0009, 2, 80000, 'projchi', 'bitflip', 1142.84228515625, 0.0020000000949949026, 102.11174058914185, '2024-03-17 21:43:50')
pval: [0.002] -- 133th test, time elapsed 102.11174058914185 -- emperical power so far: 0.9323308270676691
db insert success
tensor(1162.2212, device='cuda:0')
(134, 1000, 0.0009, 2, 80000, 'projchi', 'bitflip', 1162.22119140625, 0.0010000000474974513, 110.14410996437073, '2024-03-17 21:45:39')
pval: [0.001] -- 134th test, time elapsed 110.14410996437073 -- emperical power so far: 0.9328358208955224
db insert success
tensor(1087.6562, device='cuda:0')
(135, 1000, 0.0009, 2, 80000, 'projchi', 'bitflip', 1087.65625, 0.021000001579523087, 106.30874156951904, '2024-03-17 21:47:34')
pval: [0.021] -- 135th test, time elapsed 106.30874156951904 -- emperical power so far: 0.9333333333333333
db insert success
tensor(1142.1379, device='cuda:0')
(136, 1000, 0.0009, 2, 80000, 'projchi', 'bitflip', 1142.137939453125, 0.0020000000949949026, 89.69565439224243, '2024-03-17 21:49:28')
pval: [0.002] -- 136th test, time elapsed 89.69565439224243 -- emperical power so far: 0.9338235294117647
db insert success
tensor(1140.1350, device='cuda:0')
(137, 1000, 0.0009, 2, 80000, 'projchi', 'bitflip', 1140.135009765625, 0.0020000000949949026, 100.95929288864136, '2024-03-17 21:51:03')
pval: [0.002] -- 137th test, time elapsed 100.95929288864136 -- emperical power so far: 0.9343065693430657
db insert success
tensor(1070.1548, device='cuda:0')
(138, 1000, 0.0009, 2, 80000, 'projchi', 'bitflip', 1070.15478515625, 0.05700000375509262, 105.55470490455627, '2024-03-17 21:52:51')
pval: [0.057] -- 138th test, time elapsed 105.55470490455627 -- emperical power so far: 0.927536231884058
db insert success
tensor(1145.9330, device='cuda:0')
(139, 1000, 0.0009, 2, 80000, 'projchi', 'bitflip', 1145.9329833984375, 0.003000000026077032, 98.4437153339386, '2024-03-17 21:54:39')
pval: [0.003] -- 139th test, time elapsed 98.4437153339386 -- emperical power so far: 0.9280575539568345
db insert success
tensor(1182.8136, device='cuda:0')
(140, 1000, 0.0009, 2, 80000, 'projchi', 'bitflip', 1182.8135986328125, 0.0010000000474974513, 108.35679841041565, '2024-03-17 21:56:25')
pval: [0.001] -- 140th test, time elapsed 108.35679841041565 -- emperical power so far: 0.9285714285714286
db insert success
tensor(1148.6932, device='cuda:0')
(141, 1000, 0.0009, 2, 80000, 'projchi', 'bitflip', 1148.6932373046875, 0.003000000026077032, 107.95788645744324, '2024-03-17 21:58:18')
pval: [0.003] -- 141th test, time elapsed 107.95788645744324 -- emperical power so far: 0.9290780141843972
db insert success
tensor(1204.2570, device='cuda:0')
(142, 1000, 0.0009, 2, 80000, 'projchi', 'bitflip', 1204.2569580078125, 0.0010000000474974513, 101.35272550582886, '2024-03-17 22:00:14')
pval: [0.001] -- 142th test, time elapsed 101.35272550582886 -- emperical power so far: 0.9295774647887324
db insert success
tensor(1156.5879, device='cuda:0')
(143, 1000, 0.0009, 2, 80000, 'projchi', 'bitflip', 1156.587890625, 0.0010000000474974513, 62.987298250198364, '2024-03-17 22:01:58')
pval: [0.001] -- 143th test, time elapsed 62.987298250198364 -- emperical power so far: 0.9300699300699301
db insert success
tensor(1053.9872, device='cuda:0')
(144, 1000, 0.0009, 2, 80000, 'projchi', 'bitflip', 1053.9871826171875, 0.11600000411272049, 108.67333221435547, '2024-03-17 22:03:03')
pval: [0.116] -- 144th test, time elapsed 108.67333221435547 -- emperical power so far: 0.9236111111111112
db insert success
tensor(1144.8031, device='cuda:0')
(145, 1000, 0.0009, 2, 80000, 'projchi', 'bitflip', 1144.8031005859375, 0.0020000000949949026, 87.6949634552002, '2024-03-17 22:04:54')
pval: [0.002] -- 145th test, time elapsed 87.6949634552002 -- emperical power so far: 0.9241379310344827
db insert success
tensor(1117.0780, device='cuda:0')
(146, 1000, 0.0009, 2, 80000, 'projchi', 'bitflip', 1117.0780029296875, 0.00800000037997961, 103.83756685256958, '2024-03-17 22:06:31')
pval: [0.008] -- 146th test, time elapsed 103.83756685256958 -- emperical power so far: 0.9246575342465754
db insert success
tensor(1122.9132, device='cuda:0')
(147, 1000, 0.0009, 2, 80000, 'projchi', 'bitflip', 1122.9132080078125, 0.006000000052154064, 84.96897673606873, '2024-03-17 22:08:24')
pval: [0.006] -- 147th test, time elapsed 84.96897673606873 -- emperical power so far: 0.9251700680272109
db insert success
tensor(1147.5607, device='cuda:0')
(148, 1000, 0.0009, 2, 80000, 'projchi', 'bitflip', 1147.5606689453125, 0.0010000000474974513, 103.4350483417511, '2024-03-17 22:09:52')
pval: [0.001] -- 148th test, time elapsed 103.4350483417511 -- emperical power so far: 0.9256756756756757
db insert success
tensor(1057.3466, device='cuda:0')
(149, 1000, 0.0009, 2, 80000, 'projchi', 'bitflip', 1057.3465576171875, 0.09600000083446503, 109.99038076400757, '2024-03-17 22:11:42')
pval: [0.096] -- 149th test, time elapsed 109.99038076400757 -- emperical power so far: 0.9194630872483222
db insert success
tensor(1105.0618, device='cuda:0')
(150, 1000, 0.0009, 2, 80000, 'projchi', 'bitflip', 1105.061767578125, 0.014000000432133675, 108.43145728111267, '2024-03-17 22:13:38')
pval: [0.014] -- 150th test, time elapsed 108.43145728111267 -- emperical power so far: 0.92
db insert success
tensor(1244.6095, device='cuda:0')
(151, 1000, 0.0009, 2, 80000, 'projchi', 'bitflip', 1244.6094970703125, 0.0010000000474974513, 105.69360184669495, '2024-03-17 22:15:28')
pval: [0.001] -- 151th test, time elapsed 105.69360184669495 -- emperical power so far: 0.9205298013245033
db insert success
tensor(1122.9377, device='cuda:0')
(152, 1000, 0.0009, 2, 80000, 'projchi', 'bitflip', 1122.937744140625, 0.0020000000949949026, 101.83735966682434, '2024-03-17 22:17:18')
pval: [0.002] -- 152th test, time elapsed 101.83735966682434 -- emperical power so far: 0.9210526315789473
db insert success
tensor(1166.5063, device='cuda:0')
(153, 1000, 0.0009, 2, 80000, 'projchi', 'bitflip', 1166.50634765625, 0.0010000000474974513, 97.82704162597656, '2024-03-17 22:19:07')
pval: [0.001] -- 153th test, time elapsed 97.82704162597656 -- emperical power so far: 0.9215686274509803
db insert success
tensor(1051.4741, device='cuda:0')
(154, 1000, 0.0009, 2, 80000, 'projchi', 'bitflip', 1051.47412109375, 0.11400000751018524, 98.62269234657288, '2024-03-17 22:20:52')
pval: [0.11400001] -- 154th test, time elapsed 98.62269234657288 -- emperical power so far: 0.9155844155844156
db insert success
tensor(1117.6650, device='cuda:0')
(155, 1000, 0.0009, 2, 80000, 'projchi', 'bitflip', 1117.6650390625, 0.005000000353902578, 109.20469522476196, '2024-03-17 22:22:41')
pval: [0.005] -- 155th test, time elapsed 109.20469522476196 -- emperical power so far: 0.9161290322580645
db insert success
tensor(1097.2637, device='cuda:0')
(156, 1000, 0.0009, 2, 80000, 'projchi', 'bitflip', 1097.263671875, 0.01600000075995922, 109.81350016593933, '2024-03-17 22:24:40')
pval: [0.016] -- 156th test, time elapsed 109.81350016593933 -- emperical power so far: 0.9166666666666666
db insert success
tensor(1089.2681, device='cuda:0')
(157, 1000, 0.0009, 2, 80000, 'projchi', 'bitflip', 1089.26806640625, 0.02200000174343586, 70.79933166503906, '2024-03-17 22:26:34')
pval: [0.022] -- 157th test, time elapsed 70.79933166503906 -- emperical power so far: 0.9171974522292994
db insert success
tensor(1211.2717, device='cuda:0')
(158, 1000, 0.0009, 2, 80000, 'projchi', 'bitflip', 1211.271728515625, 0.0010000000474974513, 105.53060030937195, '2024-03-17 22:27:51')
pval: [0.001] -- 158th test, time elapsed 105.53060030937195 -- emperical power so far: 0.9177215189873418
db insert success
tensor(1169.7770, device='cuda:0')
(159, 1000, 0.0009, 2, 80000, 'projchi', 'bitflip', 1169.7769775390625, 0.0010000000474974513, 107.75287938117981, '2024-03-17 22:29:38')
pval: [0.001] -- 159th test, time elapsed 107.75287938117981 -- emperical power so far: 0.9182389937106918
db insert success
tensor(1183.4009, device='cuda:0')
(160, 1000, 0.0009, 2, 80000, 'projchi', 'bitflip', 1183.40087890625, 0.0010000000474974513, 107.50824403762817, '2024-03-17 22:31:28')
pval: [0.001] -- 160th test, time elapsed 107.50824403762817 -- emperical power so far: 0.91875
db insert success
tensor(1153.5774, device='cuda:0')
(161, 1000, 0.0009, 2, 80000, 'projchi', 'bitflip', 1153.577392578125, 0.0010000000474974513, 108.66592049598694, '2024-03-17 22:33:24')
pval: [0.001] -- 161th test, time elapsed 108.66592049598694 -- emperical power so far: 0.9192546583850931
db insert success
tensor(1170.9573, device='cuda:0')
(162, 1000, 0.0009, 2, 80000, 'projchi', 'bitflip', 1170.957275390625, 0.0010000000474974513, 83.90212225914001, '2024-03-17 22:35:20')
pval: [0.001] -- 162th test, time elapsed 83.90212225914001 -- emperical power so far: 0.9197530864197531
db insert success
tensor(1143.7859, device='cuda:0')
(163, 1000, 0.0009, 2, 80000, 'projchi', 'bitflip', 1143.785888671875, 0.0020000000949949026, 80.62880897521973, '2024-03-17 22:36:45')
pval: [0.002] -- 163th test, time elapsed 80.62880897521973 -- emperical power so far: 0.9202453987730062
db insert success
tensor(1162.7336, device='cuda:0')
(164, 1000, 0.0009, 2, 80000, 'projchi', 'bitflip', 1162.733642578125, 0.0010000000474974513, 108.69035959243774, '2024-03-17 22:38:12')
pval: [0.001] -- 164th test, time elapsed 108.69035959243774 -- emperical power so far: 0.9207317073170732
db insert success
tensor(1146.8929, device='cuda:0')
(165, 1000, 0.0009, 2, 80000, 'projchi', 'bitflip', 1146.8929443359375, 0.003000000026077032, 106.94136834144592, '2024-03-17 22:40:08')
pval: [0.003] -- 165th test, time elapsed 106.94136834144592 -- emperical power so far: 0.9212121212121213
db insert success
tensor(1113.2382, device='cuda:0')
(166, 1000, 0.0009, 2, 80000, 'projchi', 'bitflip', 1113.2381591796875, 0.006000000052154064, 73.14876413345337, '2024-03-17 22:42:03')
pval: [0.006] -- 166th test, time elapsed 73.14876413345337 -- emperical power so far: 0.9216867469879518
db insert success
tensor(1177.8311, device='cuda:0')
(167, 1000, 0.0009, 2, 80000, 'projchi', 'bitflip', 1177.8310546875, 0.0010000000474974513, 96.33530378341675, '2024-03-17 22:43:16')
pval: [0.001] -- 167th test, time elapsed 96.33530378341675 -- emperical power so far: 0.9221556886227545
db insert success
tensor(1041.4628, device='cuda:0')
(168, 1000, 0.0009, 2, 80000, 'projchi', 'bitflip', 1041.4627685546875, 0.1770000010728836, 108.5320188999176, '2024-03-17 22:44:57')
pval: [0.177] -- 168th test, time elapsed 108.5320188999176 -- emperical power so far: 0.9166666666666666
db insert success
tensor(1138.8275, device='cuda:0')
(169, 1000, 0.0009, 2, 80000, 'projchi', 'bitflip', 1138.8275146484375, 0.0010000000474974513, 104.45022225379944, '2024-03-17 22:46:54')
pval: [0.001] -- 169th test, time elapsed 104.45022225379944 -- emperical power so far: 0.9171597633136095
db insert success
tensor(1118.6653, device='cuda:0')
(170, 1000, 0.0009, 2, 80000, 'projchi', 'bitflip', 1118.665283203125, 0.006000000052154064, 102.13256025314331, '2024-03-17 22:48:46')
pval: [0.006] -- 170th test, time elapsed 102.13256025314331 -- emperical power so far: 0.9176470588235294
db insert success
tensor(1057.4442, device='cuda:0')
(171, 1000, 0.0009, 2, 80000, 'projchi', 'bitflip', 1057.4442138671875, 0.08400000631809235, 87.96869325637817, '2024-03-17 22:50:29')
pval: [0.08400001] -- 171th test, time elapsed 87.96869325637817 -- emperical power so far: 0.9122807017543859
db insert success
tensor(1110.1455, device='cuda:0')
(172, 1000, 0.0009, 2, 80000, 'projchi', 'bitflip', 1110.1455078125, 0.009000000543892384, 82.59818291664124, '2024-03-17 22:52:07')
pval: [0.009] -- 172th test, time elapsed 82.59818291664124 -- emperical power so far: 0.9127906976744186
db insert success
tensor(1164.4673, device='cuda:0')
(173, 1000, 0.0009, 2, 80000, 'projchi', 'bitflip', 1164.46728515625, 0.0010000000474974513, 109.84368920326233, '2024-03-17 22:53:39')
pval: [0.001] -- 173th test, time elapsed 109.84368920326233 -- emperical power so far: 0.9132947976878613
db insert success
tensor(1291.8461, device='cuda:0')
(174, 1000, 0.0009, 2, 80000, 'projchi', 'bitflip', 1291.8460693359375, 0.0010000000474974513, 77.74688816070557, '2024-03-17 22:55:31')
pval: [0.001] -- 174th test, time elapsed 77.74688816070557 -- emperical power so far: 0.9137931034482759
db insert success
tensor(1108.0538, device='cuda:0')
(175, 1000, 0.0009, 2, 80000, 'projchi', 'bitflip', 1108.0538330078125, 0.012000000104308128, 104.32399654388428, '2024-03-17 22:56:59')
pval: [0.012] -- 175th test, time elapsed 104.32399654388428 -- emperical power so far: 0.9142857142857143
db insert success
tensor(1217.1091, device='cuda:0')
(176, 1000, 0.0009, 2, 80000, 'projchi', 'bitflip', 1217.109130859375, 0.0010000000474974513, 97.57759499549866, '2024-03-17 22:58:52')
pval: [0.001] -- 176th test, time elapsed 97.57759499549866 -- emperical power so far: 0.9147727272727273
db insert success
tensor(1152.8539, device='cuda:0')
(177, 1000, 0.0009, 2, 80000, 'projchi', 'bitflip', 1152.8538818359375, 0.0020000000949949026, 71.71664190292358, '2024-03-17 23:00:34')
pval: [0.002] -- 177th test, time elapsed 71.71664190292358 -- emperical power so far: 0.9152542372881356
db insert success
tensor(1192.7616, device='cuda:0')
(178, 1000, 0.0009, 2, 80000, 'projchi', 'bitflip', 1192.7615966796875, 0.0010000000474974513, 108.89104771614075, '2024-03-17 23:01:54')
pval: [0.001] -- 178th test, time elapsed 108.89104771614075 -- emperical power so far: 0.9157303370786517
db insert success
tensor(1219.3513, device='cuda:0')
(179, 1000, 0.0009, 2, 80000, 'projchi', 'bitflip', 1219.351318359375, 0.0010000000474974513, 110.1326162815094, '2024-03-17 23:03:53')
pval: [0.001] -- 179th test, time elapsed 110.1326162815094 -- emperical power so far: 0.9162011173184358
db insert success
tensor(1155.9247, device='cuda:0')
(180, 1000, 0.0009, 2, 80000, 'projchi', 'bitflip', 1155.9246826171875, 0.0020000000949949026, 109.18850064277649, '2024-03-17 23:05:51')
pval: [0.002] -- 180th test, time elapsed 109.18850064277649 -- emperical power so far: 0.9166666666666666
db insert success
tensor(1169.4418, device='cuda:0')
(181, 1000, 0.0009, 2, 80000, 'projchi', 'bitflip', 1169.4417724609375, 0.0010000000474974513, 75.41114902496338, '2024-03-17 23:07:44')
pval: [0.001] -- 181th test, time elapsed 75.41114902496338 -- emperical power so far: 0.9171270718232044
db insert success
tensor(1027.3889, device='cuda:0')
(182, 1000, 0.0009, 2, 80000, 'projchi', 'bitflip', 1027.388916015625, 0.2680000066757202, 77.5840072631836, '2024-03-17 23:09:10')
pval: [0.26800001] -- 182th test, time elapsed 77.5840072631836 -- emperical power so far: 0.9120879120879121
db insert success
tensor(1112.3644, device='cuda:0')
(183, 1000, 0.0009, 2, 80000, 'projchi', 'bitflip', 1112.3643798828125, 0.00800000037997961, 109.82750701904297, '2024-03-17 23:10:30')
pval: [0.008] -- 183th test, time elapsed 109.82750701904297 -- emperical power so far: 0.912568306010929
db insert success
tensor(1147.0486, device='cuda:0')
(184, 1000, 0.0009, 2, 80000, 'projchi', 'bitflip', 1147.048583984375, 0.0010000000474974513, 107.88111925125122, '2024-03-17 23:12:21')
pval: [0.001] -- 184th test, time elapsed 107.88111925125122 -- emperical power so far: 0.9130434782608695
db insert success
tensor(1072.0614, device='cuda:0')
(185, 1000, 0.0009, 2, 80000, 'projchi', 'bitflip', 1072.0614013671875, 0.04700000211596489, 92.66454601287842, '2024-03-17 23:14:12')
pval: [0.047] -- 185th test, time elapsed 92.66454601287842 -- emperical power so far: 0.9135135135135135
db insert success
tensor(1109.2957, device='cuda:0')
(186, 1000, 0.0009, 2, 80000, 'projchi', 'bitflip', 1109.295654296875, 0.007000000216066837, 89.13165831565857, '2024-03-17 23:15:54')
pval: [0.007] -- 186th test, time elapsed 89.13165831565857 -- emperical power so far: 0.9139784946236559
db insert success
tensor(1146.5217, device='cuda:0')
(187, 1000, 0.0009, 2, 80000, 'projchi', 'bitflip', 1146.521728515625, 0.004000000189989805, 96.66099667549133, '2024-03-17 23:17:31')
pval: [0.004] -- 187th test, time elapsed 96.66099667549133 -- emperical power so far: 0.9144385026737968
db insert success
tensor(1174.7599, device='cuda:0')
(188, 1000, 0.0009, 2, 80000, 'projchi', 'bitflip', 1174.7598876953125, 0.0010000000474974513, 78.76543498039246, '2024-03-17 23:19:17')
pval: [0.001] -- 188th test, time elapsed 78.76543498039246 -- emperical power so far: 0.9148936170212766
db insert success
tensor(1190.7157, device='cuda:0')
(189, 1000, 0.0009, 2, 80000, 'projchi', 'bitflip', 1190.7156982421875, 0.0010000000474974513, 109.0348014831543, '2024-03-17 23:20:37')
pval: [0.001] -- 189th test, time elapsed 109.0348014831543 -- emperical power so far: 0.9153439153439153
db insert success
tensor(1126.5966, device='cuda:0')
(190, 1000, 0.0009, 2, 80000, 'projchi', 'bitflip', 1126.5965576171875, 0.005000000353902578, 104.30305409431458, '2024-03-17 23:22:28')
pval: [0.005] -- 190th test, time elapsed 104.30305409431458 -- emperical power so far: 0.9157894736842105
db insert success
tensor(1168.3014, device='cuda:0')
(191, 1000, 0.0009, 2, 80000, 'projchi', 'bitflip', 1168.3013916015625, 0.0020000000949949026, 76.48126530647278, '2024-03-17 23:24:19')
pval: [0.002] -- 191th test, time elapsed 76.48126530647278 -- emperical power so far: 0.9162303664921466
db insert success
tensor(1108.1478, device='cuda:0')
(192, 1000, 0.0009, 2, 80000, 'projchi', 'bitflip', 1108.1478271484375, 0.00800000037997961, 100.6308946609497, '2024-03-17 23:25:39')
pval: [0.008] -- 192th test, time elapsed 100.6308946609497 -- emperical power so far: 0.9166666666666666
db insert success
tensor(1197.5341, device='cuda:0')
(193, 1000, 0.0009, 2, 80000, 'projchi', 'bitflip', 1197.5340576171875, 0.0010000000474974513, 109.5064148902893, '2024-03-17 23:27:29')
pval: [0.001] -- 193th test, time elapsed 109.5064148902893 -- emperical power so far: 0.917098445595855
db insert success
tensor(1145.7203, device='cuda:0')
(194, 1000, 0.0009, 2, 80000, 'projchi', 'bitflip', 1145.7203369140625, 0.0010000000474974513, 109.72167134284973, '2024-03-17 23:29:27')
pval: [0.001] -- 194th test, time elapsed 109.72167134284973 -- emperical power so far: 0.9175257731958762
db insert success
tensor(1120.4138, device='cuda:0')
(195, 1000, 0.0009, 2, 80000, 'projchi', 'bitflip', 1120.413818359375, 0.0020000000949949026, 92.96327447891235, '2024-03-17 23:31:21')
pval: [0.002] -- 195th test, time elapsed 92.96327447891235 -- emperical power so far: 0.9179487179487179
db insert success
tensor(1200.4777, device='cuda:0')
(196, 1000, 0.0009, 2, 80000, 'projchi', 'bitflip', 1200.4776611328125, 0.0010000000474974513, 95.74189400672913, '2024-03-17 23:33:05')
pval: [0.001] -- 196th test, time elapsed 95.74189400672913 -- emperical power so far: 0.9183673469387755
db insert success
tensor(1069.2415, device='cuda:0')
(197, 1000, 0.0009, 2, 80000, 'projchi', 'bitflip', 1069.241455078125, 0.04100000113248825, 83.60040855407715, '2024-03-17 23:34:43')
pval: [0.041] -- 197th test, time elapsed 83.60040855407715 -- emperical power so far: 0.9187817258883249
db insert success
tensor(1124.2887, device='cuda:0')
(198, 1000, 0.0009, 2, 80000, 'projchi', 'bitflip', 1124.2886962890625, 0.003000000026077032, 99.73357272148132, '2024-03-17 23:36:17')
pval: [0.003] -- 198th test, time elapsed 99.73357272148132 -- emperical power so far: 0.9191919191919192
db insert success
tensor(1193.6432, device='cuda:0')
(199, 1000, 0.0009, 2, 80000, 'projchi', 'bitflip', 1193.6431884765625, 0.0010000000474974513, 108.30767917633057, '2024-03-17 23:38:01')
pval: [0.001] -- 199th test, time elapsed 108.30767917633057 -- emperical power so far: 0.9195979899497487
db insert success
tensor(1039.7797, device='cuda:0')
(200, 1000, 0.0009, 2, 80000, 'projchi', 'bitflip', 1039.7796630859375, 0.19100001454353333, 108.12125706672668, '2024-03-17 23:39:54')
pval: [0.19100001] -- 200th test, time elapsed 108.12125706672668 -- emperical power so far: 0.915
db insert success
20561.924493312836
