genrrchi, alpha=2, sample size=17400
#########################################
(1, 4, 0, 2, 17400, 'chi', 'genrr', 282.48150634765625, 0.10000000149011612, 4.180516958236694, '2024-07-27 13:27:47', 4, 999)
pval: [0.1] -- 1th test, time elapsed 4.180516958236694 -- emperical power so far (from test_start): 0.0
db insert success
(2, 4, 0, 2, 17400, 'chi', 'genrr', 267.2396545410156, 0.28200000524520874, 4.137030839920044, '2024-07-27 13:27:52', 4, 999)
pval: [0.28200001] -- 2th test, time elapsed 4.137030839920044 -- emperical power so far (from test_start): 0.0
db insert success
(3, 4, 0, 2, 17400, 'chi', 'genrr', 268.1336364746094, 0.281000018119812, 4.149939298629761, '2024-07-27 13:28:16', 4, 999)
pval: [0.28100002] -- 3th test, time elapsed 4.149939298629761 -- emperical power so far (from test_start): 0.0
db insert success
(4, 4, 0, 2, 17400, 'chi', 'genrr', 280.99371337890625, 0.13500000536441803, 4.1503005027771, '2024-07-27 13:28:38', 4, 999)
pval: [0.13500001] -- 4th test, time elapsed 4.1503005027771 -- emperical power so far (from test_start): 0.0
db insert success
(5, 4, 0, 2, 17400, 'chi', 'genrr', 273.2359619140625, 0.18800000846385956, 4.142273426055908, '2024-07-27 13:28:54', 4, 999)
pval: [0.18800001] -- 5th test, time elapsed 4.142273426055908 -- emperical power so far (from test_start): 0.0
db insert success
(6, 4, 0, 2, 17400, 'chi', 'genrr', 248.08062744140625, 0.5879999995231628, 4.1479527950286865, '2024-07-27 13:29:17', 4, 999)
pval: [0.588] -- 6th test, time elapsed 4.1479527950286865 -- emperical power so far (from test_start): 0.0
db insert success
(7, 4, 0, 2, 17400, 'chi', 'genrr', 259.3307189941406, 0.41200003027915955, 4.145598411560059, '2024-07-27 13:29:23', 4, 999)
pval: [0.41200003] -- 7th test, time elapsed 4.145598411560059 -- emperical power so far (from test_start): 0.0
db insert success
(8, 4, 0, 2, 17400, 'chi', 'genrr', 289.1907043457031, 0.0650000050663948, 4.147338390350342, '2024-07-27 13:29:45', 4, 999)
pval: [0.06500001] -- 8th test, time elapsed 4.147338390350342 -- emperical power so far (from test_start): 0.0
db insert success
(9, 4, 0, 2, 17400, 'chi', 'genrr', 269.6183166503906, 0.25600001215934753, 4.16036581993103, '2024-07-27 13:30:03', 4, 999)
pval: [0.25600001] -- 9th test, time elapsed 4.16036581993103 -- emperical power so far (from test_start): 0.0
db insert success
(10, 4, 0, 2, 17400, 'chi', 'genrr', 249.95465087890625, 0.578000009059906, 4.154153347015381, '2024-07-27 13:30:27', 4, 999)
pval: [0.57800001] -- 10th test, time elapsed 4.154153347015381 -- emperical power so far (from test_start): 0.0
db insert success
(11, 4, 0, 2, 17400, 'chi', 'genrr', 254.461669921875, 0.48500001430511475, 4.149255275726318, '2024-07-27 13:30:33', 4, 999)
pval: [0.48500001] -- 11th test, time elapsed 4.149255275726318 -- emperical power so far (from test_start): 0.0
db insert success
(12, 4, 0, 2, 17400, 'chi', 'genrr', 274.01971435546875, 0.18200001120567322, 4.153124809265137, '2024-07-27 13:30:48', 4, 999)
pval: [0.18200001] -- 12th test, time elapsed 4.153124809265137 -- emperical power so far (from test_start): 0.0
db insert success
(13, 4, 0, 2, 17400, 'chi', 'genrr', 280.2198181152344, 0.14600001275539398, 4.144460678100586, '2024-07-27 13:30:53', 4, 999)
pval: [0.14600001] -- 13th test, time elapsed 4.144460678100586 -- emperical power so far (from test_start): 0.0
db insert success
(14, 4, 0, 2, 17400, 'chi', 'genrr', 273.117919921875, 0.1900000125169754, 4.151652097702026, '2024-07-27 13:31:14', 4, 999)
pval: [0.19000001] -- 14th test, time elapsed 4.151652097702026 -- emperical power so far (from test_start): 0.0
db insert success
(15, 4, 0, 2, 17400, 'chi', 'genrr', 260.3788146972656, 0.4240000247955322, 4.149456739425659, '2024-07-27 13:31:25', 4, 999)
pval: [0.42400002] -- 15th test, time elapsed 4.149456739425659 -- emperical power so far (from test_start): 0.0
db insert success
(16, 4, 0, 2, 17400, 'chi', 'genrr', 247.94544982910156, 0.6030000448226929, 4.155942678451538, '2024-07-27 13:31:40', 4, 999)
pval: [0.60300004] -- 16th test, time elapsed 4.155942678451538 -- emperical power so far (from test_start): 0.0
db insert success
(17, 4, 0, 2, 17400, 'chi', 'genrr', 270.9503173828125, 0.21300001442432404, 4.158544063568115, '2024-07-27 13:31:50', 4, 999)
pval: [0.21300001] -- 17th test, time elapsed 4.158544063568115 -- emperical power so far (from test_start): 0.0
db insert success
(18, 4, 0, 2, 17400, 'chi', 'genrr', 260.1333312988281, 0.3840000033378601, 4.155959844589233, '2024-07-27 13:31:56', 4, 999)
pval: [0.384] -- 18th test, time elapsed 4.155959844589233 -- emperical power so far (from test_start): 0.0
db insert success
(19, 4, 0, 2, 17400, 'chi', 'genrr', 262.3805847167969, 0.3700000047683716, 4.1633689403533936, '2024-07-27 13:32:12', 4, 999)
pval: [0.37] -- 19th test, time elapsed 4.1633689403533936 -- emperical power so far (from test_start): 0.0
db insert success
(20, 4, 0, 2, 17400, 'chi', 'genrr', 245.9957275390625, 0.656000018119812, 4.157874822616577, '2024-07-27 13:32:22', 4, 999)
pval: [0.65600002] -- 20th test, time elapsed 4.157874822616577 -- emperical power so far (from test_start): 0.0
db insert success
(21, 4, 0, 2, 17400, 'chi', 'genrr', 331.78363037109375, 0.003000000026077032, 4.159119606018066, '2024-07-27 13:32:37', 4, 999)
pval: [0.003] -- 21th test, time elapsed 4.159119606018066 -- emperical power so far (from test_start): 0.047619047619047616
db insert success
(22, 4, 0, 2, 17400, 'chi', 'genrr', 262.0562438964844, 0.3450000286102295, 4.151126861572266, '2024-07-27 13:32:56', 4, 999)
pval: [0.34500003] -- 22th test, time elapsed 4.151126861572266 -- emperical power so far (from test_start): 0.045454545454545456
db insert success
(23, 4, 0, 2, 17400, 'chi', 'genrr', 292.3028259277344, 0.055000003427267075, 4.160081624984741, '2024-07-27 13:33:01', 4, 999)
pval: [0.055] -- 23th test, time elapsed 4.160081624984741 -- emperical power so far (from test_start): 0.043478260869565216
db insert success
(24, 4, 0, 2, 17400, 'chi', 'genrr', 250.64659118652344, 0.5570000410079956, 4.161912679672241, '2024-07-27 13:33:20', 4, 999)
pval: [0.55700004] -- 24th test, time elapsed 4.161912679672241 -- emperical power so far (from test_start): 0.041666666666666664
db insert success
(25, 4, 0, 2, 17400, 'chi', 'genrr', 264.9984130859375, 0.32600000500679016, 4.159482955932617, '2024-07-27 13:33:27', 4, 999)
pval: [0.32600001] -- 25th test, time elapsed 4.159482955932617 -- emperical power so far (from test_start): 0.04
db insert success
(26, 4, 0, 2, 17400, 'chi', 'genrr', 276.196044921875, 0.17800000309944153, 4.1574132442474365, '2024-07-27 13:33:34', 4, 999)
pval: [0.178] -- 26th test, time elapsed 4.1574132442474365 -- emperical power so far (from test_start): 0.038461538461538464
db insert success
(27, 4, 0, 2, 17400, 'chi', 'genrr', 246.0552978515625, 0.6580000519752502, 4.166337251663208, '2024-07-27 13:33:47', 4, 999)
pval: [0.65800005] -- 27th test, time elapsed 4.166337251663208 -- emperical power so far (from test_start): 0.037037037037037035
db insert success
(28, 4, 0, 2, 17400, 'chi', 'genrr', 263.30853271484375, 0.37800002098083496, 4.159411430358887, '2024-07-27 13:33:59', 4, 999)
pval: [0.37800002] -- 28th test, time elapsed 4.159411430358887 -- emperical power so far (from test_start): 0.03571428571428571
db insert success
(29, 4, 0, 2, 17400, 'chi', 'genrr', 264.84027099609375, 0.3330000042915344, 4.16995906829834, '2024-07-27 13:34:18', 4, 999)
pval: [0.333] -- 29th test, time elapsed 4.16995906829834 -- emperical power so far (from test_start): 0.034482758620689655
db insert success
(30, 4, 0, 2, 17400, 'chi', 'genrr', 233.3775634765625, 0.8260000348091125, 4.163953065872192, '2024-07-27 13:34:23', 4, 999)
pval: [0.82600003] -- 30th test, time elapsed 4.163953065872192 -- emperical power so far (from test_start): 0.03333333333333333
db insert success
(31, 4, 0, 2, 17400, 'chi', 'genrr', 290.87567138671875, 0.05700000375509262, 4.156426906585693, '2024-07-27 13:34:28', 4, 999)
pval: [0.057] -- 31th test, time elapsed 4.156426906585693 -- emperical power so far (from test_start): 0.03225806451612903
db insert success
(32, 4, 0, 2, 17400, 'chi', 'genrr', 251.39633178710938, 0.5360000133514404, 4.156238794326782, '2024-07-27 13:34:43', 4, 999)
pval: [0.53600001] -- 32th test, time elapsed 4.156238794326782 -- emperical power so far (from test_start): 0.03125
db insert success
(33, 4, 0, 2, 17400, 'chi', 'genrr', 247.41128540039062, 0.6130000352859497, 4.1482625007629395, '2024-07-27 13:35:06', 4, 999)
pval: [0.61300004] -- 33th test, time elapsed 4.1482625007629395 -- emperical power so far (from test_start): 0.030303030303030304
db insert success
(34, 4, 0, 2, 17400, 'chi', 'genrr', 272.1803894042969, 0.23000000417232513, 4.147671937942505, '2024-07-27 13:35:17', 4, 999)
pval: [0.23] -- 34th test, time elapsed 4.147671937942505 -- emperical power so far (from test_start): 0.029411764705882353
db insert success
(35, 4, 0, 2, 17400, 'chi', 'genrr', 291.8739318847656, 0.06800000369548798, 4.142425537109375, '2024-07-27 13:35:38', 4, 999)
pval: [0.068] -- 35th test, time elapsed 4.142425537109375 -- emperical power so far (from test_start): 0.02857142857142857
db insert success
(36, 4, 0, 2, 17400, 'chi', 'genrr', 260.4169006347656, 0.4000000059604645, 4.130618572235107, '2024-07-27 13:35:57', 4, 999)
pval: [0.40000001] -- 36th test, time elapsed 4.130618572235107 -- emperical power so far (from test_start): 0.027777777777777776
db insert success
(37, 4, 0, 2, 17400, 'chi', 'genrr', 260.233154296875, 0.4230000078678131, 4.133949518203735, '2024-07-27 13:36:04', 4, 999)
pval: [0.42300001] -- 37th test, time elapsed 4.133949518203735 -- emperical power so far (from test_start): 0.02702702702702703
db insert success
(38, 4, 0, 2, 17400, 'chi', 'genrr', 284.6717224121094, 0.1080000028014183, 4.13589072227478, '2024-07-27 13:36:23', 4, 999)
pval: [0.108] -- 38th test, time elapsed 4.13589072227478 -- emperical power so far (from test_start): 0.02631578947368421
db insert success
(39, 4, 0, 2, 17400, 'chi', 'genrr', 244.3325653076172, 0.6810000538825989, 4.136720657348633, '2024-07-27 13:36:32', 4, 999)
pval: [0.68100005] -- 39th test, time elapsed 4.136720657348633 -- emperical power so far (from test_start): 0.02564102564102564
db insert success
(40, 4, 0, 2, 17400, 'chi', 'genrr', 250.093017578125, 0.5750000476837158, 4.14252495765686, '2024-07-27 13:36:42', 4, 999)
pval: [0.57500005] -- 40th test, time elapsed 4.14252495765686 -- emperical power so far (from test_start): 0.025
db insert success
(41, 4, 0, 2, 17400, 'chi', 'genrr', 250.9609375, 0.5470000505447388, 4.138183832168579, '2024-07-27 13:37:02', 4, 999)
pval: [0.54700005] -- 41th test, time elapsed 4.138183832168579 -- emperical power so far (from test_start): 0.024390243902439025
db insert success
(42, 4, 0, 2, 17400, 'chi', 'genrr', 258.6342468261719, 0.41700002551078796, 4.144498586654663, '2024-07-27 13:37:26', 4, 999)
pval: [0.41700003] -- 42th test, time elapsed 4.144498586654663 -- emperical power so far (from test_start): 0.023809523809523808
db insert success
(43, 4, 0, 2, 17400, 'chi', 'genrr', 269.4139709472656, 0.23900000751018524, 4.1428916454315186, '2024-07-27 13:37:51', 4, 999)
pval: [0.23900001] -- 43th test, time elapsed 4.1428916454315186 -- emperical power so far (from test_start): 0.023255813953488372
db insert success
(44, 4, 0, 2, 17400, 'chi', 'genrr', 256.5944519042969, 0.4540000259876251, 4.144758462905884, '2024-07-27 13:38:03', 4, 999)
pval: [0.45400003] -- 44th test, time elapsed 4.144758462905884 -- emperical power so far (from test_start): 0.022727272727272728
db insert success
(45, 4, 0, 2, 17400, 'chi', 'genrr', 323.191650390625, 0.005000000353902578, 4.151153087615967, '2024-07-27 13:38:08', 4, 999)
pval: [0.005] -- 45th test, time elapsed 4.151153087615967 -- emperical power so far (from test_start): 0.044444444444444446
db insert success
(46, 4, 0, 2, 17400, 'chi', 'genrr', 277.6791687011719, 0.1510000079870224, 4.143735885620117, '2024-07-27 13:38:31', 4, 999)
pval: [0.15100001] -- 46th test, time elapsed 4.143735885620117 -- emperical power so far (from test_start): 0.043478260869565216
db insert success
(47, 4, 0, 2, 17400, 'chi', 'genrr', 203.53964233398438, 0.9910000562667847, 4.139693021774292, '2024-07-27 13:38:41', 4, 999)
pval: [0.99100006] -- 47th test, time elapsed 4.139693021774292 -- emperical power so far (from test_start): 0.0425531914893617
db insert success
(48, 4, 0, 2, 17400, 'chi', 'genrr', 269.53765869140625, 0.26900002360343933, 4.14413857460022, '2024-07-27 13:38:47', 4, 999)
pval: [0.26900002] -- 48th test, time elapsed 4.14413857460022 -- emperical power so far (from test_start): 0.041666666666666664
db insert success
(49, 4, 0, 2, 17400, 'chi', 'genrr', 250.03086853027344, 0.5730000138282776, 4.14204216003418, '2024-07-27 13:39:09', 4, 999)
pval: [0.57300001] -- 49th test, time elapsed 4.14204216003418 -- emperical power so far (from test_start): 0.04081632653061224
db insert success
(50, 4, 0, 2, 17400, 'chi', 'genrr', 288.0361328125, 0.08000000566244125, 4.151763677597046, '2024-07-27 13:39:22', 4, 999)
pval: [0.08000001] -- 50th test, time elapsed 4.151763677597046 -- emperical power so far (from test_start): 0.04
db insert success
(51, 4, 0, 2, 17400, 'chi', 'genrr', 269.7908630371094, 0.23500001430511475, 4.184102535247803, '2024-07-27 13:39:32', 4, 999)
pval: [0.23500001] -- 51th test, time elapsed 4.184102535247803 -- emperical power so far (from test_start): 0.0392156862745098
db insert success
(52, 4, 0, 2, 17400, 'chi', 'genrr', 235.7003936767578, 0.7940000295639038, 4.455456256866455, '2024-07-27 13:39:42', 4, 999)
pval: [0.79400003] -- 52th test, time elapsed 4.455456256866455 -- emperical power so far (from test_start): 0.038461538461538464
db insert success
(53, 4, 0, 2, 17400, 'chi', 'genrr', 254.50186157226562, 0.49900001287460327, 4.445834159851074, '2024-07-27 13:40:04', 4, 999)
pval: [0.49900001] -- 53th test, time elapsed 4.445834159851074 -- emperical power so far (from test_start): 0.03773584905660377
db insert success
(54, 4, 0, 2, 17400, 'chi', 'genrr', 231.909912109375, 0.8510000109672546, 4.459632873535156, '2024-07-27 13:40:27', 4, 999)
pval: [0.85100001] -- 54th test, time elapsed 4.459632873535156 -- emperical power so far (from test_start): 0.037037037037037035
db insert success
(55, 4, 0, 2, 17400, 'chi', 'genrr', 266.09893798828125, 0.3150000274181366, 4.449730396270752, '2024-07-27 13:40:35', 4, 999)
pval: [0.31500003] -- 55th test, time elapsed 4.449730396270752 -- emperical power so far (from test_start): 0.03636363636363636
db insert success
(56, 4, 0, 2, 17400, 'chi', 'genrr', 297.83245849609375, 0.032999999821186066, 4.459505319595337, '2024-07-27 13:40:54', 4, 999)
pval: [0.033] -- 56th test, time elapsed 4.459505319595337 -- emperical power so far (from test_start): 0.05357142857142857
db insert success
(57, 4, 0, 2, 17400, 'chi', 'genrr', 243.42906188964844, 0.6700000166893005, 4.459524154663086, '2024-07-27 13:41:02', 4, 999)
pval: [0.67000002] -- 57th test, time elapsed 4.459524154663086 -- emperical power so far (from test_start): 0.05263157894736842
db insert success
(58, 4, 0, 2, 17400, 'chi', 'genrr', 261.135498046875, 0.38100001215934753, 4.442662000656128, '2024-07-27 13:41:16', 4, 999)
pval: [0.38100001] -- 58th test, time elapsed 4.442662000656128 -- emperical power so far (from test_start): 0.05172413793103448
db insert success
(59, 4, 0, 2, 17400, 'chi', 'genrr', 237.21978759765625, 0.781000018119812, 4.2136476039886475, '2024-07-27 13:41:30', 4, 999)
pval: [0.78100002] -- 59th test, time elapsed 4.2136476039886475 -- emperical power so far (from test_start): 0.05084745762711865
db insert success
(60, 4, 0, 2, 17400, 'chi', 'genrr', 289.5184326171875, 0.08100000023841858, 4.130404233932495, '2024-07-27 13:41:45', 4, 999)
pval: [0.081] -- 60th test, time elapsed 4.130404233932495 -- emperical power so far (from test_start): 0.05
db insert success
(61, 4, 0, 2, 17400, 'chi', 'genrr', 271.6833801269531, 0.20800000429153442, 4.128602743148804, '2024-07-27 13:41:59', 4, 999)
pval: [0.208] -- 61th test, time elapsed 4.128602743148804 -- emperical power so far (from test_start): 0.04918032786885246
db insert success
(62, 4, 0, 2, 17400, 'chi', 'genrr', 252.6534881591797, 0.5300000309944153, 4.138909816741943, '2024-07-27 13:42:20', 4, 999)
pval: [0.53000003] -- 62th test, time elapsed 4.138909816741943 -- emperical power so far (from test_start): 0.04838709677419355
db insert success
(63, 4, 0, 2, 17400, 'chi', 'genrr', 251.5281219482422, 0.5540000200271606, 4.1249024868011475, '2024-07-27 13:42:39', 4, 999)
pval: [0.55400002] -- 63th test, time elapsed 4.1249024868011475 -- emperical power so far (from test_start): 0.047619047619047616
db insert success
(64, 4, 0, 2, 17400, 'chi', 'genrr', 252.44561767578125, 0.527999997138977, 4.127090692520142, '2024-07-27 13:42:51', 4, 999)
pval: [0.528] -- 64th test, time elapsed 4.127090692520142 -- emperical power so far (from test_start): 0.046875
db insert success
(65, 4, 0, 2, 17400, 'chi', 'genrr', 263.66778564453125, 0.3440000116825104, 4.132800340652466, '2024-07-27 13:43:09', 4, 999)
pval: [0.34400001] -- 65th test, time elapsed 4.132800340652466 -- emperical power so far (from test_start): 0.046153846153846156
db insert success
(66, 4, 0, 2, 17400, 'chi', 'genrr', 263.9307556152344, 0.3580000102519989, 4.131138324737549, '2024-07-27 13:43:31', 4, 999)
pval: [0.35800001] -- 66th test, time elapsed 4.131138324737549 -- emperical power so far (from test_start): 0.045454545454545456
db insert success
(67, 4, 0, 2, 17400, 'chi', 'genrr', 243.2498779296875, 0.7070000171661377, 4.131843090057373, '2024-07-27 13:43:50', 4, 999)
pval: [0.70700002] -- 67th test, time elapsed 4.131843090057373 -- emperical power so far (from test_start): 0.04477611940298507
db insert success
(68, 4, 0, 2, 17400, 'chi', 'genrr', 233.98243713378906, 0.8100000619888306, 4.144100666046143, '2024-07-27 13:44:05', 4, 999)
pval: [0.81000006] -- 68th test, time elapsed 4.144100666046143 -- emperical power so far (from test_start): 0.04411764705882353
db insert success
(69, 4, 0, 2, 17400, 'chi', 'genrr', 267.2018127441406, 0.25699999928474426, 4.138542413711548, '2024-07-27 13:44:20', 4, 999)
pval: [0.257] -- 69th test, time elapsed 4.138542413711548 -- emperical power so far (from test_start): 0.043478260869565216
db insert success
(70, 4, 0, 2, 17400, 'chi', 'genrr', 256.8023681640625, 0.484000027179718, 4.1347784996032715, '2024-07-27 13:44:34', 4, 999)
pval: [0.48400003] -- 70th test, time elapsed 4.1347784996032715 -- emperical power so far (from test_start): 0.04285714285714286
db insert success
(71, 4, 0, 2, 17400, 'chi', 'genrr', 249.03904724121094, 0.5870000123977661, 4.142498731613159, '2024-07-27 13:44:51', 4, 999)
pval: [0.58700001] -- 71th test, time elapsed 4.142498731613159 -- emperical power so far (from test_start): 0.04225352112676056
db insert success
(72, 4, 0, 2, 17400, 'chi', 'genrr', 315.21673583984375, 0.007000000216066837, 4.144009351730347, '2024-07-27 13:45:08', 4, 999)
pval: [0.007] -- 72th test, time elapsed 4.144009351730347 -- emperical power so far (from test_start): 0.05555555555555555
db insert success
(73, 4, 0, 2, 17400, 'chi', 'genrr', 269.5399475097656, 0.26900002360343933, 4.143646478652954, '2024-07-27 13:45:20', 4, 999)
pval: [0.26900002] -- 73th test, time elapsed 4.143646478652954 -- emperical power so far (from test_start): 0.0547945205479452
db insert success
(74, 4, 0, 2, 17400, 'chi', 'genrr', 268.40301513671875, 0.29200002551078796, 4.14320182800293, '2024-07-27 13:45:45', 4, 999)
pval: [0.29200003] -- 74th test, time elapsed 4.14320182800293 -- emperical power so far (from test_start): 0.05405405405405406
db insert success
(75, 4, 0, 2, 17400, 'chi', 'genrr', 262.8387145996094, 0.3840000033378601, 4.141394376754761, '2024-07-27 13:46:05', 4, 999)
pval: [0.384] -- 75th test, time elapsed 4.141394376754761 -- emperical power so far (from test_start): 0.05333333333333334
db insert success
(76, 4, 0, 2, 17400, 'chi', 'genrr', 259.1622619628906, 0.4100000262260437, 4.147976398468018, '2024-07-27 13:46:29', 4, 999)
pval: [0.41000003] -- 76th test, time elapsed 4.147976398468018 -- emperical power so far (from test_start): 0.05263157894736842
db insert success
(77, 4, 0, 2, 17400, 'chi', 'genrr', 263.469482421875, 0.3460000157356262, 4.134630441665649, '2024-07-27 13:46:43', 4, 999)
pval: [0.34600002] -- 77th test, time elapsed 4.134630441665649 -- emperical power so far (from test_start): 0.05194805194805195
db insert success
(78, 4, 0, 2, 17400, 'chi', 'genrr', 210.48114013671875, 0.984000027179718, 4.138334035873413, '2024-07-27 13:47:00', 4, 999)
pval: [0.98400003] -- 78th test, time elapsed 4.138334035873413 -- emperical power so far (from test_start): 0.05128205128205128
db insert success
(79, 4, 0, 2, 17400, 'chi', 'genrr', 254.38897705078125, 0.5180000066757202, 4.140672922134399, '2024-07-27 13:47:12', 4, 999)
pval: [0.51800001] -- 79th test, time elapsed 4.140672922134399 -- emperical power so far (from test_start): 0.05063291139240506
db insert success
(80, 4, 0, 2, 17400, 'chi', 'genrr', 244.2451171875, 0.7010000348091125, 4.134066343307495, '2024-07-27 13:47:31', 4, 999)
pval: [0.70100003] -- 80th test, time elapsed 4.134066343307495 -- emperical power so far (from test_start): 0.05
db insert success
(81, 4, 0, 2, 17400, 'chi', 'genrr', 264.3157653808594, 0.3100000023841858, 4.150160074234009, '2024-07-27 13:47:39', 4, 999)
pval: [0.31] -- 81th test, time elapsed 4.150160074234009 -- emperical power so far (from test_start): 0.04938271604938271
db insert success
(82, 4, 0, 2, 17400, 'chi', 'genrr', 239.33349609375, 0.7670000195503235, 4.143198251724243, '2024-07-27 13:47:51', 4, 999)
pval: [0.76700002] -- 82th test, time elapsed 4.143198251724243 -- emperical power so far (from test_start): 0.04878048780487805
db insert success
(83, 4, 0, 2, 17400, 'chi', 'genrr', 237.57748413085938, 0.784000039100647, 4.454112768173218, '2024-07-27 13:48:07', 4, 999)
pval: [0.78400004] -- 83th test, time elapsed 4.454112768173218 -- emperical power so far (from test_start): 0.04819277108433735
db insert success
(84, 4, 0, 2, 17400, 'chi', 'genrr', 224.32467651367188, 0.9070000648498535, 4.45714259147644, '2024-07-27 13:48:26', 4, 999)
pval: [0.90700006] -- 84th test, time elapsed 4.45714259147644 -- emperical power so far (from test_start): 0.047619047619047616
db insert success
(85, 4, 0, 2, 17400, 'chi', 'genrr', 248.33360290527344, 0.6070000529289246, 4.4521167278289795, '2024-07-27 13:48:45', 4, 999)
pval: [0.60700005] -- 85th test, time elapsed 4.4521167278289795 -- emperical power so far (from test_start): 0.047058823529411764
db insert success
(86, 4, 0, 2, 17400, 'chi', 'genrr', 254.02699279785156, 0.5160000324249268, 4.4526472091674805, '2024-07-27 13:49:05', 4, 999)
pval: [0.51600003] -- 86th test, time elapsed 4.4526472091674805 -- emperical power so far (from test_start): 0.046511627906976744
db insert success
(87, 4, 0, 2, 17400, 'chi', 'genrr', 295.51904296875, 0.04700000211596489, 4.450726270675659, '2024-07-27 13:49:29', 4, 999)
pval: [0.047] -- 87th test, time elapsed 4.450726270675659 -- emperical power so far (from test_start): 0.05747126436781609
db insert success
(88, 4, 0, 2, 17400, 'chi', 'genrr', 304.1970520019531, 0.021000001579523087, 4.452432155609131, '2024-07-27 13:49:36', 4, 999)
pval: [0.021] -- 88th test, time elapsed 4.452432155609131 -- emperical power so far (from test_start): 0.06818181818181818
db insert success
(89, 4, 0, 2, 17400, 'chi', 'genrr', 248.96070861816406, 0.5940000414848328, 4.443819522857666, '2024-07-27 13:49:42', 4, 999)
pval: [0.59400004] -- 89th test, time elapsed 4.443819522857666 -- emperical power so far (from test_start): 0.06741573033707865
db insert success
(90, 4, 0, 2, 17400, 'chi', 'genrr', 249.21926879882812, 0.5820000171661377, 4.44156289100647, '2024-07-27 13:49:48', 4, 999)
pval: [0.58200002] -- 90th test, time elapsed 4.44156289100647 -- emperical power so far (from test_start): 0.06666666666666667
db insert success
(91, 4, 0, 2, 17400, 'chi', 'genrr', 215.06871032714844, 0.9670000672340393, 4.448044300079346, '2024-07-27 13:50:08', 4, 999)
pval: [0.96700007] -- 91th test, time elapsed 4.448044300079346 -- emperical power so far (from test_start): 0.06593406593406594
db insert success
(92, 4, 0, 2, 17400, 'chi', 'genrr', 233.05906677246094, 0.8260000348091125, 4.406199932098389, '2024-07-27 13:50:16', 4, 999)
pval: [0.82600003] -- 92th test, time elapsed 4.406199932098389 -- emperical power so far (from test_start): 0.06521739130434782
db insert success
(93, 4, 0, 2, 17400, 'chi', 'genrr', 279.551513671875, 0.1380000114440918, 4.141879320144653, '2024-07-27 13:50:30', 4, 999)
pval: [0.13800001] -- 93th test, time elapsed 4.141879320144653 -- emperical power so far (from test_start): 0.06451612903225806
db insert success
(94, 4, 0, 2, 17400, 'chi', 'genrr', 266.13238525390625, 0.3060000240802765, 4.133466005325317, '2024-07-27 13:50:44', 4, 999)
pval: [0.30600002] -- 94th test, time elapsed 4.133466005325317 -- emperical power so far (from test_start): 0.06382978723404255
db insert success
(95, 4, 0, 2, 17400, 'chi', 'genrr', 252.09701538085938, 0.531000018119812, 4.127182960510254, '2024-07-27 13:51:07', 4, 999)
pval: [0.53100002] -- 95th test, time elapsed 4.127182960510254 -- emperical power so far (from test_start): 0.06315789473684211
db insert success
(96, 4, 0, 2, 17400, 'chi', 'genrr', 225.3428192138672, 0.909000039100647, 4.128236770629883, '2024-07-27 13:51:21', 4, 999)
pval: [0.90900004] -- 96th test, time elapsed 4.128236770629883 -- emperical power so far (from test_start): 0.0625
db insert success
(97, 4, 0, 2, 17400, 'chi', 'genrr', 278.0408020019531, 0.15900000929832458, 4.136871576309204, '2024-07-27 13:51:35', 4, 999)
pval: [0.15900001] -- 97th test, time elapsed 4.136871576309204 -- emperical power so far (from test_start): 0.061855670103092786
db insert success
(98, 4, 0, 2, 17400, 'chi', 'genrr', 247.90765380859375, 0.6170000433921814, 4.124136686325073, '2024-07-27 13:51:56', 4, 999)
pval: [0.61700004] -- 98th test, time elapsed 4.124136686325073 -- emperical power so far (from test_start): 0.061224489795918366
db insert success
(99, 4, 0, 2, 17400, 'chi', 'genrr', 267.9881591796875, 0.2770000100135803, 4.134653091430664, '2024-07-27 13:52:14', 4, 999)
pval: [0.27700001] -- 99th test, time elapsed 4.134653091430664 -- emperical power so far (from test_start): 0.06060606060606061
db insert success
(100, 4, 0, 2, 17400, 'chi', 'genrr', 243.888671875, 0.7020000219345093, 4.460172891616821, '2024-07-27 13:52:27', 4, 999)
pval: [0.70200002] -- 100th test, time elapsed 4.460172891616821 -- emperical power so far (from test_start): 0.06
db insert success
(101, 4, 0, 2, 17400, 'chi', 'genrr', 253.29244995117188, 0.4970000088214874, 4.453993558883667, '2024-07-27 13:52:34', 4, 999)
pval: [0.49700001] -- 101th test, time elapsed 4.453993558883667 -- emperical power so far (from test_start): 0.0594059405940594
db insert success
(102, 4, 0, 2, 17400, 'chi', 'genrr', 268.47320556640625, 0.26100000739097595, 4.454251289367676, '2024-07-27 13:52:40', 4, 999)
pval: [0.26100001] -- 102th test, time elapsed 4.454251289367676 -- emperical power so far (from test_start): 0.058823529411764705
db insert success
(103, 4, 0, 2, 17400, 'chi', 'genrr', 241.8763885498047, 0.7110000252723694, 4.450278282165527, '2024-07-27 13:52:53', 4, 999)
pval: [0.71100003] -- 103th test, time elapsed 4.450278282165527 -- emperical power so far (from test_start): 0.05825242718446602
db insert success
(104, 4, 0, 2, 17400, 'chi', 'genrr', 224.95358276367188, 0.909000039100647, 4.4563329219818115, '2024-07-27 13:53:01', 4, 999)
pval: [0.90900004] -- 104th test, time elapsed 4.4563329219818115 -- emperical power so far (from test_start): 0.057692307692307696
db insert success
(105, 4, 0, 2, 17400, 'chi', 'genrr', 284.84197998046875, 0.09800000488758087, 4.454007625579834, '2024-07-27 13:53:12', 4, 999)
pval: [0.098] -- 105th test, time elapsed 4.454007625579834 -- emperical power so far (from test_start): 0.05714285714285714
db insert success
(106, 4, 0, 2, 17400, 'chi', 'genrr', 259.2518615722656, 0.44200003147125244, 4.454398155212402, '2024-07-27 13:53:19', 4, 999)
pval: [0.44200003] -- 106th test, time elapsed 4.454398155212402 -- emperical power so far (from test_start): 0.05660377358490566
db insert success
(107, 4, 0, 2, 17400, 'chi', 'genrr', 265.1954040527344, 0.3320000171661377, 4.446639537811279, '2024-07-27 13:53:34', 4, 999)
pval: [0.33200002] -- 107th test, time elapsed 4.446639537811279 -- emperical power so far (from test_start): 0.056074766355140186
db insert success
(108, 4, 0, 2, 17400, 'chi', 'genrr', 257.5226745605469, 0.4360000193119049, 4.452486038208008, '2024-07-27 13:53:52', 4, 999)
pval: [0.43600002] -- 108th test, time elapsed 4.452486038208008 -- emperical power so far (from test_start): 0.05555555555555555
db insert success
(109, 4, 0, 2, 17400, 'chi', 'genrr', 261.3621520996094, 0.4000000059604645, 4.44585394859314, '2024-07-27 13:54:15', 4, 999)
pval: [0.40000001] -- 109th test, time elapsed 4.44585394859314 -- emperical power so far (from test_start): 0.05504587155963303
db insert success
(110, 4, 0, 2, 17400, 'chi', 'genrr', 268.7655944824219, 0.28200000524520874, 4.447985410690308, '2024-07-27 13:54:22', 4, 999)
pval: [0.28200001] -- 110th test, time elapsed 4.447985410690308 -- emperical power so far (from test_start): 0.05454545454545454
db insert success
(111, 4, 0, 2, 17400, 'chi', 'genrr', 304.7928161621094, 0.015000000596046448, 4.452041864395142, '2024-07-27 13:54:38', 4, 999)
pval: [0.015] -- 111th test, time elapsed 4.452041864395142 -- emperical power so far (from test_start): 0.06306306306306306
db insert success
(112, 4, 0, 2, 17400, 'chi', 'genrr', 251.52993774414062, 0.5450000166893005, 4.213354110717773, '2024-07-27 13:54:47', 4, 999)
pval: [0.54500002] -- 112th test, time elapsed 4.213354110717773 -- emperical power so far (from test_start): 0.0625
db insert success
(113, 4, 0, 2, 17400, 'chi', 'genrr', 280.6069641113281, 0.11900000274181366, 4.124279022216797, '2024-07-27 13:55:06', 4, 999)
pval: [0.119] -- 113th test, time elapsed 4.124279022216797 -- emperical power so far (from test_start): 0.061946902654867256
db insert success
(114, 4, 0, 2, 17400, 'chi', 'genrr', 285.2461242675781, 0.09700000286102295, 4.132059574127197, '2024-07-27 13:55:23', 4, 999)
pval: [0.097] -- 114th test, time elapsed 4.132059574127197 -- emperical power so far (from test_start): 0.06140350877192982
db insert success
(115, 4, 0, 2, 17400, 'chi', 'genrr', 258.9850769042969, 0.43700000643730164, 4.1377198696136475, '2024-07-27 13:55:38', 4, 999)
pval: [0.43700001] -- 115th test, time elapsed 4.1377198696136475 -- emperical power so far (from test_start): 0.06086956521739131
db insert success
(116, 4, 0, 2, 17400, 'chi', 'genrr', 209.692626953125, 0.987000048160553, 4.136512756347656, '2024-07-27 13:56:00', 4, 999)
pval: [0.98700005] -- 116th test, time elapsed 4.136512756347656 -- emperical power so far (from test_start): 0.0603448275862069
db insert success
(117, 4, 0, 2, 17400, 'chi', 'genrr', 255.5124969482422, 0.4870000183582306, 4.134764671325684, '2024-07-27 13:56:11', 4, 999)
pval: [0.48700002] -- 117th test, time elapsed 4.134764671325684 -- emperical power so far (from test_start): 0.05982905982905983
db insert success
(118, 4, 0, 2, 17400, 'chi', 'genrr', 257.3378601074219, 0.45100003480911255, 4.134796619415283, '2024-07-27 13:56:24', 4, 999)
pval: [0.45100003] -- 118th test, time elapsed 4.134796619415283 -- emperical power so far (from test_start): 0.059322033898305086
db insert success
(119, 4, 0, 2, 17400, 'chi', 'genrr', 238.25978088378906, 0.7700000405311584, 4.129699468612671, '2024-07-27 13:56:36', 4, 999)
pval: [0.77000004] -- 119th test, time elapsed 4.129699468612671 -- emperical power so far (from test_start): 0.058823529411764705
db insert success
(120, 4, 0, 2, 17400, 'chi', 'genrr', 283.2210693359375, 0.08300000429153442, 4.132432460784912, '2024-07-27 13:56:54', 4, 999)
pval: [0.083] -- 120th test, time elapsed 4.132432460784912 -- emperical power so far (from test_start): 0.058333333333333334
db insert success
(121, 4, 0, 2, 17400, 'chi', 'genrr', 251.55946350097656, 0.5360000133514404, 4.13686466217041, '2024-07-27 13:57:05', 4, 999)
pval: [0.53600001] -- 121th test, time elapsed 4.13686466217041 -- emperical power so far (from test_start): 0.05785123966942149
db insert success
(122, 4, 0, 2, 17400, 'chi', 'genrr', 249.6670379638672, 0.612000048160553, 4.134438514709473, '2024-07-27 13:57:23', 4, 999)
pval: [0.61200005] -- 122th test, time elapsed 4.134438514709473 -- emperical power so far (from test_start): 0.05737704918032787
db insert success
(123, 4, 0, 2, 17400, 'chi', 'genrr', 268.6380310058594, 0.27800002694129944, 4.138371229171753, '2024-07-27 13:57:38', 4, 999)
pval: [0.27800003] -- 123th test, time elapsed 4.138371229171753 -- emperical power so far (from test_start): 0.056910569105691054
db insert success
(124, 4, 0, 2, 17400, 'chi', 'genrr', 292.7038879394531, 0.049000002443790436, 4.135300636291504, '2024-07-27 13:57:53', 4, 999)
pval: [0.049] -- 124th test, time elapsed 4.135300636291504 -- emperical power so far (from test_start): 0.06451612903225806
db insert success
(125, 4, 0, 2, 17400, 'chi', 'genrr', 282.0713195800781, 0.11300000548362732, 4.132714033126831, '2024-07-27 13:58:05', 4, 999)
pval: [0.11300001] -- 125th test, time elapsed 4.132714033126831 -- emperical power so far (from test_start): 0.064
db insert success
(126, 4, 0, 2, 17400, 'chi', 'genrr', 260.4247741699219, 0.41600000858306885, 4.132199287414551, '2024-07-27 13:58:17', 4, 999)
pval: [0.41600001] -- 126th test, time elapsed 4.132199287414551 -- emperical power so far (from test_start): 0.06349206349206349
db insert success
(127, 4, 0, 2, 17400, 'chi', 'genrr', 270.0755920410156, 0.24800001084804535, 4.134361982345581, '2024-07-27 13:58:23', 4, 999)
pval: [0.24800001] -- 127th test, time elapsed 4.134361982345581 -- emperical power so far (from test_start): 0.06299212598425197
db insert success
(128, 4, 0, 2, 17400, 'chi', 'genrr', 271.0430908203125, 0.23500001430511475, 4.13236665725708, '2024-07-27 13:58:36', 4, 999)
pval: [0.23500001] -- 128th test, time elapsed 4.13236665725708 -- emperical power so far (from test_start): 0.0625
db insert success
(129, 4, 0, 2, 17400, 'chi', 'genrr', 250.1969757080078, 0.5870000123977661, 4.1295554637908936, '2024-07-27 13:58:56', 4, 999)
pval: [0.58700001] -- 129th test, time elapsed 4.1295554637908936 -- emperical power so far (from test_start): 0.06201550387596899
db insert success
(130, 4, 0, 2, 17400, 'chi', 'genrr', 270.1256408691406, 0.2370000183582306, 4.137162446975708, '2024-07-27 13:59:19', 4, 999)
pval: [0.23700002] -- 130th test, time elapsed 4.137162446975708 -- emperical power so far (from test_start): 0.06153846153846154
db insert success
(131, 4, 0, 2, 17400, 'chi', 'genrr', 242.4696044921875, 0.7040000557899475, 4.13416600227356, '2024-07-27 13:59:32', 4, 999)
pval: [0.70400006] -- 131th test, time elapsed 4.13416600227356 -- emperical power so far (from test_start): 0.061068702290076333
db insert success
(132, 4, 0, 2, 17400, 'chi', 'genrr', 241.03643798828125, 0.7590000629425049, 4.133915424346924, '2024-07-27 13:59:53', 4, 999)
pval: [0.75900006] -- 132th test, time elapsed 4.133915424346924 -- emperical power so far (from test_start): 0.06060606060606061
db insert success
(133, 4, 0, 2, 17400, 'chi', 'genrr', 262.4940490722656, 0.3530000150203705, 4.133301734924316, '2024-07-27 14:00:00', 4, 999)
pval: [0.35300002] -- 133th test, time elapsed 4.133301734924316 -- emperical power so far (from test_start): 0.06015037593984962
db insert success
(134, 4, 0, 2, 17400, 'chi', 'genrr', 307.38140869140625, 0.010000000707805157, 4.130728006362915, '2024-07-27 14:00:08', 4, 999)
pval: [0.01] -- 134th test, time elapsed 4.130728006362915 -- emperical power so far (from test_start): 0.06716417910447761
db insert success
(135, 4, 0, 2, 17400, 'chi', 'genrr', 258.0871276855469, 0.45000001788139343, 4.122859001159668, '2024-07-27 14:00:28', 4, 999)
pval: [0.45000002] -- 135th test, time elapsed 4.122859001159668 -- emperical power so far (from test_start): 0.06666666666666667
db insert success
(136, 4, 0, 2, 17400, 'chi', 'genrr', 223.71617126464844, 0.9140000343322754, 4.1300883293151855, '2024-07-27 14:00:50', 4, 999)
pval: [0.91400003] -- 136th test, time elapsed 4.1300883293151855 -- emperical power so far (from test_start): 0.0661764705882353
db insert success
(137, 4, 0, 2, 17400, 'chi', 'genrr', 309.28155517578125, 0.013000000268220901, 4.123226642608643, '2024-07-27 14:01:02', 4, 999)
pval: [0.013] -- 137th test, time elapsed 4.123226642608643 -- emperical power so far (from test_start): 0.072992700729927
db insert success
(138, 4, 0, 2, 17400, 'chi', 'genrr', 244.86212158203125, 0.7080000042915344, 4.130057096481323, '2024-07-27 14:01:26', 4, 999)
pval: [0.708] -- 138th test, time elapsed 4.130057096481323 -- emperical power so far (from test_start): 0.07246376811594203
db insert success
(139, 4, 0, 2, 17400, 'chi', 'genrr', 257.3580627441406, 0.45100003480911255, 4.136800289154053, '2024-07-27 14:01:45', 4, 999)
pval: [0.45100003] -- 139th test, time elapsed 4.136800289154053 -- emperical power so far (from test_start): 0.07194244604316546
db insert success
(140, 4, 0, 2, 17400, 'chi', 'genrr', 305.2410888671875, 0.013000000268220901, 4.137899160385132, '2024-07-27 14:02:06', 4, 999)
pval: [0.013] -- 140th test, time elapsed 4.137899160385132 -- emperical power so far (from test_start): 0.07857142857142857
db insert success
(141, 4, 0, 2, 17400, 'chi', 'genrr', 283.8482666015625, 0.09700000286102295, 4.1353466510772705, '2024-07-27 14:02:27', 4, 999)
pval: [0.097] -- 141th test, time elapsed 4.1353466510772705 -- emperical power so far (from test_start): 0.07801418439716312
db insert success
(142, 4, 0, 2, 17400, 'chi', 'genrr', 254.95932006835938, 0.49500003457069397, 4.133650064468384, '2024-07-27 14:02:36', 4, 999)
pval: [0.49500003] -- 142th test, time elapsed 4.133650064468384 -- emperical power so far (from test_start): 0.07746478873239436
db insert success
(143, 4, 0, 2, 17400, 'chi', 'genrr', 273.8678894042969, 0.2120000123977661, 4.135331630706787, '2024-07-27 14:02:44', 4, 999)
pval: [0.21200001] -- 143th test, time elapsed 4.135331630706787 -- emperical power so far (from test_start): 0.07692307692307693
db insert success
(144, 4, 0, 2, 17400, 'chi', 'genrr', 249.53114318847656, 0.5680000185966492, 4.136163234710693, '2024-07-27 14:02:53', 4, 999)
pval: [0.56800002] -- 144th test, time elapsed 4.136163234710693 -- emperical power so far (from test_start): 0.0763888888888889
db insert success
(145, 4, 0, 2, 17400, 'chi', 'genrr', 252.32008361816406, 0.5200000405311584, 4.138865232467651, '2024-07-27 14:03:12', 4, 999)
pval: [0.52000004] -- 145th test, time elapsed 4.138865232467651 -- emperical power so far (from test_start): 0.07586206896551724
db insert success
(146, 4, 0, 2, 17400, 'chi', 'genrr', 248.0963134765625, 0.6010000109672546, 4.128246307373047, '2024-07-27 14:03:20', 4, 999)
pval: [0.60100001] -- 146th test, time elapsed 4.128246307373047 -- emperical power so far (from test_start): 0.07534246575342465
db insert success
(147, 4, 0, 2, 17400, 'chi', 'genrr', 283.2115173339844, 0.1210000067949295, 4.153096437454224, '2024-07-27 14:03:39', 4, 999)
pval: [0.12100001] -- 147th test, time elapsed 4.153096437454224 -- emperical power so far (from test_start): 0.07482993197278912
db insert success
(148, 4, 0, 2, 17400, 'chi', 'genrr', 239.89344787597656, 0.7480000257492065, 4.1327455043792725, '2024-07-27 14:03:56', 4, 999)
pval: [0.74800003] -- 148th test, time elapsed 4.1327455043792725 -- emperical power so far (from test_start): 0.07432432432432433
db insert success
(149, 4, 0, 2, 17400, 'chi', 'genrr', 261.3270263671875, 0.36100003123283386, 4.14247989654541, '2024-07-27 14:04:19', 4, 999)
pval: [0.36100003] -- 149th test, time elapsed 4.14247989654541 -- emperical power so far (from test_start): 0.0738255033557047
db insert success
(150, 4, 0, 2, 17400, 'chi', 'genrr', 281.6413269042969, 0.12600000202655792, 4.138904333114624, '2024-07-27 14:04:25', 4, 999)
pval: [0.126] -- 150th test, time elapsed 4.138904333114624 -- emperical power so far (from test_start): 0.07333333333333333
db insert success
(151, 4, 0, 2, 17400, 'chi', 'genrr', 262.92840576171875, 0.35200002789497375, 4.140861749649048, '2024-07-27 14:04:44', 4, 999)
pval: [0.35200003] -- 151th test, time elapsed 4.140861749649048 -- emperical power so far (from test_start): 0.0728476821192053
db insert success
(152, 4, 0, 2, 17400, 'chi', 'genrr', 231.3827362060547, 0.8300000429153442, 4.1475958824157715, '2024-07-27 14:05:02', 4, 999)
pval: [0.83000004] -- 152th test, time elapsed 4.1475958824157715 -- emperical power so far (from test_start): 0.07236842105263158
db insert success
(153, 4, 0, 2, 17400, 'chi', 'genrr', 276.88189697265625, 0.17100000381469727, 4.124923944473267, '2024-07-27 14:05:16', 4, 999)
pval: [0.171] -- 153th test, time elapsed 4.124923944473267 -- emperical power so far (from test_start): 0.0718954248366013
db insert success
(154, 4, 0, 2, 17400, 'chi', 'genrr', 270.4161071777344, 0.24000000953674316, 4.129215478897095, '2024-07-27 14:05:30', 4, 999)
pval: [0.24000001] -- 154th test, time elapsed 4.129215478897095 -- emperical power so far (from test_start): 0.07142857142857142
db insert success
(155, 4, 0, 2, 17400, 'chi', 'genrr', 259.6385803222656, 0.40400001406669617, 4.126693964004517, '2024-07-27 14:05:44', 4, 999)
pval: [0.40400001] -- 155th test, time elapsed 4.126693964004517 -- emperical power so far (from test_start): 0.07096774193548387
db insert success
(156, 4, 0, 2, 17400, 'chi', 'genrr', 271.4795227050781, 0.2240000069141388, 4.13322639465332, '2024-07-27 14:05:57', 4, 999)
pval: [0.22400001] -- 156th test, time elapsed 4.13322639465332 -- emperical power so far (from test_start): 0.07051282051282051
db insert success
(157, 4, 0, 2, 17400, 'chi', 'genrr', 272.3902587890625, 0.21400001645088196, 4.13058876991272, '2024-07-27 14:06:20', 4, 999)
pval: [0.21400002] -- 157th test, time elapsed 4.13058876991272 -- emperical power so far (from test_start): 0.07006369426751592
db insert success
(158, 4, 0, 2, 17400, 'chi', 'genrr', 259.66424560546875, 0.41200003027915955, 4.131789445877075, '2024-07-27 14:06:44', 4, 999)
pval: [0.41200003] -- 158th test, time elapsed 4.131789445877075 -- emperical power so far (from test_start): 0.06962025316455696
db insert success
(159, 4, 0, 2, 17400, 'chi', 'genrr', 235.12840270996094, 0.8080000281333923, 4.129520416259766, '2024-07-27 14:06:55', 4, 999)
pval: [0.80800003] -- 159th test, time elapsed 4.129520416259766 -- emperical power so far (from test_start): 0.06918238993710692
db insert success
(160, 4, 0, 2, 17400, 'chi', 'genrr', 260.3069152832031, 0.3890000283718109, 4.136855125427246, '2024-07-27 14:07:08', 4, 999)
pval: [0.38900003] -- 160th test, time elapsed 4.136855125427246 -- emperical power so far (from test_start): 0.06875
db insert success
(161, 4, 0, 2, 17400, 'chi', 'genrr', 241.72674560546875, 0.7090000510215759, 4.140332460403442, '2024-07-27 14:07:26', 4, 999)
pval: [0.70900005] -- 161th test, time elapsed 4.140332460403442 -- emperical power so far (from test_start): 0.06832298136645963
db insert success
(162, 4, 0, 2, 17400, 'chi', 'genrr', 228.30738830566406, 0.9030000567436218, 4.138532400131226, '2024-07-27 14:07:42', 4, 999)
pval: [0.90300006] -- 162th test, time elapsed 4.138532400131226 -- emperical power so far (from test_start): 0.06790123456790123
db insert success
(163, 4, 0, 2, 17400, 'chi', 'genrr', 271.1114196777344, 0.22700001299381256, 4.132154941558838, '2024-07-27 14:07:56', 4, 999)
pval: [0.22700001] -- 163th test, time elapsed 4.132154941558838 -- emperical power so far (from test_start): 0.06748466257668712
db insert success
(164, 4, 0, 2, 17400, 'chi', 'genrr', 230.326171875, 0.8730000257492065, 4.132472515106201, '2024-07-27 14:08:02', 4, 999)
pval: [0.87300003] -- 164th test, time elapsed 4.132472515106201 -- emperical power so far (from test_start): 0.06707317073170732
db insert success
(165, 4, 0, 2, 17400, 'chi', 'genrr', 272.40264892578125, 0.242000013589859, 4.137330532073975, '2024-07-27 14:08:24', 4, 999)
pval: [0.24200001] -- 165th test, time elapsed 4.137330532073975 -- emperical power so far (from test_start): 0.06666666666666667
db insert success
(166, 4, 0, 2, 17400, 'chi', 'genrr', 269.60198974609375, 0.24400001764297485, 4.127031087875366, '2024-07-27 14:08:31', 4, 999)
pval: [0.24400002] -- 166th test, time elapsed 4.127031087875366 -- emperical power so far (from test_start): 0.06626506024096386
db insert success
(167, 4, 0, 2, 17400, 'chi', 'genrr', 294.7138366699219, 0.04800000041723251, 4.132938623428345, '2024-07-27 14:08:44', 4, 999)
pval: [0.048] -- 167th test, time elapsed 4.132938623428345 -- emperical power so far (from test_start): 0.0718562874251497
db insert success
(168, 4, 0, 2, 17400, 'chi', 'genrr', 250.99087524414062, 0.5750000476837158, 4.135812282562256, '2024-07-27 14:09:02', 4, 999)
pval: [0.57500005] -- 168th test, time elapsed 4.135812282562256 -- emperical power so far (from test_start): 0.07142857142857142
db insert success
(169, 4, 0, 2, 17400, 'chi', 'genrr', 258.9575500488281, 0.3930000066757202, 4.373316049575806, '2024-07-27 14:09:10', 4, 999)
pval: [0.39300001] -- 169th test, time elapsed 4.373316049575806 -- emperical power so far (from test_start): 0.07100591715976332
db insert success
(170, 4, 0, 2, 17400, 'chi', 'genrr', 290.5700378417969, 0.058000002056360245, 4.448126554489136, '2024-07-27 14:09:31', 4, 999)
pval: [0.058] -- 170th test, time elapsed 4.448126554489136 -- emperical power so far (from test_start): 0.07058823529411765
db insert success
(171, 4, 0, 2, 17400, 'chi', 'genrr', 285.7117919921875, 0.09100000560283661, 4.449044227600098, '2024-07-27 14:09:55', 4, 999)
pval: [0.09100001] -- 171th test, time elapsed 4.449044227600098 -- emperical power so far (from test_start): 0.07017543859649122
db insert success
(172, 4, 0, 2, 17400, 'chi', 'genrr', 249.5065460205078, 0.5870000123977661, 4.450723886489868, '2024-07-27 14:10:18', 4, 999)
pval: [0.58700001] -- 172th test, time elapsed 4.450723886489868 -- emperical power so far (from test_start): 0.06976744186046512
db insert success
(173, 4, 0, 2, 17400, 'chi', 'genrr', 305.6799011230469, 0.018000001087784767, 4.445253610610962, '2024-07-27 14:10:31', 4, 999)
pval: [0.018] -- 173th test, time elapsed 4.445253610610962 -- emperical power so far (from test_start): 0.07514450867052024
db insert success
(174, 4, 0, 2, 17400, 'chi', 'genrr', 298.43670654296875, 0.04100000113248825, 4.4513843059539795, '2024-07-27 14:10:53', 4, 999)
pval: [0.041] -- 174th test, time elapsed 4.4513843059539795 -- emperical power so far (from test_start): 0.08045977011494253
db insert success
(175, 4, 0, 2, 17400, 'chi', 'genrr', 257.22760009765625, 0.4520000219345093, 4.445608377456665, '2024-07-27 14:11:13', 4, 999)
pval: [0.45200002] -- 175th test, time elapsed 4.445608377456665 -- emperical power so far (from test_start): 0.08
db insert success
(176, 4, 0, 2, 17400, 'chi', 'genrr', 252.34176635742188, 0.5250000357627869, 4.438787937164307, '2024-07-27 14:11:23', 4, 999)
pval: [0.52500004] -- 176th test, time elapsed 4.438787937164307 -- emperical power so far (from test_start): 0.07954545454545454
db insert success
(177, 4, 0, 2, 17400, 'chi', 'genrr', 272.29376220703125, 0.20000000298023224, 4.442539691925049, '2024-07-27 14:11:48', 4, 999)
pval: [0.2] -- 177th test, time elapsed 4.442539691925049 -- emperical power so far (from test_start): 0.07909604519774012
db insert success
(178, 4, 0, 2, 17400, 'chi', 'genrr', 247.92713928222656, 0.6050000190734863, 4.45201301574707, '2024-07-27 14:12:06', 4, 999)
pval: [0.60500002] -- 178th test, time elapsed 4.45201301574707 -- emperical power so far (from test_start): 0.07865168539325842
db insert success
(179, 4, 0, 2, 17400, 'chi', 'genrr', 279.2969970703125, 0.1420000046491623, 4.443497896194458, '2024-07-27 14:12:23', 4, 999)
pval: [0.142] -- 179th test, time elapsed 4.443497896194458 -- emperical power so far (from test_start): 0.0782122905027933
db insert success
(180, 4, 0, 2, 17400, 'chi', 'genrr', 286.0934753417969, 0.06700000166893005, 4.44768214225769, '2024-07-27 14:12:37', 4, 999)
pval: [0.067] -- 180th test, time elapsed 4.44768214225769 -- emperical power so far (from test_start): 0.07777777777777778
db insert success
(181, 4, 0, 2, 17400, 'chi', 'genrr', 258.0461120605469, 0.43800002336502075, 4.445532560348511, '2024-07-27 14:12:48', 4, 999)
pval: [0.43800002] -- 181th test, time elapsed 4.445532560348511 -- emperical power so far (from test_start): 0.07734806629834254
db insert success
(182, 4, 0, 2, 17400, 'chi', 'genrr', 343.0269470214844, 0.0010000000474974513, 4.446647882461548, '2024-07-27 14:13:00', 4, 999)
pval: [0.001] -- 182th test, time elapsed 4.446647882461548 -- emperical power so far (from test_start): 0.08241758241758242
db insert success
(183, 4, 0, 2, 17400, 'chi', 'genrr', 232.84133911132812, 0.8390000462532043, 4.445895195007324, '2024-07-27 14:13:10', 4, 999)
pval: [0.83900005] -- 183th test, time elapsed 4.445895195007324 -- emperical power so far (from test_start): 0.08196721311475409
db insert success
(184, 4, 0, 2, 17400, 'chi', 'genrr', 273.88006591796875, 0.1770000010728836, 4.4523255825042725, '2024-07-27 14:13:33', 4, 999)
pval: [0.177] -- 184th test, time elapsed 4.4523255825042725 -- emperical power so far (from test_start): 0.08152173913043478
db insert success
(185, 4, 0, 2, 17400, 'chi', 'genrr', 251.6001739501953, 0.5450000166893005, 4.455402374267578, '2024-07-27 14:13:56', 4, 999)
pval: [0.54500002] -- 185th test, time elapsed 4.455402374267578 -- emperical power so far (from test_start): 0.08108108108108109
db insert success
(186, 4, 0, 2, 17400, 'chi', 'genrr', 285.57867431640625, 0.08500000089406967, 4.456096649169922, '2024-07-27 14:14:17', 4, 999)
pval: [0.085] -- 186th test, time elapsed 4.456096649169922 -- emperical power so far (from test_start): 0.08064516129032258
db insert success
(187, 4, 0, 2, 17400, 'chi', 'genrr', 310.9439392089844, 0.012000000104308128, 4.45107889175415, '2024-07-27 14:14:26', 4, 999)
pval: [0.012] -- 187th test, time elapsed 4.45107889175415 -- emperical power so far (from test_start): 0.0855614973262032
db insert success
(188, 4, 0, 2, 17400, 'chi', 'genrr', 224.4857635498047, 0.9200000166893005, 4.449852705001831, '2024-07-27 14:14:40', 4, 999)
pval: [0.92000002] -- 188th test, time elapsed 4.449852705001831 -- emperical power so far (from test_start): 0.0851063829787234
db insert success
(189, 4, 0, 2, 17400, 'chi', 'genrr', 265.30438232421875, 0.3230000138282776, 4.439399003982544, '2024-07-27 14:14:49', 4, 999)
pval: [0.32300001] -- 189th test, time elapsed 4.439399003982544 -- emperical power so far (from test_start): 0.08465608465608465
db insert success
(190, 4, 0, 2, 17400, 'chi', 'genrr', 282.82666015625, 0.1290000081062317, 4.449554681777954, '2024-07-27 14:15:07', 4, 999)
pval: [0.12900001] -- 190th test, time elapsed 4.449554681777954 -- emperical power so far (from test_start): 0.08421052631578947
db insert success
(191, 4, 0, 2, 17400, 'chi', 'genrr', 271.1878967285156, 0.23800000548362732, 4.448566675186157, '2024-07-27 14:15:22', 4, 999)
pval: [0.23800001] -- 191th test, time elapsed 4.448566675186157 -- emperical power so far (from test_start): 0.08376963350785341
db insert success
(192, 4, 0, 2, 17400, 'chi', 'genrr', 297.6377258300781, 0.032999999821186066, 4.453052043914795, '2024-07-27 14:15:27', 4, 999)
pval: [0.033] -- 192th test, time elapsed 4.453052043914795 -- emperical power so far (from test_start): 0.08854166666666667
db insert success
(193, 4, 0, 2, 17400, 'chi', 'genrr', 254.49205017089844, 0.47300001978874207, 4.442263126373291, '2024-07-27 14:15:47', 4, 999)
pval: [0.47300002] -- 193th test, time elapsed 4.442263126373291 -- emperical power so far (from test_start): 0.08808290155440414
db insert success
(194, 4, 0, 2, 17400, 'chi', 'genrr', 236.25833129882812, 0.812000036239624, 4.450613975524902, '2024-07-27 14:16:02', 4, 999)
pval: [0.81200004] -- 194th test, time elapsed 4.450613975524902 -- emperical power so far (from test_start): 0.08762886597938144
db insert success
(195, 4, 0, 2, 17400, 'chi', 'genrr', 270.9786376953125, 0.25699999928474426, 4.450946569442749, '2024-07-27 14:16:19', 4, 999)
pval: [0.257] -- 195th test, time elapsed 4.450946569442749 -- emperical power so far (from test_start): 0.08717948717948718
db insert success
(196, 4, 0, 2, 17400, 'chi', 'genrr', 234.2515411376953, 0.8520000576972961, 4.451598167419434, '2024-07-27 14:16:37', 4, 999)
pval: [0.85200006] -- 196th test, time elapsed 4.451598167419434 -- emperical power so far (from test_start): 0.08673469387755102
db insert success
(197, 4, 0, 2, 17400, 'chi', 'genrr', 295.546875, 0.03700000047683716, 4.4476158618927, '2024-07-27 14:17:02', 4, 999)
pval: [0.037] -- 197th test, time elapsed 4.4476158618927 -- emperical power so far (from test_start): 0.09137055837563451
db insert success
(198, 4, 0, 2, 17400, 'chi', 'genrr', 259.7966613769531, 0.3920000195503235, 4.449516534805298, '2024-07-27 14:17:15', 4, 999)
pval: [0.39200002] -- 198th test, time elapsed 4.449516534805298 -- emperical power so far (from test_start): 0.09090909090909091
db insert success
(199, 4, 0, 2, 17400, 'chi', 'genrr', 260.0293884277344, 0.40800002217292786, 4.449789047241211, '2024-07-27 14:17:23', 4, 999)
pval: [0.40800002] -- 199th test, time elapsed 4.449789047241211 -- emperical power so far (from test_start): 0.09045226130653267
db insert success
(200, 4, 0, 2, 17400, 'chi', 'genrr', 278.57879638671875, 0.15000000596046448, 4.454092741012573, '2024-07-27 14:17:43', 4, 999)
pval: [0.15000001] -- 200th test, time elapsed 4.454092741012573 -- emperical power so far (from test_start): 0.09
db insert success
3020.0149347782135
