genrrchi, alpha=1, sample size=75400
#########################################
(1, 4, 0, 1, 75400, 'chi', 'genrr', 268.5142822265625, 0.29500001668930054, 12.919564008712769, '2024-07-27 13:09:43', 4, 999)
pval: [0.29500002] -- 1th test, time elapsed 12.919564008712769 -- emperical power so far (from test_start): 0.0
db insert success
(2, 4, 0, 1, 75400, 'chi', 'genrr', 266.4065246582031, 0.3100000023841858, 12.899182319641113, '2024-07-27 13:10:14', 4, 999)
pval: [0.31] -- 2th test, time elapsed 12.899182319641113 -- emperical power so far (from test_start): 0.0
db insert success
(3, 4, 0, 1, 75400, 'chi', 'genrr', 228.09739685058594, 0.89000004529953, 12.883246898651123, '2024-07-27 13:10:32', 4, 999)
pval: [0.89000005] -- 3th test, time elapsed 12.883246898651123 -- emperical power so far (from test_start): 0.0
db insert success
(4, 4, 0, 1, 75400, 'chi', 'genrr', 267.01031494140625, 0.281000018119812, 12.946626424789429, '2024-07-27 13:10:57', 4, 999)
pval: [0.28100002] -- 4th test, time elapsed 12.946626424789429 -- emperical power so far (from test_start): 0.0
db insert success
(5, 4, 0, 1, 75400, 'chi', 'genrr', 261.6391296386719, 0.39000001549720764, 12.86129117012024, '2024-07-27 13:11:12', 4, 999)
pval: [0.39000002] -- 5th test, time elapsed 12.86129117012024 -- emperical power so far (from test_start): 0.0
db insert success
(6, 4, 0, 1, 75400, 'chi', 'genrr', 313.243408203125, 0.013000000268220901, 12.89037275314331, '2024-07-27 13:11:42', 4, 999)
pval: [0.013] -- 6th test, time elapsed 12.89037275314331 -- emperical power so far (from test_start): 0.16666666666666666
db insert success
(7, 4, 0, 1, 75400, 'chi', 'genrr', 298.9799499511719, 0.02800000086426735, 12.883588790893555, '2024-07-27 13:12:12', 4, 999)
pval: [0.028] -- 7th test, time elapsed 12.883588790893555 -- emperical power so far (from test_start): 0.2857142857142857
db insert success
(8, 4, 0, 1, 75400, 'chi', 'genrr', 242.25869750976562, 0.7410000562667847, 12.880642890930176, '2024-07-27 13:12:44', 4, 999)
pval: [0.74100006] -- 8th test, time elapsed 12.880642890930176 -- emperical power so far (from test_start): 0.25
db insert success
(9, 4, 0, 1, 75400, 'chi', 'genrr', 242.9997100830078, 0.6880000233650208, 12.855140447616577, '2024-07-27 13:13:09', 4, 999)
pval: [0.68800002] -- 9th test, time elapsed 12.855140447616577 -- emperical power so far (from test_start): 0.2222222222222222
db insert success
(10, 4, 0, 1, 75400, 'chi', 'genrr', 231.1132354736328, 0.8520000576972961, 12.859904289245605, '2024-07-27 13:13:38', 4, 999)
pval: [0.85200006] -- 10th test, time elapsed 12.859904289245605 -- emperical power so far (from test_start): 0.2
db insert success
(11, 4, 0, 1, 75400, 'chi', 'genrr', 258.4204406738281, 0.4650000333786011, 12.84948992729187, '2024-07-27 13:14:06', 4, 999)
pval: [0.46500003] -- 11th test, time elapsed 12.84948992729187 -- emperical power so far (from test_start): 0.18181818181818182
db insert success
(12, 4, 0, 1, 75400, 'chi', 'genrr', 238.0721435546875, 0.7390000224113464, 12.853060722351074, '2024-07-27 13:14:21', 4, 999)
pval: [0.73900002] -- 12th test, time elapsed 12.853060722351074 -- emperical power so far (from test_start): 0.16666666666666666
db insert success
(13, 4, 0, 1, 75400, 'chi', 'genrr', 229.17088317871094, 0.8760000467300415, 12.86594533920288, '2024-07-27 13:14:37', 4, 999)
pval: [0.87600005] -- 13th test, time elapsed 12.86594533920288 -- emperical power so far (from test_start): 0.15384615384615385
db insert success
(14, 4, 0, 1, 75400, 'chi', 'genrr', 288.42779541015625, 0.09300000220537186, 12.864517450332642, '2024-07-27 13:15:03', 4, 999)
pval: [0.093] -- 14th test, time elapsed 12.864517450332642 -- emperical power so far (from test_start): 0.14285714285714285
db insert success
(15, 4, 0, 1, 75400, 'chi', 'genrr', 249.33135986328125, 0.5980000495910645, 12.86271619796753, '2024-07-27 13:15:27', 4, 999)
pval: [0.59800005] -- 15th test, time elapsed 12.86271619796753 -- emperical power so far (from test_start): 0.13333333333333333
db insert success
(16, 4, 0, 1, 75400, 'chi', 'genrr', 278.5403137207031, 0.15000000596046448, 12.88008999824524, '2024-07-27 13:15:51', 4, 999)
pval: [0.15000001] -- 16th test, time elapsed 12.88008999824524 -- emperical power so far (from test_start): 0.125
db insert success
(17, 4, 0, 1, 75400, 'chi', 'genrr', 256.64752197265625, 0.46300002932548523, 12.844241857528687, '2024-07-27 13:16:19', 4, 999)
pval: [0.46300003] -- 17th test, time elapsed 12.844241857528687 -- emperical power so far (from test_start): 0.11764705882352941
db insert success
(18, 4, 0, 1, 75400, 'chi', 'genrr', 238.38385009765625, 0.7680000066757202, 12.858392238616943, '2024-07-27 13:16:51', 4, 999)
pval: [0.76800001] -- 18th test, time elapsed 12.858392238616943 -- emperical power so far (from test_start): 0.1111111111111111
db insert success
(19, 4, 0, 1, 75400, 'chi', 'genrr', 268.252197265625, 0.2800000011920929, 12.85128116607666, '2024-07-27 13:17:24', 4, 999)
pval: [0.28] -- 19th test, time elapsed 12.85128116607666 -- emperical power so far (from test_start): 0.10526315789473684
db insert success
(20, 4, 0, 1, 75400, 'chi', 'genrr', 277.3517761230469, 0.1510000079870224, 12.862004518508911, '2024-07-27 13:17:49', 4, 999)
pval: [0.15100001] -- 20th test, time elapsed 12.862004518508911 -- emperical power so far (from test_start): 0.1
db insert success
(21, 4, 0, 1, 75400, 'chi', 'genrr', 299.44439697265625, 0.030000001192092896, 12.853155612945557, '2024-07-27 13:18:21', 4, 999)
pval: [0.03] -- 21th test, time elapsed 12.853155612945557 -- emperical power so far (from test_start): 0.14285714285714285
db insert success
(22, 4, 0, 1, 75400, 'chi', 'genrr', 194.25350952148438, 0.999000072479248, 12.865103483200073, '2024-07-27 13:18:47', 4, 999)
pval: [0.99900007] -- 22th test, time elapsed 12.865103483200073 -- emperical power so far (from test_start): 0.13636363636363635
db insert success
(23, 4, 0, 1, 75400, 'chi', 'genrr', 290.35040283203125, 0.06200000271201134, 12.842553615570068, '2024-07-27 13:19:16', 4, 999)
pval: [0.062] -- 23th test, time elapsed 12.842553615570068 -- emperical power so far (from test_start): 0.13043478260869565
db insert success
(24, 4, 0, 1, 75400, 'chi', 'genrr', 248.47927856445312, 0.578000009059906, 12.855652809143066, '2024-07-27 13:19:45', 4, 999)
pval: [0.57800001] -- 24th test, time elapsed 12.855652809143066 -- emperical power so far (from test_start): 0.125
db insert success
(25, 4, 0, 1, 75400, 'chi', 'genrr', 297.61187744140625, 0.03500000014901161, 12.889033079147339, '2024-07-27 13:20:18', 4, 999)
pval: [0.035] -- 25th test, time elapsed 12.889033079147339 -- emperical power so far (from test_start): 0.16
db insert success
(26, 4, 0, 1, 75400, 'chi', 'genrr', 271.6752624511719, 0.22300000488758087, 12.904841423034668, '2024-07-27 13:20:50', 4, 999)
pval: [0.223] -- 26th test, time elapsed 12.904841423034668 -- emperical power so far (from test_start): 0.15384615384615385
db insert success
(27, 4, 0, 1, 75400, 'chi', 'genrr', 219.0104522705078, 0.9440000653266907, 12.879554748535156, '2024-07-27 13:21:09', 4, 999)
pval: [0.94400007] -- 27th test, time elapsed 12.879554748535156 -- emperical power so far (from test_start): 0.14814814814814814
db insert success
(28, 4, 0, 1, 75400, 'chi', 'genrr', 268.80865478515625, 0.2710000276565552, 12.893076658248901, '2024-07-27 13:21:33', 4, 999)
pval: [0.27100003] -- 28th test, time elapsed 12.893076658248901 -- emperical power so far (from test_start): 0.14285714285714285
db insert success
(29, 4, 0, 1, 75400, 'chi', 'genrr', 220.55174255371094, 0.9460000395774841, 12.87413501739502, '2024-07-27 13:22:04', 4, 999)
pval: [0.94600004] -- 29th test, time elapsed 12.87413501739502 -- emperical power so far (from test_start): 0.13793103448275862
db insert success
(30, 4, 0, 1, 75400, 'chi', 'genrr', 255.3029022216797, 0.484000027179718, 12.878983736038208, '2024-07-27 13:22:33', 4, 999)
pval: [0.48400003] -- 30th test, time elapsed 12.878983736038208 -- emperical power so far (from test_start): 0.13333333333333333
db insert success
(31, 4, 0, 1, 75400, 'chi', 'genrr', 254.4633331298828, 0.49900001287460327, 12.865695476531982, '2024-07-27 13:22:52', 4, 999)
pval: [0.49900001] -- 31th test, time elapsed 12.865695476531982 -- emperical power so far (from test_start): 0.12903225806451613
db insert success
(32, 4, 0, 1, 75400, 'chi', 'genrr', 215.25257873535156, 0.9640000462532043, 12.879398822784424, '2024-07-27 13:23:14', 4, 999)
pval: [0.96400005] -- 32th test, time elapsed 12.879398822784424 -- emperical power so far (from test_start): 0.125
db insert success
(33, 4, 0, 1, 75400, 'chi', 'genrr', 274.08563232421875, 0.203000009059906, 12.855979442596436, '2024-07-27 13:23:36', 4, 999)
pval: [0.20300001] -- 33th test, time elapsed 12.855979442596436 -- emperical power so far (from test_start): 0.12121212121212122
db insert success
(34, 4, 0, 1, 75400, 'chi', 'genrr', 258.9415283203125, 0.4410000145435333, 12.863545179367065, '2024-07-27 13:24:09', 4, 999)
pval: [0.44100001] -- 34th test, time elapsed 12.863545179367065 -- emperical power so far (from test_start): 0.11764705882352941
db insert success
(35, 4, 0, 1, 75400, 'chi', 'genrr', 243.80850219726562, 0.6970000267028809, 12.878906726837158, '2024-07-27 13:24:41', 4, 999)
pval: [0.69700003] -- 35th test, time elapsed 12.878906726837158 -- emperical power so far (from test_start): 0.11428571428571428
db insert success
(36, 4, 0, 1, 75400, 'chi', 'genrr', 272.1394958496094, 0.2240000069141388, 12.878376245498657, '2024-07-27 13:24:59', 4, 999)
pval: [0.22400001] -- 36th test, time elapsed 12.878376245498657 -- emperical power so far (from test_start): 0.1111111111111111
db insert success
(37, 4, 0, 1, 75400, 'chi', 'genrr', 294.18707275390625, 0.03500000014901161, 12.868829011917114, '2024-07-27 13:25:15', 4, 999)
pval: [0.035] -- 37th test, time elapsed 12.868829011917114 -- emperical power so far (from test_start): 0.13513513513513514
db insert success
(38, 4, 0, 1, 75400, 'chi', 'genrr', 251.92762756347656, 0.5560000538825989, 12.868830680847168, '2024-07-27 13:25:29', 4, 999)
pval: [0.55600005] -- 38th test, time elapsed 12.868830680847168 -- emperical power so far (from test_start): 0.13157894736842105
db insert success
(39, 4, 0, 1, 75400, 'chi', 'genrr', 253.12258911132812, 0.5170000195503235, 12.857239723205566, '2024-07-27 13:25:53', 4, 999)
pval: [0.51700002] -- 39th test, time elapsed 12.857239723205566 -- emperical power so far (from test_start): 0.1282051282051282
db insert success
(40, 4, 0, 1, 75400, 'chi', 'genrr', 253.4698028564453, 0.531000018119812, 12.876123666763306, '2024-07-27 13:26:16', 4, 999)
pval: [0.53100002] -- 40th test, time elapsed 12.876123666763306 -- emperical power so far (from test_start): 0.125
db insert success
(41, 4, 0, 1, 75400, 'chi', 'genrr', 236.69906616210938, 0.784000039100647, 12.866512775421143, '2024-07-27 13:26:41', 4, 999)
pval: [0.78400004] -- 41th test, time elapsed 12.866512775421143 -- emperical power so far (from test_start): 0.12195121951219512
db insert success
(42, 4, 0, 1, 75400, 'chi', 'genrr', 254.04428100585938, 0.4780000150203705, 12.852966547012329, '2024-07-27 13:27:13', 4, 999)
pval: [0.47800002] -- 42th test, time elapsed 12.852966547012329 -- emperical power so far (from test_start): 0.11904761904761904
db insert success
(43, 4, 0, 1, 75400, 'chi', 'genrr', 289.8175048828125, 0.058000002056360245, 12.861274242401123, '2024-07-27 13:27:35', 4, 999)
pval: [0.058] -- 43th test, time elapsed 12.861274242401123 -- emperical power so far (from test_start): 0.11627906976744186
db insert success
(44, 4, 0, 1, 75400, 'chi', 'genrr', 272.80267333984375, 0.22100001573562622, 12.872500658035278, '2024-07-27 13:28:05', 4, 999)
pval: [0.22100002] -- 44th test, time elapsed 12.872500658035278 -- emperical power so far (from test_start): 0.11363636363636363
db insert success
(45, 4, 0, 1, 75400, 'chi', 'genrr', 231.8759002685547, 0.8500000238418579, 12.871366500854492, '2024-07-27 13:28:22', 4, 999)
pval: [0.85000002] -- 45th test, time elapsed 12.871366500854492 -- emperical power so far (from test_start): 0.1111111111111111
db insert success
(46, 4, 0, 1, 75400, 'chi', 'genrr', 273.9573669433594, 0.20900000631809235, 12.8451087474823, '2024-07-27 13:28:54', 4, 999)
pval: [0.20900001] -- 46th test, time elapsed 12.8451087474823 -- emperical power so far (from test_start): 0.10869565217391304
db insert success
(47, 4, 0, 1, 75400, 'chi', 'genrr', 259.1413879394531, 0.3920000195503235, 12.847635507583618, '2024-07-27 13:29:09', 4, 999)
pval: [0.39200002] -- 47th test, time elapsed 12.847635507583618 -- emperical power so far (from test_start): 0.10638297872340426
db insert success
(48, 4, 0, 1, 75400, 'chi', 'genrr', 261.6158752441406, 0.3830000162124634, 12.85946249961853, '2024-07-27 13:29:42', 4, 999)
pval: [0.38300002] -- 48th test, time elapsed 12.85946249961853 -- emperical power so far (from test_start): 0.10416666666666667
db insert success
(49, 4, 0, 1, 75400, 'chi', 'genrr', 285.3433837890625, 0.10000000149011612, 12.873273849487305, '2024-07-27 13:30:13', 4, 999)
pval: [0.1] -- 49th test, time elapsed 12.873273849487305 -- emperical power so far (from test_start): 0.10204081632653061
db insert success
(50, 4, 0, 1, 75400, 'chi', 'genrr', 220.62765502929688, 0.9440000653266907, 12.873836994171143, '2024-07-27 13:30:30', 4, 999)
pval: [0.94400007] -- 50th test, time elapsed 12.873836994171143 -- emperical power so far (from test_start): 0.1
db insert success
(51, 4, 0, 1, 75400, 'chi', 'genrr', 259.12908935546875, 0.4150000214576721, 12.867584705352783, '2024-07-27 13:30:51', 4, 999)
pval: [0.41500002] -- 51th test, time elapsed 12.867584705352783 -- emperical power so far (from test_start): 0.09803921568627451
db insert success
(52, 4, 0, 1, 75400, 'chi', 'genrr', 274.76397705078125, 0.16900001466274261, 12.862643003463745, '2024-07-27 13:31:09', 4, 999)
pval: [0.16900001] -- 52th test, time elapsed 12.862643003463745 -- emperical power so far (from test_start): 0.09615384615384616
db insert success
(53, 4, 0, 1, 75400, 'chi', 'genrr', 240.7989959716797, 0.7090000510215759, 12.863364696502686, '2024-07-27 13:31:37', 4, 999)
pval: [0.70900005] -- 53th test, time elapsed 12.863364696502686 -- emperical power so far (from test_start): 0.09433962264150944
db insert success
(54, 4, 0, 1, 75400, 'chi', 'genrr', 263.0928039550781, 0.359000027179718, 12.85281753540039, '2024-07-27 13:32:08', 4, 999)
pval: [0.35900003] -- 54th test, time elapsed 12.85281753540039 -- emperical power so far (from test_start): 0.09259259259259259
db insert success
(55, 4, 0, 1, 75400, 'chi', 'genrr', 250.6159210205078, 0.5600000023841858, 12.856761693954468, '2024-07-27 13:32:39', 4, 999)
pval: [0.56] -- 55th test, time elapsed 12.856761693954468 -- emperical power so far (from test_start): 0.09090909090909091
db insert success
(56, 4, 0, 1, 75400, 'chi', 'genrr', 280.6193542480469, 0.12000000476837158, 12.87125015258789, '2024-07-27 13:32:59', 4, 999)
pval: [0.12] -- 56th test, time elapsed 12.87125015258789 -- emperical power so far (from test_start): 0.08928571428571429
db insert success
(57, 4, 0, 1, 75400, 'chi', 'genrr', 220.54747009277344, 0.9320000410079956, 12.854682445526123, '2024-07-27 13:33:19', 4, 999)
pval: [0.93200004] -- 57th test, time elapsed 12.854682445526123 -- emperical power so far (from test_start): 0.08771929824561403
db insert success
(58, 4, 0, 1, 75400, 'chi', 'genrr', 251.48556518554688, 0.5480000376701355, 12.88334584236145, '2024-07-27 13:33:42', 4, 999)
pval: [0.54800004] -- 58th test, time elapsed 12.88334584236145 -- emperical power so far (from test_start): 0.08620689655172414
db insert success
(59, 4, 0, 1, 75400, 'chi', 'genrr', 249.98934936523438, 0.5860000252723694, 12.87994909286499, '2024-07-27 13:33:56', 4, 999)
pval: [0.58600003] -- 59th test, time elapsed 12.87994909286499 -- emperical power so far (from test_start): 0.0847457627118644
db insert success
(60, 4, 0, 1, 75400, 'chi', 'genrr', 281.1124572753906, 0.1340000033378601, 12.856509923934937, '2024-07-27 13:34:16', 4, 999)
pval: [0.134] -- 60th test, time elapsed 12.856509923934937 -- emperical power so far (from test_start): 0.08333333333333333
db insert success
(61, 4, 0, 1, 75400, 'chi', 'genrr', 293.1422424316406, 0.04700000211596489, 12.85900092124939, '2024-07-27 13:34:40', 4, 999)
pval: [0.047] -- 61th test, time elapsed 12.85900092124939 -- emperical power so far (from test_start): 0.09836065573770492
db insert success
(62, 4, 0, 1, 75400, 'chi', 'genrr', 218.9576873779297, 0.9490000605583191, 12.810330390930176, '2024-07-27 13:34:57', 4, 999)
pval: [0.94900006] -- 62th test, time elapsed 12.810330390930176 -- emperical power so far (from test_start): 0.0967741935483871
db insert success
(63, 4, 0, 1, 75400, 'chi', 'genrr', 227.7395782470703, 0.8870000243186951, 12.812444925308228, '2024-07-27 13:35:25', 4, 999)
pval: [0.88700002] -- 63th test, time elapsed 12.812444925308228 -- emperical power so far (from test_start): 0.09523809523809523
db insert success
(64, 4, 0, 1, 75400, 'chi', 'genrr', 247.1337127685547, 0.625, 12.795340538024902, '2024-07-27 13:35:41', 4, 999)
pval: [0.625] -- 64th test, time elapsed 12.795340538024902 -- emperical power so far (from test_start): 0.09375
db insert success
(65, 4, 0, 1, 75400, 'chi', 'genrr', 312.49395751953125, 0.009000000543892384, 12.78570294380188, '2024-07-27 13:36:08', 4, 999)
pval: [0.009] -- 65th test, time elapsed 12.78570294380188 -- emperical power so far (from test_start): 0.1076923076923077
db insert success
(66, 4, 0, 1, 75400, 'chi', 'genrr', 227.9884490966797, 0.8950000405311584, 12.79288935661316, '2024-07-27 13:36:27', 4, 999)
pval: [0.89500004] -- 66th test, time elapsed 12.79288935661316 -- emperical power so far (from test_start): 0.10606060606060606
db insert success
(67, 4, 0, 1, 75400, 'chi', 'genrr', 263.7496032714844, 0.3370000123977661, 12.799304485321045, '2024-07-27 13:36:53', 4, 999)
pval: [0.33700001] -- 67th test, time elapsed 12.799304485321045 -- emperical power so far (from test_start): 0.1044776119402985
db insert success
(68, 4, 0, 1, 75400, 'chi', 'genrr', 248.17831420898438, 0.6160000562667847, 12.810454368591309, '2024-07-27 13:37:21', 4, 999)
pval: [0.61600006] -- 68th test, time elapsed 12.810454368591309 -- emperical power so far (from test_start): 0.10294117647058823
db insert success
(69, 4, 0, 1, 75400, 'chi', 'genrr', 265.2894287109375, 0.33500000834465027, 12.772281169891357, '2024-07-27 13:37:53', 4, 999)
pval: [0.33500001] -- 69th test, time elapsed 12.772281169891357 -- emperical power so far (from test_start): 0.10144927536231885
db insert success
(70, 4, 0, 1, 75400, 'chi', 'genrr', 274.57269287109375, 0.18000000715255737, 12.791303873062134, '2024-07-27 13:38:08', 4, 999)
pval: [0.18000001] -- 70th test, time elapsed 12.791303873062134 -- emperical power so far (from test_start): 0.1
db insert success
(71, 4, 0, 1, 75400, 'chi', 'genrr', 273.1856689453125, 0.19200000166893005, 12.808743476867676, '2024-07-27 13:38:36', 4, 999)
pval: [0.192] -- 71th test, time elapsed 12.808743476867676 -- emperical power so far (from test_start): 0.09859154929577464
db insert success
(72, 4, 0, 1, 75400, 'chi', 'genrr', 240.61627197265625, 0.7250000238418579, 12.809094190597534, '2024-07-27 13:39:02', 4, 999)
pval: [0.72500002] -- 72th test, time elapsed 12.809094190597534 -- emperical power so far (from test_start): 0.09722222222222222
db insert success
(73, 4, 0, 1, 75400, 'chi', 'genrr', 302.4727783203125, 0.023000001907348633, 12.812903642654419, '2024-07-27 13:39:21', 4, 999)
pval: [0.023] -- 73th test, time elapsed 12.812903642654419 -- emperical power so far (from test_start): 0.1095890410958904
db insert success
(74, 4, 0, 1, 75400, 'chi', 'genrr', 258.3256530761719, 0.46400001645088196, 12.78848910331726, '2024-07-27 13:39:46', 4, 999)
pval: [0.46400002] -- 74th test, time elapsed 12.78848910331726 -- emperical power so far (from test_start): 0.10810810810810811
db insert success
(75, 4, 0, 1, 75400, 'chi', 'genrr', 258.3089599609375, 0.4320000112056732, 12.78961730003357, '2024-07-27 13:40:17', 4, 999)
pval: [0.43200001] -- 75th test, time elapsed 12.78961730003357 -- emperical power so far (from test_start): 0.10666666666666667
db insert success
(76, 4, 0, 1, 75400, 'chi', 'genrr', 241.75204467773438, 0.718000054359436, 12.80316162109375, '2024-07-27 13:40:32', 4, 999)
pval: [0.71800005] -- 76th test, time elapsed 12.80316162109375 -- emperical power so far (from test_start): 0.10526315789473684
db insert success
(77, 4, 0, 1, 75400, 'chi', 'genrr', 222.82223510742188, 0.921000063419342, 12.826126098632812, '2024-07-27 13:41:05', 4, 999)
pval: [0.92100006] -- 77th test, time elapsed 12.826126098632812 -- emperical power so far (from test_start): 0.1038961038961039
db insert success
(78, 4, 0, 1, 75400, 'chi', 'genrr', 254.0874481201172, 0.5049999952316284, 12.798392057418823, '2024-07-27 13:41:28', 4, 999)
pval: [0.505] -- 78th test, time elapsed 12.798392057418823 -- emperical power so far (from test_start): 0.10256410256410256
db insert success
(79, 4, 0, 1, 75400, 'chi', 'genrr', 250.9004364013672, 0.5410000085830688, 12.79215145111084, '2024-07-27 13:41:44', 4, 999)
pval: [0.54100001] -- 79th test, time elapsed 12.79215145111084 -- emperical power so far (from test_start): 0.10126582278481013
db insert success
(80, 4, 0, 1, 75400, 'chi', 'genrr', 231.40191650390625, 0.8670000433921814, 12.808220863342285, '2024-07-27 13:42:10', 4, 999)
pval: [0.86700004] -- 80th test, time elapsed 12.808220863342285 -- emperical power so far (from test_start): 0.1
db insert success
(81, 4, 0, 1, 75400, 'chi', 'genrr', 269.2164001464844, 0.2370000183582306, 12.79140305519104, '2024-07-27 13:42:35', 4, 999)
pval: [0.23700002] -- 81th test, time elapsed 12.79140305519104 -- emperical power so far (from test_start): 0.09876543209876543
db insert success
(82, 4, 0, 1, 75400, 'chi', 'genrr', 259.26385498046875, 0.42000001668930054, 12.8410325050354, '2024-07-27 13:42:50', 4, 999)
pval: [0.42000002] -- 82th test, time elapsed 12.8410325050354 -- emperical power so far (from test_start): 0.0975609756097561
db insert success
(83, 4, 0, 1, 75400, 'chi', 'genrr', 260.62689208984375, 0.41100001335144043, 12.792304515838623, '2024-07-27 13:43:18', 4, 999)
pval: [0.41100001] -- 83th test, time elapsed 12.792304515838623 -- emperical power so far (from test_start): 0.0963855421686747
db insert success
(84, 4, 0, 1, 75400, 'chi', 'genrr', 234.5529327392578, 0.8010000586509705, 12.794449090957642, '2024-07-27 13:43:41', 4, 999)
pval: [0.80100006] -- 84th test, time elapsed 12.794449090957642 -- emperical power so far (from test_start): 0.09523809523809523
db insert success
(85, 4, 0, 1, 75400, 'chi', 'genrr', 264.4048767089844, 0.3070000112056732, 12.795245885848999, '2024-07-27 13:44:11', 4, 999)
pval: [0.30700001] -- 85th test, time elapsed 12.795245885848999 -- emperical power so far (from test_start): 0.09411764705882353
db insert success
(86, 4, 0, 1, 75400, 'chi', 'genrr', 257.2528381347656, 0.4480000138282776, 12.778062343597412, '2024-07-27 13:44:33', 4, 999)
pval: [0.44800001] -- 86th test, time elapsed 12.778062343597412 -- emperical power so far (from test_start): 0.09302325581395349
db insert success
(87, 4, 0, 1, 75400, 'chi', 'genrr', 238.52484130859375, 0.7680000066757202, 12.829845905303955, '2024-07-27 13:44:48', 4, 999)
pval: [0.76800001] -- 87th test, time elapsed 12.829845905303955 -- emperical power so far (from test_start): 0.09195402298850575
db insert success
(88, 4, 0, 1, 75400, 'chi', 'genrr', 271.58453369140625, 0.2120000123977661, 12.800889253616333, '2024-07-27 13:45:03', 4, 999)
pval: [0.21200001] -- 88th test, time elapsed 12.800889253616333 -- emperical power so far (from test_start): 0.09090909090909091
db insert success
(89, 4, 0, 1, 75400, 'chi', 'genrr', 260.31231689453125, 0.3800000250339508, 12.808628797531128, '2024-07-27 13:45:22', 4, 999)
pval: [0.38000003] -- 89th test, time elapsed 12.808628797531128 -- emperical power so far (from test_start): 0.0898876404494382
db insert success
(90, 4, 0, 1, 75400, 'chi', 'genrr', 274.1726989746094, 0.18800000846385956, 12.794543504714966, '2024-07-27 13:45:36', 4, 999)
pval: [0.18800001] -- 90th test, time elapsed 12.794543504714966 -- emperical power so far (from test_start): 0.08888888888888889
db insert success
(91, 4, 0, 1, 75400, 'chi', 'genrr', 260.0957336425781, 0.42600002884864807, 12.780227661132812, '2024-07-27 13:46:07', 4, 999)
pval: [0.42600003] -- 91th test, time elapsed 12.780227661132812 -- emperical power so far (from test_start): 0.08791208791208792
db insert success
(92, 4, 0, 1, 75400, 'chi', 'genrr', 265.18670654296875, 0.3060000240802765, 12.801563739776611, '2024-07-27 13:46:26', 4, 999)
pval: [0.30600002] -- 92th test, time elapsed 12.801563739776611 -- emperical power so far (from test_start): 0.08695652173913043
db insert success
(93, 4, 0, 1, 75400, 'chi', 'genrr', 237.90139770507812, 0.7690000534057617, 12.767141580581665, '2024-07-27 13:46:56', 4, 999)
pval: [0.76900005] -- 93th test, time elapsed 12.767141580581665 -- emperical power so far (from test_start): 0.08602150537634409
db insert success
(94, 4, 0, 1, 75400, 'chi', 'genrr', 248.2007598876953, 0.5910000205039978, 12.770843267440796, '2024-07-27 13:47:23', 4, 999)
pval: [0.59100002] -- 94th test, time elapsed 12.770843267440796 -- emperical power so far (from test_start): 0.0851063829787234
db insert success
(95, 4, 0, 1, 75400, 'chi', 'genrr', 261.3282165527344, 0.3800000250339508, 12.781370162963867, '2024-07-27 13:47:47', 4, 999)
pval: [0.38000003] -- 95th test, time elapsed 12.781370162963867 -- emperical power so far (from test_start): 0.08421052631578947
db insert success
(96, 4, 0, 1, 75400, 'chi', 'genrr', 281.2777404785156, 0.09700000286102295, 12.77709412574768, '2024-07-27 13:48:20', 4, 999)
pval: [0.097] -- 96th test, time elapsed 12.77709412574768 -- emperical power so far (from test_start): 0.08333333333333333
db insert success
(97, 4, 0, 1, 75400, 'chi', 'genrr', 227.3122100830078, 0.89000004529953, 12.787180423736572, '2024-07-27 13:48:45', 4, 999)
pval: [0.89000005] -- 97th test, time elapsed 12.787180423736572 -- emperical power so far (from test_start): 0.08247422680412371
db insert success
(98, 4, 0, 1, 75400, 'chi', 'genrr', 266.42169189453125, 0.27400001883506775, 12.77452802658081, '2024-07-27 13:49:16', 4, 999)
pval: [0.27400002] -- 98th test, time elapsed 12.77452802658081 -- emperical power so far (from test_start): 0.08163265306122448
db insert success
(99, 4, 0, 1, 75400, 'chi', 'genrr', 283.3719177246094, 0.10700000822544098, 12.782264471054077, '2024-07-27 13:49:41', 4, 999)
pval: [0.10700001] -- 99th test, time elapsed 12.782264471054077 -- emperical power so far (from test_start): 0.08080808080808081
db insert success
(100, 4, 0, 1, 75400, 'chi', 'genrr', 251.09410095214844, 0.5550000071525574, 12.796608209609985, '2024-07-27 13:50:03', 4, 999)
pval: [0.55500001] -- 100th test, time elapsed 12.796608209609985 -- emperical power so far (from test_start): 0.08
db insert success
(101, 4, 0, 1, 75400, 'chi', 'genrr', 282.4940490722656, 0.11700000613927841, 12.792357921600342, '2024-07-27 13:50:27', 4, 999)
pval: [0.11700001] -- 101th test, time elapsed 12.792357921600342 -- emperical power so far (from test_start): 0.07920792079207921
db insert success
(102, 4, 0, 1, 75400, 'chi', 'genrr', 304.7890930175781, 0.018000001087784767, 12.792128324508667, '2024-07-27 13:50:49', 4, 999)
pval: [0.018] -- 102th test, time elapsed 12.792128324508667 -- emperical power so far (from test_start): 0.08823529411764706
db insert success
(103, 4, 0, 1, 75400, 'chi', 'genrr', 276.0150146484375, 0.15300001204013824, 12.797718048095703, '2024-07-27 13:51:11', 4, 999)
pval: [0.15300001] -- 103th test, time elapsed 12.797718048095703 -- emperical power so far (from test_start): 0.08737864077669903
db insert success
(104, 4, 0, 1, 75400, 'chi', 'genrr', 234.66616821289062, 0.8140000104904175, 12.796209812164307, '2024-07-27 13:51:39', 4, 999)
pval: [0.81400001] -- 104th test, time elapsed 12.796209812164307 -- emperical power so far (from test_start): 0.08653846153846154
db insert success
(105, 4, 0, 1, 75400, 'chi', 'genrr', 241.08819580078125, 0.7360000610351562, 12.799936532974243, '2024-07-27 13:51:53', 4, 999)
pval: [0.73600006] -- 105th test, time elapsed 12.799936532974243 -- emperical power so far (from test_start): 0.08571428571428572
db insert success
(106, 4, 0, 1, 75400, 'chi', 'genrr', 242.76699829101562, 0.7150000333786011, 12.785917282104492, '2024-07-27 13:52:22', 4, 999)
pval: [0.71500003] -- 106th test, time elapsed 12.785917282104492 -- emperical power so far (from test_start): 0.08490566037735849
db insert success
(107, 4, 0, 1, 75400, 'chi', 'genrr', 286.1897277832031, 0.08800000697374344, 12.793890237808228, '2024-07-27 13:52:54', 4, 999)
pval: [0.08800001] -- 107th test, time elapsed 12.793890237808228 -- emperical power so far (from test_start): 0.08411214953271028
db insert success
(108, 4, 0, 1, 75400, 'chi', 'genrr', 259.6753234863281, 0.41200003027915955, 12.780150651931763, '2024-07-27 13:53:17', 4, 999)
pval: [0.41200003] -- 108th test, time elapsed 12.780150651931763 -- emperical power so far (from test_start): 0.08333333333333333
db insert success
(109, 4, 0, 1, 75400, 'chi', 'genrr', 262.323486328125, 0.3700000047683716, 12.777846813201904, '2024-07-27 13:53:44', 4, 999)
pval: [0.37] -- 109th test, time elapsed 12.777846813201904 -- emperical power so far (from test_start): 0.08256880733944955
db insert success
(110, 4, 0, 1, 75400, 'chi', 'genrr', 248.79953002929688, 0.5990000367164612, 12.781811952590942, '2024-07-27 13:54:05', 4, 999)
pval: [0.59900004] -- 110th test, time elapsed 12.781811952590942 -- emperical power so far (from test_start): 0.08181818181818182
db insert success
(111, 4, 0, 1, 75400, 'chi', 'genrr', 248.9656524658203, 0.6050000190734863, 12.77950644493103, '2024-07-27 13:54:25', 4, 999)
pval: [0.60500002] -- 111th test, time elapsed 12.77950644493103 -- emperical power so far (from test_start): 0.08108108108108109
db insert success
(112, 4, 0, 1, 75400, 'chi', 'genrr', 280.252197265625, 0.13900001347064972, 12.784409523010254, '2024-07-27 13:54:58', 4, 999)
pval: [0.13900001] -- 112th test, time elapsed 12.784409523010254 -- emperical power so far (from test_start): 0.08035714285714286
db insert success
(113, 4, 0, 1, 75400, 'chi', 'genrr', 253.10227966308594, 0.5290000438690186, 12.760379314422607, '2024-07-27 13:55:31', 4, 999)
pval: [0.52900004] -- 113th test, time elapsed 12.760379314422607 -- emperical power so far (from test_start): 0.07964601769911504
db insert success
(114, 4, 0, 1, 75400, 'chi', 'genrr', 252.0382080078125, 0.5370000004768372, 12.769755125045776, '2024-07-27 13:55:58', 4, 999)
pval: [0.537] -- 114th test, time elapsed 12.769755125045776 -- emperical power so far (from test_start): 0.07894736842105263
db insert success
(115, 4, 0, 1, 75400, 'chi', 'genrr', 242.55361938476562, 0.7050000429153442, 12.767698287963867, '2024-07-27 13:56:30', 4, 999)
pval: [0.70500004] -- 115th test, time elapsed 12.767698287963867 -- emperical power so far (from test_start): 0.0782608695652174
db insert success
(116, 4, 0, 1, 75400, 'chi', 'genrr', 309.30120849609375, 0.00800000037997961, 12.753713130950928, '2024-07-27 13:56:57', 4, 999)
pval: [0.008] -- 116th test, time elapsed 12.753713130950928 -- emperical power so far (from test_start): 0.08620689655172414
db insert success
(117, 4, 0, 1, 75400, 'chi', 'genrr', 270.4319763183594, 0.2290000170469284, 12.763643741607666, '2024-07-27 13:57:29', 4, 999)
pval: [0.22900002] -- 117th test, time elapsed 12.763643741607666 -- emperical power so far (from test_start): 0.08547008547008547
db insert success
(118, 4, 0, 1, 75400, 'chi', 'genrr', 263.6791687011719, 0.3330000042915344, 12.756043672561646, '2024-07-27 13:57:46', 4, 999)
pval: [0.333] -- 118th test, time elapsed 12.756043672561646 -- emperical power so far (from test_start): 0.0847457627118644
db insert success
(119, 4, 0, 1, 75400, 'chi', 'genrr', 310.79620361328125, 0.013000000268220901, 12.744101762771606, '2024-07-27 13:58:15', 4, 999)
pval: [0.013] -- 119th test, time elapsed 12.744101762771606 -- emperical power so far (from test_start): 0.09243697478991597
db insert success
(120, 4, 0, 1, 75400, 'chi', 'genrr', 238.20606994628906, 0.7910000085830688, 12.767409086227417, '2024-07-27 13:58:40', 4, 999)
pval: [0.79100001] -- 120th test, time elapsed 12.767409086227417 -- emperical power so far (from test_start): 0.09166666666666666
db insert success
(121, 4, 0, 1, 75400, 'chi', 'genrr', 249.65460205078125, 0.6010000109672546, 12.754303455352783, '2024-07-27 13:59:01', 4, 999)
pval: [0.60100001] -- 121th test, time elapsed 12.754303455352783 -- emperical power so far (from test_start): 0.09090909090909091
db insert success
(122, 4, 0, 1, 75400, 'chi', 'genrr', 318.8410339355469, 0.006000000052154064, 12.770747661590576, '2024-07-27 13:59:29', 4, 999)
pval: [0.006] -- 122th test, time elapsed 12.770747661590576 -- emperical power so far (from test_start): 0.09836065573770492
db insert success
(123, 4, 0, 1, 75400, 'chi', 'genrr', 258.9418029785156, 0.40400001406669617, 12.767446994781494, '2024-07-27 13:59:47', 4, 999)
pval: [0.40400001] -- 123th test, time elapsed 12.767446994781494 -- emperical power so far (from test_start): 0.0975609756097561
db insert success
(124, 4, 0, 1, 75400, 'chi', 'genrr', 239.02029418945312, 0.7380000352859497, 12.77938437461853, '2024-07-27 14:00:04', 4, 999)
pval: [0.73800004] -- 124th test, time elapsed 12.77938437461853 -- emperical power so far (from test_start): 0.0967741935483871
db insert success
(125, 4, 0, 1, 75400, 'chi', 'genrr', 226.51747131347656, 0.9010000228881836, 12.763673543930054, '2024-07-27 14:00:21', 4, 999)
pval: [0.90100002] -- 125th test, time elapsed 12.763673543930054 -- emperical power so far (from test_start): 0.096
db insert success
(126, 4, 0, 1, 75400, 'chi', 'genrr', 251.60316467285156, 0.5390000343322754, 12.779085159301758, '2024-07-27 14:00:48', 4, 999)
pval: [0.53900003] -- 126th test, time elapsed 12.779085159301758 -- emperical power so far (from test_start): 0.09523809523809523
db insert success
(127, 4, 0, 1, 75400, 'chi', 'genrr', 296.4239807128906, 0.04100000113248825, 12.763941764831543, '2024-07-27 14:01:06', 4, 999)
pval: [0.041] -- 127th test, time elapsed 12.763941764831543 -- emperical power so far (from test_start): 0.10236220472440945
db insert success
(128, 4, 0, 1, 75400, 'chi', 'genrr', 280.3328857421875, 0.15200001001358032, 12.760298252105713, '2024-07-27 14:01:19', 4, 999)
pval: [0.15200001] -- 128th test, time elapsed 12.760298252105713 -- emperical power so far (from test_start): 0.1015625
db insert success
(129, 4, 0, 1, 75400, 'chi', 'genrr', 216.47064208984375, 0.9690000414848328, 12.77306056022644, '2024-07-27 14:01:37', 4, 999)
pval: [0.96900004] -- 129th test, time elapsed 12.77306056022644 -- emperical power so far (from test_start): 0.10077519379844961
db insert success
(130, 4, 0, 1, 75400, 'chi', 'genrr', 261.14495849609375, 0.38200002908706665, 12.771230220794678, '2024-07-27 14:01:51', 4, 999)
pval: [0.38200003] -- 130th test, time elapsed 12.771230220794678 -- emperical power so far (from test_start): 0.1
db insert success
(131, 4, 0, 1, 75400, 'chi', 'genrr', 281.51580810546875, 0.125, 12.771918773651123, '2024-07-27 14:02:08', 4, 999)
pval: [0.125] -- 131th test, time elapsed 12.771918773651123 -- emperical power so far (from test_start): 0.09923664122137404
db insert success
(132, 4, 0, 1, 75400, 'chi', 'genrr', 225.68685913085938, 0.8940000534057617, 12.781026601791382, '2024-07-27 14:02:41', 4, 999)
pval: [0.89400005] -- 132th test, time elapsed 12.781026601791382 -- emperical power so far (from test_start): 0.09848484848484848
db insert success
(133, 4, 0, 1, 75400, 'chi', 'genrr', 230.65272521972656, 0.8560000658035278, 12.803230047225952, '2024-07-27 14:02:55', 4, 999)
pval: [0.85600007] -- 133th test, time elapsed 12.803230047225952 -- emperical power so far (from test_start): 0.09774436090225563
db insert success
(134, 4, 0, 1, 75400, 'chi', 'genrr', 264.269775390625, 0.3190000057220459, 12.80105209350586, '2024-07-27 14:03:28', 4, 999)
pval: [0.31900001] -- 134th test, time elapsed 12.80105209350586 -- emperical power so far (from test_start): 0.09701492537313433
db insert success
(135, 4, 0, 1, 75400, 'chi', 'genrr', 241.2368621826172, 0.7460000514984131, 12.827695846557617, '2024-07-27 14:03:47', 4, 999)
pval: [0.74600005] -- 135th test, time elapsed 12.827695846557617 -- emperical power so far (from test_start): 0.0962962962962963
db insert success
(136, 4, 0, 1, 75400, 'chi', 'genrr', 251.1793975830078, 0.578000009059906, 12.819226264953613, '2024-07-27 14:04:14', 4, 999)
pval: [0.57800001] -- 136th test, time elapsed 12.819226264953613 -- emperical power so far (from test_start): 0.09558823529411764
db insert success
(137, 4, 0, 1, 75400, 'chi', 'genrr', 206.45030212402344, 0.9960000514984131, 12.798457384109497, '2024-07-27 14:04:39', 4, 999)
pval: [0.99600005] -- 137th test, time elapsed 12.798457384109497 -- emperical power so far (from test_start): 0.0948905109489051
db insert success
(138, 4, 0, 1, 75400, 'chi', 'genrr', 254.6383056640625, 0.4820000231266022, 12.78773808479309, '2024-07-27 14:05:10', 4, 999)
pval: [0.48200002] -- 138th test, time elapsed 12.78773808479309 -- emperical power so far (from test_start): 0.09420289855072464
db insert success
(139, 4, 0, 1, 75400, 'chi', 'genrr', 272.6313171386719, 0.23200000822544098, 12.799161195755005, '2024-07-27 14:05:41', 4, 999)
pval: [0.23200001] -- 139th test, time elapsed 12.799161195755005 -- emperical power so far (from test_start): 0.09352517985611511
db insert success
(140, 4, 0, 1, 75400, 'chi', 'genrr', 278.0964050292969, 0.15900000929832458, 12.801813840866089, '2024-07-27 14:06:09', 4, 999)
pval: [0.15900001] -- 140th test, time elapsed 12.801813840866089 -- emperical power so far (from test_start): 0.09285714285714286
db insert success
(141, 4, 0, 1, 75400, 'chi', 'genrr', 263.8992919921875, 0.3190000057220459, 12.793817520141602, '2024-07-27 14:06:27', 4, 999)
pval: [0.31900001] -- 141th test, time elapsed 12.793817520141602 -- emperical power so far (from test_start): 0.09219858156028368
db insert success
(142, 4, 0, 1, 75400, 'chi', 'genrr', 215.63717651367188, 0.9610000252723694, 12.794164419174194, '2024-07-27 14:06:42', 4, 999)
pval: [0.96100003] -- 142th test, time elapsed 12.794164419174194 -- emperical power so far (from test_start): 0.09154929577464789
db insert success
(143, 4, 0, 1, 75400, 'chi', 'genrr', 306.6051025390625, 0.018000001087784767, 12.810521602630615, '2024-07-27 14:07:13', 4, 999)
pval: [0.018] -- 143th test, time elapsed 12.810521602630615 -- emperical power so far (from test_start): 0.0979020979020979
db insert success
(144, 4, 0, 1, 75400, 'chi', 'genrr', 293.96533203125, 0.04000000283122063, 12.800804376602173, '2024-07-27 14:07:33', 4, 999)
pval: [0.04] -- 144th test, time elapsed 12.800804376602173 -- emperical power so far (from test_start): 0.10416666666666667
db insert success
(145, 4, 0, 1, 75400, 'chi', 'genrr', 254.30764770507812, 0.49400001764297485, 12.796915292739868, '2024-07-27 14:07:55', 4, 999)
pval: [0.49400002] -- 145th test, time elapsed 12.796915292739868 -- emperical power so far (from test_start): 0.10344827586206896
db insert success
(146, 4, 0, 1, 75400, 'chi', 'genrr', 246.19491577148438, 0.6410000324249268, 12.802132844924927, '2024-07-27 14:08:12', 4, 999)
pval: [0.64100003] -- 146th test, time elapsed 12.802132844924927 -- emperical power so far (from test_start): 0.10273972602739725
db insert success
(147, 4, 0, 1, 75400, 'chi', 'genrr', 227.6000518798828, 0.8940000534057617, 12.799269437789917, '2024-07-27 14:08:34', 4, 999)
pval: [0.89400005] -- 147th test, time elapsed 12.799269437789917 -- emperical power so far (from test_start): 0.10204081632653061
db insert success
(148, 4, 0, 1, 75400, 'chi', 'genrr', 292.46405029296875, 0.049000002443790436, 12.808384895324707, '2024-07-27 14:08:58', 4, 999)
pval: [0.049] -- 148th test, time elapsed 12.808384895324707 -- emperical power so far (from test_start): 0.10810810810810811
db insert success
(149, 4, 0, 1, 75400, 'chi', 'genrr', 240.161865234375, 0.7540000081062317, 12.801757335662842, '2024-07-27 14:09:12', 4, 999)
pval: [0.75400001] -- 149th test, time elapsed 12.801757335662842 -- emperical power so far (from test_start): 0.10738255033557047
db insert success
(150, 4, 0, 1, 75400, 'chi', 'genrr', 206.88914489746094, 0.9880000352859497, 12.802225828170776, '2024-07-27 14:09:36', 4, 999)
pval: [0.98800004] -- 150th test, time elapsed 12.802225828170776 -- emperical power so far (from test_start): 0.10666666666666667
db insert success
(151, 4, 0, 1, 75400, 'chi', 'genrr', 209.6674041748047, 0.984000027179718, 12.807892560958862, '2024-07-27 14:10:08', 4, 999)
pval: [0.98400003] -- 151th test, time elapsed 12.807892560958862 -- emperical power so far (from test_start): 0.10596026490066225
db insert success
(152, 4, 0, 1, 75400, 'chi', 'genrr', 250.77516174316406, 0.581000030040741, 12.803369522094727, '2024-07-27 14:10:28', 4, 999)
pval: [0.58100003] -- 152th test, time elapsed 12.803369522094727 -- emperical power so far (from test_start): 0.10526315789473684
db insert success
(153, 4, 0, 1, 75400, 'chi', 'genrr', 274.7646179199219, 0.20000000298023224, 12.7860848903656, '2024-07-27 14:10:53', 4, 999)
pval: [0.2] -- 153th test, time elapsed 12.7860848903656 -- emperical power so far (from test_start): 0.10457516339869281
db insert success
(154, 4, 0, 1, 75400, 'chi', 'genrr', 239.44338989257812, 0.76500004529953, 12.786457061767578, '2024-07-27 14:11:08', 4, 999)
pval: [0.76500005] -- 154th test, time elapsed 12.786457061767578 -- emperical power so far (from test_start): 0.1038961038961039
db insert success
(155, 4, 0, 1, 75400, 'chi', 'genrr', 273.487060546875, 0.20900000631809235, 12.788066387176514, '2024-07-27 14:11:25', 4, 999)
pval: [0.20900001] -- 155th test, time elapsed 12.788066387176514 -- emperical power so far (from test_start): 0.1032258064516129
db insert success
(156, 4, 0, 1, 75400, 'chi', 'genrr', 280.6370544433594, 0.15200001001358032, 12.785402297973633, '2024-07-27 14:11:50', 4, 999)
pval: [0.15200001] -- 156th test, time elapsed 12.785402297973633 -- emperical power so far (from test_start): 0.10256410256410256
db insert success
(157, 4, 0, 1, 75400, 'chi', 'genrr', 253.88917541503906, 0.5070000290870667, 12.788418054580688, '2024-07-27 14:12:16', 4, 999)
pval: [0.50700003] -- 157th test, time elapsed 12.788418054580688 -- emperical power so far (from test_start): 0.10191082802547771
db insert success
(158, 4, 0, 1, 75400, 'chi', 'genrr', 240.0750732421875, 0.7000000476837158, 12.788791179656982, '2024-07-27 14:12:30', 4, 999)
pval: [0.70000005] -- 158th test, time elapsed 12.788791179656982 -- emperical power so far (from test_start): 0.10126582278481013
db insert success
(159, 4, 0, 1, 75400, 'chi', 'genrr', 248.7274169921875, 0.5900000333786011, 12.777579307556152, '2024-07-27 14:13:03', 4, 999)
pval: [0.59000003] -- 159th test, time elapsed 12.777579307556152 -- emperical power so far (from test_start): 0.10062893081761007
db insert success
(160, 4, 0, 1, 75400, 'chi', 'genrr', 238.90318298339844, 0.7780000567436218, 12.793835163116455, '2024-07-27 14:13:24', 4, 999)
pval: [0.77800006] -- 160th test, time elapsed 12.793835163116455 -- emperical power so far (from test_start): 0.1
db insert success
(161, 4, 0, 1, 75400, 'chi', 'genrr', 295.9158020019531, 0.04000000283122063, 12.778627634048462, '2024-07-27 14:13:49', 4, 999)
pval: [0.04] -- 161th test, time elapsed 12.778627634048462 -- emperical power so far (from test_start): 0.10559006211180125
db insert success
(162, 4, 0, 1, 75400, 'chi', 'genrr', 255.51895141601562, 0.46400001645088196, 12.771297693252563, '2024-07-27 14:14:18', 4, 999)
pval: [0.46400002] -- 162th test, time elapsed 12.771297693252563 -- emperical power so far (from test_start): 0.10493827160493827
db insert success
(163, 4, 0, 1, 75400, 'chi', 'genrr', 272.37408447265625, 0.20600001513957977, 12.765616416931152, '2024-07-27 14:14:47', 4, 999)
pval: [0.20600002] -- 163th test, time elapsed 12.765616416931152 -- emperical power so far (from test_start): 0.10429447852760736
db insert success
(164, 4, 0, 1, 75400, 'chi', 'genrr', 312.40716552734375, 0.013000000268220901, 12.773053169250488, '2024-07-27 14:15:13', 4, 999)
pval: [0.013] -- 164th test, time elapsed 12.773053169250488 -- emperical power so far (from test_start): 0.10975609756097561
db insert success
(165, 4, 0, 1, 75400, 'chi', 'genrr', 219.0542755126953, 0.9520000219345093, 12.781075239181519, '2024-07-27 14:15:28', 4, 999)
pval: [0.95200002] -- 165th test, time elapsed 12.781075239181519 -- emperical power so far (from test_start): 0.10909090909090909
db insert success
(166, 4, 0, 1, 75400, 'chi', 'genrr', 275.268798828125, 0.15900000929832458, 12.77652096748352, '2024-07-27 14:15:53', 4, 999)
pval: [0.15900001] -- 166th test, time elapsed 12.77652096748352 -- emperical power so far (from test_start): 0.10843373493975904
db insert success
(167, 4, 0, 1, 75400, 'chi', 'genrr', 228.9665985107422, 0.8910000324249268, 12.785921812057495, '2024-07-27 14:16:21', 4, 999)
pval: [0.89100003] -- 167th test, time elapsed 12.785921812057495 -- emperical power so far (from test_start): 0.10778443113772455
db insert success
(168, 4, 0, 1, 75400, 'chi', 'genrr', 253.59066772460938, 0.5020000338554382, 12.777255535125732, '2024-07-27 14:16:44', 4, 999)
pval: [0.50200003] -- 168th test, time elapsed 12.777255535125732 -- emperical power so far (from test_start): 0.10714285714285714
db insert success
(169, 4, 0, 1, 75400, 'chi', 'genrr', 270.9400939941406, 0.22500000894069672, 12.765318393707275, '2024-07-27 14:17:12', 4, 999)
pval: [0.22500001] -- 169th test, time elapsed 12.765318393707275 -- emperical power so far (from test_start): 0.10650887573964497
db insert success
(170, 4, 0, 1, 75400, 'chi', 'genrr', 254.40504455566406, 0.5100000500679016, 12.791928768157959, '2024-07-27 14:17:41', 4, 999)
pval: [0.51000005] -- 170th test, time elapsed 12.791928768157959 -- emperical power so far (from test_start): 0.10588235294117647
db insert success
(171, 4, 0, 1, 75400, 'chi', 'genrr', 248.4290008544922, 0.5870000123977661, 12.749678134918213, '2024-07-27 14:18:03', 4, 999)
pval: [0.58700001] -- 171th test, time elapsed 12.749678134918213 -- emperical power so far (from test_start): 0.10526315789473684
db insert success
(172, 4, 0, 1, 75400, 'chi', 'genrr', 278.4749755859375, 0.13900001347064972, 12.76553750038147, '2024-07-27 14:18:26', 4, 999)
pval: [0.13900001] -- 172th test, time elapsed 12.76553750038147 -- emperical power so far (from test_start): 0.10465116279069768
db insert success
(173, 4, 0, 1, 75400, 'chi', 'genrr', 231.0247802734375, 0.8550000190734863, 12.762017726898193, '2024-07-27 14:18:56', 4, 999)
pval: [0.85500002] -- 173th test, time elapsed 12.762017726898193 -- emperical power so far (from test_start): 0.10404624277456648
db insert success
(174, 4, 0, 1, 75400, 'chi', 'genrr', 246.69070434570312, 0.6340000033378601, 12.753915071487427, '2024-07-27 14:19:16', 4, 999)
pval: [0.634] -- 174th test, time elapsed 12.753915071487427 -- emperical power so far (from test_start): 0.10344827586206896
db insert success
(175, 4, 0, 1, 75400, 'chi', 'genrr', 271.3443908691406, 0.2150000035762787, 12.751842021942139, '2024-07-27 14:19:47', 4, 999)
pval: [0.215] -- 175th test, time elapsed 12.751842021942139 -- emperical power so far (from test_start): 0.10285714285714286
db insert success
(176, 4, 0, 1, 75400, 'chi', 'genrr', 283.4473876953125, 0.11100000888109207, 12.791030883789062, '2024-07-27 14:20:01', 4, 999)
pval: [0.11100001] -- 176th test, time elapsed 12.791030883789062 -- emperical power so far (from test_start): 0.10227272727272728
db insert success
(177, 4, 0, 1, 75400, 'chi', 'genrr', 246.41136169433594, 0.6370000243186951, 12.788850784301758, '2024-07-27 14:20:33', 4, 999)
pval: [0.63700002] -- 177th test, time elapsed 12.788850784301758 -- emperical power so far (from test_start): 0.1016949152542373
db insert success
(178, 4, 0, 1, 75400, 'chi', 'genrr', 295.3399963378906, 0.03500000014901161, 12.780616044998169, '2024-07-27 14:21:01', 4, 999)
pval: [0.035] -- 178th test, time elapsed 12.780616044998169 -- emperical power so far (from test_start): 0.10674157303370786
db insert success
(179, 4, 0, 1, 75400, 'chi', 'genrr', 287.3415222167969, 0.07400000095367432, 12.777263164520264, '2024-07-27 14:21:30', 4, 999)
pval: [0.074] -- 179th test, time elapsed 12.777263164520264 -- emperical power so far (from test_start): 0.10614525139664804
db insert success
(180, 4, 0, 1, 75400, 'chi', 'genrr', 237.39503479003906, 0.7940000295639038, 12.777444839477539, '2024-07-27 14:21:50', 4, 999)
pval: [0.79400003] -- 180th test, time elapsed 12.777444839477539 -- emperical power so far (from test_start): 0.10555555555555556
db insert success
(181, 4, 0, 1, 75400, 'chi', 'genrr', 265.2077331542969, 0.3230000138282776, 12.784001111984253, '2024-07-27 14:22:07', 4, 999)
pval: [0.32300001] -- 181th test, time elapsed 12.784001111984253 -- emperical power so far (from test_start): 0.10497237569060773
db insert success
(182, 4, 0, 1, 75400, 'chi', 'genrr', 231.29881286621094, 0.8520000576972961, 12.777536153793335, '2024-07-27 14:22:23', 4, 999)
pval: [0.85200006] -- 182th test, time elapsed 12.777536153793335 -- emperical power so far (from test_start): 0.1043956043956044
db insert success
(183, 4, 0, 1, 75400, 'chi', 'genrr', 262.6401672363281, 0.3460000157356262, 12.780716180801392, '2024-07-27 14:22:38', 4, 999)
pval: [0.34600002] -- 183th test, time elapsed 12.780716180801392 -- emperical power so far (from test_start): 0.10382513661202186
db insert success
(184, 4, 0, 1, 75400, 'chi', 'genrr', 269.1402587890625, 0.25600001215934753, 12.774893522262573, '2024-07-27 14:23:04', 4, 999)
pval: [0.25600001] -- 184th test, time elapsed 12.774893522262573 -- emperical power so far (from test_start): 0.10326086956521739
db insert success
(185, 4, 0, 1, 75400, 'chi', 'genrr', 260.6163635253906, 0.40400001406669617, 12.773508310317993, '2024-07-27 14:23:24', 4, 999)
pval: [0.40400001] -- 185th test, time elapsed 12.773508310317993 -- emperical power so far (from test_start): 0.10270270270270271
db insert success
(186, 4, 0, 1, 75400, 'chi', 'genrr', 250.20761108398438, 0.5450000166893005, 12.784076690673828, '2024-07-27 14:23:41', 4, 999)
pval: [0.54500002] -- 186th test, time elapsed 12.784076690673828 -- emperical power so far (from test_start): 0.10215053763440861
db insert success
(187, 4, 0, 1, 75400, 'chi', 'genrr', 271.9769287109375, 0.21900001168251038, 12.759751796722412, '2024-07-27 14:24:07', 4, 999)
pval: [0.21900001] -- 187th test, time elapsed 12.759751796722412 -- emperical power so far (from test_start): 0.10160427807486631
db insert success
(188, 4, 0, 1, 75400, 'chi', 'genrr', 263.50787353515625, 0.33900001645088196, 12.773692846298218, '2024-07-27 14:24:31', 4, 999)
pval: [0.33900002] -- 188th test, time elapsed 12.773692846298218 -- emperical power so far (from test_start): 0.10106382978723404
db insert success
(189, 4, 0, 1, 75400, 'chi', 'genrr', 285.6607666015625, 0.1080000028014183, 12.779116868972778, '2024-07-27 14:25:04', 4, 999)
pval: [0.108] -- 189th test, time elapsed 12.779116868972778 -- emperical power so far (from test_start): 0.10052910052910052
db insert success
(190, 4, 0, 1, 75400, 'chi', 'genrr', 264.2398681640625, 0.35200002789497375, 12.78400731086731, '2024-07-27 14:25:18', 4, 999)
pval: [0.35200003] -- 190th test, time elapsed 12.78400731086731 -- emperical power so far (from test_start): 0.1
db insert success
(191, 4, 0, 1, 75400, 'chi', 'genrr', 251.02342224121094, 0.527999997138977, 12.772826194763184, '2024-07-27 14:25:32', 4, 999)
pval: [0.528] -- 191th test, time elapsed 12.772826194763184 -- emperical power so far (from test_start): 0.09947643979057591
db insert success
(192, 4, 0, 1, 75400, 'chi', 'genrr', 228.10948181152344, 0.9000000357627869, 12.781626224517822, '2024-07-27 14:25:54', 4, 999)
pval: [0.90000004] -- 192th test, time elapsed 12.781626224517822 -- emperical power so far (from test_start): 0.09895833333333333
db insert success
(193, 4, 0, 1, 75400, 'chi', 'genrr', 234.3260955810547, 0.8190000653266907, 12.776185035705566, '2024-07-27 14:26:18', 4, 999)
pval: [0.81900007] -- 193th test, time elapsed 12.776185035705566 -- emperical power so far (from test_start): 0.09844559585492228
db insert success
(194, 4, 0, 1, 75400, 'chi', 'genrr', 251.05125427246094, 0.5490000247955322, 12.778214693069458, '2024-07-27 14:26:42', 4, 999)
pval: [0.54900002] -- 194th test, time elapsed 12.778214693069458 -- emperical power so far (from test_start): 0.0979381443298969
db insert success
(195, 4, 0, 1, 75400, 'chi', 'genrr', 231.8361053466797, 0.8530000448226929, 12.763897895812988, '2024-07-27 14:27:12', 4, 999)
pval: [0.85300004] -- 195th test, time elapsed 12.763897895812988 -- emperical power so far (from test_start): 0.09743589743589744
db insert success
(196, 4, 0, 1, 75400, 'chi', 'genrr', 270.9009094238281, 0.2550000250339508, 12.769773960113525, '2024-07-27 14:27:29', 4, 999)
pval: [0.25500003] -- 196th test, time elapsed 12.769773960113525 -- emperical power so far (from test_start): 0.09693877551020408
db insert success
(197, 4, 0, 1, 75400, 'chi', 'genrr', 231.88607788085938, 0.8690000176429749, 12.769803047180176, '2024-07-27 14:27:49', 4, 999)
pval: [0.86900002] -- 197th test, time elapsed 12.769803047180176 -- emperical power so far (from test_start): 0.09644670050761421
db insert success
(198, 4, 0, 1, 75400, 'chi', 'genrr', 244.99002075195312, 0.656000018119812, 12.780945301055908, '2024-07-27 14:28:10', 4, 999)
pval: [0.65600002] -- 198th test, time elapsed 12.780945301055908 -- emperical power so far (from test_start): 0.09595959595959595
db insert success
(199, 4, 0, 1, 75400, 'chi', 'genrr', 239.83816528320312, 0.7010000348091125, 12.77385687828064, '2024-07-27 14:28:34', 4, 999)
pval: [0.70100003] -- 199th test, time elapsed 12.77385687828064 -- emperical power so far (from test_start): 0.09547738693467336
db insert success
(200, 4, 0, 1, 75400, 'chi', 'genrr', 282.2913818359375, 0.10500000417232513, 12.778285503387451, '2024-07-27 14:28:54', 4, 999)
pval: [0.105] -- 200th test, time elapsed 12.778285503387451 -- emperical power so far (from test_start): 0.095
db insert success
4772.783936738968
