genrrchi, alpha=1, sample size=63800
#########################################
(1, 4, 0, 1, 63800, 'chi', 'genrr', 241.260498046875, 0.734000027179718, 13.217414855957031, '2024-07-27 13:04:40', 4, 999)
pval: [0.73400003] -- 1th test, time elapsed 13.217414855957031 -- emperical power so far (from test_start): 0.0
db insert success
(2, 4, 0, 1, 63800, 'chi', 'genrr', 257.0582580566406, 0.46400001645088196, 13.09748125076294, '2024-07-27 13:05:01', 4, 999)
pval: [0.46400002] -- 2th test, time elapsed 13.09748125076294 -- emperical power so far (from test_start): 0.0
db insert success
(3, 4, 0, 1, 63800, 'chi', 'genrr', 233.19813537597656, 0.8510000109672546, 12.980093240737915, '2024-07-27 13:05:25', 4, 999)
pval: [0.85100001] -- 3th test, time elapsed 12.980093240737915 -- emperical power so far (from test_start): 0.0
db insert success
(4, 4, 0, 1, 63800, 'chi', 'genrr', 268.0967102050781, 0.2720000147819519, 13.1760094165802, '2024-07-27 13:05:50', 4, 999)
pval: [0.27200001] -- 4th test, time elapsed 13.1760094165802 -- emperical power so far (from test_start): 0.0
db insert success
(5, 4, 0, 1, 63800, 'chi', 'genrr', 233.29627990722656, 0.8250000476837158, 12.999789953231812, '2024-07-27 13:06:15', 4, 999)
pval: [0.82500005] -- 5th test, time elapsed 12.999789953231812 -- emperical power so far (from test_start): 0.0
db insert success
(6, 4, 0, 1, 63800, 'chi', 'genrr', 318.6182556152344, 0.004000000189989805, 13.002089262008667, '2024-07-27 13:06:29', 4, 999)
pval: [0.004] -- 6th test, time elapsed 13.002089262008667 -- emperical power so far (from test_start): 0.16666666666666666
db insert success
(7, 4, 0, 1, 63800, 'chi', 'genrr', 273.42437744140625, 0.21800000965595245, 13.12060022354126, '2024-07-27 13:06:51', 4, 999)
pval: [0.21800001] -- 7th test, time elapsed 13.12060022354126 -- emperical power so far (from test_start): 0.14285714285714285
db insert success
(8, 4, 0, 1, 63800, 'chi', 'genrr', 226.05580139160156, 0.9130000472068787, 13.213870286941528, '2024-07-27 13:07:16', 4, 999)
pval: [0.91300005] -- 8th test, time elapsed 13.213870286941528 -- emperical power so far (from test_start): 0.125
db insert success
(9, 4, 0, 1, 63800, 'chi', 'genrr', 239.69422912597656, 0.7420000433921814, 12.965014219284058, '2024-07-27 13:07:45', 4, 999)
pval: [0.74200004] -- 9th test, time elapsed 12.965014219284058 -- emperical power so far (from test_start): 0.1111111111111111
db insert success
(10, 4, 0, 1, 63800, 'chi', 'genrr', 236.27859497070312, 0.8020000457763672, 13.06932806968689, '2024-07-27 13:08:01', 4, 999)
pval: [0.80200005] -- 10th test, time elapsed 13.06932806968689 -- emperical power so far (from test_start): 0.1
db insert success
(11, 4, 0, 1, 63800, 'chi', 'genrr', 266.7850036621094, 0.2880000174045563, 13.197365760803223, '2024-07-27 13:08:21', 4, 999)
pval: [0.28800002] -- 11th test, time elapsed 13.197365760803223 -- emperical power so far (from test_start): 0.09090909090909091
db insert success
(12, 4, 0, 1, 63800, 'chi', 'genrr', 253.48263549804688, 0.5230000019073486, 13.008284330368042, '2024-07-27 13:08:40', 4, 999)
pval: [0.523] -- 12th test, time elapsed 13.008284330368042 -- emperical power so far (from test_start): 0.08333333333333333
db insert success
(13, 4, 0, 1, 63800, 'chi', 'genrr', 235.9538116455078, 0.8110000491142273, 13.024645328521729, '2024-07-27 13:09:09', 4, 999)
pval: [0.81100005] -- 13th test, time elapsed 13.024645328521729 -- emperical power so far (from test_start): 0.07692307692307693
db insert success
(14, 4, 0, 1, 63800, 'chi', 'genrr', 245.6774139404297, 0.6570000052452087, 13.214025497436523, '2024-07-27 13:09:24', 4, 999)
pval: [0.65700001] -- 14th test, time elapsed 13.214025497436523 -- emperical power so far (from test_start): 0.07142857142857142
db insert success
(15, 4, 0, 1, 63800, 'chi', 'genrr', 234.75857543945312, 0.8160000443458557, 12.996137619018555, '2024-07-27 13:09:55', 4, 999)
pval: [0.81600004] -- 15th test, time elapsed 12.996137619018555 -- emperical power so far (from test_start): 0.06666666666666667
db insert success
(16, 4, 0, 1, 63800, 'chi', 'genrr', 242.89527893066406, 0.7040000557899475, 12.99350380897522, '2024-07-27 13:10:14', 4, 999)
pval: [0.70400006] -- 16th test, time elapsed 12.99350380897522 -- emperical power so far (from test_start): 0.0625
db insert success
(17, 4, 0, 1, 63800, 'chi', 'genrr', 297.3081970214844, 0.0430000014603138, 13.220025062561035, '2024-07-27 13:10:46', 4, 999)
pval: [0.043] -- 17th test, time elapsed 13.220025062561035 -- emperical power so far (from test_start): 0.11764705882352941
db insert success
(18, 4, 0, 1, 63800, 'chi', 'genrr', 264.09075927734375, 0.34700000286102295, 12.96994400024414, '2024-07-27 13:11:09', 4, 999)
pval: [0.347] -- 18th test, time elapsed 12.96994400024414 -- emperical power so far (from test_start): 0.1111111111111111
db insert success
(19, 4, 0, 1, 63800, 'chi', 'genrr', 248.40577697753906, 0.5900000333786011, 13.15239953994751, '2024-07-27 13:11:37', 4, 999)
pval: [0.59000003] -- 19th test, time elapsed 13.15239953994751 -- emperical power so far (from test_start): 0.10526315789473684
db insert success
(20, 4, 0, 1, 63800, 'chi', 'genrr', 250.91265869140625, 0.5770000219345093, 13.192983388900757, '2024-07-27 13:11:58', 4, 999)
pval: [0.57700002] -- 20th test, time elapsed 13.192983388900757 -- emperical power so far (from test_start): 0.1
db insert success
(21, 4, 0, 1, 63800, 'chi', 'genrr', 284.5234069824219, 0.10700000822544098, 12.977482080459595, '2024-07-27 13:12:28', 4, 999)
pval: [0.10700001] -- 21th test, time elapsed 12.977482080459595 -- emperical power so far (from test_start): 0.09523809523809523
db insert success
(22, 4, 0, 1, 63800, 'chi', 'genrr', 209.60325622558594, 0.9800000190734863, 13.100259065628052, '2024-07-27 13:12:46', 4, 999)
pval: [0.98000002] -- 22th test, time elapsed 13.100259065628052 -- emperical power so far (from test_start): 0.09090909090909091
db insert success
(23, 4, 0, 1, 63800, 'chi', 'genrr', 280.2102966308594, 0.11500000208616257, 13.241134881973267, '2024-07-27 13:13:00', 4, 999)
pval: [0.115] -- 23th test, time elapsed 13.241134881973267 -- emperical power so far (from test_start): 0.08695652173913043
db insert success
(24, 4, 0, 1, 63800, 'chi', 'genrr', 253.14634704589844, 0.531000018119812, 12.97059440612793, '2024-07-27 13:13:25', 4, 999)
pval: [0.53100002] -- 24th test, time elapsed 12.97059440612793 -- emperical power so far (from test_start): 0.08333333333333333
db insert success
(25, 4, 0, 1, 63800, 'chi', 'genrr', 255.50350952148438, 0.45600003004074097, 13.012935161590576, '2024-07-27 13:13:52', 4, 999)
pval: [0.45600003] -- 25th test, time elapsed 13.012935161590576 -- emperical power so far (from test_start): 0.08
db insert success
(26, 4, 0, 1, 63800, 'chi', 'genrr', 264.1197814941406, 0.34200000762939453, 13.21588397026062, '2024-07-27 13:14:17', 4, 999)
pval: [0.34200001] -- 26th test, time elapsed 13.21588397026062 -- emperical power so far (from test_start): 0.07692307692307693
db insert success
(27, 4, 0, 1, 63800, 'chi', 'genrr', 233.19595336914062, 0.8400000333786011, 13.046952724456787, '2024-07-27 13:14:32', 4, 999)
pval: [0.84000003] -- 27th test, time elapsed 13.046952724456787 -- emperical power so far (from test_start): 0.07407407407407407
db insert success
(28, 4, 0, 1, 63800, 'chi', 'genrr', 250.1216278076172, 0.597000002861023, 13.012485027313232, '2024-07-27 13:14:52', 4, 999)
pval: [0.597] -- 28th test, time elapsed 13.012485027313232 -- emperical power so far (from test_start): 0.07142857142857142
db insert success
(29, 4, 0, 1, 63800, 'chi', 'genrr', 230.76356506347656, 0.8580000400543213, 13.197180986404419, '2024-07-27 13:15:24', 4, 999)
pval: [0.85800004] -- 29th test, time elapsed 13.197180986404419 -- emperical power so far (from test_start): 0.06896551724137931
db insert success
(30, 4, 0, 1, 63800, 'chi', 'genrr', 278.59027099609375, 0.14600001275539398, 13.006884336471558, '2024-07-27 13:15:49', 4, 999)
pval: [0.14600001] -- 30th test, time elapsed 13.006884336471558 -- emperical power so far (from test_start): 0.06666666666666667
db insert success
(31, 4, 0, 1, 63800, 'chi', 'genrr', 272.15557861328125, 0.22700001299381256, 13.032114505767822, '2024-07-27 13:16:15', 4, 999)
pval: [0.22700001] -- 31th test, time elapsed 13.032114505767822 -- emperical power so far (from test_start): 0.06451612903225806
db insert success
(32, 4, 0, 1, 63800, 'chi', 'genrr', 230.449951171875, 0.8690000176429749, 13.201581954956055, '2024-07-27 13:16:38', 4, 999)
pval: [0.86900002] -- 32th test, time elapsed 13.201581954956055 -- emperical power so far (from test_start): 0.0625
db insert success
(33, 4, 0, 1, 63800, 'chi', 'genrr', 237.75318908691406, 0.7830000519752502, 12.989800691604614, '2024-07-27 13:17:07', 4, 999)
pval: [0.78300005] -- 33th test, time elapsed 12.989800691604614 -- emperical power so far (from test_start): 0.06060606060606061
db insert success
(34, 4, 0, 1, 63800, 'chi', 'genrr', 277.4037780761719, 0.17000000178813934, 13.12969183921814, '2024-07-27 13:17:30', 4, 999)
pval: [0.17] -- 34th test, time elapsed 13.12969183921814 -- emperical power so far (from test_start): 0.058823529411764705
db insert success
(35, 4, 0, 1, 63800, 'chi', 'genrr', 254.06668090820312, 0.5110000371932983, 13.208175659179688, '2024-07-27 13:17:44', 4, 999)
pval: [0.51100004] -- 35th test, time elapsed 13.208175659179688 -- emperical power so far (from test_start): 0.05714285714285714
db insert success
(36, 4, 0, 1, 63800, 'chi', 'genrr', 269.20782470703125, 0.24700000882148743, 12.978076219558716, '2024-07-27 13:18:17', 4, 999)
pval: [0.24700001] -- 36th test, time elapsed 12.978076219558716 -- emperical power so far (from test_start): 0.05555555555555555
db insert success
(37, 4, 0, 1, 63800, 'chi', 'genrr', 284.25048828125, 0.0860000029206276, 13.018542051315308, '2024-07-27 13:18:36', 4, 999)
pval: [0.086] -- 37th test, time elapsed 13.018542051315308 -- emperical power so far (from test_start): 0.05405405405405406
db insert success
(38, 4, 0, 1, 63800, 'chi', 'genrr', 238.37771606445312, 0.7920000553131104, 13.221768617630005, '2024-07-27 13:19:01', 4, 999)
pval: [0.79200006] -- 38th test, time elapsed 13.221768617630005 -- emperical power so far (from test_start): 0.05263157894736842
db insert success
(39, 4, 0, 1, 63800, 'chi', 'genrr', 251.179931640625, 0.5649999976158142, 12.976345777511597, '2024-07-27 13:19:28', 4, 999)
pval: [0.565] -- 39th test, time elapsed 12.976345777511597 -- emperical power so far (from test_start): 0.05128205128205128
db insert success
(40, 4, 0, 1, 63800, 'chi', 'genrr', 264.9703674316406, 0.33800002932548523, 13.11349606513977, '2024-07-27 13:19:53', 4, 999)
pval: [0.33800003] -- 40th test, time elapsed 13.11349606513977 -- emperical power so far (from test_start): 0.05
db insert success
(41, 4, 0, 1, 63800, 'chi', 'genrr', 254.65798950195312, 0.5040000081062317, 13.053553342819214, '2024-07-27 13:20:25', 4, 999)
pval: [0.50400001] -- 41th test, time elapsed 13.053553342819214 -- emperical power so far (from test_start): 0.04878048780487805
db insert success
(42, 4, 0, 1, 63800, 'chi', 'genrr', 247.83616638183594, 0.6220000386238098, 12.980226755142212, '2024-07-27 13:20:40', 4, 999)
pval: [0.62200004] -- 42th test, time elapsed 12.980226755142212 -- emperical power so far (from test_start): 0.047619047619047616
db insert success
(43, 4, 0, 1, 63800, 'chi', 'genrr', 280.22845458984375, 0.13900001347064972, 13.24215817451477, '2024-07-27 13:21:14', 4, 999)
pval: [0.13900001] -- 43th test, time elapsed 13.24215817451477 -- emperical power so far (from test_start): 0.046511627906976744
db insert success
(44, 4, 0, 1, 63800, 'chi', 'genrr', 283.49029541015625, 0.10500000417232513, 13.05276370048523, '2024-07-27 13:21:37', 4, 999)
pval: [0.105] -- 44th test, time elapsed 13.05276370048523 -- emperical power so far (from test_start): 0.045454545454545456
db insert success
(45, 4, 0, 1, 63800, 'chi', 'genrr', 235.06051635742188, 0.7920000553131104, 12.996425867080688, '2024-07-27 13:22:00', 4, 999)
pval: [0.79200006] -- 45th test, time elapsed 12.996425867080688 -- emperical power so far (from test_start): 0.044444444444444446
db insert success
(46, 4, 0, 1, 63800, 'chi', 'genrr', 296.1902770996094, 0.04000000283122063, 13.175914287567139, '2024-07-27 13:22:26', 4, 999)
pval: [0.04] -- 46th test, time elapsed 13.175914287567139 -- emperical power so far (from test_start): 0.06521739130434782
db insert success
(47, 4, 0, 1, 63800, 'chi', 'genrr', 268.4388427734375, 0.24300001561641693, 12.969595670700073, '2024-07-27 13:22:56', 4, 999)
pval: [0.24300002] -- 47th test, time elapsed 12.969595670700073 -- emperical power so far (from test_start): 0.06382978723404255
db insert success
(48, 4, 0, 1, 63800, 'chi', 'genrr', 307.3637390136719, 0.01900000125169754, 13.068655252456665, '2024-07-27 13:23:22', 4, 999)
pval: [0.019] -- 48th test, time elapsed 13.068655252456665 -- emperical power so far (from test_start): 0.08333333333333333
db insert success
(49, 4, 0, 1, 63800, 'chi', 'genrr', 285.2760314941406, 0.10200000554323196, 13.082138299942017, '2024-07-27 13:23:55', 4, 999)
pval: [0.10200001] -- 49th test, time elapsed 13.082138299942017 -- emperical power so far (from test_start): 0.08163265306122448
db insert success
(50, 4, 0, 1, 63800, 'chi', 'genrr', 232.58078002929688, 0.8540000319480896, 12.968978643417358, '2024-07-27 13:24:22', 4, 999)
pval: [0.85400003] -- 50th test, time elapsed 12.968978643417358 -- emperical power so far (from test_start): 0.08
db insert success
(51, 4, 0, 1, 63800, 'chi', 'genrr', 226.5601806640625, 0.8890000581741333, 13.171912670135498, '2024-07-27 13:24:44', 4, 999)
pval: [0.88900006] -- 51th test, time elapsed 13.171912670135498 -- emperical power so far (from test_start): 0.0784313725490196
db insert success
(52, 4, 0, 1, 63800, 'chi', 'genrr', 269.1416931152344, 0.2750000059604645, 13.102353811264038, '2024-07-27 13:25:05', 4, 999)
pval: [0.27500001] -- 52th test, time elapsed 13.102353811264038 -- emperical power so far (from test_start): 0.07692307692307693
db insert success
(53, 4, 0, 1, 63800, 'chi', 'genrr', 237.364013671875, 0.7870000600814819, 12.961756229400635, '2024-07-27 13:25:29', 4, 999)
pval: [0.78700006] -- 53th test, time elapsed 12.961756229400635 -- emperical power so far (from test_start): 0.07547169811320754
db insert success
(54, 4, 0, 1, 63800, 'chi', 'genrr', 272.10357666015625, 0.23200000822544098, 13.07384204864502, '2024-07-27 13:25:46', 4, 999)
pval: [0.23200001] -- 54th test, time elapsed 13.07384204864502 -- emperical power so far (from test_start): 0.07407407407407407
db insert success
(55, 4, 0, 1, 63800, 'chi', 'genrr', 222.8545684814453, 0.9220000505447388, 13.145655632019043, '2024-07-27 13:26:13', 4, 999)
pval: [0.92200005] -- 55th test, time elapsed 13.145655632019043 -- emperical power so far (from test_start): 0.07272727272727272
db insert success
(56, 4, 0, 1, 63800, 'chi', 'genrr', 237.7646484375, 0.7820000648498535, 12.993983268737793, '2024-07-27 13:26:45', 4, 999)
pval: [0.78200006] -- 56th test, time elapsed 12.993983268737793 -- emperical power so far (from test_start): 0.07142857142857142
db insert success
(57, 4, 0, 1, 63800, 'chi', 'genrr', 241.83155822753906, 0.718000054359436, 13.246586084365845, '2024-07-27 13:27:09', 4, 999)
pval: [0.71800005] -- 57th test, time elapsed 13.246586084365845 -- emperical power so far (from test_start): 0.07017543859649122
db insert success
(58, 4, 0, 1, 63800, 'chi', 'genrr', 227.35296630859375, 0.8890000581741333, 13.001379013061523, '2024-07-27 13:27:40', 4, 999)
pval: [0.88900006] -- 58th test, time elapsed 13.001379013061523 -- emperical power so far (from test_start): 0.06896551724137931
db insert success
(59, 4, 0, 1, 63800, 'chi', 'genrr', 265.4125061035156, 0.29600000381469727, 12.99246096611023, '2024-07-27 13:27:56', 4, 999)
pval: [0.296] -- 59th test, time elapsed 12.99246096611023 -- emperical power so far (from test_start): 0.06779661016949153
db insert success
(60, 4, 0, 1, 63800, 'chi', 'genrr', 288.7466125488281, 0.0650000050663948, 13.18896198272705, '2024-07-27 13:28:15', 4, 999)
pval: [0.06500001] -- 60th test, time elapsed 13.18896198272705 -- emperical power so far (from test_start): 0.06666666666666667
db insert success
(61, 4, 0, 1, 63800, 'chi', 'genrr', 287.73095703125, 0.0820000022649765, 12.99186396598816, '2024-07-27 13:28:44', 4, 999)
pval: [0.082] -- 61th test, time elapsed 12.99186396598816 -- emperical power so far (from test_start): 0.06557377049180328
db insert success
(62, 4, 0, 1, 63800, 'chi', 'genrr', 239.80145263671875, 0.7360000610351562, 12.971518278121948, '2024-07-27 13:29:05', 4, 999)
pval: [0.73600006] -- 62th test, time elapsed 12.971518278121948 -- emperical power so far (from test_start): 0.06451612903225806
db insert success
(63, 4, 0, 1, 63800, 'chi', 'genrr', 235.7988739013672, 0.7910000085830688, 13.17713713645935, '2024-07-27 13:29:30', 4, 999)
pval: [0.79100001] -- 63th test, time elapsed 13.17713713645935 -- emperical power so far (from test_start): 0.06349206349206349
db insert success
(64, 4, 0, 1, 63800, 'chi', 'genrr', 213.7935791015625, 0.9780000448226929, 12.95427918434143, '2024-07-27 13:30:02', 4, 999)
pval: [0.97800004] -- 64th test, time elapsed 12.95427918434143 -- emperical power so far (from test_start): 0.0625
db insert success
(65, 4, 0, 1, 63800, 'chi', 'genrr', 283.3491516113281, 0.10500000417232513, 13.120357513427734, '2024-07-27 13:30:30', 4, 999)
pval: [0.105] -- 65th test, time elapsed 13.120357513427734 -- emperical power so far (from test_start): 0.06153846153846154
db insert success
(66, 4, 0, 1, 63800, 'chi', 'genrr', 203.0833282470703, 0.9940000176429749, 13.184259176254272, '2024-07-27 13:30:53', 4, 999)
pval: [0.99400002] -- 66th test, time elapsed 13.184259176254272 -- emperical power so far (from test_start): 0.06060606060606061
db insert success
(67, 4, 0, 1, 63800, 'chi', 'genrr', 245.3270263671875, 0.6690000295639038, 13.002769231796265, '2024-07-27 13:31:16', 4, 999)
pval: [0.66900003] -- 67th test, time elapsed 13.002769231796265 -- emperical power so far (from test_start): 0.05970149253731343
db insert success
(68, 4, 0, 1, 63800, 'chi', 'genrr', 249.72767639160156, 0.578000009059906, 13.003616094589233, '2024-07-27 13:31:35', 4, 999)
pval: [0.57800001] -- 68th test, time elapsed 13.003616094589233 -- emperical power so far (from test_start): 0.058823529411764705
db insert success
(69, 4, 0, 1, 63800, 'chi', 'genrr', 293.17864990234375, 0.06100000441074371, 13.1615571975708, '2024-07-27 13:31:55', 4, 999)
pval: [0.061] -- 69th test, time elapsed 13.1615571975708 -- emperical power so far (from test_start): 0.057971014492753624
db insert success
(70, 4, 0, 1, 63800, 'chi', 'genrr', 236.2545928955078, 0.7950000166893005, 12.970221519470215, '2024-07-27 13:32:26', 4, 999)
pval: [0.79500002] -- 70th test, time elapsed 12.970221519470215 -- emperical power so far (from test_start): 0.05714285714285714
db insert success
(71, 4, 0, 1, 63800, 'chi', 'genrr', 307.4140319824219, 0.018000001087784767, 12.97688341140747, '2024-07-27 13:32:45', 4, 999)
pval: [0.018] -- 71th test, time elapsed 12.97688341140747 -- emperical power so far (from test_start): 0.07042253521126761
db insert success
(72, 4, 0, 1, 63800, 'chi', 'genrr', 231.07492065429688, 0.8840000629425049, 13.210171699523926, '2024-07-27 13:33:12', 4, 999)
pval: [0.88400006] -- 72th test, time elapsed 13.210171699523926 -- emperical power so far (from test_start): 0.06944444444444445
db insert success
(73, 4, 0, 1, 63800, 'chi', 'genrr', 248.705810546875, 0.5960000157356262, 12.965513944625854, '2024-07-27 13:33:38', 4, 999)
pval: [0.59600002] -- 73th test, time elapsed 12.965513944625854 -- emperical power so far (from test_start): 0.0684931506849315
db insert success
(74, 4, 0, 1, 63800, 'chi', 'genrr', 303.3642578125, 0.026000000536441803, 13.043046236038208, '2024-07-27 13:34:02', 4, 999)
pval: [0.026] -- 74th test, time elapsed 13.043046236038208 -- emperical power so far (from test_start): 0.08108108108108109
db insert success
(75, 4, 0, 1, 63800, 'chi', 'genrr', 282.3592224121094, 0.1210000067949295, 13.187918663024902, '2024-07-27 13:34:18', 4, 999)
pval: [0.12100001] -- 75th test, time elapsed 13.187918663024902 -- emperical power so far (from test_start): 0.08
db insert success
(76, 4, 0, 1, 63800, 'chi', 'genrr', 285.0131530761719, 0.10500000417232513, 13.126667261123657, '2024-07-27 13:34:32', 4, 999)
pval: [0.105] -- 76th test, time elapsed 13.126667261123657 -- emperical power so far (from test_start): 0.07894736842105263
db insert success
(77, 4, 0, 1, 63800, 'chi', 'genrr', 242.37136840820312, 0.7070000171661377, 12.97470998764038, '2024-07-27 13:35:03', 4, 999)
pval: [0.70700002] -- 77th test, time elapsed 12.97470998764038 -- emperical power so far (from test_start): 0.07792207792207792
db insert success
(78, 4, 0, 1, 63800, 'chi', 'genrr', 249.5697784423828, 0.5710000395774841, 13.18849229812622, '2024-07-27 13:35:20', 4, 999)
pval: [0.57100004] -- 78th test, time elapsed 13.18849229812622 -- emperical power so far (from test_start): 0.07692307692307693
db insert success
(79, 4, 0, 1, 63800, 'chi', 'genrr', 289.8034362792969, 0.06100000441074371, 12.957638025283813, '2024-07-27 13:35:51', 4, 999)
pval: [0.061] -- 79th test, time elapsed 12.957638025283813 -- emperical power so far (from test_start): 0.0759493670886076
db insert success
(80, 4, 0, 1, 63800, 'chi', 'genrr', 252.47596740722656, 0.5350000262260437, 13.08240270614624, '2024-07-27 13:36:23', 4, 999)
pval: [0.53500003] -- 80th test, time elapsed 13.08240270614624 -- emperical power so far (from test_start): 0.075
db insert success
(81, 4, 0, 1, 63800, 'chi', 'genrr', 265.1247253417969, 0.31800001859664917, 13.076950550079346, '2024-07-27 13:36:55', 4, 999)
pval: [0.31800002] -- 81th test, time elapsed 13.076950550079346 -- emperical power so far (from test_start): 0.07407407407407407
db insert success
(82, 4, 0, 1, 63800, 'chi', 'genrr', 257.9994201660156, 0.4350000321865082, 12.964895486831665, '2024-07-27 13:37:26', 4, 999)
pval: [0.43500003] -- 82th test, time elapsed 12.964895486831665 -- emperical power so far (from test_start): 0.07317073170731707
db insert success
(83, 4, 0, 1, 63800, 'chi', 'genrr', 244.42799377441406, 0.64000004529953, 13.160908222198486, '2024-07-27 13:37:47', 4, 999)
pval: [0.64000005] -- 83th test, time elapsed 13.160908222198486 -- emperical power so far (from test_start): 0.07228915662650602
db insert success
(84, 4, 0, 1, 63800, 'chi', 'genrr', 231.34954833984375, 0.8470000624656677, 13.13530945777893, '2024-07-27 13:38:02', 4, 999)
pval: [0.84700006] -- 84th test, time elapsed 13.13530945777893 -- emperical power so far (from test_start): 0.07142857142857142
db insert success
(85, 4, 0, 1, 63800, 'chi', 'genrr', 222.55062866210938, 0.9360000491142273, 12.94993805885315, '2024-07-27 13:38:17', 4, 999)
pval: [0.93600005] -- 85th test, time elapsed 12.94993805885315 -- emperical power so far (from test_start): 0.07058823529411765
db insert success
(86, 4, 0, 1, 63800, 'chi', 'genrr', 243.66766357421875, 0.6840000152587891, 12.96553897857666, '2024-07-27 13:38:35', 4, 999)
pval: [0.68400002] -- 86th test, time elapsed 12.96553897857666 -- emperical power so far (from test_start): 0.06976744186046512
db insert success
(87, 4, 0, 1, 63800, 'chi', 'genrr', 249.33311462402344, 0.593000054359436, 13.140151262283325, '2024-07-27 13:39:08', 4, 999)
pval: [0.59300005] -- 87th test, time elapsed 13.140151262283325 -- emperical power so far (from test_start): 0.06896551724137931
db insert success
(88, 4, 0, 1, 63800, 'chi', 'genrr', 278.6932678222656, 0.1210000067949295, 12.968705654144287, '2024-07-27 13:39:35', 4, 999)
pval: [0.12100001] -- 88th test, time elapsed 12.968705654144287 -- emperical power so far (from test_start): 0.06818181818181818
db insert success
(89, 4, 0, 1, 63800, 'chi', 'genrr', 273.2161865234375, 0.21400001645088196, 13.001320123672485, '2024-07-27 13:39:53', 4, 999)
pval: [0.21400002] -- 89th test, time elapsed 13.001320123672485 -- emperical power so far (from test_start): 0.06741573033707865
db insert success
(90, 4, 0, 1, 63800, 'chi', 'genrr', 256.4693603515625, 0.46300002932548523, 13.19608187675476, '2024-07-27 13:40:15', 4, 999)
pval: [0.46300003] -- 90th test, time elapsed 13.19608187675476 -- emperical power so far (from test_start): 0.06666666666666667
db insert success
(91, 4, 0, 1, 63800, 'chi', 'genrr', 252.50840759277344, 0.5260000228881836, 13.026273012161255, '2024-07-27 13:40:31', 4, 999)
pval: [0.52600002] -- 91th test, time elapsed 13.026273012161255 -- emperical power so far (from test_start): 0.06593406593406594
db insert success
(92, 4, 0, 1, 63800, 'chi', 'genrr', 287.15045166015625, 0.07400000095367432, 12.872339487075806, '2024-07-27 13:40:50', 4, 999)
pval: [0.074] -- 92th test, time elapsed 12.872339487075806 -- emperical power so far (from test_start): 0.06521739130434782
db insert success
(93, 4, 0, 1, 63800, 'chi', 'genrr', 251.71014404296875, 0.5530000329017639, 12.94825029373169, '2024-07-27 13:41:07', 4, 999)
pval: [0.55300003] -- 93th test, time elapsed 12.94825029373169 -- emperical power so far (from test_start): 0.06451612903225806
db insert success
(94, 4, 0, 1, 63800, 'chi', 'genrr', 247.8600616455078, 0.6070000529289246, 13.063956022262573, '2024-07-27 13:41:28', 4, 999)
pval: [0.60700005] -- 94th test, time elapsed 13.063956022262573 -- emperical power so far (from test_start): 0.06382978723404255
db insert success
(95, 4, 0, 1, 63800, 'chi', 'genrr', 270.193359375, 0.2760000228881836, 12.904196500778198, '2024-07-27 13:41:47', 4, 999)
pval: [0.27600002] -- 95th test, time elapsed 12.904196500778198 -- emperical power so far (from test_start): 0.06315789473684211
db insert success
(96, 4, 0, 1, 63800, 'chi', 'genrr', 290.47564697265625, 0.0560000017285347, 12.935741901397705, '2024-07-27 13:42:08', 4, 999)
pval: [0.056] -- 96th test, time elapsed 12.935741901397705 -- emperical power so far (from test_start): 0.0625
db insert success
(97, 4, 0, 1, 63800, 'chi', 'genrr', 228.56211853027344, 0.8870000243186951, 13.045617818832397, '2024-07-27 13:42:31', 4, 999)
pval: [0.88700002] -- 97th test, time elapsed 13.045617818832397 -- emperical power so far (from test_start): 0.061855670103092786
db insert success
(98, 4, 0, 1, 63800, 'chi', 'genrr', 272.56085205078125, 0.2110000103712082, 13.068968534469604, '2024-07-27 13:42:49', 4, 999)
pval: [0.21100001] -- 98th test, time elapsed 13.068968534469604 -- emperical power so far (from test_start): 0.061224489795918366
db insert success
(99, 4, 0, 1, 63800, 'chi', 'genrr', 274.02239990234375, 0.20800000429153442, 12.878338098526001, '2024-07-27 13:43:04', 4, 999)
pval: [0.208] -- 99th test, time elapsed 12.878338098526001 -- emperical power so far (from test_start): 0.06060606060606061
db insert success
(100, 4, 0, 1, 63800, 'chi', 'genrr', 240.5457000732422, 0.7490000128746033, 12.872735261917114, '2024-07-27 13:43:24', 4, 999)
pval: [0.74900001] -- 100th test, time elapsed 12.872735261917114 -- emperical power so far (from test_start): 0.06
db insert success
(101, 4, 0, 1, 63800, 'chi', 'genrr', 256.14459228515625, 0.4580000340938568, 13.029974937438965, '2024-07-27 13:43:57', 4, 999)
pval: [0.45800003] -- 101th test, time elapsed 13.029974937438965 -- emperical power so far (from test_start): 0.0594059405940594
db insert success
(102, 4, 0, 1, 63800, 'chi', 'genrr', 247.01348876953125, 0.6100000143051147, 12.880037307739258, '2024-07-27 13:44:29', 4, 999)
pval: [0.61000001] -- 102th test, time elapsed 12.880037307739258 -- emperical power so far (from test_start): 0.058823529411764705
db insert success
(103, 4, 0, 1, 63800, 'chi', 'genrr', 230.4031524658203, 0.8790000677108765, 12.886028289794922, '2024-07-27 13:44:46', 4, 999)
pval: [0.87900007] -- 103th test, time elapsed 12.886028289794922 -- emperical power so far (from test_start): 0.05825242718446602
db insert success
(104, 4, 0, 1, 63800, 'chi', 'genrr', 281.7159423828125, 0.1210000067949295, 13.081711053848267, '2024-07-27 13:45:05', 4, 999)
pval: [0.12100001] -- 104th test, time elapsed 13.081711053848267 -- emperical power so far (from test_start): 0.057692307692307696
db insert success
(105, 4, 0, 1, 63800, 'chi', 'genrr', 270.8918762207031, 0.24700000882148743, 12.937507152557373, '2024-07-27 13:45:30', 4, 999)
pval: [0.24700001] -- 105th test, time elapsed 12.937507152557373 -- emperical power so far (from test_start): 0.05714285714285714
db insert success
(106, 4, 0, 1, 63800, 'chi', 'genrr', 222.9710693359375, 0.9240000247955322, 12.864845514297485, '2024-07-27 13:45:54', 4, 999)
pval: [0.92400002] -- 106th test, time elapsed 12.864845514297485 -- emperical power so far (from test_start): 0.05660377358490566
db insert success
(107, 4, 0, 1, 63800, 'chi', 'genrr', 287.4022521972656, 0.0690000057220459, 13.040514469146729, '2024-07-27 13:46:16', 4, 999)
pval: [0.06900001] -- 107th test, time elapsed 13.040514469146729 -- emperical power so far (from test_start): 0.056074766355140186
db insert success
(108, 4, 0, 1, 63800, 'chi', 'genrr', 233.96900939941406, 0.8470000624656677, 12.941671133041382, '2024-07-27 13:46:40', 4, 999)
pval: [0.84700006] -- 108th test, time elapsed 12.941671133041382 -- emperical power so far (from test_start): 0.05555555555555555
db insert success
(109, 4, 0, 1, 63800, 'chi', 'genrr', 226.25967407226562, 0.9040000438690186, 12.872717142105103, '2024-07-27 13:47:01', 4, 999)
pval: [0.90400004] -- 109th test, time elapsed 12.872717142105103 -- emperical power so far (from test_start): 0.05504587155963303
db insert success
(110, 4, 0, 1, 63800, 'chi', 'genrr', 270.2825012207031, 0.23000000417232513, 13.019407749176025, '2024-07-27 13:47:25', 4, 999)
pval: [0.23] -- 110th test, time elapsed 13.019407749176025 -- emperical power so far (from test_start): 0.05454545454545454
db insert success
(111, 4, 0, 1, 63800, 'chi', 'genrr', 256.2870788574219, 0.4580000340938568, 12.974458694458008, '2024-07-27 13:47:50', 4, 999)
pval: [0.45800003] -- 111th test, time elapsed 12.974458694458008 -- emperical power so far (from test_start): 0.05405405405405406
db insert success
(112, 4, 0, 1, 63800, 'chi', 'genrr', 289.34429931640625, 0.058000002056360245, 12.893446207046509, '2024-07-27 13:48:13', 4, 999)
pval: [0.058] -- 112th test, time elapsed 12.893446207046509 -- emperical power so far (from test_start): 0.05357142857142857
db insert success
(113, 4, 0, 1, 63800, 'chi', 'genrr', 252.05572509765625, 0.5720000267028809, 13.004699945449829, '2024-07-27 13:48:30', 4, 999)
pval: [0.57200003] -- 113th test, time elapsed 13.004699945449829 -- emperical power so far (from test_start): 0.05309734513274336
db insert success
(114, 4, 0, 1, 63800, 'chi', 'genrr', 295.0716552734375, 0.05000000074505806, 13.049704551696777, '2024-07-27 13:48:53', 4, 999)
pval: [0.05] -- 114th test, time elapsed 13.049704551696777 -- emperical power so far (from test_start): 0.05263157894736842
db insert success
(115, 4, 0, 1, 63800, 'chi', 'genrr', 224.94650268554688, 0.909000039100647, 12.882041215896606, '2024-07-27 13:49:08', 4, 999)
pval: [0.90900004] -- 115th test, time elapsed 12.882041215896606 -- emperical power so far (from test_start): 0.05217391304347826
db insert success
(116, 4, 0, 1, 63800, 'chi', 'genrr', 259.52801513671875, 0.39500001072883606, 12.90912914276123, '2024-07-27 13:49:22', 4, 999)
pval: [0.39500001] -- 116th test, time elapsed 12.90912914276123 -- emperical power so far (from test_start): 0.05172413793103448
db insert success
(117, 4, 0, 1, 63800, 'chi', 'genrr', 259.78021240234375, 0.43800002336502075, 13.06415057182312, '2024-07-27 13:49:54', 4, 999)
pval: [0.43800002] -- 117th test, time elapsed 13.06415057182312 -- emperical power so far (from test_start): 0.05128205128205128
db insert success
(118, 4, 0, 1, 63800, 'chi', 'genrr', 300.05889892578125, 0.023000001907348633, 13.013725757598877, '2024-07-27 13:50:15', 4, 999)
pval: [0.023] -- 118th test, time elapsed 13.013725757598877 -- emperical power so far (from test_start): 0.059322033898305086
db insert success
(119, 4, 0, 1, 63800, 'chi', 'genrr', 271.5257263183594, 0.22600001096725464, 12.912912130355835, '2024-07-27 13:50:46', 4, 999)
pval: [0.22600001] -- 119th test, time elapsed 12.912912130355835 -- emperical power so far (from test_start): 0.058823529411764705
db insert success
(120, 4, 0, 1, 63800, 'chi', 'genrr', 229.69215393066406, 0.8840000629425049, 13.076828956604004, '2024-07-27 13:51:13', 4, 999)
pval: [0.88400006] -- 120th test, time elapsed 13.076828956604004 -- emperical power so far (from test_start): 0.058333333333333334
db insert success
(121, 4, 0, 1, 63800, 'chi', 'genrr', 250.74717712402344, 0.5380000472068787, 12.946437358856201, '2024-07-27 13:51:27', 4, 999)
pval: [0.53800005] -- 121th test, time elapsed 12.946437358856201 -- emperical power so far (from test_start): 0.05785123966942149
db insert success
(122, 4, 0, 1, 63800, 'chi', 'genrr', 321.31597900390625, 0.007000000216066837, 12.910300970077515, '2024-07-27 13:51:58', 4, 999)
pval: [0.007] -- 122th test, time elapsed 12.910300970077515 -- emperical power so far (from test_start): 0.06557377049180328
db insert success
(123, 4, 0, 1, 63800, 'chi', 'genrr', 210.89979553222656, 0.9760000705718994, 13.03652548789978, '2024-07-27 13:52:31', 4, 999)
pval: [0.97600007] -- 123th test, time elapsed 13.03652548789978 -- emperical power so far (from test_start): 0.06504065040650407
db insert success
(124, 4, 0, 1, 63800, 'chi', 'genrr', 250.10284423828125, 0.5540000200271606, 12.90188217163086, '2024-07-27 13:53:02', 4, 999)
pval: [0.55400002] -- 124th test, time elapsed 12.90188217163086 -- emperical power so far (from test_start): 0.06451612903225806
db insert success
(125, 4, 0, 1, 63800, 'chi', 'genrr', 213.86061096191406, 0.9730000495910645, 13.052888870239258, '2024-07-27 13:53:20', 4, 999)
pval: [0.97300005] -- 125th test, time elapsed 13.052888870239258 -- emperical power so far (from test_start): 0.064
db insert success
(126, 4, 0, 1, 63800, 'chi', 'genrr', 254.83169555664062, 0.4930000305175781, 12.986652374267578, '2024-07-27 13:53:47', 4, 999)
pval: [0.49300003] -- 126th test, time elapsed 12.986652374267578 -- emperical power so far (from test_start): 0.06349206349206349
db insert success
(127, 4, 0, 1, 63800, 'chi', 'genrr', 272.5443115234375, 0.23600001633167267, 12.890509843826294, '2024-07-27 13:54:02', 4, 999)
pval: [0.23600002] -- 127th test, time elapsed 12.890509843826294 -- emperical power so far (from test_start): 0.06299212598425197
db insert success
(128, 4, 0, 1, 63800, 'chi', 'genrr', 275.3592224121094, 0.1990000158548355, 13.038953065872192, '2024-07-27 13:54:31', 4, 999)
pval: [0.19900002] -- 128th test, time elapsed 13.038953065872192 -- emperical power so far (from test_start): 0.0625
db insert success
(129, 4, 0, 1, 63800, 'chi', 'genrr', 211.2865447998047, 0.971000075340271, 13.051900386810303, '2024-07-27 13:54:45', 4, 999)
pval: [0.97100008] -- 129th test, time elapsed 13.051900386810303 -- emperical power so far (from test_start): 0.06201550387596899
db insert success
(130, 4, 0, 1, 63800, 'chi', 'genrr', 255.40240478515625, 0.4820000231266022, 12.887913703918457, '2024-07-27 13:55:15', 4, 999)
pval: [0.48200002] -- 130th test, time elapsed 12.887913703918457 -- emperical power so far (from test_start): 0.06153846153846154
db insert success
(131, 4, 0, 1, 63800, 'chi', 'genrr', 240.16378784179688, 0.7410000562667847, 13.022571325302124, '2024-07-27 13:55:44', 4, 999)
pval: [0.74100006] -- 131th test, time elapsed 13.022571325302124 -- emperical power so far (from test_start): 0.061068702290076333
db insert success
(132, 4, 0, 1, 63800, 'chi', 'genrr', 265.5657653808594, 0.2970000207424164, 12.898492574691772, '2024-07-27 13:56:17', 4, 999)
pval: [0.29700002] -- 132th test, time elapsed 12.898492574691772 -- emperical power so far (from test_start): 0.06060606060606061
db insert success
(133, 4, 0, 1, 63800, 'chi', 'genrr', 237.3733673095703, 0.7700000405311584, 12.889655828475952, '2024-07-27 13:56:33', 4, 999)
pval: [0.77000004] -- 133th test, time elapsed 12.889655828475952 -- emperical power so far (from test_start): 0.06015037593984962
db insert success
(134, 4, 0, 1, 63800, 'chi', 'genrr', 241.63970947265625, 0.7160000205039978, 13.125720977783203, '2024-07-27 13:57:01', 4, 999)
pval: [0.71600002] -- 134th test, time elapsed 13.125720977783203 -- emperical power so far (from test_start): 0.05970149253731343
db insert success
(135, 4, 0, 1, 63800, 'chi', 'genrr', 231.47622680664062, 0.8450000286102295, 12.949879884719849, '2024-07-27 13:57:24', 4, 999)
pval: [0.84500003] -- 135th test, time elapsed 12.949879884719849 -- emperical power so far (from test_start): 0.05925925925925926
db insert success
(136, 4, 0, 1, 63800, 'chi', 'genrr', 252.26077270507812, 0.550000011920929, 12.892781734466553, '2024-07-27 13:57:40', 4, 999)
pval: [0.55000001] -- 136th test, time elapsed 12.892781734466553 -- emperical power so far (from test_start): 0.058823529411764705
db insert success
(137, 4, 0, 1, 63800, 'chi', 'genrr', 236.55780029296875, 0.7740000486373901, 12.918606519699097, '2024-07-27 13:57:57', 4, 999)
pval: [0.77400005] -- 137th test, time elapsed 12.918606519699097 -- emperical power so far (from test_start): 0.058394160583941604
db insert success
(138, 4, 0, 1, 63800, 'chi', 'genrr', 258.7159118652344, 0.4400000274181366, 13.050575017929077, '2024-07-27 13:58:16', 4, 999)
pval: [0.44000003] -- 138th test, time elapsed 13.050575017929077 -- emperical power so far (from test_start): 0.057971014492753624
db insert success
(139, 4, 0, 1, 63800, 'chi', 'genrr', 207.1754150390625, 0.9900000691413879, 12.886796236038208, '2024-07-27 13:58:48', 4, 999)
pval: [0.99000007] -- 139th test, time elapsed 12.886796236038208 -- emperical power so far (from test_start): 0.05755395683453238
db insert success
(140, 4, 0, 1, 63800, 'chi', 'genrr', 291.06634521484375, 0.06599999964237213, 13.021495580673218, '2024-07-27 13:59:19', 4, 999)
pval: [0.066] -- 140th test, time elapsed 13.021495580673218 -- emperical power so far (from test_start): 0.05714285714285714
db insert success
(141, 4, 0, 1, 63800, 'chi', 'genrr', 254.47021484375, 0.4820000231266022, 13.048893451690674, '2024-07-27 13:59:35', 4, 999)
pval: [0.48200002] -- 141th test, time elapsed 13.048893451690674 -- emperical power so far (from test_start): 0.05673758865248227
db insert success
(142, 4, 0, 1, 63800, 'chi', 'genrr', 223.208740234375, 0.940000057220459, 12.93188738822937, '2024-07-27 14:00:07', 4, 999)
pval: [0.94000006] -- 142th test, time elapsed 12.93188738822937 -- emperical power so far (from test_start): 0.056338028169014086
db insert success
(143, 4, 0, 1, 63800, 'chi', 'genrr', 256.70709228515625, 0.4390000104904175, 13.061024904251099, '2024-07-27 14:00:32', 4, 999)
pval: [0.43900001] -- 143th test, time elapsed 13.061024904251099 -- emperical power so far (from test_start): 0.055944055944055944
db insert success
(144, 4, 0, 1, 63800, 'chi', 'genrr', 254.6385498046875, 0.49500003457069397, 13.083547830581665, '2024-07-27 14:00:51', 4, 999)
pval: [0.49500003] -- 144th test, time elapsed 13.083547830581665 -- emperical power so far (from test_start): 0.05555555555555555
db insert success
(145, 4, 0, 1, 63800, 'chi', 'genrr', 261.2509765625, 0.3790000081062317, 12.865869045257568, '2024-07-27 14:01:11', 4, 999)
pval: [0.37900001] -- 145th test, time elapsed 12.865869045257568 -- emperical power so far (from test_start): 0.05517241379310345
db insert success
(146, 4, 0, 1, 63800, 'chi', 'genrr', 265.5409240722656, 0.3150000274181366, 12.981627702713013, '2024-07-27 14:01:36', 4, 999)
pval: [0.31500003] -- 146th test, time elapsed 12.981627702713013 -- emperical power so far (from test_start): 0.0547945205479452
db insert success
(147, 4, 0, 1, 63800, 'chi', 'genrr', 206.28378295898438, 0.9900000691413879, 13.065656185150146, '2024-07-27 14:01:51', 4, 999)
pval: [0.99000007] -- 147th test, time elapsed 13.065656185150146 -- emperical power so far (from test_start): 0.05442176870748299
db insert success
(148, 4, 0, 1, 63800, 'chi', 'genrr', 243.6481475830078, 0.703000009059906, 12.935733556747437, '2024-07-27 14:02:14', 4, 999)
pval: [0.70300001] -- 148th test, time elapsed 12.935733556747437 -- emperical power so far (from test_start): 0.05405405405405406
db insert success
(149, 4, 0, 1, 63800, 'chi', 'genrr', 209.83311462402344, 0.9810000658035278, 12.924851655960083, '2024-07-27 14:02:44', 4, 999)
pval: [0.98100007] -- 149th test, time elapsed 12.924851655960083 -- emperical power so far (from test_start): 0.053691275167785234
db insert success
(150, 4, 0, 1, 63800, 'chi', 'genrr', 219.14407348632812, 0.9460000395774841, 13.059057712554932, '2024-07-27 14:02:59', 4, 999)
pval: [0.94600004] -- 150th test, time elapsed 13.059057712554932 -- emperical power so far (from test_start): 0.05333333333333334
db insert success
(151, 4, 0, 1, 63800, 'chi', 'genrr', 243.24513244628906, 0.690000057220459, 13.042365074157715, '2024-07-27 14:03:14', 4, 999)
pval: [0.69000006] -- 151th test, time elapsed 13.042365074157715 -- emperical power so far (from test_start): 0.052980132450331126
db insert success
(152, 4, 0, 1, 63800, 'chi', 'genrr', 269.6651306152344, 0.2460000067949295, 12.875185251235962, '2024-07-27 14:03:40', 4, 999)
pval: [0.24600001] -- 152th test, time elapsed 12.875185251235962 -- emperical power so far (from test_start): 0.05263157894736842
db insert success
(153, 4, 0, 1, 63800, 'chi', 'genrr', 276.3505859375, 0.19300000369548798, 12.907313585281372, '2024-07-27 14:03:57', 4, 999)
pval: [0.193] -- 153th test, time elapsed 12.907313585281372 -- emperical power so far (from test_start): 0.05228758169934641
db insert success
(154, 4, 0, 1, 63800, 'chi', 'genrr', 199.90142822265625, 0.9940000176429749, 13.023562908172607, '2024-07-27 14:04:21', 4, 999)
pval: [0.99400002] -- 154th test, time elapsed 13.023562908172607 -- emperical power so far (from test_start): 0.05194805194805195
db insert success
(155, 4, 0, 1, 63800, 'chi', 'genrr', 251.78700256347656, 0.5480000376701355, 12.899204969406128, '2024-07-27 14:04:54', 4, 999)
pval: [0.54800004] -- 155th test, time elapsed 12.899204969406128 -- emperical power so far (from test_start): 0.05161290322580645
db insert success
(156, 4, 0, 1, 63800, 'chi', 'genrr', 307.6123046875, 0.012000000104308128, 12.992588758468628, '2024-07-27 14:05:16', 4, 999)
pval: [0.012] -- 156th test, time elapsed 12.992588758468628 -- emperical power so far (from test_start): 0.057692307692307696
db insert success
(157, 4, 0, 1, 63800, 'chi', 'genrr', 249.20681762695312, 0.6030000448226929, 12.973472356796265, '2024-07-27 14:05:44', 4, 999)
pval: [0.60300004] -- 157th test, time elapsed 12.973472356796265 -- emperical power so far (from test_start): 0.05732484076433121
db insert success
(158, 4, 0, 1, 63800, 'chi', 'genrr', 259.2214050292969, 0.43800002336502075, 12.883905410766602, '2024-07-27 14:06:08', 4, 999)
pval: [0.43800002] -- 158th test, time elapsed 12.883905410766602 -- emperical power so far (from test_start): 0.056962025316455694
db insert success
(159, 4, 0, 1, 63800, 'chi', 'genrr', 243.16819763183594, 0.6970000267028809, 12.908686637878418, '2024-07-27 14:06:21', 4, 999)
pval: [0.69700003] -- 159th test, time elapsed 12.908686637878418 -- emperical power so far (from test_start): 0.05660377358490566
db insert success
(160, 4, 0, 1, 63800, 'chi', 'genrr', 235.0164794921875, 0.8130000233650208, 13.083057880401611, '2024-07-27 14:06:47', 4, 999)
pval: [0.81300002] -- 160th test, time elapsed 13.083057880401611 -- emperical power so far (from test_start): 0.05625
db insert success
(161, 4, 0, 1, 63800, 'chi', 'genrr', 253.04893493652344, 0.5100000500679016, 12.909168243408203, '2024-07-27 14:07:14', 4, 999)
pval: [0.51000005] -- 161th test, time elapsed 12.909168243408203 -- emperical power so far (from test_start): 0.055900621118012424
db insert success
(162, 4, 0, 1, 63800, 'chi', 'genrr', 261.4546813964844, 0.39900001883506775, 13.032548427581787, '2024-07-27 14:07:44', 4, 999)
pval: [0.39900002] -- 162th test, time elapsed 13.032548427581787 -- emperical power so far (from test_start): 0.05555555555555555
db insert success
(163, 4, 0, 1, 63800, 'chi', 'genrr', 280.2065734863281, 0.13900001347064972, 13.063434362411499, '2024-07-27 14:08:00', 4, 999)
pval: [0.13900001] -- 163th test, time elapsed 13.063434362411499 -- emperical power so far (from test_start): 0.05521472392638037
db insert success
(164, 4, 0, 1, 63800, 'chi', 'genrr', 290.8457946777344, 0.07600000500679016, 12.930324077606201, '2024-07-27 14:08:14', 4, 999)
pval: [0.07600001] -- 164th test, time elapsed 12.930324077606201 -- emperical power so far (from test_start): 0.054878048780487805
db insert success
(165, 4, 0, 1, 63800, 'chi', 'genrr', 217.45803833007812, 0.956000030040741, 12.90263032913208, '2024-07-27 14:08:42', 4, 999)
pval: [0.95600003] -- 165th test, time elapsed 12.90263032913208 -- emperical power so far (from test_start): 0.05454545454545454
db insert success
(166, 4, 0, 1, 63800, 'chi', 'genrr', 226.35914611816406, 0.9020000696182251, 13.028428077697754, '2024-07-27 14:09:04', 4, 999)
pval: [0.90200007] -- 166th test, time elapsed 13.028428077697754 -- emperical power so far (from test_start): 0.05421686746987952
db insert success
(167, 4, 0, 1, 63800, 'chi', 'genrr', 246.14065551757812, 0.6530000567436218, 12.891280174255371, '2024-07-27 14:09:35', 4, 999)
pval: [0.65300006] -- 167th test, time elapsed 12.891280174255371 -- emperical power so far (from test_start): 0.05389221556886228
db insert success
(168, 4, 0, 1, 63800, 'chi', 'genrr', 238.59658813476562, 0.7300000190734863, 13.005955457687378, '2024-07-27 14:10:00', 4, 999)
pval: [0.73000002] -- 168th test, time elapsed 13.005955457687378 -- emperical power so far (from test_start): 0.05357142857142857
db insert success
(169, 4, 0, 1, 63800, 'chi', 'genrr', 267.4937438964844, 0.3050000071525574, 13.053765296936035, '2024-07-27 14:10:28', 4, 999)
pval: [0.30500001] -- 169th test, time elapsed 13.053765296936035 -- emperical power so far (from test_start): 0.05325443786982249
db insert success
(170, 4, 0, 1, 63800, 'chi', 'genrr', 249.20928955078125, 0.5940000414848328, 12.926923274993896, '2024-07-27 14:10:44', 4, 999)
pval: [0.59400004] -- 170th test, time elapsed 12.926923274993896 -- emperical power so far (from test_start): 0.052941176470588235
db insert success
(171, 4, 0, 1, 63800, 'chi', 'genrr', 268.9789123535156, 0.281000018119812, 12.900851011276245, '2024-07-27 14:11:02', 4, 999)
pval: [0.28100002] -- 171th test, time elapsed 12.900851011276245 -- emperical power so far (from test_start): 0.05263157894736842
db insert success
(172, 4, 0, 1, 63800, 'chi', 'genrr', 278.79962158203125, 0.15200001001358032, 13.079255819320679, '2024-07-27 14:11:30', 4, 999)
pval: [0.15200001] -- 172th test, time elapsed 13.079255819320679 -- emperical power so far (from test_start): 0.05232558139534884
db insert success
(173, 4, 0, 1, 63800, 'chi', 'genrr', 233.10858154296875, 0.8320000171661377, 12.910521268844604, '2024-07-27 14:11:51', 4, 999)
pval: [0.83200002] -- 173th test, time elapsed 12.910521268844604 -- emperical power so far (from test_start): 0.05202312138728324
db insert success
(174, 4, 0, 1, 63800, 'chi', 'genrr', 261.88348388671875, 0.3620000183582306, 12.859930038452148, '2024-07-27 14:12:09', 4, 999)
pval: [0.36200002] -- 174th test, time elapsed 12.859930038452148 -- emperical power so far (from test_start): 0.05172413793103448
db insert success
(175, 4, 0, 1, 63800, 'chi', 'genrr', 283.8675231933594, 0.10600000619888306, 13.036412000656128, '2024-07-27 14:12:32', 4, 999)
pval: [0.10600001] -- 175th test, time elapsed 13.036412000656128 -- emperical power so far (from test_start): 0.05142857142857143
db insert success
(176, 4, 0, 1, 63800, 'chi', 'genrr', 240.71360778808594, 0.7380000352859497, 13.06835675239563, '2024-07-27 14:12:46', 4, 999)
pval: [0.73800004] -- 176th test, time elapsed 13.06835675239563 -- emperical power so far (from test_start): 0.05113636363636364
db insert success
(177, 4, 0, 1, 63800, 'chi', 'genrr', 231.5428924560547, 0.862000048160553, 12.852839469909668, '2024-07-27 14:13:19', 4, 999)
pval: [0.86200005] -- 177th test, time elapsed 12.852839469909668 -- emperical power so far (from test_start): 0.05084745762711865
db insert success
(178, 4, 0, 1, 63800, 'chi', 'genrr', 221.9287109375, 0.9380000233650208, 12.971013307571411, '2024-07-27 14:13:40', 4, 999)
pval: [0.93800002] -- 178th test, time elapsed 12.971013307571411 -- emperical power so far (from test_start): 0.05056179775280899
db insert success
(179, 4, 0, 1, 63800, 'chi', 'genrr', 223.8660430908203, 0.921000063419342, 13.057936668395996, '2024-07-27 14:14:03', 4, 999)
pval: [0.92100006] -- 179th test, time elapsed 13.057936668395996 -- emperical power so far (from test_start): 0.05027932960893855
db insert success
(180, 4, 0, 1, 63800, 'chi', 'genrr', 266.7027893066406, 0.2970000207424164, 12.884076356887817, '2024-07-27 14:14:20', 4, 999)
pval: [0.29700002] -- 180th test, time elapsed 12.884076356887817 -- emperical power so far (from test_start): 0.05
db insert success
(181, 4, 0, 1, 63800, 'chi', 'genrr', 291.5774841308594, 0.0690000057220459, 12.867350816726685, '2024-07-27 14:14:43', 4, 999)
pval: [0.06900001] -- 181th test, time elapsed 12.867350816726685 -- emperical power so far (from test_start): 0.049723756906077346
db insert success
(182, 4, 0, 1, 63800, 'chi', 'genrr', 240.70660400390625, 0.7140000462532043, 13.047610759735107, '2024-07-27 14:15:16', 4, 999)
pval: [0.71400005] -- 182th test, time elapsed 13.047610759735107 -- emperical power so far (from test_start): 0.04945054945054945
db insert success
(183, 4, 0, 1, 63800, 'chi', 'genrr', 268.1517639160156, 0.29200002551078796, 12.860526084899902, '2024-07-27 14:15:38', 4, 999)
pval: [0.29200003] -- 183th test, time elapsed 12.860526084899902 -- emperical power so far (from test_start): 0.04918032786885246
db insert success
(184, 4, 0, 1, 63800, 'chi', 'genrr', 240.5611114501953, 0.7550000548362732, 12.889586448669434, '2024-07-27 14:15:57', 4, 999)
pval: [0.75500005] -- 184th test, time elapsed 12.889586448669434 -- emperical power so far (from test_start): 0.04891304347826087
db insert success
(185, 4, 0, 1, 63800, 'chi', 'genrr', 221.803955078125, 0.9320000410079956, 13.03889513015747, '2024-07-27 14:16:26', 4, 999)
pval: [0.93200004] -- 185th test, time elapsed 13.03889513015747 -- emperical power so far (from test_start): 0.04864864864864865
db insert success
(186, 4, 0, 1, 63800, 'chi', 'genrr', 259.9219055175781, 0.3890000283718109, 12.940690755844116, '2024-07-27 14:16:40', 4, 999)
pval: [0.38900003] -- 186th test, time elapsed 12.940690755844116 -- emperical power so far (from test_start): 0.04838709677419355
db insert success
(187, 4, 0, 1, 63800, 'chi', 'genrr', 250.9728546142578, 0.5540000200271606, 12.883788585662842, '2024-07-27 14:16:58', 4, 999)
pval: [0.55400002] -- 187th test, time elapsed 12.883788585662842 -- emperical power so far (from test_start): 0.0481283422459893
db insert success
(188, 4, 0, 1, 63800, 'chi', 'genrr', 283.7640686035156, 0.08900000154972076, 13.045633554458618, '2024-07-27 14:17:27', 4, 999)
pval: [0.089] -- 188th test, time elapsed 13.045633554458618 -- emperical power so far (from test_start): 0.047872340425531915
db insert success
(189, 4, 0, 1, 63800, 'chi', 'genrr', 252.07342529296875, 0.5360000133514404, 12.92223072052002, '2024-07-27 14:17:52', 4, 999)
pval: [0.53600001] -- 189th test, time elapsed 12.92223072052002 -- emperical power so far (from test_start): 0.047619047619047616
db insert success
(190, 4, 0, 1, 63800, 'chi', 'genrr', 269.2154541015625, 0.2630000114440918, 12.894896507263184, '2024-07-27 14:18:07', 4, 999)
pval: [0.26300001] -- 190th test, time elapsed 12.894896507263184 -- emperical power so far (from test_start): 0.04736842105263158
db insert success
(191, 4, 0, 1, 63800, 'chi', 'genrr', 248.06065368652344, 0.6040000319480896, 12.89560842514038, '2024-07-27 14:18:25', 4, 999)
pval: [0.60400003] -- 191th test, time elapsed 12.89560842514038 -- emperical power so far (from test_start): 0.04712041884816754
db insert success
(192, 4, 0, 1, 63800, 'chi', 'genrr', 240.50758361816406, 0.7170000076293945, 13.063656330108643, '2024-07-27 14:18:49', 4, 999)
pval: [0.71700001] -- 192th test, time elapsed 13.063656330108643 -- emperical power so far (from test_start): 0.046875
db insert success
(193, 4, 0, 1, 63800, 'chi', 'genrr', 214.95782470703125, 0.9690000414848328, 12.875030040740967, '2024-07-27 14:19:17', 4, 999)
pval: [0.96900004] -- 193th test, time elapsed 12.875030040740967 -- emperical power so far (from test_start): 0.046632124352331605
db insert success
(194, 4, 0, 1, 63800, 'chi', 'genrr', 283.5115051269531, 0.10200000554323196, 13.048917293548584, '2024-07-27 14:19:49', 4, 999)
pval: [0.10200001] -- 194th test, time elapsed 13.048917293548584 -- emperical power so far (from test_start): 0.04639175257731959
db insert success
(195, 4, 0, 1, 63800, 'chi', 'genrr', 235.93284606933594, 0.7860000133514404, 13.046796321868896, '2024-07-27 14:20:06', 4, 999)
pval: [0.78600001] -- 195th test, time elapsed 13.046796321868896 -- emperical power so far (from test_start): 0.046153846153846156
db insert success
(196, 4, 0, 1, 63800, 'chi', 'genrr', 288.48089599609375, 0.07500000298023224, 12.880097389221191, '2024-07-27 14:20:27', 4, 999)
pval: [0.075] -- 196th test, time elapsed 12.880097389221191 -- emperical power so far (from test_start): 0.04591836734693878
db insert success
(197, 4, 0, 1, 63800, 'chi', 'genrr', 265.2136535644531, 0.3110000193119049, 12.879328489303589, '2024-07-27 14:20:42', 4, 999)
pval: [0.31100002] -- 197th test, time elapsed 12.879328489303589 -- emperical power so far (from test_start): 0.04568527918781726
db insert success
(198, 4, 0, 1, 63800, 'chi', 'genrr', 225.96478271484375, 0.909000039100647, 13.055915832519531, '2024-07-27 14:21:02', 4, 999)
pval: [0.90900004] -- 198th test, time elapsed 13.055915832519531 -- emperical power so far (from test_start): 0.045454545454545456
db insert success
(199, 4, 0, 1, 63800, 'chi', 'genrr', 255.2513427734375, 0.4690000116825104, 12.980751514434814, '2024-07-27 14:21:27', 4, 999)
pval: [0.46900001] -- 199th test, time elapsed 12.980751514434814 -- emperical power so far (from test_start): 0.04522613065326633
db insert success
(200, 4, 0, 1, 63800, 'chi', 'genrr', 266.011474609375, 0.31200000643730164, 12.888306379318237, '2024-07-27 14:21:43', 4, 999)
pval: [0.31200001] -- 200th test, time elapsed 12.888306379318237 -- emperical power so far (from test_start): 0.045
db insert success
4649.794909238815
