bitflipprojchi, alpha=0.5, sample size=29000
#########################################
tensor(0.4378)
tensor(0.4378)
(1, 4, 0, 0.5, 29000, 'projchi', 'bitflip', 244.32144165039062, 0.6520000100135803, 6.793694972991943, '2024-07-27 10:43:44', 4, 999)
pval: [0.65200001] -- 1th test, time elapsed 6.793694972991943 -- emperical power so far (from test_start): 0.0
db insert success
tensor(0.4378)
tensor(0.4378)
(2, 4, 0, 0.5, 29000, 'projchi', 'bitflip', 292.9438781738281, 0.046000003814697266, 6.766418933868408, '2024-07-27 10:44:00', 4, 999)
pval: [0.046] -- 2th test, time elapsed 6.766418933868408 -- emperical power so far (from test_start): 0.5
db insert success
tensor(0.4378)
tensor(0.4378)
(3, 4, 0, 0.5, 29000, 'projchi', 'bitflip', 248.61434936523438, 0.6130000352859497, 6.773799896240234, '2024-07-27 10:44:10', 4, 999)
pval: [0.61300004] -- 3th test, time elapsed 6.773799896240234 -- emperical power so far (from test_start): 0.3333333333333333
db insert success
tensor(0.4378)
tensor(0.4378)
(4, 4, 0, 0.5, 29000, 'projchi', 'bitflip', 250.37693786621094, 0.562000036239624, 6.768778085708618, '2024-07-27 10:44:26', 4, 999)
pval: [0.56200004] -- 4th test, time elapsed 6.768778085708618 -- emperical power so far (from test_start): 0.25
db insert success
tensor(0.4378)
tensor(0.4378)
(5, 4, 0, 0.5, 29000, 'projchi', 'bitflip', 277.8272399902344, 0.18400001525878906, 6.768094778060913, '2024-07-27 10:44:35', 4, 999)
pval: [0.18400002] -- 5th test, time elapsed 6.768094778060913 -- emperical power so far (from test_start): 0.2
db insert success
tensor(0.4378)
tensor(0.4378)
(6, 4, 0, 0.5, 29000, 'projchi', 'bitflip', 276.4495544433594, 0.1680000126361847, 6.782597303390503, '2024-07-27 10:44:52', 4, 999)
pval: [0.16800001] -- 6th test, time elapsed 6.782597303390503 -- emperical power so far (from test_start): 0.16666666666666666
db insert success
tensor(0.4378)
tensor(0.4378)
(7, 4, 0, 0.5, 29000, 'projchi', 'bitflip', 253.75892639160156, 0.5220000147819519, 6.775640249252319, '2024-07-27 10:45:19', 4, 999)
pval: [0.52200001] -- 7th test, time elapsed 6.775640249252319 -- emperical power so far (from test_start): 0.14285714285714285
db insert success
tensor(0.4378)
tensor(0.4378)
(8, 4, 0, 0.5, 29000, 'projchi', 'bitflip', 245.32896423339844, 0.6500000357627869, 6.764294624328613, '2024-07-27 10:45:30', 4, 999)
pval: [0.65000004] -- 8th test, time elapsed 6.764294624328613 -- emperical power so far (from test_start): 0.125
db insert success
tensor(0.4378)
tensor(0.4378)
(9, 4, 0, 0.5, 29000, 'projchi', 'bitflip', 331.9303283691406, 0.0010000000474974513, 6.772145509719849, '2024-07-27 10:45:50', 4, 999)
pval: [0.001] -- 9th test, time elapsed 6.772145509719849 -- emperical power so far (from test_start): 0.2222222222222222
db insert success
tensor(0.4378)
tensor(0.4378)
(10, 4, 0, 0.5, 29000, 'projchi', 'bitflip', 311.0114440917969, 0.01100000087171793, 6.781436443328857, '2024-07-27 10:46:01', 4, 999)
pval: [0.011] -- 10th test, time elapsed 6.781436443328857 -- emperical power so far (from test_start): 0.3
db insert success
tensor(0.4378)
tensor(0.4378)
(11, 4, 0, 0.5, 29000, 'projchi', 'bitflip', 274.4136962890625, 0.1850000023841858, 6.775664806365967, '2024-07-27 10:46:26', 4, 999)
pval: [0.185] -- 11th test, time elapsed 6.775664806365967 -- emperical power so far (from test_start): 0.2727272727272727
db insert success
tensor(0.4378)
tensor(0.4378)
(12, 4, 0, 0.5, 29000, 'projchi', 'bitflip', 273.98236083984375, 0.1940000057220459, 6.787651062011719, '2024-07-27 10:46:52', 4, 999)
pval: [0.19400001] -- 12th test, time elapsed 6.787651062011719 -- emperical power so far (from test_start): 0.25
db insert success
tensor(0.4378)
tensor(0.4378)
(13, 4, 0, 0.5, 29000, 'projchi', 'bitflip', 219.4517822265625, 0.9450000524520874, 6.787078857421875, '2024-07-27 10:47:00', 4, 999)
pval: [0.94500005] -- 13th test, time elapsed 6.787078857421875 -- emperical power so far (from test_start): 0.23076923076923078
db insert success
tensor(0.4378)
tensor(0.4378)
(14, 4, 0, 0.5, 29000, 'projchi', 'bitflip', 250.73150634765625, 0.5640000104904175, 6.766374111175537, '2024-07-27 10:47:16', 4, 999)
pval: [0.56400001] -- 14th test, time elapsed 6.766374111175537 -- emperical power so far (from test_start): 0.21428571428571427
db insert success
tensor(0.4378)
tensor(0.4378)
(15, 4, 0, 0.5, 29000, 'projchi', 'bitflip', 243.44512939453125, 0.6700000166893005, 6.766314744949341, '2024-07-27 10:47:27', 4, 999)
pval: [0.67000002] -- 15th test, time elapsed 6.766314744949341 -- emperical power so far (from test_start): 0.2
db insert success
tensor(0.4378)
tensor(0.4378)
(16, 4, 0, 0.5, 29000, 'projchi', 'bitflip', 259.8158264160156, 0.41600000858306885, 6.758539438247681, '2024-07-27 10:47:40', 4, 999)
pval: [0.41600001] -- 16th test, time elapsed 6.758539438247681 -- emperical power so far (from test_start): 0.1875
db insert success
tensor(0.4378)
tensor(0.4378)
(17, 4, 0, 0.5, 29000, 'projchi', 'bitflip', 252.0891571044922, 0.5470000505447388, 6.770593166351318, '2024-07-27 10:48:03', 4, 999)
pval: [0.54700005] -- 17th test, time elapsed 6.770593166351318 -- emperical power so far (from test_start): 0.17647058823529413
db insert success
tensor(0.4378)
tensor(0.4378)
(18, 4, 0, 0.5, 29000, 'projchi', 'bitflip', 293.93157958984375, 0.058000002056360245, 6.77086877822876, '2024-07-27 10:48:15', 4, 999)
pval: [0.058] -- 18th test, time elapsed 6.77086877822876 -- emperical power so far (from test_start): 0.16666666666666666
db insert success
tensor(0.4378)
tensor(0.4378)
(19, 4, 0, 0.5, 29000, 'projchi', 'bitflip', 236.63119506835938, 0.7880000472068787, 6.796419143676758, '2024-07-27 10:48:25', 4, 999)
pval: [0.78800005] -- 19th test, time elapsed 6.796419143676758 -- emperical power so far (from test_start): 0.15789473684210525
db insert success
tensor(0.4378)
tensor(0.4378)
(20, 4, 0, 0.5, 29000, 'projchi', 'bitflip', 218.1563262939453, 0.9480000734329224, 6.792896032333374, '2024-07-27 10:48:49', 4, 999)
pval: [0.94800007] -- 20th test, time elapsed 6.792896032333374 -- emperical power so far (from test_start): 0.15
db insert success
tensor(0.4378)
tensor(0.4378)
(21, 4, 0, 0.5, 29000, 'projchi', 'bitflip', 282.7297668457031, 0.10400000214576721, 6.800591945648193, '2024-07-27 10:48:58', 4, 999)
pval: [0.104] -- 21th test, time elapsed 6.800591945648193 -- emperical power so far (from test_start): 0.14285714285714285
db insert success
tensor(0.4378)
tensor(0.4378)
(22, 4, 0, 0.5, 29000, 'projchi', 'bitflip', 244.7188720703125, 0.6680000424385071, 6.776539325714111, '2024-07-27 10:49:18', 4, 999)
pval: [0.66800004] -- 22th test, time elapsed 6.776539325714111 -- emperical power so far (from test_start): 0.13636363636363635
db insert success
tensor(0.4378)
tensor(0.4378)
(23, 4, 0, 0.5, 29000, 'projchi', 'bitflip', 242.89395141601562, 0.7070000171661377, 6.7897419929504395, '2024-07-27 10:49:28', 4, 999)
pval: [0.70700002] -- 23th test, time elapsed 6.7897419929504395 -- emperical power so far (from test_start): 0.13043478260869565
db insert success
tensor(0.4378)
tensor(0.4378)
(24, 4, 0, 0.5, 29000, 'projchi', 'bitflip', 284.75079345703125, 0.1080000028014183, 6.809123754501343, '2024-07-27 10:49:40', 4, 999)
pval: [0.108] -- 24th test, time elapsed 6.809123754501343 -- emperical power so far (from test_start): 0.125
db insert success
tensor(0.4378)
tensor(0.4378)
(25, 4, 0, 0.5, 29000, 'projchi', 'bitflip', 248.57882690429688, 0.6260000467300415, 6.8198606967926025, '2024-07-27 10:50:06', 4, 999)
pval: [0.62600005] -- 25th test, time elapsed 6.8198606967926025 -- emperical power so far (from test_start): 0.12
db insert success
tensor(0.4378)
tensor(0.4378)
(26, 4, 0, 0.5, 29000, 'projchi', 'bitflip', 296.2472229003906, 0.04700000211596489, 6.786634206771851, '2024-07-27 10:50:30', 4, 999)
pval: [0.047] -- 26th test, time elapsed 6.786634206771851 -- emperical power so far (from test_start): 0.15384615384615385
db insert success
tensor(0.4378)
tensor(0.4378)
(27, 4, 0, 0.5, 29000, 'projchi', 'bitflip', 252.0137481689453, 0.5300000309944153, 6.796658754348755, '2024-07-27 10:50:46', 4, 999)
pval: [0.53000003] -- 27th test, time elapsed 6.796658754348755 -- emperical power so far (from test_start): 0.14814814814814814
db insert success
tensor(0.4378)
tensor(0.4378)
(28, 4, 0, 0.5, 29000, 'projchi', 'bitflip', 272.1366882324219, 0.2240000069141388, 6.775663614273071, '2024-07-27 10:50:58', 4, 999)
pval: [0.22400001] -- 28th test, time elapsed 6.775663614273071 -- emperical power so far (from test_start): 0.14285714285714285
db insert success
tensor(0.4378)
tensor(0.4378)
(29, 4, 0, 0.5, 29000, 'projchi', 'bitflip', 252.6847686767578, 0.5220000147819519, 6.774292469024658, '2024-07-27 10:51:07', 4, 999)
pval: [0.52200001] -- 29th test, time elapsed 6.774292469024658 -- emperical power so far (from test_start): 0.13793103448275862
db insert success
tensor(0.4378)
tensor(0.4378)
(30, 4, 0, 0.5, 29000, 'projchi', 'bitflip', 250.66290283203125, 0.5460000038146973, 6.7672038078308105, '2024-07-27 10:51:21', 4, 999)
pval: [0.546] -- 30th test, time elapsed 6.7672038078308105 -- emperical power so far (from test_start): 0.13333333333333333
db insert success
tensor(0.4378)
tensor(0.4378)
(31, 4, 0, 0.5, 29000, 'projchi', 'bitflip', 255.11160278320312, 0.49000000953674316, 6.765917778015137, '2024-07-27 10:51:39', 4, 999)
pval: [0.49000001] -- 31th test, time elapsed 6.765917778015137 -- emperical power so far (from test_start): 0.12903225806451613
db insert success
tensor(0.4378)
tensor(0.4378)
(32, 4, 0, 0.5, 29000, 'projchi', 'bitflip', 276.080078125, 0.1680000126361847, 6.762101650238037, '2024-07-27 10:51:53', 4, 999)
pval: [0.16800001] -- 32th test, time elapsed 6.762101650238037 -- emperical power so far (from test_start): 0.125
db insert success
tensor(0.4378)
tensor(0.4378)
(33, 4, 0, 0.5, 29000, 'projchi', 'bitflip', 291.896728515625, 0.06800000369548798, 6.783483982086182, '2024-07-27 10:52:07', 4, 999)
pval: [0.068] -- 33th test, time elapsed 6.783483982086182 -- emperical power so far (from test_start): 0.12121212121212122
db insert success
tensor(0.4378)
tensor(0.4378)
(34, 4, 0, 0.5, 29000, 'projchi', 'bitflip', 264.1070251464844, 0.2970000207424164, 6.791181325912476, '2024-07-27 10:52:27', 4, 999)
pval: [0.29700002] -- 34th test, time elapsed 6.791181325912476 -- emperical power so far (from test_start): 0.11764705882352941
db insert success
tensor(0.4378)
tensor(0.4378)
(35, 4, 0, 0.5, 29000, 'projchi', 'bitflip', 267.84521484375, 0.2710000276565552, 6.791349411010742, '2024-07-27 10:52:35', 4, 999)
pval: [0.27100003] -- 35th test, time elapsed 6.791349411010742 -- emperical power so far (from test_start): 0.11428571428571428
db insert success
tensor(0.4378)
tensor(0.4378)
(36, 4, 0, 0.5, 29000, 'projchi', 'bitflip', 290.8402099609375, 0.05300000309944153, 6.795034646987915, '2024-07-27 10:52:47', 4, 999)
pval: [0.053] -- 36th test, time elapsed 6.795034646987915 -- emperical power so far (from test_start): 0.1111111111111111
db insert success
tensor(0.4378)
tensor(0.4378)
(37, 4, 0, 0.5, 29000, 'projchi', 'bitflip', 251.04498291015625, 0.5520000457763672, 6.801523208618164, '2024-07-27 10:53:08', 4, 999)
pval: [0.55200005] -- 37th test, time elapsed 6.801523208618164 -- emperical power so far (from test_start): 0.10810810810810811
db insert success
tensor(0.4378)
tensor(0.4378)
(38, 4, 0, 0.5, 29000, 'projchi', 'bitflip', 276.6505432128906, 0.1770000010728836, 6.782963037490845, '2024-07-27 10:53:24', 4, 999)
pval: [0.177] -- 38th test, time elapsed 6.782963037490845 -- emperical power so far (from test_start): 0.10526315789473684
db insert success
tensor(0.4378)
tensor(0.4378)
(39, 4, 0, 0.5, 29000, 'projchi', 'bitflip', 253.98495483398438, 0.5190000534057617, 6.803603649139404, '2024-07-27 10:53:39', 4, 999)
pval: [0.51900005] -- 39th test, time elapsed 6.803603649139404 -- emperical power so far (from test_start): 0.10256410256410256
db insert success
tensor(0.4378)
tensor(0.4378)
(40, 4, 0, 0.5, 29000, 'projchi', 'bitflip', 223.44496154785156, 0.9190000295639038, 7.135209798812866, '2024-07-27 10:53:51', 4, 999)
pval: [0.91900003] -- 40th test, time elapsed 7.135209798812866 -- emperical power so far (from test_start): 0.1
db insert success
tensor(0.4378)
tensor(0.4378)
(41, 4, 0, 0.5, 29000, 'projchi', 'bitflip', 266.6209716796875, 0.27800002694129944, 7.128184795379639, '2024-07-27 10:54:03', 4, 999)
pval: [0.27800003] -- 41th test, time elapsed 7.128184795379639 -- emperical power so far (from test_start): 0.0975609756097561
db insert success
tensor(0.4378)
tensor(0.4378)
(42, 4, 0, 0.5, 29000, 'projchi', 'bitflip', 229.36468505859375, 0.8680000305175781, 7.130145788192749, '2024-07-27 10:54:30', 4, 999)
pval: [0.86800003] -- 42th test, time elapsed 7.130145788192749 -- emperical power so far (from test_start): 0.09523809523809523
db insert success
tensor(0.4378)
tensor(0.4378)
(43, 4, 0, 0.5, 29000, 'projchi', 'bitflip', 272.75946044921875, 0.2290000170469284, 7.124735116958618, '2024-07-27 10:54:47', 4, 999)
pval: [0.22900002] -- 43th test, time elapsed 7.124735116958618 -- emperical power so far (from test_start): 0.09302325581395349
db insert success
tensor(0.4378)
tensor(0.4378)
(44, 4, 0, 0.5, 29000, 'projchi', 'bitflip', 297.2786865234375, 0.03400000184774399, 7.116761922836304, '2024-07-27 10:54:58', 4, 999)
pval: [0.034] -- 44th test, time elapsed 7.116761922836304 -- emperical power so far (from test_start): 0.11363636363636363
db insert success
tensor(0.4378)
tensor(0.4378)
(45, 4, 0, 0.5, 29000, 'projchi', 'bitflip', 264.5705871582031, 0.31200000643730164, 7.114765644073486, '2024-07-27 10:55:06', 4, 999)
pval: [0.31200001] -- 45th test, time elapsed 7.114765644073486 -- emperical power so far (from test_start): 0.1111111111111111
db insert success
tensor(0.4378)
tensor(0.4378)
(46, 4, 0, 0.5, 29000, 'projchi', 'bitflip', 300.88232421875, 0.02200000174343586, 6.771139860153198, '2024-07-27 10:55:26', 4, 999)
pval: [0.022] -- 46th test, time elapsed 6.771139860153198 -- emperical power so far (from test_start): 0.13043478260869565
db insert success
tensor(0.4378)
tensor(0.4378)
(47, 4, 0, 0.5, 29000, 'projchi', 'bitflip', 265.1592102050781, 0.3050000071525574, 6.805955171585083, '2024-07-27 10:55:48', 4, 999)
pval: [0.30500001] -- 47th test, time elapsed 6.805955171585083 -- emperical power so far (from test_start): 0.1276595744680851
db insert success
tensor(0.4378)
tensor(0.4378)
(48, 4, 0, 0.5, 29000, 'projchi', 'bitflip', 285.50372314453125, 0.08400000631809235, 6.782550811767578, '2024-07-27 10:56:05', 4, 999)
pval: [0.08400001] -- 48th test, time elapsed 6.782550811767578 -- emperical power so far (from test_start): 0.125
db insert success
tensor(0.4378)
tensor(0.4378)
(49, 4, 0, 0.5, 29000, 'projchi', 'bitflip', 267.16766357421875, 0.30400002002716064, 6.781010627746582, '2024-07-27 10:56:17', 4, 999)
pval: [0.30400002] -- 49th test, time elapsed 6.781010627746582 -- emperical power so far (from test_start): 0.12244897959183673
db insert success
tensor(0.4378)
tensor(0.4378)
(50, 4, 0, 0.5, 29000, 'projchi', 'bitflip', 252.64134216308594, 0.5250000357627869, 6.755972623825073, '2024-07-27 10:56:25', 4, 999)
pval: [0.52500004] -- 50th test, time elapsed 6.755972623825073 -- emperical power so far (from test_start): 0.12
db insert success
tensor(0.4378)
tensor(0.4378)
(51, 4, 0, 0.5, 29000, 'projchi', 'bitflip', 240.87237548828125, 0.7170000076293945, 6.755923509597778, '2024-07-27 10:56:48', 4, 999)
pval: [0.71700001] -- 51th test, time elapsed 6.755923509597778 -- emperical power so far (from test_start): 0.11764705882352941
db insert success
tensor(0.4378)
tensor(0.4378)
(52, 4, 0, 0.5, 29000, 'projchi', 'bitflip', 268.869873046875, 0.24800001084804535, 6.762889385223389, '2024-07-27 10:57:04', 4, 999)
pval: [0.24800001] -- 52th test, time elapsed 6.762889385223389 -- emperical power so far (from test_start): 0.11538461538461539
db insert success
tensor(0.4378)
tensor(0.4378)
(53, 4, 0, 0.5, 29000, 'projchi', 'bitflip', 267.6545715332031, 0.27000001072883606, 6.753051042556763, '2024-07-27 10:57:22', 4, 999)
pval: [0.27000001] -- 53th test, time elapsed 6.753051042556763 -- emperical power so far (from test_start): 0.11320754716981132
db insert success
tensor(0.4378)
tensor(0.4378)
(54, 4, 0, 0.5, 29000, 'projchi', 'bitflip', 276.793212890625, 0.1550000011920929, 6.767044305801392, '2024-07-27 10:57:40', 4, 999)
pval: [0.155] -- 54th test, time elapsed 6.767044305801392 -- emperical power so far (from test_start): 0.1111111111111111
db insert success
tensor(0.4378)
tensor(0.4378)
(55, 4, 0, 0.5, 29000, 'projchi', 'bitflip', 247.01287841796875, 0.6080000400543213, 6.7814319133758545, '2024-07-27 10:58:04', 4, 999)
pval: [0.60800004] -- 55th test, time elapsed 6.7814319133758545 -- emperical power so far (from test_start): 0.10909090909090909
db insert success
tensor(0.4378)
tensor(0.4378)
(56, 4, 0, 0.5, 29000, 'projchi', 'bitflip', 305.4144287109375, 0.017000000923871994, 6.763790845870972, '2024-07-27 10:58:30', 4, 999)
pval: [0.017] -- 56th test, time elapsed 6.763790845870972 -- emperical power so far (from test_start): 0.125
db insert success
tensor(0.4378)
tensor(0.4378)
(57, 4, 0, 0.5, 29000, 'projchi', 'bitflip', 274.0729064941406, 0.18800000846385956, 6.774966716766357, '2024-07-27 10:58:41', 4, 999)
pval: [0.18800001] -- 57th test, time elapsed 6.774966716766357 -- emperical power so far (from test_start): 0.12280701754385964
db insert success
tensor(0.4378)
tensor(0.4378)
(58, 4, 0, 0.5, 29000, 'projchi', 'bitflip', 294.0140686035156, 0.04800000041723251, 6.764256715774536, '2024-07-27 10:58:49', 4, 999)
pval: [0.048] -- 58th test, time elapsed 6.764256715774536 -- emperical power so far (from test_start): 0.13793103448275862
db insert success
tensor(0.4378)
tensor(0.4378)
(59, 4, 0, 0.5, 29000, 'projchi', 'bitflip', 289.66070556640625, 0.05900000408291817, 6.748589992523193, '2024-07-27 10:58:58', 4, 999)
pval: [0.059] -- 59th test, time elapsed 6.748589992523193 -- emperical power so far (from test_start): 0.13559322033898305
db insert success
tensor(0.4378)
tensor(0.4378)
(60, 4, 0, 0.5, 29000, 'projchi', 'bitflip', 262.20709228515625, 0.36400002241134644, 6.754743814468384, '2024-07-27 10:59:13', 4, 999)
pval: [0.36400002] -- 60th test, time elapsed 6.754743814468384 -- emperical power so far (from test_start): 0.13333333333333333
db insert success
tensor(0.4378)
tensor(0.4378)
(61, 4, 0, 0.5, 29000, 'projchi', 'bitflip', 273.320068359375, 0.2120000123977661, 6.781129598617554, '2024-07-27 10:59:21', 4, 999)
pval: [0.21200001] -- 61th test, time elapsed 6.781129598617554 -- emperical power so far (from test_start): 0.13114754098360656
db insert success
tensor(0.4378)
tensor(0.4378)
(62, 4, 0, 0.5, 29000, 'projchi', 'bitflip', 263.2713317871094, 0.3240000009536743, 6.7620837688446045, '2024-07-27 10:59:41', 4, 999)
pval: [0.324] -- 62th test, time elapsed 6.7620837688446045 -- emperical power so far (from test_start): 0.12903225806451613
db insert success
tensor(0.4378)
tensor(0.4378)
(63, 4, 0, 0.5, 29000, 'projchi', 'bitflip', 266.876953125, 0.32500001788139343, 6.758148908615112, '2024-07-27 11:00:01', 4, 999)
pval: [0.32500002] -- 63th test, time elapsed 6.758148908615112 -- emperical power so far (from test_start): 0.12698412698412698
db insert success
tensor(0.4378)
tensor(0.4378)
(64, 4, 0, 0.5, 29000, 'projchi', 'bitflip', 289.230712890625, 0.07100000232458115, 7.100706338882446, '2024-07-27 11:00:20', 4, 999)
pval: [0.071] -- 64th test, time elapsed 7.100706338882446 -- emperical power so far (from test_start): 0.125
db insert success
tensor(0.4378)
tensor(0.4378)
(65, 4, 0, 0.5, 29000, 'projchi', 'bitflip', 291.6546630859375, 0.06700000166893005, 6.744615316390991, '2024-07-27 11:00:37', 4, 999)
pval: [0.067] -- 65th test, time elapsed 6.744615316390991 -- emperical power so far (from test_start): 0.12307692307692308
db insert success
tensor(0.4378)
tensor(0.4378)
(66, 4, 0, 0.5, 29000, 'projchi', 'bitflip', 236.81642150878906, 0.8090000152587891, 6.753198862075806, '2024-07-27 11:00:52', 4, 999)
pval: [0.80900002] -- 66th test, time elapsed 6.753198862075806 -- emperical power so far (from test_start): 0.12121212121212122
db insert success
tensor(0.4378)
tensor(0.4378)
(67, 4, 0, 0.5, 29000, 'projchi', 'bitflip', 263.4253234863281, 0.320000022649765, 6.762359142303467, '2024-07-27 11:00:59', 4, 999)
pval: [0.32000002] -- 67th test, time elapsed 6.762359142303467 -- emperical power so far (from test_start): 0.11940298507462686
db insert success
tensor(0.4378)
tensor(0.4378)
(68, 4, 0, 0.5, 29000, 'projchi', 'bitflip', 266.31292724609375, 0.31300002336502075, 6.790872573852539, '2024-07-27 11:01:19', 4, 999)
pval: [0.31300002] -- 68th test, time elapsed 6.790872573852539 -- emperical power so far (from test_start): 0.11764705882352941
db insert success
tensor(0.4378)
tensor(0.4378)
(69, 4, 0, 0.5, 29000, 'projchi', 'bitflip', 314.0564880371094, 0.012000000104308128, 6.815159559249878, '2024-07-27 11:01:39', 4, 999)
pval: [0.012] -- 69th test, time elapsed 6.815159559249878 -- emperical power so far (from test_start): 0.13043478260869565
db insert success
tensor(0.4378)
tensor(0.4378)
(70, 4, 0, 0.5, 29000, 'projchi', 'bitflip', 331.0250244140625, 0.0010000000474974513, 6.921713590621948, '2024-07-27 11:01:52', 4, 999)
pval: [0.001] -- 70th test, time elapsed 6.921713590621948 -- emperical power so far (from test_start): 0.14285714285714285
db insert success
tensor(0.4378)
tensor(0.4378)
(71, 4, 0, 0.5, 29000, 'projchi', 'bitflip', 254.5489959716797, 0.4830000102519989, 6.778728485107422, '2024-07-27 11:02:12', 4, 999)
pval: [0.48300001] -- 71th test, time elapsed 6.778728485107422 -- emperical power so far (from test_start): 0.14084507042253522
db insert success
tensor(0.4378)
tensor(0.4378)
(72, 4, 0, 0.5, 29000, 'projchi', 'bitflip', 237.3619384765625, 0.7680000066757202, 7.1155853271484375, '2024-07-27 11:02:35', 4, 999)
pval: [0.76800001] -- 72th test, time elapsed 7.1155853271484375 -- emperical power so far (from test_start): 0.1388888888888889
db insert success
tensor(0.4378)
tensor(0.4378)
(73, 4, 0, 0.5, 29000, 'projchi', 'bitflip', 260.8390808105469, 0.39000001549720764, 6.815325498580933, '2024-07-27 11:02:52', 4, 999)
pval: [0.39000002] -- 73th test, time elapsed 6.815325498580933 -- emperical power so far (from test_start): 0.136986301369863
db insert success
tensor(0.4378)
tensor(0.4378)
(74, 4, 0, 0.5, 29000, 'projchi', 'bitflip', 282.9597473144531, 0.11900000274181366, 6.768927335739136, '2024-07-27 11:03:06', 4, 999)
pval: [0.119] -- 74th test, time elapsed 6.768927335739136 -- emperical power so far (from test_start): 0.13513513513513514
db insert success
tensor(0.4378)
tensor(0.4378)
(75, 4, 0, 0.5, 29000, 'projchi', 'bitflip', 270.4509582519531, 0.23800000548362732, 6.784964561462402, '2024-07-27 11:03:30', 4, 999)
pval: [0.23800001] -- 75th test, time elapsed 6.784964561462402 -- emperical power so far (from test_start): 0.13333333333333333
db insert success
tensor(0.4378)
tensor(0.4378)
(76, 4, 0, 0.5, 29000, 'projchi', 'bitflip', 272.4452819824219, 0.2150000035762787, 6.752409219741821, '2024-07-27 11:03:56', 4, 999)
pval: [0.215] -- 76th test, time elapsed 6.752409219741821 -- emperical power so far (from test_start): 0.13157894736842105
db insert success
tensor(0.4378)
tensor(0.4378)
(77, 4, 0, 0.5, 29000, 'projchi', 'bitflip', 235.03265380859375, 0.8060000538825989, 6.763209581375122, '2024-07-27 11:04:06', 4, 999)
pval: [0.80600005] -- 77th test, time elapsed 6.763209581375122 -- emperical power so far (from test_start): 0.12987012987012986
db insert success
tensor(0.4378)
tensor(0.4378)
(78, 4, 0, 0.5, 29000, 'projchi', 'bitflip', 276.1646728515625, 0.16300000250339508, 6.758792400360107, '2024-07-27 11:04:23', 4, 999)
pval: [0.163] -- 78th test, time elapsed 6.758792400360107 -- emperical power so far (from test_start): 0.1282051282051282
db insert success
tensor(0.4378)
tensor(0.4378)
(79, 4, 0, 0.5, 29000, 'projchi', 'bitflip', 301.7133483886719, 0.02200000174343586, 6.747956275939941, '2024-07-27 11:04:43', 4, 999)
pval: [0.022] -- 79th test, time elapsed 6.747956275939941 -- emperical power so far (from test_start): 0.13924050632911392
db insert success
tensor(0.4378)
tensor(0.4378)
(80, 4, 0, 0.5, 29000, 'projchi', 'bitflip', 233.01019287109375, 0.831000030040741, 6.780580759048462, '2024-07-27 11:05:04', 4, 999)
pval: [0.83100003] -- 80th test, time elapsed 6.780580759048462 -- emperical power so far (from test_start): 0.1375
db insert success
tensor(0.4378)
tensor(0.4378)
(81, 4, 0, 0.5, 29000, 'projchi', 'bitflip', 262.5677795410156, 0.3750000298023224, 6.775310277938843, '2024-07-27 11:05:24', 4, 999)
pval: [0.37500003] -- 81th test, time elapsed 6.775310277938843 -- emperical power so far (from test_start): 0.13580246913580246
db insert success
tensor(0.4378)
tensor(0.4378)
(82, 4, 0, 0.5, 29000, 'projchi', 'bitflip', 266.68316650390625, 0.2980000078678131, 6.740057706832886, '2024-07-27 11:05:40', 4, 999)
pval: [0.29800001] -- 82th test, time elapsed 6.740057706832886 -- emperical power so far (from test_start): 0.13414634146341464
db insert success
tensor(0.4378)
tensor(0.4378)
(83, 4, 0, 0.5, 29000, 'projchi', 'bitflip', 272.33563232421875, 0.20400001108646393, 6.742198705673218, '2024-07-27 11:05:56', 4, 999)
pval: [0.20400001] -- 83th test, time elapsed 6.742198705673218 -- emperical power so far (from test_start): 0.13253012048192772
db insert success
tensor(0.4378)
tensor(0.4378)
(84, 4, 0, 0.5, 29000, 'projchi', 'bitflip', 288.17205810546875, 0.07400000095367432, 6.743654727935791, '2024-07-27 11:06:05', 4, 999)
pval: [0.074] -- 84th test, time elapsed 6.743654727935791 -- emperical power so far (from test_start): 0.13095238095238096
db insert success
tensor(0.4378)
tensor(0.4378)
(85, 4, 0, 0.5, 29000, 'projchi', 'bitflip', 276.7970275878906, 0.19200000166893005, 6.7321929931640625, '2024-07-27 11:06:30', 4, 999)
pval: [0.192] -- 85th test, time elapsed 6.7321929931640625 -- emperical power so far (from test_start): 0.12941176470588237
db insert success
tensor(0.4378)
tensor(0.4378)
(86, 4, 0, 0.5, 29000, 'projchi', 'bitflip', 290.5219421386719, 0.05700000375509262, 6.7530694007873535, '2024-07-27 11:06:44', 4, 999)
pval: [0.057] -- 86th test, time elapsed 6.7530694007873535 -- emperical power so far (from test_start): 0.12790697674418605
db insert success
tensor(0.4378)
tensor(0.4378)
(87, 4, 0, 0.5, 29000, 'projchi', 'bitflip', 297.13446044921875, 0.04000000283122063, 6.7674314975738525, '2024-07-27 11:06:51', 4, 999)
pval: [0.04] -- 87th test, time elapsed 6.7674314975738525 -- emperical power so far (from test_start): 0.13793103448275862
db insert success
tensor(0.4378)
tensor(0.4378)
(88, 4, 0, 0.5, 29000, 'projchi', 'bitflip', 292.6139221191406, 0.036000002175569534, 6.748404502868652, '2024-07-27 11:07:15', 4, 999)
pval: [0.036] -- 88th test, time elapsed 6.748404502868652 -- emperical power so far (from test_start): 0.14772727272727273
db insert success
tensor(0.4378)
tensor(0.4378)
(89, 4, 0, 0.5, 29000, 'projchi', 'bitflip', 279.57879638671875, 0.13199999928474426, 6.756751775741577, '2024-07-27 11:07:41', 4, 999)
pval: [0.132] -- 89th test, time elapsed 6.756751775741577 -- emperical power so far (from test_start): 0.14606741573033707
db insert success
tensor(0.4378)
tensor(0.4378)
(90, 4, 0, 0.5, 29000, 'projchi', 'bitflip', 260.5907287597656, 0.3930000066757202, 6.754709720611572, '2024-07-27 11:07:54', 4, 999)
pval: [0.39300001] -- 90th test, time elapsed 6.754709720611572 -- emperical power so far (from test_start): 0.14444444444444443
db insert success
tensor(0.4378)
tensor(0.4378)
(91, 4, 0, 0.5, 29000, 'projchi', 'bitflip', 238.03103637695312, 0.7780000567436218, 6.750520944595337, '2024-07-27 11:08:19', 4, 999)
pval: [0.77800006] -- 91th test, time elapsed 6.750520944595337 -- emperical power so far (from test_start): 0.14285714285714285
db insert success
tensor(0.4378)
tensor(0.4378)
(92, 4, 0, 0.5, 29000, 'projchi', 'bitflip', 276.1235656738281, 0.18000000715255737, 6.756975889205933, '2024-07-27 11:08:46', 4, 999)
pval: [0.18000001] -- 92th test, time elapsed 6.756975889205933 -- emperical power so far (from test_start): 0.14130434782608695
db insert success
tensor(0.4378)
tensor(0.4378)
(93, 4, 0, 0.5, 29000, 'projchi', 'bitflip', 262.73406982421875, 0.3410000205039978, 6.749872207641602, '2024-07-27 11:09:04', 4, 999)
pval: [0.34100002] -- 93th test, time elapsed 6.749872207641602 -- emperical power so far (from test_start): 0.13978494623655913
db insert success
tensor(0.4378)
tensor(0.4378)
(94, 4, 0, 0.5, 29000, 'projchi', 'bitflip', 235.91326904296875, 0.8030000329017639, 6.740337133407593, '2024-07-27 11:09:15', 4, 999)
pval: [0.80300003] -- 94th test, time elapsed 6.740337133407593 -- emperical power so far (from test_start): 0.13829787234042554
db insert success
tensor(0.4378)
tensor(0.4378)
(95, 4, 0, 0.5, 29000, 'projchi', 'bitflip', 275.52386474609375, 0.17600001394748688, 6.746244668960571, '2024-07-27 11:09:40', 4, 999)
pval: [0.17600001] -- 95th test, time elapsed 6.746244668960571 -- emperical power so far (from test_start): 0.1368421052631579
db insert success
tensor(0.4378)
tensor(0.4378)
(96, 4, 0, 0.5, 29000, 'projchi', 'bitflip', 243.90773010253906, 0.675000011920929, 6.728929758071899, '2024-07-27 11:09:50', 4, 999)
pval: [0.67500001] -- 96th test, time elapsed 6.728929758071899 -- emperical power so far (from test_start): 0.13541666666666666
db insert success
tensor(0.4378)
tensor(0.4378)
(97, 4, 0, 0.5, 29000, 'projchi', 'bitflip', 289.2395935058594, 0.07700000703334808, 6.757585525512695, '2024-07-27 11:10:16', 4, 999)
pval: [0.07700001] -- 97th test, time elapsed 6.757585525512695 -- emperical power so far (from test_start): 0.13402061855670103
db insert success
tensor(0.4378)
tensor(0.4378)
(98, 4, 0, 0.5, 29000, 'projchi', 'bitflip', 240.26333618164062, 0.7320000529289246, 6.763795852661133, '2024-07-27 11:10:32', 4, 999)
pval: [0.73200005] -- 98th test, time elapsed 6.763795852661133 -- emperical power so far (from test_start): 0.1326530612244898
db insert success
tensor(0.4378)
tensor(0.4378)
(99, 4, 0, 0.5, 29000, 'projchi', 'bitflip', 268.4064025878906, 0.2990000247955322, 6.760033369064331, '2024-07-27 11:10:40', 4, 999)
pval: [0.29900002] -- 99th test, time elapsed 6.760033369064331 -- emperical power so far (from test_start): 0.13131313131313133
db insert success
tensor(0.4378)
tensor(0.4378)
(100, 4, 0, 0.5, 29000, 'projchi', 'bitflip', 269.96160888671875, 0.2510000169277191, 6.753687858581543, '2024-07-27 11:10:49', 4, 999)
pval: [0.25100002] -- 100th test, time elapsed 6.753687858581543 -- emperical power so far (from test_start): 0.13
db insert success
tensor(0.4378)
tensor(0.4378)
(101, 4, 0, 0.5, 29000, 'projchi', 'bitflip', 272.35308837890625, 0.20600001513957977, 6.7579262256622314, '2024-07-27 11:11:14', 4, 999)
pval: [0.20600002] -- 101th test, time elapsed 6.7579262256622314 -- emperical power so far (from test_start): 0.12871287128712872
db insert success
tensor(0.4378)
tensor(0.4378)
(102, 4, 0, 0.5, 29000, 'projchi', 'bitflip', 290.1264343261719, 0.0860000029206276, 6.76005482673645, '2024-07-27 11:11:22', 4, 999)
pval: [0.086] -- 102th test, time elapsed 6.76005482673645 -- emperical power so far (from test_start): 0.12745098039215685
db insert success
tensor(0.4378)
tensor(0.4378)
(103, 4, 0, 0.5, 29000, 'projchi', 'bitflip', 240.3665008544922, 0.7290000319480896, 6.748897314071655, '2024-07-27 11:11:47', 4, 999)
pval: [0.72900003] -- 103th test, time elapsed 6.748897314071655 -- emperical power so far (from test_start): 0.1262135922330097
db insert success
tensor(0.4378)
tensor(0.4378)
(104, 4, 0, 0.5, 29000, 'projchi', 'bitflip', 274.38751220703125, 0.20000000298023224, 6.764100074768066, '2024-07-27 11:12:01', 4, 999)
pval: [0.2] -- 104th test, time elapsed 6.764100074768066 -- emperical power so far (from test_start): 0.125
db insert success
tensor(0.4378)
tensor(0.4378)
(105, 4, 0, 0.5, 29000, 'projchi', 'bitflip', 237.33966064453125, 0.7590000629425049, 6.7511889934539795, '2024-07-27 11:12:23', 4, 999)
pval: [0.75900006] -- 105th test, time elapsed 6.7511889934539795 -- emperical power so far (from test_start): 0.12380952380952381
db insert success
tensor(0.4378)
tensor(0.4378)
(106, 4, 0, 0.5, 29000, 'projchi', 'bitflip', 250.1291046142578, 0.5950000286102295, 6.7485363483428955, '2024-07-27 11:12:38', 4, 999)
pval: [0.59500003] -- 106th test, time elapsed 6.7485363483428955 -- emperical power so far (from test_start): 0.12264150943396226
db insert success
tensor(0.4378)
tensor(0.4378)
(107, 4, 0, 0.5, 29000, 'projchi', 'bitflip', 241.33151245117188, 0.6910000443458557, 6.737062454223633, '2024-07-27 11:12:49', 4, 999)
pval: [0.69100004] -- 107th test, time elapsed 6.737062454223633 -- emperical power so far (from test_start): 0.12149532710280374
db insert success
tensor(0.4378)
tensor(0.4378)
(108, 4, 0, 0.5, 29000, 'projchi', 'bitflip', 267.3385009765625, 0.28700000047683716, 6.744053840637207, '2024-07-27 11:13:09', 4, 999)
pval: [0.287] -- 108th test, time elapsed 6.744053840637207 -- emperical power so far (from test_start): 0.12037037037037036
db insert success
tensor(0.4378)
tensor(0.4378)
(109, 4, 0, 0.5, 29000, 'projchi', 'bitflip', 311.000732421875, 0.010000000707805157, 6.7411134243011475, '2024-07-27 11:13:26', 4, 999)
pval: [0.01] -- 109th test, time elapsed 6.7411134243011475 -- emperical power so far (from test_start): 0.12844036697247707
db insert success
tensor(0.4378)
tensor(0.4378)
(110, 4, 0, 0.5, 29000, 'projchi', 'bitflip', 241.3826141357422, 0.7130000591278076, 6.768158435821533, '2024-07-27 11:13:52', 4, 999)
pval: [0.71300006] -- 110th test, time elapsed 6.768158435821533 -- emperical power so far (from test_start): 0.12727272727272726
db insert success
tensor(0.4378)
tensor(0.4378)
(111, 4, 0, 0.5, 29000, 'projchi', 'bitflip', 252.6910400390625, 0.5440000295639038, 6.755584716796875, '2024-07-27 11:14:02', 4, 999)
pval: [0.54400003] -- 111th test, time elapsed 6.755584716796875 -- emperical power so far (from test_start): 0.12612612612612611
db insert success
tensor(0.4378)
tensor(0.4378)
(112, 4, 0, 0.5, 29000, 'projchi', 'bitflip', 283.8765869140625, 0.10200000554323196, 6.761939764022827, '2024-07-27 11:14:24', 4, 999)
pval: [0.10200001] -- 112th test, time elapsed 6.761939764022827 -- emperical power so far (from test_start): 0.125
db insert success
tensor(0.4378)
tensor(0.4378)
(113, 4, 0, 0.5, 29000, 'projchi', 'bitflip', 261.3527526855469, 0.38200002908706665, 6.751141309738159, '2024-07-27 11:14:45', 4, 999)
pval: [0.38200003] -- 113th test, time elapsed 6.751141309738159 -- emperical power so far (from test_start): 0.12389380530973451
db insert success
tensor(0.4378)
tensor(0.4378)
(114, 4, 0, 0.5, 29000, 'projchi', 'bitflip', 263.2237854003906, 0.34800001978874207, 6.752700328826904, '2024-07-27 11:14:57', 4, 999)
pval: [0.34800002] -- 114th test, time elapsed 6.752700328826904 -- emperical power so far (from test_start): 0.12280701754385964
db insert success
tensor(0.4378)
tensor(0.4378)
(115, 4, 0, 0.5, 29000, 'projchi', 'bitflip', 285.13714599609375, 0.09300000220537186, 6.745804309844971, '2024-07-27 11:15:19', 4, 999)
pval: [0.093] -- 115th test, time elapsed 6.745804309844971 -- emperical power so far (from test_start): 0.12173913043478261
db insert success
tensor(0.4378)
tensor(0.4378)
(116, 4, 0, 0.5, 29000, 'projchi', 'bitflip', 291.04180908203125, 0.06100000441074371, 6.743774890899658, '2024-07-27 11:15:38', 4, 999)
pval: [0.061] -- 116th test, time elapsed 6.743774890899658 -- emperical power so far (from test_start): 0.1206896551724138
db insert success
tensor(0.4378)
tensor(0.4378)
(117, 4, 0, 0.5, 29000, 'projchi', 'bitflip', 242.9933624267578, 0.6910000443458557, 6.76181960105896, '2024-07-27 11:16:02', 4, 999)
pval: [0.69100004] -- 117th test, time elapsed 6.76181960105896 -- emperical power so far (from test_start): 0.11965811965811966
db insert success
tensor(0.4378)
tensor(0.4378)
(118, 4, 0, 0.5, 29000, 'projchi', 'bitflip', 318.4383239746094, 0.007000000216066837, 6.74359393119812, '2024-07-27 11:16:29', 4, 999)
pval: [0.007] -- 118th test, time elapsed 6.74359393119812 -- emperical power so far (from test_start): 0.1271186440677966
db insert success
tensor(0.4378)
tensor(0.4378)
(119, 4, 0, 0.5, 29000, 'projchi', 'bitflip', 276.14727783203125, 0.16100001335144043, 6.760960817337036, '2024-07-27 11:16:37', 4, 999)
pval: [0.16100001] -- 119th test, time elapsed 6.760960817337036 -- emperical power so far (from test_start): 0.12605042016806722
db insert success
tensor(0.4378)
tensor(0.4378)
(120, 4, 0, 0.5, 29000, 'projchi', 'bitflip', 230.75741577148438, 0.8640000224113464, 6.758521318435669, '2024-07-27 11:17:01', 4, 999)
pval: [0.86400002] -- 120th test, time elapsed 6.758521318435669 -- emperical power so far (from test_start): 0.125
db insert success
tensor(0.4378)
tensor(0.4378)
(121, 4, 0, 0.5, 29000, 'projchi', 'bitflip', 262.7437744140625, 0.36500000953674316, 6.766329526901245, '2024-07-27 11:17:24', 4, 999)
pval: [0.36500001] -- 121th test, time elapsed 6.766329526901245 -- emperical power so far (from test_start): 0.12396694214876033
db insert success
tensor(0.4378)
tensor(0.4378)
(122, 4, 0, 0.5, 29000, 'projchi', 'bitflip', 227.13624572753906, 0.8870000243186951, 6.756086826324463, '2024-07-27 11:17:44', 4, 999)
pval: [0.88700002] -- 122th test, time elapsed 6.756086826324463 -- emperical power so far (from test_start): 0.12295081967213115
db insert success
tensor(0.4378)
tensor(0.4378)
(123, 4, 0, 0.5, 29000, 'projchi', 'bitflip', 260.3700866699219, 0.38200002908706665, 6.7403364181518555, '2024-07-27 11:18:07', 4, 999)
pval: [0.38200003] -- 123th test, time elapsed 6.7403364181518555 -- emperical power so far (from test_start): 0.12195121951219512
db insert success
tensor(0.4378)
tensor(0.4378)
(124, 4, 0, 0.5, 29000, 'projchi', 'bitflip', 278.5975341796875, 0.1600000113248825, 6.739568710327148, '2024-07-27 11:18:27', 4, 999)
pval: [0.16000001] -- 124th test, time elapsed 6.739568710327148 -- emperical power so far (from test_start): 0.12096774193548387
db insert success
tensor(0.4378)
tensor(0.4378)
(125, 4, 0, 0.5, 29000, 'projchi', 'bitflip', 256.74359130859375, 0.453000009059906, 6.73823881149292, '2024-07-27 11:18:44', 4, 999)
pval: [0.45300001] -- 125th test, time elapsed 6.73823881149292 -- emperical power so far (from test_start): 0.12
db insert success
tensor(0.4378)
tensor(0.4378)
(126, 4, 0, 0.5, 29000, 'projchi', 'bitflip', 244.21946716308594, 0.6820000410079956, 6.737048149108887, '2024-07-27 11:18:59', 4, 999)
pval: [0.68200004] -- 126th test, time elapsed 6.737048149108887 -- emperical power so far (from test_start): 0.11904761904761904
db insert success
tensor(0.4378)
tensor(0.4378)
(127, 4, 0, 0.5, 29000, 'projchi', 'bitflip', 255.56784057617188, 0.48900002241134644, 6.7435314655303955, '2024-07-27 11:19:22', 4, 999)
pval: [0.48900002] -- 127th test, time elapsed 6.7435314655303955 -- emperical power so far (from test_start): 0.11811023622047244
db insert success
tensor(0.4378)
tensor(0.4378)
(128, 4, 0, 0.5, 29000, 'projchi', 'bitflip', 265.4848327636719, 0.33100003004074097, 6.764242172241211, '2024-07-27 11:19:39', 4, 999)
pval: [0.33100003] -- 128th test, time elapsed 6.764242172241211 -- emperical power so far (from test_start): 0.1171875
db insert success
tensor(0.4378)
tensor(0.4378)
(129, 4, 0, 0.5, 29000, 'projchi', 'bitflip', 239.77639770507812, 0.7710000276565552, 6.760084867477417, '2024-07-27 11:19:50', 4, 999)
pval: [0.77100003] -- 129th test, time elapsed 6.760084867477417 -- emperical power so far (from test_start): 0.11627906976744186
db insert success
tensor(0.4378)
tensor(0.4378)
(130, 4, 0, 0.5, 29000, 'projchi', 'bitflip', 236.62210083007812, 0.7690000534057617, 6.7520623207092285, '2024-07-27 11:20:03', 4, 999)
pval: [0.76900005] -- 130th test, time elapsed 6.7520623207092285 -- emperical power so far (from test_start): 0.11538461538461539
db insert success
tensor(0.4378)
tensor(0.4378)
(131, 4, 0, 0.5, 29000, 'projchi', 'bitflip', 263.65765380859375, 0.33400002121925354, 6.756980895996094, '2024-07-27 11:20:29', 4, 999)
pval: [0.33400002] -- 131th test, time elapsed 6.756980895996094 -- emperical power so far (from test_start): 0.11450381679389313
db insert success
tensor(0.4378)
tensor(0.4378)
(132, 4, 0, 0.5, 29000, 'projchi', 'bitflip', 284.9018249511719, 0.10400000214576721, 6.752804517745972, '2024-07-27 11:20:51', 4, 999)
pval: [0.104] -- 132th test, time elapsed 6.752804517745972 -- emperical power so far (from test_start): 0.11363636363636363
db insert success
tensor(0.4378)
tensor(0.4378)
(133, 4, 0, 0.5, 29000, 'projchi', 'bitflip', 245.27386474609375, 0.6580000519752502, 6.745574474334717, '2024-07-27 11:21:00', 4, 999)
pval: [0.65800005] -- 133th test, time elapsed 6.745574474334717 -- emperical power so far (from test_start): 0.11278195488721804
db insert success
tensor(0.4378)
tensor(0.4378)
(134, 4, 0, 0.5, 29000, 'projchi', 'bitflip', 272.2165832519531, 0.22300000488758087, 6.7521350383758545, '2024-07-27 11:21:18', 4, 999)
pval: [0.223] -- 134th test, time elapsed 6.7521350383758545 -- emperical power so far (from test_start): 0.11194029850746269
db insert success
tensor(0.4378)
tensor(0.4378)
(135, 4, 0, 0.5, 29000, 'projchi', 'bitflip', 319.7084655761719, 0.003000000026077032, 6.752830266952515, '2024-07-27 11:21:33', 4, 999)
pval: [0.003] -- 135th test, time elapsed 6.752830266952515 -- emperical power so far (from test_start): 0.11851851851851852
db insert success
tensor(0.4378)
tensor(0.4378)
(136, 4, 0, 0.5, 29000, 'projchi', 'bitflip', 257.61273193359375, 0.4540000259876251, 6.743912220001221, '2024-07-27 11:21:52', 4, 999)
pval: [0.45400003] -- 136th test, time elapsed 6.743912220001221 -- emperical power so far (from test_start): 0.11764705882352941
db insert success
tensor(0.4378)
tensor(0.4378)
(137, 4, 0, 0.5, 29000, 'projchi', 'bitflip', 267.2273864746094, 0.2770000100135803, 6.75351095199585, '2024-07-27 11:22:09', 4, 999)
pval: [0.27700001] -- 137th test, time elapsed 6.75351095199585 -- emperical power so far (from test_start): 0.11678832116788321
db insert success
tensor(0.4378)
tensor(0.4378)
(138, 4, 0, 0.5, 29000, 'projchi', 'bitflip', 256.8529357910156, 0.453000009059906, 6.751973390579224, '2024-07-27 11:22:27', 4, 999)
pval: [0.45300001] -- 138th test, time elapsed 6.751973390579224 -- emperical power so far (from test_start): 0.11594202898550725
db insert success
tensor(0.4378)
tensor(0.4378)
(139, 4, 0, 0.5, 29000, 'projchi', 'bitflip', 252.4945526123047, 0.5580000281333923, 6.753220796585083, '2024-07-27 11:22:39', 4, 999)
pval: [0.55800003] -- 139th test, time elapsed 6.753220796585083 -- emperical power so far (from test_start): 0.11510791366906475
db insert success
tensor(0.4378)
tensor(0.4378)
(140, 4, 0, 0.5, 29000, 'projchi', 'bitflip', 276.1286315917969, 0.18900001049041748, 6.84565806388855, '2024-07-27 11:23:02', 4, 999)
pval: [0.18900001] -- 140th test, time elapsed 6.84565806388855 -- emperical power so far (from test_start): 0.11428571428571428
db insert success
tensor(0.4378)
tensor(0.4378)
(141, 4, 0, 0.5, 29000, 'projchi', 'bitflip', 332.646728515625, 0.0020000000949949026, 7.104396104812622, '2024-07-27 11:23:17', 4, 999)
pval: [0.002] -- 141th test, time elapsed 7.104396104812622 -- emperical power so far (from test_start): 0.12056737588652482
db insert success
tensor(0.4378)
tensor(0.4378)
(142, 4, 0, 0.5, 29000, 'projchi', 'bitflip', 285.47845458984375, 0.07800000160932541, 7.09486198425293, '2024-07-27 11:23:43', 4, 999)
pval: [0.078] -- 142th test, time elapsed 7.09486198425293 -- emperical power so far (from test_start): 0.11971830985915492
db insert success
tensor(0.4378)
tensor(0.4378)
(143, 4, 0, 0.5, 29000, 'projchi', 'bitflip', 243.7044219970703, 0.7140000462532043, 7.105914831161499, '2024-07-27 11:23:52', 4, 999)
pval: [0.71400005] -- 143th test, time elapsed 7.105914831161499 -- emperical power so far (from test_start): 0.11888111888111888
db insert success
tensor(0.4378)
tensor(0.4378)
(144, 4, 0, 0.5, 29000, 'projchi', 'bitflip', 284.7308044433594, 0.0990000069141388, 6.768441677093506, '2024-07-27 11:24:07', 4, 999)
pval: [0.09900001] -- 144th test, time elapsed 6.768441677093506 -- emperical power so far (from test_start): 0.11805555555555555
db insert success
tensor(0.4378)
tensor(0.4378)
(145, 4, 0, 0.5, 29000, 'projchi', 'bitflip', 279.5686340332031, 0.1290000081062317, 6.749998092651367, '2024-07-27 11:24:26', 4, 999)
pval: [0.12900001] -- 145th test, time elapsed 6.749998092651367 -- emperical power so far (from test_start): 0.11724137931034483
db insert success
tensor(0.4378)
tensor(0.4378)
(146, 4, 0, 0.5, 29000, 'projchi', 'bitflip', 258.80938720703125, 0.44300001859664917, 6.753587245941162, '2024-07-27 11:24:49', 4, 999)
pval: [0.44300002] -- 146th test, time elapsed 6.753587245941162 -- emperical power so far (from test_start): 0.11643835616438356
db insert success
tensor(0.4378)
tensor(0.4378)
(147, 4, 0, 0.5, 29000, 'projchi', 'bitflip', 290.6061096191406, 0.06599999964237213, 6.7695417404174805, '2024-07-27 11:25:15', 4, 999)
pval: [0.066] -- 147th test, time elapsed 6.7695417404174805 -- emperical power so far (from test_start): 0.11564625850340136
db insert success
tensor(0.4378)
tensor(0.4378)
(148, 4, 0, 0.5, 29000, 'projchi', 'bitflip', 232.37969970703125, 0.8410000205039978, 6.755425691604614, '2024-07-27 11:25:23', 4, 999)
pval: [0.84100002] -- 148th test, time elapsed 6.755425691604614 -- emperical power so far (from test_start): 0.11486486486486487
db insert success
tensor(0.4378)
tensor(0.4378)
(149, 4, 0, 0.5, 29000, 'projchi', 'bitflip', 286.8617248535156, 0.08700000494718552, 6.749118089675903, '2024-07-27 11:25:38', 4, 999)
pval: [0.087] -- 149th test, time elapsed 6.749118089675903 -- emperical power so far (from test_start): 0.11409395973154363
db insert success
tensor(0.4378)
tensor(0.4378)
(150, 4, 0, 0.5, 29000, 'projchi', 'bitflip', 313.25579833984375, 0.010000000707805157, 6.732331991195679, '2024-07-27 11:25:51', 4, 999)
pval: [0.01] -- 150th test, time elapsed 6.732331991195679 -- emperical power so far (from test_start): 0.12
db insert success
tensor(0.4378)
tensor(0.4378)
(151, 4, 0, 0.5, 29000, 'projchi', 'bitflip', 255.03509521484375, 0.47700002789497375, 6.743786096572876, '2024-07-27 11:26:12', 4, 999)
pval: [0.47700003] -- 151th test, time elapsed 6.743786096572876 -- emperical power so far (from test_start): 0.11920529801324503
db insert success
tensor(0.4378)
tensor(0.4378)
(152, 4, 0, 0.5, 29000, 'projchi', 'bitflip', 219.9738006591797, 0.9430000185966492, 6.738584995269775, '2024-07-27 11:26:23', 4, 999)
pval: [0.94300002] -- 152th test, time elapsed 6.738584995269775 -- emperical power so far (from test_start): 0.11842105263157894
db insert success
tensor(0.4378)
tensor(0.4378)
(153, 4, 0, 0.5, 29000, 'projchi', 'bitflip', 240.07789611816406, 0.7380000352859497, 6.740901231765747, '2024-07-27 11:26:45', 4, 999)
pval: [0.73800004] -- 153th test, time elapsed 6.740901231765747 -- emperical power so far (from test_start): 0.11764705882352941
db insert success
tensor(0.4378)
tensor(0.4378)
(154, 4, 0, 0.5, 29000, 'projchi', 'bitflip', 249.73800659179688, 0.5730000138282776, 6.758720397949219, '2024-07-27 11:27:03', 4, 999)
pval: [0.57300001] -- 154th test, time elapsed 6.758720397949219 -- emperical power so far (from test_start): 0.11688311688311688
db insert success
tensor(0.4378)
tensor(0.4378)
(155, 4, 0, 0.5, 29000, 'projchi', 'bitflip', 294.0595703125, 0.05900000408291817, 6.764936685562134, '2024-07-27 11:27:19', 4, 999)
pval: [0.059] -- 155th test, time elapsed 6.764936685562134 -- emperical power so far (from test_start): 0.11612903225806452
db insert success
tensor(0.4378)
tensor(0.4378)
(156, 4, 0, 0.5, 29000, 'projchi', 'bitflip', 240.5972137451172, 0.737000048160553, 6.750509738922119, '2024-07-27 11:27:41', 4, 999)
pval: [0.73700005] -- 156th test, time elapsed 6.750509738922119 -- emperical power so far (from test_start): 0.11538461538461539
db insert success
tensor(0.4378)
tensor(0.4378)
(157, 4, 0, 0.5, 29000, 'projchi', 'bitflip', 251.43690490722656, 0.5570000410079956, 6.7678070068359375, '2024-07-27 11:27:56', 4, 999)
pval: [0.55700004] -- 157th test, time elapsed 6.7678070068359375 -- emperical power so far (from test_start): 0.11464968152866242
db insert success
tensor(0.4378)
tensor(0.4378)
(158, 4, 0, 0.5, 29000, 'projchi', 'bitflip', 242.45046997070312, 0.7070000171661377, 6.745784044265747, '2024-07-27 11:28:15', 4, 999)
pval: [0.70700002] -- 158th test, time elapsed 6.745784044265747 -- emperical power so far (from test_start): 0.11392405063291139
db insert success
tensor(0.4378)
tensor(0.4378)
(159, 4, 0, 0.5, 29000, 'projchi', 'bitflip', 287.95635986328125, 0.0690000057220459, 6.743415355682373, '2024-07-27 11:28:41', 4, 999)
pval: [0.06900001] -- 159th test, time elapsed 6.743415355682373 -- emperical power so far (from test_start): 0.11320754716981132
db insert success
tensor(0.4378)
tensor(0.4378)
(160, 4, 0, 0.5, 29000, 'projchi', 'bitflip', 253.76327514648438, 0.4910000264644623, 6.760554790496826, '2024-07-27 11:29:03', 4, 999)
pval: [0.49100003] -- 160th test, time elapsed 6.760554790496826 -- emperical power so far (from test_start): 0.1125
db insert success
tensor(0.4378)
tensor(0.4378)
(161, 4, 0, 0.5, 29000, 'projchi', 'bitflip', 273.06866455078125, 0.1900000125169754, 6.758570671081543, '2024-07-27 11:29:24', 4, 999)
pval: [0.19000001] -- 161th test, time elapsed 6.758570671081543 -- emperical power so far (from test_start): 0.11180124223602485
db insert success
tensor(0.4378)
tensor(0.4378)
(162, 4, 0, 0.5, 29000, 'projchi', 'bitflip', 293.7379150390625, 0.05100000277161598, 6.758110523223877, '2024-07-27 11:29:48', 4, 999)
pval: [0.051] -- 162th test, time elapsed 6.758110523223877 -- emperical power so far (from test_start): 0.1111111111111111
db insert success
tensor(0.4378)
tensor(0.4378)
(163, 4, 0, 0.5, 29000, 'projchi', 'bitflip', 261.00311279296875, 0.36100003123283386, 6.7447240352630615, '2024-07-27 11:29:56', 4, 999)
pval: [0.36100003] -- 163th test, time elapsed 6.7447240352630615 -- emperical power so far (from test_start): 0.11042944785276074
db insert success
tensor(0.4378)
tensor(0.4378)
(164, 4, 0, 0.5, 29000, 'projchi', 'bitflip', 300.32904052734375, 0.02800000086426735, 6.745689392089844, '2024-07-27 11:30:08', 4, 999)
pval: [0.028] -- 164th test, time elapsed 6.745689392089844 -- emperical power so far (from test_start): 0.11585365853658537
db insert success
tensor(0.4378)
tensor(0.4378)
(165, 4, 0, 0.5, 29000, 'projchi', 'bitflip', 245.41580200195312, 0.6730000376701355, 6.747202396392822, '2024-07-27 11:30:28', 4, 999)
pval: [0.67300004] -- 165th test, time elapsed 6.747202396392822 -- emperical power so far (from test_start): 0.11515151515151516
db insert success
tensor(0.4378)
tensor(0.4378)
(166, 4, 0, 0.5, 29000, 'projchi', 'bitflip', 266.8802795410156, 0.3240000009536743, 6.763354063034058, '2024-07-27 11:30:40', 4, 999)
pval: [0.324] -- 166th test, time elapsed 6.763354063034058 -- emperical power so far (from test_start): 0.1144578313253012
db insert success
tensor(0.4378)
tensor(0.4378)
(167, 4, 0, 0.5, 29000, 'projchi', 'bitflip', 245.66624450683594, 0.659000039100647, 6.762440919876099, '2024-07-27 11:30:58', 4, 999)
pval: [0.65900004] -- 167th test, time elapsed 6.762440919876099 -- emperical power so far (from test_start): 0.11377245508982035
db insert success
tensor(0.4378)
tensor(0.4378)
(168, 4, 0, 0.5, 29000, 'projchi', 'bitflip', 261.1003723144531, 0.4010000228881836, 6.753440856933594, '2024-07-27 11:31:19', 4, 999)
pval: [0.40100002] -- 168th test, time elapsed 6.753440856933594 -- emperical power so far (from test_start): 0.1130952380952381
db insert success
tensor(0.4378)
tensor(0.4378)
(169, 4, 0, 0.5, 29000, 'projchi', 'bitflip', 223.7970733642578, 0.9300000667572021, 6.734502077102661, '2024-07-27 11:31:32', 4, 999)
pval: [0.93000007] -- 169th test, time elapsed 6.734502077102661 -- emperical power so far (from test_start): 0.11242603550295859
db insert success
tensor(0.4378)
tensor(0.4378)
(170, 4, 0, 0.5, 29000, 'projchi', 'bitflip', 246.1734161376953, 0.6490000486373901, 6.7420408725738525, '2024-07-27 11:31:57', 4, 999)
pval: [0.64900005] -- 170th test, time elapsed 6.7420408725738525 -- emperical power so far (from test_start): 0.11176470588235295
db insert success
tensor(0.4378)
tensor(0.4378)
(171, 4, 0, 0.5, 29000, 'projchi', 'bitflip', 284.799560546875, 0.0950000062584877, 6.74492073059082, '2024-07-27 11:32:06', 4, 999)
pval: [0.09500001] -- 171th test, time elapsed 6.74492073059082 -- emperical power so far (from test_start): 0.1111111111111111
db insert success
tensor(0.4378)
tensor(0.4378)
(172, 4, 0, 0.5, 29000, 'projchi', 'bitflip', 288.5818786621094, 0.08300000429153442, 6.7519073486328125, '2024-07-27 11:32:22', 4, 999)
pval: [0.083] -- 172th test, time elapsed 6.7519073486328125 -- emperical power so far (from test_start): 0.11046511627906977
db insert success
tensor(0.4378)
tensor(0.4378)
(173, 4, 0, 0.5, 29000, 'projchi', 'bitflip', 266.4690246582031, 0.2939999997615814, 6.7649030685424805, '2024-07-27 11:32:48', 4, 999)
pval: [0.294] -- 173th test, time elapsed 6.7649030685424805 -- emperical power so far (from test_start): 0.10982658959537572
db insert success
tensor(0.4378)
tensor(0.4378)
(174, 4, 0, 0.5, 29000, 'projchi', 'bitflip', 282.779296875, 0.125, 6.750848770141602, '2024-07-27 11:33:05', 4, 999)
pval: [0.125] -- 174th test, time elapsed 6.750848770141602 -- emperical power so far (from test_start): 0.10919540229885058
db insert success
tensor(0.4378)
tensor(0.4378)
(175, 4, 0, 0.5, 29000, 'projchi', 'bitflip', 293.11187744140625, 0.04700000211596489, 6.753128290176392, '2024-07-27 11:33:30', 4, 999)
pval: [0.047] -- 175th test, time elapsed 6.753128290176392 -- emperical power so far (from test_start): 0.11428571428571428
db insert success
tensor(0.4378)
tensor(0.4378)
(176, 4, 0, 0.5, 29000, 'projchi', 'bitflip', 243.2294464111328, 0.703000009059906, 6.754969358444214, '2024-07-27 11:33:44', 4, 999)
pval: [0.70300001] -- 176th test, time elapsed 6.754969358444214 -- emperical power so far (from test_start): 0.11363636363636363
db insert success
tensor(0.4378)
tensor(0.4378)
(177, 4, 0, 0.5, 29000, 'projchi', 'bitflip', 233.07452392578125, 0.8390000462532043, 6.738987445831299, '2024-07-27 11:34:09', 4, 999)
pval: [0.83900005] -- 177th test, time elapsed 6.738987445831299 -- emperical power so far (from test_start): 0.11299435028248588
db insert success
tensor(0.4378)
tensor(0.4378)
(178, 4, 0, 0.5, 29000, 'projchi', 'bitflip', 263.04144287109375, 0.3400000035762787, 6.766855716705322, '2024-07-27 11:34:18', 4, 999)
pval: [0.34] -- 178th test, time elapsed 6.766855716705322 -- emperical power so far (from test_start): 0.11235955056179775
db insert success
tensor(0.4378)
tensor(0.4378)
(179, 4, 0, 0.5, 29000, 'projchi', 'bitflip', 259.5665283203125, 0.39500001072883606, 6.763673543930054, '2024-07-27 11:34:42', 4, 999)
pval: [0.39500001] -- 179th test, time elapsed 6.763673543930054 -- emperical power so far (from test_start): 0.11173184357541899
db insert success
tensor(0.4378)
tensor(0.4378)
(180, 4, 0, 0.5, 29000, 'projchi', 'bitflip', 268.49945068359375, 0.2630000114440918, 6.76028037071228, '2024-07-27 11:35:04', 4, 999)
pval: [0.26300001] -- 180th test, time elapsed 6.76028037071228 -- emperical power so far (from test_start): 0.1111111111111111
db insert success
tensor(0.4378)
tensor(0.4378)
(181, 4, 0, 0.5, 29000, 'projchi', 'bitflip', 266.7503356933594, 0.2639999985694885, 6.731011390686035, '2024-07-27 11:35:14', 4, 999)
pval: [0.264] -- 181th test, time elapsed 6.731011390686035 -- emperical power so far (from test_start): 0.11049723756906077
db insert success
tensor(0.4378)
tensor(0.4378)
(182, 4, 0, 0.5, 29000, 'projchi', 'bitflip', 235.84646606445312, 0.796000063419342, 6.745683193206787, '2024-07-27 11:35:23', 4, 999)
pval: [0.79600006] -- 182th test, time elapsed 6.745683193206787 -- emperical power so far (from test_start): 0.10989010989010989
db insert success
tensor(0.4378)
tensor(0.4378)
(183, 4, 0, 0.5, 29000, 'projchi', 'bitflip', 264.33026123046875, 0.33100003004074097, 6.753320217132568, '2024-07-27 11:35:31', 4, 999)
pval: [0.33100003] -- 183th test, time elapsed 6.753320217132568 -- emperical power so far (from test_start): 0.1092896174863388
db insert success
tensor(0.4378)
tensor(0.4378)
(184, 4, 0, 0.5, 29000, 'projchi', 'bitflip', 262.17840576171875, 0.36000001430511475, 6.721318006515503, '2024-07-27 11:35:56', 4, 999)
pval: [0.36000001] -- 184th test, time elapsed 6.721318006515503 -- emperical power so far (from test_start): 0.10869565217391304
db insert success
tensor(0.4378)
tensor(0.4378)
(185, 4, 0, 0.5, 29000, 'projchi', 'bitflip', 229.11477661132812, 0.8730000257492065, 6.762465715408325, '2024-07-27 11:36:15', 4, 999)
pval: [0.87300003] -- 185th test, time elapsed 6.762465715408325 -- emperical power so far (from test_start): 0.10810810810810811
db insert success
tensor(0.4378)
tensor(0.4378)
(186, 4, 0, 0.5, 29000, 'projchi', 'bitflip', 282.79638671875, 0.12400000542402267, 6.752894878387451, '2024-07-27 11:36:23', 4, 999)
pval: [0.12400001] -- 186th test, time elapsed 6.752894878387451 -- emperical power so far (from test_start): 0.10752688172043011
db insert success
tensor(0.4378)
tensor(0.4378)
(187, 4, 0, 0.5, 29000, 'projchi', 'bitflip', 269.0914001464844, 0.2670000195503235, 6.729334831237793, '2024-07-27 11:36:42', 4, 999)
pval: [0.26700002] -- 187th test, time elapsed 6.729334831237793 -- emperical power so far (from test_start): 0.10695187165775401
db insert success
tensor(0.4378)
tensor(0.4378)
(188, 4, 0, 0.5, 29000, 'projchi', 'bitflip', 255.6994171142578, 0.46400001645088196, 6.74422287940979, '2024-07-27 11:36:55', 4, 999)
pval: [0.46400002] -- 188th test, time elapsed 6.74422287940979 -- emperical power so far (from test_start): 0.10638297872340426
db insert success
tensor(0.4378)
tensor(0.4378)
(189, 4, 0, 0.5, 29000, 'projchi', 'bitflip', 250.74476623535156, 0.5630000233650208, 6.720759630203247, '2024-07-27 11:37:03', 4, 999)
pval: [0.56300002] -- 189th test, time elapsed 6.720759630203247 -- emperical power so far (from test_start): 0.10582010582010581
db insert success
tensor(0.4378)
tensor(0.4378)
(190, 4, 0, 0.5, 29000, 'projchi', 'bitflip', 238.11293029785156, 0.76500004529953, 6.737598419189453, '2024-07-27 11:37:14', 4, 999)
pval: [0.76500005] -- 190th test, time elapsed 6.737598419189453 -- emperical power so far (from test_start): 0.10526315789473684
db insert success
tensor(0.4378)
tensor(0.4378)
(191, 4, 0, 0.5, 29000, 'projchi', 'bitflip', 233.58493041992188, 0.8340000510215759, 6.744533538818359, '2024-07-27 11:37:24', 4, 999)
pval: [0.83400005] -- 191th test, time elapsed 6.744533538818359 -- emperical power so far (from test_start): 0.10471204188481675
db insert success
tensor(0.4378)
tensor(0.4378)
(192, 4, 0, 0.5, 29000, 'projchi', 'bitflip', 263.0542907714844, 0.3660000264644623, 6.733109474182129, '2024-07-27 11:37:36', 4, 999)
pval: [0.36600003] -- 192th test, time elapsed 6.733109474182129 -- emperical power so far (from test_start): 0.10416666666666667
db insert success
tensor(0.4378)
tensor(0.4378)
(193, 4, 0, 0.5, 29000, 'projchi', 'bitflip', 263.248046875, 0.37700000405311584, 6.743180990219116, '2024-07-27 11:37:45', 4, 999)
pval: [0.377] -- 193th test, time elapsed 6.743180990219116 -- emperical power so far (from test_start): 0.10362694300518134
db insert success
tensor(0.4378)
tensor(0.4378)
(194, 4, 0, 0.5, 29000, 'projchi', 'bitflip', 295.9938049316406, 0.05100000277161598, 6.74963116645813, '2024-07-27 11:38:02', 4, 999)
pval: [0.051] -- 194th test, time elapsed 6.74963116645813 -- emperical power so far (from test_start): 0.10309278350515463
db insert success
tensor(0.4378)
tensor(0.4378)
(195, 4, 0, 0.5, 29000, 'projchi', 'bitflip', 270.6057434082031, 0.2290000170469284, 6.755284786224365, '2024-07-27 11:38:27', 4, 999)
pval: [0.22900002] -- 195th test, time elapsed 6.755284786224365 -- emperical power so far (from test_start): 0.10256410256410256
db insert success
tensor(0.4378)
tensor(0.4378)
(196, 4, 0, 0.5, 29000, 'projchi', 'bitflip', 269.56060791015625, 0.2770000100135803, 6.754296064376831, '2024-07-27 11:38:38', 4, 999)
pval: [0.27700001] -- 196th test, time elapsed 6.754296064376831 -- emperical power so far (from test_start): 0.10204081632653061
db insert success
tensor(0.4378)
tensor(0.4378)
(197, 4, 0, 0.5, 29000, 'projchi', 'bitflip', 220.15538024902344, 0.956000030040741, 6.743770599365234, '2024-07-27 11:38:52', 4, 999)
pval: [0.95600003] -- 197th test, time elapsed 6.743770599365234 -- emperical power so far (from test_start): 0.10152284263959391
db insert success
tensor(0.4378)
tensor(0.4378)
(198, 4, 0, 0.5, 29000, 'projchi', 'bitflip', 304.60614013671875, 0.015000000596046448, 6.757971286773682, '2024-07-27 11:39:05', 4, 999)
pval: [0.015] -- 198th test, time elapsed 6.757971286773682 -- emperical power so far (from test_start): 0.10606060606060606
db insert success
tensor(0.4378)
tensor(0.4378)
(199, 4, 0, 0.5, 29000, 'projchi', 'bitflip', 290.9834289550781, 0.07500000298023224, 6.756423234939575, '2024-07-27 11:39:28', 4, 999)
pval: [0.075] -- 199th test, time elapsed 6.756423234939575 -- emperical power so far (from test_start): 0.10552763819095477
db insert success
tensor(0.4378)
tensor(0.4378)
(200, 4, 0, 0.5, 29000, 'projchi', 'bitflip', 252.91152954101562, 0.5370000004768372, 6.760417699813843, '2024-07-27 11:39:40', 4, 999)
pval: [0.537] -- 200th test, time elapsed 6.760417699813843 -- emperical power so far (from test_start): 0.105
db insert success
3364.323897123337
