bitflipprojchi, alpha=1, sample size=87000
#########################################
tensor(0.3775)
tensor(0.3775)
(1, 4, 0, 1, 87000, 'projchi', 'bitflip', 374.8533935546875, 0.0010000000474974513, 16.1177818775177, '2024-07-27 10:47:06', 4, 999)
pval: [0.001] -- 1th test, time elapsed 16.1177818775177 -- emperical power so far (from test_start): 1.0
db insert success
tensor(0.3775)
tensor(0.3775)
(2, 4, 0, 1, 87000, 'projchi', 'bitflip', 445.3678283691406, 0.0010000000474974513, 16.08119487762451, '2024-07-27 10:47:32', 4, 999)
pval: [0.001] -- 2th test, time elapsed 16.08119487762451 -- emperical power so far (from test_start): 1.0
db insert success
tensor(0.3775)
tensor(0.3775)
(3, 4, 0, 1, 87000, 'projchi', 'bitflip', 367.3404235839844, 0.0010000000474974513, 16.08990454673767, '2024-07-27 10:47:58', 4, 999)
pval: [0.001] -- 3th test, time elapsed 16.08990454673767 -- emperical power so far (from test_start): 1.0
db insert success
tensor(0.3775)
tensor(0.3775)
(4, 4, 0, 1, 87000, 'projchi', 'bitflip', 395.2348327636719, 0.0010000000474974513, 16.087437868118286, '2024-07-27 10:48:18', 4, 999)
pval: [0.001] -- 4th test, time elapsed 16.087437868118286 -- emperical power so far (from test_start): 1.0
db insert success
tensor(0.3775)
tensor(0.3775)
(5, 4, 0, 1, 87000, 'projchi', 'bitflip', 396.4410400390625, 0.0010000000474974513, 16.081862211227417, '2024-07-27 10:48:54', 4, 999)
pval: [0.001] -- 5th test, time elapsed 16.081862211227417 -- emperical power so far (from test_start): 1.0
db insert success
tensor(0.3775)
tensor(0.3775)
(6, 4, 0, 1, 87000, 'projchi', 'bitflip', 399.2598876953125, 0.0010000000474974513, 16.072017192840576, '2024-07-27 10:49:14', 4, 999)
pval: [0.001] -- 6th test, time elapsed 16.072017192840576 -- emperical power so far (from test_start): 1.0
db insert success
tensor(0.3775)
tensor(0.3775)
(7, 4, 0, 1, 87000, 'projchi', 'bitflip', 431.32916259765625, 0.0010000000474974513, 16.087379932403564, '2024-07-27 10:49:49', 4, 999)
pval: [0.001] -- 7th test, time elapsed 16.087379932403564 -- emperical power so far (from test_start): 1.0
db insert success
tensor(0.3775)
tensor(0.3775)
(8, 4, 0, 1, 87000, 'projchi', 'bitflip', 325.5830993652344, 0.0020000000949949026, 16.059885501861572, '2024-07-27 10:50:20', 4, 999)
pval: [0.002] -- 8th test, time elapsed 16.059885501861572 -- emperical power so far (from test_start): 1.0
db insert success
tensor(0.3775)
tensor(0.3775)
(9, 4, 0, 1, 87000, 'projchi', 'bitflip', 443.4674377441406, 0.0010000000474974513, 16.06082010269165, '2024-07-27 10:50:53', 4, 999)
pval: [0.001] -- 9th test, time elapsed 16.06082010269165 -- emperical power so far (from test_start): 1.0
db insert success
tensor(0.3775)
tensor(0.3775)
(10, 4, 0, 1, 87000, 'projchi', 'bitflip', 319.4294128417969, 0.006000000052154064, 16.077433109283447, '2024-07-27 10:51:19', 4, 999)
pval: [0.006] -- 10th test, time elapsed 16.077433109283447 -- emperical power so far (from test_start): 1.0
db insert success
tensor(0.3775)
tensor(0.3775)
(11, 4, 0, 1, 87000, 'projchi', 'bitflip', 390.4137268066406, 0.0010000000474974513, 16.0568106174469, '2024-07-27 10:51:45', 4, 999)
pval: [0.001] -- 11th test, time elapsed 16.0568106174469 -- emperical power so far (from test_start): 1.0
db insert success
tensor(0.3775)
tensor(0.3775)
(12, 4, 0, 1, 87000, 'projchi', 'bitflip', 403.89495849609375, 0.0010000000474974513, 16.054110765457153, '2024-07-27 10:52:17', 4, 999)
pval: [0.001] -- 12th test, time elapsed 16.054110765457153 -- emperical power so far (from test_start): 1.0
db insert success
tensor(0.3775)
tensor(0.3775)
(13, 4, 0, 1, 87000, 'projchi', 'bitflip', 375.1328430175781, 0.0010000000474974513, 16.055128574371338, '2024-07-27 10:52:49', 4, 999)
pval: [0.001] -- 13th test, time elapsed 16.055128574371338 -- emperical power so far (from test_start): 1.0
db insert success
tensor(0.3775)
tensor(0.3775)
(14, 4, 0, 1, 87000, 'projchi', 'bitflip', 364.54052734375, 0.0010000000474974513, 16.052022218704224, '2024-07-27 10:53:07', 4, 999)
pval: [0.001] -- 14th test, time elapsed 16.052022218704224 -- emperical power so far (from test_start): 1.0
db insert success
tensor(0.3775)
tensor(0.3775)
(15, 4, 0, 1, 87000, 'projchi', 'bitflip', 357.6893615722656, 0.0010000000474974513, 16.061611890792847, '2024-07-27 10:53:29', 4, 999)
pval: [0.001] -- 15th test, time elapsed 16.061611890792847 -- emperical power so far (from test_start): 1.0
db insert success
tensor(0.3775)
tensor(0.3775)
(16, 4, 0, 1, 87000, 'projchi', 'bitflip', 448.319580078125, 0.0010000000474974513, 16.059935808181763, '2024-07-27 10:54:02', 4, 999)
pval: [0.001] -- 16th test, time elapsed 16.059935808181763 -- emperical power so far (from test_start): 1.0
db insert success
tensor(0.3775)
tensor(0.3775)
(17, 4, 0, 1, 87000, 'projchi', 'bitflip', 425.3642578125, 0.0010000000474974513, 16.053751707077026, '2024-07-27 10:54:22', 4, 999)
pval: [0.001] -- 17th test, time elapsed 16.053751707077026 -- emperical power so far (from test_start): 1.0
db insert success
tensor(0.3775)
tensor(0.3775)
(18, 4, 0, 1, 87000, 'projchi', 'bitflip', 368.7846984863281, 0.0010000000474974513, 16.052120447158813, '2024-07-27 10:54:44', 4, 999)
pval: [0.001] -- 18th test, time elapsed 16.052120447158813 -- emperical power so far (from test_start): 1.0
db insert success
tensor(0.3775)
tensor(0.3775)
(19, 4, 0, 1, 87000, 'projchi', 'bitflip', 409.93060302734375, 0.0010000000474974513, 16.05862307548523, '2024-07-27 10:55:15', 4, 999)
pval: [0.001] -- 19th test, time elapsed 16.05862307548523 -- emperical power so far (from test_start): 1.0
db insert success
tensor(0.3775)
tensor(0.3775)
(20, 4, 0, 1, 87000, 'projchi', 'bitflip', 318.67535400390625, 0.005000000353902578, 16.06244969367981, '2024-07-27 10:55:50', 4, 999)
pval: [0.005] -- 20th test, time elapsed 16.06244969367981 -- emperical power so far (from test_start): 1.0
db insert success
tensor(0.3775)
tensor(0.3775)
(21, 4, 0, 1, 87000, 'projchi', 'bitflip', 379.9187316894531, 0.0010000000474974513, 16.062362670898438, '2024-07-27 10:56:16', 4, 999)
pval: [0.001] -- 21th test, time elapsed 16.062362670898438 -- emperical power so far (from test_start): 1.0
db insert success
tensor(0.3775)
tensor(0.3775)
(22, 4, 0, 1, 87000, 'projchi', 'bitflip', 411.5757751464844, 0.0010000000474974513, 16.04375171661377, '2024-07-27 10:56:48', 4, 999)
pval: [0.001] -- 22th test, time elapsed 16.04375171661377 -- emperical power so far (from test_start): 1.0
db insert success
tensor(0.3775)
tensor(0.3775)
(23, 4, 0, 1, 87000, 'projchi', 'bitflip', 378.63385009765625, 0.0010000000474974513, 16.057372570037842, '2024-07-27 10:57:15', 4, 999)
pval: [0.001] -- 23th test, time elapsed 16.057372570037842 -- emperical power so far (from test_start): 1.0
db insert success
tensor(0.3775)
tensor(0.3775)
(24, 4, 0, 1, 87000, 'projchi', 'bitflip', 385.9764709472656, 0.0010000000474974513, 16.06236696243286, '2024-07-27 10:57:42', 4, 999)
pval: [0.001] -- 24th test, time elapsed 16.06236696243286 -- emperical power so far (from test_start): 1.0
db insert success
tensor(0.3775)
tensor(0.3775)
(25, 4, 0, 1, 87000, 'projchi', 'bitflip', 360.5160827636719, 0.0010000000474974513, 16.079641342163086, '2024-07-27 10:58:08', 4, 999)
pval: [0.001] -- 25th test, time elapsed 16.079641342163086 -- emperical power so far (from test_start): 1.0
db insert success
tensor(0.3775)
tensor(0.3775)
(26, 4, 0, 1, 87000, 'projchi', 'bitflip', 356.22222900390625, 0.0010000000474974513, 16.07600426673889, '2024-07-27 10:58:26', 4, 999)
pval: [0.001] -- 26th test, time elapsed 16.07600426673889 -- emperical power so far (from test_start): 1.0
db insert success
tensor(0.3775)
tensor(0.3775)
(27, 4, 0, 1, 87000, 'projchi', 'bitflip', 366.2264099121094, 0.0010000000474974513, 16.064371824264526, '2024-07-27 10:59:01', 4, 999)
pval: [0.001] -- 27th test, time elapsed 16.064371824264526 -- emperical power so far (from test_start): 1.0
db insert success
tensor(0.3775)
tensor(0.3775)
(28, 4, 0, 1, 87000, 'projchi', 'bitflip', 431.4765625, 0.0010000000474974513, 16.077973127365112, '2024-07-27 10:59:21', 4, 999)
pval: [0.001] -- 28th test, time elapsed 16.077973127365112 -- emperical power so far (from test_start): 1.0
db insert success
tensor(0.3775)
tensor(0.3775)
(29, 4, 0, 1, 87000, 'projchi', 'bitflip', 430.9247131347656, 0.0010000000474974513, 16.084691524505615, '2024-07-27 10:59:53', 4, 999)
pval: [0.001] -- 29th test, time elapsed 16.084691524505615 -- emperical power so far (from test_start): 1.0
db insert success
tensor(0.3775)
tensor(0.3775)
(30, 4, 0, 1, 87000, 'projchi', 'bitflip', 351.94769287109375, 0.0010000000474974513, 16.089275598526, '2024-07-27 11:00:11', 4, 999)
pval: [0.001] -- 30th test, time elapsed 16.089275598526 -- emperical power so far (from test_start): 1.0
db insert success
tensor(0.3775)
tensor(0.3775)
(31, 4, 0, 1, 87000, 'projchi', 'bitflip', 419.1936340332031, 0.0010000000474974513, 16.072266817092896, '2024-07-27 11:00:29', 4, 999)
pval: [0.001] -- 31th test, time elapsed 16.072266817092896 -- emperical power so far (from test_start): 1.0
db insert success
tensor(0.3775)
tensor(0.3775)
(32, 4, 0, 1, 87000, 'projchi', 'bitflip', 407.79522705078125, 0.0010000000474974513, 16.06647753715515, '2024-07-27 11:01:05', 4, 999)
pval: [0.001] -- 32th test, time elapsed 16.06647753715515 -- emperical power so far (from test_start): 1.0
db insert success
tensor(0.3775)
tensor(0.3775)
(33, 4, 0, 1, 87000, 'projchi', 'bitflip', 391.5064392089844, 0.0010000000474974513, 16.057379961013794, '2024-07-27 11:01:27', 4, 999)
pval: [0.001] -- 33th test, time elapsed 16.057379961013794 -- emperical power so far (from test_start): 1.0
db insert success
tensor(0.3775)
tensor(0.3775)
(34, 4, 0, 1, 87000, 'projchi', 'bitflip', 393.846923828125, 0.0010000000474974513, 16.06916356086731, '2024-07-27 11:01:47', 4, 999)
pval: [0.001] -- 34th test, time elapsed 16.06916356086731 -- emperical power so far (from test_start): 1.0
db insert success
tensor(0.3775)
tensor(0.3775)
(35, 4, 0, 1, 87000, 'projchi', 'bitflip', 389.42291259765625, 0.0010000000474974513, 16.07248091697693, '2024-07-27 11:02:06', 4, 999)
pval: [0.001] -- 35th test, time elapsed 16.07248091697693 -- emperical power so far (from test_start): 1.0
db insert success
tensor(0.3775)
tensor(0.3775)
(36, 4, 0, 1, 87000, 'projchi', 'bitflip', 393.698486328125, 0.0010000000474974513, 16.075565099716187, '2024-07-27 11:02:33', 4, 999)
pval: [0.001] -- 36th test, time elapsed 16.075565099716187 -- emperical power so far (from test_start): 1.0
db insert success
tensor(0.3775)
tensor(0.3775)
(37, 4, 0, 1, 87000, 'projchi', 'bitflip', 413.7383728027344, 0.0010000000474974513, 16.067013263702393, '2024-07-27 11:02:58', 4, 999)
pval: [0.001] -- 37th test, time elapsed 16.067013263702393 -- emperical power so far (from test_start): 1.0
db insert success
tensor(0.3775)
tensor(0.3775)
(38, 4, 0, 1, 87000, 'projchi', 'bitflip', 422.5998229980469, 0.0010000000474974513, 16.077322006225586, '2024-07-27 11:03:25', 4, 999)
pval: [0.001] -- 38th test, time elapsed 16.077322006225586 -- emperical power so far (from test_start): 1.0
db insert success
tensor(0.3775)
tensor(0.3775)
(39, 4, 0, 1, 87000, 'projchi', 'bitflip', 452.94842529296875, 0.0010000000474974513, 16.081307411193848, '2024-07-27 11:03:56', 4, 999)
pval: [0.001] -- 39th test, time elapsed 16.081307411193848 -- emperical power so far (from test_start): 1.0
db insert success
tensor(0.3775)
tensor(0.3775)
(40, 4, 0, 1, 87000, 'projchi', 'bitflip', 449.9466857910156, 0.0010000000474974513, 16.066800117492676, '2024-07-27 11:04:15', 4, 999)
pval: [0.001] -- 40th test, time elapsed 16.066800117492676 -- emperical power so far (from test_start): 1.0
db insert success
tensor(0.3775)
tensor(0.3775)
(41, 4, 0, 1, 87000, 'projchi', 'bitflip', 409.6298828125, 0.0010000000474974513, 16.055832386016846, '2024-07-27 11:04:45', 4, 999)
pval: [0.001] -- 41th test, time elapsed 16.055832386016846 -- emperical power so far (from test_start): 1.0
db insert success
tensor(0.3775)
tensor(0.3775)
(42, 4, 0, 1, 87000, 'projchi', 'bitflip', 350.9725036621094, 0.0010000000474974513, 16.071786403656006, '2024-07-27 11:05:12', 4, 999)
pval: [0.001] -- 42th test, time elapsed 16.071786403656006 -- emperical power so far (from test_start): 1.0
db insert success
tensor(0.3775)
tensor(0.3775)
(43, 4, 0, 1, 87000, 'projchi', 'bitflip', 380.6405029296875, 0.0010000000474974513, 16.064897060394287, '2024-07-27 11:05:30', 4, 999)
pval: [0.001] -- 43th test, time elapsed 16.064897060394287 -- emperical power so far (from test_start): 1.0
db insert success
tensor(0.3775)
tensor(0.3775)
(44, 4, 0, 1, 87000, 'projchi', 'bitflip', 396.8812255859375, 0.0010000000474974513, 16.077636241912842, '2024-07-27 11:06:06', 4, 999)
pval: [0.001] -- 44th test, time elapsed 16.077636241912842 -- emperical power so far (from test_start): 1.0
db insert success
tensor(0.3775)
tensor(0.3775)
(45, 4, 0, 1, 87000, 'projchi', 'bitflip', 439.065673828125, 0.0010000000474974513, 16.064415454864502, '2024-07-27 11:06:30', 4, 999)
pval: [0.001] -- 45th test, time elapsed 16.064415454864502 -- emperical power so far (from test_start): 1.0
db insert success
tensor(0.3775)
tensor(0.3775)
(46, 4, 0, 1, 87000, 'projchi', 'bitflip', 379.0834655761719, 0.0010000000474974513, 16.060303926467896, '2024-07-27 11:06:48', 4, 999)
pval: [0.001] -- 46th test, time elapsed 16.060303926467896 -- emperical power so far (from test_start): 1.0
db insert success
tensor(0.3775)
tensor(0.3775)
(47, 4, 0, 1, 87000, 'projchi', 'bitflip', 404.862548828125, 0.0010000000474974513, 16.05057406425476, '2024-07-27 11:07:10', 4, 999)
pval: [0.001] -- 47th test, time elapsed 16.05057406425476 -- emperical power so far (from test_start): 1.0
db insert success
tensor(0.3775)
tensor(0.3775)
(48, 4, 0, 1, 87000, 'projchi', 'bitflip', 402.7098083496094, 0.0010000000474974513, 16.06331968307495, '2024-07-27 11:07:28', 4, 999)
pval: [0.001] -- 48th test, time elapsed 16.06331968307495 -- emperical power so far (from test_start): 1.0
db insert success
tensor(0.3775)
tensor(0.3775)
(49, 4, 0, 1, 87000, 'projchi', 'bitflip', 458.98736572265625, 0.0010000000474974513, 16.070796251296997, '2024-07-27 11:08:03', 4, 999)
pval: [0.001] -- 49th test, time elapsed 16.070796251296997 -- emperical power so far (from test_start): 1.0
db insert success
tensor(0.3775)
tensor(0.3775)
(50, 4, 0, 1, 87000, 'projchi', 'bitflip', 370.4352111816406, 0.0010000000474974513, 16.07849907875061, '2024-07-27 11:08:31', 4, 999)
pval: [0.001] -- 50th test, time elapsed 16.07849907875061 -- emperical power so far (from test_start): 1.0
db insert success
tensor(0.3775)
tensor(0.3775)
(51, 4, 0, 1, 87000, 'projchi', 'bitflip', 383.7266845703125, 0.0010000000474974513, 16.087225914001465, '2024-07-27 11:08:54', 4, 999)
pval: [0.001] -- 51th test, time elapsed 16.087225914001465 -- emperical power so far (from test_start): 1.0
db insert success
tensor(0.3775)
tensor(0.3775)
(52, 4, 0, 1, 87000, 'projchi', 'bitflip', 400.97247314453125, 0.0010000000474974513, 16.087538480758667, '2024-07-27 11:09:30', 4, 999)
pval: [0.001] -- 52th test, time elapsed 16.087538480758667 -- emperical power so far (from test_start): 1.0
db insert success
tensor(0.3775)
tensor(0.3775)
(53, 4, 0, 1, 87000, 'projchi', 'bitflip', 316.7790832519531, 0.004000000189989805, 16.089603662490845, '2024-07-27 11:09:57', 4, 999)
pval: [0.004] -- 53th test, time elapsed 16.089603662490845 -- emperical power so far (from test_start): 1.0
db insert success
tensor(0.3775)
tensor(0.3775)
(54, 4, 0, 1, 87000, 'projchi', 'bitflip', 425.5249328613281, 0.0010000000474974513, 16.064614295959473, '2024-07-27 11:10:21', 4, 999)
pval: [0.001] -- 54th test, time elapsed 16.064614295959473 -- emperical power so far (from test_start): 1.0
db insert success
tensor(0.3775)
tensor(0.3775)
(55, 4, 0, 1, 87000, 'projchi', 'bitflip', 418.46148681640625, 0.0010000000474974513, 16.052457332611084, '2024-07-27 11:10:52', 4, 999)
pval: [0.001] -- 55th test, time elapsed 16.052457332611084 -- emperical power so far (from test_start): 1.0
db insert success
tensor(0.3775)
tensor(0.3775)
(56, 4, 0, 1, 87000, 'projchi', 'bitflip', 361.9544372558594, 0.0010000000474974513, 16.061980485916138, '2024-07-27 11:11:11', 4, 999)
pval: [0.001] -- 56th test, time elapsed 16.061980485916138 -- emperical power so far (from test_start): 1.0
db insert success
tensor(0.3775)
tensor(0.3775)
(57, 4, 0, 1, 87000, 'projchi', 'bitflip', 459.1612548828125, 0.0010000000474974513, 16.080131769180298, '2024-07-27 11:11:29', 4, 999)
pval: [0.001] -- 57th test, time elapsed 16.080131769180298 -- emperical power so far (from test_start): 1.0
db insert success
tensor(0.3775)
tensor(0.3775)
(58, 4, 0, 1, 87000, 'projchi', 'bitflip', 411.786865234375, 0.0010000000474974513, 16.079638957977295, '2024-07-27 11:11:54', 4, 999)
pval: [0.001] -- 58th test, time elapsed 16.079638957977295 -- emperical power so far (from test_start): 1.0
db insert success
tensor(0.3775)
tensor(0.3775)
(59, 4, 0, 1, 87000, 'projchi', 'bitflip', 402.9187316894531, 0.0010000000474974513, 16.077722549438477, '2024-07-27 11:12:26', 4, 999)
pval: [0.001] -- 59th test, time elapsed 16.077722549438477 -- emperical power so far (from test_start): 1.0
db insert success
tensor(0.3775)
tensor(0.3775)
(60, 4, 0, 1, 87000, 'projchi', 'bitflip', 427.64361572265625, 0.0010000000474974513, 16.082571029663086, '2024-07-27 11:12:45', 4, 999)
pval: [0.001] -- 60th test, time elapsed 16.082571029663086 -- emperical power so far (from test_start): 1.0
db insert success
tensor(0.3775)
tensor(0.3775)
(61, 4, 0, 1, 87000, 'projchi', 'bitflip', 342.9432678222656, 0.0010000000474974513, 16.05499267578125, '2024-07-27 11:13:04', 4, 999)
pval: [0.001] -- 61th test, time elapsed 16.05499267578125 -- emperical power so far (from test_start): 1.0
db insert success
tensor(0.3775)
tensor(0.3775)
(62, 4, 0, 1, 87000, 'projchi', 'bitflip', 426.3929748535156, 0.0010000000474974513, 16.083304166793823, '2024-07-27 11:13:29', 4, 999)
pval: [0.001] -- 62th test, time elapsed 16.083304166793823 -- emperical power so far (from test_start): 1.0
db insert success
tensor(0.3775)
tensor(0.3775)
(63, 4, 0, 1, 87000, 'projchi', 'bitflip', 375.6046142578125, 0.0010000000474974513, 16.078059911727905, '2024-07-27 11:13:50', 4, 999)
pval: [0.001] -- 63th test, time elapsed 16.078059911727905 -- emperical power so far (from test_start): 1.0
db insert success
tensor(0.3775)
tensor(0.3775)
(64, 4, 0, 1, 87000, 'projchi', 'bitflip', 350.98980712890625, 0.0010000000474974513, 16.087885856628418, '2024-07-27 11:14:14', 4, 999)
pval: [0.001] -- 64th test, time elapsed 16.087885856628418 -- emperical power so far (from test_start): 1.0
db insert success
tensor(0.3775)
tensor(0.3775)
(65, 4, 0, 1, 87000, 'projchi', 'bitflip', 392.0699462890625, 0.0010000000474974513, 16.073441743850708, '2024-07-27 11:14:45', 4, 999)
pval: [0.001] -- 65th test, time elapsed 16.073441743850708 -- emperical power so far (from test_start): 1.0
db insert success
tensor(0.3775)
tensor(0.3775)
(66, 4, 0, 1, 87000, 'projchi', 'bitflip', 437.45654296875, 0.0010000000474974513, 16.134122133255005, '2024-07-27 11:15:16', 4, 999)
pval: [0.001] -- 66th test, time elapsed 16.134122133255005 -- emperical power so far (from test_start): 1.0
db insert success
tensor(0.3775)
tensor(0.3775)
(67, 4, 0, 1, 87000, 'projchi', 'bitflip', 389.368896484375, 0.0010000000474974513, 16.469282627105713, '2024-07-27 11:15:40', 4, 999)
pval: [0.001] -- 67th test, time elapsed 16.469282627105713 -- emperical power so far (from test_start): 1.0
db insert success
tensor(0.3775)
tensor(0.3775)
(68, 4, 0, 1, 87000, 'projchi', 'bitflip', 397.9717712402344, 0.0010000000474974513, 16.461259841918945, '2024-07-27 11:16:00', 4, 999)
pval: [0.001] -- 68th test, time elapsed 16.461259841918945 -- emperical power so far (from test_start): 1.0
db insert success
tensor(0.3775)
tensor(0.3775)
(69, 4, 0, 1, 87000, 'projchi', 'bitflip', 357.6117248535156, 0.0010000000474974513, 16.455776691436768, '2024-07-27 11:16:35', 4, 999)
pval: [0.001] -- 69th test, time elapsed 16.455776691436768 -- emperical power so far (from test_start): 1.0
db insert success
tensor(0.3775)
tensor(0.3775)
(70, 4, 0, 1, 87000, 'projchi', 'bitflip', 401.0478210449219, 0.0010000000474974513, 16.45355534553528, '2024-07-27 11:16:56', 4, 999)
pval: [0.001] -- 70th test, time elapsed 16.45355534553528 -- emperical power so far (from test_start): 1.0
db insert success
tensor(0.3775)
tensor(0.3775)
(71, 4, 0, 1, 87000, 'projchi', 'bitflip', 372.87530517578125, 0.0010000000474974513, 16.473398447036743, '2024-07-27 11:17:27', 4, 999)
pval: [0.001] -- 71th test, time elapsed 16.473398447036743 -- emperical power so far (from test_start): 1.0
db insert success
tensor(0.3775)
tensor(0.3775)
(72, 4, 0, 1, 87000, 'projchi', 'bitflip', 445.769287109375, 0.0010000000474974513, 16.48021173477173, '2024-07-27 11:17:58', 4, 999)
pval: [0.001] -- 72th test, time elapsed 16.48021173477173 -- emperical power so far (from test_start): 1.0
db insert success
tensor(0.3775)
tensor(0.3775)
(73, 4, 0, 1, 87000, 'projchi', 'bitflip', 358.509521484375, 0.0010000000474974513, 16.468225717544556, '2024-07-27 11:18:34', 4, 999)
pval: [0.001] -- 73th test, time elapsed 16.468225717544556 -- emperical power so far (from test_start): 1.0
db insert success
tensor(0.3775)
tensor(0.3775)
(74, 4, 0, 1, 87000, 'projchi', 'bitflip', 388.2378234863281, 0.0010000000474974513, 16.45757555961609, '2024-07-27 11:18:57', 4, 999)
pval: [0.001] -- 74th test, time elapsed 16.45757555961609 -- emperical power so far (from test_start): 1.0
db insert success
tensor(0.3775)
tensor(0.3775)
(75, 4, 0, 1, 87000, 'projchi', 'bitflip', 442.4395446777344, 0.0010000000474974513, 16.470738887786865, '2024-07-27 11:19:15', 4, 999)
pval: [0.001] -- 75th test, time elapsed 16.470738887786865 -- emperical power so far (from test_start): 1.0
db insert success
tensor(0.3775)
tensor(0.3775)
(76, 4, 0, 1, 87000, 'projchi', 'bitflip', 358.3647766113281, 0.0010000000474974513, 16.46664333343506, '2024-07-27 11:19:41', 4, 999)
pval: [0.001] -- 76th test, time elapsed 16.46664333343506 -- emperical power so far (from test_start): 1.0
db insert success
tensor(0.3775)
tensor(0.3775)
(77, 4, 0, 1, 87000, 'projchi', 'bitflip', 348.81427001953125, 0.0010000000474974513, 16.456599473953247, '2024-07-27 11:20:18', 4, 999)
pval: [0.001] -- 77th test, time elapsed 16.456599473953247 -- emperical power so far (from test_start): 1.0
db insert success
tensor(0.3775)
tensor(0.3775)
(78, 4, 0, 1, 87000, 'projchi', 'bitflip', 325.04278564453125, 0.004000000189989805, 16.44944190979004, '2024-07-27 11:20:47', 4, 999)
pval: [0.004] -- 78th test, time elapsed 16.44944190979004 -- emperical power so far (from test_start): 1.0
db insert success
tensor(0.3775)
tensor(0.3775)
(79, 4, 0, 1, 87000, 'projchi', 'bitflip', 441.9788818359375, 0.0010000000474974513, 16.518495798110962, '2024-07-27 11:21:18', 4, 999)
pval: [0.001] -- 79th test, time elapsed 16.518495798110962 -- emperical power so far (from test_start): 1.0
db insert success
tensor(0.3775)
tensor(0.3775)
(80, 4, 0, 1, 87000, 'projchi', 'bitflip', 394.4036865234375, 0.0010000000474974513, 16.454700708389282, '2024-07-27 11:21:54', 4, 999)
pval: [0.001] -- 80th test, time elapsed 16.454700708389282 -- emperical power so far (from test_start): 1.0
db insert success
tensor(0.3775)
tensor(0.3775)
(81, 4, 0, 1, 87000, 'projchi', 'bitflip', 420.3873291015625, 0.0010000000474974513, 16.482675552368164, '2024-07-27 11:22:15', 4, 999)
pval: [0.001] -- 81th test, time elapsed 16.482675552368164 -- emperical power so far (from test_start): 1.0
db insert success
tensor(0.3775)
tensor(0.3775)
(82, 4, 0, 1, 87000, 'projchi', 'bitflip', 383.261474609375, 0.0010000000474974513, 16.47715950012207, '2024-07-27 11:22:44', 4, 999)
pval: [0.001] -- 82th test, time elapsed 16.47715950012207 -- emperical power so far (from test_start): 1.0
db insert success
tensor(0.3775)
tensor(0.3775)
(83, 4, 0, 1, 87000, 'projchi', 'bitflip', 400.71673583984375, 0.0010000000474974513, 16.49152970314026, '2024-07-27 11:23:02', 4, 999)
pval: [0.001] -- 83th test, time elapsed 16.49152970314026 -- emperical power so far (from test_start): 1.0
db insert success
tensor(0.3775)
tensor(0.3775)
(84, 4, 0, 1, 87000, 'projchi', 'bitflip', 406.1369323730469, 0.0010000000474974513, 16.478663206100464, '2024-07-27 11:23:24', 4, 999)
pval: [0.001] -- 84th test, time elapsed 16.478663206100464 -- emperical power so far (from test_start): 1.0
db insert success
tensor(0.3775)
tensor(0.3775)
(85, 4, 0, 1, 87000, 'projchi', 'bitflip', 393.93414306640625, 0.0010000000474974513, 16.46638035774231, '2024-07-27 11:24:00', 4, 999)
pval: [0.001] -- 85th test, time elapsed 16.46638035774231 -- emperical power so far (from test_start): 1.0
db insert success
tensor(0.3775)
tensor(0.3775)
(86, 4, 0, 1, 87000, 'projchi', 'bitflip', 422.744873046875, 0.0010000000474974513, 16.46871519088745, '2024-07-27 11:24:37', 4, 999)
pval: [0.001] -- 86th test, time elapsed 16.46871519088745 -- emperical power so far (from test_start): 1.0
db insert success
tensor(0.3775)
tensor(0.3775)
(87, 4, 0, 1, 87000, 'projchi', 'bitflip', 396.82330322265625, 0.0010000000474974513, 16.51504611968994, '2024-07-27 11:25:10', 4, 999)
pval: [0.001] -- 87th test, time elapsed 16.51504611968994 -- emperical power so far (from test_start): 1.0
db insert success
tensor(0.3775)
tensor(0.3775)
(88, 4, 0, 1, 87000, 'projchi', 'bitflip', 361.6857604980469, 0.0010000000474974513, 16.464351654052734, '2024-07-27 11:25:43', 4, 999)
pval: [0.001] -- 88th test, time elapsed 16.464351654052734 -- emperical power so far (from test_start): 1.0
db insert success
tensor(0.3775)
tensor(0.3775)
(89, 4, 0, 1, 87000, 'projchi', 'bitflip', 416.442626953125, 0.0010000000474974513, 16.459688901901245, '2024-07-27 11:26:08', 4, 999)
pval: [0.001] -- 89th test, time elapsed 16.459688901901245 -- emperical power so far (from test_start): 1.0
db insert success
tensor(0.3775)
tensor(0.3775)
(90, 4, 0, 1, 87000, 'projchi', 'bitflip', 358.0762634277344, 0.0010000000474974513, 16.49452829360962, '2024-07-27 11:26:40', 4, 999)
pval: [0.001] -- 90th test, time elapsed 16.49452829360962 -- emperical power so far (from test_start): 1.0
db insert success
tensor(0.3775)
tensor(0.3775)
(91, 4, 0, 1, 87000, 'projchi', 'bitflip', 375.57940673828125, 0.0010000000474974513, 16.474040269851685, '2024-07-27 11:27:12', 4, 999)
pval: [0.001] -- 91th test, time elapsed 16.474040269851685 -- emperical power so far (from test_start): 1.0
db insert success
tensor(0.3775)
tensor(0.3775)
(92, 4, 0, 1, 87000, 'projchi', 'bitflip', 357.1528015136719, 0.0010000000474974513, 16.474512577056885, '2024-07-27 11:27:32', 4, 999)
pval: [0.001] -- 92th test, time elapsed 16.474512577056885 -- emperical power so far (from test_start): 1.0
db insert success
tensor(0.3775)
tensor(0.3775)
(93, 4, 0, 1, 87000, 'projchi', 'bitflip', 405.1395263671875, 0.0010000000474974513, 16.459534168243408, '2024-07-27 11:28:02', 4, 999)
pval: [0.001] -- 93th test, time elapsed 16.459534168243408 -- emperical power so far (from test_start): 1.0
db insert success
tensor(0.3775)
tensor(0.3775)
(94, 4, 0, 1, 87000, 'projchi', 'bitflip', 393.10760498046875, 0.0010000000474974513, 16.454984664916992, '2024-07-27 11:28:20', 4, 999)
pval: [0.001] -- 94th test, time elapsed 16.454984664916992 -- emperical power so far (from test_start): 1.0
db insert success
tensor(0.3775)
tensor(0.3775)
(95, 4, 0, 1, 87000, 'projchi', 'bitflip', 392.5062255859375, 0.0010000000474974513, 16.44884419441223, '2024-07-27 11:28:44', 4, 999)
pval: [0.001] -- 95th test, time elapsed 16.44884419441223 -- emperical power so far (from test_start): 1.0
db insert success
tensor(0.3775)
tensor(0.3775)
(96, 4, 0, 1, 87000, 'projchi', 'bitflip', 363.255859375, 0.0010000000474974513, 16.494401216506958, '2024-07-27 11:29:09', 4, 999)
pval: [0.001] -- 96th test, time elapsed 16.494401216506958 -- emperical power so far (from test_start): 1.0
db insert success
tensor(0.3775)
tensor(0.3775)
(97, 4, 0, 1, 87000, 'projchi', 'bitflip', 381.16522216796875, 0.0010000000474974513, 16.46832585334778, '2024-07-27 11:29:36', 4, 999)
pval: [0.001] -- 97th test, time elapsed 16.46832585334778 -- emperical power so far (from test_start): 1.0
db insert success
tensor(0.3775)
tensor(0.3775)
(98, 4, 0, 1, 87000, 'projchi', 'bitflip', 362.8961181640625, 0.0010000000474974513, 16.498273372650146, '2024-07-27 11:30:05', 4, 999)
pval: [0.001] -- 98th test, time elapsed 16.498273372650146 -- emperical power so far (from test_start): 1.0
db insert success
tensor(0.3775)
tensor(0.3775)
(99, 4, 0, 1, 87000, 'projchi', 'bitflip', 312.9674072265625, 0.009000000543892384, 16.478742837905884, '2024-07-27 11:30:22', 4, 999)
pval: [0.009] -- 99th test, time elapsed 16.478742837905884 -- emperical power so far (from test_start): 1.0
db insert success
tensor(0.3775)
tensor(0.3775)
(100, 4, 0, 1, 87000, 'projchi', 'bitflip', 364.6509094238281, 0.0010000000474974513, 16.470687866210938, '2024-07-27 11:30:42', 4, 999)
pval: [0.001] -- 100th test, time elapsed 16.470687866210938 -- emperical power so far (from test_start): 1.0
db insert success
tensor(0.3775)
tensor(0.3775)
(101, 4, 0, 1, 87000, 'projchi', 'bitflip', 356.51141357421875, 0.0010000000474974513, 16.469050884246826, '2024-07-27 11:31:15', 4, 999)
pval: [0.001] -- 101th test, time elapsed 16.469050884246826 -- emperical power so far (from test_start): 1.0
db insert success
tensor(0.3775)
tensor(0.3775)
(102, 4, 0, 1, 87000, 'projchi', 'bitflip', 328.85479736328125, 0.0020000000949949026, 16.47314429283142, '2024-07-27 11:31:35', 4, 999)
pval: [0.002] -- 102th test, time elapsed 16.47314429283142 -- emperical power so far (from test_start): 1.0
db insert success
tensor(0.3775)
tensor(0.3775)
(103, 4, 0, 1, 87000, 'projchi', 'bitflip', 438.11297607421875, 0.0010000000474974513, 16.48008370399475, '2024-07-27 11:32:07', 4, 999)
pval: [0.001] -- 103th test, time elapsed 16.48008370399475 -- emperical power so far (from test_start): 1.0
db insert success
tensor(0.3775)
tensor(0.3775)
(104, 4, 0, 1, 87000, 'projchi', 'bitflip', 398.0871276855469, 0.0010000000474974513, 16.462695360183716, '2024-07-27 11:32:27', 4, 999)
pval: [0.001] -- 104th test, time elapsed 16.462695360183716 -- emperical power so far (from test_start): 1.0
db insert success
tensor(0.3775)
tensor(0.3775)
(105, 4, 0, 1, 87000, 'projchi', 'bitflip', 352.2545166015625, 0.0010000000474974513, 16.49088740348816, '2024-07-27 11:33:04', 4, 999)
pval: [0.001] -- 105th test, time elapsed 16.49088740348816 -- emperical power so far (from test_start): 1.0
db insert success
tensor(0.3775)
tensor(0.3775)
(106, 4, 0, 1, 87000, 'projchi', 'bitflip', 364.6257019042969, 0.0010000000474974513, 16.471556901931763, '2024-07-27 11:33:33', 4, 999)
pval: [0.001] -- 106th test, time elapsed 16.471556901931763 -- emperical power so far (from test_start): 1.0
db insert success
tensor(0.3775)
tensor(0.3775)
(107, 4, 0, 1, 87000, 'projchi', 'bitflip', 411.96197509765625, 0.0010000000474974513, 16.48702383041382, '2024-07-27 11:33:54', 4, 999)
pval: [0.001] -- 107th test, time elapsed 16.48702383041382 -- emperical power so far (from test_start): 1.0
db insert success
tensor(0.3775)
tensor(0.3775)
(108, 4, 0, 1, 87000, 'projchi', 'bitflip', 352.8744812011719, 0.0010000000474974513, 16.47289729118347, '2024-07-27 11:34:25', 4, 999)
pval: [0.001] -- 108th test, time elapsed 16.47289729118347 -- emperical power so far (from test_start): 1.0
db insert success
tensor(0.3775)
tensor(0.3775)
(109, 4, 0, 1, 87000, 'projchi', 'bitflip', 316.1180419921875, 0.00800000037997961, 16.459328413009644, '2024-07-27 11:34:47', 4, 999)
pval: [0.008] -- 109th test, time elapsed 16.459328413009644 -- emperical power so far (from test_start): 1.0
db insert success
tensor(0.3775)
tensor(0.3775)
(110, 4, 0, 1, 87000, 'projchi', 'bitflip', 369.9942321777344, 0.0010000000474974513, 16.47150230407715, '2024-07-27 11:35:07', 4, 999)
pval: [0.001] -- 110th test, time elapsed 16.47150230407715 -- emperical power so far (from test_start): 1.0
db insert success
tensor(0.3775)
tensor(0.3775)
(111, 4, 0, 1, 87000, 'projchi', 'bitflip', 398.3116760253906, 0.0010000000474974513, 16.485649585723877, '2024-07-27 11:35:43', 4, 999)
pval: [0.001] -- 111th test, time elapsed 16.485649585723877 -- emperical power so far (from test_start): 1.0
db insert success
tensor(0.3775)
tensor(0.3775)
(112, 4, 0, 1, 87000, 'projchi', 'bitflip', 391.15594482421875, 0.0010000000474974513, 16.448671102523804, '2024-07-27 11:36:03', 4, 999)
pval: [0.001] -- 112th test, time elapsed 16.448671102523804 -- emperical power so far (from test_start): 1.0
db insert success
tensor(0.3775)
tensor(0.3775)
(113, 4, 0, 1, 87000, 'projchi', 'bitflip', 409.7536315917969, 0.0010000000474974513, 16.457602500915527, '2024-07-27 11:36:23', 4, 999)
pval: [0.001] -- 113th test, time elapsed 16.457602500915527 -- emperical power so far (from test_start): 1.0
db insert success
tensor(0.3775)
tensor(0.3775)
(114, 4, 0, 1, 87000, 'projchi', 'bitflip', 370.61431884765625, 0.0010000000474974513, 16.48882484436035, '2024-07-27 11:36:59', 4, 999)
pval: [0.001] -- 114th test, time elapsed 16.48882484436035 -- emperical power so far (from test_start): 1.0
db insert success
tensor(0.3775)
tensor(0.3775)
(115, 4, 0, 1, 87000, 'projchi', 'bitflip', 416.1837158203125, 0.0010000000474974513, 16.489127159118652, '2024-07-27 11:37:18', 4, 999)
pval: [0.001] -- 115th test, time elapsed 16.489127159118652 -- emperical power so far (from test_start): 1.0
db insert success
tensor(0.3775)
tensor(0.3775)
(116, 4, 0, 1, 87000, 'projchi', 'bitflip', 408.26348876953125, 0.0010000000474974513, 16.475937366485596, '2024-07-27 11:37:47', 4, 999)
pval: [0.001] -- 116th test, time elapsed 16.475937366485596 -- emperical power so far (from test_start): 1.0
db insert success
tensor(0.3775)
tensor(0.3775)
(117, 4, 0, 1, 87000, 'projchi', 'bitflip', 338.2989807128906, 0.0010000000474974513, 16.477855443954468, '2024-07-27 11:38:06', 4, 999)
pval: [0.001] -- 117th test, time elapsed 16.477855443954468 -- emperical power so far (from test_start): 1.0
db insert success
tensor(0.3775)
tensor(0.3775)
(118, 4, 0, 1, 87000, 'projchi', 'bitflip', 393.646728515625, 0.0010000000474974513, 16.465009212493896, '2024-07-27 11:38:33', 4, 999)
pval: [0.001] -- 118th test, time elapsed 16.465009212493896 -- emperical power so far (from test_start): 1.0
db insert success
tensor(0.3775)
tensor(0.3775)
(119, 4, 0, 1, 87000, 'projchi', 'bitflip', 384.6011962890625, 0.0010000000474974513, 16.464998245239258, '2024-07-27 11:38:53', 4, 999)
pval: [0.001] -- 119th test, time elapsed 16.464998245239258 -- emperical power so far (from test_start): 1.0
db insert success
tensor(0.3775)
tensor(0.3775)
(120, 4, 0, 1, 87000, 'projchi', 'bitflip', 367.894775390625, 0.0010000000474974513, 16.483912229537964, '2024-07-27 11:39:12', 4, 999)
pval: [0.001] -- 120th test, time elapsed 16.483912229537964 -- emperical power so far (from test_start): 1.0
db insert success
tensor(0.3775)
tensor(0.3775)
(121, 4, 0, 1, 87000, 'projchi', 'bitflip', 425.90655517578125, 0.0010000000474974513, 16.46917486190796, '2024-07-27 11:39:43', 4, 999)
pval: [0.001] -- 121th test, time elapsed 16.46917486190796 -- emperical power so far (from test_start): 1.0
db insert success
tensor(0.3775)
tensor(0.3775)
(122, 4, 0, 1, 87000, 'projchi', 'bitflip', 403.4840087890625, 0.0010000000474974513, 16.473461151123047, '2024-07-27 11:40:17', 4, 999)
pval: [0.001] -- 122th test, time elapsed 16.473461151123047 -- emperical power so far (from test_start): 1.0
db insert success
tensor(0.3775)
tensor(0.3775)
(123, 4, 0, 1, 87000, 'projchi', 'bitflip', 374.09503173828125, 0.0010000000474974513, 16.459585189819336, '2024-07-27 11:40:43', 4, 999)
pval: [0.001] -- 123th test, time elapsed 16.459585189819336 -- emperical power so far (from test_start): 1.0
db insert success
tensor(0.3775)
tensor(0.3775)
(124, 4, 0, 1, 87000, 'projchi', 'bitflip', 368.4729919433594, 0.0010000000474974513, 16.484951734542847, '2024-07-27 11:41:13', 4, 999)
pval: [0.001] -- 124th test, time elapsed 16.484951734542847 -- emperical power so far (from test_start): 1.0
db insert success
tensor(0.3775)
tensor(0.3775)
(125, 4, 0, 1, 87000, 'projchi', 'bitflip', 358.590087890625, 0.0010000000474974513, 16.46225595474243, '2024-07-27 11:41:47', 4, 999)
pval: [0.001] -- 125th test, time elapsed 16.46225595474243 -- emperical power so far (from test_start): 1.0
db insert success
tensor(0.3775)
tensor(0.3775)
(126, 4, 0, 1, 87000, 'projchi', 'bitflip', 366.4803466796875, 0.0010000000474974513, 16.470580101013184, '2024-07-27 11:42:18', 4, 999)
pval: [0.001] -- 126th test, time elapsed 16.470580101013184 -- emperical power so far (from test_start): 1.0
db insert success
tensor(0.3775)
tensor(0.3775)
(127, 4, 0, 1, 87000, 'projchi', 'bitflip', 385.4761047363281, 0.0010000000474974513, 16.497474670410156, '2024-07-27 11:42:36', 4, 999)
pval: [0.001] -- 127th test, time elapsed 16.497474670410156 -- emperical power so far (from test_start): 1.0
db insert success
tensor(0.3775)
tensor(0.3775)
(128, 4, 0, 1, 87000, 'projchi', 'bitflip', 374.0378112792969, 0.0010000000474974513, 16.47327995300293, '2024-07-27 11:42:57', 4, 999)
pval: [0.001] -- 128th test, time elapsed 16.47327995300293 -- emperical power so far (from test_start): 1.0
db insert success
tensor(0.3775)
tensor(0.3775)
(129, 4, 0, 1, 87000, 'projchi', 'bitflip', 382.0711669921875, 0.0010000000474974513, 16.310993909835815, '2024-07-27 11:43:31', 4, 999)
pval: [0.001] -- 129th test, time elapsed 16.310993909835815 -- emperical power so far (from test_start): 1.0
db insert success
tensor(0.3775)
tensor(0.3775)
(130, 4, 0, 1, 87000, 'projchi', 'bitflip', 390.13360595703125, 0.0010000000474974513, 16.094463109970093, '2024-07-27 11:44:06', 4, 999)
pval: [0.001] -- 130th test, time elapsed 16.094463109970093 -- emperical power so far (from test_start): 1.0
db insert success
tensor(0.3775)
tensor(0.3775)
(131, 4, 0, 1, 87000, 'projchi', 'bitflip', 332.2165832519531, 0.0010000000474974513, 16.095906972885132, '2024-07-27 11:44:41', 4, 999)
pval: [0.001] -- 131th test, time elapsed 16.095906972885132 -- emperical power so far (from test_start): 1.0
db insert success
tensor(0.3775)
tensor(0.3775)
(132, 4, 0, 1, 87000, 'projchi', 'bitflip', 380.1950378417969, 0.0010000000474974513, 16.101654767990112, '2024-07-27 11:45:04', 4, 999)
pval: [0.001] -- 132th test, time elapsed 16.101654767990112 -- emperical power so far (from test_start): 1.0
db insert success
tensor(0.3775)
tensor(0.3775)
(133, 4, 0, 1, 87000, 'projchi', 'bitflip', 342.46337890625, 0.0010000000474974513, 16.087615251541138, '2024-07-27 11:45:26', 4, 999)
pval: [0.001] -- 133th test, time elapsed 16.087615251541138 -- emperical power so far (from test_start): 1.0
db insert success
tensor(0.3775)
tensor(0.3775)
(134, 4, 0, 1, 87000, 'projchi', 'bitflip', 392.0727844238281, 0.0010000000474974513, 16.102994680404663, '2024-07-27 11:45:47', 4, 999)
pval: [0.001] -- 134th test, time elapsed 16.102994680404663 -- emperical power so far (from test_start): 1.0
db insert success
tensor(0.3775)
tensor(0.3775)
(135, 4, 0, 1, 87000, 'projchi', 'bitflip', 346.3285827636719, 0.0010000000474974513, 16.0804922580719, '2024-07-27 11:46:08', 4, 999)
pval: [0.001] -- 135th test, time elapsed 16.0804922580719 -- emperical power so far (from test_start): 1.0
db insert success
tensor(0.3775)
tensor(0.3775)
(136, 4, 0, 1, 87000, 'projchi', 'bitflip', 387.9370422363281, 0.0010000000474974513, 16.089993238449097, '2024-07-27 11:46:30', 4, 999)
pval: [0.001] -- 136th test, time elapsed 16.089993238449097 -- emperical power so far (from test_start): 1.0
db insert success
tensor(0.3775)
tensor(0.3775)
(137, 4, 0, 1, 87000, 'projchi', 'bitflip', 395.75421142578125, 0.0010000000474974513, 16.095478773117065, '2024-07-27 11:46:47', 4, 999)
pval: [0.001] -- 137th test, time elapsed 16.095478773117065 -- emperical power so far (from test_start): 1.0
db insert success
tensor(0.3775)
tensor(0.3775)
(138, 4, 0, 1, 87000, 'projchi', 'bitflip', 387.1284484863281, 0.0010000000474974513, 16.098007678985596, '2024-07-27 11:47:09', 4, 999)
pval: [0.001] -- 138th test, time elapsed 16.098007678985596 -- emperical power so far (from test_start): 1.0
db insert success
tensor(0.3775)
tensor(0.3775)
(139, 4, 0, 1, 87000, 'projchi', 'bitflip', 401.9200134277344, 0.0010000000474974513, 16.076822757720947, '2024-07-27 11:47:37', 4, 999)
pval: [0.001] -- 139th test, time elapsed 16.076822757720947 -- emperical power so far (from test_start): 1.0
db insert success
tensor(0.3775)
tensor(0.3775)
(140, 4, 0, 1, 87000, 'projchi', 'bitflip', 409.5680847167969, 0.0010000000474974513, 16.076404333114624, '2024-07-27 11:47:58', 4, 999)
pval: [0.001] -- 140th test, time elapsed 16.076404333114624 -- emperical power so far (from test_start): 1.0
db insert success
tensor(0.3775)
tensor(0.3775)
(141, 4, 0, 1, 87000, 'projchi', 'bitflip', 302.5784912109375, 0.02200000174343586, 16.06549620628357, '2024-07-27 11:48:32', 4, 999)
pval: [0.022] -- 141th test, time elapsed 16.06549620628357 -- emperical power so far (from test_start): 1.0
db insert success
tensor(0.3775)
tensor(0.3775)
(142, 4, 0, 1, 87000, 'projchi', 'bitflip', 315.5950012207031, 0.00800000037997961, 16.07187032699585, '2024-07-27 11:49:03', 4, 999)
pval: [0.008] -- 142th test, time elapsed 16.07187032699585 -- emperical power so far (from test_start): 1.0
db insert success
tensor(0.3775)
tensor(0.3775)
(143, 4, 0, 1, 87000, 'projchi', 'bitflip', 353.6640319824219, 0.0010000000474974513, 16.06996464729309, '2024-07-27 11:49:34', 4, 999)
pval: [0.001] -- 143th test, time elapsed 16.06996464729309 -- emperical power so far (from test_start): 1.0
db insert success
tensor(0.3775)
tensor(0.3775)
(144, 4, 0, 1, 87000, 'projchi', 'bitflip', 341.6283264160156, 0.003000000026077032, 16.080880641937256, '2024-07-27 11:49:55', 4, 999)
pval: [0.003] -- 144th test, time elapsed 16.080880641937256 -- emperical power so far (from test_start): 1.0
db insert success
tensor(0.3775)
tensor(0.3775)
(145, 4, 0, 1, 87000, 'projchi', 'bitflip', 345.114013671875, 0.0010000000474974513, 16.080636024475098, '2024-07-27 11:50:32', 4, 999)
pval: [0.001] -- 145th test, time elapsed 16.080636024475098 -- emperical power so far (from test_start): 1.0
db insert success
tensor(0.3775)
tensor(0.3775)
(146, 4, 0, 1, 87000, 'projchi', 'bitflip', 399.3256530761719, 0.0010000000474974513, 16.067432641983032, '2024-07-27 11:50:49', 4, 999)
pval: [0.001] -- 146th test, time elapsed 16.067432641983032 -- emperical power so far (from test_start): 1.0
db insert success
tensor(0.3775)
tensor(0.3775)
(147, 4, 0, 1, 87000, 'projchi', 'bitflip', 419.0245361328125, 0.0010000000474974513, 16.07270836830139, '2024-07-27 11:51:15', 4, 999)
pval: [0.001] -- 147th test, time elapsed 16.07270836830139 -- emperical power so far (from test_start): 1.0
db insert success
tensor(0.3775)
tensor(0.3775)
(148, 4, 0, 1, 87000, 'projchi', 'bitflip', 343.07672119140625, 0.0010000000474974513, 16.05840826034546, '2024-07-27 11:51:49', 4, 999)
pval: [0.001] -- 148th test, time elapsed 16.05840826034546 -- emperical power so far (from test_start): 1.0
db insert success
tensor(0.3775)
tensor(0.3775)
(149, 4, 0, 1, 87000, 'projchi', 'bitflip', 347.1652526855469, 0.0010000000474974513, 16.066251516342163, '2024-07-27 11:52:20', 4, 999)
pval: [0.001] -- 149th test, time elapsed 16.066251516342163 -- emperical power so far (from test_start): 1.0
db insert success
tensor(0.3775)
tensor(0.3775)
(150, 4, 0, 1, 87000, 'projchi', 'bitflip', 336.8895263671875, 0.0010000000474974513, 16.07155752182007, '2024-07-27 11:52:38', 4, 999)
pval: [0.001] -- 150th test, time elapsed 16.07155752182007 -- emperical power so far (from test_start): 1.0
db insert success
tensor(0.3775)
tensor(0.3775)
(151, 4, 0, 1, 87000, 'projchi', 'bitflip', 430.82476806640625, 0.0010000000474974513, 16.083300352096558, '2024-07-27 11:52:56', 4, 999)
pval: [0.001] -- 151th test, time elapsed 16.083300352096558 -- emperical power so far (from test_start): 1.0
db insert success
tensor(0.3775)
tensor(0.3775)
(152, 4, 0, 1, 87000, 'projchi', 'bitflip', 358.3529968261719, 0.0010000000474974513, 16.07617688179016, '2024-07-27 11:53:17', 4, 999)
pval: [0.001] -- 152th test, time elapsed 16.07617688179016 -- emperical power so far (from test_start): 1.0
db insert success
tensor(0.3775)
tensor(0.3775)
(153, 4, 0, 1, 87000, 'projchi', 'bitflip', 416.2369079589844, 0.0010000000474974513, 16.10950994491577, '2024-07-27 11:53:34', 4, 999)
pval: [0.001] -- 153th test, time elapsed 16.10950994491577 -- emperical power so far (from test_start): 1.0
db insert success
tensor(0.3775)
tensor(0.3775)
(154, 4, 0, 1, 87000, 'projchi', 'bitflip', 429.7994689941406, 0.0010000000474974513, 16.0934419631958, '2024-07-27 11:54:05', 4, 999)
pval: [0.001] -- 154th test, time elapsed 16.0934419631958 -- emperical power so far (from test_start): 1.0
db insert success
tensor(0.3775)
tensor(0.3775)
(155, 4, 0, 1, 87000, 'projchi', 'bitflip', 332.2508239746094, 0.0010000000474974513, 16.069786548614502, '2024-07-27 11:54:32', 4, 999)
pval: [0.001] -- 155th test, time elapsed 16.069786548614502 -- emperical power so far (from test_start): 1.0
db insert success
tensor(0.3775)
tensor(0.3775)
(156, 4, 0, 1, 87000, 'projchi', 'bitflip', 387.05426025390625, 0.0010000000474974513, 16.09921097755432, '2024-07-27 11:54:49', 4, 999)
pval: [0.001] -- 156th test, time elapsed 16.09921097755432 -- emperical power so far (from test_start): 1.0
db insert success
tensor(0.3775)
tensor(0.3775)
(157, 4, 0, 1, 87000, 'projchi', 'bitflip', 415.455078125, 0.0010000000474974513, 16.189017295837402, '2024-07-27 11:55:09', 4, 999)
pval: [0.001] -- 157th test, time elapsed 16.189017295837402 -- emperical power so far (from test_start): 1.0
db insert success
tensor(0.3775)
tensor(0.3775)
(158, 4, 0, 1, 87000, 'projchi', 'bitflip', 374.06854248046875, 0.0010000000474974513, 16.173588752746582, '2024-07-27 11:55:41', 4, 999)
pval: [0.001] -- 158th test, time elapsed 16.173588752746582 -- emperical power so far (from test_start): 1.0
db insert success
tensor(0.3775)
tensor(0.3775)
(159, 4, 0, 1, 87000, 'projchi', 'bitflip', 392.5075988769531, 0.0010000000474974513, 16.152960538864136, '2024-07-27 11:56:05', 4, 999)
pval: [0.001] -- 159th test, time elapsed 16.152960538864136 -- emperical power so far (from test_start): 1.0
db insert success
tensor(0.3775)
tensor(0.3775)
(160, 4, 0, 1, 87000, 'projchi', 'bitflip', 408.89886474609375, 0.0010000000474974513, 16.12817120552063, '2024-07-27 11:56:37', 4, 999)
pval: [0.001] -- 160th test, time elapsed 16.12817120552063 -- emperical power so far (from test_start): 1.0
db insert success
tensor(0.3775)
tensor(0.3775)
(161, 4, 0, 1, 87000, 'projchi', 'bitflip', 463.5814514160156, 0.0010000000474974513, 16.107855319976807, '2024-07-27 11:57:05', 4, 999)
pval: [0.001] -- 161th test, time elapsed 16.107855319976807 -- emperical power so far (from test_start): 1.0
db insert success
tensor(0.3775)
tensor(0.3775)
(162, 4, 0, 1, 87000, 'projchi', 'bitflip', 332.68896484375, 0.0010000000474974513, 16.110353469848633, '2024-07-27 11:57:24', 4, 999)
pval: [0.001] -- 162th test, time elapsed 16.110353469848633 -- emperical power so far (from test_start): 1.0
db insert success
tensor(0.3775)
tensor(0.3775)
(163, 4, 0, 1, 87000, 'projchi', 'bitflip', 367.863525390625, 0.0010000000474974513, 16.099201917648315, '2024-07-27 11:57:45', 4, 999)
pval: [0.001] -- 163th test, time elapsed 16.099201917648315 -- emperical power so far (from test_start): 1.0
db insert success
tensor(0.3775)
tensor(0.3775)
(164, 4, 0, 1, 87000, 'projchi', 'bitflip', 368.08026123046875, 0.0010000000474974513, 16.426762580871582, '2024-07-27 11:58:15', 4, 999)
pval: [0.001] -- 164th test, time elapsed 16.426762580871582 -- emperical power so far (from test_start): 1.0
db insert success
tensor(0.3775)
tensor(0.3775)
(165, 4, 0, 1, 87000, 'projchi', 'bitflip', 391.8634948730469, 0.0010000000474974513, 16.54364275932312, '2024-07-27 11:58:45', 4, 999)
pval: [0.001] -- 165th test, time elapsed 16.54364275932312 -- emperical power so far (from test_start): 1.0
db insert success
tensor(0.3775)
tensor(0.3775)
(166, 4, 0, 1, 87000, 'projchi', 'bitflip', 347.7357177734375, 0.0010000000474974513, 16.514168739318848, '2024-07-27 11:59:03', 4, 999)
pval: [0.001] -- 166th test, time elapsed 16.514168739318848 -- emperical power so far (from test_start): 1.0
db insert success
tensor(0.3775)
tensor(0.3775)
(167, 4, 0, 1, 87000, 'projchi', 'bitflip', 342.3656005859375, 0.0010000000474974513, 16.479559659957886, '2024-07-27 11:59:29', 4, 999)
pval: [0.001] -- 167th test, time elapsed 16.479559659957886 -- emperical power so far (from test_start): 1.0
db insert success
tensor(0.3775)
tensor(0.3775)
(168, 4, 0, 1, 87000, 'projchi', 'bitflip', 374.9811706542969, 0.0010000000474974513, 16.440097332000732, '2024-07-27 11:59:56', 4, 999)
pval: [0.001] -- 168th test, time elapsed 16.440097332000732 -- emperical power so far (from test_start): 1.0
db insert success
tensor(0.3775)
tensor(0.3775)
(169, 4, 0, 1, 87000, 'projchi', 'bitflip', 369.8326721191406, 0.0010000000474974513, 16.519416093826294, '2024-07-27 12:00:20', 4, 999)
pval: [0.001] -- 169th test, time elapsed 16.519416093826294 -- emperical power so far (from test_start): 1.0
db insert success
tensor(0.3775)
tensor(0.3775)
(170, 4, 0, 1, 87000, 'projchi', 'bitflip', 444.3459777832031, 0.0010000000474974513, 16.63897466659546, '2024-07-27 12:00:40', 4, 999)
pval: [0.001] -- 170th test, time elapsed 16.63897466659546 -- emperical power so far (from test_start): 1.0
db insert success
tensor(0.3775)
tensor(0.3775)
(171, 4, 0, 1, 87000, 'projchi', 'bitflip', 392.9761047363281, 0.0010000000474974513, 16.445447206497192, '2024-07-27 12:01:05', 4, 999)
pval: [0.001] -- 171th test, time elapsed 16.445447206497192 -- emperical power so far (from test_start): 1.0
db insert success
tensor(0.3775)
tensor(0.3775)
(172, 4, 0, 1, 87000, 'projchi', 'bitflip', 412.8149108886719, 0.0010000000474974513, 16.457229375839233, '2024-07-27 12:01:27', 4, 999)
pval: [0.001] -- 172th test, time elapsed 16.457229375839233 -- emperical power so far (from test_start): 1.0
db insert success
tensor(0.3775)
tensor(0.3775)
(173, 4, 0, 1, 87000, 'projchi', 'bitflip', 449.05401611328125, 0.0010000000474974513, 16.500521421432495, '2024-07-27 12:02:01', 4, 999)
pval: [0.001] -- 173th test, time elapsed 16.500521421432495 -- emperical power so far (from test_start): 1.0
db insert success
tensor(0.3775)
tensor(0.3775)
(174, 4, 0, 1, 87000, 'projchi', 'bitflip', 332.7695007324219, 0.0010000000474974513, 16.43605089187622, '2024-07-27 12:02:20', 4, 999)
pval: [0.001] -- 174th test, time elapsed 16.43605089187622 -- emperical power so far (from test_start): 1.0
db insert success
tensor(0.3775)
tensor(0.3775)
(175, 4, 0, 1, 87000, 'projchi', 'bitflip', 426.08013916015625, 0.0010000000474974513, 16.43932557106018, '2024-07-27 12:02:57', 4, 999)
pval: [0.001] -- 175th test, time elapsed 16.43932557106018 -- emperical power so far (from test_start): 1.0
db insert success
tensor(0.3775)
tensor(0.3775)
(176, 4, 0, 1, 87000, 'projchi', 'bitflip', 311.4991455078125, 0.00800000037997961, 16.419981241226196, '2024-07-27 12:03:23', 4, 999)
pval: [0.008] -- 176th test, time elapsed 16.419981241226196 -- emperical power so far (from test_start): 1.0
db insert success
tensor(0.3775)
tensor(0.3775)
(177, 4, 0, 1, 87000, 'projchi', 'bitflip', 430.1463317871094, 0.0010000000474974513, 16.39925241470337, '2024-07-27 12:03:42', 4, 999)
pval: [0.001] -- 177th test, time elapsed 16.39925241470337 -- emperical power so far (from test_start): 1.0
db insert success
tensor(0.3775)
tensor(0.3775)
(178, 4, 0, 1, 87000, 'projchi', 'bitflip', 427.2873840332031, 0.0010000000474974513, 16.391125202178955, '2024-07-27 12:04:18', 4, 999)
pval: [0.001] -- 178th test, time elapsed 16.391125202178955 -- emperical power so far (from test_start): 1.0
db insert success
tensor(0.3775)
tensor(0.3775)
(179, 4, 0, 1, 87000, 'projchi', 'bitflip', 332.8198547363281, 0.0010000000474974513, 16.434982538223267, '2024-07-27 12:04:44', 4, 999)
pval: [0.001] -- 179th test, time elapsed 16.434982538223267 -- emperical power so far (from test_start): 1.0
db insert success
tensor(0.3775)
tensor(0.3775)
(180, 4, 0, 1, 87000, 'projchi', 'bitflip', 370.9718933105469, 0.0010000000474974513, 16.57829236984253, '2024-07-27 12:05:15', 4, 999)
pval: [0.001] -- 180th test, time elapsed 16.57829236984253 -- emperical power so far (from test_start): 1.0
db insert success
tensor(0.3775)
tensor(0.3775)
(181, 4, 0, 1, 87000, 'projchi', 'bitflip', 355.7794494628906, 0.0010000000474974513, 16.581246614456177, '2024-07-27 12:05:45', 4, 999)
pval: [0.001] -- 181th test, time elapsed 16.581246614456177 -- emperical power so far (from test_start): 1.0
db insert success
tensor(0.3775)
tensor(0.3775)
(182, 4, 0, 1, 87000, 'projchi', 'bitflip', 364.8209533691406, 0.0010000000474974513, 16.609906673431396, '2024-07-27 12:06:18', 4, 999)
pval: [0.001] -- 182th test, time elapsed 16.609906673431396 -- emperical power so far (from test_start): 1.0
db insert success
tensor(0.3775)
tensor(0.3775)
(183, 4, 0, 1, 87000, 'projchi', 'bitflip', 349.75616455078125, 0.0010000000474974513, 16.611881256103516, '2024-07-27 12:06:47', 4, 999)
pval: [0.001] -- 183th test, time elapsed 16.611881256103516 -- emperical power so far (from test_start): 1.0
db insert success
tensor(0.3775)
tensor(0.3775)
(184, 4, 0, 1, 87000, 'projchi', 'bitflip', 356.4167785644531, 0.0010000000474974513, 16.635244607925415, '2024-07-27 12:07:10', 4, 999)
pval: [0.001] -- 184th test, time elapsed 16.635244607925415 -- emperical power so far (from test_start): 1.0
db insert success
tensor(0.3775)
tensor(0.3775)
(185, 4, 0, 1, 87000, 'projchi', 'bitflip', 375.6458435058594, 0.0010000000474974513, 16.616851329803467, '2024-07-27 12:07:45', 4, 999)
pval: [0.001] -- 185th test, time elapsed 16.616851329803467 -- emperical power so far (from test_start): 1.0
db insert success
tensor(0.3775)
tensor(0.3775)
(186, 4, 0, 1, 87000, 'projchi', 'bitflip', 408.0140686035156, 0.0010000000474974513, 16.622451305389404, '2024-07-27 12:08:06', 4, 999)
pval: [0.001] -- 186th test, time elapsed 16.622451305389404 -- emperical power so far (from test_start): 1.0
db insert success
tensor(0.3775)
tensor(0.3775)
(187, 4, 0, 1, 87000, 'projchi', 'bitflip', 401.47393798828125, 0.0010000000474974513, 16.606030702590942, '2024-07-27 12:08:40', 4, 999)
pval: [0.001] -- 187th test, time elapsed 16.606030702590942 -- emperical power so far (from test_start): 1.0
db insert success
tensor(0.3775)
tensor(0.3775)
(188, 4, 0, 1, 87000, 'projchi', 'bitflip', 369.3439636230469, 0.0010000000474974513, 16.55373477935791, '2024-07-27 12:09:17', 4, 999)
pval: [0.001] -- 188th test, time elapsed 16.55373477935791 -- emperical power so far (from test_start): 1.0
db insert success
tensor(0.3775)
tensor(0.3775)
(189, 4, 0, 1, 87000, 'projchi', 'bitflip', 394.785400390625, 0.0010000000474974513, 16.708796977996826, '2024-07-27 12:09:52', 4, 999)
pval: [0.001] -- 189th test, time elapsed 16.708796977996826 -- emperical power so far (from test_start): 1.0
db insert success
tensor(0.3775)
tensor(0.3775)
(190, 4, 0, 1, 87000, 'projchi', 'bitflip', 424.6947021484375, 0.0010000000474974513, 16.77366590499878, '2024-07-27 12:10:21', 4, 999)
pval: [0.001] -- 190th test, time elapsed 16.77366590499878 -- emperical power so far (from test_start): 1.0
db insert success
tensor(0.3775)
tensor(0.3775)
(191, 4, 0, 1, 87000, 'projchi', 'bitflip', 366.8651123046875, 0.0010000000474974513, 16.628188133239746, '2024-07-27 12:10:47', 4, 999)
pval: [0.001] -- 191th test, time elapsed 16.628188133239746 -- emperical power so far (from test_start): 1.0
db insert success
tensor(0.3775)
tensor(0.3775)
(192, 4, 0, 1, 87000, 'projchi', 'bitflip', 428.8689880371094, 0.0010000000474974513, 16.59859871864319, '2024-07-27 12:11:16', 4, 999)
pval: [0.001] -- 192th test, time elapsed 16.59859871864319 -- emperical power so far (from test_start): 1.0
db insert success
tensor(0.3775)
tensor(0.3775)
(193, 4, 0, 1, 87000, 'projchi', 'bitflip', 374.8742980957031, 0.0010000000474974513, 16.582600593566895, '2024-07-27 12:11:45', 4, 999)
pval: [0.001] -- 193th test, time elapsed 16.582600593566895 -- emperical power so far (from test_start): 1.0
db insert success
tensor(0.3775)
tensor(0.3775)
(194, 4, 0, 1, 87000, 'projchi', 'bitflip', 329.5031433105469, 0.003000000026077032, 16.840440034866333, '2024-07-27 12:12:19', 4, 999)
pval: [0.003] -- 194th test, time elapsed 16.840440034866333 -- emperical power so far (from test_start): 1.0
db insert success
tensor(0.3775)
tensor(0.3775)
(195, 4, 0, 1, 87000, 'projchi', 'bitflip', 398.79144287109375, 0.0010000000474974513, 16.587157726287842, '2024-07-27 12:12:42', 4, 999)
pval: [0.001] -- 195th test, time elapsed 16.587157726287842 -- emperical power so far (from test_start): 1.0
db insert success
tensor(0.3775)
tensor(0.3775)
(196, 4, 0, 1, 87000, 'projchi', 'bitflip', 413.1313171386719, 0.0010000000474974513, 16.56700086593628, '2024-07-27 12:13:17', 4, 999)
pval: [0.001] -- 196th test, time elapsed 16.56700086593628 -- emperical power so far (from test_start): 1.0
db insert success
tensor(0.3775)
tensor(0.3775)
(197, 4, 0, 1, 87000, 'projchi', 'bitflip', 413.6311340332031, 0.0010000000474974513, 16.609461784362793, '2024-07-27 12:13:45', 4, 999)
pval: [0.001] -- 197th test, time elapsed 16.609461784362793 -- emperical power so far (from test_start): 1.0
db insert success
tensor(0.3775)
tensor(0.3775)
(198, 4, 0, 1, 87000, 'projchi', 'bitflip', 396.7575378417969, 0.0010000000474974513, 16.612398386001587, '2024-07-27 12:14:18', 4, 999)
pval: [0.001] -- 198th test, time elapsed 16.612398386001587 -- emperical power so far (from test_start): 1.0
db insert success
tensor(0.3775)
tensor(0.3775)
(199, 4, 0, 1, 87000, 'projchi', 'bitflip', 439.44647216796875, 0.0010000000474974513, 16.618306398391724, '2024-07-27 12:14:48', 4, 999)
pval: [0.001] -- 199th test, time elapsed 16.618306398391724 -- emperical power so far (from test_start): 1.0
db insert success
tensor(0.3775)
tensor(0.3775)
(200, 4, 0, 1, 87000, 'projchi', 'bitflip', 354.082763671875, 0.0010000000474974513, 16.609036207199097, '2024-07-27 12:15:15', 4, 999)
pval: [0.001] -- 200th test, time elapsed 16.609036207199097 -- emperical power so far (from test_start): 1.0
db insert success
5322.051353693008
