tensor([0.0001, 0.0019, 0.0001, 0.0019, 0.0001, 0.0019, 0.0001, 0.0019, 0.0001,
        0.0019, 0.0001, 0.0019, 0.0001, 0.0019, 0.0001, 0.0019, 0.0001, 0.0019,
        0.0001, 0.0019, 0.0001, 0.0019, 0.0001, 0.0019, 0.0001, 0.0019, 0.0001,
        0.0019, 0.0001, 0.0019, 0.0001, 0.0019, 0.0001, 0.0019, 0.0001, 0.0019,
        0.0001, 0.0019, 0.0001, 0.0019, 0.0001, 0.0019, 0.0001, 0.0019, 0.0001,
        0.0019, 0.0001, 0.0019, 0.0001, 0.0019, 0.0001, 0.0019, 0.0001, 0.0019,
        0.0001, 0.0019, 0.0001, 0.0019, 0.0001, 0.0019, 0.0001, 0.0019, 0.0001,
        0.0019, 0.0001, 0.0019, 0.0001, 0.0019, 0.0001, 0.0019, 0.0001, 0.0019,
        0.0001, 0.0019, 0.0001, 0.0019, 0.0001, 0.0019, 0.0001, 0.0019, 0.0001,
        0.0019, 0.0001, 0.0019, 0.0001, 0.0019, 0.0001, 0.0019, 0.0001, 0.0019,
        0.0001, 0.0019, 0.0001, 0.0019, 0.0001, 0.0019, 0.0001, 0.0019, 0.0001,
        0.0019, 0.0001, 0.0019, 0.0001, 0.0019, 0.0001, 0.0019, 0.0001, 0.0019,
        0.0001, 0.0019, 0.0001, 0.0019, 0.0001, 0.0019, 0.0001, 0.0019, 0.0001,
        0.0019, 0.0001, 0.0019, 0.0001, 0.0019, 0.0001, 0.0019, 0.0001, 0.0019,
        0.0001, 0.0019, 0.0001, 0.0019, 0.0001, 0.0019, 0.0001, 0.0019, 0.0001,
        0.0019, 0.0001, 0.0019, 0.0001, 0.0019, 0.0001, 0.0019, 0.0001, 0.0019,
        0.0001, 0.0019, 0.0001, 0.0019, 0.0001, 0.0019, 0.0001, 0.0019, 0.0001,
        0.0019, 0.0001, 0.0019, 0.0001, 0.0019, 0.0001, 0.0019, 0.0001, 0.0019,
        0.0001, 0.0019, 0.0001, 0.0019, 0.0001, 0.0019, 0.0001, 0.0019, 0.0001,
        0.0019, 0.0001, 0.0019, 0.0001, 0.0019, 0.0001, 0.0019, 0.0001, 0.0019,
        0.0001, 0.0019, 0.0001, 0.0019, 0.0001, 0.0019, 0.0001, 0.0019, 0.0001,
        0.0019, 0.0001, 0.0019, 0.0001, 0.0019, 0.0001, 0.0019, 0.0001, 0.0019,
        0.0001, 0.0019, 0.0001, 0.0019, 0.0001, 0.0019, 0.0001, 0.0019, 0.0001,
        0.0019, 0.0001, 0.0019, 0.0001, 0.0019, 0.0001, 0.0019, 0.0001, 0.0019,
        0.0001, 0.0019, 0.0001, 0.0019, 0.0001, 0.0019, 0.0001, 0.0019, 0.0001,
        0.0019, 0.0001, 0.0019, 0.0001, 0.0019, 0.0001, 0.0019, 0.0001, 0.0019,
        0.0001, 0.0019, 0.0001, 0.0019, 0.0001, 0.0019, 0.0001, 0.0019, 0.0001,
        0.0019, 0.0001, 0.0019, 0.0001, 0.0019, 0.0001, 0.0019, 0.0001, 0.0019,
        0.0001, 0.0019, 0.0001, 0.0019, 0.0001, 0.0019, 0.0001, 0.0019, 0.0001,
        0.0019, 0.0001, 0.0019, 0.0001, 0.0019, 0.0001, 0.0019, 0.0001, 0.0019,
        0.0001, 0.0019, 0.0001, 0.0019, 0.0001, 0.0019, 0.0001, 0.0019, 0.0001,
        0.0019, 0.0001, 0.0019, 0.0001, 0.0019, 0.0001, 0.0019, 0.0001, 0.0019,
        0.0001, 0.0019, 0.0001, 0.0019, 0.0001, 0.0019, 0.0001, 0.0019, 0.0001,
        0.0019, 0.0001, 0.0019, 0.0001, 0.0019, 0.0001, 0.0019, 0.0001, 0.0019,
        0.0001, 0.0019, 0.0001, 0.0019, 0.0001, 0.0019, 0.0001, 0.0019, 0.0001,
        0.0019, 0.0001, 0.0019, 0.0001, 0.0019, 0.0001, 0.0019, 0.0001, 0.0019,
        0.0001, 0.0019, 0.0001, 0.0019, 0.0001, 0.0019, 0.0001, 0.0019, 0.0001,
        0.0019, 0.0001, 0.0019, 0.0001, 0.0019, 0.0001, 0.0019, 0.0001, 0.0019,
        0.0001, 0.0019, 0.0001, 0.0019, 0.0001, 0.0019, 0.0001, 0.0019, 0.0001,
        0.0019, 0.0001, 0.0019, 0.0001, 0.0019, 0.0001, 0.0019, 0.0001, 0.0019,
        0.0001, 0.0019, 0.0001, 0.0019, 0.0001, 0.0019, 0.0001, 0.0019, 0.0001,
        0.0019, 0.0001, 0.0019, 0.0001, 0.0019, 0.0001, 0.0019, 0.0001, 0.0019,
        0.0001, 0.0019, 0.0001, 0.0019, 0.0001, 0.0019, 0.0001, 0.0019, 0.0001,
        0.0019, 0.0001, 0.0019, 0.0001, 0.0019, 0.0001, 0.0019, 0.0001, 0.0019,
        0.0001, 0.0019, 0.0001, 0.0019, 0.0001, 0.0019, 0.0001, 0.0019, 0.0001,
        0.0019, 0.0001, 0.0019, 0.0001, 0.0019, 0.0001, 0.0019, 0.0001, 0.0019,
        0.0001, 0.0019, 0.0001, 0.0019, 0.0001, 0.0019, 0.0001, 0.0019, 0.0001,
        0.0019, 0.0001, 0.0019, 0.0001, 0.0019, 0.0001, 0.0019, 0.0001, 0.0019,
        0.0001, 0.0019, 0.0001, 0.0019, 0.0001, 0.0019, 0.0001, 0.0019, 0.0001,
        0.0019, 0.0001, 0.0019, 0.0001, 0.0019, 0.0001, 0.0019, 0.0001, 0.0019,
        0.0001, 0.0019, 0.0001, 0.0019, 0.0001, 0.0019, 0.0001, 0.0019, 0.0001,
        0.0019, 0.0001, 0.0019, 0.0001, 0.0019, 0.0001, 0.0019, 0.0001, 0.0019,
        0.0001, 0.0019, 0.0001, 0.0019, 0.0001, 0.0019, 0.0001, 0.0019, 0.0001,
        0.0019, 0.0001, 0.0019, 0.0001, 0.0019, 0.0001, 0.0019, 0.0001, 0.0019,
        0.0001, 0.0019, 0.0001, 0.0019, 0.0001, 0.0019, 0.0001, 0.0019, 0.0001,
        0.0019, 0.0001, 0.0019, 0.0001, 0.0019, 0.0001, 0.0019, 0.0001, 0.0019,
        0.0001, 0.0019, 0.0001, 0.0019, 0.0001, 0.0019, 0.0001, 0.0019, 0.0001,
        0.0019, 0.0001, 0.0019, 0.0001, 0.0019, 0.0001, 0.0019, 0.0001, 0.0019,
        0.0001, 0.0019, 0.0001, 0.0019, 0.0001, 0.0019, 0.0001, 0.0019, 0.0001,
        0.0019, 0.0001, 0.0019, 0.0001, 0.0019, 0.0001, 0.0019, 0.0001, 0.0019,
        0.0001, 0.0019, 0.0001, 0.0019, 0.0001, 0.0019, 0.0001, 0.0019, 0.0001,
        0.0019, 0.0001, 0.0019, 0.0001, 0.0019, 0.0001, 0.0019, 0.0001, 0.0019,
        0.0001, 0.0019, 0.0001, 0.0019, 0.0001, 0.0019, 0.0001, 0.0019, 0.0001,
        0.0019, 0.0001, 0.0019, 0.0001, 0.0019, 0.0001, 0.0019, 0.0001, 0.0019,
        0.0001, 0.0019, 0.0001, 0.0019, 0.0001, 0.0019, 0.0001, 0.0019, 0.0001,
        0.0019, 0.0001, 0.0019, 0.0001, 0.0019, 0.0001, 0.0019, 0.0001, 0.0019,
        0.0001, 0.0019, 0.0001, 0.0019, 0.0001, 0.0019, 0.0001, 0.0019, 0.0001,
        0.0019, 0.0001, 0.0019, 0.0001, 0.0019, 0.0001, 0.0019, 0.0001, 0.0019,
        0.0001, 0.0019, 0.0001, 0.0019, 0.0001, 0.0019, 0.0001, 0.0019, 0.0001,
        0.0019, 0.0001, 0.0019, 0.0001, 0.0019, 0.0001, 0.0019, 0.0001, 0.0019,
        0.0001, 0.0019, 0.0001, 0.0019, 0.0001, 0.0019, 0.0001, 0.0019, 0.0001,
        0.0019, 0.0001, 0.0019, 0.0001, 0.0019, 0.0001, 0.0019, 0.0001, 0.0019,
        0.0001, 0.0019, 0.0001, 0.0019, 0.0001, 0.0019, 0.0001, 0.0019, 0.0001,
        0.0019, 0.0001, 0.0019, 0.0001, 0.0019, 0.0001, 0.0019, 0.0001, 0.0019,
        0.0001, 0.0019, 0.0001, 0.0019, 0.0001, 0.0019, 0.0001, 0.0019, 0.0001,
        0.0019, 0.0001, 0.0019, 0.0001, 0.0019, 0.0001, 0.0019, 0.0001, 0.0019,
        0.0001, 0.0019, 0.0001, 0.0019, 0.0001, 0.0019, 0.0001, 0.0019, 0.0001,
        0.0019, 0.0001, 0.0019, 0.0001, 0.0019, 0.0001, 0.0019, 0.0001, 0.0019,
        0.0001, 0.0019, 0.0001, 0.0019, 0.0001, 0.0019, 0.0001, 0.0019, 0.0001,
        0.0019, 0.0001, 0.0019, 0.0001, 0.0019, 0.0001, 0.0019, 0.0001, 0.0019,
        0.0001, 0.0019, 0.0001, 0.0019, 0.0001, 0.0019, 0.0001, 0.0019, 0.0001,
        0.0019, 0.0001, 0.0019, 0.0001, 0.0019, 0.0001, 0.0019, 0.0001, 0.0019,
        0.0001, 0.0019, 0.0001, 0.0019, 0.0001, 0.0019, 0.0001, 0.0019, 0.0001,
        0.0019, 0.0001, 0.0019, 0.0001, 0.0019, 0.0001, 0.0019, 0.0001, 0.0019,
        0.0001, 0.0019, 0.0001, 0.0019, 0.0001, 0.0019, 0.0001, 0.0019, 0.0001,
        0.0019, 0.0001, 0.0019, 0.0001, 0.0019, 0.0001, 0.0019, 0.0001, 0.0019,
        0.0001, 0.0019, 0.0001, 0.0019, 0.0001, 0.0019, 0.0001, 0.0019, 0.0001,
        0.0019, 0.0001, 0.0019, 0.0001, 0.0019, 0.0001, 0.0019, 0.0001, 0.0019,
        0.0001, 0.0019, 0.0001, 0.0019, 0.0001, 0.0019, 0.0001, 0.0019, 0.0001,
        0.0019, 0.0001, 0.0019, 0.0001, 0.0019, 0.0001, 0.0019, 0.0001, 0.0019,
        0.0001, 0.0019, 0.0001, 0.0019, 0.0001, 0.0019, 0.0001, 0.0019, 0.0001,
        0.0019, 0.0001, 0.0019, 0.0001, 0.0019, 0.0001, 0.0019, 0.0001, 0.0019,
        0.0001, 0.0019, 0.0001, 0.0019, 0.0001, 0.0019, 0.0001, 0.0019, 0.0001,
        0.0019, 0.0001, 0.0019, 0.0001, 0.0019, 0.0001, 0.0019, 0.0001, 0.0019,
        0.0001, 0.0019, 0.0001, 0.0019, 0.0001, 0.0019, 0.0001, 0.0019, 0.0001,
        0.0019, 0.0001, 0.0019, 0.0001, 0.0019, 0.0001, 0.0019, 0.0001, 0.0019,
        0.0001, 0.0019, 0.0001, 0.0019, 0.0001, 0.0019, 0.0001, 0.0019, 0.0001,
        0.0019, 0.0001, 0.0019, 0.0001, 0.0019, 0.0001, 0.0019, 0.0001, 0.0019,
        0.0001, 0.0019, 0.0001, 0.0019, 0.0001, 0.0019, 0.0001, 0.0019, 0.0001,
        0.0019, 0.0001, 0.0019, 0.0001, 0.0019, 0.0001, 0.0019, 0.0001, 0.0019,
        0.0001, 0.0019, 0.0001, 0.0019, 0.0001, 0.0019, 0.0001, 0.0019, 0.0001,
        0.0019, 0.0001, 0.0019, 0.0001, 0.0019, 0.0001, 0.0019, 0.0001, 0.0019,
        0.0001, 0.0019, 0.0001, 0.0019, 0.0001, 0.0019, 0.0001, 0.0019, 0.0001,
        0.0019, 0.0001, 0.0019, 0.0001, 0.0019, 0.0001, 0.0019, 0.0001, 0.0019,
        0.0001, 0.0019, 0.0001, 0.0019, 0.0001, 0.0019, 0.0001, 0.0019, 0.0001,
        0.0019, 0.0001, 0.0019, 0.0001, 0.0019, 0.0001, 0.0019, 0.0001, 0.0019,
        0.0001, 0.0019, 0.0001, 0.0019, 0.0001, 0.0019, 0.0001, 0.0019, 0.0001,
        0.0019, 0.0001, 0.0019, 0.0001, 0.0019, 0.0001, 0.0019, 0.0001, 0.0019,
        0.0001, 0.0019, 0.0001, 0.0019, 0.0001, 0.0019, 0.0001, 0.0019, 0.0001,
        0.0019, 0.0001, 0.0019, 0.0001, 0.0019, 0.0001, 0.0019, 0.0001, 0.0019,
        0.0001, 0.0019, 0.0001, 0.0019, 0.0001, 0.0019, 0.0001, 0.0019, 0.0001,
        0.0019])
tensor([0.0019, 0.0001, 0.0019, 0.0001, 0.0019, 0.0001, 0.0019, 0.0001, 0.0019,
        0.0001, 0.0019, 0.0001, 0.0019, 0.0001, 0.0019, 0.0001, 0.0019, 0.0001,
        0.0019, 0.0001, 0.0019, 0.0001, 0.0019, 0.0001, 0.0019, 0.0001, 0.0019,
        0.0001, 0.0019, 0.0001, 0.0019, 0.0001, 0.0019, 0.0001, 0.0019, 0.0001,
        0.0019, 0.0001, 0.0019, 0.0001, 0.0019, 0.0001, 0.0019, 0.0001, 0.0019,
        0.0001, 0.0019, 0.0001, 0.0019, 0.0001, 0.0019, 0.0001, 0.0019, 0.0001,
        0.0019, 0.0001, 0.0019, 0.0001, 0.0019, 0.0001, 0.0019, 0.0001, 0.0019,
        0.0001, 0.0019, 0.0001, 0.0019, 0.0001, 0.0019, 0.0001, 0.0019, 0.0001,
        0.0019, 0.0001, 0.0019, 0.0001, 0.0019, 0.0001, 0.0019, 0.0001, 0.0019,
        0.0001, 0.0019, 0.0001, 0.0019, 0.0001, 0.0019, 0.0001, 0.0019, 0.0001,
        0.0019, 0.0001, 0.0019, 0.0001, 0.0019, 0.0001, 0.0019, 0.0001, 0.0019,
        0.0001, 0.0019, 0.0001, 0.0019, 0.0001, 0.0019, 0.0001, 0.0019, 0.0001,
        0.0019, 0.0001, 0.0019, 0.0001, 0.0019, 0.0001, 0.0019, 0.0001, 0.0019,
        0.0001, 0.0019, 0.0001, 0.0019, 0.0001, 0.0019, 0.0001, 0.0019, 0.0001,
        0.0019, 0.0001, 0.0019, 0.0001, 0.0019, 0.0001, 0.0019, 0.0001, 0.0019,
        0.0001, 0.0019, 0.0001, 0.0019, 0.0001, 0.0019, 0.0001, 0.0019, 0.0001,
        0.0019, 0.0001, 0.0019, 0.0001, 0.0019, 0.0001, 0.0019, 0.0001, 0.0019,
        0.0001, 0.0019, 0.0001, 0.0019, 0.0001, 0.0019, 0.0001, 0.0019, 0.0001,
        0.0019, 0.0001, 0.0019, 0.0001, 0.0019, 0.0001, 0.0019, 0.0001, 0.0019,
        0.0001, 0.0019, 0.0001, 0.0019, 0.0001, 0.0019, 0.0001, 0.0019, 0.0001,
        0.0019, 0.0001, 0.0019, 0.0001, 0.0019, 0.0001, 0.0019, 0.0001, 0.0019,
        0.0001, 0.0019, 0.0001, 0.0019, 0.0001, 0.0019, 0.0001, 0.0019, 0.0001,
        0.0019, 0.0001, 0.0019, 0.0001, 0.0019, 0.0001, 0.0019, 0.0001, 0.0019,
        0.0001, 0.0019, 0.0001, 0.0019, 0.0001, 0.0019, 0.0001, 0.0019, 0.0001,
        0.0019, 0.0001, 0.0019, 0.0001, 0.0019, 0.0001, 0.0019, 0.0001, 0.0019,
        0.0001, 0.0019, 0.0001, 0.0019, 0.0001, 0.0019, 0.0001, 0.0019, 0.0001,
        0.0019, 0.0001, 0.0019, 0.0001, 0.0019, 0.0001, 0.0019, 0.0001, 0.0019,
        0.0001, 0.0019, 0.0001, 0.0019, 0.0001, 0.0019, 0.0001, 0.0019, 0.0001,
        0.0019, 0.0001, 0.0019, 0.0001, 0.0019, 0.0001, 0.0019, 0.0001, 0.0019,
        0.0001, 0.0019, 0.0001, 0.0019, 0.0001, 0.0019, 0.0001, 0.0019, 0.0001,
        0.0019, 0.0001, 0.0019, 0.0001, 0.0019, 0.0001, 0.0019, 0.0001, 0.0019,
        0.0001, 0.0019, 0.0001, 0.0019, 0.0001, 0.0019, 0.0001, 0.0019, 0.0001,
        0.0019, 0.0001, 0.0019, 0.0001, 0.0019, 0.0001, 0.0019, 0.0001, 0.0019,
        0.0001, 0.0019, 0.0001, 0.0019, 0.0001, 0.0019, 0.0001, 0.0019, 0.0001,
        0.0019, 0.0001, 0.0019, 0.0001, 0.0019, 0.0001, 0.0019, 0.0001, 0.0019,
        0.0001, 0.0019, 0.0001, 0.0019, 0.0001, 0.0019, 0.0001, 0.0019, 0.0001,
        0.0019, 0.0001, 0.0019, 0.0001, 0.0019, 0.0001, 0.0019, 0.0001, 0.0019,
        0.0001, 0.0019, 0.0001, 0.0019, 0.0001, 0.0019, 0.0001, 0.0019, 0.0001,
        0.0019, 0.0001, 0.0019, 0.0001, 0.0019, 0.0001, 0.0019, 0.0001, 0.0019,
        0.0001, 0.0019, 0.0001, 0.0019, 0.0001, 0.0019, 0.0001, 0.0019, 0.0001,
        0.0019, 0.0001, 0.0019, 0.0001, 0.0019, 0.0001, 0.0019, 0.0001, 0.0019,
        0.0001, 0.0019, 0.0001, 0.0019, 0.0001, 0.0019, 0.0001, 0.0019, 0.0001,
        0.0019, 0.0001, 0.0019, 0.0001, 0.0019, 0.0001, 0.0019, 0.0001, 0.0019,
        0.0001, 0.0019, 0.0001, 0.0019, 0.0001, 0.0019, 0.0001, 0.0019, 0.0001,
        0.0019, 0.0001, 0.0019, 0.0001, 0.0019, 0.0001, 0.0019, 0.0001, 0.0019,
        0.0001, 0.0019, 0.0001, 0.0019, 0.0001, 0.0019, 0.0001, 0.0019, 0.0001,
        0.0019, 0.0001, 0.0019, 0.0001, 0.0019, 0.0001, 0.0019, 0.0001, 0.0019,
        0.0001, 0.0019, 0.0001, 0.0019, 0.0001, 0.0019, 0.0001, 0.0019, 0.0001,
        0.0019, 0.0001, 0.0019, 0.0001, 0.0019, 0.0001, 0.0019, 0.0001, 0.0019,
        0.0001, 0.0019, 0.0001, 0.0019, 0.0001, 0.0019, 0.0001, 0.0019, 0.0001,
        0.0019, 0.0001, 0.0019, 0.0001, 0.0019, 0.0001, 0.0019, 0.0001, 0.0019,
        0.0001, 0.0019, 0.0001, 0.0019, 0.0001, 0.0019, 0.0001, 0.0019, 0.0001,
        0.0019, 0.0001, 0.0019, 0.0001, 0.0019, 0.0001, 0.0019, 0.0001, 0.0019,
        0.0001, 0.0019, 0.0001, 0.0019, 0.0001, 0.0019, 0.0001, 0.0019, 0.0001,
        0.0019, 0.0001, 0.0019, 0.0001, 0.0019, 0.0001, 0.0019, 0.0001, 0.0019,
        0.0001, 0.0019, 0.0001, 0.0019, 0.0001, 0.0019, 0.0001, 0.0019, 0.0001,
        0.0019, 0.0001, 0.0019, 0.0001, 0.0019, 0.0001, 0.0019, 0.0001, 0.0019,
        0.0001, 0.0019, 0.0001, 0.0019, 0.0001, 0.0019, 0.0001, 0.0019, 0.0001,
        0.0019, 0.0001, 0.0019, 0.0001, 0.0019, 0.0001, 0.0019, 0.0001, 0.0019,
        0.0001, 0.0019, 0.0001, 0.0019, 0.0001, 0.0019, 0.0001, 0.0019, 0.0001,
        0.0019, 0.0001, 0.0019, 0.0001, 0.0019, 0.0001, 0.0019, 0.0001, 0.0019,
        0.0001, 0.0019, 0.0001, 0.0019, 0.0001, 0.0019, 0.0001, 0.0019, 0.0001,
        0.0019, 0.0001, 0.0019, 0.0001, 0.0019, 0.0001, 0.0019, 0.0001, 0.0019,
        0.0001, 0.0019, 0.0001, 0.0019, 0.0001, 0.0019, 0.0001, 0.0019, 0.0001,
        0.0019, 0.0001, 0.0019, 0.0001, 0.0019, 0.0001, 0.0019, 0.0001, 0.0019,
        0.0001, 0.0019, 0.0001, 0.0019, 0.0001, 0.0019, 0.0001, 0.0019, 0.0001,
        0.0019, 0.0001, 0.0019, 0.0001, 0.0019, 0.0001, 0.0019, 0.0001, 0.0019,
        0.0001, 0.0019, 0.0001, 0.0019, 0.0001, 0.0019, 0.0001, 0.0019, 0.0001,
        0.0019, 0.0001, 0.0019, 0.0001, 0.0019, 0.0001, 0.0019, 0.0001, 0.0019,
        0.0001, 0.0019, 0.0001, 0.0019, 0.0001, 0.0019, 0.0001, 0.0019, 0.0001,
        0.0019, 0.0001, 0.0019, 0.0001, 0.0019, 0.0001, 0.0019, 0.0001, 0.0019,
        0.0001, 0.0019, 0.0001, 0.0019, 0.0001, 0.0019, 0.0001, 0.0019, 0.0001,
        0.0019, 0.0001, 0.0019, 0.0001, 0.0019, 0.0001, 0.0019, 0.0001, 0.0019,
        0.0001, 0.0019, 0.0001, 0.0019, 0.0001, 0.0019, 0.0001, 0.0019, 0.0001,
        0.0019, 0.0001, 0.0019, 0.0001, 0.0019, 0.0001, 0.0019, 0.0001, 0.0019,
        0.0001, 0.0019, 0.0001, 0.0019, 0.0001, 0.0019, 0.0001, 0.0019, 0.0001,
        0.0019, 0.0001, 0.0019, 0.0001, 0.0019, 0.0001, 0.0019, 0.0001, 0.0019,
        0.0001, 0.0019, 0.0001, 0.0019, 0.0001, 0.0019, 0.0001, 0.0019, 0.0001,
        0.0019, 0.0001, 0.0019, 0.0001, 0.0019, 0.0001, 0.0019, 0.0001, 0.0019,
        0.0001, 0.0019, 0.0001, 0.0019, 0.0001, 0.0019, 0.0001, 0.0019, 0.0001,
        0.0019, 0.0001, 0.0019, 0.0001, 0.0019, 0.0001, 0.0019, 0.0001, 0.0019,
        0.0001, 0.0019, 0.0001, 0.0019, 0.0001, 0.0019, 0.0001, 0.0019, 0.0001,
        0.0019, 0.0001, 0.0019, 0.0001, 0.0019, 0.0001, 0.0019, 0.0001, 0.0019,
        0.0001, 0.0019, 0.0001, 0.0019, 0.0001, 0.0019, 0.0001, 0.0019, 0.0001,
        0.0019, 0.0001, 0.0019, 0.0001, 0.0019, 0.0001, 0.0019, 0.0001, 0.0019,
        0.0001, 0.0019, 0.0001, 0.0019, 0.0001, 0.0019, 0.0001, 0.0019, 0.0001,
        0.0019, 0.0001, 0.0019, 0.0001, 0.0019, 0.0001, 0.0019, 0.0001, 0.0019,
        0.0001, 0.0019, 0.0001, 0.0019, 0.0001, 0.0019, 0.0001, 0.0019, 0.0001,
        0.0019, 0.0001, 0.0019, 0.0001, 0.0019, 0.0001, 0.0019, 0.0001, 0.0019,
        0.0001, 0.0019, 0.0001, 0.0019, 0.0001, 0.0019, 0.0001, 0.0019, 0.0001,
        0.0019, 0.0001, 0.0019, 0.0001, 0.0019, 0.0001, 0.0019, 0.0001, 0.0019,
        0.0001, 0.0019, 0.0001, 0.0019, 0.0001, 0.0019, 0.0001, 0.0019, 0.0001,
        0.0019, 0.0001, 0.0019, 0.0001, 0.0019, 0.0001, 0.0019, 0.0001, 0.0019,
        0.0001, 0.0019, 0.0001, 0.0019, 0.0001, 0.0019, 0.0001, 0.0019, 0.0001,
        0.0019, 0.0001, 0.0019, 0.0001, 0.0019, 0.0001, 0.0019, 0.0001, 0.0019,
        0.0001, 0.0019, 0.0001, 0.0019, 0.0001, 0.0019, 0.0001, 0.0019, 0.0001,
        0.0019, 0.0001, 0.0019, 0.0001, 0.0019, 0.0001, 0.0019, 0.0001, 0.0019,
        0.0001, 0.0019, 0.0001, 0.0019, 0.0001, 0.0019, 0.0001, 0.0019, 0.0001,
        0.0019, 0.0001, 0.0019, 0.0001, 0.0019, 0.0001, 0.0019, 0.0001, 0.0019,
        0.0001, 0.0019, 0.0001, 0.0019, 0.0001, 0.0019, 0.0001, 0.0019, 0.0001,
        0.0019, 0.0001, 0.0019, 0.0001, 0.0019, 0.0001, 0.0019, 0.0001, 0.0019,
        0.0001, 0.0019, 0.0001, 0.0019, 0.0001, 0.0019, 0.0001, 0.0019, 0.0001,
        0.0019, 0.0001, 0.0019, 0.0001, 0.0019, 0.0001, 0.0019, 0.0001, 0.0019,
        0.0001, 0.0019, 0.0001, 0.0019, 0.0001, 0.0019, 0.0001, 0.0019, 0.0001,
        0.0019, 0.0001, 0.0019, 0.0001, 0.0019, 0.0001, 0.0019, 0.0001, 0.0019,
        0.0001, 0.0019, 0.0001, 0.0019, 0.0001, 0.0019, 0.0001, 0.0019, 0.0001,
        0.0019, 0.0001, 0.0019, 0.0001, 0.0019, 0.0001, 0.0019, 0.0001, 0.0019,
        0.0001, 0.0019, 0.0001, 0.0019, 0.0001, 0.0019, 0.0001, 0.0019, 0.0001,
        0.0019, 0.0001, 0.0019, 0.0001, 0.0019, 0.0001, 0.0019, 0.0001, 0.0019,
        0.0001, 0.0019, 0.0001, 0.0019, 0.0001, 0.0019, 0.0001, 0.0019, 0.0001,
        0.0019, 0.0001, 0.0019, 0.0001, 0.0019, 0.0001, 0.0019, 0.0001, 0.0019,
        0.0001])
bitflipprojchi, alpha=1, sample size=410000
#########################################
tensor(1067.3253, device='cuda:0')
(1, 1000, 0.0009, 1, 410000, 'projchi', 'bitflip', 1067.3253173828125, 0.06700000166893005, 113.04200220108032, '2024-03-20 10:37:17')
pval: [0.067] -- 1th test, time elapsed 113.04200220108032 -- emperical power so far: 0.0
db insert success
tensor(1120.7372, device='cuda:0')
(2, 1000, 0.0009, 1, 410000, 'projchi', 'bitflip', 1120.7371826171875, 0.003000000026077032, 110.1685848236084, '2024-03-20 10:39:09')
pval: [0.003] -- 2th test, time elapsed 110.1685848236084 -- emperical power so far: 0.5
db insert success
tensor(1249.2963, device='cuda:0')
(3, 1000, 0.0009, 1, 410000, 'projchi', 'bitflip', 1249.2962646484375, 0.0010000000474974513, 110.17569661140442, '2024-03-20 10:41:02')
pval: [0.001] -- 3th test, time elapsed 110.17569661140442 -- emperical power so far: 0.6666666666666666
db insert success
tensor(1184.0635, device='cuda:0')
(4, 1000, 0.0009, 1, 410000, 'projchi', 'bitflip', 1184.0634765625, 0.0010000000474974513, 110.13079023361206, '2024-03-20 10:43:00')
pval: [0.001] -- 4th test, time elapsed 110.13079023361206 -- emperical power so far: 0.75
db insert success
tensor(1188.6963, device='cuda:0')
(5, 1000, 0.0009, 1, 410000, 'projchi', 'bitflip', 1188.6962890625, 0.0010000000474974513, 110.15518808364868, '2024-03-20 10:44:59')
pval: [0.001] -- 5th test, time elapsed 110.15518808364868 -- emperical power so far: 0.8
db insert success
tensor(1188.7119, device='cuda:0')
(6, 1000, 0.0009, 1, 410000, 'projchi', 'bitflip', 1188.7119140625, 0.0010000000474974513, 110.3182635307312, '2024-03-20 10:47:08')
pval: [0.001] -- 6th test, time elapsed 110.3182635307312 -- emperical power so far: 0.8333333333333334
db insert success
tensor(1094.8566, device='cuda:0')
(7, 1000, 0.0009, 1, 410000, 'projchi', 'bitflip', 1094.8565673828125, 0.018000001087784767, 110.34270691871643, '2024-03-20 10:49:04')
pval: [0.018] -- 7th test, time elapsed 110.34270691871643 -- emperical power so far: 0.8571428571428571
db insert success
tensor(1272.1196, device='cuda:0')
(8, 1000, 0.0009, 1, 410000, 'projchi', 'bitflip', 1272.11962890625, 0.0010000000474974513, 109.8029146194458, '2024-03-20 10:51:00')
pval: [0.001] -- 8th test, time elapsed 109.8029146194458 -- emperical power so far: 0.875
db insert success
tensor(1181.0679, device='cuda:0')
(9, 1000, 0.0009, 1, 410000, 'projchi', 'bitflip', 1181.06787109375, 0.0010000000474974513, 109.95447278022766, '2024-03-20 10:52:53')
pval: [0.001] -- 9th test, time elapsed 109.95447278022766 -- emperical power so far: 0.8888888888888888
db insert success
tensor(1245.8281, device='cuda:0')
(10, 1000, 0.0009, 1, 410000, 'projchi', 'bitflip', 1245.828125, 0.0010000000474974513, 109.95209503173828, '2024-03-20 10:54:57')
pval: [0.001] -- 10th test, time elapsed 109.95209503173828 -- emperical power so far: 0.9
db insert success
tensor(1200.6266, device='cuda:0')
(11, 1000, 0.0009, 1, 410000, 'projchi', 'bitflip', 1200.6265869140625, 0.0010000000474974513, 109.85426735877991, '2024-03-20 10:56:50')
pval: [0.001] -- 11th test, time elapsed 109.85426735877991 -- emperical power so far: 0.9090909090909091
db insert success
tensor(1169.0503, device='cuda:0')
(12, 1000, 0.0009, 1, 410000, 'projchi', 'bitflip', 1169.05029296875, 0.0010000000474974513, 109.7224485874176, '2024-03-20 10:58:45')
pval: [0.001] -- 12th test, time elapsed 109.7224485874176 -- emperical power so far: 0.9166666666666666
db insert success
tensor(1169.3679, device='cuda:0')
(13, 1000, 0.0009, 1, 410000, 'projchi', 'bitflip', 1169.367919921875, 0.0010000000474974513, 109.77701091766357, '2024-03-20 11:00:49')
pval: [0.001] -- 13th test, time elapsed 109.77701091766357 -- emperical power so far: 0.9230769230769231
db insert success
tensor(1178.2760, device='cuda:0')
(14, 1000, 0.0009, 1, 410000, 'projchi', 'bitflip', 1178.2760009765625, 0.0010000000474974513, 109.77804923057556, '2024-03-20 11:02:55')
pval: [0.001] -- 14th test, time elapsed 109.77804923057556 -- emperical power so far: 0.9285714285714286
db insert success
tensor(1145.8088, device='cuda:0')
(15, 1000, 0.0009, 1, 410000, 'projchi', 'bitflip', 1145.808837890625, 0.0010000000474974513, 109.98225688934326, '2024-03-20 11:05:05')
pval: [0.001] -- 15th test, time elapsed 109.98225688934326 -- emperical power so far: 0.9333333333333333
db insert success
tensor(1098.5521, device='cuda:0')
(16, 1000, 0.0009, 1, 410000, 'projchi', 'bitflip', 1098.5521240234375, 0.02500000037252903, 109.98667502403259, '2024-03-20 11:07:01')
pval: [0.025] -- 16th test, time elapsed 109.98667502403259 -- emperical power so far: 0.9375
db insert success
tensor(1274.0615, device='cuda:0')
(17, 1000, 0.0009, 1, 410000, 'projchi', 'bitflip', 1274.0615234375, 0.0010000000474974513, 109.88020038604736, '2024-03-20 11:09:07')
pval: [0.001] -- 17th test, time elapsed 109.88020038604736 -- emperical power so far: 0.9411764705882353
db insert success
tensor(1166.9460, device='cuda:0')
(18, 1000, 0.0009, 1, 410000, 'projchi', 'bitflip', 1166.946044921875, 0.0010000000474974513, 109.97810125350952, '2024-03-20 11:11:07')
pval: [0.001] -- 18th test, time elapsed 109.97810125350952 -- emperical power so far: 0.9444444444444444
db insert success
tensor(1211.6687, device='cuda:0')
(19, 1000, 0.0009, 1, 410000, 'projchi', 'bitflip', 1211.668701171875, 0.0010000000474974513, 109.94232726097107, '2024-03-20 11:13:02')
pval: [0.001] -- 19th test, time elapsed 109.94232726097107 -- emperical power so far: 0.9473684210526315
db insert success
tensor(1146.7340, device='cuda:0')
(20, 1000, 0.0009, 1, 410000, 'projchi', 'bitflip', 1146.7340087890625, 0.0010000000474974513, 109.96791076660156, '2024-03-20 11:15:12')
pval: [0.001] -- 20th test, time elapsed 109.96791076660156 -- emperical power so far: 0.95
db insert success
tensor(1211.2727, device='cuda:0')
(21, 1000, 0.0009, 1, 410000, 'projchi', 'bitflip', 1211.272705078125, 0.0010000000474974513, 109.92359495162964, '2024-03-20 11:17:15')
pval: [0.001] -- 21th test, time elapsed 109.92359495162964 -- emperical power so far: 0.9523809523809523
db insert success
tensor(1305.2186, device='cuda:0')
(22, 1000, 0.0009, 1, 410000, 'projchi', 'bitflip', 1305.2186279296875, 0.0010000000474974513, 109.93675327301025, '2024-03-20 11:19:11')
pval: [0.001] -- 22th test, time elapsed 109.93675327301025 -- emperical power so far: 0.9545454545454546
db insert success
tensor(1228.4675, device='cuda:0')
(23, 1000, 0.0009, 1, 410000, 'projchi', 'bitflip', 1228.467529296875, 0.0010000000474974513, 109.95669484138489, '2024-03-20 11:21:04')
pval: [0.001] -- 23th test, time elapsed 109.95669484138489 -- emperical power so far: 0.9565217391304348
db insert success
tensor(1171.0109, device='cuda:0')
(24, 1000, 0.0009, 1, 410000, 'projchi', 'bitflip', 1171.0108642578125, 0.0010000000474974513, 110.03718829154968, '2024-03-20 11:22:59')
pval: [0.001] -- 24th test, time elapsed 110.03718829154968 -- emperical power so far: 0.9583333333333334
db insert success
tensor(1184.9504, device='cuda:0')
(25, 1000, 0.0009, 1, 410000, 'projchi', 'bitflip', 1184.950439453125, 0.0010000000474974513, 110.02407097816467, '2024-03-20 11:24:58')
pval: [0.001] -- 25th test, time elapsed 110.02407097816467 -- emperical power so far: 0.96
db insert success
tensor(1169.4436, device='cuda:0')
(26, 1000, 0.0009, 1, 410000, 'projchi', 'bitflip', 1169.443603515625, 0.0010000000474974513, 110.042231798172, '2024-03-20 11:26:58')
pval: [0.001] -- 26th test, time elapsed 110.042231798172 -- emperical power so far: 0.9615384615384616
db insert success
tensor(1275.8130, device='cuda:0')
(27, 1000, 0.0009, 1, 410000, 'projchi', 'bitflip', 1275.81298828125, 0.0010000000474974513, 109.90793991088867, '2024-03-20 11:29:09')
pval: [0.001] -- 27th test, time elapsed 109.90793991088867 -- emperical power so far: 0.9629629629629629
db insert success
tensor(1205.5092, device='cuda:0')
(28, 1000, 0.0009, 1, 410000, 'projchi', 'bitflip', 1205.5091552734375, 0.0010000000474974513, 109.78227305412292, '2024-03-20 11:31:10')
pval: [0.001] -- 28th test, time elapsed 109.78227305412292 -- emperical power so far: 0.9642857142857143
db insert success
tensor(1192.1194, device='cuda:0')
(29, 1000, 0.0009, 1, 410000, 'projchi', 'bitflip', 1192.119384765625, 0.0010000000474974513, 109.70462703704834, '2024-03-20 11:33:19')
pval: [0.001] -- 29th test, time elapsed 109.70462703704834 -- emperical power so far: 0.9655172413793104
db insert success
tensor(1094.5564, device='cuda:0')
(30, 1000, 0.0009, 1, 410000, 'projchi', 'bitflip', 1094.556396484375, 0.020000001415610313, 109.74667000770569, '2024-03-20 11:35:10')
pval: [0.02] -- 30th test, time elapsed 109.74667000770569 -- emperical power so far: 0.9666666666666667
db insert success
tensor(1151.1272, device='cuda:0')
(31, 1000, 0.0009, 1, 410000, 'projchi', 'bitflip', 1151.127197265625, 0.0010000000474974513, 109.71838355064392, '2024-03-20 11:37:16')
pval: [0.001] -- 31th test, time elapsed 109.71838355064392 -- emperical power so far: 0.967741935483871
db insert success
tensor(1087.8864, device='cuda:0')
(32, 1000, 0.0009, 1, 410000, 'projchi', 'bitflip', 1087.8863525390625, 0.03100000135600567, 109.70879101753235, '2024-03-20 11:39:25')
pval: [0.031] -- 32th test, time elapsed 109.70879101753235 -- emperical power so far: 0.96875
db insert success
tensor(1181.4265, device='cuda:0')
(33, 1000, 0.0009, 1, 410000, 'projchi', 'bitflip', 1181.426513671875, 0.0010000000474974513, 109.91446256637573, '2024-03-20 11:41:30')
pval: [0.001] -- 33th test, time elapsed 109.91446256637573 -- emperical power so far: 0.9696969696969697
db insert success
tensor(1171.1428, device='cuda:0')
(34, 1000, 0.0009, 1, 410000, 'projchi', 'bitflip', 1171.142822265625, 0.0010000000474974513, 110.10729217529297, '2024-03-20 11:43:38')
pval: [0.001] -- 34th test, time elapsed 110.10729217529297 -- emperical power so far: 0.9705882352941176
db insert success
tensor(1262.6163, device='cuda:0')
(35, 1000, 0.0009, 1, 410000, 'projchi', 'bitflip', 1262.6163330078125, 0.0010000000474974513, 110.1340126991272, '2024-03-20 11:45:36')
pval: [0.001] -- 35th test, time elapsed 110.1340126991272 -- emperical power so far: 0.9714285714285714
db insert success
tensor(1064.8973, device='cuda:0')
(36, 1000, 0.0009, 1, 410000, 'projchi', 'bitflip', 1064.8973388671875, 0.06200000271201134, 110.0858371257782, '2024-03-20 11:47:47')
pval: [0.062] -- 36th test, time elapsed 110.0858371257782 -- emperical power so far: 0.9444444444444444
db insert success
tensor(1272.2794, device='cuda:0')
(37, 1000, 0.0009, 1, 410000, 'projchi', 'bitflip', 1272.2794189453125, 0.0010000000474974513, 110.04874181747437, '2024-03-20 11:49:39')
pval: [0.001] -- 37th test, time elapsed 110.04874181747437 -- emperical power so far: 0.9459459459459459
db insert success
tensor(1237.9642, device='cuda:0')
(38, 1000, 0.0009, 1, 410000, 'projchi', 'bitflip', 1237.9642333984375, 0.0010000000474974513, 110.05488228797913, '2024-03-20 11:51:35')
pval: [0.001] -- 38th test, time elapsed 110.05488228797913 -- emperical power so far: 0.9473684210526315
db insert success
tensor(1103.7006, device='cuda:0')
(39, 1000, 0.0009, 1, 410000, 'projchi', 'bitflip', 1103.7005615234375, 0.013000000268220901, 109.91007041931152, '2024-03-20 11:53:45')
pval: [0.013] -- 39th test, time elapsed 109.91007041931152 -- emperical power so far: 0.9487179487179487
db insert success
tensor(1079.3147, device='cuda:0')
(40, 1000, 0.0009, 1, 410000, 'projchi', 'bitflip', 1079.314697265625, 0.04000000283122063, 109.89798974990845, '2024-03-20 11:55:54')
pval: [0.04] -- 40th test, time elapsed 109.89798974990845 -- emperical power so far: 0.95
db insert success
tensor(1155.9961, device='cuda:0')
(41, 1000, 0.0009, 1, 410000, 'projchi', 'bitflip', 1155.99609375, 0.0010000000474974513, 109.87348341941833, '2024-03-20 11:57:53')
pval: [0.001] -- 41th test, time elapsed 109.87348341941833 -- emperical power so far: 0.9512195121951219
db insert success
tensor(1049.9326, device='cuda:0')
(42, 1000, 0.0009, 1, 410000, 'projchi', 'bitflip', 1049.9326171875, 0.1420000046491623, 109.79215812683105, '2024-03-20 11:59:51')
pval: [0.142] -- 42th test, time elapsed 109.79215812683105 -- emperical power so far: 0.9285714285714286
db insert success
tensor(1098.4679, device='cuda:0')
(43, 1000, 0.0009, 1, 410000, 'projchi', 'bitflip', 1098.4678955078125, 0.01100000087171793, 109.70901942253113, '2024-03-20 12:01:54')
pval: [0.011] -- 43th test, time elapsed 109.70901942253113 -- emperical power so far: 0.9302325581395349
db insert success
tensor(1173.6913, device='cuda:0')
(44, 1000, 0.0009, 1, 410000, 'projchi', 'bitflip', 1173.6912841796875, 0.0010000000474974513, 109.67610740661621, '2024-03-20 12:03:56')
pval: [0.001] -- 44th test, time elapsed 109.67610740661621 -- emperical power so far: 0.9318181818181818
db insert success
tensor(1183.5991, device='cuda:0')
(45, 1000, 0.0009, 1, 410000, 'projchi', 'bitflip', 1183.59912109375, 0.0010000000474974513, 109.6905586719513, '2024-03-20 12:05:59')
pval: [0.001] -- 45th test, time elapsed 109.6905586719513 -- emperical power so far: 0.9333333333333333
db insert success
tensor(1148.8036, device='cuda:0')
(46, 1000, 0.0009, 1, 410000, 'projchi', 'bitflip', 1148.8035888671875, 0.0010000000474974513, 109.71056914329529, '2024-03-20 12:07:55')
pval: [0.001] -- 46th test, time elapsed 109.71056914329529 -- emperical power so far: 0.9347826086956522
db insert success
tensor(1130.8539, device='cuda:0')
(47, 1000, 0.0009, 1, 410000, 'projchi', 'bitflip', 1130.8538818359375, 0.003000000026077032, 109.85875296592712, '2024-03-20 12:09:59')
pval: [0.003] -- 47th test, time elapsed 109.85875296592712 -- emperical power so far: 0.9361702127659575
db insert success
tensor(1137.6511, device='cuda:0')
(48, 1000, 0.0009, 1, 410000, 'projchi', 'bitflip', 1137.651123046875, 0.003000000026077032, 109.88816595077515, '2024-03-20 12:12:09')
pval: [0.003] -- 48th test, time elapsed 109.88816595077515 -- emperical power so far: 0.9375
db insert success
tensor(1207.1638, device='cuda:0')
(49, 1000, 0.0009, 1, 410000, 'projchi', 'bitflip', 1207.163818359375, 0.0010000000474974513, 109.85882091522217, '2024-03-20 12:14:08')
pval: [0.001] -- 49th test, time elapsed 109.85882091522217 -- emperical power so far: 0.9387755102040817
db insert success
tensor(1221.0468, device='cuda:0')
(50, 1000, 0.0009, 1, 410000, 'projchi', 'bitflip', 1221.0467529296875, 0.0010000000474974513, 109.83978462219238, '2024-03-20 12:16:17')
pval: [0.001] -- 50th test, time elapsed 109.83978462219238 -- emperical power so far: 0.94
db insert success
tensor(1113.7236, device='cuda:0')
(51, 1000, 0.0009, 1, 410000, 'projchi', 'bitflip', 1113.7236328125, 0.00800000037997961, 109.72870779037476, '2024-03-20 12:18:23')
pval: [0.008] -- 51th test, time elapsed 109.72870779037476 -- emperical power so far: 0.9411764705882353
db insert success
tensor(1139.5071, device='cuda:0')
(52, 1000, 0.0009, 1, 410000, 'projchi', 'bitflip', 1139.507080078125, 0.0020000000949949026, 109.73514008522034, '2024-03-20 12:20:30')
pval: [0.002] -- 52th test, time elapsed 109.73514008522034 -- emperical power so far: 0.9423076923076923
db insert success
tensor(1153.4061, device='cuda:0')
(53, 1000, 0.0009, 1, 410000, 'projchi', 'bitflip', 1153.4061279296875, 0.0010000000474974513, 109.72226810455322, '2024-03-20 12:22:26')
pval: [0.001] -- 53th test, time elapsed 109.72226810455322 -- emperical power so far: 0.9433962264150944
db insert success
tensor(1232.0371, device='cuda:0')
(54, 1000, 0.0009, 1, 410000, 'projchi', 'bitflip', 1232.037109375, 0.0010000000474974513, 109.81768369674683, '2024-03-20 12:24:21')
pval: [0.001] -- 54th test, time elapsed 109.81768369674683 -- emperical power so far: 0.9444444444444444
db insert success
tensor(1131.7052, device='cuda:0')
(55, 1000, 0.0009, 1, 410000, 'projchi', 'bitflip', 1131.7052001953125, 0.006000000052154064, 109.85505986213684, '2024-03-20 12:26:29')
pval: [0.006] -- 55th test, time elapsed 109.85505986213684 -- emperical power so far: 0.9454545454545454
db insert success
tensor(1211.6677, device='cuda:0')
(56, 1000, 0.0009, 1, 410000, 'projchi', 'bitflip', 1211.667724609375, 0.0010000000474974513, 109.86177229881287, '2024-03-20 12:28:21')
pval: [0.001] -- 56th test, time elapsed 109.86177229881287 -- emperical power so far: 0.9464285714285714
db insert success
tensor(1108.7406, device='cuda:0')
(57, 1000, 0.0009, 1, 410000, 'projchi', 'bitflip', 1108.7406005859375, 0.009000000543892384, 109.86573719978333, '2024-03-20 12:30:13')
pval: [0.009] -- 57th test, time elapsed 109.86573719978333 -- emperical power so far: 0.9473684210526315
db insert success
tensor(1142.1534, device='cuda:0')
(58, 1000, 0.0009, 1, 410000, 'projchi', 'bitflip', 1142.1534423828125, 0.0010000000474974513, 109.84206581115723, '2024-03-20 12:32:24')
pval: [0.001] -- 58th test, time elapsed 109.84206581115723 -- emperical power so far: 0.9482758620689655
db insert success
tensor(1169.2949, device='cuda:0')
(59, 1000, 0.0009, 1, 410000, 'projchi', 'bitflip', 1169.294921875, 0.0010000000474974513, 109.8654568195343, '2024-03-20 12:34:20')
pval: [0.001] -- 59th test, time elapsed 109.8654568195343 -- emperical power so far: 0.9491525423728814
db insert success
tensor(1322.1501, device='cuda:0')
(60, 1000, 0.0009, 1, 410000, 'projchi', 'bitflip', 1322.150146484375, 0.0010000000474974513, 109.89603543281555, '2024-03-20 12:36:21')
pval: [0.001] -- 60th test, time elapsed 109.89603543281555 -- emperical power so far: 0.95
db insert success
tensor(1141.9563, device='cuda:0')
(61, 1000, 0.0009, 1, 410000, 'projchi', 'bitflip', 1141.956298828125, 0.0010000000474974513, 109.90083408355713, '2024-03-20 12:38:19')
pval: [0.001] -- 61th test, time elapsed 109.90083408355713 -- emperical power so far: 0.9508196721311475
db insert success
tensor(1198.7899, device='cuda:0')
(62, 1000, 0.0009, 1, 410000, 'projchi', 'bitflip', 1198.7899169921875, 0.0010000000474974513, 109.89790964126587, '2024-03-20 12:40:12')
pval: [0.001] -- 62th test, time elapsed 109.89790964126587 -- emperical power so far: 0.9516129032258065
db insert success
tensor(1218.3309, device='cuda:0')
(63, 1000, 0.0009, 1, 410000, 'projchi', 'bitflip', 1218.3309326171875, 0.0010000000474974513, 109.8538978099823, '2024-03-20 12:42:23')
pval: [0.001] -- 63th test, time elapsed 109.8538978099823 -- emperical power so far: 0.9523809523809523
db insert success
tensor(1197.1927, device='cuda:0')
(64, 1000, 0.0009, 1, 410000, 'projchi', 'bitflip', 1197.1927490234375, 0.0010000000474974513, 109.88190364837646, '2024-03-20 12:44:28')
pval: [0.001] -- 64th test, time elapsed 109.88190364837646 -- emperical power so far: 0.953125
db insert success
tensor(1274.0303, device='cuda:0')
(65, 1000, 0.0009, 1, 410000, 'projchi', 'bitflip', 1274.0302734375, 0.0010000000474974513, 109.85065174102783, '2024-03-20 12:46:28')
pval: [0.001] -- 65th test, time elapsed 109.85065174102783 -- emperical power so far: 0.9538461538461539
db insert success
tensor(1156.2150, device='cuda:0')
(66, 1000, 0.0009, 1, 410000, 'projchi', 'bitflip', 1156.2149658203125, 0.0020000000949949026, 109.70733714103699, '2024-03-20 12:48:20')
pval: [0.002] -- 66th test, time elapsed 109.70733714103699 -- emperical power so far: 0.9545454545454546
db insert success
tensor(1138.3821, device='cuda:0')
(67, 1000, 0.0009, 1, 410000, 'projchi', 'bitflip', 1138.382080078125, 0.0010000000474974513, 109.71211075782776, '2024-03-20 12:50:13')
pval: [0.001] -- 67th test, time elapsed 109.71211075782776 -- emperical power so far: 0.9552238805970149
db insert success
tensor(1158.8160, device='cuda:0')
(68, 1000, 0.0009, 1, 410000, 'projchi', 'bitflip', 1158.8160400390625, 0.0010000000474974513, 109.74924039840698, '2024-03-20 12:52:16')
pval: [0.001] -- 68th test, time elapsed 109.74924039840698 -- emperical power so far: 0.9558823529411765
db insert success
tensor(1120.9612, device='cuda:0')
(69, 1000, 0.0009, 1, 410000, 'projchi', 'bitflip', 1120.961181640625, 0.005000000353902578, 109.71802306175232, '2024-03-20 12:54:12')
pval: [0.005] -- 69th test, time elapsed 109.71802306175232 -- emperical power so far: 0.9565217391304348
db insert success
tensor(1192.0927, device='cuda:0')
(70, 1000, 0.0009, 1, 410000, 'projchi', 'bitflip', 1192.0926513671875, 0.0020000000949949026, 109.85173892974854, '2024-03-20 12:56:04')
pval: [0.002] -- 70th test, time elapsed 109.85173892974854 -- emperical power so far: 0.9571428571428572
db insert success
tensor(1174.7928, device='cuda:0')
(71, 1000, 0.0009, 1, 410000, 'projchi', 'bitflip', 1174.7928466796875, 0.0010000000474974513, 109.719966173172, '2024-03-20 12:58:10')
pval: [0.001] -- 71th test, time elapsed 109.719966173172 -- emperical power so far: 0.9577464788732394
db insert success
tensor(1172.6450, device='cuda:0')
(72, 1000, 0.0009, 1, 410000, 'projchi', 'bitflip', 1172.64501953125, 0.0010000000474974513, 109.69724202156067, '2024-03-20 13:00:01')
pval: [0.001] -- 72th test, time elapsed 109.69724202156067 -- emperical power so far: 0.9583333333333334
db insert success
tensor(1186.9777, device='cuda:0')
(73, 1000, 0.0009, 1, 410000, 'projchi', 'bitflip', 1186.9776611328125, 0.0010000000474974513, 109.72516894340515, '2024-03-20 13:02:04')
pval: [0.001] -- 73th test, time elapsed 109.72516894340515 -- emperical power so far: 0.958904109589041
db insert success
tensor(1080.8789, device='cuda:0')
(74, 1000, 0.0009, 1, 410000, 'projchi', 'bitflip', 1080.87890625, 0.027000000700354576, 109.96683144569397, '2024-03-20 13:04:00')
pval: [0.027] -- 74th test, time elapsed 109.96683144569397 -- emperical power so far: 0.9594594594594594
db insert success
tensor(1205.8491, device='cuda:0')
(75, 1000, 0.0009, 1, 410000, 'projchi', 'bitflip', 1205.84912109375, 0.0010000000474974513, 110.011385679245, '2024-03-20 13:06:08')
pval: [0.001] -- 75th test, time elapsed 110.011385679245 -- emperical power so far: 0.96
db insert success
tensor(1192.1017, device='cuda:0')
(76, 1000, 0.0009, 1, 410000, 'projchi', 'bitflip', 1192.1016845703125, 0.0010000000474974513, 110.05495977401733, '2024-03-20 13:08:01')
pval: [0.001] -- 76th test, time elapsed 110.05495977401733 -- emperical power so far: 0.9605263157894737
db insert success
tensor(1207.4098, device='cuda:0')
(77, 1000, 0.0009, 1, 410000, 'projchi', 'bitflip', 1207.4097900390625, 0.0010000000474974513, 109.9758369922638, '2024-03-20 13:10:02')
pval: [0.001] -- 77th test, time elapsed 109.9758369922638 -- emperical power so far: 0.961038961038961
db insert success
tensor(1154.9216, device='cuda:0')
(78, 1000, 0.0009, 1, 410000, 'projchi', 'bitflip', 1154.921630859375, 0.0010000000474974513, 109.96551060676575, '2024-03-20 13:12:10')
pval: [0.001] -- 78th test, time elapsed 109.96551060676575 -- emperical power so far: 0.9615384615384616
db insert success
tensor(1097.8225, device='cuda:0')
(79, 1000, 0.0009, 1, 410000, 'projchi', 'bitflip', 1097.822509765625, 0.014000000432133675, 109.92449378967285, '2024-03-20 13:14:08')
pval: [0.014] -- 79th test, time elapsed 109.92449378967285 -- emperical power so far: 0.9620253164556962
db insert success
tensor(1118.4033, device='cuda:0')
(80, 1000, 0.0009, 1, 410000, 'projchi', 'bitflip', 1118.4033203125, 0.006000000052154064, 109.95506882667542, '2024-03-20 13:16:18')
pval: [0.006] -- 80th test, time elapsed 109.95506882667542 -- emperical power so far: 0.9625
db insert success
tensor(1186.2263, device='cuda:0')
(81, 1000, 0.0009, 1, 410000, 'projchi', 'bitflip', 1186.226318359375, 0.0010000000474974513, 109.91534233093262, '2024-03-20 13:18:11')
pval: [0.001] -- 81th test, time elapsed 109.91534233093262 -- emperical power so far: 0.9629629629629629
db insert success
tensor(1201.4100, device='cuda:0')
(82, 1000, 0.0009, 1, 410000, 'projchi', 'bitflip', 1201.4100341796875, 0.0010000000474974513, 109.96922588348389, '2024-03-20 13:20:07')
pval: [0.001] -- 82th test, time elapsed 109.96922588348389 -- emperical power so far: 0.9634146341463414
db insert success
tensor(1278.5746, device='cuda:0')
(83, 1000, 0.0009, 1, 410000, 'projchi', 'bitflip', 1278.5745849609375, 0.0010000000474974513, 109.93421220779419, '2024-03-20 13:22:17')
pval: [0.001] -- 83th test, time elapsed 109.93421220779419 -- emperical power so far: 0.963855421686747
db insert success
tensor(1137.6337, device='cuda:0')
(84, 1000, 0.0009, 1, 410000, 'projchi', 'bitflip', 1137.6336669921875, 0.003000000026077032, 109.9234824180603, '2024-03-20 13:24:18')
pval: [0.003] -- 84th test, time elapsed 109.9234824180603 -- emperical power so far: 0.9642857142857143
db insert success
tensor(1162.3474, device='cuda:0')
(85, 1000, 0.0009, 1, 410000, 'projchi', 'bitflip', 1162.347412109375, 0.0020000000949949026, 110.01676559448242, '2024-03-20 13:26:26')
pval: [0.002] -- 85th test, time elapsed 110.01676559448242 -- emperical power so far: 0.9647058823529412
db insert success
tensor(1144.7622, device='cuda:0')
(86, 1000, 0.0009, 1, 410000, 'projchi', 'bitflip', 1144.76220703125, 0.0020000000949949026, 109.94755959510803, '2024-03-20 13:28:34')
pval: [0.002] -- 86th test, time elapsed 109.94755959510803 -- emperical power so far: 0.9651162790697675
db insert success
tensor(1188.9352, device='cuda:0')
(87, 1000, 0.0009, 1, 410000, 'projchi', 'bitflip', 1188.9351806640625, 0.0010000000474974513, 109.75028324127197, '2024-03-20 13:30:44')
pval: [0.001] -- 87th test, time elapsed 109.75028324127197 -- emperical power so far: 0.9655172413793104
db insert success
tensor(1161.2211, device='cuda:0')
(88, 1000, 0.0009, 1, 410000, 'projchi', 'bitflip', 1161.2210693359375, 0.0010000000474974513, 109.91528677940369, '2024-03-20 13:32:47')
pval: [0.001] -- 88th test, time elapsed 109.91528677940369 -- emperical power so far: 0.9659090909090909
db insert success
tensor(1140.1348, device='cuda:0')
(89, 1000, 0.0009, 1, 410000, 'projchi', 'bitflip', 1140.134765625, 0.0010000000474974513, 109.9452977180481, '2024-03-20 13:34:43')
pval: [0.001] -- 89th test, time elapsed 109.9452977180481 -- emperical power so far: 0.9662921348314607
db insert success
tensor(1185.8055, device='cuda:0')
(90, 1000, 0.0009, 1, 410000, 'projchi', 'bitflip', 1185.8055419921875, 0.0010000000474974513, 109.97469687461853, '2024-03-20 13:36:52')
pval: [0.001] -- 90th test, time elapsed 109.97469687461853 -- emperical power so far: 0.9666666666666667
db insert success
tensor(1212.3538, device='cuda:0')
(91, 1000, 0.0009, 1, 410000, 'projchi', 'bitflip', 1212.353759765625, 0.0010000000474974513, 109.9099178314209, '2024-03-20 13:38:47')
pval: [0.001] -- 91th test, time elapsed 109.9099178314209 -- emperical power so far: 0.967032967032967
db insert success
tensor(1159.5051, device='cuda:0')
(92, 1000, 0.0009, 1, 410000, 'projchi', 'bitflip', 1159.505126953125, 0.0010000000474974513, 109.97567105293274, '2024-03-20 13:40:58')
pval: [0.001] -- 92th test, time elapsed 109.97567105293274 -- emperical power so far: 0.967391304347826
db insert success
tensor(1169.8713, device='cuda:0')
(93, 1000, 0.0009, 1, 410000, 'projchi', 'bitflip', 1169.871337890625, 0.0010000000474974513, 110.05078387260437, '2024-03-20 13:42:53')
pval: [0.001] -- 93th test, time elapsed 110.05078387260437 -- emperical power so far: 0.967741935483871
db insert success
tensor(1188.6357, device='cuda:0')
(94, 1000, 0.0009, 1, 410000, 'projchi', 'bitflip', 1188.6357421875, 0.0010000000474974513, 110.09695768356323, '2024-03-20 13:45:02')
pval: [0.001] -- 94th test, time elapsed 110.09695768356323 -- emperical power so far: 0.9680851063829787
db insert success
tensor(1143.8311, device='cuda:0')
(95, 1000, 0.0009, 1, 410000, 'projchi', 'bitflip', 1143.8310546875, 0.003000000026077032, 109.98375153541565, '2024-03-20 13:47:09')
pval: [0.003] -- 95th test, time elapsed 109.98375153541565 -- emperical power so far: 0.968421052631579
db insert success
tensor(1176.6857, device='cuda:0')
(96, 1000, 0.0009, 1, 410000, 'projchi', 'bitflip', 1176.6856689453125, 0.0010000000474974513, 109.92317652702332, '2024-03-20 13:49:08')
pval: [0.001] -- 96th test, time elapsed 109.92317652702332 -- emperical power so far: 0.96875
db insert success
tensor(1188.6196, device='cuda:0')
(97, 1000, 0.0009, 1, 410000, 'projchi', 'bitflip', 1188.61962890625, 0.0010000000474974513, 109.90462851524353, '2024-03-20 13:51:08')
pval: [0.001] -- 97th test, time elapsed 109.90462851524353 -- emperical power so far: 0.9690721649484536
db insert success
tensor(1165.9688, device='cuda:0')
(98, 1000, 0.0009, 1, 410000, 'projchi', 'bitflip', 1165.96875, 0.0010000000474974513, 109.92905902862549, '2024-03-20 13:53:02')
pval: [0.001] -- 98th test, time elapsed 109.92905902862549 -- emperical power so far: 0.9693877551020408
db insert success
tensor(1150.7050, device='cuda:0')
(99, 1000, 0.0009, 1, 410000, 'projchi', 'bitflip', 1150.7049560546875, 0.003000000026077032, 109.93423795700073, '2024-03-20 13:55:10')
pval: [0.003] -- 99th test, time elapsed 109.93423795700073 -- emperical power so far: 0.9696969696969697
db insert success
tensor(1181.2109, device='cuda:0')
(100, 1000, 0.0009, 1, 410000, 'projchi', 'bitflip', 1181.2109375, 0.0010000000474974513, 109.90146040916443, '2024-03-20 13:57:12')
pval: [0.001] -- 100th test, time elapsed 109.90146040916443 -- emperical power so far: 0.97
db insert success
tensor(1142.7865, device='cuda:0')
(101, 1000, 0.0009, 1, 410000, 'projchi', 'bitflip', 1142.7864990234375, 0.0020000000949949026, 109.92080593109131, '2024-03-20 13:59:18')
pval: [0.002] -- 101th test, time elapsed 109.92080593109131 -- emperical power so far: 0.9702970297029703
db insert success
tensor(1175.2921, device='cuda:0')
(102, 1000, 0.0009, 1, 410000, 'projchi', 'bitflip', 1175.2921142578125, 0.0010000000474974513, 109.9149820804596, '2024-03-20 14:01:17')
pval: [0.001] -- 102th test, time elapsed 109.9149820804596 -- emperical power so far: 0.9705882352941176
db insert success
tensor(1203.8492, device='cuda:0')
(103, 1000, 0.0009, 1, 410000, 'projchi', 'bitflip', 1203.8492431640625, 0.0010000000474974513, 109.91067862510681, '2024-03-20 14:03:15')
pval: [0.001] -- 103th test, time elapsed 109.91067862510681 -- emperical power so far: 0.970873786407767
db insert success
tensor(1126.1980, device='cuda:0')
(104, 1000, 0.0009, 1, 410000, 'projchi', 'bitflip', 1126.197998046875, 0.00800000037997961, 109.86494040489197, '2024-03-20 14:05:21')
pval: [0.008] -- 104th test, time elapsed 109.86494040489197 -- emperical power so far: 0.9711538461538461
db insert success
tensor(1168.8350, device='cuda:0')
(105, 1000, 0.0009, 1, 410000, 'projchi', 'bitflip', 1168.8349609375, 0.0010000000474974513, 109.88617515563965, '2024-03-20 14:07:12')
pval: [0.001] -- 105th test, time elapsed 109.88617515563965 -- emperical power so far: 0.9714285714285714
db insert success
tensor(1149.6904, device='cuda:0')
(106, 1000, 0.0009, 1, 410000, 'projchi', 'bitflip', 1149.6904296875, 0.0020000000949949026, 109.88441634178162, '2024-03-20 14:09:07')
pval: [0.002] -- 106th test, time elapsed 109.88441634178162 -- emperical power so far: 0.9716981132075472
db insert success
tensor(1117.0492, device='cuda:0')
(107, 1000, 0.0009, 1, 410000, 'projchi', 'bitflip', 1117.0491943359375, 0.00800000037997961, 109.90856766700745, '2024-03-20 14:11:17')
pval: [0.008] -- 107th test, time elapsed 109.90856766700745 -- emperical power so far: 0.9719626168224299
db insert success
tensor(1144.3047, device='cuda:0')
(108, 1000, 0.0009, 1, 410000, 'projchi', 'bitflip', 1144.3046875, 0.0010000000474974513, 109.90486311912537, '2024-03-20 14:13:18')
pval: [0.001] -- 108th test, time elapsed 109.90486311912537 -- emperical power so far: 0.9722222222222222
db insert success
tensor(1182.7976, device='cuda:0')
(109, 1000, 0.0009, 1, 410000, 'projchi', 'bitflip', 1182.797607421875, 0.0010000000474974513, 109.91960549354553, '2024-03-20 14:15:19')
pval: [0.001] -- 109th test, time elapsed 109.91960549354553 -- emperical power so far: 0.9724770642201835
db insert success
tensor(1054.4148, device='cuda:0')
(110, 1000, 0.0009, 1, 410000, 'projchi', 'bitflip', 1054.414794921875, 0.1080000028014183, 109.91064047813416, '2024-03-20 14:17:29')
pval: [0.108] -- 110th test, time elapsed 109.91064047813416 -- emperical power so far: 0.9636363636363636
db insert success
tensor(1096.5522, device='cuda:0')
(111, 1000, 0.0009, 1, 410000, 'projchi', 'bitflip', 1096.55224609375, 0.015000000596046448, 109.90244126319885, '2024-03-20 14:19:34')
pval: [0.015] -- 111th test, time elapsed 109.90244126319885 -- emperical power so far: 0.963963963963964
db insert success
tensor(1222.8087, device='cuda:0')
(112, 1000, 0.0009, 1, 410000, 'projchi', 'bitflip', 1222.8087158203125, 0.0010000000474974513, 109.89928126335144, '2024-03-20 14:21:36')
pval: [0.001] -- 112th test, time elapsed 109.89928126335144 -- emperical power so far: 0.9642857142857143
db insert success
tensor(1103.5312, device='cuda:0')
(113, 1000, 0.0009, 1, 410000, 'projchi', 'bitflip', 1103.53125, 0.013000000268220901, 109.90421342849731, '2024-03-20 14:23:41')
pval: [0.013] -- 113th test, time elapsed 109.90421342849731 -- emperical power so far: 0.9646017699115044
db insert success
tensor(1131.6888, device='cuda:0')
(114, 1000, 0.0009, 1, 410000, 'projchi', 'bitflip', 1131.6888427734375, 0.004000000189989805, 109.69662523269653, '2024-03-20 14:25:50')
pval: [0.004] -- 114th test, time elapsed 109.69662523269653 -- emperical power so far: 0.9649122807017544
db insert success
tensor(1164.3655, device='cuda:0')
(115, 1000, 0.0009, 1, 410000, 'projchi', 'bitflip', 1164.365478515625, 0.0010000000474974513, 109.71160793304443, '2024-03-20 14:27:43')
pval: [0.001] -- 115th test, time elapsed 109.71160793304443 -- emperical power so far: 0.9652173913043478
db insert success
tensor(1205.9805, device='cuda:0')
(116, 1000, 0.0009, 1, 410000, 'projchi', 'bitflip', 1205.98046875, 0.0010000000474974513, 109.8776068687439, '2024-03-20 14:29:53')
pval: [0.001] -- 116th test, time elapsed 109.8776068687439 -- emperical power so far: 0.9655172413793104
db insert success
tensor(1163.2811, device='cuda:0')
(117, 1000, 0.0009, 1, 410000, 'projchi', 'bitflip', 1163.2811279296875, 0.0020000000949949026, 109.88592481613159, '2024-03-20 14:31:55')
pval: [0.002] -- 117th test, time elapsed 109.88592481613159 -- emperical power so far: 0.9658119658119658
db insert success
tensor(1207.4750, device='cuda:0')
(118, 1000, 0.0009, 1, 410000, 'projchi', 'bitflip', 1207.4749755859375, 0.0010000000474974513, 109.88159370422363, '2024-03-20 14:33:50')
pval: [0.001] -- 118th test, time elapsed 109.88159370422363 -- emperical power so far: 0.9661016949152542
db insert success
tensor(1154.9995, device='cuda:0')
(119, 1000, 0.0009, 1, 410000, 'projchi', 'bitflip', 1154.99951171875, 0.0010000000474974513, 109.946702003479, '2024-03-20 14:35:59')
pval: [0.001] -- 119th test, time elapsed 109.946702003479 -- emperical power so far: 0.9663865546218487
db insert success
tensor(1162.9463, device='cuda:0')
(120, 1000, 0.0009, 1, 410000, 'projchi', 'bitflip', 1162.9462890625, 0.0010000000474974513, 109.90511989593506, '2024-03-20 14:38:07')
pval: [0.001] -- 120th test, time elapsed 109.90511989593506 -- emperical power so far: 0.9666666666666667
db insert success
tensor(1131.9039, device='cuda:0')
(121, 1000, 0.0009, 1, 410000, 'projchi', 'bitflip', 1131.9039306640625, 0.005000000353902578, 109.87963962554932, '2024-03-20 14:40:15')
pval: [0.005] -- 121th test, time elapsed 109.87963962554932 -- emperical power so far: 0.9669421487603306
db insert success
tensor(1130.6576, device='cuda:0')
(122, 1000, 0.0009, 1, 410000, 'projchi', 'bitflip', 1130.6575927734375, 0.0010000000474974513, 109.70614504814148, '2024-03-20 14:42:24')
pval: [0.001] -- 122th test, time elapsed 109.70614504814148 -- emperical power so far: 0.9672131147540983
db insert success
tensor(1186.8933, device='cuda:0')
(123, 1000, 0.0009, 1, 410000, 'projchi', 'bitflip', 1186.893310546875, 0.0010000000474974513, 109.70786809921265, '2024-03-20 14:44:21')
pval: [0.001] -- 123th test, time elapsed 109.70786809921265 -- emperical power so far: 0.967479674796748
db insert success
tensor(1076.1124, device='cuda:0')
(124, 1000, 0.0009, 1, 410000, 'projchi', 'bitflip', 1076.1124267578125, 0.049000002443790436, 109.69758486747742, '2024-03-20 14:46:30')
pval: [0.049] -- 124th test, time elapsed 109.69758486747742 -- emperical power so far: 0.967741935483871
db insert success
tensor(1165.2251, device='cuda:0')
(125, 1000, 0.0009, 1, 410000, 'projchi', 'bitflip', 1165.22509765625, 0.0010000000474974513, 109.90058302879333, '2024-03-20 14:48:40')
pval: [0.001] -- 125th test, time elapsed 109.90058302879333 -- emperical power so far: 0.968
db insert success
tensor(1246.1486, device='cuda:0')
(126, 1000, 0.0009, 1, 410000, 'projchi', 'bitflip', 1246.1485595703125, 0.0010000000474974513, 110.1834602355957, '2024-03-20 14:50:39')
pval: [0.001] -- 126th test, time elapsed 110.1834602355957 -- emperical power so far: 0.9682539682539683
db insert success
tensor(1201.1904, device='cuda:0')
(127, 1000, 0.0009, 1, 410000, 'projchi', 'bitflip', 1201.1904296875, 0.0010000000474974513, 110.04646611213684, '2024-03-20 14:52:31')
pval: [0.001] -- 127th test, time elapsed 110.04646611213684 -- emperical power so far: 0.968503937007874
db insert success
tensor(1142.4456, device='cuda:0')
(128, 1000, 0.0009, 1, 410000, 'projchi', 'bitflip', 1142.445556640625, 0.005000000353902578, 110.0871992111206, '2024-03-20 14:54:34')
pval: [0.005] -- 128th test, time elapsed 110.0871992111206 -- emperical power so far: 0.96875
db insert success
tensor(1200.2140, device='cuda:0')
(129, 1000, 0.0009, 1, 410000, 'projchi', 'bitflip', 1200.2139892578125, 0.0010000000474974513, 110.16359877586365, '2024-03-20 14:56:28')
pval: [0.001] -- 129th test, time elapsed 110.16359877586365 -- emperical power so far: 0.9689922480620154
db insert success
tensor(1188.1222, device='cuda:0')
(130, 1000, 0.0009, 1, 410000, 'projchi', 'bitflip', 1188.1221923828125, 0.0010000000474974513, 110.06510639190674, '2024-03-20 14:58:31')
pval: [0.001] -- 130th test, time elapsed 110.06510639190674 -- emperical power so far: 0.9692307692307692
db insert success
tensor(1125.5737, device='cuda:0')
(131, 1000, 0.0009, 1, 410000, 'projchi', 'bitflip', 1125.57373046875, 0.003000000026077032, 110.15093755722046, '2024-03-20 15:00:27')
pval: [0.003] -- 131th test, time elapsed 110.15093755722046 -- emperical power so far: 0.9694656488549618
db insert success
tensor(1168.5551, device='cuda:0')
(132, 1000, 0.0009, 1, 410000, 'projchi', 'bitflip', 1168.5550537109375, 0.0010000000474974513, 110.18504476547241, '2024-03-20 15:02:28')
pval: [0.001] -- 132th test, time elapsed 110.18504476547241 -- emperical power so far: 0.9696969696969697
db insert success
tensor(1118.5095, device='cuda:0')
(133, 1000, 0.0009, 1, 410000, 'projchi', 'bitflip', 1118.509521484375, 0.005000000353902578, 110.19086909294128, '2024-03-20 15:04:31')
pval: [0.005] -- 133th test, time elapsed 110.19086909294128 -- emperical power so far: 0.9699248120300752
db insert success
tensor(1247.1230, device='cuda:0')
(134, 1000, 0.0009, 1, 410000, 'projchi', 'bitflip', 1247.123046875, 0.0010000000474974513, 110.15580105781555, '2024-03-20 15:06:42')
pval: [0.001] -- 134th test, time elapsed 110.15580105781555 -- emperical power so far: 0.9701492537313433
db insert success
tensor(1053.4740, device='cuda:0')
(135, 1000, 0.0009, 1, 410000, 'projchi', 'bitflip', 1053.4739990234375, 0.10700000822544098, 109.85010576248169, '2024-03-20 15:08:41')
pval: [0.10700001] -- 135th test, time elapsed 109.85010576248169 -- emperical power so far: 0.9629629629629629
db insert success
tensor(1155.2150, device='cuda:0')
(136, 1000, 0.0009, 1, 410000, 'projchi', 'bitflip', 1155.2149658203125, 0.003000000026077032, 110.02348017692566, '2024-03-20 15:10:41')
pval: [0.003] -- 136th test, time elapsed 110.02348017692566 -- emperical power so far: 0.9632352941176471
db insert success
tensor(1119.4481, device='cuda:0')
(137, 1000, 0.0009, 1, 410000, 'projchi', 'bitflip', 1119.4481201171875, 0.005000000353902578, 109.91092562675476, '2024-03-20 15:12:46')
pval: [0.005] -- 137th test, time elapsed 109.91092562675476 -- emperical power so far: 0.9635036496350365
db insert success
tensor(1211.9781, device='cuda:0')
(138, 1000, 0.0009, 1, 410000, 'projchi', 'bitflip', 1211.9781494140625, 0.0010000000474974513, 109.96765661239624, '2024-03-20 15:14:51')
pval: [0.001] -- 138th test, time elapsed 109.96765661239624 -- emperical power so far: 0.9637681159420289
db insert success
tensor(1109.3990, device='cuda:0')
(139, 1000, 0.0009, 1, 410000, 'projchi', 'bitflip', 1109.3990478515625, 0.005000000353902578, 110.04084062576294, '2024-03-20 15:16:53')
pval: [0.005] -- 139th test, time elapsed 110.04084062576294 -- emperical power so far: 0.9640287769784173
db insert success
tensor(1145.0229, device='cuda:0')
(140, 1000, 0.0009, 1, 410000, 'projchi', 'bitflip', 1145.02294921875, 0.0010000000474974513, 109.90422010421753, '2024-03-20 15:18:55')
pval: [0.001] -- 140th test, time elapsed 109.90422010421753 -- emperical power so far: 0.9642857142857143
db insert success
tensor(1240.4783, device='cuda:0')
(141, 1000, 0.0009, 1, 410000, 'projchi', 'bitflip', 1240.478271484375, 0.0010000000474974513, 109.91489124298096, '2024-03-20 15:20:54')
pval: [0.001] -- 141th test, time elapsed 109.91489124298096 -- emperical power so far: 0.9645390070921985
db insert success
tensor(1222.0792, device='cuda:0')
(142, 1000, 0.0009, 1, 410000, 'projchi', 'bitflip', 1222.0792236328125, 0.0010000000474974513, 109.923171043396, '2024-03-20 15:22:48')
pval: [0.001] -- 142th test, time elapsed 109.923171043396 -- emperical power so far: 0.9647887323943662
db insert success
tensor(1139.6257, device='cuda:0')
(143, 1000, 0.0009, 1, 410000, 'projchi', 'bitflip', 1139.625732421875, 0.003000000026077032, 109.9332365989685, '2024-03-20 15:24:47')
pval: [0.003] -- 143th test, time elapsed 109.9332365989685 -- emperical power so far: 0.965034965034965
db insert success
tensor(1134.1016, device='cuda:0')
(144, 1000, 0.0009, 1, 410000, 'projchi', 'bitflip', 1134.1015625, 0.003000000026077032, 109.91376233100891, '2024-03-20 15:26:53')
pval: [0.003] -- 144th test, time elapsed 109.91376233100891 -- emperical power so far: 0.9652777777777778
db insert success
tensor(1143.9072, device='cuda:0')
(145, 1000, 0.0009, 1, 410000, 'projchi', 'bitflip', 1143.9072265625, 0.0010000000474974513, 109.89363265037537, '2024-03-20 15:28:45')
pval: [0.001] -- 145th test, time elapsed 109.89363265037537 -- emperical power so far: 0.9655172413793104
db insert success
tensor(1117.1285, device='cuda:0')
(146, 1000, 0.0009, 1, 410000, 'projchi', 'bitflip', 1117.1285400390625, 0.00800000037997961, 109.93841433525085, '2024-03-20 15:30:50')
pval: [0.008] -- 146th test, time elapsed 109.93841433525085 -- emperical power so far: 0.9657534246575342
db insert success
tensor(1144.0525, device='cuda:0')
(147, 1000, 0.0009, 1, 410000, 'projchi', 'bitflip', 1144.052490234375, 0.0020000000949949026, 109.91613578796387, '2024-03-20 15:32:56')
pval: [0.002] -- 147th test, time elapsed 109.91613578796387 -- emperical power so far: 0.9659863945578231
db insert success
tensor(1156.9788, device='cuda:0')
(148, 1000, 0.0009, 1, 410000, 'projchi', 'bitflip', 1156.978759765625, 0.0010000000474974513, 109.79177331924438, '2024-03-20 15:34:55')
pval: [0.001] -- 148th test, time elapsed 109.79177331924438 -- emperical power so far: 0.9662162162162162
db insert success
tensor(1232.8215, device='cuda:0')
(149, 1000, 0.0009, 1, 410000, 'projchi', 'bitflip', 1232.821533203125, 0.0010000000474974513, 109.68658828735352, '2024-03-20 15:37:05')
pval: [0.001] -- 149th test, time elapsed 109.68658828735352 -- emperical power so far: 0.9664429530201343
db insert success
tensor(1189.5770, device='cuda:0')
(150, 1000, 0.0009, 1, 410000, 'projchi', 'bitflip', 1189.5770263671875, 0.0010000000474974513, 109.73189067840576, '2024-03-20 15:39:07')
pval: [0.001] -- 150th test, time elapsed 109.73189067840576 -- emperical power so far: 0.9666666666666667
db insert success
tensor(1160.9219, device='cuda:0')
(151, 1000, 0.0009, 1, 410000, 'projchi', 'bitflip', 1160.921875, 0.0020000000949949026, 109.71266508102417, '2024-03-20 15:41:10')
pval: [0.002] -- 151th test, time elapsed 109.71266508102417 -- emperical power so far: 0.9668874172185431
db insert success
tensor(1108.2725, device='cuda:0')
(152, 1000, 0.0009, 1, 410000, 'projchi', 'bitflip', 1108.2724609375, 0.01100000087171793, 109.719899892807, '2024-03-20 15:43:09')
pval: [0.011] -- 152th test, time elapsed 109.719899892807 -- emperical power so far: 0.9671052631578947
db insert success
tensor(1058.3871, device='cuda:0')
(153, 1000, 0.0009, 1, 410000, 'projchi', 'bitflip', 1058.3870849609375, 0.09000000357627869, 109.71784663200378, '2024-03-20 15:45:05')
pval: [0.09] -- 153th test, time elapsed 109.71784663200378 -- emperical power so far: 0.9607843137254902
db insert success
tensor(1170.7101, device='cuda:0')
(154, 1000, 0.0009, 1, 410000, 'projchi', 'bitflip', 1170.7100830078125, 0.0010000000474974513, 109.71507239341736, '2024-03-20 15:47:09')
pval: [0.001] -- 154th test, time elapsed 109.71507239341736 -- emperical power so far: 0.961038961038961
db insert success
tensor(1167.2507, device='cuda:0')
(155, 1000, 0.0009, 1, 410000, 'projchi', 'bitflip', 1167.250732421875, 0.0010000000474974513, 109.72842240333557, '2024-03-20 15:49:08')
pval: [0.001] -- 155th test, time elapsed 109.72842240333557 -- emperical power so far: 0.9612903225806452
db insert success
tensor(1161.7766, device='cuda:0')
(156, 1000, 0.0009, 1, 410000, 'projchi', 'bitflip', 1161.776611328125, 0.0020000000949949026, 109.71594142913818, '2024-03-20 15:51:18')
pval: [0.002] -- 156th test, time elapsed 109.71594142913818 -- emperical power so far: 0.9615384615384616
db insert success
tensor(1144.5189, device='cuda:0')
(157, 1000, 0.0009, 1, 410000, 'projchi', 'bitflip', 1144.5189208984375, 0.0020000000949949026, 109.69398069381714, '2024-03-20 15:53:26')
pval: [0.002] -- 157th test, time elapsed 109.69398069381714 -- emperical power so far: 0.9617834394904459
db insert success
tensor(1188.6975, device='cuda:0')
(158, 1000, 0.0009, 1, 410000, 'projchi', 'bitflip', 1188.697509765625, 0.0010000000474974513, 109.86378312110901, '2024-03-20 15:55:31')
pval: [0.001] -- 158th test, time elapsed 109.86378312110901 -- emperical power so far: 0.9620253164556962
db insert success
tensor(1190.5696, device='cuda:0')
(159, 1000, 0.0009, 1, 410000, 'projchi', 'bitflip', 1190.569580078125, 0.0010000000474974513, 109.82852506637573, '2024-03-20 15:57:38')
pval: [0.001] -- 159th test, time elapsed 109.82852506637573 -- emperical power so far: 0.9622641509433962
db insert success
tensor(1150.5316, device='cuda:0')
(160, 1000, 0.0009, 1, 410000, 'projchi', 'bitflip', 1150.5316162109375, 0.0010000000474974513, 109.80581378936768, '2024-03-20 15:59:36')
pval: [0.001] -- 160th test, time elapsed 109.80581378936768 -- emperical power so far: 0.9625
db insert success
tensor(1221.4731, device='cuda:0')
(161, 1000, 0.0009, 1, 410000, 'projchi', 'bitflip', 1221.47314453125, 0.0010000000474974513, 109.84563279151917, '2024-03-20 16:01:40')
pval: [0.001] -- 161th test, time elapsed 109.84563279151917 -- emperical power so far: 0.9627329192546584
db insert success
tensor(1128.8302, device='cuda:0')
(162, 1000, 0.0009, 1, 410000, 'projchi', 'bitflip', 1128.8302001953125, 0.004000000189989805, 109.84162020683289, '2024-03-20 16:03:42')
pval: [0.004] -- 162th test, time elapsed 109.84162020683289 -- emperical power so far: 0.9629629629629629
db insert success
tensor(1211.8062, device='cuda:0')
(163, 1000, 0.0009, 1, 410000, 'projchi', 'bitflip', 1211.80615234375, 0.0010000000474974513, 109.86963677406311, '2024-03-20 16:05:41')
pval: [0.001] -- 163th test, time elapsed 109.86963677406311 -- emperical power so far: 0.9631901840490797
db insert success
tensor(1213.0990, device='cuda:0')
(164, 1000, 0.0009, 1, 410000, 'projchi', 'bitflip', 1213.0989990234375, 0.0010000000474974513, 109.84798383712769, '2024-03-20 16:07:47')
pval: [0.001] -- 164th test, time elapsed 109.84798383712769 -- emperical power so far: 0.9634146341463414
db insert success
tensor(1150.3013, device='cuda:0')
(165, 1000, 0.0009, 1, 410000, 'projchi', 'bitflip', 1150.30126953125, 0.0010000000474974513, 109.86637592315674, '2024-03-20 16:09:42')
pval: [0.001] -- 165th test, time elapsed 109.86637592315674 -- emperical power so far: 0.9636363636363636
db insert success
tensor(1121.3785, device='cuda:0')
(166, 1000, 0.0009, 1, 410000, 'projchi', 'bitflip', 1121.3785400390625, 0.007000000216066837, 109.85659384727478, '2024-03-20 16:11:48')
pval: [0.007] -- 166th test, time elapsed 109.85659384727478 -- emperical power so far: 0.963855421686747
db insert success
tensor(1222.0850, device='cuda:0')
(167, 1000, 0.0009, 1, 410000, 'projchi', 'bitflip', 1222.0849609375, 0.0010000000474974513, 109.76185417175293, '2024-03-20 16:13:48')
pval: [0.001] -- 167th test, time elapsed 109.76185417175293 -- emperical power so far: 0.9640718562874252
db insert success
tensor(1195.3145, device='cuda:0')
(168, 1000, 0.0009, 1, 410000, 'projchi', 'bitflip', 1195.314453125, 0.0010000000474974513, 109.81639194488525, '2024-03-20 16:15:55')
pval: [0.001] -- 168th test, time elapsed 109.81639194488525 -- emperical power so far: 0.9642857142857143
db insert success
tensor(1095.6057, device='cuda:0')
(169, 1000, 0.0009, 1, 410000, 'projchi', 'bitflip', 1095.605712890625, 0.020000001415610313, 109.79594016075134, '2024-03-20 16:17:56')
pval: [0.02] -- 169th test, time elapsed 109.79594016075134 -- emperical power so far: 0.9644970414201184
db insert success
tensor(1149.9850, device='cuda:0')
(170, 1000, 0.0009, 1, 410000, 'projchi', 'bitflip', 1149.9849853515625, 0.0010000000474974513, 109.8196587562561, '2024-03-20 16:20:02')
pval: [0.001] -- 170th test, time elapsed 109.8196587562561 -- emperical power so far: 0.9647058823529412
db insert success
tensor(1171.3473, device='cuda:0')
(171, 1000, 0.0009, 1, 410000, 'projchi', 'bitflip', 1171.3472900390625, 0.0010000000474974513, 109.84437274932861, '2024-03-20 16:22:07')
pval: [0.001] -- 171th test, time elapsed 109.84437274932861 -- emperical power so far: 0.9649122807017544
db insert success
tensor(1211.0414, device='cuda:0')
(172, 1000, 0.0009, 1, 410000, 'projchi', 'bitflip', 1211.0413818359375, 0.0010000000474974513, 109.83220267295837, '2024-03-20 16:24:04')
pval: [0.001] -- 172th test, time elapsed 109.83220267295837 -- emperical power so far: 0.9651162790697675
db insert success
tensor(1225.3606, device='cuda:0')
(173, 1000, 0.0009, 1, 410000, 'projchi', 'bitflip', 1225.360595703125, 0.0010000000474974513, 109.8701102733612, '2024-03-20 16:25:56')
pval: [0.001] -- 173th test, time elapsed 109.8701102733612 -- emperical power so far: 0.9653179190751445
db insert success
tensor(1200.0708, device='cuda:0')
(174, 1000, 0.0009, 1, 410000, 'projchi', 'bitflip', 1200.07080078125, 0.0010000000474974513, 109.853098154068, '2024-03-20 16:27:58')
pval: [0.001] -- 174th test, time elapsed 109.853098154068 -- emperical power so far: 0.9655172413793104
db insert success
tensor(1061.4978, device='cuda:0')
(175, 1000, 0.0009, 1, 410000, 'projchi', 'bitflip', 1061.497802734375, 0.09000000357627869, 109.87574744224548, '2024-03-20 16:29:50')
pval: [0.09] -- 175th test, time elapsed 109.87574744224548 -- emperical power so far: 0.96
db insert success
tensor(1206.0936, device='cuda:0')
(176, 1000, 0.0009, 1, 410000, 'projchi', 'bitflip', 1206.0936279296875, 0.0010000000474974513, 110.05074572563171, '2024-03-20 16:31:49')
pval: [0.001] -- 176th test, time elapsed 110.05074572563171 -- emperical power so far: 0.9602272727272727
db insert success
tensor(1168.2382, device='cuda:0')
(177, 1000, 0.0009, 1, 410000, 'projchi', 'bitflip', 1168.2381591796875, 0.0010000000474974513, 110.01013994216919, '2024-03-20 16:33:54')
pval: [0.001] -- 177th test, time elapsed 110.01013994216919 -- emperical power so far: 0.96045197740113
db insert success
tensor(1167.6605, device='cuda:0')
(178, 1000, 0.0009, 1, 410000, 'projchi', 'bitflip', 1167.6605224609375, 0.0010000000474974513, 110.03217220306396, '2024-03-20 16:35:53')
pval: [0.001] -- 178th test, time elapsed 110.03217220306396 -- emperical power so far: 0.9606741573033708
db insert success
tensor(1221.1394, device='cuda:0')
(179, 1000, 0.0009, 1, 410000, 'projchi', 'bitflip', 1221.139404296875, 0.0010000000474974513, 110.0396797657013, '2024-03-20 16:37:54')
pval: [0.001] -- 179th test, time elapsed 110.0396797657013 -- emperical power so far: 0.9608938547486033
db insert success
tensor(1187.8828, device='cuda:0')
(180, 1000, 0.0009, 1, 410000, 'projchi', 'bitflip', 1187.8828125, 0.0010000000474974513, 110.00886344909668, '2024-03-20 16:39:48')
pval: [0.001] -- 180th test, time elapsed 110.00886344909668 -- emperical power so far: 0.9611111111111111
db insert success
tensor(1226.5684, device='cuda:0')
(181, 1000, 0.0009, 1, 410000, 'projchi', 'bitflip', 1226.568359375, 0.0010000000474974513, 110.05002784729004, '2024-03-20 16:41:58')
pval: [0.001] -- 181th test, time elapsed 110.05002784729004 -- emperical power so far: 0.9613259668508287
db insert success
tensor(1215.3352, device='cuda:0')
(182, 1000, 0.0009, 1, 410000, 'projchi', 'bitflip', 1215.335205078125, 0.0010000000474974513, 109.97103071212769, '2024-03-20 16:44:05')
pval: [0.001] -- 182th test, time elapsed 109.97103071212769 -- emperical power so far: 0.9615384615384616
db insert success
tensor(1180.7101, device='cuda:0')
(183, 1000, 0.0009, 1, 410000, 'projchi', 'bitflip', 1180.7100830078125, 0.0010000000474974513, 110.01086401939392, '2024-03-20 16:46:10')
pval: [0.001] -- 183th test, time elapsed 110.01086401939392 -- emperical power so far: 0.9617486338797814
db insert success
tensor(1196.7698, device='cuda:0')
(184, 1000, 0.0009, 1, 410000, 'projchi', 'bitflip', 1196.769775390625, 0.0010000000474974513, 110.01758646965027, '2024-03-20 16:48:14')
pval: [0.001] -- 184th test, time elapsed 110.01758646965027 -- emperical power so far: 0.9619565217391305
db insert success
tensor(1152.0907, device='cuda:0')
(185, 1000, 0.0009, 1, 410000, 'projchi', 'bitflip', 1152.0906982421875, 0.0010000000474974513, 110.06686520576477, '2024-03-20 16:50:10')
pval: [0.001] -- 185th test, time elapsed 110.06686520576477 -- emperical power so far: 0.9621621621621622
db insert success
tensor(1100.0269, device='cuda:0')
(186, 1000, 0.0009, 1, 410000, 'projchi', 'bitflip', 1100.02685546875, 0.018000001087784767, 110.06451320648193, '2024-03-20 16:52:21')
pval: [0.018] -- 186th test, time elapsed 110.06451320648193 -- emperical power so far: 0.9623655913978495
db insert success
tensor(1180.0319, device='cuda:0')
(187, 1000, 0.0009, 1, 410000, 'projchi', 'bitflip', 1180.0318603515625, 0.0010000000474974513, 110.08086633682251, '2024-03-20 16:54:25')
pval: [0.001] -- 187th test, time elapsed 110.08086633682251 -- emperical power so far: 0.9625668449197861
db insert success
tensor(1174.0455, device='cuda:0')
(188, 1000, 0.0009, 1, 410000, 'projchi', 'bitflip', 1174.0455322265625, 0.0010000000474974513, 110.14082288742065, '2024-03-20 16:56:19')
pval: [0.001] -- 188th test, time elapsed 110.14082288742065 -- emperical power so far: 0.9627659574468085
db insert success
tensor(1098.9644, device='cuda:0')
(189, 1000, 0.0009, 1, 410000, 'projchi', 'bitflip', 1098.96435546875, 0.013000000268220901, 110.10237646102905, '2024-03-20 16:58:26')
pval: [0.013] -- 189th test, time elapsed 110.10237646102905 -- emperical power so far: 0.9629629629629629
db insert success
tensor(1243.6058, device='cuda:0')
(190, 1000, 0.0009, 1, 410000, 'projchi', 'bitflip', 1243.6058349609375, 0.0010000000474974513, 110.21054434776306, '2024-03-20 17:00:25')
pval: [0.001] -- 190th test, time elapsed 110.21054434776306 -- emperical power so far: 0.9631578947368421
db insert success
tensor(1152.3700, device='cuda:0')
(191, 1000, 0.0009, 1, 410000, 'projchi', 'bitflip', 1152.3699951171875, 0.0010000000474974513, 110.1685082912445, '2024-03-20 17:02:21')
pval: [0.001] -- 191th test, time elapsed 110.1685082912445 -- emperical power so far: 0.9633507853403142
db insert success
tensor(1029.9666, device='cuda:0')
(192, 1000, 0.0009, 1, 410000, 'projchi', 'bitflip', 1029.966552734375, 0.24700000882148743, 110.11691951751709, '2024-03-20 17:04:29')
pval: [0.24700001] -- 192th test, time elapsed 110.11691951751709 -- emperical power so far: 0.9583333333333334
db insert success
tensor(1131.6118, device='cuda:0')
(193, 1000, 0.0009, 1, 410000, 'projchi', 'bitflip', 1131.61181640625, 0.007000000216066837, 110.15411424636841, '2024-03-20 17:06:37')
pval: [0.007] -- 193th test, time elapsed 110.15411424636841 -- emperical power so far: 0.9585492227979274
db insert success
tensor(1111.9044, device='cuda:0')
(194, 1000, 0.0009, 1, 410000, 'projchi', 'bitflip', 1111.9044189453125, 0.010000000707805157, 110.120276927948, '2024-03-20 17:08:48')
pval: [0.01] -- 194th test, time elapsed 110.120276927948 -- emperical power so far: 0.9587628865979382
db insert success
tensor(1168.2145, device='cuda:0')
(195, 1000, 0.0009, 1, 410000, 'projchi', 'bitflip', 1168.2144775390625, 0.0010000000474974513, 109.92194056510925, '2024-03-20 17:10:46')
pval: [0.001] -- 195th test, time elapsed 109.92194056510925 -- emperical power so far: 0.958974358974359
db insert success
tensor(1132.1860, device='cuda:0')
(196, 1000, 0.0009, 1, 410000, 'projchi', 'bitflip', 1132.18603515625, 0.003000000026077032, 110.07483434677124, '2024-03-20 17:12:44')
pval: [0.003] -- 196th test, time elapsed 110.07483434677124 -- emperical power so far: 0.9591836734693877
db insert success
tensor(1132.3163, device='cuda:0')
(197, 1000, 0.0009, 1, 410000, 'projchi', 'bitflip', 1132.3162841796875, 0.0020000000949949026, 110.14491200447083, '2024-03-20 17:14:36')
pval: [0.002] -- 197th test, time elapsed 110.14491200447083 -- emperical power so far: 0.9593908629441624
db insert success
tensor(1101.4441, device='cuda:0')
(198, 1000, 0.0009, 1, 410000, 'projchi', 'bitflip', 1101.444091796875, 0.014000000432133675, 110.02037310600281, '2024-03-20 17:16:35')
pval: [0.014] -- 198th test, time elapsed 110.02037310600281 -- emperical power so far: 0.9595959595959596
db insert success
tensor(1231.0591, device='cuda:0')
(199, 1000, 0.0009, 1, 410000, 'projchi', 'bitflip', 1231.05908203125, 0.0010000000474974513, 110.16197109222412, '2024-03-20 17:18:42')
pval: [0.001] -- 199th test, time elapsed 110.16197109222412 -- emperical power so far: 0.9597989949748744
db insert success
tensor(1159.5676, device='cuda:0')
(200, 1000, 0.0009, 1, 410000, 'projchi', 'bitflip', 1159.567626953125, 0.003000000026077032, 110.04200649261475, '2024-03-20 17:20:49')
pval: [0.003] -- 200th test, time elapsed 110.04200649261475 -- emperical power so far: 0.96
db insert success
24338.161975860596
