tensor([0.0001, 0.0019, 0.0001, 0.0019, 0.0001, 0.0019, 0.0001, 0.0019, 0.0001,
        0.0019, 0.0001, 0.0019, 0.0001, 0.0019, 0.0001, 0.0019, 0.0001, 0.0019,
        0.0001, 0.0019, 0.0001, 0.0019, 0.0001, 0.0019, 0.0001, 0.0019, 0.0001,
        0.0019, 0.0001, 0.0019, 0.0001, 0.0019, 0.0001, 0.0019, 0.0001, 0.0019,
        0.0001, 0.0019, 0.0001, 0.0019, 0.0001, 0.0019, 0.0001, 0.0019, 0.0001,
        0.0019, 0.0001, 0.0019, 0.0001, 0.0019, 0.0001, 0.0019, 0.0001, 0.0019,
        0.0001, 0.0019, 0.0001, 0.0019, 0.0001, 0.0019, 0.0001, 0.0019, 0.0001,
        0.0019, 0.0001, 0.0019, 0.0001, 0.0019, 0.0001, 0.0019, 0.0001, 0.0019,
        0.0001, 0.0019, 0.0001, 0.0019, 0.0001, 0.0019, 0.0001, 0.0019, 0.0001,
        0.0019, 0.0001, 0.0019, 0.0001, 0.0019, 0.0001, 0.0019, 0.0001, 0.0019,
        0.0001, 0.0019, 0.0001, 0.0019, 0.0001, 0.0019, 0.0001, 0.0019, 0.0001,
        0.0019, 0.0001, 0.0019, 0.0001, 0.0019, 0.0001, 0.0019, 0.0001, 0.0019,
        0.0001, 0.0019, 0.0001, 0.0019, 0.0001, 0.0019, 0.0001, 0.0019, 0.0001,
        0.0019, 0.0001, 0.0019, 0.0001, 0.0019, 0.0001, 0.0019, 0.0001, 0.0019,
        0.0001, 0.0019, 0.0001, 0.0019, 0.0001, 0.0019, 0.0001, 0.0019, 0.0001,
        0.0019, 0.0001, 0.0019, 0.0001, 0.0019, 0.0001, 0.0019, 0.0001, 0.0019,
        0.0001, 0.0019, 0.0001, 0.0019, 0.0001, 0.0019, 0.0001, 0.0019, 0.0001,
        0.0019, 0.0001, 0.0019, 0.0001, 0.0019, 0.0001, 0.0019, 0.0001, 0.0019,
        0.0001, 0.0019, 0.0001, 0.0019, 0.0001, 0.0019, 0.0001, 0.0019, 0.0001,
        0.0019, 0.0001, 0.0019, 0.0001, 0.0019, 0.0001, 0.0019, 0.0001, 0.0019,
        0.0001, 0.0019, 0.0001, 0.0019, 0.0001, 0.0019, 0.0001, 0.0019, 0.0001,
        0.0019, 0.0001, 0.0019, 0.0001, 0.0019, 0.0001, 0.0019, 0.0001, 0.0019,
        0.0001, 0.0019, 0.0001, 0.0019, 0.0001, 0.0019, 0.0001, 0.0019, 0.0001,
        0.0019, 0.0001, 0.0019, 0.0001, 0.0019, 0.0001, 0.0019, 0.0001, 0.0019,
        0.0001, 0.0019, 0.0001, 0.0019, 0.0001, 0.0019, 0.0001, 0.0019, 0.0001,
        0.0019, 0.0001, 0.0019, 0.0001, 0.0019, 0.0001, 0.0019, 0.0001, 0.0019,
        0.0001, 0.0019, 0.0001, 0.0019, 0.0001, 0.0019, 0.0001, 0.0019, 0.0001,
        0.0019, 0.0001, 0.0019, 0.0001, 0.0019, 0.0001, 0.0019, 0.0001, 0.0019,
        0.0001, 0.0019, 0.0001, 0.0019, 0.0001, 0.0019, 0.0001, 0.0019, 0.0001,
        0.0019, 0.0001, 0.0019, 0.0001, 0.0019, 0.0001, 0.0019, 0.0001, 0.0019,
        0.0001, 0.0019, 0.0001, 0.0019, 0.0001, 0.0019, 0.0001, 0.0019, 0.0001,
        0.0019, 0.0001, 0.0019, 0.0001, 0.0019, 0.0001, 0.0019, 0.0001, 0.0019,
        0.0001, 0.0019, 0.0001, 0.0019, 0.0001, 0.0019, 0.0001, 0.0019, 0.0001,
        0.0019, 0.0001, 0.0019, 0.0001, 0.0019, 0.0001, 0.0019, 0.0001, 0.0019,
        0.0001, 0.0019, 0.0001, 0.0019, 0.0001, 0.0019, 0.0001, 0.0019, 0.0001,
        0.0019, 0.0001, 0.0019, 0.0001, 0.0019, 0.0001, 0.0019, 0.0001, 0.0019,
        0.0001, 0.0019, 0.0001, 0.0019, 0.0001, 0.0019, 0.0001, 0.0019, 0.0001,
        0.0019, 0.0001, 0.0019, 0.0001, 0.0019, 0.0001, 0.0019, 0.0001, 0.0019,
        0.0001, 0.0019, 0.0001, 0.0019, 0.0001, 0.0019, 0.0001, 0.0019, 0.0001,
        0.0019, 0.0001, 0.0019, 0.0001, 0.0019, 0.0001, 0.0019, 0.0001, 0.0019,
        0.0001, 0.0019, 0.0001, 0.0019, 0.0001, 0.0019, 0.0001, 0.0019, 0.0001,
        0.0019, 0.0001, 0.0019, 0.0001, 0.0019, 0.0001, 0.0019, 0.0001, 0.0019,
        0.0001, 0.0019, 0.0001, 0.0019, 0.0001, 0.0019, 0.0001, 0.0019, 0.0001,
        0.0019, 0.0001, 0.0019, 0.0001, 0.0019, 0.0001, 0.0019, 0.0001, 0.0019,
        0.0001, 0.0019, 0.0001, 0.0019, 0.0001, 0.0019, 0.0001, 0.0019, 0.0001,
        0.0019, 0.0001, 0.0019, 0.0001, 0.0019, 0.0001, 0.0019, 0.0001, 0.0019,
        0.0001, 0.0019, 0.0001, 0.0019, 0.0001, 0.0019, 0.0001, 0.0019, 0.0001,
        0.0019, 0.0001, 0.0019, 0.0001, 0.0019, 0.0001, 0.0019, 0.0001, 0.0019,
        0.0001, 0.0019, 0.0001, 0.0019, 0.0001, 0.0019, 0.0001, 0.0019, 0.0001,
        0.0019, 0.0001, 0.0019, 0.0001, 0.0019, 0.0001, 0.0019, 0.0001, 0.0019,
        0.0001, 0.0019, 0.0001, 0.0019, 0.0001, 0.0019, 0.0001, 0.0019, 0.0001,
        0.0019, 0.0001, 0.0019, 0.0001, 0.0019, 0.0001, 0.0019, 0.0001, 0.0019,
        0.0001, 0.0019, 0.0001, 0.0019, 0.0001, 0.0019, 0.0001, 0.0019, 0.0001,
        0.0019, 0.0001, 0.0019, 0.0001, 0.0019, 0.0001, 0.0019, 0.0001, 0.0019,
        0.0001, 0.0019, 0.0001, 0.0019, 0.0001, 0.0019, 0.0001, 0.0019, 0.0001,
        0.0019, 0.0001, 0.0019, 0.0001, 0.0019, 0.0001, 0.0019, 0.0001, 0.0019,
        0.0001, 0.0019, 0.0001, 0.0019, 0.0001, 0.0019, 0.0001, 0.0019, 0.0001,
        0.0019, 0.0001, 0.0019, 0.0001, 0.0019, 0.0001, 0.0019, 0.0001, 0.0019,
        0.0001, 0.0019, 0.0001, 0.0019, 0.0001, 0.0019, 0.0001, 0.0019, 0.0001,
        0.0019, 0.0001, 0.0019, 0.0001, 0.0019, 0.0001, 0.0019, 0.0001, 0.0019,
        0.0001, 0.0019, 0.0001, 0.0019, 0.0001, 0.0019, 0.0001, 0.0019, 0.0001,
        0.0019, 0.0001, 0.0019, 0.0001, 0.0019, 0.0001, 0.0019, 0.0001, 0.0019,
        0.0001, 0.0019, 0.0001, 0.0019, 0.0001, 0.0019, 0.0001, 0.0019, 0.0001,
        0.0019, 0.0001, 0.0019, 0.0001, 0.0019, 0.0001, 0.0019, 0.0001, 0.0019,
        0.0001, 0.0019, 0.0001, 0.0019, 0.0001, 0.0019, 0.0001, 0.0019, 0.0001,
        0.0019, 0.0001, 0.0019, 0.0001, 0.0019, 0.0001, 0.0019, 0.0001, 0.0019,
        0.0001, 0.0019, 0.0001, 0.0019, 0.0001, 0.0019, 0.0001, 0.0019, 0.0001,
        0.0019, 0.0001, 0.0019, 0.0001, 0.0019, 0.0001, 0.0019, 0.0001, 0.0019,
        0.0001, 0.0019, 0.0001, 0.0019, 0.0001, 0.0019, 0.0001, 0.0019, 0.0001,
        0.0019, 0.0001, 0.0019, 0.0001, 0.0019, 0.0001, 0.0019, 0.0001, 0.0019,
        0.0001, 0.0019, 0.0001, 0.0019, 0.0001, 0.0019, 0.0001, 0.0019, 0.0001,
        0.0019, 0.0001, 0.0019, 0.0001, 0.0019, 0.0001, 0.0019, 0.0001, 0.0019,
        0.0001, 0.0019, 0.0001, 0.0019, 0.0001, 0.0019, 0.0001, 0.0019, 0.0001,
        0.0019, 0.0001, 0.0019, 0.0001, 0.0019, 0.0001, 0.0019, 0.0001, 0.0019,
        0.0001, 0.0019, 0.0001, 0.0019, 0.0001, 0.0019, 0.0001, 0.0019, 0.0001,
        0.0019, 0.0001, 0.0019, 0.0001, 0.0019, 0.0001, 0.0019, 0.0001, 0.0019,
        0.0001, 0.0019, 0.0001, 0.0019, 0.0001, 0.0019, 0.0001, 0.0019, 0.0001,
        0.0019, 0.0001, 0.0019, 0.0001, 0.0019, 0.0001, 0.0019, 0.0001, 0.0019,
        0.0001, 0.0019, 0.0001, 0.0019, 0.0001, 0.0019, 0.0001, 0.0019, 0.0001,
        0.0019, 0.0001, 0.0019, 0.0001, 0.0019, 0.0001, 0.0019, 0.0001, 0.0019,
        0.0001, 0.0019, 0.0001, 0.0019, 0.0001, 0.0019, 0.0001, 0.0019, 0.0001,
        0.0019, 0.0001, 0.0019, 0.0001, 0.0019, 0.0001, 0.0019, 0.0001, 0.0019,
        0.0001, 0.0019, 0.0001, 0.0019, 0.0001, 0.0019, 0.0001, 0.0019, 0.0001,
        0.0019, 0.0001, 0.0019, 0.0001, 0.0019, 0.0001, 0.0019, 0.0001, 0.0019,
        0.0001, 0.0019, 0.0001, 0.0019, 0.0001, 0.0019, 0.0001, 0.0019, 0.0001,
        0.0019, 0.0001, 0.0019, 0.0001, 0.0019, 0.0001, 0.0019, 0.0001, 0.0019,
        0.0001, 0.0019, 0.0001, 0.0019, 0.0001, 0.0019, 0.0001, 0.0019, 0.0001,
        0.0019, 0.0001, 0.0019, 0.0001, 0.0019, 0.0001, 0.0019, 0.0001, 0.0019,
        0.0001, 0.0019, 0.0001, 0.0019, 0.0001, 0.0019, 0.0001, 0.0019, 0.0001,
        0.0019, 0.0001, 0.0019, 0.0001, 0.0019, 0.0001, 0.0019, 0.0001, 0.0019,
        0.0001, 0.0019, 0.0001, 0.0019, 0.0001, 0.0019, 0.0001, 0.0019, 0.0001,
        0.0019, 0.0001, 0.0019, 0.0001, 0.0019, 0.0001, 0.0019, 0.0001, 0.0019,
        0.0001, 0.0019, 0.0001, 0.0019, 0.0001, 0.0019, 0.0001, 0.0019, 0.0001,
        0.0019, 0.0001, 0.0019, 0.0001, 0.0019, 0.0001, 0.0019, 0.0001, 0.0019,
        0.0001, 0.0019, 0.0001, 0.0019, 0.0001, 0.0019, 0.0001, 0.0019, 0.0001,
        0.0019, 0.0001, 0.0019, 0.0001, 0.0019, 0.0001, 0.0019, 0.0001, 0.0019,
        0.0001, 0.0019, 0.0001, 0.0019, 0.0001, 0.0019, 0.0001, 0.0019, 0.0001,
        0.0019, 0.0001, 0.0019, 0.0001, 0.0019, 0.0001, 0.0019, 0.0001, 0.0019,
        0.0001, 0.0019, 0.0001, 0.0019, 0.0001, 0.0019, 0.0001, 0.0019, 0.0001,
        0.0019, 0.0001, 0.0019, 0.0001, 0.0019, 0.0001, 0.0019, 0.0001, 0.0019,
        0.0001, 0.0019, 0.0001, 0.0019, 0.0001, 0.0019, 0.0001, 0.0019, 0.0001,
        0.0019, 0.0001, 0.0019, 0.0001, 0.0019, 0.0001, 0.0019, 0.0001, 0.0019,
        0.0001, 0.0019, 0.0001, 0.0019, 0.0001, 0.0019, 0.0001, 0.0019, 0.0001,
        0.0019, 0.0001, 0.0019, 0.0001, 0.0019, 0.0001, 0.0019, 0.0001, 0.0019,
        0.0001, 0.0019, 0.0001, 0.0019, 0.0001, 0.0019, 0.0001, 0.0019, 0.0001,
        0.0019, 0.0001, 0.0019, 0.0001, 0.0019, 0.0001, 0.0019, 0.0001, 0.0019,
        0.0001, 0.0019, 0.0001, 0.0019, 0.0001, 0.0019, 0.0001, 0.0019, 0.0001,
        0.0019, 0.0001, 0.0019, 0.0001, 0.0019, 0.0001, 0.0019, 0.0001, 0.0019,
        0.0001, 0.0019, 0.0001, 0.0019, 0.0001, 0.0019, 0.0001, 0.0019, 0.0001,
        0.0019, 0.0001, 0.0019, 0.0001, 0.0019, 0.0001, 0.0019, 0.0001, 0.0019,
        0.0001, 0.0019, 0.0001, 0.0019, 0.0001, 0.0019, 0.0001, 0.0019, 0.0001,
        0.0019])
tensor([0.0019, 0.0001, 0.0019, 0.0001, 0.0019, 0.0001, 0.0019, 0.0001, 0.0019,
        0.0001, 0.0019, 0.0001, 0.0019, 0.0001, 0.0019, 0.0001, 0.0019, 0.0001,
        0.0019, 0.0001, 0.0019, 0.0001, 0.0019, 0.0001, 0.0019, 0.0001, 0.0019,
        0.0001, 0.0019, 0.0001, 0.0019, 0.0001, 0.0019, 0.0001, 0.0019, 0.0001,
        0.0019, 0.0001, 0.0019, 0.0001, 0.0019, 0.0001, 0.0019, 0.0001, 0.0019,
        0.0001, 0.0019, 0.0001, 0.0019, 0.0001, 0.0019, 0.0001, 0.0019, 0.0001,
        0.0019, 0.0001, 0.0019, 0.0001, 0.0019, 0.0001, 0.0019, 0.0001, 0.0019,
        0.0001, 0.0019, 0.0001, 0.0019, 0.0001, 0.0019, 0.0001, 0.0019, 0.0001,
        0.0019, 0.0001, 0.0019, 0.0001, 0.0019, 0.0001, 0.0019, 0.0001, 0.0019,
        0.0001, 0.0019, 0.0001, 0.0019, 0.0001, 0.0019, 0.0001, 0.0019, 0.0001,
        0.0019, 0.0001, 0.0019, 0.0001, 0.0019, 0.0001, 0.0019, 0.0001, 0.0019,
        0.0001, 0.0019, 0.0001, 0.0019, 0.0001, 0.0019, 0.0001, 0.0019, 0.0001,
        0.0019, 0.0001, 0.0019, 0.0001, 0.0019, 0.0001, 0.0019, 0.0001, 0.0019,
        0.0001, 0.0019, 0.0001, 0.0019, 0.0001, 0.0019, 0.0001, 0.0019, 0.0001,
        0.0019, 0.0001, 0.0019, 0.0001, 0.0019, 0.0001, 0.0019, 0.0001, 0.0019,
        0.0001, 0.0019, 0.0001, 0.0019, 0.0001, 0.0019, 0.0001, 0.0019, 0.0001,
        0.0019, 0.0001, 0.0019, 0.0001, 0.0019, 0.0001, 0.0019, 0.0001, 0.0019,
        0.0001, 0.0019, 0.0001, 0.0019, 0.0001, 0.0019, 0.0001, 0.0019, 0.0001,
        0.0019, 0.0001, 0.0019, 0.0001, 0.0019, 0.0001, 0.0019, 0.0001, 0.0019,
        0.0001, 0.0019, 0.0001, 0.0019, 0.0001, 0.0019, 0.0001, 0.0019, 0.0001,
        0.0019, 0.0001, 0.0019, 0.0001, 0.0019, 0.0001, 0.0019, 0.0001, 0.0019,
        0.0001, 0.0019, 0.0001, 0.0019, 0.0001, 0.0019, 0.0001, 0.0019, 0.0001,
        0.0019, 0.0001, 0.0019, 0.0001, 0.0019, 0.0001, 0.0019, 0.0001, 0.0019,
        0.0001, 0.0019, 0.0001, 0.0019, 0.0001, 0.0019, 0.0001, 0.0019, 0.0001,
        0.0019, 0.0001, 0.0019, 0.0001, 0.0019, 0.0001, 0.0019, 0.0001, 0.0019,
        0.0001, 0.0019, 0.0001, 0.0019, 0.0001, 0.0019, 0.0001, 0.0019, 0.0001,
        0.0019, 0.0001, 0.0019, 0.0001, 0.0019, 0.0001, 0.0019, 0.0001, 0.0019,
        0.0001, 0.0019, 0.0001, 0.0019, 0.0001, 0.0019, 0.0001, 0.0019, 0.0001,
        0.0019, 0.0001, 0.0019, 0.0001, 0.0019, 0.0001, 0.0019, 0.0001, 0.0019,
        0.0001, 0.0019, 0.0001, 0.0019, 0.0001, 0.0019, 0.0001, 0.0019, 0.0001,
        0.0019, 0.0001, 0.0019, 0.0001, 0.0019, 0.0001, 0.0019, 0.0001, 0.0019,
        0.0001, 0.0019, 0.0001, 0.0019, 0.0001, 0.0019, 0.0001, 0.0019, 0.0001,
        0.0019, 0.0001, 0.0019, 0.0001, 0.0019, 0.0001, 0.0019, 0.0001, 0.0019,
        0.0001, 0.0019, 0.0001, 0.0019, 0.0001, 0.0019, 0.0001, 0.0019, 0.0001,
        0.0019, 0.0001, 0.0019, 0.0001, 0.0019, 0.0001, 0.0019, 0.0001, 0.0019,
        0.0001, 0.0019, 0.0001, 0.0019, 0.0001, 0.0019, 0.0001, 0.0019, 0.0001,
        0.0019, 0.0001, 0.0019, 0.0001, 0.0019, 0.0001, 0.0019, 0.0001, 0.0019,
        0.0001, 0.0019, 0.0001, 0.0019, 0.0001, 0.0019, 0.0001, 0.0019, 0.0001,
        0.0019, 0.0001, 0.0019, 0.0001, 0.0019, 0.0001, 0.0019, 0.0001, 0.0019,
        0.0001, 0.0019, 0.0001, 0.0019, 0.0001, 0.0019, 0.0001, 0.0019, 0.0001,
        0.0019, 0.0001, 0.0019, 0.0001, 0.0019, 0.0001, 0.0019, 0.0001, 0.0019,
        0.0001, 0.0019, 0.0001, 0.0019, 0.0001, 0.0019, 0.0001, 0.0019, 0.0001,
        0.0019, 0.0001, 0.0019, 0.0001, 0.0019, 0.0001, 0.0019, 0.0001, 0.0019,
        0.0001, 0.0019, 0.0001, 0.0019, 0.0001, 0.0019, 0.0001, 0.0019, 0.0001,
        0.0019, 0.0001, 0.0019, 0.0001, 0.0019, 0.0001, 0.0019, 0.0001, 0.0019,
        0.0001, 0.0019, 0.0001, 0.0019, 0.0001, 0.0019, 0.0001, 0.0019, 0.0001,
        0.0019, 0.0001, 0.0019, 0.0001, 0.0019, 0.0001, 0.0019, 0.0001, 0.0019,
        0.0001, 0.0019, 0.0001, 0.0019, 0.0001, 0.0019, 0.0001, 0.0019, 0.0001,
        0.0019, 0.0001, 0.0019, 0.0001, 0.0019, 0.0001, 0.0019, 0.0001, 0.0019,
        0.0001, 0.0019, 0.0001, 0.0019, 0.0001, 0.0019, 0.0001, 0.0019, 0.0001,
        0.0019, 0.0001, 0.0019, 0.0001, 0.0019, 0.0001, 0.0019, 0.0001, 0.0019,
        0.0001, 0.0019, 0.0001, 0.0019, 0.0001, 0.0019, 0.0001, 0.0019, 0.0001,
        0.0019, 0.0001, 0.0019, 0.0001, 0.0019, 0.0001, 0.0019, 0.0001, 0.0019,
        0.0001, 0.0019, 0.0001, 0.0019, 0.0001, 0.0019, 0.0001, 0.0019, 0.0001,
        0.0019, 0.0001, 0.0019, 0.0001, 0.0019, 0.0001, 0.0019, 0.0001, 0.0019,
        0.0001, 0.0019, 0.0001, 0.0019, 0.0001, 0.0019, 0.0001, 0.0019, 0.0001,
        0.0019, 0.0001, 0.0019, 0.0001, 0.0019, 0.0001, 0.0019, 0.0001, 0.0019,
        0.0001, 0.0019, 0.0001, 0.0019, 0.0001, 0.0019, 0.0001, 0.0019, 0.0001,
        0.0019, 0.0001, 0.0019, 0.0001, 0.0019, 0.0001, 0.0019, 0.0001, 0.0019,
        0.0001, 0.0019, 0.0001, 0.0019, 0.0001, 0.0019, 0.0001, 0.0019, 0.0001,
        0.0019, 0.0001, 0.0019, 0.0001, 0.0019, 0.0001, 0.0019, 0.0001, 0.0019,
        0.0001, 0.0019, 0.0001, 0.0019, 0.0001, 0.0019, 0.0001, 0.0019, 0.0001,
        0.0019, 0.0001, 0.0019, 0.0001, 0.0019, 0.0001, 0.0019, 0.0001, 0.0019,
        0.0001, 0.0019, 0.0001, 0.0019, 0.0001, 0.0019, 0.0001, 0.0019, 0.0001,
        0.0019, 0.0001, 0.0019, 0.0001, 0.0019, 0.0001, 0.0019, 0.0001, 0.0019,
        0.0001, 0.0019, 0.0001, 0.0019, 0.0001, 0.0019, 0.0001, 0.0019, 0.0001,
        0.0019, 0.0001, 0.0019, 0.0001, 0.0019, 0.0001, 0.0019, 0.0001, 0.0019,
        0.0001, 0.0019, 0.0001, 0.0019, 0.0001, 0.0019, 0.0001, 0.0019, 0.0001,
        0.0019, 0.0001, 0.0019, 0.0001, 0.0019, 0.0001, 0.0019, 0.0001, 0.0019,
        0.0001, 0.0019, 0.0001, 0.0019, 0.0001, 0.0019, 0.0001, 0.0019, 0.0001,
        0.0019, 0.0001, 0.0019, 0.0001, 0.0019, 0.0001, 0.0019, 0.0001, 0.0019,
        0.0001, 0.0019, 0.0001, 0.0019, 0.0001, 0.0019, 0.0001, 0.0019, 0.0001,
        0.0019, 0.0001, 0.0019, 0.0001, 0.0019, 0.0001, 0.0019, 0.0001, 0.0019,
        0.0001, 0.0019, 0.0001, 0.0019, 0.0001, 0.0019, 0.0001, 0.0019, 0.0001,
        0.0019, 0.0001, 0.0019, 0.0001, 0.0019, 0.0001, 0.0019, 0.0001, 0.0019,
        0.0001, 0.0019, 0.0001, 0.0019, 0.0001, 0.0019, 0.0001, 0.0019, 0.0001,
        0.0019, 0.0001, 0.0019, 0.0001, 0.0019, 0.0001, 0.0019, 0.0001, 0.0019,
        0.0001, 0.0019, 0.0001, 0.0019, 0.0001, 0.0019, 0.0001, 0.0019, 0.0001,
        0.0019, 0.0001, 0.0019, 0.0001, 0.0019, 0.0001, 0.0019, 0.0001, 0.0019,
        0.0001, 0.0019, 0.0001, 0.0019, 0.0001, 0.0019, 0.0001, 0.0019, 0.0001,
        0.0019, 0.0001, 0.0019, 0.0001, 0.0019, 0.0001, 0.0019, 0.0001, 0.0019,
        0.0001, 0.0019, 0.0001, 0.0019, 0.0001, 0.0019, 0.0001, 0.0019, 0.0001,
        0.0019, 0.0001, 0.0019, 0.0001, 0.0019, 0.0001, 0.0019, 0.0001, 0.0019,
        0.0001, 0.0019, 0.0001, 0.0019, 0.0001, 0.0019, 0.0001, 0.0019, 0.0001,
        0.0019, 0.0001, 0.0019, 0.0001, 0.0019, 0.0001, 0.0019, 0.0001, 0.0019,
        0.0001, 0.0019, 0.0001, 0.0019, 0.0001, 0.0019, 0.0001, 0.0019, 0.0001,
        0.0019, 0.0001, 0.0019, 0.0001, 0.0019, 0.0001, 0.0019, 0.0001, 0.0019,
        0.0001, 0.0019, 0.0001, 0.0019, 0.0001, 0.0019, 0.0001, 0.0019, 0.0001,
        0.0019, 0.0001, 0.0019, 0.0001, 0.0019, 0.0001, 0.0019, 0.0001, 0.0019,
        0.0001, 0.0019, 0.0001, 0.0019, 0.0001, 0.0019, 0.0001, 0.0019, 0.0001,
        0.0019, 0.0001, 0.0019, 0.0001, 0.0019, 0.0001, 0.0019, 0.0001, 0.0019,
        0.0001, 0.0019, 0.0001, 0.0019, 0.0001, 0.0019, 0.0001, 0.0019, 0.0001,
        0.0019, 0.0001, 0.0019, 0.0001, 0.0019, 0.0001, 0.0019, 0.0001, 0.0019,
        0.0001, 0.0019, 0.0001, 0.0019, 0.0001, 0.0019, 0.0001, 0.0019, 0.0001,
        0.0019, 0.0001, 0.0019, 0.0001, 0.0019, 0.0001, 0.0019, 0.0001, 0.0019,
        0.0001, 0.0019, 0.0001, 0.0019, 0.0001, 0.0019, 0.0001, 0.0019, 0.0001,
        0.0019, 0.0001, 0.0019, 0.0001, 0.0019, 0.0001, 0.0019, 0.0001, 0.0019,
        0.0001, 0.0019, 0.0001, 0.0019, 0.0001, 0.0019, 0.0001, 0.0019, 0.0001,
        0.0019, 0.0001, 0.0019, 0.0001, 0.0019, 0.0001, 0.0019, 0.0001, 0.0019,
        0.0001, 0.0019, 0.0001, 0.0019, 0.0001, 0.0019, 0.0001, 0.0019, 0.0001,
        0.0019, 0.0001, 0.0019, 0.0001, 0.0019, 0.0001, 0.0019, 0.0001, 0.0019,
        0.0001, 0.0019, 0.0001, 0.0019, 0.0001, 0.0019, 0.0001, 0.0019, 0.0001,
        0.0019, 0.0001, 0.0019, 0.0001, 0.0019, 0.0001, 0.0019, 0.0001, 0.0019,
        0.0001, 0.0019, 0.0001, 0.0019, 0.0001, 0.0019, 0.0001, 0.0019, 0.0001,
        0.0019, 0.0001, 0.0019, 0.0001, 0.0019, 0.0001, 0.0019, 0.0001, 0.0019,
        0.0001, 0.0019, 0.0001, 0.0019, 0.0001, 0.0019, 0.0001, 0.0019, 0.0001,
        0.0019, 0.0001, 0.0019, 0.0001, 0.0019, 0.0001, 0.0019, 0.0001, 0.0019,
        0.0001, 0.0019, 0.0001, 0.0019, 0.0001, 0.0019, 0.0001, 0.0019, 0.0001,
        0.0019, 0.0001, 0.0019, 0.0001, 0.0019, 0.0001, 0.0019, 0.0001, 0.0019,
        0.0001, 0.0019, 0.0001, 0.0019, 0.0001, 0.0019, 0.0001, 0.0019, 0.0001,
        0.0019, 0.0001, 0.0019, 0.0001, 0.0019, 0.0001, 0.0019, 0.0001, 0.0019,
        0.0001])
bitflipprojchi, alpha=0.5, sample size=170000
#########################################
tensor(1088.0610, device='cuda:0')
(1, 1000, 0.0009, 0.5, 170000, 'projchi', 'bitflip', 1088.06103515625, 0.024000000208616257, 57.07118773460388, '2024-03-20 10:51:50')
pval: [0.024] -- 1th test, time elapsed 57.07118773460388 -- emperical power so far: 1.0
db insert success
tensor(1048.6864, device='cuda:0')
(2, 1000, 0.0009, 0.5, 170000, 'projchi', 'bitflip', 1048.6864013671875, 0.13199999928474426, 47.37790250778198, '2024-03-20 10:52:42')
pval: [0.132] -- 2th test, time elapsed 47.37790250778198 -- emperical power so far: 0.5
db insert success
tensor(1121.5323, device='cuda:0')
(3, 1000, 0.0009, 0.5, 170000, 'projchi', 'bitflip', 1121.5323486328125, 0.004000000189989805, 47.42054843902588, '2024-03-20 10:53:49')
pval: [0.004] -- 3th test, time elapsed 47.42054843902588 -- emperical power so far: 0.6666666666666666
db insert success
tensor(936.9754, device='cuda:0')
(4, 1000, 0.0009, 0.5, 170000, 'projchi', 'bitflip', 936.9754028320312, 0.9220000505447388, 47.402066707611084, '2024-03-20 10:54:52')
pval: [0.92200005] -- 4th test, time elapsed 47.402066707611084 -- emperical power so far: 0.5
db insert success
tensor(937.2660, device='cuda:0')
(5, 1000, 0.0009, 0.5, 170000, 'projchi', 'bitflip', 937.2659912109375, 0.9150000214576721, 47.278029918670654, '2024-03-20 10:55:47')
pval: [0.91500002] -- 5th test, time elapsed 47.278029918670654 -- emperical power so far: 0.4
db insert success
tensor(1084.1880, device='cuda:0')
(6, 1000, 0.0009, 0.5, 170000, 'projchi', 'bitflip', 1084.18798828125, 0.03400000184774399, 47.28754925727844, '2024-03-20 10:56:40')
pval: [0.034] -- 6th test, time elapsed 47.28754925727844 -- emperical power so far: 0.5
db insert success
tensor(989.7284, device='cuda:0')
(7, 1000, 0.0009, 0.5, 170000, 'projchi', 'bitflip', 989.7283935546875, 0.5600000023841858, 47.30483269691467, '2024-03-20 10:57:47')
pval: [0.56] -- 7th test, time elapsed 47.30483269691467 -- emperical power so far: 0.42857142857142855
db insert success
tensor(1068.7743, device='cuda:0')
(8, 1000, 0.0009, 0.5, 170000, 'projchi', 'bitflip', 1068.7742919921875, 0.06200000271201134, 47.27282166481018, '2024-03-20 10:58:45')
pval: [0.062] -- 8th test, time elapsed 47.27282166481018 -- emperical power so far: 0.375
db insert success
tensor(1042.7289, device='cuda:0')
(9, 1000, 0.0009, 0.5, 170000, 'projchi', 'bitflip', 1042.7288818359375, 0.16100001335144043, 47.290071964263916, '2024-03-20 10:59:47')
pval: [0.16100001] -- 9th test, time elapsed 47.290071964263916 -- emperical power so far: 0.3333333333333333
db insert success
tensor(1031.8533, device='cuda:0')
(10, 1000, 0.0009, 0.5, 170000, 'projchi', 'bitflip', 1031.853271484375, 0.23100000619888306, 47.286877393722534, '2024-03-20 11:00:46')
pval: [0.23100001] -- 10th test, time elapsed 47.286877393722534 -- emperical power so far: 0.3
db insert success
tensor(955.9334, device='cuda:0')
(11, 1000, 0.0009, 0.5, 170000, 'projchi', 'bitflip', 955.9334106445312, 0.8420000672340393, 47.236168384552, '2024-03-20 11:01:53')
pval: [0.84200007] -- 11th test, time elapsed 47.236168384552 -- emperical power so far: 0.2727272727272727
db insert success
tensor(1003.3680, device='cuda:0')
(12, 1000, 0.0009, 0.5, 170000, 'projchi', 'bitflip', 1003.3679809570312, 0.45600003004074097, 47.10880136489868, '2024-03-20 11:03:01')
pval: [0.45600003] -- 12th test, time elapsed 47.10880136489868 -- emperical power so far: 0.25
db insert success
tensor(1049.6842, device='cuda:0')
(13, 1000, 0.0009, 0.5, 170000, 'projchi', 'bitflip', 1049.6842041015625, 0.11100000888109207, 47.12185478210449, '2024-03-20 11:03:52')
pval: [0.11100001] -- 13th test, time elapsed 47.12185478210449 -- emperical power so far: 0.23076923076923078
db insert success
tensor(968.2848, device='cuda:0')
(14, 1000, 0.0009, 0.5, 170000, 'projchi', 'bitflip', 968.2847900390625, 0.7500000596046448, 47.116761445999146, '2024-03-20 11:04:56')
pval: [0.75000006] -- 14th test, time elapsed 47.116761445999146 -- emperical power so far: 0.21428571428571427
db insert success
tensor(1041.4401, device='cuda:0')
(15, 1000, 0.0009, 0.5, 170000, 'projchi', 'bitflip', 1041.4400634765625, 0.15600000321865082, 47.106887102127075, '2024-03-20 11:05:56')
pval: [0.156] -- 15th test, time elapsed 47.106887102127075 -- emperical power so far: 0.2
db insert success
tensor(1071.1046, device='cuda:0')
(16, 1000, 0.0009, 0.5, 170000, 'projchi', 'bitflip', 1071.1046142578125, 0.06200000271201134, 47.090039014816284, '2024-03-20 11:06:48')
pval: [0.062] -- 16th test, time elapsed 47.090039014816284 -- emperical power so far: 0.1875
db insert success
tensor(1036.5114, device='cuda:0')
(17, 1000, 0.0009, 0.5, 170000, 'projchi', 'bitflip', 1036.5113525390625, 0.2120000123977661, 47.07221603393555, '2024-03-20 11:07:45')
pval: [0.21200001] -- 17th test, time elapsed 47.07221603393555 -- emperical power so far: 0.17647058823529413
db insert success
tensor(1036.2648, device='cuda:0')
(18, 1000, 0.0009, 0.5, 170000, 'projchi', 'bitflip', 1036.2647705078125, 0.19300000369548798, 47.10073518753052, '2024-03-20 11:08:37')
pval: [0.193] -- 18th test, time elapsed 47.10073518753052 -- emperical power so far: 0.16666666666666666
db insert success
tensor(937.9973, device='cuda:0')
(19, 1000, 0.0009, 0.5, 170000, 'projchi', 'bitflip', 937.997314453125, 0.9030000567436218, 47.12466073036194, '2024-03-20 11:09:37')
pval: [0.90300006] -- 19th test, time elapsed 47.12466073036194 -- emperical power so far: 0.15789473684210525
db insert success
tensor(1028.2776, device='cuda:0')
(20, 1000, 0.0009, 0.5, 170000, 'projchi', 'bitflip', 1028.277587890625, 0.25699999928474426, 47.11683440208435, '2024-03-20 11:10:35')
pval: [0.257] -- 20th test, time elapsed 47.11683440208435 -- emperical power so far: 0.15
db insert success
tensor(1038.5719, device='cuda:0')
(21, 1000, 0.0009, 0.5, 170000, 'projchi', 'bitflip', 1038.5718994140625, 0.18200001120567322, 47.07836127281189, '2024-03-20 11:11:40')
pval: [0.18200001] -- 21th test, time elapsed 47.07836127281189 -- emperical power so far: 0.14285714285714285
db insert success
tensor(994.5695, device='cuda:0')
(22, 1000, 0.0009, 0.5, 170000, 'projchi', 'bitflip', 994.5694580078125, 0.5380000472068787, 47.083805084228516, '2024-03-20 11:12:47')
pval: [0.53800005] -- 22th test, time elapsed 47.083805084228516 -- emperical power so far: 0.13636363636363635
db insert success
tensor(898.4863, device='cuda:0')
(23, 1000, 0.0009, 0.5, 170000, 'projchi', 'bitflip', 898.486328125, 0.9920000433921814, 47.08363366127014, '2024-03-20 11:13:49')
pval: [0.99200004] -- 23th test, time elapsed 47.08363366127014 -- emperical power so far: 0.13043478260869565
db insert success
tensor(1071.9371, device='cuda:0')
(24, 1000, 0.0009, 0.5, 170000, 'projchi', 'bitflip', 1071.9371337890625, 0.04700000211596489, 47.128196477890015, '2024-03-20 11:14:57')
pval: [0.047] -- 24th test, time elapsed 47.128196477890015 -- emperical power so far: 0.16666666666666666
db insert success
tensor(1054.5492, device='cuda:0')
(25, 1000, 0.0009, 0.5, 170000, 'projchi', 'bitflip', 1054.5491943359375, 0.09200000762939453, 47.1270694732666, '2024-03-20 11:16:03')
pval: [0.09200001] -- 25th test, time elapsed 47.1270694732666 -- emperical power so far: 0.16
db insert success
tensor(1009.6487, device='cuda:0')
(26, 1000, 0.0009, 0.5, 170000, 'projchi', 'bitflip', 1009.6487426757812, 0.4270000159740448, 47.09684634208679, '2024-03-20 11:17:00')
pval: [0.42700002] -- 26th test, time elapsed 47.09684634208679 -- emperical power so far: 0.15384615384615385
db insert success
tensor(891.7191, device='cuda:0')
(27, 1000, 0.0009, 0.5, 170000, 'projchi', 'bitflip', 891.7191162109375, 0.9940000176429749, 47.10772109031677, '2024-03-20 11:18:02')
pval: [0.99400002] -- 27th test, time elapsed 47.10772109031677 -- emperical power so far: 0.14814814814814814
db insert success
tensor(952.8077, device='cuda:0')
(28, 1000, 0.0009, 0.5, 170000, 'projchi', 'bitflip', 952.8077392578125, 0.8490000367164612, 47.07114243507385, '2024-03-20 11:19:07')
pval: [0.84900004] -- 28th test, time elapsed 47.07114243507385 -- emperical power so far: 0.14285714285714285
db insert success
tensor(990.8826, device='cuda:0')
(29, 1000, 0.0009, 0.5, 170000, 'projchi', 'bitflip', 990.8826293945312, 0.5760000348091125, 47.11228084564209, '2024-03-20 11:20:13')
pval: [0.57600003] -- 29th test, time elapsed 47.11228084564209 -- emperical power so far: 0.13793103448275862
db insert success
tensor(1016.5380, device='cuda:0')
(30, 1000, 0.0009, 0.5, 170000, 'projchi', 'bitflip', 1016.5380249023438, 0.36100003123283386, 47.16227197647095, '2024-03-20 11:21:19')
pval: [0.36100003] -- 30th test, time elapsed 47.16227197647095 -- emperical power so far: 0.13333333333333333
db insert success
tensor(1043.7490, device='cuda:0')
(31, 1000, 0.0009, 0.5, 170000, 'projchi', 'bitflip', 1043.7490234375, 0.1680000126361847, 47.131187200546265, '2024-03-20 11:22:20')
pval: [0.16800001] -- 31th test, time elapsed 47.131187200546265 -- emperical power so far: 0.12903225806451613
db insert success
tensor(1089.0221, device='cuda:0')
(32, 1000, 0.0009, 0.5, 170000, 'projchi', 'bitflip', 1089.0220947265625, 0.023000001907348633, 47.23359799385071, '2024-03-20 11:23:22')
pval: [0.023] -- 32th test, time elapsed 47.23359799385071 -- emperical power so far: 0.15625
db insert success
tensor(976.6999, device='cuda:0')
(33, 1000, 0.0009, 0.5, 170000, 'projchi', 'bitflip', 976.6998901367188, 0.6880000233650208, 47.28843641281128, '2024-03-20 11:24:28')
pval: [0.68800002] -- 33th test, time elapsed 47.28843641281128 -- emperical power so far: 0.15151515151515152
db insert success
tensor(964.9238, device='cuda:0')
(34, 1000, 0.0009, 0.5, 170000, 'projchi', 'bitflip', 964.9237670898438, 0.784000039100647, 47.168118476867676, '2024-03-20 11:25:27')
pval: [0.78400004] -- 34th test, time elapsed 47.168118476867676 -- emperical power so far: 0.14705882352941177
db insert success
tensor(993.7309, device='cuda:0')
(35, 1000, 0.0009, 0.5, 170000, 'projchi', 'bitflip', 993.7308959960938, 0.5640000104904175, 47.135777711868286, '2024-03-20 11:26:35')
pval: [0.56400001] -- 35th test, time elapsed 47.135777711868286 -- emperical power so far: 0.14285714285714285
db insert success
tensor(1050.9082, device='cuda:0')
(36, 1000, 0.0009, 0.5, 170000, 'projchi', 'bitflip', 1050.908203125, 0.12400000542402267, 47.15953302383423, '2024-03-20 11:27:29')
pval: [0.12400001] -- 36th test, time elapsed 47.15953302383423 -- emperical power so far: 0.1388888888888889
db insert success
tensor(984.7233, device='cuda:0')
(37, 1000, 0.0009, 0.5, 170000, 'projchi', 'bitflip', 984.7233276367188, 0.5870000123977661, 47.12620711326599, '2024-03-20 11:28:22')
pval: [0.58700001] -- 37th test, time elapsed 47.12620711326599 -- emperical power so far: 0.13513513513513514
db insert success
tensor(1118.7520, device='cuda:0')
(38, 1000, 0.0009, 0.5, 170000, 'projchi', 'bitflip', 1118.751953125, 0.007000000216066837, 47.11954736709595, '2024-03-20 11:29:24')
pval: [0.007] -- 38th test, time elapsed 47.11954736709595 -- emperical power so far: 0.15789473684210525
db insert success
tensor(952.7678, device='cuda:0')
(39, 1000, 0.0009, 0.5, 170000, 'projchi', 'bitflip', 952.767822265625, 0.8600000143051147, 47.14272928237915, '2024-03-20 11:30:25')
pval: [0.86000001] -- 39th test, time elapsed 47.14272928237915 -- emperical power so far: 0.15384615384615385
db insert success
tensor(1082.6781, device='cuda:0')
(40, 1000, 0.0009, 0.5, 170000, 'projchi', 'bitflip', 1082.6781005859375, 0.036000002175569534, 47.15384006500244, '2024-03-20 11:31:25')
pval: [0.036] -- 40th test, time elapsed 47.15384006500244 -- emperical power so far: 0.175
db insert success
tensor(1047.9128, device='cuda:0')
(41, 1000, 0.0009, 0.5, 170000, 'projchi', 'bitflip', 1047.912841796875, 0.12700000405311584, 47.08769989013672, '2024-03-20 11:32:25')
pval: [0.127] -- 41th test, time elapsed 47.08769989013672 -- emperical power so far: 0.17073170731707318
db insert success
tensor(950.4120, device='cuda:0')
(42, 1000, 0.0009, 0.5, 170000, 'projchi', 'bitflip', 950.4120483398438, 0.8610000610351562, 47.170384645462036, '2024-03-20 11:33:32')
pval: [0.86100006] -- 42th test, time elapsed 47.170384645462036 -- emperical power so far: 0.16666666666666666
db insert success
tensor(1038.1885, device='cuda:0')
(43, 1000, 0.0009, 0.5, 170000, 'projchi', 'bitflip', 1038.1884765625, 0.19100001454353333, 47.15436053276062, '2024-03-20 11:34:26')
pval: [0.19100001] -- 43th test, time elapsed 47.15436053276062 -- emperical power so far: 0.16279069767441862
db insert success
tensor(1035.6121, device='cuda:0')
(44, 1000, 0.0009, 0.5, 170000, 'projchi', 'bitflip', 1035.612060546875, 0.203000009059906, 47.19551396369934, '2024-03-20 11:35:25')
pval: [0.20300001] -- 44th test, time elapsed 47.19551396369934 -- emperical power so far: 0.1590909090909091
db insert success
tensor(994.5309, device='cuda:0')
(45, 1000, 0.0009, 0.5, 170000, 'projchi', 'bitflip', 994.5309448242188, 0.5380000472068787, 47.17737793922424, '2024-03-20 11:36:14')
pval: [0.53800005] -- 45th test, time elapsed 47.17737793922424 -- emperical power so far: 0.15555555555555556
db insert success
tensor(979.1131, device='cuda:0')
(46, 1000, 0.0009, 0.5, 170000, 'projchi', 'bitflip', 979.1130981445312, 0.6500000357627869, 47.150086641311646, '2024-03-20 11:37:19')
pval: [0.65000004] -- 46th test, time elapsed 47.150086641311646 -- emperical power so far: 0.15217391304347827
db insert success
tensor(1010.9785, device='cuda:0')
(47, 1000, 0.0009, 0.5, 170000, 'projchi', 'bitflip', 1010.978515625, 0.367000013589859, 47.171014070510864, '2024-03-20 11:38:23')
pval: [0.36700001] -- 47th test, time elapsed 47.171014070510864 -- emperical power so far: 0.14893617021276595
db insert success
tensor(1093.2008, device='cuda:0')
(48, 1000, 0.0009, 0.5, 170000, 'projchi', 'bitflip', 1093.2008056640625, 0.020000001415610313, 47.13341164588928, '2024-03-20 11:39:23')
pval: [0.02] -- 48th test, time elapsed 47.13341164588928 -- emperical power so far: 0.16666666666666666
db insert success
tensor(1000.9330, device='cuda:0')
(49, 1000, 0.0009, 0.5, 170000, 'projchi', 'bitflip', 1000.9330444335938, 0.48000001907348633, 47.1578094959259, '2024-03-20 11:40:21')
pval: [0.48000002] -- 49th test, time elapsed 47.1578094959259 -- emperical power so far: 0.16326530612244897
db insert success
tensor(1006.8557, device='cuda:0')
(50, 1000, 0.0009, 0.5, 170000, 'projchi', 'bitflip', 1006.855712890625, 0.43300002813339233, 47.104859828948975, '2024-03-20 11:41:17')
pval: [0.43300003] -- 50th test, time elapsed 47.104859828948975 -- emperical power so far: 0.16
db insert success
tensor(974.3746, device='cuda:0')
(51, 1000, 0.0009, 0.5, 170000, 'projchi', 'bitflip', 974.3745727539062, 0.6760000586509705, 47.11064338684082, '2024-03-20 11:42:06')
pval: [0.67600006] -- 51th test, time elapsed 47.11064338684082 -- emperical power so far: 0.1568627450980392
db insert success
tensor(1052.0354, device='cuda:0')
(52, 1000, 0.0009, 0.5, 170000, 'projchi', 'bitflip', 1052.035400390625, 0.125, 47.112701177597046, '2024-03-20 11:43:07')
pval: [0.125] -- 52th test, time elapsed 47.112701177597046 -- emperical power so far: 0.15384615384615385
db insert success
tensor(999.1915, device='cuda:0')
(53, 1000, 0.0009, 0.5, 170000, 'projchi', 'bitflip', 999.1914672851562, 0.49500003457069397, 47.11531448364258, '2024-03-20 11:44:06')
pval: [0.49500003] -- 53th test, time elapsed 47.11531448364258 -- emperical power so far: 0.1509433962264151
db insert success
tensor(1026.3364, device='cuda:0')
(54, 1000, 0.0009, 0.5, 170000, 'projchi', 'bitflip', 1026.33642578125, 0.2580000162124634, 47.09269690513611, '2024-03-20 11:45:05')
pval: [0.25800002] -- 54th test, time elapsed 47.09269690513611 -- emperical power so far: 0.14814814814814814
db insert success
tensor(1107.8190, device='cuda:0')
(55, 1000, 0.0009, 0.5, 170000, 'projchi', 'bitflip', 1107.8189697265625, 0.006000000052154064, 47.11980104446411, '2024-03-20 11:46:03')
pval: [0.006] -- 55th test, time elapsed 47.11980104446411 -- emperical power so far: 0.16363636363636364
db insert success
tensor(1003.7489, device='cuda:0')
(56, 1000, 0.0009, 0.5, 170000, 'projchi', 'bitflip', 1003.7489013671875, 0.45600003004074097, 47.10687470436096, '2024-03-20 11:46:55')
pval: [0.45600003] -- 56th test, time elapsed 47.10687470436096 -- emperical power so far: 0.16071428571428573
db insert success
tensor(984.3563, device='cuda:0')
(57, 1000, 0.0009, 0.5, 170000, 'projchi', 'bitflip', 984.3562622070312, 0.6140000224113464, 47.114726066589355, '2024-03-20 11:48:01')
pval: [0.61400002] -- 57th test, time elapsed 47.114726066589355 -- emperical power so far: 0.15789473684210525
db insert success
tensor(1016.7593, device='cuda:0')
(58, 1000, 0.0009, 0.5, 170000, 'projchi', 'bitflip', 1016.7593383789062, 0.35600000619888306, 47.12326002120972, '2024-03-20 11:48:51')
pval: [0.35600001] -- 58th test, time elapsed 47.12326002120972 -- emperical power so far: 0.15517241379310345
db insert success
tensor(1037.0240, device='cuda:0')
(59, 1000, 0.0009, 0.5, 170000, 'projchi', 'bitflip', 1037.0240478515625, 0.21000000834465027, 47.11592125892639, '2024-03-20 11:49:53')
pval: [0.21000001] -- 59th test, time elapsed 47.11592125892639 -- emperical power so far: 0.15254237288135594
db insert success
tensor(994.1533, device='cuda:0')
(60, 1000, 0.0009, 0.5, 170000, 'projchi', 'bitflip', 994.1533203125, 0.5320000052452087, 47.10301661491394, '2024-03-20 11:50:46')
pval: [0.53200001] -- 60th test, time elapsed 47.10301661491394 -- emperical power so far: 0.15
db insert success
tensor(993.3451, device='cuda:0')
(61, 1000, 0.0009, 0.5, 170000, 'projchi', 'bitflip', 993.3450927734375, 0.5490000247955322, 47.11556816101074, '2024-03-20 11:51:42')
pval: [0.54900002] -- 61th test, time elapsed 47.11556816101074 -- emperical power so far: 0.14754098360655737
db insert success
tensor(966.0212, device='cuda:0')
(62, 1000, 0.0009, 0.5, 170000, 'projchi', 'bitflip', 966.021240234375, 0.7700000405311584, 47.160709619522095, '2024-03-20 11:52:32')
pval: [0.77000004] -- 62th test, time elapsed 47.160709619522095 -- emperical power so far: 0.14516129032258066
db insert success
tensor(1039.6788, device='cuda:0')
(63, 1000, 0.0009, 0.5, 170000, 'projchi', 'bitflip', 1039.6788330078125, 0.1990000158548355, 47.14575958251953, '2024-03-20 11:53:28')
pval: [0.19900002] -- 63th test, time elapsed 47.14575958251953 -- emperical power so far: 0.14285714285714285
db insert success
tensor(1017.2269, device='cuda:0')
(64, 1000, 0.0009, 0.5, 170000, 'projchi', 'bitflip', 1017.2269287109375, 0.3500000238418579, 47.14470386505127, '2024-03-20 11:54:35')
pval: [0.35000002] -- 64th test, time elapsed 47.14470386505127 -- emperical power so far: 0.140625
db insert success
tensor(1054.3452, device='cuda:0')
(65, 1000, 0.0009, 0.5, 170000, 'projchi', 'bitflip', 1054.34521484375, 0.1120000034570694, 47.100972414016724, '2024-03-20 11:55:39')
pval: [0.112] -- 65th test, time elapsed 47.100972414016724 -- emperical power so far: 0.13846153846153847
db insert success
tensor(977.7311, device='cuda:0')
(66, 1000, 0.0009, 0.5, 170000, 'projchi', 'bitflip', 977.7310791015625, 0.6850000619888306, 47.093671560287476, '2024-03-20 11:56:39')
pval: [0.68500006] -- 66th test, time elapsed 47.093671560287476 -- emperical power so far: 0.13636363636363635
db insert success
tensor(1070.2190, device='cuda:0')
(67, 1000, 0.0009, 0.5, 170000, 'projchi', 'bitflip', 1070.218994140625, 0.06800000369548798, 47.12957453727722, '2024-03-20 11:57:45')
pval: [0.068] -- 67th test, time elapsed 47.12957453727722 -- emperical power so far: 0.13432835820895522
db insert success
tensor(971.9161, device='cuda:0')
(68, 1000, 0.0009, 0.5, 170000, 'projchi', 'bitflip', 971.9161376953125, 0.7160000205039978, 47.28000807762146, '2024-03-20 11:58:36')
pval: [0.71600002] -- 68th test, time elapsed 47.28000807762146 -- emperical power so far: 0.1323529411764706
db insert success
tensor(1008.7401, device='cuda:0')
(69, 1000, 0.0009, 0.5, 170000, 'projchi', 'bitflip', 1008.7400512695312, 0.398000031709671, 47.25187849998474, '2024-03-20 11:59:41')
pval: [0.39800003] -- 69th test, time elapsed 47.25187849998474 -- emperical power so far: 0.13043478260869565
db insert success
tensor(1083.0463, device='cuda:0')
(70, 1000, 0.0009, 0.5, 170000, 'projchi', 'bitflip', 1083.0462646484375, 0.03200000151991844, 47.15164375305176, '2024-03-20 12:00:48')
pval: [0.032] -- 70th test, time elapsed 47.15164375305176 -- emperical power so far: 0.14285714285714285
db insert success
tensor(1018.0264, device='cuda:0')
(71, 1000, 0.0009, 0.5, 170000, 'projchi', 'bitflip', 1018.0264282226562, 0.34800001978874207, 47.16954326629639, '2024-03-20 12:01:48')
pval: [0.34800002] -- 71th test, time elapsed 47.16954326629639 -- emperical power so far: 0.14084507042253522
db insert success
tensor(923.0323, device='cuda:0')
(72, 1000, 0.0009, 0.5, 170000, 'projchi', 'bitflip', 923.0323486328125, 0.9590000510215759, 47.14219546318054, '2024-03-20 12:02:46')
pval: [0.95900005] -- 72th test, time elapsed 47.14219546318054 -- emperical power so far: 0.1388888888888889
db insert success
tensor(995.7548, device='cuda:0')
(73, 1000, 0.0009, 0.5, 170000, 'projchi', 'bitflip', 995.7547607421875, 0.5130000114440918, 47.124223709106445, '2024-03-20 12:03:34')
pval: [0.51300001] -- 73th test, time elapsed 47.124223709106445 -- emperical power so far: 0.136986301369863
db insert success
tensor(1011.2499, device='cuda:0')
(74, 1000, 0.0009, 0.5, 170000, 'projchi', 'bitflip', 1011.2498779296875, 0.3680000305175781, 47.1459174156189, '2024-03-20 12:04:41')
pval: [0.36800003] -- 74th test, time elapsed 47.1459174156189 -- emperical power so far: 0.13513513513513514
db insert success
tensor(1074.9559, device='cuda:0')
(75, 1000, 0.0009, 0.5, 170000, 'projchi', 'bitflip', 1074.9559326171875, 0.03700000047683716, 47.142444372177124, '2024-03-20 12:05:47')
pval: [0.037] -- 75th test, time elapsed 47.142444372177124 -- emperical power so far: 0.14666666666666667
db insert success
tensor(984.0283, device='cuda:0')
(76, 1000, 0.0009, 0.5, 170000, 'projchi', 'bitflip', 984.0282592773438, 0.6490000486373901, 47.1437623500824, '2024-03-20 12:06:47')
pval: [0.64900005] -- 76th test, time elapsed 47.1437623500824 -- emperical power so far: 0.14473684210526316
db insert success
tensor(1097.6490, device='cuda:0')
(77, 1000, 0.0009, 0.5, 170000, 'projchi', 'bitflip', 1097.6490478515625, 0.020000001415610313, 47.160125970840454, '2024-03-20 12:07:55')
pval: [0.02] -- 77th test, time elapsed 47.160125970840454 -- emperical power so far: 0.15584415584415584
db insert success
tensor(1014.3761, device='cuda:0')
(78, 1000, 0.0009, 0.5, 170000, 'projchi', 'bitflip', 1014.3760986328125, 0.359000027179718, 47.157063245773315, '2024-03-20 12:08:57')
pval: [0.35900003] -- 78th test, time elapsed 47.157063245773315 -- emperical power so far: 0.15384615384615385
db insert success
tensor(1016.8439, device='cuda:0')
(79, 1000, 0.0009, 0.5, 170000, 'projchi', 'bitflip', 1016.8439331054688, 0.34800001978874207, 47.08909559249878, '2024-03-20 12:10:05')
pval: [0.34800002] -- 79th test, time elapsed 47.08909559249878 -- emperical power so far: 0.1518987341772152
db insert success
tensor(989.0214, device='cuda:0')
(80, 1000, 0.0009, 0.5, 170000, 'projchi', 'bitflip', 989.0213623046875, 0.6080000400543213, 47.08340287208557, '2024-03-20 12:11:08')
pval: [0.60800004] -- 80th test, time elapsed 47.08340287208557 -- emperical power so far: 0.15
db insert success
tensor(1076.4437, device='cuda:0')
(81, 1000, 0.0009, 0.5, 170000, 'projchi', 'bitflip', 1076.4437255859375, 0.05900000408291817, 47.133530139923096, '2024-03-20 12:12:08')
pval: [0.059] -- 81th test, time elapsed 47.133530139923096 -- emperical power so far: 0.14814814814814814
db insert success
tensor(936.0444, device='cuda:0')
(82, 1000, 0.0009, 0.5, 170000, 'projchi', 'bitflip', 936.04443359375, 0.9140000343322754, 47.10918927192688, '2024-03-20 12:13:01')
pval: [0.91400003] -- 82th test, time elapsed 47.10918927192688 -- emperical power so far: 0.14634146341463414
db insert success
tensor(968.7615, device='cuda:0')
(83, 1000, 0.0009, 0.5, 170000, 'projchi', 'bitflip', 968.761474609375, 0.7410000562667847, 47.06638789176941, '2024-03-20 12:13:59')
pval: [0.74100006] -- 83th test, time elapsed 47.06638789176941 -- emperical power so far: 0.14457831325301204
db insert success
tensor(1009.1987, device='cuda:0')
(84, 1000, 0.0009, 0.5, 170000, 'projchi', 'bitflip', 1009.1986694335938, 0.4300000071525574, 47.11022138595581, '2024-03-20 12:15:05')
pval: [0.43000001] -- 84th test, time elapsed 47.11022138595581 -- emperical power so far: 0.14285714285714285
db insert success
tensor(974.4580, device='cuda:0')
(85, 1000, 0.0009, 0.5, 170000, 'projchi', 'bitflip', 974.4580078125, 0.7230000495910645, 47.073328256607056, '2024-03-20 12:15:58')
pval: [0.72300005] -- 85th test, time elapsed 47.073328256607056 -- emperical power so far: 0.1411764705882353
db insert success
tensor(1073.3881, device='cuda:0')
(86, 1000, 0.0009, 0.5, 170000, 'projchi', 'bitflip', 1073.3880615234375, 0.06000000238418579, 47.08925247192383, '2024-03-20 12:17:05')
pval: [0.06] -- 86th test, time elapsed 47.08925247192383 -- emperical power so far: 0.13953488372093023
db insert success
tensor(1040.8511, device='cuda:0')
(87, 1000, 0.0009, 0.5, 170000, 'projchi', 'bitflip', 1040.85107421875, 0.164000004529953, 47.03359079360962, '2024-03-20 12:18:06')
pval: [0.164] -- 87th test, time elapsed 47.03359079360962 -- emperical power so far: 0.13793103448275862
db insert success
tensor(1084.2948, device='cuda:0')
(88, 1000, 0.0009, 0.5, 170000, 'projchi', 'bitflip', 1084.2947998046875, 0.02200000174343586, 47.04792261123657, '2024-03-20 12:19:03')
pval: [0.022] -- 88th test, time elapsed 47.04792261123657 -- emperical power so far: 0.14772727272727273
db insert success
tensor(966.8218, device='cuda:0')
(89, 1000, 0.0009, 0.5, 170000, 'projchi', 'bitflip', 966.8218383789062, 0.7600000500679016, 47.057416677474976, '2024-03-20 12:19:55')
pval: [0.76000005] -- 89th test, time elapsed 47.057416677474976 -- emperical power so far: 0.14606741573033707
db insert success
tensor(1072.0442, device='cuda:0')
(90, 1000, 0.0009, 0.5, 170000, 'projchi', 'bitflip', 1072.044189453125, 0.055000003427267075, 47.05658483505249, '2024-03-20 12:21:00')
pval: [0.055] -- 90th test, time elapsed 47.05658483505249 -- emperical power so far: 0.14444444444444443
db insert success
tensor(1063.1534, device='cuda:0')
(91, 1000, 0.0009, 0.5, 170000, 'projchi', 'bitflip', 1063.1534423828125, 0.07900000363588333, 47.06954646110535, '2024-03-20 12:21:52')
pval: [0.079] -- 91th test, time elapsed 47.06954646110535 -- emperical power so far: 0.14285714285714285
db insert success
tensor(982.6178, device='cuda:0')
(92, 1000, 0.0009, 0.5, 170000, 'projchi', 'bitflip', 982.6177978515625, 0.6370000243186951, 47.05557155609131, '2024-03-20 12:22:46')
pval: [0.63700002] -- 92th test, time elapsed 47.05557155609131 -- emperical power so far: 0.14130434782608695
db insert success
tensor(1089.3326, device='cuda:0')
(93, 1000, 0.0009, 0.5, 170000, 'projchi', 'bitflip', 1089.3326416015625, 0.026000000536441803, 47.056699991226196, '2024-03-20 12:23:39')
pval: [0.026] -- 93th test, time elapsed 47.056699991226196 -- emperical power so far: 0.15053763440860216
db insert success
tensor(962.9413, device='cuda:0')
(94, 1000, 0.0009, 0.5, 170000, 'projchi', 'bitflip', 962.9413452148438, 0.781000018119812, 47.09439277648926, '2024-03-20 12:24:42')
pval: [0.78100002] -- 94th test, time elapsed 47.09439277648926 -- emperical power so far: 0.14893617021276595
db insert success
tensor(1022.1930, device='cuda:0')
(95, 1000, 0.0009, 0.5, 170000, 'projchi', 'bitflip', 1022.1929931640625, 0.29600000381469727, 47.08084321022034, '2024-03-20 12:25:48')
pval: [0.296] -- 95th test, time elapsed 47.08084321022034 -- emperical power so far: 0.14736842105263157
db insert success
tensor(1067.8503, device='cuda:0')
(96, 1000, 0.0009, 0.5, 170000, 'projchi', 'bitflip', 1067.850341796875, 0.06599999964237213, 47.10026836395264, '2024-03-20 12:26:39')
pval: [0.066] -- 96th test, time elapsed 47.10026836395264 -- emperical power so far: 0.14583333333333334
db insert success
tensor(1008.8467, device='cuda:0')
(97, 1000, 0.0009, 0.5, 170000, 'projchi', 'bitflip', 1008.8466796875, 0.42100003361701965, 47.10529589653015, '2024-03-20 12:27:32')
pval: [0.42100003] -- 97th test, time elapsed 47.10529589653015 -- emperical power so far: 0.14432989690721648
db insert success
tensor(1086.5537, device='cuda:0')
(98, 1000, 0.0009, 0.5, 170000, 'projchi', 'bitflip', 1086.5537109375, 0.02500000037252903, 47.08459234237671, '2024-03-20 12:28:35')
pval: [0.025] -- 98th test, time elapsed 47.08459234237671 -- emperical power so far: 0.15306122448979592
db insert success
tensor(1066.8541, device='cuda:0')
(99, 1000, 0.0009, 0.5, 170000, 'projchi', 'bitflip', 1066.8541259765625, 0.07500000298023224, 47.11037731170654, '2024-03-20 12:29:23')
pval: [0.075] -- 99th test, time elapsed 47.11037731170654 -- emperical power so far: 0.15151515151515152
db insert success
tensor(1017.5596, device='cuda:0')
(100, 1000, 0.0009, 0.5, 170000, 'projchi', 'bitflip', 1017.5595703125, 0.3440000116825104, 47.233346462249756, '2024-03-20 12:30:27')
pval: [0.34400001] -- 100th test, time elapsed 47.233346462249756 -- emperical power so far: 0.15
db insert success
tensor(1000.8126, device='cuda:0')
(101, 1000, 0.0009, 0.5, 170000, 'projchi', 'bitflip', 1000.8126220703125, 0.47300001978874207, 47.11402916908264, '2024-03-20 12:31:18')
pval: [0.47300002] -- 101th test, time elapsed 47.11402916908264 -- emperical power so far: 0.1485148514851485
db insert success
tensor(1039.4625, device='cuda:0')
(102, 1000, 0.0009, 0.5, 170000, 'projchi', 'bitflip', 1039.4625244140625, 0.1860000044107437, 47.16845917701721, '2024-03-20 12:32:26')
pval: [0.186] -- 102th test, time elapsed 47.16845917701721 -- emperical power so far: 0.14705882352941177
db insert success
tensor(975.9121, device='cuda:0')
(103, 1000, 0.0009, 0.5, 170000, 'projchi', 'bitflip', 975.912109375, 0.6640000343322754, 47.142069578170776, '2024-03-20 12:33:21')
pval: [0.66400003] -- 103th test, time elapsed 47.142069578170776 -- emperical power so far: 0.14563106796116504
db insert success
tensor(1028.6681, device='cuda:0')
(104, 1000, 0.0009, 0.5, 170000, 'projchi', 'bitflip', 1028.6680908203125, 0.2550000250339508, 47.12613248825073, '2024-03-20 12:34:28')
pval: [0.25500003] -- 104th test, time elapsed 47.12613248825073 -- emperical power so far: 0.14423076923076922
db insert success
tensor(962.8881, device='cuda:0')
(105, 1000, 0.0009, 0.5, 170000, 'projchi', 'bitflip', 962.8881225585938, 0.7940000295639038, 47.13545632362366, '2024-03-20 12:35:27')
pval: [0.79400003] -- 105th test, time elapsed 47.13545632362366 -- emperical power so far: 0.14285714285714285
db insert success
tensor(958.0635, device='cuda:0')
(106, 1000, 0.0009, 0.5, 170000, 'projchi', 'bitflip', 958.0634765625, 0.8230000138282776, 47.07444167137146, '2024-03-20 12:36:21')
pval: [0.82300001] -- 106th test, time elapsed 47.07444167137146 -- emperical power so far: 0.14150943396226415
db insert success
tensor(1030.9708, device='cuda:0')
(107, 1000, 0.0009, 0.5, 170000, 'projchi', 'bitflip', 1030.9708251953125, 0.25699999928474426, 47.1088764667511, '2024-03-20 12:37:15')
pval: [0.257] -- 107th test, time elapsed 47.1088764667511 -- emperical power so far: 0.14018691588785046
db insert success
tensor(1056.0135, device='cuda:0')
(108, 1000, 0.0009, 0.5, 170000, 'projchi', 'bitflip', 1056.0135498046875, 0.09100000560283661, 47.09284734725952, '2024-03-20 12:38:20')
pval: [0.09100001] -- 108th test, time elapsed 47.09284734725952 -- emperical power so far: 0.1388888888888889
db insert success
tensor(962.4832, device='cuda:0')
(109, 1000, 0.0009, 0.5, 170000, 'projchi', 'bitflip', 962.483154296875, 0.7880000472068787, 47.07609176635742, '2024-03-20 12:39:12')
pval: [0.78800005] -- 109th test, time elapsed 47.07609176635742 -- emperical power so far: 0.13761467889908258
db insert success
tensor(965.6354, device='cuda:0')
(110, 1000, 0.0009, 0.5, 170000, 'projchi', 'bitflip', 965.6353759765625, 0.7690000534057617, 47.088043212890625, '2024-03-20 12:40:16')
pval: [0.76900005] -- 110th test, time elapsed 47.088043212890625 -- emperical power so far: 0.13636363636363635
db insert success
tensor(989.5795, device='cuda:0')
(111, 1000, 0.0009, 0.5, 170000, 'projchi', 'bitflip', 989.5794677734375, 0.6020000576972961, 47.09923458099365, '2024-03-20 12:41:16')
pval: [0.60200006] -- 111th test, time elapsed 47.09923458099365 -- emperical power so far: 0.13513513513513514
db insert success
tensor(943.4443, device='cuda:0')
(112, 1000, 0.0009, 0.5, 170000, 'projchi', 'bitflip', 943.4443359375, 0.8880000710487366, 47.07819414138794, '2024-03-20 12:42:12')
pval: [0.88800007] -- 112th test, time elapsed 47.07819414138794 -- emperical power so far: 0.13392857142857142
db insert success
tensor(938.2316, device='cuda:0')
(113, 1000, 0.0009, 0.5, 170000, 'projchi', 'bitflip', 938.2315673828125, 0.9170000553131104, 47.08842897415161, '2024-03-20 12:43:14')
pval: [0.91700006] -- 113th test, time elapsed 47.08842897415161 -- emperical power so far: 0.13274336283185842
db insert success
tensor(1078.4734, device='cuda:0')
(114, 1000, 0.0009, 0.5, 170000, 'projchi', 'bitflip', 1078.473388671875, 0.04200000315904617, 47.07595467567444, '2024-03-20 12:44:15')
pval: [0.042] -- 114th test, time elapsed 47.07595467567444 -- emperical power so far: 0.14035087719298245
db insert success
tensor(1000.6494, device='cuda:0')
(115, 1000, 0.0009, 0.5, 170000, 'projchi', 'bitflip', 1000.6494140625, 0.4790000319480896, 47.07524013519287, '2024-03-20 12:45:16')
pval: [0.47900003] -- 115th test, time elapsed 47.07524013519287 -- emperical power so far: 0.1391304347826087
db insert success
tensor(985.0259, device='cuda:0')
(116, 1000, 0.0009, 0.5, 170000, 'projchi', 'bitflip', 985.02587890625, 0.6170000433921814, 47.06139016151428, '2024-03-20 12:46:08')
pval: [0.61700004] -- 116th test, time elapsed 47.06139016151428 -- emperical power so far: 0.13793103448275862
db insert success
tensor(1019.7986, device='cuda:0')
(117, 1000, 0.0009, 0.5, 170000, 'projchi', 'bitflip', 1019.7986450195312, 0.3370000123977661, 47.045520067214966, '2024-03-20 12:47:06')
pval: [0.33700001] -- 117th test, time elapsed 47.045520067214966 -- emperical power so far: 0.13675213675213677
db insert success
tensor(1001.0395, device='cuda:0')
(118, 1000, 0.0009, 0.5, 170000, 'projchi', 'bitflip', 1001.0394897460938, 0.4610000252723694, 47.109675884246826, '2024-03-20 12:47:57')
pval: [0.46100003] -- 118th test, time elapsed 47.109675884246826 -- emperical power so far: 0.13559322033898305
db insert success
tensor(1045.0325, device='cuda:0')
(119, 1000, 0.0009, 0.5, 170000, 'projchi', 'bitflip', 1045.032470703125, 0.15600000321865082, 47.098618030548096, '2024-03-20 12:48:46')
pval: [0.156] -- 119th test, time elapsed 47.098618030548096 -- emperical power so far: 0.13445378151260504
db insert success
tensor(965.7393, device='cuda:0')
(120, 1000, 0.0009, 0.5, 170000, 'projchi', 'bitflip', 965.7392578125, 0.7630000114440918, 47.117536783218384, '2024-03-20 12:49:53')
pval: [0.76300001] -- 120th test, time elapsed 47.117536783218384 -- emperical power so far: 0.13333333333333333
db insert success
tensor(1063.9618, device='cuda:0')
(121, 1000, 0.0009, 0.5, 170000, 'projchi', 'bitflip', 1063.9617919921875, 0.08100000023841858, 47.22896432876587, '2024-03-20 12:50:49')
pval: [0.081] -- 121th test, time elapsed 47.22896432876587 -- emperical power so far: 0.1322314049586777
db insert success
tensor(1018.0822, device='cuda:0')
(122, 1000, 0.0009, 0.5, 170000, 'projchi', 'bitflip', 1018.0821533203125, 0.34700000286102295, 47.24057078361511, '2024-03-20 12:51:38')
pval: [0.347] -- 122th test, time elapsed 47.24057078361511 -- emperical power so far: 0.13114754098360656
db insert success
tensor(937.3893, device='cuda:0')
(123, 1000, 0.0009, 0.5, 170000, 'projchi', 'bitflip', 937.3892822265625, 0.9410000443458557, 47.26773524284363, '2024-03-20 12:52:32')
pval: [0.94100004] -- 123th test, time elapsed 47.26773524284363 -- emperical power so far: 0.13008130081300814
db insert success
tensor(958.9377, device='cuda:0')
(124, 1000, 0.0009, 0.5, 170000, 'projchi', 'bitflip', 958.937744140625, 0.8270000219345093, 47.25357508659363, '2024-03-20 12:53:23')
pval: [0.82700002] -- 124th test, time elapsed 47.25357508659363 -- emperical power so far: 0.12903225806451613
db insert success
tensor(921.3322, device='cuda:0')
(125, 1000, 0.0009, 0.5, 170000, 'projchi', 'bitflip', 921.3321533203125, 0.9620000720024109, 47.25816297531128, '2024-03-20 12:54:20')
pval: [0.96200007] -- 125th test, time elapsed 47.25816297531128 -- emperical power so far: 0.128
db insert success
tensor(1056.3246, device='cuda:0')
(126, 1000, 0.0009, 0.5, 170000, 'projchi', 'bitflip', 1056.3245849609375, 0.10100000351667404, 47.26372408866882, '2024-03-20 12:55:15')
pval: [0.101] -- 126th test, time elapsed 47.26372408866882 -- emperical power so far: 0.12698412698412698
db insert success
tensor(1009.3862, device='cuda:0')
(127, 1000, 0.0009, 0.5, 170000, 'projchi', 'bitflip', 1009.38623046875, 0.406000018119812, 47.2640905380249, '2024-03-20 12:56:12')
pval: [0.40600002] -- 127th test, time elapsed 47.2640905380249 -- emperical power so far: 0.12598425196850394
db insert success
tensor(998.0366, device='cuda:0')
(128, 1000, 0.0009, 0.5, 170000, 'projchi', 'bitflip', 998.0365600585938, 0.5100000500679016, 47.2589590549469, '2024-03-20 12:57:12')
pval: [0.51000005] -- 128th test, time elapsed 47.2589590549469 -- emperical power so far: 0.125
db insert success
tensor(1032.6055, device='cuda:0')
(129, 1000, 0.0009, 0.5, 170000, 'projchi', 'bitflip', 1032.60546875, 0.2330000102519989, 47.28378105163574, '2024-03-20 12:58:18')
pval: [0.23300001] -- 129th test, time elapsed 47.28378105163574 -- emperical power so far: 0.12403100775193798
db insert success
tensor(1047.4945, device='cuda:0')
(130, 1000, 0.0009, 0.5, 170000, 'projchi', 'bitflip', 1047.4945068359375, 0.13900001347064972, 47.282458543777466, '2024-03-20 12:59:22')
pval: [0.13900001] -- 130th test, time elapsed 47.282458543777466 -- emperical power so far: 0.12307692307692308
db insert success
tensor(1030.4796, device='cuda:0')
(131, 1000, 0.0009, 0.5, 170000, 'projchi', 'bitflip', 1030.4796142578125, 0.19100001454353333, 47.37687563896179, '2024-03-20 13:00:13')
pval: [0.19100001] -- 131th test, time elapsed 47.37687563896179 -- emperical power so far: 0.12213740458015267
db insert success
tensor(994.2411, device='cuda:0')
(132, 1000, 0.0009, 0.5, 170000, 'projchi', 'bitflip', 994.2410888671875, 0.5450000166893005, 47.3061728477478, '2024-03-20 13:01:10')
pval: [0.54500002] -- 132th test, time elapsed 47.3061728477478 -- emperical power so far: 0.12121212121212122
db insert success
tensor(1027.4958, device='cuda:0')
(133, 1000, 0.0009, 0.5, 170000, 'projchi', 'bitflip', 1027.495849609375, 0.24300001561641693, 47.33526110649109, '2024-03-20 13:01:58')
pval: [0.24300002] -- 133th test, time elapsed 47.33526110649109 -- emperical power so far: 0.12030075187969924
db insert success
tensor(991.8049, device='cuda:0')
(134, 1000, 0.0009, 0.5, 170000, 'projchi', 'bitflip', 991.8048706054688, 0.5420000553131104, 47.12118148803711, '2024-03-20 13:03:00')
pval: [0.54200006] -- 134th test, time elapsed 47.12118148803711 -- emperical power so far: 0.11940298507462686
db insert success
tensor(1009.0087, device='cuda:0')
(135, 1000, 0.0009, 0.5, 170000, 'projchi', 'bitflip', 1009.0087280273438, 0.3960000276565552, 47.13779854774475, '2024-03-20 13:03:49')
pval: [0.39600003] -- 135th test, time elapsed 47.13779854774475 -- emperical power so far: 0.11851851851851852
db insert success
tensor(1025.6487, device='cuda:0')
(136, 1000, 0.0009, 0.5, 170000, 'projchi', 'bitflip', 1025.648681640625, 0.26600000262260437, 47.10591149330139, '2024-03-20 13:04:42')
pval: [0.266] -- 136th test, time elapsed 47.10591149330139 -- emperical power so far: 0.11764705882352941
db insert success
tensor(903.5065, device='cuda:0')
(137, 1000, 0.0009, 0.5, 170000, 'projchi', 'bitflip', 903.5064697265625, 0.9830000400543213, 47.11995244026184, '2024-03-20 13:05:31')
pval: [0.98300004] -- 137th test, time elapsed 47.11995244026184 -- emperical power so far: 0.11678832116788321
db insert success
tensor(1080.6595, device='cuda:0')
(138, 1000, 0.0009, 0.5, 170000, 'projchi', 'bitflip', 1080.6595458984375, 0.036000002175569534, 47.12503385543823, '2024-03-20 13:06:27')
pval: [0.036] -- 138th test, time elapsed 47.12503385543823 -- emperical power so far: 0.12318840579710146
db insert success
tensor(990.6002, device='cuda:0')
(139, 1000, 0.0009, 0.5, 170000, 'projchi', 'bitflip', 990.6002197265625, 0.5590000152587891, 47.15350103378296, '2024-03-20 13:07:33')
pval: [0.55900002] -- 139th test, time elapsed 47.15350103378296 -- emperical power so far: 0.1223021582733813
db insert success
tensor(1073.5271, device='cuda:0')
(140, 1000, 0.0009, 0.5, 170000, 'projchi', 'bitflip', 1073.527099609375, 0.0560000017285347, 47.13577699661255, '2024-03-20 13:08:29')
pval: [0.056] -- 140th test, time elapsed 47.13577699661255 -- emperical power so far: 0.12142857142857143
db insert success
tensor(974.0374, device='cuda:0')
(141, 1000, 0.0009, 0.5, 170000, 'projchi', 'bitflip', 974.037353515625, 0.6860000491142273, 47.12340235710144, '2024-03-20 13:09:33')
pval: [0.68600005] -- 141th test, time elapsed 47.12340235710144 -- emperical power so far: 0.12056737588652482
db insert success
tensor(1083.7155, device='cuda:0')
(142, 1000, 0.0009, 0.5, 170000, 'projchi', 'bitflip', 1083.7154541015625, 0.03100000135600567, 47.15340757369995, '2024-03-20 13:10:31')
pval: [0.031] -- 142th test, time elapsed 47.15340757369995 -- emperical power so far: 0.1267605633802817
db insert success
tensor(1019.6473, device='cuda:0')
(143, 1000, 0.0009, 0.5, 170000, 'projchi', 'bitflip', 1019.6472778320312, 0.3160000145435333, 47.129525899887085, '2024-03-20 13:11:35')
pval: [0.31600001] -- 143th test, time elapsed 47.129525899887085 -- emperical power so far: 0.1258741258741259
db insert success
tensor(1044.2227, device='cuda:0')
(144, 1000, 0.0009, 0.5, 170000, 'projchi', 'bitflip', 1044.22265625, 0.16600000858306885, 47.13437247276306, '2024-03-20 13:12:39')
pval: [0.16600001] -- 144th test, time elapsed 47.13437247276306 -- emperical power so far: 0.125
db insert success
tensor(1159.5275, device='cuda:0')
(145, 1000, 0.0009, 0.5, 170000, 'projchi', 'bitflip', 1159.5274658203125, 0.0010000000474974513, 47.107414960861206, '2024-03-20 13:13:36')
pval: [0.001] -- 145th test, time elapsed 47.107414960861206 -- emperical power so far: 0.1310344827586207
db insert success
tensor(1072.8872, device='cuda:0')
(146, 1000, 0.0009, 0.5, 170000, 'projchi', 'bitflip', 1072.88720703125, 0.05900000408291817, 47.091602087020874, '2024-03-20 13:14:39')
pval: [0.059] -- 146th test, time elapsed 47.091602087020874 -- emperical power so far: 0.13013698630136986
db insert success
tensor(1048.3593, device='cuda:0')
(147, 1000, 0.0009, 0.5, 170000, 'projchi', 'bitflip', 1048.3592529296875, 0.14800000190734863, 47.16165590286255, '2024-03-20 13:15:39')
pval: [0.148] -- 147th test, time elapsed 47.16165590286255 -- emperical power so far: 0.1292517006802721
db insert success
tensor(1082.0966, device='cuda:0')
(148, 1000, 0.0009, 0.5, 170000, 'projchi', 'bitflip', 1082.0965576171875, 0.03100000135600567, 47.135554790496826, '2024-03-20 13:16:33')
pval: [0.031] -- 148th test, time elapsed 47.135554790496826 -- emperical power so far: 0.13513513513513514
db insert success
tensor(1064.3357, device='cuda:0')
(149, 1000, 0.0009, 0.5, 170000, 'projchi', 'bitflip', 1064.335693359375, 0.07500000298023224, 47.14673376083374, '2024-03-20 13:17:41')
pval: [0.075] -- 149th test, time elapsed 47.14673376083374 -- emperical power so far: 0.1342281879194631
db insert success
tensor(1067.6263, device='cuda:0')
(150, 1000, 0.0009, 0.5, 170000, 'projchi', 'bitflip', 1067.6263427734375, 0.07000000029802322, 47.11066508293152, '2024-03-20 13:18:42')
pval: [0.07] -- 150th test, time elapsed 47.11066508293152 -- emperical power so far: 0.13333333333333333
db insert success
tensor(1023.2979, device='cuda:0')
(151, 1000, 0.0009, 0.5, 170000, 'projchi', 'bitflip', 1023.2979125976562, 0.29200002551078796, 47.11425971984863, '2024-03-20 13:19:35')
pval: [0.29200003] -- 151th test, time elapsed 47.11425971984863 -- emperical power so far: 0.13245033112582782
db insert success
tensor(1049.5775, device='cuda:0')
(152, 1000, 0.0009, 0.5, 170000, 'projchi', 'bitflip', 1049.5775146484375, 0.13100001215934753, 47.09611201286316, '2024-03-20 13:20:39')
pval: [0.13100001] -- 152th test, time elapsed 47.09611201286316 -- emperical power so far: 0.13157894736842105
db insert success
tensor(1013.4582, device='cuda:0')
(153, 1000, 0.0009, 0.5, 170000, 'projchi', 'bitflip', 1013.4581909179688, 0.37800002098083496, 47.09084868431091, '2024-03-20 13:21:28')
pval: [0.37800002] -- 153th test, time elapsed 47.09084868431091 -- emperical power so far: 0.13071895424836602
db insert success
tensor(956.6925, device='cuda:0')
(154, 1000, 0.0009, 0.5, 170000, 'projchi', 'bitflip', 956.6925048828125, 0.8300000429153442, 47.119006633758545, '2024-03-20 13:22:28')
pval: [0.83000004] -- 154th test, time elapsed 47.119006633758545 -- emperical power so far: 0.12987012987012986
db insert success
tensor(957.2328, device='cuda:0')
(155, 1000, 0.0009, 0.5, 170000, 'projchi', 'bitflip', 957.2327880859375, 0.8070000410079956, 47.168174505233765, '2024-03-20 13:23:16')
pval: [0.80700004] -- 155th test, time elapsed 47.168174505233765 -- emperical power so far: 0.12903225806451613
db insert success
tensor(1034.2000, device='cuda:0')
(156, 1000, 0.0009, 0.5, 170000, 'projchi', 'bitflip', 1034.199951171875, 0.21300001442432404, 47.273730754852295, '2024-03-20 13:24:12')
pval: [0.21300001] -- 156th test, time elapsed 47.273730754852295 -- emperical power so far: 0.1282051282051282
db insert success
tensor(1019.3638, device='cuda:0')
(157, 1000, 0.0009, 0.5, 170000, 'projchi', 'bitflip', 1019.3638305664062, 0.3050000071525574, 47.30981659889221, '2024-03-20 13:25:14')
pval: [0.30500001] -- 157th test, time elapsed 47.30981659889221 -- emperical power so far: 0.12738853503184713
db insert success
tensor(968.0969, device='cuda:0')
(158, 1000, 0.0009, 0.5, 170000, 'projchi', 'bitflip', 968.0968627929688, 0.7500000596046448, 47.25910496711731, '2024-03-20 13:26:22')
pval: [0.75000006] -- 158th test, time elapsed 47.25910496711731 -- emperical power so far: 0.12658227848101267
db insert success
tensor(1104.2881, device='cuda:0')
(159, 1000, 0.0009, 0.5, 170000, 'projchi', 'bitflip', 1104.2880859375, 0.01100000087171793, 47.27948832511902, '2024-03-20 13:27:18')
pval: [0.011] -- 159th test, time elapsed 47.27948832511902 -- emperical power so far: 0.1320754716981132
db insert success
tensor(1033.3617, device='cuda:0')
(160, 1000, 0.0009, 0.5, 170000, 'projchi', 'bitflip', 1033.3616943359375, 0.2120000123977661, 47.26907300949097, '2024-03-20 13:28:10')
pval: [0.21200001] -- 160th test, time elapsed 47.26907300949097 -- emperical power so far: 0.13125
db insert success
tensor(953.7436, device='cuda:0')
(161, 1000, 0.0009, 0.5, 170000, 'projchi', 'bitflip', 953.7435913085938, 0.8460000157356262, 47.24327731132507, '2024-03-20 13:29:04')
pval: [0.84600002] -- 161th test, time elapsed 47.24327731132507 -- emperical power so far: 0.13043478260869565
db insert success
tensor(967.5862, device='cuda:0')
(162, 1000, 0.0009, 0.5, 170000, 'projchi', 'bitflip', 967.5862426757812, 0.7800000309944153, 47.2663791179657, '2024-03-20 13:29:53')
pval: [0.78000003] -- 162th test, time elapsed 47.2663791179657 -- emperical power so far: 0.12962962962962962
db insert success
tensor(1063.2737, device='cuda:0')
(163, 1000, 0.0009, 0.5, 170000, 'projchi', 'bitflip', 1063.273681640625, 0.08000000566244125, 47.305490255355835, '2024-03-20 13:30:51')
pval: [0.08000001] -- 163th test, time elapsed 47.305490255355835 -- emperical power so far: 0.12883435582822086
db insert success
tensor(1010.4942, device='cuda:0')
(164, 1000, 0.0009, 0.5, 170000, 'projchi', 'bitflip', 1010.4942016601562, 0.37700000405311584, 47.266374349594116, '2024-03-20 13:31:58')
pval: [0.377] -- 164th test, time elapsed 47.266374349594116 -- emperical power so far: 0.12804878048780488
db insert success
tensor(954.6903, device='cuda:0')
(165, 1000, 0.0009, 0.5, 170000, 'projchi', 'bitflip', 954.6903076171875, 0.8470000624656677, 47.29807496070862, '2024-03-20 13:33:05')
pval: [0.84700006] -- 165th test, time elapsed 47.29807496070862 -- emperical power so far: 0.12727272727272726
db insert success
tensor(1040.9698, device='cuda:0')
(166, 1000, 0.0009, 0.5, 170000, 'projchi', 'bitflip', 1040.9698486328125, 0.15700000524520874, 47.32864427566528, '2024-03-20 13:34:02')
pval: [0.15700001] -- 166th test, time elapsed 47.32864427566528 -- emperical power so far: 0.12650602409638553
db insert success
tensor(997.9858, device='cuda:0')
(167, 1000, 0.0009, 0.5, 170000, 'projchi', 'bitflip', 997.98583984375, 0.4740000367164612, 47.32003474235535, '2024-03-20 13:35:02')
pval: [0.47400004] -- 167th test, time elapsed 47.32003474235535 -- emperical power so far: 0.12574850299401197
db insert success
tensor(1011.9150, device='cuda:0')
(168, 1000, 0.0009, 0.5, 170000, 'projchi', 'bitflip', 1011.9149780273438, 0.3960000276565552, 47.38765239715576, '2024-03-20 13:36:01')
pval: [0.39600003] -- 168th test, time elapsed 47.38765239715576 -- emperical power so far: 0.125
db insert success
tensor(1050.8040, device='cuda:0')
(169, 1000, 0.0009, 0.5, 170000, 'projchi', 'bitflip', 1050.803955078125, 0.1210000067949295, 47.31501841545105, '2024-03-20 13:36:54')
pval: [0.12100001] -- 169th test, time elapsed 47.31501841545105 -- emperical power so far: 0.1242603550295858
db insert success
tensor(975.3755, device='cuda:0')
(170, 1000, 0.0009, 0.5, 170000, 'projchi', 'bitflip', 975.3755493164062, 0.7140000462532043, 47.20783710479736, '2024-03-20 13:37:47')
pval: [0.71400005] -- 170th test, time elapsed 47.20783710479736 -- emperical power so far: 0.12352941176470589
db insert success
tensor(1028.8239, device='cuda:0')
(171, 1000, 0.0009, 0.5, 170000, 'projchi', 'bitflip', 1028.8238525390625, 0.22100001573562622, 47.13534593582153, '2024-03-20 13:38:41')
pval: [0.22100002] -- 171th test, time elapsed 47.13534593582153 -- emperical power so far: 0.12280701754385964
db insert success
tensor(1077.1067, device='cuda:0')
(172, 1000, 0.0009, 0.5, 170000, 'projchi', 'bitflip', 1077.106689453125, 0.046000003814697266, 47.15118932723999, '2024-03-20 13:39:43')
pval: [0.046] -- 172th test, time elapsed 47.15118932723999 -- emperical power so far: 0.12790697674418605
db insert success
tensor(858.3385, device='cuda:0')
(173, 1000, 0.0009, 0.5, 170000, 'projchi', 'bitflip', 858.3385009765625, 0.999000072479248, 47.14717245101929, '2024-03-20 13:40:44')
pval: [0.99900007] -- 173th test, time elapsed 47.14717245101929 -- emperical power so far: 0.12716763005780346
db insert success
tensor(1072.3488, device='cuda:0')
(174, 1000, 0.0009, 0.5, 170000, 'projchi', 'bitflip', 1072.3487548828125, 0.05400000140070915, 47.1849627494812, '2024-03-20 13:41:41')
pval: [0.054] -- 174th test, time elapsed 47.1849627494812 -- emperical power so far: 0.12643678160919541
db insert success
tensor(936.9160, device='cuda:0')
(175, 1000, 0.0009, 0.5, 170000, 'projchi', 'bitflip', 936.916015625, 0.9180000424385071, 47.12113952636719, '2024-03-20 13:42:33')
pval: [0.91800004] -- 175th test, time elapsed 47.12113952636719 -- emperical power so far: 0.12571428571428572
db insert success
tensor(1103.5734, device='cuda:0')
(176, 1000, 0.0009, 0.5, 170000, 'projchi', 'bitflip', 1103.5733642578125, 0.007000000216066837, 47.13857293128967, '2024-03-20 13:43:34')
pval: [0.007] -- 176th test, time elapsed 47.13857293128967 -- emperical power so far: 0.13068181818181818
db insert success
tensor(963.9087, device='cuda:0')
(177, 1000, 0.0009, 0.5, 170000, 'projchi', 'bitflip', 963.90869140625, 0.7800000309944153, 47.165979623794556, '2024-03-20 13:44:23')
pval: [0.78000003] -- 177th test, time elapsed 47.165979623794556 -- emperical power so far: 0.12994350282485875
db insert success
tensor(973.0209, device='cuda:0')
(178, 1000, 0.0009, 0.5, 170000, 'projchi', 'bitflip', 973.0209350585938, 0.7260000109672546, 47.104610204696655, '2024-03-20 13:45:12')
pval: [0.72600001] -- 178th test, time elapsed 47.104610204696655 -- emperical power so far: 0.12921348314606743
db insert success
tensor(931.1411, device='cuda:0')
(179, 1000, 0.0009, 0.5, 170000, 'projchi', 'bitflip', 931.14111328125, 0.9350000619888306, 47.07220125198364, '2024-03-20 13:46:01')
pval: [0.93500006] -- 179th test, time elapsed 47.07220125198364 -- emperical power so far: 0.12849162011173185
db insert success
tensor(997.8823, device='cuda:0')
(180, 1000, 0.0009, 0.5, 170000, 'projchi', 'bitflip', 997.88232421875, 0.5120000243186951, 47.07815384864807, '2024-03-20 13:46:56')
pval: [0.51200002] -- 180th test, time elapsed 47.07815384864807 -- emperical power so far: 0.12777777777777777
db insert success
tensor(991.3236, device='cuda:0')
(181, 1000, 0.0009, 0.5, 170000, 'projchi', 'bitflip', 991.3236083984375, 0.5760000348091125, 47.077075242996216, '2024-03-20 13:47:59')
pval: [0.57600003] -- 181th test, time elapsed 47.077075242996216 -- emperical power so far: 0.1270718232044199
db insert success
tensor(1061.3754, device='cuda:0')
(182, 1000, 0.0009, 0.5, 170000, 'projchi', 'bitflip', 1061.3753662109375, 0.09100000560283661, 47.08534383773804, '2024-03-20 13:49:00')
pval: [0.09100001] -- 182th test, time elapsed 47.08534383773804 -- emperical power so far: 0.12637362637362637
db insert success
tensor(1018.4321, device='cuda:0')
(183, 1000, 0.0009, 0.5, 170000, 'projchi', 'bitflip', 1018.4320678710938, 0.3230000138282776, 47.090616941452026, '2024-03-20 13:49:58')
pval: [0.32300001] -- 183th test, time elapsed 47.090616941452026 -- emperical power so far: 0.12568306010928962
db insert success
tensor(1002.2557, device='cuda:0')
(184, 1000, 0.0009, 0.5, 170000, 'projchi', 'bitflip', 1002.2557373046875, 0.47600001096725464, 47.100924015045166, '2024-03-20 13:50:47')
pval: [0.47600001] -- 184th test, time elapsed 47.100924015045166 -- emperical power so far: 0.125
db insert success
tensor(1021.6670, device='cuda:0')
(185, 1000, 0.0009, 0.5, 170000, 'projchi', 'bitflip', 1021.6669921875, 0.2770000100135803, 47.21307110786438, '2024-03-20 13:51:40')
pval: [0.27700001] -- 185th test, time elapsed 47.21307110786438 -- emperical power so far: 0.12432432432432433
db insert success
tensor(1030.8834, device='cuda:0')
(186, 1000, 0.0009, 0.5, 170000, 'projchi', 'bitflip', 1030.8834228515625, 0.2510000169277191, 47.2133047580719, '2024-03-20 13:52:34')
pval: [0.25100002] -- 186th test, time elapsed 47.2133047580719 -- emperical power so far: 0.12365591397849462
db insert success
tensor(1012.1935, device='cuda:0')
(187, 1000, 0.0009, 0.5, 170000, 'projchi', 'bitflip', 1012.1934814453125, 0.40300002694129944, 47.25440955162048, '2024-03-20 13:53:35')
pval: [0.40300003] -- 187th test, time elapsed 47.25440955162048 -- emperical power so far: 0.12299465240641712
db insert success
tensor(1045.8896, device='cuda:0')
(188, 1000, 0.0009, 0.5, 170000, 'projchi', 'bitflip', 1045.8896484375, 0.14400000870227814, 47.17408299446106, '2024-03-20 13:54:40')
pval: [0.14400001] -- 188th test, time elapsed 47.17408299446106 -- emperical power so far: 0.12234042553191489
db insert success
tensor(961.3384, device='cuda:0')
(189, 1000, 0.0009, 0.5, 170000, 'projchi', 'bitflip', 961.33837890625, 0.8060000538825989, 47.10092091560364, '2024-03-20 13:55:30')
pval: [0.80600005] -- 189th test, time elapsed 47.10092091560364 -- emperical power so far: 0.12169312169312169
db insert success
tensor(1047.0240, device='cuda:0')
(190, 1000, 0.0009, 0.5, 170000, 'projchi', 'bitflip', 1047.0240478515625, 0.14800000190734863, 47.106441259384155, '2024-03-20 13:56:36')
pval: [0.148] -- 190th test, time elapsed 47.106441259384155 -- emperical power so far: 0.12105263157894737
db insert success
tensor(972.0666, device='cuda:0')
(191, 1000, 0.0009, 0.5, 170000, 'projchi', 'bitflip', 972.0665893554688, 0.7240000367164612, 47.08658266067505, '2024-03-20 13:57:41')
pval: [0.72400004] -- 191th test, time elapsed 47.08658266067505 -- emperical power so far: 0.12041884816753927
db insert success
tensor(986.0553, device='cuda:0')
(192, 1000, 0.0009, 0.5, 170000, 'projchi', 'bitflip', 986.0552978515625, 0.6010000109672546, 47.09309196472168, '2024-03-20 13:58:31')
pval: [0.60100001] -- 192th test, time elapsed 47.09309196472168 -- emperical power so far: 0.11979166666666667
db insert success
tensor(1020.8622, device='cuda:0')
(193, 1000, 0.0009, 0.5, 170000, 'projchi', 'bitflip', 1020.8622436523438, 0.29600000381469727, 47.1125762462616, '2024-03-20 13:59:20')
pval: [0.296] -- 193th test, time elapsed 47.1125762462616 -- emperical power so far: 0.11917098445595854
db insert success
tensor(963.2299, device='cuda:0')
(194, 1000, 0.0009, 0.5, 170000, 'projchi', 'bitflip', 963.2298583984375, 0.7770000100135803, 47.08610272407532, '2024-03-20 14:00:09')
pval: [0.77700001] -- 194th test, time elapsed 47.08610272407532 -- emperical power so far: 0.11855670103092783
db insert success
tensor(1060.9348, device='cuda:0')
(195, 1000, 0.0009, 0.5, 170000, 'projchi', 'bitflip', 1060.934814453125, 0.09000000357627869, 47.06793522834778, '2024-03-20 14:01:11')
pval: [0.09] -- 195th test, time elapsed 47.06793522834778 -- emperical power so far: 0.11794871794871795
db insert success
tensor(996.3893, device='cuda:0')
(196, 1000, 0.0009, 0.5, 170000, 'projchi', 'bitflip', 996.3893432617188, 0.49000000953674316, 47.11303353309631, '2024-03-20 14:02:18')
pval: [0.49000001] -- 196th test, time elapsed 47.11303353309631 -- emperical power so far: 0.11734693877551021
db insert success
tensor(1000.3101, device='cuda:0')
(197, 1000, 0.0009, 0.5, 170000, 'projchi', 'bitflip', 1000.3101196289062, 0.4740000367164612, 47.109861612319946, '2024-03-20 14:03:21')
pval: [0.47400004] -- 197th test, time elapsed 47.109861612319946 -- emperical power so far: 0.116751269035533
db insert success
tensor(1004.4451, device='cuda:0')
(198, 1000, 0.0009, 0.5, 170000, 'projchi', 'bitflip', 1004.445068359375, 0.44600000977516174, 47.09814786911011, '2024-03-20 14:04:17')
pval: [0.44600001] -- 198th test, time elapsed 47.09814786911011 -- emperical power so far: 0.11616161616161616
db insert success
tensor(998.3730, device='cuda:0')
(199, 1000, 0.0009, 0.5, 170000, 'projchi', 'bitflip', 998.373046875, 0.5240000486373901, 47.09396457672119, '2024-03-20 14:05:18')
pval: [0.52400005] -- 199th test, time elapsed 47.09396457672119 -- emperical power so far: 0.11557788944723618
db insert success
tensor(985.1740, device='cuda:0')
(200, 1000, 0.0009, 0.5, 170000, 'projchi', 'bitflip', 985.1739501953125, 0.6210000514984131, 47.1074059009552, '2024-03-20 14:06:13')
pval: [0.62100005] -- 200th test, time elapsed 47.1074059009552 -- emperical power so far: 0.115
db insert success
11725.081998825073
