tensor([0.0001, 0.0019, 0.0001, 0.0019, 0.0001, 0.0019, 0.0001, 0.0019, 0.0001,
        0.0019, 0.0001, 0.0019, 0.0001, 0.0019, 0.0001, 0.0019, 0.0001, 0.0019,
        0.0001, 0.0019, 0.0001, 0.0019, 0.0001, 0.0019, 0.0001, 0.0019, 0.0001,
        0.0019, 0.0001, 0.0019, 0.0001, 0.0019, 0.0001, 0.0019, 0.0001, 0.0019,
        0.0001, 0.0019, 0.0001, 0.0019, 0.0001, 0.0019, 0.0001, 0.0019, 0.0001,
        0.0019, 0.0001, 0.0019, 0.0001, 0.0019, 0.0001, 0.0019, 0.0001, 0.0019,
        0.0001, 0.0019, 0.0001, 0.0019, 0.0001, 0.0019, 0.0001, 0.0019, 0.0001,
        0.0019, 0.0001, 0.0019, 0.0001, 0.0019, 0.0001, 0.0019, 0.0001, 0.0019,
        0.0001, 0.0019, 0.0001, 0.0019, 0.0001, 0.0019, 0.0001, 0.0019, 0.0001,
        0.0019, 0.0001, 0.0019, 0.0001, 0.0019, 0.0001, 0.0019, 0.0001, 0.0019,
        0.0001, 0.0019, 0.0001, 0.0019, 0.0001, 0.0019, 0.0001, 0.0019, 0.0001,
        0.0019, 0.0001, 0.0019, 0.0001, 0.0019, 0.0001, 0.0019, 0.0001, 0.0019,
        0.0001, 0.0019, 0.0001, 0.0019, 0.0001, 0.0019, 0.0001, 0.0019, 0.0001,
        0.0019, 0.0001, 0.0019, 0.0001, 0.0019, 0.0001, 0.0019, 0.0001, 0.0019,
        0.0001, 0.0019, 0.0001, 0.0019, 0.0001, 0.0019, 0.0001, 0.0019, 0.0001,
        0.0019, 0.0001, 0.0019, 0.0001, 0.0019, 0.0001, 0.0019, 0.0001, 0.0019,
        0.0001, 0.0019, 0.0001, 0.0019, 0.0001, 0.0019, 0.0001, 0.0019, 0.0001,
        0.0019, 0.0001, 0.0019, 0.0001, 0.0019, 0.0001, 0.0019, 0.0001, 0.0019,
        0.0001, 0.0019, 0.0001, 0.0019, 0.0001, 0.0019, 0.0001, 0.0019, 0.0001,
        0.0019, 0.0001, 0.0019, 0.0001, 0.0019, 0.0001, 0.0019, 0.0001, 0.0019,
        0.0001, 0.0019, 0.0001, 0.0019, 0.0001, 0.0019, 0.0001, 0.0019, 0.0001,
        0.0019, 0.0001, 0.0019, 0.0001, 0.0019, 0.0001, 0.0019, 0.0001, 0.0019,
        0.0001, 0.0019, 0.0001, 0.0019, 0.0001, 0.0019, 0.0001, 0.0019, 0.0001,
        0.0019, 0.0001, 0.0019, 0.0001, 0.0019, 0.0001, 0.0019, 0.0001, 0.0019,
        0.0001, 0.0019, 0.0001, 0.0019, 0.0001, 0.0019, 0.0001, 0.0019, 0.0001,
        0.0019, 0.0001, 0.0019, 0.0001, 0.0019, 0.0001, 0.0019, 0.0001, 0.0019,
        0.0001, 0.0019, 0.0001, 0.0019, 0.0001, 0.0019, 0.0001, 0.0019, 0.0001,
        0.0019, 0.0001, 0.0019, 0.0001, 0.0019, 0.0001, 0.0019, 0.0001, 0.0019,
        0.0001, 0.0019, 0.0001, 0.0019, 0.0001, 0.0019, 0.0001, 0.0019, 0.0001,
        0.0019, 0.0001, 0.0019, 0.0001, 0.0019, 0.0001, 0.0019, 0.0001, 0.0019,
        0.0001, 0.0019, 0.0001, 0.0019, 0.0001, 0.0019, 0.0001, 0.0019, 0.0001,
        0.0019, 0.0001, 0.0019, 0.0001, 0.0019, 0.0001, 0.0019, 0.0001, 0.0019,
        0.0001, 0.0019, 0.0001, 0.0019, 0.0001, 0.0019, 0.0001, 0.0019, 0.0001,
        0.0019, 0.0001, 0.0019, 0.0001, 0.0019, 0.0001, 0.0019, 0.0001, 0.0019,
        0.0001, 0.0019, 0.0001, 0.0019, 0.0001, 0.0019, 0.0001, 0.0019, 0.0001,
        0.0019, 0.0001, 0.0019, 0.0001, 0.0019, 0.0001, 0.0019, 0.0001, 0.0019,
        0.0001, 0.0019, 0.0001, 0.0019, 0.0001, 0.0019, 0.0001, 0.0019, 0.0001,
        0.0019, 0.0001, 0.0019, 0.0001, 0.0019, 0.0001, 0.0019, 0.0001, 0.0019,
        0.0001, 0.0019, 0.0001, 0.0019, 0.0001, 0.0019, 0.0001, 0.0019, 0.0001,
        0.0019, 0.0001, 0.0019, 0.0001, 0.0019, 0.0001, 0.0019, 0.0001, 0.0019,
        0.0001, 0.0019, 0.0001, 0.0019, 0.0001, 0.0019, 0.0001, 0.0019, 0.0001,
        0.0019, 0.0001, 0.0019, 0.0001, 0.0019, 0.0001, 0.0019, 0.0001, 0.0019,
        0.0001, 0.0019, 0.0001, 0.0019, 0.0001, 0.0019, 0.0001, 0.0019, 0.0001,
        0.0019, 0.0001, 0.0019, 0.0001, 0.0019, 0.0001, 0.0019, 0.0001, 0.0019,
        0.0001, 0.0019, 0.0001, 0.0019, 0.0001, 0.0019, 0.0001, 0.0019, 0.0001,
        0.0019, 0.0001, 0.0019, 0.0001, 0.0019, 0.0001, 0.0019, 0.0001, 0.0019,
        0.0001, 0.0019, 0.0001, 0.0019, 0.0001, 0.0019, 0.0001, 0.0019, 0.0001,
        0.0019, 0.0001, 0.0019, 0.0001, 0.0019, 0.0001, 0.0019, 0.0001, 0.0019,
        0.0001, 0.0019, 0.0001, 0.0019, 0.0001, 0.0019, 0.0001, 0.0019, 0.0001,
        0.0019, 0.0001, 0.0019, 0.0001, 0.0019, 0.0001, 0.0019, 0.0001, 0.0019,
        0.0001, 0.0019, 0.0001, 0.0019, 0.0001, 0.0019, 0.0001, 0.0019, 0.0001,
        0.0019, 0.0001, 0.0019, 0.0001, 0.0019, 0.0001, 0.0019, 0.0001, 0.0019,
        0.0001, 0.0019, 0.0001, 0.0019, 0.0001, 0.0019, 0.0001, 0.0019, 0.0001,
        0.0019, 0.0001, 0.0019, 0.0001, 0.0019, 0.0001, 0.0019, 0.0001, 0.0019,
        0.0001, 0.0019, 0.0001, 0.0019, 0.0001, 0.0019, 0.0001, 0.0019, 0.0001,
        0.0019, 0.0001, 0.0019, 0.0001, 0.0019, 0.0001, 0.0019, 0.0001, 0.0019,
        0.0001, 0.0019, 0.0001, 0.0019, 0.0001, 0.0019, 0.0001, 0.0019, 0.0001,
        0.0019, 0.0001, 0.0019, 0.0001, 0.0019, 0.0001, 0.0019, 0.0001, 0.0019,
        0.0001, 0.0019, 0.0001, 0.0019, 0.0001, 0.0019, 0.0001, 0.0019, 0.0001,
        0.0019, 0.0001, 0.0019, 0.0001, 0.0019, 0.0001, 0.0019, 0.0001, 0.0019,
        0.0001, 0.0019, 0.0001, 0.0019, 0.0001, 0.0019, 0.0001, 0.0019, 0.0001,
        0.0019, 0.0001, 0.0019, 0.0001, 0.0019, 0.0001, 0.0019, 0.0001, 0.0019,
        0.0001, 0.0019, 0.0001, 0.0019, 0.0001, 0.0019, 0.0001, 0.0019, 0.0001,
        0.0019, 0.0001, 0.0019, 0.0001, 0.0019, 0.0001, 0.0019, 0.0001, 0.0019,
        0.0001, 0.0019, 0.0001, 0.0019, 0.0001, 0.0019, 0.0001, 0.0019, 0.0001,
        0.0019, 0.0001, 0.0019, 0.0001, 0.0019, 0.0001, 0.0019, 0.0001, 0.0019,
        0.0001, 0.0019, 0.0001, 0.0019, 0.0001, 0.0019, 0.0001, 0.0019, 0.0001,
        0.0019, 0.0001, 0.0019, 0.0001, 0.0019, 0.0001, 0.0019, 0.0001, 0.0019,
        0.0001, 0.0019, 0.0001, 0.0019, 0.0001, 0.0019, 0.0001, 0.0019, 0.0001,
        0.0019, 0.0001, 0.0019, 0.0001, 0.0019, 0.0001, 0.0019, 0.0001, 0.0019,
        0.0001, 0.0019, 0.0001, 0.0019, 0.0001, 0.0019, 0.0001, 0.0019, 0.0001,
        0.0019, 0.0001, 0.0019, 0.0001, 0.0019, 0.0001, 0.0019, 0.0001, 0.0019,
        0.0001, 0.0019, 0.0001, 0.0019, 0.0001, 0.0019, 0.0001, 0.0019, 0.0001,
        0.0019, 0.0001, 0.0019, 0.0001, 0.0019, 0.0001, 0.0019, 0.0001, 0.0019,
        0.0001, 0.0019, 0.0001, 0.0019, 0.0001, 0.0019, 0.0001, 0.0019, 0.0001,
        0.0019, 0.0001, 0.0019, 0.0001, 0.0019, 0.0001, 0.0019, 0.0001, 0.0019,
        0.0001, 0.0019, 0.0001, 0.0019, 0.0001, 0.0019, 0.0001, 0.0019, 0.0001,
        0.0019, 0.0001, 0.0019, 0.0001, 0.0019, 0.0001, 0.0019, 0.0001, 0.0019,
        0.0001, 0.0019, 0.0001, 0.0019, 0.0001, 0.0019, 0.0001, 0.0019, 0.0001,
        0.0019, 0.0001, 0.0019, 0.0001, 0.0019, 0.0001, 0.0019, 0.0001, 0.0019,
        0.0001, 0.0019, 0.0001, 0.0019, 0.0001, 0.0019, 0.0001, 0.0019, 0.0001,
        0.0019, 0.0001, 0.0019, 0.0001, 0.0019, 0.0001, 0.0019, 0.0001, 0.0019,
        0.0001, 0.0019, 0.0001, 0.0019, 0.0001, 0.0019, 0.0001, 0.0019, 0.0001,
        0.0019, 0.0001, 0.0019, 0.0001, 0.0019, 0.0001, 0.0019, 0.0001, 0.0019,
        0.0001, 0.0019, 0.0001, 0.0019, 0.0001, 0.0019, 0.0001, 0.0019, 0.0001,
        0.0019, 0.0001, 0.0019, 0.0001, 0.0019, 0.0001, 0.0019, 0.0001, 0.0019,
        0.0001, 0.0019, 0.0001, 0.0019, 0.0001, 0.0019, 0.0001, 0.0019, 0.0001,
        0.0019, 0.0001, 0.0019, 0.0001, 0.0019, 0.0001, 0.0019, 0.0001, 0.0019,
        0.0001, 0.0019, 0.0001, 0.0019, 0.0001, 0.0019, 0.0001, 0.0019, 0.0001,
        0.0019, 0.0001, 0.0019, 0.0001, 0.0019, 0.0001, 0.0019, 0.0001, 0.0019,
        0.0001, 0.0019, 0.0001, 0.0019, 0.0001, 0.0019, 0.0001, 0.0019, 0.0001,
        0.0019, 0.0001, 0.0019, 0.0001, 0.0019, 0.0001, 0.0019, 0.0001, 0.0019,
        0.0001, 0.0019, 0.0001, 0.0019, 0.0001, 0.0019, 0.0001, 0.0019, 0.0001,
        0.0019, 0.0001, 0.0019, 0.0001, 0.0019, 0.0001, 0.0019, 0.0001, 0.0019,
        0.0001, 0.0019, 0.0001, 0.0019, 0.0001, 0.0019, 0.0001, 0.0019, 0.0001,
        0.0019, 0.0001, 0.0019, 0.0001, 0.0019, 0.0001, 0.0019, 0.0001, 0.0019,
        0.0001, 0.0019, 0.0001, 0.0019, 0.0001, 0.0019, 0.0001, 0.0019, 0.0001,
        0.0019, 0.0001, 0.0019, 0.0001, 0.0019, 0.0001, 0.0019, 0.0001, 0.0019,
        0.0001, 0.0019, 0.0001, 0.0019, 0.0001, 0.0019, 0.0001, 0.0019, 0.0001,
        0.0019, 0.0001, 0.0019, 0.0001, 0.0019, 0.0001, 0.0019, 0.0001, 0.0019,
        0.0001, 0.0019, 0.0001, 0.0019, 0.0001, 0.0019, 0.0001, 0.0019, 0.0001,
        0.0019, 0.0001, 0.0019, 0.0001, 0.0019, 0.0001, 0.0019, 0.0001, 0.0019,
        0.0001, 0.0019, 0.0001, 0.0019, 0.0001, 0.0019, 0.0001, 0.0019, 0.0001,
        0.0019, 0.0001, 0.0019, 0.0001, 0.0019, 0.0001, 0.0019, 0.0001, 0.0019,
        0.0001, 0.0019, 0.0001, 0.0019, 0.0001, 0.0019, 0.0001, 0.0019, 0.0001,
        0.0019, 0.0001, 0.0019, 0.0001, 0.0019, 0.0001, 0.0019, 0.0001, 0.0019,
        0.0001, 0.0019, 0.0001, 0.0019, 0.0001, 0.0019, 0.0001, 0.0019, 0.0001,
        0.0019, 0.0001, 0.0019, 0.0001, 0.0019, 0.0001, 0.0019, 0.0001, 0.0019,
        0.0001, 0.0019, 0.0001, 0.0019, 0.0001, 0.0019, 0.0001, 0.0019, 0.0001,
        0.0019, 0.0001, 0.0019, 0.0001, 0.0019, 0.0001, 0.0019, 0.0001, 0.0019,
        0.0001, 0.0019, 0.0001, 0.0019, 0.0001, 0.0019, 0.0001, 0.0019, 0.0001,
        0.0019])
tensor([0.0019, 0.0001, 0.0019, 0.0001, 0.0019, 0.0001, 0.0019, 0.0001, 0.0019,
        0.0001, 0.0019, 0.0001, 0.0019, 0.0001, 0.0019, 0.0001, 0.0019, 0.0001,
        0.0019, 0.0001, 0.0019, 0.0001, 0.0019, 0.0001, 0.0019, 0.0001, 0.0019,
        0.0001, 0.0019, 0.0001, 0.0019, 0.0001, 0.0019, 0.0001, 0.0019, 0.0001,
        0.0019, 0.0001, 0.0019, 0.0001, 0.0019, 0.0001, 0.0019, 0.0001, 0.0019,
        0.0001, 0.0019, 0.0001, 0.0019, 0.0001, 0.0019, 0.0001, 0.0019, 0.0001,
        0.0019, 0.0001, 0.0019, 0.0001, 0.0019, 0.0001, 0.0019, 0.0001, 0.0019,
        0.0001, 0.0019, 0.0001, 0.0019, 0.0001, 0.0019, 0.0001, 0.0019, 0.0001,
        0.0019, 0.0001, 0.0019, 0.0001, 0.0019, 0.0001, 0.0019, 0.0001, 0.0019,
        0.0001, 0.0019, 0.0001, 0.0019, 0.0001, 0.0019, 0.0001, 0.0019, 0.0001,
        0.0019, 0.0001, 0.0019, 0.0001, 0.0019, 0.0001, 0.0019, 0.0001, 0.0019,
        0.0001, 0.0019, 0.0001, 0.0019, 0.0001, 0.0019, 0.0001, 0.0019, 0.0001,
        0.0019, 0.0001, 0.0019, 0.0001, 0.0019, 0.0001, 0.0019, 0.0001, 0.0019,
        0.0001, 0.0019, 0.0001, 0.0019, 0.0001, 0.0019, 0.0001, 0.0019, 0.0001,
        0.0019, 0.0001, 0.0019, 0.0001, 0.0019, 0.0001, 0.0019, 0.0001, 0.0019,
        0.0001, 0.0019, 0.0001, 0.0019, 0.0001, 0.0019, 0.0001, 0.0019, 0.0001,
        0.0019, 0.0001, 0.0019, 0.0001, 0.0019, 0.0001, 0.0019, 0.0001, 0.0019,
        0.0001, 0.0019, 0.0001, 0.0019, 0.0001, 0.0019, 0.0001, 0.0019, 0.0001,
        0.0019, 0.0001, 0.0019, 0.0001, 0.0019, 0.0001, 0.0019, 0.0001, 0.0019,
        0.0001, 0.0019, 0.0001, 0.0019, 0.0001, 0.0019, 0.0001, 0.0019, 0.0001,
        0.0019, 0.0001, 0.0019, 0.0001, 0.0019, 0.0001, 0.0019, 0.0001, 0.0019,
        0.0001, 0.0019, 0.0001, 0.0019, 0.0001, 0.0019, 0.0001, 0.0019, 0.0001,
        0.0019, 0.0001, 0.0019, 0.0001, 0.0019, 0.0001, 0.0019, 0.0001, 0.0019,
        0.0001, 0.0019, 0.0001, 0.0019, 0.0001, 0.0019, 0.0001, 0.0019, 0.0001,
        0.0019, 0.0001, 0.0019, 0.0001, 0.0019, 0.0001, 0.0019, 0.0001, 0.0019,
        0.0001, 0.0019, 0.0001, 0.0019, 0.0001, 0.0019, 0.0001, 0.0019, 0.0001,
        0.0019, 0.0001, 0.0019, 0.0001, 0.0019, 0.0001, 0.0019, 0.0001, 0.0019,
        0.0001, 0.0019, 0.0001, 0.0019, 0.0001, 0.0019, 0.0001, 0.0019, 0.0001,
        0.0019, 0.0001, 0.0019, 0.0001, 0.0019, 0.0001, 0.0019, 0.0001, 0.0019,
        0.0001, 0.0019, 0.0001, 0.0019, 0.0001, 0.0019, 0.0001, 0.0019, 0.0001,
        0.0019, 0.0001, 0.0019, 0.0001, 0.0019, 0.0001, 0.0019, 0.0001, 0.0019,
        0.0001, 0.0019, 0.0001, 0.0019, 0.0001, 0.0019, 0.0001, 0.0019, 0.0001,
        0.0019, 0.0001, 0.0019, 0.0001, 0.0019, 0.0001, 0.0019, 0.0001, 0.0019,
        0.0001, 0.0019, 0.0001, 0.0019, 0.0001, 0.0019, 0.0001, 0.0019, 0.0001,
        0.0019, 0.0001, 0.0019, 0.0001, 0.0019, 0.0001, 0.0019, 0.0001, 0.0019,
        0.0001, 0.0019, 0.0001, 0.0019, 0.0001, 0.0019, 0.0001, 0.0019, 0.0001,
        0.0019, 0.0001, 0.0019, 0.0001, 0.0019, 0.0001, 0.0019, 0.0001, 0.0019,
        0.0001, 0.0019, 0.0001, 0.0019, 0.0001, 0.0019, 0.0001, 0.0019, 0.0001,
        0.0019, 0.0001, 0.0019, 0.0001, 0.0019, 0.0001, 0.0019, 0.0001, 0.0019,
        0.0001, 0.0019, 0.0001, 0.0019, 0.0001, 0.0019, 0.0001, 0.0019, 0.0001,
        0.0019, 0.0001, 0.0019, 0.0001, 0.0019, 0.0001, 0.0019, 0.0001, 0.0019,
        0.0001, 0.0019, 0.0001, 0.0019, 0.0001, 0.0019, 0.0001, 0.0019, 0.0001,
        0.0019, 0.0001, 0.0019, 0.0001, 0.0019, 0.0001, 0.0019, 0.0001, 0.0019,
        0.0001, 0.0019, 0.0001, 0.0019, 0.0001, 0.0019, 0.0001, 0.0019, 0.0001,
        0.0019, 0.0001, 0.0019, 0.0001, 0.0019, 0.0001, 0.0019, 0.0001, 0.0019,
        0.0001, 0.0019, 0.0001, 0.0019, 0.0001, 0.0019, 0.0001, 0.0019, 0.0001,
        0.0019, 0.0001, 0.0019, 0.0001, 0.0019, 0.0001, 0.0019, 0.0001, 0.0019,
        0.0001, 0.0019, 0.0001, 0.0019, 0.0001, 0.0019, 0.0001, 0.0019, 0.0001,
        0.0019, 0.0001, 0.0019, 0.0001, 0.0019, 0.0001, 0.0019, 0.0001, 0.0019,
        0.0001, 0.0019, 0.0001, 0.0019, 0.0001, 0.0019, 0.0001, 0.0019, 0.0001,
        0.0019, 0.0001, 0.0019, 0.0001, 0.0019, 0.0001, 0.0019, 0.0001, 0.0019,
        0.0001, 0.0019, 0.0001, 0.0019, 0.0001, 0.0019, 0.0001, 0.0019, 0.0001,
        0.0019, 0.0001, 0.0019, 0.0001, 0.0019, 0.0001, 0.0019, 0.0001, 0.0019,
        0.0001, 0.0019, 0.0001, 0.0019, 0.0001, 0.0019, 0.0001, 0.0019, 0.0001,
        0.0019, 0.0001, 0.0019, 0.0001, 0.0019, 0.0001, 0.0019, 0.0001, 0.0019,
        0.0001, 0.0019, 0.0001, 0.0019, 0.0001, 0.0019, 0.0001, 0.0019, 0.0001,
        0.0019, 0.0001, 0.0019, 0.0001, 0.0019, 0.0001, 0.0019, 0.0001, 0.0019,
        0.0001, 0.0019, 0.0001, 0.0019, 0.0001, 0.0019, 0.0001, 0.0019, 0.0001,
        0.0019, 0.0001, 0.0019, 0.0001, 0.0019, 0.0001, 0.0019, 0.0001, 0.0019,
        0.0001, 0.0019, 0.0001, 0.0019, 0.0001, 0.0019, 0.0001, 0.0019, 0.0001,
        0.0019, 0.0001, 0.0019, 0.0001, 0.0019, 0.0001, 0.0019, 0.0001, 0.0019,
        0.0001, 0.0019, 0.0001, 0.0019, 0.0001, 0.0019, 0.0001, 0.0019, 0.0001,
        0.0019, 0.0001, 0.0019, 0.0001, 0.0019, 0.0001, 0.0019, 0.0001, 0.0019,
        0.0001, 0.0019, 0.0001, 0.0019, 0.0001, 0.0019, 0.0001, 0.0019, 0.0001,
        0.0019, 0.0001, 0.0019, 0.0001, 0.0019, 0.0001, 0.0019, 0.0001, 0.0019,
        0.0001, 0.0019, 0.0001, 0.0019, 0.0001, 0.0019, 0.0001, 0.0019, 0.0001,
        0.0019, 0.0001, 0.0019, 0.0001, 0.0019, 0.0001, 0.0019, 0.0001, 0.0019,
        0.0001, 0.0019, 0.0001, 0.0019, 0.0001, 0.0019, 0.0001, 0.0019, 0.0001,
        0.0019, 0.0001, 0.0019, 0.0001, 0.0019, 0.0001, 0.0019, 0.0001, 0.0019,
        0.0001, 0.0019, 0.0001, 0.0019, 0.0001, 0.0019, 0.0001, 0.0019, 0.0001,
        0.0019, 0.0001, 0.0019, 0.0001, 0.0019, 0.0001, 0.0019, 0.0001, 0.0019,
        0.0001, 0.0019, 0.0001, 0.0019, 0.0001, 0.0019, 0.0001, 0.0019, 0.0001,
        0.0019, 0.0001, 0.0019, 0.0001, 0.0019, 0.0001, 0.0019, 0.0001, 0.0019,
        0.0001, 0.0019, 0.0001, 0.0019, 0.0001, 0.0019, 0.0001, 0.0019, 0.0001,
        0.0019, 0.0001, 0.0019, 0.0001, 0.0019, 0.0001, 0.0019, 0.0001, 0.0019,
        0.0001, 0.0019, 0.0001, 0.0019, 0.0001, 0.0019, 0.0001, 0.0019, 0.0001,
        0.0019, 0.0001, 0.0019, 0.0001, 0.0019, 0.0001, 0.0019, 0.0001, 0.0019,
        0.0001, 0.0019, 0.0001, 0.0019, 0.0001, 0.0019, 0.0001, 0.0019, 0.0001,
        0.0019, 0.0001, 0.0019, 0.0001, 0.0019, 0.0001, 0.0019, 0.0001, 0.0019,
        0.0001, 0.0019, 0.0001, 0.0019, 0.0001, 0.0019, 0.0001, 0.0019, 0.0001,
        0.0019, 0.0001, 0.0019, 0.0001, 0.0019, 0.0001, 0.0019, 0.0001, 0.0019,
        0.0001, 0.0019, 0.0001, 0.0019, 0.0001, 0.0019, 0.0001, 0.0019, 0.0001,
        0.0019, 0.0001, 0.0019, 0.0001, 0.0019, 0.0001, 0.0019, 0.0001, 0.0019,
        0.0001, 0.0019, 0.0001, 0.0019, 0.0001, 0.0019, 0.0001, 0.0019, 0.0001,
        0.0019, 0.0001, 0.0019, 0.0001, 0.0019, 0.0001, 0.0019, 0.0001, 0.0019,
        0.0001, 0.0019, 0.0001, 0.0019, 0.0001, 0.0019, 0.0001, 0.0019, 0.0001,
        0.0019, 0.0001, 0.0019, 0.0001, 0.0019, 0.0001, 0.0019, 0.0001, 0.0019,
        0.0001, 0.0019, 0.0001, 0.0019, 0.0001, 0.0019, 0.0001, 0.0019, 0.0001,
        0.0019, 0.0001, 0.0019, 0.0001, 0.0019, 0.0001, 0.0019, 0.0001, 0.0019,
        0.0001, 0.0019, 0.0001, 0.0019, 0.0001, 0.0019, 0.0001, 0.0019, 0.0001,
        0.0019, 0.0001, 0.0019, 0.0001, 0.0019, 0.0001, 0.0019, 0.0001, 0.0019,
        0.0001, 0.0019, 0.0001, 0.0019, 0.0001, 0.0019, 0.0001, 0.0019, 0.0001,
        0.0019, 0.0001, 0.0019, 0.0001, 0.0019, 0.0001, 0.0019, 0.0001, 0.0019,
        0.0001, 0.0019, 0.0001, 0.0019, 0.0001, 0.0019, 0.0001, 0.0019, 0.0001,
        0.0019, 0.0001, 0.0019, 0.0001, 0.0019, 0.0001, 0.0019, 0.0001, 0.0019,
        0.0001, 0.0019, 0.0001, 0.0019, 0.0001, 0.0019, 0.0001, 0.0019, 0.0001,
        0.0019, 0.0001, 0.0019, 0.0001, 0.0019, 0.0001, 0.0019, 0.0001, 0.0019,
        0.0001, 0.0019, 0.0001, 0.0019, 0.0001, 0.0019, 0.0001, 0.0019, 0.0001,
        0.0019, 0.0001, 0.0019, 0.0001, 0.0019, 0.0001, 0.0019, 0.0001, 0.0019,
        0.0001, 0.0019, 0.0001, 0.0019, 0.0001, 0.0019, 0.0001, 0.0019, 0.0001,
        0.0019, 0.0001, 0.0019, 0.0001, 0.0019, 0.0001, 0.0019, 0.0001, 0.0019,
        0.0001, 0.0019, 0.0001, 0.0019, 0.0001, 0.0019, 0.0001, 0.0019, 0.0001,
        0.0019, 0.0001, 0.0019, 0.0001, 0.0019, 0.0001, 0.0019, 0.0001, 0.0019,
        0.0001, 0.0019, 0.0001, 0.0019, 0.0001, 0.0019, 0.0001, 0.0019, 0.0001,
        0.0019, 0.0001, 0.0019, 0.0001, 0.0019, 0.0001, 0.0019, 0.0001, 0.0019,
        0.0001, 0.0019, 0.0001, 0.0019, 0.0001, 0.0019, 0.0001, 0.0019, 0.0001,
        0.0019, 0.0001, 0.0019, 0.0001, 0.0019, 0.0001, 0.0019, 0.0001, 0.0019,
        0.0001, 0.0019, 0.0001, 0.0019, 0.0001, 0.0019, 0.0001, 0.0019, 0.0001,
        0.0019, 0.0001, 0.0019, 0.0001, 0.0019, 0.0001, 0.0019, 0.0001, 0.0019,
        0.0001, 0.0019, 0.0001, 0.0019, 0.0001, 0.0019, 0.0001, 0.0019, 0.0001,
        0.0019, 0.0001, 0.0019, 0.0001, 0.0019, 0.0001, 0.0019, 0.0001, 0.0019,
        0.0001])
genrrchi, alpha=1, sample size=260000
#########################################
tensor(926.4888, device='cuda:0')
(1, 1000, 0.0009, 1, 260000, 'chi', 'genrr', 926.48876953125, 0.9480000734329224, 79.51947474479675, '2024-03-19 21:35:38')
pval: [0.94800007] -- 1th test, time elapsed 79.51947474479675 -- emperical power so far: 0.0
db insert success
tensor(989.0074, device='cuda:0')
(2, 1000, 0.0009, 1, 260000, 'chi', 'genrr', 989.0074462890625, 0.5710000395774841, 70.65726041793823, '2024-03-19 21:36:50')
pval: [0.57100004] -- 2th test, time elapsed 70.65726041793823 -- emperical power so far: 0.0
db insert success
tensor(1016.6229, device='cuda:0')
(3, 1000, 0.0009, 1, 260000, 'chi', 'genrr', 1016.6228637695312, 0.37400001287460327, 70.21259379386902, '2024-03-19 21:38:16')
pval: [0.37400001] -- 3th test, time elapsed 70.21259379386902 -- emperical power so far: 0.0
db insert success
tensor(1001.9548, device='cuda:0')
(4, 1000, 0.0009, 1, 260000, 'chi', 'genrr', 1001.9547729492188, 0.49800002574920654, 70.09168076515198, '2024-03-19 21:39:41')
pval: [0.49800003] -- 4th test, time elapsed 70.09168076515198 -- emperical power so far: 0.0
db insert success
tensor(1005.5844, device='cuda:0')
(5, 1000, 0.0009, 1, 260000, 'chi', 'genrr', 1005.5844116210938, 0.4650000333786011, 70.0969648361206, '2024-03-19 21:41:05')
pval: [0.46500003] -- 5th test, time elapsed 70.0969648361206 -- emperical power so far: 0.0
db insert success
tensor(996.1809, device='cuda:0')
(6, 1000, 0.0009, 1, 260000, 'chi', 'genrr', 996.180908203125, 0.5070000290870667, 70.01428461074829, '2024-03-19 21:42:29')
pval: [0.50700003] -- 6th test, time elapsed 70.01428461074829 -- emperical power so far: 0.0
db insert success
tensor(1041.0515, device='cuda:0')
(7, 1000, 0.0009, 1, 260000, 'chi', 'genrr', 1041.051513671875, 0.17600001394748688, 70.20016050338745, '2024-03-19 21:43:41')
pval: [0.17600001] -- 7th test, time elapsed 70.20016050338745 -- emperical power so far: 0.0
db insert success
tensor(1080.2050, device='cuda:0')
(8, 1000, 0.0009, 1, 260000, 'chi', 'genrr', 1080.2049560546875, 0.03400000184774399, 70.23916006088257, '2024-03-19 21:44:53')
pval: [0.034] -- 8th test, time elapsed 70.23916006088257 -- emperical power so far: 0.125
db insert success
tensor(1030.0555, device='cuda:0')
(9, 1000, 0.0009, 1, 260000, 'chi', 'genrr', 1030.0555419921875, 0.23900000751018524, 70.32324934005737, '2024-03-19 21:46:22')
pval: [0.23900001] -- 9th test, time elapsed 70.32324934005737 -- emperical power so far: 0.1111111111111111
db insert success
tensor(974.3866, device='cuda:0')
(10, 1000, 0.0009, 1, 260000, 'chi', 'genrr', 974.3865966796875, 0.6880000233650208, 70.32280564308167, '2024-03-19 21:47:45')
pval: [0.68800002] -- 10th test, time elapsed 70.32280564308167 -- emperical power so far: 0.1
db insert success
tensor(1028.4001, device='cuda:0')
(11, 1000, 0.0009, 1, 260000, 'chi', 'genrr', 1028.400146484375, 0.2550000250339508, 70.26469492912292, '2024-03-19 21:49:06')
pval: [0.25500003] -- 11th test, time elapsed 70.26469492912292 -- emperical power so far: 0.09090909090909091
db insert success
tensor(989.3959, device='cuda:0')
(12, 1000, 0.0009, 1, 260000, 'chi', 'genrr', 989.3959350585938, 0.5990000367164612, 70.22832012176514, '2024-03-19 21:50:29')
pval: [0.59900004] -- 12th test, time elapsed 70.22832012176514 -- emperical power so far: 0.08333333333333333
db insert success
tensor(1009.9540, device='cuda:0')
(13, 1000, 0.0009, 1, 260000, 'chi', 'genrr', 1009.9539794921875, 0.3790000081062317, 70.18613982200623, '2024-03-19 21:51:59')
pval: [0.37900001] -- 13th test, time elapsed 70.18613982200623 -- emperical power so far: 0.07692307692307693
db insert success
tensor(1031.7384, device='cuda:0')
(14, 1000, 0.0009, 1, 260000, 'chi', 'genrr', 1031.7384033203125, 0.2070000171661377, 70.12283778190613, '2024-03-19 21:53:26')
pval: [0.20700002] -- 14th test, time elapsed 70.12283778190613 -- emperical power so far: 0.07142857142857142
db insert success
tensor(1013.9442, device='cuda:0')
(15, 1000, 0.0009, 1, 260000, 'chi', 'genrr', 1013.9441528320312, 0.33500000834465027, 70.10127520561218, '2024-03-19 21:54:45')
pval: [0.33500001] -- 15th test, time elapsed 70.10127520561218 -- emperical power so far: 0.06666666666666667
db insert success
tensor(1079.8551, device='cuda:0')
(16, 1000, 0.0009, 1, 260000, 'chi', 'genrr', 1079.8551025390625, 0.03700000047683716, 70.14918398857117, '2024-03-19 21:56:12')
pval: [0.037] -- 16th test, time elapsed 70.14918398857117 -- emperical power so far: 0.125
db insert success
tensor(1000.0208, device='cuda:0')
(17, 1000, 0.0009, 1, 260000, 'chi', 'genrr', 1000.0208129882812, 0.4930000305175781, 70.14617013931274, '2024-03-19 21:57:38')
pval: [0.49300003] -- 17th test, time elapsed 70.14617013931274 -- emperical power so far: 0.11764705882352941
db insert success
tensor(944.6425, device='cuda:0')
(18, 1000, 0.0009, 1, 260000, 'chi', 'genrr', 944.6424560546875, 0.8910000324249268, 70.07592535018921, '2024-03-19 21:59:09')
pval: [0.89100003] -- 18th test, time elapsed 70.07592535018921 -- emperical power so far: 0.1111111111111111
db insert success
tensor(1049.5001, device='cuda:0')
(19, 1000, 0.0009, 1, 260000, 'chi', 'genrr', 1049.5001220703125, 0.12700000405311584, 70.25466799736023, '2024-03-19 22:00:20')
pval: [0.127] -- 19th test, time elapsed 70.25466799736023 -- emperical power so far: 0.10526315789473684
db insert success
tensor(1038.4762, device='cuda:0')
(20, 1000, 0.0009, 1, 260000, 'chi', 'genrr', 1038.4761962890625, 0.18000000715255737, 70.07808375358582, '2024-03-19 22:01:49')
pval: [0.18000001] -- 20th test, time elapsed 70.07808375358582 -- emperical power so far: 0.1
db insert success
tensor(1016.2645, device='cuda:0')
(21, 1000, 0.0009, 1, 260000, 'chi', 'genrr', 1016.2645263671875, 0.32600000500679016, 70.14364814758301, '2024-03-19 22:03:07')
pval: [0.32600001] -- 21th test, time elapsed 70.14364814758301 -- emperical power so far: 0.09523809523809523
db insert success
tensor(994.4166, device='cuda:0')
(22, 1000, 0.0009, 1, 260000, 'chi', 'genrr', 994.4165649414062, 0.5120000243186951, 70.15948843955994, '2024-03-19 22:04:34')
pval: [0.51200002] -- 22th test, time elapsed 70.15948843955994 -- emperical power so far: 0.09090909090909091
db insert success
tensor(944.2049, device='cuda:0')
(23, 1000, 0.0009, 1, 260000, 'chi', 'genrr', 944.2048950195312, 0.8990000486373901, 70.14223980903625, '2024-03-19 22:05:55')
pval: [0.89900005] -- 23th test, time elapsed 70.14223980903625 -- emperical power so far: 0.08695652173913043
db insert success
tensor(1003.2207, device='cuda:0')
(24, 1000, 0.0009, 1, 260000, 'chi', 'genrr', 1003.220703125, 0.46300002932548523, 70.12503385543823, '2024-03-19 22:07:18')
pval: [0.46300003] -- 24th test, time elapsed 70.12503385543823 -- emperical power so far: 0.08333333333333333
db insert success
tensor(1009.8218, device='cuda:0')
(25, 1000, 0.0009, 1, 260000, 'chi', 'genrr', 1009.82177734375, 0.39500001072883606, 70.21574831008911, '2024-03-19 22:08:41')
pval: [0.39500001] -- 25th test, time elapsed 70.21574831008911 -- emperical power so far: 0.08
db insert success
tensor(1089.3782, device='cuda:0')
(26, 1000, 0.0009, 1, 260000, 'chi', 'genrr', 1089.378173828125, 0.023000001907348633, 70.14604568481445, '2024-03-19 22:09:53')
pval: [0.023] -- 26th test, time elapsed 70.14604568481445 -- emperical power so far: 0.11538461538461539
db insert success
tensor(1024.1025, device='cuda:0')
(27, 1000, 0.0009, 1, 260000, 'chi', 'genrr', 1024.1025390625, 0.29600000381469727, 70.34826302528381, '2024-03-19 22:11:14')
pval: [0.296] -- 27th test, time elapsed 70.34826302528381 -- emperical power so far: 0.1111111111111111
db insert success
tensor(1003.8555, device='cuda:0')
(28, 1000, 0.0009, 1, 260000, 'chi', 'genrr', 1003.8555297851562, 0.45500001311302185, 70.2927565574646, '2024-03-19 22:12:34')
pval: [0.45500001] -- 28th test, time elapsed 70.2927565574646 -- emperical power so far: 0.10714285714285714
db insert success
tensor(958.9737, device='cuda:0')
(29, 1000, 0.0009, 1, 260000, 'chi', 'genrr', 958.9736938476562, 0.8050000667572021, 70.14858078956604, '2024-03-19 22:13:48')
pval: [0.80500007] -- 29th test, time elapsed 70.14858078956604 -- emperical power so far: 0.10344827586206896
db insert success
tensor(1008.7460, device='cuda:0')
(30, 1000, 0.0009, 1, 260000, 'chi', 'genrr', 1008.7460327148438, 0.42900002002716064, 70.13261461257935, '2024-03-19 22:15:04')
pval: [0.42900002] -- 30th test, time elapsed 70.13261461257935 -- emperical power so far: 0.1
db insert success
tensor(1061.6766, device='cuda:0')
(31, 1000, 0.0009, 1, 260000, 'chi', 'genrr', 1061.6766357421875, 0.0820000022649765, 70.11085605621338, '2024-03-19 22:16:19')
pval: [0.082] -- 31th test, time elapsed 70.11085605621338 -- emperical power so far: 0.0967741935483871
db insert success
tensor(984.2399, device='cuda:0')
(32, 1000, 0.0009, 1, 260000, 'chi', 'genrr', 984.2398681640625, 0.625, 70.2297875881195, '2024-03-19 22:17:47')
pval: [0.625] -- 32th test, time elapsed 70.2297875881195 -- emperical power so far: 0.09375
db insert success
tensor(1010.5003, device='cuda:0')
(33, 1000, 0.0009, 1, 260000, 'chi', 'genrr', 1010.5003051757812, 0.37400001287460327, 70.26906061172485, '2024-03-19 22:19:01')
pval: [0.37400001] -- 33th test, time elapsed 70.26906061172485 -- emperical power so far: 0.09090909090909091
db insert success
tensor(918.8155, device='cuda:0')
(34, 1000, 0.0009, 1, 260000, 'chi', 'genrr', 918.8154907226562, 0.9740000367164612, 70.28624749183655, '2024-03-19 22:20:24')
pval: [0.97400004] -- 34th test, time elapsed 70.28624749183655 -- emperical power so far: 0.08823529411764706
db insert success
tensor(1044.1085, device='cuda:0')
(35, 1000, 0.0009, 1, 260000, 'chi', 'genrr', 1044.1085205078125, 0.14600001275539398, 70.14693903923035, '2024-03-19 22:21:54')
pval: [0.14600001] -- 35th test, time elapsed 70.14693903923035 -- emperical power so far: 0.08571428571428572
db insert success
tensor(1085.0802, device='cuda:0')
(36, 1000, 0.0009, 1, 260000, 'chi', 'genrr', 1085.0802001953125, 0.03100000135600567, 70.10108971595764, '2024-03-19 22:23:09')
pval: [0.031] -- 36th test, time elapsed 70.10108971595764 -- emperical power so far: 0.1111111111111111
db insert success
tensor(1018.0985, device='cuda:0')
(37, 1000, 0.0009, 1, 260000, 'chi', 'genrr', 1018.0985107421875, 0.3370000123977661, 70.08329796791077, '2024-03-19 22:24:37')
pval: [0.33700001] -- 37th test, time elapsed 70.08329796791077 -- emperical power so far: 0.10810810810810811
db insert success
tensor(1024.6254, device='cuda:0')
(38, 1000, 0.0009, 1, 260000, 'chi', 'genrr', 1024.6253662109375, 0.2590000033378601, 70.16314816474915, '2024-03-19 22:26:02')
pval: [0.259] -- 38th test, time elapsed 70.16314816474915 -- emperical power so far: 0.10526315789473684
db insert success
tensor(1041.4482, device='cuda:0')
(39, 1000, 0.0009, 1, 260000, 'chi', 'genrr', 1041.4482421875, 0.14800000190734863, 70.11935353279114, '2024-03-19 22:27:17')
pval: [0.148] -- 39th test, time elapsed 70.11935353279114 -- emperical power so far: 0.10256410256410256
db insert success
tensor(932.3159, device='cuda:0')
(40, 1000, 0.0009, 1, 260000, 'chi', 'genrr', 932.31591796875, 0.9470000267028809, 70.1805670261383, '2024-03-19 22:28:33')
pval: [0.94700003] -- 40th test, time elapsed 70.1805670261383 -- emperical power so far: 0.1
db insert success
tensor(952.1826, device='cuda:0')
(41, 1000, 0.0009, 1, 260000, 'chi', 'genrr', 952.1826171875, 0.8660000562667847, 70.08886885643005, '2024-03-19 22:29:53')
pval: [0.86600006] -- 41th test, time elapsed 70.08886885643005 -- emperical power so far: 0.0975609756097561
db insert success
tensor(1028.8907, device='cuda:0')
(42, 1000, 0.0009, 1, 260000, 'chi', 'genrr', 1028.8907470703125, 0.2410000115633011, 70.16219925880432, '2024-03-19 22:31:09')
pval: [0.24100001] -- 42th test, time elapsed 70.16219925880432 -- emperical power so far: 0.09523809523809523
db insert success
tensor(1052.2515, device='cuda:0')
(43, 1000, 0.0009, 1, 260000, 'chi', 'genrr', 1052.25146484375, 0.1340000033378601, 70.21055197715759, '2024-03-19 22:32:24')
pval: [0.134] -- 43th test, time elapsed 70.21055197715759 -- emperical power so far: 0.09302325581395349
db insert success
tensor(992.0558, device='cuda:0')
(44, 1000, 0.0009, 1, 260000, 'chi', 'genrr', 992.0558471679688, 0.5540000200271606, 69.84135437011719, '2024-03-19 22:33:47')
pval: [0.55400002] -- 44th test, time elapsed 69.84135437011719 -- emperical power so far: 0.09090909090909091
db insert success
tensor(1072.5284, device='cuda:0')
(45, 1000, 0.0009, 1, 260000, 'chi', 'genrr', 1072.5284423828125, 0.04200000315904617, 69.85888957977295, '2024-03-19 22:35:17')
pval: [0.042] -- 45th test, time elapsed 69.85888957977295 -- emperical power so far: 0.1111111111111111
db insert success
tensor(1028.9923, device='cuda:0')
(46, 1000, 0.0009, 1, 260000, 'chi', 'genrr', 1028.9923095703125, 0.24500000476837158, 70.84984636306763, '2024-03-19 22:36:36')
pval: [0.245] -- 46th test, time elapsed 70.84984636306763 -- emperical power so far: 0.10869565217391304
db insert success
tensor(1089.7825, device='cuda:0')
(47, 1000, 0.0009, 1, 260000, 'chi', 'genrr', 1089.782470703125, 0.027000000700354576, 70.70609593391418, '2024-03-19 22:38:01')
pval: [0.027] -- 47th test, time elapsed 70.70609593391418 -- emperical power so far: 0.1276595744680851
db insert success
tensor(974.5442, device='cuda:0')
(48, 1000, 0.0009, 1, 260000, 'chi', 'genrr', 974.544189453125, 0.7110000252723694, 70.67125368118286, '2024-03-19 22:39:21')
pval: [0.71100003] -- 48th test, time elapsed 70.67125368118286 -- emperical power so far: 0.125
db insert success
tensor(947.3858, device='cuda:0')
(49, 1000, 0.0009, 1, 260000, 'chi', 'genrr', 947.3858032226562, 0.8960000276565552, 70.63684821128845, '2024-03-19 22:40:36')
pval: [0.89600003] -- 49th test, time elapsed 70.63684821128845 -- emperical power so far: 0.12244897959183673
db insert success
tensor(989.3552, device='cuda:0')
(50, 1000, 0.0009, 1, 260000, 'chi', 'genrr', 989.355224609375, 0.6180000305175781, 70.5230062007904, '2024-03-19 22:41:58')
pval: [0.61800003] -- 50th test, time elapsed 70.5230062007904 -- emperical power so far: 0.12
db insert success
tensor(932.1376, device='cuda:0')
(51, 1000, 0.0009, 1, 260000, 'chi', 'genrr', 932.1375732421875, 0.9460000395774841, 70.51074743270874, '2024-03-19 22:43:20')
pval: [0.94600004] -- 51th test, time elapsed 70.51074743270874 -- emperical power so far: 0.11764705882352941
db insert success
tensor(980.0767, device='cuda:0')
(52, 1000, 0.0009, 1, 260000, 'chi', 'genrr', 980.0767211914062, 0.6840000152587891, 70.68813419342041, '2024-03-19 22:44:40')
pval: [0.68400002] -- 52th test, time elapsed 70.68813419342041 -- emperical power so far: 0.11538461538461539
db insert success
tensor(1133.4364, device='cuda:0')
(53, 1000, 0.0009, 1, 260000, 'chi', 'genrr', 1133.4364013671875, 0.0020000000949949026, 70.53881430625916, '2024-03-19 22:46:10')
pval: [0.002] -- 53th test, time elapsed 70.53881430625916 -- emperical power so far: 0.1320754716981132
db insert success
tensor(1030.2805, device='cuda:0')
(54, 1000, 0.0009, 1, 260000, 'chi', 'genrr', 1030.280517578125, 0.24400001764297485, 70.76909613609314, '2024-03-19 22:47:26')
pval: [0.24400002] -- 54th test, time elapsed 70.76909613609314 -- emperical power so far: 0.12962962962962962
db insert success
tensor(910.3238, device='cuda:0')
(55, 1000, 0.0009, 1, 260000, 'chi', 'genrr', 910.3237915039062, 0.9780000448226929, 70.66018986701965, '2024-03-19 22:48:54')
pval: [0.97800004] -- 55th test, time elapsed 70.66018986701965 -- emperical power so far: 0.12727272727272726
db insert success
tensor(983.8726, device='cuda:0')
(56, 1000, 0.0009, 1, 260000, 'chi', 'genrr', 983.87255859375, 0.6290000081062317, 70.67800426483154, '2024-03-19 22:50:11')
pval: [0.62900001] -- 56th test, time elapsed 70.67800426483154 -- emperical power so far: 0.125
db insert success
tensor(984.3917, device='cuda:0')
(57, 1000, 0.0009, 1, 260000, 'chi', 'genrr', 984.3917236328125, 0.6150000095367432, 70.67845463752747, '2024-03-19 22:51:32')
pval: [0.61500001] -- 57th test, time elapsed 70.67845463752747 -- emperical power so far: 0.12280701754385964
db insert success
tensor(1055.0469, device='cuda:0')
(58, 1000, 0.0009, 1, 260000, 'chi', 'genrr', 1055.046875, 0.10700000822544098, 70.52443361282349, '2024-03-19 22:52:47')
pval: [0.10700001] -- 58th test, time elapsed 70.52443361282349 -- emperical power so far: 0.1206896551724138
db insert success
tensor(1008.7983, device='cuda:0')
(59, 1000, 0.0009, 1, 260000, 'chi', 'genrr', 1008.79833984375, 0.3930000066757202, 70.60456943511963, '2024-03-19 22:54:10')
pval: [0.39300001] -- 59th test, time elapsed 70.60456943511963 -- emperical power so far: 0.11864406779661017
db insert success
tensor(989.9088, device='cuda:0')
(60, 1000, 0.0009, 1, 260000, 'chi', 'genrr', 989.9087524414062, 0.5649999976158142, 70.68123316764832, '2024-03-19 22:55:30')
pval: [0.565] -- 60th test, time elapsed 70.68123316764832 -- emperical power so far: 0.11666666666666667
db insert success
tensor(959.9755, device='cuda:0')
(61, 1000, 0.0009, 1, 260000, 'chi', 'genrr', 959.9755249023438, 0.7900000214576721, 70.58309268951416, '2024-03-19 22:56:50')
pval: [0.79000002] -- 61th test, time elapsed 70.58309268951416 -- emperical power so far: 0.11475409836065574
db insert success
tensor(999.3159, device='cuda:0')
(62, 1000, 0.0009, 1, 260000, 'chi', 'genrr', 999.3158569335938, 0.49400001764297485, 70.61902379989624, '2024-03-19 22:58:09')
pval: [0.49400002] -- 62th test, time elapsed 70.61902379989624 -- emperical power so far: 0.11290322580645161
db insert success
tensor(973.4818, device='cuda:0')
(63, 1000, 0.0009, 1, 260000, 'chi', 'genrr', 973.4818115234375, 0.7110000252723694, 70.45580983161926, '2024-03-19 22:59:36')
pval: [0.71100003] -- 63th test, time elapsed 70.45580983161926 -- emperical power so far: 0.1111111111111111
db insert success
tensor(1005.4268, device='cuda:0')
(64, 1000, 0.0009, 1, 260000, 'chi', 'genrr', 1005.4268188476562, 0.4520000219345093, 70.6150553226471, '2024-03-19 23:01:00')
pval: [0.45200002] -- 64th test, time elapsed 70.6150553226471 -- emperical power so far: 0.109375
db insert success
tensor(1063.4097, device='cuda:0')
(65, 1000, 0.0009, 1, 260000, 'chi', 'genrr', 1063.40966796875, 0.07500000298023224, 70.50304388999939, '2024-03-19 23:02:15')
pval: [0.075] -- 65th test, time elapsed 70.50304388999939 -- emperical power so far: 0.1076923076923077
db insert success
tensor(969.8931, device='cuda:0')
(66, 1000, 0.0009, 1, 260000, 'chi', 'genrr', 969.8931274414062, 0.7210000157356262, 70.37950873374939, '2024-03-19 23:03:41')
pval: [0.72100002] -- 66th test, time elapsed 70.37950873374939 -- emperical power so far: 0.10606060606060606
db insert success
tensor(1057.3986, device='cuda:0')
(67, 1000, 0.0009, 1, 260000, 'chi', 'genrr', 1057.3985595703125, 0.09100000560283661, 70.60049724578857, '2024-03-19 23:05:03')
pval: [0.09100001] -- 67th test, time elapsed 70.60049724578857 -- emperical power so far: 0.1044776119402985
db insert success
tensor(1014.2523, device='cuda:0')
(68, 1000, 0.0009, 1, 260000, 'chi', 'genrr', 1014.2522583007812, 0.3410000205039978, 70.5497727394104, '2024-03-19 23:06:27')
pval: [0.34100002] -- 68th test, time elapsed 70.5497727394104 -- emperical power so far: 0.10294117647058823
db insert success
tensor(954.6151, device='cuda:0')
(69, 1000, 0.0009, 1, 260000, 'chi', 'genrr', 954.6150512695312, 0.8300000429153442, 70.66008758544922, '2024-03-19 23:07:39')
pval: [0.83000004] -- 69th test, time elapsed 70.66008758544922 -- emperical power so far: 0.10144927536231885
db insert success
tensor(1037.8254, device='cuda:0')
(70, 1000, 0.0009, 1, 260000, 'chi', 'genrr', 1037.825439453125, 0.17100000381469727, 70.67097425460815, '2024-03-19 23:08:51')
pval: [0.171] -- 70th test, time elapsed 70.67097425460815 -- emperical power so far: 0.1
db insert success
tensor(1035.8235, device='cuda:0')
(71, 1000, 0.0009, 1, 260000, 'chi', 'genrr', 1035.823486328125, 0.20200000703334808, 70.58471488952637, '2024-03-19 23:10:19')
pval: [0.20200001] -- 71th test, time elapsed 70.58471488952637 -- emperical power so far: 0.09859154929577464
db insert success
tensor(1027.0525, device='cuda:0')
(72, 1000, 0.0009, 1, 260000, 'chi', 'genrr', 1027.052490234375, 0.2590000033378601, 70.76130366325378, '2024-03-19 23:11:38')
pval: [0.259] -- 72th test, time elapsed 70.76130366325378 -- emperical power so far: 0.09722222222222222
db insert success
tensor(996.7919, device='cuda:0')
(73, 1000, 0.0009, 1, 260000, 'chi', 'genrr', 996.7919311523438, 0.5100000500679016, 70.63105130195618, '2024-03-19 23:13:00')
pval: [0.51000005] -- 73th test, time elapsed 70.63105130195618 -- emperical power so far: 0.0958904109589041
db insert success
tensor(1062.1855, device='cuda:0')
(74, 1000, 0.0009, 1, 260000, 'chi', 'genrr', 1062.185546875, 0.08000000566244125, 70.54722046852112, '2024-03-19 23:14:14')
pval: [0.08000001] -- 74th test, time elapsed 70.54722046852112 -- emperical power so far: 0.0945945945945946
db insert success
tensor(957.4706, device='cuda:0')
(75, 1000, 0.0009, 1, 260000, 'chi', 'genrr', 957.4705810546875, 0.8300000429153442, 70.73227500915527, '2024-03-19 23:15:39')
pval: [0.83000004] -- 75th test, time elapsed 70.73227500915527 -- emperical power so far: 0.09333333333333334
db insert success
tensor(977.0748, device='cuda:0')
(76, 1000, 0.0009, 1, 260000, 'chi', 'genrr', 977.0748291015625, 0.6790000200271606, 70.56283235549927, '2024-03-19 23:16:54')
pval: [0.67900002] -- 76th test, time elapsed 70.56283235549927 -- emperical power so far: 0.09210526315789473
db insert success
tensor(950.7793, device='cuda:0')
(77, 1000, 0.0009, 1, 260000, 'chi', 'genrr', 950.779296875, 0.8570000529289246, 70.68357062339783, '2024-03-19 23:18:18')
pval: [0.85700005] -- 77th test, time elapsed 70.68357062339783 -- emperical power so far: 0.09090909090909091
db insert success
tensor(1090.2114, device='cuda:0')
(78, 1000, 0.0009, 1, 260000, 'chi', 'genrr', 1090.21142578125, 0.027000000700354576, 70.57758593559265, '2024-03-19 23:19:38')
pval: [0.027] -- 78th test, time elapsed 70.57758593559265 -- emperical power so far: 0.10256410256410256
db insert success
tensor(991.2975, device='cuda:0')
(79, 1000, 0.0009, 1, 260000, 'chi', 'genrr', 991.2974853515625, 0.5610000491142273, 70.55457043647766, '2024-03-19 23:21:07')
pval: [0.56100005] -- 79th test, time elapsed 70.55457043647766 -- emperical power so far: 0.10126582278481013
db insert success
tensor(894.5707, device='cuda:0')
(80, 1000, 0.0009, 1, 260000, 'chi', 'genrr', 894.5707397460938, 0.9910000562667847, 70.52916884422302, '2024-03-19 23:22:28')
pval: [0.99100006] -- 80th test, time elapsed 70.52916884422302 -- emperical power so far: 0.1
db insert success
tensor(992.8544, device='cuda:0')
(81, 1000, 0.0009, 1, 260000, 'chi', 'genrr', 992.8544311523438, 0.5520000457763672, 70.59441661834717, '2024-03-19 23:23:43')
pval: [0.55200005] -- 81th test, time elapsed 70.59441661834717 -- emperical power so far: 0.09876543209876543
db insert success
tensor(1027.7815, device='cuda:0')
(82, 1000, 0.0009, 1, 260000, 'chi', 'genrr', 1027.781494140625, 0.2670000195503235, 70.49813222885132, '2024-03-19 23:24:58')
pval: [0.26700002] -- 82th test, time elapsed 70.49813222885132 -- emperical power so far: 0.0975609756097561
db insert success
tensor(971.9706, device='cuda:0')
(83, 1000, 0.0009, 1, 260000, 'chi', 'genrr', 971.9706420898438, 0.7120000123977661, 70.51815128326416, '2024-03-19 23:26:28')
pval: [0.71200001] -- 83th test, time elapsed 70.51815128326416 -- emperical power so far: 0.0963855421686747
db insert success
tensor(968.6662, device='cuda:0')
(84, 1000, 0.0009, 1, 260000, 'chi', 'genrr', 968.6661987304688, 0.7660000324249268, 70.79512286186218, '2024-03-19 23:27:54')
pval: [0.76600003] -- 84th test, time elapsed 70.79512286186218 -- emperical power so far: 0.09523809523809523
db insert success
tensor(1121.0863, device='cuda:0')
(85, 1000, 0.0009, 1, 260000, 'chi', 'genrr', 1121.0863037109375, 0.006000000052154064, 70.7067813873291, '2024-03-19 23:29:11')
pval: [0.006] -- 85th test, time elapsed 70.7067813873291 -- emperical power so far: 0.10588235294117647
db insert success
tensor(991.0891, device='cuda:0')
(86, 1000, 0.0009, 1, 260000, 'chi', 'genrr', 991.0890502929688, 0.5680000185966492, 70.59778428077698, '2024-03-19 23:30:28')
pval: [0.56800002] -- 86th test, time elapsed 70.59778428077698 -- emperical power so far: 0.10465116279069768
db insert success
tensor(998.2339, device='cuda:0')
(87, 1000, 0.0009, 1, 260000, 'chi', 'genrr', 998.2339477539062, 0.49400001764297485, 70.61589312553406, '2024-03-19 23:31:49')
pval: [0.49400002] -- 87th test, time elapsed 70.61589312553406 -- emperical power so far: 0.10344827586206896
db insert success
tensor(1023.2930, device='cuda:0')
(88, 1000, 0.0009, 1, 260000, 'chi', 'genrr', 1023.29296875, 0.2880000174045563, 70.47901272773743, '2024-03-19 23:33:16')
pval: [0.28800002] -- 88th test, time elapsed 70.47901272773743 -- emperical power so far: 0.10227272727272728
db insert success
tensor(1064.5010, device='cuda:0')
(89, 1000, 0.0009, 1, 260000, 'chi', 'genrr', 1064.5009765625, 0.07500000298023224, 70.65581512451172, '2024-03-19 23:34:36')
pval: [0.075] -- 89th test, time elapsed 70.65581512451172 -- emperical power so far: 0.10112359550561797
db insert success
tensor(1061.2638, device='cuda:0')
(90, 1000, 0.0009, 1, 260000, 'chi', 'genrr', 1061.2637939453125, 0.08000000566244125, 70.57233428955078, '2024-03-19 23:35:53')
pval: [0.08000001] -- 90th test, time elapsed 70.57233428955078 -- emperical power so far: 0.1
db insert success
tensor(1006.0103, device='cuda:0')
(91, 1000, 0.0009, 1, 260000, 'chi', 'genrr', 1006.0103149414062, 0.4350000321865082, 70.75567507743835, '2024-03-19 23:37:15')
pval: [0.43500003] -- 91th test, time elapsed 70.75567507743835 -- emperical power so far: 0.0989010989010989
db insert success
tensor(1055.4968, device='cuda:0')
(92, 1000, 0.0009, 1, 260000, 'chi', 'genrr', 1055.496826171875, 0.10700000822544098, 70.75796389579773, '2024-03-19 23:38:30')
pval: [0.10700001] -- 92th test, time elapsed 70.75796389579773 -- emperical power so far: 0.09782608695652174
db insert success
tensor(998.4949, device='cuda:0')
(93, 1000, 0.0009, 1, 260000, 'chi', 'genrr', 998.494873046875, 0.5180000066757202, 70.59900641441345, '2024-03-19 23:39:59')
pval: [0.51800001] -- 93th test, time elapsed 70.59900641441345 -- emperical power so far: 0.0967741935483871
db insert success
tensor(1045.1803, device='cuda:0')
(94, 1000, 0.0009, 1, 260000, 'chi', 'genrr', 1045.1802978515625, 0.15200001001358032, 70.59225749969482, '2024-03-19 23:41:16')
pval: [0.15200001] -- 94th test, time elapsed 70.59225749969482 -- emperical power so far: 0.09574468085106383
db insert success
tensor(1056.9827, device='cuda:0')
(95, 1000, 0.0009, 1, 260000, 'chi', 'genrr', 1056.982666015625, 0.09700000286102295, 70.62367177009583, '2024-03-19 23:42:45')
pval: [0.097] -- 95th test, time elapsed 70.62367177009583 -- emperical power so far: 0.09473684210526316
db insert success
tensor(951.5042, device='cuda:0')
(96, 1000, 0.0009, 1, 260000, 'chi', 'genrr', 951.504150390625, 0.8530000448226929, 70.6569995880127, '2024-03-19 23:44:01')
pval: [0.85300004] -- 96th test, time elapsed 70.6569995880127 -- emperical power so far: 0.09375
db insert success
tensor(1071.6832, device='cuda:0')
(97, 1000, 0.0009, 1, 260000, 'chi', 'genrr', 1071.6832275390625, 0.049000002443790436, 70.63289380073547, '2024-03-19 23:45:20')
pval: [0.049] -- 97th test, time elapsed 70.63289380073547 -- emperical power so far: 0.10309278350515463
db insert success
tensor(1010.0042, device='cuda:0')
(98, 1000, 0.0009, 1, 260000, 'chi', 'genrr', 1010.0042114257812, 0.39900001883506775, 70.6013126373291, '2024-03-19 23:46:36')
pval: [0.39900002] -- 98th test, time elapsed 70.6013126373291 -- emperical power so far: 0.10204081632653061
db insert success
tensor(935.6954, device='cuda:0')
(99, 1000, 0.0009, 1, 260000, 'chi', 'genrr', 935.6954345703125, 0.9240000247955322, 70.67736315727234, '2024-03-19 23:48:02')
pval: [0.92400002] -- 99th test, time elapsed 70.67736315727234 -- emperical power so far: 0.10101010101010101
db insert success
tensor(923.4347, device='cuda:0')
(100, 1000, 0.0009, 1, 260000, 'chi', 'genrr', 923.4346923828125, 0.9500000476837158, 70.7880175113678, '2024-03-19 23:49:19')
pval: [0.95000005] -- 100th test, time elapsed 70.7880175113678 -- emperical power so far: 0.1
db insert success
tensor(1028.5054, device='cuda:0')
(101, 1000, 0.0009, 1, 260000, 'chi', 'genrr', 1028.50537109375, 0.23900000751018524, 70.59179258346558, '2024-03-19 23:50:45')
pval: [0.23900001] -- 101th test, time elapsed 70.59179258346558 -- emperical power so far: 0.09900990099009901
db insert success
tensor(1018.8374, device='cuda:0')
(102, 1000, 0.0009, 1, 260000, 'chi', 'genrr', 1018.83740234375, 0.33000001311302185, 70.47591829299927, '2024-03-19 23:51:57')
pval: [0.33000001] -- 102th test, time elapsed 70.47591829299927 -- emperical power so far: 0.09803921568627451
db insert success
tensor(986.4023, device='cuda:0')
(103, 1000, 0.0009, 1, 260000, 'chi', 'genrr', 986.4022827148438, 0.5770000219345093, 70.64629435539246, '2024-03-19 23:53:26')
pval: [0.57700002] -- 103th test, time elapsed 70.64629435539246 -- emperical power so far: 0.0970873786407767
db insert success
tensor(1063.1421, device='cuda:0')
(104, 1000, 0.0009, 1, 260000, 'chi', 'genrr', 1063.14208984375, 0.0860000029206276, 70.77044105529785, '2024-03-19 23:54:55')
pval: [0.086] -- 104th test, time elapsed 70.77044105529785 -- emperical power so far: 0.09615384615384616
db insert success
tensor(1076.0345, device='cuda:0')
(105, 1000, 0.0009, 1, 260000, 'chi', 'genrr', 1076.0345458984375, 0.03700000047683716, 70.56459760665894, '2024-03-19 23:56:11')
pval: [0.037] -- 105th test, time elapsed 70.56459760665894 -- emperical power so far: 0.10476190476190476
db insert success
tensor(1003.7868, device='cuda:0')
(106, 1000, 0.0009, 1, 260000, 'chi', 'genrr', 1003.7868041992188, 0.45500001311302185, 70.66040515899658, '2024-03-19 23:57:23')
pval: [0.45500001] -- 106th test, time elapsed 70.66040515899658 -- emperical power so far: 0.10377358490566038
db insert success
tensor(983.9294, device='cuda:0')
(107, 1000, 0.0009, 1, 260000, 'chi', 'genrr', 983.929443359375, 0.64000004529953, 70.70127010345459, '2024-03-19 23:58:42')
pval: [0.64000005] -- 107th test, time elapsed 70.70127010345459 -- emperical power so far: 0.102803738317757
db insert success
tensor(982.8958, device='cuda:0')
(108, 1000, 0.0009, 1, 260000, 'chi', 'genrr', 982.895751953125, 0.6260000467300415, 70.83086133003235, '2024-03-20 00:00:06')
pval: [0.62600005] -- 108th test, time elapsed 70.83086133003235 -- emperical power so far: 0.10185185185185185
db insert success
tensor(1005.6398, device='cuda:0')
(109, 1000, 0.0009, 1, 260000, 'chi', 'genrr', 1005.6397705078125, 0.41200003027915955, 70.87514305114746, '2024-03-20 00:01:36')
pval: [0.41200003] -- 109th test, time elapsed 70.87514305114746 -- emperical power so far: 0.10091743119266056
db insert success
tensor(944.3830, device='cuda:0')
(110, 1000, 0.0009, 1, 260000, 'chi', 'genrr', 944.3829956054688, 0.8990000486373901, 70.7917947769165, '2024-03-20 00:02:50')
pval: [0.89900005] -- 110th test, time elapsed 70.7917947769165 -- emperical power so far: 0.1
db insert success
tensor(1072.3042, device='cuda:0')
(111, 1000, 0.0009, 1, 260000, 'chi', 'genrr', 1072.30419921875, 0.055000003427267075, 69.79358863830566, '2024-03-20 00:04:06')
pval: [0.055] -- 111th test, time elapsed 69.79358863830566 -- emperical power so far: 0.0990990990990991
db insert success
tensor(1022.9646, device='cuda:0')
(112, 1000, 0.0009, 1, 260000, 'chi', 'genrr', 1022.964599609375, 0.28200000524520874, 69.84184098243713, '2024-03-20 00:05:24')
pval: [0.28200001] -- 112th test, time elapsed 69.84184098243713 -- emperical power so far: 0.09821428571428571
db insert success
tensor(956.4998, device='cuda:0')
(113, 1000, 0.0009, 1, 260000, 'chi', 'genrr', 956.499755859375, 0.8380000591278076, 69.7951192855835, '2024-03-20 00:06:36')
pval: [0.83800006] -- 113th test, time elapsed 69.7951192855835 -- emperical power so far: 0.09734513274336283
db insert success
tensor(981.5355, device='cuda:0')
(114, 1000, 0.0009, 1, 260000, 'chi', 'genrr', 981.5355224609375, 0.6470000147819519, 69.93643546104431, '2024-03-20 00:07:57')
pval: [0.64700001] -- 114th test, time elapsed 69.93643546104431 -- emperical power so far: 0.09649122807017543
db insert success
tensor(944.3093, device='cuda:0')
(115, 1000, 0.0009, 1, 260000, 'chi', 'genrr', 944.3092651367188, 0.9040000438690186, 69.99911284446716, '2024-03-20 00:09:15')
pval: [0.90400004] -- 115th test, time elapsed 69.99911284446716 -- emperical power so far: 0.09565217391304348
db insert success
tensor(1042.9325, device='cuda:0')
(116, 1000, 0.0009, 1, 260000, 'chi', 'genrr', 1042.9324951171875, 0.16200000047683716, 69.93228197097778, '2024-03-20 00:10:44')
pval: [0.162] -- 116th test, time elapsed 69.93228197097778 -- emperical power so far: 0.09482758620689655
db insert success
tensor(1004.1824, device='cuda:0')
(117, 1000, 0.0009, 1, 260000, 'chi', 'genrr', 1004.1824340820312, 0.4480000138282776, 69.84758949279785, '2024-03-20 00:12:13')
pval: [0.44800001] -- 117th test, time elapsed 69.84758949279785 -- emperical power so far: 0.09401709401709402
db insert success
tensor(978.7380, device='cuda:0')
(118, 1000, 0.0009, 1, 260000, 'chi', 'genrr', 978.738037109375, 0.6770000457763672, 69.79146647453308, '2024-03-20 00:13:35')
pval: [0.67700005] -- 118th test, time elapsed 69.79146647453308 -- emperical power so far: 0.09322033898305085
db insert success
tensor(1023.5203, device='cuda:0')
(119, 1000, 0.0009, 1, 260000, 'chi', 'genrr', 1023.5203247070312, 0.2930000126361847, 69.8137903213501, '2024-03-20 00:14:56')
pval: [0.29300001] -- 119th test, time elapsed 69.8137903213501 -- emperical power so far: 0.09243697478991597
db insert success
tensor(1009.6262, device='cuda:0')
(120, 1000, 0.0009, 1, 260000, 'chi', 'genrr', 1009.626220703125, 0.40400001406669617, 69.81072759628296, '2024-03-20 00:16:15')
pval: [0.40400001] -- 120th test, time elapsed 69.81072759628296 -- emperical power so far: 0.09166666666666666
db insert success
tensor(997.4379, device='cuda:0')
(121, 1000, 0.0009, 1, 260000, 'chi', 'genrr', 997.4379272460938, 0.5070000290870667, 69.78345656394958, '2024-03-20 00:17:40')
pval: [0.50700003] -- 121th test, time elapsed 69.78345656394958 -- emperical power so far: 0.09090909090909091
db insert success
tensor(977.6284, device='cuda:0')
(122, 1000, 0.0009, 1, 260000, 'chi', 'genrr', 977.62841796875, 0.6860000491142273, 69.79834151268005, '2024-03-20 00:18:57')
pval: [0.68600005] -- 122th test, time elapsed 69.79834151268005 -- emperical power so far: 0.09016393442622951
db insert success
tensor(982.4756, device='cuda:0')
(123, 1000, 0.0009, 1, 260000, 'chi', 'genrr', 982.4755859375, 0.6270000338554382, 69.83834838867188, '2024-03-20 00:20:23')
pval: [0.62700003] -- 123th test, time elapsed 69.83834838867188 -- emperical power so far: 0.08943089430894309
db insert success
tensor(1018.2704, device='cuda:0')
(124, 1000, 0.0009, 1, 260000, 'chi', 'genrr', 1018.2704467773438, 0.3290000259876251, 69.87003970146179, '2024-03-20 00:21:51')
pval: [0.32900003] -- 124th test, time elapsed 69.87003970146179 -- emperical power so far: 0.08870967741935484
db insert success
tensor(963.1750, device='cuda:0')
(125, 1000, 0.0009, 1, 260000, 'chi', 'genrr', 963.1749877929688, 0.7800000309944153, 69.8517689704895, '2024-03-20 00:23:09')
pval: [0.78000003] -- 125th test, time elapsed 69.8517689704895 -- emperical power so far: 0.088
db insert success
tensor(987.2755, device='cuda:0')
(126, 1000, 0.0009, 1, 260000, 'chi', 'genrr', 987.2755126953125, 0.6200000047683716, 69.906423330307, '2024-03-20 00:24:24')
pval: [0.62] -- 126th test, time elapsed 69.906423330307 -- emperical power so far: 0.0873015873015873
db insert success
tensor(997.1508, device='cuda:0')
(127, 1000, 0.0009, 1, 260000, 'chi', 'genrr', 997.1507568359375, 0.5250000357627869, 69.88313436508179, '2024-03-20 00:25:39')
pval: [0.52500004] -- 127th test, time elapsed 69.88313436508179 -- emperical power so far: 0.08661417322834646
db insert success
tensor(1006.0178, device='cuda:0')
(128, 1000, 0.0009, 1, 260000, 'chi', 'genrr', 1006.017822265625, 0.4400000274181366, 69.83775973320007, '2024-03-20 00:26:50')
pval: [0.44000003] -- 128th test, time elapsed 69.83775973320007 -- emperical power so far: 0.0859375
db insert success
tensor(1041.4906, device='cuda:0')
(129, 1000, 0.0009, 1, 260000, 'chi', 'genrr', 1041.4906005859375, 0.1600000113248825, 69.7301139831543, '2024-03-20 00:28:15')
pval: [0.16000001] -- 129th test, time elapsed 69.7301139831543 -- emperical power so far: 0.08527131782945736
db insert success
tensor(1012.6912, device='cuda:0')
(130, 1000, 0.0009, 1, 260000, 'chi', 'genrr', 1012.691162109375, 0.39000001549720764, 69.82643508911133, '2024-03-20 00:29:44')
pval: [0.39000002] -- 130th test, time elapsed 69.82643508911133 -- emperical power so far: 0.08461538461538462
db insert success
tensor(943.4597, device='cuda:0')
(131, 1000, 0.0009, 1, 260000, 'chi', 'genrr', 943.4596557617188, 0.8880000710487366, 69.74607181549072, '2024-03-20 00:31:08')
pval: [0.88800007] -- 131th test, time elapsed 69.74607181549072 -- emperical power so far: 0.08396946564885496
db insert success
tensor(1045.5227, device='cuda:0')
(132, 1000, 0.0009, 1, 260000, 'chi', 'genrr', 1045.522705078125, 0.16500000655651093, 69.84172010421753, '2024-03-20 00:32:23')
pval: [0.16500001] -- 132th test, time elapsed 69.84172010421753 -- emperical power so far: 0.08333333333333333
db insert success
tensor(957.7054, device='cuda:0')
(133, 1000, 0.0009, 1, 260000, 'chi', 'genrr', 957.7054443359375, 0.8010000586509705, 69.78757333755493, '2024-03-20 00:33:53')
pval: [0.80100006] -- 133th test, time elapsed 69.78757333755493 -- emperical power so far: 0.08270676691729323
db insert success
tensor(1000.7003, device='cuda:0')
(134, 1000, 0.0009, 1, 260000, 'chi', 'genrr', 1000.7002563476562, 0.48000001907348633, 69.92422771453857, '2024-03-20 00:35:14')
pval: [0.48000002] -- 134th test, time elapsed 69.92422771453857 -- emperical power so far: 0.08208955223880597
db insert success
tensor(1037.4226, device='cuda:0')
(135, 1000, 0.0009, 1, 260000, 'chi', 'genrr', 1037.422607421875, 0.1770000010728836, 69.92829585075378, '2024-03-20 00:36:26')
pval: [0.177] -- 135th test, time elapsed 69.92829585075378 -- emperical power so far: 0.08148148148148149
db insert success
tensor(1036.1201, device='cuda:0')
(136, 1000, 0.0009, 1, 260000, 'chi', 'genrr', 1036.1201171875, 0.203000009059906, 69.67220377922058, '2024-03-20 00:37:40')
pval: [0.20300001] -- 136th test, time elapsed 69.67220377922058 -- emperical power so far: 0.08088235294117647
db insert success
tensor(1047.7598, device='cuda:0')
(137, 1000, 0.0009, 1, 260000, 'chi', 'genrr', 1047.759765625, 0.14600001275539398, 69.79057312011719, '2024-03-20 00:39:06')
pval: [0.14600001] -- 137th test, time elapsed 69.79057312011719 -- emperical power so far: 0.08029197080291971
db insert success
tensor(1072.3712, device='cuda:0')
(138, 1000, 0.0009, 1, 260000, 'chi', 'genrr', 1072.3712158203125, 0.05900000408291817, 69.79683923721313, '2024-03-20 00:40:22')
pval: [0.059] -- 138th test, time elapsed 69.79683923721313 -- emperical power so far: 0.07971014492753623
db insert success
tensor(980.2703, device='cuda:0')
(139, 1000, 0.0009, 1, 260000, 'chi', 'genrr', 980.2703247070312, 0.6570000052452087, 69.85265922546387, '2024-03-20 00:41:43')
pval: [0.65700001] -- 139th test, time elapsed 69.85265922546387 -- emperical power so far: 0.07913669064748201
db insert success
tensor(1006.2817, device='cuda:0')
(140, 1000, 0.0009, 1, 260000, 'chi', 'genrr', 1006.28173828125, 0.4490000307559967, 70.0736243724823, '2024-03-20 00:43:02')
pval: [0.44900003] -- 140th test, time elapsed 70.0736243724823 -- emperical power so far: 0.07857142857142857
db insert success
tensor(982.8799, device='cuda:0')
(141, 1000, 0.0009, 1, 260000, 'chi', 'genrr', 982.8798828125, 0.6390000581741333, 69.92816281318665, '2024-03-20 00:44:13')
pval: [0.63900006] -- 141th test, time elapsed 69.92816281318665 -- emperical power so far: 0.07801418439716312
db insert success
tensor(1006.0681, device='cuda:0')
(142, 1000, 0.0009, 1, 260000, 'chi', 'genrr', 1006.0680541992188, 0.445000022649765, 69.76436114311218, '2024-03-20 00:45:42')
pval: [0.44500002] -- 142th test, time elapsed 69.76436114311218 -- emperical power so far: 0.07746478873239436
db insert success
tensor(1031.3375, device='cuda:0')
(143, 1000, 0.0009, 1, 260000, 'chi', 'genrr', 1031.3375244140625, 0.24900001287460327, 69.829430103302, '2024-03-20 00:46:54')
pval: [0.24900001] -- 143th test, time elapsed 69.829430103302 -- emperical power so far: 0.07692307692307693
db insert success
tensor(1023.7942, device='cuda:0')
(144, 1000, 0.0009, 1, 260000, 'chi', 'genrr', 1023.794189453125, 0.2760000228881836, 69.90995645523071, '2024-03-20 00:48:10')
pval: [0.27600002] -- 144th test, time elapsed 69.90995645523071 -- emperical power so far: 0.0763888888888889
db insert success
tensor(1027.7432, device='cuda:0')
(145, 1000, 0.0009, 1, 260000, 'chi', 'genrr', 1027.7431640625, 0.2580000162124634, 69.78646039962769, '2024-03-20 00:49:24')
pval: [0.25800002] -- 145th test, time elapsed 69.78646039962769 -- emperical power so far: 0.07586206896551724
db insert success
tensor(1081.1667, device='cuda:0')
(146, 1000, 0.0009, 1, 260000, 'chi', 'genrr', 1081.166748046875, 0.03200000151991844, 69.74325609207153, '2024-03-20 00:50:49')
pval: [0.032] -- 146th test, time elapsed 69.74325609207153 -- emperical power so far: 0.0821917808219178
db insert success
tensor(1016.6723, device='cuda:0')
(147, 1000, 0.0009, 1, 260000, 'chi', 'genrr', 1016.6723022460938, 0.3630000054836273, 69.67782878875732, '2024-03-20 00:52:05')
pval: [0.36300001] -- 147th test, time elapsed 69.67782878875732 -- emperical power so far: 0.08163265306122448
db insert success
tensor(1009.1706, device='cuda:0')
(148, 1000, 0.0009, 1, 260000, 'chi', 'genrr', 1009.1705932617188, 0.4240000247955322, 69.7446916103363, '2024-03-20 00:53:23')
pval: [0.42400002] -- 148th test, time elapsed 69.7446916103363 -- emperical power so far: 0.08108108108108109
db insert success
tensor(1009.6090, device='cuda:0')
(149, 1000, 0.0009, 1, 260000, 'chi', 'genrr', 1009.6090087890625, 0.4100000262260437, 69.78119659423828, '2024-03-20 00:54:50')
pval: [0.41000003] -- 149th test, time elapsed 69.78119659423828 -- emperical power so far: 0.08053691275167785
db insert success
tensor(918.2454, device='cuda:0')
(150, 1000, 0.0009, 1, 260000, 'chi', 'genrr', 918.2454223632812, 0.968000054359436, 69.76159620285034, '2024-03-20 00:56:09')
pval: [0.96800005] -- 150th test, time elapsed 69.76159620285034 -- emperical power so far: 0.08
db insert success
tensor(1017.7574, device='cuda:0')
(151, 1000, 0.0009, 1, 260000, 'chi', 'genrr', 1017.7574462890625, 0.33500000834465027, 69.63717913627625, '2024-03-20 00:57:32')
pval: [0.33500001] -- 151th test, time elapsed 69.63717913627625 -- emperical power so far: 0.07947019867549669
db insert success
tensor(1021.2543, device='cuda:0')
(152, 1000, 0.0009, 1, 260000, 'chi', 'genrr', 1021.2543334960938, 0.28700000047683716, 69.65757703781128, '2024-03-20 00:58:52')
pval: [0.287] -- 152th test, time elapsed 69.65757703781128 -- emperical power so far: 0.07894736842105263
db insert success
tensor(983.7230, device='cuda:0')
(153, 1000, 0.0009, 1, 260000, 'chi', 'genrr', 983.7230224609375, 0.6380000114440918, 69.719557762146, '2024-03-20 01:00:10')
pval: [0.63800001] -- 153th test, time elapsed 69.719557762146 -- emperical power so far: 0.0784313725490196
db insert success
tensor(1092.6323, device='cuda:0')
(154, 1000, 0.0009, 1, 260000, 'chi', 'genrr', 1092.63232421875, 0.015000000596046448, 69.68310308456421, '2024-03-20 01:01:23')
pval: [0.015] -- 154th test, time elapsed 69.68310308456421 -- emperical power so far: 0.08441558441558442
db insert success
tensor(929.3577, device='cuda:0')
(155, 1000, 0.0009, 1, 260000, 'chi', 'genrr', 929.3577270507812, 0.9460000395774841, 69.71442937850952, '2024-03-20 01:02:42')
pval: [0.94600004] -- 155th test, time elapsed 69.71442937850952 -- emperical power so far: 0.08387096774193549
db insert success
tensor(961.2065, device='cuda:0')
(156, 1000, 0.0009, 1, 260000, 'chi', 'genrr', 961.20654296875, 0.8130000233650208, 69.80245590209961, '2024-03-20 01:03:59')
pval: [0.81300002] -- 156th test, time elapsed 69.80245590209961 -- emperical power so far: 0.08333333333333333
db insert success
tensor(1010.5939, device='cuda:0')
(157, 1000, 0.0009, 1, 260000, 'chi', 'genrr', 1010.5938720703125, 0.39900001883506775, 69.7189679145813, '2024-03-20 01:05:27')
pval: [0.39900002] -- 157th test, time elapsed 69.7189679145813 -- emperical power so far: 0.08280254777070063
db insert success
tensor(951.5896, device='cuda:0')
(158, 1000, 0.0009, 1, 260000, 'chi', 'genrr', 951.589599609375, 0.8580000400543213, 69.79261040687561, '2024-03-20 01:06:57')
pval: [0.85800004] -- 158th test, time elapsed 69.79261040687561 -- emperical power so far: 0.08227848101265822
db insert success
tensor(1001.5963, device='cuda:0')
(159, 1000, 0.0009, 1, 260000, 'chi', 'genrr', 1001.5963134765625, 0.453000009059906, 69.67730259895325, '2024-03-20 01:08:12')
pval: [0.45300001] -- 159th test, time elapsed 69.67730259895325 -- emperical power so far: 0.08176100628930817
db insert success
tensor(1032.4127, device='cuda:0')
(160, 1000, 0.0009, 1, 260000, 'chi', 'genrr', 1032.4127197265625, 0.20000000298023224, 69.72956705093384, '2024-03-20 01:09:32')
pval: [0.2] -- 160th test, time elapsed 69.72956705093384 -- emperical power so far: 0.08125
db insert success
tensor(1019.0004, device='cuda:0')
(161, 1000, 0.0009, 1, 260000, 'chi', 'genrr', 1019.0003662109375, 0.2970000207424164, 69.61012935638428, '2024-03-20 01:11:02')
pval: [0.29700002] -- 161th test, time elapsed 69.61012935638428 -- emperical power so far: 0.08074534161490683
db insert success
tensor(1017.4625, device='cuda:0')
(162, 1000, 0.0009, 1, 260000, 'chi', 'genrr', 1017.4625244140625, 0.3450000286102295, 69.64048838615417, '2024-03-20 01:12:28')
pval: [0.34500003] -- 162th test, time elapsed 69.64048838615417 -- emperical power so far: 0.08024691358024691
db insert success
tensor(1050.6014, device='cuda:0')
(163, 1000, 0.0009, 1, 260000, 'chi', 'genrr', 1050.6014404296875, 0.12200000882148743, 69.70598030090332, '2024-03-20 01:13:46')
pval: [0.12200001] -- 163th test, time elapsed 69.70598030090332 -- emperical power so far: 0.07975460122699386
db insert success
tensor(1015.8488, device='cuda:0')
(164, 1000, 0.0009, 1, 260000, 'chi', 'genrr', 1015.8487548828125, 0.33800002932548523, 69.6469657421112, '2024-03-20 01:15:00')
pval: [0.33800003] -- 164th test, time elapsed 69.6469657421112 -- emperical power so far: 0.07926829268292683
db insert success
tensor(939.8806, device='cuda:0')
(165, 1000, 0.0009, 1, 260000, 'chi', 'genrr', 939.8805541992188, 0.8960000276565552, 69.65710163116455, '2024-03-20 01:16:19')
pval: [0.89600003] -- 165th test, time elapsed 69.65710163116455 -- emperical power so far: 0.07878787878787878
db insert success
tensor(969.7686, device='cuda:0')
(166, 1000, 0.0009, 1, 260000, 'chi', 'genrr', 969.7685546875, 0.7610000371932983, 69.84695506095886, '2024-03-20 01:17:39')
pval: [0.76100004] -- 166th test, time elapsed 69.84695506095886 -- emperical power so far: 0.0783132530120482
db insert success
tensor(1044.4949, device='cuda:0')
(167, 1000, 0.0009, 1, 260000, 'chi', 'genrr', 1044.494873046875, 0.15900000929832458, 69.86708354949951, '2024-03-20 01:19:06')
pval: [0.15900001] -- 167th test, time elapsed 69.86708354949951 -- emperical power so far: 0.07784431137724551
db insert success
tensor(956.9687, device='cuda:0')
(168, 1000, 0.0009, 1, 260000, 'chi', 'genrr', 956.9686889648438, 0.831000030040741, 69.92759132385254, '2024-03-20 01:20:25')
pval: [0.83100003] -- 168th test, time elapsed 69.92759132385254 -- emperical power so far: 0.07738095238095238
db insert success
tensor(1033.9126, device='cuda:0')
(169, 1000, 0.0009, 1, 260000, 'chi', 'genrr', 1033.91259765625, 0.2120000123977661, 69.99216437339783, '2024-03-20 01:21:43')
pval: [0.21200001] -- 169th test, time elapsed 69.99216437339783 -- emperical power so far: 0.07692307692307693
db insert success
tensor(977.2629, device='cuda:0')
(170, 1000, 0.0009, 1, 260000, 'chi', 'genrr', 977.2628784179688, 0.690000057220459, 69.82971549034119, '2024-03-20 01:22:56')
pval: [0.69000006] -- 170th test, time elapsed 69.82971549034119 -- emperical power so far: 0.07647058823529412
db insert success
tensor(985.0415, device='cuda:0')
(171, 1000, 0.0009, 1, 260000, 'chi', 'genrr', 985.04150390625, 0.5920000076293945, 69.87042880058289, '2024-03-20 01:24:09')
pval: [0.59200001] -- 171th test, time elapsed 69.87042880058289 -- emperical power so far: 0.07602339181286549
db insert success
tensor(1050.6752, device='cuda:0')
(172, 1000, 0.0009, 1, 260000, 'chi', 'genrr', 1050.6751708984375, 0.1080000028014183, 69.91178321838379, '2024-03-20 01:25:36')
pval: [0.108] -- 172th test, time elapsed 69.91178321838379 -- emperical power so far: 0.0755813953488372
db insert success
tensor(1016.7691, device='cuda:0')
(173, 1000, 0.0009, 1, 260000, 'chi', 'genrr', 1016.7691040039062, 0.320000022649765, 69.72386884689331, '2024-03-20 01:26:52')
pval: [0.32000002] -- 173th test, time elapsed 69.72386884689331 -- emperical power so far: 0.07514450867052024
db insert success
tensor(922.4951, device='cuda:0')
(174, 1000, 0.0009, 1, 260000, 'chi', 'genrr', 922.4951171875, 0.9570000171661377, 69.7027678489685, '2024-03-20 01:28:15')
pval: [0.95700002] -- 174th test, time elapsed 69.7027678489685 -- emperical power so far: 0.07471264367816093
db insert success
tensor(922.9645, device='cuda:0')
(175, 1000, 0.0009, 1, 260000, 'chi', 'genrr', 922.9644775390625, 0.9520000219345093, 69.63450694084167, '2024-03-20 01:29:27')
pval: [0.95200002] -- 175th test, time elapsed 69.63450694084167 -- emperical power so far: 0.07428571428571429
db insert success
tensor(1075.5731, device='cuda:0')
(176, 1000, 0.0009, 1, 260000, 'chi', 'genrr', 1075.5731201171875, 0.04500000178813934, 69.76540946960449, '2024-03-20 01:30:42')
pval: [0.045] -- 176th test, time elapsed 69.76540946960449 -- emperical power so far: 0.07954545454545454
db insert success
tensor(975.0734, device='cuda:0')
(177, 1000, 0.0009, 1, 260000, 'chi', 'genrr', 975.0733642578125, 0.7070000171661377, 69.73666286468506, '2024-03-20 01:32:10')
pval: [0.70700002] -- 177th test, time elapsed 69.73666286468506 -- emperical power so far: 0.07909604519774012
db insert success
tensor(922.4179, device='cuda:0')
(178, 1000, 0.0009, 1, 260000, 'chi', 'genrr', 922.4179077148438, 0.9510000348091125, 69.76634788513184, '2024-03-20 01:33:36')
pval: [0.95100003] -- 178th test, time elapsed 69.76634788513184 -- emperical power so far: 0.07865168539325842
db insert success
tensor(1109.9503, device='cuda:0')
(179, 1000, 0.0009, 1, 260000, 'chi', 'genrr', 1109.9503173828125, 0.005000000353902578, 69.85814166069031, '2024-03-20 01:34:57')
pval: [0.005] -- 179th test, time elapsed 69.85814166069031 -- emperical power so far: 0.08379888268156424
db insert success
tensor(1047.2935, device='cuda:0')
(180, 1000, 0.0009, 1, 260000, 'chi', 'genrr', 1047.29345703125, 0.14300000667572021, 69.9965591430664, '2024-03-20 01:36:11')
pval: [0.14300001] -- 180th test, time elapsed 69.9965591430664 -- emperical power so far: 0.08333333333333333
db insert success
tensor(974.4625, device='cuda:0')
(181, 1000, 0.0009, 1, 260000, 'chi', 'genrr', 974.4624633789062, 0.6790000200271606, 69.70711779594421, '2024-03-20 01:37:27')
pval: [0.67900002] -- 181th test, time elapsed 69.70711779594421 -- emperical power so far: 0.08287292817679558
db insert success
tensor(960.7803, device='cuda:0')
(182, 1000, 0.0009, 1, 260000, 'chi', 'genrr', 960.7802734375, 0.7940000295639038, 69.9192099571228, '2024-03-20 01:38:50')
pval: [0.79400003] -- 182th test, time elapsed 69.9192099571228 -- emperical power so far: 0.08241758241758242
db insert success
tensor(1045.3922, device='cuda:0')
(183, 1000, 0.0009, 1, 260000, 'chi', 'genrr', 1045.3922119140625, 0.14100000262260437, 69.91223883628845, '2024-03-20 01:40:12')
pval: [0.141] -- 183th test, time elapsed 69.91223883628845 -- emperical power so far: 0.08196721311475409
db insert success
tensor(1026.2257, device='cuda:0')
(184, 1000, 0.0009, 1, 260000, 'chi', 'genrr', 1026.2257080078125, 0.27900001406669617, 69.83518576622009, '2024-03-20 01:41:27')
pval: [0.27900001] -- 184th test, time elapsed 69.83518576622009 -- emperical power so far: 0.08152173913043478
db insert success
tensor(963.1485, device='cuda:0')
(185, 1000, 0.0009, 1, 260000, 'chi', 'genrr', 963.1484985351562, 0.7710000276565552, 69.81044912338257, '2024-03-20 01:42:48')
pval: [0.77100003] -- 185th test, time elapsed 69.81044912338257 -- emperical power so far: 0.08108108108108109
db insert success
tensor(1019.1436, device='cuda:0')
(186, 1000, 0.0009, 1, 260000, 'chi', 'genrr', 1019.1436157226562, 0.3370000123977661, 69.8228211402893, '2024-03-20 01:44:06')
pval: [0.33700001] -- 186th test, time elapsed 69.8228211402893 -- emperical power so far: 0.08064516129032258
db insert success
tensor(972.8677, device='cuda:0')
(187, 1000, 0.0009, 1, 260000, 'chi', 'genrr', 972.8677368164062, 0.706000030040741, 69.77761840820312, '2024-03-20 01:45:31')
pval: [0.70600003] -- 187th test, time elapsed 69.77761840820312 -- emperical power so far: 0.08021390374331551
db insert success
tensor(910.9992, device='cuda:0')
(188, 1000, 0.0009, 1, 260000, 'chi', 'genrr', 910.9992065429688, 0.9790000319480896, 69.94662642478943, '2024-03-20 01:47:01')
pval: [0.97900003] -- 188th test, time elapsed 69.94662642478943 -- emperical power so far: 0.0797872340425532
db insert success
tensor(965.4649, device='cuda:0')
(189, 1000, 0.0009, 1, 260000, 'chi', 'genrr', 965.4649047851562, 0.7760000228881836, 69.94513010978699, '2024-03-20 01:48:23')
pval: [0.77600002] -- 189th test, time elapsed 69.94513010978699 -- emperical power so far: 0.07936507936507936
db insert success
tensor(1019.2936, device='cuda:0')
(190, 1000, 0.0009, 1, 260000, 'chi', 'genrr', 1019.2935791015625, 0.3460000157356262, 69.95460891723633, '2024-03-20 01:49:34')
pval: [0.34600002] -- 190th test, time elapsed 69.95460891723633 -- emperical power so far: 0.07894736842105263
db insert success
tensor(1018.2273, device='cuda:0')
(191, 1000, 0.0009, 1, 260000, 'chi', 'genrr', 1018.227294921875, 0.3050000071525574, 69.83170104026794, '2024-03-20 01:50:47')
pval: [0.30500001] -- 191th test, time elapsed 69.83170104026794 -- emperical power so far: 0.07853403141361257
db insert success
tensor(1043.6752, device='cuda:0')
(192, 1000, 0.0009, 1, 260000, 'chi', 'genrr', 1043.6751708984375, 0.15400001406669617, 69.70617771148682, '2024-03-20 01:52:17')
pval: [0.15400001] -- 192th test, time elapsed 69.70617771148682 -- emperical power so far: 0.078125
db insert success
tensor(1014.2328, device='cuda:0')
(193, 1000, 0.0009, 1, 260000, 'chi', 'genrr', 1014.2327880859375, 0.3490000069141388, 69.97196316719055, '2024-03-20 01:53:45')
pval: [0.34900001] -- 193th test, time elapsed 69.97196316719055 -- emperical power so far: 0.07772020725388601
db insert success
tensor(1064.4030, device='cuda:0')
(194, 1000, 0.0009, 1, 260000, 'chi', 'genrr', 1064.4029541015625, 0.06800000369548798, 69.86458611488342, '2024-03-20 01:55:01')
pval: [0.068] -- 194th test, time elapsed 69.86458611488342 -- emperical power so far: 0.07731958762886598
db insert success
tensor(1051.2594, device='cuda:0')
(195, 1000, 0.0009, 1, 260000, 'chi', 'genrr', 1051.2593994140625, 0.12400000542402267, 70.01292634010315, '2024-03-20 01:56:32')
pval: [0.12400001] -- 195th test, time elapsed 70.01292634010315 -- emperical power so far: 0.07692307692307693
db insert success
tensor(1008.4885, device='cuda:0')
(196, 1000, 0.0009, 1, 260000, 'chi', 'genrr', 1008.4884643554688, 0.3920000195503235, 69.93176460266113, '2024-03-20 01:57:55')
pval: [0.39200002] -- 196th test, time elapsed 69.93176460266113 -- emperical power so far: 0.07653061224489796
db insert success
tensor(995.0281, device='cuda:0')
(197, 1000, 0.0009, 1, 260000, 'chi', 'genrr', 995.0281372070312, 0.5, 69.82953786849976, '2024-03-20 01:59:21')
pval: [0.5] -- 197th test, time elapsed 69.82953786849976 -- emperical power so far: 0.07614213197969544
db insert success
tensor(1067.2524, device='cuda:0')
(198, 1000, 0.0009, 1, 260000, 'chi', 'genrr', 1067.25244140625, 0.06100000441074371, 69.83835983276367, '2024-03-20 02:00:46')
pval: [0.061] -- 198th test, time elapsed 69.83835983276367 -- emperical power so far: 0.07575757575757576
db insert success
tensor(1086.9146, device='cuda:0')
(199, 1000, 0.0009, 1, 260000, 'chi', 'genrr', 1086.91455078125, 0.029000001028180122, 69.87515211105347, '2024-03-20 02:02:17')
pval: [0.029] -- 199th test, time elapsed 69.87515211105347 -- emperical power so far: 0.08040201005025126
db insert success
tensor(989.1020, device='cuda:0')
(200, 1000, 0.0009, 1, 260000, 'chi', 'genrr', 989.1019897460938, 0.5830000042915344, 69.90660881996155, '2024-03-20 02:03:31')
pval: [0.583] -- 200th test, time elapsed 69.90660881996155 -- emperical power so far: 0.08
db insert success
16167.553022623062
