tensor([0.0001, 0.0019, 0.0001, 0.0019, 0.0001, 0.0019, 0.0001, 0.0019, 0.0001,
        0.0019, 0.0001, 0.0019, 0.0001, 0.0019, 0.0001, 0.0019, 0.0001, 0.0019,
        0.0001, 0.0019, 0.0001, 0.0019, 0.0001, 0.0019, 0.0001, 0.0019, 0.0001,
        0.0019, 0.0001, 0.0019, 0.0001, 0.0019, 0.0001, 0.0019, 0.0001, 0.0019,
        0.0001, 0.0019, 0.0001, 0.0019, 0.0001, 0.0019, 0.0001, 0.0019, 0.0001,
        0.0019, 0.0001, 0.0019, 0.0001, 0.0019, 0.0001, 0.0019, 0.0001, 0.0019,
        0.0001, 0.0019, 0.0001, 0.0019, 0.0001, 0.0019, 0.0001, 0.0019, 0.0001,
        0.0019, 0.0001, 0.0019, 0.0001, 0.0019, 0.0001, 0.0019, 0.0001, 0.0019,
        0.0001, 0.0019, 0.0001, 0.0019, 0.0001, 0.0019, 0.0001, 0.0019, 0.0001,
        0.0019, 0.0001, 0.0019, 0.0001, 0.0019, 0.0001, 0.0019, 0.0001, 0.0019,
        0.0001, 0.0019, 0.0001, 0.0019, 0.0001, 0.0019, 0.0001, 0.0019, 0.0001,
        0.0019, 0.0001, 0.0019, 0.0001, 0.0019, 0.0001, 0.0019, 0.0001, 0.0019,
        0.0001, 0.0019, 0.0001, 0.0019, 0.0001, 0.0019, 0.0001, 0.0019, 0.0001,
        0.0019, 0.0001, 0.0019, 0.0001, 0.0019, 0.0001, 0.0019, 0.0001, 0.0019,
        0.0001, 0.0019, 0.0001, 0.0019, 0.0001, 0.0019, 0.0001, 0.0019, 0.0001,
        0.0019, 0.0001, 0.0019, 0.0001, 0.0019, 0.0001, 0.0019, 0.0001, 0.0019,
        0.0001, 0.0019, 0.0001, 0.0019, 0.0001, 0.0019, 0.0001, 0.0019, 0.0001,
        0.0019, 0.0001, 0.0019, 0.0001, 0.0019, 0.0001, 0.0019, 0.0001, 0.0019,
        0.0001, 0.0019, 0.0001, 0.0019, 0.0001, 0.0019, 0.0001, 0.0019, 0.0001,
        0.0019, 0.0001, 0.0019, 0.0001, 0.0019, 0.0001, 0.0019, 0.0001, 0.0019,
        0.0001, 0.0019, 0.0001, 0.0019, 0.0001, 0.0019, 0.0001, 0.0019, 0.0001,
        0.0019, 0.0001, 0.0019, 0.0001, 0.0019, 0.0001, 0.0019, 0.0001, 0.0019,
        0.0001, 0.0019, 0.0001, 0.0019, 0.0001, 0.0019, 0.0001, 0.0019, 0.0001,
        0.0019, 0.0001, 0.0019, 0.0001, 0.0019, 0.0001, 0.0019, 0.0001, 0.0019,
        0.0001, 0.0019, 0.0001, 0.0019, 0.0001, 0.0019, 0.0001, 0.0019, 0.0001,
        0.0019, 0.0001, 0.0019, 0.0001, 0.0019, 0.0001, 0.0019, 0.0001, 0.0019,
        0.0001, 0.0019, 0.0001, 0.0019, 0.0001, 0.0019, 0.0001, 0.0019, 0.0001,
        0.0019, 0.0001, 0.0019, 0.0001, 0.0019, 0.0001, 0.0019, 0.0001, 0.0019,
        0.0001, 0.0019, 0.0001, 0.0019, 0.0001, 0.0019, 0.0001, 0.0019, 0.0001,
        0.0019, 0.0001, 0.0019, 0.0001, 0.0019, 0.0001, 0.0019, 0.0001, 0.0019,
        0.0001, 0.0019, 0.0001, 0.0019, 0.0001, 0.0019, 0.0001, 0.0019, 0.0001,
        0.0019, 0.0001, 0.0019, 0.0001, 0.0019, 0.0001, 0.0019, 0.0001, 0.0019,
        0.0001, 0.0019, 0.0001, 0.0019, 0.0001, 0.0019, 0.0001, 0.0019, 0.0001,
        0.0019, 0.0001, 0.0019, 0.0001, 0.0019, 0.0001, 0.0019, 0.0001, 0.0019,
        0.0001, 0.0019, 0.0001, 0.0019, 0.0001, 0.0019, 0.0001, 0.0019, 0.0001,
        0.0019, 0.0001, 0.0019, 0.0001, 0.0019, 0.0001, 0.0019, 0.0001, 0.0019,
        0.0001, 0.0019, 0.0001, 0.0019, 0.0001, 0.0019, 0.0001, 0.0019, 0.0001,
        0.0019, 0.0001, 0.0019, 0.0001, 0.0019, 0.0001, 0.0019, 0.0001, 0.0019,
        0.0001, 0.0019, 0.0001, 0.0019, 0.0001, 0.0019, 0.0001, 0.0019, 0.0001,
        0.0019, 0.0001, 0.0019, 0.0001, 0.0019, 0.0001, 0.0019, 0.0001, 0.0019,
        0.0001, 0.0019, 0.0001, 0.0019, 0.0001, 0.0019, 0.0001, 0.0019, 0.0001,
        0.0019, 0.0001, 0.0019, 0.0001, 0.0019, 0.0001, 0.0019, 0.0001, 0.0019,
        0.0001, 0.0019, 0.0001, 0.0019, 0.0001, 0.0019, 0.0001, 0.0019, 0.0001,
        0.0019, 0.0001, 0.0019, 0.0001, 0.0019, 0.0001, 0.0019, 0.0001, 0.0019,
        0.0001, 0.0019, 0.0001, 0.0019, 0.0001, 0.0019, 0.0001, 0.0019, 0.0001,
        0.0019, 0.0001, 0.0019, 0.0001, 0.0019, 0.0001, 0.0019, 0.0001, 0.0019,
        0.0001, 0.0019, 0.0001, 0.0019, 0.0001, 0.0019, 0.0001, 0.0019, 0.0001,
        0.0019, 0.0001, 0.0019, 0.0001, 0.0019, 0.0001, 0.0019, 0.0001, 0.0019,
        0.0001, 0.0019, 0.0001, 0.0019, 0.0001, 0.0019, 0.0001, 0.0019, 0.0001,
        0.0019, 0.0001, 0.0019, 0.0001, 0.0019, 0.0001, 0.0019, 0.0001, 0.0019,
        0.0001, 0.0019, 0.0001, 0.0019, 0.0001, 0.0019, 0.0001, 0.0019, 0.0001,
        0.0019, 0.0001, 0.0019, 0.0001, 0.0019, 0.0001, 0.0019, 0.0001, 0.0019,
        0.0001, 0.0019, 0.0001, 0.0019, 0.0001, 0.0019, 0.0001, 0.0019, 0.0001,
        0.0019, 0.0001, 0.0019, 0.0001, 0.0019, 0.0001, 0.0019, 0.0001, 0.0019,
        0.0001, 0.0019, 0.0001, 0.0019, 0.0001, 0.0019, 0.0001, 0.0019, 0.0001,
        0.0019, 0.0001, 0.0019, 0.0001, 0.0019, 0.0001, 0.0019, 0.0001, 0.0019,
        0.0001, 0.0019, 0.0001, 0.0019, 0.0001, 0.0019, 0.0001, 0.0019, 0.0001,
        0.0019, 0.0001, 0.0019, 0.0001, 0.0019, 0.0001, 0.0019, 0.0001, 0.0019,
        0.0001, 0.0019, 0.0001, 0.0019, 0.0001, 0.0019, 0.0001, 0.0019, 0.0001,
        0.0019, 0.0001, 0.0019, 0.0001, 0.0019, 0.0001, 0.0019, 0.0001, 0.0019,
        0.0001, 0.0019, 0.0001, 0.0019, 0.0001, 0.0019, 0.0001, 0.0019, 0.0001,
        0.0019, 0.0001, 0.0019, 0.0001, 0.0019, 0.0001, 0.0019, 0.0001, 0.0019,
        0.0001, 0.0019, 0.0001, 0.0019, 0.0001, 0.0019, 0.0001, 0.0019, 0.0001,
        0.0019, 0.0001, 0.0019, 0.0001, 0.0019, 0.0001, 0.0019, 0.0001, 0.0019,
        0.0001, 0.0019, 0.0001, 0.0019, 0.0001, 0.0019, 0.0001, 0.0019, 0.0001,
        0.0019, 0.0001, 0.0019, 0.0001, 0.0019, 0.0001, 0.0019, 0.0001, 0.0019,
        0.0001, 0.0019, 0.0001, 0.0019, 0.0001, 0.0019, 0.0001, 0.0019, 0.0001,
        0.0019, 0.0001, 0.0019, 0.0001, 0.0019, 0.0001, 0.0019, 0.0001, 0.0019,
        0.0001, 0.0019, 0.0001, 0.0019, 0.0001, 0.0019, 0.0001, 0.0019, 0.0001,
        0.0019, 0.0001, 0.0019, 0.0001, 0.0019, 0.0001, 0.0019, 0.0001, 0.0019,
        0.0001, 0.0019, 0.0001, 0.0019, 0.0001, 0.0019, 0.0001, 0.0019, 0.0001,
        0.0019, 0.0001, 0.0019, 0.0001, 0.0019, 0.0001, 0.0019, 0.0001, 0.0019,
        0.0001, 0.0019, 0.0001, 0.0019, 0.0001, 0.0019, 0.0001, 0.0019, 0.0001,
        0.0019, 0.0001, 0.0019, 0.0001, 0.0019, 0.0001, 0.0019, 0.0001, 0.0019,
        0.0001, 0.0019, 0.0001, 0.0019, 0.0001, 0.0019, 0.0001, 0.0019, 0.0001,
        0.0019, 0.0001, 0.0019, 0.0001, 0.0019, 0.0001, 0.0019, 0.0001, 0.0019,
        0.0001, 0.0019, 0.0001, 0.0019, 0.0001, 0.0019, 0.0001, 0.0019, 0.0001,
        0.0019, 0.0001, 0.0019, 0.0001, 0.0019, 0.0001, 0.0019, 0.0001, 0.0019,
        0.0001, 0.0019, 0.0001, 0.0019, 0.0001, 0.0019, 0.0001, 0.0019, 0.0001,
        0.0019, 0.0001, 0.0019, 0.0001, 0.0019, 0.0001, 0.0019, 0.0001, 0.0019,
        0.0001, 0.0019, 0.0001, 0.0019, 0.0001, 0.0019, 0.0001, 0.0019, 0.0001,
        0.0019, 0.0001, 0.0019, 0.0001, 0.0019, 0.0001, 0.0019, 0.0001, 0.0019,
        0.0001, 0.0019, 0.0001, 0.0019, 0.0001, 0.0019, 0.0001, 0.0019, 0.0001,
        0.0019, 0.0001, 0.0019, 0.0001, 0.0019, 0.0001, 0.0019, 0.0001, 0.0019,
        0.0001, 0.0019, 0.0001, 0.0019, 0.0001, 0.0019, 0.0001, 0.0019, 0.0001,
        0.0019, 0.0001, 0.0019, 0.0001, 0.0019, 0.0001, 0.0019, 0.0001, 0.0019,
        0.0001, 0.0019, 0.0001, 0.0019, 0.0001, 0.0019, 0.0001, 0.0019, 0.0001,
        0.0019, 0.0001, 0.0019, 0.0001, 0.0019, 0.0001, 0.0019, 0.0001, 0.0019,
        0.0001, 0.0019, 0.0001, 0.0019, 0.0001, 0.0019, 0.0001, 0.0019, 0.0001,
        0.0019, 0.0001, 0.0019, 0.0001, 0.0019, 0.0001, 0.0019, 0.0001, 0.0019,
        0.0001, 0.0019, 0.0001, 0.0019, 0.0001, 0.0019, 0.0001, 0.0019, 0.0001,
        0.0019, 0.0001, 0.0019, 0.0001, 0.0019, 0.0001, 0.0019, 0.0001, 0.0019,
        0.0001, 0.0019, 0.0001, 0.0019, 0.0001, 0.0019, 0.0001, 0.0019, 0.0001,
        0.0019, 0.0001, 0.0019, 0.0001, 0.0019, 0.0001, 0.0019, 0.0001, 0.0019,
        0.0001, 0.0019, 0.0001, 0.0019, 0.0001, 0.0019, 0.0001, 0.0019, 0.0001,
        0.0019, 0.0001, 0.0019, 0.0001, 0.0019, 0.0001, 0.0019, 0.0001, 0.0019,
        0.0001, 0.0019, 0.0001, 0.0019, 0.0001, 0.0019, 0.0001, 0.0019, 0.0001,
        0.0019, 0.0001, 0.0019, 0.0001, 0.0019, 0.0001, 0.0019, 0.0001, 0.0019,
        0.0001, 0.0019, 0.0001, 0.0019, 0.0001, 0.0019, 0.0001, 0.0019, 0.0001,
        0.0019, 0.0001, 0.0019, 0.0001, 0.0019, 0.0001, 0.0019, 0.0001, 0.0019,
        0.0001, 0.0019, 0.0001, 0.0019, 0.0001, 0.0019, 0.0001, 0.0019, 0.0001,
        0.0019, 0.0001, 0.0019, 0.0001, 0.0019, 0.0001, 0.0019, 0.0001, 0.0019,
        0.0001, 0.0019, 0.0001, 0.0019, 0.0001, 0.0019, 0.0001, 0.0019, 0.0001,
        0.0019, 0.0001, 0.0019, 0.0001, 0.0019, 0.0001, 0.0019, 0.0001, 0.0019,
        0.0001, 0.0019, 0.0001, 0.0019, 0.0001, 0.0019, 0.0001, 0.0019, 0.0001,
        0.0019, 0.0001, 0.0019, 0.0001, 0.0019, 0.0001, 0.0019, 0.0001, 0.0019,
        0.0001, 0.0019, 0.0001, 0.0019, 0.0001, 0.0019, 0.0001, 0.0019, 0.0001,
        0.0019, 0.0001, 0.0019, 0.0001, 0.0019, 0.0001, 0.0019, 0.0001, 0.0019,
        0.0001, 0.0019, 0.0001, 0.0019, 0.0001, 0.0019, 0.0001, 0.0019, 0.0001,
        0.0019, 0.0001, 0.0019, 0.0001, 0.0019, 0.0001, 0.0019, 0.0001, 0.0019,
        0.0001, 0.0019, 0.0001, 0.0019, 0.0001, 0.0019, 0.0001, 0.0019, 0.0001,
        0.0019])
tensor([0.0019, 0.0001, 0.0019, 0.0001, 0.0019, 0.0001, 0.0019, 0.0001, 0.0019,
        0.0001, 0.0019, 0.0001, 0.0019, 0.0001, 0.0019, 0.0001, 0.0019, 0.0001,
        0.0019, 0.0001, 0.0019, 0.0001, 0.0019, 0.0001, 0.0019, 0.0001, 0.0019,
        0.0001, 0.0019, 0.0001, 0.0019, 0.0001, 0.0019, 0.0001, 0.0019, 0.0001,
        0.0019, 0.0001, 0.0019, 0.0001, 0.0019, 0.0001, 0.0019, 0.0001, 0.0019,
        0.0001, 0.0019, 0.0001, 0.0019, 0.0001, 0.0019, 0.0001, 0.0019, 0.0001,
        0.0019, 0.0001, 0.0019, 0.0001, 0.0019, 0.0001, 0.0019, 0.0001, 0.0019,
        0.0001, 0.0019, 0.0001, 0.0019, 0.0001, 0.0019, 0.0001, 0.0019, 0.0001,
        0.0019, 0.0001, 0.0019, 0.0001, 0.0019, 0.0001, 0.0019, 0.0001, 0.0019,
        0.0001, 0.0019, 0.0001, 0.0019, 0.0001, 0.0019, 0.0001, 0.0019, 0.0001,
        0.0019, 0.0001, 0.0019, 0.0001, 0.0019, 0.0001, 0.0019, 0.0001, 0.0019,
        0.0001, 0.0019, 0.0001, 0.0019, 0.0001, 0.0019, 0.0001, 0.0019, 0.0001,
        0.0019, 0.0001, 0.0019, 0.0001, 0.0019, 0.0001, 0.0019, 0.0001, 0.0019,
        0.0001, 0.0019, 0.0001, 0.0019, 0.0001, 0.0019, 0.0001, 0.0019, 0.0001,
        0.0019, 0.0001, 0.0019, 0.0001, 0.0019, 0.0001, 0.0019, 0.0001, 0.0019,
        0.0001, 0.0019, 0.0001, 0.0019, 0.0001, 0.0019, 0.0001, 0.0019, 0.0001,
        0.0019, 0.0001, 0.0019, 0.0001, 0.0019, 0.0001, 0.0019, 0.0001, 0.0019,
        0.0001, 0.0019, 0.0001, 0.0019, 0.0001, 0.0019, 0.0001, 0.0019, 0.0001,
        0.0019, 0.0001, 0.0019, 0.0001, 0.0019, 0.0001, 0.0019, 0.0001, 0.0019,
        0.0001, 0.0019, 0.0001, 0.0019, 0.0001, 0.0019, 0.0001, 0.0019, 0.0001,
        0.0019, 0.0001, 0.0019, 0.0001, 0.0019, 0.0001, 0.0019, 0.0001, 0.0019,
        0.0001, 0.0019, 0.0001, 0.0019, 0.0001, 0.0019, 0.0001, 0.0019, 0.0001,
        0.0019, 0.0001, 0.0019, 0.0001, 0.0019, 0.0001, 0.0019, 0.0001, 0.0019,
        0.0001, 0.0019, 0.0001, 0.0019, 0.0001, 0.0019, 0.0001, 0.0019, 0.0001,
        0.0019, 0.0001, 0.0019, 0.0001, 0.0019, 0.0001, 0.0019, 0.0001, 0.0019,
        0.0001, 0.0019, 0.0001, 0.0019, 0.0001, 0.0019, 0.0001, 0.0019, 0.0001,
        0.0019, 0.0001, 0.0019, 0.0001, 0.0019, 0.0001, 0.0019, 0.0001, 0.0019,
        0.0001, 0.0019, 0.0001, 0.0019, 0.0001, 0.0019, 0.0001, 0.0019, 0.0001,
        0.0019, 0.0001, 0.0019, 0.0001, 0.0019, 0.0001, 0.0019, 0.0001, 0.0019,
        0.0001, 0.0019, 0.0001, 0.0019, 0.0001, 0.0019, 0.0001, 0.0019, 0.0001,
        0.0019, 0.0001, 0.0019, 0.0001, 0.0019, 0.0001, 0.0019, 0.0001, 0.0019,
        0.0001, 0.0019, 0.0001, 0.0019, 0.0001, 0.0019, 0.0001, 0.0019, 0.0001,
        0.0019, 0.0001, 0.0019, 0.0001, 0.0019, 0.0001, 0.0019, 0.0001, 0.0019,
        0.0001, 0.0019, 0.0001, 0.0019, 0.0001, 0.0019, 0.0001, 0.0019, 0.0001,
        0.0019, 0.0001, 0.0019, 0.0001, 0.0019, 0.0001, 0.0019, 0.0001, 0.0019,
        0.0001, 0.0019, 0.0001, 0.0019, 0.0001, 0.0019, 0.0001, 0.0019, 0.0001,
        0.0019, 0.0001, 0.0019, 0.0001, 0.0019, 0.0001, 0.0019, 0.0001, 0.0019,
        0.0001, 0.0019, 0.0001, 0.0019, 0.0001, 0.0019, 0.0001, 0.0019, 0.0001,
        0.0019, 0.0001, 0.0019, 0.0001, 0.0019, 0.0001, 0.0019, 0.0001, 0.0019,
        0.0001, 0.0019, 0.0001, 0.0019, 0.0001, 0.0019, 0.0001, 0.0019, 0.0001,
        0.0019, 0.0001, 0.0019, 0.0001, 0.0019, 0.0001, 0.0019, 0.0001, 0.0019,
        0.0001, 0.0019, 0.0001, 0.0019, 0.0001, 0.0019, 0.0001, 0.0019, 0.0001,
        0.0019, 0.0001, 0.0019, 0.0001, 0.0019, 0.0001, 0.0019, 0.0001, 0.0019,
        0.0001, 0.0019, 0.0001, 0.0019, 0.0001, 0.0019, 0.0001, 0.0019, 0.0001,
        0.0019, 0.0001, 0.0019, 0.0001, 0.0019, 0.0001, 0.0019, 0.0001, 0.0019,
        0.0001, 0.0019, 0.0001, 0.0019, 0.0001, 0.0019, 0.0001, 0.0019, 0.0001,
        0.0019, 0.0001, 0.0019, 0.0001, 0.0019, 0.0001, 0.0019, 0.0001, 0.0019,
        0.0001, 0.0019, 0.0001, 0.0019, 0.0001, 0.0019, 0.0001, 0.0019, 0.0001,
        0.0019, 0.0001, 0.0019, 0.0001, 0.0019, 0.0001, 0.0019, 0.0001, 0.0019,
        0.0001, 0.0019, 0.0001, 0.0019, 0.0001, 0.0019, 0.0001, 0.0019, 0.0001,
        0.0019, 0.0001, 0.0019, 0.0001, 0.0019, 0.0001, 0.0019, 0.0001, 0.0019,
        0.0001, 0.0019, 0.0001, 0.0019, 0.0001, 0.0019, 0.0001, 0.0019, 0.0001,
        0.0019, 0.0001, 0.0019, 0.0001, 0.0019, 0.0001, 0.0019, 0.0001, 0.0019,
        0.0001, 0.0019, 0.0001, 0.0019, 0.0001, 0.0019, 0.0001, 0.0019, 0.0001,
        0.0019, 0.0001, 0.0019, 0.0001, 0.0019, 0.0001, 0.0019, 0.0001, 0.0019,
        0.0001, 0.0019, 0.0001, 0.0019, 0.0001, 0.0019, 0.0001, 0.0019, 0.0001,
        0.0019, 0.0001, 0.0019, 0.0001, 0.0019, 0.0001, 0.0019, 0.0001, 0.0019,
        0.0001, 0.0019, 0.0001, 0.0019, 0.0001, 0.0019, 0.0001, 0.0019, 0.0001,
        0.0019, 0.0001, 0.0019, 0.0001, 0.0019, 0.0001, 0.0019, 0.0001, 0.0019,
        0.0001, 0.0019, 0.0001, 0.0019, 0.0001, 0.0019, 0.0001, 0.0019, 0.0001,
        0.0019, 0.0001, 0.0019, 0.0001, 0.0019, 0.0001, 0.0019, 0.0001, 0.0019,
        0.0001, 0.0019, 0.0001, 0.0019, 0.0001, 0.0019, 0.0001, 0.0019, 0.0001,
        0.0019, 0.0001, 0.0019, 0.0001, 0.0019, 0.0001, 0.0019, 0.0001, 0.0019,
        0.0001, 0.0019, 0.0001, 0.0019, 0.0001, 0.0019, 0.0001, 0.0019, 0.0001,
        0.0019, 0.0001, 0.0019, 0.0001, 0.0019, 0.0001, 0.0019, 0.0001, 0.0019,
        0.0001, 0.0019, 0.0001, 0.0019, 0.0001, 0.0019, 0.0001, 0.0019, 0.0001,
        0.0019, 0.0001, 0.0019, 0.0001, 0.0019, 0.0001, 0.0019, 0.0001, 0.0019,
        0.0001, 0.0019, 0.0001, 0.0019, 0.0001, 0.0019, 0.0001, 0.0019, 0.0001,
        0.0019, 0.0001, 0.0019, 0.0001, 0.0019, 0.0001, 0.0019, 0.0001, 0.0019,
        0.0001, 0.0019, 0.0001, 0.0019, 0.0001, 0.0019, 0.0001, 0.0019, 0.0001,
        0.0019, 0.0001, 0.0019, 0.0001, 0.0019, 0.0001, 0.0019, 0.0001, 0.0019,
        0.0001, 0.0019, 0.0001, 0.0019, 0.0001, 0.0019, 0.0001, 0.0019, 0.0001,
        0.0019, 0.0001, 0.0019, 0.0001, 0.0019, 0.0001, 0.0019, 0.0001, 0.0019,
        0.0001, 0.0019, 0.0001, 0.0019, 0.0001, 0.0019, 0.0001, 0.0019, 0.0001,
        0.0019, 0.0001, 0.0019, 0.0001, 0.0019, 0.0001, 0.0019, 0.0001, 0.0019,
        0.0001, 0.0019, 0.0001, 0.0019, 0.0001, 0.0019, 0.0001, 0.0019, 0.0001,
        0.0019, 0.0001, 0.0019, 0.0001, 0.0019, 0.0001, 0.0019, 0.0001, 0.0019,
        0.0001, 0.0019, 0.0001, 0.0019, 0.0001, 0.0019, 0.0001, 0.0019, 0.0001,
        0.0019, 0.0001, 0.0019, 0.0001, 0.0019, 0.0001, 0.0019, 0.0001, 0.0019,
        0.0001, 0.0019, 0.0001, 0.0019, 0.0001, 0.0019, 0.0001, 0.0019, 0.0001,
        0.0019, 0.0001, 0.0019, 0.0001, 0.0019, 0.0001, 0.0019, 0.0001, 0.0019,
        0.0001, 0.0019, 0.0001, 0.0019, 0.0001, 0.0019, 0.0001, 0.0019, 0.0001,
        0.0019, 0.0001, 0.0019, 0.0001, 0.0019, 0.0001, 0.0019, 0.0001, 0.0019,
        0.0001, 0.0019, 0.0001, 0.0019, 0.0001, 0.0019, 0.0001, 0.0019, 0.0001,
        0.0019, 0.0001, 0.0019, 0.0001, 0.0019, 0.0001, 0.0019, 0.0001, 0.0019,
        0.0001, 0.0019, 0.0001, 0.0019, 0.0001, 0.0019, 0.0001, 0.0019, 0.0001,
        0.0019, 0.0001, 0.0019, 0.0001, 0.0019, 0.0001, 0.0019, 0.0001, 0.0019,
        0.0001, 0.0019, 0.0001, 0.0019, 0.0001, 0.0019, 0.0001, 0.0019, 0.0001,
        0.0019, 0.0001, 0.0019, 0.0001, 0.0019, 0.0001, 0.0019, 0.0001, 0.0019,
        0.0001, 0.0019, 0.0001, 0.0019, 0.0001, 0.0019, 0.0001, 0.0019, 0.0001,
        0.0019, 0.0001, 0.0019, 0.0001, 0.0019, 0.0001, 0.0019, 0.0001, 0.0019,
        0.0001, 0.0019, 0.0001, 0.0019, 0.0001, 0.0019, 0.0001, 0.0019, 0.0001,
        0.0019, 0.0001, 0.0019, 0.0001, 0.0019, 0.0001, 0.0019, 0.0001, 0.0019,
        0.0001, 0.0019, 0.0001, 0.0019, 0.0001, 0.0019, 0.0001, 0.0019, 0.0001,
        0.0019, 0.0001, 0.0019, 0.0001, 0.0019, 0.0001, 0.0019, 0.0001, 0.0019,
        0.0001, 0.0019, 0.0001, 0.0019, 0.0001, 0.0019, 0.0001, 0.0019, 0.0001,
        0.0019, 0.0001, 0.0019, 0.0001, 0.0019, 0.0001, 0.0019, 0.0001, 0.0019,
        0.0001, 0.0019, 0.0001, 0.0019, 0.0001, 0.0019, 0.0001, 0.0019, 0.0001,
        0.0019, 0.0001, 0.0019, 0.0001, 0.0019, 0.0001, 0.0019, 0.0001, 0.0019,
        0.0001, 0.0019, 0.0001, 0.0019, 0.0001, 0.0019, 0.0001, 0.0019, 0.0001,
        0.0019, 0.0001, 0.0019, 0.0001, 0.0019, 0.0001, 0.0019, 0.0001, 0.0019,
        0.0001, 0.0019, 0.0001, 0.0019, 0.0001, 0.0019, 0.0001, 0.0019, 0.0001,
        0.0019, 0.0001, 0.0019, 0.0001, 0.0019, 0.0001, 0.0019, 0.0001, 0.0019,
        0.0001, 0.0019, 0.0001, 0.0019, 0.0001, 0.0019, 0.0001, 0.0019, 0.0001,
        0.0019, 0.0001, 0.0019, 0.0001, 0.0019, 0.0001, 0.0019, 0.0001, 0.0019,
        0.0001, 0.0019, 0.0001, 0.0019, 0.0001, 0.0019, 0.0001, 0.0019, 0.0001,
        0.0019, 0.0001, 0.0019, 0.0001, 0.0019, 0.0001, 0.0019, 0.0001, 0.0019,
        0.0001, 0.0019, 0.0001, 0.0019, 0.0001, 0.0019, 0.0001, 0.0019, 0.0001,
        0.0019, 0.0001, 0.0019, 0.0001, 0.0019, 0.0001, 0.0019, 0.0001, 0.0019,
        0.0001, 0.0019, 0.0001, 0.0019, 0.0001, 0.0019, 0.0001, 0.0019, 0.0001,
        0.0019, 0.0001, 0.0019, 0.0001, 0.0019, 0.0001, 0.0019, 0.0001, 0.0019,
        0.0001])
genrrchi, alpha=0.5, sample size=260000
#########################################
tensor(921.7200, device='cuda:0')
(1, 1000, 0.0009, 0.5, 260000, 'chi', 'genrr', 921.719970703125, 0.9610000252723694, 80.05829286575317, '2024-03-27 05:34:15')
pval: [0.96100003] -- 1th test, time elapsed 80.05829286575317 -- emperical power so far: 0.0
db insert success
tensor(989.6442, device='cuda:0')
(2, 1000, 0.0009, 0.5, 260000, 'chi', 'genrr', 989.6442260742188, 0.5630000233650208, 70.40043807029724, '2024-03-27 05:35:39')
pval: [0.56300002] -- 2th test, time elapsed 70.40043807029724 -- emperical power so far: 0.0
db insert success
tensor(1012.3605, device='cuda:0')
(3, 1000, 0.0009, 0.5, 260000, 'chi', 'genrr', 1012.3605346679688, 0.4130000174045563, 70.2339813709259, '2024-03-27 05:37:04')
pval: [0.41300002] -- 3th test, time elapsed 70.2339813709259 -- emperical power so far: 0.0
db insert success
tensor(999.2141, device='cuda:0')
(4, 1000, 0.0009, 0.5, 260000, 'chi', 'genrr', 999.2140502929688, 0.5270000100135803, 70.26715683937073, '2024-03-27 05:38:30')
pval: [0.52700001] -- 4th test, time elapsed 70.26715683937073 -- emperical power so far: 0.0
db insert success
tensor(1003.3407, device='cuda:0')
(5, 1000, 0.0009, 0.5, 260000, 'chi', 'genrr', 1003.3406982421875, 0.47700002789497375, 70.26030921936035, '2024-03-27 05:39:59')
pval: [0.47700003] -- 5th test, time elapsed 70.26030921936035 -- emperical power so far: 0.0
db insert success
tensor(992.1309, device='cuda:0')
(6, 1000, 0.0009, 0.5, 260000, 'chi', 'genrr', 992.1309204101562, 0.5450000166893005, 70.23757028579712, '2024-03-27 05:41:25')
pval: [0.54500002] -- 6th test, time elapsed 70.23757028579712 -- emperical power so far: 0.0
db insert success
tensor(1044.8844, device='cuda:0')
(7, 1000, 0.0009, 0.5, 260000, 'chi', 'genrr', 1044.8843994140625, 0.15800000727176666, 70.16488909721375, '2024-03-27 05:42:39')
pval: [0.15800001] -- 7th test, time elapsed 70.16488909721375 -- emperical power so far: 0.0
db insert success
tensor(1073.4354, device='cuda:0')
(8, 1000, 0.0009, 0.5, 260000, 'chi', 'genrr', 1073.4354248046875, 0.052000001072883606, 70.22374391555786, '2024-03-27 05:44:09')
pval: [0.052] -- 8th test, time elapsed 70.22374391555786 -- emperical power so far: 0.0
db insert success
tensor(1029.8312, device='cuda:0')
(9, 1000, 0.0009, 0.5, 260000, 'chi', 'genrr', 1029.8311767578125, 0.24400001764297485, 69.89318609237671, '2024-03-27 05:45:36')
pval: [0.24400002] -- 9th test, time elapsed 69.89318609237671 -- emperical power so far: 0.0
db insert success
tensor(968.0095, device='cuda:0')
(10, 1000, 0.0009, 0.5, 260000, 'chi', 'genrr', 968.009521484375, 0.7380000352859497, 69.88042044639587, '2024-03-27 05:46:56')
pval: [0.73800004] -- 10th test, time elapsed 69.88042044639587 -- emperical power so far: 0.0
db insert success
tensor(1031.4169, device='cuda:0')
(11, 1000, 0.0009, 0.5, 260000, 'chi', 'genrr', 1031.4168701171875, 0.23600001633167267, 69.91266393661499, '2024-03-27 05:48:24')
pval: [0.23600002] -- 11th test, time elapsed 69.91266393661499 -- emperical power so far: 0.0
db insert success
tensor(989.7640, device='cuda:0')
(12, 1000, 0.0009, 0.5, 260000, 'chi', 'genrr', 989.7640380859375, 0.5960000157356262, 69.82801079750061, '2024-03-27 05:49:36')
pval: [0.59600002] -- 12th test, time elapsed 69.82801079750061 -- emperical power so far: 0.0
db insert success
tensor(1010.6755, device='cuda:0')
(13, 1000, 0.0009, 0.5, 260000, 'chi', 'genrr', 1010.6754760742188, 0.3750000298023224, 69.81105446815491, '2024-03-27 05:50:51')
pval: [0.37500003] -- 13th test, time elapsed 69.81105446815491 -- emperical power so far: 0.0
db insert success
tensor(1031.5389, device='cuda:0')
(14, 1000, 0.0009, 0.5, 260000, 'chi', 'genrr', 1031.5389404296875, 0.2120000123977661, 69.84045195579529, '2024-03-27 05:52:05')
pval: [0.21200001] -- 14th test, time elapsed 69.84045195579529 -- emperical power so far: 0.0
db insert success
tensor(1016.7489, device='cuda:0')
(15, 1000, 0.0009, 0.5, 260000, 'chi', 'genrr', 1016.7489013671875, 0.3050000071525574, 69.87982439994812, '2024-03-27 05:53:31')
pval: [0.30500001] -- 15th test, time elapsed 69.87982439994812 -- emperical power so far: 0.0
db insert success
tensor(1078.2224, device='cuda:0')
(16, 1000, 0.0009, 0.5, 260000, 'chi', 'genrr', 1078.222412109375, 0.03800000250339508, 69.85952925682068, '2024-03-27 05:54:56')
pval: [0.038] -- 16th test, time elapsed 69.85952925682068 -- emperical power so far: 0.0625
db insert success
tensor(998.1879, device='cuda:0')
(17, 1000, 0.0009, 0.5, 260000, 'chi', 'genrr', 998.1879272460938, 0.5139999985694885, 69.79369497299194, '2024-03-27 05:56:22')
pval: [0.514] -- 17th test, time elapsed 69.79369497299194 -- emperical power so far: 0.058823529411764705
db insert success
tensor(942.9854, device='cuda:0')
(18, 1000, 0.0009, 0.5, 260000, 'chi', 'genrr', 942.9853515625, 0.8970000147819519, 69.85530042648315, '2024-03-27 05:57:38')
pval: [0.89700001] -- 18th test, time elapsed 69.85530042648315 -- emperical power so far: 0.05555555555555555
db insert success
tensor(1053.6377, device='cuda:0')
(19, 1000, 0.0009, 0.5, 260000, 'chi', 'genrr', 1053.6376953125, 0.10400000214576721, 69.90413475036621, '2024-03-27 05:58:58')
pval: [0.104] -- 19th test, time elapsed 69.90413475036621 -- emperical power so far: 0.05263157894736842
db insert success
tensor(1041.8363, device='cuda:0')
(20, 1000, 0.0009, 0.5, 260000, 'chi', 'genrr', 1041.8363037109375, 0.1720000058412552, 69.85164475440979, '2024-03-27 06:00:24')
pval: [0.17200001] -- 20th test, time elapsed 69.85164475440979 -- emperical power so far: 0.05
db insert success
tensor(1011.9511, device='cuda:0')
(21, 1000, 0.0009, 0.5, 260000, 'chi', 'genrr', 1011.9511108398438, 0.359000027179718, 69.80886816978455, '2024-03-27 06:01:53')
pval: [0.35900003] -- 21th test, time elapsed 69.80886816978455 -- emperical power so far: 0.047619047619047616
db insert success
tensor(993.7643, device='cuda:0')
(22, 1000, 0.0009, 0.5, 260000, 'chi', 'genrr', 993.7642822265625, 0.5139999985694885, 69.83358263969421, '2024-03-27 06:03:10')
pval: [0.514] -- 22th test, time elapsed 69.83358263969421 -- emperical power so far: 0.045454545454545456
db insert success
tensor(944.5955, device='cuda:0')
(23, 1000, 0.0009, 0.5, 260000, 'chi', 'genrr', 944.595458984375, 0.89000004529953, 69.89229846000671, '2024-03-27 06:04:27')
pval: [0.89000005] -- 23th test, time elapsed 69.89229846000671 -- emperical power so far: 0.043478260869565216
db insert success
tensor(999.5767, device='cuda:0')
(24, 1000, 0.0009, 0.5, 260000, 'chi', 'genrr', 999.57666015625, 0.4960000216960907, 69.92356443405151, '2024-03-27 06:05:50')
pval: [0.49600002] -- 24th test, time elapsed 69.92356443405151 -- emperical power so far: 0.041666666666666664
db insert success
tensor(1011.8578, device='cuda:0')
(25, 1000, 0.0009, 0.5, 260000, 'chi', 'genrr', 1011.8578491210938, 0.37400001287460327, 69.94035577774048, '2024-03-27 06:07:19')
pval: [0.37400001] -- 25th test, time elapsed 69.94035577774048 -- emperical power so far: 0.04
db insert success
tensor(1089.7352, device='cuda:0')
(26, 1000, 0.0009, 0.5, 260000, 'chi', 'genrr', 1089.7352294921875, 0.02200000174343586, 69.99152374267578, '2024-03-27 06:08:48')
pval: [0.022] -- 26th test, time elapsed 69.99152374267578 -- emperical power so far: 0.07692307692307693
db insert success
tensor(1024.6635, device='cuda:0')
(27, 1000, 0.0009, 0.5, 260000, 'chi', 'genrr', 1024.6634521484375, 0.2930000126361847, 70.0365948677063, '2024-03-27 06:10:06')
pval: [0.29300001] -- 27th test, time elapsed 70.0365948677063 -- emperical power so far: 0.07407407407407407
db insert success
tensor(1003.2458, device='cuda:0')
(28, 1000, 0.0009, 0.5, 260000, 'chi', 'genrr', 1003.2457885742188, 0.46000000834465027, 69.95880079269409, '2024-03-27 06:11:34')
pval: [0.46000001] -- 28th test, time elapsed 69.95880079269409 -- emperical power so far: 0.07142857142857142
db insert success
tensor(957.7753, device='cuda:0')
(29, 1000, 0.0009, 0.5, 260000, 'chi', 'genrr', 957.7753295898438, 0.812000036239624, 69.96030640602112, '2024-03-27 06:13:03')
pval: [0.81200004] -- 29th test, time elapsed 69.96030640602112 -- emperical power so far: 0.06896551724137931
db insert success
tensor(1009.2578, device='cuda:0')
(30, 1000, 0.0009, 0.5, 260000, 'chi', 'genrr', 1009.2577514648438, 0.4270000159740448, 69.96042919158936, '2024-03-27 06:14:18')
pval: [0.42700002] -- 30th test, time elapsed 69.96042919158936 -- emperical power so far: 0.06666666666666667
db insert success
tensor(1055.9926, device='cuda:0')
(31, 1000, 0.0009, 0.5, 260000, 'chi', 'genrr', 1055.9925537109375, 0.09400000423192978, 69.93545651435852, '2024-03-27 06:15:46')
pval: [0.094] -- 31th test, time elapsed 69.93545651435852 -- emperical power so far: 0.06451612903225806
db insert success
tensor(986.1050, device='cuda:0')
(32, 1000, 0.0009, 0.5, 260000, 'chi', 'genrr', 986.10498046875, 0.6030000448226929, 69.9470841884613, '2024-03-27 06:17:09')
pval: [0.60300004] -- 32th test, time elapsed 69.9470841884613 -- emperical power so far: 0.0625
db insert success
tensor(1002.8180, device='cuda:0')
(33, 1000, 0.0009, 0.5, 260000, 'chi', 'genrr', 1002.8179931640625, 0.4400000274181366, 69.96334528923035, '2024-03-27 06:18:32')
pval: [0.44000003] -- 33th test, time elapsed 69.96334528923035 -- emperical power so far: 0.06060606060606061
db insert success
tensor(921.0612, device='cuda:0')
(34, 1000, 0.0009, 0.5, 260000, 'chi', 'genrr', 921.0612182617188, 0.9700000286102295, 69.8105800151825, '2024-03-27 06:19:50')
pval: [0.97000003] -- 34th test, time elapsed 69.8105800151825 -- emperical power so far: 0.058823529411764705
db insert success
tensor(1038.8105, device='cuda:0')
(35, 1000, 0.0009, 0.5, 260000, 'chi', 'genrr', 1038.810546875, 0.17900000512599945, 69.84888648986816, '2024-03-27 06:21:15')
pval: [0.17900001] -- 35th test, time elapsed 69.84888648986816 -- emperical power so far: 0.05714285714285714
db insert success
tensor(1084.3356, device='cuda:0')
(36, 1000, 0.0009, 0.5, 260000, 'chi', 'genrr', 1084.3355712890625, 0.03500000014901161, 69.84142446517944, '2024-03-27 06:22:32')
pval: [0.035] -- 36th test, time elapsed 69.84142446517944 -- emperical power so far: 0.08333333333333333
db insert success
tensor(1018.9884, device='cuda:0')
(37, 1000, 0.0009, 0.5, 260000, 'chi', 'genrr', 1018.9884033203125, 0.32600000500679016, 69.8813169002533, '2024-03-27 06:23:59')
pval: [0.32600001] -- 37th test, time elapsed 69.8813169002533 -- emperical power so far: 0.08108108108108109
db insert success
tensor(1025.9817, device='cuda:0')
(38, 1000, 0.0009, 0.5, 260000, 'chi', 'genrr', 1025.981689453125, 0.25200000405311584, 69.83557629585266, '2024-03-27 06:25:12')
pval: [0.252] -- 38th test, time elapsed 69.83557629585266 -- emperical power so far: 0.07894736842105263
db insert success
tensor(1042.5934, device='cuda:0')
(39, 1000, 0.0009, 0.5, 260000, 'chi', 'genrr', 1042.5933837890625, 0.14300000667572021, 69.8507468700409, '2024-03-27 06:26:36')
pval: [0.14300001] -- 39th test, time elapsed 69.8507468700409 -- emperical power so far: 0.07692307692307693
db insert success
tensor(934.3452, device='cuda:0')
(40, 1000, 0.0009, 0.5, 260000, 'chi', 'genrr', 934.34521484375, 0.9410000443458557, 69.859055519104, '2024-03-27 06:27:56')
pval: [0.94100004] -- 40th test, time elapsed 69.859055519104 -- emperical power so far: 0.075
db insert success
tensor(955.1740, device='cuda:0')
(41, 1000, 0.0009, 0.5, 260000, 'chi', 'genrr', 955.1740112304688, 0.8460000157356262, 69.87483596801758, '2024-03-27 06:29:14')
pval: [0.84600002] -- 41th test, time elapsed 69.87483596801758 -- emperical power so far: 0.07317073170731707
db insert success
tensor(1024.6694, device='cuda:0')
(42, 1000, 0.0009, 0.5, 260000, 'chi', 'genrr', 1024.66943359375, 0.2710000276565552, 69.78637456893921, '2024-03-27 06:30:44')
pval: [0.27100003] -- 42th test, time elapsed 69.78637456893921 -- emperical power so far: 0.07142857142857142
db insert success
tensor(1048.0345, device='cuda:0')
(43, 1000, 0.0009, 0.5, 260000, 'chi', 'genrr', 1048.0345458984375, 0.15200001001358032, 69.82973742485046, '2024-03-27 06:31:59')
pval: [0.15200001] -- 43th test, time elapsed 69.82973742485046 -- emperical power so far: 0.06976744186046512
db insert success
tensor(996.4962, device='cuda:0')
(44, 1000, 0.0009, 0.5, 260000, 'chi', 'genrr', 996.4962158203125, 0.5190000534057617, 69.81451344490051, '2024-03-27 06:33:11')
pval: [0.51900005] -- 44th test, time elapsed 69.81451344490051 -- emperical power so far: 0.06818181818181818
db insert success
tensor(1067.7461, device='cuda:0')
(45, 1000, 0.0009, 0.5, 260000, 'chi', 'genrr', 1067.74609375, 0.05100000277161598, 69.80471873283386, '2024-03-27 06:34:30')
pval: [0.051] -- 45th test, time elapsed 69.80471873283386 -- emperical power so far: 0.06666666666666667
db insert success
tensor(1026.8093, device='cuda:0')
(46, 1000, 0.0009, 0.5, 260000, 'chi', 'genrr', 1026.809326171875, 0.2590000033378601, 69.84696888923645, '2024-03-27 06:35:48')
pval: [0.259] -- 46th test, time elapsed 69.84696888923645 -- emperical power so far: 0.06521739130434782
db insert success
tensor(1097.8601, device='cuda:0')
(47, 1000, 0.0009, 0.5, 260000, 'chi', 'genrr', 1097.860107421875, 0.01900000125169754, 69.84266948699951, '2024-03-27 06:37:01')
pval: [0.019] -- 47th test, time elapsed 69.84266948699951 -- emperical power so far: 0.0851063829787234
db insert success
tensor(971.7299, device='cuda:0')
(48, 1000, 0.0009, 0.5, 260000, 'chi', 'genrr', 971.7298583984375, 0.737000048160553, 69.77669167518616, '2024-03-27 06:38:24')
pval: [0.73700005] -- 48th test, time elapsed 69.77669167518616 -- emperical power so far: 0.08333333333333333
db insert success
tensor(946.5805, device='cuda:0')
(49, 1000, 0.0009, 0.5, 260000, 'chi', 'genrr', 946.5805053710938, 0.8940000534057617, 69.87772917747498, '2024-03-27 06:39:36')
pval: [0.89400005] -- 49th test, time elapsed 69.87772917747498 -- emperical power so far: 0.08163265306122448
db insert success
tensor(986.8398, device='cuda:0')
(50, 1000, 0.0009, 0.5, 260000, 'chi', 'genrr', 986.83984375, 0.6370000243186951, 69.82045674324036, '2024-03-27 06:40:48')
pval: [0.63700002] -- 50th test, time elapsed 69.82045674324036 -- emperical power so far: 0.08
db insert success
tensor(935.9167, device='cuda:0')
(51, 1000, 0.0009, 0.5, 260000, 'chi', 'genrr', 935.9166870117188, 0.9280000329017639, 69.84324336051941, '2024-03-27 06:42:17')
pval: [0.92800003] -- 51th test, time elapsed 69.84324336051941 -- emperical power so far: 0.0784313725490196
db insert success
tensor(978.6069, device='cuda:0')
(52, 1000, 0.0009, 0.5, 260000, 'chi', 'genrr', 978.6068725585938, 0.6920000314712524, 69.80777788162231, '2024-03-27 06:43:34')
pval: [0.69200003] -- 52th test, time elapsed 69.80777788162231 -- emperical power so far: 0.07692307692307693
db insert success
tensor(1127.1079, device='cuda:0')
(53, 1000, 0.0009, 0.5, 260000, 'chi', 'genrr', 1127.10791015625, 0.0020000000949949026, 69.84769058227539, '2024-03-27 06:44:52')
pval: [0.002] -- 53th test, time elapsed 69.84769058227539 -- emperical power so far: 0.09433962264150944
db insert success
tensor(1026.3356, device='cuda:0')
(54, 1000, 0.0009, 0.5, 260000, 'chi', 'genrr', 1026.3355712890625, 0.27800002694129944, 69.91999673843384, '2024-03-27 06:46:18')
pval: [0.27800003] -- 54th test, time elapsed 69.91999673843384 -- emperical power so far: 0.09259259259259259
db insert success
tensor(910.2441, device='cuda:0')
(55, 1000, 0.0009, 0.5, 260000, 'chi', 'genrr', 910.244140625, 0.9800000190734863, 69.89578080177307, '2024-03-27 06:47:36')
pval: [0.98000002] -- 55th test, time elapsed 69.89578080177307 -- emperical power so far: 0.09090909090909091
db insert success
tensor(985.0405, device='cuda:0')
(56, 1000, 0.0009, 0.5, 260000, 'chi', 'genrr', 985.0404663085938, 0.6210000514984131, 69.88362050056458, '2024-03-27 06:49:04')
pval: [0.62100005] -- 56th test, time elapsed 69.88362050056458 -- emperical power so far: 0.08928571428571429
db insert success
tensor(981.3387, device='cuda:0')
(57, 1000, 0.0009, 0.5, 260000, 'chi', 'genrr', 981.3387451171875, 0.6450000405311584, 69.86058568954468, '2024-03-27 06:50:31')
pval: [0.64500004] -- 57th test, time elapsed 69.86058568954468 -- emperical power so far: 0.08771929824561403
db insert success
tensor(1054.7999, device='cuda:0')
(58, 1000, 0.0009, 0.5, 260000, 'chi', 'genrr', 1054.7999267578125, 0.10700000822544098, 69.9495918750763, '2024-03-27 06:51:55')
pval: [0.10700001] -- 58th test, time elapsed 69.9495918750763 -- emperical power so far: 0.08620689655172414
db insert success
tensor(1011.5879, device='cuda:0')
(59, 1000, 0.0009, 0.5, 260000, 'chi', 'genrr', 1011.587890625, 0.36900001764297485, 69.8672776222229, '2024-03-27 06:53:18')
pval: [0.36900002] -- 59th test, time elapsed 69.8672776222229 -- emperical power so far: 0.0847457627118644
db insert success
tensor(994.0884, device='cuda:0')
(60, 1000, 0.0009, 0.5, 260000, 'chi', 'genrr', 994.0884399414062, 0.5290000438690186, 69.86040568351746, '2024-03-27 06:54:31')
pval: [0.52900004] -- 60th test, time elapsed 69.86040568351746 -- emperical power so far: 0.08333333333333333
db insert success
tensor(961.3739, device='cuda:0')
(61, 1000, 0.0009, 0.5, 260000, 'chi', 'genrr', 961.3739013671875, 0.7820000648498535, 69.87034511566162, '2024-03-27 06:56:00')
pval: [0.78200006] -- 61th test, time elapsed 69.87034511566162 -- emperical power so far: 0.08196721311475409
db insert success
tensor(997.3509, device='cuda:0')
(62, 1000, 0.0009, 0.5, 260000, 'chi', 'genrr', 997.3508911132812, 0.503000020980835, 69.82480645179749, '2024-03-27 06:57:14')
pval: [0.50300002] -- 62th test, time elapsed 69.82480645179749 -- emperical power so far: 0.08064516129032258
db insert success
tensor(968.7258, device='cuda:0')
(63, 1000, 0.0009, 0.5, 260000, 'chi', 'genrr', 968.725830078125, 0.7430000305175781, 69.86704158782959, '2024-03-27 06:58:36')
pval: [0.74300003] -- 63th test, time elapsed 69.86704158782959 -- emperical power so far: 0.07936507936507936
db insert success
tensor(1004.6381, device='cuda:0')
(64, 1000, 0.0009, 0.5, 260000, 'chi', 'genrr', 1004.6380615234375, 0.45900002121925354, 69.80846095085144, '2024-03-27 06:59:57')
pval: [0.45900002] -- 64th test, time elapsed 69.80846095085144 -- emperical power so far: 0.078125
db insert success
tensor(1061.2357, device='cuda:0')
(65, 1000, 0.0009, 0.5, 260000, 'chi', 'genrr', 1061.2357177734375, 0.08300000429153442, 69.8931245803833, '2024-03-27 07:01:18')
pval: [0.083] -- 65th test, time elapsed 69.8931245803833 -- emperical power so far: 0.07692307692307693
db insert success
tensor(972.1335, device='cuda:0')
(66, 1000, 0.0009, 0.5, 260000, 'chi', 'genrr', 972.1334838867188, 0.7070000171661377, 69.88878226280212, '2024-03-27 07:02:35')
pval: [0.70700002] -- 66th test, time elapsed 69.88878226280212 -- emperical power so far: 0.07575757575757576
db insert success
tensor(1057.8755, device='cuda:0')
(67, 1000, 0.0009, 0.5, 260000, 'chi', 'genrr', 1057.87548828125, 0.08700000494718552, 69.86445093154907, '2024-03-27 07:03:52')
pval: [0.087] -- 67th test, time elapsed 69.86445093154907 -- emperical power so far: 0.07462686567164178
db insert success
tensor(1020.6853, device='cuda:0')
(68, 1000, 0.0009, 0.5, 260000, 'chi', 'genrr', 1020.685302734375, 0.2939999997615814, 69.85305190086365, '2024-03-27 07:05:16')
pval: [0.294] -- 68th test, time elapsed 69.85305190086365 -- emperical power so far: 0.07352941176470588
db insert success
tensor(954.3751, device='cuda:0')
(69, 1000, 0.0009, 0.5, 260000, 'chi', 'genrr', 954.3751220703125, 0.8330000638961792, 69.83609080314636, '2024-03-27 07:06:33')
pval: [0.83300006] -- 69th test, time elapsed 69.83609080314636 -- emperical power so far: 0.07246376811594203
db insert success
tensor(1040.3621, device='cuda:0')
(70, 1000, 0.0009, 0.5, 260000, 'chi', 'genrr', 1040.362060546875, 0.164000004529953, 69.79452300071716, '2024-03-27 07:07:50')
pval: [0.164] -- 70th test, time elapsed 69.79452300071716 -- emperical power so far: 0.07142857142857142
db insert success
tensor(1032.4969, device='cuda:0')
(71, 1000, 0.0009, 0.5, 260000, 'chi', 'genrr', 1032.4969482421875, 0.2150000035762787, 69.82138466835022, '2024-03-27 07:09:07')
pval: [0.215] -- 71th test, time elapsed 69.82138466835022 -- emperical power so far: 0.07042253521126761
db insert success
tensor(1023.4615, device='cuda:0')
(72, 1000, 0.0009, 0.5, 260000, 'chi', 'genrr', 1023.4614868164062, 0.2850000262260437, 69.87269830703735, '2024-03-27 07:10:29')
pval: [0.28500003] -- 72th test, time elapsed 69.87269830703735 -- emperical power so far: 0.06944444444444445
db insert success
tensor(998.9146, device='cuda:0')
(73, 1000, 0.0009, 0.5, 260000, 'chi', 'genrr', 998.91455078125, 0.49500003457069397, 69.81973648071289, '2024-03-27 07:11:45')
pval: [0.49500003] -- 73th test, time elapsed 69.81973648071289 -- emperical power so far: 0.0684931506849315
db insert success
tensor(1058.5576, device='cuda:0')
(74, 1000, 0.0009, 0.5, 260000, 'chi', 'genrr', 1058.5576171875, 0.09200000762939453, 69.73676753044128, '2024-03-27 07:13:01')
pval: [0.09200001] -- 74th test, time elapsed 69.73676753044128 -- emperical power so far: 0.06756756756756757
db insert success
tensor(953.5368, device='cuda:0')
(75, 1000, 0.0009, 0.5, 260000, 'chi', 'genrr', 953.5368041992188, 0.8530000448226929, 69.9107096195221, '2024-03-27 07:14:14')
pval: [0.85300004] -- 75th test, time elapsed 69.9107096195221 -- emperical power so far: 0.06666666666666667
db insert success
tensor(973.1188, device='cuda:0')
(76, 1000, 0.0009, 0.5, 260000, 'chi', 'genrr', 973.1188354492188, 0.7100000381469727, 69.95168495178223, '2024-03-27 07:15:41')
pval: [0.71000004] -- 76th test, time elapsed 69.95168495178223 -- emperical power so far: 0.06578947368421052
db insert success
tensor(945.5894, device='cuda:0')
(77, 1000, 0.0009, 0.5, 260000, 'chi', 'genrr', 945.5894165039062, 0.8760000467300415, 69.93065333366394, '2024-03-27 07:17:07')
pval: [0.87600005] -- 77th test, time elapsed 69.93065333366394 -- emperical power so far: 0.06493506493506493
db insert success
tensor(1089.7423, device='cuda:0')
(78, 1000, 0.0009, 0.5, 260000, 'chi', 'genrr', 1089.7423095703125, 0.026000000536441803, 69.92049264907837, '2024-03-27 07:18:33')
pval: [0.026] -- 78th test, time elapsed 69.92049264907837 -- emperical power so far: 0.07692307692307693
db insert success
tensor(987.3085, device='cuda:0')
(79, 1000, 0.0009, 0.5, 260000, 'chi', 'genrr', 987.3084716796875, 0.6030000448226929, 69.96894812583923, '2024-03-27 07:19:58')
pval: [0.60300004] -- 79th test, time elapsed 69.96894812583923 -- emperical power so far: 0.0759493670886076
db insert success
tensor(898.8616, device='cuda:0')
(80, 1000, 0.0009, 0.5, 260000, 'chi', 'genrr', 898.8616333007812, 0.9880000352859497, 69.97636198997498, '2024-03-27 07:21:14')
pval: [0.98800004] -- 80th test, time elapsed 69.97636198997498 -- emperical power so far: 0.075
db insert success
tensor(992.1965, device='cuda:0')
(81, 1000, 0.0009, 0.5, 260000, 'chi', 'genrr', 992.1964721679688, 0.5560000538825989, 69.9343729019165, '2024-03-27 07:22:25')
pval: [0.55600005] -- 81th test, time elapsed 69.9343729019165 -- emperical power so far: 0.07407407407407407
db insert success
tensor(1029.9187, device='cuda:0')
(82, 1000, 0.0009, 0.5, 260000, 'chi', 'genrr', 1029.918701171875, 0.25699999928474426, 69.98630046844482, '2024-03-27 07:23:41')
pval: [0.257] -- 82th test, time elapsed 69.98630046844482 -- emperical power so far: 0.07317073170731707
db insert success
tensor(974.9697, device='cuda:0')
(83, 1000, 0.0009, 0.5, 260000, 'chi', 'genrr', 974.9696655273438, 0.6920000314712524, 69.99300217628479, '2024-03-27 07:24:57')
pval: [0.69200003] -- 83th test, time elapsed 69.99300217628479 -- emperical power so far: 0.07228915662650602
db insert success
tensor(967.5997, device='cuda:0')
(84, 1000, 0.0009, 0.5, 260000, 'chi', 'genrr', 967.5996704101562, 0.7710000276565552, 69.95665383338928, '2024-03-27 07:26:27')
pval: [0.77100003] -- 84th test, time elapsed 69.95665383338928 -- emperical power so far: 0.07142857142857142
db insert success
tensor(1115.6501, device='cuda:0')
(85, 1000, 0.0009, 0.5, 260000, 'chi', 'genrr', 1115.650146484375, 0.007000000216066837, 69.79397797584534, '2024-03-27 07:27:43')
pval: [0.007] -- 85th test, time elapsed 69.79397797584534 -- emperical power so far: 0.08235294117647059
db insert success
tensor(996.8746, device='cuda:0')
(86, 1000, 0.0009, 0.5, 260000, 'chi', 'genrr', 996.8745727539062, 0.5210000276565552, 69.8337972164154, '2024-03-27 07:28:57')
pval: [0.52100003] -- 86th test, time elapsed 69.8337972164154 -- emperical power so far: 0.08139534883720931
db insert success
tensor(989.5624, device='cuda:0')
(87, 1000, 0.0009, 0.5, 260000, 'chi', 'genrr', 989.5624389648438, 0.5700000524520874, 69.84075903892517, '2024-03-27 07:30:16')
pval: [0.57000005] -- 87th test, time elapsed 69.84075903892517 -- emperical power so far: 0.08045977011494253
db insert success
tensor(1027.8932, device='cuda:0')
(88, 1000, 0.0009, 0.5, 260000, 'chi', 'genrr', 1027.8931884765625, 0.25200000405311584, 69.90627765655518, '2024-03-27 07:31:43')
pval: [0.252] -- 88th test, time elapsed 69.90627765655518 -- emperical power so far: 0.07954545454545454
db insert success
tensor(1061.7740, device='cuda:0')
(89, 1000, 0.0009, 0.5, 260000, 'chi', 'genrr', 1061.7740478515625, 0.08300000429153442, 69.87380146980286, '2024-03-27 07:33:02')
pval: [0.083] -- 89th test, time elapsed 69.87380146980286 -- emperical power so far: 0.07865168539325842
db insert success
tensor(1057.0073, device='cuda:0')
(90, 1000, 0.0009, 0.5, 260000, 'chi', 'genrr', 1057.00732421875, 0.10100000351667404, 69.87948155403137, '2024-03-27 07:34:22')
pval: [0.101] -- 90th test, time elapsed 69.87948155403137 -- emperical power so far: 0.07777777777777778
db insert success
tensor(1006.2457, device='cuda:0')
(91, 1000, 0.0009, 0.5, 260000, 'chi', 'genrr', 1006.2456665039062, 0.4350000321865082, 69.8341658115387, '2024-03-27 07:35:35')
pval: [0.43500003] -- 91th test, time elapsed 69.8341658115387 -- emperical power so far: 0.07692307692307693
db insert success
tensor(1049.1915, device='cuda:0')
(92, 1000, 0.0009, 0.5, 260000, 'chi', 'genrr', 1049.1915283203125, 0.125, 69.87188982963562, '2024-03-27 07:37:05')
pval: [0.125] -- 92th test, time elapsed 69.87188982963562 -- emperical power so far: 0.07608695652173914
db insert success
tensor(994.7331, device='cuda:0')
(93, 1000, 0.0009, 0.5, 260000, 'chi', 'genrr', 994.7330932617188, 0.5490000247955322, 69.73786187171936, '2024-03-27 07:38:21')
pval: [0.54900002] -- 93th test, time elapsed 69.73786187171936 -- emperical power so far: 0.07526881720430108
db insert success
tensor(1045.6499, device='cuda:0')
(94, 1000, 0.0009, 0.5, 260000, 'chi', 'genrr', 1045.64990234375, 0.14500001072883606, 69.96495366096497, '2024-03-27 07:39:49')
pval: [0.14500001] -- 94th test, time elapsed 69.96495366096497 -- emperical power so far: 0.07446808510638298
db insert success
tensor(1049.9127, device='cuda:0')
(95, 1000, 0.0009, 0.5, 260000, 'chi', 'genrr', 1049.9127197265625, 0.12700000405311584, 69.9690990447998, '2024-03-27 07:41:11')
pval: [0.127] -- 95th test, time elapsed 69.9690990447998 -- emperical power so far: 0.07368421052631578
db insert success
tensor(951.1337, device='cuda:0')
(96, 1000, 0.0009, 0.5, 260000, 'chi', 'genrr', 951.1337280273438, 0.8550000190734863, 69.82379269599915, '2024-03-27 07:42:40')
pval: [0.85500002] -- 96th test, time elapsed 69.82379269599915 -- emperical power so far: 0.07291666666666667
db insert success
tensor(1073.5837, device='cuda:0')
(97, 1000, 0.0009, 0.5, 260000, 'chi', 'genrr', 1073.583740234375, 0.04500000178813934, 69.81186771392822, '2024-03-27 07:44:09')
pval: [0.045] -- 97th test, time elapsed 69.81186771392822 -- emperical power so far: 0.08247422680412371
db insert success
tensor(1004.6697, device='cuda:0')
(98, 1000, 0.0009, 0.5, 260000, 'chi', 'genrr', 1004.669677734375, 0.4390000104904175, 69.85195684432983, '2024-03-27 07:45:26')
pval: [0.43900001] -- 98th test, time elapsed 69.85195684432983 -- emperical power so far: 0.08163265306122448
db insert success
tensor(936.1129, device='cuda:0')
(99, 1000, 0.0009, 0.5, 260000, 'chi', 'genrr', 936.1129150390625, 0.9200000166893005, 69.83935904502869, '2024-03-27 07:46:38')
pval: [0.92000002] -- 99th test, time elapsed 69.83935904502869 -- emperical power so far: 0.08080808080808081
db insert success
tensor(925.8666, device='cuda:0')
(100, 1000, 0.0009, 0.5, 260000, 'chi', 'genrr', 925.8666381835938, 0.9490000605583191, 69.87968301773071, '2024-03-27 07:47:59')
pval: [0.94900006] -- 100th test, time elapsed 69.87968301773071 -- emperical power so far: 0.08
db insert success
tensor(1028.2953, device='cuda:0')
(101, 1000, 0.0009, 0.5, 260000, 'chi', 'genrr', 1028.2952880859375, 0.2410000115633011, 69.82067084312439, '2024-03-27 07:49:23')
pval: [0.24100001] -- 101th test, time elapsed 69.82067084312439 -- emperical power so far: 0.07920792079207921
db insert success
tensor(1020.4257, device='cuda:0')
(102, 1000, 0.0009, 0.5, 260000, 'chi', 'genrr', 1020.4257202148438, 0.31700000166893005, 69.87345600128174, '2024-03-27 07:50:49')
pval: [0.317] -- 102th test, time elapsed 69.87345600128174 -- emperical power so far: 0.0784313725490196
db insert success
tensor(987.6740, device='cuda:0')
(103, 1000, 0.0009, 0.5, 260000, 'chi', 'genrr', 987.6739501953125, 0.5730000138282776, 69.83957529067993, '2024-03-27 07:52:08')
pval: [0.57300001] -- 103th test, time elapsed 69.83957529067993 -- emperical power so far: 0.07766990291262135
db insert success
tensor(1064.3685, device='cuda:0')
(104, 1000, 0.0009, 0.5, 260000, 'chi', 'genrr', 1064.3685302734375, 0.07800000160932541, 69.7851312160492, '2024-03-27 07:53:26')
pval: [0.078] -- 104th test, time elapsed 69.7851312160492 -- emperical power so far: 0.07692307692307693
db insert success
tensor(1073.8718, device='cuda:0')
(105, 1000, 0.0009, 0.5, 260000, 'chi', 'genrr', 1073.871826171875, 0.04400000348687172, 69.87593269348145, '2024-03-27 07:54:47')
pval: [0.044] -- 105th test, time elapsed 69.87593269348145 -- emperical power so far: 0.08571428571428572
db insert success
tensor(999.3257, device='cuda:0')
(106, 1000, 0.0009, 0.5, 260000, 'chi', 'genrr', 999.32568359375, 0.49000000953674316, 69.89197492599487, '2024-03-27 07:56:13')
pval: [0.49000001] -- 106th test, time elapsed 69.89197492599487 -- emperical power so far: 0.08490566037735849
db insert success
tensor(985.2784, device='cuda:0')
(107, 1000, 0.0009, 0.5, 260000, 'chi', 'genrr', 985.2783813476562, 0.628000020980835, 69.87036800384521, '2024-03-27 07:57:30')
pval: [0.62800002] -- 107th test, time elapsed 69.87036800384521 -- emperical power so far: 0.08411214953271028
db insert success
tensor(979.5485, device='cuda:0')
(108, 1000, 0.0009, 0.5, 260000, 'chi', 'genrr', 979.5484619140625, 0.6620000600814819, 69.83440017700195, '2024-03-27 07:58:50')
pval: [0.66200006] -- 108th test, time elapsed 69.83440017700195 -- emperical power so far: 0.08333333333333333
db insert success
tensor(1002.1008, device='cuda:0')
(109, 1000, 0.0009, 0.5, 260000, 'chi', 'genrr', 1002.1007690429688, 0.4350000321865082, 69.8218846321106, '2024-03-27 08:00:17')
pval: [0.43500003] -- 109th test, time elapsed 69.8218846321106 -- emperical power so far: 0.08256880733944955
db insert success
tensor(946.0919, device='cuda:0')
(110, 1000, 0.0009, 0.5, 260000, 'chi', 'genrr', 946.0919189453125, 0.8950000405311584, 69.88419580459595, '2024-03-27 08:01:28')
pval: [0.89500004] -- 110th test, time elapsed 69.88419580459595 -- emperical power so far: 0.08181818181818182
db insert success
tensor(1079.1597, device='cuda:0')
(111, 1000, 0.0009, 0.5, 260000, 'chi', 'genrr', 1079.15966796875, 0.04100000113248825, 69.8420090675354, '2024-03-27 08:02:47')
pval: [0.041] -- 111th test, time elapsed 69.8420090675354 -- emperical power so far: 0.09009009009009009
db insert success
tensor(1023.0693, device='cuda:0')
(112, 1000, 0.0009, 0.5, 260000, 'chi', 'genrr', 1023.0693359375, 0.281000018119812, 69.81917309761047, '2024-03-27 08:04:03')
pval: [0.28100002] -- 112th test, time elapsed 69.81917309761047 -- emperical power so far: 0.08928571428571429
db insert success
tensor(953.9973, device='cuda:0')
(113, 1000, 0.0009, 0.5, 260000, 'chi', 'genrr', 953.997314453125, 0.8580000400543213, 69.77488398551941, '2024-03-27 08:05:26')
pval: [0.85800004] -- 113th test, time elapsed 69.77488398551941 -- emperical power so far: 0.08849557522123894
db insert success
tensor(980.3122, device='cuda:0')
(114, 1000, 0.0009, 0.5, 260000, 'chi', 'genrr', 980.3121948242188, 0.659000039100647, 69.75088763237, '2024-03-27 08:06:43')
pval: [0.65900004] -- 114th test, time elapsed 69.75088763237 -- emperical power so far: 0.08771929824561403
db insert success
tensor(939.2304, device='cuda:0')
(115, 1000, 0.0009, 0.5, 260000, 'chi', 'genrr', 939.2304077148438, 0.9240000247955322, 69.77939224243164, '2024-03-27 08:08:12')
pval: [0.92400002] -- 115th test, time elapsed 69.77939224243164 -- emperical power so far: 0.08695652173913043
db insert success
tensor(1045.5278, device='cuda:0')
(116, 1000, 0.0009, 0.5, 260000, 'chi', 'genrr', 1045.52783203125, 0.1469999998807907, 69.82782196998596, '2024-03-27 08:09:38')
pval: [0.147] -- 116th test, time elapsed 69.82782196998596 -- emperical power so far: 0.08620689655172414
db insert success
tensor(1002.3153, device='cuda:0')
(117, 1000, 0.0009, 0.5, 260000, 'chi', 'genrr', 1002.3153076171875, 0.4620000123977661, 69.86686205863953, '2024-03-27 08:10:50')
pval: [0.46200001] -- 117th test, time elapsed 69.86686205863953 -- emperical power so far: 0.08547008547008547
db insert success
tensor(976.2991, device='cuda:0')
(118, 1000, 0.0009, 0.5, 260000, 'chi', 'genrr', 976.2991333007812, 0.6980000138282776, 69.78732824325562, '2024-03-27 08:12:07')
pval: [0.69800001] -- 118th test, time elapsed 69.78732824325562 -- emperical power so far: 0.0847457627118644
db insert success
tensor(1016.4460, device='cuda:0')
(119, 1000, 0.0009, 0.5, 260000, 'chi', 'genrr', 1016.4459838867188, 0.3530000150203705, 69.75124335289001, '2024-03-27 08:13:20')
pval: [0.35300002] -- 119th test, time elapsed 69.75124335289001 -- emperical power so far: 0.08403361344537816
db insert success
tensor(1006.4196, device='cuda:0')
(120, 1000, 0.0009, 0.5, 260000, 'chi', 'genrr', 1006.4195556640625, 0.4310000240802765, 69.9004397392273, '2024-03-27 08:14:32')
pval: [0.43100002] -- 120th test, time elapsed 69.9004397392273 -- emperical power so far: 0.08333333333333333
db insert success
tensor(994.8713, device='cuda:0')
(121, 1000, 0.0009, 0.5, 260000, 'chi', 'genrr', 994.8712768554688, 0.5210000276565552, 69.87636518478394, '2024-03-27 08:15:49')
pval: [0.52100003] -- 121th test, time elapsed 69.87636518478394 -- emperical power so far: 0.08264462809917356
db insert success
tensor(982.2003, device='cuda:0')
(122, 1000, 0.0009, 0.5, 260000, 'chi', 'genrr', 982.2002563476562, 0.6430000066757202, 69.82912874221802, '2024-03-27 08:17:10')
pval: [0.64300001] -- 122th test, time elapsed 69.82912874221802 -- emperical power so far: 0.08196721311475409
db insert success
tensor(982.1580, device='cuda:0')
(123, 1000, 0.0009, 0.5, 260000, 'chi', 'genrr', 982.1580200195312, 0.6300000548362732, 69.85256338119507, '2024-03-27 08:18:35')
pval: [0.63000005] -- 123th test, time elapsed 69.85256338119507 -- emperical power so far: 0.08130081300813008
db insert success
tensor(1015.6840, device='cuda:0')
(124, 1000, 0.0009, 0.5, 260000, 'chi', 'genrr', 1015.6839599609375, 0.34800001978874207, 69.76014876365662, '2024-03-27 08:19:53')
pval: [0.34800002] -- 124th test, time elapsed 69.76014876365662 -- emperical power so far: 0.08064516129032258
db insert success
tensor(967.0349, device='cuda:0')
(125, 1000, 0.0009, 0.5, 260000, 'chi', 'genrr', 967.0348510742188, 0.7510000467300415, 69.76426339149475, '2024-03-27 08:21:11')
pval: [0.75100005] -- 125th test, time elapsed 69.76426339149475 -- emperical power so far: 0.08
db insert success
tensor(987.0975, device='cuda:0')
(126, 1000, 0.0009, 0.5, 260000, 'chi', 'genrr', 987.0975341796875, 0.6220000386238098, 69.93696212768555, '2024-03-27 08:22:34')
pval: [0.62200004] -- 126th test, time elapsed 69.93696212768555 -- emperical power so far: 0.07936507936507936
db insert success
tensor(997.6636, device='cuda:0')
(127, 1000, 0.0009, 0.5, 260000, 'chi', 'genrr', 997.6636352539062, 0.5130000114440918, 69.89689707756042, '2024-03-27 08:24:04')
pval: [0.51300001] -- 127th test, time elapsed 69.89689707756042 -- emperical power so far: 0.07874015748031496
db insert success
tensor(1002.8734, device='cuda:0')
(128, 1000, 0.0009, 0.5, 260000, 'chi', 'genrr', 1002.8734130859375, 0.4660000205039978, 69.82773089408875, '2024-03-27 08:25:18')
pval: [0.46600002] -- 128th test, time elapsed 69.82773089408875 -- emperical power so far: 0.078125
db insert success
tensor(1041.3597, device='cuda:0')
(129, 1000, 0.0009, 0.5, 260000, 'chi', 'genrr', 1041.3597412109375, 0.16600000858306885, 69.79320621490479, '2024-03-27 08:26:31')
pval: [0.16600001] -- 129th test, time elapsed 69.79320621490479 -- emperical power so far: 0.07751937984496124
db insert success
tensor(1018.8159, device='cuda:0')
(130, 1000, 0.0009, 0.5, 260000, 'chi', 'genrr', 1018.8158569335938, 0.3450000286102295, 69.89112663269043, '2024-03-27 08:27:48')
pval: [0.34500003] -- 130th test, time elapsed 69.89112663269043 -- emperical power so far: 0.07692307692307693
db insert success
tensor(944.5375, device='cuda:0')
(131, 1000, 0.0009, 0.5, 260000, 'chi', 'genrr', 944.5374755859375, 0.89000004529953, 69.84662246704102, '2024-03-27 08:28:59')
pval: [0.89000005] -- 131th test, time elapsed 69.84662246704102 -- emperical power so far: 0.07633587786259542
db insert success
tensor(1040.1589, device='cuda:0')
(132, 1000, 0.0009, 0.5, 260000, 'chi', 'genrr', 1040.158935546875, 0.19600000977516174, 69.89782881736755, '2024-03-27 08:30:16')
pval: [0.19600001] -- 132th test, time elapsed 69.89782881736755 -- emperical power so far: 0.07575757575757576
db insert success
tensor(960.2082, device='cuda:0')
(133, 1000, 0.0009, 0.5, 260000, 'chi', 'genrr', 960.2081909179688, 0.7860000133514404, 69.89300870895386, '2024-03-27 08:31:29')
pval: [0.78600001] -- 133th test, time elapsed 69.89300870895386 -- emperical power so far: 0.07518796992481203
db insert success
tensor(996.2650, device='cuda:0')
(134, 1000, 0.0009, 0.5, 260000, 'chi', 'genrr', 996.2650146484375, 0.5240000486373901, 69.86316108703613, '2024-03-27 08:32:52')
pval: [0.52400005] -- 134th test, time elapsed 69.86316108703613 -- emperical power so far: 0.07462686567164178
db insert success
tensor(1045.6904, device='cuda:0')
(135, 1000, 0.0009, 0.5, 260000, 'chi', 'genrr', 1045.6904296875, 0.14500001072883606, 69.84000325202942, '2024-03-27 08:34:19')
pval: [0.14500001] -- 135th test, time elapsed 69.84000325202942 -- emperical power so far: 0.07407407407407407
db insert success
tensor(1033.7180, device='cuda:0')
(136, 1000, 0.0009, 0.5, 260000, 'chi', 'genrr', 1033.718017578125, 0.21400001645088196, 69.77536249160767, '2024-03-27 08:35:38')
pval: [0.21400002] -- 136th test, time elapsed 69.77536249160767 -- emperical power so far: 0.07352941176470588
db insert success
tensor(1045.5653, device='cuda:0')
(137, 1000, 0.0009, 0.5, 260000, 'chi', 'genrr', 1045.5653076171875, 0.1550000011920929, 69.8867552280426, '2024-03-27 08:37:04')
pval: [0.155] -- 137th test, time elapsed 69.8867552280426 -- emperical power so far: 0.072992700729927
db insert success
tensor(1070.0483, device='cuda:0')
(138, 1000, 0.0009, 0.5, 260000, 'chi', 'genrr', 1070.04833984375, 0.06200000271201134, 69.86406326293945, '2024-03-27 08:38:25')
pval: [0.062] -- 138th test, time elapsed 69.86406326293945 -- emperical power so far: 0.07246376811594203
db insert success
tensor(983.0012, device='cuda:0')
(139, 1000, 0.0009, 0.5, 260000, 'chi', 'genrr', 983.001220703125, 0.6380000114440918, 69.91313934326172, '2024-03-27 08:39:55')
pval: [0.63800001] -- 139th test, time elapsed 69.91313934326172 -- emperical power so far: 0.07194244604316546
db insert success
tensor(1008.7872, device='cuda:0')
(140, 1000, 0.0009, 0.5, 260000, 'chi', 'genrr', 1008.7872314453125, 0.4350000321865082, 69.95981526374817, '2024-03-27 08:41:18')
pval: [0.43500003] -- 140th test, time elapsed 69.95981526374817 -- emperical power so far: 0.07142857142857142
db insert success
tensor(981.3657, device='cuda:0')
(141, 1000, 0.0009, 0.5, 260000, 'chi', 'genrr', 981.3656616210938, 0.6440000534057617, 69.91255474090576, '2024-03-27 08:42:46')
pval: [0.64400005] -- 141th test, time elapsed 69.91255474090576 -- emperical power so far: 0.07092198581560284
db insert success
tensor(1004.7344, device='cuda:0')
(142, 1000, 0.0009, 0.5, 260000, 'chi', 'genrr', 1004.734375, 0.4610000252723694, 69.8232843875885, '2024-03-27 08:44:13')
pval: [0.46100003] -- 142th test, time elapsed 69.8232843875885 -- emperical power so far: 0.07042253521126761
db insert success
tensor(1033.2140, device='cuda:0')
(143, 1000, 0.0009, 0.5, 260000, 'chi', 'genrr', 1033.2139892578125, 0.23100000619888306, 69.80877113342285, '2024-03-27 08:45:34')
pval: [0.23100001] -- 143th test, time elapsed 69.80877113342285 -- emperical power so far: 0.06993006993006994
db insert success
tensor(1026.5664, device='cuda:0')
(144, 1000, 0.0009, 0.5, 260000, 'chi', 'genrr', 1026.56640625, 0.2510000169277191, 69.87613844871521, '2024-03-27 08:46:47')
pval: [0.25100002] -- 144th test, time elapsed 69.87613844871521 -- emperical power so far: 0.06944444444444445
db insert success
tensor(1021.6202, device='cuda:0')
(145, 1000, 0.0009, 0.5, 260000, 'chi', 'genrr', 1021.6202392578125, 0.30800002813339233, 69.89014840126038, '2024-03-27 08:48:18')
pval: [0.30800003] -- 145th test, time elapsed 69.89014840126038 -- emperical power so far: 0.06896551724137931
db insert success
tensor(1077.6051, device='cuda:0')
(146, 1000, 0.0009, 0.5, 260000, 'chi', 'genrr', 1077.6051025390625, 0.04200000315904617, 69.88164758682251, '2024-03-27 08:49:32')
pval: [0.042] -- 146th test, time elapsed 69.88164758682251 -- emperical power so far: 0.07534246575342465
db insert success
tensor(1005.6265, device='cuda:0')
(147, 1000, 0.0009, 0.5, 260000, 'chi', 'genrr', 1005.6265258789062, 0.4400000274181366, 69.80668592453003, '2024-03-27 08:50:44')
pval: [0.44000003] -- 147th test, time elapsed 69.80668592453003 -- emperical power so far: 0.07482993197278912
db insert success
tensor(1006.8007, device='cuda:0')
(148, 1000, 0.0009, 0.5, 260000, 'chi', 'genrr', 1006.8007202148438, 0.445000022649765, 69.76530647277832, '2024-03-27 08:52:02')
pval: [0.44500002] -- 148th test, time elapsed 69.76530647277832 -- emperical power so far: 0.07432432432432433
db insert success
tensor(1007.6680, device='cuda:0')
(149, 1000, 0.0009, 0.5, 260000, 'chi', 'genrr', 1007.6680297851562, 0.42500001192092896, 69.86587429046631, '2024-03-27 08:53:32')
pval: [0.42500001] -- 149th test, time elapsed 69.86587429046631 -- emperical power so far: 0.0738255033557047
db insert success
tensor(916.0438, device='cuda:0')
(150, 1000, 0.0009, 0.5, 260000, 'chi', 'genrr', 916.0438232421875, 0.9730000495910645, 69.94138240814209, '2024-03-27 08:54:50')
pval: [0.97300005] -- 150th test, time elapsed 69.94138240814209 -- emperical power so far: 0.07333333333333333
db insert success
tensor(1024.3196, device='cuda:0')
(151, 1000, 0.0009, 0.5, 260000, 'chi', 'genrr', 1024.319580078125, 0.28300002217292786, 69.833664894104, '2024-03-27 08:56:16')
pval: [0.28300002] -- 151th test, time elapsed 69.833664894104 -- emperical power so far: 0.0728476821192053
db insert success
tensor(1022.7759, device='cuda:0')
(152, 1000, 0.0009, 0.5, 260000, 'chi', 'genrr', 1022.77587890625, 0.28200000524520874, 69.86347198486328, '2024-03-27 08:57:45')
pval: [0.28200001] -- 152th test, time elapsed 69.86347198486328 -- emperical power so far: 0.07236842105263158
db insert success
tensor(983.3724, device='cuda:0')
(153, 1000, 0.0009, 0.5, 260000, 'chi', 'genrr', 983.3724365234375, 0.6410000324249268, 69.81575846672058, '2024-03-27 08:59:04')
pval: [0.64100003] -- 153th test, time elapsed 69.81575846672058 -- emperical power so far: 0.0718954248366013
db insert success
tensor(1086.8807, device='cuda:0')
(154, 1000, 0.0009, 0.5, 260000, 'chi', 'genrr', 1086.8807373046875, 0.024000000208616257, 69.8629162311554, '2024-03-27 09:00:25')
pval: [0.024] -- 154th test, time elapsed 69.8629162311554 -- emperical power so far: 0.07792207792207792
db insert success
tensor(933.1731, device='cuda:0')
(155, 1000, 0.0009, 0.5, 260000, 'chi', 'genrr', 933.173095703125, 0.9340000152587891, 69.88643550872803, '2024-03-27 09:01:51')
pval: [0.93400002] -- 155th test, time elapsed 69.88643550872803 -- emperical power so far: 0.07741935483870968
db insert success
tensor(961.2714, device='cuda:0')
(156, 1000, 0.0009, 0.5, 260000, 'chi', 'genrr', 961.2714233398438, 0.8060000538825989, 69.8512864112854, '2024-03-27 09:03:08')
pval: [0.80600005] -- 156th test, time elapsed 69.8512864112854 -- emperical power so far: 0.07692307692307693
db insert success
tensor(1012.4543, device='cuda:0')
(157, 1000, 0.0009, 0.5, 260000, 'chi', 'genrr', 1012.454345703125, 0.3790000081062317, 69.74425506591797, '2024-03-27 09:04:20')
pval: [0.37900001] -- 157th test, time elapsed 69.74425506591797 -- emperical power so far: 0.07643312101910828
db insert success
tensor(944.6186, device='cuda:0')
(158, 1000, 0.0009, 0.5, 260000, 'chi', 'genrr', 944.6185913085938, 0.89000004529953, 69.97646594047546, '2024-03-27 09:05:49')
pval: [0.89000005] -- 158th test, time elapsed 69.97646594047546 -- emperical power so far: 0.0759493670886076
db insert success
tensor(998.4059, device='cuda:0')
(159, 1000, 0.0009, 0.5, 260000, 'chi', 'genrr', 998.4059448242188, 0.4870000183582306, 69.95393514633179, '2024-03-27 09:07:13')
pval: [0.48700002] -- 159th test, time elapsed 69.95393514633179 -- emperical power so far: 0.07547169811320754
db insert success
tensor(1030.6628, device='cuda:0')
(160, 1000, 0.0009, 0.5, 260000, 'chi', 'genrr', 1030.662841796875, 0.21000000834465027, 69.9614326953888, '2024-03-27 09:08:42')
pval: [0.21000001] -- 160th test, time elapsed 69.9614326953888 -- emperical power so far: 0.075
db insert success
tensor(1020.5312, device='cuda:0')
(161, 1000, 0.0009, 0.5, 260000, 'chi', 'genrr', 1020.5311889648438, 0.2880000174045563, 70.03195476531982, '2024-03-27 09:10:05')
pval: [0.28800002] -- 161th test, time elapsed 70.03195476531982 -- emperical power so far: 0.07453416149068323
db insert success
tensor(1011.2658, device='cuda:0')
(162, 1000, 0.0009, 0.5, 260000, 'chi', 'genrr', 1011.2658081054688, 0.39500001072883606, 69.89828586578369, '2024-03-27 09:11:19')
pval: [0.39500001] -- 162th test, time elapsed 69.89828586578369 -- emperical power so far: 0.07407407407407407
db insert success
tensor(1050.8961, device='cuda:0')
(163, 1000, 0.0009, 0.5, 260000, 'chi', 'genrr', 1050.8961181640625, 0.12300000339746475, 69.89715814590454, '2024-03-27 09:12:30')
pval: [0.123] -- 163th test, time elapsed 69.89715814590454 -- emperical power so far: 0.0736196319018405
db insert success
tensor(1013.5864, device='cuda:0')
(164, 1000, 0.0009, 0.5, 260000, 'chi', 'genrr', 1013.58642578125, 0.35600000619888306, 69.83531141281128, '2024-03-27 09:13:44')
pval: [0.35600001] -- 164th test, time elapsed 69.83531141281128 -- emperical power so far: 0.07317073170731707
db insert success
tensor(937.7260, device='cuda:0')
(165, 1000, 0.0009, 0.5, 260000, 'chi', 'genrr', 937.7259521484375, 0.906000018119812, 69.91983938217163, '2024-03-27 09:15:11')
pval: [0.90600002] -- 165th test, time elapsed 69.91983938217163 -- emperical power so far: 0.07272727272727272
db insert success
tensor(968.1705, device='cuda:0')
(166, 1000, 0.0009, 0.5, 260000, 'chi', 'genrr', 968.1705322265625, 0.7730000615119934, 69.86355781555176, '2024-03-27 09:16:30')
pval: [0.77300006] -- 166th test, time elapsed 69.86355781555176 -- emperical power so far: 0.07228915662650602
db insert success
tensor(1045.3665, device='cuda:0')
(167, 1000, 0.0009, 0.5, 260000, 'chi', 'genrr', 1045.366455078125, 0.15900000929832458, 69.80985379219055, '2024-03-27 09:17:57')
pval: [0.15900001] -- 167th test, time elapsed 69.80985379219055 -- emperical power so far: 0.0718562874251497
db insert success
tensor(950.1718, device='cuda:0')
(168, 1000, 0.0009, 0.5, 260000, 'chi', 'genrr', 950.1717529296875, 0.859000027179718, 69.89014458656311, '2024-03-27 09:19:13')
pval: [0.85900003] -- 168th test, time elapsed 69.89014458656311 -- emperical power so far: 0.07142857142857142
db insert success
tensor(1034.3881, device='cuda:0')
(169, 1000, 0.0009, 0.5, 260000, 'chi', 'genrr', 1034.3880615234375, 0.20600001513957977, 69.81988906860352, '2024-03-27 09:20:33')
pval: [0.20600002] -- 169th test, time elapsed 69.81988906860352 -- emperical power so far: 0.07100591715976332
db insert success
tensor(976.8182, device='cuda:0')
(170, 1000, 0.0009, 0.5, 260000, 'chi', 'genrr', 976.8182373046875, 0.6930000185966492, 69.88565492630005, '2024-03-27 09:21:58')
pval: [0.69300002] -- 170th test, time elapsed 69.88565492630005 -- emperical power so far: 0.07058823529411765
db insert success
tensor(983.6682, device='cuda:0')
(171, 1000, 0.0009, 0.5, 260000, 'chi', 'genrr', 983.668212890625, 0.6140000224113464, 69.8581748008728, '2024-03-27 09:23:15')
pval: [0.61400002] -- 171th test, time elapsed 69.8581748008728 -- emperical power so far: 0.07017543859649122
db insert success
tensor(1043.1902, device='cuda:0')
(172, 1000, 0.0009, 0.5, 260000, 'chi', 'genrr', 1043.190185546875, 0.14100000262260437, 69.73966884613037, '2024-03-27 09:24:35')
pval: [0.141] -- 172th test, time elapsed 69.73966884613037 -- emperical power so far: 0.06976744186046512
db insert success
tensor(1014.2090, device='cuda:0')
(173, 1000, 0.0009, 0.5, 260000, 'chi', 'genrr', 1014.2090454101562, 0.34200000762939453, 69.79998850822449, '2024-03-27 09:26:00')
pval: [0.34200001] -- 173th test, time elapsed 69.79998850822449 -- emperical power so far: 0.06936416184971098
db insert success
tensor(929.8992, device='cuda:0')
(174, 1000, 0.0009, 0.5, 260000, 'chi', 'genrr', 929.899169921875, 0.9360000491142273, 69.8411693572998, '2024-03-27 09:27:23')
pval: [0.93600005] -- 174th test, time elapsed 69.8411693572998 -- emperical power so far: 0.06896551724137931
db insert success
tensor(921.0115, device='cuda:0')
(175, 1000, 0.0009, 0.5, 260000, 'chi', 'genrr', 921.0115356445312, 0.9580000638961792, 69.88375425338745, '2024-03-27 09:28:36')
pval: [0.95800006] -- 175th test, time elapsed 69.88375425338745 -- emperical power so far: 0.06857142857142857
db insert success
tensor(1071.6758, device='cuda:0')
(176, 1000, 0.0009, 0.5, 260000, 'chi', 'genrr', 1071.67578125, 0.05300000309944153, 69.84258127212524, '2024-03-27 09:30:02')
pval: [0.053] -- 176th test, time elapsed 69.84258127212524 -- emperical power so far: 0.06818181818181818
db insert success
tensor(971.0700, device='cuda:0')
(177, 1000, 0.0009, 0.5, 260000, 'chi', 'genrr', 971.0700073242188, 0.7410000562667847, 69.80497169494629, '2024-03-27 09:31:30')
pval: [0.74100006] -- 177th test, time elapsed 69.80497169494629 -- emperical power so far: 0.06779661016949153
db insert success
tensor(916.4558, device='cuda:0')
(178, 1000, 0.0009, 0.5, 260000, 'chi', 'genrr', 916.455810546875, 0.9640000462532043, 69.84675860404968, '2024-03-27 09:32:52')
pval: [0.96400005] -- 178th test, time elapsed 69.84675860404968 -- emperical power so far: 0.06741573033707865
db insert success
tensor(1107.4718, device='cuda:0')
(179, 1000, 0.0009, 0.5, 260000, 'chi', 'genrr', 1107.4718017578125, 0.006000000052154064, 69.83975553512573, '2024-03-27 09:34:16')
pval: [0.006] -- 179th test, time elapsed 69.83975553512573 -- emperical power so far: 0.07262569832402235
db insert success
tensor(1044.4019, device='cuda:0')
(180, 1000, 0.0009, 0.5, 260000, 'chi', 'genrr', 1044.40185546875, 0.15700000524520874, 69.8447904586792, '2024-03-27 09:35:44')
pval: [0.15700001] -- 180th test, time elapsed 69.8447904586792 -- emperical power so far: 0.07222222222222222
db insert success
tensor(969.4799, device='cuda:0')
(181, 1000, 0.0009, 0.5, 260000, 'chi', 'genrr', 969.4799194335938, 0.7110000252723694, 69.85665035247803, '2024-03-27 09:37:08')
pval: [0.71100003] -- 181th test, time elapsed 69.85665035247803 -- emperical power so far: 0.0718232044198895
db insert success
tensor(956.9314, device='cuda:0')
(182, 1000, 0.0009, 0.5, 260000, 'chi', 'genrr', 956.931396484375, 0.8140000104904175, 69.84782361984253, '2024-03-27 09:38:35')
pval: [0.81400001] -- 182th test, time elapsed 69.84782361984253 -- emperical power so far: 0.07142857142857142
db insert success
tensor(1048.3490, device='cuda:0')
(183, 1000, 0.0009, 0.5, 260000, 'chi', 'genrr', 1048.3489990234375, 0.12600000202655792, 69.84533619880676, '2024-03-27 09:40:01')
pval: [0.126] -- 183th test, time elapsed 69.84533619880676 -- emperical power so far: 0.07103825136612021
db insert success
tensor(1024.3767, device='cuda:0')
(184, 1000, 0.0009, 0.5, 260000, 'chi', 'genrr', 1024.376708984375, 0.29600000381469727, 69.85487508773804, '2024-03-27 09:41:25')
pval: [0.296] -- 184th test, time elapsed 69.85487508773804 -- emperical power so far: 0.07065217391304347
db insert success
tensor(965.0971, device='cuda:0')
(185, 1000, 0.0009, 0.5, 260000, 'chi', 'genrr', 965.0971069335938, 0.7640000581741333, 69.82413721084595, '2024-03-27 09:42:49')
pval: [0.76400006] -- 185th test, time elapsed 69.82413721084595 -- emperical power so far: 0.07027027027027027
db insert success
tensor(1017.9744, device='cuda:0')
(186, 1000, 0.0009, 0.5, 260000, 'chi', 'genrr', 1017.9744262695312, 0.3440000116825104, 69.82573390007019, '2024-03-27 09:44:16')
pval: [0.34400001] -- 186th test, time elapsed 69.82573390007019 -- emperical power so far: 0.06989247311827956
db insert success
tensor(972.3931, device='cuda:0')
(187, 1000, 0.0009, 0.5, 260000, 'chi', 'genrr', 972.3931274414062, 0.7100000381469727, 69.8669970035553, '2024-03-27 09:45:41')
pval: [0.71000004] -- 187th test, time elapsed 69.8669970035553 -- emperical power so far: 0.06951871657754011
db insert success
tensor(916.4453, device='cuda:0')
(188, 1000, 0.0009, 0.5, 260000, 'chi', 'genrr', 916.4453125, 0.9690000414848328, 69.83463549613953, '2024-03-27 09:46:54')
pval: [0.96900004] -- 188th test, time elapsed 69.83463549613953 -- emperical power so far: 0.06914893617021277
db insert success
tensor(967.0833, device='cuda:0')
(189, 1000, 0.0009, 0.5, 260000, 'chi', 'genrr', 967.0833129882812, 0.7620000243186951, 69.83648228645325, '2024-03-27 09:48:14')
pval: [0.76200002] -- 189th test, time elapsed 69.83648228645325 -- emperical power so far: 0.06878306878306878
db insert success
tensor(1023.6740, device='cuda:0')
(190, 1000, 0.0009, 0.5, 260000, 'chi', 'genrr', 1023.6740112304688, 0.30900001525878906, 69.83513379096985, '2024-03-27 09:49:31')
pval: [0.30900002] -- 190th test, time elapsed 69.83513379096985 -- emperical power so far: 0.06842105263157895
db insert success
tensor(1019.8347, device='cuda:0')
(191, 1000, 0.0009, 0.5, 260000, 'chi', 'genrr', 1019.8346557617188, 0.2900000214576721, 69.83707594871521, '2024-03-27 09:50:48')
pval: [0.29000002] -- 191th test, time elapsed 69.83707594871521 -- emperical power so far: 0.06806282722513089
db insert success
tensor(1042.0308, device='cuda:0')
(192, 1000, 0.0009, 0.5, 260000, 'chi', 'genrr', 1042.03076171875, 0.164000004529953, 69.81905245780945, '2024-03-27 09:52:18')
pval: [0.164] -- 192th test, time elapsed 69.81905245780945 -- emperical power so far: 0.06770833333333333
db insert success
tensor(1007.8896, device='cuda:0')
(193, 1000, 0.0009, 0.5, 260000, 'chi', 'genrr', 1007.8895874023438, 0.4010000228881836, 69.89704918861389, '2024-03-27 09:53:30')
pval: [0.40100002] -- 193th test, time elapsed 69.89704918861389 -- emperical power so far: 0.06735751295336788
db insert success
tensor(1059.6044, device='cuda:0')
(194, 1000, 0.0009, 0.5, 260000, 'chi', 'genrr', 1059.6043701171875, 0.08500000089406967, 69.82656168937683, '2024-03-27 09:54:52')
pval: [0.085] -- 194th test, time elapsed 69.82656168937683 -- emperical power so far: 0.06701030927835051
db insert success
tensor(1052.7738, device='cuda:0')
(195, 1000, 0.0009, 0.5, 260000, 'chi', 'genrr', 1052.7738037109375, 0.12300000339746475, 69.92647767066956, '2024-03-27 09:56:11')
pval: [0.123] -- 195th test, time elapsed 69.92647767066956 -- emperical power so far: 0.06666666666666667
db insert success
tensor(1010.0565, device='cuda:0')
(196, 1000, 0.0009, 0.5, 260000, 'chi', 'genrr', 1010.0564575195312, 0.3830000162124634, 69.86822533607483, '2024-03-27 09:57:35')
pval: [0.38300002] -- 196th test, time elapsed 69.86822533607483 -- emperical power so far: 0.0663265306122449
db insert success
tensor(997.6860, device='cuda:0')
(197, 1000, 0.0009, 0.5, 260000, 'chi', 'genrr', 997.6859741210938, 0.4780000150203705, 69.8791618347168, '2024-03-27 09:58:55')
pval: [0.47800002] -- 197th test, time elapsed 69.8791618347168 -- emperical power so far: 0.06598984771573604
db insert success
tensor(1066.5948, device='cuda:0')
(198, 1000, 0.0009, 0.5, 260000, 'chi', 'genrr', 1066.5948486328125, 0.06700000166893005, 69.85015273094177, '2024-03-27 10:00:17')
pval: [0.067] -- 198th test, time elapsed 69.85015273094177 -- emperical power so far: 0.06565656565656566
db insert success
tensor(1084.0759, device='cuda:0')
(199, 1000, 0.0009, 0.5, 260000, 'chi', 'genrr', 1084.075927734375, 0.039000000804662704, 69.77614831924438, '2024-03-27 10:01:39')
pval: [0.039] -- 199th test, time elapsed 69.77614831924438 -- emperical power so far: 0.07035175879396985
db insert success
tensor(985.3792, device='cuda:0')
(200, 1000, 0.0009, 0.5, 260000, 'chi', 'genrr', 985.3792114257812, 0.6080000400543213, 69.7805848121643, '2024-03-27 10:02:58')
pval: [0.60800004] -- 200th test, time elapsed 69.7805848121643 -- emperical power so far: 0.07
db insert success
16209.660343885422
