bitflipprojchi, alpha=0.5, sample size=60000
#########################################
tensor(0.4378)
tensor(0.4378)
(1, 5, 0, 0.5, 60000, 'projchi', 'bitflip', 1005.3280639648438, 0.6580000519752502, 27.108048677444458, '2024-07-28 19:34:30', 4, 999)
pval: [0.65800005] -- 1th test, time elapsed 27.108048677444458 -- emperical power so far (from test_start): 0.0
db insert success
tensor(0.4378)
tensor(0.4378)
(2, 5, 0, 0.5, 60000, 'projchi', 'bitflip', 1013.999755859375, 0.5610000491142273, 27.127203226089478, '2024-07-28 19:35:06', 4, 999)
pval: [0.56100005] -- 2th test, time elapsed 27.127203226089478 -- emperical power so far (from test_start): 0.0
db insert success
tensor(0.4378)
tensor(0.4378)
(3, 5, 0, 0.5, 60000, 'projchi', 'bitflip', 1071.7603759765625, 0.12400000542402267, 27.44277000427246, '2024-07-28 19:35:42', 4, 999)
pval: [0.12400001] -- 3th test, time elapsed 27.44277000427246 -- emperical power so far (from test_start): 0.0
db insert success
tensor(0.4378)
tensor(0.4378)
(4, 5, 0, 0.5, 60000, 'projchi', 'bitflip', 1120.5252685546875, 0.017000000923871994, 27.10991907119751, '2024-07-28 19:36:23', 4, 999)
pval: [0.017] -- 4th test, time elapsed 27.10991907119751 -- emperical power so far (from test_start): 0.25
db insert success
tensor(0.4378)
tensor(0.4378)
(5, 5, 0, 0.5, 60000, 'projchi', 'bitflip', 1086.2408447265625, 0.08700000494718552, 27.1391544342041, '2024-07-28 19:36:53', 4, 999)
pval: [0.087] -- 5th test, time elapsed 27.1391544342041 -- emperical power so far (from test_start): 0.2
db insert success
tensor(0.4378)
tensor(0.4378)
(6, 5, 0, 0.5, 60000, 'projchi', 'bitflip', 1080.1414794921875, 0.08900000154972076, 27.182734489440918, '2024-07-28 19:37:26', 4, 999)
pval: [0.089] -- 6th test, time elapsed 27.182734489440918 -- emperical power so far (from test_start): 0.16666666666666666
db insert success
tensor(0.4378)
tensor(0.4378)
(7, 5, 0, 0.5, 60000, 'projchi', 'bitflip', 983.5651245117188, 0.7890000343322754, 27.180225372314453, '2024-07-28 19:37:55', 4, 999)
pval: [0.78900003] -- 7th test, time elapsed 27.180225372314453 -- emperical power so far (from test_start): 0.14285714285714285
db insert success
tensor(0.4378)
tensor(0.4378)
(8, 5, 0, 0.5, 60000, 'projchi', 'bitflip', 969.3775024414062, 0.8790000677108765, 27.179084539413452, '2024-07-28 19:38:26', 4, 999)
pval: [0.87900007] -- 8th test, time elapsed 27.179084539413452 -- emperical power so far (from test_start): 0.125
db insert success
tensor(0.4378)
tensor(0.4378)
(9, 5, 0, 0.5, 60000, 'projchi', 'bitflip', 1041.4825439453125, 0.3360000252723694, 27.176231622695923, '2024-07-28 19:39:00', 4, 999)
pval: [0.33600003] -- 9th test, time elapsed 27.176231622695923 -- emperical power so far (from test_start): 0.1111111111111111
db insert success
tensor(0.4378)
tensor(0.4378)
(10, 5, 0, 0.5, 60000, 'projchi', 'bitflip', 1083.3077392578125, 0.07800000160932541, 27.17166042327881, '2024-07-28 19:39:39', 4, 999)
pval: [0.078] -- 10th test, time elapsed 27.17166042327881 -- emperical power so far (from test_start): 0.1
db insert success
tensor(0.4378)
tensor(0.4378)
(11, 5, 0, 0.5, 60000, 'projchi', 'bitflip', 994.1176147460938, 0.7350000143051147, 27.190658807754517, '2024-07-28 19:40:23', 4, 999)
pval: [0.73500001] -- 11th test, time elapsed 27.190658807754517 -- emperical power so far (from test_start): 0.09090909090909091
db insert success
tensor(0.4378)
tensor(0.4378)
(12, 5, 0, 0.5, 60000, 'projchi', 'bitflip', 930.548828125, 0.9880000352859497, 27.1816508769989, '2024-07-28 19:41:01', 4, 999)
pval: [0.98800004] -- 12th test, time elapsed 27.1816508769989 -- emperical power so far (from test_start): 0.08333333333333333
db insert success
tensor(0.4378)
tensor(0.4378)
(13, 5, 0, 0.5, 60000, 'projchi', 'bitflip', 1069.494873046875, 0.16200000047683716, 27.19628381729126, '2024-07-28 19:41:41', 4, 999)
pval: [0.162] -- 13th test, time elapsed 27.19628381729126 -- emperical power so far (from test_start): 0.07692307692307693
db insert success
tensor(0.4378)
tensor(0.4378)
(14, 5, 0, 0.5, 60000, 'projchi', 'bitflip', 1036.2515869140625, 0.3840000033378601, 27.202696800231934, '2024-07-28 19:42:22', 4, 999)
pval: [0.384] -- 14th test, time elapsed 27.202696800231934 -- emperical power so far (from test_start): 0.07142857142857142
db insert success
tensor(0.4378)
tensor(0.4378)
(15, 5, 0, 0.5, 60000, 'projchi', 'bitflip', 1056.343505859375, 0.2160000056028366, 27.144647121429443, '2024-07-28 19:42:51', 4, 999)
pval: [0.21600001] -- 15th test, time elapsed 27.144647121429443 -- emperical power so far (from test_start): 0.06666666666666667
db insert success
tensor(0.4378)
tensor(0.4378)
(16, 5, 0, 0.5, 60000, 'projchi', 'bitflip', 1000.5818481445312, 0.6820000410079956, 27.160990953445435, '2024-07-28 19:43:35', 4, 999)
pval: [0.68200004] -- 16th test, time elapsed 27.160990953445435 -- emperical power so far (from test_start): 0.0625
db insert success
tensor(0.4378)
tensor(0.4378)
(17, 5, 0, 0.5, 60000, 'projchi', 'bitflip', 1092.0557861328125, 0.08000000566244125, 27.20471978187561, '2024-07-28 19:44:07', 4, 999)
pval: [0.08000001] -- 17th test, time elapsed 27.20471978187561 -- emperical power so far (from test_start): 0.058823529411764705
db insert success
tensor(0.4378)
tensor(0.4378)
(18, 5, 0, 0.5, 60000, 'projchi', 'bitflip', 970.1402587890625, 0.8840000629425049, 27.210517168045044, '2024-07-28 19:44:47', 4, 999)
pval: [0.88400006] -- 18th test, time elapsed 27.210517168045044 -- emperical power so far (from test_start): 0.05555555555555555
db insert success
tensor(0.4378)
tensor(0.4378)
(19, 5, 0, 0.5, 60000, 'projchi', 'bitflip', 959.4273071289062, 0.9280000329017639, 27.179510831832886, '2024-07-28 19:45:22', 4, 999)
pval: [0.92800003] -- 19th test, time elapsed 27.179510831832886 -- emperical power so far (from test_start): 0.05263157894736842
db insert success
tensor(0.4378)
tensor(0.4378)
(20, 5, 0, 0.5, 60000, 'projchi', 'bitflip', 1098.9573974609375, 0.06200000271201134, 27.144214153289795, '2024-07-28 19:45:59', 4, 999)
pval: [0.062] -- 20th test, time elapsed 27.144214153289795 -- emperical power so far (from test_start): 0.05
db insert success
tensor(0.4378)
tensor(0.4378)
(21, 5, 0, 0.5, 60000, 'projchi', 'bitflip', 1045.094970703125, 0.3070000112056732, 27.204793691635132, '2024-07-28 19:46:41', 4, 999)
pval: [0.30700001] -- 21th test, time elapsed 27.204793691635132 -- emperical power so far (from test_start): 0.047619047619047616
db insert success
tensor(0.4378)
tensor(0.4378)
(22, 5, 0, 0.5, 60000, 'projchi', 'bitflip', 1059.2105712890625, 0.21000000834465027, 27.177359104156494, '2024-07-28 19:47:24', 4, 999)
pval: [0.21000001] -- 22th test, time elapsed 27.177359104156494 -- emperical power so far (from test_start): 0.045454545454545456
db insert success
tensor(0.4378)
tensor(0.4378)
(23, 5, 0, 0.5, 60000, 'projchi', 'bitflip', 1063.3251953125, 0.18300001323223114, 27.23701572418213, '2024-07-28 19:48:03', 4, 999)
pval: [0.18300001] -- 23th test, time elapsed 27.23701572418213 -- emperical power so far (from test_start): 0.043478260869565216
db insert success
tensor(0.4378)
tensor(0.4378)
(24, 5, 0, 0.5, 60000, 'projchi', 'bitflip', 1007.4088745117188, 0.6440000534057617, 27.230141162872314, '2024-07-28 19:48:50', 4, 999)
pval: [0.64400005] -- 24th test, time elapsed 27.230141162872314 -- emperical power so far (from test_start): 0.041666666666666664
db insert success
tensor(0.4378)
tensor(0.4378)
(25, 5, 0, 0.5, 60000, 'projchi', 'bitflip', 1018.622314453125, 0.5390000343322754, 27.247036933898926, '2024-07-28 19:49:32', 4, 999)
pval: [0.53900003] -- 25th test, time elapsed 27.247036933898926 -- emperical power so far (from test_start): 0.04
db insert success
tensor(0.4378)
tensor(0.4378)
(26, 5, 0, 0.5, 60000, 'projchi', 'bitflip', 1024.7091064453125, 0.48600003123283386, 27.21780037879944, '2024-07-28 19:50:16', 4, 999)
pval: [0.48600003] -- 26th test, time elapsed 27.21780037879944 -- emperical power so far (from test_start): 0.038461538461538464
db insert success
tensor(0.4378)
tensor(0.4378)
(27, 5, 0, 0.5, 60000, 'projchi', 'bitflip', 1084.38525390625, 0.07800000160932541, 27.28697919845581, '2024-07-28 19:50:51', 4, 999)
pval: [0.078] -- 27th test, time elapsed 27.28697919845581 -- emperical power so far (from test_start): 0.037037037037037035
db insert success
tensor(0.4378)
tensor(0.4378)
(28, 5, 0, 0.5, 60000, 'projchi', 'bitflip', 1001.0364990234375, 0.6640000343322754, 27.260419368743896, '2024-07-28 19:51:21', 4, 999)
pval: [0.66400003] -- 28th test, time elapsed 27.260419368743896 -- emperical power so far (from test_start): 0.03571428571428571
db insert success
tensor(0.4378)
tensor(0.4378)
(29, 5, 0, 0.5, 60000, 'projchi', 'bitflip', 1052.4661865234375, 0.23000000417232513, 27.247650384902954, '2024-07-28 19:51:52', 4, 999)
pval: [0.23] -- 29th test, time elapsed 27.247650384902954 -- emperical power so far (from test_start): 0.034482758620689655
db insert success
tensor(0.4378)
tensor(0.4378)
(30, 5, 0, 0.5, 60000, 'projchi', 'bitflip', 1072.3623046875, 0.14000000059604645, 27.264693021774292, '2024-07-28 19:52:38', 4, 999)
pval: [0.14] -- 30th test, time elapsed 27.264693021774292 -- emperical power so far (from test_start): 0.03333333333333333
db insert success
tensor(0.4378)
tensor(0.4378)
(31, 5, 0, 0.5, 60000, 'projchi', 'bitflip', 971.33984375, 0.8880000710487366, 27.235251665115356, '2024-07-28 19:53:12', 4, 999)
pval: [0.88800007] -- 31th test, time elapsed 27.235251665115356 -- emperical power so far (from test_start): 0.03225806451612903
db insert success
tensor(0.4378)
tensor(0.4378)
(32, 5, 0, 0.5, 60000, 'projchi', 'bitflip', 1033.9591064453125, 0.3830000162124634, 27.3680899143219, '2024-07-28 19:53:56', 4, 999)
pval: [0.38300002] -- 32th test, time elapsed 27.3680899143219 -- emperical power so far (from test_start): 0.03125
db insert success
tensor(0.4378)
tensor(0.4378)
(33, 5, 0, 0.5, 60000, 'projchi', 'bitflip', 1055.540283203125, 0.21900001168251038, 27.317534685134888, '2024-07-28 19:54:26', 4, 999)
pval: [0.21900001] -- 33th test, time elapsed 27.317534685134888 -- emperical power so far (from test_start): 0.030303030303030304
db insert success
tensor(0.4378)
tensor(0.4378)
(34, 5, 0, 0.5, 60000, 'projchi', 'bitflip', 1049.6907958984375, 0.30100002884864807, 27.29448127746582, '2024-07-28 19:55:04', 4, 999)
pval: [0.30100003] -- 34th test, time elapsed 27.29448127746582 -- emperical power so far (from test_start): 0.029411764705882353
db insert success
tensor(0.4378)
tensor(0.4378)
(35, 5, 0, 0.5, 60000, 'projchi', 'bitflip', 1081.986083984375, 0.10500000417232513, 27.277382850646973, '2024-07-28 19:55:35', 4, 999)
pval: [0.105] -- 35th test, time elapsed 27.277382850646973 -- emperical power so far (from test_start): 0.02857142857142857
db insert success
tensor(0.4378)
tensor(0.4378)
(36, 5, 0, 0.5, 60000, 'projchi', 'bitflip', 1033.7940673828125, 0.39400002360343933, 27.24036741256714, '2024-07-28 19:56:05', 4, 999)
pval: [0.39400002] -- 36th test, time elapsed 27.24036741256714 -- emperical power so far (from test_start): 0.027777777777777776
db insert success
tensor(0.4378)
tensor(0.4378)
(37, 5, 0, 0.5, 60000, 'projchi', 'bitflip', 1030.4483642578125, 0.42900002002716064, 27.304814100265503, '2024-07-28 19:56:47', 4, 999)
pval: [0.42900002] -- 37th test, time elapsed 27.304814100265503 -- emperical power so far (from test_start): 0.02702702702702703
db insert success
tensor(0.4378)
tensor(0.4378)
(38, 5, 0, 0.5, 60000, 'projchi', 'bitflip', 1072.97412109375, 0.125, 27.407113313674927, '2024-07-28 19:57:26', 4, 999)
pval: [0.125] -- 38th test, time elapsed 27.407113313674927 -- emperical power so far (from test_start): 0.02631578947368421
db insert success
tensor(0.4378)
tensor(0.4378)
(39, 5, 0, 0.5, 60000, 'projchi', 'bitflip', 1071.45458984375, 0.14100000262260437, 27.345655918121338, '2024-07-28 19:58:14', 4, 999)
pval: [0.141] -- 39th test, time elapsed 27.345655918121338 -- emperical power so far (from test_start): 0.02564102564102564
db insert success
tensor(0.4378)
tensor(0.4378)
(40, 5, 0, 0.5, 60000, 'projchi', 'bitflip', 1046.346923828125, 0.30000001192092896, 27.29286813735962, '2024-07-28 19:58:51', 4, 999)
pval: [0.30000001] -- 40th test, time elapsed 27.29286813735962 -- emperical power so far (from test_start): 0.025
db insert success
tensor(0.4378)
tensor(0.4378)
(41, 5, 0, 0.5, 60000, 'projchi', 'bitflip', 1041.0205078125, 0.3800000250339508, 27.282668352127075, '2024-07-28 19:59:35', 4, 999)
pval: [0.38000003] -- 41th test, time elapsed 27.282668352127075 -- emperical power so far (from test_start): 0.024390243902439025
db insert success
tensor(0.4378)
tensor(0.4378)
(42, 5, 0, 0.5, 60000, 'projchi', 'bitflip', 1050.9354248046875, 0.2460000067949295, 27.274566650390625, '2024-07-28 20:00:14', 4, 999)
pval: [0.24600001] -- 42th test, time elapsed 27.274566650390625 -- emperical power so far (from test_start): 0.023809523809523808
db insert success
tensor(0.4378)
tensor(0.4378)
(43, 5, 0, 0.5, 60000, 'projchi', 'bitflip', 1036.31787109375, 0.3920000195503235, 27.318695068359375, '2024-07-28 20:00:50', 4, 999)
pval: [0.39200002] -- 43th test, time elapsed 27.318695068359375 -- emperical power so far (from test_start): 0.023255813953488372
db insert success
tensor(0.4378)
tensor(0.4378)
(44, 5, 0, 0.5, 60000, 'projchi', 'bitflip', 1039.8958740234375, 0.3570000231266022, 27.27133846282959, '2024-07-28 20:01:20', 4, 999)
pval: [0.35700002] -- 44th test, time elapsed 27.27133846282959 -- emperical power so far (from test_start): 0.022727272727272728
db insert success
tensor(0.4378)
tensor(0.4378)
(45, 5, 0, 0.5, 60000, 'projchi', 'bitflip', 1041.3524169921875, 0.33500000834465027, 27.67345118522644, '2024-07-28 20:02:04', 4, 999)
pval: [0.33500001] -- 45th test, time elapsed 27.67345118522644 -- emperical power so far (from test_start): 0.022222222222222223
db insert success
tensor(0.4378)
tensor(0.4378)
(46, 5, 0, 0.5, 60000, 'projchi', 'bitflip', 1067.1143798828125, 0.1720000058412552, 27.4109308719635, '2024-07-28 20:02:44', 4, 999)
pval: [0.17200001] -- 46th test, time elapsed 27.4109308719635 -- emperical power so far (from test_start): 0.021739130434782608
db insert success
tensor(0.4378)
tensor(0.4378)
(47, 5, 0, 0.5, 60000, 'projchi', 'bitflip', 963.724609375, 0.9000000357627869, 27.370360374450684, '2024-07-28 20:03:20', 4, 999)
pval: [0.90000004] -- 47th test, time elapsed 27.370360374450684 -- emperical power so far (from test_start): 0.02127659574468085
db insert success
tensor(0.4378)
tensor(0.4378)
(48, 5, 0, 0.5, 60000, 'projchi', 'bitflip', 1052.1356201171875, 0.26900002360343933, 27.372638702392578, '2024-07-28 20:04:01', 4, 999)
pval: [0.26900002] -- 48th test, time elapsed 27.372638702392578 -- emperical power so far (from test_start): 0.020833333333333332
db insert success
tensor(0.4378)
tensor(0.4378)
(49, 5, 0, 0.5, 60000, 'projchi', 'bitflip', 1029.8328857421875, 0.45600003004074097, 27.401596784591675, '2024-07-28 20:04:39', 4, 999)
pval: [0.45600003] -- 49th test, time elapsed 27.401596784591675 -- emperical power so far (from test_start): 0.02040816326530612
db insert success
tensor(0.4378)
tensor(0.4378)
(50, 5, 0, 0.5, 60000, 'projchi', 'bitflip', 1035.1796875, 0.3920000195503235, 27.325257778167725, '2024-07-28 20:05:18', 4, 999)
pval: [0.39200002] -- 50th test, time elapsed 27.325257778167725 -- emperical power so far (from test_start): 0.02
db insert success
tensor(0.4378)
tensor(0.4378)
(51, 5, 0, 0.5, 60000, 'projchi', 'bitflip', 1029.3370361328125, 0.46800002455711365, 27.26811981201172, '2024-07-28 20:05:46', 4, 999)
pval: [0.46800002] -- 51th test, time elapsed 27.26811981201172 -- emperical power so far (from test_start): 0.0196078431372549
db insert success
tensor(0.4378)
tensor(0.4378)
(52, 5, 0, 0.5, 60000, 'projchi', 'bitflip', 1014.79833984375, 0.5660000443458557, 27.31929636001587, '2024-07-28 20:06:34', 4, 999)
pval: [0.56600004] -- 52th test, time elapsed 27.31929636001587 -- emperical power so far (from test_start): 0.019230769230769232
db insert success
tensor(0.4378)
tensor(0.4378)
(53, 5, 0, 0.5, 60000, 'projchi', 'bitflip', 1068.111572265625, 0.164000004529953, 27.37011742591858, '2024-07-28 20:07:11', 4, 999)
pval: [0.164] -- 53th test, time elapsed 27.37011742591858 -- emperical power so far (from test_start): 0.018867924528301886
db insert success
tensor(0.4378)
tensor(0.4378)
(54, 5, 0, 0.5, 60000, 'projchi', 'bitflip', 1062.8140869140625, 0.20200000703334808, 27.421985387802124, '2024-07-28 20:07:47', 4, 999)
pval: [0.20200001] -- 54th test, time elapsed 27.421985387802124 -- emperical power so far (from test_start): 0.018518518518518517
db insert success
tensor(0.4378)
tensor(0.4378)
(55, 5, 0, 0.5, 60000, 'projchi', 'bitflip', 1047.67138671875, 0.29100000858306885, 27.405008554458618, '2024-07-28 20:08:35', 4, 999)
pval: [0.29100001] -- 55th test, time elapsed 27.405008554458618 -- emperical power so far (from test_start): 0.01818181818181818
db insert success
tensor(0.4378)
tensor(0.4378)
(56, 5, 0, 0.5, 60000, 'projchi', 'bitflip', 991.6119995117188, 0.7850000262260437, 27.340787887573242, '2024-07-28 20:09:16', 4, 999)
pval: [0.78500003] -- 56th test, time elapsed 27.340787887573242 -- emperical power so far (from test_start): 0.017857142857142856
db insert success
tensor(0.4378)
tensor(0.4378)
(57, 5, 0, 0.5, 60000, 'projchi', 'bitflip', 969.4522705078125, 0.8810000419616699, 27.34629726409912, '2024-07-28 20:09:49', 4, 999)
pval: [0.88100004] -- 57th test, time elapsed 27.34629726409912 -- emperical power so far (from test_start): 0.017543859649122806
db insert success
tensor(0.4378)
tensor(0.4378)
(58, 5, 0, 0.5, 60000, 'projchi', 'bitflip', 1105.505126953125, 0.04100000113248825, 27.340771675109863, '2024-07-28 20:10:22', 4, 999)
pval: [0.041] -- 58th test, time elapsed 27.340771675109863 -- emperical power so far (from test_start): 0.034482758620689655
db insert success
tensor(0.4378)
tensor(0.4378)
(59, 5, 0, 0.5, 60000, 'projchi', 'bitflip', 941.8154296875, 0.9720000624656677, 27.350510597229004, '2024-07-28 20:11:01', 4, 999)
pval: [0.97200006] -- 59th test, time elapsed 27.350510597229004 -- emperical power so far (from test_start): 0.03389830508474576
db insert success
tensor(0.4378)
tensor(0.4378)
(60, 5, 0, 0.5, 60000, 'projchi', 'bitflip', 1036.2269287109375, 0.36000001430511475, 27.336143255233765, '2024-07-28 20:11:34', 4, 999)
pval: [0.36000001] -- 60th test, time elapsed 27.336143255233765 -- emperical power so far (from test_start): 0.03333333333333333
db insert success
tensor(0.4378)
tensor(0.4378)
(61, 5, 0, 0.5, 60000, 'projchi', 'bitflip', 1084.91064453125, 0.07800000160932541, 27.380302906036377, '2024-07-28 20:12:08', 4, 999)
pval: [0.078] -- 61th test, time elapsed 27.380302906036377 -- emperical power so far (from test_start): 0.03278688524590164
db insert success
tensor(0.4378)
tensor(0.4378)
(62, 5, 0, 0.5, 60000, 'projchi', 'bitflip', 1118.2337646484375, 0.01900000125169754, 27.346278190612793, '2024-07-28 20:12:42', 4, 999)
pval: [0.019] -- 62th test, time elapsed 27.346278190612793 -- emperical power so far (from test_start): 0.04838709677419355
db insert success
tensor(0.4378)
tensor(0.4378)
(63, 5, 0, 0.5, 60000, 'projchi', 'bitflip', 1086.4840087890625, 0.07600000500679016, 27.359272956848145, '2024-07-28 20:13:27', 4, 999)
pval: [0.07600001] -- 63th test, time elapsed 27.359272956848145 -- emperical power so far (from test_start): 0.047619047619047616
db insert success
tensor(0.4378)
tensor(0.4378)
(64, 5, 0, 0.5, 60000, 'projchi', 'bitflip', 1070.9273681640625, 0.14800000190734863, 27.359374284744263, '2024-07-28 20:13:58', 4, 999)
pval: [0.148] -- 64th test, time elapsed 27.359374284744263 -- emperical power so far (from test_start): 0.046875
db insert success
tensor(0.4378)
tensor(0.4378)
(65, 5, 0, 0.5, 60000, 'projchi', 'bitflip', 1010.9947509765625, 0.6030000448226929, 27.379390478134155, '2024-07-28 20:14:27', 4, 999)
pval: [0.60300004] -- 65th test, time elapsed 27.379390478134155 -- emperical power so far (from test_start): 0.046153846153846156
db insert success
tensor(0.4378)
tensor(0.4378)
(66, 5, 0, 0.5, 60000, 'projchi', 'bitflip', 1049.44873046875, 0.26500001549720764, 27.32606053352356, '2024-07-28 20:15:01', 4, 999)
pval: [0.26500002] -- 66th test, time elapsed 27.32606053352356 -- emperical power so far (from test_start): 0.045454545454545456
db insert success
tensor(0.4378)
tensor(0.4378)
(67, 5, 0, 0.5, 60000, 'projchi', 'bitflip', 1065.46875, 0.1860000044107437, 27.341355323791504, '2024-07-28 20:15:40', 4, 999)
pval: [0.186] -- 67th test, time elapsed 27.341355323791504 -- emperical power so far (from test_start): 0.04477611940298507
db insert success
tensor(0.4378)
tensor(0.4378)
(68, 5, 0, 0.5, 60000, 'projchi', 'bitflip', 1023.5489501953125, 0.4910000264644623, 27.337122440338135, '2024-07-28 20:16:23', 4, 999)
pval: [0.49100003] -- 68th test, time elapsed 27.337122440338135 -- emperical power so far (from test_start): 0.04411764705882353
db insert success
tensor(0.4378)
tensor(0.4378)
(69, 5, 0, 0.5, 60000, 'projchi', 'bitflip', 1044.7227783203125, 0.33500000834465027, 27.319504261016846, '2024-07-28 20:17:05', 4, 999)
pval: [0.33500001] -- 69th test, time elapsed 27.319504261016846 -- emperical power so far (from test_start): 0.043478260869565216
db insert success
tensor(0.4378)
tensor(0.4378)
(70, 5, 0, 0.5, 60000, 'projchi', 'bitflip', 1008.0084838867188, 0.6150000095367432, 27.300115823745728, '2024-07-28 20:17:49', 4, 999)
pval: [0.61500001] -- 70th test, time elapsed 27.300115823745728 -- emperical power so far (from test_start): 0.04285714285714286
db insert success
tensor(0.4378)
tensor(0.4378)
(71, 5, 0, 0.5, 60000, 'projchi', 'bitflip', 1021.8900146484375, 0.49800002574920654, 27.340496063232422, '2024-07-28 20:18:34', 4, 999)
pval: [0.49800003] -- 71th test, time elapsed 27.340496063232422 -- emperical power so far (from test_start): 0.04225352112676056
db insert success
tensor(0.4378)
tensor(0.4378)
(72, 5, 0, 0.5, 60000, 'projchi', 'bitflip', 1088.0946044921875, 0.06400000303983688, 27.28462314605713, '2024-07-28 20:19:09', 4, 999)
pval: [0.064] -- 72th test, time elapsed 27.28462314605713 -- emperical power so far (from test_start): 0.041666666666666664
db insert success
tensor(0.4378)
tensor(0.4378)
(73, 5, 0, 0.5, 60000, 'projchi', 'bitflip', 967.284912109375, 0.8890000581741333, 27.349440336227417, '2024-07-28 20:19:37', 4, 999)
pval: [0.88900006] -- 73th test, time elapsed 27.349440336227417 -- emperical power so far (from test_start): 0.0410958904109589
db insert success
tensor(0.4378)
tensor(0.4378)
(74, 5, 0, 0.5, 60000, 'projchi', 'bitflip', 1119.6680908203125, 0.017000000923871994, 27.331372022628784, '2024-07-28 20:20:14', 4, 999)
pval: [0.017] -- 74th test, time elapsed 27.331372022628784 -- emperical power so far (from test_start): 0.05405405405405406
db insert success
tensor(0.4378)
tensor(0.4378)
(75, 5, 0, 0.5, 60000, 'projchi', 'bitflip', 1020.3718872070312, 0.49500003457069397, 27.33787965774536, '2024-07-28 20:20:51', 4, 999)
pval: [0.49500003] -- 75th test, time elapsed 27.33787965774536 -- emperical power so far (from test_start): 0.05333333333333334
db insert success
tensor(0.4378)
tensor(0.4378)
(76, 5, 0, 0.5, 60000, 'projchi', 'bitflip', 995.3016967773438, 0.7400000095367432, 27.349286317825317, '2024-07-28 20:21:39', 4, 999)
pval: [0.74000001] -- 76th test, time elapsed 27.349286317825317 -- emperical power so far (from test_start): 0.05263157894736842
db insert success
tensor(0.4378)
tensor(0.4378)
(77, 5, 0, 0.5, 60000, 'projchi', 'bitflip', 1043.44921875, 0.2939999997615814, 27.353376865386963, '2024-07-28 20:22:22', 4, 999)
pval: [0.294] -- 77th test, time elapsed 27.353376865386963 -- emperical power so far (from test_start): 0.05194805194805195
db insert success
tensor(0.4378)
tensor(0.4378)
(78, 5, 0, 0.5, 60000, 'projchi', 'bitflip', 1083.7481689453125, 0.09200000762939453, 27.34237766265869, '2024-07-28 20:22:55', 4, 999)
pval: [0.09200001] -- 78th test, time elapsed 27.34237766265869 -- emperical power so far (from test_start): 0.05128205128205128
db insert success
tensor(0.4378)
tensor(0.4378)
(79, 5, 0, 0.5, 60000, 'projchi', 'bitflip', 1022.4895629882812, 0.5130000114440918, 27.34699010848999, '2024-07-28 20:23:26', 4, 999)
pval: [0.51300001] -- 79th test, time elapsed 27.34699010848999 -- emperical power so far (from test_start): 0.05063291139240506
db insert success
tensor(0.4378)
tensor(0.4378)
(80, 5, 0, 0.5, 60000, 'projchi', 'bitflip', 1000.3624877929688, 0.6880000233650208, 27.359349489212036, '2024-07-28 20:24:01', 4, 999)
pval: [0.68800002] -- 80th test, time elapsed 27.359349489212036 -- emperical power so far (from test_start): 0.05
db insert success
tensor(0.4378)
tensor(0.4378)
(81, 5, 0, 0.5, 60000, 'projchi', 'bitflip', 1079.4056396484375, 0.10900000482797623, 27.367164134979248, '2024-07-28 20:24:32', 4, 999)
pval: [0.109] -- 81th test, time elapsed 27.367164134979248 -- emperical power so far (from test_start): 0.04938271604938271
db insert success
tensor(0.4378)
tensor(0.4378)
(82, 5, 0, 0.5, 60000, 'projchi', 'bitflip', 1102.0872802734375, 0.0430000014603138, 27.35927391052246, '2024-07-28 20:25:02', 4, 999)
pval: [0.043] -- 82th test, time elapsed 27.35927391052246 -- emperical power so far (from test_start): 0.06097560975609756
db insert success
tensor(0.4378)
tensor(0.4378)
(83, 5, 0, 0.5, 60000, 'projchi', 'bitflip', 957.8890380859375, 0.9170000553131104, 27.35697627067566, '2024-07-28 20:25:40', 4, 999)
pval: [0.91700006] -- 83th test, time elapsed 27.35697627067566 -- emperical power so far (from test_start): 0.060240963855421686
db insert success
tensor(0.4378)
tensor(0.4378)
(84, 5, 0, 0.5, 60000, 'projchi', 'bitflip', 976.2277221679688, 0.8640000224113464, 27.548964023590088, '2024-07-28 20:26:17', 4, 999)
pval: [0.86400002] -- 84th test, time elapsed 27.548964023590088 -- emperical power so far (from test_start): 0.05952380952380952
db insert success
tensor(0.4378)
tensor(0.4378)
(85, 5, 0, 0.5, 60000, 'projchi', 'bitflip', 1037.9005126953125, 0.3530000150203705, 27.326258420944214, '2024-07-28 20:27:00', 4, 999)
pval: [0.35300002] -- 85th test, time elapsed 27.326258420944214 -- emperical power so far (from test_start): 0.058823529411764705
db insert success
tensor(0.4378)
tensor(0.4378)
(86, 5, 0, 0.5, 60000, 'projchi', 'bitflip', 997.8912963867188, 0.6790000200271606, 27.337546825408936, '2024-07-28 20:27:38', 4, 999)
pval: [0.67900002] -- 86th test, time elapsed 27.337546825408936 -- emperical power so far (from test_start): 0.05813953488372093
db insert success
tensor(0.4378)
tensor(0.4378)
(87, 5, 0, 0.5, 60000, 'projchi', 'bitflip', 1085.024169921875, 0.08400000631809235, 27.351271152496338, '2024-07-28 20:28:23', 4, 999)
pval: [0.08400001] -- 87th test, time elapsed 27.351271152496338 -- emperical power so far (from test_start): 0.05747126436781609
db insert success
tensor(0.4378)
tensor(0.4378)
(88, 5, 0, 0.5, 60000, 'projchi', 'bitflip', 974.3206787109375, 0.8630000352859497, 27.336814165115356, '2024-07-28 20:28:57', 4, 999)
pval: [0.86300004] -- 88th test, time elapsed 27.336814165115356 -- emperical power so far (from test_start): 0.056818181818181816
db insert success
tensor(0.4378)
tensor(0.4378)
(89, 5, 0, 0.5, 60000, 'projchi', 'bitflip', 1052.633056640625, 0.24400001764297485, 27.209383487701416, '2024-07-28 20:29:42', 4, 999)
pval: [0.24400002] -- 89th test, time elapsed 27.209383487701416 -- emperical power so far (from test_start): 0.056179775280898875
db insert success
tensor(0.4378)
tensor(0.4378)
(90, 5, 0, 0.5, 60000, 'projchi', 'bitflip', 1029.4886474609375, 0.43700000643730164, 27.25179433822632, '2024-07-28 20:30:13', 4, 999)
pval: [0.43700001] -- 90th test, time elapsed 27.25179433822632 -- emperical power so far (from test_start): 0.05555555555555555
db insert success
tensor(0.4378)
tensor(0.4378)
(91, 5, 0, 0.5, 60000, 'projchi', 'bitflip', 1052.245849609375, 0.23800000548362732, 27.281693696975708, '2024-07-28 20:30:55', 4, 999)
pval: [0.23800001] -- 91th test, time elapsed 27.281693696975708 -- emperical power so far (from test_start): 0.054945054945054944
db insert success
tensor(0.4378)
tensor(0.4378)
(92, 5, 0, 0.5, 60000, 'projchi', 'bitflip', 1061.13330078125, 0.20800000429153442, 27.247883558273315, '2024-07-28 20:31:40', 4, 999)
pval: [0.208] -- 92th test, time elapsed 27.247883558273315 -- emperical power so far (from test_start): 0.05434782608695652
db insert success
tensor(0.4378)
tensor(0.4378)
(93, 5, 0, 0.5, 60000, 'projchi', 'bitflip', 1002.3869018554688, 0.659000039100647, 27.350310564041138, '2024-07-28 20:32:13', 4, 999)
pval: [0.65900004] -- 93th test, time elapsed 27.350310564041138 -- emperical power so far (from test_start): 0.053763440860215055
db insert success
tensor(0.4378)
tensor(0.4378)
(94, 5, 0, 0.5, 60000, 'projchi', 'bitflip', 1013.526123046875, 0.581000030040741, 27.27508282661438, '2024-07-28 20:32:41', 4, 999)
pval: [0.58100003] -- 94th test, time elapsed 27.27508282661438 -- emperical power so far (from test_start): 0.05319148936170213
db insert success
tensor(0.4378)
tensor(0.4378)
(95, 5, 0, 0.5, 60000, 'projchi', 'bitflip', 1029.61328125, 0.39400002360343933, 27.43340229988098, '2024-07-28 20:33:19', 4, 999)
pval: [0.39400002] -- 95th test, time elapsed 27.43340229988098 -- emperical power so far (from test_start): 0.05263157894736842
db insert success
tensor(0.4378)
tensor(0.4378)
(96, 5, 0, 0.5, 60000, 'projchi', 'bitflip', 1081.438720703125, 0.09200000762939453, 27.30677342414856, '2024-07-28 20:34:04', 4, 999)
pval: [0.09200001] -- 96th test, time elapsed 27.30677342414856 -- emperical power so far (from test_start): 0.052083333333333336
db insert success
tensor(0.4378)
tensor(0.4378)
(97, 5, 0, 0.5, 60000, 'projchi', 'bitflip', 1051.17578125, 0.27300000190734863, 27.320611715316772, '2024-07-28 20:34:47', 4, 999)
pval: [0.273] -- 97th test, time elapsed 27.320611715316772 -- emperical power so far (from test_start): 0.05154639175257732
db insert success
tensor(0.4378)
tensor(0.4378)
(98, 5, 0, 0.5, 60000, 'projchi', 'bitflip', 1023.0147705078125, 0.48500001430511475, 27.272624254226685, '2024-07-28 20:35:28', 4, 999)
pval: [0.48500001] -- 98th test, time elapsed 27.272624254226685 -- emperical power so far (from test_start): 0.05102040816326531
db insert success
tensor(0.4378)
tensor(0.4378)
(99, 5, 0, 0.5, 60000, 'projchi', 'bitflip', 1056.0146484375, 0.2370000183582306, 27.26607346534729, '2024-07-28 20:36:02', 4, 999)
pval: [0.23700002] -- 99th test, time elapsed 27.26607346534729 -- emperical power so far (from test_start): 0.050505050505050504
db insert success
tensor(0.4378)
tensor(0.4378)
(100, 5, 0, 0.5, 60000, 'projchi', 'bitflip', 1080.24609375, 0.09200000762939453, 27.296173095703125, '2024-07-28 20:36:46', 4, 999)
pval: [0.09200001] -- 100th test, time elapsed 27.296173095703125 -- emperical power so far (from test_start): 0.05
db insert success
tensor(0.4378)
tensor(0.4378)
(101, 5, 0, 0.5, 60000, 'projchi', 'bitflip', 1013.5062866210938, 0.5760000348091125, 27.35367512702942, '2024-07-28 20:37:26', 4, 999)
pval: [0.57600003] -- 101th test, time elapsed 27.35367512702942 -- emperical power so far (from test_start): 0.04950495049504951
db insert success
tensor(0.4378)
tensor(0.4378)
(102, 5, 0, 0.5, 60000, 'projchi', 'bitflip', 986.2625732421875, 0.7660000324249268, 27.332093000411987, '2024-07-28 20:37:54', 4, 999)
pval: [0.76600003] -- 102th test, time elapsed 27.332093000411987 -- emperical power so far (from test_start): 0.049019607843137254
db insert success
tensor(0.4378)
tensor(0.4378)
(103, 5, 0, 0.5, 60000, 'projchi', 'bitflip', 976.5111694335938, 0.8570000529289246, 27.371922969818115, '2024-07-28 20:38:38', 4, 999)
pval: [0.85700005] -- 103th test, time elapsed 27.371922969818115 -- emperical power so far (from test_start): 0.04854368932038835
db insert success
tensor(0.4378)
tensor(0.4378)
(104, 5, 0, 0.5, 60000, 'projchi', 'bitflip', 1020.0123291015625, 0.5190000534057617, 27.321078062057495, '2024-07-28 20:39:17', 4, 999)
pval: [0.51900005] -- 104th test, time elapsed 27.321078062057495 -- emperical power so far (from test_start): 0.04807692307692308
db insert success
tensor(0.4378)
tensor(0.4378)
(105, 5, 0, 0.5, 60000, 'projchi', 'bitflip', 975.7435913085938, 0.8490000367164612, 27.63317036628723, '2024-07-28 20:39:53', 4, 999)
pval: [0.84900004] -- 105th test, time elapsed 27.63317036628723 -- emperical power so far (from test_start): 0.047619047619047616
db insert success
tensor(0.4378)
tensor(0.4378)
(106, 5, 0, 0.5, 60000, 'projchi', 'bitflip', 1029.3612060546875, 0.4520000219345093, 27.331619262695312, '2024-07-28 20:40:32', 4, 999)
pval: [0.45200002] -- 106th test, time elapsed 27.331619262695312 -- emperical power so far (from test_start): 0.04716981132075472
db insert success
tensor(0.4378)
tensor(0.4378)
(107, 5, 0, 0.5, 60000, 'projchi', 'bitflip', 1095.1627197265625, 0.058000002056360245, 27.364295482635498, '2024-07-28 20:41:04', 4, 999)
pval: [0.058] -- 107th test, time elapsed 27.364295482635498 -- emperical power so far (from test_start): 0.04672897196261682
db insert success
tensor(0.4378)
tensor(0.4378)
(108, 5, 0, 0.5, 60000, 'projchi', 'bitflip', 1049.7276611328125, 0.2680000066757202, 27.311743021011353, '2024-07-28 20:41:36', 4, 999)
pval: [0.26800001] -- 108th test, time elapsed 27.311743021011353 -- emperical power so far (from test_start): 0.046296296296296294
db insert success
tensor(0.4378)
tensor(0.4378)
(109, 5, 0, 0.5, 60000, 'projchi', 'bitflip', 998.302001953125, 0.7110000252723694, 27.32784676551819, '2024-07-28 20:42:17', 4, 999)
pval: [0.71100003] -- 109th test, time elapsed 27.32784676551819 -- emperical power so far (from test_start): 0.045871559633027525
db insert success
tensor(0.4378)
tensor(0.4378)
(110, 5, 0, 0.5, 60000, 'projchi', 'bitflip', 1041.51220703125, 0.33900001645088196, 27.41390323638916, '2024-07-28 20:42:57', 4, 999)
pval: [0.33900002] -- 110th test, time elapsed 27.41390323638916 -- emperical power so far (from test_start): 0.045454545454545456
db insert success
tensor(0.4378)
tensor(0.4378)
(111, 5, 0, 0.5, 60000, 'projchi', 'bitflip', 1065.689697265625, 0.164000004529953, 27.311524629592896, '2024-07-28 20:43:41', 4, 999)
pval: [0.164] -- 111th test, time elapsed 27.311524629592896 -- emperical power so far (from test_start): 0.04504504504504504
db insert success
tensor(0.4378)
tensor(0.4378)
(112, 5, 0, 0.5, 60000, 'projchi', 'bitflip', 961.6216430664062, 0.9130000472068787, 27.31343984603882, '2024-07-28 20:44:14', 4, 999)
pval: [0.91300005] -- 112th test, time elapsed 27.31343984603882 -- emperical power so far (from test_start): 0.044642857142857144
db insert success
tensor(0.4378)
tensor(0.4378)
(113, 5, 0, 0.5, 60000, 'projchi', 'bitflip', 940.0888671875, 0.9690000414848328, 27.361024379730225, '2024-07-28 20:44:46', 4, 999)
pval: [0.96900004] -- 113th test, time elapsed 27.361024379730225 -- emperical power so far (from test_start): 0.04424778761061947
db insert success
tensor(0.4378)
tensor(0.4378)
(114, 5, 0, 0.5, 60000, 'projchi', 'bitflip', 1112.8614501953125, 0.03700000047683716, 27.303258180618286, '2024-07-28 20:45:18', 4, 999)
pval: [0.037] -- 114th test, time elapsed 27.303258180618286 -- emperical power so far (from test_start): 0.05263157894736842
db insert success
tensor(0.4378)
tensor(0.4378)
(115, 5, 0, 0.5, 60000, 'projchi', 'bitflip', 1007.7904052734375, 0.6310000419616699, 27.325039386749268, '2024-07-28 20:45:58', 4, 999)
pval: [0.63100004] -- 115th test, time elapsed 27.325039386749268 -- emperical power so far (from test_start): 0.05217391304347826
db insert success
tensor(0.4378)
tensor(0.4378)
(116, 5, 0, 0.5, 60000, 'projchi', 'bitflip', 1054.1258544921875, 0.25, 27.41856050491333, '2024-07-28 20:46:34', 4, 999)
pval: [0.25] -- 116th test, time elapsed 27.41856050491333 -- emperical power so far (from test_start): 0.05172413793103448
db insert success
tensor(0.4378)
tensor(0.4378)
(117, 5, 0, 0.5, 60000, 'projchi', 'bitflip', 994.8226318359375, 0.7430000305175781, 27.334627151489258, '2024-07-28 20:47:15', 4, 999)
pval: [0.74300003] -- 117th test, time elapsed 27.334627151489258 -- emperical power so far (from test_start): 0.05128205128205128
db insert success
tensor(0.4378)
tensor(0.4378)
(118, 5, 0, 0.5, 60000, 'projchi', 'bitflip', 1055.899169921875, 0.22100001573562622, 27.316369771957397, '2024-07-28 20:47:59', 4, 999)
pval: [0.22100002] -- 118th test, time elapsed 27.316369771957397 -- emperical power so far (from test_start): 0.05084745762711865
db insert success
tensor(0.4378)
tensor(0.4378)
(119, 5, 0, 0.5, 60000, 'projchi', 'bitflip', 1074.0128173828125, 0.1290000081062317, 27.33043098449707, '2024-07-28 20:48:37', 4, 999)
pval: [0.12900001] -- 119th test, time elapsed 27.33043098449707 -- emperical power so far (from test_start): 0.05042016806722689
db insert success
tensor(0.4378)
tensor(0.4378)
(120, 5, 0, 0.5, 60000, 'projchi', 'bitflip', 1069.2298583984375, 0.164000004529953, 27.315786123275757, '2024-07-28 20:49:08', 4, 999)
pval: [0.164] -- 120th test, time elapsed 27.315786123275757 -- emperical power so far (from test_start): 0.05
db insert success
tensor(0.4378)
tensor(0.4378)
(121, 5, 0, 0.5, 60000, 'projchi', 'bitflip', 1008.0081176757812, 0.6260000467300415, 27.274169445037842, '2024-07-28 20:49:48', 4, 999)
pval: [0.62600005] -- 121th test, time elapsed 27.274169445037842 -- emperical power so far (from test_start): 0.049586776859504134
db insert success
tensor(0.4378)
tensor(0.4378)
(122, 5, 0, 0.5, 60000, 'projchi', 'bitflip', 1111.7689208984375, 0.027000000700354576, 27.32350754737854, '2024-07-28 20:50:22', 4, 999)
pval: [0.027] -- 122th test, time elapsed 27.32350754737854 -- emperical power so far (from test_start): 0.05737704918032787
db insert success
tensor(0.4378)
tensor(0.4378)
(123, 5, 0, 0.5, 60000, 'projchi', 'bitflip', 1014.8873291015625, 0.5530000329017639, 27.329347133636475, '2024-07-28 20:50:58', 4, 999)
pval: [0.55300003] -- 123th test, time elapsed 27.329347133636475 -- emperical power so far (from test_start): 0.056910569105691054
db insert success
tensor(0.4378)
tensor(0.4378)
(124, 5, 0, 0.5, 60000, 'projchi', 'bitflip', 945.11767578125, 0.9650000333786011, 27.294891119003296, '2024-07-28 20:51:31', 4, 999)
pval: [0.96500003] -- 124th test, time elapsed 27.294891119003296 -- emperical power so far (from test_start): 0.056451612903225805
db insert success
tensor(0.4378)
tensor(0.4378)
(125, 5, 0, 0.5, 60000, 'projchi', 'bitflip', 1017.5992431640625, 0.5550000071525574, 27.297264575958252, '2024-07-28 20:52:05', 4, 999)
pval: [0.55500001] -- 125th test, time elapsed 27.297264575958252 -- emperical power so far (from test_start): 0.056
db insert success
tensor(0.4378)
tensor(0.4378)
(126, 5, 0, 0.5, 60000, 'projchi', 'bitflip', 1072.293212890625, 0.1469999998807907, 27.29343342781067, '2024-07-28 20:52:43', 4, 999)
pval: [0.147] -- 126th test, time elapsed 27.29343342781067 -- emperical power so far (from test_start): 0.05555555555555555
db insert success
tensor(0.4378)
tensor(0.4378)
(127, 5, 0, 0.5, 60000, 'projchi', 'bitflip', 997.8470458984375, 0.7070000171661377, 27.374742031097412, '2024-07-28 20:53:16', 4, 999)
pval: [0.70700002] -- 127th test, time elapsed 27.374742031097412 -- emperical power so far (from test_start): 0.05511811023622047
db insert success
tensor(0.4378)
tensor(0.4378)
(128, 5, 0, 0.5, 60000, 'projchi', 'bitflip', 999.2899169921875, 0.6990000605583191, 27.37350630760193, '2024-07-28 20:53:45', 4, 999)
pval: [0.69900006] -- 128th test, time elapsed 27.37350630760193 -- emperical power so far (from test_start): 0.0546875
db insert success
tensor(0.4378)
tensor(0.4378)
(129, 5, 0, 0.5, 60000, 'projchi', 'bitflip', 1088.8497314453125, 0.08900000154972076, 27.333194732666016, '2024-07-28 20:54:31', 4, 999)
pval: [0.089] -- 129th test, time elapsed 27.333194732666016 -- emperical power so far (from test_start): 0.05426356589147287
db insert success
tensor(0.4378)
tensor(0.4378)
(130, 5, 0, 0.5, 60000, 'projchi', 'bitflip', 1097.42724609375, 0.049000002443790436, 27.36608600616455, '2024-07-28 20:55:04', 4, 999)
pval: [0.049] -- 130th test, time elapsed 27.36608600616455 -- emperical power so far (from test_start): 0.06153846153846154
db insert success
tensor(0.4378)
tensor(0.4378)
(131, 5, 0, 0.5, 60000, 'projchi', 'bitflip', 1045.1856689453125, 0.33000001311302185, 27.371707677841187, '2024-07-28 20:55:51', 4, 999)
pval: [0.33000001] -- 131th test, time elapsed 27.371707677841187 -- emperical power so far (from test_start): 0.061068702290076333
db insert success
tensor(0.4378)
tensor(0.4378)
(132, 5, 0, 0.5, 60000, 'projchi', 'bitflip', 1107.673828125, 0.026000000536441803, 27.364768981933594, '2024-07-28 20:56:26', 4, 999)
pval: [0.026] -- 132th test, time elapsed 27.364768981933594 -- emperical power so far (from test_start): 0.06818181818181818
db insert success
tensor(0.4378)
tensor(0.4378)
(133, 5, 0, 0.5, 60000, 'projchi', 'bitflip', 1014.8744506835938, 0.5460000038146973, 27.309155464172363, '2024-07-28 20:57:02', 4, 999)
pval: [0.546] -- 133th test, time elapsed 27.309155464172363 -- emperical power so far (from test_start): 0.06766917293233082
db insert success
tensor(0.4378)
tensor(0.4378)
(134, 5, 0, 0.5, 60000, 'projchi', 'bitflip', 999.2577514648438, 0.6940000057220459, 27.331063985824585, '2024-07-28 20:57:33', 4, 999)
pval: [0.69400001] -- 134th test, time elapsed 27.331063985824585 -- emperical power so far (from test_start): 0.06716417910447761
db insert success
tensor(0.4378)
tensor(0.4378)
(135, 5, 0, 0.5, 60000, 'projchi', 'bitflip', 1115.83203125, 0.023000001907348633, 27.36620831489563, '2024-07-28 20:58:07', 4, 999)
pval: [0.023] -- 135th test, time elapsed 27.36620831489563 -- emperical power so far (from test_start): 0.07407407407407407
db insert success
tensor(0.4378)
tensor(0.4378)
(136, 5, 0, 0.5, 60000, 'projchi', 'bitflip', 1030.859375, 0.43700000643730164, 27.35493302345276, '2024-07-28 20:58:49', 4, 999)
pval: [0.43700001] -- 136th test, time elapsed 27.35493302345276 -- emperical power so far (from test_start): 0.07352941176470588
db insert success
tensor(0.4378)
tensor(0.4378)
(137, 5, 0, 0.5, 60000, 'projchi', 'bitflip', 1018.6068725585938, 0.5440000295639038, 27.361156463623047, '2024-07-28 20:59:25', 4, 999)
pval: [0.54400003] -- 137th test, time elapsed 27.361156463623047 -- emperical power so far (from test_start): 0.072992700729927
db insert success
tensor(0.4378)
tensor(0.4378)
(138, 5, 0, 0.5, 60000, 'projchi', 'bitflip', 1010.4144897460938, 0.6010000109672546, 27.355318307876587, '2024-07-28 21:00:10', 4, 999)
pval: [0.60100001] -- 138th test, time elapsed 27.355318307876587 -- emperical power so far (from test_start): 0.07246376811594203
db insert success
tensor(0.4378)
tensor(0.4378)
(139, 5, 0, 0.5, 60000, 'projchi', 'bitflip', 1050.236328125, 0.2710000276565552, 27.39985227584839, '2024-07-28 21:00:56', 4, 999)
pval: [0.27100003] -- 139th test, time elapsed 27.39985227584839 -- emperical power so far (from test_start): 0.07194244604316546
db insert success
tensor(0.4378)
tensor(0.4378)
(140, 5, 0, 0.5, 60000, 'projchi', 'bitflip', 977.5525512695312, 0.859000027179718, 27.368481397628784, '2024-07-28 21:01:40', 4, 999)
pval: [0.85900003] -- 140th test, time elapsed 27.368481397628784 -- emperical power so far (from test_start): 0.07142857142857142
db insert success
tensor(0.4378)
tensor(0.4378)
(141, 5, 0, 0.5, 60000, 'projchi', 'bitflip', 1036.60302734375, 0.3880000114440918, 27.386550903320312, '2024-07-28 21:02:20', 4, 999)
pval: [0.38800001] -- 141th test, time elapsed 27.386550903320312 -- emperical power so far (from test_start): 0.07092198581560284
db insert success
tensor(0.4378)
tensor(0.4378)
(142, 5, 0, 0.5, 60000, 'projchi', 'bitflip', 964.799072265625, 0.8810000419616699, 27.36553692817688, '2024-07-28 21:02:56', 4, 999)
pval: [0.88100004] -- 142th test, time elapsed 27.36553692817688 -- emperical power so far (from test_start): 0.07042253521126761
db insert success
tensor(0.4378)
tensor(0.4378)
(143, 5, 0, 0.5, 60000, 'projchi', 'bitflip', 977.255615234375, 0.8520000576972961, 27.32562279701233, '2024-07-28 21:03:27', 4, 999)
pval: [0.85200006] -- 143th test, time elapsed 27.32562279701233 -- emperical power so far (from test_start): 0.06993006993006994
db insert success
tensor(0.4378)
tensor(0.4378)
(144, 5, 0, 0.5, 60000, 'projchi', 'bitflip', 977.4785766601562, 0.8490000367164612, 27.356760501861572, '2024-07-28 21:03:57', 4, 999)
pval: [0.84900004] -- 144th test, time elapsed 27.356760501861572 -- emperical power so far (from test_start): 0.06944444444444445
db insert success
tensor(0.4378)
tensor(0.4378)
(145, 5, 0, 0.5, 60000, 'projchi', 'bitflip', 1114.9024658203125, 0.020000001415610313, 27.38966965675354, '2024-07-28 21:04:39', 4, 999)
pval: [0.02] -- 145th test, time elapsed 27.38966965675354 -- emperical power so far (from test_start): 0.07586206896551724
db insert success
tensor(0.4378)
tensor(0.4378)
(146, 5, 0, 0.5, 60000, 'projchi', 'bitflip', 1075.681884765625, 0.12300000339746475, 27.348966360092163, '2024-07-28 21:05:16', 4, 999)
pval: [0.123] -- 146th test, time elapsed 27.348966360092163 -- emperical power so far (from test_start): 0.07534246575342465
db insert success
tensor(0.4378)
tensor(0.4378)
(147, 5, 0, 0.5, 60000, 'projchi', 'bitflip', 1009.6301879882812, 0.6540000438690186, 27.35945224761963, '2024-07-28 21:05:48', 4, 999)
pval: [0.65400004] -- 147th test, time elapsed 27.35945224761963 -- emperical power so far (from test_start): 0.07482993197278912
db insert success
tensor(0.4378)
tensor(0.4378)
(148, 5, 0, 0.5, 60000, 'projchi', 'bitflip', 1043.489501953125, 0.32100000977516174, 27.367475748062134, '2024-07-28 21:06:31', 4, 999)
pval: [0.32100001] -- 148th test, time elapsed 27.367475748062134 -- emperical power so far (from test_start): 0.07432432432432433
db insert success
tensor(0.4378)
tensor(0.4378)
(149, 5, 0, 0.5, 60000, 'projchi', 'bitflip', 1051.1900634765625, 0.25699999928474426, 27.375794172286987, '2024-07-28 21:07:11', 4, 999)
pval: [0.257] -- 149th test, time elapsed 27.375794172286987 -- emperical power so far (from test_start): 0.0738255033557047
db insert success
tensor(0.4378)
tensor(0.4378)
(150, 5, 0, 0.5, 60000, 'projchi', 'bitflip', 1041.0267333984375, 0.3400000035762787, 27.35534977912903, '2024-07-28 21:07:48', 4, 999)
pval: [0.34] -- 150th test, time elapsed 27.35534977912903 -- emperical power so far (from test_start): 0.07333333333333333
db insert success
tensor(0.4378)
tensor(0.4378)
(151, 5, 0, 0.5, 60000, 'projchi', 'bitflip', 1042.48681640625, 0.3160000145435333, 27.370707511901855, '2024-07-28 21:08:28', 4, 999)
pval: [0.31600001] -- 151th test, time elapsed 27.370707511901855 -- emperical power so far (from test_start): 0.0728476821192053
db insert success
tensor(0.4378)
tensor(0.4378)
(152, 5, 0, 0.5, 60000, 'projchi', 'bitflip', 1095.6495361328125, 0.07600000500679016, 27.351510763168335, '2024-07-28 21:09:08', 4, 999)
pval: [0.07600001] -- 152th test, time elapsed 27.351510763168335 -- emperical power so far (from test_start): 0.07236842105263158
db insert success
tensor(0.4378)
tensor(0.4378)
(153, 5, 0, 0.5, 60000, 'projchi', 'bitflip', 1079.234375, 0.11300000548362732, 27.368485689163208, '2024-07-28 21:09:49', 4, 999)
pval: [0.11300001] -- 153th test, time elapsed 27.368485689163208 -- emperical power so far (from test_start): 0.0718954248366013
db insert success
tensor(0.4378)
tensor(0.4378)
(154, 5, 0, 0.5, 60000, 'projchi', 'bitflip', 1033.125244140625, 0.40800002217292786, 27.31695818901062, '2024-07-28 21:10:29', 4, 999)
pval: [0.40800002] -- 154th test, time elapsed 27.31695818901062 -- emperical power so far (from test_start): 0.07142857142857142
db insert success
tensor(0.4378)
tensor(0.4378)
(155, 5, 0, 0.5, 60000, 'projchi', 'bitflip', 1125.1046142578125, 0.014000000432133675, 27.356232166290283, '2024-07-28 21:11:10', 4, 999)
pval: [0.014] -- 155th test, time elapsed 27.356232166290283 -- emperical power so far (from test_start): 0.07741935483870968
db insert success
tensor(0.4378)
tensor(0.4378)
(156, 5, 0, 0.5, 60000, 'projchi', 'bitflip', 1015.8552856445312, 0.5520000457763672, 27.388404369354248, '2024-07-28 21:11:51', 4, 999)
pval: [0.55200005] -- 156th test, time elapsed 27.388404369354248 -- emperical power so far (from test_start): 0.07692307692307693
db insert success
tensor(0.4378)
tensor(0.4378)
(157, 5, 0, 0.5, 60000, 'projchi', 'bitflip', 1049.226318359375, 0.289000004529953, 27.3089816570282, '2024-07-28 21:12:32', 4, 999)
pval: [0.289] -- 157th test, time elapsed 27.3089816570282 -- emperical power so far (from test_start): 0.07643312101910828
db insert success
tensor(0.4378)
tensor(0.4378)
(158, 5, 0, 0.5, 60000, 'projchi', 'bitflip', 1001.1025390625, 0.6820000410079956, 27.236255884170532, '2024-07-28 21:13:02', 4, 999)
pval: [0.68200004] -- 158th test, time elapsed 27.236255884170532 -- emperical power so far (from test_start): 0.0759493670886076
db insert success
tensor(0.4378)
tensor(0.4378)
(159, 5, 0, 0.5, 60000, 'projchi', 'bitflip', 1039.147705078125, 0.36900001764297485, 27.30461573600769, '2024-07-28 21:13:43', 4, 999)
pval: [0.36900002] -- 159th test, time elapsed 27.30461573600769 -- emperical power so far (from test_start): 0.07547169811320754
db insert success
tensor(0.4378)
tensor(0.4378)
(160, 5, 0, 0.5, 60000, 'projchi', 'bitflip', 1026.8992919921875, 0.44600000977516174, 27.30030608177185, '2024-07-28 21:14:19', 4, 999)
pval: [0.44600001] -- 160th test, time elapsed 27.30030608177185 -- emperical power so far (from test_start): 0.075
db insert success
tensor(0.4378)
tensor(0.4378)
(161, 5, 0, 0.5, 60000, 'projchi', 'bitflip', 1060.6885986328125, 0.2150000035762787, 27.33491539955139, '2024-07-28 21:14:51', 4, 999)
pval: [0.215] -- 161th test, time elapsed 27.33491539955139 -- emperical power so far (from test_start): 0.07453416149068323
db insert success
tensor(0.4378)
tensor(0.4378)
(162, 5, 0, 0.5, 60000, 'projchi', 'bitflip', 1055.6343994140625, 0.23000000417232513, 27.281856536865234, '2024-07-28 21:15:26', 4, 999)
pval: [0.23] -- 162th test, time elapsed 27.281856536865234 -- emperical power so far (from test_start): 0.07407407407407407
db insert success
tensor(0.4378)
tensor(0.4378)
(163, 5, 0, 0.5, 60000, 'projchi', 'bitflip', 1052.6787109375, 0.26200002431869507, 27.27903127670288, '2024-07-28 21:16:14', 4, 999)
pval: [0.26200002] -- 163th test, time elapsed 27.27903127670288 -- emperical power so far (from test_start): 0.0736196319018405
db insert success
tensor(0.4378)
tensor(0.4378)
(164, 5, 0, 0.5, 60000, 'projchi', 'bitflip', 1058.449951171875, 0.23600001633167267, 27.322649240493774, '2024-07-28 21:16:58', 4, 999)
pval: [0.23600002] -- 164th test, time elapsed 27.322649240493774 -- emperical power so far (from test_start): 0.07317073170731707
db insert success
tensor(0.4378)
tensor(0.4378)
(165, 5, 0, 0.5, 60000, 'projchi', 'bitflip', 1010.4421997070312, 0.6080000400543213, 27.325514554977417, '2024-07-28 21:17:43', 4, 999)
pval: [0.60800004] -- 165th test, time elapsed 27.325514554977417 -- emperical power so far (from test_start): 0.07272727272727272
db insert success
tensor(0.4378)
tensor(0.4378)
(166, 5, 0, 0.5, 60000, 'projchi', 'bitflip', 1071.760498046875, 0.13199999928474426, 27.333990573883057, '2024-07-28 21:18:23', 4, 999)
pval: [0.132] -- 166th test, time elapsed 27.333990573883057 -- emperical power so far (from test_start): 0.07228915662650602
db insert success
tensor(0.4378)
tensor(0.4378)
(167, 5, 0, 0.5, 60000, 'projchi', 'bitflip', 1030.5438232421875, 0.43800002336502075, 27.308146715164185, '2024-07-28 21:19:05', 4, 999)
pval: [0.43800002] -- 167th test, time elapsed 27.308146715164185 -- emperical power so far (from test_start): 0.0718562874251497
db insert success
tensor(0.4378)
tensor(0.4378)
(168, 5, 0, 0.5, 60000, 'projchi', 'bitflip', 1098.755126953125, 0.03500000014901161, 27.49008798599243, '2024-07-28 21:19:42', 4, 999)
pval: [0.035] -- 168th test, time elapsed 27.49008798599243 -- emperical power so far (from test_start): 0.07738095238095238
db insert success
tensor(0.4378)
tensor(0.4378)
(169, 5, 0, 0.5, 60000, 'projchi', 'bitflip', 1057.0185546875, 0.21700000762939453, 27.395193099975586, '2024-07-28 21:20:28', 4, 999)
pval: [0.21700001] -- 169th test, time elapsed 27.395193099975586 -- emperical power so far (from test_start): 0.07692307692307693
db insert success
tensor(0.4378)
tensor(0.4378)
(170, 5, 0, 0.5, 60000, 'projchi', 'bitflip', 1056.5093994140625, 0.21000000834465027, 27.334489583969116, '2024-07-28 21:21:01', 4, 999)
pval: [0.21000001] -- 170th test, time elapsed 27.334489583969116 -- emperical power so far (from test_start): 0.07647058823529412
db insert success
tensor(0.4378)
tensor(0.4378)
(171, 5, 0, 0.5, 60000, 'projchi', 'bitflip', 1040.2369384765625, 0.34800001978874207, 27.340338468551636, '2024-07-28 21:21:39', 4, 999)
pval: [0.34800002] -- 171th test, time elapsed 27.340338468551636 -- emperical power so far (from test_start): 0.07602339181286549
db insert success
tensor(0.4378)
tensor(0.4378)
(172, 5, 0, 0.5, 60000, 'projchi', 'bitflip', 974.15576171875, 0.8650000691413879, 27.379237413406372, '2024-07-28 21:22:18', 4, 999)
pval: [0.86500007] -- 172th test, time elapsed 27.379237413406372 -- emperical power so far (from test_start): 0.0755813953488372
db insert success
tensor(0.4378)
tensor(0.4378)
(173, 5, 0, 0.5, 60000, 'projchi', 'bitflip', 1074.0516357421875, 0.13500000536441803, 27.318639993667603, '2024-07-28 21:22:58', 4, 999)
pval: [0.13500001] -- 173th test, time elapsed 27.318639993667603 -- emperical power so far (from test_start): 0.07514450867052024
db insert success
tensor(0.4378)
tensor(0.4378)
(174, 5, 0, 0.5, 60000, 'projchi', 'bitflip', 1054.1279296875, 0.2370000183582306, 27.53544306755066, '2024-07-28 21:23:31', 4, 999)
pval: [0.23700002] -- 174th test, time elapsed 27.53544306755066 -- emperical power so far (from test_start): 0.07471264367816093
db insert success
tensor(0.4378)
tensor(0.4378)
(175, 5, 0, 0.5, 60000, 'projchi', 'bitflip', 1041.0770263671875, 0.3330000042915344, 27.318905115127563, '2024-07-28 21:24:11', 4, 999)
pval: [0.333] -- 175th test, time elapsed 27.318905115127563 -- emperical power so far (from test_start): 0.07428571428571429
db insert success
tensor(0.4378)
tensor(0.4378)
(176, 5, 0, 0.5, 60000, 'projchi', 'bitflip', 1028.8614501953125, 0.47300001978874207, 27.315175533294678, '2024-07-28 21:24:39', 4, 999)
pval: [0.47300002] -- 176th test, time elapsed 27.315175533294678 -- emperical power so far (from test_start): 0.07386363636363637
db insert success
tensor(0.4378)
tensor(0.4378)
(177, 5, 0, 0.5, 60000, 'projchi', 'bitflip', 996.6763305664062, 0.7460000514984131, 27.354264974594116, '2024-07-28 21:25:14', 4, 999)
pval: [0.74600005] -- 177th test, time elapsed 27.354264974594116 -- emperical power so far (from test_start): 0.07344632768361582
db insert success
tensor(0.4378)
tensor(0.4378)
(178, 5, 0, 0.5, 60000, 'projchi', 'bitflip', 949.6577758789062, 0.9480000734329224, 27.36930775642395, '2024-07-28 21:25:55', 4, 999)
pval: [0.94800007] -- 178th test, time elapsed 27.36930775642395 -- emperical power so far (from test_start): 0.07303370786516854
db insert success
tensor(0.4378)
tensor(0.4378)
(179, 5, 0, 0.5, 60000, 'projchi', 'bitflip', 1074.6138916015625, 0.13100001215934753, 27.342911958694458, '2024-07-28 21:26:30', 4, 999)
pval: [0.13100001] -- 179th test, time elapsed 27.342911958694458 -- emperical power so far (from test_start): 0.07262569832402235
db insert success
tensor(0.4378)
tensor(0.4378)
(180, 5, 0, 0.5, 60000, 'projchi', 'bitflip', 1023.1181030273438, 0.4930000305175781, 27.28954267501831, '2024-07-28 21:27:03', 4, 999)
pval: [0.49300003] -- 180th test, time elapsed 27.28954267501831 -- emperical power so far (from test_start): 0.07222222222222222
db insert success
tensor(0.4378)
tensor(0.4378)
(181, 5, 0, 0.5, 60000, 'projchi', 'bitflip', 979.7553100585938, 0.8520000576972961, 27.319613218307495, '2024-07-28 21:27:36', 4, 999)
pval: [0.85200006] -- 181th test, time elapsed 27.319613218307495 -- emperical power so far (from test_start): 0.0718232044198895
db insert success
tensor(0.4378)
tensor(0.4378)
(182, 5, 0, 0.5, 60000, 'projchi', 'bitflip', 977.6016235351562, 0.8440000414848328, 27.272237300872803, '2024-07-28 21:28:21', 4, 999)
pval: [0.84400004] -- 182th test, time elapsed 27.272237300872803 -- emperical power so far (from test_start): 0.07142857142857142
db insert success
tensor(0.4378)
tensor(0.4378)
(183, 5, 0, 0.5, 60000, 'projchi', 'bitflip', 1184.017578125, 0.0010000000474974513, 27.304858207702637, '2024-07-28 21:29:08', 4, 999)
pval: [0.001] -- 183th test, time elapsed 27.304858207702637 -- emperical power so far (from test_start): 0.07650273224043716
db insert success
tensor(0.4378)
tensor(0.4378)
(184, 5, 0, 0.5, 60000, 'projchi', 'bitflip', 1010.3109130859375, 0.5980000495910645, 27.368173122406006, '2024-07-28 21:29:39', 4, 999)
pval: [0.59800005] -- 184th test, time elapsed 27.368173122406006 -- emperical power so far (from test_start): 0.07608695652173914
db insert success
tensor(0.4378)
tensor(0.4378)
(185, 5, 0, 0.5, 60000, 'projchi', 'bitflip', 1140.85546875, 0.009000000543892384, 27.322470903396606, '2024-07-28 21:30:16', 4, 999)
pval: [0.009] -- 185th test, time elapsed 27.322470903396606 -- emperical power so far (from test_start): 0.08108108108108109
db insert success
tensor(0.4378)
tensor(0.4378)
(186, 5, 0, 0.5, 60000, 'projchi', 'bitflip', 1082.3658447265625, 0.09700000286102295, 27.32370901107788, '2024-07-28 21:30:46', 4, 999)
pval: [0.097] -- 186th test, time elapsed 27.32370901107788 -- emperical power so far (from test_start): 0.08064516129032258
db insert success
tensor(0.4378)
tensor(0.4378)
(187, 5, 0, 0.5, 60000, 'projchi', 'bitflip', 1022.6683959960938, 0.47700002789497375, 27.323378324508667, '2024-07-28 21:31:16', 4, 999)
pval: [0.47700003] -- 187th test, time elapsed 27.323378324508667 -- emperical power so far (from test_start): 0.08021390374331551
db insert success
tensor(0.4378)
tensor(0.4378)
(188, 5, 0, 0.5, 60000, 'projchi', 'bitflip', 1043.4913330078125, 0.3570000231266022, 27.29416060447693, '2024-07-28 21:31:49', 4, 999)
pval: [0.35700002] -- 188th test, time elapsed 27.29416060447693 -- emperical power so far (from test_start): 0.0797872340425532
db insert success
tensor(0.4378)
tensor(0.4378)
(189, 5, 0, 0.5, 60000, 'projchi', 'bitflip', 1029.6905517578125, 0.41700002551078796, 27.295490980148315, '2024-07-28 21:32:19', 4, 999)
pval: [0.41700003] -- 189th test, time elapsed 27.295490980148315 -- emperical power so far (from test_start): 0.07936507936507936
db insert success
tensor(0.4378)
tensor(0.4378)
(190, 5, 0, 0.5, 60000, 'projchi', 'bitflip', 1040.51953125, 0.35600000619888306, 27.3312931060791, '2024-07-28 21:32:55', 4, 999)
pval: [0.35600001] -- 190th test, time elapsed 27.3312931060791 -- emperical power so far (from test_start): 0.07894736842105263
db insert success
tensor(0.4378)
tensor(0.4378)
(191, 5, 0, 0.5, 60000, 'projchi', 'bitflip', 1067.118896484375, 0.1550000011920929, 27.276846647262573, '2024-07-28 21:33:41', 4, 999)
pval: [0.155] -- 191th test, time elapsed 27.276846647262573 -- emperical power so far (from test_start): 0.07853403141361257
db insert success
tensor(0.4378)
tensor(0.4378)
(192, 5, 0, 0.5, 60000, 'projchi', 'bitflip', 1091.495361328125, 0.05900000408291817, 27.28326416015625, '2024-07-28 21:34:16', 4, 999)
pval: [0.059] -- 192th test, time elapsed 27.28326416015625 -- emperical power so far (from test_start): 0.078125
db insert success
tensor(0.4378)
tensor(0.4378)
(193, 5, 0, 0.5, 60000, 'projchi', 'bitflip', 1063.430419921875, 0.16100001335144043, 27.301400423049927, '2024-07-28 21:34:59', 4, 999)
pval: [0.16100001] -- 193th test, time elapsed 27.301400423049927 -- emperical power so far (from test_start): 0.07772020725388601
db insert success
tensor(0.4378)
tensor(0.4378)
(194, 5, 0, 0.5, 60000, 'projchi', 'bitflip', 1041.753662109375, 0.3700000047683716, 27.321748733520508, '2024-07-28 21:35:34', 4, 999)
pval: [0.37] -- 194th test, time elapsed 27.321748733520508 -- emperical power so far (from test_start): 0.07731958762886598
db insert success
tensor(0.4378)
tensor(0.4378)
(195, 5, 0, 0.5, 60000, 'projchi', 'bitflip', 1019.581298828125, 0.492000013589859, 27.32262110710144, '2024-07-28 21:36:04', 4, 999)
pval: [0.49200001] -- 195th test, time elapsed 27.32262110710144 -- emperical power so far (from test_start): 0.07692307692307693
db insert success
tensor(0.4378)
tensor(0.4378)
(196, 5, 0, 0.5, 60000, 'projchi', 'bitflip', 1094.50634765625, 0.06599999964237213, 27.288421869277954, '2024-07-28 21:36:36', 4, 999)
pval: [0.066] -- 196th test, time elapsed 27.288421869277954 -- emperical power so far (from test_start): 0.07653061224489796
db insert success
tensor(0.4378)
tensor(0.4378)
(197, 5, 0, 0.5, 60000, 'projchi', 'bitflip', 1064.9124755859375, 0.18800000846385956, 27.28086757659912, '2024-07-28 21:37:05', 4, 999)
pval: [0.18800001] -- 197th test, time elapsed 27.28086757659912 -- emperical power so far (from test_start): 0.07614213197969544
db insert success
tensor(0.4378)
tensor(0.4378)
(198, 5, 0, 0.5, 60000, 'projchi', 'bitflip', 1006.98779296875, 0.6470000147819519, 27.300822019577026, '2024-07-28 21:37:46', 4, 999)
pval: [0.64700001] -- 198th test, time elapsed 27.300822019577026 -- emperical power so far (from test_start): 0.07575757575757576
db insert success
tensor(0.4378)
tensor(0.4378)
(199, 5, 0, 0.5, 60000, 'projchi', 'bitflip', 1130.7408447265625, 0.01100000087171793, 27.28546643257141, '2024-07-28 21:38:19', 4, 999)
pval: [0.011] -- 199th test, time elapsed 27.28546643257141 -- emperical power so far (from test_start): 0.08040201005025126
db insert success
tensor(0.4378)
tensor(0.4378)
(200, 5, 0, 0.5, 60000, 'projchi', 'bitflip', 1003.8300170898438, 0.6480000019073486, 27.302103996276855, '2024-07-28 21:38:50', 4, 999)
pval: [0.648] -- 200th test, time elapsed 27.302103996276855 -- emperical power so far (from test_start): 0.08
db insert success
7504.38455080986
