genrrelltwo, alpha=1, sample size=120000
#########################################
(1, 5, 0, 1, 120000, 'elltwo', 'genrr', 1.0522536356841541e-06, 0.08700000494718552, 58.842366456985474, '2024-07-29 01:35:27', 4, 999)
pval: [0.087] -- 1th test, time elapsed 58.842366456985474 -- emperical power so far (from test_start): 0.0
db insert success
(2, 5, 0, 1, 120000, 'elltwo', 'genrr', 1.3711423637197823e-07, 0.39500001072883606, 58.8486442565918, '2024-07-29 01:36:38', 4, 999)
pval: [0.39500001] -- 2th test, time elapsed 58.8486442565918 -- emperical power so far (from test_start): 0.0
db insert success
(3, 5, 0, 1, 120000, 'elltwo', 'genrr', -9.54563078532861e-07, 0.9020000696182251, 58.84379267692566, '2024-07-29 01:37:38', 4, 999)
pval: [0.90200007] -- 3th test, time elapsed 58.84379267692566 -- emperical power so far (from test_start): 0.0
db insert success
(4, 5, 0, 1, 120000, 'elltwo', 'genrr', -6.396957914433198e-07, 0.7940000295639038, 58.90948843955994, '2024-07-29 01:38:46', 4, 999)
pval: [0.79400003] -- 4th test, time elapsed 58.90948843955994 -- emperical power so far (from test_start): 0.0
db insert success
(5, 5, 0, 1, 120000, 'elltwo', 'genrr', 8.293996084309148e-08, 0.44700002670288086, 58.75682258605957, '2024-07-29 01:39:57', 4, 999)
pval: [0.44700003] -- 5th test, time elapsed 58.75682258605957 -- emperical power so far (from test_start): 0.0
db insert success
(6, 5, 0, 1, 120000, 'elltwo', 'genrr', -1.299423947740807e-06, 0.9640000462532043, 58.87134623527527, '2024-07-29 01:41:06', 4, 999)
pval: [0.96400005] -- 6th test, time elapsed 58.87134623527527 -- emperical power so far (from test_start): 0.0
db insert success
(7, 5, 0, 1, 120000, 'elltwo', 'genrr', -1.1081108540304807e-08, 0.49800002574920654, 58.71158146858215, '2024-07-29 01:42:22', 4, 999)
pval: [0.49800003] -- 7th test, time elapsed 58.71158146858215 -- emperical power so far (from test_start): 0.0
db insert success
(8, 5, 0, 1, 120000, 'elltwo', 'genrr', 1.113442497013492e-08, 0.49500003457069397, 58.8545708656311, '2024-07-29 01:43:29', 4, 999)
pval: [0.49500003] -- 8th test, time elapsed 58.8545708656311 -- emperical power so far (from test_start): 0.0
db insert success
(9, 5, 0, 1, 120000, 'elltwo', 'genrr', 1.9141258932021087e-07, 0.3890000283718109, 58.748939990997314, '2024-07-29 01:44:35', 4, 999)
pval: [0.38900003] -- 9th test, time elapsed 58.748939990997314 -- emperical power so far (from test_start): 0.0
db insert success
(10, 5, 0, 1, 120000, 'elltwo', 'genrr', -1.0302927639510573e-07, 0.5480000376701355, 58.69678449630737, '2024-07-29 01:45:35', 4, 999)
pval: [0.54800004] -- 10th test, time elapsed 58.69678449630737 -- emperical power so far (from test_start): 0.0
db insert success
(11, 5, 0, 1, 120000, 'elltwo', 'genrr', 2.168353231712418e-07, 0.3790000081062317, 58.763322591781616, '2024-07-29 01:46:51', 4, 999)
pval: [0.37900001] -- 11th test, time elapsed 58.763322591781616 -- emperical power so far (from test_start): 0.0
db insert success
(12, 5, 0, 1, 120000, 'elltwo', 'genrr', 1.6544387407106675e-07, 0.42000001668930054, 58.92863893508911, '2024-07-29 01:48:07', 4, 999)
pval: [0.42000002] -- 12th test, time elapsed 58.92863893508911 -- emperical power so far (from test_start): 0.0
db insert success
(13, 5, 0, 1, 120000, 'elltwo', 'genrr', 7.4058382084209e-07, 0.13700000941753387, 58.987454652786255, '2024-07-29 01:49:09', 4, 999)
pval: [0.13700001] -- 13th test, time elapsed 58.987454652786255 -- emperical power so far (from test_start): 0.0
db insert success
(14, 5, 0, 1, 120000, 'elltwo', 'genrr', 1.3868370558204127e-06, 0.036000002175569534, 58.77216839790344, '2024-07-29 01:50:15', 4, 999)
pval: [0.036] -- 14th test, time elapsed 58.77216839790344 -- emperical power so far (from test_start): 0.07142857142857142
db insert success
(15, 5, 0, 1, 120000, 'elltwo', 'genrr', -4.552936667522739e-08, 0.5049999952316284, 59.28245997428894, '2024-07-29 01:51:18', 4, 999)
pval: [0.505] -- 15th test, time elapsed 59.28245997428894 -- emperical power so far (from test_start): 0.06666666666666667
db insert success
(16, 5, 0, 1, 120000, 'elltwo', 'genrr', -6.277512891255353e-07, 0.7830000519752502, 58.92705821990967, '2024-07-29 01:52:27', 4, 999)
pval: [0.78300005] -- 16th test, time elapsed 58.92705821990967 -- emperical power so far (from test_start): 0.0625
db insert success
(17, 5, 0, 1, 120000, 'elltwo', 'genrr', -4.434518794597768e-07, 0.7010000348091125, 58.854960680007935, '2024-07-29 01:53:37', 4, 999)
pval: [0.70100003] -- 17th test, time elapsed 58.854960680007935 -- emperical power so far (from test_start): 0.058823529411764705
db insert success
(18, 5, 0, 1, 120000, 'elltwo', 'genrr', 6.001683937708387e-07, 0.19700001180171967, 58.83685636520386, '2024-07-29 01:54:39', 4, 999)
pval: [0.19700001] -- 18th test, time elapsed 58.83685636520386 -- emperical power so far (from test_start): 0.05555555555555555
db insert success
(19, 5, 0, 1, 120000, 'elltwo', 'genrr', 8.176672340359965e-07, 0.13600000739097595, 58.914146423339844, '2024-07-29 01:55:55', 4, 999)
pval: [0.13600001] -- 19th test, time elapsed 58.914146423339844 -- emperical power so far (from test_start): 0.05263157894736842
db insert success
(20, 5, 0, 1, 120000, 'elltwo', 'genrr', 6.772573544608015e-07, 0.1810000091791153, 58.77600336074829, '2024-07-29 01:57:13', 4, 999)
pval: [0.18100001] -- 20th test, time elapsed 58.77600336074829 -- emperical power so far (from test_start): 0.05
db insert success
(21, 5, 0, 1, 120000, 'elltwo', 'genrr', -7.783057914341647e-07, 0.862000048160553, 58.72998070716858, '2024-07-29 01:58:24', 4, 999)
pval: [0.86200005] -- 21th test, time elapsed 58.72998070716858 -- emperical power so far (from test_start): 0.047619047619047616
db insert success
(22, 5, 0, 1, 120000, 'elltwo', 'genrr', 6.7863969931874e-07, 0.17900000512599945, 58.78139543533325, '2024-07-29 01:59:37', 4, 999)
pval: [0.17900001] -- 22th test, time elapsed 58.78139543533325 -- emperical power so far (from test_start): 0.045454545454545456
db insert success
(23, 5, 0, 1, 120000, 'elltwo', 'genrr', -1.371983435491473e-07, 0.5580000281333923, 58.70374298095703, '2024-07-29 02:00:53', 4, 999)
pval: [0.55800003] -- 23th test, time elapsed 58.70374298095703 -- emperical power so far (from test_start): 0.043478260869565216
db insert success
(24, 5, 0, 1, 120000, 'elltwo', 'genrr', -7.065054049015806e-07, 0.8390000462532043, 58.765185832977295, '2024-07-29 02:02:02', 4, 999)
pval: [0.83900005] -- 24th test, time elapsed 58.765185832977295 -- emperical power so far (from test_start): 0.041666666666666664
db insert success
(25, 5, 0, 1, 120000, 'elltwo', 'genrr', 7.576668856511867e-07, 0.15700000524520874, 58.83975338935852, '2024-07-29 02:03:03', 4, 999)
pval: [0.15700001] -- 25th test, time elapsed 58.83975338935852 -- emperical power so far (from test_start): 0.04
db insert success
(26, 5, 0, 1, 120000, 'elltwo', 'genrr', -6.356719558313871e-07, 0.7990000247955322, 58.85134768486023, '2024-07-29 02:04:07', 4, 999)
pval: [0.79900002] -- 26th test, time elapsed 58.85134768486023 -- emperical power so far (from test_start): 0.038461538461538464
db insert success
(27, 5, 0, 1, 120000, 'elltwo', 'genrr', 1.0790565141312325e-06, 0.06599999964237213, 58.815409421920776, '2024-07-29 02:05:21', 4, 999)
pval: [0.066] -- 27th test, time elapsed 58.815409421920776 -- emperical power so far (from test_start): 0.037037037037037035
db insert success
(28, 5, 0, 1, 120000, 'elltwo', 'genrr', 1.7945933118886093e-08, 0.4710000157356262, 58.83579635620117, '2024-07-29 02:06:27', 4, 999)
pval: [0.47100002] -- 28th test, time elapsed 58.83579635620117 -- emperical power so far (from test_start): 0.03571428571428571
db insert success
(29, 5, 0, 1, 120000, 'elltwo', 'genrr', -4.7580827293620953e-07, 0.7330000400543213, 58.8486704826355, '2024-07-29 02:07:39', 4, 999)
pval: [0.73300004] -- 29th test, time elapsed 58.8486704826355 -- emperical power so far (from test_start): 0.034482758620689655
db insert success
(30, 5, 0, 1, 120000, 'elltwo', 'genrr', 1.080781078324506e-07, 0.4410000145435333, 58.8915319442749, '2024-07-29 02:08:41', 4, 999)
pval: [0.44100001] -- 30th test, time elapsed 58.8915319442749 -- emperical power so far (from test_start): 0.03333333333333333
db insert success
(31, 5, 0, 1, 120000, 'elltwo', 'genrr', 4.10051322233089e-08, 0.48500001430511475, 58.9456570148468, '2024-07-29 02:09:49', 4, 999)
pval: [0.48500001] -- 31th test, time elapsed 58.9456570148468 -- emperical power so far (from test_start): 0.03225806451612903
db insert success
(32, 5, 0, 1, 120000, 'elltwo', 'genrr', -6.560938088792049e-07, 0.8140000104904175, 58.99816656112671, '2024-07-29 02:10:58', 4, 999)
pval: [0.81400001] -- 32th test, time elapsed 58.99816656112671 -- emperical power so far (from test_start): 0.03125
db insert success
(33, 5, 0, 1, 120000, 'elltwo', 'genrr', 1.2400293497860648e-06, 0.05100000277161598, 58.97423791885376, '2024-07-29 02:12:02', 4, 999)
pval: [0.051] -- 33th test, time elapsed 58.97423791885376 -- emperical power so far (from test_start): 0.030303030303030304
db insert success
(34, 5, 0, 1, 120000, 'elltwo', 'genrr', 6.625285905190268e-07, 0.18000000715255737, 58.87104296684265, '2024-07-29 02:13:14', 4, 999)
pval: [0.18000001] -- 34th test, time elapsed 58.87104296684265 -- emperical power so far (from test_start): 0.029411764705882353
db insert success
(35, 5, 0, 1, 120000, 'elltwo', 'genrr', -1.2681730762063772e-06, 0.956000030040741, 58.984253883361816, '2024-07-29 02:14:27', 4, 999)
pval: [0.95600003] -- 35th test, time elapsed 58.984253883361816 -- emperical power so far (from test_start): 0.02857142857142857
db insert success
(36, 5, 0, 1, 120000, 'elltwo', 'genrr', -1.189150100555647e-06, 0.956000030040741, 58.993488788604736, '2024-07-29 02:15:43', 4, 999)
pval: [0.95600003] -- 36th test, time elapsed 58.993488788604736 -- emperical power so far (from test_start): 0.027777777777777776
db insert success
(37, 5, 0, 1, 120000, 'elltwo', 'genrr', -7.430332787431403e-07, 0.8380000591278076, 58.85317587852478, '2024-07-29 02:16:51', 4, 999)
pval: [0.83800006] -- 37th test, time elapsed 58.85317587852478 -- emperical power so far (from test_start): 0.02702702702702703
db insert success
(38, 5, 0, 1, 120000, 'elltwo', 'genrr', 2.968357849788758e-07, 0.33400002121925354, 58.839837312698364, '2024-07-29 02:17:56', 4, 999)
pval: [0.33400002] -- 38th test, time elapsed 58.839837312698364 -- emperical power so far (from test_start): 0.02631578947368421
db insert success
(39, 5, 0, 1, 120000, 'elltwo', 'genrr', 1.875254307737769e-07, 0.4130000174045563, 58.82319164276123, '2024-07-29 02:18:58', 4, 999)
pval: [0.41300002] -- 39th test, time elapsed 58.82319164276123 -- emperical power so far (from test_start): 0.02564102564102564
db insert success
(40, 5, 0, 1, 120000, 'elltwo', 'genrr', -1.5470495124195183e-07, 0.5540000200271606, 58.84243154525757, '2024-07-29 02:20:15', 4, 999)
pval: [0.55400002] -- 40th test, time elapsed 58.84243154525757 -- emperical power so far (from test_start): 0.025
db insert success
(41, 5, 0, 1, 120000, 'elltwo', 'genrr', -8.653924685455769e-07, 0.8790000677108765, 58.84115266799927, '2024-07-29 02:21:20', 4, 999)
pval: [0.87900007] -- 41th test, time elapsed 58.84115266799927 -- emperical power so far (from test_start): 0.024390243902439025
db insert success
(42, 5, 0, 1, 120000, 'elltwo', 'genrr', -1.928449351662649e-06, 0.9970000386238098, 58.79252004623413, '2024-07-29 02:22:37', 4, 999)
pval: [0.99700004] -- 42th test, time elapsed 58.79252004623413 -- emperical power so far (from test_start): 0.023809523809523808
db insert success
(43, 5, 0, 1, 120000, 'elltwo', 'genrr', 6.928053682873046e-07, 0.1900000125169754, 58.85985279083252, '2024-07-29 02:23:52', 4, 999)
pval: [0.19000001] -- 43th test, time elapsed 58.85985279083252 -- emperical power so far (from test_start): 0.023255813953488372
db insert success
(44, 5, 0, 1, 120000, 'elltwo', 'genrr', -2.3692428107943697e-07, 0.6370000243186951, 58.87693905830383, '2024-07-29 02:24:52', 4, 999)
pval: [0.63700002] -- 44th test, time elapsed 58.87693905830383 -- emperical power so far (from test_start): 0.022727272727272728
db insert success
(45, 5, 0, 1, 120000, 'elltwo', 'genrr', 5.837815755006803e-07, 0.2160000056028366, 58.84726166725159, '2024-07-29 02:26:01', 4, 999)
pval: [0.21600001] -- 45th test, time elapsed 58.84726166725159 -- emperical power so far (from test_start): 0.022222222222222223
db insert success
(46, 5, 0, 1, 120000, 'elltwo', 'genrr', 1.3419055460068587e-07, 0.41200003027915955, 58.92919182777405, '2024-07-29 02:27:03', 4, 999)
pval: [0.41200003] -- 46th test, time elapsed 58.92919182777405 -- emperical power so far (from test_start): 0.021739130434782608
db insert success
(47, 5, 0, 1, 120000, 'elltwo', 'genrr', -7.244238343178094e-07, 0.8530000448226929, 58.91794681549072, '2024-07-29 02:28:15', 4, 999)
pval: [0.85300004] -- 47th test, time elapsed 58.91794681549072 -- emperical power so far (from test_start): 0.02127659574468085
db insert success
(48, 5, 0, 1, 120000, 'elltwo', 'genrr', 8.136379990727419e-07, 0.13700000941753387, 58.86756920814514, '2024-07-29 02:29:30', 4, 999)
pval: [0.13700001] -- 48th test, time elapsed 58.86756920814514 -- emperical power so far (from test_start): 0.020833333333333332
db insert success
(49, 5, 0, 1, 120000, 'elltwo', 'genrr', -2.828859071444048e-07, 0.6320000290870667, 58.81092858314514, '2024-07-29 02:30:33', 4, 999)
pval: [0.63200003] -- 49th test, time elapsed 58.81092858314514 -- emperical power so far (from test_start): 0.02040816326530612
db insert success
(50, 5, 0, 1, 120000, 'elltwo', 'genrr', -8.606731468131269e-07, 0.8690000176429749, 58.817421436309814, '2024-07-29 02:31:44', 4, 999)
pval: [0.86900002] -- 50th test, time elapsed 58.817421436309814 -- emperical power so far (from test_start): 0.02
db insert success
(51, 5, 0, 1, 120000, 'elltwo', 'genrr', -1.1192821004987231e-06, 0.9440000653266907, 58.828765630722046, '2024-07-29 02:32:52', 4, 999)
pval: [0.94400007] -- 51th test, time elapsed 58.828765630722046 -- emperical power so far (from test_start): 0.0196078431372549
db insert success
(52, 5, 0, 1, 120000, 'elltwo', 'genrr', 3.8572341922761544e-07, 0.29100000858306885, 58.872865438461304, '2024-07-29 02:34:06', 4, 999)
pval: [0.29100001] -- 52th test, time elapsed 58.872865438461304 -- emperical power so far (from test_start): 0.019230769230769232
db insert success
(53, 5, 0, 1, 120000, 'elltwo', 'genrr', -1.5913969537463546e-07, 0.5720000267028809, 58.891846656799316, '2024-07-29 02:35:07', 4, 999)
pval: [0.57200003] -- 53th test, time elapsed 58.891846656799316 -- emperical power so far (from test_start): 0.018867924528301886
db insert success
(54, 5, 0, 1, 120000, 'elltwo', 'genrr', -7.126173412492359e-07, 0.8230000138282776, 58.862860918045044, '2024-07-29 02:36:22', 4, 999)
pval: [0.82300001] -- 54th test, time elapsed 58.862860918045044 -- emperical power so far (from test_start): 0.018518518518518517
db insert success
(55, 5, 0, 1, 120000, 'elltwo', 'genrr', -7.441956344114535e-08, 0.5370000004768372, 58.83181667327881, '2024-07-29 02:37:27', 4, 999)
pval: [0.537] -- 55th test, time elapsed 58.83181667327881 -- emperical power so far (from test_start): 0.01818181818181818
db insert success
(56, 5, 0, 1, 120000, 'elltwo', 'genrr', 2.406562238714289e-06, 0.0010000000474974513, 58.857491970062256, '2024-07-29 02:38:40', 4, 999)
pval: [0.001] -- 56th test, time elapsed 58.857491970062256 -- emperical power so far (from test_start): 0.03571428571428571
db insert success
(57, 5, 0, 1, 120000, 'elltwo', 'genrr', 6.187708115222221e-07, 0.20100000500679016, 58.89651346206665, '2024-07-29 02:39:50', 4, 999)
pval: [0.20100001] -- 57th test, time elapsed 58.89651346206665 -- emperical power so far (from test_start): 0.03508771929824561
db insert success
(58, 5, 0, 1, 120000, 'elltwo', 'genrr', 5.539174574172544e-07, 0.2160000056028366, 58.84528470039368, '2024-07-29 02:40:54', 4, 999)
pval: [0.21600001] -- 58th test, time elapsed 58.84528470039368 -- emperical power so far (from test_start): 0.034482758620689655
db insert success
(59, 5, 0, 1, 120000, 'elltwo', 'genrr', 5.687795291875637e-07, 0.21000000834465027, 58.84727358818054, '2024-07-29 02:41:57', 4, 999)
pval: [0.21000001] -- 59th test, time elapsed 58.84727358818054 -- emperical power so far (from test_start): 0.03389830508474576
db insert success
(60, 5, 0, 1, 120000, 'elltwo', 'genrr', 3.9752697708313536e-07, 0.30000001192092896, 58.875194787979126, '2024-07-29 02:43:00', 4, 999)
pval: [0.30000001] -- 60th test, time elapsed 58.875194787979126 -- emperical power so far (from test_start): 0.03333333333333333
db insert success
(61, 5, 0, 1, 120000, 'elltwo', 'genrr', 3.5933408588993514e-07, 0.2850000262260437, 58.93216896057129, '2024-07-29 02:44:06', 4, 999)
pval: [0.28500003] -- 61th test, time elapsed 58.93216896057129 -- emperical power so far (from test_start): 0.03278688524590164
db insert success
(62, 5, 0, 1, 120000, 'elltwo', 'genrr', -1.1115067995934313e-06, 0.9310000538825989, 58.98764395713806, '2024-07-29 02:45:07', 4, 999)
pval: [0.93100005] -- 62th test, time elapsed 58.98764395713806 -- emperical power so far (from test_start): 0.03225806451612903
db insert success
(63, 5, 0, 1, 120000, 'elltwo', 'genrr', -6.541448620807702e-07, 0.8280000686645508, 58.847015619277954, '2024-07-29 02:46:13', 4, 999)
pval: [0.82800007] -- 63th test, time elapsed 58.847015619277954 -- emperical power so far (from test_start): 0.031746031746031744
db insert success
(64, 5, 0, 1, 120000, 'elltwo', 'genrr', -3.91643841241799e-07, 0.6780000329017639, 58.827675342559814, '2024-07-29 02:47:13', 4, 999)
pval: [0.67800003] -- 64th test, time elapsed 58.827675342559814 -- emperical power so far (from test_start): 0.03125
db insert success
(65, 5, 0, 1, 120000, 'elltwo', 'genrr', 8.074002329707015e-07, 0.1290000081062317, 58.814568758010864, '2024-07-29 02:48:18', 4, 999)
pval: [0.12900001] -- 65th test, time elapsed 58.814568758010864 -- emperical power so far (from test_start): 0.03076923076923077
db insert success
(66, 5, 0, 1, 120000, 'elltwo', 'genrr', 2.197173402723393e-08, 0.4830000102519989, 58.852686405181885, '2024-07-29 02:49:18', 4, 999)
pval: [0.48300001] -- 66th test, time elapsed 58.852686405181885 -- emperical power so far (from test_start): 0.030303030303030304
db insert success
(67, 5, 0, 1, 120000, 'elltwo', 'genrr', 1.504450071864588e-07, 0.43700000643730164, 58.822996616363525, '2024-07-29 02:50:36', 4, 999)
pval: [0.43700001] -- 67th test, time elapsed 58.822996616363525 -- emperical power so far (from test_start): 0.029850746268656716
db insert success
(68, 5, 0, 1, 120000, 'elltwo', 'genrr', 1.0028085280372207e-06, 0.08700000494718552, 58.88653302192688, '2024-07-29 02:51:53', 4, 999)
pval: [0.087] -- 68th test, time elapsed 58.88653302192688 -- emperical power so far (from test_start): 0.029411764705882353
db insert success
(69, 5, 0, 1, 120000, 'elltwo', 'genrr', -9.232993955238938e-08, 0.5580000281333923, 58.926743507385254, '2024-07-29 02:52:58', 4, 999)
pval: [0.55800003] -- 69th test, time elapsed 58.926743507385254 -- emperical power so far (from test_start): 0.028985507246376812
db insert success
(70, 5, 0, 1, 120000, 'elltwo', 'genrr', -1.677507868095944e-07, 0.597000002861023, 59.015703201293945, '2024-07-29 02:54:03', 4, 999)
pval: [0.597] -- 70th test, time elapsed 59.015703201293945 -- emperical power so far (from test_start): 0.02857142857142857
db insert success
(71, 5, 0, 1, 120000, 'elltwo', 'genrr', -4.5539337711593755e-07, 0.7190000414848328, 59.14866876602173, '2024-07-29 02:55:20', 4, 999)
pval: [0.71900004] -- 71th test, time elapsed 59.14866876602173 -- emperical power so far (from test_start): 0.028169014084507043
db insert success
(72, 5, 0, 1, 120000, 'elltwo', 'genrr', -5.601167474931102e-07, 0.7670000195503235, 59.042301177978516, '2024-07-29 02:56:24', 4, 999)
pval: [0.76700002] -- 72th test, time elapsed 59.042301177978516 -- emperical power so far (from test_start): 0.027777777777777776
db insert success
(73, 5, 0, 1, 120000, 'elltwo', 'genrr', 9.857223162107551e-07, 0.08300000429153442, 58.87856888771057, '2024-07-29 02:57:30', 4, 999)
pval: [0.083] -- 73th test, time elapsed 58.87856888771057 -- emperical power so far (from test_start): 0.0273972602739726
db insert success
(74, 5, 0, 1, 120000, 'elltwo', 'genrr', -1.8878982729860546e-06, 0.9980000257492065, 58.87521576881409, '2024-07-29 02:58:38', 4, 999)
pval: [0.99800003] -- 74th test, time elapsed 58.87521576881409 -- emperical power so far (from test_start): 0.02702702702702703
db insert success
(75, 5, 0, 1, 120000, 'elltwo', 'genrr', 7.518314979013552e-07, 0.13500000536441803, 59.083327531814575, '2024-07-29 02:59:45', 4, 999)
pval: [0.13500001] -- 75th test, time elapsed 59.083327531814575 -- emperical power so far (from test_start): 0.02666666666666667
db insert success
(76, 5, 0, 1, 120000, 'elltwo', 'genrr', 7.234991784689591e-07, 0.17600001394748688, 58.861539125442505, '2024-07-29 03:00:46', 4, 999)
pval: [0.17600001] -- 76th test, time elapsed 58.861539125442505 -- emperical power so far (from test_start): 0.02631578947368421
db insert success
(77, 5, 0, 1, 120000, 'elltwo', 'genrr', 3.7752980696368135e-07, 0.3150000274181366, 58.82945227622986, '2024-07-29 03:02:04', 4, 999)
pval: [0.31500003] -- 77th test, time elapsed 58.82945227622986 -- emperical power so far (from test_start): 0.025974025974025976
db insert success
(78, 5, 0, 1, 120000, 'elltwo', 'genrr', -8.127526074253738e-07, 0.8570000529289246, 58.765026330947876, '2024-07-29 03:03:08', 4, 999)
pval: [0.85700005] -- 78th test, time elapsed 58.765026330947876 -- emperical power so far (from test_start): 0.02564102564102564
db insert success
(79, 5, 0, 1, 120000, 'elltwo', 'genrr', 2.107105527169792e-09, 0.47700002789497375, 58.7559380531311, '2024-07-29 03:04:16', 4, 999)
pval: [0.47700003] -- 79th test, time elapsed 58.7559380531311 -- emperical power so far (from test_start): 0.02531645569620253
db insert success
(80, 5, 0, 1, 120000, 'elltwo', 'genrr', 2.532194203533865e-07, 0.3540000021457672, 58.81588077545166, '2024-07-29 03:05:32', 4, 999)
pval: [0.354] -- 80th test, time elapsed 58.81588077545166 -- emperical power so far (from test_start): 0.025
db insert success
(81, 5, 0, 1, 120000, 'elltwo', 'genrr', -3.1261267917576455e-07, 0.6740000247955322, 58.80124878883362, '2024-07-29 03:06:40', 4, 999)
pval: [0.67400002] -- 81th test, time elapsed 58.80124878883362 -- emperical power so far (from test_start): 0.024691358024691357
db insert success
(82, 5, 0, 1, 120000, 'elltwo', 'genrr', 2.3322319005680478e-07, 0.35100001096725464, 58.830668210983276, '2024-07-29 03:07:46', 4, 999)
pval: [0.35100001] -- 82th test, time elapsed 58.830668210983276 -- emperical power so far (from test_start): 0.024390243902439025
db insert success
(83, 5, 0, 1, 120000, 'elltwo', 'genrr', -5.699753146100675e-07, 0.7800000309944153, 58.83312487602234, '2024-07-29 03:09:03', 4, 999)
pval: [0.78000003] -- 83th test, time elapsed 58.83312487602234 -- emperical power so far (from test_start): 0.024096385542168676
db insert success
(84, 5, 0, 1, 120000, 'elltwo', 'genrr', 4.5253547136751143e-07, 0.2510000169277191, 58.876444578170776, '2024-07-29 03:10:03', 4, 999)
pval: [0.25100002] -- 84th test, time elapsed 58.876444578170776 -- emperical power so far (from test_start): 0.023809523809523808
db insert success
(85, 5, 0, 1, 120000, 'elltwo', 'genrr', 3.125261217459211e-07, 0.3270000219345093, 58.87758207321167, '2024-07-29 03:11:04', 4, 999)
pval: [0.32700002] -- 85th test, time elapsed 58.87758207321167 -- emperical power so far (from test_start): 0.023529411764705882
db insert success
(86, 5, 0, 1, 120000, 'elltwo', 'genrr', -7.285885935627481e-07, 0.8320000171661377, 58.933788537979126, '2024-07-29 03:12:19', 4, 999)
pval: [0.83200002] -- 86th test, time elapsed 58.933788537979126 -- emperical power so far (from test_start): 0.023255813953488372
db insert success
(87, 5, 0, 1, 120000, 'elltwo', 'genrr', 9.315553046328109e-07, 0.12200000882148743, 58.980003356933594, '2024-07-29 03:13:26', 4, 999)
pval: [0.12200001] -- 87th test, time elapsed 58.980003356933594 -- emperical power so far (from test_start): 0.022988505747126436
db insert success
(88, 5, 0, 1, 120000, 'elltwo', 'genrr', -2.11223096996567e-07, 0.5960000157356262, 58.905065059661865, '2024-07-29 03:14:40', 4, 999)
pval: [0.59600002] -- 88th test, time elapsed 58.905065059661865 -- emperical power so far (from test_start): 0.022727272727272728
db insert success
(89, 5, 0, 1, 120000, 'elltwo', 'genrr', -6.187258690085358e-07, 0.8010000586509705, 58.884639739990234, '2024-07-29 03:15:40', 4, 999)
pval: [0.80100006] -- 89th test, time elapsed 58.884639739990234 -- emperical power so far (from test_start): 0.02247191011235955
db insert success
(90, 5, 0, 1, 120000, 'elltwo', 'genrr', -7.183116919472383e-07, 0.8580000400543213, 58.84655404090881, '2024-07-29 03:16:55', 4, 999)
pval: [0.85800004] -- 90th test, time elapsed 58.84655404090881 -- emperical power so far (from test_start): 0.022222222222222223
db insert success
(91, 5, 0, 1, 120000, 'elltwo', 'genrr', 1.0421152248074866e-06, 0.08100000023841858, 58.8446102142334, '2024-07-29 03:18:10', 4, 999)
pval: [0.081] -- 91th test, time elapsed 58.8446102142334 -- emperical power so far (from test_start): 0.02197802197802198
db insert success
(92, 5, 0, 1, 120000, 'elltwo', 'genrr', -5.669194060413385e-07, 0.7680000066757202, 58.91653513908386, '2024-07-29 03:19:19', 4, 999)
pval: [0.76800001] -- 92th test, time elapsed 58.91653513908386 -- emperical power so far (from test_start): 0.021739130434782608
db insert success
(93, 5, 0, 1, 120000, 'elltwo', 'genrr', 7.057231599621842e-07, 0.14900000393390656, 58.87084126472473, '2024-07-29 03:20:29', 4, 999)
pval: [0.149] -- 93th test, time elapsed 58.87084126472473 -- emperical power so far (from test_start): 0.021505376344086023
db insert success
(94, 5, 0, 1, 120000, 'elltwo', 'genrr', -4.1456013174959e-07, 0.6970000267028809, 58.859904766082764, '2024-07-29 03:21:43', 4, 999)
pval: [0.69700003] -- 94th test, time elapsed 58.859904766082764 -- emperical power so far (from test_start): 0.02127659574468085
db insert success
(95, 5, 0, 1, 120000, 'elltwo', 'genrr', -6.140056282855078e-07, 0.8250000476837158, 58.89296913146973, '2024-07-29 03:22:50', 4, 999)
pval: [0.82500005] -- 95th test, time elapsed 58.89296913146973 -- emperical power so far (from test_start): 0.021052631578947368
db insert success
(96, 5, 0, 1, 120000, 'elltwo', 'genrr', 1.4536387838012463e-06, 0.03200000151991844, 58.87437725067139, '2024-07-29 03:23:52', 4, 999)
pval: [0.032] -- 96th test, time elapsed 58.87437725067139 -- emperical power so far (from test_start): 0.03125
db insert success
(97, 5, 0, 1, 120000, 'elltwo', 'genrr', 1.919365300636494e-08, 0.48500001430511475, 58.88328981399536, '2024-07-29 03:25:04', 4, 999)
pval: [0.48500001] -- 97th test, time elapsed 58.88328981399536 -- emperical power so far (from test_start): 0.030927835051546393
db insert success
(98, 5, 0, 1, 120000, 'elltwo', 'genrr', 1.0683012057941497e-07, 0.4320000112056732, 58.87947916984558, '2024-07-29 03:26:07', 4, 999)
pval: [0.43200001] -- 98th test, time elapsed 58.87947916984558 -- emperical power so far (from test_start): 0.030612244897959183
db insert success
(99, 5, 0, 1, 120000, 'elltwo', 'genrr', 3.5155920281122396e-07, 0.30400002002716064, 58.95555567741394, '2024-07-29 03:27:18', 4, 999)
pval: [0.30400002] -- 99th test, time elapsed 58.95555567741394 -- emperical power so far (from test_start): 0.030303030303030304
db insert success
(100, 5, 0, 1, 120000, 'elltwo', 'genrr', 1.0559986900393267e-06, 0.08900000154972076, 58.858941316604614, '2024-07-29 03:28:35', 4, 999)
pval: [0.089] -- 100th test, time elapsed 58.858941316604614 -- emperical power so far (from test_start): 0.03
db insert success
(101, 5, 0, 1, 120000, 'elltwo', 'genrr', -1.3857969301863532e-07, 0.562000036239624, 58.887171268463135, '2024-07-29 03:29:36', 4, 999)
pval: [0.56200004] -- 101th test, time elapsed 58.887171268463135 -- emperical power so far (from test_start): 0.0297029702970297
db insert success
(102, 5, 0, 1, 120000, 'elltwo', 'genrr', -4.5094753682627456e-07, 0.7250000238418579, 58.979939460754395, '2024-07-29 03:30:45', 4, 999)
pval: [0.72500002] -- 102th test, time elapsed 58.979939460754395 -- emperical power so far (from test_start): 0.029411764705882353
db insert success
(103, 5, 0, 1, 120000, 'elltwo', 'genrr', -4.269187833464815e-07, 0.7210000157356262, 58.828638792037964, '2024-07-29 03:31:58', 4, 999)
pval: [0.72100002] -- 103th test, time elapsed 58.828638792037964 -- emperical power so far (from test_start): 0.02912621359223301
db insert success
(104, 5, 0, 1, 120000, 'elltwo', 'genrr', 3.1960477912015665e-07, 0.3190000057220459, 58.802253007888794, '2024-07-29 03:33:08', 4, 999)
pval: [0.31900001] -- 104th test, time elapsed 58.802253007888794 -- emperical power so far (from test_start): 0.028846153846153848
db insert success
(105, 5, 0, 1, 120000, 'elltwo', 'genrr', -4.3705824516113156e-07, 0.7280000448226929, 58.87811541557312, '2024-07-29 03:34:19', 4, 999)
pval: [0.72800004] -- 105th test, time elapsed 58.87811541557312 -- emperical power so far (from test_start): 0.02857142857142857
db insert success
(106, 5, 0, 1, 120000, 'elltwo', 'genrr', -1.8733801369213987e-07, 0.6000000238418579, 59.05641531944275, '2024-07-29 03:35:27', 4, 999)
pval: [0.60000002] -- 106th test, time elapsed 59.05641531944275 -- emperical power so far (from test_start): 0.02830188679245283
db insert success
(107, 5, 0, 1, 120000, 'elltwo', 'genrr', -1.0009525982133342e-06, 0.9170000553131104, 58.853715658187866, '2024-07-29 03:36:37', 4, 999)
pval: [0.91700006] -- 107th test, time elapsed 58.853715658187866 -- emperical power so far (from test_start): 0.028037383177570093
db insert success
(108, 5, 0, 1, 120000, 'elltwo', 'genrr', 1.1643400014511515e-06, 0.04500000178813934, 58.97641396522522, '2024-07-29 03:37:41', 4, 999)
pval: [0.045] -- 108th test, time elapsed 58.97641396522522 -- emperical power so far (from test_start): 0.037037037037037035
db insert success
(109, 5, 0, 1, 120000, 'elltwo', 'genrr', -2.0442143729994776e-07, 0.5980000495910645, 58.94191861152649, '2024-07-29 03:38:56', 4, 999)
pval: [0.59800005] -- 109th test, time elapsed 58.94191861152649 -- emperical power so far (from test_start): 0.03669724770642202
db insert success
(110, 5, 0, 1, 120000, 'elltwo', 'genrr', 1.0315566912183754e-06, 0.09100000560283661, 58.876455783843994, '2024-07-29 03:40:07', 4, 999)
pval: [0.09100001] -- 110th test, time elapsed 58.876455783843994 -- emperical power so far (from test_start): 0.03636363636363636
db insert success
(111, 5, 0, 1, 120000, 'elltwo', 'genrr', -6.89971678001413e-07, 0.8250000476837158, 58.840733766555786, '2024-07-29 03:41:23', 4, 999)
pval: [0.82500005] -- 111th test, time elapsed 58.840733766555786 -- emperical power so far (from test_start): 0.036036036036036036
db insert success
(112, 5, 0, 1, 120000, 'elltwo', 'genrr', -5.448377764199607e-07, 0.7570000290870667, 58.91570210456848, '2024-07-29 03:42:36', 4, 999)
pval: [0.75700003] -- 112th test, time elapsed 58.91570210456848 -- emperical power so far (from test_start): 0.03571428571428571
db insert success
(113, 5, 0, 1, 120000, 'elltwo', 'genrr', 7.32152976301581e-08, 0.4660000205039978, 58.78888273239136, '2024-07-29 03:43:45', 4, 999)
pval: [0.46600002] -- 113th test, time elapsed 58.78888273239136 -- emperical power so far (from test_start): 0.035398230088495575
db insert success
(114, 5, 0, 1, 120000, 'elltwo', 'genrr', 1.5905850673817931e-06, 0.023000001907348633, 58.77416157722473, '2024-07-29 03:44:54', 4, 999)
pval: [0.023] -- 114th test, time elapsed 58.77416157722473 -- emperical power so far (from test_start): 0.043859649122807015
db insert success
(115, 5, 0, 1, 120000, 'elltwo', 'genrr', -6.358054557807635e-07, 0.8130000233650208, 58.74703049659729, '2024-07-29 03:45:57', 4, 999)
pval: [0.81300002] -- 115th test, time elapsed 58.74703049659729 -- emperical power so far (from test_start): 0.043478260869565216
db insert success
(116, 5, 0, 1, 120000, 'elltwo', 'genrr', -1.0548386005018728e-06, 0.921000063419342, 58.7479522228241, '2024-07-29 03:46:59', 4, 999)
pval: [0.92100006] -- 116th test, time elapsed 58.7479522228241 -- emperical power so far (from test_start): 0.04310344827586207
db insert success
(117, 5, 0, 1, 120000, 'elltwo', 'genrr', -4.4317663295254973e-07, 0.7120000123977661, 58.704888343811035, '2024-07-29 03:48:04', 4, 999)
pval: [0.71200001] -- 117th test, time elapsed 58.704888343811035 -- emperical power so far (from test_start): 0.042735042735042736
db insert success
(118, 5, 0, 1, 120000, 'elltwo', 'genrr', -3.6108531691362786e-07, 0.6930000185966492, 58.771934509277344, '2024-07-29 03:49:05', 4, 999)
pval: [0.69300002] -- 118th test, time elapsed 58.771934509277344 -- emperical power so far (from test_start): 0.0423728813559322
db insert success
(119, 5, 0, 1, 120000, 'elltwo', 'genrr', 4.5588021108967924e-08, 0.46400001645088196, 58.87119817733765, '2024-07-29 03:50:13', 4, 999)
pval: [0.46400002] -- 119th test, time elapsed 58.87119817733765 -- emperical power so far (from test_start): 0.04201680672268908
db insert success
(120, 5, 0, 1, 120000, 'elltwo', 'genrr', -1.981670773175577e-07, 0.5900000333786011, 58.79772877693176, '2024-07-29 03:51:23', 4, 999)
pval: [0.59000003] -- 120th test, time elapsed 58.79772877693176 -- emperical power so far (from test_start): 0.041666666666666664
db insert success
(121, 5, 0, 1, 120000, 'elltwo', 'genrr', 5.048902861235979e-07, 0.23200000822544098, 58.797423362731934, '2024-07-29 03:52:37', 4, 999)
pval: [0.23200001] -- 121th test, time elapsed 58.797423362731934 -- emperical power so far (from test_start): 0.04132231404958678
db insert success
(122, 5, 0, 1, 120000, 'elltwo', 'genrr', -2.687233238516523e-07, 0.6180000305175781, 58.779534578323364, '2024-07-29 03:53:48', 4, 999)
pval: [0.61800003] -- 122th test, time elapsed 58.779534578323364 -- emperical power so far (from test_start): 0.040983606557377046
db insert success
(123, 5, 0, 1, 120000, 'elltwo', 'genrr', -3.1414348244528274e-07, 0.6700000166893005, 58.806413412094116, '2024-07-29 03:54:53', 4, 999)
pval: [0.67000002] -- 123th test, time elapsed 58.806413412094116 -- emperical power so far (from test_start): 0.04065040650406504
db insert success
(124, 5, 0, 1, 120000, 'elltwo', 'genrr', 3.44673786684211e-08, 0.49800002574920654, 58.81626558303833, '2024-07-29 03:55:59', 4, 999)
pval: [0.49800003] -- 124th test, time elapsed 58.81626558303833 -- emperical power so far (from test_start): 0.04032258064516129
db insert success
(125, 5, 0, 1, 120000, 'elltwo', 'genrr', 1.136696738677492e-06, 0.07300000637769699, 58.97496032714844, '2024-07-29 03:57:17', 4, 999)
pval: [0.07300001] -- 125th test, time elapsed 58.97496032714844 -- emperical power so far (from test_start): 0.04
db insert success
(126, 5, 0, 1, 120000, 'elltwo', 'genrr', 2.0891798867446465e-07, 0.39100003242492676, 58.90168023109436, '2024-07-29 03:58:26', 4, 999)
pval: [0.39100003] -- 126th test, time elapsed 58.90168023109436 -- emperical power so far (from test_start): 0.03968253968253968
db insert success
(127, 5, 0, 1, 120000, 'elltwo', 'genrr', -1.2349791144016659e-06, 0.9620000720024109, 58.816476345062256, '2024-07-29 03:59:40', 4, 999)
pval: [0.96200007] -- 127th test, time elapsed 58.816476345062256 -- emperical power so far (from test_start): 0.03937007874015748
db insert success
(128, 5, 0, 1, 120000, 'elltwo', 'genrr', 8.280294118445143e-08, 0.45000001788139343, 58.79140496253967, '2024-07-29 04:00:45', 4, 999)
pval: [0.45000002] -- 128th test, time elapsed 58.79140496253967 -- emperical power so far (from test_start): 0.0390625
db insert success
(129, 5, 0, 1, 120000, 'elltwo', 'genrr', 8.504496542170118e-07, 0.1120000034570694, 58.81437397003174, '2024-07-29 04:01:53', 4, 999)
pval: [0.112] -- 129th test, time elapsed 58.81437397003174 -- emperical power so far (from test_start): 0.03875968992248062
db insert success
(130, 5, 0, 1, 120000, 'elltwo', 'genrr', 3.743324932818561e-07, 0.3320000171661377, 58.80245280265808, '2024-07-29 04:03:12', 4, 999)
pval: [0.33200002] -- 130th test, time elapsed 58.80245280265808 -- emperical power so far (from test_start): 0.038461538461538464
db insert success
(131, 5, 0, 1, 120000, 'elltwo', 'genrr', -2.5886299631020654e-07, 0.6190000176429749, 58.81321430206299, '2024-07-29 04:04:18', 4, 999)
pval: [0.61900002] -- 131th test, time elapsed 58.81321430206299 -- emperical power so far (from test_start): 0.03816793893129771
db insert success
(132, 5, 0, 1, 120000, 'elltwo', 'genrr', -1.699724141161936e-07, 0.593000054359436, 58.851889848709106, '2024-07-29 04:05:21', 4, 999)
pval: [0.59300005] -- 132th test, time elapsed 58.851889848709106 -- emperical power so far (from test_start): 0.03787878787878788
db insert success
(133, 5, 0, 1, 120000, 'elltwo', 'genrr', 8.593421484594937e-07, 0.12700000405311584, 58.79274296760559, '2024-07-29 04:06:38', 4, 999)
pval: [0.127] -- 133th test, time elapsed 58.79274296760559 -- emperical power so far (from test_start): 0.03759398496240601
db insert success
(134, 5, 0, 1, 120000, 'elltwo', 'genrr', -5.424743470068463e-07, 0.7860000133514404, 58.82744884490967, '2024-07-29 04:07:43', 4, 999)
pval: [0.78600001] -- 134th test, time elapsed 58.82744884490967 -- emperical power so far (from test_start): 0.03731343283582089
db insert success
(135, 5, 0, 1, 120000, 'elltwo', 'genrr', -4.7441904029105544e-07, 0.7430000305175781, 58.772188663482666, '2024-07-29 04:08:47', 4, 999)
pval: [0.74300003] -- 135th test, time elapsed 58.772188663482666 -- emperical power so far (from test_start): 0.037037037037037035
db insert success
(136, 5, 0, 1, 120000, 'elltwo', 'genrr', 7.116942594945393e-07, 0.1720000058412552, 58.84743785858154, '2024-07-29 04:09:55', 4, 999)
pval: [0.17200001] -- 136th test, time elapsed 58.84743785858154 -- emperical power so far (from test_start): 0.03676470588235294
db insert success
(137, 5, 0, 1, 120000, 'elltwo', 'genrr', 1.2960066357035113e-06, 0.046000003814697266, 58.81049585342407, '2024-07-29 04:11:11', 4, 999)
pval: [0.046] -- 137th test, time elapsed 58.81049585342407 -- emperical power so far (from test_start): 0.043795620437956206
db insert success
(138, 5, 0, 1, 120000, 'elltwo', 'genrr', 6.469742560393215e-07, 0.18300001323223114, 58.87118744850159, '2024-07-29 04:12:23', 4, 999)
pval: [0.18300001] -- 138th test, time elapsed 58.87118744850159 -- emperical power so far (from test_start): 0.043478260869565216
db insert success
(139, 5, 0, 1, 120000, 'elltwo', 'genrr', -3.0608026825498097e-07, 0.6610000133514404, 58.775261878967285, '2024-07-29 04:13:28', 4, 999)
pval: [0.66100001] -- 139th test, time elapsed 58.775261878967285 -- emperical power so far (from test_start): 0.04316546762589928
db insert success
(140, 5, 0, 1, 120000, 'elltwo', 'genrr', 2.6279632198231845e-08, 0.4710000157356262, 58.80769348144531, '2024-07-29 04:14:47', 4, 999)
pval: [0.47100002] -- 140th test, time elapsed 58.80769348144531 -- emperical power so far (from test_start): 0.04285714285714286
db insert success
(141, 5, 0, 1, 120000, 'elltwo', 'genrr', -9.185890588450304e-07, 0.8790000677108765, 58.861183643341064, '2024-07-29 04:15:55', 4, 999)
pval: [0.87900007] -- 141th test, time elapsed 58.861183643341064 -- emperical power so far (from test_start): 0.0425531914893617
db insert success
(142, 5, 0, 1, 120000, 'elltwo', 'genrr', -1.1120606676290681e-06, 0.9170000553131104, 58.87303137779236, '2024-07-29 04:17:10', 4, 999)
pval: [0.91700006] -- 142th test, time elapsed 58.87303137779236 -- emperical power so far (from test_start): 0.04225352112676056
db insert success
(143, 5, 0, 1, 120000, 'elltwo', 'genrr', 4.6030558125591606e-07, 0.25600001215934753, 58.840290784835815, '2024-07-29 04:18:20', 4, 999)
pval: [0.25600001] -- 143th test, time elapsed 58.840290784835815 -- emperical power so far (from test_start): 0.04195804195804196
db insert success
(144, 5, 0, 1, 120000, 'elltwo', 'genrr', 4.728032710508631e-07, 0.2330000102519989, 58.81169676780701, '2024-07-29 04:19:25', 4, 999)
pval: [0.23300001] -- 144th test, time elapsed 58.81169676780701 -- emperical power so far (from test_start): 0.041666666666666664
db insert success
(145, 5, 0, 1, 120000, 'elltwo', 'genrr', -9.773364997927528e-07, 0.8980000615119934, 58.77850699424744, '2024-07-29 04:20:38', 4, 999)
pval: [0.89800006] -- 145th test, time elapsed 58.77850699424744 -- emperical power so far (from test_start): 0.041379310344827586
db insert success
(146, 5, 0, 1, 120000, 'elltwo', 'genrr', 4.434987328628785e-07, 0.2590000033378601, 58.85233926773071, '2024-07-29 04:21:49', 4, 999)
pval: [0.259] -- 146th test, time elapsed 58.85233926773071 -- emperical power so far (from test_start): 0.0410958904109589
db insert success
(147, 5, 0, 1, 120000, 'elltwo', 'genrr', 7.698947502793665e-07, 0.15900000929832458, 58.817259550094604, '2024-07-29 04:23:03', 4, 999)
pval: [0.15900001] -- 147th test, time elapsed 58.817259550094604 -- emperical power so far (from test_start): 0.04081632653061224
db insert success
(148, 5, 0, 1, 120000, 'elltwo', 'genrr', -6.270598771171594e-07, 0.8140000104904175, 58.93125081062317, '2024-07-29 04:24:09', 4, 999)
pval: [0.81400001] -- 148th test, time elapsed 58.93125081062317 -- emperical power so far (from test_start): 0.04054054054054054
db insert success
(149, 5, 0, 1, 120000, 'elltwo', 'genrr', 1.0114207051308693e-06, 0.08800000697374344, 58.91328549385071, '2024-07-29 04:25:15', 4, 999)
pval: [0.08800001] -- 149th test, time elapsed 58.91328549385071 -- emperical power so far (from test_start): 0.040268456375838924
db insert success
(150, 5, 0, 1, 120000, 'elltwo', 'genrr', -5.4418715056967285e-08, 0.4960000216960907, 58.85167455673218, '2024-07-29 04:26:21', 4, 999)
pval: [0.49600002] -- 150th test, time elapsed 58.85167455673218 -- emperical power so far (from test_start): 0.04
db insert success
(151, 5, 0, 1, 120000, 'elltwo', 'genrr', -2.3247645350140192e-07, 0.6160000562667847, 58.788006067276, '2024-07-29 04:27:22', 4, 999)
pval: [0.61600006] -- 151th test, time elapsed 58.788006067276 -- emperical power so far (from test_start): 0.039735099337748346
db insert success
(152, 5, 0, 1, 120000, 'elltwo', 'genrr', -4.784527857172767e-07, 0.7390000224113464, 58.99237370491028, '2024-07-29 04:28:25', 4, 999)
pval: [0.73900002] -- 152th test, time elapsed 58.99237370491028 -- emperical power so far (from test_start): 0.039473684210526314
db insert success
(153, 5, 0, 1, 120000, 'elltwo', 'genrr', 5.572520639140002e-07, 0.22100001573562622, 58.88956046104431, '2024-07-29 04:29:37', 4, 999)
pval: [0.22100002] -- 153th test, time elapsed 58.88956046104431 -- emperical power so far (from test_start): 0.0392156862745098
db insert success
(154, 5, 0, 1, 120000, 'elltwo', 'genrr', 5.5028146071084416e-08, 0.46000000834465027, 58.90156817436218, '2024-07-29 04:30:50', 4, 999)
pval: [0.46000001] -- 154th test, time elapsed 58.90156817436218 -- emperical power so far (from test_start): 0.03896103896103896
db insert success
(155, 5, 0, 1, 120000, 'elltwo', 'genrr', 1.1836146320129068e-07, 0.45100003480911255, 59.10103440284729, '2024-07-29 04:32:09', 4, 999)
pval: [0.45100003] -- 155th test, time elapsed 59.10103440284729 -- emperical power so far (from test_start): 0.03870967741935484
db insert success
(156, 5, 0, 1, 120000, 'elltwo', 'genrr', -1.2524563051648577e-07, 0.5790000557899475, 58.905667781829834, '2024-07-29 04:33:10', 4, 999)
pval: [0.57900006] -- 156th test, time elapsed 58.905667781829834 -- emperical power so far (from test_start): 0.038461538461538464
db insert success
(157, 5, 0, 1, 120000, 'elltwo', 'genrr', 4.030403262869631e-08, 0.492000013589859, 58.90839910507202, '2024-07-29 04:34:30', 4, 999)
pval: [0.49200001] -- 157th test, time elapsed 58.90839910507202 -- emperical power so far (from test_start): 0.03821656050955414
db insert success
(158, 5, 0, 1, 120000, 'elltwo', 'genrr', 2.3143406924250147e-06, 0.004000000189989805, 58.86015701293945, '2024-07-29 04:35:34', 4, 999)
pval: [0.004] -- 158th test, time elapsed 58.86015701293945 -- emperical power so far (from test_start): 0.04430379746835443
db insert success
(159, 5, 0, 1, 120000, 'elltwo', 'genrr', 1.641942988434876e-07, 0.3850000202655792, 58.878411054611206, '2024-07-29 04:36:40', 4, 999)
pval: [0.38500002] -- 159th test, time elapsed 58.878411054611206 -- emperical power so far (from test_start): 0.0440251572327044
db insert success
(160, 5, 0, 1, 120000, 'elltwo', 'genrr', -9.045606155499986e-07, 0.8950000405311584, 58.75948643684387, '2024-07-29 04:37:50', 4, 999)
pval: [0.89500004] -- 160th test, time elapsed 58.75948643684387 -- emperical power so far (from test_start): 0.04375
db insert success
(161, 5, 0, 1, 120000, 'elltwo', 'genrr', -1.2041454766720337e-06, 0.9440000653266907, 58.75168466567993, '2024-07-29 04:38:52', 4, 999)
pval: [0.94400007] -- 161th test, time elapsed 58.75168466567993 -- emperical power so far (from test_start): 0.043478260869565216
db insert success
(162, 5, 0, 1, 120000, 'elltwo', 'genrr', -1.576091786874203e-06, 0.9850000739097595, 58.769442558288574, '2024-07-29 04:40:06', 4, 999)
pval: [0.98500007] -- 162th test, time elapsed 58.769442558288574 -- emperical power so far (from test_start): 0.043209876543209874
db insert success
(163, 5, 0, 1, 120000, 'elltwo', 'genrr', -1.3073395727343853e-06, 0.9610000252723694, 58.76322150230408, '2024-07-29 04:41:07', 4, 999)
pval: [0.96100003] -- 163th test, time elapsed 58.76322150230408 -- emperical power so far (from test_start): 0.04294478527607362
db insert success
(164, 5, 0, 1, 120000, 'elltwo', 'genrr', -1.0085916618675448e-06, 0.9200000166893005, 58.793128967285156, '2024-07-29 04:42:12', 4, 999)
pval: [0.92000002] -- 164th test, time elapsed 58.793128967285156 -- emperical power so far (from test_start): 0.042682926829268296
db insert success
(165, 5, 0, 1, 120000, 'elltwo', 'genrr', 9.543310592404104e-07, 0.10700000822544098, 58.78731560707092, '2024-07-29 04:43:13', 4, 999)
pval: [0.10700001] -- 165th test, time elapsed 58.78731560707092 -- emperical power so far (from test_start): 0.04242424242424243
db insert success
(166, 5, 0, 1, 120000, 'elltwo', 'genrr', -3.8831027295320106e-07, 0.6980000138282776, 58.82894468307495, '2024-07-29 04:44:13', 4, 999)
pval: [0.69800001] -- 166th test, time elapsed 58.82894468307495 -- emperical power so far (from test_start): 0.04216867469879518
db insert success
(167, 5, 0, 1, 120000, 'elltwo', 'genrr', 1.872476043853627e-07, 0.39400002360343933, 58.830851316452026, '2024-07-29 04:45:31', 4, 999)
pval: [0.39400002] -- 167th test, time elapsed 58.830851316452026 -- emperical power so far (from test_start): 0.041916167664670656
db insert success
(168, 5, 0, 1, 120000, 'elltwo', 'genrr', -7.91463551515735e-08, 0.5330000519752502, 58.79813504219055, '2024-07-29 04:46:45', 4, 999)
pval: [0.53300005] -- 168th test, time elapsed 58.79813504219055 -- emperical power so far (from test_start): 0.041666666666666664
db insert success
(169, 5, 0, 1, 120000, 'elltwo', 'genrr', 1.0547490708319538e-06, 0.07500000298023224, 58.805185317993164, '2024-07-29 04:48:01', 4, 999)
pval: [0.075] -- 169th test, time elapsed 58.805185317993164 -- emperical power so far (from test_start): 0.04142011834319527
db insert success
(170, 5, 0, 1, 120000, 'elltwo', 'genrr', -9.044187208452452e-07, 0.8740000128746033, 58.820128202438354, '2024-07-29 04:49:04', 4, 999)
pval: [0.87400001] -- 170th test, time elapsed 58.820128202438354 -- emperical power so far (from test_start): 0.041176470588235294
db insert success
(171, 5, 0, 1, 120000, 'elltwo', 'genrr', -6.860847393624046e-07, 0.8100000619888306, 58.77481293678284, '2024-07-29 04:50:13', 4, 999)
pval: [0.81000006] -- 171th test, time elapsed 58.77481293678284 -- emperical power so far (from test_start): 0.04093567251461988
db insert success
(172, 5, 0, 1, 120000, 'elltwo', 'genrr', 1.583582941878242e-07, 0.40800002217292786, 58.86897826194763, '2024-07-29 04:51:24', 4, 999)
pval: [0.40800002] -- 172th test, time elapsed 58.86897826194763 -- emperical power so far (from test_start): 0.040697674418604654
db insert success
(173, 5, 0, 1, 120000, 'elltwo', 'genrr', 3.49750600934888e-07, 0.328000009059906, 58.89603352546692, '2024-07-29 04:52:26', 4, 999)
pval: [0.32800001] -- 173th test, time elapsed 58.89603352546692 -- emperical power so far (from test_start): 0.04046242774566474
db insert success
(174, 5, 0, 1, 120000, 'elltwo', 'genrr', -6.302501455953714e-07, 0.8100000619888306, 59.04556655883789, '2024-07-29 04:53:30', 4, 999)
pval: [0.81000006] -- 174th test, time elapsed 59.04556655883789 -- emperical power so far (from test_start): 0.040229885057471264
db insert success
(175, 5, 0, 1, 120000, 'elltwo', 'genrr', 8.755832386596329e-07, 0.11900000274181366, 59.084630250930786, '2024-07-29 04:54:41', 4, 999)
pval: [0.119] -- 175th test, time elapsed 59.084630250930786 -- emperical power so far (from test_start): 0.04
db insert success
(176, 5, 0, 1, 120000, 'elltwo', 'genrr', 3.721104030070515e-07, 0.3060000240802765, 59.23834991455078, '2024-07-29 04:55:55', 4, 999)
pval: [0.30600002] -- 176th test, time elapsed 59.23834991455078 -- emperical power so far (from test_start): 0.03977272727272727
db insert success
(177, 5, 0, 1, 120000, 'elltwo', 'genrr', -9.624757868341612e-07, 0.9150000214576721, 59.100871086120605, '2024-07-29 04:57:13', 4, 999)
pval: [0.91500002] -- 177th test, time elapsed 59.100871086120605 -- emperical power so far (from test_start): 0.03954802259887006
db insert success
(178, 5, 0, 1, 120000, 'elltwo', 'genrr', -1.9109192691949863e-07, 0.6010000109672546, 58.87731385231018, '2024-07-29 04:58:27', 4, 999)
pval: [0.60100001] -- 178th test, time elapsed 58.87731385231018 -- emperical power so far (from test_start): 0.03932584269662921
db insert success
(179, 5, 0, 1, 120000, 'elltwo', 'genrr', 1.4580895627916163e-06, 0.026000000536441803, 58.90001368522644, '2024-07-29 04:59:42', 4, 999)
pval: [0.026] -- 179th test, time elapsed 58.90001368522644 -- emperical power so far (from test_start): 0.0446927374301676
db insert success
(180, 5, 0, 1, 120000, 'elltwo', 'genrr', -3.777533365938168e-07, 0.6930000185966492, 58.88322067260742, '2024-07-29 05:00:46', 4, 999)
pval: [0.69300002] -- 180th test, time elapsed 58.88322067260742 -- emperical power so far (from test_start): 0.044444444444444446
db insert success
(181, 5, 0, 1, 120000, 'elltwo', 'genrr', -9.81365465078498e-07, 0.9120000600814819, 58.87103486061096, '2024-07-29 05:02:04', 4, 999)
pval: [0.91200006] -- 181th test, time elapsed 58.87103486061096 -- emperical power so far (from test_start): 0.04419889502762431
db insert success
(182, 5, 0, 1, 120000, 'elltwo', 'genrr', -4.227565750512287e-07, 0.7200000286102295, 58.843684673309326, '2024-07-29 05:03:13', 4, 999)
pval: [0.72000003] -- 182th test, time elapsed 58.843684673309326 -- emperical power so far (from test_start): 0.04395604395604396
db insert success
(183, 5, 0, 1, 120000, 'elltwo', 'genrr', -9.826128933001967e-07, 0.8960000276565552, 58.875367879867554, '2024-07-29 05:04:27', 4, 999)
pval: [0.89600003] -- 183th test, time elapsed 58.875367879867554 -- emperical power so far (from test_start): 0.04371584699453552
db insert success
(184, 5, 0, 1, 120000, 'elltwo', 'genrr', -3.491447220338017e-07, 0.6510000228881836, 58.86604571342468, '2024-07-29 05:05:39', 4, 999)
pval: [0.65100002] -- 184th test, time elapsed 58.86604571342468 -- emperical power so far (from test_start): 0.043478260869565216
db insert success
(185, 5, 0, 1, 120000, 'elltwo', 'genrr', -1.687226675933448e-07, 0.597000002861023, 58.88488459587097, '2024-07-29 05:06:41', 4, 999)
pval: [0.597] -- 185th test, time elapsed 58.88488459587097 -- emperical power so far (from test_start): 0.043243243243243246
db insert success
(186, 5, 0, 1, 120000, 'elltwo', 'genrr', -8.696995507360451e-07, 0.8960000276565552, 58.94392442703247, '2024-07-29 05:07:45', 4, 999)
pval: [0.89600003] -- 186th test, time elapsed 58.94392442703247 -- emperical power so far (from test_start): 0.043010752688172046
db insert success
(187, 5, 0, 1, 120000, 'elltwo', 'genrr', 1.6947182430353605e-07, 0.39500001072883606, 58.85781192779541, '2024-07-29 05:08:53', 4, 999)
pval: [0.39500001] -- 187th test, time elapsed 58.85781192779541 -- emperical power so far (from test_start): 0.0427807486631016
db insert success
(188, 5, 0, 1, 120000, 'elltwo', 'genrr', 1.3603088822094697e-06, 0.039000000804662704, 58.88168907165527, '2024-07-29 05:10:01', 4, 999)
pval: [0.039] -- 188th test, time elapsed 58.88168907165527 -- emperical power so far (from test_start): 0.047872340425531915
db insert success
(189, 5, 0, 1, 120000, 'elltwo', 'genrr', -8.426149002579118e-07, 0.8610000610351562, 58.890074014663696, '2024-07-29 05:11:10', 4, 999)
pval: [0.86100006] -- 189th test, time elapsed 58.890074014663696 -- emperical power so far (from test_start): 0.047619047619047616
db insert success
(190, 5, 0, 1, 120000, 'elltwo', 'genrr', 1.199470956242876e-06, 0.05100000277161598, 58.89402484893799, '2024-07-29 05:12:16', 4, 999)
pval: [0.051] -- 190th test, time elapsed 58.89402484893799 -- emperical power so far (from test_start): 0.04736842105263158
db insert success
(191, 5, 0, 1, 120000, 'elltwo', 'genrr', -9.678263406063398e-08, 0.5260000228881836, 58.886066198349, '2024-07-29 05:13:24', 4, 999)
pval: [0.52600002] -- 191th test, time elapsed 58.886066198349 -- emperical power so far (from test_start): 0.04712041884816754
db insert success
(192, 5, 0, 1, 120000, 'elltwo', 'genrr', -1.045534702367101e-06, 0.9220000505447388, 58.87043905258179, '2024-07-29 05:14:24', 4, 999)
pval: [0.92200005] -- 192th test, time elapsed 58.87043905258179 -- emperical power so far (from test_start): 0.046875
db insert success
(193, 5, 0, 1, 120000, 'elltwo', 'genrr', -7.530256421117362e-07, 0.8740000128746033, 58.898664712905884, '2024-07-29 05:15:42', 4, 999)
pval: [0.87400001] -- 193th test, time elapsed 58.898664712905884 -- emperical power so far (from test_start): 0.046632124352331605
db insert success
(194, 5, 0, 1, 120000, 'elltwo', 'genrr', 1.3030879713364033e-06, 0.04700000211596489, 58.856454610824585, '2024-07-29 05:16:49', 4, 999)
pval: [0.047] -- 194th test, time elapsed 58.856454610824585 -- emperical power so far (from test_start): 0.05154639175257732
db insert success
(195, 5, 0, 1, 120000, 'elltwo', 'genrr', 2.322263334061936e-08, 0.49000000953674316, 58.78754806518555, '2024-07-29 05:17:59', 4, 999)
pval: [0.49000001] -- 195th test, time elapsed 58.78754806518555 -- emperical power so far (from test_start): 0.05128205128205128
db insert success
(196, 5, 0, 1, 120000, 'elltwo', 'genrr', 8.990611750502205e-07, 0.11000000685453415, 58.820470571517944, '2024-07-29 05:19:04', 4, 999)
pval: [0.11000001] -- 196th test, time elapsed 58.820470571517944 -- emperical power so far (from test_start): 0.05102040816326531
db insert success
(197, 5, 0, 1, 120000, 'elltwo', 'genrr', 3.832226946837245e-07, 0.3050000071525574, 58.75329113006592, '2024-07-29 05:20:18', 4, 999)
pval: [0.30500001] -- 197th test, time elapsed 58.75329113006592 -- emperical power so far (from test_start): 0.050761421319796954
db insert success
(198, 5, 0, 1, 120000, 'elltwo', 'genrr', 8.351649643423449e-07, 0.14600001275539398, 58.76394486427307, '2024-07-29 05:21:28', 4, 999)
pval: [0.14600001] -- 198th test, time elapsed 58.76394486427307 -- emperical power so far (from test_start): 0.050505050505050504
db insert success
(199, 5, 0, 1, 120000, 'elltwo', 'genrr', 1.2990661137466004e-06, 0.0430000014603138, 59.30759263038635, '2024-07-29 05:22:44', 4, 999)
pval: [0.043] -- 199th test, time elapsed 59.30759263038635 -- emperical power so far (from test_start): 0.05527638190954774
db insert success
(200, 5, 0, 1, 120000, 'elltwo', 'genrr', 4.6142574567894015e-07, 0.2550000250339508, 59.059510707855225, '2024-07-29 05:23:56', 4, 999)
pval: [0.25500003] -- 200th test, time elapsed 59.059510707855225 -- emperical power so far (from test_start): 0.055
db insert success
13772.442821502686
