bitflipelltwo, alpha=1, sample size=220000
#########################################
tensor(0.3775)
tensor(0.3775)
(1, 5, 0, 1, 220000, 'elltwo', 'bitflip', 0.0004999270942676048, 0.0010000000474974513, 107.13701510429382, '2024-07-28 07:36:29', 4, 999)
pval: [0.001] -- 1th test, time elapsed 107.13701510429382 -- emperical power so far (from test_start): 1.0
db insert success
tensor(0.3775)
tensor(0.3775)
(2, 5, 0, 1, 220000, 'elltwo', 'bitflip', 0.00029693195608615497, 0.0010000000474974513, 107.05350470542908, '2024-07-28 07:38:27', 4, 999)
pval: [0.001] -- 2th test, time elapsed 107.05350470542908 -- emperical power so far (from test_start): 1.0
db insert success
tensor(0.3775)
tensor(0.3775)
(3, 5, 0, 1, 220000, 'elltwo', 'bitflip', 0.0005548662130081539, 0.0010000000474974513, 107.36668372154236, '2024-07-28 07:40:28', 4, 999)
pval: [0.001] -- 3th test, time elapsed 107.36668372154236 -- emperical power so far (from test_start): 1.0
db insert success
tensor(0.3775)
tensor(0.3775)
(4, 5, 0, 1, 220000, 'elltwo', 'bitflip', 0.00019605833955438356, 0.024000000208616257, 107.13277959823608, '2024-07-28 07:42:27', 4, 999)
pval: [0.024] -- 4th test, time elapsed 107.13277959823608 -- emperical power so far (from test_start): 1.0
db insert success
tensor(0.3775)
tensor(0.3775)
(5, 5, 0, 1, 220000, 'elltwo', 'bitflip', 0.00036474134651598433, 0.0010000000474974513, 107.10068798065186, '2024-07-28 07:44:25', 4, 999)
pval: [0.001] -- 5th test, time elapsed 107.10068798065186 -- emperical power so far (from test_start): 1.0
db insert success
tensor(0.3775)
tensor(0.3775)
(6, 5, 0, 1, 220000, 'elltwo', 'bitflip', 0.0004132621128860592, 0.0010000000474974513, 107.04298305511475, '2024-07-28 07:46:24', 4, 999)
pval: [0.001] -- 6th test, time elapsed 107.04298305511475 -- emperical power so far (from test_start): 1.0
db insert success
tensor(0.3775)
tensor(0.3775)
(7, 5, 0, 1, 220000, 'elltwo', 'bitflip', 0.00044704359777369973, 0.0010000000474974513, 107.20030570030212, '2024-07-28 07:48:31', 4, 999)
pval: [0.001] -- 7th test, time elapsed 107.20030570030212 -- emperical power so far (from test_start): 1.0
db insert success
tensor(0.3775)
tensor(0.3775)
(8, 5, 0, 1, 220000, 'elltwo', 'bitflip', 0.0004241808615006448, 0.0010000000474974513, 107.01248025894165, '2024-07-28 07:50:23', 4, 999)
pval: [0.001] -- 8th test, time elapsed 107.01248025894165 -- emperical power so far (from test_start): 1.0
db insert success
tensor(0.3775)
tensor(0.3775)
(9, 5, 0, 1, 220000, 'elltwo', 'bitflip', 0.0004709635247195365, 0.0010000000474974513, 106.70590448379517, '2024-07-28 07:52:24', 4, 999)
pval: [0.001] -- 9th test, time elapsed 106.70590448379517 -- emperical power so far (from test_start): 1.0
db insert success
tensor(0.3775)
tensor(0.3775)
(10, 5, 0, 1, 220000, 'elltwo', 'bitflip', 0.00024436022692952974, 0.006000000052154064, 106.70695376396179, '2024-07-28 07:54:30', 4, 999)
pval: [0.006] -- 10th test, time elapsed 106.70695376396179 -- emperical power so far (from test_start): 1.0
db insert success
tensor(0.3775)
tensor(0.3775)
(11, 5, 0, 1, 220000, 'elltwo', 'bitflip', 0.0006322505803950662, 0.0010000000474974513, 106.65973663330078, '2024-07-28 07:56:22', 4, 999)
pval: [0.001] -- 11th test, time elapsed 106.65973663330078 -- emperical power so far (from test_start): 1.0
db insert success
tensor(0.3775)
tensor(0.3775)
(12, 5, 0, 1, 220000, 'elltwo', 'bitflip', 0.0004814425428207869, 0.0010000000474974513, 106.72867512702942, '2024-07-28 07:58:20', 4, 999)
pval: [0.001] -- 12th test, time elapsed 106.72867512702942 -- emperical power so far (from test_start): 1.0
db insert success
tensor(0.3775)
tensor(0.3775)
(13, 5, 0, 1, 220000, 'elltwo', 'bitflip', 0.00028984070030446674, 0.004000000189989805, 106.6719720363617, '2024-07-28 08:00:24', 4, 999)
pval: [0.004] -- 13th test, time elapsed 106.6719720363617 -- emperical power so far (from test_start): 1.0
db insert success
tensor(0.3775)
tensor(0.3775)
(14, 5, 0, 1, 220000, 'elltwo', 'bitflip', 0.0004824954186233299, 0.0010000000474974513, 106.7366030216217, '2024-07-28 08:02:14', 4, 999)
pval: [0.001] -- 14th test, time elapsed 106.7366030216217 -- emperical power so far (from test_start): 1.0
db insert success
tensor(0.3775)
tensor(0.3775)
(15, 5, 0, 1, 220000, 'elltwo', 'bitflip', 0.0003693893348781785, 0.0010000000474974513, 106.66318488121033, '2024-07-28 08:04:15', 4, 999)
pval: [0.001] -- 15th test, time elapsed 106.66318488121033 -- emperical power so far (from test_start): 1.0
db insert success
tensor(0.3775)
tensor(0.3775)
(16, 5, 0, 1, 220000, 'elltwo', 'bitflip', 0.00039054672191696227, 0.0010000000474974513, 106.62388372421265, '2024-07-28 08:06:13', 4, 999)
pval: [0.001] -- 16th test, time elapsed 106.62388372421265 -- emperical power so far (from test_start): 1.0
db insert success
tensor(0.3775)
tensor(0.3775)
(17, 5, 0, 1, 220000, 'elltwo', 'bitflip', 0.0003269817354976112, 0.0010000000474974513, 106.62082767486572, '2024-07-28 08:08:05', 4, 999)
pval: [0.001] -- 17th test, time elapsed 106.62082767486572 -- emperical power so far (from test_start): 1.0
db insert success
tensor(0.3775)
tensor(0.3775)
(18, 5, 0, 1, 220000, 'elltwo', 'bitflip', 0.0005482003691099635, 0.0010000000474974513, 106.63414478302002, '2024-07-28 08:09:57', 4, 999)
pval: [0.001] -- 18th test, time elapsed 106.63414478302002 -- emperical power so far (from test_start): 1.0
db insert success
tensor(0.3775)
tensor(0.3775)
(19, 5, 0, 1, 220000, 'elltwo', 'bitflip', 0.0002447343480866948, 0.007000000216066837, 106.80679106712341, '2024-07-28 08:11:49', 4, 999)
pval: [0.007] -- 19th test, time elapsed 106.80679106712341 -- emperical power so far (from test_start): 1.0
db insert success
tensor(0.3775)
tensor(0.3775)
(20, 5, 0, 1, 220000, 'elltwo', 'bitflip', 0.00028239213162351007, 0.004000000189989805, 106.83290195465088, '2024-07-28 08:13:37', 4, 999)
pval: [0.004] -- 20th test, time elapsed 106.83290195465088 -- emperical power so far (from test_start): 1.0
db insert success
tensor(0.3775)
tensor(0.3775)
(21, 5, 0, 1, 220000, 'elltwo', 'bitflip', 0.0006076651718558423, 0.0010000000474974513, 107.02235198020935, '2024-07-28 08:15:28', 4, 999)
pval: [0.001] -- 21th test, time elapsed 107.02235198020935 -- emperical power so far (from test_start): 1.0
db insert success
tensor(0.3775)
tensor(0.3775)
(22, 5, 0, 1, 220000, 'elltwo', 'bitflip', 0.00040508532867988833, 0.0010000000474974513, 107.29344177246094, '2024-07-28 08:17:23', 4, 999)
pval: [0.001] -- 22th test, time elapsed 107.29344177246094 -- emperical power so far (from test_start): 1.0
db insert success
tensor(0.3775)
tensor(0.3775)
(23, 5, 0, 1, 220000, 'elltwo', 'bitflip', 0.0005795712235681094, 0.0010000000474974513, 107.3827657699585, '2024-07-28 08:19:20', 4, 999)
pval: [0.001] -- 23th test, time elapsed 107.3827657699585 -- emperical power so far (from test_start): 1.0
db insert success
tensor(0.3775)
tensor(0.3775)
(24, 5, 0, 1, 220000, 'elltwo', 'bitflip', 0.0003248145602015029, 0.0010000000474974513, 107.34058690071106, '2024-07-28 08:21:15', 4, 999)
pval: [0.001] -- 24th test, time elapsed 107.34058690071106 -- emperical power so far (from test_start): 1.0
db insert success
tensor(0.3775)
tensor(0.3775)
(25, 5, 0, 1, 220000, 'elltwo', 'bitflip', 0.00032672528925559163, 0.0010000000474974513, 107.37459969520569, '2024-07-28 08:23:22', 4, 999)
pval: [0.001] -- 25th test, time elapsed 107.37459969520569 -- emperical power so far (from test_start): 1.0
db insert success
tensor(0.3775)
tensor(0.3775)
(26, 5, 0, 1, 220000, 'elltwo', 'bitflip', 0.000394260064865648, 0.0010000000474974513, 107.37147092819214, '2024-07-28 08:25:14', 4, 999)
pval: [0.001] -- 26th test, time elapsed 107.37147092819214 -- emperical power so far (from test_start): 1.0
db insert success
tensor(0.3775)
tensor(0.3775)
(27, 5, 0, 1, 220000, 'elltwo', 'bitflip', 0.0004846637947935051, 0.0010000000474974513, 106.87309074401855, '2024-07-28 08:27:11', 4, 999)
pval: [0.001] -- 27th test, time elapsed 106.87309074401855 -- emperical power so far (from test_start): 1.0
db insert success
tensor(0.3775)
tensor(0.3775)
(28, 5, 0, 1, 220000, 'elltwo', 'bitflip', 0.0002893333386850827, 0.005000000353902578, 106.83955478668213, '2024-07-28 08:29:15', 4, 999)
pval: [0.005] -- 28th test, time elapsed 106.83955478668213 -- emperical power so far (from test_start): 1.0
db insert success
tensor(0.3775)
tensor(0.3775)
(29, 5, 0, 1, 220000, 'elltwo', 'bitflip', 0.0005674162931654791, 0.0010000000474974513, 106.82296252250671, '2024-07-28 08:31:15', 4, 999)
pval: [0.001] -- 29th test, time elapsed 106.82296252250671 -- emperical power so far (from test_start): 1.0
db insert success
tensor(0.3775)
tensor(0.3775)
(30, 5, 0, 1, 220000, 'elltwo', 'bitflip', 0.0006608307378996869, 0.0010000000474974513, 106.76538372039795, '2024-07-28 08:33:13', 4, 999)
pval: [0.001] -- 30th test, time elapsed 106.76538372039795 -- emperical power so far (from test_start): 1.0
db insert success
tensor(0.3775)
tensor(0.3775)
(31, 5, 0, 1, 220000, 'elltwo', 'bitflip', 0.0005194023422063765, 0.0010000000474974513, 106.8492374420166, '2024-07-28 08:35:11', 4, 999)
pval: [0.001] -- 31th test, time elapsed 106.8492374420166 -- emperical power so far (from test_start): 1.0
db insert success
tensor(0.3775)
tensor(0.3775)
(32, 5, 0, 1, 220000, 'elltwo', 'bitflip', 0.0003759336639745925, 0.0010000000474974513, 106.7183301448822, '2024-07-28 08:37:01', 4, 999)
pval: [0.001] -- 32th test, time elapsed 106.7183301448822 -- emperical power so far (from test_start): 1.0
db insert success
tensor(0.3775)
tensor(0.3775)
(33, 5, 0, 1, 220000, 'elltwo', 'bitflip', 0.00021671761203378992, 0.013000000268220901, 106.85719752311707, '2024-07-28 08:38:56', 4, 999)
pval: [0.013] -- 33th test, time elapsed 106.85719752311707 -- emperical power so far (from test_start): 1.0
db insert success
tensor(0.3775)
tensor(0.3775)
(34, 5, 0, 1, 220000, 'elltwo', 'bitflip', 0.00042106690762011567, 0.0010000000474974513, 106.73585915565491, '2024-07-28 08:40:58', 4, 999)
pval: [0.001] -- 34th test, time elapsed 106.73585915565491 -- emperical power so far (from test_start): 1.0
db insert success
tensor(0.3775)
tensor(0.3775)
(35, 5, 0, 1, 220000, 'elltwo', 'bitflip', 0.0003333444783493178, 0.0010000000474974513, 106.66167211532593, '2024-07-28 08:43:01', 4, 999)
pval: [0.001] -- 35th test, time elapsed 106.66167211532593 -- emperical power so far (from test_start): 1.0
db insert success
tensor(0.3775)
tensor(0.3775)
(36, 5, 0, 1, 220000, 'elltwo', 'bitflip', 0.0004596724206749059, 0.0010000000474974513, 106.75922679901123, '2024-07-28 08:45:09', 4, 999)
pval: [0.001] -- 36th test, time elapsed 106.75922679901123 -- emperical power so far (from test_start): 1.0
db insert success
tensor(0.3775)
tensor(0.3775)
(37, 5, 0, 1, 220000, 'elltwo', 'bitflip', 0.00032857163665767075, 0.0020000000949949026, 106.73343062400818, '2024-07-28 08:46:58', 4, 999)
pval: [0.002] -- 37th test, time elapsed 106.73343062400818 -- emperical power so far (from test_start): 1.0
db insert success
tensor(0.3775)
tensor(0.3775)
(38, 5, 0, 1, 220000, 'elltwo', 'bitflip', 0.0005668512438887774, 0.0010000000474974513, 106.78570508956909, '2024-07-28 08:48:50', 4, 999)
pval: [0.001] -- 38th test, time elapsed 106.78570508956909 -- emperical power so far (from test_start): 1.0
db insert success
tensor(0.3775)
tensor(0.3775)
(39, 5, 0, 1, 220000, 'elltwo', 'bitflip', 0.0006198182554726372, 0.0010000000474974513, 106.79820728302002, '2024-07-28 08:50:55', 4, 999)
pval: [0.001] -- 39th test, time elapsed 106.79820728302002 -- emperical power so far (from test_start): 1.0
db insert success
tensor(0.3775)
tensor(0.3775)
(40, 5, 0, 1, 220000, 'elltwo', 'bitflip', 0.00023728065798422904, 0.010000000707805157, 106.81794261932373, '2024-07-28 08:52:56', 4, 999)
pval: [0.01] -- 40th test, time elapsed 106.81794261932373 -- emperical power so far (from test_start): 1.0
db insert success
tensor(0.3775)
tensor(0.3775)
(41, 5, 0, 1, 220000, 'elltwo', 'bitflip', 0.0005263063255256384, 0.0010000000474974513, 106.83854293823242, '2024-07-28 08:54:57', 4, 999)
pval: [0.001] -- 41th test, time elapsed 106.83854293823242 -- emperical power so far (from test_start): 1.0
db insert success
tensor(0.3775)
tensor(0.3775)
(42, 5, 0, 1, 220000, 'elltwo', 'bitflip', 0.0003352825162892259, 0.003000000026077032, 107.35816740989685, '2024-07-28 08:56:51', 4, 999)
pval: [0.003] -- 42th test, time elapsed 107.35816740989685 -- emperical power so far (from test_start): 1.0
db insert success
tensor(0.3775)
tensor(0.3775)
(43, 5, 0, 1, 220000, 'elltwo', 'bitflip', 0.00047177871562098517, 0.0010000000474974513, 107.29601740837097, '2024-07-28 08:58:43', 4, 999)
pval: [0.001] -- 43th test, time elapsed 107.29601740837097 -- emperical power so far (from test_start): 1.0
db insert success
tensor(0.3775)
tensor(0.3775)
(44, 5, 0, 1, 220000, 'elltwo', 'bitflip', 0.00040368257344880476, 0.0020000000949949026, 106.76648807525635, '2024-07-28 09:00:51', 4, 999)
pval: [0.002] -- 44th test, time elapsed 106.76648807525635 -- emperical power so far (from test_start): 1.0
db insert success
tensor(0.3775)
tensor(0.3775)
(45, 5, 0, 1, 220000, 'elltwo', 'bitflip', 0.000331806023154968, 0.0010000000474974513, 106.5818657875061, '2024-07-28 09:02:46', 4, 999)
pval: [0.001] -- 45th test, time elapsed 106.5818657875061 -- emperical power so far (from test_start): 1.0
db insert success
tensor(0.3775)
tensor(0.3775)
(46, 5, 0, 1, 220000, 'elltwo', 'bitflip', 0.0003693905730415281, 0.0010000000474974513, 106.72315335273743, '2024-07-28 09:04:39', 4, 999)
pval: [0.001] -- 46th test, time elapsed 106.72315335273743 -- emperical power so far (from test_start): 1.0
db insert success
tensor(0.3775)
tensor(0.3775)
(47, 5, 0, 1, 220000, 'elltwo', 'bitflip', 0.0005752278217414641, 0.0010000000474974513, 106.77880072593689, '2024-07-28 09:06:31', 4, 999)
pval: [0.001] -- 47th test, time elapsed 106.77880072593689 -- emperical power so far (from test_start): 1.0
db insert success
tensor(0.3775)
tensor(0.3775)
(48, 5, 0, 1, 220000, 'elltwo', 'bitflip', 0.0003885225057729258, 0.0010000000474974513, 106.70544958114624, '2024-07-28 09:08:25', 4, 999)
pval: [0.001] -- 48th test, time elapsed 106.70544958114624 -- emperical power so far (from test_start): 1.0
db insert success
tensor(0.3775)
tensor(0.3775)
(49, 5, 0, 1, 220000, 'elltwo', 'bitflip', 0.0006472448278600496, 0.0010000000474974513, 106.70560479164124, '2024-07-28 09:10:25', 4, 999)
pval: [0.001] -- 49th test, time elapsed 106.70560479164124 -- emperical power so far (from test_start): 1.0
db insert success
tensor(0.3775)
tensor(0.3775)
(50, 5, 0, 1, 220000, 'elltwo', 'bitflip', 0.0004018552751290372, 0.0010000000474974513, 106.66857051849365, '2024-07-28 09:12:19', 4, 999)
pval: [0.001] -- 50th test, time elapsed 106.66857051849365 -- emperical power so far (from test_start): 1.0
db insert success
tensor(0.3775)
tensor(0.3775)
(51, 5, 0, 1, 220000, 'elltwo', 'bitflip', 0.0004125005941091331, 0.0010000000474974513, 106.64802718162537, '2024-07-28 09:14:13', 4, 999)
pval: [0.001] -- 51th test, time elapsed 106.64802718162537 -- emperical power so far (from test_start): 1.0
db insert success
tensor(0.3775)
tensor(0.3775)
(52, 5, 0, 1, 220000, 'elltwo', 'bitflip', 0.0004064548909354926, 0.0010000000474974513, 106.62652015686035, '2024-07-28 09:16:01', 4, 999)
pval: [0.001] -- 52th test, time elapsed 106.62652015686035 -- emperical power so far (from test_start): 1.0
db insert success
tensor(0.3775)
tensor(0.3775)
(53, 5, 0, 1, 220000, 'elltwo', 'bitflip', 0.0005834509763076312, 0.0010000000474974513, 106.75548219680786, '2024-07-28 09:17:58', 4, 999)
pval: [0.001] -- 53th test, time elapsed 106.75548219680786 -- emperical power so far (from test_start): 1.0
db insert success
tensor(0.3775)
tensor(0.3775)
(54, 5, 0, 1, 220000, 'elltwo', 'bitflip', 0.0005136055785328608, 0.0010000000474974513, 106.67270183563232, '2024-07-28 09:19:46', 4, 999)
pval: [0.001] -- 54th test, time elapsed 106.67270183563232 -- emperical power so far (from test_start): 1.0
db insert success
tensor(0.3775)
tensor(0.3775)
(55, 5, 0, 1, 220000, 'elltwo', 'bitflip', 0.00039822165643954577, 0.0010000000474974513, 106.58203840255737, '2024-07-28 09:21:37', 4, 999)
pval: [0.001] -- 55th test, time elapsed 106.58203840255737 -- emperical power so far (from test_start): 1.0
db insert success
tensor(0.3775)
tensor(0.3775)
(56, 5, 0, 1, 220000, 'elltwo', 'bitflip', 0.00027222278828276103, 0.005000000353902578, 106.67613935470581, '2024-07-28 09:23:28', 4, 999)
pval: [0.005] -- 56th test, time elapsed 106.67613935470581 -- emperical power so far (from test_start): 1.0
db insert success
tensor(0.3775)
tensor(0.3775)
(57, 5, 0, 1, 220000, 'elltwo', 'bitflip', 0.0005342232826137661, 0.0010000000474974513, 106.70292615890503, '2024-07-28 09:25:23', 4, 999)
pval: [0.001] -- 57th test, time elapsed 106.70292615890503 -- emperical power so far (from test_start): 1.0
db insert success
tensor(0.3775)
tensor(0.3775)
(58, 5, 0, 1, 220000, 'elltwo', 'bitflip', 0.00032391070431003754, 0.0010000000474974513, 106.65419292449951, '2024-07-28 09:27:23', 4, 999)
pval: [0.001] -- 58th test, time elapsed 106.65419292449951 -- emperical power so far (from test_start): 1.0
db insert success
tensor(0.3775)
tensor(0.3775)
(59, 5, 0, 1, 220000, 'elltwo', 'bitflip', 0.0003649059671033683, 0.0010000000474974513, 106.64326095581055, '2024-07-28 09:29:19', 4, 999)
pval: [0.001] -- 59th test, time elapsed 106.64326095581055 -- emperical power so far (from test_start): 1.0
db insert success
tensor(0.3775)
tensor(0.3775)
(60, 5, 0, 1, 220000, 'elltwo', 'bitflip', 0.0004993069399574779, 0.0010000000474974513, 106.60462999343872, '2024-07-28 09:31:19', 4, 999)
pval: [0.001] -- 60th test, time elapsed 106.60462999343872 -- emperical power so far (from test_start): 1.0
db insert success
tensor(0.3775)
tensor(0.3775)
(61, 5, 0, 1, 220000, 'elltwo', 'bitflip', 0.0003578817364768838, 0.0010000000474974513, 106.71905899047852, '2024-07-28 09:33:19', 4, 999)
pval: [0.001] -- 61th test, time elapsed 106.71905899047852 -- emperical power so far (from test_start): 1.0
db insert success
tensor(0.3775)
tensor(0.3775)
(62, 5, 0, 1, 220000, 'elltwo', 'bitflip', 0.0004185321771501549, 0.0010000000474974513, 106.74214363098145, '2024-07-28 09:35:22', 4, 999)
pval: [0.001] -- 62th test, time elapsed 106.74214363098145 -- emperical power so far (from test_start): 1.0
db insert success
tensor(0.3775)
tensor(0.3775)
(63, 5, 0, 1, 220000, 'elltwo', 'bitflip', 0.0005463672569021583, 0.0010000000474974513, 106.75004768371582, '2024-07-28 09:37:20', 4, 999)
pval: [0.001] -- 63th test, time elapsed 106.75004768371582 -- emperical power so far (from test_start): 1.0
db insert success
tensor(0.3775)
tensor(0.3775)
(64, 5, 0, 1, 220000, 'elltwo', 'bitflip', 0.0003644496654260365, 0.0010000000474974513, 106.7108039855957, '2024-07-28 09:39:24', 4, 999)
pval: [0.001] -- 64th test, time elapsed 106.7108039855957 -- emperical power so far (from test_start): 1.0
db insert success
tensor(0.3775)
tensor(0.3775)
(65, 5, 0, 1, 220000, 'elltwo', 'bitflip', 0.0005029517504908654, 0.0010000000474974513, 106.69023132324219, '2024-07-28 09:41:30', 4, 999)
pval: [0.001] -- 65th test, time elapsed 106.69023132324219 -- emperical power so far (from test_start): 1.0
db insert success
tensor(0.3775)
tensor(0.3775)
(66, 5, 0, 1, 220000, 'elltwo', 'bitflip', 0.0005852654517752853, 0.0010000000474974513, 106.72634053230286, '2024-07-28 09:43:30', 4, 999)
pval: [0.001] -- 66th test, time elapsed 106.72634053230286 -- emperical power so far (from test_start): 1.0
db insert success
tensor(0.3775)
tensor(0.3775)
(67, 5, 0, 1, 220000, 'elltwo', 'bitflip', 0.0003269224703785767, 0.0010000000474974513, 106.62566924095154, '2024-07-28 09:45:25', 4, 999)
pval: [0.001] -- 67th test, time elapsed 106.62566924095154 -- emperical power so far (from test_start): 1.0
db insert success
tensor(0.3775)
tensor(0.3775)
(68, 5, 0, 1, 220000, 'elltwo', 'bitflip', 0.00046609080533244196, 0.0010000000474974513, 106.66565370559692, '2024-07-28 09:47:22', 4, 999)
pval: [0.001] -- 68th test, time elapsed 106.66565370559692 -- emperical power so far (from test_start): 1.0
db insert success
tensor(0.3775)
tensor(0.3775)
(69, 5, 0, 1, 220000, 'elltwo', 'bitflip', 0.0005854889852230372, 0.0010000000474974513, 106.72248864173889, '2024-07-28 09:49:11', 4, 999)
pval: [0.001] -- 69th test, time elapsed 106.72248864173889 -- emperical power so far (from test_start): 1.0
db insert success
tensor(0.3775)
tensor(0.3775)
(70, 5, 0, 1, 220000, 'elltwo', 'bitflip', 0.0005245800128932387, 0.0010000000474974513, 106.73047399520874, '2024-07-28 09:51:03', 4, 999)
pval: [0.001] -- 70th test, time elapsed 106.73047399520874 -- emperical power so far (from test_start): 1.0
db insert success
tensor(0.3775)
tensor(0.3775)
(71, 5, 0, 1, 220000, 'elltwo', 'bitflip', 0.0005108169082177483, 0.0010000000474974513, 106.85457372665405, '2024-07-28 09:53:03', 4, 999)
pval: [0.001] -- 71th test, time elapsed 106.85457372665405 -- emperical power so far (from test_start): 1.0
db insert success
tensor(0.3775)
tensor(0.3775)
(72, 5, 0, 1, 220000, 'elltwo', 'bitflip', 0.0003738159635986449, 0.0020000000949949026, 106.78071188926697, '2024-07-28 09:54:52', 4, 999)
pval: [0.002] -- 72th test, time elapsed 106.78071188926697 -- emperical power so far (from test_start): 1.0
db insert success
tensor(0.3775)
tensor(0.3775)
(73, 5, 0, 1, 220000, 'elltwo', 'bitflip', 0.0004662718840222624, 0.0010000000474974513, 106.65263438224792, '2024-07-28 09:56:40', 4, 999)
pval: [0.001] -- 73th test, time elapsed 106.65263438224792 -- emperical power so far (from test_start): 1.0
db insert success
tensor(0.3775)
tensor(0.3775)
(74, 5, 0, 1, 220000, 'elltwo', 'bitflip', 0.0005906331645633145, 0.0010000000474974513, 106.80551981925964, '2024-07-28 09:58:45', 4, 999)
pval: [0.001] -- 74th test, time elapsed 106.80551981925964 -- emperical power so far (from test_start): 1.0
db insert success
tensor(0.3775)
tensor(0.3775)
(75, 5, 0, 1, 220000, 'elltwo', 'bitflip', 0.000570001127073283, 0.0010000000474974513, 107.32539772987366, '2024-07-28 10:00:41', 4, 999)
pval: [0.001] -- 75th test, time elapsed 107.32539772987366 -- emperical power so far (from test_start): 1.0
db insert success
tensor(0.3775)
tensor(0.3775)
(76, 5, 0, 1, 220000, 'elltwo', 'bitflip', 0.0002798269044888002, 0.004000000189989805, 107.31776738166809, '2024-07-28 10:02:40', 4, 999)
pval: [0.004] -- 76th test, time elapsed 107.31776738166809 -- emperical power so far (from test_start): 1.0
db insert success
tensor(0.3775)
tensor(0.3775)
(77, 5, 0, 1, 220000, 'elltwo', 'bitflip', 0.0004092573398679633, 0.0010000000474974513, 107.35350012779236, '2024-07-28 10:04:42', 4, 999)
pval: [0.001] -- 77th test, time elapsed 107.35350012779236 -- emperical power so far (from test_start): 1.0
db insert success
tensor(0.3775)
tensor(0.3775)
(78, 5, 0, 1, 220000, 'elltwo', 'bitflip', 0.00044245363619666023, 0.0010000000474974513, 107.28740978240967, '2024-07-28 10:06:44', 4, 999)
pval: [0.001] -- 78th test, time elapsed 107.28740978240967 -- emperical power so far (from test_start): 1.0
db insert success
tensor(0.3775)
tensor(0.3775)
(79, 5, 0, 1, 220000, 'elltwo', 'bitflip', 0.00032893821060042683, 0.0020000000949949026, 107.27621483802795, '2024-07-28 10:08:32', 4, 999)
pval: [0.002] -- 79th test, time elapsed 107.27621483802795 -- emperical power so far (from test_start): 1.0
db insert success
tensor(0.3775)
tensor(0.3775)
(80, 5, 0, 1, 220000, 'elltwo', 'bitflip', 0.0004177622599854658, 0.0010000000474974513, 107.38089036941528, '2024-07-28 10:10:36', 4, 999)
pval: [0.001] -- 80th test, time elapsed 107.38089036941528 -- emperical power so far (from test_start): 1.0
db insert success
tensor(0.3775)
tensor(0.3775)
(81, 5, 0, 1, 220000, 'elltwo', 'bitflip', 0.0004875748527410906, 0.0010000000474974513, 107.32424974441528, '2024-07-28 10:12:32', 4, 999)
pval: [0.001] -- 81th test, time elapsed 107.32424974441528 -- emperical power so far (from test_start): 1.0
db insert success
tensor(0.3775)
tensor(0.3775)
(82, 5, 0, 1, 220000, 'elltwo', 'bitflip', 0.00047130944568607447, 0.0010000000474974513, 106.77761316299438, '2024-07-28 10:14:27', 4, 999)
pval: [0.001] -- 82th test, time elapsed 106.77761316299438 -- emperical power so far (from test_start): 1.0
db insert success
tensor(0.3775)
tensor(0.3775)
(83, 5, 0, 1, 220000, 'elltwo', 'bitflip', 0.00030820859353752894, 0.0020000000949949026, 106.6987099647522, '2024-07-28 10:16:32', 4, 999)
pval: [0.002] -- 83th test, time elapsed 106.6987099647522 -- emperical power so far (from test_start): 1.0
db insert success
tensor(0.3775)
tensor(0.3775)
(84, 5, 0, 1, 220000, 'elltwo', 'bitflip', 0.00035713679415039223, 0.0010000000474974513, 106.70119500160217, '2024-07-28 10:18:34', 4, 999)
pval: [0.001] -- 84th test, time elapsed 106.70119500160217 -- emperical power so far (from test_start): 1.0
db insert success
tensor(0.3775)
tensor(0.3775)
(85, 5, 0, 1, 220000, 'elltwo', 'bitflip', 0.0005514651504086032, 0.0010000000474974513, 107.32310009002686, '2024-07-28 10:20:29', 4, 999)
pval: [0.001] -- 85th test, time elapsed 107.32310009002686 -- emperical power so far (from test_start): 1.0
db insert success
tensor(0.3775)
tensor(0.3775)
(86, 5, 0, 1, 220000, 'elltwo', 'bitflip', 0.0004176201427981141, 0.0010000000474974513, 107.35001873970032, '2024-07-28 10:22:19', 4, 999)
pval: [0.001] -- 86th test, time elapsed 107.35001873970032 -- emperical power so far (from test_start): 1.0
db insert success
tensor(0.3775)
tensor(0.3775)
(87, 5, 0, 1, 220000, 'elltwo', 'bitflip', 5.245899092187756e-05, 0.281000018119812, 107.30184435844421, '2024-07-28 10:24:19', 4, 999)
pval: [0.28100002] -- 87th test, time elapsed 107.30184435844421 -- emperical power so far (from test_start): 0.9885057471264368
db insert success
tensor(0.3775)
tensor(0.3775)
(88, 5, 0, 1, 220000, 'elltwo', 'bitflip', 0.0005472774312238471, 0.0010000000474974513, 107.12420082092285, '2024-07-28 10:26:08', 4, 999)
pval: [0.001] -- 88th test, time elapsed 107.12420082092285 -- emperical power so far (from test_start): 0.9886363636363636
db insert success
tensor(0.3775)
tensor(0.3775)
(89, 5, 0, 1, 220000, 'elltwo', 'bitflip', 0.00022434752713706985, 0.012000000104308128, 106.71620845794678, '2024-07-28 10:28:12', 4, 999)
pval: [0.012] -- 89th test, time elapsed 106.71620845794678 -- emperical power so far (from test_start): 0.9887640449438202
db insert success
tensor(0.3775)
tensor(0.3775)
(90, 5, 0, 1, 220000, 'elltwo', 'bitflip', 0.0004962599123246036, 0.0010000000474974513, 106.62983632087708, '2024-07-28 10:30:12', 4, 999)
pval: [0.001] -- 90th test, time elapsed 106.62983632087708 -- emperical power so far (from test_start): 0.9888888888888889
db insert success
tensor(0.3775)
tensor(0.3775)
(91, 5, 0, 1, 220000, 'elltwo', 'bitflip', 0.0004799036783538213, 0.0010000000474974513, 106.57303667068481, '2024-07-28 10:32:09', 4, 999)
pval: [0.001] -- 91th test, time elapsed 106.57303667068481 -- emperical power so far (from test_start): 0.989010989010989
db insert success
tensor(0.3775)
tensor(0.3775)
(92, 5, 0, 1, 220000, 'elltwo', 'bitflip', 0.0005599003613383502, 0.0010000000474974513, 106.60121083259583, '2024-07-28 10:34:05', 4, 999)
pval: [0.001] -- 92th test, time elapsed 106.60121083259583 -- emperical power so far (from test_start): 0.9891304347826086
db insert success
tensor(0.3775)
tensor(0.3775)
(93, 5, 0, 1, 220000, 'elltwo', 'bitflip', 0.0007416714241799127, 0.0010000000474974513, 106.53638219833374, '2024-07-28 10:36:06', 4, 999)
pval: [0.001] -- 93th test, time elapsed 106.53638219833374 -- emperical power so far (from test_start): 0.989247311827957
db insert success
tensor(0.3775)
tensor(0.3775)
(94, 5, 0, 1, 220000, 'elltwo', 'bitflip', 0.0005206093175615933, 0.0010000000474974513, 106.55138158798218, '2024-07-28 10:38:12', 4, 999)
pval: [0.001] -- 94th test, time elapsed 106.55138158798218 -- emperical power so far (from test_start): 0.9893617021276596
db insert success
tensor(0.3775)
tensor(0.3775)
(95, 5, 0, 1, 220000, 'elltwo', 'bitflip', 0.00044060997936412605, 0.0010000000474974513, 106.57345366477966, '2024-07-28 10:40:09', 4, 999)
pval: [0.001] -- 95th test, time elapsed 106.57345366477966 -- emperical power so far (from test_start): 0.9894736842105263
db insert success
tensor(0.3775)
tensor(0.3775)
(96, 5, 0, 1, 220000, 'elltwo', 'bitflip', 0.0006633138117422277, 0.0010000000474974513, 106.57280898094177, '2024-07-28 10:42:06', 4, 999)
pval: [0.001] -- 96th test, time elapsed 106.57280898094177 -- emperical power so far (from test_start): 0.9895833333333334
db insert success
tensor(0.3775)
tensor(0.3775)
(97, 5, 0, 1, 220000, 'elltwo', 'bitflip', 0.00040423702108682846, 0.0010000000474974513, 106.8605785369873, '2024-07-28 10:44:00', 4, 999)
pval: [0.001] -- 97th test, time elapsed 106.8605785369873 -- emperical power so far (from test_start): 0.9896907216494846
db insert success
tensor(0.3775)
tensor(0.3775)
(98, 5, 0, 1, 220000, 'elltwo', 'bitflip', 0.0006109295783858215, 0.0010000000474974513, 107.21753334999084, '2024-07-28 10:46:06', 4, 999)
pval: [0.001] -- 98th test, time elapsed 107.21753334999084 -- emperical power so far (from test_start): 0.9897959183673469
db insert success
tensor(0.3775)
tensor(0.3775)
(99, 5, 0, 1, 220000, 'elltwo', 'bitflip', 0.0005100239293938102, 0.0010000000474974513, 107.21657752990723, '2024-07-28 10:48:08', 4, 999)
pval: [0.001] -- 99th test, time elapsed 107.21657752990723 -- emperical power so far (from test_start): 0.98989898989899
db insert success
tensor(0.3775)
tensor(0.3775)
(100, 5, 0, 1, 220000, 'elltwo', 'bitflip', 0.0003876212286400005, 0.0010000000474974513, 107.26909041404724, '2024-07-28 10:49:56', 4, 999)
pval: [0.001] -- 100th test, time elapsed 107.26909041404724 -- emperical power so far (from test_start): 0.99
db insert success
tensor(0.3775)
tensor(0.3775)
(101, 5, 0, 1, 220000, 'elltwo', 'bitflip', 0.00038192052392105325, 0.0010000000474974513, 107.27548885345459, '2024-07-28 10:52:04', 4, 999)
pval: [0.001] -- 101th test, time elapsed 107.27548885345459 -- emperical power so far (from test_start): 0.9900990099009901
db insert success
tensor(0.3775)
tensor(0.3775)
(102, 5, 0, 1, 220000, 'elltwo', 'bitflip', 0.0005438181337353853, 0.0010000000474974513, 107.26081275939941, '2024-07-28 10:54:02', 4, 999)
pval: [0.001] -- 102th test, time elapsed 107.26081275939941 -- emperical power so far (from test_start): 0.9901960784313726
db insert success
tensor(0.3775)
tensor(0.3775)
(103, 5, 0, 1, 220000, 'elltwo', 'bitflip', 0.0006522419123484724, 0.0010000000474974513, 107.20093631744385, '2024-07-28 10:56:09', 4, 999)
pval: [0.001] -- 103th test, time elapsed 107.20093631744385 -- emperical power so far (from test_start): 0.9902912621359223
db insert success
tensor(0.3775)
tensor(0.3775)
(104, 5, 0, 1, 220000, 'elltwo', 'bitflip', 0.0004031527712982097, 0.0010000000474974513, 107.21546053886414, '2024-07-28 10:58:01', 4, 999)
pval: [0.001] -- 104th test, time elapsed 107.21546053886414 -- emperical power so far (from test_start): 0.9903846153846154
db insert success
tensor(0.3775)
tensor(0.3775)
(105, 5, 0, 1, 220000, 'elltwo', 'bitflip', 0.0004386404258980292, 0.0010000000474974513, 106.70375847816467, '2024-07-28 11:00:02', 4, 999)
pval: [0.001] -- 105th test, time elapsed 106.70375847816467 -- emperical power so far (from test_start): 0.9904761904761905
db insert success
tensor(0.3775)
tensor(0.3775)
(106, 5, 0, 1, 220000, 'elltwo', 'bitflip', 0.00026934351762974984, 0.007000000216066837, 106.6188633441925, '2024-07-28 11:01:53', 4, 999)
pval: [0.007] -- 106th test, time elapsed 106.6188633441925 -- emperical power so far (from test_start): 0.9905660377358491
db insert success
tensor(0.3775)
tensor(0.3775)
(107, 5, 0, 1, 220000, 'elltwo', 'bitflip', 0.0005034627620261745, 0.0010000000474974513, 106.55200624465942, '2024-07-28 11:03:58', 4, 999)
pval: [0.001] -- 107th test, time elapsed 106.55200624465942 -- emperical power so far (from test_start): 0.9906542056074766
db insert success
tensor(0.3775)
tensor(0.3775)
(108, 5, 0, 1, 220000, 'elltwo', 'bitflip', 0.00034627472808779203, 0.0010000000474974513, 106.52672266960144, '2024-07-28 11:05:58', 4, 999)
pval: [0.001] -- 108th test, time elapsed 106.52672266960144 -- emperical power so far (from test_start): 0.9907407407407407
db insert success
tensor(0.3775)
tensor(0.3775)
(109, 5, 0, 1, 220000, 'elltwo', 'bitflip', 0.0003985360640967883, 0.0010000000474974513, 106.5662055015564, '2024-07-28 11:07:58', 4, 999)
pval: [0.001] -- 109th test, time elapsed 106.5662055015564 -- emperical power so far (from test_start): 0.9908256880733946
db insert success
tensor(0.3775)
tensor(0.3775)
(110, 5, 0, 1, 220000, 'elltwo', 'bitflip', 0.0003285863693918145, 0.0010000000474974513, 106.61551237106323, '2024-07-28 11:09:46', 4, 999)
pval: [0.001] -- 110th test, time elapsed 106.61551237106323 -- emperical power so far (from test_start): 0.990909090909091
db insert success
tensor(0.3775)
tensor(0.3775)
(111, 5, 0, 1, 220000, 'elltwo', 'bitflip', 0.000545102793694241, 0.0010000000474974513, 106.58969116210938, '2024-07-28 11:11:48', 4, 999)
pval: [0.001] -- 111th test, time elapsed 106.58969116210938 -- emperical power so far (from test_start): 0.990990990990991
db insert success
tensor(0.3775)
tensor(0.3775)
(112, 5, 0, 1, 220000, 'elltwo', 'bitflip', 0.0003456927236697993, 0.0010000000474974513, 106.61461472511292, '2024-07-28 11:13:39', 4, 999)
pval: [0.001] -- 112th test, time elapsed 106.61461472511292 -- emperical power so far (from test_start): 0.9910714285714286
db insert success
tensor(0.3775)
tensor(0.3775)
(113, 5, 0, 1, 220000, 'elltwo', 'bitflip', 0.0005429436863551018, 0.0010000000474974513, 106.61991262435913, '2024-07-28 11:15:28', 4, 999)
pval: [0.001] -- 113th test, time elapsed 106.61991262435913 -- emperical power so far (from test_start): 0.9911504424778761
db insert success
tensor(0.3775)
tensor(0.3775)
(114, 5, 0, 1, 220000, 'elltwo', 'bitflip', 0.00035121909411373053, 0.0020000000949949026, 106.64718842506409, '2024-07-28 11:17:27', 4, 999)
pval: [0.002] -- 114th test, time elapsed 106.64718842506409 -- emperical power so far (from test_start): 0.9912280701754386
db insert success
tensor(0.3775)
tensor(0.3775)
(115, 5, 0, 1, 220000, 'elltwo', 'bitflip', 0.0006111218344244662, 0.0010000000474974513, 106.60946846008301, '2024-07-28 11:19:23', 4, 999)
pval: [0.001] -- 115th test, time elapsed 106.60946846008301 -- emperical power so far (from test_start): 0.991304347826087
db insert success
tensor(0.3775)
tensor(0.3775)
(116, 5, 0, 1, 220000, 'elltwo', 'bitflip', 0.00031850601158112113, 0.0020000000949949026, 106.56376051902771, '2024-07-28 11:21:21', 4, 999)
pval: [0.002] -- 116th test, time elapsed 106.56376051902771 -- emperical power so far (from test_start): 0.9913793103448276
db insert success
tensor(0.3775)
tensor(0.3775)
(117, 5, 0, 1, 220000, 'elltwo', 'bitflip', 0.0005217536286181712, 0.0010000000474974513, 106.49767184257507, '2024-07-28 11:23:09', 4, 999)
pval: [0.001] -- 117th test, time elapsed 106.49767184257507 -- emperical power so far (from test_start): 0.9914529914529915
db insert success
tensor(0.3775)
tensor(0.3775)
(118, 5, 0, 1, 220000, 'elltwo', 'bitflip', 0.0005879336799807788, 0.0010000000474974513, 106.68574357032776, '2024-07-28 11:25:01', 4, 999)
pval: [0.001] -- 118th test, time elapsed 106.68574357032776 -- emperical power so far (from test_start): 0.9915254237288136
db insert success
tensor(0.3775)
tensor(0.3775)
(119, 5, 0, 1, 220000, 'elltwo', 'bitflip', 0.0006210910167965267, 0.0010000000474974513, 106.66981482505798, '2024-07-28 11:27:03', 4, 999)
pval: [0.001] -- 119th test, time elapsed 106.66981482505798 -- emperical power so far (from test_start): 0.9915966386554622
db insert success
tensor(0.3775)
tensor(0.3775)
(120, 5, 0, 1, 220000, 'elltwo', 'bitflip', 0.0005899284001316119, 0.0010000000474974513, 106.63681960105896, '2024-07-28 11:29:10', 4, 999)
pval: [0.001] -- 120th test, time elapsed 106.63681960105896 -- emperical power so far (from test_start): 0.9916666666666667
db insert success
tensor(0.3775)
tensor(0.3775)
(121, 5, 0, 1, 220000, 'elltwo', 'bitflip', 0.0006618038050305586, 0.0010000000474974513, 106.59520030021667, '2024-07-28 11:31:15', 4, 999)
pval: [0.001] -- 121th test, time elapsed 106.59520030021667 -- emperical power so far (from test_start): 0.9917355371900827
db insert success
tensor(0.3775)
tensor(0.3775)
(122, 5, 0, 1, 220000, 'elltwo', 'bitflip', 0.0005054663241708113, 0.0010000000474974513, 106.54954981803894, '2024-07-28 11:33:22', 4, 999)
pval: [0.001] -- 122th test, time elapsed 106.54954981803894 -- emperical power so far (from test_start): 0.9918032786885246
db insert success
tensor(0.3775)
tensor(0.3775)
(123, 5, 0, 1, 220000, 'elltwo', 'bitflip', 0.00039752676542548215, 0.0020000000949949026, 106.63458967208862, '2024-07-28 11:35:20', 4, 999)
pval: [0.002] -- 123th test, time elapsed 106.63458967208862 -- emperical power so far (from test_start): 0.991869918699187
db insert success
tensor(0.3775)
tensor(0.3775)
(124, 5, 0, 1, 220000, 'elltwo', 'bitflip', 0.0005257474559243747, 0.0010000000474974513, 106.61301612854004, '2024-07-28 11:37:12', 4, 999)
pval: [0.001] -- 124th test, time elapsed 106.61301612854004 -- emperical power so far (from test_start): 0.9919354838709677
db insert success
tensor(0.3775)
tensor(0.3775)
(125, 5, 0, 1, 220000, 'elltwo', 'bitflip', 0.0003119916085552177, 0.0020000000949949026, 106.76089549064636, '2024-07-28 11:39:09', 4, 999)
pval: [0.002] -- 125th test, time elapsed 106.76089549064636 -- emperical power so far (from test_start): 0.992
db insert success
tensor(0.3775)
tensor(0.3775)
(126, 5, 0, 1, 220000, 'elltwo', 'bitflip', 0.0006127479430233507, 0.0010000000474974513, 106.77131390571594, '2024-07-28 11:41:07', 4, 999)
pval: [0.001] -- 126th test, time elapsed 106.77131390571594 -- emperical power so far (from test_start): 0.9920634920634921
db insert success
tensor(0.3775)
tensor(0.3775)
(127, 5, 0, 1, 220000, 'elltwo', 'bitflip', 0.000534410703892263, 0.0010000000474974513, 106.83426904678345, '2024-07-28 11:43:03', 4, 999)
pval: [0.001] -- 127th test, time elapsed 106.83426904678345 -- emperical power so far (from test_start): 0.9921259842519685
db insert success
tensor(0.3775)
tensor(0.3775)
(128, 5, 0, 1, 220000, 'elltwo', 'bitflip', 0.00044028499303294666, 0.0010000000474974513, 106.97051000595093, '2024-07-28 11:44:55', 4, 999)
pval: [0.001] -- 128th test, time elapsed 106.97051000595093 -- emperical power so far (from test_start): 0.9921875
db insert success
tensor(0.3775)
tensor(0.3775)
(129, 5, 0, 1, 220000, 'elltwo', 'bitflip', 0.0006570096344944432, 0.0010000000474974513, 107.4015200138092, '2024-07-28 11:46:46', 4, 999)
pval: [0.001] -- 129th test, time elapsed 107.4015200138092 -- emperical power so far (from test_start): 0.9922480620155039
db insert success
tensor(0.3775)
tensor(0.3775)
(130, 5, 0, 1, 220000, 'elltwo', 'bitflip', 0.0006536062722375391, 0.0010000000474974513, 106.99925684928894, '2024-07-28 11:48:43', 4, 999)
pval: [0.001] -- 130th test, time elapsed 106.99925684928894 -- emperical power so far (from test_start): 0.9923076923076923
db insert success
tensor(0.3775)
tensor(0.3775)
(131, 5, 0, 1, 220000, 'elltwo', 'bitflip', 0.00038957891337076944, 0.0010000000474974513, 106.85429978370667, '2024-07-28 11:50:46', 4, 999)
pval: [0.001] -- 131th test, time elapsed 106.85429978370667 -- emperical power so far (from test_start): 0.9923664122137404
db insert success
tensor(0.3775)
tensor(0.3775)
(132, 5, 0, 1, 220000, 'elltwo', 'bitflip', 0.00042249730034882305, 0.0010000000474974513, 106.9225709438324, '2024-07-28 11:52:40', 4, 999)
pval: [0.001] -- 132th test, time elapsed 106.9225709438324 -- emperical power so far (from test_start): 0.9924242424242424
db insert success
tensor(0.3775)
tensor(0.3775)
(133, 5, 0, 1, 220000, 'elltwo', 'bitflip', 0.0003110653717612877, 0.003000000026077032, 106.80299758911133, '2024-07-28 11:54:42', 4, 999)
pval: [0.003] -- 133th test, time elapsed 106.80299758911133 -- emperical power so far (from test_start): 0.9924812030075187
db insert success
tensor(0.3775)
tensor(0.3775)
(134, 5, 0, 1, 220000, 'elltwo', 'bitflip', 0.00037779928345571534, 0.0020000000949949026, 106.83779335021973, '2024-07-28 11:56:48', 4, 999)
pval: [0.002] -- 134th test, time elapsed 106.83779335021973 -- emperical power so far (from test_start): 0.9925373134328358
db insert success
tensor(0.3775)
tensor(0.3775)
(135, 5, 0, 1, 220000, 'elltwo', 'bitflip', 0.0004475245592630017, 0.0010000000474974513, 106.77380394935608, '2024-07-28 11:58:55', 4, 999)
pval: [0.001] -- 135th test, time elapsed 106.77380394935608 -- emperical power so far (from test_start): 0.9925925925925926
db insert success
tensor(0.3775)
tensor(0.3775)
(136, 5, 0, 1, 220000, 'elltwo', 'bitflip', 0.0002729898581605994, 0.004000000189989805, 106.90890526771545, '2024-07-28 12:00:50', 4, 999)
pval: [0.004] -- 136th test, time elapsed 106.90890526771545 -- emperical power so far (from test_start): 0.9926470588235294
db insert success
tensor(0.3775)
tensor(0.3775)
(137, 5, 0, 1, 220000, 'elltwo', 'bitflip', 0.000499350372592744, 0.0010000000474974513, 107.38449597358704, '2024-07-28 12:02:57', 4, 999)
pval: [0.001] -- 137th test, time elapsed 107.38449597358704 -- emperical power so far (from test_start): 0.9927007299270073
db insert success
tensor(0.3775)
tensor(0.3775)
(138, 5, 0, 1, 220000, 'elltwo', 'bitflip', 0.0005453593988704597, 0.0010000000474974513, 107.17196464538574, '2024-07-28 12:04:50', 4, 999)
pval: [0.001] -- 138th test, time elapsed 107.17196464538574 -- emperical power so far (from test_start): 0.9927536231884058
db insert success
tensor(0.3775)
tensor(0.3775)
(139, 5, 0, 1, 220000, 'elltwo', 'bitflip', 0.0004479808421820053, 0.0010000000474974513, 106.96643471717834, '2024-07-28 12:06:38', 4, 999)
pval: [0.001] -- 139th test, time elapsed 106.96643471717834 -- emperical power so far (from test_start): 0.9928057553956835
db insert success
tensor(0.3775)
tensor(0.3775)
(140, 5, 0, 1, 220000, 'elltwo', 'bitflip', 0.0003491804695272549, 0.0010000000474974513, 106.91660618782043, '2024-07-28 12:08:28', 4, 999)
pval: [0.001] -- 140th test, time elapsed 106.91660618782043 -- emperical power so far (from test_start): 0.9928571428571429
db insert success
tensor(0.3775)
tensor(0.3775)
(141, 5, 0, 1, 220000, 'elltwo', 'bitflip', 0.00037987341795542306, 0.0010000000474974513, 106.7818992137909, '2024-07-28 12:10:32', 4, 999)
pval: [0.001] -- 141th test, time elapsed 106.7818992137909 -- emperical power so far (from test_start): 0.9929078014184397
db insert success
tensor(0.3775)
tensor(0.3775)
(142, 5, 0, 1, 220000, 'elltwo', 'bitflip', 0.00039458997326846657, 0.0010000000474974513, 106.91258025169373, '2024-07-28 12:12:31', 4, 999)
pval: [0.001] -- 142th test, time elapsed 106.91258025169373 -- emperical power so far (from test_start): 0.9929577464788732
db insert success
tensor(0.3775)
tensor(0.3775)
(143, 5, 0, 1, 220000, 'elltwo', 'bitflip', 0.0004165574259218374, 0.0010000000474974513, 107.46370363235474, '2024-07-28 12:14:31', 4, 999)
pval: [0.001] -- 143th test, time elapsed 107.46370363235474 -- emperical power so far (from test_start): 0.993006993006993
db insert success
tensor(0.3775)
tensor(0.3775)
(144, 5, 0, 1, 220000, 'elltwo', 'bitflip', 0.0004822814078124793, 0.0010000000474974513, 107.29687762260437, '2024-07-28 12:16:26', 4, 999)
pval: [0.001] -- 144th test, time elapsed 107.29687762260437 -- emperical power so far (from test_start): 0.9930555555555556
db insert success
tensor(0.3775)
tensor(0.3775)
(145, 5, 0, 1, 220000, 'elltwo', 'bitflip', 0.0005333547350687695, 0.0010000000474974513, 106.74918293952942, '2024-07-28 12:18:18', 4, 999)
pval: [0.001] -- 145th test, time elapsed 106.74918293952942 -- emperical power so far (from test_start): 0.993103448275862
db insert success
tensor(0.3775)
tensor(0.3775)
(146, 5, 0, 1, 220000, 'elltwo', 'bitflip', 0.00020192129619545085, 0.017000000923871994, 106.6932442188263, '2024-07-28 12:20:16', 4, 999)
pval: [0.017] -- 146th test, time elapsed 106.6932442188263 -- emperical power so far (from test_start): 0.9931506849315068
db insert success
tensor(0.3775)
tensor(0.3775)
(147, 5, 0, 1, 220000, 'elltwo', 'bitflip', 0.0003563610628702918, 0.0010000000474974513, 106.71214175224304, '2024-07-28 12:22:23', 4, 999)
pval: [0.001] -- 147th test, time elapsed 106.71214175224304 -- emperical power so far (from test_start): 0.9931972789115646
db insert success
tensor(0.3775)
tensor(0.3775)
(148, 5, 0, 1, 220000, 'elltwo', 'bitflip', 0.0004629560038438285, 0.0010000000474974513, 106.68335175514221, '2024-07-28 12:24:12', 4, 999)
pval: [0.001] -- 148th test, time elapsed 106.68335175514221 -- emperical power so far (from test_start): 0.9932432432432432
db insert success
tensor(0.3775)
tensor(0.3775)
(149, 5, 0, 1, 220000, 'elltwo', 'bitflip', 0.0005083013441549156, 0.0010000000474974513, 106.856520652771, '2024-07-28 12:26:13', 4, 999)
pval: [0.001] -- 149th test, time elapsed 106.856520652771 -- emperical power so far (from test_start): 0.9932885906040269
db insert success
tensor(0.3775)
tensor(0.3775)
(150, 5, 0, 1, 220000, 'elltwo', 'bitflip', 0.0005178407919288475, 0.0010000000474974513, 107.31529974937439, '2024-07-28 12:28:09', 4, 999)
pval: [0.001] -- 150th test, time elapsed 107.31529974937439 -- emperical power so far (from test_start): 0.9933333333333333
db insert success
tensor(0.3775)
tensor(0.3775)
(151, 5, 0, 1, 220000, 'elltwo', 'bitflip', 0.00042220957413974247, 0.0020000000949949026, 106.61268901824951, '2024-07-28 12:30:01', 4, 999)
pval: [0.002] -- 151th test, time elapsed 106.61268901824951 -- emperical power so far (from test_start): 0.9933774834437086
db insert success
tensor(0.3775)
tensor(0.3775)
(152, 5, 0, 1, 220000, 'elltwo', 'bitflip', 0.00043831343276679036, 0.0010000000474974513, 106.63847780227661, '2024-07-28 12:31:49', 4, 999)
pval: [0.001] -- 152th test, time elapsed 106.63847780227661 -- emperical power so far (from test_start): 0.993421052631579
db insert success
tensor(0.3775)
tensor(0.3775)
(153, 5, 0, 1, 220000, 'elltwo', 'bitflip', 0.0005200791529205162, 0.0010000000474974513, 106.69984292984009, '2024-07-28 12:33:39', 4, 999)
pval: [0.001] -- 153th test, time elapsed 106.69984292984009 -- emperical power so far (from test_start): 0.9934640522875817
db insert success
tensor(0.3775)
tensor(0.3775)
(154, 5, 0, 1, 220000, 'elltwo', 'bitflip', 0.0005281176282778688, 0.0010000000474974513, 106.70659756660461, '2024-07-28 12:35:34', 4, 999)
pval: [0.001] -- 154th test, time elapsed 106.70659756660461 -- emperical power so far (from test_start): 0.9935064935064936
db insert success
tensor(0.3775)
tensor(0.3775)
(155, 5, 0, 1, 220000, 'elltwo', 'bitflip', 0.0006263174586251807, 0.0010000000474974513, 106.69843602180481, '2024-07-28 12:37:34', 4, 999)
pval: [0.001] -- 155th test, time elapsed 106.69843602180481 -- emperical power so far (from test_start): 0.9935483870967742
db insert success
tensor(0.3775)
tensor(0.3775)
(156, 5, 0, 1, 220000, 'elltwo', 'bitflip', 0.0006252076778991977, 0.0010000000474974513, 106.71491765975952, '2024-07-28 12:39:30', 4, 999)
pval: [0.001] -- 156th test, time elapsed 106.71491765975952 -- emperical power so far (from test_start): 0.9935897435897436
db insert success
tensor(0.3775)
tensor(0.3775)
(157, 5, 0, 1, 220000, 'elltwo', 'bitflip', 0.0005853500152284141, 0.0010000000474974513, 106.70778918266296, '2024-07-28 12:41:30', 4, 999)
pval: [0.001] -- 157th test, time elapsed 106.70778918266296 -- emperical power so far (from test_start): 0.9936305732484076
db insert success
tensor(0.3775)
tensor(0.3775)
(158, 5, 0, 1, 220000, 'elltwo', 'bitflip', 0.0004925564459767884, 0.0010000000474974513, 106.73041129112244, '2024-07-28 12:43:28', 4, 999)
pval: [0.001] -- 158th test, time elapsed 106.73041129112244 -- emperical power so far (from test_start): 0.9936708860759493
db insert success
tensor(0.3775)
tensor(0.3775)
(159, 5, 0, 1, 220000, 'elltwo', 'bitflip', 0.0002690521185968464, 0.0020000000949949026, 106.6363878250122, '2024-07-28 12:45:29', 4, 999)
pval: [0.002] -- 159th test, time elapsed 106.6363878250122 -- emperical power so far (from test_start): 0.9937106918238994
db insert success
tensor(0.3775)
tensor(0.3775)
(160, 5, 0, 1, 220000, 'elltwo', 'bitflip', 0.0003664047231382028, 0.0010000000474974513, 106.62055444717407, '2024-07-28 12:47:36', 4, 999)
pval: [0.001] -- 160th test, time elapsed 106.62055444717407 -- emperical power so far (from test_start): 0.99375
db insert success
tensor(0.3775)
tensor(0.3775)
(161, 5, 0, 1, 220000, 'elltwo', 'bitflip', 0.00034419375748484526, 0.0010000000474974513, 107.13741540908813, '2024-07-28 12:49:41', 4, 999)
pval: [0.001] -- 161th test, time elapsed 107.13741540908813 -- emperical power so far (from test_start): 0.9937888198757764
db insert success
tensor(0.3775)
tensor(0.3775)
(162, 5, 0, 1, 220000, 'elltwo', 'bitflip', 0.0004883702325741979, 0.0010000000474974513, 107.29624438285828, '2024-07-28 12:51:30', 4, 999)
pval: [0.001] -- 162th test, time elapsed 107.29624438285828 -- emperical power so far (from test_start): 0.9938271604938271
db insert success
tensor(0.3775)
tensor(0.3775)
(163, 5, 0, 1, 220000, 'elltwo', 'bitflip', 0.0004499314192116799, 0.0010000000474974513, 107.31646990776062, '2024-07-28 12:53:31', 4, 999)
pval: [0.001] -- 163th test, time elapsed 107.31646990776062 -- emperical power so far (from test_start): 0.9938650306748467
db insert success
tensor(0.3775)
tensor(0.3775)
(164, 5, 0, 1, 220000, 'elltwo', 'bitflip', 0.00026846766320431925, 0.004000000189989805, 107.33819246292114, '2024-07-28 12:55:22', 4, 999)
pval: [0.004] -- 164th test, time elapsed 107.33819246292114 -- emperical power so far (from test_start): 0.9939024390243902
db insert success
tensor(0.3775)
tensor(0.3775)
(165, 5, 0, 1, 220000, 'elltwo', 'bitflip', 0.0003577767524234332, 0.0010000000474974513, 107.30210399627686, '2024-07-28 12:57:16', 4, 999)
pval: [0.001] -- 165th test, time elapsed 107.30210399627686 -- emperical power so far (from test_start): 0.9939393939393939
db insert success
tensor(0.3775)
tensor(0.3775)
(166, 5, 0, 1, 220000, 'elltwo', 'bitflip', 0.0003239255771632088, 0.0010000000474974513, 107.09610724449158, '2024-07-28 12:59:08', 4, 999)
pval: [0.001] -- 166th test, time elapsed 107.09610724449158 -- emperical power so far (from test_start): 0.9939759036144579
db insert success
tensor(0.3775)
tensor(0.3775)
(167, 5, 0, 1, 220000, 'elltwo', 'bitflip', 0.0005582337918212943, 0.0010000000474974513, 106.69081473350525, '2024-07-28 13:01:08', 4, 999)
pval: [0.001] -- 167th test, time elapsed 106.69081473350525 -- emperical power so far (from test_start): 0.9940119760479041
db insert success
tensor(0.3775)
tensor(0.3775)
(168, 5, 0, 1, 220000, 'elltwo', 'bitflip', 0.0004874293896364179, 0.0010000000474974513, 106.6699743270874, '2024-07-28 13:03:15', 4, 999)
pval: [0.001] -- 168th test, time elapsed 106.6699743270874 -- emperical power so far (from test_start): 0.9940476190476191
db insert success
tensor(0.3775)
tensor(0.3775)
(169, 5, 0, 1, 220000, 'elltwo', 'bitflip', 0.0004190683023921338, 0.0010000000474974513, 106.70502233505249, '2024-07-28 13:05:14', 4, 999)
pval: [0.001] -- 169th test, time elapsed 106.70502233505249 -- emperical power so far (from test_start): 0.9940828402366864
db insert success
tensor(0.3775)
tensor(0.3775)
(170, 5, 0, 1, 220000, 'elltwo', 'bitflip', 0.0005673834842241376, 0.0010000000474974513, 106.6583571434021, '2024-07-28 13:07:21', 4, 999)
pval: [0.001] -- 170th test, time elapsed 106.6583571434021 -- emperical power so far (from test_start): 0.9941176470588236
db insert success
tensor(0.3775)
tensor(0.3775)
(171, 5, 0, 1, 220000, 'elltwo', 'bitflip', 0.0004162612851814629, 0.0010000000474974513, 106.82288193702698, '2024-07-28 13:09:22', 4, 999)
pval: [0.001] -- 171th test, time elapsed 106.82288193702698 -- emperical power so far (from test_start): 0.9941520467836257
db insert success
tensor(0.3775)
tensor(0.3775)
(172, 5, 0, 1, 220000, 'elltwo', 'bitflip', 0.00033835267271342673, 0.0020000000949949026, 106.83349514007568, '2024-07-28 13:11:11', 4, 999)
pval: [0.002] -- 172th test, time elapsed 106.83349514007568 -- emperical power so far (from test_start): 0.9941860465116279
db insert success
tensor(0.3775)
tensor(0.3775)
(173, 5, 0, 1, 220000, 'elltwo', 'bitflip', 0.000507852328212266, 0.0010000000474974513, 107.31266212463379, '2024-07-28 13:13:08', 4, 999)
pval: [0.001] -- 173th test, time elapsed 107.31266212463379 -- emperical power so far (from test_start): 0.9942196531791907
db insert success
tensor(0.3775)
tensor(0.3775)
(174, 5, 0, 1, 220000, 'elltwo', 'bitflip', 0.0004923783969275064, 0.0010000000474974513, 107.4042980670929, '2024-07-28 13:15:09', 4, 999)
pval: [0.001] -- 174th test, time elapsed 107.4042980670929 -- emperical power so far (from test_start): 0.9942528735632183
db insert success
tensor(0.3775)
tensor(0.3775)
(175, 5, 0, 1, 220000, 'elltwo', 'bitflip', 0.00034399648848193465, 0.0020000000949949026, 107.42650961875916, '2024-07-28 13:17:07', 4, 999)
pval: [0.002] -- 175th test, time elapsed 107.42650961875916 -- emperical power so far (from test_start): 0.9942857142857143
db insert success
tensor(0.3775)
tensor(0.3775)
(176, 5, 0, 1, 220000, 'elltwo', 'bitflip', 0.0005833181773482465, 0.0010000000474974513, 107.37633872032166, '2024-07-28 13:18:59', 4, 999)
pval: [0.001] -- 176th test, time elapsed 107.37633872032166 -- emperical power so far (from test_start): 0.9943181818181818
db insert success
tensor(0.3775)
tensor(0.3775)
(177, 5, 0, 1, 220000, 'elltwo', 'bitflip', 0.000183741921375713, 0.039000000804662704, 107.32839608192444, '2024-07-28 13:21:04', 4, 999)
pval: [0.039] -- 177th test, time elapsed 107.32839608192444 -- emperical power so far (from test_start): 0.9943502824858758
db insert success
tensor(0.3775)
tensor(0.3775)
(178, 5, 0, 1, 220000, 'elltwo', 'bitflip', 0.0003934128360469913, 0.0010000000474974513, 107.28974342346191, '2024-07-28 13:22:57', 4, 999)
pval: [0.001] -- 178th test, time elapsed 107.28974342346191 -- emperical power so far (from test_start): 0.9943820224719101
db insert success
tensor(0.3775)
tensor(0.3775)
(179, 5, 0, 1, 220000, 'elltwo', 'bitflip', 0.0003606882436884007, 0.0010000000474974513, 107.3238935470581, '2024-07-28 13:25:04', 4, 999)
pval: [0.001] -- 179th test, time elapsed 107.3238935470581 -- emperical power so far (from test_start): 0.994413407821229
db insert success
tensor(0.3775)
tensor(0.3775)
(180, 5, 0, 1, 220000, 'elltwo', 'bitflip', 0.0003364701854593477, 0.0010000000474974513, 107.34309220314026, '2024-07-28 13:27:03', 4, 999)
pval: [0.001] -- 180th test, time elapsed 107.34309220314026 -- emperical power so far (from test_start): 0.9944444444444445
db insert success
tensor(0.3775)
tensor(0.3775)
(181, 5, 0, 1, 220000, 'elltwo', 'bitflip', 0.00036905008926169103, 0.0010000000474974513, 107.06718397140503, '2024-07-28 13:29:05', 4, 999)
pval: [0.001] -- 181th test, time elapsed 107.06718397140503 -- emperical power so far (from test_start): 0.994475138121547
db insert success
tensor(0.3775)
tensor(0.3775)
(182, 5, 0, 1, 220000, 'elltwo', 'bitflip', 0.00045197423736453857, 0.0010000000474974513, 106.62262272834778, '2024-07-28 13:30:59', 4, 999)
pval: [0.001] -- 182th test, time elapsed 106.62262272834778 -- emperical power so far (from test_start): 0.9945054945054945
db insert success
tensor(0.3775)
tensor(0.3775)
(183, 5, 0, 1, 220000, 'elltwo', 'bitflip', 0.0004881003151808727, 0.0010000000474974513, 106.67448735237122, '2024-07-28 13:32:48', 4, 999)
pval: [0.001] -- 183th test, time elapsed 106.67448735237122 -- emperical power so far (from test_start): 0.994535519125683
db insert success
tensor(0.3775)
tensor(0.3775)
(184, 5, 0, 1, 220000, 'elltwo', 'bitflip', 0.0003642646477146627, 0.0010000000474974513, 106.63283181190491, '2024-07-28 13:34:49', 4, 999)
pval: [0.001] -- 184th test, time elapsed 106.63283181190491 -- emperical power so far (from test_start): 0.9945652173913043
db insert success
tensor(0.3775)
tensor(0.3775)
(185, 5, 0, 1, 220000, 'elltwo', 'bitflip', 0.00038910568662231526, 0.0010000000474974513, 106.5976972579956, '2024-07-28 13:36:51', 4, 999)
pval: [0.001] -- 185th test, time elapsed 106.5976972579956 -- emperical power so far (from test_start): 0.9945945945945946
db insert success
tensor(0.3775)
tensor(0.3775)
(186, 5, 0, 1, 220000, 'elltwo', 'bitflip', 0.0004124996824543814, 0.0010000000474974513, 106.67508029937744, '2024-07-28 13:38:55', 4, 999)
pval: [0.001] -- 186th test, time elapsed 106.67508029937744 -- emperical power so far (from test_start): 0.9946236559139785
db insert success
tensor(0.3775)
tensor(0.3775)
(187, 5, 0, 1, 220000, 'elltwo', 'bitflip', 0.0005043199556098443, 0.0010000000474974513, 106.62021684646606, '2024-07-28 13:40:48', 4, 999)
pval: [0.001] -- 187th test, time elapsed 106.62021684646606 -- emperical power so far (from test_start): 0.9946524064171123
db insert success
tensor(0.3775)
tensor(0.3775)
(188, 5, 0, 1, 220000, 'elltwo', 'bitflip', 0.0004072867487820986, 0.0010000000474974513, 106.60753202438354, '2024-07-28 13:42:55', 4, 999)
pval: [0.001] -- 188th test, time elapsed 106.60753202438354 -- emperical power so far (from test_start): 0.9946808510638298
db insert success
tensor(0.3775)
tensor(0.3775)
(189, 5, 0, 1, 220000, 'elltwo', 'bitflip', 0.0005861618777771582, 0.0010000000474974513, 106.61781287193298, '2024-07-28 13:44:43', 4, 999)
pval: [0.001] -- 189th test, time elapsed 106.61781287193298 -- emperical power so far (from test_start): 0.9947089947089947
db insert success
tensor(0.3775)
tensor(0.3775)
(190, 5, 0, 1, 220000, 'elltwo', 'bitflip', 0.00039227128115726373, 0.0010000000474974513, 106.61735415458679, '2024-07-28 13:46:46', 4, 999)
pval: [0.001] -- 190th test, time elapsed 106.61735415458679 -- emperical power so far (from test_start): 0.9947368421052631
db insert success
tensor(0.3775)
tensor(0.3775)
(191, 5, 0, 1, 220000, 'elltwo', 'bitflip', 0.0003413717383295989, 0.0010000000474974513, 106.63382649421692, '2024-07-28 13:48:46', 4, 999)
pval: [0.001] -- 191th test, time elapsed 106.63382649421692 -- emperical power so far (from test_start): 0.9947643979057592
db insert success
tensor(0.3775)
tensor(0.3775)
(192, 5, 0, 1, 220000, 'elltwo', 'bitflip', 0.0005667979629606634, 0.0010000000474974513, 106.62395167350769, '2024-07-28 13:50:47', 4, 999)
pval: [0.001] -- 192th test, time elapsed 106.62395167350769 -- emperical power so far (from test_start): 0.9947916666666666
db insert success
tensor(0.3775)
tensor(0.3775)
(193, 5, 0, 1, 220000, 'elltwo', 'bitflip', 0.00045049002397945515, 0.0010000000474974513, 106.60903024673462, '2024-07-28 13:52:41', 4, 999)
pval: [0.001] -- 193th test, time elapsed 106.60903024673462 -- emperical power so far (from test_start): 0.9948186528497409
db insert success
tensor(0.3775)
tensor(0.3775)
(194, 5, 0, 1, 220000, 'elltwo', 'bitflip', 0.0005965709722772772, 0.0010000000474974513, 106.68243408203125, '2024-07-28 13:54:31', 4, 999)
pval: [0.001] -- 194th test, time elapsed 106.68243408203125 -- emperical power so far (from test_start): 0.9948453608247423
db insert success
tensor(0.3775)
tensor(0.3775)
(195, 5, 0, 1, 220000, 'elltwo', 'bitflip', 0.0003611618985246423, 0.0010000000474974513, 106.66130352020264, '2024-07-28 13:56:35', 4, 999)
pval: [0.001] -- 195th test, time elapsed 106.66130352020264 -- emperical power so far (from test_start): 0.9948717948717949
db insert success
tensor(0.3775)
tensor(0.3775)
(196, 5, 0, 1, 220000, 'elltwo', 'bitflip', 0.00024409533432390162, 0.00800000037997961, 106.67535138130188, '2024-07-28 13:58:38', 4, 999)
pval: [0.008] -- 196th test, time elapsed 106.67535138130188 -- emperical power so far (from test_start): 0.9948979591836735
db insert success
tensor(0.3775)
tensor(0.3775)
(197, 5, 0, 1, 220000, 'elltwo', 'bitflip', 0.00034740928379051184, 0.0010000000474974513, 106.96751165390015, '2024-07-28 14:00:34', 4, 999)
pval: [0.001] -- 197th test, time elapsed 106.96751165390015 -- emperical power so far (from test_start): 0.9949238578680203
db insert success
tensor(0.3775)
tensor(0.3775)
(198, 5, 0, 1, 220000, 'elltwo', 'bitflip', 0.00043928516709001997, 0.0010000000474974513, 106.77834820747375, '2024-07-28 14:02:27', 4, 999)
pval: [0.001] -- 198th test, time elapsed 106.77834820747375 -- emperical power so far (from test_start): 0.9949494949494949
db insert success
tensor(0.3775)
tensor(0.3775)
(199, 5, 0, 1, 220000, 'elltwo', 'bitflip', 0.0005366931387129625, 0.0010000000474974513, 106.58637714385986, '2024-07-28 14:04:16', 4, 999)
pval: [0.001] -- 199th test, time elapsed 106.58637714385986 -- emperical power so far (from test_start): 0.9949748743718593
db insert success
tensor(0.3775)
tensor(0.3775)
(200, 5, 0, 1, 220000, 'elltwo', 'bitflip', 0.0003779359540203586, 0.0010000000474974513, 106.59110188484192, '2024-07-28 14:06:18', 4, 999)
pval: [0.001] -- 200th test, time elapsed 106.59110188484192 -- emperical power so far (from test_start): 0.995
db insert success
23514.651938438416
