bitflipprojchi, alpha=1, sample size=340000
#########################################
tensor(0.3775)
tensor(0.3775)
(1, 5, 0, 1, 340000, 'projchi', 'bitflip', 1351.0513916015625, 0.0010000000474974513, 137.48656821250916, '2024-07-28 16:23:54', 4, 999)
pval: [0.001] -- 1th test, time elapsed 137.48656821250916 -- emperical power so far (from test_start): 1.0
db insert success
tensor(0.3775)
tensor(0.3775)
(2, 5, 0, 1, 340000, 'projchi', 'bitflip', 1215.1708984375, 0.0010000000474974513, 136.60971212387085, '2024-07-28 16:26:25', 4, 999)
pval: [0.001] -- 2th test, time elapsed 136.60971212387085 -- emperical power so far (from test_start): 1.0
db insert success
tensor(0.3775)
tensor(0.3775)
(3, 5, 0, 1, 340000, 'projchi', 'bitflip', 1347.68505859375, 0.0010000000474974513, 136.82763671875, '2024-07-28 16:28:57', 4, 999)
pval: [0.001] -- 3th test, time elapsed 136.82763671875 -- emperical power so far (from test_start): 1.0
db insert success
tensor(0.3775)
tensor(0.3775)
(4, 5, 0, 1, 340000, 'projchi', 'bitflip', 1365.954833984375, 0.0010000000474974513, 136.99804544448853, '2024-07-28 16:31:29', 4, 999)
pval: [0.001] -- 4th test, time elapsed 136.99804544448853 -- emperical power so far (from test_start): 1.0
db insert success
tensor(0.3775)
tensor(0.3775)
(5, 5, 0, 1, 340000, 'projchi', 'bitflip', 1247.710693359375, 0.0010000000474974513, 136.87082624435425, '2024-07-28 16:33:57', 4, 999)
pval: [0.001] -- 5th test, time elapsed 136.87082624435425 -- emperical power so far (from test_start): 1.0
db insert success
tensor(0.3775)
tensor(0.3775)
(6, 5, 0, 1, 340000, 'projchi', 'bitflip', 1428.0220947265625, 0.0010000000474974513, 137.0520052909851, '2024-07-28 16:36:24', 4, 999)
pval: [0.001] -- 6th test, time elapsed 137.0520052909851 -- emperical power so far (from test_start): 1.0
db insert success
tensor(0.3775)
tensor(0.3775)
(7, 5, 0, 1, 340000, 'projchi', 'bitflip', 1326.97265625, 0.0010000000474974513, 137.1393518447876, '2024-07-28 16:38:44', 4, 999)
pval: [0.001] -- 7th test, time elapsed 137.1393518447876 -- emperical power so far (from test_start): 1.0
db insert success
tensor(0.3775)
tensor(0.3775)
(8, 5, 0, 1, 340000, 'projchi', 'bitflip', 1364.8284912109375, 0.0010000000474974513, 136.9877371788025, '2024-07-28 16:41:12', 4, 999)
pval: [0.001] -- 8th test, time elapsed 136.9877371788025 -- emperical power so far (from test_start): 1.0
db insert success
tensor(0.3775)
tensor(0.3775)
(9, 5, 0, 1, 340000, 'projchi', 'bitflip', 1399.92431640625, 0.0010000000474974513, 136.6686499118805, '2024-07-28 16:43:41', 4, 999)
pval: [0.001] -- 9th test, time elapsed 136.6686499118805 -- emperical power so far (from test_start): 1.0
db insert success
tensor(0.3775)
tensor(0.3775)
(10, 5, 0, 1, 340000, 'projchi', 'bitflip', 1331.829345703125, 0.0010000000474974513, 136.3931257724762, '2024-07-28 16:46:08', 4, 999)
pval: [0.001] -- 10th test, time elapsed 136.3931257724762 -- emperical power so far (from test_start): 1.0
db insert success
tensor(0.3775)
tensor(0.3775)
(11, 5, 0, 1, 340000, 'projchi', 'bitflip', 1307.1156005859375, 0.0010000000474974513, 136.51892066001892, '2024-07-28 16:48:35', 4, 999)
pval: [0.001] -- 11th test, time elapsed 136.51892066001892 -- emperical power so far (from test_start): 1.0
db insert success
tensor(0.3775)
tensor(0.3775)
(12, 5, 0, 1, 340000, 'projchi', 'bitflip', 1376.2796630859375, 0.0010000000474974513, 136.3884460926056, '2024-07-28 16:51:11', 4, 999)
pval: [0.001] -- 12th test, time elapsed 136.3884460926056 -- emperical power so far (from test_start): 1.0
db insert success
tensor(0.3775)
tensor(0.3775)
(13, 5, 0, 1, 340000, 'projchi', 'bitflip', 1350.3338623046875, 0.0010000000474974513, 136.30622816085815, '2024-07-28 16:53:44', 4, 999)
pval: [0.001] -- 13th test, time elapsed 136.30622816085815 -- emperical power so far (from test_start): 1.0
db insert success
tensor(0.3775)
tensor(0.3775)
(14, 5, 0, 1, 340000, 'projchi', 'bitflip', 1258.22509765625, 0.0010000000474974513, 136.4137213230133, '2024-07-28 16:56:03', 4, 999)
pval: [0.001] -- 14th test, time elapsed 136.4137213230133 -- emperical power so far (from test_start): 1.0
db insert success
tensor(0.3775)
tensor(0.3775)
(15, 5, 0, 1, 340000, 'projchi', 'bitflip', 1336.4229736328125, 0.0010000000474974513, 136.41982531547546, '2024-07-28 16:58:28', 4, 999)
pval: [0.001] -- 15th test, time elapsed 136.41982531547546 -- emperical power so far (from test_start): 1.0
db insert success
tensor(0.3775)
tensor(0.3775)
(16, 5, 0, 1, 340000, 'projchi', 'bitflip', 1284.7332763671875, 0.0010000000474974513, 136.21506142616272, '2024-07-28 17:01:00', 4, 999)
pval: [0.001] -- 16th test, time elapsed 136.21506142616272 -- emperical power so far (from test_start): 1.0
db insert success
tensor(0.3775)
tensor(0.3775)
(17, 5, 0, 1, 340000, 'projchi', 'bitflip', 1373.926513671875, 0.0010000000474974513, 136.49680042266846, '2024-07-28 17:03:32', 4, 999)
pval: [0.001] -- 17th test, time elapsed 136.49680042266846 -- emperical power so far (from test_start): 1.0
db insert success
tensor(0.3775)
tensor(0.3775)
(18, 5, 0, 1, 340000, 'projchi', 'bitflip', 1418.671630859375, 0.0010000000474974513, 136.43606615066528, '2024-07-28 17:05:55', 4, 999)
pval: [0.001] -- 18th test, time elapsed 136.43606615066528 -- emperical power so far (from test_start): 1.0
db insert success
tensor(0.3775)
tensor(0.3775)
(19, 5, 0, 1, 340000, 'projchi', 'bitflip', 1351.9300537109375, 0.0010000000474974513, 136.6091592311859, '2024-07-28 17:08:17', 4, 999)
pval: [0.001] -- 19th test, time elapsed 136.6091592311859 -- emperical power so far (from test_start): 1.0
db insert success
tensor(0.3775)
tensor(0.3775)
(20, 5, 0, 1, 340000, 'projchi', 'bitflip', 1392.599609375, 0.0010000000474974513, 135.82499313354492, '2024-07-28 17:10:53', 4, 999)
pval: [0.001] -- 20th test, time elapsed 135.82499313354492 -- emperical power so far (from test_start): 1.0
db insert success
tensor(0.3775)
tensor(0.3775)
(21, 5, 0, 1, 340000, 'projchi', 'bitflip', 1344.3916015625, 0.0010000000474974513, 136.25405263900757, '2024-07-28 17:13:19', 4, 999)
pval: [0.001] -- 21th test, time elapsed 136.25405263900757 -- emperical power so far (from test_start): 1.0
db insert success
tensor(0.3775)
tensor(0.3775)
(22, 5, 0, 1, 340000, 'projchi', 'bitflip', 1338.7552490234375, 0.0010000000474974513, 136.46241402626038, '2024-07-28 17:15:50', 4, 999)
pval: [0.001] -- 22th test, time elapsed 136.46241402626038 -- emperical power so far (from test_start): 1.0
db insert success
tensor(0.3775)
tensor(0.3775)
(23, 5, 0, 1, 340000, 'projchi', 'bitflip', 1423.667724609375, 0.0010000000474974513, 136.56988549232483, '2024-07-28 17:18:08', 4, 999)
pval: [0.001] -- 23th test, time elapsed 136.56988549232483 -- emperical power so far (from test_start): 1.0
db insert success
tensor(0.3775)
tensor(0.3775)
(24, 5, 0, 1, 340000, 'projchi', 'bitflip', 1220.4200439453125, 0.0010000000474974513, 136.57143759727478, '2024-07-28 17:20:30', 4, 999)
pval: [0.001] -- 24th test, time elapsed 136.57143759727478 -- emperical power so far (from test_start): 1.0
db insert success
tensor(0.3775)
tensor(0.3775)
(25, 5, 0, 1, 340000, 'projchi', 'bitflip', 1337.882080078125, 0.0010000000474974513, 136.63983011245728, '2024-07-28 17:23:06', 4, 999)
pval: [0.001] -- 25th test, time elapsed 136.63983011245728 -- emperical power so far (from test_start): 1.0
db insert success
tensor(0.3775)
tensor(0.3775)
(26, 5, 0, 1, 340000, 'projchi', 'bitflip', 1334.0645751953125, 0.0010000000474974513, 136.41470623016357, '2024-07-28 17:25:26', 4, 999)
pval: [0.001] -- 26th test, time elapsed 136.41470623016357 -- emperical power so far (from test_start): 1.0
db insert success
tensor(0.3775)
tensor(0.3775)
(27, 5, 0, 1, 340000, 'projchi', 'bitflip', 1313.3974609375, 0.0010000000474974513, 136.4101436138153, '2024-07-28 17:27:53', 4, 999)
pval: [0.001] -- 27th test, time elapsed 136.4101436138153 -- emperical power so far (from test_start): 1.0
db insert success
tensor(0.3775)
tensor(0.3775)
(28, 5, 0, 1, 340000, 'projchi', 'bitflip', 1302.86572265625, 0.0010000000474974513, 136.3144133090973, '2024-07-28 17:30:16', 4, 999)
pval: [0.001] -- 28th test, time elapsed 136.3144133090973 -- emperical power so far (from test_start): 1.0
db insert success
tensor(0.3775)
tensor(0.3775)
(29, 5, 0, 1, 340000, 'projchi', 'bitflip', 1402.6226806640625, 0.0010000000474974513, 136.25766110420227, '2024-07-28 17:32:48', 4, 999)
pval: [0.001] -- 29th test, time elapsed 136.25766110420227 -- emperical power so far (from test_start): 1.0
db insert success
tensor(0.3775)
tensor(0.3775)
(30, 5, 0, 1, 340000, 'projchi', 'bitflip', 1335.353515625, 0.0010000000474974513, 136.3899109363556, '2024-07-28 17:35:11', 4, 999)
pval: [0.001] -- 30th test, time elapsed 136.3899109363556 -- emperical power so far (from test_start): 1.0
db insert success
tensor(0.3775)
tensor(0.3775)
(31, 5, 0, 1, 340000, 'projchi', 'bitflip', 1240.05908203125, 0.0010000000474974513, 136.27282762527466, '2024-07-28 17:37:29', 4, 999)
pval: [0.001] -- 31th test, time elapsed 136.27282762527466 -- emperical power so far (from test_start): 1.0
db insert success
tensor(0.3775)
tensor(0.3775)
(32, 5, 0, 1, 340000, 'projchi', 'bitflip', 1271.2459716796875, 0.0010000000474974513, 136.30372881889343, '2024-07-28 17:40:00', 4, 999)
pval: [0.001] -- 32th test, time elapsed 136.30372881889343 -- emperical power so far (from test_start): 1.0
db insert success
tensor(0.3775)
tensor(0.3775)
(33, 5, 0, 1, 340000, 'projchi', 'bitflip', 1390.9530029296875, 0.0010000000474974513, 136.3047387599945, '2024-07-28 17:42:31', 4, 999)
pval: [0.001] -- 33th test, time elapsed 136.3047387599945 -- emperical power so far (from test_start): 1.0
db insert success
tensor(0.3775)
tensor(0.3775)
(34, 5, 0, 1, 340000, 'projchi', 'bitflip', 1242.040283203125, 0.0010000000474974513, 136.33688378334045, '2024-07-28 17:44:49', 4, 999)
pval: [0.001] -- 34th test, time elapsed 136.33688378334045 -- emperical power so far (from test_start): 1.0
db insert success
tensor(0.3775)
tensor(0.3775)
(35, 5, 0, 1, 340000, 'projchi', 'bitflip', 1293.3948974609375, 0.0010000000474974513, 136.2510814666748, '2024-07-28 17:47:09', 4, 999)
pval: [0.001] -- 35th test, time elapsed 136.2510814666748 -- emperical power so far (from test_start): 1.0
db insert success
tensor(0.3775)
tensor(0.3775)
(36, 5, 0, 1, 340000, 'projchi', 'bitflip', 1329.1025390625, 0.0010000000474974513, 136.2715985774994, '2024-07-28 17:49:40', 4, 999)
pval: [0.001] -- 36th test, time elapsed 136.2715985774994 -- emperical power so far (from test_start): 1.0
db insert success
tensor(0.3775)
tensor(0.3775)
(37, 5, 0, 1, 340000, 'projchi', 'bitflip', 1339.71923828125, 0.0010000000474974513, 136.25064396858215, '2024-07-28 17:52:10', 4, 999)
pval: [0.001] -- 37th test, time elapsed 136.25064396858215 -- emperical power so far (from test_start): 1.0
db insert success
tensor(0.3775)
tensor(0.3775)
(38, 5, 0, 1, 340000, 'projchi', 'bitflip', 1319.09130859375, 0.0010000000474974513, 136.19152450561523, '2024-07-28 17:54:39', 4, 999)
pval: [0.001] -- 38th test, time elapsed 136.19152450561523 -- emperical power so far (from test_start): 1.0
db insert success
tensor(0.3775)
tensor(0.3775)
(39, 5, 0, 1, 340000, 'projchi', 'bitflip', 1323.2615966796875, 0.0010000000474974513, 136.38647651672363, '2024-07-28 17:57:13', 4, 999)
pval: [0.001] -- 39th test, time elapsed 136.38647651672363 -- emperical power so far (from test_start): 1.0
db insert success
tensor(0.3775)
tensor(0.3775)
(40, 5, 0, 1, 340000, 'projchi', 'bitflip', 1329.1234130859375, 0.0010000000474974513, 136.51618576049805, '2024-07-28 17:59:43', 4, 999)
pval: [0.001] -- 40th test, time elapsed 136.51618576049805 -- emperical power so far (from test_start): 1.0
db insert success
tensor(0.3775)
tensor(0.3775)
(41, 5, 0, 1, 340000, 'projchi', 'bitflip', 1253.235107421875, 0.0010000000474974513, 136.56306219100952, '2024-07-28 18:02:19', 4, 999)
pval: [0.001] -- 41th test, time elapsed 136.56306219100952 -- emperical power so far (from test_start): 1.0
db insert success
tensor(0.3775)
tensor(0.3775)
(42, 5, 0, 1, 340000, 'projchi', 'bitflip', 1255.396728515625, 0.0010000000474974513, 136.49122142791748, '2024-07-28 18:04:44', 4, 999)
pval: [0.001] -- 42th test, time elapsed 136.49122142791748 -- emperical power so far (from test_start): 1.0
db insert success
tensor(0.3775)
tensor(0.3775)
(43, 5, 0, 1, 340000, 'projchi', 'bitflip', 1393.4603271484375, 0.0010000000474974513, 136.58514165878296, '2024-07-28 18:07:16', 4, 999)
pval: [0.001] -- 43th test, time elapsed 136.58514165878296 -- emperical power so far (from test_start): 1.0
db insert success
tensor(0.3775)
tensor(0.3775)
(44, 5, 0, 1, 340000, 'projchi', 'bitflip', 1298.797119140625, 0.0010000000474974513, 136.624018907547, '2024-07-28 18:09:36', 4, 999)
pval: [0.001] -- 44th test, time elapsed 136.624018907547 -- emperical power so far (from test_start): 1.0
db insert success
tensor(0.3775)
tensor(0.3775)
(45, 5, 0, 1, 340000, 'projchi', 'bitflip', 1365.6329345703125, 0.0010000000474974513, 135.94649863243103, '2024-07-28 18:12:03', 4, 999)
pval: [0.001] -- 45th test, time elapsed 135.94649863243103 -- emperical power so far (from test_start): 1.0
db insert success
tensor(0.3775)
tensor(0.3775)
(46, 5, 0, 1, 340000, 'projchi', 'bitflip', 1242.3760986328125, 0.0010000000474974513, 136.42660975456238, '2024-07-28 18:14:26', 4, 999)
pval: [0.001] -- 46th test, time elapsed 136.42660975456238 -- emperical power so far (from test_start): 1.0
db insert success
tensor(0.3775)
tensor(0.3775)
(47, 5, 0, 1, 340000, 'projchi', 'bitflip', 1382.1644287109375, 0.0010000000474974513, 136.42701244354248, '2024-07-28 18:16:51', 4, 999)
pval: [0.001] -- 47th test, time elapsed 136.42701244354248 -- emperical power so far (from test_start): 1.0
db insert success
tensor(0.3775)
tensor(0.3775)
(48, 5, 0, 1, 340000, 'projchi', 'bitflip', 1339.89892578125, 0.0010000000474974513, 136.28580689430237, '2024-07-28 18:19:25', 4, 999)
pval: [0.001] -- 48th test, time elapsed 136.28580689430237 -- emperical power so far (from test_start): 1.0
db insert success
tensor(0.3775)
tensor(0.3775)
(49, 5, 0, 1, 340000, 'projchi', 'bitflip', 1282.1837158203125, 0.0010000000474974513, 136.57432222366333, '2024-07-28 18:21:59', 4, 999)
pval: [0.001] -- 49th test, time elapsed 136.57432222366333 -- emperical power so far (from test_start): 1.0
db insert success
tensor(0.3775)
tensor(0.3775)
(50, 5, 0, 1, 340000, 'projchi', 'bitflip', 1377.2110595703125, 0.0010000000474974513, 135.85236430168152, '2024-07-28 18:24:23', 4, 999)
pval: [0.001] -- 50th test, time elapsed 135.85236430168152 -- emperical power so far (from test_start): 1.0
db insert success
tensor(0.3775)
tensor(0.3775)
(51, 5, 0, 1, 340000, 'projchi', 'bitflip', 1309.8245849609375, 0.0010000000474974513, 136.29972410202026, '2024-07-28 18:26:52', 4, 999)
pval: [0.001] -- 51th test, time elapsed 136.29972410202026 -- emperical power so far (from test_start): 1.0
db insert success
tensor(0.3775)
tensor(0.3775)
(52, 5, 0, 1, 340000, 'projchi', 'bitflip', 1264.081298828125, 0.0010000000474974513, 136.5292465686798, '2024-07-28 18:29:10', 4, 999)
pval: [0.001] -- 52th test, time elapsed 136.5292465686798 -- emperical power so far (from test_start): 1.0
db insert success
tensor(0.3775)
tensor(0.3775)
(53, 5, 0, 1, 340000, 'projchi', 'bitflip', 1337.8170166015625, 0.0010000000474974513, 135.66976499557495, '2024-07-28 18:31:30', 4, 999)
pval: [0.001] -- 53th test, time elapsed 135.66976499557495 -- emperical power so far (from test_start): 1.0
db insert success
tensor(0.3775)
tensor(0.3775)
(54, 5, 0, 1, 340000, 'projchi', 'bitflip', 1320.2401123046875, 0.0010000000474974513, 136.33995485305786, '2024-07-28 18:33:52', 4, 999)
pval: [0.001] -- 54th test, time elapsed 136.33995485305786 -- emperical power so far (from test_start): 1.0
db insert success
tensor(0.3775)
tensor(0.3775)
(55, 5, 0, 1, 340000, 'projchi', 'bitflip', 1282.5313720703125, 0.0010000000474974513, 136.37232327461243, '2024-07-28 18:36:26', 4, 999)
pval: [0.001] -- 55th test, time elapsed 136.37232327461243 -- emperical power so far (from test_start): 1.0
db insert success
tensor(0.3775)
tensor(0.3775)
(56, 5, 0, 1, 340000, 'projchi', 'bitflip', 1378.4979248046875, 0.0010000000474974513, 136.36472702026367, '2024-07-28 18:38:51', 4, 999)
pval: [0.001] -- 56th test, time elapsed 136.36472702026367 -- emperical power so far (from test_start): 1.0
db insert success
tensor(0.3775)
tensor(0.3775)
(57, 5, 0, 1, 340000, 'projchi', 'bitflip', 1375.032958984375, 0.0010000000474974513, 136.26726722717285, '2024-07-28 18:41:28', 4, 999)
pval: [0.001] -- 57th test, time elapsed 136.26726722717285 -- emperical power so far (from test_start): 1.0
db insert success
tensor(0.3775)
tensor(0.3775)
(58, 5, 0, 1, 340000, 'projchi', 'bitflip', 1332.7115478515625, 0.0010000000474974513, 135.82955622673035, '2024-07-28 18:43:46', 4, 999)
pval: [0.001] -- 58th test, time elapsed 135.82955622673035 -- emperical power so far (from test_start): 1.0
db insert success
tensor(0.3775)
tensor(0.3775)
(59, 5, 0, 1, 340000, 'projchi', 'bitflip', 1294.8436279296875, 0.0010000000474974513, 136.4667694568634, '2024-07-28 18:46:15', 4, 999)
pval: [0.001] -- 59th test, time elapsed 136.4667694568634 -- emperical power so far (from test_start): 1.0
db insert success
tensor(0.3775)
tensor(0.3775)
(60, 5, 0, 1, 340000, 'projchi', 'bitflip', 1352.6318359375, 0.0010000000474974513, 136.15776419639587, '2024-07-28 18:48:47', 4, 999)
pval: [0.001] -- 60th test, time elapsed 136.15776419639587 -- emperical power so far (from test_start): 1.0
db insert success
tensor(0.3775)
tensor(0.3775)
(61, 5, 0, 1, 340000, 'projchi', 'bitflip', 1306.748291015625, 0.0010000000474974513, 136.36434864997864, '2024-07-28 18:51:13', 4, 999)
pval: [0.001] -- 61th test, time elapsed 136.36434864997864 -- emperical power so far (from test_start): 1.0
db insert success
tensor(0.3775)
tensor(0.3775)
(62, 5, 0, 1, 340000, 'projchi', 'bitflip', 1314.4637451171875, 0.0010000000474974513, 136.35625100135803, '2024-07-28 18:53:36', 4, 999)
pval: [0.001] -- 62th test, time elapsed 136.35625100135803 -- emperical power so far (from test_start): 1.0
db insert success
tensor(0.3775)
tensor(0.3775)
(63, 5, 0, 1, 340000, 'projchi', 'bitflip', 1342.146728515625, 0.0010000000474974513, 136.39625334739685, '2024-07-28 18:56:08', 4, 999)
pval: [0.001] -- 63th test, time elapsed 136.39625334739685 -- emperical power so far (from test_start): 1.0
db insert success
tensor(0.3775)
tensor(0.3775)
(64, 5, 0, 1, 340000, 'projchi', 'bitflip', 1437.1756591796875, 0.0010000000474974513, 136.3073604106903, '2024-07-28 18:58:34', 4, 999)
pval: [0.001] -- 64th test, time elapsed 136.3073604106903 -- emperical power so far (from test_start): 1.0
db insert success
tensor(0.3775)
tensor(0.3775)
(65, 5, 0, 1, 340000, 'projchi', 'bitflip', 1270.70166015625, 0.0010000000474974513, 136.36937141418457, '2024-07-28 19:00:59', 4, 999)
pval: [0.001] -- 65th test, time elapsed 136.36937141418457 -- emperical power so far (from test_start): 1.0
db insert success
tensor(0.3775)
tensor(0.3775)
(66, 5, 0, 1, 340000, 'projchi', 'bitflip', 1383.634033203125, 0.0010000000474974513, 136.3441505432129, '2024-07-28 19:03:31', 4, 999)
pval: [0.001] -- 66th test, time elapsed 136.3441505432129 -- emperical power so far (from test_start): 1.0
db insert success
tensor(0.3775)
tensor(0.3775)
(67, 5, 0, 1, 340000, 'projchi', 'bitflip', 1289.410888671875, 0.0010000000474974513, 136.40563011169434, '2024-07-28 19:05:54', 4, 999)
pval: [0.001] -- 67th test, time elapsed 136.40563011169434 -- emperical power so far (from test_start): 1.0
db insert success
tensor(0.3775)
tensor(0.3775)
(68, 5, 0, 1, 340000, 'projchi', 'bitflip', 1410.0068359375, 0.0010000000474974513, 136.09376764297485, '2024-07-28 19:08:26', 4, 999)
pval: [0.001] -- 68th test, time elapsed 136.09376764297485 -- emperical power so far (from test_start): 1.0
db insert success
tensor(0.3775)
tensor(0.3775)
(69, 5, 0, 1, 340000, 'projchi', 'bitflip', 1393.07080078125, 0.0010000000474974513, 136.46454048156738, '2024-07-28 19:10:48', 4, 999)
pval: [0.001] -- 69th test, time elapsed 136.46454048156738 -- emperical power so far (from test_start): 1.0
db insert success
tensor(0.3775)
tensor(0.3775)
(70, 5, 0, 1, 340000, 'projchi', 'bitflip', 1329.8814697265625, 0.0010000000474974513, 136.38703179359436, '2024-07-28 19:13:20', 4, 999)
pval: [0.001] -- 70th test, time elapsed 136.38703179359436 -- emperical power so far (from test_start): 1.0
db insert success
tensor(0.3775)
tensor(0.3775)
(71, 5, 0, 1, 340000, 'projchi', 'bitflip', 1303.4571533203125, 0.0010000000474974513, 136.62364268302917, '2024-07-28 19:15:46', 4, 999)
pval: [0.001] -- 71th test, time elapsed 136.62364268302917 -- emperical power so far (from test_start): 1.0
db insert success
tensor(0.3775)
tensor(0.3775)
(72, 5, 0, 1, 340000, 'projchi', 'bitflip', 1304.4974365234375, 0.0010000000474974513, 136.43210625648499, '2024-07-28 19:18:04', 4, 999)
pval: [0.001] -- 72th test, time elapsed 136.43210625648499 -- emperical power so far (from test_start): 1.0
db insert success
tensor(0.3775)
tensor(0.3775)
(73, 5, 0, 1, 340000, 'projchi', 'bitflip', 1324.09765625, 0.0010000000474974513, 136.47976279258728, '2024-07-28 19:20:33', 4, 999)
pval: [0.001] -- 73th test, time elapsed 136.47976279258728 -- emperical power so far (from test_start): 1.0
db insert success
tensor(0.3775)
tensor(0.3775)
(74, 5, 0, 1, 340000, 'projchi', 'bitflip', 1301.5556640625, 0.0010000000474974513, 136.79361629486084, '2024-07-28 19:23:04', 4, 999)
pval: [0.001] -- 74th test, time elapsed 136.79361629486084 -- emperical power so far (from test_start): 1.0
db insert success
tensor(0.3775)
tensor(0.3775)
(75, 5, 0, 1, 340000, 'projchi', 'bitflip', 1375.0816650390625, 0.0010000000474974513, 136.40870761871338, '2024-07-28 19:25:37', 4, 999)
pval: [0.001] -- 75th test, time elapsed 136.40870761871338 -- emperical power so far (from test_start): 1.0
db insert success
tensor(0.3775)
tensor(0.3775)
(76, 5, 0, 1, 340000, 'projchi', 'bitflip', 1186.2254638671875, 0.0010000000474974513, 136.30032181739807, '2024-07-28 19:28:14', 4, 999)
pval: [0.001] -- 76th test, time elapsed 136.30032181739807 -- emperical power so far (from test_start): 1.0
db insert success
tensor(0.3775)
tensor(0.3775)
(77, 5, 0, 1, 340000, 'projchi', 'bitflip', 1202.262451171875, 0.0010000000474974513, 136.46325540542603, '2024-07-28 19:30:43', 4, 999)
pval: [0.001] -- 77th test, time elapsed 136.46325540542603 -- emperical power so far (from test_start): 1.0
db insert success
tensor(0.3775)
tensor(0.3775)
(78, 5, 0, 1, 340000, 'projchi', 'bitflip', 1321.0899658203125, 0.0010000000474974513, 136.37365436553955, '2024-07-28 19:33:04', 4, 999)
pval: [0.001] -- 78th test, time elapsed 136.37365436553955 -- emperical power so far (from test_start): 1.0
db insert success
tensor(0.3775)
tensor(0.3775)
(79, 5, 0, 1, 340000, 'projchi', 'bitflip', 1389.5233154296875, 0.0010000000474974513, 136.40934944152832, '2024-07-28 19:35:40', 4, 999)
pval: [0.001] -- 79th test, time elapsed 136.40934944152832 -- emperical power so far (from test_start): 1.0
db insert success
tensor(0.3775)
tensor(0.3775)
(80, 5, 0, 1, 340000, 'projchi', 'bitflip', 1297.7421875, 0.0010000000474974513, 136.42624759674072, '2024-07-28 19:38:06', 4, 999)
pval: [0.001] -- 80th test, time elapsed 136.42624759674072 -- emperical power so far (from test_start): 1.0
db insert success
tensor(0.3775)
tensor(0.3775)
(81, 5, 0, 1, 340000, 'projchi', 'bitflip', 1458.5263671875, 0.0010000000474974513, 136.24603867530823, '2024-07-28 19:40:25', 4, 999)
pval: [0.001] -- 81th test, time elapsed 136.24603867530823 -- emperical power so far (from test_start): 1.0
db insert success
tensor(0.3775)
tensor(0.3775)
(82, 5, 0, 1, 340000, 'projchi', 'bitflip', 1266.2310791015625, 0.0010000000474974513, 136.48645305633545, '2024-07-28 19:42:58', 4, 999)
pval: [0.001] -- 82th test, time elapsed 136.48645305633545 -- emperical power so far (from test_start): 1.0
db insert success
tensor(0.3775)
tensor(0.3775)
(83, 5, 0, 1, 340000, 'projchi', 'bitflip', 1436.949951171875, 0.0010000000474974513, 136.63737607002258, '2024-07-28 19:45:28', 4, 999)
pval: [0.001] -- 83th test, time elapsed 136.63737607002258 -- emperical power so far (from test_start): 1.0
db insert success
tensor(0.3775)
tensor(0.3775)
(84, 5, 0, 1, 340000, 'projchi', 'bitflip', 1452.927734375, 0.0010000000474974513, 136.34818387031555, '2024-07-28 19:47:55', 4, 999)
pval: [0.001] -- 84th test, time elapsed 136.34818387031555 -- emperical power so far (from test_start): 1.0
db insert success
tensor(0.3775)
tensor(0.3775)
(85, 5, 0, 1, 340000, 'projchi', 'bitflip', 1387.771240234375, 0.0010000000474974513, 136.37795042991638, '2024-07-28 19:50:32', 4, 999)
pval: [0.001] -- 85th test, time elapsed 136.37795042991638 -- emperical power so far (from test_start): 1.0
db insert success
tensor(0.3775)
tensor(0.3775)
(86, 5, 0, 1, 340000, 'projchi', 'bitflip', 1203.0186767578125, 0.0010000000474974513, 136.66183161735535, '2024-07-28 19:53:06', 4, 999)
pval: [0.001] -- 86th test, time elapsed 136.66183161735535 -- emperical power so far (from test_start): 1.0
db insert success
tensor(0.3775)
tensor(0.3775)
(87, 5, 0, 1, 340000, 'projchi', 'bitflip', 1321.25830078125, 0.0010000000474974513, 136.49185180664062, '2024-07-28 19:55:41', 4, 999)
pval: [0.001] -- 87th test, time elapsed 136.49185180664062 -- emperical power so far (from test_start): 1.0
db insert success
tensor(0.3775)
tensor(0.3775)
(88, 5, 0, 1, 340000, 'projchi', 'bitflip', 1372.63134765625, 0.0010000000474974513, 136.5521421432495, '2024-07-28 19:58:15', 4, 999)
pval: [0.001] -- 88th test, time elapsed 136.5521421432495 -- emperical power so far (from test_start): 1.0
db insert success
tensor(0.3775)
tensor(0.3775)
(89, 5, 0, 1, 340000, 'projchi', 'bitflip', 1313.5108642578125, 0.0010000000474974513, 136.449138879776, '2024-07-28 20:00:46', 4, 999)
pval: [0.001] -- 89th test, time elapsed 136.449138879776 -- emperical power so far (from test_start): 1.0
db insert success
tensor(0.3775)
tensor(0.3775)
(90, 5, 0, 1, 340000, 'projchi', 'bitflip', 1437.5888671875, 0.0010000000474974513, 136.35602736473083, '2024-07-28 20:03:19', 4, 999)
pval: [0.001] -- 90th test, time elapsed 136.35602736473083 -- emperical power so far (from test_start): 1.0
db insert success
tensor(0.3775)
tensor(0.3775)
(91, 5, 0, 1, 340000, 'projchi', 'bitflip', 1382.8487548828125, 0.0010000000474974513, 135.9608633518219, '2024-07-28 20:05:41', 4, 999)
pval: [0.001] -- 91th test, time elapsed 135.9608633518219 -- emperical power so far (from test_start): 1.0
db insert success
tensor(0.3775)
tensor(0.3775)
(92, 5, 0, 1, 340000, 'projchi', 'bitflip', 1415.8031005859375, 0.0010000000474974513, 136.3338143825531, '2024-07-28 20:08:07', 4, 999)
pval: [0.001] -- 92th test, time elapsed 136.3338143825531 -- emperical power so far (from test_start): 1.0
db insert success
tensor(0.3775)
tensor(0.3775)
(93, 5, 0, 1, 340000, 'projchi', 'bitflip', 1320.145263671875, 0.0010000000474974513, 136.3164975643158, '2024-07-28 20:10:39', 4, 999)
pval: [0.001] -- 93th test, time elapsed 136.3164975643158 -- emperical power so far (from test_start): 1.0
db insert success
tensor(0.3775)
tensor(0.3775)
(94, 5, 0, 1, 340000, 'projchi', 'bitflip', 1426.85498046875, 0.0010000000474974513, 135.81174445152283, '2024-07-28 20:13:01', 4, 999)
pval: [0.001] -- 94th test, time elapsed 135.81174445152283 -- emperical power so far (from test_start): 1.0
db insert success
tensor(0.3775)
tensor(0.3775)
(95, 5, 0, 1, 340000, 'projchi', 'bitflip', 1387.741455078125, 0.0010000000474974513, 136.46713495254517, '2024-07-28 20:15:30', 4, 999)
pval: [0.001] -- 95th test, time elapsed 136.46713495254517 -- emperical power so far (from test_start): 1.0
db insert success
tensor(0.3775)
tensor(0.3775)
(96, 5, 0, 1, 340000, 'projchi', 'bitflip', 1337.5078125, 0.0010000000474974513, 136.20375204086304, '2024-07-28 20:18:07', 4, 999)
pval: [0.001] -- 96th test, time elapsed 136.20375204086304 -- emperical power so far (from test_start): 1.0
db insert success
tensor(0.3775)
tensor(0.3775)
(97, 5, 0, 1, 340000, 'projchi', 'bitflip', 1407.35107421875, 0.0010000000474974513, 136.38108682632446, '2024-07-28 20:20:35', 4, 999)
pval: [0.001] -- 97th test, time elapsed 136.38108682632446 -- emperical power so far (from test_start): 1.0
db insert success
tensor(0.3775)
tensor(0.3775)
(98, 5, 0, 1, 340000, 'projchi', 'bitflip', 1389.45751953125, 0.0010000000474974513, 136.38464975357056, '2024-07-28 20:23:04', 4, 999)
pval: [0.001] -- 98th test, time elapsed 136.38464975357056 -- emperical power so far (from test_start): 1.0
db insert success
tensor(0.3775)
tensor(0.3775)
(99, 5, 0, 1, 340000, 'projchi', 'bitflip', 1401.8138427734375, 0.0010000000474974513, 136.36324644088745, '2024-07-28 20:25:40', 4, 999)
pval: [0.001] -- 99th test, time elapsed 136.36324644088745 -- emperical power so far (from test_start): 1.0
db insert success
tensor(0.3775)
tensor(0.3775)
(100, 5, 0, 1, 340000, 'projchi', 'bitflip', 1363.2183837890625, 0.0010000000474974513, 136.42773389816284, '2024-07-28 20:28:09', 4, 999)
pval: [0.001] -- 100th test, time elapsed 136.42773389816284 -- emperical power so far (from test_start): 1.0
db insert success
tensor(0.3775)
tensor(0.3775)
(101, 5, 0, 1, 340000, 'projchi', 'bitflip', 1363.1162109375, 0.0010000000474974513, 136.38531041145325, '2024-07-28 20:30:43', 4, 999)
pval: [0.001] -- 101th test, time elapsed 136.38531041145325 -- emperical power so far (from test_start): 1.0
db insert success
tensor(0.3775)
tensor(0.3775)
(102, 5, 0, 1, 340000, 'projchi', 'bitflip', 1322.2867431640625, 0.0010000000474974513, 136.27853965759277, '2024-07-28 20:33:11', 4, 999)
pval: [0.001] -- 102th test, time elapsed 136.27853965759277 -- emperical power so far (from test_start): 1.0
db insert success
tensor(0.3775)
tensor(0.3775)
(103, 5, 0, 1, 340000, 'projchi', 'bitflip', 1386.8311767578125, 0.0010000000474974513, 136.37668871879578, '2024-07-28 20:35:45', 4, 999)
pval: [0.001] -- 103th test, time elapsed 136.37668871879578 -- emperical power so far (from test_start): 1.0
db insert success
tensor(0.3775)
tensor(0.3775)
(104, 5, 0, 1, 340000, 'projchi', 'bitflip', 1372.4530029296875, 0.0010000000474974513, 136.20361804962158, '2024-07-28 20:38:05', 4, 999)
pval: [0.001] -- 104th test, time elapsed 136.20361804962158 -- emperical power so far (from test_start): 1.0
db insert success
tensor(0.3775)
tensor(0.3775)
(105, 5, 0, 1, 340000, 'projchi', 'bitflip', 1326.162109375, 0.0010000000474974513, 136.31691074371338, '2024-07-28 20:40:35', 4, 999)
pval: [0.001] -- 105th test, time elapsed 136.31691074371338 -- emperical power so far (from test_start): 1.0
db insert success
tensor(0.3775)
tensor(0.3775)
(106, 5, 0, 1, 340000, 'projchi', 'bitflip', 1300.2943115234375, 0.0010000000474974513, 136.31124258041382, '2024-07-28 20:42:55', 4, 999)
pval: [0.001] -- 106th test, time elapsed 136.31124258041382 -- emperical power so far (from test_start): 1.0
db insert success
tensor(0.3775)
tensor(0.3775)
(107, 5, 0, 1, 340000, 'projchi', 'bitflip', 1251.6578369140625, 0.0010000000474974513, 136.4611246585846, '2024-07-28 20:45:28', 4, 999)
pval: [0.001] -- 107th test, time elapsed 136.4611246585846 -- emperical power so far (from test_start): 1.0
db insert success
tensor(0.3775)
tensor(0.3775)
(108, 5, 0, 1, 340000, 'projchi', 'bitflip', 1329.026611328125, 0.0010000000474974513, 136.3309133052826, '2024-07-28 20:47:46', 4, 999)
pval: [0.001] -- 108th test, time elapsed 136.3309133052826 -- emperical power so far (from test_start): 1.0
db insert success
tensor(0.3775)
tensor(0.3775)
(109, 5, 0, 1, 340000, 'projchi', 'bitflip', 1263.6419677734375, 0.0010000000474974513, 136.29701209068298, '2024-07-28 20:50:19', 4, 999)
pval: [0.001] -- 109th test, time elapsed 136.29701209068298 -- emperical power so far (from test_start): 1.0
db insert success
tensor(0.3775)
tensor(0.3775)
(110, 5, 0, 1, 340000, 'projchi', 'bitflip', 1389.06005859375, 0.0010000000474974513, 136.56861996650696, '2024-07-28 20:52:46', 4, 999)
pval: [0.001] -- 110th test, time elapsed 136.56861996650696 -- emperical power so far (from test_start): 1.0
db insert success
tensor(0.3775)
tensor(0.3775)
(111, 5, 0, 1, 340000, 'projchi', 'bitflip', 1421.2950439453125, 0.0010000000474974513, 136.31605100631714, '2024-07-28 20:55:19', 4, 999)
pval: [0.001] -- 111th test, time elapsed 136.31605100631714 -- emperical power so far (from test_start): 1.0
db insert success
tensor(0.3775)
tensor(0.3775)
(112, 5, 0, 1, 340000, 'projchi', 'bitflip', 1414.5897216796875, 0.0010000000474974513, 136.24562406539917, '2024-07-28 20:57:38', 4, 999)
pval: [0.001] -- 112th test, time elapsed 136.24562406539917 -- emperical power so far (from test_start): 1.0
db insert success
tensor(0.3775)
tensor(0.3775)
(113, 5, 0, 1, 340000, 'projchi', 'bitflip', 1352.0396728515625, 0.0010000000474974513, 136.31273436546326, '2024-07-28 20:59:56', 4, 999)
pval: [0.001] -- 113th test, time elapsed 136.31273436546326 -- emperical power so far (from test_start): 1.0
db insert success
tensor(0.3775)
tensor(0.3775)
(114, 5, 0, 1, 340000, 'projchi', 'bitflip', 1375.8056640625, 0.0010000000474974513, 136.38107419013977, '2024-07-28 21:02:24', 4, 999)
pval: [0.001] -- 114th test, time elapsed 136.38107419013977 -- emperical power so far (from test_start): 1.0
db insert success
tensor(0.3775)
tensor(0.3775)
(115, 5, 0, 1, 340000, 'projchi', 'bitflip', 1340.62353515625, 0.0010000000474974513, 136.50037026405334, '2024-07-28 21:04:46', 4, 999)
pval: [0.001] -- 115th test, time elapsed 136.50037026405334 -- emperical power so far (from test_start): 1.0
db insert success
tensor(0.3775)
tensor(0.3775)
(116, 5, 0, 1, 340000, 'projchi', 'bitflip', 1401.2884521484375, 0.0010000000474974513, 136.32568979263306, '2024-07-28 21:07:19', 4, 999)
pval: [0.001] -- 116th test, time elapsed 136.32568979263306 -- emperical power so far (from test_start): 1.0
db insert success
tensor(0.3775)
tensor(0.3775)
(117, 5, 0, 1, 340000, 'projchi', 'bitflip', 1266.2650146484375, 0.0010000000474974513, 136.6048710346222, '2024-07-28 21:09:39', 4, 999)
pval: [0.001] -- 117th test, time elapsed 136.6048710346222 -- emperical power so far (from test_start): 1.0
db insert success
tensor(0.3775)
tensor(0.3775)
(118, 5, 0, 1, 340000, 'projchi', 'bitflip', 1394.6619873046875, 0.0010000000474974513, 136.4971559047699, '2024-07-28 21:12:02', 4, 999)
pval: [0.001] -- 118th test, time elapsed 136.4971559047699 -- emperical power so far (from test_start): 1.0
db insert success
tensor(0.3775)
tensor(0.3775)
(119, 5, 0, 1, 340000, 'projchi', 'bitflip', 1375.88720703125, 0.0010000000474974513, 136.36087083816528, '2024-07-28 21:14:33', 4, 999)
pval: [0.001] -- 119th test, time elapsed 136.36087083816528 -- emperical power so far (from test_start): 1.0
db insert success
tensor(0.3775)
tensor(0.3775)
(120, 5, 0, 1, 340000, 'projchi', 'bitflip', 1330.143310546875, 0.0010000000474974513, 136.34544372558594, '2024-07-28 21:16:52', 4, 999)
pval: [0.001] -- 120th test, time elapsed 136.34544372558594 -- emperical power so far (from test_start): 1.0
db insert success
tensor(0.3775)
tensor(0.3775)
(121, 5, 0, 1, 340000, 'projchi', 'bitflip', 1457.62939453125, 0.0010000000474974513, 136.4602391719818, '2024-07-28 21:19:15', 4, 999)
pval: [0.001] -- 121th test, time elapsed 136.4602391719818 -- emperical power so far (from test_start): 1.0
db insert success
tensor(0.3775)
tensor(0.3775)
(122, 5, 0, 1, 340000, 'projchi', 'bitflip', 1361.3004150390625, 0.0010000000474974513, 136.3074848651886, '2024-07-28 21:21:48', 4, 999)
pval: [0.001] -- 122th test, time elapsed 136.3074848651886 -- emperical power so far (from test_start): 1.0
db insert success
tensor(0.3775)
tensor(0.3775)
(123, 5, 0, 1, 340000, 'projchi', 'bitflip', 1360.175048828125, 0.0010000000474974513, 136.25958347320557, '2024-07-28 21:24:15', 4, 999)
pval: [0.001] -- 123th test, time elapsed 136.25958347320557 -- emperical power so far (from test_start): 1.0
db insert success
tensor(0.3775)
tensor(0.3775)
(124, 5, 0, 1, 340000, 'projchi', 'bitflip', 1387.447998046875, 0.0010000000474974513, 136.54564547538757, '2024-07-28 21:26:52', 4, 999)
pval: [0.001] -- 124th test, time elapsed 136.54564547538757 -- emperical power so far (from test_start): 1.0
db insert success
tensor(0.3775)
tensor(0.3775)
(125, 5, 0, 1, 340000, 'projchi', 'bitflip', 1343.45556640625, 0.0010000000474974513, 136.40935683250427, '2024-07-28 21:29:10', 4, 999)
pval: [0.001] -- 125th test, time elapsed 136.40935683250427 -- emperical power so far (from test_start): 1.0
db insert success
tensor(0.3775)
tensor(0.3775)
(126, 5, 0, 1, 340000, 'projchi', 'bitflip', 1280.2955322265625, 0.0010000000474974513, 136.4514877796173, '2024-07-28 21:31:34', 4, 999)
pval: [0.001] -- 126th test, time elapsed 136.4514877796173 -- emperical power so far (from test_start): 1.0
db insert success
tensor(0.3775)
tensor(0.3775)
(127, 5, 0, 1, 340000, 'projchi', 'bitflip', 1367.789306640625, 0.0010000000474974513, 135.94242215156555, '2024-07-28 21:34:02', 4, 999)
pval: [0.001] -- 127th test, time elapsed 135.94242215156555 -- emperical power so far (from test_start): 1.0
db insert success
tensor(0.3775)
tensor(0.3775)
(128, 5, 0, 1, 340000, 'projchi', 'bitflip', 1356.1265869140625, 0.0010000000474974513, 136.4329776763916, '2024-07-28 21:36:37', 4, 999)
pval: [0.001] -- 128th test, time elapsed 136.4329776763916 -- emperical power so far (from test_start): 1.0
db insert success
tensor(0.3775)
tensor(0.3775)
(129, 5, 0, 1, 340000, 'projchi', 'bitflip', 1365.9879150390625, 0.0010000000474974513, 136.50719738006592, '2024-07-28 21:38:55', 4, 999)
pval: [0.001] -- 129th test, time elapsed 136.50719738006592 -- emperical power so far (from test_start): 1.0
db insert success
tensor(0.3775)
tensor(0.3775)
(130, 5, 0, 1, 340000, 'projchi', 'bitflip', 1381.0245361328125, 0.0010000000474974513, 136.47350430488586, '2024-07-28 21:41:29', 4, 999)
pval: [0.001] -- 130th test, time elapsed 136.47350430488586 -- emperical power so far (from test_start): 1.0
db insert success
tensor(0.3775)
tensor(0.3775)
(131, 5, 0, 1, 340000, 'projchi', 'bitflip', 1294.0697021484375, 0.0010000000474974513, 136.33385825157166, '2024-07-28 21:44:02', 4, 999)
pval: [0.001] -- 131th test, time elapsed 136.33385825157166 -- emperical power so far (from test_start): 1.0
db insert success
tensor(0.3775)
tensor(0.3775)
(132, 5, 0, 1, 340000, 'projchi', 'bitflip', 1273.3375244140625, 0.0010000000474974513, 136.50826168060303, '2024-07-28 21:46:26', 4, 999)
pval: [0.001] -- 132th test, time elapsed 136.50826168060303 -- emperical power so far (from test_start): 1.0
db insert success
tensor(0.3775)
tensor(0.3775)
(133, 5, 0, 1, 340000, 'projchi', 'bitflip', 1329.7142333984375, 0.0010000000474974513, 136.52540755271912, '2024-07-28 21:48:57', 4, 999)
pval: [0.001] -- 133th test, time elapsed 136.52540755271912 -- emperical power so far (from test_start): 1.0
db insert success
tensor(0.3775)
tensor(0.3775)
(134, 5, 0, 1, 340000, 'projchi', 'bitflip', 1295.3226318359375, 0.0010000000474974513, 136.03863310813904, '2024-07-28 21:51:19', 4, 999)
pval: [0.001] -- 134th test, time elapsed 136.03863310813904 -- emperical power so far (from test_start): 1.0
db insert success
tensor(0.3775)
tensor(0.3775)
(135, 5, 0, 1, 340000, 'projchi', 'bitflip', 1241.870849609375, 0.0010000000474974513, 136.47894310951233, '2024-07-28 21:53:39', 4, 999)
pval: [0.001] -- 135th test, time elapsed 136.47894310951233 -- emperical power so far (from test_start): 1.0
db insert success
tensor(0.3775)
tensor(0.3775)
(136, 5, 0, 1, 340000, 'projchi', 'bitflip', 1345.165771484375, 0.0010000000474974513, 136.3607349395752, '2024-07-28 21:56:03', 4, 999)
pval: [0.001] -- 136th test, time elapsed 136.3607349395752 -- emperical power so far (from test_start): 1.0
db insert success
tensor(0.3775)
tensor(0.3775)
(137, 5, 0, 1, 340000, 'projchi', 'bitflip', 1291.91650390625, 0.0010000000474974513, 136.57393169403076, '2024-07-28 21:58:35', 4, 999)
pval: [0.001] -- 137th test, time elapsed 136.57393169403076 -- emperical power so far (from test_start): 1.0
db insert success
tensor(0.3775)
tensor(0.3775)
(138, 5, 0, 1, 340000, 'projchi', 'bitflip', 1444.5732421875, 0.0010000000474974513, 136.57820844650269, '2024-07-28 22:01:11', 4, 999)
pval: [0.001] -- 138th test, time elapsed 136.57820844650269 -- emperical power so far (from test_start): 1.0
db insert success
tensor(0.3775)
tensor(0.3775)
(139, 5, 0, 1, 340000, 'projchi', 'bitflip', 1346.410888671875, 0.0010000000474974513, 136.4781928062439, '2024-07-28 22:03:32', 4, 999)
pval: [0.001] -- 139th test, time elapsed 136.4781928062439 -- emperical power so far (from test_start): 1.0
db insert success
tensor(0.3775)
tensor(0.3775)
(140, 5, 0, 1, 340000, 'projchi', 'bitflip', 1319.2506103515625, 0.0010000000474974513, 136.39564895629883, '2024-07-28 22:06:01', 4, 999)
pval: [0.001] -- 140th test, time elapsed 136.39564895629883 -- emperical power so far (from test_start): 1.0
db insert success
tensor(0.3775)
tensor(0.3775)
(141, 5, 0, 1, 340000, 'projchi', 'bitflip', 1394.1129150390625, 0.0010000000474974513, 136.45358180999756, '2024-07-28 22:08:22', 4, 999)
pval: [0.001] -- 141th test, time elapsed 136.45358180999756 -- emperical power so far (from test_start): 1.0
db insert success
tensor(0.3775)
tensor(0.3775)
(142, 5, 0, 1, 340000, 'projchi', 'bitflip', 1371.2064208984375, 0.0010000000474974513, 135.90548872947693, '2024-07-28 22:10:50', 4, 999)
pval: [0.001] -- 142th test, time elapsed 135.90548872947693 -- emperical power so far (from test_start): 1.0
db insert success
tensor(0.3775)
tensor(0.3775)
(143, 5, 0, 1, 340000, 'projchi', 'bitflip', 1395.14453125, 0.0010000000474974513, 136.32212209701538, '2024-07-28 22:13:25', 4, 999)
pval: [0.001] -- 143th test, time elapsed 136.32212209701538 -- emperical power so far (from test_start): 1.0
db insert success
tensor(0.3775)
tensor(0.3775)
(144, 5, 0, 1, 340000, 'projchi', 'bitflip', 1365.3145751953125, 0.0010000000474974513, 136.19428730010986, '2024-07-28 22:16:02', 4, 999)
pval: [0.001] -- 144th test, time elapsed 136.19428730010986 -- emperical power so far (from test_start): 1.0
db insert success
tensor(0.3775)
tensor(0.3775)
(145, 5, 0, 1, 340000, 'projchi', 'bitflip', 1227.584716796875, 0.0010000000474974513, 136.1871542930603, '2024-07-28 22:18:22', 4, 999)
pval: [0.001] -- 145th test, time elapsed 136.1871542930603 -- emperical power so far (from test_start): 1.0
db insert success
tensor(0.3775)
tensor(0.3775)
(146, 5, 0, 1, 340000, 'projchi', 'bitflip', 1206.8697509765625, 0.0010000000474974513, 136.43941044807434, '2024-07-28 22:20:53', 4, 999)
pval: [0.001] -- 146th test, time elapsed 136.43941044807434 -- emperical power so far (from test_start): 1.0
db insert success
tensor(0.3775)
tensor(0.3775)
(147, 5, 0, 1, 340000, 'projchi', 'bitflip', 1332.205322265625, 0.0010000000474974513, 136.48002529144287, '2024-07-28 22:23:24', 4, 999)
pval: [0.001] -- 147th test, time elapsed 136.48002529144287 -- emperical power so far (from test_start): 1.0
db insert success
tensor(0.3775)
tensor(0.3775)
(148, 5, 0, 1, 340000, 'projchi', 'bitflip', 1357.3763427734375, 0.0010000000474974513, 136.3825249671936, '2024-07-28 22:25:45', 4, 999)
pval: [0.001] -- 148th test, time elapsed 136.3825249671936 -- emperical power so far (from test_start): 1.0
db insert success
tensor(0.3775)
tensor(0.3775)
(149, 5, 0, 1, 340000, 'projchi', 'bitflip', 1315.56689453125, 0.0010000000474974513, 136.41318345069885, '2024-07-28 22:28:10', 4, 999)
pval: [0.001] -- 149th test, time elapsed 136.41318345069885 -- emperical power so far (from test_start): 1.0
db insert success
tensor(0.3775)
tensor(0.3775)
(150, 5, 0, 1, 340000, 'projchi', 'bitflip', 1283.679931640625, 0.0010000000474974513, 136.47413396835327, '2024-07-28 22:30:44', 4, 999)
pval: [0.001] -- 150th test, time elapsed 136.47413396835327 -- emperical power so far (from test_start): 1.0
db insert success
tensor(0.3775)
tensor(0.3775)
(151, 5, 0, 1, 340000, 'projchi', 'bitflip', 1309.4554443359375, 0.0010000000474974513, 136.13668012619019, '2024-07-28 22:33:15', 4, 999)
pval: [0.001] -- 151th test, time elapsed 136.13668012619019 -- emperical power so far (from test_start): 1.0
db insert success
tensor(0.3775)
tensor(0.3775)
(152, 5, 0, 1, 340000, 'projchi', 'bitflip', 1296.725341796875, 0.0010000000474974513, 136.34764647483826, '2024-07-28 22:35:34', 4, 999)
pval: [0.001] -- 152th test, time elapsed 136.34764647483826 -- emperical power so far (from test_start): 1.0
db insert success
tensor(0.3775)
tensor(0.3775)
(153, 5, 0, 1, 340000, 'projchi', 'bitflip', 1320.8948974609375, 0.0010000000474974513, 136.12394285202026, '2024-07-28 22:38:05', 4, 999)
pval: [0.001] -- 153th test, time elapsed 136.12394285202026 -- emperical power so far (from test_start): 1.0
db insert success
tensor(0.3775)
tensor(0.3775)
(154, 5, 0, 1, 340000, 'projchi', 'bitflip', 1348.974853515625, 0.0010000000474974513, 136.29791378974915, '2024-07-28 22:40:36', 4, 999)
pval: [0.001] -- 154th test, time elapsed 136.29791378974915 -- emperical power so far (from test_start): 1.0
db insert success
tensor(0.3775)
tensor(0.3775)
(155, 5, 0, 1, 340000, 'projchi', 'bitflip', 1334.147705078125, 0.0010000000474974513, 136.13937211036682, '2024-07-28 22:43:12', 4, 999)
pval: [0.001] -- 155th test, time elapsed 136.13937211036682 -- emperical power so far (from test_start): 1.0
db insert success
tensor(0.3775)
tensor(0.3775)
(156, 5, 0, 1, 340000, 'projchi', 'bitflip', 1349.7144775390625, 0.0010000000474974513, 136.25045156478882, '2024-07-28 22:45:32', 4, 999)
pval: [0.001] -- 156th test, time elapsed 136.25045156478882 -- emperical power so far (from test_start): 1.0
db insert success
tensor(0.3775)
tensor(0.3775)
(157, 5, 0, 1, 340000, 'projchi', 'bitflip', 1437.984130859375, 0.0010000000474974513, 136.24339747428894, '2024-07-28 22:47:58', 4, 999)
pval: [0.001] -- 157th test, time elapsed 136.24339747428894 -- emperical power so far (from test_start): 1.0
db insert success
tensor(0.3775)
tensor(0.3775)
(158, 5, 0, 1, 340000, 'projchi', 'bitflip', 1335.1077880859375, 0.0010000000474974513, 136.4273841381073, '2024-07-28 22:50:18', 4, 999)
pval: [0.001] -- 158th test, time elapsed 136.4273841381073 -- emperical power so far (from test_start): 1.0
db insert success
tensor(0.3775)
tensor(0.3775)
(159, 5, 0, 1, 340000, 'projchi', 'bitflip', 1244.1842041015625, 0.0010000000474974513, 136.55741834640503, '2024-07-28 22:52:55', 4, 999)
pval: [0.001] -- 159th test, time elapsed 136.55741834640503 -- emperical power so far (from test_start): 1.0
db insert success
tensor(0.3775)
tensor(0.3775)
(160, 5, 0, 1, 340000, 'projchi', 'bitflip', 1282.72021484375, 0.0010000000474974513, 136.2669620513916, '2024-07-28 22:55:25', 4, 999)
pval: [0.001] -- 160th test, time elapsed 136.2669620513916 -- emperical power so far (from test_start): 1.0
db insert success
tensor(0.3775)
tensor(0.3775)
(161, 5, 0, 1, 340000, 'projchi', 'bitflip', 1227.05517578125, 0.0010000000474974513, 136.4918246269226, '2024-07-28 22:57:50', 4, 999)
pval: [0.001] -- 161th test, time elapsed 136.4918246269226 -- emperical power so far (from test_start): 1.0
db insert success
tensor(0.3775)
tensor(0.3775)
(162, 5, 0, 1, 340000, 'projchi', 'bitflip', 1376.651611328125, 0.0010000000474974513, 136.61057209968567, '2024-07-28 23:00:09', 4, 999)
pval: [0.001] -- 162th test, time elapsed 136.61057209968567 -- emperical power so far (from test_start): 1.0
db insert success
tensor(0.3775)
tensor(0.3775)
(163, 5, 0, 1, 340000, 'projchi', 'bitflip', 1377.6221923828125, 0.0010000000474974513, 136.37635922431946, '2024-07-28 23:02:43', 4, 999)
pval: [0.001] -- 163th test, time elapsed 136.37635922431946 -- emperical power so far (from test_start): 1.0
db insert success
tensor(0.3775)
tensor(0.3775)
(164, 5, 0, 1, 340000, 'projchi', 'bitflip', 1250.20703125, 0.0010000000474974513, 136.45497107505798, '2024-07-28 23:05:13', 4, 999)
pval: [0.001] -- 164th test, time elapsed 136.45497107505798 -- emperical power so far (from test_start): 1.0
db insert success
tensor(0.3775)
tensor(0.3775)
(165, 5, 0, 1, 340000, 'projchi', 'bitflip', 1348.2623291015625, 0.0010000000474974513, 135.74529504776, '2024-07-28 23:07:35', 4, 999)
pval: [0.001] -- 165th test, time elapsed 135.74529504776 -- emperical power so far (from test_start): 1.0
db insert success
tensor(0.3775)
tensor(0.3775)
(166, 5, 0, 1, 340000, 'projchi', 'bitflip', 1313.547119140625, 0.0010000000474974513, 136.26290345191956, '2024-07-28 23:10:11', 4, 999)
pval: [0.001] -- 166th test, time elapsed 136.26290345191956 -- emperical power so far (from test_start): 1.0
db insert success
tensor(0.3775)
tensor(0.3775)
(167, 5, 0, 1, 340000, 'projchi', 'bitflip', 1406.0274658203125, 0.0010000000474974513, 136.3872048854828, '2024-07-28 23:12:31', 4, 999)
pval: [0.001] -- 167th test, time elapsed 136.3872048854828 -- emperical power so far (from test_start): 1.0
db insert success
tensor(0.3775)
tensor(0.3775)
(168, 5, 0, 1, 340000, 'projchi', 'bitflip', 1247.7205810546875, 0.0010000000474974513, 136.23698139190674, '2024-07-28 23:15:02', 4, 999)
pval: [0.001] -- 168th test, time elapsed 136.23698139190674 -- emperical power so far (from test_start): 1.0
db insert success
tensor(0.3775)
tensor(0.3775)
(169, 5, 0, 1, 340000, 'projchi', 'bitflip', 1302.912353515625, 0.0010000000474974513, 136.20685815811157, '2024-07-28 23:17:32', 4, 999)
pval: [0.001] -- 169th test, time elapsed 136.20685815811157 -- emperical power so far (from test_start): 1.0
db insert success
tensor(0.3775)
tensor(0.3775)
(170, 5, 0, 1, 340000, 'projchi', 'bitflip', 1310.6943359375, 0.0010000000474974513, 136.36739230155945, '2024-07-28 23:19:59', 4, 999)
pval: [0.001] -- 170th test, time elapsed 136.36739230155945 -- emperical power so far (from test_start): 1.0
db insert success
tensor(0.3775)
tensor(0.3775)
(171, 5, 0, 1, 340000, 'projchi', 'bitflip', 1373.6146240234375, 0.0010000000474974513, 135.89735865592957, '2024-07-28 23:22:27', 4, 999)
pval: [0.001] -- 171th test, time elapsed 135.89735865592957 -- emperical power so far (from test_start): 1.0
db insert success
tensor(0.3775)
tensor(0.3775)
(172, 5, 0, 1, 340000, 'projchi', 'bitflip', 1387.1060791015625, 0.0010000000474974513, 136.7537477016449, '2024-07-28 23:24:51', 4, 999)
pval: [0.001] -- 172th test, time elapsed 136.7537477016449 -- emperical power so far (from test_start): 1.0
db insert success
tensor(0.3775)
tensor(0.3775)
(173, 5, 0, 1, 340000, 'projchi', 'bitflip', 1338.4630126953125, 0.0010000000474974513, 135.97970819473267, '2024-07-28 23:27:26', 4, 999)
pval: [0.001] -- 173th test, time elapsed 135.97970819473267 -- emperical power so far (from test_start): 1.0
db insert success
tensor(0.3775)
tensor(0.3775)
(174, 5, 0, 1, 340000, 'projchi', 'bitflip', 1282.301513671875, 0.0010000000474974513, 136.6485412120819, '2024-07-28 23:29:44', 4, 999)
pval: [0.001] -- 174th test, time elapsed 136.6485412120819 -- emperical power so far (from test_start): 1.0
db insert success
tensor(0.3775)
tensor(0.3775)
(175, 5, 0, 1, 340000, 'projchi', 'bitflip', 1294.2476806640625, 0.0010000000474974513, 136.32876205444336, '2024-07-28 23:32:08', 4, 999)
pval: [0.001] -- 175th test, time elapsed 136.32876205444336 -- emperical power so far (from test_start): 1.0
db insert success
tensor(0.3775)
tensor(0.3775)
(176, 5, 0, 1, 340000, 'projchi', 'bitflip', 1355.90478515625, 0.0010000000474974513, 136.24459862709045, '2024-07-28 23:34:41', 4, 999)
pval: [0.001] -- 176th test, time elapsed 136.24459862709045 -- emperical power so far (from test_start): 1.0
db insert success
tensor(0.3775)
tensor(0.3775)
(177, 5, 0, 1, 340000, 'projchi', 'bitflip', 1254.4097900390625, 0.0010000000474974513, 136.32757115364075, '2024-07-28 23:37:13', 4, 999)
pval: [0.001] -- 177th test, time elapsed 136.32757115364075 -- emperical power so far (from test_start): 1.0
db insert success
tensor(0.3775)
tensor(0.3775)
(178, 5, 0, 1, 340000, 'projchi', 'bitflip', 1258.2265625, 0.0010000000474974513, 136.2749102115631, '2024-07-28 23:39:44', 4, 999)
pval: [0.001] -- 178th test, time elapsed 136.2749102115631 -- emperical power so far (from test_start): 1.0
db insert success
tensor(0.3775)
tensor(0.3775)
(179, 5, 0, 1, 340000, 'projchi', 'bitflip', 1373.8623046875, 0.0010000000474974513, 136.56261825561523, '2024-07-28 23:42:21', 4, 999)
pval: [0.001] -- 179th test, time elapsed 136.56261825561523 -- emperical power so far (from test_start): 1.0
db insert success
tensor(0.3775)
tensor(0.3775)
(180, 5, 0, 1, 340000, 'projchi', 'bitflip', 1259.6568603515625, 0.0010000000474974513, 136.4173333644867, '2024-07-28 23:44:50', 4, 999)
pval: [0.001] -- 180th test, time elapsed 136.4173333644867 -- emperical power so far (from test_start): 1.0
db insert success
tensor(0.3775)
tensor(0.3775)
(181, 5, 0, 1, 340000, 'projchi', 'bitflip', 1268.0419921875, 0.0010000000474974513, 135.83649802207947, '2024-07-28 23:47:15', 4, 999)
pval: [0.001] -- 181th test, time elapsed 135.83649802207947 -- emperical power so far (from test_start): 1.0
db insert success
tensor(0.3775)
tensor(0.3775)
(182, 5, 0, 1, 340000, 'projchi', 'bitflip', 1329.3634033203125, 0.0010000000474974513, 136.3977348804474, '2024-07-28 23:49:34', 4, 999)
pval: [0.001] -- 182th test, time elapsed 136.3977348804474 -- emperical power so far (from test_start): 1.0
db insert success
tensor(0.3775)
tensor(0.3775)
(183, 5, 0, 1, 340000, 'projchi', 'bitflip', 1294.78564453125, 0.0010000000474974513, 136.56400632858276, '2024-07-28 23:52:08', 4, 999)
pval: [0.001] -- 183th test, time elapsed 136.56400632858276 -- emperical power so far (from test_start): 1.0
db insert success
tensor(0.3775)
tensor(0.3775)
(184, 5, 0, 1, 340000, 'projchi', 'bitflip', 1346.6363525390625, 0.0010000000474974513, 136.22960257530212, '2024-07-28 23:54:26', 4, 999)
pval: [0.001] -- 184th test, time elapsed 136.22960257530212 -- emperical power so far (from test_start): 1.0
db insert success
tensor(0.3775)
tensor(0.3775)
(185, 5, 0, 1, 340000, 'projchi', 'bitflip', 1372.4376220703125, 0.0010000000474974513, 136.3204050064087, '2024-07-28 23:57:02', 4, 999)
pval: [0.001] -- 185th test, time elapsed 136.3204050064087 -- emperical power so far (from test_start): 1.0
db insert success
tensor(0.3775)
tensor(0.3775)
(186, 5, 0, 1, 340000, 'projchi', 'bitflip', 1307.31884765625, 0.0010000000474974513, 136.45052552223206, '2024-07-28 23:59:22', 4, 999)
pval: [0.001] -- 186th test, time elapsed 136.45052552223206 -- emperical power so far (from test_start): 1.0
db insert success
tensor(0.3775)
tensor(0.3775)
(187, 5, 0, 1, 340000, 'projchi', 'bitflip', 1297.576416015625, 0.0010000000474974513, 136.34218907356262, '2024-07-29 00:01:42', 4, 999)
pval: [0.001] -- 187th test, time elapsed 136.34218907356262 -- emperical power so far (from test_start): 1.0
db insert success
tensor(0.3775)
tensor(0.3775)
(188, 5, 0, 1, 340000, 'projchi', 'bitflip', 1397.8643798828125, 0.0010000000474974513, 136.58093690872192, '2024-07-29 00:04:17', 4, 999)
pval: [0.001] -- 188th test, time elapsed 136.58093690872192 -- emperical power so far (from test_start): 1.0
db insert success
tensor(0.3775)
tensor(0.3775)
(189, 5, 0, 1, 340000, 'projchi', 'bitflip', 1442.239990234375, 0.0010000000474974513, 136.3978500366211, '2024-07-29 00:06:52', 4, 999)
pval: [0.001] -- 189th test, time elapsed 136.3978500366211 -- emperical power so far (from test_start): 1.0
db insert success
tensor(0.3775)
tensor(0.3775)
(190, 5, 0, 1, 340000, 'projchi', 'bitflip', 1392.5654296875, 0.0010000000474974513, 136.50488924980164, '2024-07-29 00:09:16', 4, 999)
pval: [0.001] -- 190th test, time elapsed 136.50488924980164 -- emperical power so far (from test_start): 1.0
db insert success
tensor(0.3775)
tensor(0.3775)
(191, 5, 0, 1, 340000, 'projchi', 'bitflip', 1205.7398681640625, 0.0010000000474974513, 136.4949014186859, '2024-07-29 00:11:47', 4, 999)
pval: [0.001] -- 191th test, time elapsed 136.4949014186859 -- emperical power so far (from test_start): 1.0
db insert success
tensor(0.3775)
tensor(0.3775)
(192, 5, 0, 1, 340000, 'projchi', 'bitflip', 1305.6060791015625, 0.0010000000474974513, 136.3452980518341, '2024-07-29 00:14:20', 4, 999)
pval: [0.001] -- 192th test, time elapsed 136.3452980518341 -- emperical power so far (from test_start): 1.0
db insert success
tensor(0.3775)
tensor(0.3775)
(193, 5, 0, 1, 340000, 'projchi', 'bitflip', 1275.6812744140625, 0.0010000000474974513, 136.45149755477905, '2024-07-29 00:16:57', 4, 999)
pval: [0.001] -- 193th test, time elapsed 136.45149755477905 -- emperical power so far (from test_start): 1.0
db insert success
tensor(0.3775)
tensor(0.3775)
(194, 5, 0, 1, 340000, 'projchi', 'bitflip', 1354.95458984375, 0.0010000000474974513, 136.39780974388123, '2024-07-29 00:19:24', 4, 999)
pval: [0.001] -- 194th test, time elapsed 136.39780974388123 -- emperical power so far (from test_start): 1.0
db insert success
tensor(0.3775)
tensor(0.3775)
(195, 5, 0, 1, 340000, 'projchi', 'bitflip', 1265.1888427734375, 0.0010000000474974513, 135.88883328437805, '2024-07-29 00:21:59', 4, 999)
pval: [0.001] -- 195th test, time elapsed 135.88883328437805 -- emperical power so far (from test_start): 1.0
db insert success
tensor(0.3775)
tensor(0.3775)
(196, 5, 0, 1, 340000, 'projchi', 'bitflip', 1345.213134765625, 0.0010000000474974513, 136.37931609153748, '2024-07-29 00:24:17', 4, 999)
pval: [0.001] -- 196th test, time elapsed 136.37931609153748 -- emperical power so far (from test_start): 1.0
db insert success
tensor(0.3775)
tensor(0.3775)
(197, 5, 0, 1, 340000, 'projchi', 'bitflip', 1353.1822509765625, 0.0010000000474974513, 136.6136965751648, '2024-07-29 00:26:49', 4, 999)
pval: [0.001] -- 197th test, time elapsed 136.6136965751648 -- emperical power so far (from test_start): 1.0
db insert success
tensor(0.3775)
tensor(0.3775)
(198, 5, 0, 1, 340000, 'projchi', 'bitflip', 1228.6236572265625, 0.0010000000474974513, 136.49027824401855, '2024-07-29 00:29:21', 4, 999)
pval: [0.001] -- 198th test, time elapsed 136.49027824401855 -- emperical power so far (from test_start): 1.0
db insert success
tensor(0.3775)
tensor(0.3775)
(199, 5, 0, 1, 340000, 'projchi', 'bitflip', 1395.0201416015625, 0.0010000000474974513, 136.42101573944092, '2024-07-29 00:31:55', 4, 999)
pval: [0.001] -- 199th test, time elapsed 136.42101573944092 -- emperical power so far (from test_start): 1.0
db insert success
tensor(0.3775)
tensor(0.3775)
(200, 5, 0, 1, 340000, 'projchi', 'bitflip', 1305.8416748046875, 0.0010000000474974513, 136.47432112693787, '2024-07-29 00:34:16', 4, 999)
pval: [0.001] -- 200th test, time elapsed 136.47432112693787 -- emperical power so far (from test_start): 1.0
db insert success
29576.79796409607
