lapuelltwo, alpha=0.5, sample size=60000
#########################################
(1, 5, 0, 0.5, 60000, 'elltwo', 'lapu', -72.62178660441626, 0.9230000376701355, 30.04557728767395, '2024-07-29 19:31:34', 4, 999)
pval: [0.92300004] -- 1th test, time elapsed 30.04557728767395 -- emperical power so far (from test_start): 0.0
db insert success
(2, 5, 0, 0.5, 60000, 'elltwo', 'lapu', 78.51228366475215, 0.05900000408291817, 30.085837841033936, '2024-07-29 19:32:06', 4, 999)
pval: [0.059] -- 2th test, time elapsed 30.085837841033936 -- emperical power so far (from test_start): 0.0
db insert success
(3, 5, 0, 0.5, 60000, 'elltwo', 'lapu', 66.50942069552008, 0.09000000357627869, 30.024704217910767, '2024-07-29 19:32:47', 4, 999)
pval: [0.09] -- 3th test, time elapsed 30.024704217910767 -- emperical power so far (from test_start): 0.0
db insert success
(4, 5, 0, 0.5, 60000, 'elltwo', 'lapu', 109.84485473588907, 0.018000001087784767, 29.973600387573242, '2024-07-29 19:33:37', 4, 999)
pval: [0.018] -- 4th test, time elapsed 29.973600387573242 -- emperical power so far (from test_start): 0.25
db insert success
(5, 5, 0, 0.5, 60000, 'elltwo', 'lapu', 18.41443928426385, 0.36900001764297485, 30.134300470352173, '2024-07-29 19:34:21', 4, 999)
pval: [0.36900002] -- 5th test, time elapsed 30.134300470352173 -- emperical power so far (from test_start): 0.2
db insert success
(6, 5, 0, 0.5, 60000, 'elltwo', 'lapu', -5.241981326863014, 0.5220000147819519, 30.016420602798462, '2024-07-29 19:35:10', 4, 999)
pval: [0.52200001] -- 6th test, time elapsed 30.016420602798462 -- emperical power so far (from test_start): 0.16666666666666666
db insert success
(7, 5, 0, 0.5, 60000, 'elltwo', 'lapu', -9.555124619349623, 0.5879999995231628, 30.014938354492188, '2024-07-29 19:35:50', 4, 999)
pval: [0.588] -- 7th test, time elapsed 30.014938354492188 -- emperical power so far (from test_start): 0.14285714285714285
db insert success
(8, 5, 0, 0.5, 60000, 'elltwo', 'lapu', -38.002067326133854, 0.7460000514984131, 30.06231689453125, '2024-07-29 19:36:27', 4, 999)
pval: [0.74600005] -- 8th test, time elapsed 30.06231689453125 -- emperical power so far (from test_start): 0.125
db insert success
(9, 5, 0, 0.5, 60000, 'elltwo', 'lapu', 25.949363998236915, 0.3160000145435333, 30.02457046508789, '2024-07-29 19:37:13', 4, 999)
pval: [0.31600001] -- 9th test, time elapsed 30.02457046508789 -- emperical power so far (from test_start): 0.1111111111111111
db insert success
(10, 5, 0, 0.5, 60000, 'elltwo', 'lapu', 66.30613579603575, 0.10300000756978989, 30.073581218719482, '2024-07-29 19:38:04', 4, 999)
pval: [0.10300001] -- 10th test, time elapsed 30.073581218719482 -- emperical power so far (from test_start): 0.1
db insert success
(11, 5, 0, 0.5, 60000, 'elltwo', 'lapu', 29.831538427163345, 0.24900001287460327, 29.991480588912964, '2024-07-29 19:38:35', 4, 999)
pval: [0.24900001] -- 11th test, time elapsed 29.991480588912964 -- emperical power so far (from test_start): 0.09090909090909091
db insert success
(12, 5, 0, 0.5, 60000, 'elltwo', 'lapu', -47.997636628126486, 0.8530000448226929, 30.118557929992676, '2024-07-29 19:39:25', 4, 999)
pval: [0.85300004] -- 12th test, time elapsed 30.118557929992676 -- emperical power so far (from test_start): 0.08333333333333333
db insert success
(13, 5, 0, 0.5, 60000, 'elltwo', 'lapu', 59.459585599415306, 0.11700000613927841, 30.14465045928955, '2024-07-29 19:40:10', 4, 999)
pval: [0.11700001] -- 13th test, time elapsed 30.14465045928955 -- emperical power so far (from test_start): 0.07692307692307693
db insert success
(14, 5, 0, 0.5, 60000, 'elltwo', 'lapu', 15.49150726438536, 0.39500001072883606, 30.092838764190674, '2024-07-29 19:40:50', 4, 999)
pval: [0.39500001] -- 14th test, time elapsed 30.092838764190674 -- emperical power so far (from test_start): 0.07142857142857142
db insert success
(15, 5, 0, 0.5, 60000, 'elltwo', 'lapu', 44.78165037782688, 0.18400001525878906, 30.02722191810608, '2024-07-29 19:41:22', 4, 999)
pval: [0.18400002] -- 15th test, time elapsed 30.02722191810608 -- emperical power so far (from test_start): 0.06666666666666667
db insert success
(16, 5, 0, 0.5, 60000, 'elltwo', 'lapu', -53.07684862805064, 0.8650000691413879, 30.12811827659607, '2024-07-29 19:41:55', 4, 999)
pval: [0.86500007] -- 16th test, time elapsed 30.12811827659607 -- emperical power so far (from test_start): 0.0625
db insert success
(17, 5, 0, 0.5, 60000, 'elltwo', 'lapu', 80.95511916034255, 0.052000001072883606, 30.180970907211304, '2024-07-29 19:42:39', 4, 999)
pval: [0.052] -- 17th test, time elapsed 30.180970907211304 -- emperical power so far (from test_start): 0.058823529411764705
db insert success
(18, 5, 0, 0.5, 60000, 'elltwo', 'lapu', 33.10863855931723, 0.25300002098083496, 30.035447597503662, '2024-07-29 19:43:29', 4, 999)
pval: [0.25300002] -- 18th test, time elapsed 30.035447597503662 -- emperical power so far (from test_start): 0.05555555555555555
db insert success
(19, 5, 0, 0.5, 60000, 'elltwo', 'lapu', -61.59878479436131, 0.9020000696182251, 30.05352544784546, '2024-07-29 19:44:10', 4, 999)
pval: [0.90200007] -- 19th test, time elapsed 30.05352544784546 -- emperical power so far (from test_start): 0.05263157894736842
db insert success
(20, 5, 0, 0.5, 60000, 'elltwo', 'lapu', -38.512861160789704, 0.7850000262260437, 30.07544183731079, '2024-07-29 19:44:49', 4, 999)
pval: [0.78500003] -- 20th test, time elapsed 30.07544183731079 -- emperical power so far (from test_start): 0.05
db insert success
(21, 5, 0, 0.5, 60000, 'elltwo', 'lapu', -43.045694347652336, 0.8110000491142273, 30.036468029022217, '2024-07-29 19:45:31', 4, 999)
pval: [0.81100005] -- 21th test, time elapsed 30.036468029022217 -- emperical power so far (from test_start): 0.047619047619047616
db insert success
(22, 5, 0, 0.5, 60000, 'elltwo', 'lapu', 97.95979343460512, 0.032999999821186066, 29.99744987487793, '2024-07-29 19:46:04', 4, 999)
pval: [0.033] -- 22th test, time elapsed 29.99744987487793 -- emperical power so far (from test_start): 0.09090909090909091
db insert success
(23, 5, 0, 0.5, 60000, 'elltwo', 'lapu', -82.90141669074576, 0.9440000653266907, 29.990497827529907, '2024-07-29 19:46:51', 4, 999)
pval: [0.94400007] -- 23th test, time elapsed 29.990497827529907 -- emperical power so far (from test_start): 0.08695652173913043
db insert success
(24, 5, 0, 0.5, 60000, 'elltwo', 'lapu', -21.058865117979575, 0.6610000133514404, 29.94900941848755, '2024-07-29 19:47:32', 4, 999)
pval: [0.66100001] -- 24th test, time elapsed 29.94900941848755 -- emperical power so far (from test_start): 0.08333333333333333
db insert success
(25, 5, 0, 0.5, 60000, 'elltwo', 'lapu', 24.530151499773883, 0.3050000071525574, 29.96293354034424, '2024-07-29 19:48:17', 4, 999)
pval: [0.30500001] -- 25th test, time elapsed 29.96293354034424 -- emperical power so far (from test_start): 0.08
db insert success
(26, 5, 0, 0.5, 60000, 'elltwo', 'lapu', -51.280908650487305, 0.8460000157356262, 30.00943112373352, '2024-07-29 19:48:59', 4, 999)
pval: [0.84600002] -- 26th test, time elapsed 30.00943112373352 -- emperical power so far (from test_start): 0.07692307692307693
db insert success
(27, 5, 0, 0.5, 60000, 'elltwo', 'lapu', 165.84818723560562, 0.0010000000474974513, 29.950344562530518, '2024-07-29 19:49:33', 4, 999)
pval: [0.001] -- 27th test, time elapsed 29.950344562530518 -- emperical power so far (from test_start): 0.1111111111111111
db insert success
(28, 5, 0, 0.5, 60000, 'elltwo', 'lapu', 28.605352900218268, 0.27800002694129944, 29.9448344707489, '2024-07-29 19:50:16', 4, 999)
pval: [0.27800003] -- 28th test, time elapsed 29.9448344707489 -- emperical power so far (from test_start): 0.10714285714285714
db insert success
(29, 5, 0, 0.5, 60000, 'elltwo', 'lapu', 92.50441963393475, 0.029000001028180122, 29.98928666114807, '2024-07-29 19:50:56', 4, 999)
pval: [0.029] -- 29th test, time elapsed 29.98928666114807 -- emperical power so far (from test_start): 0.13793103448275862
db insert success
(30, 5, 0, 0.5, 60000, 'elltwo', 'lapu', 19.84388572420445, 0.3530000150203705, 29.95007300376892, '2024-07-29 19:51:37', 4, 999)
pval: [0.35300002] -- 30th test, time elapsed 29.95007300376892 -- emperical power so far (from test_start): 0.13333333333333333
db insert success
(31, 5, 0, 0.5, 60000, 'elltwo', 'lapu', -16.09357059355304, 0.6140000224113464, 29.943965196609497, '2024-07-29 19:52:16', 4, 999)
pval: [0.61400002] -- 31th test, time elapsed 29.943965196609497 -- emperical power so far (from test_start): 0.12903225806451613
db insert success
(32, 5, 0, 0.5, 60000, 'elltwo', 'lapu', -26.13801130953354, 0.6740000247955322, 29.984280109405518, '2024-07-29 19:52:59', 4, 999)
pval: [0.67400002] -- 32th test, time elapsed 29.984280109405518 -- emperical power so far (from test_start): 0.125
db insert success
(33, 5, 0, 0.5, 60000, 'elltwo', 'lapu', 53.211712328187026, 0.1290000081062317, 29.938908338546753, '2024-07-29 19:53:41', 4, 999)
pval: [0.12900001] -- 33th test, time elapsed 29.938908338546753 -- emperical power so far (from test_start): 0.12121212121212122
db insert success
(34, 5, 0, 0.5, 60000, 'elltwo', 'lapu', -48.73425351421379, 0.8480000495910645, 29.94332528114319, '2024-07-29 19:54:31', 4, 999)
pval: [0.84800005] -- 34th test, time elapsed 29.94332528114319 -- emperical power so far (from test_start): 0.11764705882352941
db insert success
(35, 5, 0, 0.5, 60000, 'elltwo', 'lapu', 75.39495161752878, 0.06700000166893005, 30.0034761428833, '2024-07-29 19:55:16', 4, 999)
pval: [0.067] -- 35th test, time elapsed 30.0034761428833 -- emperical power so far (from test_start): 0.11428571428571428
db insert success
(36, 5, 0, 0.5, 60000, 'elltwo', 'lapu', 86.8753061107551, 0.03400000184774399, 29.938673496246338, '2024-07-29 19:55:57', 4, 999)
pval: [0.034] -- 36th test, time elapsed 29.938673496246338 -- emperical power so far (from test_start): 0.1388888888888889
db insert success
(37, 5, 0, 0.5, 60000, 'elltwo', 'lapu', 80.9553024594042, 0.05700000375509262, 29.951615810394287, '2024-07-29 19:56:28', 4, 999)
pval: [0.057] -- 37th test, time elapsed 29.951615810394287 -- emperical power so far (from test_start): 0.13513513513513514
db insert success
(38, 5, 0, 0.5, 60000, 'elltwo', 'lapu', -20.05574272864915, 0.6480000019073486, 29.987632751464844, '2024-07-29 19:57:17', 4, 999)
pval: [0.648] -- 38th test, time elapsed 29.987632751464844 -- emperical power so far (from test_start): 0.13157894736842105
db insert success
(39, 5, 0, 0.5, 60000, 'elltwo', 'lapu', 133.2251016201826, 0.006000000052154064, 29.94874906539917, '2024-07-29 19:57:54', 4, 999)
pval: [0.006] -- 39th test, time elapsed 29.94874906539917 -- emperical power so far (from test_start): 0.15384615384615385
db insert success
(40, 5, 0, 0.5, 60000, 'elltwo', 'lapu', -29.553910742984296, 0.7170000076293945, 29.938830614089966, '2024-07-29 19:58:33', 4, 999)
pval: [0.71700001] -- 40th test, time elapsed 29.938830614089966 -- emperical power so far (from test_start): 0.15
db insert success
(41, 5, 0, 0.5, 60000, 'elltwo', 'lapu', -27.784401988515867, 0.7250000238418579, 29.993218183517456, '2024-07-29 19:59:18', 4, 999)
pval: [0.72500002] -- 41th test, time elapsed 29.993218183517456 -- emperical power so far (from test_start): 0.14634146341463414
db insert success
(42, 5, 0, 0.5, 60000, 'elltwo', 'lapu', 55.90901860577521, 0.12000000476837158, 29.95212459564209, '2024-07-29 20:00:02', 4, 999)
pval: [0.12] -- 42th test, time elapsed 29.95212459564209 -- emperical power so far (from test_start): 0.14285714285714285
db insert success
(43, 5, 0, 0.5, 60000, 'elltwo', 'lapu', -0.6374921651319632, 0.5139999985694885, 29.946987867355347, '2024-07-29 20:00:41', 4, 999)
pval: [0.514] -- 43th test, time elapsed 29.946987867355347 -- emperical power so far (from test_start): 0.13953488372093023
db insert success
(44, 5, 0, 0.5, 60000, 'elltwo', 'lapu', 32.769392530971956, 0.2590000033378601, 29.991579294204712, '2024-07-29 20:01:25', 4, 999)
pval: [0.259] -- 44th test, time elapsed 29.991579294204712 -- emperical power so far (from test_start): 0.13636363636363635
db insert success
(45, 5, 0, 0.5, 60000, 'elltwo', 'lapu', -34.25775625213605, 0.7630000114440918, 29.95336151123047, '2024-07-29 20:02:10', 4, 999)
pval: [0.76300001] -- 45th test, time elapsed 29.95336151123047 -- emperical power so far (from test_start): 0.13333333333333333
db insert success
(46, 5, 0, 0.5, 60000, 'elltwo', 'lapu', -12.563176704629921, 0.6220000386238098, 29.95131230354309, '2024-07-29 20:02:55', 4, 999)
pval: [0.62200004] -- 46th test, time elapsed 29.95131230354309 -- emperical power so far (from test_start): 0.13043478260869565
db insert success
(47, 5, 0, 0.5, 60000, 'elltwo', 'lapu', -68.82183365575472, 0.9270000457763672, 29.986791610717773, '2024-07-29 20:03:29', 4, 999)
pval: [0.92700005] -- 47th test, time elapsed 29.986791610717773 -- emperical power so far (from test_start): 0.1276595744680851
db insert success
(48, 5, 0, 0.5, 60000, 'elltwo', 'lapu', 49.864310461878375, 0.15200001001358032, 29.947415351867676, '2024-07-29 20:04:01', 4, 999)
pval: [0.15200001] -- 48th test, time elapsed 29.947415351867676 -- emperical power so far (from test_start): 0.125
db insert success
(49, 5, 0, 0.5, 60000, 'elltwo', 'lapu', -119.04599381240735, 0.9940000176429749, 29.945399045944214, '2024-07-29 20:04:47', 4, 999)
pval: [0.99400002] -- 49th test, time elapsed 29.945399045944214 -- emperical power so far (from test_start): 0.12244897959183673
db insert success
(50, 5, 0, 0.5, 60000, 'elltwo', 'lapu', 31.1633000514516, 0.2410000115633011, 29.987940311431885, '2024-07-29 20:05:32', 4, 999)
pval: [0.24100001] -- 50th test, time elapsed 29.987940311431885 -- emperical power so far (from test_start): 0.12
db insert success
(51, 5, 0, 0.5, 60000, 'elltwo', 'lapu', -24.195830252995208, 0.7140000462532043, 29.937413215637207, '2024-07-29 20:06:18', 4, 999)
pval: [0.71400005] -- 51th test, time elapsed 29.937413215637207 -- emperical power so far (from test_start): 0.11764705882352941
db insert success
(52, 5, 0, 0.5, 60000, 'elltwo', 'lapu', 13.07041095055122, 0.4050000309944153, 29.92526149749756, '2024-07-29 20:07:03', 4, 999)
pval: [0.40500003] -- 52th test, time elapsed 29.92526149749756 -- emperical power so far (from test_start): 0.11538461538461539
db insert success
(53, 5, 0, 0.5, 60000, 'elltwo', 'lapu', 36.526572555412386, 0.22300000488758087, 29.985228300094604, '2024-07-29 20:07:45', 4, 999)
pval: [0.223] -- 53th test, time elapsed 29.985228300094604 -- emperical power so far (from test_start): 0.11320754716981132
db insert success
(54, 5, 0, 0.5, 60000, 'elltwo', 'lapu', -39.11677177402979, 0.7760000228881836, 29.942590951919556, '2024-07-29 20:08:34', 4, 999)
pval: [0.77600002] -- 54th test, time elapsed 29.942590951919556 -- emperical power so far (from test_start): 0.1111111111111111
db insert success
(55, 5, 0, 0.5, 60000, 'elltwo', 'lapu', 49.32358319344586, 0.14500001072883606, 29.930618286132812, '2024-07-29 20:09:22', 4, 999)
pval: [0.14500001] -- 55th test, time elapsed 29.930618286132812 -- emperical power so far (from test_start): 0.10909090909090909
db insert success
(56, 5, 0, 0.5, 60000, 'elltwo', 'lapu', -12.948657949298248, 0.6060000061988831, 29.987189292907715, '2024-07-29 20:10:12', 4, 999)
pval: [0.60600001] -- 56th test, time elapsed 29.987189292907715 -- emperical power so far (from test_start): 0.10714285714285714
db insert success
(57, 5, 0, 0.5, 60000, 'elltwo', 'lapu', -54.76230839668391, 0.8670000433921814, 29.94206190109253, '2024-07-29 20:10:57', 4, 999)
pval: [0.86700004] -- 57th test, time elapsed 29.94206190109253 -- emperical power so far (from test_start): 0.10526315789473684
db insert success
(58, 5, 0, 0.5, 60000, 'elltwo', 'lapu', 85.36101348196632, 0.04400000348687172, 29.930636167526245, '2024-07-29 20:11:32', 4, 999)
pval: [0.044] -- 58th test, time elapsed 29.930636167526245 -- emperical power so far (from test_start): 0.1206896551724138
db insert success
(59, 5, 0, 0.5, 60000, 'elltwo', 'lapu', -35.25543836928195, 0.7720000147819519, 29.965622663497925, '2024-07-29 20:12:13', 4, 999)
pval: [0.77200001] -- 59th test, time elapsed 29.965622663497925 -- emperical power so far (from test_start): 0.11864406779661017
db insert success
(60, 5, 0, 0.5, 60000, 'elltwo', 'lapu', -7.354384722323299, 0.5480000376701355, 29.908570051193237, '2024-07-29 20:13:03', 4, 999)
pval: [0.54800004] -- 60th test, time elapsed 29.908570051193237 -- emperical power so far (from test_start): 0.11666666666666667
db insert success
(61, 5, 0, 0.5, 60000, 'elltwo', 'lapu', -4.027000446250149, 0.503000020980835, 29.900784730911255, '2024-07-29 20:13:40', 4, 999)
pval: [0.50300002] -- 61th test, time elapsed 29.900784730911255 -- emperical power so far (from test_start): 0.11475409836065574
db insert success
(62, 5, 0, 0.5, 60000, 'elltwo', 'lapu', 57.10761975175453, 0.1600000113248825, 29.96530771255493, '2024-07-29 20:14:14', 4, 999)
pval: [0.16000001] -- 62th test, time elapsed 29.96530771255493 -- emperical power so far (from test_start): 0.11290322580645161
db insert success
(63, 5, 0, 0.5, 60000, 'elltwo', 'lapu', -40.714865883938224, 0.7870000600814819, 29.91642117500305, '2024-07-29 20:14:55', 4, 999)
pval: [0.78700006] -- 63th test, time elapsed 29.91642117500305 -- emperical power so far (from test_start): 0.1111111111111111
db insert success
(64, 5, 0, 0.5, 60000, 'elltwo', 'lapu', 39.859786988536364, 0.20600001513957977, 29.900935411453247, '2024-07-29 20:15:28', 4, 999)
pval: [0.20600002] -- 64th test, time elapsed 29.900935411453247 -- emperical power so far (from test_start): 0.109375
db insert success
(65, 5, 0, 0.5, 60000, 'elltwo', 'lapu', 36.06028273566437, 0.242000013589859, 29.94624900817871, '2024-07-29 20:16:12', 4, 999)
pval: [0.24200001] -- 65th test, time elapsed 29.94624900817871 -- emperical power so far (from test_start): 0.1076923076923077
db insert success
(66, 5, 0, 0.5, 60000, 'elltwo', 'lapu', 18.838427056769817, 0.3800000250339508, 29.900624990463257, '2024-07-29 20:16:44', 4, 999)
pval: [0.38000003] -- 66th test, time elapsed 29.900624990463257 -- emperical power so far (from test_start): 0.10606060606060606
db insert success
(67, 5, 0, 0.5, 60000, 'elltwo', 'lapu', 25.21490445870598, 0.2930000126361847, 29.910253763198853, '2024-07-29 20:17:23', 4, 999)
pval: [0.29300001] -- 67th test, time elapsed 29.910253763198853 -- emperical power so far (from test_start): 0.1044776119402985
db insert success
(68, 5, 0, 0.5, 60000, 'elltwo', 'lapu', 120.39817159972671, 0.006000000052154064, 29.947763204574585, '2024-07-29 20:18:09', 4, 999)
pval: [0.006] -- 68th test, time elapsed 29.947763204574585 -- emperical power so far (from test_start): 0.11764705882352941
db insert success
(69, 5, 0, 0.5, 60000, 'elltwo', 'lapu', 26.181945632156918, 0.3050000071525574, 29.90475106239319, '2024-07-29 20:18:56', 4, 999)
pval: [0.30500001] -- 69th test, time elapsed 29.90475106239319 -- emperical power so far (from test_start): 0.11594202898550725
db insert success
(70, 5, 0, 0.5, 60000, 'elltwo', 'lapu', 65.04890745876037, 0.11600000411272049, 29.912136554718018, '2024-07-29 20:19:43', 4, 999)
pval: [0.116] -- 70th test, time elapsed 29.912136554718018 -- emperical power so far (from test_start): 0.11428571428571428
db insert success
(71, 5, 0, 0.5, 60000, 'elltwo', 'lapu', -3.9266236371206773, 0.5080000162124634, 29.95685076713562, '2024-07-29 20:20:27', 4, 999)
pval: [0.50800002] -- 71th test, time elapsed 29.95685076713562 -- emperical power so far (from test_start): 0.11267605633802817
db insert success
(72, 5, 0, 0.5, 60000, 'elltwo', 'lapu', 26.047367911853804, 0.3060000240802765, 29.904292583465576, '2024-07-29 20:21:09', 4, 999)
pval: [0.30600002] -- 72th test, time elapsed 29.904292583465576 -- emperical power so far (from test_start): 0.1111111111111111
db insert success
(73, 5, 0, 0.5, 60000, 'elltwo', 'lapu', -71.37135755089506, 0.9330000281333923, 29.904228448867798, '2024-07-29 20:21:59', 4, 999)
pval: [0.93300003] -- 73th test, time elapsed 29.904228448867798 -- emperical power so far (from test_start): 0.1095890410958904
db insert success
(74, 5, 0, 0.5, 60000, 'elltwo', 'lapu', -31.40282601757025, 0.7420000433921814, 29.87708306312561, '2024-07-29 20:22:47', 4, 999)
pval: [0.74200004] -- 74th test, time elapsed 29.87708306312561 -- emperical power so far (from test_start): 0.10810810810810811
db insert success
(75, 5, 0, 0.5, 60000, 'elltwo', 'lapu', -24.586264624215413, 0.687000036239624, 29.831482887268066, '2024-07-29 20:23:35', 4, 999)
pval: [0.68700004] -- 75th test, time elapsed 29.831482887268066 -- emperical power so far (from test_start): 0.10666666666666667
db insert success
(76, 5, 0, 0.5, 60000, 'elltwo', 'lapu', -22.219141402744807, 0.656000018119812, 29.83274507522583, '2024-07-29 20:24:09', 4, 999)
pval: [0.65600002] -- 76th test, time elapsed 29.83274507522583 -- emperical power so far (from test_start): 0.10526315789473684
db insert success
(77, 5, 0, 0.5, 60000, 'elltwo', 'lapu', -9.889947691986087, 0.5680000185966492, 29.88461446762085, '2024-07-29 20:24:59', 4, 999)
pval: [0.56800002] -- 77th test, time elapsed 29.88461446762085 -- emperical power so far (from test_start): 0.1038961038961039
db insert success
(78, 5, 0, 0.5, 60000, 'elltwo', 'lapu', -28.557991717908713, 0.7000000476837158, 29.83685612678528, '2024-07-29 20:25:39', 4, 999)
pval: [0.70000005] -- 78th test, time elapsed 29.83685612678528 -- emperical power so far (from test_start): 0.10256410256410256
db insert success
(79, 5, 0, 0.5, 60000, 'elltwo', 'lapu', 22.373645889276098, 0.31300002336502075, 29.83986735343933, '2024-07-29 20:26:19', 4, 999)
pval: [0.31300002] -- 79th test, time elapsed 29.83986735343933 -- emperical power so far (from test_start): 0.10126582278481013
db insert success
(80, 5, 0, 0.5, 60000, 'elltwo', 'lapu', -28.92323271626215, 0.7220000624656677, 29.883346796035767, '2024-07-29 20:27:01', 4, 999)
pval: [0.72200006] -- 80th test, time elapsed 29.883346796035767 -- emperical power so far (from test_start): 0.1
db insert success
(81, 5, 0, 0.5, 60000, 'elltwo', 'lapu', 68.11129967307346, 0.08000000566244125, 29.83095645904541, '2024-07-29 20:27:36', 4, 999)
pval: [0.08000001] -- 81th test, time elapsed 29.83095645904541 -- emperical power so far (from test_start): 0.09876543209876543
db insert success
(82, 5, 0, 0.5, 60000, 'elltwo', 'lapu', 97.63403148853932, 0.021000001579523087, 29.85179853439331, '2024-07-29 20:28:13', 4, 999)
pval: [0.021] -- 82th test, time elapsed 29.85179853439331 -- emperical power so far (from test_start): 0.10975609756097561
db insert success
(83, 5, 0, 0.5, 60000, 'elltwo', 'lapu', -109.63560157207219, 0.9860000610351562, 29.88866925239563, '2024-07-29 20:28:59', 4, 999)
pval: [0.98600006] -- 83th test, time elapsed 29.88866925239563 -- emperical power so far (from test_start): 0.10843373493975904
db insert success
(84, 5, 0, 0.5, 60000, 'elltwo', 'lapu', 22.037646118677305, 0.3230000138282776, 29.843520402908325, '2024-07-29 20:29:47', 4, 999)
pval: [0.32300001] -- 84th test, time elapsed 29.843520402908325 -- emperical power so far (from test_start): 0.10714285714285714
db insert success
(85, 5, 0, 0.5, 60000, 'elltwo', 'lapu', -1.0602298145046305, 0.5120000243186951, 29.863224983215332, '2024-07-29 20:30:30', 4, 999)
pval: [0.51200002] -- 85th test, time elapsed 29.863224983215332 -- emperical power so far (from test_start): 0.10588235294117647
db insert success
(86, 5, 0, 0.5, 60000, 'elltwo', 'lapu', -39.23473189633606, 0.7560000419616699, 30.057695388793945, '2024-07-29 20:31:03', 4, 999)
pval: [0.75600004] -- 86th test, time elapsed 30.057695388793945 -- emperical power so far (from test_start): 0.10465116279069768
db insert success
(87, 5, 0, 0.5, 60000, 'elltwo', 'lapu', -3.780418246923714, 0.5440000295639038, 30.094883918762207, '2024-07-29 20:31:47', 4, 999)
pval: [0.54400003] -- 87th test, time elapsed 30.094883918762207 -- emperical power so far (from test_start): 0.10344827586206896
db insert success
(88, 5, 0, 0.5, 60000, 'elltwo', 'lapu', -35.765382063391165, 0.7780000567436218, 30.044312238693237, '2024-07-29 20:32:35', 4, 999)
pval: [0.77800006] -- 88th test, time elapsed 30.044312238693237 -- emperical power so far (from test_start): 0.10227272727272728
db insert success
(89, 5, 0, 0.5, 60000, 'elltwo', 'lapu', 3.0808169515871384, 0.48100003600120544, 30.07223105430603, '2024-07-29 20:33:21', 4, 999)
pval: [0.48100004] -- 89th test, time elapsed 30.07223105430603 -- emperical power so far (from test_start): 0.10112359550561797
db insert success
(90, 5, 0, 0.5, 60000, 'elltwo', 'lapu', -20.448805776292964, 0.6710000038146973, 29.98873543739319, '2024-07-29 20:34:03', 4, 999)
pval: [0.671] -- 90th test, time elapsed 29.98873543739319 -- emperical power so far (from test_start): 0.1
db insert success
(91, 5, 0, 0.5, 60000, 'elltwo', 'lapu', 11.5811662590907, 0.3750000298023224, 29.88025712966919, '2024-07-29 20:34:36', 4, 999)
pval: [0.37500003] -- 91th test, time elapsed 29.88025712966919 -- emperical power so far (from test_start): 0.0989010989010989
db insert success
(92, 5, 0, 0.5, 60000, 'elltwo', 'lapu', 5.94830889219412, 0.45500001311302185, 29.95711326599121, '2024-07-29 20:35:11', 4, 999)
pval: [0.45500001] -- 92th test, time elapsed 29.95711326599121 -- emperical power so far (from test_start): 0.09782608695652174
db insert success
(93, 5, 0, 0.5, 60000, 'elltwo', 'lapu', -18.39220910395833, 0.6510000228881836, 29.887393474578857, '2024-07-29 20:35:44', 4, 999)
pval: [0.65100002] -- 93th test, time elapsed 29.887393474578857 -- emperical power so far (from test_start): 0.0967741935483871
db insert success
(94, 5, 0, 0.5, 60000, 'elltwo', 'lapu', -70.53904133877096, 0.9110000729560852, 29.89326310157776, '2024-07-29 20:36:21', 4, 999)
pval: [0.91100007] -- 94th test, time elapsed 29.89326310157776 -- emperical power so far (from test_start): 0.09574468085106383
db insert success
(95, 5, 0, 0.5, 60000, 'elltwo', 'lapu', 30.235054302935477, 0.25300002098083496, 30.007013082504272, '2024-07-29 20:37:04', 4, 999)
pval: [0.25300002] -- 95th test, time elapsed 30.007013082504272 -- emperical power so far (from test_start): 0.09473684210526316
db insert success
(96, 5, 0, 0.5, 60000, 'elltwo', 'lapu', -50.09761324501274, 0.8470000624656677, 29.9951229095459, '2024-07-29 20:37:53', 4, 999)
pval: [0.84700006] -- 96th test, time elapsed 29.9951229095459 -- emperical power so far (from test_start): 0.09375
db insert success
(97, 5, 0, 0.5, 60000, 'elltwo', 'lapu', 41.733517287411985, 0.20500001311302185, 29.948325872421265, '2024-07-29 20:38:27', 4, 999)
pval: [0.20500001] -- 97th test, time elapsed 29.948325872421265 -- emperical power so far (from test_start): 0.09278350515463918
db insert success
(98, 5, 0, 0.5, 60000, 'elltwo', 'lapu', 2.620073199477968, 0.4820000231266022, 29.93573832511902, '2024-07-29 20:39:04', 4, 999)
pval: [0.48200002] -- 98th test, time elapsed 29.93573832511902 -- emperical power so far (from test_start): 0.09183673469387756
db insert success
(99, 5, 0, 0.5, 60000, 'elltwo', 'lapu', 8.273132899854907, 0.42500001192092896, 29.85385036468506, '2024-07-29 20:39:41', 4, 999)
pval: [0.42500001] -- 99th test, time elapsed 29.85385036468506 -- emperical power so far (from test_start): 0.09090909090909091
db insert success
(100, 5, 0, 0.5, 60000, 'elltwo', 'lapu', 80.01285795811292, 0.055000003427267075, 29.922945261001587, '2024-07-29 20:40:22', 4, 999)
pval: [0.055] -- 100th test, time elapsed 29.922945261001587 -- emperical power so far (from test_start): 0.09
db insert success
(101, 5, 0, 0.5, 60000, 'elltwo', 'lapu', -43.61622979653339, 0.812000036239624, 29.953815460205078, '2024-07-29 20:41:04', 4, 999)
pval: [0.81200004] -- 101th test, time elapsed 29.953815460205078 -- emperical power so far (from test_start): 0.0891089108910891
db insert success
(102, 5, 0, 0.5, 60000, 'elltwo', 'lapu', -7.38455848814017, 0.5580000281333923, 29.958389282226562, '2024-07-29 20:41:50', 4, 999)
pval: [0.55800003] -- 102th test, time elapsed 29.958389282226562 -- emperical power so far (from test_start): 0.08823529411764706
db insert success
(103, 5, 0, 0.5, 60000, 'elltwo', 'lapu', 9.836829251215764, 0.4020000100135803, 30.020548582077026, '2024-07-29 20:42:40', 4, 999)
pval: [0.40200001] -- 103th test, time elapsed 30.020548582077026 -- emperical power so far (from test_start): 0.08737864077669903
db insert success
(104, 5, 0, 0.5, 60000, 'elltwo', 'lapu', -35.62497538020179, 0.7790000438690186, 29.950960397720337, '2024-07-29 20:43:24', 4, 999)
pval: [0.77900004] -- 104th test, time elapsed 29.950960397720337 -- emperical power so far (from test_start): 0.08653846153846154
db insert success
(105, 5, 0, 0.5, 60000, 'elltwo', 'lapu', -24.47536645069993, 0.6760000586509705, 29.843904733657837, '2024-07-29 20:44:05', 4, 999)
pval: [0.67600006] -- 105th test, time elapsed 29.843904733657837 -- emperical power so far (from test_start): 0.08571428571428572
db insert success
(106, 5, 0, 0.5, 60000, 'elltwo', 'lapu', -52.182032335935205, 0.859000027179718, 29.839858531951904, '2024-07-29 20:44:50', 4, 999)
pval: [0.85900003] -- 106th test, time elapsed 29.839858531951904 -- emperical power so far (from test_start): 0.08490566037735849
db insert success
(107, 5, 0, 0.5, 60000, 'elltwo', 'lapu', 45.99526248491968, 0.18000000715255737, 29.907126426696777, '2024-07-29 20:45:28', 4, 999)
pval: [0.18000001] -- 107th test, time elapsed 29.907126426696777 -- emperical power so far (from test_start): 0.08411214953271028
db insert success
(108, 5, 0, 0.5, 60000, 'elltwo', 'lapu', 27.717818380649973, 0.2800000011920929, 30.030246019363403, '2024-07-29 20:46:18', 4, 999)
pval: [0.28] -- 108th test, time elapsed 30.030246019363403 -- emperical power so far (from test_start): 0.08333333333333333
db insert success
(109, 5, 0, 0.5, 60000, 'elltwo', 'lapu', -79.27867071553334, 0.9380000233650208, 30.016520738601685, '2024-07-29 20:47:04', 4, 999)
pval: [0.93800002] -- 109th test, time elapsed 30.016520738601685 -- emperical power so far (from test_start): 0.08256880733944955
db insert success
(110, 5, 0, 0.5, 60000, 'elltwo', 'lapu', 7.910545992741511, 0.4300000071525574, 30.01159405708313, '2024-07-29 20:47:39', 4, 999)
pval: [0.43000001] -- 110th test, time elapsed 30.01159405708313 -- emperical power so far (from test_start): 0.08181818181818182
db insert success
(111, 5, 0, 0.5, 60000, 'elltwo', 'lapu', 66.25928155329521, 0.08700000494718552, 29.990511417388916, '2024-07-29 20:48:18', 4, 999)
pval: [0.087] -- 111th test, time elapsed 29.990511417388916 -- emperical power so far (from test_start): 0.08108108108108109
db insert success
(112, 5, 0, 0.5, 60000, 'elltwo', 'lapu', -123.11435574116744, 0.9930000305175781, 29.869037866592407, '2024-07-29 20:49:03', 4, 999)
pval: [0.99300003] -- 112th test, time elapsed 29.869037866592407 -- emperical power so far (from test_start): 0.08035714285714286
db insert success
(113, 5, 0, 0.5, 60000, 'elltwo', 'lapu', 17.751407035630933, 0.3660000264644623, 30.08471393585205, '2024-07-29 20:49:34', 4, 999)
pval: [0.36600003] -- 113th test, time elapsed 30.08471393585205 -- emperical power so far (from test_start): 0.07964601769911504
db insert success
(114, 5, 0, 0.5, 60000, 'elltwo', 'lapu', 21.48894900931738, 0.33400002121925354, 30.01163339614868, '2024-07-29 20:50:25', 4, 999)
pval: [0.33400002] -- 114th test, time elapsed 30.01163339614868 -- emperical power so far (from test_start): 0.07894736842105263
db insert success
(115, 5, 0, 0.5, 60000, 'elltwo', 'lapu', -17.460093835498135, 0.6270000338554382, 30.009562253952026, '2024-07-29 20:50:57', 4, 999)
pval: [0.62700003] -- 115th test, time elapsed 30.009562253952026 -- emperical power so far (from test_start): 0.0782608695652174
db insert success
(116, 5, 0, 0.5, 60000, 'elltwo', 'lapu', -33.66360364375638, 0.7350000143051147, 30.05324649810791, '2024-07-29 20:51:39', 4, 999)
pval: [0.73500001] -- 116th test, time elapsed 30.05324649810791 -- emperical power so far (from test_start): 0.07758620689655173
db insert success
(117, 5, 0, 0.5, 60000, 'elltwo', 'lapu', -10.886184330006431, 0.5910000205039978, 29.893431901931763, '2024-07-29 20:52:26', 4, 999)
pval: [0.59100002] -- 117th test, time elapsed 29.893431901931763 -- emperical power so far (from test_start): 0.07692307692307693
db insert success
(118, 5, 0, 0.5, 60000, 'elltwo', 'lapu', 31.67312658265429, 0.2370000183582306, 29.876505613327026, '2024-07-29 20:53:15', 4, 999)
pval: [0.23700002] -- 118th test, time elapsed 29.876505613327026 -- emperical power so far (from test_start): 0.07627118644067797
db insert success
(119, 5, 0, 0.5, 60000, 'elltwo', 'lapu', -19.934905889847503, 0.6440000534057617, 29.918951272964478, '2024-07-29 20:53:49', 4, 999)
pval: [0.64400005] -- 119th test, time elapsed 29.918951272964478 -- emperical power so far (from test_start): 0.07563025210084033
db insert success
(120, 5, 0, 0.5, 60000, 'elltwo', 'lapu', 16.860344029553488, 0.37400001287460327, 29.881687879562378, '2024-07-29 20:54:38', 4, 999)
pval: [0.37400001] -- 120th test, time elapsed 29.881687879562378 -- emperical power so far (from test_start): 0.075
db insert success
(121, 5, 0, 0.5, 60000, 'elltwo', 'lapu', -30.420706758149144, 0.7260000109672546, 29.901344060897827, '2024-07-29 20:55:27', 4, 999)
pval: [0.72600001] -- 121th test, time elapsed 29.901344060897827 -- emperical power so far (from test_start): 0.0743801652892562
db insert success
(122, 5, 0, 0.5, 60000, 'elltwo', 'lapu', 76.93875486656314, 0.07200000435113907, 29.95418429374695, '2024-07-29 20:56:08', 4, 999)
pval: [0.072] -- 122th test, time elapsed 29.95418429374695 -- emperical power so far (from test_start): 0.07377049180327869
db insert success
(123, 5, 0, 0.5, 60000, 'elltwo', 'lapu', 10.704845854184796, 0.41200003027915955, 30.052207946777344, '2024-07-29 20:56:46', 4, 999)
pval: [0.41200003] -- 123th test, time elapsed 30.052207946777344 -- emperical power so far (from test_start): 0.07317073170731707
db insert success
(124, 5, 0, 0.5, 60000, 'elltwo', 'lapu', -5.57326608223941, 0.5190000534057617, 30.01625418663025, '2024-07-29 20:57:19', 4, 999)
pval: [0.51900005] -- 124th test, time elapsed 30.01625418663025 -- emperical power so far (from test_start): 0.07258064516129033
db insert success
(125, 5, 0, 0.5, 60000, 'elltwo', 'lapu', -19.613657440511865, 0.6640000343322754, 29.943533420562744, '2024-07-29 20:57:54', 4, 999)
pval: [0.66400003] -- 125th test, time elapsed 29.943533420562744 -- emperical power so far (from test_start): 0.072
db insert success
(126, 5, 0, 0.5, 60000, 'elltwo', 'lapu', -1.0547304193486724, 0.5120000243186951, 29.884470462799072, '2024-07-29 20:58:45', 4, 999)
pval: [0.51200002] -- 126th test, time elapsed 29.884470462799072 -- emperical power so far (from test_start): 0.07142857142857142
db insert success
(127, 5, 0, 0.5, 60000, 'elltwo', 'lapu', -11.260386992826565, 0.5390000343322754, 29.920918226242065, '2024-07-29 20:59:16', 4, 999)
pval: [0.53900003] -- 127th test, time elapsed 29.920918226242065 -- emperical power so far (from test_start): 0.07086614173228346
db insert success
(128, 5, 0, 0.5, 60000, 'elltwo', 'lapu', 15.577015593182445, 0.37300002574920654, 30.060148239135742, '2024-07-29 20:59:51', 4, 999)
pval: [0.37300003] -- 128th test, time elapsed 30.060148239135742 -- emperical power so far (from test_start): 0.0703125
db insert success
(129, 5, 0, 0.5, 60000, 'elltwo', 'lapu', 114.74942472089448, 0.013000000268220901, 29.935713291168213, '2024-07-29 21:00:35', 4, 999)
pval: [0.013] -- 129th test, time elapsed 29.935713291168213 -- emperical power so far (from test_start): 0.07751937984496124
db insert success
(130, 5, 0, 0.5, 60000, 'elltwo', 'lapu', 86.22169240864247, 0.05000000074505806, 29.88659381866455, '2024-07-29 21:01:17', 4, 999)
pval: [0.05] -- 130th test, time elapsed 29.88659381866455 -- emperical power so far (from test_start): 0.07692307692307693
db insert success
(131, 5, 0, 0.5, 60000, 'elltwo', 'lapu', 51.68870984212329, 0.15900000929832458, 30.04245138168335, '2024-07-29 21:01:57', 4, 999)
pval: [0.15900001] -- 131th test, time elapsed 30.04245138168335 -- emperical power so far (from test_start): 0.07633587786259542
db insert success
(132, 5, 0, 0.5, 60000, 'elltwo', 'lapu', 82.55453204842013, 0.0560000017285347, 29.896503686904907, '2024-07-29 21:02:31', 4, 999)
pval: [0.056] -- 132th test, time elapsed 29.896503686904907 -- emperical power so far (from test_start): 0.07575757575757576
db insert success
(133, 5, 0, 0.5, 60000, 'elltwo', 'lapu', 20.308649076261077, 0.32200002670288086, 29.899638891220093, '2024-07-29 21:03:10', 4, 999)
pval: [0.32200003] -- 133th test, time elapsed 29.899638891220093 -- emperical power so far (from test_start): 0.07518796992481203
db insert success
(134, 5, 0, 0.5, 60000, 'elltwo', 'lapu', -2.4975515817769214, 0.527999997138977, 29.95357084274292, '2024-07-29 21:03:44', 4, 999)
pval: [0.528] -- 134th test, time elapsed 29.95357084274292 -- emperical power so far (from test_start): 0.07462686567164178
db insert success
(135, 5, 0, 0.5, 60000, 'elltwo', 'lapu', 72.12268485758236, 0.08000000566244125, 29.921043395996094, '2024-07-29 21:04:32', 4, 999)
pval: [0.08000001] -- 135th test, time elapsed 29.921043395996094 -- emperical power so far (from test_start): 0.07407407407407407
db insert success
(136, 5, 0, 0.5, 60000, 'elltwo', 'lapu', 7.9799239412919984, 0.42000001668930054, 29.929373264312744, '2024-07-29 21:05:16', 4, 999)
pval: [0.42000002] -- 136th test, time elapsed 29.929373264312744 -- emperical power so far (from test_start): 0.07352941176470588
db insert success
(137, 5, 0, 0.5, 60000, 'elltwo', 'lapu', -16.323293556430457, 0.6330000162124634, 29.97847628593445, '2024-07-29 21:06:02', 4, 999)
pval: [0.63300002] -- 137th test, time elapsed 29.97847628593445 -- emperical power so far (from test_start): 0.072992700729927
db insert success
(138, 5, 0, 0.5, 60000, 'elltwo', 'lapu', -44.773858759127464, 0.8330000638961792, 30.03658127784729, '2024-07-29 21:06:37', 4, 999)
pval: [0.83300006] -- 138th test, time elapsed 30.03658127784729 -- emperical power so far (from test_start): 0.07246376811594203
db insert success
(139, 5, 0, 0.5, 60000, 'elltwo', 'lapu', 54.09386663497621, 0.15400001406669617, 30.04728937149048, '2024-07-29 21:07:14', 4, 999)
pval: [0.15400001] -- 139th test, time elapsed 30.04728937149048 -- emperical power so far (from test_start): 0.07194244604316546
db insert success
(140, 5, 0, 0.5, 60000, 'elltwo', 'lapu', 9.177210803578275, 0.42000001668930054, 30.074332237243652, '2024-07-29 21:07:52', 4, 999)
pval: [0.42000002] -- 140th test, time elapsed 30.074332237243652 -- emperical power so far (from test_start): 0.07142857142857142
db insert success
(141, 5, 0, 0.5, 60000, 'elltwo', 'lapu', 23.866103616936137, 0.30800002813339233, 30.057039976119995, '2024-07-29 21:08:30', 4, 999)
pval: [0.30800003] -- 141th test, time elapsed 30.057039976119995 -- emperical power so far (from test_start): 0.07092198581560284
db insert success
(142, 5, 0, 0.5, 60000, 'elltwo', 'lapu', -130.78370246461168, 0.9950000643730164, 30.07084083557129, '2024-07-29 21:09:21', 4, 999)
pval: [0.99500006] -- 142th test, time elapsed 30.07084083557129 -- emperical power so far (from test_start): 0.07042253521126761
db insert success
(143, 5, 0, 0.5, 60000, 'elltwo', 'lapu', -5.598228117268178, 0.5330000519752502, 29.984029054641724, '2024-07-29 21:09:54', 4, 999)
pval: [0.53300005] -- 143th test, time elapsed 29.984029054641724 -- emperical power so far (from test_start): 0.06993006993006994
db insert success
(144, 5, 0, 0.5, 60000, 'elltwo', 'lapu', -19.738546014048403, 0.6510000228881836, 29.90992283821106, '2024-07-29 21:10:40', 4, 999)
pval: [0.65100002] -- 144th test, time elapsed 29.90992283821106 -- emperical power so far (from test_start): 0.06944444444444445
db insert success
(145, 5, 0, 0.5, 60000, 'elltwo', 'lapu', 23.37789866404396, 0.30400002002716064, 29.917784452438354, '2024-07-29 21:11:16', 4, 999)
pval: [0.30400002] -- 145th test, time elapsed 29.917784452438354 -- emperical power so far (from test_start): 0.06896551724137931
db insert success
(146, 5, 0, 0.5, 60000, 'elltwo', 'lapu', 101.08385575094938, 0.02500000037252903, 30.082255601882935, '2024-07-29 21:11:59', 4, 999)
pval: [0.025] -- 146th test, time elapsed 30.082255601882935 -- emperical power so far (from test_start): 0.07534246575342465
db insert success
(147, 5, 0, 0.5, 60000, 'elltwo', 'lapu', -3.1924257746333886, 0.5350000262260437, 30.00599980354309, '2024-07-29 21:12:45', 4, 999)
pval: [0.53500003] -- 147th test, time elapsed 30.00599980354309 -- emperical power so far (from test_start): 0.07482993197278912
db insert success
(148, 5, 0, 0.5, 60000, 'elltwo', 'lapu', -12.31845101221113, 0.609000027179718, 30.068625926971436, '2024-07-29 21:13:20', 4, 999)
pval: [0.60900003] -- 148th test, time elapsed 30.068625926971436 -- emperical power so far (from test_start): 0.07432432432432433
db insert success
(149, 5, 0, 0.5, 60000, 'elltwo', 'lapu', -17.98382362969635, 0.6370000243186951, 30.11160707473755, '2024-07-29 21:14:08', 4, 999)
pval: [0.63700002] -- 149th test, time elapsed 30.11160707473755 -- emperical power so far (from test_start): 0.0738255033557047
db insert success
(150, 5, 0, 0.5, 60000, 'elltwo', 'lapu', -69.58662195350797, 0.9190000295639038, 30.07357954978943, '2024-07-29 21:14:57', 4, 999)
pval: [0.91900003] -- 150th test, time elapsed 30.07357954978943 -- emperical power so far (from test_start): 0.07333333333333333
db insert success
(151, 5, 0, 0.5, 60000, 'elltwo', 'lapu', 1.3399580453463003, 0.49800002574920654, 29.91309928894043, '2024-07-29 21:15:40', 4, 999)
pval: [0.49800003] -- 151th test, time elapsed 29.91309928894043 -- emperical power so far (from test_start): 0.0728476821192053
db insert success
(152, 5, 0, 0.5, 60000, 'elltwo', 'lapu', -59.00180060083481, 0.8950000405311584, 30.031325817108154, '2024-07-29 21:16:29', 4, 999)
pval: [0.89500004] -- 152th test, time elapsed 30.031325817108154 -- emperical power so far (from test_start): 0.07236842105263158
db insert success
(153, 5, 0, 0.5, 60000, 'elltwo', 'lapu', 60.62067387368272, 0.1340000033378601, 29.907695531845093, '2024-07-29 21:17:15', 4, 999)
pval: [0.134] -- 153th test, time elapsed 29.907695531845093 -- emperical power so far (from test_start): 0.0718954248366013
db insert success
(154, 5, 0, 0.5, 60000, 'elltwo', 'lapu', 54.21518913376365, 0.12800000607967377, 29.88890838623047, '2024-07-29 21:17:51', 4, 999)
pval: [0.12800001] -- 154th test, time elapsed 29.88890838623047 -- emperical power so far (from test_start): 0.07142857142857142
db insert success
(155, 5, 0, 0.5, 60000, 'elltwo', 'lapu', 61.68198323048072, 0.0990000069141388, 29.95061993598938, '2024-07-29 21:18:35', 4, 999)
pval: [0.09900001] -- 155th test, time elapsed 29.95061993598938 -- emperical power so far (from test_start): 0.07096774193548387
db insert success
(156, 5, 0, 0.5, 60000, 'elltwo', 'lapu', 10.78442754556988, 0.42500001192092896, 29.963817358016968, '2024-07-29 21:19:06', 4, 999)
pval: [0.42500001] -- 156th test, time elapsed 29.963817358016968 -- emperical power so far (from test_start): 0.07051282051282051
db insert success
(157, 5, 0, 0.5, 60000, 'elltwo', 'lapu', -57.805770266530814, 0.8890000581741333, 30.009317874908447, '2024-07-29 21:19:38', 4, 999)
pval: [0.88900006] -- 157th test, time elapsed 30.009317874908447 -- emperical power so far (from test_start): 0.07006369426751592
db insert success
(158, 5, 0, 0.5, 60000, 'elltwo', 'lapu', 22.024762357453405, 0.33000001311302185, 30.090280055999756, '2024-07-29 21:20:13', 4, 999)
pval: [0.33000001] -- 158th test, time elapsed 30.090280055999756 -- emperical power so far (from test_start): 0.06962025316455696
db insert success
(159, 5, 0, 0.5, 60000, 'elltwo', 'lapu', 78.33668420619915, 0.0690000057220459, 29.970834016799927, '2024-07-29 21:20:57', 4, 999)
pval: [0.06900001] -- 159th test, time elapsed 29.970834016799927 -- emperical power so far (from test_start): 0.06918238993710692
db insert success
(160, 5, 0, 0.5, 60000, 'elltwo', 'lapu', 16.988059613660837, 0.34800001978874207, 29.869754314422607, '2024-07-29 21:21:45', 4, 999)
pval: [0.34800002] -- 160th test, time elapsed 29.869754314422607 -- emperical power so far (from test_start): 0.06875
db insert success
(161, 5, 0, 0.5, 60000, 'elltwo', 'lapu', 28.419903136747358, 0.2970000207424164, 29.935405731201172, '2024-07-29 21:22:20', 4, 999)
pval: [0.29700002] -- 161th test, time elapsed 29.935405731201172 -- emperical power so far (from test_start): 0.06832298136645963
db insert success
(162, 5, 0, 0.5, 60000, 'elltwo', 'lapu', 51.91560478103322, 0.13500000536441803, 29.940869331359863, '2024-07-29 21:23:02', 4, 999)
pval: [0.13500001] -- 162th test, time elapsed 29.940869331359863 -- emperical power so far (from test_start): 0.06790123456790123
db insert success
(163, 5, 0, 0.5, 60000, 'elltwo', 'lapu', 62.49387391068363, 0.1080000028014183, 29.960646629333496, '2024-07-29 21:23:43', 4, 999)
pval: [0.108] -- 163th test, time elapsed 29.960646629333496 -- emperical power so far (from test_start): 0.06748466257668712
db insert success
(164, 5, 0, 0.5, 60000, 'elltwo', 'lapu', 14.339043870225012, 0.38200002908706665, 29.90665054321289, '2024-07-29 21:24:25', 4, 999)
pval: [0.38200003] -- 164th test, time elapsed 29.90665054321289 -- emperical power so far (from test_start): 0.06707317073170732
db insert success
(165, 5, 0, 0.5, 60000, 'elltwo', 'lapu', 28.31538092157066, 0.27400001883506775, 29.856289386749268, '2024-07-29 21:25:13', 4, 999)
pval: [0.27400002] -- 165th test, time elapsed 29.856289386749268 -- emperical power so far (from test_start): 0.06666666666666667
db insert success
(166, 5, 0, 0.5, 60000, 'elltwo', 'lapu', -14.0254641146784, 0.5960000157356262, 29.8623788356781, '2024-07-29 21:25:58', 4, 999)
pval: [0.59600002] -- 166th test, time elapsed 29.8623788356781 -- emperical power so far (from test_start): 0.06626506024096386
db insert success
(167, 5, 0, 0.5, 60000, 'elltwo', 'lapu', -29.471756087840873, 0.706000030040741, 29.894206285476685, '2024-07-29 21:26:41', 4, 999)
pval: [0.70600003] -- 167th test, time elapsed 29.894206285476685 -- emperical power so far (from test_start): 0.0658682634730539
db insert success
(168, 5, 0, 0.5, 60000, 'elltwo', 'lapu', -26.99312990299677, 0.7160000205039978, 29.86453127861023, '2024-07-29 21:27:26', 4, 999)
pval: [0.71600002] -- 168th test, time elapsed 29.86453127861023 -- emperical power so far (from test_start): 0.06547619047619048
db insert success
(169, 5, 0, 0.5, 60000, 'elltwo', 'lapu', -9.63940303774217, 0.5910000205039978, 29.86356520652771, '2024-07-29 21:28:13', 4, 999)
pval: [0.59100002] -- 169th test, time elapsed 29.86356520652771 -- emperical power so far (from test_start): 0.0650887573964497
db insert success
(170, 5, 0, 0.5, 60000, 'elltwo', 'lapu', 70.13717571101108, 0.07100000232458115, 29.90618395805359, '2024-07-29 21:28:58', 4, 999)
pval: [0.071] -- 170th test, time elapsed 29.90618395805359 -- emperical power so far (from test_start): 0.06470588235294118
db insert success
(171, 5, 0, 0.5, 60000, 'elltwo', 'lapu', 12.822324411520835, 0.36900001764297485, 30.04352855682373, '2024-07-29 21:29:40', 4, 999)
pval: [0.36900002] -- 171th test, time elapsed 30.04352855682373 -- emperical power so far (from test_start): 0.06432748538011696
db insert success
(172, 5, 0, 0.5, 60000, 'elltwo', 'lapu', -18.369707260343525, 0.656000018119812, 30.519969940185547, '2024-07-29 21:30:25', 4, 999)
pval: [0.65600002] -- 172th test, time elapsed 30.519969940185547 -- emperical power so far (from test_start): 0.06395348837209303
db insert success
(173, 5, 0, 0.5, 60000, 'elltwo', 'lapu', 23.462201397719255, 0.3150000274181366, 30.335091590881348, '2024-07-29 21:31:12', 4, 999)
pval: [0.31500003] -- 173th test, time elapsed 30.335091590881348 -- emperical power so far (from test_start): 0.06358381502890173
db insert success
(174, 5, 0, 0.5, 60000, 'elltwo', 'lapu', 47.13135399017976, 0.16100001335144043, 29.841798543930054, '2024-07-29 21:31:49', 4, 999)
pval: [0.16100001] -- 174th test, time elapsed 29.841798543930054 -- emperical power so far (from test_start): 0.06321839080459771
db insert success
(175, 5, 0, 0.5, 60000, 'elltwo', 'lapu', -8.173320255527845, 0.5550000071525574, 29.850176095962524, '2024-07-29 21:32:31', 4, 999)
pval: [0.55500001] -- 175th test, time elapsed 29.850176095962524 -- emperical power so far (from test_start): 0.06285714285714286
db insert success
(176, 5, 0, 0.5, 60000, 'elltwo', 'lapu', 27.12308353253247, 0.2840000092983246, 29.89439368247986, '2024-07-29 21:33:16', 4, 999)
pval: [0.28400001] -- 176th test, time elapsed 29.89439368247986 -- emperical power so far (from test_start): 0.0625
db insert success
(177, 5, 0, 0.5, 60000, 'elltwo', 'lapu', 39.41259896608658, 0.2150000035762787, 29.848499298095703, '2024-07-29 21:34:05', 4, 999)
pval: [0.215] -- 177th test, time elapsed 29.848499298095703 -- emperical power so far (from test_start): 0.062146892655367235
db insert success
(178, 5, 0, 0.5, 60000, 'elltwo', 'lapu', -54.24780295362153, 0.8740000128746033, 29.848172903060913, '2024-07-29 21:34:48', 4, 999)
pval: [0.87400001] -- 178th test, time elapsed 29.848172903060913 -- emperical power so far (from test_start): 0.06179775280898876
db insert success
(179, 5, 0, 0.5, 60000, 'elltwo', 'lapu', -29.873848018828433, 0.6930000185966492, 29.89095950126648, '2024-07-29 21:35:31', 4, 999)
pval: [0.69300002] -- 179th test, time elapsed 29.89095950126648 -- emperical power so far (from test_start): 0.061452513966480445
db insert success
(180, 5, 0, 0.5, 60000, 'elltwo', 'lapu', -40.11657271297819, 0.7710000276565552, 29.83587384223938, '2024-07-29 21:36:09', 4, 999)
pval: [0.77100003] -- 180th test, time elapsed 29.83587384223938 -- emperical power so far (from test_start): 0.06111111111111111
db insert success
(181, 5, 0, 0.5, 60000, 'elltwo', 'lapu', -56.85689607438644, 0.8800000548362732, 29.82899022102356, '2024-07-29 21:36:46', 4, 999)
pval: [0.88000005] -- 181th test, time elapsed 29.82899022102356 -- emperical power so far (from test_start): 0.06077348066298342
db insert success
(182, 5, 0, 0.5, 60000, 'elltwo', 'lapu', -109.77710089552957, 0.9910000562667847, 29.877824068069458, '2024-07-29 21:37:35', 4, 999)
pval: [0.99100006] -- 182th test, time elapsed 29.877824068069458 -- emperical power so far (from test_start): 0.06043956043956044
db insert success
(183, 5, 0, 0.5, 60000, 'elltwo', 'lapu', 112.84396150881194, 0.012000000104308128, 29.86487889289856, '2024-07-29 21:38:18', 4, 999)
pval: [0.012] -- 183th test, time elapsed 29.86487889289856 -- emperical power so far (from test_start): 0.06557377049180328
db insert success
(184, 5, 0, 0.5, 60000, 'elltwo', 'lapu', -43.53671808126388, 0.8100000619888306, 29.860686540603638, '2024-07-29 21:39:03', 4, 999)
pval: [0.81000006] -- 184th test, time elapsed 29.860686540603638 -- emperical power so far (from test_start): 0.06521739130434782
db insert success
(185, 5, 0, 0.5, 60000, 'elltwo', 'lapu', -9.686773464293612, 0.5910000205039978, 29.894997358322144, '2024-07-29 21:39:39', 4, 999)
pval: [0.59100002] -- 185th test, time elapsed 29.894997358322144 -- emperical power so far (from test_start): 0.06486486486486487
db insert success
(186, 5, 0, 0.5, 60000, 'elltwo', 'lapu', -41.71585010826963, 0.815000057220459, 29.861525774002075, '2024-07-29 21:40:13', 4, 999)
pval: [0.81500006] -- 186th test, time elapsed 29.861525774002075 -- emperical power so far (from test_start): 0.06451612903225806
db insert success
(187, 5, 0, 0.5, 60000, 'elltwo', 'lapu', 30.306177309697198, 0.28600001335144043, 29.845590114593506, '2024-07-29 21:40:46', 4, 999)
pval: [0.28600001] -- 187th test, time elapsed 29.845590114593506 -- emperical power so far (from test_start): 0.06417112299465241
db insert success
(188, 5, 0, 0.5, 60000, 'elltwo', 'lapu', -32.859734262939625, 0.7740000486373901, 29.892743349075317, '2024-07-29 21:41:31', 4, 999)
pval: [0.77400005] -- 188th test, time elapsed 29.892743349075317 -- emperical power so far (from test_start): 0.06382978723404255
db insert success
(189, 5, 0, 0.5, 60000, 'elltwo', 'lapu', 25.107710825817623, 0.2800000011920929, 29.866931676864624, '2024-07-29 21:42:19', 4, 999)
pval: [0.28] -- 189th test, time elapsed 29.866931676864624 -- emperical power so far (from test_start): 0.06349206349206349
db insert success
(190, 5, 0, 0.5, 60000, 'elltwo', 'lapu', -5.176243385847513, 0.5350000262260437, 29.867228269577026, '2024-07-29 21:42:53', 4, 999)
pval: [0.53500003] -- 190th test, time elapsed 29.867228269577026 -- emperical power so far (from test_start): 0.06315789473684211
db insert success
(191, 5, 0, 0.5, 60000, 'elltwo', 'lapu', 25.68221793585731, 0.29500001668930054, 29.908084869384766, '2024-07-29 21:43:40', 4, 999)
pval: [0.29500002] -- 191th test, time elapsed 29.908084869384766 -- emperical power so far (from test_start): 0.06282722513089005
db insert success
(192, 5, 0, 0.5, 60000, 'elltwo', 'lapu', 30.97750251647203, 0.2410000115633011, 29.866443634033203, '2024-07-29 21:44:23', 4, 999)
pval: [0.24100001] -- 192th test, time elapsed 29.866443634033203 -- emperical power so far (from test_start): 0.0625
db insert success
(193, 5, 0, 0.5, 60000, 'elltwo', 'lapu', 91.83116027468598, 0.02800000086426735, 29.860122680664062, '2024-07-29 21:45:11', 4, 999)
pval: [0.028] -- 193th test, time elapsed 29.860122680664062 -- emperical power so far (from test_start): 0.06735751295336788
db insert success
(194, 5, 0, 0.5, 60000, 'elltwo', 'lapu', -15.495977855776765, 0.625, 29.916795015335083, '2024-07-29 21:45:54', 4, 999)
pval: [0.625] -- 194th test, time elapsed 29.916795015335083 -- emperical power so far (from test_start): 0.06701030927835051
db insert success
(195, 5, 0, 0.5, 60000, 'elltwo', 'lapu', -81.81138752942715, 0.9340000152587891, 29.866240739822388, '2024-07-29 21:46:27', 4, 999)
pval: [0.93400002] -- 195th test, time elapsed 29.866240739822388 -- emperical power so far (from test_start): 0.06666666666666667
db insert success
(196, 5, 0, 0.5, 60000, 'elltwo', 'lapu', 66.09040599655262, 0.09300000220537186, 29.846155881881714, '2024-07-29 21:47:05', 4, 999)
pval: [0.093] -- 196th test, time elapsed 29.846155881881714 -- emperical power so far (from test_start): 0.0663265306122449
db insert success
(197, 5, 0, 0.5, 60000, 'elltwo', 'lapu', 28.301225276184468, 0.2900000214576721, 29.890374660491943, '2024-07-29 21:47:42', 4, 999)
pval: [0.29000002] -- 197th test, time elapsed 29.890374660491943 -- emperical power so far (from test_start): 0.06598984771573604
db insert success
(198, 5, 0, 0.5, 60000, 'elltwo', 'lapu', -23.95200634214644, 0.6880000233650208, 29.853692054748535, '2024-07-29 21:48:16', 4, 999)
pval: [0.68800002] -- 198th test, time elapsed 29.853692054748535 -- emperical power so far (from test_start): 0.06565656565656566
db insert success
(199, 5, 0, 0.5, 60000, 'elltwo', 'lapu', 59.29135579545892, 0.10600000619888306, 29.870850086212158, '2024-07-29 21:49:00', 4, 999)
pval: [0.10600001] -- 199th test, time elapsed 29.870850086212158 -- emperical power so far (from test_start): 0.06532663316582915
db insert success
(200, 5, 0, 0.5, 60000, 'elltwo', 'lapu', 18.06188274729886, 0.3400000035762787, 29.916762113571167, '2024-07-29 21:49:48', 4, 999)
pval: [0.34] -- 200th test, time elapsed 29.916762113571167 -- emperical power so far (from test_start): 0.065
db insert success
8324.924119234085
