genrrchi, alpha=0.5, sample size=340000
#########################################
(1, 5, 0, 0.5, 340000, 'chi', 'genrr', 997.4207763671875, 0.6950000524520874, 100.7867124080658, '2024-07-29 11:13:04', 4, 999)
pval: [0.69500005] -- 1th test, time elapsed 100.7867124080658 -- emperical power so far (from test_start): 0.0
db insert success
(2, 5, 0, 0.5, 340000, 'chi', 'genrr', 1039.0771484375, 0.3450000286102295, 99.30690026283264, '2024-07-29 11:14:59', 4, 999)
pval: [0.34500003] -- 2th test, time elapsed 99.30690026283264 -- emperical power so far (from test_start): 0.0
db insert success
(3, 5, 0, 0.5, 340000, 'chi', 'genrr', 1056.2027587890625, 0.20500001311302185, 99.50837731361389, '2024-07-29 11:16:42', 4, 999)
pval: [0.20500001] -- 3th test, time elapsed 99.50837731361389 -- emperical power so far (from test_start): 0.0
db insert success
(4, 5, 0, 0.5, 340000, 'chi', 'genrr', 1079.07373046875, 0.10700000822544098, 100.43367505073547, '2024-07-29 11:18:42', 4, 999)
pval: [0.10700001] -- 4th test, time elapsed 100.43367505073547 -- emperical power so far (from test_start): 0.0
db insert success
(5, 5, 0, 0.5, 340000, 'chi', 'genrr', 974.4579467773438, 0.859000027179718, 100.03421378135681, '2024-07-29 11:20:28', 4, 999)
pval: [0.85900003] -- 5th test, time elapsed 100.03421378135681 -- emperical power so far (from test_start): 0.0
db insert success
(6, 5, 0, 0.5, 340000, 'chi', 'genrr', 1067.7880859375, 0.16100001335144043, 99.69119119644165, '2024-07-29 11:22:12', 4, 999)
pval: [0.16100001] -- 6th test, time elapsed 99.69119119644165 -- emperical power so far (from test_start): 0.0
db insert success
(7, 5, 0, 0.5, 340000, 'chi', 'genrr', 1043.089111328125, 0.320000022649765, 100.39870381355286, '2024-07-29 11:24:06', 4, 999)
pval: [0.32000002] -- 7th test, time elapsed 100.39870381355286 -- emperical power so far (from test_start): 0.0
db insert success
(8, 5, 0, 0.5, 340000, 'chi', 'genrr', 1013.4677124023438, 0.5550000071525574, 100.4291307926178, '2024-07-29 11:25:57', 4, 999)
pval: [0.55500001] -- 8th test, time elapsed 100.4291307926178 -- emperical power so far (from test_start): 0.0
db insert success
(9, 5, 0, 0.5, 340000, 'chi', 'genrr', 977.205810546875, 0.8600000143051147, 99.60109853744507, '2024-07-29 11:27:55', 4, 999)
pval: [0.86000001] -- 9th test, time elapsed 99.60109853744507 -- emperical power so far (from test_start): 0.0
db insert success
(10, 5, 0, 0.5, 340000, 'chi', 'genrr', 934.6329956054688, 0.9760000705718994, 99.55888390541077, '2024-07-29 11:29:47', 4, 999)
pval: [0.97600007] -- 10th test, time elapsed 99.55888390541077 -- emperical power so far (from test_start): 0.0
db insert success
(11, 5, 0, 0.5, 340000, 'chi', 'genrr', 1067.5050048828125, 0.17000000178813934, 100.10719537734985, '2024-07-29 11:31:43', 4, 999)
pval: [0.17] -- 11th test, time elapsed 100.10719537734985 -- emperical power so far (from test_start): 0.0
db insert success
(12, 5, 0, 0.5, 340000, 'chi', 'genrr', 935.5375366210938, 0.9730000495910645, 100.17300224304199, '2024-07-29 11:33:28', 4, 999)
pval: [0.97300005] -- 12th test, time elapsed 100.17300224304199 -- emperical power so far (from test_start): 0.0
db insert success
(13, 5, 0, 0.5, 340000, 'chi', 'genrr', 1011.336181640625, 0.6180000305175781, 99.22502398490906, '2024-07-29 11:35:20', 4, 999)
pval: [0.61800003] -- 13th test, time elapsed 99.22502398490906 -- emperical power so far (from test_start): 0.0
db insert success
(14, 5, 0, 0.5, 340000, 'chi', 'genrr', 1065.201171875, 0.17500001192092896, 100.05284380912781, '2024-07-29 11:37:10', 4, 999)
pval: [0.17500001] -- 14th test, time elapsed 100.05284380912781 -- emperical power so far (from test_start): 0.0
db insert success
(15, 5, 0, 0.5, 340000, 'chi', 'genrr', 1019.83447265625, 0.5160000324249268, 100.36114764213562, '2024-07-29 11:39:07', 4, 999)
pval: [0.51600003] -- 15th test, time elapsed 100.36114764213562 -- emperical power so far (from test_start): 0.0
db insert success
(16, 5, 0, 0.5, 340000, 'chi', 'genrr', 1049.6983642578125, 0.2770000100135803, 99.92273187637329, '2024-07-29 11:40:55', 4, 999)
pval: [0.27700001] -- 16th test, time elapsed 99.92273187637329 -- emperical power so far (from test_start): 0.0
db insert success
(17, 5, 0, 0.5, 340000, 'chi', 'genrr', 1004.7972412109375, 0.6260000467300415, 99.70124340057373, '2024-07-29 11:42:36', 4, 999)
pval: [0.62600005] -- 17th test, time elapsed 99.70124340057373 -- emperical power so far (from test_start): 0.0
db insert success
(18, 5, 0, 0.5, 340000, 'chi', 'genrr', 1036.953857421875, 0.3620000183582306, 100.38056540489197, '2024-07-29 11:44:17', 4, 999)
pval: [0.36200002] -- 18th test, time elapsed 100.38056540489197 -- emperical power so far (from test_start): 0.0
db insert success
(19, 5, 0, 0.5, 340000, 'chi', 'genrr', 1056.37060546875, 0.23200000822544098, 100.03596782684326, '2024-07-29 11:46:10', 4, 999)
pval: [0.23200001] -- 19th test, time elapsed 100.03596782684326 -- emperical power so far (from test_start): 0.0
db insert success
(20, 5, 0, 0.5, 340000, 'chi', 'genrr', 1121.3717041015625, 0.012000000104308128, 99.50908327102661, '2024-07-29 11:48:10', 4, 999)
pval: [0.012] -- 20th test, time elapsed 99.50908327102661 -- emperical power so far (from test_start): 0.05
db insert success
(21, 5, 0, 0.5, 340000, 'chi', 'genrr', 1041.1552734375, 0.32500001788139343, 100.03520774841309, '2024-07-29 11:49:56', 4, 999)
pval: [0.32500002] -- 21th test, time elapsed 100.03520774841309 -- emperical power so far (from test_start): 0.047619047619047616
db insert success
(22, 5, 0, 0.5, 340000, 'chi', 'genrr', 1013.2844848632812, 0.5830000042915344, 100.46945405006409, '2024-07-29 11:51:40', 4, 999)
pval: [0.583] -- 22th test, time elapsed 100.46945405006409 -- emperical power so far (from test_start): 0.045454545454545456
db insert success
(23, 5, 0, 0.5, 340000, 'chi', 'genrr', 949.4994506835938, 0.9450000524520874, 99.59144330024719, '2024-07-29 11:53:32', 4, 999)
pval: [0.94500005] -- 23th test, time elapsed 99.59144330024719 -- emperical power so far (from test_start): 0.043478260869565216
db insert success
(24, 5, 0, 0.5, 340000, 'chi', 'genrr', 1068.174560546875, 0.14400000870227814, 100.75809645652771, '2024-07-29 11:55:27', 4, 999)
pval: [0.14400001] -- 24th test, time elapsed 100.75809645652771 -- emperical power so far (from test_start): 0.041666666666666664
db insert success
(25, 5, 0, 0.5, 340000, 'chi', 'genrr', 1076.8590087890625, 0.12600000202655792, 100.86987686157227, '2024-07-29 11:57:25', 4, 999)
pval: [0.126] -- 25th test, time elapsed 100.86987686157227 -- emperical power so far (from test_start): 0.04
db insert success
(26, 5, 0, 0.5, 340000, 'chi', 'genrr', 1071.1624755859375, 0.13900001347064972, 99.7116847038269, '2024-07-29 11:59:12', 4, 999)
pval: [0.13900001] -- 26th test, time elapsed 99.7116847038269 -- emperical power so far (from test_start): 0.038461538461538464
db insert success
(27, 5, 0, 0.5, 340000, 'chi', 'genrr', 964.8973999023438, 0.8980000615119934, 101.15910482406616, '2024-07-29 12:01:06', 4, 999)
pval: [0.89800006] -- 27th test, time elapsed 101.15910482406616 -- emperical power so far (from test_start): 0.037037037037037035
db insert success
(28, 5, 0, 0.5, 340000, 'chi', 'genrr', 1014.4971313476562, 0.5770000219345093, 101.26504349708557, '2024-07-29 12:02:50', 4, 999)
pval: [0.57700002] -- 28th test, time elapsed 101.26504349708557 -- emperical power so far (from test_start): 0.03571428571428571
db insert success
(29, 5, 0, 0.5, 340000, 'chi', 'genrr', 905.7607421875, 0.999000072479248, 101.22414493560791, '2024-07-29 12:04:44', 4, 999)
pval: [0.99900007] -- 29th test, time elapsed 101.22414493560791 -- emperical power so far (from test_start): 0.034482758620689655
db insert success
(30, 5, 0, 0.5, 340000, 'chi', 'genrr', 1042.7646484375, 0.34200000762939453, 101.09088706970215, '2024-07-29 12:06:28', 4, 999)
pval: [0.34200001] -- 30th test, time elapsed 101.09088706970215 -- emperical power so far (from test_start): 0.03333333333333333
db insert success
(31, 5, 0, 0.5, 340000, 'chi', 'genrr', 1067.0318603515625, 0.18300001323223114, 101.12534546852112, '2024-07-29 12:08:15', 4, 999)
pval: [0.18300001] -- 31th test, time elapsed 101.12534546852112 -- emperical power so far (from test_start): 0.03225806451612903
db insert success
(32, 5, 0, 0.5, 340000, 'chi', 'genrr', 1056.6683349609375, 0.2330000102519989, 101.09315252304077, '2024-07-29 12:09:58', 4, 999)
pval: [0.23300001] -- 32th test, time elapsed 101.09315252304077 -- emperical power so far (from test_start): 0.03125
db insert success
(33, 5, 0, 0.5, 340000, 'chi', 'genrr', 1021.7306518554688, 0.4820000231266022, 100.96260285377502, '2024-07-29 12:11:43', 4, 999)
pval: [0.48200002] -- 33th test, time elapsed 100.96260285377502 -- emperical power so far (from test_start): 0.030303030303030304
db insert success
(34, 5, 0, 0.5, 340000, 'chi', 'genrr', 1108.5972900390625, 0.03700000047683716, 100.79136562347412, '2024-07-29 12:13:26', 4, 999)
pval: [0.037] -- 34th test, time elapsed 100.79136562347412 -- emperical power so far (from test_start): 0.058823529411764705
db insert success
(35, 5, 0, 0.5, 340000, 'chi', 'genrr', 1087.0341796875, 0.07000000029802322, 100.91548991203308, '2024-07-29 12:15:23', 4, 999)
pval: [0.07] -- 35th test, time elapsed 100.91548991203308 -- emperical power so far (from test_start): 0.05714285714285714
db insert success
(36, 5, 0, 0.5, 340000, 'chi', 'genrr', 1009.8521728515625, 0.6100000143051147, 101.08553910255432, '2024-07-29 12:17:12', 4, 999)
pval: [0.61000001] -- 36th test, time elapsed 101.08553910255432 -- emperical power so far (from test_start): 0.05555555555555555
db insert success
(37, 5, 0, 0.5, 340000, 'chi', 'genrr', 1027.2396240234375, 0.45500001311302185, 100.7828893661499, '2024-07-29 12:19:13', 4, 999)
pval: [0.45500001] -- 37th test, time elapsed 100.7828893661499 -- emperical power so far (from test_start): 0.05405405405405406
db insert success
(38, 5, 0, 0.5, 340000, 'chi', 'genrr', 1036.060302734375, 0.4140000343322754, 100.73630809783936, '2024-07-29 12:21:09', 4, 999)
pval: [0.41400003] -- 38th test, time elapsed 100.73630809783936 -- emperical power so far (from test_start): 0.05263157894736842
db insert success
(39, 5, 0, 0.5, 340000, 'chi', 'genrr', 972.1475830078125, 0.8720000386238098, 100.85167574882507, '2024-07-29 12:23:02', 4, 999)
pval: [0.87200004] -- 39th test, time elapsed 100.85167574882507 -- emperical power so far (from test_start): 0.05128205128205128
db insert success
(40, 5, 0, 0.5, 340000, 'chi', 'genrr', 998.0101318359375, 0.6850000619888306, 100.96664023399353, '2024-07-29 12:24:59', 4, 999)
pval: [0.68500006] -- 40th test, time elapsed 100.96664023399353 -- emperical power so far (from test_start): 0.05
db insert success
(41, 5, 0, 0.5, 340000, 'chi', 'genrr', 964.5348510742188, 0.9030000567436218, 100.97270250320435, '2024-07-29 12:26:52', 4, 999)
pval: [0.90300006] -- 41th test, time elapsed 100.97270250320435 -- emperical power so far (from test_start): 0.04878048780487805
db insert success
(42, 5, 0, 0.5, 340000, 'chi', 'genrr', 1111.1824951171875, 0.023000001907348633, 100.89172387123108, '2024-07-29 12:28:52', 4, 999)
pval: [0.023] -- 42th test, time elapsed 100.89172387123108 -- emperical power so far (from test_start): 0.07142857142857142
db insert success
(43, 5, 0, 0.5, 340000, 'chi', 'genrr', 933.7522583007812, 0.9780000448226929, 100.89755201339722, '2024-07-29 12:30:37', 4, 999)
pval: [0.97800004] -- 43th test, time elapsed 100.89755201339722 -- emperical power so far (from test_start): 0.06976744186046512
db insert success
(44, 5, 0, 0.5, 340000, 'chi', 'genrr', 1042.8033447265625, 0.33900001645088196, 100.97969007492065, '2024-07-29 12:32:22', 4, 999)
pval: [0.33900002] -- 44th test, time elapsed 100.97969007492065 -- emperical power so far (from test_start): 0.06818181818181818
db insert success
(45, 5, 0, 0.5, 340000, 'chi', 'genrr', 1017.1541137695312, 0.5649999976158142, 100.73884296417236, '2024-07-29 12:34:05', 4, 999)
pval: [0.565] -- 45th test, time elapsed 100.73884296417236 -- emperical power so far (from test_start): 0.06666666666666667
db insert success
(46, 5, 0, 0.5, 340000, 'chi', 'genrr', 948.9384155273438, 0.956000030040741, 100.60765027999878, '2024-07-29 12:35:55', 4, 999)
pval: [0.95600003] -- 46th test, time elapsed 100.60765027999878 -- emperical power so far (from test_start): 0.06521739130434782
db insert success
(47, 5, 0, 0.5, 340000, 'chi', 'genrr', 1046.53564453125, 0.30800002813339233, 100.6419005393982, '2024-07-29 12:37:44', 4, 999)
pval: [0.30800003] -- 47th test, time elapsed 100.6419005393982 -- emperical power so far (from test_start): 0.06382978723404255
db insert success
(48, 5, 0, 0.5, 340000, 'chi', 'genrr', 1013.5599365234375, 0.5730000138282776, 101.06576442718506, '2024-07-29 12:39:33', 4, 999)
pval: [0.57300001] -- 48th test, time elapsed 101.06576442718506 -- emperical power so far (from test_start): 0.0625
db insert success
(49, 5, 0, 0.5, 340000, 'chi', 'genrr', 1079.0809326171875, 0.11700000613927841, 100.87711524963379, '2024-07-29 12:41:26', 4, 999)
pval: [0.11700001] -- 49th test, time elapsed 100.87711524963379 -- emperical power so far (from test_start): 0.061224489795918366
db insert success
(50, 5, 0, 0.5, 340000, 'chi', 'genrr', 985.50927734375, 0.7970000505447388, 100.86084508895874, '2024-07-29 12:43:26', 4, 999)
pval: [0.79700005] -- 50th test, time elapsed 100.86084508895874 -- emperical power so far (from test_start): 0.06
db insert success
(51, 5, 0, 0.5, 340000, 'chi', 'genrr', 1008.2449340820312, 0.6010000109672546, 100.91138577461243, '2024-07-29 12:45:19', 4, 999)
pval: [0.60100001] -- 51th test, time elapsed 100.91138577461243 -- emperical power so far (from test_start): 0.058823529411764705
db insert success
(52, 5, 0, 0.5, 340000, 'chi', 'genrr', 982.8379516601562, 0.8090000152587891, 101.06577920913696, '2024-07-29 12:47:10', 4, 999)
pval: [0.80900002] -- 52th test, time elapsed 101.06577920913696 -- emperical power so far (from test_start): 0.057692307692307696
db insert success
(53, 5, 0, 0.5, 340000, 'chi', 'genrr', 1019.85986328125, 0.5170000195503235, 101.05446362495422, '2024-07-29 12:48:54', 4, 999)
pval: [0.51700002] -- 53th test, time elapsed 101.05446362495422 -- emperical power so far (from test_start): 0.05660377358490566
db insert success
(54, 5, 0, 0.5, 340000, 'chi', 'genrr', 1033.2347412109375, 0.3830000162124634, 101.23271369934082, '2024-07-29 12:50:50', 4, 999)
pval: [0.38300002] -- 54th test, time elapsed 101.23271369934082 -- emperical power so far (from test_start): 0.05555555555555555
db insert success
(55, 5, 0, 0.5, 340000, 'chi', 'genrr', 954.5773315429688, 0.9430000185966492, 101.03883743286133, '2024-07-29 12:52:47', 4, 999)
pval: [0.94300002] -- 55th test, time elapsed 101.03883743286133 -- emperical power so far (from test_start): 0.05454545454545454
db insert success
(56, 5, 0, 0.5, 340000, 'chi', 'genrr', 1037.263427734375, 0.38200002908706665, 101.31432700157166, '2024-07-29 12:54:41', 4, 999)
pval: [0.38200003] -- 56th test, time elapsed 101.31432700157166 -- emperical power so far (from test_start): 0.05357142857142857
db insert success
(57, 5, 0, 0.5, 340000, 'chi', 'genrr', 951.6396484375, 0.9360000491142273, 101.23474979400635, '2024-07-29 12:56:27', 4, 999)
pval: [0.93600005] -- 57th test, time elapsed 101.23474979400635 -- emperical power so far (from test_start): 0.05263157894736842
db insert success
(58, 5, 0, 0.5, 340000, 'chi', 'genrr', 986.7577514648438, 0.7870000600814819, 101.35145902633667, '2024-07-29 12:58:16', 4, 999)
pval: [0.78700006] -- 58th test, time elapsed 101.35145902633667 -- emperical power so far (from test_start): 0.05172413793103448
db insert success
(59, 5, 0, 0.5, 340000, 'chi', 'genrr', 1049.549072265625, 0.2750000059604645, 100.19671988487244, '2024-07-29 13:00:15', 4, 999)
pval: [0.27500001] -- 59th test, time elapsed 100.19671988487244 -- emperical power so far (from test_start): 0.05084745762711865
db insert success
(60, 5, 0, 0.5, 340000, 'chi', 'genrr', 1008.7133178710938, 0.6380000114440918, 100.95690512657166, '2024-07-29 13:02:05', 4, 999)
pval: [0.63800001] -- 60th test, time elapsed 100.95690512657166 -- emperical power so far (from test_start): 0.05
db insert success
(61, 5, 0, 0.5, 340000, 'chi', 'genrr', 1002.90771484375, 0.6500000357627869, 100.69852948188782, '2024-07-29 13:04:02', 4, 999)
pval: [0.65000004] -- 61th test, time elapsed 100.69852948188782 -- emperical power so far (from test_start): 0.04918032786885246
db insert success
(62, 5, 0, 0.5, 340000, 'chi', 'genrr', 1000.0562744140625, 0.7020000219345093, 100.74340915679932, '2024-07-29 13:06:00', 4, 999)
pval: [0.70200002] -- 62th test, time elapsed 100.74340915679932 -- emperical power so far (from test_start): 0.04838709677419355
db insert success
(63, 5, 0, 0.5, 340000, 'chi', 'genrr', 1059.0164794921875, 0.2110000103712082, 100.98796820640564, '2024-07-29 13:07:56', 4, 999)
pval: [0.21100001] -- 63th test, time elapsed 100.98796820640564 -- emperical power so far (from test_start): 0.047619047619047616
db insert success
(64, 5, 0, 0.5, 340000, 'chi', 'genrr', 998.7889404296875, 0.7080000042915344, 101.23644256591797, '2024-07-29 13:09:39', 4, 999)
pval: [0.708] -- 64th test, time elapsed 101.23644256591797 -- emperical power so far (from test_start): 0.046875
db insert success
(65, 5, 0, 0.5, 340000, 'chi', 'genrr', 1109.09814453125, 0.03500000014901161, 100.74951076507568, '2024-07-29 13:11:26', 4, 999)
pval: [0.035] -- 65th test, time elapsed 100.74951076507568 -- emperical power so far (from test_start): 0.06153846153846154
db insert success
(66, 5, 0, 0.5, 340000, 'chi', 'genrr', 1051.8284912109375, 0.2770000100135803, 100.8558337688446, '2024-07-29 13:13:28', 4, 999)
pval: [0.27700001] -- 66th test, time elapsed 100.8558337688446 -- emperical power so far (from test_start): 0.06060606060606061
db insert success
(67, 5, 0, 0.5, 340000, 'chi', 'genrr', 974.9342651367188, 0.8790000677108765, 100.7717297077179, '2024-07-29 13:15:24', 4, 999)
pval: [0.87900007] -- 67th test, time elapsed 100.7717297077179 -- emperical power so far (from test_start): 0.05970149253731343
db insert success
(68, 5, 0, 0.5, 340000, 'chi', 'genrr', 1047.47509765625, 0.2900000214576721, 100.68227815628052, '2024-07-29 13:17:10', 4, 999)
pval: [0.29000002] -- 68th test, time elapsed 100.68227815628052 -- emperical power so far (from test_start): 0.058823529411764705
db insert success
(69, 5, 0, 0.5, 340000, 'chi', 'genrr', 1036.6173095703125, 0.3920000195503235, 100.74611592292786, '2024-07-29 13:19:10', 4, 999)
pval: [0.39200002] -- 69th test, time elapsed 100.74611592292786 -- emperical power so far (from test_start): 0.057971014492753624
db insert success
(70, 5, 0, 0.5, 340000, 'chi', 'genrr', 951.8334350585938, 0.9440000653266907, 100.68399572372437, '2024-07-29 13:21:10', 4, 999)
pval: [0.94400007] -- 70th test, time elapsed 100.68399572372437 -- emperical power so far (from test_start): 0.05714285714285714
db insert success
(71, 5, 0, 0.5, 340000, 'chi', 'genrr', 975.5917358398438, 0.8600000143051147, 100.84250593185425, '2024-07-29 13:23:02', 4, 999)
pval: [0.86000001] -- 71th test, time elapsed 100.84250593185425 -- emperical power so far (from test_start): 0.056338028169014086
db insert success
(72, 5, 0, 0.5, 340000, 'chi', 'genrr', 992.112060546875, 0.7470000386238098, 100.78631019592285, '2024-07-29 13:24:47', 4, 999)
pval: [0.74700004] -- 72th test, time elapsed 100.78631019592285 -- emperical power so far (from test_start): 0.05555555555555555
db insert success
(73, 5, 0, 0.5, 340000, 'chi', 'genrr', 1010.5656127929688, 0.5910000205039978, 100.86616396903992, '2024-07-29 13:26:41', 4, 999)
pval: [0.59100002] -- 73th test, time elapsed 100.86616396903992 -- emperical power so far (from test_start): 0.0547945205479452
db insert success
(74, 5, 0, 0.5, 340000, 'chi', 'genrr', 1027.811767578125, 0.4360000193119049, 100.99772262573242, '2024-07-29 13:28:30', 4, 999)
pval: [0.43600002] -- 74th test, time elapsed 100.99772262573242 -- emperical power so far (from test_start): 0.05405405405405406
db insert success
(75, 5, 0, 0.5, 340000, 'chi', 'genrr', 1003.4637451171875, 0.6570000052452087, 100.6728093624115, '2024-07-29 13:30:19', 4, 999)
pval: [0.65700001] -- 75th test, time elapsed 100.6728093624115 -- emperical power so far (from test_start): 0.05333333333333334
db insert success
(76, 5, 0, 0.5, 340000, 'chi', 'genrr', 990.575439453125, 0.7730000615119934, 101.33150362968445, '2024-07-29 13:32:03', 4, 999)
pval: [0.77300006] -- 76th test, time elapsed 101.33150362968445 -- emperical power so far (from test_start): 0.05263157894736842
db insert success
(77, 5, 0, 0.5, 340000, 'chi', 'genrr', 1044.82275390625, 0.33000001311302185, 100.78744459152222, '2024-07-29 13:33:54', 4, 999)
pval: [0.33000001] -- 77th test, time elapsed 100.78744459152222 -- emperical power so far (from test_start): 0.05194805194805195
db insert success
(78, 5, 0, 0.5, 340000, 'chi', 'genrr', 1063.349609375, 0.20000000298023224, 100.88082242012024, '2024-07-29 13:35:47', 4, 999)
pval: [0.2] -- 78th test, time elapsed 100.88082242012024 -- emperical power so far (from test_start): 0.05128205128205128
db insert success
(79, 5, 0, 0.5, 340000, 'chi', 'genrr', 1068.329833984375, 0.16500000655651093, 100.75421142578125, '2024-07-29 13:37:39', 4, 999)
pval: [0.16500001] -- 79th test, time elapsed 100.75421142578125 -- emperical power so far (from test_start): 0.05063291139240506
db insert success
(80, 5, 0, 0.5, 340000, 'chi', 'genrr', 1005.317626953125, 0.6620000600814819, 101.03202939033508, '2024-07-29 13:39:36', 4, 999)
pval: [0.66200006] -- 80th test, time elapsed 101.03202939033508 -- emperical power so far (from test_start): 0.05
db insert success
(81, 5, 0, 0.5, 340000, 'chi', 'genrr', 1107.52880859375, 0.036000002175569534, 101.0214478969574, '2024-07-29 13:41:22', 4, 999)
pval: [0.036] -- 81th test, time elapsed 101.0214478969574 -- emperical power so far (from test_start): 0.06172839506172839
db insert success
(82, 5, 0, 0.5, 340000, 'chi', 'genrr', 1094.5625, 0.06300000101327896, 100.79906129837036, '2024-07-29 13:43:16', 4, 999)
pval: [0.063] -- 82th test, time elapsed 100.79906129837036 -- emperical power so far (from test_start): 0.06097560975609756
db insert success
(83, 5, 0, 0.5, 340000, 'chi', 'genrr', 990.49951171875, 0.7490000128746033, 100.78965163230896, '2024-07-29 13:45:04', 4, 999)
pval: [0.74900001] -- 83th test, time elapsed 100.78965163230896 -- emperical power so far (from test_start): 0.060240963855421686
db insert success
(84, 5, 0, 0.5, 340000, 'chi', 'genrr', 1109.2335205078125, 0.02500000037252903, 100.69253206253052, '2024-07-29 13:47:04', 4, 999)
pval: [0.025] -- 84th test, time elapsed 100.69253206253052 -- emperical power so far (from test_start): 0.07142857142857142
db insert success
(85, 5, 0, 0.5, 340000, 'chi', 'genrr', 1056.9749755859375, 0.20100000500679016, 100.94726610183716, '2024-07-29 13:48:59', 4, 999)
pval: [0.20100001] -- 85th test, time elapsed 100.94726610183716 -- emperical power so far (from test_start): 0.07058823529411765
db insert success
(86, 5, 0, 0.5, 340000, 'chi', 'genrr', 979.9700927734375, 0.8160000443458557, 100.99041891098022, '2024-07-29 13:50:54', 4, 999)
pval: [0.81600004] -- 86th test, time elapsed 100.99041891098022 -- emperical power so far (from test_start): 0.06976744186046512
db insert success
(87, 5, 0, 0.5, 340000, 'chi', 'genrr', 1005.7509155273438, 0.6320000290870667, 101.0496153831482, '2024-07-29 13:52:44', 4, 999)
pval: [0.63200003] -- 87th test, time elapsed 101.0496153831482 -- emperical power so far (from test_start): 0.06896551724137931
db insert success
(88, 5, 0, 0.5, 340000, 'chi', 'genrr', 1068.639404296875, 0.1510000079870224, 101.05134105682373, '2024-07-29 13:54:38', 4, 999)
pval: [0.15100001] -- 88th test, time elapsed 101.05134105682373 -- emperical power so far (from test_start): 0.06818181818181818
db insert success
(89, 5, 0, 0.5, 340000, 'chi', 'genrr', 1049.758544921875, 0.28300002217292786, 100.98116302490234, '2024-07-29 13:56:36', 4, 999)
pval: [0.28300002] -- 89th test, time elapsed 100.98116302490234 -- emperical power so far (from test_start): 0.06741573033707865
db insert success
(90, 5, 0, 0.5, 340000, 'chi', 'genrr', 1034.6724853515625, 0.4220000207424164, 101.13644456863403, '2024-07-29 13:58:24', 4, 999)
pval: [0.42200002] -- 90th test, time elapsed 101.13644456863403 -- emperical power so far (from test_start): 0.06666666666666667
db insert success
(91, 5, 0, 0.5, 340000, 'chi', 'genrr', 1115.0086669921875, 0.02500000037252903, 100.77414679527283, '2024-07-29 14:00:07', 4, 999)
pval: [0.025] -- 91th test, time elapsed 100.77414679527283 -- emperical power so far (from test_start): 0.07692307692307693
db insert success
(92, 5, 0, 0.5, 340000, 'chi', 'genrr', 1017.0186157226562, 0.5610000491142273, 100.97069668769836, '2024-07-29 14:01:57', 4, 999)
pval: [0.56100005] -- 92th test, time elapsed 100.97069668769836 -- emperical power so far (from test_start): 0.07608695652173914
db insert success
(93, 5, 0, 0.5, 340000, 'chi', 'genrr', 967.3002319335938, 0.89000004529953, 100.71236729621887, '2024-07-29 14:03:43', 4, 999)
pval: [0.89000005] -- 93th test, time elapsed 100.71236729621887 -- emperical power so far (from test_start): 0.07526881720430108
db insert success
(94, 5, 0, 0.5, 340000, 'chi', 'genrr', 1038.982666015625, 0.37300002574920654, 101.00269842147827, '2024-07-29 14:05:33', 4, 999)
pval: [0.37300003] -- 94th test, time elapsed 101.00269842147827 -- emperical power so far (from test_start): 0.07446808510638298
db insert success
(95, 5, 0, 0.5, 340000, 'chi', 'genrr', 1016.3433227539062, 0.534000039100647, 100.85911011695862, '2024-07-29 14:07:20', 4, 999)
pval: [0.53400004] -- 95th test, time elapsed 100.85911011695862 -- emperical power so far (from test_start): 0.07368421052631578
db insert success
(96, 5, 0, 0.5, 340000, 'chi', 'genrr', 1020.2787475585938, 0.5410000085830688, 100.86162805557251, '2024-07-29 14:09:09', 4, 999)
pval: [0.54100001] -- 96th test, time elapsed 100.86162805557251 -- emperical power so far (from test_start): 0.07291666666666667
db insert success
(97, 5, 0, 0.5, 340000, 'chi', 'genrr', 1026.9439697265625, 0.4400000274181366, 100.85169124603271, '2024-07-29 14:11:06', 4, 999)
pval: [0.44000003] -- 97th test, time elapsed 100.85169124603271 -- emperical power so far (from test_start): 0.07216494845360824
db insert success
(98, 5, 0, 0.5, 340000, 'chi', 'genrr', 975.2804565429688, 0.8490000367164612, 100.8720269203186, '2024-07-29 14:12:56', 4, 999)
pval: [0.84900004] -- 98th test, time elapsed 100.8720269203186 -- emperical power so far (from test_start): 0.07142857142857142
db insert success
(99, 5, 0, 0.5, 340000, 'chi', 'genrr', 1038.132568359375, 0.3630000054836273, 100.90194845199585, '2024-07-29 14:14:50', 4, 999)
pval: [0.36300001] -- 99th test, time elapsed 100.90194845199585 -- emperical power so far (from test_start): 0.0707070707070707
db insert success
(100, 5, 0, 0.5, 340000, 'chi', 'genrr', 981.7980346679688, 0.8180000185966492, 100.7526113986969, '2024-07-29 14:16:47', 4, 999)
pval: [0.81800002] -- 100th test, time elapsed 100.7526113986969 -- emperical power so far (from test_start): 0.07
db insert success
(101, 5, 0, 0.5, 340000, 'chi', 'genrr', 1004.7981567382812, 0.6550000309944153, 101.12279343605042, '2024-07-29 14:18:41', 4, 999)
pval: [0.65500003] -- 101th test, time elapsed 101.12279343605042 -- emperical power so far (from test_start): 0.06930693069306931
db insert success
(102, 5, 0, 0.5, 340000, 'chi', 'genrr', 1047.3553466796875, 0.3190000057220459, 101.14499163627625, '2024-07-29 14:20:36', 4, 999)
pval: [0.31900001] -- 102th test, time elapsed 101.14499163627625 -- emperical power so far (from test_start): 0.06862745098039216
db insert success
(103, 5, 0, 0.5, 340000, 'chi', 'genrr', 985.9223022460938, 0.7870000600814819, 100.7271637916565, '2024-07-29 14:22:23', 4, 999)
pval: [0.78700006] -- 103th test, time elapsed 100.7271637916565 -- emperical power so far (from test_start): 0.06796116504854369
db insert success
(104, 5, 0, 0.5, 340000, 'chi', 'genrr', 1012.4764404296875, 0.6010000109672546, 100.97922825813293, '2024-07-29 14:24:22', 4, 999)
pval: [0.60100001] -- 104th test, time elapsed 100.97922825813293 -- emperical power so far (from test_start): 0.0673076923076923
db insert success
(105, 5, 0, 0.5, 340000, 'chi', 'genrr', 993.1411743164062, 0.7450000643730164, 100.72627115249634, '2024-07-29 14:26:22', 4, 999)
pval: [0.74500006] -- 105th test, time elapsed 100.72627115249634 -- emperical power so far (from test_start): 0.06666666666666667
db insert success
(106, 5, 0, 0.5, 340000, 'chi', 'genrr', 1026.043701171875, 0.4750000238418579, 101.0444564819336, '2024-07-29 14:28:17', 4, 999)
pval: [0.47500002] -- 106th test, time elapsed 101.0444564819336 -- emperical power so far (from test_start): 0.0660377358490566
db insert success
(107, 5, 0, 0.5, 340000, 'chi', 'genrr', 1018.8630981445312, 0.5290000438690186, 100.96776866912842, '2024-07-29 14:30:08', 4, 999)
pval: [0.52900004] -- 107th test, time elapsed 100.96776866912842 -- emperical power so far (from test_start): 0.06542056074766354
db insert success
(108, 5, 0, 0.5, 340000, 'chi', 'genrr', 1014.6959838867188, 0.5770000219345093, 101.30298328399658, '2024-07-29 14:32:08', 4, 999)
pval: [0.57700002] -- 108th test, time elapsed 101.30298328399658 -- emperical power so far (from test_start): 0.06481481481481481
db insert success
(109, 5, 0, 0.5, 340000, 'chi', 'genrr', 989.8677978515625, 0.7590000629425049, 100.51642751693726, '2024-07-29 14:33:52', 4, 999)
pval: [0.75900006] -- 109th test, time elapsed 100.51642751693726 -- emperical power so far (from test_start): 0.06422018348623854
db insert success
(110, 5, 0, 0.5, 340000, 'chi', 'genrr', 989.865234375, 0.7780000567436218, 100.59120655059814, '2024-07-29 14:35:52', 4, 999)
pval: [0.77800006] -- 110th test, time elapsed 100.59120655059814 -- emperical power so far (from test_start): 0.06363636363636363
db insert success
(111, 5, 0, 0.5, 340000, 'chi', 'genrr', 973.5853271484375, 0.8690000176429749, 100.74970436096191, '2024-07-29 14:37:42', 4, 999)
pval: [0.86900002] -- 111th test, time elapsed 100.74970436096191 -- emperical power so far (from test_start): 0.06306306306306306
db insert success
(112, 5, 0, 0.5, 340000, 'chi', 'genrr', 1022.6261596679688, 0.4930000305175781, 101.05470061302185, '2024-07-29 14:39:29', 4, 999)
pval: [0.49300003] -- 112th test, time elapsed 101.05470061302185 -- emperical power so far (from test_start): 0.0625
db insert success
(113, 5, 0, 0.5, 340000, 'chi', 'genrr', 974.2329711914062, 0.8550000190734863, 100.90690994262695, '2024-07-29 14:41:18', 4, 999)
pval: [0.85500002] -- 113th test, time elapsed 100.90690994262695 -- emperical power so far (from test_start): 0.061946902654867256
db insert success
(114, 5, 0, 0.5, 340000, 'chi', 'genrr', 1034.6175537109375, 0.4020000100135803, 100.47231531143188, '2024-07-29 14:43:19', 4, 999)
pval: [0.40200001] -- 114th test, time elapsed 100.47231531143188 -- emperical power so far (from test_start): 0.06140350877192982
db insert success
(115, 5, 0, 0.5, 340000, 'chi', 'genrr', 1130.5465087890625, 0.010000000707805157, 100.6878752708435, '2024-07-29 14:45:12', 4, 999)
pval: [0.01] -- 115th test, time elapsed 100.6878752708435 -- emperical power so far (from test_start): 0.06956521739130435
db insert success
(116, 5, 0, 0.5, 340000, 'chi', 'genrr', 1008.8885498046875, 0.6130000352859497, 100.79479622840881, '2024-07-29 14:47:03', 4, 999)
pval: [0.61300004] -- 116th test, time elapsed 100.79479622840881 -- emperical power so far (from test_start): 0.06896551724137931
db insert success
(117, 5, 0, 0.5, 340000, 'chi', 'genrr', 1009.0674438476562, 0.609000027179718, 101.10040044784546, '2024-07-29 14:48:54', 4, 999)
pval: [0.60900003] -- 117th test, time elapsed 101.10040044784546 -- emperical power so far (from test_start): 0.06837606837606838
db insert success
(118, 5, 0, 0.5, 340000, 'chi', 'genrr', 1039.495361328125, 0.36500000953674316, 101.29814291000366, '2024-07-29 14:50:37', 4, 999)
pval: [0.36500001] -- 118th test, time elapsed 101.29814291000366 -- emperical power so far (from test_start): 0.06779661016949153
db insert success
(119, 5, 0, 0.5, 340000, 'chi', 'genrr', 1103.6866455078125, 0.03500000014901161, 100.99474549293518, '2024-07-29 14:52:21', 4, 999)
pval: [0.035] -- 119th test, time elapsed 100.99474549293518 -- emperical power so far (from test_start): 0.07563025210084033
db insert success
(120, 5, 0, 0.5, 340000, 'chi', 'genrr', 1083.5718994140625, 0.09300000220537186, 100.89929723739624, '2024-07-29 14:54:22', 4, 999)
pval: [0.093] -- 120th test, time elapsed 100.89929723739624 -- emperical power so far (from test_start): 0.075
db insert success
(121, 5, 0, 0.5, 340000, 'chi', 'genrr', 981.9136962890625, 0.8130000233650208, 100.79942870140076, '2024-07-29 14:56:17', 4, 999)
pval: [0.81300002] -- 121th test, time elapsed 100.79942870140076 -- emperical power so far (from test_start): 0.0743801652892562
db insert success
(122, 5, 0, 0.5, 340000, 'chi', 'genrr', 1009.2047729492188, 0.6300000548362732, 100.96981811523438, '2024-07-29 14:58:18', 4, 999)
pval: [0.63000005] -- 122th test, time elapsed 100.96981811523438 -- emperical power so far (from test_start): 0.07377049180327869
db insert success
(123, 5, 0, 0.5, 340000, 'chi', 'genrr', 1058.115234375, 0.22600001096725464, 100.85242748260498, '2024-07-29 15:00:18', 4, 999)
pval: [0.22600001] -- 123th test, time elapsed 100.85242748260498 -- emperical power so far (from test_start): 0.07317073170731707
db insert success
(124, 5, 0, 0.5, 340000, 'chi', 'genrr', 1075.2344970703125, 0.11600000411272049, 101.31839394569397, '2024-07-29 15:02:08', 4, 999)
pval: [0.116] -- 124th test, time elapsed 101.31839394569397 -- emperical power so far (from test_start): 0.07258064516129033
db insert success
(125, 5, 0, 0.5, 340000, 'chi', 'genrr', 995.7556762695312, 0.7270000576972961, 101.03143119812012, '2024-07-29 15:04:03', 4, 999)
pval: [0.72700006] -- 125th test, time elapsed 101.03143119812012 -- emperical power so far (from test_start): 0.072
db insert success
(126, 5, 0, 0.5, 340000, 'chi', 'genrr', 1035.568359375, 0.3840000033378601, 101.17354226112366, '2024-07-29 15:05:48', 4, 999)
pval: [0.384] -- 126th test, time elapsed 101.17354226112366 -- emperical power so far (from test_start): 0.07142857142857142
db insert success
(127, 5, 0, 0.5, 340000, 'chi', 'genrr', 1033.64208984375, 0.39100003242492676, 100.91281628608704, '2024-07-29 15:07:38', 4, 999)
pval: [0.39100003] -- 127th test, time elapsed 100.91281628608704 -- emperical power so far (from test_start): 0.07086614173228346
db insert success
(128, 5, 0, 0.5, 340000, 'chi', 'genrr', 996.5435791015625, 0.7040000557899475, 100.87281775474548, '2024-07-29 15:09:21', 4, 999)
pval: [0.70400006] -- 128th test, time elapsed 100.87281775474548 -- emperical power so far (from test_start): 0.0703125
db insert success
(129, 5, 0, 0.5, 340000, 'chi', 'genrr', 992.4956665039062, 0.7600000500679016, 100.68961024284363, '2024-07-29 15:11:07', 4, 999)
pval: [0.76000005] -- 129th test, time elapsed 100.68961024284363 -- emperical power so far (from test_start): 0.06976744186046512
db insert success
(130, 5, 0, 0.5, 340000, 'chi', 'genrr', 1082.4112548828125, 0.09200000762939453, 100.70555353164673, '2024-07-29 15:12:55', 4, 999)
pval: [0.09200001] -- 130th test, time elapsed 100.70555353164673 -- emperical power so far (from test_start): 0.06923076923076923
db insert success
(131, 5, 0, 0.5, 340000, 'chi', 'genrr', 1157.25830078125, 0.0020000000949949026, 100.81247854232788, '2024-07-29 15:14:38', 4, 999)
pval: [0.002] -- 131th test, time elapsed 100.81247854232788 -- emperical power so far (from test_start): 0.07633587786259542
db insert success
(132, 5, 0, 0.5, 340000, 'chi', 'genrr', 1108.1351318359375, 0.032999999821186066, 100.69676089286804, '2024-07-29 15:16:24', 4, 999)
pval: [0.033] -- 132th test, time elapsed 100.69676089286804 -- emperical power so far (from test_start): 0.08333333333333333
db insert success
(133, 5, 0, 0.5, 340000, 'chi', 'genrr', 1068.86279296875, 0.1680000126361847, 100.68881297111511, '2024-07-29 15:18:10', 4, 999)
pval: [0.16800001] -- 133th test, time elapsed 100.68881297111511 -- emperical power so far (from test_start): 0.08270676691729323
db insert success
(134, 5, 0, 0.5, 340000, 'chi', 'genrr', 1047.3521728515625, 0.27900001406669617, 100.94114017486572, '2024-07-29 15:20:08', 4, 999)
pval: [0.27900001] -- 134th test, time elapsed 100.94114017486572 -- emperical power so far (from test_start): 0.08208955223880597
db insert success
(135, 5, 0, 0.5, 340000, 'chi', 'genrr', 1042.716796875, 0.33100003004074097, 101.056077003479, '2024-07-29 15:22:04', 4, 999)
pval: [0.33100003] -- 135th test, time elapsed 101.056077003479 -- emperical power so far (from test_start): 0.08148148148148149
db insert success
(136, 5, 0, 0.5, 340000, 'chi', 'genrr', 998.3532104492188, 0.6880000233650208, 100.85807847976685, '2024-07-29 15:24:02', 4, 999)
pval: [0.68800002] -- 136th test, time elapsed 100.85807847976685 -- emperical power so far (from test_start): 0.08088235294117647
db insert success
(137, 5, 0, 0.5, 340000, 'chi', 'genrr', 1073.8597412109375, 0.1300000101327896, 100.93133664131165, '2024-07-29 15:25:47', 4, 999)
pval: [0.13000001] -- 137th test, time elapsed 100.93133664131165 -- emperical power so far (from test_start): 0.08029197080291971
db insert success
(138, 5, 0, 0.5, 340000, 'chi', 'genrr', 1031.060546875, 0.4130000174045563, 100.93719387054443, '2024-07-29 15:27:30', 4, 999)
pval: [0.41300002] -- 138th test, time elapsed 100.93719387054443 -- emperical power so far (from test_start): 0.07971014492753623
db insert success
(139, 5, 0, 0.5, 340000, 'chi', 'genrr', 1096.5631103515625, 0.06300000101327896, 100.93025732040405, '2024-07-29 15:29:31', 4, 999)
pval: [0.063] -- 139th test, time elapsed 100.93025732040405 -- emperical power so far (from test_start): 0.07913669064748201
db insert success
(140, 5, 0, 0.5, 340000, 'chi', 'genrr', 1043.3172607421875, 0.2850000262260437, 100.65441298484802, '2024-07-29 15:31:20', 4, 999)
pval: [0.28500003] -- 140th test, time elapsed 100.65441298484802 -- emperical power so far (from test_start): 0.07857142857142857
db insert success
(141, 5, 0, 0.5, 340000, 'chi', 'genrr', 1055.3253173828125, 0.24800001084804535, 101.49761486053467, '2024-07-29 15:33:11', 4, 999)
pval: [0.24800001] -- 141th test, time elapsed 101.49761486053467 -- emperical power so far (from test_start): 0.07801418439716312
db insert success
(142, 5, 0, 0.5, 340000, 'chi', 'genrr', 1024.9661865234375, 0.484000027179718, 100.83079195022583, '2024-07-29 15:34:57', 4, 999)
pval: [0.48400003] -- 142th test, time elapsed 100.83079195022583 -- emperical power so far (from test_start): 0.07746478873239436
db insert success
(143, 5, 0, 0.5, 340000, 'chi', 'genrr', 986.1128540039062, 0.8030000329017639, 100.7881178855896, '2024-07-29 15:36:54', 4, 999)
pval: [0.80300003] -- 143th test, time elapsed 100.7881178855896 -- emperical power so far (from test_start): 0.07692307692307693
db insert success
(144, 5, 0, 0.5, 340000, 'chi', 'genrr', 1094.772216796875, 0.07100000232458115, 100.57255244255066, '2024-07-29 15:38:40', 4, 999)
pval: [0.071] -- 144th test, time elapsed 100.57255244255066 -- emperical power so far (from test_start): 0.0763888888888889
db insert success
(145, 5, 0, 0.5, 340000, 'chi', 'genrr', 1019.1098022460938, 0.5260000228881836, 100.61369323730469, '2024-07-29 15:40:37', 4, 999)
pval: [0.52600002] -- 145th test, time elapsed 100.61369323730469 -- emperical power so far (from test_start): 0.07586206896551724
db insert success
(146, 5, 0, 0.5, 340000, 'chi', 'genrr', 996.2691040039062, 0.7310000061988831, 100.64502167701721, '2024-07-29 15:42:32', 4, 999)
pval: [0.73100001] -- 146th test, time elapsed 100.64502167701721 -- emperical power so far (from test_start): 0.07534246575342465
db insert success
(147, 5, 0, 0.5, 340000, 'chi', 'genrr', 1031.4981689453125, 0.39500001072883606, 100.80124115943909, '2024-07-29 15:44:31', 4, 999)
pval: [0.39500001] -- 147th test, time elapsed 100.80124115943909 -- emperical power so far (from test_start): 0.07482993197278912
db insert success
(148, 5, 0, 0.5, 340000, 'chi', 'genrr', 1095.3121337890625, 0.05900000408291817, 100.94253396987915, '2024-07-29 15:46:29', 4, 999)
pval: [0.059] -- 148th test, time elapsed 100.94253396987915 -- emperical power so far (from test_start): 0.07432432432432433
db insert success
(149, 5, 0, 0.5, 340000, 'chi', 'genrr', 1060.6422119140625, 0.20600001513957977, 100.91964960098267, '2024-07-29 15:48:14', 4, 999)
pval: [0.20600002] -- 149th test, time elapsed 100.91964960098267 -- emperical power so far (from test_start): 0.0738255033557047
db insert success
(150, 5, 0, 0.5, 340000, 'chi', 'genrr', 1048.0902099609375, 0.2930000126361847, 100.94862675666809, '2024-07-29 15:50:02', 4, 999)
pval: [0.29300001] -- 150th test, time elapsed 100.94862675666809 -- emperical power so far (from test_start): 0.07333333333333333
db insert success
(151, 5, 0, 0.5, 340000, 'chi', 'genrr', 1032.957275390625, 0.40300002694129944, 100.95520281791687, '2024-07-29 15:51:56', 4, 999)
pval: [0.40300003] -- 151th test, time elapsed 100.95520281791687 -- emperical power so far (from test_start): 0.0728476821192053
db insert success
(152, 5, 0, 0.5, 340000, 'chi', 'genrr', 953.0867309570312, 0.9350000619888306, 101.12329077720642, '2024-07-29 15:53:47', 4, 999)
pval: [0.93500006] -- 152th test, time elapsed 101.12329077720642 -- emperical power so far (from test_start): 0.07236842105263158
db insert success
(153, 5, 0, 0.5, 340000, 'chi', 'genrr', 1131.256103515625, 0.010000000707805157, 101.48171377182007, '2024-07-29 15:55:32', 4, 999)
pval: [0.01] -- 153th test, time elapsed 101.48171377182007 -- emperical power so far (from test_start): 0.0784313725490196
db insert success
(154, 5, 0, 0.5, 340000, 'chi', 'genrr', 1026.295654296875, 0.46800002455711365, 101.25659322738647, '2024-07-29 15:57:27', 4, 999)
pval: [0.46800002] -- 154th test, time elapsed 101.25659322738647 -- emperical power so far (from test_start): 0.07792207792207792
db insert success
(155, 5, 0, 0.5, 340000, 'chi', 'genrr', 1020.4158325195312, 0.5139999985694885, 101.18896245956421, '2024-07-29 15:59:18', 4, 999)
pval: [0.514] -- 155th test, time elapsed 101.18896245956421 -- emperical power so far (from test_start): 0.07741935483870968
db insert success
(156, 5, 0, 0.5, 340000, 'chi', 'genrr', 1042.8563232421875, 0.35600000619888306, 100.1510739326477, '2024-07-29 16:01:15', 4, 999)
pval: [0.35600001] -- 156th test, time elapsed 100.1510739326477 -- emperical power so far (from test_start): 0.07692307692307693
db insert success
(157, 5, 0, 0.5, 340000, 'chi', 'genrr', 974.9379272460938, 0.8640000224113464, 101.24176025390625, '2024-07-29 16:03:09', 4, 999)
pval: [0.86400002] -- 157th test, time elapsed 101.24176025390625 -- emperical power so far (from test_start): 0.07643312101910828
db insert success
(158, 5, 0, 0.5, 340000, 'chi', 'genrr', 972.6119384765625, 0.8610000610351562, 101.0678141117096, '2024-07-29 16:04:59', 4, 999)
pval: [0.86100006] -- 158th test, time elapsed 101.0678141117096 -- emperical power so far (from test_start): 0.0759493670886076
db insert success
(159, 5, 0, 0.5, 340000, 'chi', 'genrr', 1027.056884765625, 0.48500001430511475, 101.15000677108765, '2024-07-29 16:06:50', 4, 999)
pval: [0.48500001] -- 159th test, time elapsed 101.15000677108765 -- emperical power so far (from test_start): 0.07547169811320754
db insert success
(160, 5, 0, 0.5, 340000, 'chi', 'genrr', 1020.7169799804688, 0.5480000376701355, 101.03769612312317, '2024-07-29 16:08:44', 4, 999)
pval: [0.54800004] -- 160th test, time elapsed 101.03769612312317 -- emperical power so far (from test_start): 0.075
db insert success
(161, 5, 0, 0.5, 340000, 'chi', 'genrr', 1028.2435302734375, 0.4320000112056732, 101.02015995979309, '2024-07-29 16:10:43', 4, 999)
pval: [0.43200001] -- 161th test, time elapsed 101.02015995979309 -- emperical power so far (from test_start): 0.07453416149068323
db insert success
(162, 5, 0, 0.5, 340000, 'chi', 'genrr', 1086.3372802734375, 0.0690000057220459, 100.98251366615295, '2024-07-29 16:12:40', 4, 999)
pval: [0.06900001] -- 162th test, time elapsed 100.98251366615295 -- emperical power so far (from test_start): 0.07407407407407407
db insert success
(163, 5, 0, 0.5, 340000, 'chi', 'genrr', 1074.617919921875, 0.11900000274181366, 100.91330003738403, '2024-07-29 16:14:35', 4, 999)
pval: [0.119] -- 163th test, time elapsed 100.91330003738403 -- emperical power so far (from test_start): 0.0736196319018405
db insert success
(164, 5, 0, 0.5, 340000, 'chi', 'genrr', 964.51953125, 0.8970000147819519, 101.21510481834412, '2024-07-29 16:16:29', 4, 999)
pval: [0.89700001] -- 164th test, time elapsed 101.21510481834412 -- emperical power so far (from test_start): 0.07317073170731707
db insert success
(165, 5, 0, 0.5, 340000, 'chi', 'genrr', 977.0991821289062, 0.8500000238418579, 101.20685005187988, '2024-07-29 16:18:13', 4, 999)
pval: [0.85000002] -- 165th test, time elapsed 101.20685005187988 -- emperical power so far (from test_start): 0.07272727272727272
db insert success
(166, 5, 0, 0.5, 340000, 'chi', 'genrr', 1011.5130004882812, 0.5870000123977661, 100.85310316085815, '2024-07-29 16:20:02', 4, 999)
pval: [0.58700001] -- 166th test, time elapsed 100.85310316085815 -- emperical power so far (from test_start): 0.07228915662650602
db insert success
(167, 5, 0, 0.5, 340000, 'chi', 'genrr', 993.5623168945312, 0.7440000176429749, 100.98403263092041, '2024-07-29 16:21:53', 4, 999)
pval: [0.74400002] -- 167th test, time elapsed 100.98403263092041 -- emperical power so far (from test_start): 0.0718562874251497
db insert success
(168, 5, 0, 0.5, 340000, 'chi', 'genrr', 954.7977294921875, 0.9390000700950623, 101.05268669128418, '2024-07-29 16:23:40', 4, 999)
pval: [0.93900007] -- 168th test, time elapsed 101.05268669128418 -- emperical power so far (from test_start): 0.07142857142857142
db insert success
(169, 5, 0, 0.5, 340000, 'chi', 'genrr', 1019.253662109375, 0.5540000200271606, 101.0893805027008, '2024-07-29 16:25:22', 4, 999)
pval: [0.55400002] -- 169th test, time elapsed 101.0893805027008 -- emperical power so far (from test_start): 0.07100591715976332
db insert success
(170, 5, 0, 0.5, 340000, 'chi', 'genrr', 1118.7584228515625, 0.015000000596046448, 101.01441621780396, '2024-07-29 16:27:08', 4, 999)
pval: [0.015] -- 170th test, time elapsed 101.01441621780396 -- emperical power so far (from test_start): 0.07647058823529412
db insert success
(171, 5, 0, 0.5, 340000, 'chi', 'genrr', 1022.2689819335938, 0.5020000338554382, 100.99991655349731, '2024-07-29 16:29:03', 4, 999)
pval: [0.50200003] -- 171th test, time elapsed 100.99991655349731 -- emperical power so far (from test_start): 0.07602339181286549
db insert success
(172, 5, 0, 0.5, 340000, 'chi', 'genrr', 1067.1234130859375, 0.18200001120567322, 100.87299251556396, '2024-07-29 16:30:57', 4, 999)
pval: [0.18200001] -- 172th test, time elapsed 100.87299251556396 -- emperical power so far (from test_start): 0.0755813953488372
db insert success
(173, 5, 0, 0.5, 340000, 'chi', 'genrr', 988.5101318359375, 0.753000020980835, 101.14950323104858, '2024-07-29 16:32:49', 4, 999)
pval: [0.75300002] -- 173th test, time elapsed 101.14950323104858 -- emperical power so far (from test_start): 0.07514450867052024
db insert success
(174, 5, 0, 0.5, 340000, 'chi', 'genrr', 1000.935302734375, 0.6930000185966492, 101.01567435264587, '2024-07-29 16:34:36', 4, 999)
pval: [0.69300002] -- 174th test, time elapsed 101.01567435264587 -- emperical power so far (from test_start): 0.07471264367816093
db insert success
(175, 5, 0, 0.5, 340000, 'chi', 'genrr', 981.6087646484375, 0.7970000505447388, 101.00705933570862, '2024-07-29 16:36:36', 4, 999)
pval: [0.79700005] -- 175th test, time elapsed 101.00705933570862 -- emperical power so far (from test_start): 0.07428571428571429
db insert success
(176, 5, 0, 0.5, 340000, 'chi', 'genrr', 1028.2830810546875, 0.47600001096725464, 100.99740147590637, '2024-07-29 16:38:34', 4, 999)
pval: [0.47600001] -- 176th test, time elapsed 100.99740147590637 -- emperical power so far (from test_start): 0.07386363636363637
db insert success
(177, 5, 0, 0.5, 340000, 'chi', 'genrr', 1042.5009765625, 0.33400002121925354, 101.06039118766785, '2024-07-29 16:40:23', 4, 999)
pval: [0.33400002] -- 177th test, time elapsed 101.06039118766785 -- emperical power so far (from test_start): 0.07344632768361582
db insert success
(178, 5, 0, 0.5, 340000, 'chi', 'genrr', 972.9425659179688, 0.8720000386238098, 100.87380313873291, '2024-07-29 16:42:19', 4, 999)
pval: [0.87200004] -- 178th test, time elapsed 100.87380313873291 -- emperical power so far (from test_start): 0.07303370786516854
db insert success
(179, 5, 0, 0.5, 340000, 'chi', 'genrr', 1036.5362548828125, 0.38700002431869507, 100.92216444015503, '2024-07-29 16:44:11', 4, 999)
pval: [0.38700002] -- 179th test, time elapsed 100.92216444015503 -- emperical power so far (from test_start): 0.07262569832402235
db insert success
(180, 5, 0, 0.5, 340000, 'chi', 'genrr', 1041.2816162109375, 0.3320000171661377, 100.85602402687073, '2024-07-29 16:46:12', 4, 999)
pval: [0.33200002] -- 180th test, time elapsed 100.85602402687073 -- emperical power so far (from test_start): 0.07222222222222222
db insert success
(181, 5, 0, 0.5, 340000, 'chi', 'genrr', 1032.0811767578125, 0.42500001192092896, 101.10008454322815, '2024-07-29 16:48:07', 4, 999)
pval: [0.42500001] -- 181th test, time elapsed 101.10008454322815 -- emperical power so far (from test_start): 0.0718232044198895
db insert success
(182, 5, 0, 0.5, 340000, 'chi', 'genrr', 1018.5857543945312, 0.5420000553131104, 101.1148681640625, '2024-07-29 16:50:00', 4, 999)
pval: [0.54200006] -- 182th test, time elapsed 101.1148681640625 -- emperical power so far (from test_start): 0.07142857142857142
db insert success
(183, 5, 0, 0.5, 340000, 'chi', 'genrr', 1109.8902587890625, 0.020000001415610313, 100.93143939971924, '2024-07-29 16:51:49', 4, 999)
pval: [0.02] -- 183th test, time elapsed 100.93143939971924 -- emperical power so far (from test_start): 0.07650273224043716
db insert success
(184, 5, 0, 0.5, 340000, 'chi', 'genrr', 997.4065551757812, 0.7200000286102295, 100.99388003349304, '2024-07-29 16:53:51', 4, 999)
pval: [0.72000003] -- 184th test, time elapsed 100.99388003349304 -- emperical power so far (from test_start): 0.07608695652173914
db insert success
(185, 5, 0, 0.5, 340000, 'chi', 'genrr', 1036.4437255859375, 0.3680000305175781, 101.58275938034058, '2024-07-29 16:55:50', 4, 999)
pval: [0.36800003] -- 185th test, time elapsed 101.58275938034058 -- emperical power so far (from test_start): 0.07567567567567568
db insert success
(186, 5, 0, 0.5, 340000, 'chi', 'genrr', 1072.155517578125, 0.12400000542402267, 101.60644245147705, '2024-07-29 16:57:52', 4, 999)
pval: [0.12400001] -- 186th test, time elapsed 101.60644245147705 -- emperical power so far (from test_start): 0.07526881720430108
db insert success
(187, 5, 0, 0.5, 340000, 'chi', 'genrr', 1037.7132568359375, 0.3360000252723694, 100.97924637794495, '2024-07-29 16:59:47', 4, 999)
pval: [0.33600003] -- 187th test, time elapsed 100.97924637794495 -- emperical power so far (from test_start): 0.0748663101604278
db insert success
(188, 5, 0, 0.5, 340000, 'chi', 'genrr', 1027.1456298828125, 0.4400000274181366, 100.35283851623535, '2024-07-29 17:01:37', 4, 999)
pval: [0.44000003] -- 188th test, time elapsed 100.35283851623535 -- emperical power so far (from test_start): 0.07446808510638298
db insert success
(189, 5, 0, 0.5, 340000, 'chi', 'genrr', 1056.408447265625, 0.23800000548362732, 100.99958562850952, '2024-07-29 17:03:27', 4, 999)
pval: [0.23800001] -- 189th test, time elapsed 100.99958562850952 -- emperical power so far (from test_start): 0.07407407407407407
db insert success
(190, 5, 0, 0.5, 340000, 'chi', 'genrr', 991.282958984375, 0.7540000081062317, 101.05398106575012, '2024-07-29 17:05:11', 4, 999)
pval: [0.75400001] -- 190th test, time elapsed 101.05398106575012 -- emperical power so far (from test_start): 0.07368421052631578
db insert success
(191, 5, 0, 0.5, 340000, 'chi', 'genrr', 938.861083984375, 0.9720000624656677, 101.14825105667114, '2024-07-29 17:07:10', 4, 999)
pval: [0.97200006] -- 191th test, time elapsed 101.14825105667114 -- emperical power so far (from test_start): 0.07329842931937172
db insert success
(192, 5, 0, 0.5, 340000, 'chi', 'genrr', 1040.458740234375, 0.3530000150203705, 101.23421096801758, '2024-07-29 17:09:05', 4, 999)
pval: [0.35300002] -- 192th test, time elapsed 101.23421096801758 -- emperical power so far (from test_start): 0.07291666666666667
db insert success
(193, 5, 0, 0.5, 340000, 'chi', 'genrr', 1107.39892578125, 0.036000002175569534, 101.43581295013428, '2024-07-29 17:10:48', 4, 999)
pval: [0.036] -- 193th test, time elapsed 101.43581295013428 -- emperical power so far (from test_start): 0.07772020725388601
db insert success
(194, 5, 0, 0.5, 340000, 'chi', 'genrr', 1047.8720703125, 0.31200000643730164, 100.84494209289551, '2024-07-29 17:12:39', 4, 999)
pval: [0.31200001] -- 194th test, time elapsed 100.84494209289551 -- emperical power so far (from test_start): 0.07731958762886598
db insert success
(195, 5, 0, 0.5, 340000, 'chi', 'genrr', 1058.3685302734375, 0.22500000894069672, 101.0001392364502, '2024-07-29 17:14:22', 4, 999)
pval: [0.22500001] -- 195th test, time elapsed 101.0001392364502 -- emperical power so far (from test_start): 0.07692307692307693
db insert success
(196, 5, 0, 0.5, 340000, 'chi', 'genrr', 979.3322143554688, 0.8260000348091125, 101.14208221435547, '2024-07-29 17:16:19', 4, 999)
pval: [0.82600003] -- 196th test, time elapsed 101.14208221435547 -- emperical power so far (from test_start): 0.07653061224489796
db insert success
(197, 5, 0, 0.5, 340000, 'chi', 'genrr', 972.2847900390625, 0.9020000696182251, 101.19036793708801, '2024-07-29 17:18:04', 4, 999)
pval: [0.90200007] -- 197th test, time elapsed 101.19036793708801 -- emperical power so far (from test_start): 0.07614213197969544
db insert success
(198, 5, 0, 0.5, 340000, 'chi', 'genrr', 997.9384155273438, 0.6940000057220459, 101.06357455253601, '2024-07-29 17:19:47', 4, 999)
pval: [0.69400001] -- 198th test, time elapsed 101.06357455253601 -- emperical power so far (from test_start): 0.07575757575757576
db insert success
(199, 5, 0, 0.5, 340000, 'chi', 'genrr', 1130.36669921875, 0.013000000268220901, 100.9143602848053, '2024-07-29 17:21:43', 4, 999)
pval: [0.013] -- 199th test, time elapsed 100.9143602848053 -- emperical power so far (from test_start): 0.08040201005025126
db insert success
(200, 5, 0, 0.5, 340000, 'chi', 'genrr', 1034.84912109375, 0.39900001883506775, 100.90318727493286, '2024-07-29 17:23:29', 4, 999)
pval: [0.39900002] -- 200th test, time elapsed 100.90318727493286 -- emperical power so far (from test_start): 0.08
db insert success
22344.81619977951
