bitflipprojchi, alpha=1, sample size=180000
#########################################
tensor(0.3775)
tensor(0.3775)
(1, 5, 0, 1, 180000, 'projchi', 'bitflip', 1203.60888671875, 0.0010000000474974513, 71.41848921775818, '2024-07-28 14:54:07', 4, 999)
pval: [0.001] -- 1th test, time elapsed 71.41848921775818 -- emperical power so far (from test_start): 1.0
db insert success
tensor(0.3775)
tensor(0.3775)
(2, 5, 0, 1, 180000, 'projchi', 'bitflip', 1137.46142578125, 0.01100000087171793, 70.90452241897583, '2024-07-28 14:55:39', 4, 999)
pval: [0.011] -- 2th test, time elapsed 70.90452241897583 -- emperical power so far (from test_start): 1.0
db insert success
tensor(0.3775)
tensor(0.3775)
(3, 5, 0, 1, 180000, 'projchi', 'bitflip', 1199.63720703125, 0.0010000000474974513, 70.91840553283691, '2024-07-28 14:57:03', 4, 999)
pval: [0.001] -- 3th test, time elapsed 70.91840553283691 -- emperical power so far (from test_start): 1.0
db insert success
tensor(0.3775)
tensor(0.3775)
(4, 5, 0, 1, 180000, 'projchi', 'bitflip', 1155.9874267578125, 0.005000000353902578, 70.89491653442383, '2024-07-28 14:58:26', 4, 999)
pval: [0.005] -- 4th test, time elapsed 70.89491653442383 -- emperical power so far (from test_start): 1.0
db insert success
tensor(0.3775)
tensor(0.3775)
(5, 5, 0, 1, 180000, 'projchi', 'bitflip', 1131.3040771484375, 0.012000000104308128, 70.90510535240173, '2024-07-28 14:59:46', 4, 999)
pval: [0.012] -- 5th test, time elapsed 70.90510535240173 -- emperical power so far (from test_start): 1.0
db insert success
tensor(0.3775)
tensor(0.3775)
(6, 5, 0, 1, 180000, 'projchi', 'bitflip', 1153.4268798828125, 0.003000000026077032, 70.93257260322571, '2024-07-28 15:01:00', 4, 999)
pval: [0.003] -- 6th test, time elapsed 70.93257260322571 -- emperical power so far (from test_start): 1.0
db insert success
tensor(0.3775)
tensor(0.3775)
(7, 5, 0, 1, 180000, 'projchi', 'bitflip', 1233.3233642578125, 0.0010000000474974513, 70.93806529045105, '2024-07-28 15:02:12', 4, 999)
pval: [0.001] -- 7th test, time elapsed 70.93806529045105 -- emperical power so far (from test_start): 1.0
db insert success
tensor(0.3775)
tensor(0.3775)
(8, 5, 0, 1, 180000, 'projchi', 'bitflip', 1195.0286865234375, 0.0010000000474974513, 71.11845135688782, '2024-07-28 15:03:25', 4, 999)
pval: [0.001] -- 8th test, time elapsed 71.11845135688782 -- emperical power so far (from test_start): 1.0
db insert success
tensor(0.3775)
tensor(0.3775)
(9, 5, 0, 1, 180000, 'projchi', 'bitflip', 1186.868896484375, 0.0020000000949949026, 71.8348331451416, '2024-07-28 15:04:53', 4, 999)
pval: [0.002] -- 9th test, time elapsed 71.8348331451416 -- emperical power so far (from test_start): 1.0
db insert success
tensor(0.3775)
tensor(0.3775)
(10, 5, 0, 1, 180000, 'projchi', 'bitflip', 1121.077880859375, 0.01900000125169754, 71.81334972381592, '2024-07-28 15:06:17', 4, 999)
pval: [0.019] -- 10th test, time elapsed 71.81334972381592 -- emperical power so far (from test_start): 1.0
db insert success
tensor(0.3775)
tensor(0.3775)
(11, 5, 0, 1, 180000, 'projchi', 'bitflip', 1245.72412109375, 0.0010000000474974513, 71.81827092170715, '2024-07-28 15:07:45', 4, 999)
pval: [0.001] -- 11th test, time elapsed 71.81827092170715 -- emperical power so far (from test_start): 1.0
db insert success
tensor(0.3775)
tensor(0.3775)
(12, 5, 0, 1, 180000, 'projchi', 'bitflip', 1168.2718505859375, 0.0020000000949949026, 72.03095269203186, '2024-07-28 15:09:17', 4, 999)
pval: [0.002] -- 12th test, time elapsed 72.03095269203186 -- emperical power so far (from test_start): 1.0
db insert success
tensor(0.3775)
tensor(0.3775)
(13, 5, 0, 1, 180000, 'projchi', 'bitflip', 1190.344970703125, 0.0010000000474974513, 71.80330872535706, '2024-07-28 15:10:49', 4, 999)
pval: [0.001] -- 13th test, time elapsed 71.80330872535706 -- emperical power so far (from test_start): 1.0
db insert success
tensor(0.3775)
tensor(0.3775)
(14, 5, 0, 1, 180000, 'projchi', 'bitflip', 1210.4315185546875, 0.0010000000474974513, 71.98395109176636, '2024-07-28 15:12:13', 4, 999)
pval: [0.001] -- 14th test, time elapsed 71.98395109176636 -- emperical power so far (from test_start): 1.0
db insert success
tensor(0.3775)
tensor(0.3775)
(15, 5, 0, 1, 180000, 'projchi', 'bitflip', 1126.47705078125, 0.007000000216066837, 73.46152901649475, '2024-07-28 15:13:38', 4, 999)
pval: [0.007] -- 15th test, time elapsed 73.46152901649475 -- emperical power so far (from test_start): 1.0
db insert success
tensor(0.3775)
tensor(0.3775)
(16, 5, 0, 1, 180000, 'projchi', 'bitflip', 1154.2264404296875, 0.005000000353902578, 73.42510461807251, '2024-07-28 15:15:03', 4, 999)
pval: [0.005] -- 16th test, time elapsed 73.42510461807251 -- emperical power so far (from test_start): 1.0
db insert success
tensor(0.3775)
tensor(0.3775)
(17, 5, 0, 1, 180000, 'projchi', 'bitflip', 1068.715087890625, 0.16900001466274261, 73.53593373298645, '2024-07-28 15:16:29', 4, 999)
pval: [0.16900001] -- 17th test, time elapsed 73.53593373298645 -- emperical power so far (from test_start): 0.9411764705882353
db insert success
tensor(0.3775)
tensor(0.3775)
(18, 5, 0, 1, 180000, 'projchi', 'bitflip', 1204.554443359375, 0.0010000000474974513, 73.39921140670776, '2024-07-28 15:17:47', 4, 999)
pval: [0.001] -- 18th test, time elapsed 73.39921140670776 -- emperical power so far (from test_start): 0.9444444444444444
db insert success
tensor(0.3775)
tensor(0.3775)
(19, 5, 0, 1, 180000, 'projchi', 'bitflip', 1136.224853515625, 0.004000000189989805, 73.56895232200623, '2024-07-28 15:19:07', 4, 999)
pval: [0.004] -- 19th test, time elapsed 73.56895232200623 -- emperical power so far (from test_start): 0.9473684210526315
db insert success
tensor(0.3775)
tensor(0.3775)
(20, 5, 0, 1, 180000, 'projchi', 'bitflip', 1076.2178955078125, 0.1210000067949295, 73.68725061416626, '2024-07-28 15:20:33', 4, 999)
pval: [0.12100001] -- 20th test, time elapsed 73.68725061416626 -- emperical power so far (from test_start): 0.9
db insert success
tensor(0.3775)
tensor(0.3775)
(21, 5, 0, 1, 180000, 'projchi', 'bitflip', 1310.989990234375, 0.0010000000474974513, 73.6737174987793, '2024-07-28 15:21:50', 4, 999)
pval: [0.001] -- 21th test, time elapsed 73.6737174987793 -- emperical power so far (from test_start): 0.9047619047619048
db insert success
tensor(0.3775)
tensor(0.3775)
(22, 5, 0, 1, 180000, 'projchi', 'bitflip', 1211.1317138671875, 0.0010000000474974513, 73.75631284713745, '2024-07-28 15:23:18', 4, 999)
pval: [0.001] -- 22th test, time elapsed 73.75631284713745 -- emperical power so far (from test_start): 0.9090909090909091
db insert success
tensor(0.3775)
tensor(0.3775)
(23, 5, 0, 1, 180000, 'projchi', 'bitflip', 1153.147705078125, 0.005000000353902578, 73.82729506492615, '2024-07-28 15:24:49', 4, 999)
pval: [0.005] -- 23th test, time elapsed 73.82729506492615 -- emperical power so far (from test_start): 0.9130434782608695
db insert success
tensor(0.3775)
tensor(0.3775)
(24, 5, 0, 1, 180000, 'projchi', 'bitflip', 1238.2470703125, 0.0010000000474974513, 73.90913653373718, '2024-07-28 15:26:23', 4, 999)
pval: [0.001] -- 24th test, time elapsed 73.90913653373718 -- emperical power so far (from test_start): 0.9166666666666666
db insert success
tensor(0.3775)
tensor(0.3775)
(25, 5, 0, 1, 180000, 'projchi', 'bitflip', 1155.4608154296875, 0.004000000189989805, 73.81002950668335, '2024-07-28 15:27:41', 4, 999)
pval: [0.004] -- 25th test, time elapsed 73.81002950668335 -- emperical power so far (from test_start): 0.92
db insert success
tensor(0.3775)
tensor(0.3775)
(26, 5, 0, 1, 180000, 'projchi', 'bitflip', 1170.9364013671875, 0.0010000000474974513, 73.86913752555847, '2024-07-28 15:29:00', 4, 999)
pval: [0.001] -- 26th test, time elapsed 73.86913752555847 -- emperical power so far (from test_start): 0.9230769230769231
db insert success
tensor(0.3775)
tensor(0.3775)
(27, 5, 0, 1, 180000, 'projchi', 'bitflip', 1194.5428466796875, 0.0010000000474974513, 73.93071150779724, '2024-07-28 15:30:23', 4, 999)
pval: [0.001] -- 27th test, time elapsed 73.93071150779724 -- emperical power so far (from test_start): 0.9259259259259259
db insert success
tensor(0.3775)
tensor(0.3775)
(28, 5, 0, 1, 180000, 'projchi', 'bitflip', 1144.2791748046875, 0.009000000543892384, 73.8766393661499, '2024-07-28 15:31:49', 4, 999)
pval: [0.009] -- 28th test, time elapsed 73.8766393661499 -- emperical power so far (from test_start): 0.9285714285714286
db insert success
tensor(0.3775)
tensor(0.3775)
(29, 5, 0, 1, 180000, 'projchi', 'bitflip', 1159.8468017578125, 0.0010000000474974513, 73.86973404884338, '2024-07-28 15:33:10', 4, 999)
pval: [0.001] -- 29th test, time elapsed 73.86973404884338 -- emperical power so far (from test_start): 0.9310344827586207
db insert success
tensor(0.3775)
tensor(0.3775)
(30, 5, 0, 1, 180000, 'projchi', 'bitflip', 1252.823486328125, 0.0010000000474974513, 73.90002131462097, '2024-07-28 15:34:40', 4, 999)
pval: [0.001] -- 30th test, time elapsed 73.90002131462097 -- emperical power so far (from test_start): 0.9333333333333333
db insert success
tensor(0.3775)
tensor(0.3775)
(31, 5, 0, 1, 180000, 'projchi', 'bitflip', 1266.54345703125, 0.0010000000474974513, 73.96605443954468, '2024-07-28 15:36:02', 4, 999)
pval: [0.001] -- 31th test, time elapsed 73.96605443954468 -- emperical power so far (from test_start): 0.9354838709677419
db insert success
tensor(0.3775)
tensor(0.3775)
(32, 5, 0, 1, 180000, 'projchi', 'bitflip', 1222.524169921875, 0.0010000000474974513, 73.88123488426208, '2024-07-28 15:37:29', 4, 999)
pval: [0.001] -- 32th test, time elapsed 73.88123488426208 -- emperical power so far (from test_start): 0.9375
db insert success
tensor(0.3775)
tensor(0.3775)
(33, 5, 0, 1, 180000, 'projchi', 'bitflip', 1132.4688720703125, 0.013000000268220901, 73.9500663280487, '2024-07-28 15:38:59', 4, 999)
pval: [0.013] -- 33th test, time elapsed 73.9500663280487 -- emperical power so far (from test_start): 0.9393939393939394
db insert success
tensor(0.3775)
tensor(0.3775)
(34, 5, 0, 1, 180000, 'projchi', 'bitflip', 1134.5462646484375, 0.013000000268220901, 73.9752779006958, '2024-07-28 15:40:30', 4, 999)
pval: [0.013] -- 34th test, time elapsed 73.9752779006958 -- emperical power so far (from test_start): 0.9411764705882353
db insert success
tensor(0.3775)
tensor(0.3775)
(35, 5, 0, 1, 180000, 'projchi', 'bitflip', 1169.119873046875, 0.0020000000949949026, 73.98686456680298, '2024-07-28 15:41:46', 4, 999)
pval: [0.002] -- 35th test, time elapsed 73.98686456680298 -- emperical power so far (from test_start): 0.9428571428571428
db insert success
tensor(0.3775)
tensor(0.3775)
(36, 5, 0, 1, 180000, 'projchi', 'bitflip', 1205.598388671875, 0.0010000000474974513, 73.91084957122803, '2024-07-28 15:43:10', 4, 999)
pval: [0.001] -- 36th test, time elapsed 73.91084957122803 -- emperical power so far (from test_start): 0.9444444444444444
db insert success
tensor(0.3775)
tensor(0.3775)
(37, 5, 0, 1, 180000, 'projchi', 'bitflip', 1141.705322265625, 0.007000000216066837, 74.07169032096863, '2024-07-28 15:44:41', 4, 999)
pval: [0.007] -- 37th test, time elapsed 74.07169032096863 -- emperical power so far (from test_start): 0.9459459459459459
db insert success
tensor(0.3775)
tensor(0.3775)
(38, 5, 0, 1, 180000, 'projchi', 'bitflip', 1138.7967529296875, 0.010000000707805157, 73.87310242652893, '2024-07-28 15:46:07', 4, 999)
pval: [0.01] -- 38th test, time elapsed 73.87310242652893 -- emperical power so far (from test_start): 0.9473684210526315
db insert success
tensor(0.3775)
tensor(0.3775)
(39, 5, 0, 1, 180000, 'projchi', 'bitflip', 1231.4869384765625, 0.0010000000474974513, 74.00233221054077, '2024-07-28 15:47:27', 4, 999)
pval: [0.001] -- 39th test, time elapsed 74.00233221054077 -- emperical power so far (from test_start): 0.9487179487179487
db insert success
tensor(0.3775)
tensor(0.3775)
(40, 5, 0, 1, 180000, 'projchi', 'bitflip', 1059.657470703125, 0.21300001442432404, 74.07722115516663, '2024-07-28 15:48:58', 4, 999)
pval: [0.21300001] -- 40th test, time elapsed 74.07722115516663 -- emperical power so far (from test_start): 0.925
db insert success
tensor(0.3775)
tensor(0.3775)
(41, 5, 0, 1, 180000, 'projchi', 'bitflip', 1302.589111328125, 0.0010000000474974513, 73.98373532295227, '2024-07-28 15:50:17', 4, 999)
pval: [0.001] -- 41th test, time elapsed 73.98373532295227 -- emperical power so far (from test_start): 0.926829268292683
db insert success
tensor(0.3775)
tensor(0.3775)
(42, 5, 0, 1, 180000, 'projchi', 'bitflip', 1196.4677734375, 0.0010000000474974513, 74.0178484916687, '2024-07-28 15:51:40', 4, 999)
pval: [0.001] -- 42th test, time elapsed 74.0178484916687 -- emperical power so far (from test_start): 0.9285714285714286
db insert success
tensor(0.3775)
tensor(0.3775)
(43, 5, 0, 1, 180000, 'projchi', 'bitflip', 1253.8524169921875, 0.0010000000474974513, 74.10855507850647, '2024-07-28 15:53:10', 4, 999)
pval: [0.001] -- 43th test, time elapsed 74.10855507850647 -- emperical power so far (from test_start): 0.9302325581395349
db insert success
tensor(0.3775)
tensor(0.3775)
(44, 5, 0, 1, 180000, 'projchi', 'bitflip', 1158.60888671875, 0.006000000052154064, 74.02982831001282, '2024-07-28 15:54:45', 4, 999)
pval: [0.006] -- 44th test, time elapsed 74.02982831001282 -- emperical power so far (from test_start): 0.9318181818181818
db insert success
tensor(0.3775)
tensor(0.3775)
(45, 5, 0, 1, 180000, 'projchi', 'bitflip', 1165.875, 0.003000000026077032, 73.98893666267395, '2024-07-28 15:56:06', 4, 999)
pval: [0.003] -- 45th test, time elapsed 73.98893666267395 -- emperical power so far (from test_start): 0.9333333333333333
db insert success
tensor(0.3775)
tensor(0.3775)
(46, 5, 0, 1, 180000, 'projchi', 'bitflip', 1181.7843017578125, 0.0010000000474974513, 73.94283366203308, '2024-07-28 15:57:41', 4, 999)
pval: [0.001] -- 46th test, time elapsed 73.94283366203308 -- emperical power so far (from test_start): 0.9347826086956522
db insert success
tensor(0.3775)
tensor(0.3775)
(47, 5, 0, 1, 180000, 'projchi', 'bitflip', 1234.241455078125, 0.0010000000474974513, 73.93229150772095, '2024-07-28 15:59:10', 4, 999)
pval: [0.001] -- 47th test, time elapsed 73.93229150772095 -- emperical power so far (from test_start): 0.9361702127659575
db insert success
tensor(0.3775)
tensor(0.3775)
(48, 5, 0, 1, 180000, 'projchi', 'bitflip', 1198.961181640625, 0.0010000000474974513, 73.94870281219482, '2024-07-28 16:00:33', 4, 999)
pval: [0.001] -- 48th test, time elapsed 73.94870281219482 -- emperical power so far (from test_start): 0.9375
db insert success
tensor(0.3775)
tensor(0.3775)
(49, 5, 0, 1, 180000, 'projchi', 'bitflip', 1297.587158203125, 0.0010000000474974513, 73.9557158946991, '2024-07-28 16:02:06', 4, 999)
pval: [0.001] -- 49th test, time elapsed 73.9557158946991 -- emperical power so far (from test_start): 0.9387755102040817
db insert success
tensor(0.3775)
tensor(0.3775)
(50, 5, 0, 1, 180000, 'projchi', 'bitflip', 1168.993896484375, 0.0020000000949949026, 73.75391173362732, '2024-07-28 16:03:25', 4, 999)
pval: [0.002] -- 50th test, time elapsed 73.75391173362732 -- emperical power so far (from test_start): 0.94
db insert success
tensor(0.3775)
tensor(0.3775)
(51, 5, 0, 1, 180000, 'projchi', 'bitflip', 1225.2103271484375, 0.0010000000474974513, 73.82833981513977, '2024-07-28 16:04:46', 4, 999)
pval: [0.001] -- 51th test, time elapsed 73.82833981513977 -- emperical power so far (from test_start): 0.9411764705882353
db insert success
tensor(0.3775)
tensor(0.3775)
(52, 5, 0, 1, 180000, 'projchi', 'bitflip', 1192.8492431640625, 0.0010000000474974513, 73.83160734176636, '2024-07-28 16:06:06', 4, 999)
pval: [0.001] -- 52th test, time elapsed 73.83160734176636 -- emperical power so far (from test_start): 0.9423076923076923
db insert success
tensor(0.3775)
tensor(0.3775)
(53, 5, 0, 1, 180000, 'projchi', 'bitflip', 1267.7864990234375, 0.0010000000474974513, 73.71887636184692, '2024-07-28 16:07:41', 4, 999)
pval: [0.001] -- 53th test, time elapsed 73.71887636184692 -- emperical power so far (from test_start): 0.9433962264150944
db insert success
tensor(0.3775)
tensor(0.3775)
(54, 5, 0, 1, 180000, 'projchi', 'bitflip', 1291.9453125, 0.0010000000474974513, 73.80724453926086, '2024-07-28 16:09:10', 4, 999)
pval: [0.001] -- 54th test, time elapsed 73.80724453926086 -- emperical power so far (from test_start): 0.9444444444444444
db insert success
tensor(0.3775)
tensor(0.3775)
(55, 5, 0, 1, 180000, 'projchi', 'bitflip', 1187.47021484375, 0.0010000000474974513, 73.92450308799744, '2024-07-28 16:10:41', 4, 999)
pval: [0.001] -- 55th test, time elapsed 73.92450308799744 -- emperical power so far (from test_start): 0.9454545454545454
db insert success
tensor(0.3775)
tensor(0.3775)
(56, 5, 0, 1, 180000, 'projchi', 'bitflip', 1218.5137939453125, 0.0010000000474974513, 73.7332067489624, '2024-07-28 16:12:11', 4, 999)
pval: [0.001] -- 56th test, time elapsed 73.7332067489624 -- emperical power so far (from test_start): 0.9464285714285714
db insert success
tensor(0.3775)
tensor(0.3775)
(57, 5, 0, 1, 180000, 'projchi', 'bitflip', 1234.628662109375, 0.0010000000474974513, 73.68679523468018, '2024-07-28 16:13:45', 4, 999)
pval: [0.001] -- 57th test, time elapsed 73.68679523468018 -- emperical power so far (from test_start): 0.9473684210526315
db insert success
tensor(0.3775)
tensor(0.3775)
(58, 5, 0, 1, 180000, 'projchi', 'bitflip', 1072.6844482421875, 0.13600000739097595, 73.76764464378357, '2024-07-28 16:15:11', 4, 999)
pval: [0.13600001] -- 58th test, time elapsed 73.76764464378357 -- emperical power so far (from test_start): 0.9310344827586207
db insert success
tensor(0.3775)
tensor(0.3775)
(59, 5, 0, 1, 180000, 'projchi', 'bitflip', 1129.9656982421875, 0.012000000104308128, 73.79544281959534, '2024-07-28 16:16:29', 4, 999)
pval: [0.012] -- 59th test, time elapsed 73.79544281959534 -- emperical power so far (from test_start): 0.9322033898305084
db insert success
tensor(0.3775)
tensor(0.3775)
(60, 5, 0, 1, 180000, 'projchi', 'bitflip', 1247.16552734375, 0.0010000000474974513, 73.88612174987793, '2024-07-28 16:18:02', 4, 999)
pval: [0.001] -- 60th test, time elapsed 73.88612174987793 -- emperical power so far (from test_start): 0.9333333333333333
db insert success
tensor(0.3775)
tensor(0.3775)
(61, 5, 0, 1, 180000, 'projchi', 'bitflip', 1142.967529296875, 0.012000000104308128, 73.9555344581604, '2024-07-28 16:19:35', 4, 999)
pval: [0.012] -- 61th test, time elapsed 73.9555344581604 -- emperical power so far (from test_start): 0.9344262295081968
db insert success
tensor(0.3775)
tensor(0.3775)
(62, 5, 0, 1, 180000, 'projchi', 'bitflip', 1236.34716796875, 0.0010000000474974513, 73.92427396774292, '2024-07-28 16:21:06', 4, 999)
pval: [0.001] -- 62th test, time elapsed 73.92427396774292 -- emperical power so far (from test_start): 0.9354838709677419
db insert success
tensor(0.3775)
tensor(0.3775)
(63, 5, 0, 1, 180000, 'projchi', 'bitflip', 1207.870849609375, 0.0010000000474974513, 73.85882616043091, '2024-07-28 16:22:40', 4, 999)
pval: [0.001] -- 63th test, time elapsed 73.85882616043091 -- emperical power so far (from test_start): 0.9365079365079365
db insert success
tensor(0.3775)
tensor(0.3775)
(64, 5, 0, 1, 180000, 'projchi', 'bitflip', 1178.3583984375, 0.0010000000474974513, 73.82253861427307, '2024-07-28 16:23:55', 4, 999)
pval: [0.001] -- 64th test, time elapsed 73.82253861427307 -- emperical power so far (from test_start): 0.9375
db insert success
tensor(0.3775)
tensor(0.3775)
(65, 5, 0, 1, 180000, 'projchi', 'bitflip', 1152.520263671875, 0.0010000000474974513, 73.96927309036255, '2024-07-28 16:25:21', 4, 999)
pval: [0.001] -- 65th test, time elapsed 73.96927309036255 -- emperical power so far (from test_start): 0.9384615384615385
db insert success
tensor(0.3775)
tensor(0.3775)
(66, 5, 0, 1, 180000, 'projchi', 'bitflip', 1243.5478515625, 0.0010000000474974513, 73.87414073944092, '2024-07-28 16:26:38', 4, 999)
pval: [0.001] -- 66th test, time elapsed 73.87414073944092 -- emperical power so far (from test_start): 0.9393939393939394
db insert success
tensor(0.3775)
tensor(0.3775)
(67, 5, 0, 1, 180000, 'projchi', 'bitflip', 1112.39794921875, 0.03500000014901161, 73.74924492835999, '2024-07-28 16:28:01', 4, 999)
pval: [0.035] -- 67th test, time elapsed 73.74924492835999 -- emperical power so far (from test_start): 0.9402985074626866
db insert success
tensor(0.3775)
tensor(0.3775)
(68, 5, 0, 1, 180000, 'projchi', 'bitflip', 1203.29345703125, 0.0010000000474974513, 73.75095129013062, '2024-07-28 16:29:32', 4, 999)
pval: [0.001] -- 68th test, time elapsed 73.75095129013062 -- emperical power so far (from test_start): 0.9411764705882353
db insert success
tensor(0.3775)
tensor(0.3775)
(69, 5, 0, 1, 180000, 'projchi', 'bitflip', 1239.1700439453125, 0.0010000000474974513, 73.85767579078674, '2024-07-28 16:30:52', 4, 999)
pval: [0.001] -- 69th test, time elapsed 73.85767579078674 -- emperical power so far (from test_start): 0.9420289855072463
db insert success
tensor(0.3775)
tensor(0.3775)
(70, 5, 0, 1, 180000, 'projchi', 'bitflip', 1170.3017578125, 0.0010000000474974513, 73.856196641922, '2024-07-28 16:32:26', 4, 999)
pval: [0.001] -- 70th test, time elapsed 73.856196641922 -- emperical power so far (from test_start): 0.9428571428571428
db insert success
tensor(0.3775)
tensor(0.3775)
(71, 5, 0, 1, 180000, 'projchi', 'bitflip', 1185.689453125, 0.0010000000474974513, 73.8946750164032, '2024-07-28 16:33:53', 4, 999)
pval: [0.001] -- 71th test, time elapsed 73.8946750164032 -- emperical power so far (from test_start): 0.9436619718309859
db insert success
tensor(0.3775)
tensor(0.3775)
(72, 5, 0, 1, 180000, 'projchi', 'bitflip', 1182.871337890625, 0.0010000000474974513, 73.92309737205505, '2024-07-28 16:35:18', 4, 999)
pval: [0.001] -- 72th test, time elapsed 73.92309737205505 -- emperical power so far (from test_start): 0.9444444444444444
db insert success
tensor(0.3775)
tensor(0.3775)
(73, 5, 0, 1, 180000, 'projchi', 'bitflip', 1178.6075439453125, 0.0010000000474974513, 73.82222270965576, '2024-07-28 16:36:50', 4, 999)
pval: [0.001] -- 73th test, time elapsed 73.82222270965576 -- emperical power so far (from test_start): 0.9452054794520548
db insert success
tensor(0.3775)
tensor(0.3775)
(74, 5, 0, 1, 180000, 'projchi', 'bitflip', 1199.9512939453125, 0.0010000000474974513, 73.73028898239136, '2024-07-28 16:38:15', 4, 999)
pval: [0.001] -- 74th test, time elapsed 73.73028898239136 -- emperical power so far (from test_start): 0.9459459459459459
db insert success
tensor(0.3775)
tensor(0.3775)
(75, 5, 0, 1, 180000, 'projchi', 'bitflip', 1247.2445068359375, 0.0010000000474974513, 73.85243511199951, '2024-07-28 16:39:49', 4, 999)
pval: [0.001] -- 75th test, time elapsed 73.85243511199951 -- emperical power so far (from test_start): 0.9466666666666667
db insert success
tensor(0.3775)
tensor(0.3775)
(76, 5, 0, 1, 180000, 'projchi', 'bitflip', 1229.2999267578125, 0.0010000000474974513, 73.86884069442749, '2024-07-28 16:41:10', 4, 999)
pval: [0.001] -- 76th test, time elapsed 73.86884069442749 -- emperical power so far (from test_start): 0.9473684210526315
db insert success
tensor(0.3775)
tensor(0.3775)
(77, 5, 0, 1, 180000, 'projchi', 'bitflip', 1140.4903564453125, 0.01100000087171793, 73.87116622924805, '2024-07-28 16:42:41', 4, 999)
pval: [0.011] -- 77th test, time elapsed 73.87116622924805 -- emperical power so far (from test_start): 0.948051948051948
db insert success
tensor(0.3775)
tensor(0.3775)
(78, 5, 0, 1, 180000, 'projchi', 'bitflip', 1238.2879638671875, 0.0010000000474974513, 73.9315574169159, '2024-07-28 16:44:15', 4, 999)
pval: [0.001] -- 78th test, time elapsed 73.9315574169159 -- emperical power so far (from test_start): 0.9487179487179487
db insert success
tensor(0.3775)
tensor(0.3775)
(79, 5, 0, 1, 180000, 'projchi', 'bitflip', 1177.823974609375, 0.003000000026077032, 73.88269829750061, '2024-07-28 16:45:31', 4, 999)
pval: [0.003] -- 79th test, time elapsed 73.88269829750061 -- emperical power so far (from test_start): 0.9493670886075949
db insert success
tensor(0.3775)
tensor(0.3775)
(80, 5, 0, 1, 180000, 'projchi', 'bitflip', 1179.107421875, 0.0010000000474974513, 73.89194989204407, '2024-07-28 16:46:56', 4, 999)
pval: [0.001] -- 80th test, time elapsed 73.89194989204407 -- emperical power so far (from test_start): 0.95
db insert success
tensor(0.3775)
tensor(0.3775)
(81, 5, 0, 1, 180000, 'projchi', 'bitflip', 1294.6827392578125, 0.0010000000474974513, 73.93667912483215, '2024-07-28 16:48:12', 4, 999)
pval: [0.001] -- 81th test, time elapsed 73.93667912483215 -- emperical power so far (from test_start): 0.9506172839506173
db insert success
tensor(0.3775)
tensor(0.3775)
(82, 5, 0, 1, 180000, 'projchi', 'bitflip', 1244.337158203125, 0.0010000000474974513, 73.93942952156067, '2024-07-28 16:49:38', 4, 999)
pval: [0.001] -- 82th test, time elapsed 73.93942952156067 -- emperical power so far (from test_start): 0.9512195121951219
db insert success
tensor(0.3775)
tensor(0.3775)
(83, 5, 0, 1, 180000, 'projchi', 'bitflip', 1159.22998046875, 0.0010000000474974513, 73.93079447746277, '2024-07-28 16:51:09', 4, 999)
pval: [0.001] -- 83th test, time elapsed 73.93079447746277 -- emperical power so far (from test_start): 0.9518072289156626
db insert success
tensor(0.3775)
tensor(0.3775)
(84, 5, 0, 1, 180000, 'projchi', 'bitflip', 1172.710205078125, 0.0010000000474974513, 73.91941809654236, '2024-07-28 16:52:29', 4, 999)
pval: [0.001] -- 84th test, time elapsed 73.91941809654236 -- emperical power so far (from test_start): 0.9523809523809523
db insert success
tensor(0.3775)
tensor(0.3775)
(85, 5, 0, 1, 180000, 'projchi', 'bitflip', 1197.4625244140625, 0.0010000000474974513, 74.0850522518158, '2024-07-28 16:53:46', 4, 999)
pval: [0.001] -- 85th test, time elapsed 74.0850522518158 -- emperical power so far (from test_start): 0.9529411764705882
db insert success
tensor(0.3775)
tensor(0.3775)
(86, 5, 0, 1, 180000, 'projchi', 'bitflip', 1233.0413818359375, 0.0010000000474974513, 74.00496625900269, '2024-07-28 16:55:03', 4, 999)
pval: [0.001] -- 86th test, time elapsed 74.00496625900269 -- emperical power so far (from test_start): 0.9534883720930233
db insert success
tensor(0.3775)
tensor(0.3775)
(87, 5, 0, 1, 180000, 'projchi', 'bitflip', 1100.61865234375, 0.04800000041723251, 74.03638029098511, '2024-07-28 16:56:22', 4, 999)
pval: [0.048] -- 87th test, time elapsed 74.03638029098511 -- emperical power so far (from test_start): 0.9540229885057471
db insert success
tensor(0.3775)
tensor(0.3775)
(88, 5, 0, 1, 180000, 'projchi', 'bitflip', 1118.321533203125, 0.02500000037252903, 73.96557331085205, '2024-07-28 16:57:54', 4, 999)
pval: [0.025] -- 88th test, time elapsed 73.96557331085205 -- emperical power so far (from test_start): 0.9545454545454546
db insert success
tensor(0.3775)
tensor(0.3775)
(89, 5, 0, 1, 180000, 'projchi', 'bitflip', 1091.7003173828125, 0.046000003814697266, 73.94491696357727, '2024-07-28 16:59:18', 4, 999)
pval: [0.046] -- 89th test, time elapsed 73.94491696357727 -- emperical power so far (from test_start): 0.9550561797752809
db insert success
tensor(0.3775)
tensor(0.3775)
(90, 5, 0, 1, 180000, 'projchi', 'bitflip', 1244.5037841796875, 0.0010000000474974513, 74.04743337631226, '2024-07-28 17:00:50', 4, 999)
pval: [0.001] -- 90th test, time elapsed 74.04743337631226 -- emperical power so far (from test_start): 0.9555555555555556
db insert success
tensor(0.3775)
tensor(0.3775)
(91, 5, 0, 1, 180000, 'projchi', 'bitflip', 1105.5587158203125, 0.03200000151991844, 74.23088693618774, '2024-07-28 17:02:19', 4, 999)
pval: [0.032] -- 91th test, time elapsed 74.23088693618774 -- emperical power so far (from test_start): 0.9560439560439561
db insert success
tensor(0.3775)
tensor(0.3775)
(92, 5, 0, 1, 180000, 'projchi', 'bitflip', 1208.4344482421875, 0.0010000000474974513, 74.17975997924805, '2024-07-28 17:03:50', 4, 999)
pval: [0.001] -- 92th test, time elapsed 74.17975997924805 -- emperical power so far (from test_start): 0.9565217391304348
db insert success
tensor(0.3775)
tensor(0.3775)
(93, 5, 0, 1, 180000, 'projchi', 'bitflip', 1279.0426025390625, 0.0010000000474974513, 74.20508980751038, '2024-07-28 17:05:16', 4, 999)
pval: [0.001] -- 93th test, time elapsed 74.20508980751038 -- emperical power so far (from test_start): 0.956989247311828
db insert success
tensor(0.3775)
tensor(0.3775)
(94, 5, 0, 1, 180000, 'projchi', 'bitflip', 1330.3193359375, 0.0010000000474974513, 74.2128655910492, '2024-07-28 17:06:51', 4, 999)
pval: [0.001] -- 94th test, time elapsed 74.2128655910492 -- emperical power so far (from test_start): 0.9574468085106383
db insert success
tensor(0.3775)
tensor(0.3775)
(95, 5, 0, 1, 180000, 'projchi', 'bitflip', 1169.3922119140625, 0.0020000000949949026, 74.14983463287354, '2024-07-28 17:08:15', 4, 999)
pval: [0.002] -- 95th test, time elapsed 74.14983463287354 -- emperical power so far (from test_start): 0.9578947368421052
db insert success
tensor(0.3775)
tensor(0.3775)
(96, 5, 0, 1, 180000, 'projchi', 'bitflip', 1317.8106689453125, 0.0010000000474974513, 74.15881276130676, '2024-07-28 17:09:38', 4, 999)
pval: [0.001] -- 96th test, time elapsed 74.15881276130676 -- emperical power so far (from test_start): 0.9583333333333334
db insert success
tensor(0.3775)
tensor(0.3775)
(97, 5, 0, 1, 180000, 'projchi', 'bitflip', 1178.5882568359375, 0.0010000000474974513, 74.2969217300415, '2024-07-28 17:11:05', 4, 999)
pval: [0.001] -- 97th test, time elapsed 74.2969217300415 -- emperical power so far (from test_start): 0.9587628865979382
db insert success
tensor(0.3775)
tensor(0.3775)
(98, 5, 0, 1, 180000, 'projchi', 'bitflip', 1185.0831298828125, 0.0010000000474974513, 74.01924228668213, '2024-07-28 17:12:37', 4, 999)
pval: [0.001] -- 98th test, time elapsed 74.01924228668213 -- emperical power so far (from test_start): 0.9591836734693877
db insert success
tensor(0.3775)
tensor(0.3775)
(99, 5, 0, 1, 180000, 'projchi', 'bitflip', 1164.8336181640625, 0.003000000026077032, 74.05411744117737, '2024-07-28 17:13:58', 4, 999)
pval: [0.003] -- 99th test, time elapsed 74.05411744117737 -- emperical power so far (from test_start): 0.9595959595959596
db insert success
tensor(0.3775)
tensor(0.3775)
(100, 5, 0, 1, 180000, 'projchi', 'bitflip', 1194.409423828125, 0.0020000000949949026, 74.07601976394653, '2024-07-28 17:15:19', 4, 999)
pval: [0.002] -- 100th test, time elapsed 74.07601976394653 -- emperical power so far (from test_start): 0.96
db insert success
tensor(0.3775)
tensor(0.3775)
(101, 5, 0, 1, 180000, 'projchi', 'bitflip', 1170.1708984375, 0.0010000000474974513, 74.16796827316284, '2024-07-28 17:16:50', 4, 999)
pval: [0.001] -- 101th test, time elapsed 74.16796827316284 -- emperical power so far (from test_start): 0.9603960396039604
db insert success
tensor(0.3775)
tensor(0.3775)
(102, 5, 0, 1, 180000, 'projchi', 'bitflip', 1179.7078857421875, 0.0010000000474974513, 74.06026721000671, '2024-07-28 17:18:14', 4, 999)
pval: [0.001] -- 102th test, time elapsed 74.06026721000671 -- emperical power so far (from test_start): 0.9607843137254902
db insert success
tensor(0.3775)
tensor(0.3775)
(103, 5, 0, 1, 180000, 'projchi', 'bitflip', 1137.2337646484375, 0.006000000052154064, 74.17830228805542, '2024-07-28 17:19:42', 4, 999)
pval: [0.006] -- 103th test, time elapsed 74.17830228805542 -- emperical power so far (from test_start): 0.9611650485436893
db insert success
tensor(0.3775)
tensor(0.3775)
(104, 5, 0, 1, 180000, 'projchi', 'bitflip', 1152.30859375, 0.0020000000949949026, 74.04136538505554, '2024-07-28 17:21:07', 4, 999)
pval: [0.002] -- 104th test, time elapsed 74.04136538505554 -- emperical power so far (from test_start): 0.9615384615384616
db insert success
tensor(0.3775)
tensor(0.3775)
(105, 5, 0, 1, 180000, 'projchi', 'bitflip', 1206.0367431640625, 0.0010000000474974513, 74.07640957832336, '2024-07-28 17:22:26', 4, 999)
pval: [0.001] -- 105th test, time elapsed 74.07640957832336 -- emperical power so far (from test_start): 0.9619047619047619
db insert success
tensor(0.3775)
tensor(0.3775)
(106, 5, 0, 1, 180000, 'projchi', 'bitflip', 1100.75927734375, 0.055000003427267075, 74.12254929542542, '2024-07-28 17:23:51', 4, 999)
pval: [0.055] -- 106th test, time elapsed 74.12254929542542 -- emperical power so far (from test_start): 0.9528301886792453
db insert success
tensor(0.3775)
tensor(0.3775)
(107, 5, 0, 1, 180000, 'projchi', 'bitflip', 1274.4564208984375, 0.0010000000474974513, 74.10595321655273, '2024-07-28 17:25:17', 4, 999)
pval: [0.001] -- 107th test, time elapsed 74.10595321655273 -- emperical power so far (from test_start): 0.9532710280373832
db insert success
tensor(0.3775)
tensor(0.3775)
(108, 5, 0, 1, 180000, 'projchi', 'bitflip', 1144.964111328125, 0.00800000037997961, 74.48309087753296, '2024-07-28 17:26:40', 4, 999)
pval: [0.008] -- 108th test, time elapsed 74.48309087753296 -- emperical power so far (from test_start): 0.9537037037037037
db insert success
tensor(0.3775)
tensor(0.3775)
(109, 5, 0, 1, 180000, 'projchi', 'bitflip', 1139.7969970703125, 0.005000000353902578, 74.1015031337738, '2024-07-28 17:28:13', 4, 999)
pval: [0.005] -- 109th test, time elapsed 74.1015031337738 -- emperical power so far (from test_start): 0.9541284403669725
db insert success
tensor(0.3775)
tensor(0.3775)
(110, 5, 0, 1, 180000, 'projchi', 'bitflip', 1121.7208251953125, 0.015000000596046448, 74.1032326221466, '2024-07-28 17:29:45', 4, 999)
pval: [0.015] -- 110th test, time elapsed 74.1032326221466 -- emperical power so far (from test_start): 0.9545454545454546
db insert success
tensor(0.3775)
tensor(0.3775)
(111, 5, 0, 1, 180000, 'projchi', 'bitflip', 1207.21630859375, 0.0010000000474974513, 74.0597596168518, '2024-07-28 17:31:10', 4, 999)
pval: [0.001] -- 111th test, time elapsed 74.0597596168518 -- emperical power so far (from test_start): 0.954954954954955
db insert success
tensor(0.3775)
tensor(0.3775)
(112, 5, 0, 1, 180000, 'projchi', 'bitflip', 1159.760986328125, 0.003000000026077032, 74.01597046852112, '2024-07-28 17:32:39', 4, 999)
pval: [0.003] -- 112th test, time elapsed 74.01597046852112 -- emperical power so far (from test_start): 0.9553571428571429
db insert success
tensor(0.3775)
tensor(0.3775)
(113, 5, 0, 1, 180000, 'projchi', 'bitflip', 1238.85791015625, 0.0010000000474974513, 73.99152755737305, '2024-07-28 17:34:09', 4, 999)
pval: [0.001] -- 113th test, time elapsed 73.99152755737305 -- emperical power so far (from test_start): 0.9557522123893806
db insert success
tensor(0.3775)
tensor(0.3775)
(114, 5, 0, 1, 180000, 'projchi', 'bitflip', 1072.582763671875, 0.14500001072883606, 73.97739481925964, '2024-07-28 17:35:32', 4, 999)
pval: [0.14500001] -- 114th test, time elapsed 73.97739481925964 -- emperical power so far (from test_start): 0.9473684210526315
db insert success
tensor(0.3775)
tensor(0.3775)
(115, 5, 0, 1, 180000, 'projchi', 'bitflip', 1190.5859375, 0.0020000000949949026, 74.22387623786926, '2024-07-28 17:36:53', 4, 999)
pval: [0.002] -- 115th test, time elapsed 74.22387623786926 -- emperical power so far (from test_start): 0.9478260869565217
db insert success
tensor(0.3775)
tensor(0.3775)
(116, 5, 0, 1, 180000, 'projchi', 'bitflip', 1152.1551513671875, 0.003000000026077032, 74.09058451652527, '2024-07-28 17:38:26', 4, 999)
pval: [0.003] -- 116th test, time elapsed 74.09058451652527 -- emperical power so far (from test_start): 0.9482758620689655
db insert success
tensor(0.3775)
tensor(0.3775)
(117, 5, 0, 1, 180000, 'projchi', 'bitflip', 1241.8092041015625, 0.0010000000474974513, 74.10602855682373, '2024-07-28 17:39:52', 4, 999)
pval: [0.001] -- 117th test, time elapsed 74.10602855682373 -- emperical power so far (from test_start): 0.9487179487179487
db insert success
tensor(0.3775)
tensor(0.3775)
(118, 5, 0, 1, 180000, 'projchi', 'bitflip', 1209.4189453125, 0.0010000000474974513, 74.16110134124756, '2024-07-28 17:41:18', 4, 999)
pval: [0.001] -- 118th test, time elapsed 74.16110134124756 -- emperical power so far (from test_start): 0.9491525423728814
db insert success
tensor(0.3775)
tensor(0.3775)
(119, 5, 0, 1, 180000, 'projchi', 'bitflip', 1205.7271728515625, 0.0010000000474974513, 74.24668860435486, '2024-07-28 17:42:35', 4, 999)
pval: [0.001] -- 119th test, time elapsed 74.24668860435486 -- emperical power so far (from test_start): 0.9495798319327731
db insert success
tensor(0.3775)
tensor(0.3775)
(120, 5, 0, 1, 180000, 'projchi', 'bitflip', 1241.944091796875, 0.0010000000474974513, 74.07513046264648, '2024-07-28 17:44:02', 4, 999)
pval: [0.001] -- 120th test, time elapsed 74.07513046264648 -- emperical power so far (from test_start): 0.95
db insert success
tensor(0.3775)
tensor(0.3775)
(121, 5, 0, 1, 180000, 'projchi', 'bitflip', 1279.02734375, 0.0010000000474974513, 74.13656401634216, '2024-07-28 17:45:28', 4, 999)
pval: [0.001] -- 121th test, time elapsed 74.13656401634216 -- emperical power so far (from test_start): 0.9504132231404959
db insert success
tensor(0.3775)
tensor(0.3775)
(122, 5, 0, 1, 180000, 'projchi', 'bitflip', 1199.9742431640625, 0.0010000000474974513, 74.17324733734131, '2024-07-28 17:46:44', 4, 999)
pval: [0.001] -- 122th test, time elapsed 74.17324733734131 -- emperical power so far (from test_start): 0.9508196721311475
db insert success
tensor(0.3775)
tensor(0.3775)
(123, 5, 0, 1, 180000, 'projchi', 'bitflip', 1173.876708984375, 0.0020000000949949026, 74.04882216453552, '2024-07-28 17:48:09', 4, 999)
pval: [0.002] -- 123th test, time elapsed 74.04882216453552 -- emperical power so far (from test_start): 0.9512195121951219
db insert success
tensor(0.3775)
tensor(0.3775)
(124, 5, 0, 1, 180000, 'projchi', 'bitflip', 1130.931640625, 0.00800000037997961, 73.96156048774719, '2024-07-28 17:49:38', 4, 999)
pval: [0.008] -- 124th test, time elapsed 73.96156048774719 -- emperical power so far (from test_start): 0.9516129032258065
db insert success
tensor(0.3775)
tensor(0.3775)
(125, 5, 0, 1, 180000, 'projchi', 'bitflip', 1133.366455078125, 0.006000000052154064, 73.98851180076599, '2024-07-28 17:51:03', 4, 999)
pval: [0.006] -- 125th test, time elapsed 73.98851180076599 -- emperical power so far (from test_start): 0.952
db insert success
tensor(0.3775)
tensor(0.3775)
(126, 5, 0, 1, 180000, 'projchi', 'bitflip', 1183.8145751953125, 0.0010000000474974513, 74.16485524177551, '2024-07-28 17:52:27', 4, 999)
pval: [0.001] -- 126th test, time elapsed 74.16485524177551 -- emperical power so far (from test_start): 0.9523809523809523
db insert success
tensor(0.3775)
tensor(0.3775)
(127, 5, 0, 1, 180000, 'projchi', 'bitflip', 1146.4852294921875, 0.004000000189989805, 74.166508436203, '2024-07-28 17:53:56', 4, 999)
pval: [0.004] -- 127th test, time elapsed 74.166508436203 -- emperical power so far (from test_start): 0.952755905511811
db insert success
tensor(0.3775)
tensor(0.3775)
(128, 5, 0, 1, 180000, 'projchi', 'bitflip', 1159.5745849609375, 0.003000000026077032, 74.20692825317383, '2024-07-28 17:55:24', 4, 999)
pval: [0.003] -- 128th test, time elapsed 74.20692825317383 -- emperical power so far (from test_start): 0.953125
db insert success
tensor(0.3775)
tensor(0.3775)
(129, 5, 0, 1, 180000, 'projchi', 'bitflip', 1260.73876953125, 0.0010000000474974513, 73.89727735519409, '2024-07-28 17:56:45', 4, 999)
pval: [0.001] -- 129th test, time elapsed 73.89727735519409 -- emperical power so far (from test_start): 0.9534883720930233
db insert success
tensor(0.3775)
tensor(0.3775)
(130, 5, 0, 1, 180000, 'projchi', 'bitflip', 1186.8927001953125, 0.0010000000474974513, 74.02741527557373, '2024-07-28 17:58:13', 4, 999)
pval: [0.001] -- 130th test, time elapsed 74.02741527557373 -- emperical power so far (from test_start): 0.9538461538461539
db insert success
tensor(0.3775)
tensor(0.3775)
(131, 5, 0, 1, 180000, 'projchi', 'bitflip', 1215.6732177734375, 0.0010000000474974513, 74.1583559513092, '2024-07-28 17:59:43', 4, 999)
pval: [0.001] -- 131th test, time elapsed 74.1583559513092 -- emperical power so far (from test_start): 0.9541984732824428
db insert success
tensor(0.3775)
tensor(0.3775)
(132, 5, 0, 1, 180000, 'projchi', 'bitflip', 1207.4881591796875, 0.0010000000474974513, 74.10739493370056, '2024-07-28 18:01:03', 4, 999)
pval: [0.001] -- 132th test, time elapsed 74.10739493370056 -- emperical power so far (from test_start): 0.9545454545454546
db insert success
tensor(0.3775)
tensor(0.3775)
(133, 5, 0, 1, 180000, 'projchi', 'bitflip', 1136.9114990234375, 0.010000000707805157, 74.33201098442078, '2024-07-28 18:02:24', 4, 999)
pval: [0.01] -- 133th test, time elapsed 74.33201098442078 -- emperical power so far (from test_start): 0.9548872180451128
db insert success
tensor(0.3775)
tensor(0.3775)
(134, 5, 0, 1, 180000, 'projchi', 'bitflip', 1129.95849609375, 0.021000001579523087, 74.20262384414673, '2024-07-28 18:03:55', 4, 999)
pval: [0.021] -- 134th test, time elapsed 74.20262384414673 -- emperical power so far (from test_start): 0.9552238805970149
db insert success
tensor(0.3775)
tensor(0.3775)
(135, 5, 0, 1, 180000, 'projchi', 'bitflip', 1146.7598876953125, 0.004000000189989805, 73.6602213382721, '2024-07-28 18:05:28', 4, 999)
pval: [0.004] -- 135th test, time elapsed 73.6602213382721 -- emperical power so far (from test_start): 0.9555555555555556
db insert success
tensor(0.3775)
tensor(0.3775)
(136, 5, 0, 1, 180000, 'projchi', 'bitflip', 1108.079833984375, 0.029000001028180122, 73.91570234298706, '2024-07-28 18:06:45', 4, 999)
pval: [0.029] -- 136th test, time elapsed 73.91570234298706 -- emperical power so far (from test_start): 0.9558823529411765
db insert success
tensor(0.3775)
tensor(0.3775)
(137, 5, 0, 1, 180000, 'projchi', 'bitflip', 1197.681884765625, 0.0010000000474974513, 74.00011610984802, '2024-07-28 18:08:06', 4, 999)
pval: [0.001] -- 137th test, time elapsed 74.00011610984802 -- emperical power so far (from test_start): 0.9562043795620438
db insert success
tensor(0.3775)
tensor(0.3775)
(138, 5, 0, 1, 180000, 'projchi', 'bitflip', 1224.560546875, 0.0010000000474974513, 73.80002903938293, '2024-07-28 18:09:33', 4, 999)
pval: [0.001] -- 138th test, time elapsed 73.80002903938293 -- emperical power so far (from test_start): 0.9565217391304348
db insert success
tensor(0.3775)
tensor(0.3775)
(139, 5, 0, 1, 180000, 'projchi', 'bitflip', 1218.242431640625, 0.0010000000474974513, 73.85378646850586, '2024-07-28 18:10:54', 4, 999)
pval: [0.001] -- 139th test, time elapsed 73.85378646850586 -- emperical power so far (from test_start): 0.9568345323741008
db insert success
tensor(0.3775)
tensor(0.3775)
(140, 5, 0, 1, 180000, 'projchi', 'bitflip', 1134.9117431640625, 0.010000000707805157, 74.0625467300415, '2024-07-28 18:12:13', 4, 999)
pval: [0.01] -- 140th test, time elapsed 74.0625467300415 -- emperical power so far (from test_start): 0.9571428571428572
db insert success
tensor(0.3775)
tensor(0.3775)
(141, 5, 0, 1, 180000, 'projchi', 'bitflip', 1213.906005859375, 0.0010000000474974513, 73.72553944587708, '2024-07-28 18:13:41', 4, 999)
pval: [0.001] -- 141th test, time elapsed 73.72553944587708 -- emperical power so far (from test_start): 0.9574468085106383
db insert success
tensor(0.3775)
tensor(0.3775)
(142, 5, 0, 1, 180000, 'projchi', 'bitflip', 1168.9647216796875, 0.0020000000949949026, 73.90943789482117, '2024-07-28 18:15:14', 4, 999)
pval: [0.002] -- 142th test, time elapsed 73.90943789482117 -- emperical power so far (from test_start): 0.9577464788732394
db insert success
tensor(0.3775)
tensor(0.3775)
(143, 5, 0, 1, 180000, 'projchi', 'bitflip', 1241.73095703125, 0.0010000000474974513, 73.95790553092957, '2024-07-28 18:16:30', 4, 999)
pval: [0.001] -- 143th test, time elapsed 73.95790553092957 -- emperical power so far (from test_start): 0.958041958041958
db insert success
tensor(0.3775)
tensor(0.3775)
(144, 5, 0, 1, 180000, 'projchi', 'bitflip', 1188.205322265625, 0.0020000000949949026, 73.85035920143127, '2024-07-28 18:18:02', 4, 999)
pval: [0.002] -- 144th test, time elapsed 73.85035920143127 -- emperical power so far (from test_start): 0.9583333333333334
db insert success
tensor(0.3775)
tensor(0.3775)
(145, 5, 0, 1, 180000, 'projchi', 'bitflip', 1219.7288818359375, 0.0010000000474974513, 73.9633297920227, '2024-07-28 18:19:26', 4, 999)
pval: [0.001] -- 145th test, time elapsed 73.9633297920227 -- emperical power so far (from test_start): 0.9586206896551724
db insert success
tensor(0.3775)
tensor(0.3775)
(146, 5, 0, 1, 180000, 'projchi', 'bitflip', 1159.8800048828125, 0.004000000189989805, 73.77235245704651, '2024-07-28 18:20:59', 4, 999)
pval: [0.004] -- 146th test, time elapsed 73.77235245704651 -- emperical power so far (from test_start): 0.958904109589041
db insert success
tensor(0.3775)
tensor(0.3775)
(147, 5, 0, 1, 180000, 'projchi', 'bitflip', 1240.89990234375, 0.0010000000474974513, 73.77884316444397, '2024-07-28 18:22:21', 4, 999)
pval: [0.001] -- 147th test, time elapsed 73.77884316444397 -- emperical power so far (from test_start): 0.9591836734693877
db insert success
tensor(0.3775)
tensor(0.3775)
(148, 5, 0, 1, 180000, 'projchi', 'bitflip', 1177.3216552734375, 0.0010000000474974513, 73.72810530662537, '2024-07-28 18:23:38', 4, 999)
pval: [0.001] -- 148th test, time elapsed 73.72810530662537 -- emperical power so far (from test_start): 0.9594594594594594
db insert success
tensor(0.3775)
tensor(0.3775)
(149, 5, 0, 1, 180000, 'projchi', 'bitflip', 1192.5797119140625, 0.0010000000474974513, 73.81642532348633, '2024-07-28 18:25:11', 4, 999)
pval: [0.001] -- 149th test, time elapsed 73.81642532348633 -- emperical power so far (from test_start): 0.959731543624161
db insert success
tensor(0.3775)
tensor(0.3775)
(150, 5, 0, 1, 180000, 'projchi', 'bitflip', 1177.168701171875, 0.0020000000949949026, 74.22128438949585, '2024-07-28 18:26:43', 4, 999)
pval: [0.002] -- 150th test, time elapsed 74.22128438949585 -- emperical power so far (from test_start): 0.96
db insert success
tensor(0.3775)
tensor(0.3775)
(151, 5, 0, 1, 180000, 'projchi', 'bitflip', 1137.873046875, 0.01100000087171793, 73.98783302307129, '2024-07-28 18:28:05', 4, 999)
pval: [0.011] -- 151th test, time elapsed 73.98783302307129 -- emperical power so far (from test_start): 0.9602649006622517
db insert success
tensor(0.3775)
tensor(0.3775)
(152, 5, 0, 1, 180000, 'projchi', 'bitflip', 1156.07763671875, 0.0010000000474974513, 73.87547588348389, '2024-07-28 18:29:29', 4, 999)
pval: [0.001] -- 152th test, time elapsed 73.87547588348389 -- emperical power so far (from test_start): 0.9605263157894737
db insert success
tensor(0.3775)
tensor(0.3775)
(153, 5, 0, 1, 180000, 'projchi', 'bitflip', 1068.15869140625, 0.16500000655651093, 73.99439477920532, '2024-07-28 18:30:47', 4, 999)
pval: [0.16500001] -- 153th test, time elapsed 73.99439477920532 -- emperical power so far (from test_start): 0.954248366013072
db insert success
tensor(0.3775)
tensor(0.3775)
(154, 5, 0, 1, 180000, 'projchi', 'bitflip', 1245.2147216796875, 0.0010000000474974513, 73.93829154968262, '2024-07-28 18:32:08', 4, 999)
pval: [0.001] -- 154th test, time elapsed 73.93829154968262 -- emperical power so far (from test_start): 0.9545454545454546
db insert success
tensor(0.3775)
tensor(0.3775)
(155, 5, 0, 1, 180000, 'projchi', 'bitflip', 1248.537841796875, 0.0010000000474974513, 73.86629128456116, '2024-07-28 18:33:24', 4, 999)
pval: [0.001] -- 155th test, time elapsed 73.86629128456116 -- emperical power so far (from test_start): 0.9548387096774194
db insert success
tensor(0.3775)
tensor(0.3775)
(156, 5, 0, 1, 180000, 'projchi', 'bitflip', 1275.662841796875, 0.0010000000474974513, 73.92412567138672, '2024-07-28 18:34:48', 4, 999)
pval: [0.001] -- 156th test, time elapsed 73.92412567138672 -- emperical power so far (from test_start): 0.9551282051282052
db insert success
tensor(0.3775)
tensor(0.3775)
(157, 5, 0, 1, 180000, 'projchi', 'bitflip', 1233.2154541015625, 0.0010000000474974513, 74.12818765640259, '2024-07-28 18:36:12', 4, 999)
pval: [0.001] -- 157th test, time elapsed 74.12818765640259 -- emperical power so far (from test_start): 0.9554140127388535
db insert success
tensor(0.3775)
tensor(0.3775)
(158, 5, 0, 1, 180000, 'projchi', 'bitflip', 1224.221435546875, 0.0010000000474974513, 73.97470736503601, '2024-07-28 18:37:43', 4, 999)
pval: [0.001] -- 158th test, time elapsed 73.97470736503601 -- emperical power so far (from test_start): 0.9556962025316456
db insert success
tensor(0.3775)
tensor(0.3775)
(159, 5, 0, 1, 180000, 'projchi', 'bitflip', 1167.452880859375, 0.0010000000474974513, 73.938392162323, '2024-07-28 18:38:59', 4, 999)
pval: [0.001] -- 159th test, time elapsed 73.938392162323 -- emperical power so far (from test_start): 0.9559748427672956
db insert success
tensor(0.3775)
tensor(0.3775)
(160, 5, 0, 1, 180000, 'projchi', 'bitflip', 1142.4368896484375, 0.003000000026077032, 74.066335439682, '2024-07-28 18:40:30', 4, 999)
pval: [0.003] -- 160th test, time elapsed 74.066335439682 -- emperical power so far (from test_start): 0.95625
db insert success
tensor(0.3775)
tensor(0.3775)
(161, 5, 0, 1, 180000, 'projchi', 'bitflip', 1183.107177734375, 0.0010000000474974513, 73.99494528770447, '2024-07-28 18:41:58', 4, 999)
pval: [0.001] -- 161th test, time elapsed 73.99494528770447 -- emperical power so far (from test_start): 0.9565217391304348
db insert success
tensor(0.3775)
tensor(0.3775)
(162, 5, 0, 1, 180000, 'projchi', 'bitflip', 1170.4639892578125, 0.0020000000949949026, 73.89754056930542, '2024-07-28 18:43:17', 4, 999)
pval: [0.002] -- 162th test, time elapsed 73.89754056930542 -- emperical power so far (from test_start): 0.9567901234567902
db insert success
tensor(0.3775)
tensor(0.3775)
(163, 5, 0, 1, 180000, 'projchi', 'bitflip', 1192.6622314453125, 0.0010000000474974513, 73.88243389129639, '2024-07-28 18:44:34', 4, 999)
pval: [0.001] -- 163th test, time elapsed 73.88243389129639 -- emperical power so far (from test_start): 0.9570552147239264
db insert success
tensor(0.3775)
tensor(0.3775)
(164, 5, 0, 1, 180000, 'projchi', 'bitflip', 1083.20361328125, 0.0990000069141388, 73.97461557388306, '2024-07-28 18:45:54', 4, 999)
pval: [0.09900001] -- 164th test, time elapsed 73.97461557388306 -- emperical power so far (from test_start): 0.9512195121951219
db insert success
tensor(0.3775)
tensor(0.3775)
(165, 5, 0, 1, 180000, 'projchi', 'bitflip', 1130.1146240234375, 0.009000000543892384, 74.03407073020935, '2024-07-28 18:47:15', 4, 999)
pval: [0.009] -- 165th test, time elapsed 74.03407073020935 -- emperical power so far (from test_start): 0.9515151515151515
db insert success
tensor(0.3775)
tensor(0.3775)
(166, 5, 0, 1, 180000, 'projchi', 'bitflip', 1183.603515625, 0.0010000000474974513, 74.01798224449158, '2024-07-28 18:48:48', 4, 999)
pval: [0.001] -- 166th test, time elapsed 74.01798224449158 -- emperical power so far (from test_start): 0.9518072289156626
db insert success
tensor(0.3775)
tensor(0.3775)
(167, 5, 0, 1, 180000, 'projchi', 'bitflip', 1228.9932861328125, 0.0010000000474974513, 74.06797957420349, '2024-07-28 18:50:10', 4, 999)
pval: [0.001] -- 167th test, time elapsed 74.06797957420349 -- emperical power so far (from test_start): 0.9520958083832335
db insert success
tensor(0.3775)
tensor(0.3775)
(168, 5, 0, 1, 180000, 'projchi', 'bitflip', 1235.75146484375, 0.0010000000474974513, 73.9923403263092, '2024-07-28 18:51:33', 4, 999)
pval: [0.001] -- 168th test, time elapsed 73.9923403263092 -- emperical power so far (from test_start): 0.9523809523809523
db insert success
tensor(0.3775)
tensor(0.3775)
(169, 5, 0, 1, 180000, 'projchi', 'bitflip', 1228.3602294921875, 0.0010000000474974513, 74.12650394439697, '2024-07-28 18:52:50', 4, 999)
pval: [0.001] -- 169th test, time elapsed 74.12650394439697 -- emperical power so far (from test_start): 0.9526627218934911
db insert success
tensor(0.3775)
tensor(0.3775)
(170, 5, 0, 1, 180000, 'projchi', 'bitflip', 1218.375732421875, 0.0010000000474974513, 74.03555178642273, '2024-07-28 18:54:06', 4, 999)
pval: [0.001] -- 170th test, time elapsed 74.03555178642273 -- emperical power so far (from test_start): 0.9529411764705882
db insert success
tensor(0.3775)
tensor(0.3775)
(171, 5, 0, 1, 180000, 'projchi', 'bitflip', 1176.9283447265625, 0.0010000000474974513, 74.12083435058594, '2024-07-28 18:55:34', 4, 999)
pval: [0.001] -- 171th test, time elapsed 74.12083435058594 -- emperical power so far (from test_start): 0.9532163742690059
db insert success
tensor(0.3775)
tensor(0.3775)
(172, 5, 0, 1, 180000, 'projchi', 'bitflip', 1140.394775390625, 0.007000000216066837, 74.05697250366211, '2024-07-28 18:56:57', 4, 999)
pval: [0.007] -- 172th test, time elapsed 74.05697250366211 -- emperical power so far (from test_start): 0.9534883720930233
db insert success
tensor(0.3775)
tensor(0.3775)
(173, 5, 0, 1, 180000, 'projchi', 'bitflip', 1208.1187744140625, 0.0010000000474974513, 74.2932493686676, '2024-07-28 18:58:32', 4, 999)
pval: [0.001] -- 173th test, time elapsed 74.2932493686676 -- emperical power so far (from test_start): 0.953757225433526
db insert success
tensor(0.3775)
tensor(0.3775)
(174, 5, 0, 1, 180000, 'projchi', 'bitflip', 1270.60888671875, 0.0010000000474974513, 74.1604516506195, '2024-07-28 19:00:05', 4, 999)
pval: [0.001] -- 174th test, time elapsed 74.1604516506195 -- emperical power so far (from test_start): 0.9540229885057471
db insert success
tensor(0.3775)
tensor(0.3775)
(175, 5, 0, 1, 180000, 'projchi', 'bitflip', 1158.92431640625, 0.006000000052154064, 74.1202917098999, '2024-07-28 19:01:32', 4, 999)
pval: [0.006] -- 175th test, time elapsed 74.1202917098999 -- emperical power so far (from test_start): 0.9542857142857143
db insert success
tensor(0.3775)
tensor(0.3775)
(176, 5, 0, 1, 180000, 'projchi', 'bitflip', 1202.51171875, 0.0010000000474974513, 73.9672303199768, '2024-07-28 19:02:52', 4, 999)
pval: [0.001] -- 176th test, time elapsed 73.9672303199768 -- emperical power so far (from test_start): 0.9545454545454546
db insert success
tensor(0.3775)
tensor(0.3775)
(177, 5, 0, 1, 180000, 'projchi', 'bitflip', 1149.3721923828125, 0.003000000026077032, 73.92674708366394, '2024-07-28 19:04:13', 4, 999)
pval: [0.003] -- 177th test, time elapsed 73.92674708366394 -- emperical power so far (from test_start): 0.9548022598870056
db insert success
tensor(0.3775)
tensor(0.3775)
(178, 5, 0, 1, 180000, 'projchi', 'bitflip', 1210.9776611328125, 0.0010000000474974513, 74.22194314002991, '2024-07-28 19:05:30', 4, 999)
pval: [0.001] -- 178th test, time elapsed 74.22194314002991 -- emperical power so far (from test_start): 0.9550561797752809
db insert success
tensor(0.3775)
tensor(0.3775)
(179, 5, 0, 1, 180000, 'projchi', 'bitflip', 1193.424560546875, 0.0010000000474974513, 73.85354924201965, '2024-07-28 19:06:55', 4, 999)
pval: [0.001] -- 179th test, time elapsed 73.85354924201965 -- emperical power so far (from test_start): 0.9553072625698324
db insert success
tensor(0.3775)
tensor(0.3775)
(180, 5, 0, 1, 180000, 'projchi', 'bitflip', 1229.6845703125, 0.0010000000474974513, 74.07558679580688, '2024-07-28 19:08:18', 4, 999)
pval: [0.001] -- 180th test, time elapsed 74.07558679580688 -- emperical power so far (from test_start): 0.9555555555555556
db insert success
tensor(0.3775)
tensor(0.3775)
(181, 5, 0, 1, 180000, 'projchi', 'bitflip', 1242.10595703125, 0.0010000000474974513, 74.16870141029358, '2024-07-28 19:09:36', 4, 999)
pval: [0.001] -- 181th test, time elapsed 74.16870141029358 -- emperical power so far (from test_start): 0.9558011049723757
db insert success
tensor(0.3775)
tensor(0.3775)
(182, 5, 0, 1, 180000, 'projchi', 'bitflip', 1151.108642578125, 0.004000000189989805, 73.99613189697266, '2024-07-28 19:10:56', 4, 999)
pval: [0.004] -- 182th test, time elapsed 73.99613189697266 -- emperical power so far (from test_start): 0.9560439560439561
db insert success
tensor(0.3775)
tensor(0.3775)
(183, 5, 0, 1, 180000, 'projchi', 'bitflip', 1191.4052734375, 0.0010000000474974513, 73.94537281990051, '2024-07-28 19:12:11', 4, 999)
pval: [0.001] -- 183th test, time elapsed 73.94537281990051 -- emperical power so far (from test_start): 0.9562841530054644
db insert success
tensor(0.3775)
tensor(0.3775)
(184, 5, 0, 1, 180000, 'projchi', 'bitflip', 1217.3272705078125, 0.0010000000474974513, 74.45305705070496, '2024-07-28 19:13:32', 4, 999)
pval: [0.001] -- 184th test, time elapsed 74.45305705070496 -- emperical power so far (from test_start): 0.9565217391304348
db insert success
tensor(0.3775)
tensor(0.3775)
(185, 5, 0, 1, 180000, 'projchi', 'bitflip', 1137.5352783203125, 0.005000000353902578, 73.8381838798523, '2024-07-28 19:14:55', 4, 999)
pval: [0.005] -- 185th test, time elapsed 73.8381838798523 -- emperical power so far (from test_start): 0.9567567567567568
db insert success
tensor(0.3775)
tensor(0.3775)
(186, 5, 0, 1, 180000, 'projchi', 'bitflip', 1177.065673828125, 0.0010000000474974513, 73.9824435710907, '2024-07-28 19:16:17', 4, 999)
pval: [0.001] -- 186th test, time elapsed 73.9824435710907 -- emperical power so far (from test_start): 0.956989247311828
db insert success
tensor(0.3775)
tensor(0.3775)
(187, 5, 0, 1, 180000, 'projchi', 'bitflip', 1185.763916015625, 0.0020000000949949026, 73.86907649040222, '2024-07-28 19:17:35', 4, 999)
pval: [0.002] -- 187th test, time elapsed 73.86907649040222 -- emperical power so far (from test_start): 0.9572192513368984
db insert success
tensor(0.3775)
tensor(0.3775)
(188, 5, 0, 1, 180000, 'projchi', 'bitflip', 1253.6766357421875, 0.0010000000474974513, 73.91646885871887, '2024-07-28 19:18:58', 4, 999)
pval: [0.001] -- 188th test, time elapsed 73.91646885871887 -- emperical power so far (from test_start): 0.9574468085106383
db insert success
tensor(0.3775)
tensor(0.3775)
(189, 5, 0, 1, 180000, 'projchi', 'bitflip', 1217.655029296875, 0.0010000000474974513, 74.01274490356445, '2024-07-28 19:20:18', 4, 999)
pval: [0.001] -- 189th test, time elapsed 74.01274490356445 -- emperical power so far (from test_start): 0.9576719576719577
db insert success
tensor(0.3775)
tensor(0.3775)
(190, 5, 0, 1, 180000, 'projchi', 'bitflip', 1162.7691650390625, 0.0010000000474974513, 73.76942753791809, '2024-07-28 19:21:50', 4, 999)
pval: [0.001] -- 190th test, time elapsed 73.76942753791809 -- emperical power so far (from test_start): 0.9578947368421052
db insert success
tensor(0.3775)
tensor(0.3775)
(191, 5, 0, 1, 180000, 'projchi', 'bitflip', 1106.5523681640625, 0.03800000250339508, 73.89761996269226, '2024-07-28 19:23:05', 4, 999)
pval: [0.038] -- 191th test, time elapsed 73.89761996269226 -- emperical power so far (from test_start): 0.9581151832460733
db insert success
tensor(0.3775)
tensor(0.3775)
(192, 5, 0, 1, 180000, 'projchi', 'bitflip', 1196.3297119140625, 0.0010000000474974513, 73.70510816574097, '2024-07-28 19:24:27', 4, 999)
pval: [0.001] -- 192th test, time elapsed 73.70510816574097 -- emperical power so far (from test_start): 0.9583333333333334
db insert success
tensor(0.3775)
tensor(0.3775)
(193, 5, 0, 1, 180000, 'projchi', 'bitflip', 1178.4803466796875, 0.003000000026077032, 73.95022463798523, '2024-07-28 19:25:46', 4, 999)
pval: [0.003] -- 193th test, time elapsed 73.95022463798523 -- emperical power so far (from test_start): 0.9585492227979274
db insert success
tensor(0.3775)
tensor(0.3775)
(194, 5, 0, 1, 180000, 'projchi', 'bitflip', 1240.0238037109375, 0.0010000000474974513, 74.79605722427368, '2024-07-28 19:27:18', 4, 999)
pval: [0.001] -- 194th test, time elapsed 74.79605722427368 -- emperical power so far (from test_start): 0.9587628865979382
db insert success
tensor(0.3775)
tensor(0.3775)
(195, 5, 0, 1, 180000, 'projchi', 'bitflip', 1171.434326171875, 0.0010000000474974513, 74.04203701019287, '2024-07-28 19:28:42', 4, 999)
pval: [0.001] -- 195th test, time elapsed 74.04203701019287 -- emperical power so far (from test_start): 0.958974358974359
db insert success
tensor(0.3775)
tensor(0.3775)
(196, 5, 0, 1, 180000, 'projchi', 'bitflip', 1103.140625, 0.03100000135600567, 73.92732048034668, '2024-07-28 19:30:14', 4, 999)
pval: [0.031] -- 196th test, time elapsed 73.92732048034668 -- emperical power so far (from test_start): 0.9591836734693877
db insert success
tensor(0.3775)
tensor(0.3775)
(197, 5, 0, 1, 180000, 'projchi', 'bitflip', 1198.747314453125, 0.0010000000474974513, 74.05249786376953, '2024-07-28 19:31:34', 4, 999)
pval: [0.001] -- 197th test, time elapsed 74.05249786376953 -- emperical power so far (from test_start): 0.9593908629441624
db insert success
tensor(0.3775)
tensor(0.3775)
(198, 5, 0, 1, 180000, 'projchi', 'bitflip', 1190.4600830078125, 0.0010000000474974513, 74.11037731170654, '2024-07-28 19:33:09', 4, 999)
pval: [0.001] -- 198th test, time elapsed 74.11037731170654 -- emperical power so far (from test_start): 0.9595959595959596
db insert success
tensor(0.3775)
tensor(0.3775)
(199, 5, 0, 1, 180000, 'projchi', 'bitflip', 1210.7496337890625, 0.0010000000474974513, 74.2680401802063, '2024-07-28 19:34:42', 4, 999)
pval: [0.001] -- 199th test, time elapsed 74.2680401802063 -- emperical power so far (from test_start): 0.9597989949748744
db insert success
tensor(0.3775)
tensor(0.3775)
(200, 5, 0, 1, 180000, 'projchi', 'bitflip', 1176.6636962890625, 0.0020000000949949026, 74.27877569198608, '2024-07-28 19:36:17', 4, 999)
pval: [0.002] -- 200th test, time elapsed 74.27877569198608 -- emperical power so far (from test_start): 0.96
db insert success
17007.342957496643
