bitflipelltwo, alpha=2, sample size=200000
#########################################
tensor(0.2689)
tensor(0.2689)
(1, 5, 0, 2, 200000, 'elltwo', 'bitflip', 0.0017935879310755354, 0.0010000000474974513, 95.13113021850586, '2024-07-28 11:34:44', 4, 999)
pval: [0.001] -- 1th test, time elapsed 95.13113021850586 -- emperical power so far (from test_start): 1.0
db insert success
tensor(0.2689)
tensor(0.2689)
(2, 5, 0, 2, 200000, 'elltwo', 'bitflip', 0.001339248031428042, 0.0010000000474974513, 95.25091767311096, '2024-07-28 11:36:22', 4, 999)
pval: [0.001] -- 2th test, time elapsed 95.25091767311096 -- emperical power so far (from test_start): 1.0
db insert success
tensor(0.2689)
tensor(0.2689)
(3, 5, 0, 2, 200000, 'elltwo', 'bitflip', 0.0016913424599636073, 0.0010000000474974513, 95.2205798625946, '2024-07-28 11:38:07', 4, 999)
pval: [0.001] -- 3th test, time elapsed 95.2205798625946 -- emperical power so far (from test_start): 1.0
db insert success
tensor(0.2689)
tensor(0.2689)
(4, 5, 0, 2, 200000, 'elltwo', 'bitflip', 0.001387266637408402, 0.0010000000474974513, 95.28962421417236, '2024-07-28 11:39:44', 4, 999)
pval: [0.001] -- 4th test, time elapsed 95.28962421417236 -- emperical power so far (from test_start): 1.0
db insert success
tensor(0.2689)
tensor(0.2689)
(5, 5, 0, 2, 200000, 'elltwo', 'bitflip', 0.0013101785699518587, 0.0010000000474974513, 95.25122475624084, '2024-07-28 11:41:21', 4, 999)
pval: [0.001] -- 5th test, time elapsed 95.25122475624084 -- emperical power so far (from test_start): 1.0
db insert success
tensor(0.2689)
tensor(0.2689)
(6, 5, 0, 2, 200000, 'elltwo', 'bitflip', 0.0015620309527264453, 0.0010000000474974513, 95.23146033287048, '2024-07-28 11:43:02', 4, 999)
pval: [0.001] -- 6th test, time elapsed 95.23146033287048 -- emperical power so far (from test_start): 1.0
db insert success
tensor(0.2689)
tensor(0.2689)
(7, 5, 0, 2, 200000, 'elltwo', 'bitflip', 0.0015522732684303264, 0.0010000000474974513, 95.22987866401672, '2024-07-28 11:44:52', 4, 999)
pval: [0.001] -- 7th test, time elapsed 95.22987866401672 -- emperical power so far (from test_start): 1.0
db insert success
tensor(0.2689)
tensor(0.2689)
(8, 5, 0, 2, 200000, 'elltwo', 'bitflip', 0.0014091303860368498, 0.0010000000474974513, 95.24440383911133, '2024-07-28 11:46:36', 4, 999)
pval: [0.001] -- 8th test, time elapsed 95.24440383911133 -- emperical power so far (from test_start): 1.0
db insert success
tensor(0.2689)
tensor(0.2689)
(9, 5, 0, 2, 200000, 'elltwo', 'bitflip', 0.0016291250227027376, 0.0010000000474974513, 95.24754667282104, '2024-07-28 11:48:25', 4, 999)
pval: [0.001] -- 9th test, time elapsed 95.24754667282104 -- emperical power so far (from test_start): 1.0
db insert success
tensor(0.2689)
tensor(0.2689)
(10, 5, 0, 2, 200000, 'elltwo', 'bitflip', 0.001423050195853648, 0.0010000000474974513, 95.25021505355835, '2024-07-28 11:50:14', 4, 999)
pval: [0.001] -- 10th test, time elapsed 95.25021505355835 -- emperical power so far (from test_start): 1.0
db insert success
tensor(0.2689)
tensor(0.2689)
(11, 5, 0, 2, 200000, 'elltwo', 'bitflip', 0.0017203495766864307, 0.0010000000474974513, 95.23876547813416, '2024-07-28 11:51:55', 4, 999)
pval: [0.001] -- 11th test, time elapsed 95.23876547813416 -- emperical power so far (from test_start): 1.0
db insert success
tensor(0.2689)
tensor(0.2689)
(12, 5, 0, 2, 200000, 'elltwo', 'bitflip', 0.0014882290869593362, 0.0010000000474974513, 95.24630188941956, '2024-07-28 11:53:38', 4, 999)
pval: [0.001] -- 12th test, time elapsed 95.24630188941956 -- emperical power so far (from test_start): 1.0
db insert success
tensor(0.2689)
tensor(0.2689)
(13, 5, 0, 2, 200000, 'elltwo', 'bitflip', 0.0015674997064536456, 0.0010000000474974513, 95.21837162971497, '2024-07-28 11:55:22', 4, 999)
pval: [0.001] -- 13th test, time elapsed 95.21837162971497 -- emperical power so far (from test_start): 1.0
db insert success
tensor(0.2689)
tensor(0.2689)
(14, 5, 0, 2, 200000, 'elltwo', 'bitflip', 0.0016405051684671434, 0.0010000000474974513, 95.26072216033936, '2024-07-28 11:57:16', 4, 999)
pval: [0.001] -- 14th test, time elapsed 95.26072216033936 -- emperical power so far (from test_start): 1.0
db insert success
tensor(0.2689)
tensor(0.2689)
(15, 5, 0, 2, 200000, 'elltwo', 'bitflip', 0.0012687867840099898, 0.0010000000474974513, 95.22928595542908, '2024-07-28 11:58:55', 4, 999)
pval: [0.001] -- 15th test, time elapsed 95.22928595542908 -- emperical power so far (from test_start): 1.0
db insert success
tensor(0.2689)
tensor(0.2689)
(16, 5, 0, 2, 200000, 'elltwo', 'bitflip', 0.00161182207924071, 0.0010000000474974513, 95.24567317962646, '2024-07-28 12:00:34', 4, 999)
pval: [0.001] -- 16th test, time elapsed 95.24567317962646 -- emperical power so far (from test_start): 1.0
db insert success
tensor(0.2689)
tensor(0.2689)
(17, 5, 0, 2, 200000, 'elltwo', 'bitflip', 0.001599654783404958, 0.0010000000474974513, 95.22643446922302, '2024-07-28 12:02:17', 4, 999)
pval: [0.001] -- 17th test, time elapsed 95.22643446922302 -- emperical power so far (from test_start): 1.0
db insert success
tensor(0.2689)
tensor(0.2689)
(18, 5, 0, 2, 200000, 'elltwo', 'bitflip', 0.0016087699897582297, 0.0010000000474974513, 95.25025629997253, '2024-07-28 12:03:55', 4, 999)
pval: [0.001] -- 18th test, time elapsed 95.25025629997253 -- emperical power so far (from test_start): 1.0
db insert success
tensor(0.2689)
tensor(0.2689)
(19, 5, 0, 2, 200000, 'elltwo', 'bitflip', 0.0014016399033494054, 0.0010000000474974513, 95.22531723976135, '2024-07-28 12:05:42', 4, 999)
pval: [0.001] -- 19th test, time elapsed 95.22531723976135 -- emperical power so far (from test_start): 1.0
db insert success
tensor(0.2689)
tensor(0.2689)
(20, 5, 0, 2, 200000, 'elltwo', 'bitflip', 0.0014834816091422454, 0.0010000000474974513, 95.2523627281189, '2024-07-28 12:07:30', 4, 999)
pval: [0.001] -- 20th test, time elapsed 95.2523627281189 -- emperical power so far (from test_start): 1.0
db insert success
tensor(0.2689)
tensor(0.2689)
(21, 5, 0, 2, 200000, 'elltwo', 'bitflip', 0.001601245841754917, 0.0010000000474974513, 95.23449063301086, '2024-07-28 12:09:17', 4, 999)
pval: [0.001] -- 21th test, time elapsed 95.23449063301086 -- emperical power so far (from test_start): 1.0
db insert success
tensor(0.2689)
tensor(0.2689)
(22, 5, 0, 2, 200000, 'elltwo', 'bitflip', 0.0016002036639974904, 0.0010000000474974513, 95.26517128944397, '2024-07-28 12:10:55', 4, 999)
pval: [0.001] -- 22th test, time elapsed 95.26517128944397 -- emperical power so far (from test_start): 1.0
db insert success
tensor(0.2689)
tensor(0.2689)
(23, 5, 0, 2, 200000, 'elltwo', 'bitflip', 0.001646461049347181, 0.0010000000474974513, 95.31239938735962, '2024-07-28 12:12:46', 4, 999)
pval: [0.001] -- 23th test, time elapsed 95.31239938735962 -- emperical power so far (from test_start): 1.0
db insert success
tensor(0.2689)
tensor(0.2689)
(24, 5, 0, 2, 200000, 'elltwo', 'bitflip', 0.0017011525141299444, 0.0010000000474974513, 95.32710671424866, '2024-07-28 12:14:26', 4, 999)
pval: [0.001] -- 24th test, time elapsed 95.32710671424866 -- emperical power so far (from test_start): 1.0
db insert success
tensor(0.2689)
tensor(0.2689)
(25, 5, 0, 2, 200000, 'elltwo', 'bitflip', 0.0013036115392992542, 0.0010000000474974513, 95.32452774047852, '2024-07-28 12:16:20', 4, 999)
pval: [0.001] -- 25th test, time elapsed 95.32452774047852 -- emperical power so far (from test_start): 1.0
db insert success
tensor(0.2689)
tensor(0.2689)
(26, 5, 0, 2, 200000, 'elltwo', 'bitflip', 0.0016831256699845198, 0.0010000000474974513, 95.32461380958557, '2024-07-28 12:18:16', 4, 999)
pval: [0.001] -- 26th test, time elapsed 95.32461380958557 -- emperical power so far (from test_start): 1.0
db insert success
tensor(0.2689)
tensor(0.2689)
(27, 5, 0, 2, 200000, 'elltwo', 'bitflip', 0.0015954991550017894, 0.0010000000474974513, 95.31679797172546, '2024-07-28 12:19:52', 4, 999)
pval: [0.001] -- 27th test, time elapsed 95.31679797172546 -- emperical power so far (from test_start): 1.0
db insert success
tensor(0.2689)
tensor(0.2689)
(28, 5, 0, 2, 200000, 'elltwo', 'bitflip', 0.0014171613679820894, 0.0010000000474974513, 95.31353545188904, '2024-07-28 12:21:37', 4, 999)
pval: [0.001] -- 28th test, time elapsed 95.31353545188904 -- emperical power so far (from test_start): 1.0
db insert success
tensor(0.2689)
tensor(0.2689)
(29, 5, 0, 2, 200000, 'elltwo', 'bitflip', 0.0016399686831789495, 0.0010000000474974513, 95.30789637565613, '2024-07-28 12:23:19', 4, 999)
pval: [0.001] -- 29th test, time elapsed 95.30789637565613 -- emperical power so far (from test_start): 1.0
db insert success
tensor(0.2689)
tensor(0.2689)
(30, 5, 0, 2, 200000, 'elltwo', 'bitflip', 0.001690384254828814, 0.0010000000474974513, 95.33388900756836, '2024-07-28 12:24:56', 4, 999)
pval: [0.001] -- 30th test, time elapsed 95.33388900756836 -- emperical power so far (from test_start): 1.0
db insert success
tensor(0.2689)
tensor(0.2689)
(31, 5, 0, 2, 200000, 'elltwo', 'bitflip', 0.001820466103055196, 0.0010000000474974513, 95.3150725364685, '2024-07-28 12:26:38', 4, 999)
pval: [0.001] -- 31th test, time elapsed 95.3150725364685 -- emperical power so far (from test_start): 1.0
db insert success
tensor(0.2689)
tensor(0.2689)
(32, 5, 0, 2, 200000, 'elltwo', 'bitflip', 0.0014443731805329207, 0.0010000000474974513, 95.33531188964844, '2024-07-28 12:28:15', 4, 999)
pval: [0.001] -- 32th test, time elapsed 95.33531188964844 -- emperical power so far (from test_start): 1.0
db insert success
tensor(0.2689)
tensor(0.2689)
(33, 5, 0, 2, 200000, 'elltwo', 'bitflip', 0.0014674479745622193, 0.0010000000474974513, 95.30428004264832, '2024-07-28 12:29:59', 4, 999)
pval: [0.001] -- 33th test, time elapsed 95.30428004264832 -- emperical power so far (from test_start): 1.0
db insert success
tensor(0.2689)
tensor(0.2689)
(34, 5, 0, 2, 200000, 'elltwo', 'bitflip', 0.0016373119150614457, 0.0010000000474974513, 95.32715845108032, '2024-07-28 12:31:47', 4, 999)
pval: [0.001] -- 34th test, time elapsed 95.32715845108032 -- emperical power so far (from test_start): 1.0
db insert success
tensor(0.2689)
tensor(0.2689)
(35, 5, 0, 2, 200000, 'elltwo', 'bitflip', 0.0014981316959961077, 0.0010000000474974513, 95.32258892059326, '2024-07-28 12:33:35', 4, 999)
pval: [0.001] -- 35th test, time elapsed 95.32258892059326 -- emperical power so far (from test_start): 1.0
db insert success
tensor(0.2689)
tensor(0.2689)
(36, 5, 0, 2, 200000, 'elltwo', 'bitflip', 0.0014286152683098408, 0.0010000000474974513, 95.3102195262909, '2024-07-28 12:35:26', 4, 999)
pval: [0.001] -- 36th test, time elapsed 95.3102195262909 -- emperical power so far (from test_start): 1.0
db insert success
tensor(0.2689)
tensor(0.2689)
(37, 5, 0, 2, 200000, 'elltwo', 'bitflip', 0.0017001819205404445, 0.0010000000474974513, 95.303701877594, '2024-07-28 12:37:07', 4, 999)
pval: [0.001] -- 37th test, time elapsed 95.303701877594 -- emperical power so far (from test_start): 1.0
db insert success
tensor(0.2689)
tensor(0.2689)
(38, 5, 0, 2, 200000, 'elltwo', 'bitflip', 0.0017935710689584994, 0.0010000000474974513, 95.3067467212677, '2024-07-28 12:38:50', 4, 999)
pval: [0.001] -- 38th test, time elapsed 95.3067467212677 -- emperical power so far (from test_start): 1.0
db insert success
tensor(0.2689)
tensor(0.2689)
(39, 5, 0, 2, 200000, 'elltwo', 'bitflip', 0.001601724831402862, 0.0010000000474974513, 95.29557347297668, '2024-07-28 12:40:42', 4, 999)
pval: [0.001] -- 39th test, time elapsed 95.29557347297668 -- emperical power so far (from test_start): 1.0
db insert success
tensor(0.2689)
tensor(0.2689)
(40, 5, 0, 2, 200000, 'elltwo', 'bitflip', 0.001143332539157882, 0.0010000000474974513, 95.32207155227661, '2024-07-28 12:42:20', 4, 999)
pval: [0.001] -- 40th test, time elapsed 95.32207155227661 -- emperical power so far (from test_start): 1.0
db insert success
tensor(0.2689)
tensor(0.2689)
(41, 5, 0, 2, 200000, 'elltwo', 'bitflip', 0.0016316869468653294, 0.0010000000474974513, 95.31714987754822, '2024-07-28 12:44:09', 4, 999)
pval: [0.001] -- 41th test, time elapsed 95.31714987754822 -- emperical power so far (from test_start): 1.0
db insert success
tensor(0.2689)
tensor(0.2689)
(42, 5, 0, 2, 200000, 'elltwo', 'bitflip', 0.0017226943794810268, 0.0010000000474974513, 95.33515405654907, '2024-07-28 12:46:01', 4, 999)
pval: [0.001] -- 42th test, time elapsed 95.33515405654907 -- emperical power so far (from test_start): 1.0
db insert success
tensor(0.2689)
tensor(0.2689)
(43, 5, 0, 2, 200000, 'elltwo', 'bitflip', 0.0014608983908317441, 0.0010000000474974513, 95.31234049797058, '2024-07-28 12:47:49', 4, 999)
pval: [0.001] -- 43th test, time elapsed 95.31234049797058 -- emperical power so far (from test_start): 1.0
db insert success
tensor(0.2689)
tensor(0.2689)
(44, 5, 0, 2, 200000, 'elltwo', 'bitflip', 0.0015354573327783783, 0.0010000000474974513, 95.3310935497284, '2024-07-28 12:49:34', 4, 999)
pval: [0.001] -- 44th test, time elapsed 95.3310935497284 -- emperical power so far (from test_start): 1.0
db insert success
tensor(0.2689)
tensor(0.2689)
(45, 5, 0, 2, 200000, 'elltwo', 'bitflip', 0.0016924929786625853, 0.0010000000474974513, 95.31144452095032, '2024-07-28 12:51:23', 4, 999)
pval: [0.001] -- 45th test, time elapsed 95.31144452095032 -- emperical power so far (from test_start): 1.0
db insert success
tensor(0.2689)
tensor(0.2689)
(46, 5, 0, 2, 200000, 'elltwo', 'bitflip', 0.0013625532263858986, 0.0010000000474974513, 95.30633521080017, '2024-07-28 12:53:11', 4, 999)
pval: [0.001] -- 46th test, time elapsed 95.30633521080017 -- emperical power so far (from test_start): 1.0
db insert success
tensor(0.2689)
tensor(0.2689)
(47, 5, 0, 2, 200000, 'elltwo', 'bitflip', 0.0016376485329487878, 0.0010000000474974513, 95.306884765625, '2024-07-28 12:55:04', 4, 999)
pval: [0.001] -- 47th test, time elapsed 95.306884765625 -- emperical power so far (from test_start): 1.0
db insert success
tensor(0.2689)
tensor(0.2689)
(48, 5, 0, 2, 200000, 'elltwo', 'bitflip', 0.0015203504084695396, 0.0010000000474974513, 95.31710004806519, '2024-07-28 12:56:47', 4, 999)
pval: [0.001] -- 48th test, time elapsed 95.31710004806519 -- emperical power so far (from test_start): 1.0
db insert success
tensor(0.2689)
tensor(0.2689)
(49, 5, 0, 2, 200000, 'elltwo', 'bitflip', 0.0015948983546252293, 0.0010000000474974513, 95.31554412841797, '2024-07-28 12:58:37', 4, 999)
pval: [0.001] -- 49th test, time elapsed 95.31554412841797 -- emperical power so far (from test_start): 1.0
db insert success
tensor(0.2689)
tensor(0.2689)
(50, 5, 0, 2, 200000, 'elltwo', 'bitflip', 0.0014549874635463311, 0.0010000000474974513, 95.31446886062622, '2024-07-28 13:00:21', 4, 999)
pval: [0.001] -- 50th test, time elapsed 95.31446886062622 -- emperical power so far (from test_start): 1.0
db insert success
tensor(0.2689)
tensor(0.2689)
(51, 5, 0, 2, 200000, 'elltwo', 'bitflip', 0.0015817742480805919, 0.0010000000474974513, 95.31299901008606, '2024-07-28 13:02:03', 4, 999)
pval: [0.001] -- 51th test, time elapsed 95.31299901008606 -- emperical power so far (from test_start): 1.0
db insert success
tensor(0.2689)
tensor(0.2689)
(52, 5, 0, 2, 200000, 'elltwo', 'bitflip', 0.001550201449731503, 0.0010000000474974513, 95.32449388504028, '2024-07-28 13:03:51', 4, 999)
pval: [0.001] -- 52th test, time elapsed 95.32449388504028 -- emperical power so far (from test_start): 1.0
db insert success
tensor(0.2689)
tensor(0.2689)
(53, 5, 0, 2, 200000, 'elltwo', 'bitflip', 0.0017282058651915122, 0.0010000000474974513, 95.31488561630249, '2024-07-28 13:05:32', 4, 999)
pval: [0.001] -- 53th test, time elapsed 95.31488561630249 -- emperical power so far (from test_start): 1.0
db insert success
tensor(0.2689)
tensor(0.2689)
(54, 5, 0, 2, 200000, 'elltwo', 'bitflip', 0.0016299319775896493, 0.0010000000474974513, 95.3338885307312, '2024-07-28 13:07:25', 4, 999)
pval: [0.001] -- 54th test, time elapsed 95.3338885307312 -- emperical power so far (from test_start): 1.0
db insert success
tensor(0.2689)
tensor(0.2689)
(55, 5, 0, 2, 200000, 'elltwo', 'bitflip', 0.0014561509446480159, 0.0010000000474974513, 95.30298018455505, '2024-07-28 13:09:09', 4, 999)
pval: [0.001] -- 55th test, time elapsed 95.30298018455505 -- emperical power so far (from test_start): 1.0
db insert success
tensor(0.2689)
tensor(0.2689)
(56, 5, 0, 2, 200000, 'elltwo', 'bitflip', 0.0013408452229555223, 0.0010000000474974513, 95.32533717155457, '2024-07-28 13:10:46', 4, 999)
pval: [0.001] -- 56th test, time elapsed 95.32533717155457 -- emperical power so far (from test_start): 1.0
db insert success
tensor(0.2689)
tensor(0.2689)
(57, 5, 0, 2, 200000, 'elltwo', 'bitflip', 0.0016885714769330207, 0.0010000000474974513, 95.33017897605896, '2024-07-28 13:12:27', 4, 999)
pval: [0.001] -- 57th test, time elapsed 95.33017897605896 -- emperical power so far (from test_start): 1.0
db insert success
tensor(0.2689)
tensor(0.2689)
(58, 5, 0, 2, 200000, 'elltwo', 'bitflip', 0.001542749227752438, 0.0010000000474974513, 95.326012134552, '2024-07-28 13:14:19', 4, 999)
pval: [0.001] -- 58th test, time elapsed 95.326012134552 -- emperical power so far (from test_start): 1.0
db insert success
tensor(0.2689)
tensor(0.2689)
(59, 5, 0, 2, 200000, 'elltwo', 'bitflip', 0.0015860511731773386, 0.0010000000474974513, 95.31526303291321, '2024-07-28 13:16:09', 4, 999)
pval: [0.001] -- 59th test, time elapsed 95.31526303291321 -- emperical power so far (from test_start): 1.0
db insert success
tensor(0.2689)
tensor(0.2689)
(60, 5, 0, 2, 200000, 'elltwo', 'bitflip', 0.0018689537852480953, 0.0010000000474974513, 95.3235411643982, '2024-07-28 13:17:56', 4, 999)
pval: [0.001] -- 60th test, time elapsed 95.3235411643982 -- emperical power so far (from test_start): 1.0
db insert success
tensor(0.2689)
tensor(0.2689)
(61, 5, 0, 2, 200000, 'elltwo', 'bitflip', 0.0016789625317983337, 0.0010000000474974513, 95.3048243522644, '2024-07-28 13:19:46', 4, 999)
pval: [0.001] -- 61th test, time elapsed 95.3048243522644 -- emperical power so far (from test_start): 1.0
db insert success
tensor(0.2689)
tensor(0.2689)
(62, 5, 0, 2, 200000, 'elltwo', 'bitflip', 0.0015260166884729642, 0.0010000000474974513, 95.35934329032898, '2024-07-28 13:21:30', 4, 999)
pval: [0.001] -- 62th test, time elapsed 95.35934329032898 -- emperical power so far (from test_start): 1.0
db insert success
tensor(0.2689)
tensor(0.2689)
(63, 5, 0, 2, 200000, 'elltwo', 'bitflip', 0.0015194736210446536, 0.0010000000474974513, 95.42524647712708, '2024-07-28 13:23:13', 4, 999)
pval: [0.001] -- 63th test, time elapsed 95.42524647712708 -- emperical power so far (from test_start): 1.0
db insert success
tensor(0.2689)
tensor(0.2689)
(64, 5, 0, 2, 200000, 'elltwo', 'bitflip', 0.0015651321927521167, 0.0010000000474974513, 95.43730211257935, '2024-07-28 13:24:51', 4, 999)
pval: [0.001] -- 64th test, time elapsed 95.43730211257935 -- emperical power so far (from test_start): 1.0
db insert success
tensor(0.2689)
tensor(0.2689)
(65, 5, 0, 2, 200000, 'elltwo', 'bitflip', 0.0015305945578347746, 0.0010000000474974513, 95.47652888298035, '2024-07-28 13:26:34', 4, 999)
pval: [0.001] -- 65th test, time elapsed 95.47652888298035 -- emperical power so far (from test_start): 1.0
db insert success
tensor(0.2689)
tensor(0.2689)
(66, 5, 0, 2, 200000, 'elltwo', 'bitflip', 0.0019620796154526943, 0.0010000000474974513, 95.6257586479187, '2024-07-28 13:28:21', 4, 999)
pval: [0.001] -- 66th test, time elapsed 95.6257586479187 -- emperical power so far (from test_start): 1.0
db insert success
tensor(0.2689)
tensor(0.2689)
(67, 5, 0, 2, 200000, 'elltwo', 'bitflip', 0.0012757730762871233, 0.0010000000474974513, 95.5525381565094, '2024-07-28 13:29:58', 4, 999)
pval: [0.001] -- 67th test, time elapsed 95.5525381565094 -- emperical power so far (from test_start): 1.0
db insert success
tensor(0.2689)
tensor(0.2689)
(68, 5, 0, 2, 200000, 'elltwo', 'bitflip', 0.0015972458289184033, 0.0010000000474974513, 95.40092372894287, '2024-07-28 13:31:49', 4, 999)
pval: [0.001] -- 68th test, time elapsed 95.40092372894287 -- emperical power so far (from test_start): 1.0
db insert success
tensor(0.2689)
tensor(0.2689)
(69, 5, 0, 2, 200000, 'elltwo', 'bitflip', 0.0016998490387152287, 0.0010000000474974513, 95.40643191337585, '2024-07-28 13:33:39', 4, 999)
pval: [0.001] -- 69th test, time elapsed 95.40643191337585 -- emperical power so far (from test_start): 1.0
db insert success
tensor(0.2689)
tensor(0.2689)
(70, 5, 0, 2, 200000, 'elltwo', 'bitflip', 0.001758837744120001, 0.0010000000474974513, 95.41374850273132, '2024-07-28 13:35:28', 4, 999)
pval: [0.001] -- 70th test, time elapsed 95.41374850273132 -- emperical power so far (from test_start): 1.0
db insert success
tensor(0.2689)
tensor(0.2689)
(71, 5, 0, 2, 200000, 'elltwo', 'bitflip', 0.001538043353178864, 0.0010000000474974513, 95.61758685112, '2024-07-28 13:37:22', 4, 999)
pval: [0.001] -- 71th test, time elapsed 95.61758685112 -- emperical power so far (from test_start): 1.0
db insert success
tensor(0.2689)
tensor(0.2689)
(72, 5, 0, 2, 200000, 'elltwo', 'bitflip', 0.0015815294187007112, 0.0010000000474974513, 95.61970973014832, '2024-07-28 13:39:00', 4, 999)
pval: [0.001] -- 72th test, time elapsed 95.61970973014832 -- emperical power so far (from test_start): 1.0
db insert success
tensor(0.2689)
tensor(0.2689)
(73, 5, 0, 2, 200000, 'elltwo', 'bitflip', 0.0013669631669870341, 0.0010000000474974513, 95.58132481575012, '2024-07-28 13:40:51', 4, 999)
pval: [0.001] -- 73th test, time elapsed 95.58132481575012 -- emperical power so far (from test_start): 1.0
db insert success
tensor(0.2689)
tensor(0.2689)
(74, 5, 0, 2, 200000, 'elltwo', 'bitflip', 0.0014055143883240362, 0.0010000000474974513, 95.55917143821716, '2024-07-28 13:42:32', 4, 999)
pval: [0.001] -- 74th test, time elapsed 95.55917143821716 -- emperical power so far (from test_start): 1.0
db insert success
tensor(0.2689)
tensor(0.2689)
(75, 5, 0, 2, 200000, 'elltwo', 'bitflip', 0.0015275471066900081, 0.0010000000474974513, 95.72695922851562, '2024-07-28 13:44:17', 4, 999)
pval: [0.001] -- 75th test, time elapsed 95.72695922851562 -- emperical power so far (from test_start): 1.0
db insert success
tensor(0.2689)
tensor(0.2689)
(76, 5, 0, 2, 200000, 'elltwo', 'bitflip', 0.0015353067632304374, 0.0010000000474974513, 95.62497568130493, '2024-07-28 13:46:04', 4, 999)
pval: [0.001] -- 76th test, time elapsed 95.62497568130493 -- emperical power so far (from test_start): 1.0
db insert success
tensor(0.2689)
tensor(0.2689)
(77, 5, 0, 2, 200000, 'elltwo', 'bitflip', 0.0014389979468489855, 0.0010000000474974513, 95.64064860343933, '2024-07-28 13:47:42', 4, 999)
pval: [0.001] -- 77th test, time elapsed 95.64064860343933 -- emperical power so far (from test_start): 1.0
db insert success
tensor(0.2689)
tensor(0.2689)
(78, 5, 0, 2, 200000, 'elltwo', 'bitflip', 0.0013559317208660104, 0.0010000000474974513, 95.52637147903442, '2024-07-28 13:49:25', 4, 999)
pval: [0.001] -- 78th test, time elapsed 95.52637147903442 -- emperical power so far (from test_start): 1.0
db insert success
tensor(0.2689)
tensor(0.2689)
(79, 5, 0, 2, 200000, 'elltwo', 'bitflip', 0.0016463558355326313, 0.0010000000474974513, 95.36448097229004, '2024-07-28 13:51:15', 4, 999)
pval: [0.001] -- 79th test, time elapsed 95.36448097229004 -- emperical power so far (from test_start): 1.0
db insert success
tensor(0.2689)
tensor(0.2689)
(80, 5, 0, 2, 200000, 'elltwo', 'bitflip', 0.0014203481701713372, 0.0010000000474974513, 95.61217045783997, '2024-07-28 13:52:54', 4, 999)
pval: [0.001] -- 80th test, time elapsed 95.61217045783997 -- emperical power so far (from test_start): 1.0
db insert success
tensor(0.2689)
tensor(0.2689)
(81, 5, 0, 2, 200000, 'elltwo', 'bitflip', 0.0018959620435055058, 0.0010000000474974513, 95.56403660774231, '2024-07-28 13:54:38', 4, 999)
pval: [0.001] -- 81th test, time elapsed 95.56403660774231 -- emperical power so far (from test_start): 1.0
db insert success
tensor(0.2689)
tensor(0.2689)
(82, 5, 0, 2, 200000, 'elltwo', 'bitflip', 0.0017768611212432006, 0.0010000000474974513, 95.64504480361938, '2024-07-28 13:56:23', 4, 999)
pval: [0.001] -- 82th test, time elapsed 95.64504480361938 -- emperical power so far (from test_start): 1.0
db insert success
tensor(0.2689)
tensor(0.2689)
(83, 5, 0, 2, 200000, 'elltwo', 'bitflip', 0.0014209455054867703, 0.0010000000474974513, 95.58492064476013, '2024-07-28 13:58:11', 4, 999)
pval: [0.001] -- 83th test, time elapsed 95.58492064476013 -- emperical power so far (from test_start): 1.0
db insert success
tensor(0.2689)
tensor(0.2689)
(84, 5, 0, 2, 200000, 'elltwo', 'bitflip', 0.0015156502011279827, 0.0010000000474974513, 95.48486089706421, '2024-07-28 14:00:06', 4, 999)
pval: [0.001] -- 84th test, time elapsed 95.48486089706421 -- emperical power so far (from test_start): 1.0
db insert success
tensor(0.2689)
tensor(0.2689)
(85, 5, 0, 2, 200000, 'elltwo', 'bitflip', 0.0015734249727756833, 0.0010000000474974513, 95.38401818275452, '2024-07-28 14:01:48', 4, 999)
pval: [0.001] -- 85th test, time elapsed 95.38401818275452 -- emperical power so far (from test_start): 1.0
db insert success
tensor(0.2689)
tensor(0.2689)
(86, 5, 0, 2, 200000, 'elltwo', 'bitflip', 0.0015530022598397863, 0.0010000000474974513, 95.64240312576294, '2024-07-28 14:03:25', 4, 999)
pval: [0.001] -- 86th test, time elapsed 95.64240312576294 -- emperical power so far (from test_start): 1.0
db insert success
tensor(0.2689)
tensor(0.2689)
(87, 5, 0, 2, 200000, 'elltwo', 'bitflip', 0.0013584220810969327, 0.0010000000474974513, 95.34939336776733, '2024-07-28 14:05:05', 4, 999)
pval: [0.001] -- 87th test, time elapsed 95.34939336776733 -- emperical power so far (from test_start): 1.0
db insert success
tensor(0.2689)
tensor(0.2689)
(88, 5, 0, 2, 200000, 'elltwo', 'bitflip', 0.0015310545936699782, 0.0010000000474974513, 95.50313305854797, '2024-07-28 14:06:50', 4, 999)
pval: [0.001] -- 88th test, time elapsed 95.50313305854797 -- emperical power so far (from test_start): 1.0
db insert success
tensor(0.2689)
tensor(0.2689)
(89, 5, 0, 2, 200000, 'elltwo', 'bitflip', 0.0014387581625214807, 0.0010000000474974513, 95.46878862380981, '2024-07-28 14:08:38', 4, 999)
pval: [0.001] -- 89th test, time elapsed 95.46878862380981 -- emperical power so far (from test_start): 1.0
db insert success
tensor(0.2689)
tensor(0.2689)
(90, 5, 0, 2, 200000, 'elltwo', 'bitflip', 0.0017806162653641877, 0.0010000000474974513, 95.6270706653595, '2024-07-28 14:10:26', 4, 999)
pval: [0.001] -- 90th test, time elapsed 95.6270706653595 -- emperical power so far (from test_start): 1.0
db insert success
tensor(0.2689)
tensor(0.2689)
(91, 5, 0, 2, 200000, 'elltwo', 'bitflip', 0.001726711041044382, 0.0010000000474974513, 95.64663028717041, '2024-07-28 14:12:07', 4, 999)
pval: [0.001] -- 91th test, time elapsed 95.64663028717041 -- emperical power so far (from test_start): 1.0
db insert success
tensor(0.2689)
tensor(0.2689)
(92, 5, 0, 2, 200000, 'elltwo', 'bitflip', 0.0017328467384913893, 0.0010000000474974513, 95.58355784416199, '2024-07-28 14:14:01', 4, 999)
pval: [0.001] -- 92th test, time elapsed 95.58355784416199 -- emperical power so far (from test_start): 1.0
db insert success
tensor(0.2689)
tensor(0.2689)
(93, 5, 0, 2, 200000, 'elltwo', 'bitflip', 0.002066955993598185, 0.0010000000474974513, 95.52328753471375, '2024-07-28 14:15:57', 4, 999)
pval: [0.001] -- 93th test, time elapsed 95.52328753471375 -- emperical power so far (from test_start): 1.0
db insert success
tensor(0.2689)
tensor(0.2689)
(94, 5, 0, 2, 200000, 'elltwo', 'bitflip', 0.0018091973469722689, 0.0010000000474974513, 95.47295188903809, '2024-07-28 14:17:53', 4, 999)
pval: [0.001] -- 94th test, time elapsed 95.47295188903809 -- emperical power so far (from test_start): 1.0
db insert success
tensor(0.2689)
tensor(0.2689)
(95, 5, 0, 2, 200000, 'elltwo', 'bitflip', 0.0015503021000711215, 0.0010000000474974513, 95.52186012268066, '2024-07-28 14:19:46', 4, 999)
pval: [0.001] -- 95th test, time elapsed 95.52186012268066 -- emperical power so far (from test_start): 1.0
db insert success
tensor(0.2689)
tensor(0.2689)
(96, 5, 0, 2, 200000, 'elltwo', 'bitflip', 0.0017893251068414884, 0.0010000000474974513, 95.36036109924316, '2024-07-28 14:21:36', 4, 999)
pval: [0.001] -- 96th test, time elapsed 95.36036109924316 -- emperical power so far (from test_start): 1.0
db insert success
tensor(0.2689)
tensor(0.2689)
(97, 5, 0, 2, 200000, 'elltwo', 'bitflip', 0.001752850848390608, 0.0010000000474974513, 95.65333151817322, '2024-07-28 14:23:24', 4, 999)
pval: [0.001] -- 97th test, time elapsed 95.65333151817322 -- emperical power so far (from test_start): 1.0
db insert success
tensor(0.2689)
tensor(0.2689)
(98, 5, 0, 2, 200000, 'elltwo', 'bitflip', 0.001835391749466453, 0.0010000000474974513, 95.62031102180481, '2024-07-28 14:25:18', 4, 999)
pval: [0.001] -- 98th test, time elapsed 95.62031102180481 -- emperical power so far (from test_start): 1.0
db insert success
tensor(0.2689)
tensor(0.2689)
(99, 5, 0, 2, 200000, 'elltwo', 'bitflip', 0.0016280236186503316, 0.0010000000474974513, 95.48511528968811, '2024-07-28 14:27:12', 4, 999)
pval: [0.001] -- 99th test, time elapsed 95.48511528968811 -- emperical power so far (from test_start): 1.0
db insert success
tensor(0.2689)
tensor(0.2689)
(100, 5, 0, 2, 200000, 'elltwo', 'bitflip', 0.0015147810866835698, 0.0010000000474974513, 95.6678774356842, '2024-07-28 14:28:57', 4, 999)
pval: [0.001] -- 100th test, time elapsed 95.6678774356842 -- emperical power so far (from test_start): 1.0
db insert success
tensor(0.2689)
tensor(0.2689)
(101, 5, 0, 2, 200000, 'elltwo', 'bitflip', 0.0015074256461673485, 0.0010000000474974513, 95.58090543746948, '2024-07-28 14:30:42', 4, 999)
pval: [0.001] -- 101th test, time elapsed 95.58090543746948 -- emperical power so far (from test_start): 1.0
db insert success
tensor(0.2689)
tensor(0.2689)
(102, 5, 0, 2, 200000, 'elltwo', 'bitflip', 0.0015157270130998768, 0.0010000000474974513, 95.62020182609558, '2024-07-28 14:32:19', 4, 999)
pval: [0.001] -- 102th test, time elapsed 95.62020182609558 -- emperical power so far (from test_start): 1.0
db insert success
tensor(0.2689)
tensor(0.2689)
(103, 5, 0, 2, 200000, 'elltwo', 'bitflip', 0.001564744506652005, 0.0010000000474974513, 95.5821692943573, '2024-07-28 14:34:06', 4, 999)
pval: [0.001] -- 103th test, time elapsed 95.5821692943573 -- emperical power so far (from test_start): 1.0
db insert success
tensor(0.2689)
tensor(0.2689)
(104, 5, 0, 2, 200000, 'elltwo', 'bitflip', 0.0013496124288110423, 0.0010000000474974513, 95.55289149284363, '2024-07-28 14:35:48', 4, 999)
pval: [0.001] -- 104th test, time elapsed 95.55289149284363 -- emperical power so far (from test_start): 1.0
db insert success
tensor(0.2689)
tensor(0.2689)
(105, 5, 0, 2, 200000, 'elltwo', 'bitflip', 0.0017372372323904983, 0.0010000000474974513, 95.33463716506958, '2024-07-28 14:37:31', 4, 999)
pval: [0.001] -- 105th test, time elapsed 95.33463716506958 -- emperical power so far (from test_start): 1.0
db insert success
tensor(0.2689)
tensor(0.2689)
(106, 5, 0, 2, 200000, 'elltwo', 'bitflip', 0.001541501003941903, 0.0010000000474974513, 95.44066739082336, '2024-07-28 14:39:08', 4, 999)
pval: [0.001] -- 106th test, time elapsed 95.44066739082336 -- emperical power so far (from test_start): 1.0
db insert success
tensor(0.2689)
tensor(0.2689)
(107, 5, 0, 2, 200000, 'elltwo', 'bitflip', 0.001788249581522905, 0.0010000000474974513, 95.52933168411255, '2024-07-28 14:40:56', 4, 999)
pval: [0.001] -- 107th test, time elapsed 95.52933168411255 -- emperical power so far (from test_start): 1.0
db insert success
tensor(0.2689)
tensor(0.2689)
(108, 5, 0, 2, 200000, 'elltwo', 'bitflip', 0.001583287181091464, 0.0010000000474974513, 95.50145602226257, '2024-07-28 14:42:51', 4, 999)
pval: [0.001] -- 108th test, time elapsed 95.50145602226257 -- emperical power so far (from test_start): 1.0
db insert success
tensor(0.2689)
tensor(0.2689)
(109, 5, 0, 2, 200000, 'elltwo', 'bitflip', 0.0013388972785719488, 0.0010000000474974513, 95.56513094902039, '2024-07-28 14:44:44', 4, 999)
pval: [0.001] -- 109th test, time elapsed 95.56513094902039 -- emperical power so far (from test_start): 1.0
db insert success
tensor(0.2689)
tensor(0.2689)
(110, 5, 0, 2, 200000, 'elltwo', 'bitflip', 0.0014367716926244611, 0.0010000000474974513, 95.62939834594727, '2024-07-28 14:46:21', 4, 999)
pval: [0.001] -- 110th test, time elapsed 95.62939834594727 -- emperical power so far (from test_start): 1.0
db insert success
tensor(0.2689)
tensor(0.2689)
(111, 5, 0, 2, 200000, 'elltwo', 'bitflip', 0.001704275786778453, 0.0010000000474974513, 95.40928220748901, '2024-07-28 14:48:03', 4, 999)
pval: [0.001] -- 111th test, time elapsed 95.40928220748901 -- emperical power so far (from test_start): 1.0
db insert success
tensor(0.2689)
tensor(0.2689)
(112, 5, 0, 2, 200000, 'elltwo', 'bitflip', 0.0015965803219444297, 0.0010000000474974513, 95.4840190410614, '2024-07-28 14:49:47', 4, 999)
pval: [0.001] -- 112th test, time elapsed 95.4840190410614 -- emperical power so far (from test_start): 1.0
db insert success
tensor(0.2689)
tensor(0.2689)
(113, 5, 0, 2, 200000, 'elltwo', 'bitflip', 0.001683395064162596, 0.0010000000474974513, 95.51928162574768, '2024-07-28 14:51:29', 4, 999)
pval: [0.001] -- 113th test, time elapsed 95.51928162574768 -- emperical power so far (from test_start): 1.0
db insert success
tensor(0.2689)
tensor(0.2689)
(114, 5, 0, 2, 200000, 'elltwo', 'bitflip', 0.0014082994330237852, 0.0010000000474974513, 95.60128092765808, '2024-07-28 14:53:10', 4, 999)
pval: [0.001] -- 114th test, time elapsed 95.60128092765808 -- emperical power so far (from test_start): 1.0
db insert success
tensor(0.2689)
tensor(0.2689)
(115, 5, 0, 2, 200000, 'elltwo', 'bitflip', 0.0015914884855021683, 0.0010000000474974513, 95.47991847991943, '2024-07-28 14:54:49', 4, 999)
pval: [0.001] -- 115th test, time elapsed 95.47991847991943 -- emperical power so far (from test_start): 1.0
db insert success
tensor(0.2689)
tensor(0.2689)
(116, 5, 0, 2, 200000, 'elltwo', 'bitflip', 0.0015147433971947066, 0.0010000000474974513, 95.4431734085083, '2024-07-28 14:56:30', 4, 999)
pval: [0.001] -- 116th test, time elapsed 95.4431734085083 -- emperical power so far (from test_start): 1.0
db insert success
tensor(0.2689)
tensor(0.2689)
(117, 5, 0, 2, 200000, 'elltwo', 'bitflip', 0.0015496278511193395, 0.0010000000474974513, 95.54576778411865, '2024-07-28 14:58:15', 4, 999)
pval: [0.001] -- 117th test, time elapsed 95.54576778411865 -- emperical power so far (from test_start): 1.0
db insert success
tensor(0.2689)
tensor(0.2689)
(118, 5, 0, 2, 200000, 'elltwo', 'bitflip', 0.0016008576747879033, 0.0010000000474974513, 95.59872364997864, '2024-07-28 15:00:01', 4, 999)
pval: [0.001] -- 118th test, time elapsed 95.59872364997864 -- emperical power so far (from test_start): 1.0
db insert success
tensor(0.2689)
tensor(0.2689)
(119, 5, 0, 2, 200000, 'elltwo', 'bitflip', 0.0014861324335697645, 0.0010000000474974513, 95.64796304702759, '2024-07-28 15:01:43', 4, 999)
pval: [0.001] -- 119th test, time elapsed 95.64796304702759 -- emperical power so far (from test_start): 1.0
db insert success
tensor(0.2689)
tensor(0.2689)
(120, 5, 0, 2, 200000, 'elltwo', 'bitflip', 0.0017151978482559116, 0.0010000000474974513, 95.57563471794128, '2024-07-28 15:03:26', 4, 999)
pval: [0.001] -- 120th test, time elapsed 95.57563471794128 -- emperical power so far (from test_start): 1.0
db insert success
tensor(0.2689)
tensor(0.2689)
(121, 5, 0, 2, 200000, 'elltwo', 'bitflip', 0.0018362439871282277, 0.0010000000474974513, 95.59124231338501, '2024-07-28 15:05:07', 4, 999)
pval: [0.001] -- 121th test, time elapsed 95.59124231338501 -- emperical power so far (from test_start): 1.0
db insert success
tensor(0.2689)
tensor(0.2689)
(122, 5, 0, 2, 200000, 'elltwo', 'bitflip', 0.001549357709961896, 0.0010000000474974513, 95.56712746620178, '2024-07-28 15:06:47', 4, 999)
pval: [0.001] -- 122th test, time elapsed 95.56712746620178 -- emperical power so far (from test_start): 1.0
db insert success
tensor(0.2689)
tensor(0.2689)
(123, 5, 0, 2, 200000, 'elltwo', 'bitflip', 0.0015563070534767576, 0.0010000000474974513, 95.53067326545715, '2024-07-28 15:08:39', 4, 999)
pval: [0.001] -- 123th test, time elapsed 95.53067326545715 -- emperical power so far (from test_start): 1.0
db insert success
tensor(0.2689)
tensor(0.2689)
(124, 5, 0, 2, 200000, 'elltwo', 'bitflip', 0.0013146425663421724, 0.0010000000474974513, 95.57408809661865, '2024-07-28 15:10:21', 4, 999)
pval: [0.001] -- 124th test, time elapsed 95.57408809661865 -- emperical power so far (from test_start): 1.0
db insert success
tensor(0.2689)
tensor(0.2689)
(125, 5, 0, 2, 200000, 'elltwo', 'bitflip', 0.001400194410621225, 0.0010000000474974513, 95.30823469161987, '2024-07-28 15:12:07', 4, 999)
pval: [0.001] -- 125th test, time elapsed 95.30823469161987 -- emperical power so far (from test_start): 1.0
db insert success
tensor(0.2689)
tensor(0.2689)
(126, 5, 0, 2, 200000, 'elltwo', 'bitflip', 0.0016411957944910682, 0.0010000000474974513, 95.35450768470764, '2024-07-28 15:13:55', 4, 999)
pval: [0.001] -- 126th test, time elapsed 95.35450768470764 -- emperical power so far (from test_start): 1.0
db insert success
tensor(0.2689)
tensor(0.2689)
(127, 5, 0, 2, 200000, 'elltwo', 'bitflip', 0.0017499827961557912, 0.0010000000474974513, 95.55063366889954, '2024-07-28 15:15:46', 4, 999)
pval: [0.001] -- 127th test, time elapsed 95.55063366889954 -- emperical power so far (from test_start): 1.0
db insert success
tensor(0.2689)
tensor(0.2689)
(128, 5, 0, 2, 200000, 'elltwo', 'bitflip', 0.0015497918874984862, 0.0010000000474974513, 95.61397385597229, '2024-07-28 15:17:27', 4, 999)
pval: [0.001] -- 128th test, time elapsed 95.61397385597229 -- emperical power so far (from test_start): 1.0
db insert success
tensor(0.2689)
tensor(0.2689)
(129, 5, 0, 2, 200000, 'elltwo', 'bitflip', 0.0017160390612787069, 0.0010000000474974513, 95.35204792022705, '2024-07-28 15:19:11', 4, 999)
pval: [0.001] -- 129th test, time elapsed 95.35204792022705 -- emperical power so far (from test_start): 1.0
db insert success
tensor(0.2689)
tensor(0.2689)
(130, 5, 0, 2, 200000, 'elltwo', 'bitflip', 0.0017480978948469783, 0.0010000000474974513, 95.30992937088013, '2024-07-28 15:20:47', 4, 999)
pval: [0.001] -- 130th test, time elapsed 95.30992937088013 -- emperical power so far (from test_start): 1.0
db insert success
tensor(0.2689)
tensor(0.2689)
(131, 5, 0, 2, 200000, 'elltwo', 'bitflip', 0.0016183910979918892, 0.0010000000474974513, 95.32708787918091, '2024-07-28 15:22:31', 4, 999)
pval: [0.001] -- 131th test, time elapsed 95.32708787918091 -- emperical power so far (from test_start): 1.0
db insert success
tensor(0.2689)
tensor(0.2689)
(132, 5, 0, 2, 200000, 'elltwo', 'bitflip', 0.0015897016012331733, 0.0010000000474974513, 95.33694386482239, '2024-07-28 15:24:21', 4, 999)
pval: [0.001] -- 132th test, time elapsed 95.33694386482239 -- emperical power so far (from test_start): 1.0
db insert success
tensor(0.2689)
tensor(0.2689)
(133, 5, 0, 2, 200000, 'elltwo', 'bitflip', 0.001295270385725189, 0.0010000000474974513, 95.36216902732849, '2024-07-28 15:26:04', 4, 999)
pval: [0.001] -- 133th test, time elapsed 95.36216902732849 -- emperical power so far (from test_start): 1.0
db insert success
tensor(0.2689)
tensor(0.2689)
(134, 5, 0, 2, 200000, 'elltwo', 'bitflip', 0.0015547075687720735, 0.0010000000474974513, 95.50691437721252, '2024-07-28 15:27:55', 4, 999)
pval: [0.001] -- 134th test, time elapsed 95.50691437721252 -- emperical power so far (from test_start): 1.0
db insert success
tensor(0.2689)
tensor(0.2689)
(135, 5, 0, 2, 200000, 'elltwo', 'bitflip', 0.0014883356628843103, 0.0010000000474974513, 95.56627774238586, '2024-07-28 15:29:38', 4, 999)
pval: [0.001] -- 135th test, time elapsed 95.56627774238586 -- emperical power so far (from test_start): 1.0
db insert success
tensor(0.2689)
tensor(0.2689)
(136, 5, 0, 2, 200000, 'elltwo', 'bitflip', 0.001568898986960221, 0.0010000000474974513, 95.33694505691528, '2024-07-28 15:31:33', 4, 999)
pval: [0.001] -- 136th test, time elapsed 95.33694505691528 -- emperical power so far (from test_start): 1.0
db insert success
tensor(0.2689)
tensor(0.2689)
(137, 5, 0, 2, 200000, 'elltwo', 'bitflip', 0.0015783570076166598, 0.0010000000474974513, 95.274982213974, '2024-07-28 15:33:10', 4, 999)
pval: [0.001] -- 137th test, time elapsed 95.274982213974 -- emperical power so far (from test_start): 1.0
db insert success
tensor(0.2689)
tensor(0.2689)
(138, 5, 0, 2, 200000, 'elltwo', 'bitflip', 0.0017343276568624333, 0.0010000000474974513, 95.6026451587677, '2024-07-28 15:35:03', 4, 999)
pval: [0.001] -- 138th test, time elapsed 95.6026451587677 -- emperical power so far (from test_start): 1.0
db insert success
tensor(0.2689)
tensor(0.2689)
(139, 5, 0, 2, 200000, 'elltwo', 'bitflip', 0.001665933456138191, 0.0010000000474974513, 95.35571384429932, '2024-07-28 15:36:55', 4, 999)
pval: [0.001] -- 139th test, time elapsed 95.35571384429932 -- emperical power so far (from test_start): 1.0
db insert success
tensor(0.2689)
tensor(0.2689)
(140, 5, 0, 2, 200000, 'elltwo', 'bitflip', 0.0015885366072438956, 0.0010000000474974513, 95.33786797523499, '2024-07-28 15:38:38', 4, 999)
pval: [0.001] -- 140th test, time elapsed 95.33786797523499 -- emperical power so far (from test_start): 1.0
db insert success
tensor(0.2689)
tensor(0.2689)
(141, 5, 0, 2, 200000, 'elltwo', 'bitflip', 0.001775382522396285, 0.0010000000474974513, 95.53580927848816, '2024-07-28 15:40:24', 4, 999)
pval: [0.001] -- 141th test, time elapsed 95.53580927848816 -- emperical power so far (from test_start): 1.0
db insert success
tensor(0.2689)
tensor(0.2689)
(142, 5, 0, 2, 200000, 'elltwo', 'bitflip', 0.0015095444642554412, 0.0010000000474974513, 95.55484557151794, '2024-07-28 15:42:08', 4, 999)
pval: [0.001] -- 142th test, time elapsed 95.55484557151794 -- emperical power so far (from test_start): 1.0
db insert success
tensor(0.2689)
tensor(0.2689)
(143, 5, 0, 2, 200000, 'elltwo', 'bitflip', 0.0016671564339674205, 0.0010000000474974513, 95.36509346961975, '2024-07-28 15:43:57', 4, 999)
pval: [0.001] -- 143th test, time elapsed 95.36509346961975 -- emperical power so far (from test_start): 1.0
db insert success
tensor(0.2689)
tensor(0.2689)
(144, 5, 0, 2, 200000, 'elltwo', 'bitflip', 0.0014594620400316671, 0.0010000000474974513, 95.51840353012085, '2024-07-28 15:45:51', 4, 999)
pval: [0.001] -- 144th test, time elapsed 95.51840353012085 -- emperical power so far (from test_start): 1.0
db insert success
tensor(0.2689)
tensor(0.2689)
(145, 5, 0, 2, 200000, 'elltwo', 'bitflip', 0.00147038953326728, 0.0010000000474974513, 95.58969807624817, '2024-07-28 15:47:37', 4, 999)
pval: [0.001] -- 145th test, time elapsed 95.58969807624817 -- emperical power so far (from test_start): 1.0
db insert success
tensor(0.2689)
tensor(0.2689)
(146, 5, 0, 2, 200000, 'elltwo', 'bitflip', 0.0016728549340996324, 0.0010000000474974513, 95.50555062294006, '2024-07-28 15:49:31', 4, 999)
pval: [0.001] -- 146th test, time elapsed 95.50555062294006 -- emperical power so far (from test_start): 1.0
db insert success
tensor(0.2689)
tensor(0.2689)
(147, 5, 0, 2, 200000, 'elltwo', 'bitflip', 0.0015381493056736417, 0.0010000000474974513, 95.34810614585876, '2024-07-28 15:51:16', 4, 999)
pval: [0.001] -- 147th test, time elapsed 95.34810614585876 -- emperical power so far (from test_start): 1.0
db insert success
tensor(0.2689)
tensor(0.2689)
(148, 5, 0, 2, 200000, 'elltwo', 'bitflip', 0.0013571563204948234, 0.0010000000474974513, 95.3087055683136, '2024-07-28 15:53:09', 4, 999)
pval: [0.001] -- 148th test, time elapsed 95.3087055683136 -- emperical power so far (from test_start): 1.0
db insert success
tensor(0.2689)
tensor(0.2689)
(149, 5, 0, 2, 200000, 'elltwo', 'bitflip', 0.0016574832664275618, 0.0010000000474974513, 95.38672184944153, '2024-07-28 15:54:52', 4, 999)
pval: [0.001] -- 149th test, time elapsed 95.38672184944153 -- emperical power so far (from test_start): 1.0
db insert success
tensor(0.2689)
tensor(0.2689)
(150, 5, 0, 2, 200000, 'elltwo', 'bitflip', 0.0016801054939321602, 0.0010000000474974513, 95.56124591827393, '2024-07-28 15:56:43', 4, 999)
pval: [0.001] -- 150th test, time elapsed 95.56124591827393 -- emperical power so far (from test_start): 1.0
db insert success
tensor(0.2689)
tensor(0.2689)
(151, 5, 0, 2, 200000, 'elltwo', 'bitflip', 0.0014164879495979221, 0.0010000000474974513, 95.53984117507935, '2024-07-28 15:58:24', 4, 999)
pval: [0.001] -- 151th test, time elapsed 95.53984117507935 -- emperical power so far (from test_start): 1.0
db insert success
tensor(0.2689)
tensor(0.2689)
(152, 5, 0, 2, 200000, 'elltwo', 'bitflip', 0.0013049199132524336, 0.0010000000474974513, 95.57323241233826, '2024-07-28 16:00:10', 4, 999)
pval: [0.001] -- 152th test, time elapsed 95.57323241233826 -- emperical power so far (from test_start): 1.0
db insert success
tensor(0.2689)
tensor(0.2689)
(153, 5, 0, 2, 200000, 'elltwo', 'bitflip', 0.0014270327820327111, 0.0010000000474974513, 95.3115885257721, '2024-07-28 16:01:54', 4, 999)
pval: [0.001] -- 153th test, time elapsed 95.3115885257721 -- emperical power so far (from test_start): 1.0
db insert success
tensor(0.2689)
tensor(0.2689)
(154, 5, 0, 2, 200000, 'elltwo', 'bitflip', 0.0015417950052949436, 0.0010000000474974513, 95.33834409713745, '2024-07-28 16:03:47', 4, 999)
pval: [0.001] -- 154th test, time elapsed 95.33834409713745 -- emperical power so far (from test_start): 1.0
db insert success
tensor(0.2689)
tensor(0.2689)
(155, 5, 0, 2, 200000, 'elltwo', 'bitflip', 0.0014499756660200092, 0.0010000000474974513, 95.38467502593994, '2024-07-28 16:05:25', 4, 999)
pval: [0.001] -- 155th test, time elapsed 95.38467502593994 -- emperical power so far (from test_start): 1.0
db insert success
tensor(0.2689)
tensor(0.2689)
(156, 5, 0, 2, 200000, 'elltwo', 'bitflip', 0.001753971269209842, 0.0010000000474974513, 95.29353427886963, '2024-07-28 16:07:16', 4, 999)
pval: [0.001] -- 156th test, time elapsed 95.29353427886963 -- emperical power so far (from test_start): 1.0
db insert success
tensor(0.2689)
tensor(0.2689)
(157, 5, 0, 2, 200000, 'elltwo', 'bitflip', 0.0016236732333823056, 0.0010000000474974513, 95.23360109329224, '2024-07-28 16:09:06', 4, 999)
pval: [0.001] -- 157th test, time elapsed 95.23360109329224 -- emperical power so far (from test_start): 1.0
db insert success
tensor(0.2689)
tensor(0.2689)
(158, 5, 0, 2, 200000, 'elltwo', 'bitflip', 0.0016389914944738848, 0.0010000000474974513, 95.25979113578796, '2024-07-28 16:10:56', 4, 999)
pval: [0.001] -- 158th test, time elapsed 95.25979113578796 -- emperical power so far (from test_start): 1.0
db insert success
tensor(0.2689)
tensor(0.2689)
(159, 5, 0, 2, 200000, 'elltwo', 'bitflip', 0.0013730542048335792, 0.0010000000474974513, 95.24415850639343, '2024-07-28 16:12:44', 4, 999)
pval: [0.001] -- 159th test, time elapsed 95.24415850639343 -- emperical power so far (from test_start): 1.0
db insert success
tensor(0.2689)
tensor(0.2689)
(160, 5, 0, 2, 200000, 'elltwo', 'bitflip', 0.0013923962523563205, 0.0010000000474974513, 95.25184655189514, '2024-07-28 16:14:25', 4, 999)
pval: [0.001] -- 160th test, time elapsed 95.25184655189514 -- emperical power so far (from test_start): 1.0
db insert success
tensor(0.2689)
tensor(0.2689)
(161, 5, 0, 2, 200000, 'elltwo', 'bitflip', 0.001603006791953021, 0.0010000000474974513, 95.25345802307129, '2024-07-28 16:16:06', 4, 999)
pval: [0.001] -- 161th test, time elapsed 95.25345802307129 -- emperical power so far (from test_start): 1.0
db insert success
tensor(0.2689)
tensor(0.2689)
(162, 5, 0, 2, 200000, 'elltwo', 'bitflip', 0.0014597835663892056, 0.0010000000474974513, 95.30921936035156, '2024-07-28 16:17:58', 4, 999)
pval: [0.001] -- 162th test, time elapsed 95.30921936035156 -- emperical power so far (from test_start): 1.0
db insert success
tensor(0.2689)
tensor(0.2689)
(163, 5, 0, 2, 200000, 'elltwo', 'bitflip', 0.0014826819745508146, 0.0010000000474974513, 95.35183119773865, '2024-07-28 16:19:44', 4, 999)
pval: [0.001] -- 163th test, time elapsed 95.35183119773865 -- emperical power so far (from test_start): 1.0
db insert success
tensor(0.2689)
tensor(0.2689)
(164, 5, 0, 2, 200000, 'elltwo', 'bitflip', 0.0013764950313941426, 0.0010000000474974513, 95.35454440116882, '2024-07-28 16:21:34', 4, 999)
pval: [0.001] -- 164th test, time elapsed 95.35454440116882 -- emperical power so far (from test_start): 1.0
db insert success
tensor(0.2689)
tensor(0.2689)
(165, 5, 0, 2, 200000, 'elltwo', 'bitflip', 0.0015376364033841128, 0.0010000000474974513, 95.34166502952576, '2024-07-28 16:23:24', 4, 999)
pval: [0.001] -- 165th test, time elapsed 95.34166502952576 -- emperical power so far (from test_start): 1.0
db insert success
tensor(0.2689)
tensor(0.2689)
(166, 5, 0, 2, 200000, 'elltwo', 'bitflip', 0.0013963696343637366, 0.0010000000474974513, 95.3545868396759, '2024-07-28 16:25:10', 4, 999)
pval: [0.001] -- 166th test, time elapsed 95.3545868396759 -- emperical power so far (from test_start): 1.0
db insert success
tensor(0.2689)
tensor(0.2689)
(167, 5, 0, 2, 200000, 'elltwo', 'bitflip', 0.0015088710507882297, 0.0010000000474974513, 95.38030290603638, '2024-07-28 16:26:56', 4, 999)
pval: [0.001] -- 167th test, time elapsed 95.38030290603638 -- emperical power so far (from test_start): 1.0
db insert success
tensor(0.2689)
tensor(0.2689)
(168, 5, 0, 2, 200000, 'elltwo', 'bitflip', 0.001714948502012703, 0.0010000000474974513, 95.57457566261292, '2024-07-28 16:28:41', 4, 999)
pval: [0.001] -- 168th test, time elapsed 95.57457566261292 -- emperical power so far (from test_start): 1.0
db insert success
tensor(0.2689)
tensor(0.2689)
(169, 5, 0, 2, 200000, 'elltwo', 'bitflip', 0.0016922039412747836, 0.0010000000474974513, 95.34420394897461, '2024-07-28 16:30:30', 4, 999)
pval: [0.001] -- 169th test, time elapsed 95.34420394897461 -- emperical power so far (from test_start): 1.0
db insert success
tensor(0.2689)
tensor(0.2689)
(170, 5, 0, 2, 200000, 'elltwo', 'bitflip', 0.0016284726219453205, 0.0010000000474974513, 95.381432056427, '2024-07-28 16:32:18', 4, 999)
pval: [0.001] -- 170th test, time elapsed 95.381432056427 -- emperical power so far (from test_start): 1.0
db insert success
tensor(0.2689)
tensor(0.2689)
(171, 5, 0, 2, 200000, 'elltwo', 'bitflip', 0.0015957252537646127, 0.0010000000474974513, 95.57981204986572, '2024-07-28 16:34:11', 4, 999)
pval: [0.001] -- 171th test, time elapsed 95.57981204986572 -- emperical power so far (from test_start): 1.0
db insert success
tensor(0.2689)
tensor(0.2689)
(172, 5, 0, 2, 200000, 'elltwo', 'bitflip', 0.0013745668016156287, 0.0010000000474974513, 95.7316164970398, '2024-07-28 16:36:03', 4, 999)
pval: [0.001] -- 172th test, time elapsed 95.7316164970398 -- emperical power so far (from test_start): 1.0
db insert success
tensor(0.2689)
tensor(0.2689)
(173, 5, 0, 2, 200000, 'elltwo', 'bitflip', 0.0015453396477482784, 0.0010000000474974513, 95.67840051651001, '2024-07-28 16:37:47', 4, 999)
pval: [0.001] -- 173th test, time elapsed 95.67840051651001 -- emperical power so far (from test_start): 1.0
db insert success
tensor(0.2689)
tensor(0.2689)
(174, 5, 0, 2, 200000, 'elltwo', 'bitflip', 0.0016260085037345107, 0.0010000000474974513, 95.67676043510437, '2024-07-28 16:39:26', 4, 999)
pval: [0.001] -- 174th test, time elapsed 95.67676043510437 -- emperical power so far (from test_start): 1.0
db insert success
tensor(0.2689)
tensor(0.2689)
(175, 5, 0, 2, 200000, 'elltwo', 'bitflip', 0.0013592365638146475, 0.0010000000474974513, 95.50561738014221, '2024-07-28 16:41:07', 4, 999)
pval: [0.001] -- 175th test, time elapsed 95.50561738014221 -- emperical power so far (from test_start): 1.0
db insert success
tensor(0.2689)
tensor(0.2689)
(176, 5, 0, 2, 200000, 'elltwo', 'bitflip', 0.0018018152904346607, 0.0010000000474974513, 95.48152947425842, '2024-07-28 16:42:54', 4, 999)
pval: [0.001] -- 176th test, time elapsed 95.48152947425842 -- emperical power so far (from test_start): 1.0
db insert success
tensor(0.2689)
tensor(0.2689)
(177, 5, 0, 2, 200000, 'elltwo', 'bitflip', 0.0013841710135693575, 0.0010000000474974513, 95.37961792945862, '2024-07-28 16:44:38', 4, 999)
pval: [0.001] -- 177th test, time elapsed 95.37961792945862 -- emperical power so far (from test_start): 1.0
db insert success
tensor(0.2689)
tensor(0.2689)
(178, 5, 0, 2, 200000, 'elltwo', 'bitflip', 0.0016648154232257184, 0.0010000000474974513, 95.34123682975769, '2024-07-28 16:46:30', 4, 999)
pval: [0.001] -- 178th test, time elapsed 95.34123682975769 -- emperical power so far (from test_start): 1.0
db insert success
tensor(0.2689)
tensor(0.2689)
(179, 5, 0, 2, 200000, 'elltwo', 'bitflip', 0.0015488038142450478, 0.0010000000474974513, 95.4277970790863, '2024-07-28 16:48:10', 4, 999)
pval: [0.001] -- 179th test, time elapsed 95.4277970790863 -- emperical power so far (from test_start): 1.0
db insert success
tensor(0.2689)
tensor(0.2689)
(180, 5, 0, 2, 200000, 'elltwo', 'bitflip', 0.001582229112358391, 0.0010000000474974513, 95.56569027900696, '2024-07-28 16:49:49', 4, 999)
pval: [0.001] -- 180th test, time elapsed 95.56569027900696 -- emperical power so far (from test_start): 1.0
db insert success
tensor(0.2689)
tensor(0.2689)
(181, 5, 0, 2, 200000, 'elltwo', 'bitflip', 0.0013844407082217458, 0.0010000000474974513, 95.35505247116089, '2024-07-28 16:51:29', 4, 999)
pval: [0.001] -- 181th test, time elapsed 95.35505247116089 -- emperical power so far (from test_start): 1.0
db insert success
tensor(0.2689)
tensor(0.2689)
(182, 5, 0, 2, 200000, 'elltwo', 'bitflip', 0.0015954791454078077, 0.0010000000474974513, 95.41428756713867, '2024-07-28 16:53:18', 4, 999)
pval: [0.001] -- 182th test, time elapsed 95.41428756713867 -- emperical power so far (from test_start): 1.0
db insert success
tensor(0.2689)
tensor(0.2689)
(183, 5, 0, 2, 200000, 'elltwo', 'bitflip', 0.0015085488583963524, 0.0010000000474974513, 95.49305629730225, '2024-07-28 16:54:56', 4, 999)
pval: [0.001] -- 183th test, time elapsed 95.49305629730225 -- emperical power so far (from test_start): 1.0
db insert success
tensor(0.2689)
tensor(0.2689)
(184, 5, 0, 2, 200000, 'elltwo', 'bitflip', 0.0015607920345814819, 0.0010000000474974513, 95.46818137168884, '2024-07-28 16:56:42', 4, 999)
pval: [0.001] -- 184th test, time elapsed 95.46818137168884 -- emperical power so far (from test_start): 1.0
db insert success
tensor(0.2689)
tensor(0.2689)
(185, 5, 0, 2, 200000, 'elltwo', 'bitflip', 0.0015411090947736739, 0.0010000000474974513, 95.43221306800842, '2024-07-28 16:58:23', 4, 999)
pval: [0.001] -- 185th test, time elapsed 95.43221306800842 -- emperical power so far (from test_start): 1.0
db insert success
tensor(0.2689)
tensor(0.2689)
(186, 5, 0, 2, 200000, 'elltwo', 'bitflip', 0.0014430900815796122, 0.0010000000474974513, 95.45515775680542, '2024-07-28 17:00:05', 4, 999)
pval: [0.001] -- 186th test, time elapsed 95.45515775680542 -- emperical power so far (from test_start): 1.0
db insert success
tensor(0.2689)
tensor(0.2689)
(187, 5, 0, 2, 200000, 'elltwo', 'bitflip', 0.001686753916573025, 0.0010000000474974513, 95.64569187164307, '2024-07-28 17:01:45', 4, 999)
pval: [0.001] -- 187th test, time elapsed 95.64569187164307 -- emperical power so far (from test_start): 1.0
db insert success
tensor(0.2689)
tensor(0.2689)
(188, 5, 0, 2, 200000, 'elltwo', 'bitflip', 0.0017372909523771796, 0.0010000000474974513, 95.82547330856323, '2024-07-28 17:03:31', 4, 999)
pval: [0.001] -- 188th test, time elapsed 95.82547330856323 -- emperical power so far (from test_start): 1.0
db insert success
tensor(0.2689)
tensor(0.2689)
(189, 5, 0, 2, 200000, 'elltwo', 'bitflip', 0.0017658018009854004, 0.0010000000474974513, 95.69475221633911, '2024-07-28 17:05:14', 4, 999)
pval: [0.001] -- 189th test, time elapsed 95.69475221633911 -- emperical power so far (from test_start): 1.0
db insert success
tensor(0.2689)
tensor(0.2689)
(190, 5, 0, 2, 200000, 'elltwo', 'bitflip', 0.001328615074640993, 0.0010000000474974513, 95.68360924720764, '2024-07-28 17:07:04', 4, 999)
pval: [0.001] -- 190th test, time elapsed 95.68360924720764 -- emperical power so far (from test_start): 1.0
db insert success
tensor(0.2689)
tensor(0.2689)
(191, 5, 0, 2, 200000, 'elltwo', 'bitflip', 0.001305109869321086, 0.0010000000474974513, 95.36163401603699, '2024-07-28 17:08:57', 4, 999)
pval: [0.001] -- 191th test, time elapsed 95.36163401603699 -- emperical power so far (from test_start): 1.0
db insert success
tensor(0.2689)
tensor(0.2689)
(192, 5, 0, 2, 200000, 'elltwo', 'bitflip', 0.0016655238490841384, 0.0010000000474974513, 95.44648861885071, '2024-07-28 17:10:52', 4, 999)
pval: [0.001] -- 192th test, time elapsed 95.44648861885071 -- emperical power so far (from test_start): 1.0
db insert success
tensor(0.2689)
tensor(0.2689)
(193, 5, 0, 2, 200000, 'elltwo', 'bitflip', 0.0015216071724353242, 0.0010000000474974513, 95.48807907104492, '2024-07-28 17:12:28', 4, 999)
pval: [0.001] -- 193th test, time elapsed 95.48807907104492 -- emperical power so far (from test_start): 1.0
db insert success
tensor(0.2689)
tensor(0.2689)
(194, 5, 0, 2, 200000, 'elltwo', 'bitflip', 0.001698029828446579, 0.0010000000474974513, 95.46536087989807, '2024-07-28 17:14:24', 4, 999)
pval: [0.001] -- 194th test, time elapsed 95.46536087989807 -- emperical power so far (from test_start): 1.0
db insert success
tensor(0.2689)
tensor(0.2689)
(195, 5, 0, 2, 200000, 'elltwo', 'bitflip', 0.0014932101013016563, 0.0010000000474974513, 95.3717565536499, '2024-07-28 17:16:02', 4, 999)
pval: [0.001] -- 195th test, time elapsed 95.3717565536499 -- emperical power so far (from test_start): 1.0
db insert success
tensor(0.2689)
tensor(0.2689)
(196, 5, 0, 2, 200000, 'elltwo', 'bitflip', 0.0013492557464189758, 0.0010000000474974513, 95.43259048461914, '2024-07-28 17:17:55', 4, 999)
pval: [0.001] -- 196th test, time elapsed 95.43259048461914 -- emperical power so far (from test_start): 1.0
db insert success
tensor(0.2689)
tensor(0.2689)
(197, 5, 0, 2, 200000, 'elltwo', 'bitflip', 0.0014738136624430354, 0.0010000000474974513, 95.42652177810669, '2024-07-28 17:19:43', 4, 999)
pval: [0.001] -- 197th test, time elapsed 95.42652177810669 -- emperical power so far (from test_start): 1.0
db insert success
tensor(0.2689)
tensor(0.2689)
(198, 5, 0, 2, 200000, 'elltwo', 'bitflip', 0.0015927652588914043, 0.0010000000474974513, 95.36327075958252, '2024-07-28 17:21:36', 4, 999)
pval: [0.001] -- 198th test, time elapsed 95.36327075958252 -- emperical power so far (from test_start): 1.0
db insert success
tensor(0.2689)
tensor(0.2689)
(199, 5, 0, 2, 200000, 'elltwo', 'bitflip', 0.0017280159235042447, 0.0010000000474974513, 95.31974720954895, '2024-07-28 17:23:24', 4, 999)
pval: [0.001] -- 199th test, time elapsed 95.31974720954895 -- emperical power so far (from test_start): 1.0
db insert success
tensor(0.2689)
tensor(0.2689)
(200, 5, 0, 2, 200000, 'elltwo', 'bitflip', 0.001433807802982301, 0.0010000000474974513, 95.1936981678009, '2024-07-28 17:25:10', 4, 999)
pval: [0.001] -- 200th test, time elapsed 95.1936981678009 -- emperical power so far (from test_start): 1.0
db insert success
21128.05074238777
