bitflipelltwo, alpha=1, sample size=360000
#########################################
tensor(0.3775)
tensor(0.3775)
(1, 5, 0, 1, 360000, 'elltwo', 'bitflip', 0.0004094734271689049, 0.0010000000474974513, 177.42355108261108, '2024-07-28 07:36:44', 4, 999)
pval: [0.001] -- 1th test, time elapsed 177.42355108261108 -- emperical power so far (from test_start): 1.0
db insert success
tensor(0.3775)
tensor(0.3775)
(2, 5, 0, 1, 360000, 'elltwo', 'bitflip', 0.0003334495157787387, 0.0010000000474974513, 177.77864170074463, '2024-07-28 07:39:54', 4, 999)
pval: [0.001] -- 2th test, time elapsed 177.77864170074463 -- emperical power so far (from test_start): 1.0
db insert success
tensor(0.3775)
tensor(0.3775)
(3, 5, 0, 1, 360000, 'elltwo', 'bitflip', 0.00045492278138681286, 0.0010000000474974513, 177.71937155723572, '2024-07-28 07:43:13', 4, 999)
pval: [0.001] -- 3th test, time elapsed 177.71937155723572 -- emperical power so far (from test_start): 1.0
db insert success
tensor(0.3775)
tensor(0.3775)
(4, 5, 0, 1, 360000, 'elltwo', 'bitflip', 0.00045508705511565495, 0.0010000000474974513, 178.083327293396, '2024-07-28 07:46:26', 4, 999)
pval: [0.001] -- 4th test, time elapsed 178.083327293396 -- emperical power so far (from test_start): 1.0
db insert success
tensor(0.3775)
tensor(0.3775)
(5, 5, 0, 1, 360000, 'elltwo', 'bitflip', 0.0003566082292536521, 0.0010000000474974513, 178.61363124847412, '2024-07-28 07:49:46', 4, 999)
pval: [0.001] -- 5th test, time elapsed 178.61363124847412 -- emperical power so far (from test_start): 1.0
db insert success
tensor(0.3775)
tensor(0.3775)
(6, 5, 0, 1, 360000, 'elltwo', 'bitflip', 0.0005553821798685021, 0.0010000000474974513, 178.07184505462646, '2024-07-28 07:52:49', 4, 999)
pval: [0.001] -- 6th test, time elapsed 178.07184505462646 -- emperical power so far (from test_start): 1.0
db insert success
tensor(0.3775)
tensor(0.3775)
(7, 5, 0, 1, 360000, 'elltwo', 'bitflip', 0.0004898972786122613, 0.0010000000474974513, 177.99994134902954, '2024-07-28 07:55:48', 4, 999)
pval: [0.001] -- 7th test, time elapsed 177.99994134902954 -- emperical power so far (from test_start): 1.0
db insert success
tensor(0.3775)
tensor(0.3775)
(8, 5, 0, 1, 360000, 'elltwo', 'bitflip', 0.0004450403559417282, 0.0010000000474974513, 177.3408362865448, '2024-07-28 07:59:02', 4, 999)
pval: [0.001] -- 8th test, time elapsed 177.3408362865448 -- emperical power so far (from test_start): 1.0
db insert success
tensor(0.3775)
tensor(0.3775)
(9, 5, 0, 1, 360000, 'elltwo', 'bitflip', 0.000559704637169034, 0.0010000000474974513, 178.40067315101624, '2024-07-28 08:02:02', 4, 999)
pval: [0.001] -- 9th test, time elapsed 178.40067315101624 -- emperical power so far (from test_start): 1.0
db insert success
tensor(0.3775)
tensor(0.3775)
(10, 5, 0, 1, 360000, 'elltwo', 'bitflip', 0.00043702493690034316, 0.0010000000474974513, 178.11869168281555, '2024-07-28 08:05:12', 4, 999)
pval: [0.001] -- 10th test, time elapsed 178.11869168281555 -- emperical power so far (from test_start): 1.0
db insert success
tensor(0.3775)
tensor(0.3775)
(11, 5, 0, 1, 360000, 'elltwo', 'bitflip', 0.0003608004660122788, 0.0010000000474974513, 178.2249035835266, '2024-07-28 08:08:13', 4, 999)
pval: [0.001] -- 11th test, time elapsed 178.2249035835266 -- emperical power so far (from test_start): 1.0
db insert success
tensor(0.3775)
tensor(0.3775)
(12, 5, 0, 1, 360000, 'elltwo', 'bitflip', 0.0004836378388404228, 0.0010000000474974513, 178.82689356803894, '2024-07-28 08:11:32', 4, 999)
pval: [0.001] -- 12th test, time elapsed 178.82689356803894 -- emperical power so far (from test_start): 1.0
db insert success
tensor(0.3775)
tensor(0.3775)
(13, 5, 0, 1, 360000, 'elltwo', 'bitflip', 0.0004449001949637932, 0.0010000000474974513, 178.85523986816406, '2024-07-28 08:14:34', 4, 999)
pval: [0.001] -- 13th test, time elapsed 178.85523986816406 -- emperical power so far (from test_start): 1.0
db insert success
tensor(0.3775)
tensor(0.3775)
(14, 5, 0, 1, 360000, 'elltwo', 'bitflip', 0.000355667195492515, 0.0010000000474974513, 178.22878789901733, '2024-07-28 08:17:41', 4, 999)
pval: [0.001] -- 14th test, time elapsed 178.22878789901733 -- emperical power so far (from test_start): 1.0
db insert success
tensor(0.3775)
tensor(0.3775)
(15, 5, 0, 1, 360000, 'elltwo', 'bitflip', 0.0003865376828002809, 0.0010000000474974513, 178.2998561859131, '2024-07-28 08:20:47', 4, 999)
pval: [0.001] -- 15th test, time elapsed 178.2998561859131 -- emperical power so far (from test_start): 1.0
db insert success
tensor(0.3775)
tensor(0.3775)
(16, 5, 0, 1, 360000, 'elltwo', 'bitflip', 0.00041642413754061636, 0.0010000000474974513, 177.88063621520996, '2024-07-28 08:23:50', 4, 999)
pval: [0.001] -- 16th test, time elapsed 177.88063621520996 -- emperical power so far (from test_start): 1.0
db insert success
tensor(0.3775)
tensor(0.3775)
(17, 5, 0, 1, 360000, 'elltwo', 'bitflip', 0.000565555687842334, 0.0010000000474974513, 178.51297998428345, '2024-07-28 08:26:53', 4, 999)
pval: [0.001] -- 17th test, time elapsed 178.51297998428345 -- emperical power so far (from test_start): 1.0
db insert success
tensor(0.3775)
tensor(0.3775)
(18, 5, 0, 1, 360000, 'elltwo', 'bitflip', 0.0005103585086772, 0.0010000000474974513, 178.79086685180664, '2024-07-28 08:29:57', 4, 999)
pval: [0.001] -- 18th test, time elapsed 178.79086685180664 -- emperical power so far (from test_start): 1.0
db insert success
tensor(0.3775)
tensor(0.3775)
(19, 5, 0, 1, 360000, 'elltwo', 'bitflip', 0.0004282891617322093, 0.0010000000474974513, 178.39726448059082, '2024-07-28 08:33:04', 4, 999)
pval: [0.001] -- 19th test, time elapsed 178.39726448059082 -- emperical power so far (from test_start): 1.0
db insert success
tensor(0.3775)
tensor(0.3775)
(20, 5, 0, 1, 360000, 'elltwo', 'bitflip', 0.000491966895481255, 0.0010000000474974513, 178.29220342636108, '2024-07-28 08:36:17', 4, 999)
pval: [0.001] -- 20th test, time elapsed 178.29220342636108 -- emperical power so far (from test_start): 1.0
db insert success
tensor(0.3775)
tensor(0.3775)
(21, 5, 0, 1, 360000, 'elltwo', 'bitflip', 0.00046120726574372384, 0.0010000000474974513, 177.4671127796173, '2024-07-28 08:39:25', 4, 999)
pval: [0.001] -- 21th test, time elapsed 177.4671127796173 -- emperical power so far (from test_start): 1.0
db insert success
tensor(0.3775)
tensor(0.3775)
(22, 5, 0, 1, 360000, 'elltwo', 'bitflip', 0.0004361473243079672, 0.0010000000474974513, 177.9538974761963, '2024-07-28 08:42:29', 4, 999)
pval: [0.001] -- 22th test, time elapsed 177.9538974761963 -- emperical power so far (from test_start): 1.0
db insert success
tensor(0.3775)
tensor(0.3775)
(23, 5, 0, 1, 360000, 'elltwo', 'bitflip', 0.0005915639005706907, 0.0010000000474974513, 177.3836269378662, '2024-07-28 08:45:32', 4, 999)
pval: [0.001] -- 23th test, time elapsed 177.3836269378662 -- emperical power so far (from test_start): 1.0
db insert success
tensor(0.3775)
tensor(0.3775)
(24, 5, 0, 1, 360000, 'elltwo', 'bitflip', 0.0003161174412866785, 0.0010000000474974513, 178.86535501480103, '2024-07-28 08:48:48', 4, 999)
pval: [0.001] -- 24th test, time elapsed 178.86535501480103 -- emperical power so far (from test_start): 1.0
db insert success
tensor(0.3775)
tensor(0.3775)
(25, 5, 0, 1, 360000, 'elltwo', 'bitflip', 0.00047236410688356045, 0.0010000000474974513, 177.9251947402954, '2024-07-28 08:52:03', 4, 999)
pval: [0.001] -- 25th test, time elapsed 177.9251947402954 -- emperical power so far (from test_start): 1.0
db insert success
tensor(0.3775)
tensor(0.3775)
(26, 5, 0, 1, 360000, 'elltwo', 'bitflip', 0.0003232608749499377, 0.0010000000474974513, 178.2642526626587, '2024-07-28 08:55:13', 4, 999)
pval: [0.001] -- 26th test, time elapsed 178.2642526626587 -- emperical power so far (from test_start): 1.0
db insert success
tensor(0.3775)
tensor(0.3775)
(27, 5, 0, 1, 360000, 'elltwo', 'bitflip', 0.0003623570049171576, 0.0010000000474974513, 177.99230885505676, '2024-07-28 08:58:25', 4, 999)
pval: [0.001] -- 27th test, time elapsed 177.99230885505676 -- emperical power so far (from test_start): 1.0
db insert success
tensor(0.3775)
tensor(0.3775)
(28, 5, 0, 1, 360000, 'elltwo', 'bitflip', 0.0003915484937806468, 0.0010000000474974513, 177.557475566864, '2024-07-28 09:01:39', 4, 999)
pval: [0.001] -- 28th test, time elapsed 177.557475566864 -- emperical power so far (from test_start): 1.0
db insert success
tensor(0.3775)
tensor(0.3775)
(29, 5, 0, 1, 360000, 'elltwo', 'bitflip', 0.0004758159197990608, 0.0010000000474974513, 177.3686511516571, '2024-07-28 09:04:53', 4, 999)
pval: [0.001] -- 29th test, time elapsed 177.3686511516571 -- emperical power so far (from test_start): 1.0
db insert success
tensor(0.3775)
tensor(0.3775)
(30, 5, 0, 1, 360000, 'elltwo', 'bitflip', 0.0005134245238878066, 0.0010000000474974513, 177.58526396751404, '2024-07-28 09:07:58', 4, 999)
pval: [0.001] -- 30th test, time elapsed 177.58526396751404 -- emperical power so far (from test_start): 1.0
db insert success
tensor(0.3775)
tensor(0.3775)
(31, 5, 0, 1, 360000, 'elltwo', 'bitflip', 0.00029847611403965857, 0.0010000000474974513, 177.44077610969543, '2024-07-28 09:11:02', 4, 999)
pval: [0.001] -- 31th test, time elapsed 177.44077610969543 -- emperical power so far (from test_start): 1.0
db insert success
tensor(0.3775)
tensor(0.3775)
(32, 5, 0, 1, 360000, 'elltwo', 'bitflip', 0.0004456036579085776, 0.0010000000474974513, 177.1860852241516, '2024-07-28 09:14:14', 4, 999)
pval: [0.001] -- 32th test, time elapsed 177.1860852241516 -- emperical power so far (from test_start): 1.0
db insert success
tensor(0.3775)
tensor(0.3775)
(33, 5, 0, 1, 360000, 'elltwo', 'bitflip', 0.000447758239772611, 0.0010000000474974513, 177.59188961982727, '2024-07-28 09:17:27', 4, 999)
pval: [0.001] -- 33th test, time elapsed 177.59188961982727 -- emperical power so far (from test_start): 1.0
db insert success
tensor(0.3775)
tensor(0.3775)
(34, 5, 0, 1, 360000, 'elltwo', 'bitflip', 0.00044510955927989926, 0.0010000000474974513, 177.4438304901123, '2024-07-28 09:20:34', 4, 999)
pval: [0.001] -- 34th test, time elapsed 177.4438304901123 -- emperical power so far (from test_start): 1.0
db insert success
tensor(0.3775)
tensor(0.3775)
(35, 5, 0, 1, 360000, 'elltwo', 'bitflip', 0.000410459900706428, 0.0010000000474974513, 177.70135116577148, '2024-07-28 09:23:35', 4, 999)
pval: [0.001] -- 35th test, time elapsed 177.70135116577148 -- emperical power so far (from test_start): 1.0
db insert success
tensor(0.3775)
tensor(0.3775)
(36, 5, 0, 1, 360000, 'elltwo', 'bitflip', 0.000463444821491521, 0.0010000000474974513, 177.59665966033936, '2024-07-28 09:26:39', 4, 999)
pval: [0.001] -- 36th test, time elapsed 177.59665966033936 -- emperical power so far (from test_start): 1.0
db insert success
tensor(0.3775)
tensor(0.3775)
(37, 5, 0, 1, 360000, 'elltwo', 'bitflip', 0.00045523417196591254, 0.0010000000474974513, 177.4544072151184, '2024-07-28 09:29:52', 4, 999)
pval: [0.001] -- 37th test, time elapsed 177.4544072151184 -- emperical power so far (from test_start): 1.0
db insert success
tensor(0.3775)
tensor(0.3775)
(38, 5, 0, 1, 360000, 'elltwo', 'bitflip', 0.00038487706700607305, 0.0010000000474974513, 177.71158695220947, '2024-07-28 09:33:04', 4, 999)
pval: [0.001] -- 38th test, time elapsed 177.71158695220947 -- emperical power so far (from test_start): 1.0
db insert success
tensor(0.3775)
tensor(0.3775)
(39, 5, 0, 1, 360000, 'elltwo', 'bitflip', 0.0003450429600206917, 0.0010000000474974513, 177.825834274292, '2024-07-28 09:36:05', 4, 999)
pval: [0.001] -- 39th test, time elapsed 177.825834274292 -- emperical power so far (from test_start): 1.0
db insert success
tensor(0.3775)
tensor(0.3775)
(40, 5, 0, 1, 360000, 'elltwo', 'bitflip', 0.00041319069390510776, 0.0010000000474974513, 177.6638321876526, '2024-07-28 09:39:18', 4, 999)
pval: [0.001] -- 40th test, time elapsed 177.6638321876526 -- emperical power so far (from test_start): 1.0
db insert success
tensor(0.3775)
tensor(0.3775)
(41, 5, 0, 1, 360000, 'elltwo', 'bitflip', 0.0003794668359091702, 0.0010000000474974513, 177.44361329078674, '2024-07-28 09:42:30', 4, 999)
pval: [0.001] -- 41th test, time elapsed 177.44361329078674 -- emperical power so far (from test_start): 1.0
db insert success
tensor(0.3775)
tensor(0.3775)
(42, 5, 0, 1, 360000, 'elltwo', 'bitflip', 0.00041923394792320323, 0.0010000000474974513, 177.4084289073944, '2024-07-28 09:45:46', 4, 999)
pval: [0.001] -- 42th test, time elapsed 177.4084289073944 -- emperical power so far (from test_start): 1.0
db insert success
tensor(0.3775)
tensor(0.3775)
(43, 5, 0, 1, 360000, 'elltwo', 'bitflip', 0.00047115486495385994, 0.0010000000474974513, 177.7860496044159, '2024-07-28 09:49:01', 4, 999)
pval: [0.001] -- 43th test, time elapsed 177.7860496044159 -- emperical power so far (from test_start): 1.0
db insert success
tensor(0.3775)
tensor(0.3775)
(44, 5, 0, 1, 360000, 'elltwo', 'bitflip', 0.00039788305139154545, 0.0010000000474974513, 177.2611141204834, '2024-07-28 09:52:13', 4, 999)
pval: [0.001] -- 44th test, time elapsed 177.2611141204834 -- emperical power so far (from test_start): 1.0
db insert success
tensor(0.3775)
tensor(0.3775)
(45, 5, 0, 1, 360000, 'elltwo', 'bitflip', 0.0005684033636725871, 0.0010000000474974513, 177.30291557312012, '2024-07-28 09:55:27', 4, 999)
pval: [0.001] -- 45th test, time elapsed 177.30291557312012 -- emperical power so far (from test_start): 1.0
db insert success
tensor(0.3775)
tensor(0.3775)
(46, 5, 0, 1, 360000, 'elltwo', 'bitflip', 0.00030430272011017223, 0.0010000000474974513, 177.1367690563202, '2024-07-28 09:58:27', 4, 999)
pval: [0.001] -- 46th test, time elapsed 177.1367690563202 -- emperical power so far (from test_start): 1.0
db insert success
tensor(0.3775)
tensor(0.3775)
(47, 5, 0, 1, 360000, 'elltwo', 'bitflip', 0.0005248408548368388, 0.0010000000474974513, 177.16557216644287, '2024-07-28 10:01:36', 4, 999)
pval: [0.001] -- 47th test, time elapsed 177.16557216644287 -- emperical power so far (from test_start): 1.0
db insert success
tensor(0.3775)
tensor(0.3775)
(48, 5, 0, 1, 360000, 'elltwo', 'bitflip', 0.00043947942725708344, 0.0010000000474974513, 177.66033363342285, '2024-07-28 10:04:49', 4, 999)
pval: [0.001] -- 48th test, time elapsed 177.66033363342285 -- emperical power so far (from test_start): 1.0
db insert success
tensor(0.3775)
tensor(0.3775)
(49, 5, 0, 1, 360000, 'elltwo', 'bitflip', 0.00040021327583872335, 0.0010000000474974513, 177.67007684707642, '2024-07-28 10:07:53', 4, 999)
pval: [0.001] -- 49th test, time elapsed 177.67007684707642 -- emperical power so far (from test_start): 1.0
db insert success
tensor(0.3775)
tensor(0.3775)
(50, 5, 0, 1, 360000, 'elltwo', 'bitflip', 0.0005305411424387785, 0.0010000000474974513, 177.52675223350525, '2024-07-28 10:11:00', 4, 999)
pval: [0.001] -- 50th test, time elapsed 177.52675223350525 -- emperical power so far (from test_start): 1.0
db insert success
tensor(0.3775)
tensor(0.3775)
(51, 5, 0, 1, 360000, 'elltwo', 'bitflip', 0.000409844632201839, 0.0010000000474974513, 177.4461166858673, '2024-07-28 10:14:05', 4, 999)
pval: [0.001] -- 51th test, time elapsed 177.4461166858673 -- emperical power so far (from test_start): 1.0
db insert success
tensor(0.3775)
tensor(0.3775)
(52, 5, 0, 1, 360000, 'elltwo', 'bitflip', 0.0003491146289889002, 0.0010000000474974513, 177.3562023639679, '2024-07-28 10:17:08', 4, 999)
pval: [0.001] -- 52th test, time elapsed 177.3562023639679 -- emperical power so far (from test_start): 1.0
db insert success
tensor(0.3775)
tensor(0.3775)
(53, 5, 0, 1, 360000, 'elltwo', 'bitflip', 0.00044052527817939335, 0.0010000000474974513, 177.5773811340332, '2024-07-28 10:20:18', 4, 999)
pval: [0.001] -- 53th test, time elapsed 177.5773811340332 -- emperical power so far (from test_start): 1.0
db insert success
tensor(0.3775)
tensor(0.3775)
(54, 5, 0, 1, 360000, 'elltwo', 'bitflip', 0.000421623346881006, 0.0010000000474974513, 177.34223580360413, '2024-07-28 10:23:23', 4, 999)
pval: [0.001] -- 54th test, time elapsed 177.34223580360413 -- emperical power so far (from test_start): 1.0
db insert success
tensor(0.3775)
tensor(0.3775)
(55, 5, 0, 1, 360000, 'elltwo', 'bitflip', 0.00033143277062208654, 0.0010000000474974513, 177.41795349121094, '2024-07-28 10:26:38', 4, 999)
pval: [0.001] -- 55th test, time elapsed 177.41795349121094 -- emperical power so far (from test_start): 1.0
db insert success
tensor(0.3775)
tensor(0.3775)
(56, 5, 0, 1, 360000, 'elltwo', 'bitflip', 0.00046595132602078593, 0.0010000000474974513, 177.4681315422058, '2024-07-28 10:29:51', 4, 999)
pval: [0.001] -- 56th test, time elapsed 177.4681315422058 -- emperical power so far (from test_start): 1.0
db insert success
tensor(0.3775)
tensor(0.3775)
(57, 5, 0, 1, 360000, 'elltwo', 'bitflip', 0.0005469260987638336, 0.0010000000474974513, 177.28853273391724, '2024-07-28 10:33:04', 4, 999)
pval: [0.001] -- 57th test, time elapsed 177.28853273391724 -- emperical power so far (from test_start): 1.0
db insert success
tensor(0.3775)
tensor(0.3775)
(58, 5, 0, 1, 360000, 'elltwo', 'bitflip', 0.0004364091656157143, 0.0010000000474974513, 177.34368348121643, '2024-07-28 10:36:21', 4, 999)
pval: [0.001] -- 58th test, time elapsed 177.34368348121643 -- emperical power so far (from test_start): 1.0
db insert success
tensor(0.3775)
tensor(0.3775)
(59, 5, 0, 1, 360000, 'elltwo', 'bitflip', 0.0003985701011401943, 0.0010000000474974513, 177.32885313034058, '2024-07-28 10:39:38', 4, 999)
pval: [0.001] -- 59th test, time elapsed 177.32885313034058 -- emperical power so far (from test_start): 1.0
db insert success
tensor(0.3775)
tensor(0.3775)
(60, 5, 0, 1, 360000, 'elltwo', 'bitflip', 0.0004226009939998221, 0.0010000000474974513, 177.66983723640442, '2024-07-28 10:42:48', 4, 999)
pval: [0.001] -- 60th test, time elapsed 177.66983723640442 -- emperical power so far (from test_start): 1.0
db insert success
tensor(0.3775)
tensor(0.3775)
(61, 5, 0, 1, 360000, 'elltwo', 'bitflip', 0.00045960787565491046, 0.0010000000474974513, 177.16943407058716, '2024-07-28 10:46:05', 4, 999)
pval: [0.001] -- 61th test, time elapsed 177.16943407058716 -- emperical power so far (from test_start): 1.0
db insert success
tensor(0.3775)
tensor(0.3775)
(62, 5, 0, 1, 360000, 'elltwo', 'bitflip', 0.0004794048923031369, 0.0010000000474974513, 177.2825973033905, '2024-07-28 10:49:13', 4, 999)
pval: [0.001] -- 62th test, time elapsed 177.2825973033905 -- emperical power so far (from test_start): 1.0
db insert success
tensor(0.3775)
tensor(0.3775)
(63, 5, 0, 1, 360000, 'elltwo', 'bitflip', 0.0004812605403685666, 0.0010000000474974513, 177.6766288280487, '2024-07-28 10:52:23', 4, 999)
pval: [0.001] -- 63th test, time elapsed 177.6766288280487 -- emperical power so far (from test_start): 1.0
db insert success
tensor(0.3775)
tensor(0.3775)
(64, 5, 0, 1, 360000, 'elltwo', 'bitflip', 0.0005798683202442589, 0.0010000000474974513, 177.7510802745819, '2024-07-28 10:55:31', 4, 999)
pval: [0.001] -- 64th test, time elapsed 177.7510802745819 -- emperical power so far (from test_start): 1.0
db insert success
tensor(0.3775)
tensor(0.3775)
(65, 5, 0, 1, 360000, 'elltwo', 'bitflip', 0.0003350906521291108, 0.0010000000474974513, 178.091628074646, '2024-07-28 10:58:45', 4, 999)
pval: [0.001] -- 65th test, time elapsed 178.091628074646 -- emperical power so far (from test_start): 1.0
db insert success
tensor(0.3775)
tensor(0.3775)
(66, 5, 0, 1, 360000, 'elltwo', 'bitflip', 0.0005128114030981124, 0.0010000000474974513, 177.83888721466064, '2024-07-28 11:01:48', 4, 999)
pval: [0.001] -- 66th test, time elapsed 177.83888721466064 -- emperical power so far (from test_start): 1.0
db insert success
tensor(0.3775)
tensor(0.3775)
(67, 5, 0, 1, 360000, 'elltwo', 'bitflip', 0.0003828253239817059, 0.0010000000474974513, 178.56824731826782, '2024-07-28 11:05:00', 4, 999)
pval: [0.001] -- 67th test, time elapsed 178.56824731826782 -- emperical power so far (from test_start): 1.0
db insert success
tensor(0.3775)
tensor(0.3775)
(68, 5, 0, 1, 360000, 'elltwo', 'bitflip', 0.0005042113995159525, 0.0010000000474974513, 178.66391706466675, '2024-07-28 11:08:05', 4, 999)
pval: [0.001] -- 68th test, time elapsed 178.66391706466675 -- emperical power so far (from test_start): 1.0
db insert success
tensor(0.3775)
tensor(0.3775)
(69, 5, 0, 1, 360000, 'elltwo', 'bitflip', 0.0005139304354315755, 0.0010000000474974513, 178.11761736869812, '2024-07-28 11:11:15', 4, 999)
pval: [0.001] -- 69th test, time elapsed 178.11761736869812 -- emperical power so far (from test_start): 1.0
db insert success
tensor(0.3775)
tensor(0.3775)
(70, 5, 0, 1, 360000, 'elltwo', 'bitflip', 0.00040077672855431956, 0.0010000000474974513, 178.32568645477295, '2024-07-28 11:14:18', 4, 999)
pval: [0.001] -- 70th test, time elapsed 178.32568645477295 -- emperical power so far (from test_start): 1.0
db insert success
tensor(0.3775)
tensor(0.3775)
(71, 5, 0, 1, 360000, 'elltwo', 'bitflip', 0.00032660791265470834, 0.0010000000474974513, 177.5826027393341, '2024-07-28 11:17:20', 4, 999)
pval: [0.001] -- 71th test, time elapsed 177.5826027393341 -- emperical power so far (from test_start): 1.0
db insert success
tensor(0.3775)
tensor(0.3775)
(72, 5, 0, 1, 360000, 'elltwo', 'bitflip', 0.00038498818815924096, 0.0010000000474974513, 178.08286452293396, '2024-07-28 11:20:21', 4, 999)
pval: [0.001] -- 72th test, time elapsed 178.08286452293396 -- emperical power so far (from test_start): 1.0
db insert success
tensor(0.3775)
tensor(0.3775)
(73, 5, 0, 1, 360000, 'elltwo', 'bitflip', 0.00040369439938103824, 0.0010000000474974513, 178.32374954223633, '2024-07-28 11:23:29', 4, 999)
pval: [0.001] -- 73th test, time elapsed 178.32374954223633 -- emperical power so far (from test_start): 1.0
db insert success
tensor(0.3775)
tensor(0.3775)
(74, 5, 0, 1, 360000, 'elltwo', 'bitflip', 0.00045675435757175364, 0.0010000000474974513, 178.5463318824768, '2024-07-28 11:26:33', 4, 999)
pval: [0.001] -- 74th test, time elapsed 178.5463318824768 -- emperical power so far (from test_start): 1.0
db insert success
tensor(0.3775)
tensor(0.3775)
(75, 5, 0, 1, 360000, 'elltwo', 'bitflip', 0.000467127091326347, 0.0010000000474974513, 178.69711422920227, '2024-07-28 11:29:44', 4, 999)
pval: [0.001] -- 75th test, time elapsed 178.69711422920227 -- emperical power so far (from test_start): 1.0
db insert success
tensor(0.3775)
tensor(0.3775)
(76, 5, 0, 1, 360000, 'elltwo', 'bitflip', 0.00028596348164455776, 0.0010000000474974513, 178.5659625530243, '2024-07-28 11:32:49', 4, 999)
pval: [0.001] -- 76th test, time elapsed 178.5659625530243 -- emperical power so far (from test_start): 1.0
db insert success
tensor(0.3775)
tensor(0.3775)
(77, 5, 0, 1, 360000, 'elltwo', 'bitflip', 0.0002942218561656773, 0.0010000000474974513, 178.12766194343567, '2024-07-28 11:35:51', 4, 999)
pval: [0.001] -- 77th test, time elapsed 178.12766194343567 -- emperical power so far (from test_start): 1.0
db insert success
tensor(0.3775)
tensor(0.3775)
(78, 5, 0, 1, 360000, 'elltwo', 'bitflip', 0.0004741058090758088, 0.0010000000474974513, 178.31887674331665, '2024-07-28 11:39:06', 4, 999)
pval: [0.001] -- 78th test, time elapsed 178.31887674331665 -- emperical power so far (from test_start): 1.0
db insert success
tensor(0.3775)
tensor(0.3775)
(79, 5, 0, 1, 360000, 'elltwo', 'bitflip', 0.0005318544698411642, 0.0010000000474974513, 178.11543488502502, '2024-07-28 11:42:06', 4, 999)
pval: [0.001] -- 79th test, time elapsed 178.11543488502502 -- emperical power so far (from test_start): 1.0
db insert success
tensor(0.3775)
tensor(0.3775)
(80, 5, 0, 1, 360000, 'elltwo', 'bitflip', 0.0003931016880187599, 0.0010000000474974513, 178.05344676971436, '2024-07-28 11:45:17', 4, 999)
pval: [0.001] -- 80th test, time elapsed 178.05344676971436 -- emperical power so far (from test_start): 1.0
db insert success
tensor(0.3775)
tensor(0.3775)
(81, 5, 0, 1, 360000, 'elltwo', 'bitflip', 0.0005660684288386619, 0.0010000000474974513, 178.43939518928528, '2024-07-28 11:48:17', 4, 999)
pval: [0.001] -- 81th test, time elapsed 178.43939518928528 -- emperical power so far (from test_start): 1.0
db insert success
tensor(0.3775)
tensor(0.3775)
(82, 5, 0, 1, 360000, 'elltwo', 'bitflip', 0.00039553921612878185, 0.0010000000474974513, 178.71653294563293, '2024-07-28 11:51:31', 4, 999)
pval: [0.001] -- 82th test, time elapsed 178.71653294563293 -- emperical power so far (from test_start): 1.0
db insert success
tensor(0.3775)
tensor(0.3775)
(83, 5, 0, 1, 360000, 'elltwo', 'bitflip', 0.0005174280892106253, 0.0010000000474974513, 178.25165438652039, '2024-07-28 11:54:42', 4, 999)
pval: [0.001] -- 83th test, time elapsed 178.25165438652039 -- emperical power so far (from test_start): 1.0
db insert success
tensor(0.3775)
tensor(0.3775)
(84, 5, 0, 1, 360000, 'elltwo', 'bitflip', 0.0006164068003613465, 0.0010000000474974513, 178.75635361671448, '2024-07-28 11:57:51', 4, 999)
pval: [0.001] -- 84th test, time elapsed 178.75635361671448 -- emperical power so far (from test_start): 1.0
db insert success
tensor(0.3775)
tensor(0.3775)
(85, 5, 0, 1, 360000, 'elltwo', 'bitflip', 0.00047746609328669365, 0.0010000000474974513, 177.94362688064575, '2024-07-28 12:01:09', 4, 999)
pval: [0.001] -- 85th test, time elapsed 177.94362688064575 -- emperical power so far (from test_start): 1.0
db insert success
tensor(0.3775)
tensor(0.3775)
(86, 5, 0, 1, 360000, 'elltwo', 'bitflip', 0.0003019131986548018, 0.0010000000474974513, 178.6602487564087, '2024-07-28 12:04:28', 4, 999)
pval: [0.001] -- 86th test, time elapsed 178.6602487564087 -- emperical power so far (from test_start): 1.0
db insert success
tensor(0.3775)
tensor(0.3775)
(87, 5, 0, 1, 360000, 'elltwo', 'bitflip', 0.00045280999211172457, 0.0010000000474974513, 178.64228081703186, '2024-07-28 12:07:47', 4, 999)
pval: [0.001] -- 87th test, time elapsed 178.64228081703186 -- emperical power so far (from test_start): 1.0
db insert success
tensor(0.3775)
tensor(0.3775)
(88, 5, 0, 1, 360000, 'elltwo', 'bitflip', 0.0005400680858542728, 0.0010000000474974513, 178.06133222579956, '2024-07-28 12:10:57', 4, 999)
pval: [0.001] -- 88th test, time elapsed 178.06133222579956 -- emperical power so far (from test_start): 1.0
db insert success
tensor(0.3775)
tensor(0.3775)
(89, 5, 0, 1, 360000, 'elltwo', 'bitflip', 0.0003703877944190026, 0.0010000000474974513, 178.09665083885193, '2024-07-28 12:13:58', 4, 999)
pval: [0.001] -- 89th test, time elapsed 178.09665083885193 -- emperical power so far (from test_start): 1.0
db insert success
tensor(0.3775)
tensor(0.3775)
(90, 5, 0, 1, 360000, 'elltwo', 'bitflip', 0.0005956189286848712, 0.0010000000474974513, 178.43678975105286, '2024-07-28 12:17:10', 4, 999)
pval: [0.001] -- 90th test, time elapsed 178.43678975105286 -- emperical power so far (from test_start): 1.0
db insert success
tensor(0.3775)
tensor(0.3775)
(91, 5, 0, 1, 360000, 'elltwo', 'bitflip', 0.0004887859727205068, 0.0010000000474974513, 178.81333184242249, '2024-07-28 12:20:15', 4, 999)
pval: [0.001] -- 91th test, time elapsed 178.81333184242249 -- emperical power so far (from test_start): 1.0
db insert success
tensor(0.3775)
tensor(0.3775)
(92, 5, 0, 1, 360000, 'elltwo', 'bitflip', 0.0005848428114632043, 0.0010000000474974513, 178.60660529136658, '2024-07-28 12:23:22', 4, 999)
pval: [0.001] -- 92th test, time elapsed 178.60660529136658 -- emperical power so far (from test_start): 1.0
db insert success
tensor(0.3775)
tensor(0.3775)
(93, 5, 0, 1, 360000, 'elltwo', 'bitflip', 0.00035291034822648726, 0.0010000000474974513, 178.67349696159363, '2024-07-28 12:26:32', 4, 999)
pval: [0.001] -- 93th test, time elapsed 178.67349696159363 -- emperical power so far (from test_start): 1.0
db insert success
tensor(0.3775)
tensor(0.3775)
(94, 5, 0, 1, 360000, 'elltwo', 'bitflip', 0.0005642464479365117, 0.0010000000474974513, 178.68011331558228, '2024-07-28 12:29:36', 4, 999)
pval: [0.001] -- 94th test, time elapsed 178.68011331558228 -- emperical power so far (from test_start): 1.0
db insert success
tensor(0.3775)
tensor(0.3775)
(95, 5, 0, 1, 360000, 'elltwo', 'bitflip', 0.00044411418230083655, 0.0010000000474974513, 179.01055097579956, '2024-07-28 12:32:39', 4, 999)
pval: [0.001] -- 95th test, time elapsed 179.01055097579956 -- emperical power so far (from test_start): 1.0
db insert success
tensor(0.3775)
tensor(0.3775)
(96, 5, 0, 1, 360000, 'elltwo', 'bitflip', 0.0003996300355879612, 0.0010000000474974513, 177.82815504074097, '2024-07-28 12:35:39', 4, 999)
pval: [0.001] -- 96th test, time elapsed 177.82815504074097 -- emperical power so far (from test_start): 1.0
db insert success
tensor(0.3775)
tensor(0.3775)
(97, 5, 0, 1, 360000, 'elltwo', 'bitflip', 0.0004860371417407805, 0.0010000000474974513, 177.7532021999359, '2024-07-28 12:38:48', 4, 999)
pval: [0.001] -- 97th test, time elapsed 177.7532021999359 -- emperical power so far (from test_start): 1.0
db insert success
tensor(0.3775)
tensor(0.3775)
(98, 5, 0, 1, 360000, 'elltwo', 'bitflip', 0.0004523426267724062, 0.0010000000474974513, 178.40647435188293, '2024-07-28 12:41:48', 4, 999)
pval: [0.001] -- 98th test, time elapsed 178.40647435188293 -- emperical power so far (from test_start): 1.0
db insert success
tensor(0.3775)
tensor(0.3775)
(99, 5, 0, 1, 360000, 'elltwo', 'bitflip', 0.0005480930169028397, 0.0010000000474974513, 178.17639183998108, '2024-07-28 12:44:59', 4, 999)
pval: [0.001] -- 99th test, time elapsed 178.17639183998108 -- emperical power so far (from test_start): 1.0
db insert success
tensor(0.3775)
tensor(0.3775)
(100, 5, 0, 1, 360000, 'elltwo', 'bitflip', 0.0005114150922622684, 0.0010000000474974513, 178.46265578269958, '2024-07-28 12:48:07', 4, 999)
pval: [0.001] -- 100th test, time elapsed 178.46265578269958 -- emperical power so far (from test_start): 1.0
db insert success
tensor(0.3775)
tensor(0.3775)
(101, 5, 0, 1, 360000, 'elltwo', 'bitflip', 0.0005545331868574976, 0.0010000000474974513, 178.06800603866577, '2024-07-28 12:51:24', 4, 999)
pval: [0.001] -- 101th test, time elapsed 178.06800603866577 -- emperical power so far (from test_start): 1.0
db insert success
tensor(0.3775)
tensor(0.3775)
(102, 5, 0, 1, 360000, 'elltwo', 'bitflip', 0.00039922226380895154, 0.0010000000474974513, 178.3211693763733, '2024-07-28 12:54:37', 4, 999)
pval: [0.001] -- 102th test, time elapsed 178.3211693763733 -- emperical power so far (from test_start): 1.0
db insert success
tensor(0.3775)
tensor(0.3775)
(103, 5, 0, 1, 360000, 'elltwo', 'bitflip', 0.000513324955193184, 0.0010000000474974513, 178.9912302494049, '2024-07-28 12:57:55', 4, 999)
pval: [0.001] -- 103th test, time elapsed 178.9912302494049 -- emperical power so far (from test_start): 1.0
db insert success
tensor(0.3775)
tensor(0.3775)
(104, 5, 0, 1, 360000, 'elltwo', 'bitflip', 0.0005027274262374704, 0.0010000000474974513, 178.36589908599854, '2024-07-28 13:01:04', 4, 999)
pval: [0.001] -- 104th test, time elapsed 178.36589908599854 -- emperical power so far (from test_start): 1.0
db insert success
tensor(0.3775)
tensor(0.3775)
(105, 5, 0, 1, 360000, 'elltwo', 'bitflip', 0.0004346260147940484, 0.0010000000474974513, 178.2484154701233, '2024-07-28 13:04:17', 4, 999)
pval: [0.001] -- 105th test, time elapsed 178.2484154701233 -- emperical power so far (from test_start): 1.0
db insert success
tensor(0.3775)
tensor(0.3775)
(106, 5, 0, 1, 360000, 'elltwo', 'bitflip', 0.0003843698478362967, 0.0010000000474974513, 178.35178899765015, '2024-07-28 13:07:19', 4, 999)
pval: [0.001] -- 106th test, time elapsed 178.35178899765015 -- emperical power so far (from test_start): 1.0
db insert success
tensor(0.3775)
tensor(0.3775)
(107, 5, 0, 1, 360000, 'elltwo', 'bitflip', 0.0003801207556648478, 0.0010000000474974513, 178.72315073013306, '2024-07-28 13:10:34', 4, 999)
pval: [0.001] -- 107th test, time elapsed 178.72315073013306 -- emperical power so far (from test_start): 1.0
db insert success
tensor(0.3775)
tensor(0.3775)
(108, 5, 0, 1, 360000, 'elltwo', 'bitflip', 0.0004465865781639877, 0.0010000000474974513, 178.48604726791382, '2024-07-28 13:13:37', 4, 999)
pval: [0.001] -- 108th test, time elapsed 178.48604726791382 -- emperical power so far (from test_start): 1.0
db insert success
tensor(0.3775)
tensor(0.3775)
(109, 5, 0, 1, 360000, 'elltwo', 'bitflip', 0.0003619097748810418, 0.0010000000474974513, 178.65916347503662, '2024-07-28 13:16:47', 4, 999)
pval: [0.001] -- 109th test, time elapsed 178.65916347503662 -- emperical power so far (from test_start): 1.0
db insert success
tensor(0.3775)
tensor(0.3775)
(110, 5, 0, 1, 360000, 'elltwo', 'bitflip', 0.0004862365406097524, 0.0010000000474974513, 178.3381462097168, '2024-07-28 13:20:05', 4, 999)
pval: [0.001] -- 110th test, time elapsed 178.3381462097168 -- emperical power so far (from test_start): 1.0
db insert success
tensor(0.3775)
tensor(0.3775)
(111, 5, 0, 1, 360000, 'elltwo', 'bitflip', 0.0005149144940332917, 0.0010000000474974513, 177.90328812599182, '2024-07-28 13:23:12', 4, 999)
pval: [0.001] -- 111th test, time elapsed 177.90328812599182 -- emperical power so far (from test_start): 1.0
db insert success
tensor(0.3775)
tensor(0.3775)
(112, 5, 0, 1, 360000, 'elltwo', 'bitflip', 0.0004410765324109889, 0.0010000000474974513, 178.04303693771362, '2024-07-28 13:26:18', 4, 999)
pval: [0.001] -- 112th test, time elapsed 178.04303693771362 -- emperical power so far (from test_start): 1.0
db insert success
tensor(0.3775)
tensor(0.3775)
(113, 5, 0, 1, 360000, 'elltwo', 'bitflip', 0.0005255178985521525, 0.0010000000474974513, 179.25528216362, '2024-07-28 13:29:36', 4, 999)
pval: [0.001] -- 113th test, time elapsed 179.25528216362 -- emperical power so far (from test_start): 1.0
db insert success
tensor(0.3775)
tensor(0.3775)
(114, 5, 0, 1, 360000, 'elltwo', 'bitflip', 0.00045823950881640485, 0.0010000000474974513, 179.27622985839844, '2024-07-28 13:32:53', 4, 999)
pval: [0.001] -- 114th test, time elapsed 179.27622985839844 -- emperical power so far (from test_start): 1.0
db insert success
tensor(0.3775)
tensor(0.3775)
(115, 5, 0, 1, 360000, 'elltwo', 'bitflip', 0.00045710450046954065, 0.0010000000474974513, 178.61653351783752, '2024-07-28 13:35:57', 4, 999)
pval: [0.001] -- 115th test, time elapsed 178.61653351783752 -- emperical power so far (from test_start): 1.0
db insert success
tensor(0.3775)
tensor(0.3775)
(116, 5, 0, 1, 360000, 'elltwo', 'bitflip', 0.0004901204897578282, 0.0010000000474974513, 177.35726857185364, '2024-07-28 13:39:02', 4, 999)
pval: [0.001] -- 116th test, time elapsed 177.35726857185364 -- emperical power so far (from test_start): 1.0
db insert success
tensor(0.3775)
tensor(0.3775)
(117, 5, 0, 1, 360000, 'elltwo', 'bitflip', 0.000376740994283864, 0.0010000000474974513, 177.07810258865356, '2024-07-28 13:42:13', 4, 999)
pval: [0.001] -- 117th test, time elapsed 177.07810258865356 -- emperical power so far (from test_start): 1.0
db insert success
tensor(0.3775)
tensor(0.3775)
(118, 5, 0, 1, 360000, 'elltwo', 'bitflip', 0.0004430361272511618, 0.0010000000474974513, 177.6341736316681, '2024-07-28 13:45:30', 4, 999)
pval: [0.001] -- 118th test, time elapsed 177.6341736316681 -- emperical power so far (from test_start): 1.0
db insert success
tensor(0.3775)
tensor(0.3775)
(119, 5, 0, 1, 360000, 'elltwo', 'bitflip', 0.0004256876260342324, 0.0010000000474974513, 178.67005825042725, '2024-07-28 13:48:42', 4, 999)
pval: [0.001] -- 119th test, time elapsed 178.67005825042725 -- emperical power so far (from test_start): 1.0
db insert success
tensor(0.3775)
tensor(0.3775)
(120, 5, 0, 1, 360000, 'elltwo', 'bitflip', 0.00047769376220685444, 0.0010000000474974513, 177.79259538650513, '2024-07-28 13:51:45', 4, 999)
pval: [0.001] -- 120th test, time elapsed 177.79259538650513 -- emperical power so far (from test_start): 1.0
db insert success
tensor(0.3775)
tensor(0.3775)
(121, 5, 0, 1, 360000, 'elltwo', 'bitflip', 0.0005400879997523589, 0.0010000000474974513, 177.56174445152283, '2024-07-28 13:55:00', 4, 999)
pval: [0.001] -- 121th test, time elapsed 177.56174445152283 -- emperical power so far (from test_start): 1.0
db insert success
tensor(0.3775)
tensor(0.3775)
(122, 5, 0, 1, 360000, 'elltwo', 'bitflip', 0.00041643561183946076, 0.0010000000474974513, 177.27076935768127, '2024-07-28 13:57:59', 4, 999)
pval: [0.001] -- 122th test, time elapsed 177.27076935768127 -- emperical power so far (from test_start): 1.0
db insert success
tensor(0.3775)
tensor(0.3775)
(123, 5, 0, 1, 360000, 'elltwo', 'bitflip', 0.00045549299710501145, 0.0010000000474974513, 177.83186316490173, '2024-07-28 14:01:12', 4, 999)
pval: [0.001] -- 123th test, time elapsed 177.83186316490173 -- emperical power so far (from test_start): 1.0
db insert success
tensor(0.3775)
tensor(0.3775)
(124, 5, 0, 1, 360000, 'elltwo', 'bitflip', 0.000464570522581198, 0.0010000000474974513, 177.57008528709412, '2024-07-28 14:04:14', 4, 999)
pval: [0.001] -- 124th test, time elapsed 177.57008528709412 -- emperical power so far (from test_start): 1.0
db insert success
tensor(0.3775)
tensor(0.3775)
(125, 5, 0, 1, 360000, 'elltwo', 'bitflip', 0.00034502168318795157, 0.0010000000474974513, 177.47209072113037, '2024-07-28 14:07:20', 4, 999)
pval: [0.001] -- 125th test, time elapsed 177.47209072113037 -- emperical power so far (from test_start): 1.0
db insert success
tensor(0.3775)
tensor(0.3775)
(126, 5, 0, 1, 360000, 'elltwo', 'bitflip', 0.0003757173976737249, 0.0010000000474974513, 178.57917547225952, '2024-07-28 14:10:26', 4, 999)
pval: [0.001] -- 126th test, time elapsed 178.57917547225952 -- emperical power so far (from test_start): 1.0
db insert success
tensor(0.3775)
tensor(0.3775)
(127, 5, 0, 1, 360000, 'elltwo', 'bitflip', 0.00045037635408107235, 0.0010000000474974513, 179.12940049171448, '2024-07-28 14:13:32', 4, 999)
pval: [0.001] -- 127th test, time elapsed 179.12940049171448 -- emperical power so far (from test_start): 1.0
db insert success
tensor(0.3775)
tensor(0.3775)
(128, 5, 0, 1, 360000, 'elltwo', 'bitflip', 0.0004926981017661092, 0.0010000000474974513, 178.6359987258911, '2024-07-28 14:16:41', 4, 999)
pval: [0.001] -- 128th test, time elapsed 178.6359987258911 -- emperical power so far (from test_start): 1.0
db insert success
tensor(0.3775)
tensor(0.3775)
(129, 5, 0, 1, 360000, 'elltwo', 'bitflip', 0.00045110768053291395, 0.0010000000474974513, 178.72579669952393, '2024-07-28 14:20:01', 4, 999)
pval: [0.001] -- 129th test, time elapsed 178.72579669952393 -- emperical power so far (from test_start): 1.0
db insert success
tensor(0.3775)
tensor(0.3775)
(130, 5, 0, 1, 360000, 'elltwo', 'bitflip', 0.00042784891059000074, 0.0010000000474974513, 178.0011067390442, '2024-07-28 14:23:10', 4, 999)
pval: [0.001] -- 130th test, time elapsed 178.0011067390442 -- emperical power so far (from test_start): 1.0
db insert success
tensor(0.3775)
tensor(0.3775)
(131, 5, 0, 1, 360000, 'elltwo', 'bitflip', 0.0003090813448238805, 0.0010000000474974513, 177.9198498725891, '2024-07-28 14:26:09', 4, 999)
pval: [0.001] -- 131th test, time elapsed 177.9198498725891 -- emperical power so far (from test_start): 1.0
db insert success
tensor(0.3775)
tensor(0.3775)
(132, 5, 0, 1, 360000, 'elltwo', 'bitflip', 0.00036455639605037504, 0.0010000000474974513, 177.7310664653778, '2024-07-28 14:29:28', 4, 999)
pval: [0.001] -- 132th test, time elapsed 177.7310664653778 -- emperical power so far (from test_start): 1.0
db insert success
tensor(0.3775)
tensor(0.3775)
(133, 5, 0, 1, 360000, 'elltwo', 'bitflip', 0.0004635618069528391, 0.0010000000474974513, 178.13587927818298, '2024-07-28 14:32:40', 4, 999)
pval: [0.001] -- 133th test, time elapsed 178.13587927818298 -- emperical power so far (from test_start): 1.0
db insert success
tensor(0.3775)
tensor(0.3775)
(134, 5, 0, 1, 360000, 'elltwo', 'bitflip', 0.00036893426056394674, 0.0010000000474974513, 178.281658411026, '2024-07-28 14:35:47', 4, 999)
pval: [0.001] -- 134th test, time elapsed 178.281658411026 -- emperical power so far (from test_start): 1.0
db insert success
tensor(0.3775)
tensor(0.3775)
(135, 5, 0, 1, 360000, 'elltwo', 'bitflip', 0.0003701799975033282, 0.0010000000474974513, 178.47993183135986, '2024-07-28 14:39:05', 4, 999)
pval: [0.001] -- 135th test, time elapsed 178.47993183135986 -- emperical power so far (from test_start): 1.0
db insert success
tensor(0.3775)
tensor(0.3775)
(136, 5, 0, 1, 360000, 'elltwo', 'bitflip', 0.0004838803552047466, 0.0010000000474974513, 178.11486339569092, '2024-07-28 14:42:18', 4, 999)
pval: [0.001] -- 136th test, time elapsed 178.11486339569092 -- emperical power so far (from test_start): 1.0
db insert success
tensor(0.3775)
tensor(0.3775)
(137, 5, 0, 1, 360000, 'elltwo', 'bitflip', 0.00028958952583479913, 0.0010000000474974513, 177.57690358161926, '2024-07-28 14:45:21', 4, 999)
pval: [0.001] -- 137th test, time elapsed 177.57690358161926 -- emperical power so far (from test_start): 1.0
db insert success
tensor(0.3775)
tensor(0.3775)
(138, 5, 0, 1, 360000, 'elltwo', 'bitflip', 0.0005457007346763021, 0.0010000000474974513, 177.844633102417, '2024-07-28 14:48:21', 4, 999)
pval: [0.001] -- 138th test, time elapsed 177.844633102417 -- emperical power so far (from test_start): 1.0
db insert success
tensor(0.3775)
tensor(0.3775)
(139, 5, 0, 1, 360000, 'elltwo', 'bitflip', 0.0004966364508049992, 0.0010000000474974513, 179.02833342552185, '2024-07-28 14:51:23', 4, 999)
pval: [0.001] -- 139th test, time elapsed 179.02833342552185 -- emperical power so far (from test_start): 1.0
db insert success
tensor(0.3775)
tensor(0.3775)
(140, 5, 0, 1, 360000, 'elltwo', 'bitflip', 0.0004037791188125084, 0.0010000000474974513, 177.93126559257507, '2024-07-28 14:54:40', 4, 999)
pval: [0.001] -- 140th test, time elapsed 177.93126559257507 -- emperical power so far (from test_start): 1.0
db insert success
tensor(0.3775)
tensor(0.3775)
(141, 5, 0, 1, 360000, 'elltwo', 'bitflip', 0.00045281914242423227, 0.0010000000474974513, 178.45573616027832, '2024-07-28 14:57:46', 4, 999)
pval: [0.001] -- 141th test, time elapsed 178.45573616027832 -- emperical power so far (from test_start): 1.0
db insert success
tensor(0.3775)
tensor(0.3775)
(142, 5, 0, 1, 360000, 'elltwo', 'bitflip', 0.0004781671943874244, 0.0010000000474974513, 177.95472025871277, '2024-07-28 15:00:52', 4, 999)
pval: [0.001] -- 142th test, time elapsed 177.95472025871277 -- emperical power so far (from test_start): 1.0
db insert success
tensor(0.3775)
tensor(0.3775)
(143, 5, 0, 1, 360000, 'elltwo', 'bitflip', 0.0005140061627457726, 0.0010000000474974513, 177.91625237464905, '2024-07-28 15:03:57', 4, 999)
pval: [0.001] -- 143th test, time elapsed 177.91625237464905 -- emperical power so far (from test_start): 1.0
db insert success
tensor(0.3775)
tensor(0.3775)
(144, 5, 0, 1, 360000, 'elltwo', 'bitflip', 0.00046296559099801016, 0.0010000000474974513, 178.14164781570435, '2024-07-28 15:07:00', 4, 999)
pval: [0.001] -- 144th test, time elapsed 178.14164781570435 -- emperical power so far (from test_start): 1.0
db insert success
tensor(0.3775)
tensor(0.3775)
(145, 5, 0, 1, 360000, 'elltwo', 'bitflip', 0.0003056732679169727, 0.0010000000474974513, 178.10262084007263, '2024-07-28 15:10:16', 4, 999)
pval: [0.001] -- 145th test, time elapsed 178.10262084007263 -- emperical power so far (from test_start): 1.0
db insert success
tensor(0.3775)
tensor(0.3775)
(146, 5, 0, 1, 360000, 'elltwo', 'bitflip', 0.0003029577375173176, 0.0010000000474974513, 177.3974838256836, '2024-07-28 15:13:28', 4, 999)
pval: [0.001] -- 146th test, time elapsed 177.3974838256836 -- emperical power so far (from test_start): 1.0
db insert success
tensor(0.3775)
tensor(0.3775)
(147, 5, 0, 1, 360000, 'elltwo', 'bitflip', 0.0003857427770412869, 0.0010000000474974513, 177.3583118915558, '2024-07-28 15:16:39', 4, 999)
pval: [0.001] -- 147th test, time elapsed 177.3583118915558 -- emperical power so far (from test_start): 1.0
db insert success
tensor(0.3775)
tensor(0.3775)
(148, 5, 0, 1, 360000, 'elltwo', 'bitflip', 0.0005185268786931374, 0.0010000000474974513, 177.08012628555298, '2024-07-28 15:19:48', 4, 999)
pval: [0.001] -- 148th test, time elapsed 177.08012628555298 -- emperical power so far (from test_start): 1.0
db insert success
tensor(0.3775)
tensor(0.3775)
(149, 5, 0, 1, 360000, 'elltwo', 'bitflip', 0.00036658429434055506, 0.0010000000474974513, 177.23248839378357, '2024-07-28 15:22:46', 4, 999)
pval: [0.001] -- 149th test, time elapsed 177.23248839378357 -- emperical power so far (from test_start): 1.0
db insert success
tensor(0.3775)
tensor(0.3775)
(150, 5, 0, 1, 360000, 'elltwo', 'bitflip', 0.00033368507928344115, 0.0010000000474974513, 177.00821733474731, '2024-07-28 15:25:53', 4, 999)
pval: [0.001] -- 150th test, time elapsed 177.00821733474731 -- emperical power so far (from test_start): 1.0
db insert success
tensor(0.3775)
tensor(0.3775)
(151, 5, 0, 1, 360000, 'elltwo', 'bitflip', 0.0004212452894876151, 0.0010000000474974513, 177.3366196155548, '2024-07-28 15:28:56', 4, 999)
pval: [0.001] -- 151th test, time elapsed 177.3366196155548 -- emperical power so far (from test_start): 1.0
db insert success
tensor(0.3775)
tensor(0.3775)
(152, 5, 0, 1, 360000, 'elltwo', 'bitflip', 0.00034628425044047617, 0.0010000000474974513, 177.09602975845337, '2024-07-28 15:31:56', 4, 999)
pval: [0.001] -- 152th test, time elapsed 177.09602975845337 -- emperical power so far (from test_start): 1.0
db insert success
tensor(0.3775)
tensor(0.3775)
(153, 5, 0, 1, 360000, 'elltwo', 'bitflip', 0.0003548848630998691, 0.0010000000474974513, 176.79418230056763, '2024-07-28 15:35:12', 4, 999)
pval: [0.001] -- 153th test, time elapsed 176.79418230056763 -- emperical power so far (from test_start): 1.0
db insert success
tensor(0.3775)
tensor(0.3775)
(154, 5, 0, 1, 360000, 'elltwo', 'bitflip', 0.00045218448531159083, 0.0010000000474974513, 177.18200087547302, '2024-07-28 15:38:13', 4, 999)
pval: [0.001] -- 154th test, time elapsed 177.18200087547302 -- emperical power so far (from test_start): 1.0
db insert success
tensor(0.3775)
tensor(0.3775)
(155, 5, 0, 1, 360000, 'elltwo', 'bitflip', 0.00046685456123896074, 0.0010000000474974513, 177.02871656417847, '2024-07-28 15:41:15', 4, 999)
pval: [0.001] -- 155th test, time elapsed 177.02871656417847 -- emperical power so far (from test_start): 1.0
db insert success
tensor(0.3775)
tensor(0.3775)
(156, 5, 0, 1, 360000, 'elltwo', 'bitflip', 0.00045789910092253194, 0.0010000000474974513, 177.4297285079956, '2024-07-28 15:44:24', 4, 999)
pval: [0.001] -- 156th test, time elapsed 177.4297285079956 -- emperical power so far (from test_start): 1.0
db insert success
tensor(0.3775)
tensor(0.3775)
(157, 5, 0, 1, 360000, 'elltwo', 'bitflip', 0.000572956474456987, 0.0010000000474974513, 176.85607933998108, '2024-07-28 15:47:25', 4, 999)
pval: [0.001] -- 157th test, time elapsed 176.85607933998108 -- emperical power so far (from test_start): 1.0
db insert success
tensor(0.3775)
tensor(0.3775)
(158, 5, 0, 1, 360000, 'elltwo', 'bitflip', 0.0004605566726354482, 0.0010000000474974513, 177.16569638252258, '2024-07-28 15:50:26', 4, 999)
pval: [0.001] -- 158th test, time elapsed 177.16569638252258 -- emperical power so far (from test_start): 1.0
db insert success
tensor(0.3775)
tensor(0.3775)
(159, 5, 0, 1, 360000, 'elltwo', 'bitflip', 0.00033090481099407043, 0.0010000000474974513, 177.10168623924255, '2024-07-28 15:53:31', 4, 999)
pval: [0.001] -- 159th test, time elapsed 177.10168623924255 -- emperical power so far (from test_start): 1.0
db insert success
tensor(0.3775)
tensor(0.3775)
(160, 5, 0, 1, 360000, 'elltwo', 'bitflip', 0.0003731906612642888, 0.0010000000474974513, 176.81829714775085, '2024-07-28 15:56:49', 4, 999)
pval: [0.001] -- 160th test, time elapsed 176.81829714775085 -- emperical power so far (from test_start): 1.0
db insert success
tensor(0.3775)
tensor(0.3775)
(161, 5, 0, 1, 360000, 'elltwo', 'bitflip', 0.0003750977863319349, 0.0010000000474974513, 177.2698998451233, '2024-07-28 16:00:06', 4, 999)
pval: [0.001] -- 161th test, time elapsed 177.2698998451233 -- emperical power so far (from test_start): 1.0
db insert success
tensor(0.3775)
tensor(0.3775)
(162, 5, 0, 1, 360000, 'elltwo', 'bitflip', 0.0004514885953881276, 0.0010000000474974513, 177.1460292339325, '2024-07-28 16:03:09', 4, 999)
pval: [0.001] -- 162th test, time elapsed 177.1460292339325 -- emperical power so far (from test_start): 1.0
db insert success
tensor(0.3775)
tensor(0.3775)
(163, 5, 0, 1, 360000, 'elltwo', 'bitflip', 0.0005159155799674409, 0.0010000000474974513, 177.18691110610962, '2024-07-28 16:06:25', 4, 999)
pval: [0.001] -- 163th test, time elapsed 177.18691110610962 -- emperical power so far (from test_start): 1.0
db insert success
tensor(0.3775)
tensor(0.3775)
(164, 5, 0, 1, 360000, 'elltwo', 'bitflip', 0.00028740050549913576, 0.0010000000474974513, 177.2726273536682, '2024-07-28 16:09:41', 4, 999)
pval: [0.001] -- 164th test, time elapsed 177.2726273536682 -- emperical power so far (from test_start): 1.0
db insert success
tensor(0.3775)
tensor(0.3775)
(165, 5, 0, 1, 360000, 'elltwo', 'bitflip', 0.0004617232602868171, 0.0010000000474974513, 177.30705618858337, '2024-07-28 16:12:56', 4, 999)
pval: [0.001] -- 165th test, time elapsed 177.30705618858337 -- emperical power so far (from test_start): 1.0
db insert success
tensor(0.3775)
tensor(0.3775)
(166, 5, 0, 1, 360000, 'elltwo', 'bitflip', 0.00039125227129943596, 0.0010000000474974513, 177.09278893470764, '2024-07-28 16:16:08', 4, 999)
pval: [0.001] -- 166th test, time elapsed 177.09278893470764 -- emperical power so far (from test_start): 1.0
db insert success
tensor(0.3775)
tensor(0.3775)
(167, 5, 0, 1, 360000, 'elltwo', 'bitflip', 0.0004974426485091499, 0.0010000000474974513, 177.11849570274353, '2024-07-28 16:19:25', 4, 999)
pval: [0.001] -- 167th test, time elapsed 177.11849570274353 -- emperical power so far (from test_start): 1.0
db insert success
tensor(0.3775)
tensor(0.3775)
(168, 5, 0, 1, 360000, 'elltwo', 'bitflip', 0.00030244771284060334, 0.0010000000474974513, 176.95050239562988, '2024-07-28 16:22:43', 4, 999)
pval: [0.001] -- 168th test, time elapsed 176.95050239562988 -- emperical power so far (from test_start): 1.0
db insert success
tensor(0.3775)
tensor(0.3775)
(169, 5, 0, 1, 360000, 'elltwo', 'bitflip', 0.00040693453524909273, 0.0010000000474974513, 176.78094172477722, '2024-07-28 16:25:55', 4, 999)
pval: [0.001] -- 169th test, time elapsed 176.78094172477722 -- emperical power so far (from test_start): 1.0
db insert success
tensor(0.3775)
tensor(0.3775)
(170, 5, 0, 1, 360000, 'elltwo', 'bitflip', 0.00042359312129747195, 0.0010000000474974513, 177.40880632400513, '2024-07-28 16:29:08', 4, 999)
pval: [0.001] -- 170th test, time elapsed 177.40880632400513 -- emperical power so far (from test_start): 1.0
db insert success
tensor(0.3775)
tensor(0.3775)
(171, 5, 0, 1, 360000, 'elltwo', 'bitflip', 0.0004087784541866313, 0.0010000000474974513, 177.76354598999023, '2024-07-28 16:32:13', 4, 999)
pval: [0.001] -- 171th test, time elapsed 177.76354598999023 -- emperical power so far (from test_start): 1.0
db insert success
tensor(0.3775)
tensor(0.3775)
(172, 5, 0, 1, 360000, 'elltwo', 'bitflip', 0.00047102193241244095, 0.0010000000474974513, 177.71195125579834, '2024-07-28 16:35:31', 4, 999)
pval: [0.001] -- 172th test, time elapsed 177.71195125579834 -- emperical power so far (from test_start): 1.0
db insert success
tensor(0.3775)
tensor(0.3775)
(173, 5, 0, 1, 360000, 'elltwo', 'bitflip', 0.0004029705989410104, 0.0010000000474974513, 177.72395277023315, '2024-07-28 16:38:38', 4, 999)
pval: [0.001] -- 173th test, time elapsed 177.72395277023315 -- emperical power so far (from test_start): 1.0
db insert success
tensor(0.3775)
tensor(0.3775)
(174, 5, 0, 1, 360000, 'elltwo', 'bitflip', 0.0003967517658907127, 0.0010000000474974513, 177.95338106155396, '2024-07-28 16:41:54', 4, 999)
pval: [0.001] -- 174th test, time elapsed 177.95338106155396 -- emperical power so far (from test_start): 1.0
db insert success
tensor(0.3775)
tensor(0.3775)
(175, 5, 0, 1, 360000, 'elltwo', 'bitflip', 0.0003981660642580209, 0.0010000000474974513, 177.63451027870178, '2024-07-28 16:45:09', 4, 999)
pval: [0.001] -- 175th test, time elapsed 177.63451027870178 -- emperical power so far (from test_start): 1.0
db insert success
tensor(0.3775)
tensor(0.3775)
(176, 5, 0, 1, 360000, 'elltwo', 'bitflip', 0.0004965101405787209, 0.0010000000474974513, 177.4297788143158, '2024-07-28 16:48:20', 4, 999)
pval: [0.001] -- 176th test, time elapsed 177.4297788143158 -- emperical power so far (from test_start): 1.0
db insert success
tensor(0.3775)
tensor(0.3775)
(177, 5, 0, 1, 360000, 'elltwo', 'bitflip', 0.00042177744876426004, 0.0010000000474974513, 176.94136595726013, '2024-07-28 16:51:37', 4, 999)
pval: [0.001] -- 177th test, time elapsed 176.94136595726013 -- emperical power so far (from test_start): 1.0
db insert success
tensor(0.3775)
tensor(0.3775)
(178, 5, 0, 1, 360000, 'elltwo', 'bitflip', 0.0003332768927748475, 0.0010000000474974513, 177.3581657409668, '2024-07-28 16:54:40', 4, 999)
pval: [0.001] -- 178th test, time elapsed 177.3581657409668 -- emperical power so far (from test_start): 1.0
db insert success
tensor(0.3775)
tensor(0.3775)
(179, 5, 0, 1, 360000, 'elltwo', 'bitflip', 0.0005392486201571955, 0.0010000000474974513, 177.68882536888123, '2024-07-28 16:57:43', 4, 999)
pval: [0.001] -- 179th test, time elapsed 177.68882536888123 -- emperical power so far (from test_start): 1.0
db insert success
tensor(0.3775)
tensor(0.3775)
(180, 5, 0, 1, 360000, 'elltwo', 'bitflip', 0.00034395402377640494, 0.0010000000474974513, 177.7071018218994, '2024-07-28 17:00:46', 4, 999)
pval: [0.001] -- 180th test, time elapsed 177.7071018218994 -- emperical power so far (from test_start): 1.0
db insert success
tensor(0.3775)
tensor(0.3775)
(181, 5, 0, 1, 360000, 'elltwo', 'bitflip', 0.00035687899446656957, 0.0010000000474974513, 177.9628131389618, '2024-07-28 17:03:52', 4, 999)
pval: [0.001] -- 181th test, time elapsed 177.9628131389618 -- emperical power so far (from test_start): 1.0
db insert success
tensor(0.3775)
tensor(0.3775)
(182, 5, 0, 1, 360000, 'elltwo', 'bitflip', 0.00045489730030112696, 0.0010000000474974513, 177.9227159023285, '2024-07-28 17:06:56', 4, 999)
pval: [0.001] -- 182th test, time elapsed 177.9227159023285 -- emperical power so far (from test_start): 1.0
db insert success
tensor(0.3775)
tensor(0.3775)
(183, 5, 0, 1, 360000, 'elltwo', 'bitflip', 0.000364925721214604, 0.0010000000474974513, 177.4424228668213, '2024-07-28 17:10:12', 4, 999)
pval: [0.001] -- 183th test, time elapsed 177.4424228668213 -- emperical power so far (from test_start): 1.0
db insert success
tensor(0.3775)
tensor(0.3775)
(184, 5, 0, 1, 360000, 'elltwo', 'bitflip', 0.0004841226807457133, 0.0010000000474974513, 177.0732147693634, '2024-07-28 17:13:24', 4, 999)
pval: [0.001] -- 184th test, time elapsed 177.0732147693634 -- emperical power so far (from test_start): 1.0
db insert success
tensor(0.3775)
tensor(0.3775)
(185, 5, 0, 1, 360000, 'elltwo', 'bitflip', 0.0005337865998171765, 0.0010000000474974513, 177.41836643218994, '2024-07-28 17:16:39', 4, 999)
pval: [0.001] -- 185th test, time elapsed 177.41836643218994 -- emperical power so far (from test_start): 1.0
db insert success
tensor(0.3775)
tensor(0.3775)
(186, 5, 0, 1, 360000, 'elltwo', 'bitflip', 0.00037502152969182134, 0.0010000000474974513, 177.0803894996643, '2024-07-28 17:19:42', 4, 999)
pval: [0.001] -- 186th test, time elapsed 177.0803894996643 -- emperical power so far (from test_start): 1.0
db insert success
tensor(0.3775)
tensor(0.3775)
(187, 5, 0, 1, 360000, 'elltwo', 'bitflip', 0.0004027353840569958, 0.0010000000474974513, 177.2976667881012, '2024-07-28 17:22:57', 4, 999)
pval: [0.001] -- 187th test, time elapsed 177.2976667881012 -- emperical power so far (from test_start): 1.0
db insert success
tensor(0.3775)
tensor(0.3775)
(188, 5, 0, 1, 360000, 'elltwo', 'bitflip', 0.0005519295229419185, 0.0010000000474974513, 177.29957556724548, '2024-07-28 17:26:10', 4, 999)
pval: [0.001] -- 188th test, time elapsed 177.29957556724548 -- emperical power so far (from test_start): 1.0
db insert success
tensor(0.3775)
tensor(0.3775)
(189, 5, 0, 1, 360000, 'elltwo', 'bitflip', 0.0005454088442320426, 0.0010000000474974513, 177.26522207260132, '2024-07-28 17:29:19', 4, 999)
pval: [0.001] -- 189th test, time elapsed 177.26522207260132 -- emperical power so far (from test_start): 1.0
db insert success
tensor(0.3775)
tensor(0.3775)
(190, 5, 0, 1, 360000, 'elltwo', 'bitflip', 0.00047080899480533844, 0.0010000000474974513, 177.13500046730042, '2024-07-28 17:32:34', 4, 999)
pval: [0.001] -- 190th test, time elapsed 177.13500046730042 -- emperical power so far (from test_start): 1.0
db insert success
tensor(0.3775)
tensor(0.3775)
(191, 5, 0, 1, 360000, 'elltwo', 'bitflip', 0.0002966803073150004, 0.0010000000474974513, 177.237774848938, '2024-07-28 17:35:40', 4, 999)
pval: [0.001] -- 191th test, time elapsed 177.237774848938 -- emperical power so far (from test_start): 1.0
db insert success
tensor(0.3775)
tensor(0.3775)
(192, 5, 0, 1, 360000, 'elltwo', 'bitflip', 0.0003994585570694653, 0.0010000000474974513, 177.16768407821655, '2024-07-28 17:38:43', 4, 999)
pval: [0.001] -- 192th test, time elapsed 177.16768407821655 -- emperical power so far (from test_start): 1.0
db insert success
tensor(0.3775)
tensor(0.3775)
(193, 5, 0, 1, 360000, 'elltwo', 'bitflip', 0.00037299094981335656, 0.0010000000474974513, 176.88268041610718, '2024-07-28 17:41:47', 4, 999)
pval: [0.001] -- 193th test, time elapsed 176.88268041610718 -- emperical power so far (from test_start): 1.0
db insert success
tensor(0.3775)
tensor(0.3775)
(194, 5, 0, 1, 360000, 'elltwo', 'bitflip', 0.0004072480433023884, 0.0010000000474974513, 176.83270072937012, '2024-07-28 17:44:55', 4, 999)
pval: [0.001] -- 194th test, time elapsed 176.83270072937012 -- emperical power so far (from test_start): 1.0
db insert success
tensor(0.3775)
tensor(0.3775)
(195, 5, 0, 1, 360000, 'elltwo', 'bitflip', 0.000422815928629916, 0.0010000000474974513, 176.75186228752136, '2024-07-28 17:47:57', 4, 999)
pval: [0.001] -- 195th test, time elapsed 176.75186228752136 -- emperical power so far (from test_start): 1.0
db insert success
tensor(0.3775)
tensor(0.3775)
(196, 5, 0, 1, 360000, 'elltwo', 'bitflip', 0.0004341211852079141, 0.0010000000474974513, 176.92757940292358, '2024-07-28 17:51:00', 4, 999)
pval: [0.001] -- 196th test, time elapsed 176.92757940292358 -- emperical power so far (from test_start): 1.0
db insert success
tensor(0.3775)
tensor(0.3775)
(197, 5, 0, 1, 360000, 'elltwo', 'bitflip', 0.0004020749956907821, 0.0010000000474974513, 176.8332109451294, '2024-07-28 17:54:18', 4, 999)
pval: [0.001] -- 197th test, time elapsed 176.8332109451294 -- emperical power so far (from test_start): 1.0
db insert success
tensor(0.3775)
tensor(0.3775)
(198, 5, 0, 1, 360000, 'elltwo', 'bitflip', 0.00026593693087306747, 0.0010000000474974513, 176.84755277633667, '2024-07-28 17:57:28', 4, 999)
pval: [0.001] -- 198th test, time elapsed 176.84755277633667 -- emperical power so far (from test_start): 1.0
db insert success
tensor(0.3775)
tensor(0.3775)
(199, 5, 0, 1, 360000, 'elltwo', 'bitflip', 0.0005294253269312321, 0.0010000000474974513, 176.7578320503235, '2024-07-28 18:00:41', 4, 999)
pval: [0.001] -- 199th test, time elapsed 176.7578320503235 -- emperical power so far (from test_start): 1.0
db insert success
tensor(0.3775)
tensor(0.3775)
(200, 5, 0, 1, 360000, 'elltwo', 'bitflip', 0.0003204685082209835, 0.0010000000474974513, 176.88194584846497, '2024-07-28 18:03:58', 4, 999)
pval: [0.001] -- 200th test, time elapsed 176.88194584846497 -- emperical power so far (from test_start): 1.0
db insert success
37821.45604991913
