genrrelltwo, alpha=0.5, sample size=360000
#########################################
(1, 5, 0, 0.5, 360000, 'elltwo', 'genrr', -9.688938924605484e-08, 0.656000018119812, 166.15852999687195, '2024-07-29 13:39:49', 4, 999)
pval: [0.65600002] -- 1th test, time elapsed 166.15852999687195 -- emperical power so far (from test_start): 0.0
db insert success
(2, 5, 0, 0.5, 360000, 'elltwo', 'genrr', 2.5281820411910544e-07, 0.14400000870227814, 166.04005765914917, '2024-07-29 13:42:49', 4, 999)
pval: [0.14400001] -- 2th test, time elapsed 166.04005765914917 -- emperical power so far (from test_start): 0.0
db insert success
(3, 5, 0, 0.5, 360000, 'elltwo', 'genrr', 3.145150000260881e-07, 0.10300000756978989, 166.4475576877594, '2024-07-29 13:45:50', 4, 999)
pval: [0.10300001] -- 3th test, time elapsed 166.4475576877594 -- emperical power so far (from test_start): 0.0
db insert success
(4, 5, 0, 0.5, 360000, 'elltwo', 'genrr', 2.422008149277448e-07, 0.15200001001358032, 166.3101396560669, '2024-07-29 13:48:55', 4, 999)
pval: [0.15200001] -- 4th test, time elapsed 166.3101396560669 -- emperical power so far (from test_start): 0.0
db insert success
(5, 5, 0, 0.5, 360000, 'elltwo', 'genrr', -3.109484556916998e-07, 0.8940000534057617, 166.23125410079956, '2024-07-29 13:51:52', 4, 999)
pval: [0.89400005] -- 5th test, time elapsed 166.23125410079956 -- emperical power so far (from test_start): 0.0
db insert success
(6, 5, 0, 0.5, 360000, 'elltwo', 'genrr', 3.3394446427798333e-07, 0.10200000554323196, 166.5306658744812, '2024-07-29 13:54:46', 4, 999)
pval: [0.10200001] -- 6th test, time elapsed 166.5306658744812 -- emperical power so far (from test_start): 0.0
db insert success
(7, 5, 0, 0.5, 360000, 'elltwo', 'genrr', 1.6284811773939825e-07, 0.24800001084804535, 166.5977873802185, '2024-07-29 13:57:53', 4, 999)
pval: [0.24800001] -- 7th test, time elapsed 166.5977873802185 -- emperical power so far (from test_start): 0.0
db insert success
(8, 5, 0, 0.5, 360000, 'elltwo', 'genrr', 2.5823411315198386e-07, 0.16700001060962677, 166.09886813163757, '2024-07-29 14:00:57', 4, 999)
pval: [0.16700001] -- 8th test, time elapsed 166.09886813163757 -- emperical power so far (from test_start): 0.0
db insert success
(9, 5, 0, 0.5, 360000, 'elltwo', 'genrr', -2.106859950047786e-07, 0.8060000538825989, 166.17628979682922, '2024-07-29 14:03:51', 4, 999)
pval: [0.80600005] -- 9th test, time elapsed 166.17628979682922 -- emperical power so far (from test_start): 0.0
db insert success
(10, 5, 0, 0.5, 360000, 'elltwo', 'genrr', -3.948064731811203e-07, 0.9430000185966492, 166.1753008365631, '2024-07-29 14:06:41', 4, 999)
pval: [0.94300002] -- 10th test, time elapsed 166.1753008365631 -- emperical power so far (from test_start): 0.0
db insert success
(11, 5, 0, 0.5, 360000, 'elltwo', 'genrr', 1.7335774372593225e-07, 0.22300000488758087, 166.26844692230225, '2024-07-29 14:09:37', 4, 999)
pval: [0.223] -- 11th test, time elapsed 166.26844692230225 -- emperical power so far (from test_start): 0.0
db insert success
(12, 5, 0, 0.5, 360000, 'elltwo', 'genrr', -6.080941360334189e-07, 0.9940000176429749, 166.34327340126038, '2024-07-29 14:12:27', 4, 999)
pval: [0.99400002] -- 12th test, time elapsed 166.34327340126038 -- emperical power so far (from test_start): 0.0
db insert success
(13, 5, 0, 0.5, 360000, 'elltwo', 'genrr', -3.429665986582828e-08, 0.5670000314712524, 166.2433397769928, '2024-07-29 14:15:25', 4, 999)
pval: [0.56700003] -- 13th test, time elapsed 166.2433397769928 -- emperical power so far (from test_start): 0.0
db insert success
(14, 5, 0, 0.5, 360000, 'elltwo', 'genrr', 1.1607422151921343e-07, 0.32200002670288086, 166.24393439292908, '2024-07-29 14:18:30', 4, 999)
pval: [0.32200003] -- 14th test, time elapsed 166.24393439292908 -- emperical power so far (from test_start): 0.0
db insert success
(15, 5, 0, 0.5, 360000, 'elltwo', 'genrr', -1.4866411708353705e-07, 0.7280000448226929, 166.44570803642273, '2024-07-29 14:21:25', 4, 999)
pval: [0.72800004] -- 15th test, time elapsed 166.44570803642273 -- emperical power so far (from test_start): 0.0
db insert success
(16, 5, 0, 0.5, 360000, 'elltwo', 'genrr', 6.479317599464296e-08, 0.3930000066757202, 165.95357084274292, '2024-07-29 14:24:13', 4, 999)
pval: [0.39300001] -- 16th test, time elapsed 165.95357084274292 -- emperical power so far (from test_start): 0.0
db insert success
(17, 5, 0, 0.5, 360000, 'elltwo', 'genrr', 2.9731069814842997e-08, 0.48100003600120544, 166.04663681983948, '2024-07-29 14:27:11', 4, 999)
pval: [0.48100004] -- 17th test, time elapsed 166.04663681983948 -- emperical power so far (from test_start): 0.0
db insert success
(18, 5, 0, 0.5, 360000, 'elltwo', 'genrr', 2.459345311458909e-07, 0.16600000858306885, 166.30465745925903, '2024-07-29 14:30:15', 4, 999)
pval: [0.16600001] -- 18th test, time elapsed 166.30465745925903 -- emperical power so far (from test_start): 0.0
db insert success
(19, 5, 0, 0.5, 360000, 'elltwo', 'genrr', 4.268063294281255e-09, 0.48000001907348633, 166.21733355522156, '2024-07-29 14:33:15', 4, 999)
pval: [0.48000002] -- 19th test, time elapsed 166.21733355522156 -- emperical power so far (from test_start): 0.0
db insert success
(20, 5, 0, 0.5, 360000, 'elltwo', 'genrr', 5.866304719100417e-07, 0.017000000923871994, 166.22226285934448, '2024-07-29 14:36:11', 4, 999)
pval: [0.017] -- 20th test, time elapsed 166.22226285934448 -- emperical power so far (from test_start): 0.05
db insert success
(21, 5, 0, 0.5, 360000, 'elltwo', 'genrr', 1.4676861919641487e-07, 0.28300002217292786, 166.91495275497437, '2024-07-29 14:39:03', 4, 999)
pval: [0.28300002] -- 21th test, time elapsed 166.91495275497437 -- emperical power so far (from test_start): 0.047619047619047616
db insert success
(22, 5, 0, 0.5, 360000, 'elltwo', 'genrr', -3.5031632413581176e-07, 0.9240000247955322, 166.78559374809265, '2024-07-29 14:42:00', 4, 999)
pval: [0.92400002] -- 22th test, time elapsed 166.78559374809265 -- emperical power so far (from test_start): 0.045454545454545456
db insert success
(23, 5, 0, 0.5, 360000, 'elltwo', 'genrr', -3.2986835379542057e-07, 0.9180000424385071, 166.75657081604004, '2024-07-29 14:44:58', 4, 999)
pval: [0.91800004] -- 23th test, time elapsed 166.75657081604004 -- emperical power so far (from test_start): 0.043478260869565216
db insert success
(24, 5, 0, 0.5, 360000, 'elltwo', 'genrr', 3.150088328895788e-07, 0.10000000149011612, 166.70174527168274, '2024-07-29 14:47:47', 4, 999)
pval: [0.1] -- 24th test, time elapsed 166.70174527168274 -- emperical power so far (from test_start): 0.041666666666666664
db insert success
(25, 5, 0, 0.5, 360000, 'elltwo', 'genrr', 2.4027141519097905e-07, 0.17400000989437103, 166.30936336517334, '2024-07-29 14:50:46', 4, 999)
pval: [0.17400001] -- 25th test, time elapsed 166.30936336517334 -- emperical power so far (from test_start): 0.04
db insert success
(26, 5, 0, 0.5, 360000, 'elltwo', 'genrr', -9.931293670144108e-08, 0.6440000534057617, 166.35606813430786, '2024-07-29 14:53:48', 4, 999)
pval: [0.64400005] -- 26th test, time elapsed 166.35606813430786 -- emperical power so far (from test_start): 0.038461538461538464
db insert success
(27, 5, 0, 0.5, 360000, 'elltwo', 'genrr', -3.9170464988507597e-07, 0.9580000638961792, 166.2717547416687, '2024-07-29 14:56:55', 4, 999)
pval: [0.95800006] -- 27th test, time elapsed 166.2717547416687 -- emperical power so far (from test_start): 0.037037037037037035
db insert success
(28, 5, 0, 0.5, 360000, 'elltwo', 'genrr', 1.317678616518693e-07, 0.281000018119812, 166.4409203529358, '2024-07-29 14:59:58', 4, 999)
pval: [0.28100002] -- 28th test, time elapsed 166.4409203529358 -- emperical power so far (from test_start): 0.03571428571428571
db insert success
(29, 5, 0, 0.5, 360000, 'elltwo', 'genrr', -6.043741875563433e-07, 0.9960000514984131, 166.30214619636536, '2024-07-29 15:02:49', 4, 999)
pval: [0.99600005] -- 29th test, time elapsed 166.30214619636536 -- emperical power so far (from test_start): 0.034482758620689655
db insert success
(30, 5, 0, 0.5, 360000, 'elltwo', 'genrr', 1.3505494588471334e-07, 0.2770000100135803, 165.92143487930298, '2024-07-29 15:05:56', 4, 999)
pval: [0.27700001] -- 30th test, time elapsed 165.92143487930298 -- emperical power so far (from test_start): 0.03333333333333333
db insert success
(31, 5, 0, 0.5, 360000, 'elltwo', 'genrr', 2.9190772212047897e-07, 0.12200000882148743, 165.89517903327942, '2024-07-29 15:09:00', 4, 999)
pval: [0.12200001] -- 31th test, time elapsed 165.89517903327942 -- emperical power so far (from test_start): 0.03225806451612903
db insert success
(32, 5, 0, 0.5, 360000, 'elltwo', 'genrr', 1.4783256197035792e-07, 0.2770000100135803, 165.95515036582947, '2024-07-29 15:11:49', 4, 999)
pval: [0.27700001] -- 32th test, time elapsed 165.95515036582947 -- emperical power so far (from test_start): 0.03125
db insert success
(33, 5, 0, 0.5, 360000, 'elltwo', 'genrr', -1.4861822189874904e-07, 0.7150000333786011, 165.82180857658386, '2024-07-29 15:14:53', 4, 999)
pval: [0.71500003] -- 33th test, time elapsed 165.82180857658386 -- emperical power so far (from test_start): 0.030303030303030304
db insert success
(34, 5, 0, 0.5, 360000, 'elltwo', 'genrr', 3.9675312313845225e-07, 0.052000001072883606, 166.04342007637024, '2024-07-29 15:17:47', 4, 999)
pval: [0.052] -- 34th test, time elapsed 166.04342007637024 -- emperical power so far (from test_start): 0.029411764705882353
db insert success
(35, 5, 0, 0.5, 360000, 'elltwo', 'genrr', 3.24514645045227e-07, 0.09000000357627869, 165.81198596954346, '2024-07-29 15:20:35', 4, 999)
pval: [0.09] -- 35th test, time elapsed 165.81198596954346 -- emperical power so far (from test_start): 0.02857142857142857
db insert success
(36, 5, 0, 0.5, 360000, 'elltwo', 'genrr', -1.2736825348884026e-07, 0.6930000185966492, 165.8223831653595, '2024-07-29 15:23:27', 4, 999)
pval: [0.69300002] -- 36th test, time elapsed 165.8223831653595 -- emperical power so far (from test_start): 0.027777777777777776
db insert success
(37, 5, 0, 0.5, 360000, 'elltwo', 'genrr', -2.858787472134923e-08, 0.5350000262260437, 165.75104427337646, '2024-07-29 15:26:28', 4, 999)
pval: [0.53500003] -- 37th test, time elapsed 165.75104427337646 -- emperical power so far (from test_start): 0.02702702702702703
db insert success
(38, 5, 0, 0.5, 360000, 'elltwo', 'genrr', -5.4652041129405957e-08, 0.5730000138282776, 166.04756140708923, '2024-07-29 15:29:30', 4, 999)
pval: [0.57300001] -- 38th test, time elapsed 166.04756140708923 -- emperical power so far (from test_start): 0.02631578947368421
db insert success
(39, 5, 0, 0.5, 360000, 'elltwo', 'genrr', -1.4258458343663002e-07, 0.7100000381469727, 166.225830078125, '2024-07-29 15:32:33', 4, 999)
pval: [0.71000004] -- 39th test, time elapsed 166.225830078125 -- emperical power so far (from test_start): 0.02564102564102564
db insert success
(40, 5, 0, 0.5, 360000, 'elltwo', 'genrr', -1.0331333439141457e-08, 0.5230000019073486, 166.2209358215332, '2024-07-29 15:35:30', 4, 999)
pval: [0.523] -- 40th test, time elapsed 166.2209358215332 -- emperical power so far (from test_start): 0.025
db insert success
(41, 5, 0, 0.5, 360000, 'elltwo', 'genrr', -6.352541882803653e-08, 0.612000048160553, 166.0290651321411, '2024-07-29 15:38:25', 4, 999)
pval: [0.61200005] -- 41th test, time elapsed 166.0290651321411 -- emperical power so far (from test_start): 0.024390243902439025
db insert success
(42, 5, 0, 0.5, 360000, 'elltwo', 'genrr', 4.1777181638657894e-07, 0.03800000250339508, 165.77178025245667, '2024-07-29 15:41:14', 4, 999)
pval: [0.038] -- 42th test, time elapsed 165.77178025245667 -- emperical power so far (from test_start): 0.047619047619047616
db insert success
(43, 5, 0, 0.5, 360000, 'elltwo', 'genrr', -1.0716711503063955e-07, 0.6320000290870667, 165.74740862846375, '2024-07-29 15:44:01', 4, 999)
pval: [0.63200003] -- 43th test, time elapsed 165.74740862846375 -- emperical power so far (from test_start): 0.046511627906976744
db insert success
(44, 5, 0, 0.5, 360000, 'elltwo', 'genrr', 2.820318285054295e-08, 0.4300000071525574, 165.93864822387695, '2024-07-29 15:46:49', 4, 999)
pval: [0.43000001] -- 44th test, time elapsed 165.93864822387695 -- emperical power so far (from test_start): 0.045454545454545456
db insert success
(45, 5, 0, 0.5, 360000, 'elltwo', 'genrr', 6.102782182946034e-08, 0.4020000100135803, 165.99492144584656, '2024-07-29 15:49:48', 4, 999)
pval: [0.40200001] -- 45th test, time elapsed 165.99492144584656 -- emperical power so far (from test_start): 0.044444444444444446
db insert success
(46, 5, 0, 0.5, 360000, 'elltwo', 'genrr', -3.1650421671003924e-07, 0.8830000162124634, 166.2755606174469, '2024-07-29 15:52:39', 4, 999)
pval: [0.88300002] -- 46th test, time elapsed 166.2755606174469 -- emperical power so far (from test_start): 0.043478260869565216
db insert success
(47, 5, 0, 0.5, 360000, 'elltwo', 'genrr', 1.779558063512432e-07, 0.2370000183582306, 166.32968759536743, '2024-07-29 15:55:33', 4, 999)
pval: [0.23700002] -- 47th test, time elapsed 166.32968759536743 -- emperical power so far (from test_start): 0.0425531914893617
db insert success
(48, 5, 0, 0.5, 360000, 'elltwo', 'genrr', -1.1755325717900146e-07, 0.6780000329017639, 166.21956849098206, '2024-07-29 15:58:29', 4, 999)
pval: [0.67800003] -- 48th test, time elapsed 166.21956849098206 -- emperical power so far (from test_start): 0.041666666666666664
db insert success
(49, 5, 0, 0.5, 360000, 'elltwo', 'genrr', 2.308888553508026e-07, 0.16900001466274261, 166.39152479171753, '2024-07-29 16:01:34', 4, 999)
pval: [0.16900001] -- 49th test, time elapsed 166.39152479171753 -- emperical power so far (from test_start): 0.04081632653061224
db insert success
(50, 5, 0, 0.5, 360000, 'elltwo', 'genrr', -1.7371101721018294e-07, 0.7320000529289246, 166.29209876060486, '2024-07-29 16:04:31', 4, 999)
pval: [0.73200005] -- 50th test, time elapsed 166.29209876060486 -- emperical power so far (from test_start): 0.04
db insert success
(51, 5, 0, 0.5, 360000, 'elltwo', 'genrr', -8.724433184659902e-08, 0.6350000500679016, 166.334223985672, '2024-07-29 16:07:24', 4, 999)
pval: [0.63500005] -- 51th test, time elapsed 166.334223985672 -- emperical power so far (from test_start): 0.0392156862745098
db insert success
(52, 5, 0, 0.5, 360000, 'elltwo', 'genrr', -8.011432743463068e-08, 0.6330000162124634, 166.3447985649109, '2024-07-29 16:10:15', 4, 999)
pval: [0.63300002] -- 52th test, time elapsed 166.3447985649109 -- emperical power so far (from test_start): 0.038461538461538464
db insert success
(53, 5, 0, 0.5, 360000, 'elltwo', 'genrr', -9.772300499106407e-08, 0.656000018119812, 166.24872207641602, '2024-07-29 16:13:21', 4, 999)
pval: [0.65600002] -- 53th test, time elapsed 166.24872207641602 -- emperical power so far (from test_start): 0.03773584905660377
db insert success
(54, 5, 0, 0.5, 360000, 'elltwo', 'genrr', 4.06410018648478e-08, 0.39100003242492676, 166.33757257461548, '2024-07-29 16:16:15', 4, 999)
pval: [0.39100003] -- 54th test, time elapsed 166.33757257461548 -- emperical power so far (from test_start): 0.037037037037037035
db insert success
(55, 5, 0, 0.5, 360000, 'elltwo', 'genrr', -3.517509420190683e-07, 0.9280000329017639, 165.94775247573853, '2024-07-29 16:19:15', 4, 999)
pval: [0.92800003] -- 55th test, time elapsed 165.94775247573853 -- emperical power so far (from test_start): 0.03636363636363636
db insert success
(56, 5, 0, 0.5, 360000, 'elltwo', 'genrr', 6.90981955438208e-08, 0.36100003123283386, 165.91722631454468, '2024-07-29 16:22:18', 4, 999)
pval: [0.36100003] -- 56th test, time elapsed 165.91722631454468 -- emperical power so far (from test_start): 0.03571428571428571
db insert success
(57, 5, 0, 0.5, 360000, 'elltwo', 'genrr', -3.217356450368157e-07, 0.893000066280365, 166.35752272605896, '2024-07-29 16:25:23', 4, 999)
pval: [0.89300007] -- 57th test, time elapsed 166.35752272605896 -- emperical power so far (from test_start): 0.03508771929824561
db insert success
(58, 5, 0, 0.5, 360000, 'elltwo', 'genrr', 1.1514735568816589e-07, 0.32100000977516174, 166.3259632587433, '2024-07-29 16:28:21', 4, 999)
pval: [0.32100001] -- 58th test, time elapsed 166.3259632587433 -- emperical power so far (from test_start): 0.034482758620689655
db insert success
(59, 5, 0, 0.5, 360000, 'elltwo', 'genrr', 5.436049645317961e-07, 0.01900000125169754, 166.4059603214264, '2024-07-29 16:31:26', 4, 999)
pval: [0.019] -- 59th test, time elapsed 166.4059603214264 -- emperical power so far (from test_start): 0.05084745762711865
db insert success
(60, 5, 0, 0.5, 360000, 'elltwo', 'genrr', -1.977073596681929e-07, 0.7770000100135803, 166.50848174095154, '2024-07-29 16:34:25', 4, 999)
pval: [0.77700001] -- 60th test, time elapsed 166.50848174095154 -- emperical power so far (from test_start): 0.05
db insert success
(61, 5, 0, 0.5, 360000, 'elltwo', 'genrr', -7.205916222659953e-08, 0.5850000381469727, 166.3917109966278, '2024-07-29 16:37:25', 4, 999)
pval: [0.58500004] -- 61th test, time elapsed 166.3917109966278 -- emperical power so far (from test_start): 0.04918032786885246
db insert success
(62, 5, 0, 0.5, 360000, 'elltwo', 'genrr', -2.459328552143619e-07, 0.843000054359436, 166.436021566391, '2024-07-29 16:40:23', 4, 999)
pval: [0.84300005] -- 62th test, time elapsed 166.436021566391 -- emperical power so far (from test_start): 0.04838709677419355
db insert success
(63, 5, 0, 0.5, 360000, 'elltwo', 'genrr', 2.3457697400524648e-07, 0.17400000989437103, 166.3911681175232, '2024-07-29 16:43:23', 4, 999)
pval: [0.17400001] -- 63th test, time elapsed 166.3911681175232 -- emperical power so far (from test_start): 0.047619047619047616
db insert success
(64, 5, 0, 0.5, 360000, 'elltwo', 'genrr', -3.65809992449416e-08, 0.5610000491142273, 166.31919598579407, '2024-07-29 16:46:21', 4, 999)
pval: [0.56100005] -- 64th test, time elapsed 166.31919598579407 -- emperical power so far (from test_start): 0.046875
db insert success
(65, 5, 0, 0.5, 360000, 'elltwo', 'genrr', 3.12432968052178e-07, 0.1080000028014183, 166.20826816558838, '2024-07-29 16:49:15', 4, 999)
pval: [0.108] -- 65th test, time elapsed 166.20826816558838 -- emperical power so far (from test_start): 0.046153846153846156
db insert success
(66, 5, 0, 0.5, 360000, 'elltwo', 'genrr', 2.5647485299169076e-07, 0.13300000131130219, 166.53575015068054, '2024-07-29 16:52:15', 4, 999)
pval: [0.133] -- 66th test, time elapsed 166.53575015068054 -- emperical power so far (from test_start): 0.045454545454545456
db insert success
(67, 5, 0, 0.5, 360000, 'elltwo', 'genrr', -1.9813935846647174e-07, 0.8100000619888306, 166.0715479850769, '2024-07-29 16:55:21', 4, 999)
pval: [0.81000006] -- 67th test, time elapsed 166.0715479850769 -- emperical power so far (from test_start): 0.04477611940298507
db insert success
(68, 5, 0, 0.5, 360000, 'elltwo', 'genrr', 1.0786433216275829e-07, 0.3100000023841858, 166.3240349292755, '2024-07-29 16:58:24', 4, 999)
pval: [0.31] -- 68th test, time elapsed 166.3240349292755 -- emperical power so far (from test_start): 0.04411764705882353
db insert success
(69, 5, 0, 0.5, 360000, 'elltwo', 'genrr', 4.2925158889178805e-08, 0.4270000159740448, 166.39329504966736, '2024-07-29 17:01:15', 4, 999)
pval: [0.42700002] -- 69th test, time elapsed 166.39329504966736 -- emperical power so far (from test_start): 0.043478260869565216
db insert success
(70, 5, 0, 0.5, 360000, 'elltwo', 'genrr', -6.443591088120797e-07, 0.9950000643730164, 166.45863318443298, '2024-07-29 17:04:04', 4, 999)
pval: [0.99500006] -- 70th test, time elapsed 166.45863318443298 -- emperical power so far (from test_start): 0.04285714285714286
db insert success
(71, 5, 0, 0.5, 360000, 'elltwo', 'genrr', -5.7413721897374426e-08, 0.5960000157356262, 166.44940066337585, '2024-07-29 17:06:52', 4, 999)
pval: [0.59600002] -- 71th test, time elapsed 166.44940066337585 -- emperical power so far (from test_start): 0.04225352112676056
db insert success
(72, 5, 0, 0.5, 360000, 'elltwo', 'genrr', -8.516099826065895e-08, 0.6450000405311584, 166.18674206733704, '2024-07-29 17:09:44', 4, 999)
pval: [0.64500004] -- 72th test, time elapsed 166.18674206733704 -- emperical power so far (from test_start): 0.041666666666666664
db insert success
(73, 5, 0, 0.5, 360000, 'elltwo', 'genrr', -1.4235182114671896e-08, 0.531000018119812, 166.24015164375305, '2024-07-29 17:12:37', 4, 999)
pval: [0.53100002] -- 73th test, time elapsed 166.24015164375305 -- emperical power so far (from test_start): 0.0410958904109589
db insert success
(74, 5, 0, 0.5, 360000, 'elltwo', 'genrr', -2.1679754584548634e-07, 0.8010000586509705, 166.3341784477234, '2024-07-29 17:15:38', 4, 999)
pval: [0.80100006] -- 74th test, time elapsed 166.3341784477234 -- emperical power so far (from test_start): 0.04054054054054054
db insert success
(75, 5, 0, 0.5, 360000, 'elltwo', 'genrr', -2.416274879749915e-07, 0.8500000238418579, 166.23646903038025, '2024-07-29 17:18:33', 4, 999)
pval: [0.85000002] -- 75th test, time elapsed 166.23646903038025 -- emperical power so far (from test_start): 0.04
db insert success
(76, 5, 0, 0.5, 360000, 'elltwo', 'genrr', -1.4789297391013152e-07, 0.7100000381469727, 166.26141810417175, '2024-07-29 17:21:24', 4, 999)
pval: [0.71000004] -- 76th test, time elapsed 166.26141810417175 -- emperical power so far (from test_start): 0.039473684210526314
db insert success
(77, 5, 0, 0.5, 360000, 'elltwo', 'genrr', 1.6170639933164865e-07, 0.2630000114440918, 166.24580836296082, '2024-07-29 17:24:30', 4, 999)
pval: [0.26300001] -- 77th test, time elapsed 166.24580836296082 -- emperical power so far (from test_start): 0.03896103896103896
db insert success
(78, 5, 0, 0.5, 360000, 'elltwo', 'genrr', 2.0662959977898673e-07, 0.1850000023841858, 166.6538655757904, '2024-07-29 17:27:37', 4, 999)
pval: [0.185] -- 78th test, time elapsed 166.6538655757904 -- emperical power so far (from test_start): 0.038461538461538464
db insert success
(79, 5, 0, 0.5, 360000, 'elltwo', 'genrr', 2.9977750709737905e-07, 0.11800000816583633, 166.85597848892212, '2024-07-29 17:30:39', 4, 999)
pval: [0.11800001] -- 79th test, time elapsed 166.85597848892212 -- emperical power so far (from test_start): 0.0379746835443038
db insert success
(80, 5, 0, 0.5, 360000, 'elltwo', 'genrr', -1.563032817823544e-07, 0.7440000176429749, 166.6366000175476, '2024-07-29 17:33:43', 4, 999)
pval: [0.74400002] -- 80th test, time elapsed 166.6366000175476 -- emperical power so far (from test_start): 0.0375
db insert success
(81, 5, 0, 0.5, 360000, 'elltwo', 'genrr', 4.928946163254046e-07, 0.02800000086426735, 166.23604226112366, '2024-07-29 17:36:43', 4, 999)
pval: [0.028] -- 81th test, time elapsed 166.23604226112366 -- emperical power so far (from test_start): 0.04938271604938271
db insert success
(82, 5, 0, 0.5, 360000, 'elltwo', 'genrr', 4.0453080935574405e-07, 0.032999999821186066, 166.25971841812134, '2024-07-29 17:39:45', 4, 999)
pval: [0.033] -- 82th test, time elapsed 166.25971841812134 -- emperical power so far (from test_start): 0.06097560975609756
db insert success
(83, 5, 0, 0.5, 360000, 'elltwo', 'genrr', -8.718231033107149e-08, 0.6450000405311584, 166.44135999679565, '2024-07-29 17:42:48', 4, 999)
pval: [0.64500004] -- 83th test, time elapsed 166.44135999679565 -- emperical power so far (from test_start): 0.060240963855421686
db insert success
(84, 5, 0, 0.5, 360000, 'elltwo', 'genrr', 3.8065765992079115e-07, 0.06200000271201134, 166.35057163238525, '2024-07-29 17:45:49', 4, 999)
pval: [0.062] -- 84th test, time elapsed 166.35057163238525 -- emperical power so far (from test_start): 0.05952380952380952
db insert success
(85, 5, 0, 0.5, 360000, 'elltwo', 'genrr', 1.9811072804053372e-07, 0.23100000619888306, 166.2634015083313, '2024-07-29 17:48:40', 4, 999)
pval: [0.23100001] -- 85th test, time elapsed 166.2634015083313 -- emperical power so far (from test_start): 0.058823529411764705
db insert success
(86, 5, 0, 0.5, 360000, 'elltwo', 'genrr', -1.9949787201400428e-07, 0.812000036239624, 165.5747480392456, '2024-07-29 17:51:42', 4, 999)
pval: [0.81200004] -- 86th test, time elapsed 165.5747480392456 -- emperical power so far (from test_start): 0.05813953488372093
db insert success
(87, 5, 0, 0.5, 360000, 'elltwo', 'genrr', 6.903634578890247e-08, 0.3920000195503235, 165.64102339744568, '2024-07-29 17:54:36', 4, 999)
pval: [0.39200002] -- 87th test, time elapsed 165.64102339744568 -- emperical power so far (from test_start): 0.05747126436781609
db insert success
(88, 5, 0, 0.5, 360000, 'elltwo', 'genrr', 5.383557229936102e-08, 0.4150000214576721, 165.7473213672638, '2024-07-29 17:57:42', 4, 999)
pval: [0.41500002] -- 88th test, time elapsed 165.7473213672638 -- emperical power so far (from test_start): 0.056818181818181816
db insert success
(89, 5, 0, 0.5, 360000, 'elltwo', 'genrr', 2.1744725170317648e-07, 0.17600001394748688, 166.05140924453735, '2024-07-29 18:00:39', 4, 999)
pval: [0.17600001] -- 89th test, time elapsed 166.05140924453735 -- emperical power so far (from test_start): 0.056179775280898875
db insert success
(90, 5, 0, 0.5, 360000, 'elltwo', 'genrr', 2.783114950988524e-07, 0.15000000596046448, 165.8760209083557, '2024-07-29 18:03:28', 4, 999)
pval: [0.15000001] -- 90th test, time elapsed 165.8760209083557 -- emperical power so far (from test_start): 0.05555555555555555
db insert success
(91, 5, 0, 0.5, 360000, 'elltwo', 'genrr', 3.9250925645286337e-07, 0.04700000211596489, 165.9797158241272, '2024-07-29 18:06:19', 4, 999)
pval: [0.047] -- 91th test, time elapsed 165.9797158241272 -- emperical power so far (from test_start): 0.06593406593406594
db insert success
(92, 5, 0, 0.5, 360000, 'elltwo', 'genrr', 1.433880881607577e-07, 0.2720000147819519, 165.809725522995, '2024-07-29 18:09:10', 4, 999)
pval: [0.27200001] -- 92th test, time elapsed 165.809725522995 -- emperical power so far (from test_start): 0.06521739130434782
db insert success
(93, 5, 0, 0.5, 360000, 'elltwo', 'genrr', -2.2278483858021933e-07, 0.8160000443458557, 165.93420910835266, '2024-07-29 18:12:04', 4, 999)
pval: [0.81600004] -- 93th test, time elapsed 165.93420910835266 -- emperical power so far (from test_start): 0.06451612903225806
db insert success
(94, 5, 0, 0.5, 360000, 'elltwo', 'genrr', -8.741291636273768e-09, 0.49900001287460327, 166.10247135162354, '2024-07-29 18:14:55', 4, 999)
pval: [0.49900001] -- 94th test, time elapsed 166.10247135162354 -- emperical power so far (from test_start): 0.06382978723404255
db insert success
(95, 5, 0, 0.5, 360000, 'elltwo', 'genrr', -4.715156963226025e-08, 0.5670000314712524, 166.3062219619751, '2024-07-29 18:17:44', 4, 999)
pval: [0.56700003] -- 95th test, time elapsed 166.3062219619751 -- emperical power so far (from test_start): 0.06315789473684211
db insert success
(96, 5, 0, 0.5, 360000, 'elltwo', 'genrr', -4.3386559560104274e-08, 0.5750000476837158, 166.37509512901306, '2024-07-29 18:20:40', 4, 999)
pval: [0.57500005] -- 96th test, time elapsed 166.37509512901306 -- emperical power so far (from test_start): 0.0625
db insert success
(97, 5, 0, 0.5, 360000, 'elltwo', 'genrr', 4.229252102954523e-08, 0.4400000274181366, 166.42326474189758, '2024-07-29 18:23:32', 4, 999)
pval: [0.44000003] -- 97th test, time elapsed 166.42326474189758 -- emperical power so far (from test_start): 0.061855670103092786
db insert success
(98, 5, 0, 0.5, 360000, 'elltwo', 'genrr', -1.411331907344264e-07, 0.6980000138282776, 166.328852891922, '2024-07-29 18:26:29', 4, 999)
pval: [0.69800001] -- 98th test, time elapsed 166.328852891922 -- emperical power so far (from test_start): 0.061224489795918366
db insert success
(99, 5, 0, 0.5, 360000, 'elltwo', 'genrr', 6.882044691265167e-08, 0.4000000059604645, 166.36201429367065, '2024-07-29 18:29:35', 4, 999)
pval: [0.40000001] -- 99th test, time elapsed 166.36201429367065 -- emperical power so far (from test_start): 0.06060606060606061
db insert success
(100, 5, 0, 0.5, 360000, 'elltwo', 'genrr', -1.491441493114802e-08, 0.5090000033378601, 166.18557810783386, '2024-07-29 18:32:30', 4, 999)
pval: [0.509] -- 100th test, time elapsed 166.18557810783386 -- emperical power so far (from test_start): 0.06
db insert success
(101, 5, 0, 0.5, 360000, 'elltwo', 'genrr', 1.1352575685075195e-09, 0.47300001978874207, 166.11895942687988, '2024-07-29 18:35:35', 4, 999)
pval: [0.47300002] -- 101th test, time elapsed 166.11895942687988 -- emperical power so far (from test_start): 0.0594059405940594
db insert success
(102, 5, 0, 0.5, 360000, 'elltwo', 'genrr', 2.613827720214252e-07, 0.14300000667572021, 166.24965119361877, '2024-07-29 18:38:42', 4, 999)
pval: [0.14300001] -- 102th test, time elapsed 166.24965119361877 -- emperical power so far (from test_start): 0.058823529411764705
db insert success
(103, 5, 0, 0.5, 360000, 'elltwo', 'genrr', 1.2279962936269373e-09, 0.484000027179718, 166.13242435455322, '2024-07-29 18:41:36', 4, 999)
pval: [0.48400003] -- 103th test, time elapsed 166.13242435455322 -- emperical power so far (from test_start): 0.05825242718446602
db insert success
(104, 5, 0, 0.5, 360000, 'elltwo', 'genrr', 2.8434134070713657e-08, 0.4320000112056732, 166.3506636619568, '2024-07-29 18:44:41', 4, 999)
pval: [0.43200001] -- 104th test, time elapsed 166.3506636619568 -- emperical power so far (from test_start): 0.057692307692307696
db insert success
(105, 5, 0, 0.5, 360000, 'elltwo', 'genrr', -2.3539260199682485e-07, 0.8450000286102295, 166.3695569038391, '2024-07-29 18:47:38', 4, 999)
pval: [0.84500003] -- 105th test, time elapsed 166.3695569038391 -- emperical power so far (from test_start): 0.05714285714285714
db insert success
(106, 5, 0, 0.5, 360000, 'elltwo', 'genrr', -1.5074744832326362e-07, 0.7290000319480896, 166.41772532463074, '2024-07-29 18:50:45', 4, 999)
pval: [0.72900003] -- 106th test, time elapsed 166.41772532463074 -- emperical power so far (from test_start): 0.05660377358490566
db insert success
(107, 5, 0, 0.5, 360000, 'elltwo', 'genrr', 6.460723690955052e-08, 0.4300000071525574, 166.36524105072021, '2024-07-29 18:53:44', 4, 999)
pval: [0.43000001] -- 107th test, time elapsed 166.36524105072021 -- emperical power so far (from test_start): 0.056074766355140186
db insert success
(108, 5, 0, 0.5, 360000, 'elltwo', 'genrr', 4.221961231575672e-09, 0.4960000216960907, 166.34625673294067, '2024-07-29 18:56:47', 4, 999)
pval: [0.49600002] -- 108th test, time elapsed 166.34625673294067 -- emperical power so far (from test_start): 0.05555555555555555
db insert success
(109, 5, 0, 0.5, 360000, 'elltwo', 'genrr', 5.0132024972471614e-08, 0.44700002670288086, 166.34768962860107, '2024-07-29 18:59:37', 4, 999)
pval: [0.44700003] -- 109th test, time elapsed 166.34768962860107 -- emperical power so far (from test_start): 0.05504587155963303
db insert success
(110, 5, 0, 0.5, 360000, 'elltwo', 'genrr', -1.3605662785146945e-07, 0.7160000205039978, 166.4527244567871, '2024-07-29 19:02:42', 4, 999)
pval: [0.71600002] -- 110th test, time elapsed 166.4527244567871 -- emperical power so far (from test_start): 0.05454545454545454
db insert success
(111, 5, 0, 0.5, 360000, 'elltwo', 'genrr', -3.624129009914545e-08, 0.5420000553131104, 166.2409884929657, '2024-07-29 19:05:38', 4, 999)
pval: [0.54200006] -- 111th test, time elapsed 166.2409884929657 -- emperical power so far (from test_start): 0.05405405405405406
db insert success
(112, 5, 0, 0.5, 360000, 'elltwo', 'genrr', -1.5993651508207363e-08, 0.550000011920929, 166.23602628707886, '2024-07-29 19:08:38', 4, 999)
pval: [0.55000001] -- 112th test, time elapsed 166.23602628707886 -- emperical power so far (from test_start): 0.05357142857142857
db insert success
(113, 5, 0, 0.5, 360000, 'elltwo', 'genrr', -1.8943604361229029e-07, 0.7720000147819519, 166.12873530387878, '2024-07-29 19:11:27', 4, 999)
pval: [0.77200001] -- 113th test, time elapsed 166.12873530387878 -- emperical power so far (from test_start): 0.05309734513274336
db insert success
(114, 5, 0, 0.5, 360000, 'elltwo', 'genrr', 7.625884947603731e-08, 0.367000013589859, 166.00258469581604, '2024-07-29 19:14:19', 4, 999)
pval: [0.36700001] -- 114th test, time elapsed 166.00258469581604 -- emperical power so far (from test_start): 0.05263157894736842
db insert success
(115, 5, 0, 0.5, 360000, 'elltwo', 'genrr', 5.195310452518666e-07, 0.014000000432133675, 166.2438666820526, '2024-07-29 19:17:20', 4, 999)
pval: [0.014] -- 115th test, time elapsed 166.2438666820526 -- emperical power so far (from test_start): 0.06086956521739131
db insert success
(116, 5, 0, 0.5, 360000, 'elltwo', 'genrr', -1.0337096499439535e-07, 0.6570000052452087, 166.24161744117737, '2024-07-29 19:20:10', 4, 999)
pval: [0.65700001] -- 116th test, time elapsed 166.24161744117737 -- emperical power so far (from test_start): 0.0603448275862069
db insert success
(117, 5, 0, 0.5, 360000, 'elltwo', 'genrr', -1.7485296444010208e-07, 0.7550000548362732, 166.12915754318237, '2024-07-29 19:23:15', 4, 999)
pval: [0.75500005] -- 117th test, time elapsed 166.12915754318237 -- emperical power so far (from test_start): 0.05982905982905983
db insert success
(118, 5, 0, 0.5, 360000, 'elltwo', 'genrr', 7.384798463710984e-09, 0.5090000033378601, 166.3276345729828, '2024-07-29 19:26:16', 4, 999)
pval: [0.509] -- 118th test, time elapsed 166.3276345729828 -- emperical power so far (from test_start): 0.059322033898305086
db insert success
(119, 5, 0, 0.5, 360000, 'elltwo', 'genrr', 2.549321486506814e-07, 0.16500000655651093, 166.2800850868225, '2024-07-29 19:29:12', 4, 999)
pval: [0.16500001] -- 119th test, time elapsed 166.2800850868225 -- emperical power so far (from test_start): 0.058823529411764705
db insert success
(120, 5, 0, 0.5, 360000, 'elltwo', 'genrr', 5.905488978288475e-07, 0.014000000432133675, 166.21976137161255, '2024-07-29 19:32:09', 4, 999)
pval: [0.014] -- 120th test, time elapsed 166.21976137161255 -- emperical power so far (from test_start): 0.06666666666666667
db insert success
(121, 5, 0, 0.5, 360000, 'elltwo', 'genrr', -2.6030035294127667e-07, 0.8660000562667847, 166.3098006248474, '2024-07-29 19:35:09', 4, 999)
pval: [0.86600006] -- 121th test, time elapsed 166.3098006248474 -- emperical power so far (from test_start): 0.06611570247933884
db insert success
(122, 5, 0, 0.5, 360000, 'elltwo', 'genrr', -1.751304325040351e-07, 0.7440000176429749, 166.26922130584717, '2024-07-29 19:38:04', 4, 999)
pval: [0.74400002] -- 122th test, time elapsed 166.26922130584717 -- emperical power so far (from test_start): 0.06557377049180328
db insert success
(123, 5, 0, 0.5, 360000, 'elltwo', 'genrr', 1.5235497691961156e-07, 0.2670000195503235, 166.28425812721252, '2024-07-29 19:40:57', 4, 999)
pval: [0.26700002] -- 123th test, time elapsed 166.28425812721252 -- emperical power so far (from test_start): 0.06504065040650407
db insert success
(124, 5, 0, 0.5, 360000, 'elltwo', 'genrr', 3.257192235394703e-07, 0.0820000022649765, 166.33591675758362, '2024-07-29 19:43:59', 4, 999)
pval: [0.082] -- 124th test, time elapsed 166.33591675758362 -- emperical power so far (from test_start): 0.06451612903225806
db insert success
(125, 5, 0, 0.5, 360000, 'elltwo', 'genrr', -7.79853189499316e-08, 0.625, 166.13587641716003, '2024-07-29 19:46:54', 4, 999)
pval: [0.625] -- 125th test, time elapsed 166.13587641716003 -- emperical power so far (from test_start): 0.064
db insert success
(126, 5, 0, 0.5, 360000, 'elltwo', 'genrr', -1.280164630688193e-07, 0.7010000348091125, 166.46086359024048, '2024-07-29 19:49:53', 4, 999)
pval: [0.70100003] -- 126th test, time elapsed 166.46086359024048 -- emperical power so far (from test_start): 0.06349206349206349
db insert success
(127, 5, 0, 0.5, 360000, 'elltwo', 'genrr', 1.811203347301671e-07, 0.22700001299381256, 166.2057912349701, '2024-07-29 19:52:50', 4, 999)
pval: [0.22700001] -- 127th test, time elapsed 166.2057912349701 -- emperical power so far (from test_start): 0.06299212598425197
db insert success
(128, 5, 0, 0.5, 360000, 'elltwo', 'genrr', -1.8672010169821542e-07, 0.7800000309944153, 166.27570223808289, '2024-07-29 19:55:42', 4, 999)
pval: [0.78000003] -- 128th test, time elapsed 166.27570223808289 -- emperical power so far (from test_start): 0.0625
db insert success
(129, 5, 0, 0.5, 360000, 'elltwo', 'genrr', -4.699435179108397e-10, 0.51500004529953, 166.3921253681183, '2024-07-29 19:58:45', 4, 999)
pval: [0.51500005] -- 129th test, time elapsed 166.3921253681183 -- emperical power so far (from test_start): 0.06201550387596899
db insert success
(130, 5, 0, 0.5, 360000, 'elltwo', 'genrr', 4.111360411814327e-07, 0.05000000074505806, 166.44162392616272, '2024-07-29 20:01:42', 4, 999)
pval: [0.05] -- 130th test, time elapsed 166.44162392616272 -- emperical power so far (from test_start): 0.06153846153846154
db insert success
(131, 5, 0, 0.5, 360000, 'elltwo', 'genrr', 3.6980856085678734e-07, 0.06700000166893005, 166.11620616912842, '2024-07-29 20:04:38', 4, 999)
pval: [0.067] -- 131th test, time elapsed 166.11620616912842 -- emperical power so far (from test_start): 0.061068702290076333
db insert success
(132, 5, 0, 0.5, 360000, 'elltwo', 'genrr', 5.168614715220406e-07, 0.009000000543892384, 166.11288571357727, '2024-07-29 20:07:44', 4, 999)
pval: [0.009] -- 132th test, time elapsed 166.11288571357727 -- emperical power so far (from test_start): 0.06818181818181818
db insert success
(133, 5, 0, 0.5, 360000, 'elltwo', 'genrr', 3.035585608099096e-07, 0.10500000417232513, 166.24033641815186, '2024-07-29 20:10:36', 4, 999)
pval: [0.105] -- 133th test, time elapsed 166.24033641815186 -- emperical power so far (from test_start): 0.06766917293233082
db insert success
(134, 5, 0, 0.5, 360000, 'elltwo', 'genrr', 1.0695339341601495e-07, 0.32500001788139343, 166.34421157836914, '2024-07-29 20:13:31', 4, 999)
pval: [0.32500002] -- 134th test, time elapsed 166.34421157836914 -- emperical power so far (from test_start): 0.06716417910447761
db insert success
(135, 5, 0, 0.5, 360000, 'elltwo', 'genrr', -2.547914085362403e-07, 0.8420000672340393, 166.27399063110352, '2024-07-29 20:16:25', 4, 999)
pval: [0.84200007] -- 135th test, time elapsed 166.27399063110352 -- emperical power so far (from test_start): 0.06666666666666667
db insert success
(136, 5, 0, 0.5, 360000, 'elltwo', 'genrr', -5.6596699951399695e-08, 0.5800000429153442, 166.35027766227722, '2024-07-29 20:19:23', 4, 999)
pval: [0.58000004] -- 136th test, time elapsed 166.35027766227722 -- emperical power so far (from test_start): 0.0661764705882353
db insert success
(137, 5, 0, 0.5, 360000, 'elltwo', 'genrr', 9.383628183290069e-08, 0.35100001096725464, 166.02742075920105, '2024-07-29 20:22:20', 4, 999)
pval: [0.35100001] -- 137th test, time elapsed 166.02742075920105 -- emperical power so far (from test_start): 0.06569343065693431
db insert success
(138, 5, 0, 0.5, 360000, 'elltwo', 'genrr', 4.155215173329285e-08, 0.4410000145435333, 165.93335461616516, '2024-07-29 20:25:09', 4, 999)
pval: [0.44100001] -- 138th test, time elapsed 165.93335461616516 -- emperical power so far (from test_start): 0.06521739130434782
db insert success
(139, 5, 0, 0.5, 360000, 'elltwo', 'genrr', 6.594698331882729e-07, 0.007000000216066837, 166.01136898994446, '2024-07-29 20:28:09', 4, 999)
pval: [0.007] -- 139th test, time elapsed 166.01136898994446 -- emperical power so far (from test_start): 0.07194244604316546
db insert success
(140, 5, 0, 0.5, 360000, 'elltwo', 'genrr', 3.29947817542418e-07, 0.11100000888109207, 166.07396149635315, '2024-07-29 20:31:11', 4, 999)
pval: [0.11100001] -- 140th test, time elapsed 166.07396149635315 -- emperical power so far (from test_start): 0.07142857142857142
db insert success
(141, 5, 0, 0.5, 360000, 'elltwo', 'genrr', 2.709193568702778e-09, 0.4930000305175781, 166.1923303604126, '2024-07-29 20:34:11', 4, 999)
pval: [0.49300003] -- 141th test, time elapsed 166.1923303604126 -- emperical power so far (from test_start): 0.07092198581560284
db insert success
(142, 5, 0, 0.5, 360000, 'elltwo', 'genrr', -1.941277436743813e-07, 0.7890000343322754, 166.16096305847168, '2024-07-29 20:37:06', 4, 999)
pval: [0.78900003] -- 142th test, time elapsed 166.16096305847168 -- emperical power so far (from test_start): 0.07042253521126761
db insert success
(143, 5, 0, 0.5, 360000, 'elltwo', 'genrr', -1.8534629815615197e-07, 0.7640000581741333, 166.13718223571777, '2024-07-29 20:40:13', 4, 999)
pval: [0.76400006] -- 143th test, time elapsed 166.13718223571777 -- emperical power so far (from test_start): 0.06993006993006994
db insert success
(144, 5, 0, 0.5, 360000, 'elltwo', 'genrr', 3.050247397366583e-07, 0.10500000417232513, 166.14160776138306, '2024-07-29 20:43:02', 4, 999)
pval: [0.105] -- 144th test, time elapsed 166.14160776138306 -- emperical power so far (from test_start): 0.06944444444444445
db insert success
(145, 5, 0, 0.5, 360000, 'elltwo', 'genrr', 1.6791052905463372e-07, 0.25300002098083496, 166.16978240013123, '2024-07-29 20:46:00', 4, 999)
pval: [0.25300002] -- 145th test, time elapsed 166.16978240013123 -- emperical power so far (from test_start): 0.06896551724137931
db insert success
(146, 5, 0, 0.5, 360000, 'elltwo', 'genrr', -2.4560880223156376e-07, 0.8260000348091125, 165.975928068161, '2024-07-29 20:48:58', 4, 999)
pval: [0.82600003] -- 146th test, time elapsed 165.975928068161 -- emperical power so far (from test_start): 0.0684931506849315
db insert success
(147, 5, 0, 0.5, 360000, 'elltwo', 'genrr', -4.374105848966442e-08, 0.5540000200271606, 165.95810842514038, '2024-07-29 20:52:00', 4, 999)
pval: [0.55400002] -- 147th test, time elapsed 165.95810842514038 -- emperical power so far (from test_start): 0.06802721088435375
db insert success
(148, 5, 0, 0.5, 360000, 'elltwo', 'genrr', 2.8897481175733757e-07, 0.11900000274181366, 165.91877436637878, '2024-07-29 20:55:03', 4, 999)
pval: [0.119] -- 148th test, time elapsed 165.91877436637878 -- emperical power so far (from test_start): 0.06756756756756757
db insert success
(149, 5, 0, 0.5, 360000, 'elltwo', 'genrr', 1.1500864131788052e-07, 0.3100000023841858, 165.97781109809875, '2024-07-29 20:58:01', 4, 999)
pval: [0.31] -- 149th test, time elapsed 165.97781109809875 -- emperical power so far (from test_start): 0.06711409395973154
db insert success
(150, 5, 0, 0.5, 360000, 'elltwo', 'genrr', 2.462266402488561e-09, 0.4910000264644623, 166.7371964454651, '2024-07-29 21:01:03', 4, 999)
pval: [0.49100003] -- 150th test, time elapsed 166.7371964454651 -- emperical power so far (from test_start): 0.06666666666666667
db insert success
(151, 5, 0, 0.5, 360000, 'elltwo', 'genrr', 8.19682565832841e-08, 0.35500001907348633, 166.4719681739807, '2024-07-29 21:03:52', 4, 999)
pval: [0.35500002] -- 151th test, time elapsed 166.4719681739807 -- emperical power so far (from test_start): 0.06622516556291391
db insert success
(152, 5, 0, 0.5, 360000, 'elltwo', 'genrr', -2.904388274375079e-07, 0.8830000162124634, 166.41024470329285, '2024-07-29 21:06:44', 4, 999)
pval: [0.88300002] -- 152th test, time elapsed 166.41024470329285 -- emperical power so far (from test_start): 0.06578947368421052
db insert success
(153, 5, 0, 0.5, 360000, 'elltwo', 'genrr', 4.749325677576993e-07, 0.02800000086426735, 166.10255098342896, '2024-07-29 21:09:40', 4, 999)
pval: [0.028] -- 153th test, time elapsed 166.10255098342896 -- emperical power so far (from test_start): 0.0718954248366013
db insert success
(154, 5, 0, 0.5, 360000, 'elltwo', 'genrr', -9.054724702190278e-08, 0.6390000581741333, 166.12300968170166, '2024-07-29 21:12:38', 4, 999)
pval: [0.63900006] -- 154th test, time elapsed 166.12300968170166 -- emperical power so far (from test_start): 0.07142857142857142
db insert success
(155, 5, 0, 0.5, 360000, 'elltwo', 'genrr', -1.3344829880241119e-07, 0.703000009059906, 166.30062532424927, '2024-07-29 21:15:43', 4, 999)
pval: [0.70300001] -- 155th test, time elapsed 166.30062532424927 -- emperical power so far (from test_start): 0.07096774193548387
db insert success
(156, 5, 0, 0.5, 360000, 'elltwo', 'genrr', -1.1302676587200688e-08, 0.5400000214576721, 166.25107669830322, '2024-07-29 21:18:45', 4, 999)
pval: [0.54000002] -- 156th test, time elapsed 166.25107669830322 -- emperical power so far (from test_start): 0.07051282051282051
db insert success
(157, 5, 0, 0.5, 360000, 'elltwo', 'genrr', -1.6028500970390568e-07, 0.7450000643730164, 166.22412729263306, '2024-07-29 21:21:38', 4, 999)
pval: [0.74500006] -- 157th test, time elapsed 166.22412729263306 -- emperical power so far (from test_start): 0.07006369426751592
db insert success
(158, 5, 0, 0.5, 360000, 'elltwo', 'genrr', -3.2739946606856647e-07, 0.9080000519752502, 165.96395301818848, '2024-07-29 21:24:29', 4, 999)
pval: [0.90800005] -- 158th test, time elapsed 165.96395301818848 -- emperical power so far (from test_start): 0.06962025316455696
db insert success
(159, 5, 0, 0.5, 360000, 'elltwo', 'genrr', -9.772279789804078e-08, 0.675000011920929, 166.01917099952698, '2024-07-29 21:27:21', 4, 999)
pval: [0.67500001] -- 159th test, time elapsed 166.01917099952698 -- emperical power so far (from test_start): 0.06918238993710692
db insert success
(160, 5, 0, 0.5, 360000, 'elltwo', 'genrr', -2.1517664083522958e-07, 0.8130000233650208, 165.99959182739258, '2024-07-29 21:30:21', 4, 999)
pval: [0.81300002] -- 160th test, time elapsed 165.99959182739258 -- emperical power so far (from test_start): 0.06875
db insert success
(161, 5, 0, 0.5, 360000, 'elltwo', 'genrr', 9.091933773084163e-08, 0.3230000138282776, 165.93306922912598, '2024-07-29 21:33:19', 4, 999)
pval: [0.32300001] -- 161th test, time elapsed 165.93306922912598 -- emperical power so far (from test_start): 0.06832298136645963
db insert success
(162, 5, 0, 0.5, 360000, 'elltwo', 'genrr', 2.957959965555444e-07, 0.11800000816583633, 165.79402828216553, '2024-07-29 21:36:18', 4, 999)
pval: [0.11800001] -- 162th test, time elapsed 165.79402828216553 -- emperical power so far (from test_start): 0.06790123456790123
db insert success
(163, 5, 0, 0.5, 360000, 'elltwo', 'genrr', 1.4067353975915839e-08, 0.46300002932548523, 165.7553837299347, '2024-07-29 21:39:12', 4, 999)
pval: [0.46300003] -- 163th test, time elapsed 165.7553837299347 -- emperical power so far (from test_start): 0.06748466257668712
db insert success
(164, 5, 0, 0.5, 360000, 'elltwo', 'genrr', -2.708870131327805e-07, 0.8660000562667847, 165.80639457702637, '2024-07-29 21:42:02', 4, 999)
pval: [0.86600006] -- 164th test, time elapsed 165.80639457702637 -- emperical power so far (from test_start): 0.06707317073170732
db insert success
(165, 5, 0, 0.5, 360000, 'elltwo', 'genrr', -1.1071662325921189e-07, 0.6860000491142273, 166.10458970069885, '2024-07-29 21:45:02', 4, 999)
pval: [0.68600005] -- 165th test, time elapsed 166.10458970069885 -- emperical power so far (from test_start): 0.06666666666666667
db insert success
(166, 5, 0, 0.5, 360000, 'elltwo', 'genrr', -6.463669347369153e-08, 0.5830000042915344, 166.18481469154358, '2024-07-29 21:48:02', 4, 999)
pval: [0.583] -- 166th test, time elapsed 166.18481469154358 -- emperical power so far (from test_start): 0.06626506024096386
db insert success
(167, 5, 0, 0.5, 360000, 'elltwo', 'genrr', -4.680477220281483e-07, 0.9800000190734863, 165.99925708770752, '2024-07-29 21:51:01', 4, 999)
pval: [0.98000002] -- 167th test, time elapsed 165.99925708770752 -- emperical power so far (from test_start): 0.0658682634730539
db insert success
(168, 5, 0, 0.5, 360000, 'elltwo', 'genrr', -1.6576339739705036e-07, 0.7470000386238098, 166.1318759918213, '2024-07-29 21:54:05', 4, 999)
pval: [0.74700004] -- 168th test, time elapsed 166.1318759918213 -- emperical power so far (from test_start): 0.06547619047619048
db insert success
(169, 5, 0, 0.5, 360000, 'elltwo', 'genrr', -1.2749182048835475e-07, 0.6880000233650208, 166.27098751068115, '2024-07-29 21:57:09', 4, 999)
pval: [0.68800002] -- 169th test, time elapsed 166.27098751068115 -- emperical power so far (from test_start): 0.0650887573964497
db insert success
(170, 5, 0, 0.5, 360000, 'elltwo', 'genrr', 4.953794826667406e-07, 0.020000001415610313, 166.17046189308167, '2024-07-29 22:00:03', 4, 999)
pval: [0.02] -- 170th test, time elapsed 166.17046189308167 -- emperical power so far (from test_start): 0.07058823529411765
db insert success
(171, 5, 0, 0.5, 360000, 'elltwo', 'genrr', -3.937368374612796e-08, 0.5680000185966492, 166.25213360786438, '2024-07-29 22:03:07', 4, 999)
pval: [0.56800002] -- 171th test, time elapsed 166.25213360786438 -- emperical power so far (from test_start): 0.07017543859649122
db insert success
(172, 5, 0, 0.5, 360000, 'elltwo', 'genrr', 3.216762776711915e-07, 0.09400000423192978, 166.37501692771912, '2024-07-29 22:05:58', 4, 999)
pval: [0.094] -- 172th test, time elapsed 166.37501692771912 -- emperical power so far (from test_start): 0.06976744186046512
db insert success
(173, 5, 0, 0.5, 360000, 'elltwo', 'genrr', -9.761463504219872e-08, 0.6390000581741333, 166.12133812904358, '2024-07-29 22:08:50', 4, 999)
pval: [0.63900006] -- 173th test, time elapsed 166.12133812904358 -- emperical power so far (from test_start): 0.06936416184971098
db insert success
(174, 5, 0, 0.5, 360000, 'elltwo', 'genrr', -1.5500339394826368e-08, 0.5160000324249268, 166.18531394004822, '2024-07-29 22:11:47', 4, 999)
pval: [0.51600003] -- 174th test, time elapsed 166.18531394004822 -- emperical power so far (from test_start): 0.06896551724137931
db insert success
(175, 5, 0, 0.5, 360000, 'elltwo', 'genrr', -1.3321609629952588e-07, 0.690000057220459, 165.958979845047, '2024-07-29 22:14:35', 4, 999)
pval: [0.69000006] -- 175th test, time elapsed 165.958979845047 -- emperical power so far (from test_start): 0.06857142857142857
db insert success
(176, 5, 0, 0.5, 360000, 'elltwo', 'genrr', 1.2250891789108813e-07, 0.30900001525878906, 166.2123625278473, '2024-07-29 22:17:30', 4, 999)
pval: [0.30900002] -- 176th test, time elapsed 166.2123625278473 -- emperical power so far (from test_start): 0.06818181818181818
db insert success
(177, 5, 0, 0.5, 360000, 'elltwo', 'genrr', 1.5831136366477143e-07, 0.22600001096725464, 166.39666891098022, '2024-07-29 22:20:35', 4, 999)
pval: [0.22600001] -- 177th test, time elapsed 166.39666891098022 -- emperical power so far (from test_start): 0.06779661016949153
db insert success
(178, 5, 0, 0.5, 360000, 'elltwo', 'genrr', -6.982174912133383e-08, 0.6060000061988831, 166.2351086139679, '2024-07-29 22:23:32', 4, 999)
pval: [0.60600001] -- 178th test, time elapsed 166.2351086139679 -- emperical power so far (from test_start): 0.06741573033707865
db insert success
(179, 5, 0, 0.5, 360000, 'elltwo', 'genrr', 2.5385190109000755e-07, 0.14300000667572021, 166.21368193626404, '2024-07-29 22:26:25', 4, 999)
pval: [0.14300001] -- 179th test, time elapsed 166.21368193626404 -- emperical power so far (from test_start): 0.0670391061452514
db insert success
(180, 5, 0, 0.5, 360000, 'elltwo', 'genrr', 6.891381282899539e-09, 0.4820000231266022, 166.27944421768188, '2024-07-29 22:29:25', 4, 999)
pval: [0.48200002] -- 180th test, time elapsed 166.27944421768188 -- emperical power so far (from test_start): 0.06666666666666667
db insert success
(181, 5, 0, 0.5, 360000, 'elltwo', 'genrr', 1.1443410904629636e-08, 0.4830000102519989, 166.22254467010498, '2024-07-29 22:32:13', 4, 999)
pval: [0.48300001] -- 181th test, time elapsed 166.22254467010498 -- emperical power so far (from test_start): 0.06629834254143646
db insert success
(182, 5, 0, 0.5, 360000, 'elltwo', 'genrr', 3.9036577233718395e-08, 0.4220000207424164, 166.3050079345703, '2024-07-29 22:35:01', 4, 999)
pval: [0.42200002] -- 182th test, time elapsed 166.3050079345703 -- emperical power so far (from test_start): 0.06593406593406594
db insert success
(183, 5, 0, 0.5, 360000, 'elltwo', 'genrr', 3.860118771719951e-07, 0.06200000271201134, 166.18293356895447, '2024-07-29 22:37:56', 4, 999)
pval: [0.062] -- 183th test, time elapsed 166.18293356895447 -- emperical power so far (from test_start): 0.06557377049180328
db insert success
(184, 5, 0, 0.5, 360000, 'elltwo', 'genrr', -2.3957577267950253e-08, 0.5320000052452087, 166.2186348438263, '2024-07-29 22:40:58', 4, 999)
pval: [0.53200001] -- 184th test, time elapsed 166.2186348438263 -- emperical power so far (from test_start): 0.06521739130434782
db insert success
(185, 5, 0, 0.5, 360000, 'elltwo', 'genrr', 4.324934618207474e-08, 0.4400000274181366, 166.6073865890503, '2024-07-29 22:43:57', 4, 999)
pval: [0.44000003] -- 185th test, time elapsed 166.6073865890503 -- emperical power so far (from test_start): 0.06486486486486487
db insert success
(186, 5, 0, 0.5, 360000, 'elltwo', 'genrr', 2.621694280113395e-07, 0.1420000046491623, 166.70702266693115, '2024-07-29 22:46:58', 4, 999)
pval: [0.142] -- 186th test, time elapsed 166.70702266693115 -- emperical power so far (from test_start): 0.06451612903225806
db insert success
(187, 5, 0, 0.5, 360000, 'elltwo', 'genrr', 3.057986666839263e-08, 0.44600000977516174, 165.82509803771973, '2024-07-29 22:49:55', 4, 999)
pval: [0.44600001] -- 187th test, time elapsed 165.82509803771973 -- emperical power so far (from test_start): 0.06417112299465241
db insert success
(188, 5, 0, 0.5, 360000, 'elltwo', 'genrr', -1.342967651061372e-07, 0.7200000286102295, 165.85875248908997, '2024-07-29 22:52:49', 4, 999)
pval: [0.72000003] -- 188th test, time elapsed 165.85875248908997 -- emperical power so far (from test_start): 0.06382978723404255
db insert success
(189, 5, 0, 0.5, 360000, 'elltwo', 'genrr', 2.42925335501706e-07, 0.16600000858306885, 166.06738471984863, '2024-07-29 22:55:49', 4, 999)
pval: [0.16600001] -- 189th test, time elapsed 166.06738471984863 -- emperical power so far (from test_start): 0.06349206349206349
db insert success
(190, 5, 0, 0.5, 360000, 'elltwo', 'genrr', -1.764425935960566e-07, 0.7880000472068787, 166.31189250946045, '2024-07-29 22:58:39', 4, 999)
pval: [0.78800005] -- 190th test, time elapsed 166.31189250946045 -- emperical power so far (from test_start): 0.06315789473684211
db insert success
(191, 5, 0, 0.5, 360000, 'elltwo', 'genrr', -5.083412848287151e-07, 0.9780000448226929, 166.26080703735352, '2024-07-29 23:01:39', 4, 999)
pval: [0.97800004] -- 191th test, time elapsed 166.26080703735352 -- emperical power so far (from test_start): 0.06282722513089005
db insert success
(192, 5, 0, 0.5, 360000, 'elltwo', 'genrr', 1.9841917488238638e-07, 0.19300000369548798, 166.17392921447754, '2024-07-29 23:04:44', 4, 999)
pval: [0.193] -- 192th test, time elapsed 166.17392921447754 -- emperical power so far (from test_start): 0.0625
db insert success
(193, 5, 0, 0.5, 360000, 'elltwo', 'genrr', 3.9837415666092724e-07, 0.0650000050663948, 166.20947098731995, '2024-07-29 23:07:33', 4, 999)
pval: [0.06500001] -- 193th test, time elapsed 166.20947098731995 -- emperical power so far (from test_start): 0.06217616580310881
db insert success
(194, 5, 0, 0.5, 360000, 'elltwo', 'genrr', -6.87875868639852e-08, 0.5820000171661377, 166.11944198608398, '2024-07-29 23:10:38', 4, 999)
pval: [0.58200002] -- 194th test, time elapsed 166.11944198608398 -- emperical power so far (from test_start): 0.061855670103092786
db insert success
(195, 5, 0, 0.5, 360000, 'elltwo', 'genrr', 2.1524066108309994e-07, 0.18700000643730164, 166.211767911911, '2024-07-29 23:13:43', 4, 999)
pval: [0.18700001] -- 195th test, time elapsed 166.211767911911 -- emperical power so far (from test_start): 0.06153846153846154
db insert success
(196, 5, 0, 0.5, 360000, 'elltwo', 'genrr', -2.0239848016936207e-07, 0.7950000166893005, 166.00202417373657, '2024-07-29 23:16:45', 4, 999)
pval: [0.79500002] -- 196th test, time elapsed 166.00202417373657 -- emperical power so far (from test_start): 0.061224489795918366
db insert success
(197, 5, 0, 0.5, 360000, 'elltwo', 'genrr', -1.1621064996197514e-07, 0.6920000314712524, 166.15121698379517, '2024-07-29 23:19:34', 4, 999)
pval: [0.69200003] -- 197th test, time elapsed 166.15121698379517 -- emperical power so far (from test_start): 0.06091370558375635
db insert success
(198, 5, 0, 0.5, 360000, 'elltwo', 'genrr', -1.6338694544320784e-07, 0.7460000514984131, 165.89931058883667, '2024-07-29 23:22:38', 4, 999)
pval: [0.74600005] -- 198th test, time elapsed 165.89931058883667 -- emperical power so far (from test_start): 0.06060606060606061
db insert success
(199, 5, 0, 0.5, 360000, 'elltwo', 'genrr', 3.8821957851903344e-07, 0.06800000369548798, 165.88192009925842, '2024-07-29 23:25:30', 4, 999)
pval: [0.068] -- 199th test, time elapsed 165.88192009925842 -- emperical power so far (from test_start): 0.06030150753768844
db insert success
(200, 5, 0, 0.5, 360000, 'elltwo', 'genrr', 2.0031778251916252e-07, 0.20500001311302185, 166.1805317401886, '2024-07-29 23:28:23', 4, 999)
pval: [0.20500001] -- 200th test, time elapsed 166.1805317401886 -- emperical power so far (from test_start): 0.06
db insert success
35484.51795697212
