bitflipelltwo, alpha=1, sample size=340000
#########################################
tensor(0.3775)
tensor(0.3775)
(1, 5, 0, 1, 340000, 'elltwo', 'bitflip', 0.0004606069006740654, 0.0010000000474974513, 167.71731734275818, '2024-07-28 07:36:42', 4, 999)
pval: [0.001] -- 1th test, time elapsed 167.71731734275818 -- emperical power so far (from test_start): 1.0
db insert success
tensor(0.3775)
tensor(0.3775)
(2, 5, 0, 1, 340000, 'elltwo', 'bitflip', 0.00027348549718908544, 0.0010000000474974513, 167.20604825019836, '2024-07-28 07:39:47', 4, 999)
pval: [0.001] -- 2th test, time elapsed 167.20604825019836 -- emperical power so far (from test_start): 1.0
db insert success
tensor(0.3775)
tensor(0.3775)
(3, 5, 0, 1, 340000, 'elltwo', 'bitflip', 0.00045715979143778895, 0.0010000000474974513, 167.6039125919342, '2024-07-28 07:42:48', 4, 999)
pval: [0.001] -- 3th test, time elapsed 167.6039125919342 -- emperical power so far (from test_start): 1.0
db insert success
tensor(0.3775)
tensor(0.3775)
(4, 5, 0, 1, 340000, 'elltwo', 'bitflip', 0.0004762906153246149, 0.0010000000474974513, 167.7004599571228, '2024-07-28 07:45:48', 4, 999)
pval: [0.001] -- 4th test, time elapsed 167.7004599571228 -- emperical power so far (from test_start): 1.0
db insert success
tensor(0.3775)
tensor(0.3775)
(5, 5, 0, 1, 340000, 'elltwo', 'bitflip', 0.0003188896757251314, 0.0010000000474974513, 167.83149075508118, '2024-07-28 07:48:54', 4, 999)
pval: [0.001] -- 5th test, time elapsed 167.83149075508118 -- emperical power so far (from test_start): 1.0
db insert success
tensor(0.3775)
tensor(0.3775)
(6, 5, 0, 1, 340000, 'elltwo', 'bitflip', 0.0005690807410587695, 0.0010000000474974513, 167.7362780570984, '2024-07-28 07:51:44', 4, 999)
pval: [0.001] -- 6th test, time elapsed 167.7362780570984 -- emperical power so far (from test_start): 1.0
db insert success
tensor(0.3775)
tensor(0.3775)
(7, 5, 0, 1, 340000, 'elltwo', 'bitflip', 0.00043110317716354984, 0.0010000000474974513, 167.57158017158508, '2024-07-28 07:54:44', 4, 999)
pval: [0.001] -- 7th test, time elapsed 167.57158017158508 -- emperical power so far (from test_start): 1.0
db insert success
tensor(0.3775)
tensor(0.3775)
(8, 5, 0, 1, 340000, 'elltwo', 'bitflip', 0.000484788954963733, 0.0010000000474974513, 167.58335304260254, '2024-07-28 07:57:42', 4, 999)
pval: [0.001] -- 8th test, time elapsed 167.58335304260254 -- emperical power so far (from test_start): 1.0
db insert success
tensor(0.3775)
tensor(0.3775)
(9, 5, 0, 1, 340000, 'elltwo', 'bitflip', 0.0005265810907530977, 0.0010000000474974513, 167.58384466171265, '2024-07-28 08:00:34', 4, 999)
pval: [0.001] -- 9th test, time elapsed 167.58384466171265 -- emperical power so far (from test_start): 1.0
db insert success
tensor(0.3775)
tensor(0.3775)
(10, 5, 0, 1, 340000, 'elltwo', 'bitflip', 0.00043450010230117186, 0.0010000000474974513, 167.5459361076355, '2024-07-28 08:03:35', 4, 999)
pval: [0.001] -- 10th test, time elapsed 167.5459361076355 -- emperical power so far (from test_start): 1.0
db insert success
tensor(0.3775)
tensor(0.3775)
(11, 5, 0, 1, 340000, 'elltwo', 'bitflip', 0.00039572295753487197, 0.0010000000474974513, 167.54390239715576, '2024-07-28 08:06:40', 4, 999)
pval: [0.001] -- 11th test, time elapsed 167.54390239715576 -- emperical power so far (from test_start): 1.0
db insert success
tensor(0.3775)
tensor(0.3775)
(12, 5, 0, 1, 340000, 'elltwo', 'bitflip', 0.0004948114372496093, 0.0010000000474974513, 167.46090722084045, '2024-07-28 08:09:43', 4, 999)
pval: [0.001] -- 12th test, time elapsed 167.46090722084045 -- emperical power so far (from test_start): 1.0
db insert success
tensor(0.3775)
tensor(0.3775)
(13, 5, 0, 1, 340000, 'elltwo', 'bitflip', 0.0004602747712283417, 0.0010000000474974513, 167.35568380355835, '2024-07-28 08:12:51', 4, 999)
pval: [0.001] -- 13th test, time elapsed 167.35568380355835 -- emperical power so far (from test_start): 1.0
db insert success
tensor(0.3775)
tensor(0.3775)
(14, 5, 0, 1, 340000, 'elltwo', 'bitflip', 0.0003284348977103946, 0.0010000000474974513, 167.37008905410767, '2024-07-28 08:15:55', 4, 999)
pval: [0.001] -- 14th test, time elapsed 167.37008905410767 -- emperical power so far (from test_start): 1.0
db insert success
tensor(0.3775)
tensor(0.3775)
(15, 5, 0, 1, 340000, 'elltwo', 'bitflip', 0.0004323415005842435, 0.0010000000474974513, 167.51474809646606, '2024-07-28 08:19:02', 4, 999)
pval: [0.001] -- 15th test, time elapsed 167.51474809646606 -- emperical power so far (from test_start): 1.0
db insert success
tensor(0.3775)
tensor(0.3775)
(16, 5, 0, 1, 340000, 'elltwo', 'bitflip', 0.00036763972286735225, 0.0010000000474974513, 167.45347118377686, '2024-07-28 08:21:51', 4, 999)
pval: [0.001] -- 16th test, time elapsed 167.45347118377686 -- emperical power so far (from test_start): 1.0
db insert success
tensor(0.3775)
tensor(0.3775)
(17, 5, 0, 1, 340000, 'elltwo', 'bitflip', 0.0004920226974718389, 0.0010000000474974513, 167.40929627418518, '2024-07-28 08:24:52', 4, 999)
pval: [0.001] -- 17th test, time elapsed 167.40929627418518 -- emperical power so far (from test_start): 1.0
db insert success
tensor(0.3775)
tensor(0.3775)
(18, 5, 0, 1, 340000, 'elltwo', 'bitflip', 0.0005502741336727013, 0.0010000000474974513, 167.41747903823853, '2024-07-28 08:27:47', 4, 999)
pval: [0.001] -- 18th test, time elapsed 167.41747903823853 -- emperical power so far (from test_start): 1.0
db insert success
tensor(0.3775)
tensor(0.3775)
(19, 5, 0, 1, 340000, 'elltwo', 'bitflip', 0.00045634304944996984, 0.0010000000474974513, 167.4315207004547, '2024-07-28 08:30:51', 4, 999)
pval: [0.001] -- 19th test, time elapsed 167.4315207004547 -- emperical power so far (from test_start): 1.0
db insert success
tensor(0.3775)
tensor(0.3775)
(20, 5, 0, 1, 340000, 'elltwo', 'bitflip', 0.0005215006566459124, 0.0010000000474974513, 167.41567087173462, '2024-07-28 08:33:52', 4, 999)
pval: [0.001] -- 20th test, time elapsed 167.41567087173462 -- emperical power so far (from test_start): 1.0
db insert success
tensor(0.3775)
tensor(0.3775)
(21, 5, 0, 1, 340000, 'elltwo', 'bitflip', 0.00044277475439002956, 0.0010000000474974513, 167.45741438865662, '2024-07-28 08:36:56', 4, 999)
pval: [0.001] -- 21th test, time elapsed 167.45741438865662 -- emperical power so far (from test_start): 1.0
db insert success
tensor(0.3775)
tensor(0.3775)
(22, 5, 0, 1, 340000, 'elltwo', 'bitflip', 0.0004474875823916591, 0.0010000000474974513, 167.55296087265015, '2024-07-28 08:39:51', 4, 999)
pval: [0.001] -- 22th test, time elapsed 167.55296087265015 -- emperical power so far (from test_start): 1.0
db insert success
tensor(0.3775)
tensor(0.3775)
(23, 5, 0, 1, 340000, 'elltwo', 'bitflip', 0.0005587357118201908, 0.0010000000474974513, 167.61116695404053, '2024-07-28 08:42:58', 4, 999)
pval: [0.001] -- 23th test, time elapsed 167.61116695404053 -- emperical power so far (from test_start): 1.0
db insert success
tensor(0.3775)
tensor(0.3775)
(24, 5, 0, 1, 340000, 'elltwo', 'bitflip', 0.00027489380977385736, 0.0010000000474974513, 167.55133533477783, '2024-07-28 08:45:55', 4, 999)
pval: [0.001] -- 24th test, time elapsed 167.55133533477783 -- emperical power so far (from test_start): 1.0
db insert success
tensor(0.3775)
tensor(0.3775)
(25, 5, 0, 1, 340000, 'elltwo', 'bitflip', 0.00044150277523158366, 0.0010000000474974513, 167.55318021774292, '2024-07-28 08:48:53', 4, 999)
pval: [0.001] -- 25th test, time elapsed 167.55318021774292 -- emperical power so far (from test_start): 1.0
db insert success
tensor(0.3775)
tensor(0.3775)
(26, 5, 0, 1, 340000, 'elltwo', 'bitflip', 0.00043867491939408865, 0.0010000000474974513, 167.60548567771912, '2024-07-28 08:51:55', 4, 999)
pval: [0.001] -- 26th test, time elapsed 167.60548567771912 -- emperical power so far (from test_start): 1.0
db insert success
tensor(0.3775)
tensor(0.3775)
(27, 5, 0, 1, 340000, 'elltwo', 'bitflip', 0.00040812541897139454, 0.0010000000474974513, 167.57573461532593, '2024-07-28 08:54:48', 4, 999)
pval: [0.001] -- 27th test, time elapsed 167.57573461532593 -- emperical power so far (from test_start): 1.0
db insert success
tensor(0.3775)
tensor(0.3775)
(28, 5, 0, 1, 340000, 'elltwo', 'bitflip', 0.000386132136895867, 0.0010000000474974513, 167.54814410209656, '2024-07-28 08:57:49', 4, 999)
pval: [0.001] -- 28th test, time elapsed 167.54814410209656 -- emperical power so far (from test_start): 1.0
db insert success
tensor(0.3775)
tensor(0.3775)
(29, 5, 0, 1, 340000, 'elltwo', 'bitflip', 0.0005288664765998874, 0.0010000000474974513, 167.5646939277649, '2024-07-28 09:00:42', 4, 999)
pval: [0.001] -- 29th test, time elapsed 167.5646939277649 -- emperical power so far (from test_start): 1.0
db insert success
tensor(0.3775)
tensor(0.3775)
(30, 5, 0, 1, 340000, 'elltwo', 'bitflip', 0.0004360066572530741, 0.0010000000474974513, 167.41150426864624, '2024-07-28 09:03:41', 4, 999)
pval: [0.001] -- 30th test, time elapsed 167.41150426864624 -- emperical power so far (from test_start): 1.0
db insert success
tensor(0.3775)
tensor(0.3775)
(31, 5, 0, 1, 340000, 'elltwo', 'bitflip', 0.0003061300205899897, 0.0010000000474974513, 167.48156571388245, '2024-07-28 09:06:40', 4, 999)
pval: [0.001] -- 31th test, time elapsed 167.48156571388245 -- emperical power so far (from test_start): 1.0
db insert success
tensor(0.3775)
tensor(0.3775)
(32, 5, 0, 1, 340000, 'elltwo', 'bitflip', 0.00035125970379112914, 0.0010000000474974513, 168.2661874294281, '2024-07-28 09:09:29', 4, 999)
pval: [0.001] -- 32th test, time elapsed 168.2661874294281 -- emperical power so far (from test_start): 1.0
db insert success
tensor(0.3775)
tensor(0.3775)
(33, 5, 0, 1, 340000, 'elltwo', 'bitflip', 0.0005175250661864084, 0.0010000000474974513, 168.1334948539734, '2024-07-28 09:12:30', 4, 999)
pval: [0.001] -- 33th test, time elapsed 168.1334948539734 -- emperical power so far (from test_start): 1.0
db insert success
tensor(0.3775)
tensor(0.3775)
(34, 5, 0, 1, 340000, 'elltwo', 'bitflip', 0.00030657998149763444, 0.0010000000474974513, 168.10415148735046, '2024-07-28 09:15:29', 4, 999)
pval: [0.001] -- 34th test, time elapsed 168.10415148735046 -- emperical power so far (from test_start): 1.0
db insert success
tensor(0.3775)
tensor(0.3775)
(35, 5, 0, 1, 340000, 'elltwo', 'bitflip', 0.0003815391069110774, 0.0010000000474974513, 168.00405478477478, '2024-07-28 09:18:20', 4, 999)
pval: [0.001] -- 35th test, time elapsed 168.00405478477478 -- emperical power so far (from test_start): 1.0
db insert success
tensor(0.3775)
tensor(0.3775)
(36, 5, 0, 1, 340000, 'elltwo', 'bitflip', 0.00043133578066090195, 0.0010000000474974513, 167.91221070289612, '2024-07-28 09:21:21', 4, 999)
pval: [0.001] -- 36th test, time elapsed 167.91221070289612 -- emperical power so far (from test_start): 1.0
db insert success
tensor(0.3775)
tensor(0.3775)
(37, 5, 0, 1, 340000, 'elltwo', 'bitflip', 0.0004433401938399584, 0.0010000000474974513, 167.84284234046936, '2024-07-28 09:24:25', 4, 999)
pval: [0.001] -- 37th test, time elapsed 167.84284234046936 -- emperical power so far (from test_start): 1.0
db insert success
tensor(0.3775)
tensor(0.3775)
(38, 5, 0, 1, 340000, 'elltwo', 'bitflip', 0.000410750588287101, 0.0010000000474974513, 167.96115159988403, '2024-07-28 09:27:29', 4, 999)
pval: [0.001] -- 38th test, time elapsed 167.96115159988403 -- emperical power so far (from test_start): 1.0
db insert success
tensor(0.3775)
tensor(0.3775)
(39, 5, 0, 1, 340000, 'elltwo', 'bitflip', 0.00041442108238243236, 0.0010000000474974513, 168.00667119026184, '2024-07-28 09:30:19', 4, 999)
pval: [0.001] -- 39th test, time elapsed 168.00667119026184 -- emperical power so far (from test_start): 1.0
db insert success
tensor(0.3775)
tensor(0.3775)
(40, 5, 0, 1, 340000, 'elltwo', 'bitflip', 0.00043642115565489803, 0.0010000000474974513, 167.85388565063477, '2024-07-28 09:33:08', 4, 999)
pval: [0.001] -- 40th test, time elapsed 167.85388565063477 -- emperical power so far (from test_start): 1.0
db insert success
tensor(0.3775)
tensor(0.3775)
(41, 5, 0, 1, 340000, 'elltwo', 'bitflip', 0.0003215667079530249, 0.0010000000474974513, 167.95896768569946, '2024-07-28 09:35:59', 4, 999)
pval: [0.001] -- 41th test, time elapsed 167.95896768569946 -- emperical power so far (from test_start): 1.0
db insert success
tensor(0.3775)
tensor(0.3775)
(42, 5, 0, 1, 340000, 'elltwo', 'bitflip', 0.000326319639839312, 0.0010000000474974513, 168.14172673225403, '2024-07-28 09:38:53', 4, 999)
pval: [0.001] -- 42th test, time elapsed 168.14172673225403 -- emperical power so far (from test_start): 1.0
db insert success
tensor(0.3775)
tensor(0.3775)
(43, 5, 0, 1, 340000, 'elltwo', 'bitflip', 0.00051510839847424, 0.0010000000474974513, 168.00330209732056, '2024-07-28 09:42:01', 4, 999)
pval: [0.001] -- 43th test, time elapsed 168.00330209732056 -- emperical power so far (from test_start): 1.0
db insert success
tensor(0.3775)
tensor(0.3775)
(44, 5, 0, 1, 340000, 'elltwo', 'bitflip', 0.0003882971237203492, 0.0010000000474974513, 168.08243703842163, '2024-07-28 09:44:51', 4, 999)
pval: [0.001] -- 44th test, time elapsed 168.08243703842163 -- emperical power so far (from test_start): 1.0
db insert success
tensor(0.3775)
tensor(0.3775)
(45, 5, 0, 1, 340000, 'elltwo', 'bitflip', 0.00048751236005273313, 0.0010000000474974513, 167.62042379379272, '2024-07-28 09:47:55', 4, 999)
pval: [0.001] -- 45th test, time elapsed 167.62042379379272 -- emperical power so far (from test_start): 1.0
db insert success
tensor(0.3775)
tensor(0.3775)
(46, 5, 0, 1, 340000, 'elltwo', 'bitflip', 0.0003124009070916145, 0.0010000000474974513, 167.93975472450256, '2024-07-28 09:51:03', 4, 999)
pval: [0.001] -- 46th test, time elapsed 167.93975472450256 -- emperical power so far (from test_start): 1.0
db insert success
tensor(0.3775)
tensor(0.3775)
(47, 5, 0, 1, 340000, 'elltwo', 'bitflip', 0.0005008199559028981, 0.0010000000474974513, 167.95191979408264, '2024-07-28 09:54:04', 4, 999)
pval: [0.001] -- 47th test, time elapsed 167.95191979408264 -- emperical power so far (from test_start): 1.0
db insert success
tensor(0.3775)
tensor(0.3775)
(48, 5, 0, 1, 340000, 'elltwo', 'bitflip', 0.0004410130148926328, 0.0010000000474974513, 168.13017296791077, '2024-07-28 09:57:01', 4, 999)
pval: [0.001] -- 48th test, time elapsed 168.13017296791077 -- emperical power so far (from test_start): 1.0
db insert success
tensor(0.3775)
tensor(0.3775)
(49, 5, 0, 1, 340000, 'elltwo', 'bitflip', 0.00036213579625155035, 0.0010000000474974513, 168.22907900810242, '2024-07-28 09:59:51', 4, 999)
pval: [0.001] -- 49th test, time elapsed 168.22907900810242 -- emperical power so far (from test_start): 1.0
db insert success
tensor(0.3775)
tensor(0.3775)
(50, 5, 0, 1, 340000, 'elltwo', 'bitflip', 0.0004931558591465546, 0.0010000000474974513, 167.7357406616211, '2024-07-28 10:02:59', 4, 999)
pval: [0.001] -- 50th test, time elapsed 167.7357406616211 -- emperical power so far (from test_start): 1.0
db insert success
tensor(0.3775)
tensor(0.3775)
(51, 5, 0, 1, 340000, 'elltwo', 'bitflip', 0.00040068984202434876, 0.0010000000474974513, 168.25817608833313, '2024-07-28 10:05:56', 4, 999)
pval: [0.001] -- 51th test, time elapsed 168.25817608833313 -- emperical power so far (from test_start): 1.0
db insert success
tensor(0.3775)
tensor(0.3775)
(52, 5, 0, 1, 340000, 'elltwo', 'bitflip', 0.000337470052329536, 0.0010000000474974513, 168.03996920585632, '2024-07-28 10:09:00', 4, 999)
pval: [0.001] -- 52th test, time elapsed 168.03996920585632 -- emperical power so far (from test_start): 1.0
db insert success
tensor(0.3775)
tensor(0.3775)
(53, 5, 0, 1, 340000, 'elltwo', 'bitflip', 0.0004391724363586036, 0.0010000000474974513, 167.70001697540283, '2024-07-28 10:11:49', 4, 999)
pval: [0.001] -- 53th test, time elapsed 167.70001697540283 -- emperical power so far (from test_start): 1.0
db insert success
tensor(0.3775)
tensor(0.3775)
(54, 5, 0, 1, 340000, 'elltwo', 'bitflip', 0.0004182753934287575, 0.0010000000474974513, 168.0952010154724, '2024-07-28 10:14:46', 4, 999)
pval: [0.001] -- 54th test, time elapsed 168.0952010154724 -- emperical power so far (from test_start): 1.0
db insert success
tensor(0.3775)
tensor(0.3775)
(55, 5, 0, 1, 340000, 'elltwo', 'bitflip', 0.0003689854718800234, 0.0010000000474974513, 168.17468428611755, '2024-07-28 10:17:53', 4, 999)
pval: [0.001] -- 55th test, time elapsed 168.17468428611755 -- emperical power so far (from test_start): 1.0
db insert success
tensor(0.3775)
tensor(0.3775)
(56, 5, 0, 1, 340000, 'elltwo', 'bitflip', 0.0004946092601585406, 0.0010000000474974513, 167.83221411705017, '2024-07-28 10:20:52', 4, 999)
pval: [0.001] -- 56th test, time elapsed 167.83221411705017 -- emperical power so far (from test_start): 1.0
db insert success
tensor(0.3775)
tensor(0.3775)
(57, 5, 0, 1, 340000, 'elltwo', 'bitflip', 0.0004883402908717471, 0.0010000000474974513, 167.65554022789001, '2024-07-28 10:23:52', 4, 999)
pval: [0.001] -- 57th test, time elapsed 167.65554022789001 -- emperical power so far (from test_start): 1.0
db insert success
tensor(0.3775)
tensor(0.3775)
(58, 5, 0, 1, 340000, 'elltwo', 'bitflip', 0.0004326128740785862, 0.0010000000474974513, 167.6829400062561, '2024-07-28 10:26:43', 4, 999)
pval: [0.001] -- 58th test, time elapsed 167.6829400062561 -- emperical power so far (from test_start): 1.0
db insert success
tensor(0.3775)
tensor(0.3775)
(59, 5, 0, 1, 340000, 'elltwo', 'bitflip', 0.0003834605377619482, 0.0010000000474974513, 167.6860749721527, '2024-07-28 10:29:41', 4, 999)
pval: [0.001] -- 59th test, time elapsed 167.6860749721527 -- emperical power so far (from test_start): 1.0
db insert success
tensor(0.3775)
tensor(0.3775)
(60, 5, 0, 1, 340000, 'elltwo', 'bitflip', 0.00046313779841966607, 0.0010000000474974513, 167.6227195262909, '2024-07-28 10:32:37', 4, 999)
pval: [0.001] -- 60th test, time elapsed 167.6227195262909 -- emperical power so far (from test_start): 1.0
db insert success
tensor(0.3775)
tensor(0.3775)
(61, 5, 0, 1, 340000, 'elltwo', 'bitflip', 0.0003935861661830131, 0.0010000000474974513, 167.64263463020325, '2024-07-28 10:35:27', 4, 999)
pval: [0.001] -- 61th test, time elapsed 167.64263463020325 -- emperical power so far (from test_start): 1.0
db insert success
tensor(0.3775)
tensor(0.3775)
(62, 5, 0, 1, 340000, 'elltwo', 'bitflip', 0.00041042263711688065, 0.0010000000474974513, 167.63073682785034, '2024-07-28 10:38:24', 4, 999)
pval: [0.001] -- 62th test, time elapsed 167.63073682785034 -- emperical power so far (from test_start): 1.0
db insert success
tensor(0.3775)
tensor(0.3775)
(63, 5, 0, 1, 340000, 'elltwo', 'bitflip', 0.0004494395021197306, 0.0010000000474974513, 167.58182621002197, '2024-07-28 10:41:28', 4, 999)
pval: [0.001] -- 63th test, time elapsed 167.58182621002197 -- emperical power so far (from test_start): 1.0
db insert success
tensor(0.3775)
tensor(0.3775)
(64, 5, 0, 1, 340000, 'elltwo', 'bitflip', 0.0005818364630272299, 0.0010000000474974513, 167.6113657951355, '2024-07-28 10:44:32', 4, 999)
pval: [0.001] -- 64th test, time elapsed 167.6113657951355 -- emperical power so far (from test_start): 1.0
db insert success
tensor(0.3775)
tensor(0.3775)
(65, 5, 0, 1, 340000, 'elltwo', 'bitflip', 0.00034966412403036884, 0.0010000000474974513, 167.92280459403992, '2024-07-28 10:47:30', 4, 999)
pval: [0.001] -- 65th test, time elapsed 167.92280459403992 -- emperical power so far (from test_start): 1.0
db insert success
tensor(0.3775)
tensor(0.3775)
(66, 5, 0, 1, 340000, 'elltwo', 'bitflip', 0.0005008249197544501, 0.0010000000474974513, 167.93807744979858, '2024-07-28 10:50:27', 4, 999)
pval: [0.001] -- 66th test, time elapsed 167.93807744979858 -- emperical power so far (from test_start): 1.0
db insert success
tensor(0.3775)
tensor(0.3775)
(67, 5, 0, 1, 340000, 'elltwo', 'bitflip', 0.00037377187612719354, 0.0010000000474974513, 168.05970883369446, '2024-07-28 10:53:32', 4, 999)
pval: [0.001] -- 67th test, time elapsed 168.05970883369446 -- emperical power so far (from test_start): 1.0
db insert success
tensor(0.3775)
tensor(0.3775)
(68, 5, 0, 1, 340000, 'elltwo', 'bitflip', 0.0005402058657750786, 0.0010000000474974513, 168.2369692325592, '2024-07-28 10:56:27', 4, 999)
pval: [0.001] -- 68th test, time elapsed 168.2369692325592 -- emperical power so far (from test_start): 1.0
db insert success
tensor(0.3775)
tensor(0.3775)
(69, 5, 0, 1, 340000, 'elltwo', 'bitflip', 0.000513568730013958, 0.0010000000474974513, 168.00648307800293, '2024-07-28 10:59:31', 4, 999)
pval: [0.001] -- 69th test, time elapsed 168.00648307800293 -- emperical power so far (from test_start): 1.0
db insert success
tensor(0.3775)
tensor(0.3775)
(70, 5, 0, 1, 340000, 'elltwo', 'bitflip', 0.00042658735759459887, 0.0010000000474974513, 167.84725213050842, '2024-07-28 11:02:26', 4, 999)
pval: [0.001] -- 70th test, time elapsed 167.84725213050842 -- emperical power so far (from test_start): 1.0
db insert success
tensor(0.3775)
tensor(0.3775)
(71, 5, 0, 1, 340000, 'elltwo', 'bitflip', 0.00039136446616794274, 0.0010000000474974513, 168.30580854415894, '2024-07-28 11:05:27', 4, 999)
pval: [0.001] -- 71th test, time elapsed 168.30580854415894 -- emperical power so far (from test_start): 1.0
db insert success
tensor(0.3775)
tensor(0.3775)
(72, 5, 0, 1, 340000, 'elltwo', 'bitflip', 0.0003914487655833909, 0.0010000000474974513, 167.7141396999359, '2024-07-28 11:08:17', 4, 999)
pval: [0.001] -- 72th test, time elapsed 167.7141396999359 -- emperical power so far (from test_start): 1.0
db insert success
tensor(0.3775)
tensor(0.3775)
(73, 5, 0, 1, 340000, 'elltwo', 'bitflip', 0.0004242164792458425, 0.0010000000474974513, 168.26349902153015, '2024-07-28 11:11:20', 4, 999)
pval: [0.001] -- 73th test, time elapsed 168.26349902153015 -- emperical power so far (from test_start): 1.0
db insert success
tensor(0.3775)
tensor(0.3775)
(74, 5, 0, 1, 340000, 'elltwo', 'bitflip', 0.0003891360887564588, 0.0010000000474974513, 168.30588030815125, '2024-07-28 11:14:23', 4, 999)
pval: [0.001] -- 74th test, time elapsed 168.30588030815125 -- emperical power so far (from test_start): 1.0
db insert success
tensor(0.3775)
tensor(0.3775)
(75, 5, 0, 1, 340000, 'elltwo', 'bitflip', 0.0004918933752833254, 0.0010000000474974513, 167.94073128700256, '2024-07-28 11:17:26', 4, 999)
pval: [0.001] -- 75th test, time elapsed 167.94073128700256 -- emperical power so far (from test_start): 1.0
db insert success
tensor(0.3775)
tensor(0.3775)
(76, 5, 0, 1, 340000, 'elltwo', 'bitflip', 0.00022819422855491212, 0.0010000000474974513, 168.22496056556702, '2024-07-28 11:20:30', 4, 999)
pval: [0.001] -- 76th test, time elapsed 168.22496056556702 -- emperical power so far (from test_start): 1.0
db insert success
tensor(0.3775)
tensor(0.3775)
(77, 5, 0, 1, 340000, 'elltwo', 'bitflip', 0.00025679826080704515, 0.0010000000474974513, 168.05724477767944, '2024-07-28 11:23:21', 4, 999)
pval: [0.001] -- 77th test, time elapsed 168.05724477767944 -- emperical power so far (from test_start): 1.0
db insert success
tensor(0.3775)
tensor(0.3775)
(78, 5, 0, 1, 340000, 'elltwo', 'bitflip', 0.00042156695752737505, 0.0010000000474974513, 168.06920194625854, '2024-07-28 11:26:30', 4, 999)
pval: [0.001] -- 78th test, time elapsed 168.06920194625854 -- emperical power so far (from test_start): 1.0
db insert success
tensor(0.3775)
tensor(0.3775)
(79, 5, 0, 1, 340000, 'elltwo', 'bitflip', 0.0005113189630492343, 0.0010000000474974513, 167.96428894996643, '2024-07-28 11:29:19', 4, 999)
pval: [0.001] -- 79th test, time elapsed 167.96428894996643 -- emperical power so far (from test_start): 1.0
db insert success
tensor(0.3775)
tensor(0.3775)
(80, 5, 0, 1, 340000, 'elltwo', 'bitflip', 0.0003860629165615137, 0.0010000000474974513, 167.83253693580627, '2024-07-28 11:32:24', 4, 999)
pval: [0.001] -- 80th test, time elapsed 167.83253693580627 -- emperical power so far (from test_start): 1.0
db insert success
tensor(0.3775)
tensor(0.3775)
(81, 5, 0, 1, 340000, 'elltwo', 'bitflip', 0.0006113789186201757, 0.0010000000474974513, 167.9721622467041, '2024-07-28 11:35:23', 4, 999)
pval: [0.001] -- 81th test, time elapsed 167.9721622467041 -- emperical power so far (from test_start): 1.0
db insert success
tensor(0.3775)
tensor(0.3775)
(82, 5, 0, 1, 340000, 'elltwo', 'bitflip', 0.0003435941181351154, 0.0010000000474974513, 167.9359679222107, '2024-07-28 11:38:12', 4, 999)
pval: [0.001] -- 82th test, time elapsed 167.9359679222107 -- emperical power so far (from test_start): 1.0
db insert success
tensor(0.3775)
tensor(0.3775)
(83, 5, 0, 1, 340000, 'elltwo', 'bitflip', 0.0005773091579044376, 0.0010000000474974513, 167.89469575881958, '2024-07-28 11:41:08', 4, 999)
pval: [0.001] -- 83th test, time elapsed 167.89469575881958 -- emperical power so far (from test_start): 1.0
db insert success
tensor(0.3775)
tensor(0.3775)
(84, 5, 0, 1, 340000, 'elltwo', 'bitflip', 0.000596870830690932, 0.0010000000474974513, 167.90905165672302, '2024-07-28 11:44:09', 4, 999)
pval: [0.001] -- 84th test, time elapsed 167.90905165672302 -- emperical power so far (from test_start): 1.0
db insert success
tensor(0.3775)
tensor(0.3775)
(85, 5, 0, 1, 340000, 'elltwo', 'bitflip', 0.0005134927874337336, 0.0010000000474974513, 167.73138523101807, '2024-07-28 11:47:13', 4, 999)
pval: [0.001] -- 85th test, time elapsed 167.73138523101807 -- emperical power so far (from test_start): 1.0
db insert success
tensor(0.3775)
tensor(0.3775)
(86, 5, 0, 1, 340000, 'elltwo', 'bitflip', 0.00025435145892060973, 0.0010000000474974513, 167.8151319026947, '2024-07-28 11:50:21', 4, 999)
pval: [0.001] -- 86th test, time elapsed 167.8151319026947 -- emperical power so far (from test_start): 1.0
db insert success
tensor(0.3775)
tensor(0.3775)
(87, 5, 0, 1, 340000, 'elltwo', 'bitflip', 0.0004173231416757517, 0.0010000000474974513, 167.69784593582153, '2024-07-28 11:53:28', 4, 999)
pval: [0.001] -- 87th test, time elapsed 167.69784593582153 -- emperical power so far (from test_start): 1.0
db insert success
tensor(0.3775)
tensor(0.3775)
(88, 5, 0, 1, 340000, 'elltwo', 'bitflip', 0.0004889591372716495, 0.0010000000474974513, 167.95717477798462, '2024-07-28 11:56:34', 4, 999)
pval: [0.001] -- 88th test, time elapsed 167.95717477798462 -- emperical power so far (from test_start): 1.0
db insert success
tensor(0.3775)
tensor(0.3775)
(89, 5, 0, 1, 340000, 'elltwo', 'bitflip', 0.0004060271607499999, 0.0010000000474974513, 168.07577919960022, '2024-07-28 11:59:40', 4, 999)
pval: [0.001] -- 89th test, time elapsed 168.07577919960022 -- emperical power so far (from test_start): 1.0
db insert success
tensor(0.3775)
tensor(0.3775)
(90, 5, 0, 1, 340000, 'elltwo', 'bitflip', 0.0005747337517050255, 0.0010000000474974513, 168.11451649665833, '2024-07-28 12:02:49', 4, 999)
pval: [0.001] -- 90th test, time elapsed 168.11451649665833 -- emperical power so far (from test_start): 1.0
db insert success
tensor(0.3775)
tensor(0.3775)
(91, 5, 0, 1, 340000, 'elltwo', 'bitflip', 0.000504911296843602, 0.0010000000474974513, 168.08893465995789, '2024-07-28 12:05:48', 4, 999)
pval: [0.001] -- 91th test, time elapsed 168.08893465995789 -- emperical power so far (from test_start): 1.0
db insert success
tensor(0.3775)
tensor(0.3775)
(92, 5, 0, 1, 340000, 'elltwo', 'bitflip', 0.0005547007119162117, 0.0010000000474974513, 167.98267769813538, '2024-07-28 12:08:52', 4, 999)
pval: [0.001] -- 92th test, time elapsed 167.98267769813538 -- emperical power so far (from test_start): 1.0
db insert success
tensor(0.3775)
tensor(0.3775)
(93, 5, 0, 1, 340000, 'elltwo', 'bitflip', 0.0004158243260121708, 0.0010000000474974513, 168.03203058242798, '2024-07-28 12:11:42', 4, 999)
pval: [0.001] -- 93th test, time elapsed 168.03203058242798 -- emperical power so far (from test_start): 1.0
db insert success
tensor(0.3775)
tensor(0.3775)
(94, 5, 0, 1, 340000, 'elltwo', 'bitflip', 0.0005731953764325226, 0.0010000000474974513, 168.04098391532898, '2024-07-28 12:14:48', 4, 999)
pval: [0.001] -- 94th test, time elapsed 168.04098391532898 -- emperical power so far (from test_start): 1.0
db insert success
tensor(0.3775)
tensor(0.3775)
(95, 5, 0, 1, 340000, 'elltwo', 'bitflip', 0.0005173532134676861, 0.0010000000474974513, 168.25638389587402, '2024-07-28 12:17:43', 4, 999)
pval: [0.001] -- 95th test, time elapsed 168.25638389587402 -- emperical power so far (from test_start): 1.0
db insert success
tensor(0.3775)
tensor(0.3775)
(96, 5, 0, 1, 340000, 'elltwo', 'bitflip', 0.000441244488627035, 0.0010000000474974513, 167.96906566619873, '2024-07-28 12:20:50', 4, 999)
pval: [0.001] -- 96th test, time elapsed 167.96906566619873 -- emperical power so far (from test_start): 1.0
db insert success
tensor(0.3775)
tensor(0.3775)
(97, 5, 0, 1, 340000, 'elltwo', 'bitflip', 0.0005394666494566991, 0.0010000000474974513, 167.59733653068542, '2024-07-28 12:23:45', 4, 999)
pval: [0.001] -- 97th test, time elapsed 167.59733653068542 -- emperical power so far (from test_start): 1.0
db insert success
tensor(0.3775)
tensor(0.3775)
(98, 5, 0, 1, 340000, 'elltwo', 'bitflip', 0.0005093690483590763, 0.0010000000474974513, 167.55538892745972, '2024-07-28 12:26:50', 4, 999)
pval: [0.001] -- 98th test, time elapsed 167.55538892745972 -- emperical power so far (from test_start): 1.0
db insert success
tensor(0.3775)
tensor(0.3775)
(99, 5, 0, 1, 340000, 'elltwo', 'bitflip', 0.0005308286191620937, 0.0010000000474974513, 167.60963129997253, '2024-07-28 12:29:52', 4, 999)
pval: [0.001] -- 99th test, time elapsed 167.60963129997253 -- emperical power so far (from test_start): 1.0
db insert success
tensor(0.3775)
tensor(0.3775)
(100, 5, 0, 1, 340000, 'elltwo', 'bitflip', 0.0004757502738925723, 0.0010000000474974513, 168.20728063583374, '2024-07-28 12:32:59', 4, 999)
pval: [0.001] -- 100th test, time elapsed 168.20728063583374 -- emperical power so far (from test_start): 1.0
db insert success
tensor(0.3775)
tensor(0.3775)
(101, 5, 0, 1, 340000, 'elltwo', 'bitflip', 0.00047588696492084637, 0.0010000000474974513, 168.30963325500488, '2024-07-28 12:35:53', 4, 999)
pval: [0.001] -- 101th test, time elapsed 168.30963325500488 -- emperical power so far (from test_start): 1.0
db insert success
tensor(0.3775)
tensor(0.3775)
(102, 5, 0, 1, 340000, 'elltwo', 'bitflip', 0.00041534144912702686, 0.0010000000474974513, 168.0720648765564, '2024-07-28 12:39:01', 4, 999)
pval: [0.001] -- 102th test, time elapsed 168.0720648765564 -- emperical power so far (from test_start): 1.0
db insert success
tensor(0.3775)
tensor(0.3775)
(103, 5, 0, 1, 340000, 'elltwo', 'bitflip', 0.0005117716219160684, 0.0010000000474974513, 168.1811604499817, '2024-07-28 12:42:06', 4, 999)
pval: [0.001] -- 103th test, time elapsed 168.1811604499817 -- emperical power so far (from test_start): 1.0
db insert success
tensor(0.3775)
tensor(0.3775)
(104, 5, 0, 1, 340000, 'elltwo', 'bitflip', 0.0004851182683296429, 0.0010000000474974513, 168.06768250465393, '2024-07-28 12:45:09', 4, 999)
pval: [0.001] -- 104th test, time elapsed 168.06768250465393 -- emperical power so far (from test_start): 1.0
db insert success
tensor(0.3775)
tensor(0.3775)
(105, 5, 0, 1, 340000, 'elltwo', 'bitflip', 0.00042498648338096245, 0.0010000000474974513, 167.9318332672119, '2024-07-28 12:48:09', 4, 999)
pval: [0.001] -- 105th test, time elapsed 167.9318332672119 -- emperical power so far (from test_start): 1.0
db insert success
tensor(0.3775)
tensor(0.3775)
(106, 5, 0, 1, 340000, 'elltwo', 'bitflip', 0.0003902133387327922, 0.0010000000474974513, 167.6348819732666, '2024-07-28 12:51:01', 4, 999)
pval: [0.001] -- 106th test, time elapsed 167.6348819732666 -- emperical power so far (from test_start): 1.0
db insert success
tensor(0.3775)
tensor(0.3775)
(107, 5, 0, 1, 340000, 'elltwo', 'bitflip', 0.00032029981417736053, 0.0010000000474974513, 167.68309807777405, '2024-07-28 12:53:56', 4, 999)
pval: [0.001] -- 107th test, time elapsed 167.68309807777405 -- emperical power so far (from test_start): 1.0
db insert success
tensor(0.3775)
tensor(0.3775)
(108, 5, 0, 1, 340000, 'elltwo', 'bitflip', 0.0004232728022657284, 0.0010000000474974513, 168.18163108825684, '2024-07-28 12:56:50', 4, 999)
pval: [0.001] -- 108th test, time elapsed 168.18163108825684 -- emperical power so far (from test_start): 1.0
db insert success
tensor(0.3775)
tensor(0.3775)
(109, 5, 0, 1, 340000, 'elltwo', 'bitflip', 0.00033904448054045133, 0.0010000000474974513, 167.89013481140137, '2024-07-28 12:59:56', 4, 999)
pval: [0.001] -- 109th test, time elapsed 167.89013481140137 -- emperical power so far (from test_start): 1.0
db insert success
tensor(0.3775)
tensor(0.3775)
(110, 5, 0, 1, 340000, 'elltwo', 'bitflip', 0.0005090090940029768, 0.0010000000474974513, 168.0742905139923, '2024-07-28 13:02:53', 4, 999)
pval: [0.001] -- 110th test, time elapsed 168.0742905139923 -- emperical power so far (from test_start): 1.0
db insert success
tensor(0.3775)
tensor(0.3775)
(111, 5, 0, 1, 340000, 'elltwo', 'bitflip', 0.0005572982096282431, 0.0010000000474974513, 168.17964935302734, '2024-07-28 13:05:43', 4, 999)
pval: [0.001] -- 111th test, time elapsed 168.17964935302734 -- emperical power so far (from test_start): 1.0
db insert success
tensor(0.3775)
tensor(0.3775)
(112, 5, 0, 1, 340000, 'elltwo', 'bitflip', 0.0005587744415720408, 0.0010000000474974513, 167.9699273109436, '2024-07-28 13:08:50', 4, 999)
pval: [0.001] -- 112th test, time elapsed 167.9699273109436 -- emperical power so far (from test_start): 1.0
db insert success
tensor(0.3775)
tensor(0.3775)
(113, 5, 0, 1, 340000, 'elltwo', 'bitflip', 0.00045475857751853255, 0.0010000000474974513, 167.97075390815735, '2024-07-28 13:11:54', 4, 999)
pval: [0.001] -- 113th test, time elapsed 167.97075390815735 -- emperical power so far (from test_start): 1.0
db insert success
tensor(0.3775)
tensor(0.3775)
(114, 5, 0, 1, 340000, 'elltwo', 'bitflip', 0.0004969105053191925, 0.0010000000474974513, 167.76090288162231, '2024-07-28 13:14:45', 4, 999)
pval: [0.001] -- 114th test, time elapsed 167.76090288162231 -- emperical power so far (from test_start): 1.0
db insert success
tensor(0.3775)
tensor(0.3775)
(115, 5, 0, 1, 340000, 'elltwo', 'bitflip', 0.0004444311207407736, 0.0010000000474974513, 168.10109066963196, '2024-07-28 13:17:37', 4, 999)
pval: [0.001] -- 115th test, time elapsed 168.10109066963196 -- emperical power so far (from test_start): 1.0
db insert success
tensor(0.3775)
tensor(0.3775)
(116, 5, 0, 1, 340000, 'elltwo', 'bitflip', 0.0005241618562195072, 0.0010000000474974513, 168.08156657218933, '2024-07-28 13:20:31', 4, 999)
pval: [0.001] -- 116th test, time elapsed 168.08156657218933 -- emperical power so far (from test_start): 1.0
db insert success
tensor(0.3775)
tensor(0.3775)
(117, 5, 0, 1, 340000, 'elltwo', 'bitflip', 0.00034495325695615975, 0.0010000000474974513, 167.8462872505188, '2024-07-28 13:23:24', 4, 999)
pval: [0.001] -- 117th test, time elapsed 167.8462872505188 -- emperical power so far (from test_start): 1.0
db insert success
tensor(0.3775)
tensor(0.3775)
(118, 5, 0, 1, 340000, 'elltwo', 'bitflip', 0.0005160097445013889, 0.0010000000474974513, 167.93733644485474, '2024-07-28 13:26:33', 4, 999)
pval: [0.001] -- 118th test, time elapsed 167.93733644485474 -- emperical power so far (from test_start): 1.0
db insert success
tensor(0.3775)
tensor(0.3775)
(119, 5, 0, 1, 340000, 'elltwo', 'bitflip', 0.0004965286959759396, 0.0010000000474974513, 167.71465158462524, '2024-07-28 13:29:29', 4, 999)
pval: [0.001] -- 119th test, time elapsed 167.71465158462524 -- emperical power so far (from test_start): 1.0
db insert success
tensor(0.3775)
tensor(0.3775)
(120, 5, 0, 1, 340000, 'elltwo', 'bitflip', 0.0004300951449636159, 0.0010000000474974513, 168.15011048316956, '2024-07-28 13:32:31', 4, 999)
pval: [0.001] -- 120th test, time elapsed 168.15011048316956 -- emperical power so far (from test_start): 1.0
db insert success
tensor(0.3775)
tensor(0.3775)
(121, 5, 0, 1, 340000, 'elltwo', 'bitflip', 0.0006077851909935816, 0.0010000000474974513, 168.23619270324707, '2024-07-28 13:35:39', 4, 999)
pval: [0.001] -- 121th test, time elapsed 168.23619270324707 -- emperical power so far (from test_start): 1.0
db insert success
tensor(0.3775)
tensor(0.3775)
(122, 5, 0, 1, 340000, 'elltwo', 'bitflip', 0.00047476374214738826, 0.0010000000474974513, 168.04783701896667, '2024-07-28 13:38:46', 4, 999)
pval: [0.001] -- 122th test, time elapsed 168.04783701896667 -- emperical power so far (from test_start): 1.0
db insert success
tensor(0.3775)
tensor(0.3775)
(123, 5, 0, 1, 340000, 'elltwo', 'bitflip', 0.0004731789042011769, 0.0010000000474974513, 167.8660168647766, '2024-07-28 13:41:49', 4, 999)
pval: [0.001] -- 123th test, time elapsed 167.8660168647766 -- emperical power so far (from test_start): 1.0
db insert success
tensor(0.3775)
tensor(0.3775)
(124, 5, 0, 1, 340000, 'elltwo', 'bitflip', 0.0005127768257580101, 0.0010000000474974513, 167.6416461467743, '2024-07-28 13:44:40', 4, 999)
pval: [0.001] -- 124th test, time elapsed 167.6416461467743 -- emperical power so far (from test_start): 1.0
db insert success
tensor(0.3775)
tensor(0.3775)
(125, 5, 0, 1, 340000, 'elltwo', 'bitflip', 0.00044452095886526877, 0.0010000000474974513, 167.93067002296448, '2024-07-28 13:47:48', 4, 999)
pval: [0.001] -- 125th test, time elapsed 167.93067002296448 -- emperical power so far (from test_start): 1.0
db insert success
tensor(0.3775)
tensor(0.3775)
(126, 5, 0, 1, 340000, 'elltwo', 'bitflip', 0.0003621911915843157, 0.0010000000474974513, 167.9634177684784, '2024-07-28 13:50:38', 4, 999)
pval: [0.001] -- 126th test, time elapsed 167.9634177684784 -- emperical power so far (from test_start): 1.0
db insert success
tensor(0.3775)
tensor(0.3775)
(127, 5, 0, 1, 340000, 'elltwo', 'bitflip', 0.0004840847630021017, 0.0010000000474974513, 167.83661127090454, '2024-07-28 13:53:35', 4, 999)
pval: [0.001] -- 127th test, time elapsed 167.83661127090454 -- emperical power so far (from test_start): 1.0
db insert success
tensor(0.3775)
tensor(0.3775)
(128, 5, 0, 1, 340000, 'elltwo', 'bitflip', 0.0004644579059913667, 0.0010000000474974513, 168.0838532447815, '2024-07-28 13:56:40', 4, 999)
pval: [0.001] -- 128th test, time elapsed 168.0838532447815 -- emperical power so far (from test_start): 1.0
db insert success
tensor(0.3775)
tensor(0.3775)
(129, 5, 0, 1, 340000, 'elltwo', 'bitflip', 0.0004817020897576185, 0.0010000000474974513, 167.93637609481812, '2024-07-28 13:59:30', 4, 999)
pval: [0.001] -- 129th test, time elapsed 167.93637609481812 -- emperical power so far (from test_start): 1.0
db insert success
tensor(0.3775)
tensor(0.3775)
(130, 5, 0, 1, 340000, 'elltwo', 'bitflip', 0.0005056355826127401, 0.0010000000474974513, 167.73196935653687, '2024-07-28 14:02:31', 4, 999)
pval: [0.001] -- 130th test, time elapsed 167.73196935653687 -- emperical power so far (from test_start): 1.0
db insert success
tensor(0.3775)
tensor(0.3775)
(131, 5, 0, 1, 340000, 'elltwo', 'bitflip', 0.0003744014447306654, 0.0010000000474974513, 167.9783411026001, '2024-07-28 14:05:36', 4, 999)
pval: [0.001] -- 131th test, time elapsed 167.9783411026001 -- emperical power so far (from test_start): 1.0
db insert success
tensor(0.3775)
tensor(0.3775)
(132, 5, 0, 1, 340000, 'elltwo', 'bitflip', 0.0003520378001553581, 0.0010000000474974513, 168.0530652999878, '2024-07-28 14:08:44', 4, 999)
pval: [0.001] -- 132th test, time elapsed 168.0530652999878 -- emperical power so far (from test_start): 1.0
db insert success
tensor(0.3775)
tensor(0.3775)
(133, 5, 0, 1, 340000, 'elltwo', 'bitflip', 0.0004278017771071063, 0.0010000000474974513, 167.75092267990112, '2024-07-28 14:11:48', 4, 999)
pval: [0.001] -- 133th test, time elapsed 167.75092267990112 -- emperical power so far (from test_start): 1.0
db insert success
tensor(0.3775)
tensor(0.3775)
(134, 5, 0, 1, 340000, 'elltwo', 'bitflip', 0.0003757870082381487, 0.0010000000474974513, 167.95179867744446, '2024-07-28 14:14:47', 4, 999)
pval: [0.001] -- 134th test, time elapsed 167.95179867744446 -- emperical power so far (from test_start): 1.0
db insert success
tensor(0.3775)
tensor(0.3775)
(135, 5, 0, 1, 340000, 'elltwo', 'bitflip', 0.00031417064849392773, 0.0010000000474974513, 168.1492919921875, '2024-07-28 14:17:41', 4, 999)
pval: [0.001] -- 135th test, time elapsed 168.1492919921875 -- emperical power so far (from test_start): 1.0
db insert success
tensor(0.3775)
tensor(0.3775)
(136, 5, 0, 1, 340000, 'elltwo', 'bitflip', 0.0004568305162138131, 0.0010000000474974513, 167.6585295200348, '2024-07-28 14:20:36', 4, 999)
pval: [0.001] -- 136th test, time elapsed 167.6585295200348 -- emperical power so far (from test_start): 1.0
db insert success
tensor(0.3775)
tensor(0.3775)
(137, 5, 0, 1, 340000, 'elltwo', 'bitflip', 0.0003726095183651523, 0.0010000000474974513, 167.93034410476685, '2024-07-28 14:23:39', 4, 999)
pval: [0.001] -- 137th test, time elapsed 167.93034410476685 -- emperical power so far (from test_start): 1.0
db insert success
tensor(0.3775)
tensor(0.3775)
(138, 5, 0, 1, 340000, 'elltwo', 'bitflip', 0.0005844854441079406, 0.0010000000474974513, 168.07410144805908, '2024-07-28 14:26:35', 4, 999)
pval: [0.001] -- 138th test, time elapsed 168.07410144805908 -- emperical power so far (from test_start): 1.0
db insert success
tensor(0.3775)
tensor(0.3775)
(139, 5, 0, 1, 340000, 'elltwo', 'bitflip', 0.0004569897566284453, 0.0010000000474974513, 168.09846711158752, '2024-07-28 14:29:25', 4, 999)
pval: [0.001] -- 139th test, time elapsed 168.09846711158752 -- emperical power so far (from test_start): 1.0
db insert success
tensor(0.3775)
tensor(0.3775)
(140, 5, 0, 1, 340000, 'elltwo', 'bitflip', 0.00041260472323756403, 0.0010000000474974513, 167.6920382976532, '2024-07-28 14:32:19', 4, 999)
pval: [0.001] -- 140th test, time elapsed 167.6920382976532 -- emperical power so far (from test_start): 1.0
db insert success
tensor(0.3775)
tensor(0.3775)
(141, 5, 0, 1, 340000, 'elltwo', 'bitflip', 0.0005177574306003407, 0.0010000000474974513, 168.16612458229065, '2024-07-28 14:35:12', 4, 999)
pval: [0.001] -- 141th test, time elapsed 168.16612458229065 -- emperical power so far (from test_start): 1.0
db insert success
tensor(0.3775)
tensor(0.3775)
(142, 5, 0, 1, 340000, 'elltwo', 'bitflip', 0.0004824265541856221, 0.0010000000474974513, 167.58645749092102, '2024-07-28 14:38:05', 4, 999)
pval: [0.001] -- 142th test, time elapsed 167.58645749092102 -- emperical power so far (from test_start): 1.0
db insert success
tensor(0.3775)
tensor(0.3775)
(143, 5, 0, 1, 340000, 'elltwo', 'bitflip', 0.0005120864730656649, 0.0010000000474974513, 168.12980198860168, '2024-07-28 14:41:10', 4, 999)
pval: [0.001] -- 143th test, time elapsed 168.12980198860168 -- emperical power so far (from test_start): 1.0
db insert success
tensor(0.3775)
tensor(0.3775)
(144, 5, 0, 1, 340000, 'elltwo', 'bitflip', 0.0004772918966864381, 0.0010000000474974513, 167.96696019172668, '2024-07-28 14:44:02', 4, 999)
pval: [0.001] -- 144th test, time elapsed 167.96696019172668 -- emperical power so far (from test_start): 1.0
db insert success
tensor(0.3775)
tensor(0.3775)
(145, 5, 0, 1, 340000, 'elltwo', 'bitflip', 0.0002826353818932148, 0.0010000000474974513, 168.06212043762207, '2024-07-28 14:46:52', 4, 999)
pval: [0.001] -- 145th test, time elapsed 168.06212043762207 -- emperical power so far (from test_start): 1.0
db insert success
tensor(0.3775)
tensor(0.3775)
(146, 5, 0, 1, 340000, 'elltwo', 'bitflip', 0.00025683277431198803, 0.0010000000474974513, 168.07909870147705, '2024-07-28 14:49:52', 4, 999)
pval: [0.001] -- 146th test, time elapsed 168.07909870147705 -- emperical power so far (from test_start): 1.0
db insert success
tensor(0.3775)
tensor(0.3775)
(147, 5, 0, 1, 340000, 'elltwo', 'bitflip', 0.0004270576195040121, 0.0010000000474974513, 167.69280219078064, '2024-07-28 14:52:59', 4, 999)
pval: [0.001] -- 147th test, time elapsed 167.69280219078064 -- emperical power so far (from test_start): 1.0
db insert success
tensor(0.3775)
tensor(0.3775)
(148, 5, 0, 1, 340000, 'elltwo', 'bitflip', 0.00046804882560991246, 0.0010000000474974513, 167.81051063537598, '2024-07-28 14:55:55', 4, 999)
pval: [0.001] -- 148th test, time elapsed 167.81051063537598 -- emperical power so far (from test_start): 1.0
db insert success
tensor(0.3775)
tensor(0.3775)
(149, 5, 0, 1, 340000, 'elltwo', 'bitflip', 0.00041123148491806205, 0.0010000000474974513, 167.63306260108948, '2024-07-28 14:58:53', 4, 999)
pval: [0.001] -- 149th test, time elapsed 167.63306260108948 -- emperical power so far (from test_start): 1.0
db insert success
tensor(0.3775)
tensor(0.3775)
(150, 5, 0, 1, 340000, 'elltwo', 'bitflip', 0.0003667270174787518, 0.0010000000474974513, 168.18133878707886, '2024-07-28 15:01:48', 4, 999)
pval: [0.001] -- 150th test, time elapsed 168.18133878707886 -- emperical power so far (from test_start): 1.0
db insert success
tensor(0.3775)
tensor(0.3775)
(151, 5, 0, 1, 340000, 'elltwo', 'bitflip', 0.000396321738548977, 0.0010000000474974513, 167.65560793876648, '2024-07-28 15:04:38', 4, 999)
pval: [0.001] -- 151th test, time elapsed 167.65560793876648 -- emperical power so far (from test_start): 1.0
db insert success
tensor(0.3775)
tensor(0.3775)
(152, 5, 0, 1, 340000, 'elltwo', 'bitflip', 0.0003859081782593421, 0.0010000000474974513, 167.83413314819336, '2024-07-28 15:07:30', 4, 999)
pval: [0.001] -- 152th test, time elapsed 167.83413314819336 -- emperical power so far (from test_start): 1.0
db insert success
tensor(0.3775)
tensor(0.3775)
(153, 5, 0, 1, 340000, 'elltwo', 'bitflip', 0.00042044021466836057, 0.0010000000474974513, 167.81002259254456, '2024-07-28 15:10:27', 4, 999)
pval: [0.001] -- 153th test, time elapsed 167.81002259254456 -- emperical power so far (from test_start): 1.0
db insert success
tensor(0.3775)
tensor(0.3775)
(154, 5, 0, 1, 340000, 'elltwo', 'bitflip', 0.00045452942038082256, 0.0010000000474974513, 167.67318177223206, '2024-07-28 15:13:18', 4, 999)
pval: [0.001] -- 154th test, time elapsed 167.67318177223206 -- emperical power so far (from test_start): 1.0
db insert success
tensor(0.3775)
tensor(0.3775)
(155, 5, 0, 1, 340000, 'elltwo', 'bitflip', 0.0004362321809594505, 0.0010000000474974513, 167.68359994888306, '2024-07-28 15:16:18', 4, 999)
pval: [0.001] -- 155th test, time elapsed 167.68359994888306 -- emperical power so far (from test_start): 1.0
db insert success
tensor(0.3775)
tensor(0.3775)
(156, 5, 0, 1, 340000, 'elltwo', 'bitflip', 0.0004530431062903517, 0.0010000000474974513, 167.94459080696106, '2024-07-28 15:19:15', 4, 999)
pval: [0.001] -- 156th test, time elapsed 167.94459080696106 -- emperical power so far (from test_start): 1.0
db insert success
tensor(0.3775)
tensor(0.3775)
(157, 5, 0, 1, 340000, 'elltwo', 'bitflip', 0.0005818949576905652, 0.0010000000474974513, 168.0574128627777, '2024-07-28 15:22:04', 4, 999)
pval: [0.001] -- 157th test, time elapsed 168.0574128627777 -- emperical power so far (from test_start): 1.0
db insert success
tensor(0.3775)
tensor(0.3775)
(158, 5, 0, 1, 340000, 'elltwo', 'bitflip', 0.00044065868695497556, 0.0010000000474974513, 167.77416896820068, '2024-07-28 15:24:57', 4, 999)
pval: [0.001] -- 158th test, time elapsed 167.77416896820068 -- emperical power so far (from test_start): 1.0
db insert success
tensor(0.3775)
tensor(0.3775)
(159, 5, 0, 1, 340000, 'elltwo', 'bitflip', 0.00031131267513728744, 0.0010000000474974513, 167.88368940353394, '2024-07-28 15:28:00', 4, 999)
pval: [0.001] -- 159th test, time elapsed 167.88368940353394 -- emperical power so far (from test_start): 1.0
db insert success
tensor(0.3775)
tensor(0.3775)
(160, 5, 0, 1, 340000, 'elltwo', 'bitflip', 0.0003655770553336879, 0.0010000000474974513, 167.81442856788635, '2024-07-28 15:31:07', 4, 999)
pval: [0.001] -- 160th test, time elapsed 167.81442856788635 -- emperical power so far (from test_start): 1.0
db insert success
tensor(0.3775)
tensor(0.3775)
(161, 5, 0, 1, 340000, 'elltwo', 'bitflip', 0.00028113234105831, 0.0010000000474974513, 167.950092792511, '2024-07-28 15:34:14', 4, 999)
pval: [0.001] -- 161th test, time elapsed 167.950092792511 -- emperical power so far (from test_start): 1.0
db insert success
tensor(0.3775)
tensor(0.3775)
(162, 5, 0, 1, 340000, 'elltwo', 'bitflip', 0.0004947641129433578, 0.0010000000474974513, 167.83123898506165, '2024-07-28 15:37:13', 4, 999)
pval: [0.001] -- 162th test, time elapsed 167.83123898506165 -- emperical power so far (from test_start): 1.0
db insert success
tensor(0.3775)
tensor(0.3775)
(163, 5, 0, 1, 340000, 'elltwo', 'bitflip', 0.0004950540204049503, 0.0010000000474974513, 167.55383896827698, '2024-07-28 15:40:13', 4, 999)
pval: [0.001] -- 163th test, time elapsed 167.55383896827698 -- emperical power so far (from test_start): 1.0
db insert success
tensor(0.3775)
tensor(0.3775)
(164, 5, 0, 1, 340000, 'elltwo', 'bitflip', 0.0003151247372557009, 0.0010000000474974513, 167.95422959327698, '2024-07-28 15:43:08', 4, 999)
pval: [0.001] -- 164th test, time elapsed 167.95422959327698 -- emperical power so far (from test_start): 1.0
db insert success
tensor(0.3775)
tensor(0.3775)
(165, 5, 0, 1, 340000, 'elltwo', 'bitflip', 0.0004553203645514259, 0.0010000000474974513, 167.87124633789062, '2024-07-28 15:46:05', 4, 999)
pval: [0.001] -- 165th test, time elapsed 167.87124633789062 -- emperical power so far (from test_start): 1.0
db insert success
tensor(0.3775)
tensor(0.3775)
(166, 5, 0, 1, 340000, 'elltwo', 'bitflip', 0.0004022141037012261, 0.0010000000474974513, 167.75146222114563, '2024-07-28 15:49:11', 4, 999)
pval: [0.001] -- 166th test, time elapsed 167.75146222114563 -- emperical power so far (from test_start): 1.0
db insert success
tensor(0.3775)
tensor(0.3775)
(167, 5, 0, 1, 340000, 'elltwo', 'bitflip', 0.0005381913138648997, 0.0010000000474974513, 167.68631529808044, '2024-07-28 15:52:06', 4, 999)
pval: [0.001] -- 167th test, time elapsed 167.68631529808044 -- emperical power so far (from test_start): 1.0
db insert success
tensor(0.3775)
tensor(0.3775)
(168, 5, 0, 1, 340000, 'elltwo', 'bitflip', 0.00031537980754592354, 0.0010000000474974513, 167.30284214019775, '2024-07-28 15:55:11', 4, 999)
pval: [0.001] -- 168th test, time elapsed 167.30284214019775 -- emperical power so far (from test_start): 1.0
db insert success
tensor(0.3775)
tensor(0.3775)
(169, 5, 0, 1, 340000, 'elltwo', 'bitflip', 0.00038668681798981197, 0.0010000000474974513, 167.76582407951355, '2024-07-28 15:58:04', 4, 999)
pval: [0.001] -- 169th test, time elapsed 167.76582407951355 -- emperical power so far (from test_start): 1.0
db insert success
tensor(0.3775)
tensor(0.3775)
(170, 5, 0, 1, 340000, 'elltwo', 'bitflip', 0.00040154084950927427, 0.0010000000474974513, 167.51036167144775, '2024-07-28 16:01:04', 4, 999)
pval: [0.001] -- 170th test, time elapsed 167.51036167144775 -- emperical power so far (from test_start): 1.0
db insert success
tensor(0.3775)
tensor(0.3775)
(171, 5, 0, 1, 340000, 'elltwo', 'bitflip', 0.0004901600207745105, 0.0010000000474974513, 167.73171949386597, '2024-07-28 16:03:59', 4, 999)
pval: [0.001] -- 171th test, time elapsed 167.73171949386597 -- emperical power so far (from test_start): 1.0
db insert success
tensor(0.3775)
tensor(0.3775)
(172, 5, 0, 1, 340000, 'elltwo', 'bitflip', 0.000505357692702546, 0.0010000000474974513, 167.80627536773682, '2024-07-28 16:07:06', 4, 999)
pval: [0.001] -- 172th test, time elapsed 167.80627536773682 -- emperical power so far (from test_start): 1.0
db insert success
tensor(0.3775)
tensor(0.3775)
(173, 5, 0, 1, 340000, 'elltwo', 'bitflip', 0.0004439214674221148, 0.0010000000474974513, 168.042733669281, '2024-07-28 16:10:08', 4, 999)
pval: [0.001] -- 173th test, time elapsed 168.042733669281 -- emperical power so far (from test_start): 1.0
db insert success
tensor(0.3775)
tensor(0.3775)
(174, 5, 0, 1, 340000, 'elltwo', 'bitflip', 0.00036503210361615857, 0.0010000000474974513, 167.8999252319336, '2024-07-28 16:13:01', 4, 999)
pval: [0.001] -- 174th test, time elapsed 167.8999252319336 -- emperical power so far (from test_start): 1.0
db insert success
tensor(0.3775)
tensor(0.3775)
(175, 5, 0, 1, 340000, 'elltwo', 'bitflip', 0.0003864942754603362, 0.0010000000474974513, 167.98882746696472, '2024-07-28 16:15:59', 4, 999)
pval: [0.001] -- 175th test, time elapsed 167.98882746696472 -- emperical power so far (from test_start): 1.0
db insert success
tensor(0.3775)
tensor(0.3775)
(176, 5, 0, 1, 340000, 'elltwo', 'bitflip', 0.0004648437836181074, 0.0010000000474974513, 168.11239552497864, '2024-07-28 16:18:58', 4, 999)
pval: [0.001] -- 176th test, time elapsed 168.11239552497864 -- emperical power so far (from test_start): 1.0
db insert success
tensor(0.3775)
tensor(0.3775)
(177, 5, 0, 1, 340000, 'elltwo', 'bitflip', 0.00032626701931803836, 0.0010000000474974513, 167.50296473503113, '2024-07-28 16:22:04', 4, 999)
pval: [0.001] -- 177th test, time elapsed 167.50296473503113 -- emperical power so far (from test_start): 1.0
db insert success
tensor(0.3775)
tensor(0.3775)
(178, 5, 0, 1, 340000, 'elltwo', 'bitflip', 0.00033137533625904325, 0.0010000000474974513, 167.48193216323853, '2024-07-28 16:25:05', 4, 999)
pval: [0.001] -- 178th test, time elapsed 167.48193216323853 -- emperical power so far (from test_start): 1.0
db insert success
tensor(0.3775)
tensor(0.3775)
(179, 5, 0, 1, 340000, 'elltwo', 'bitflip', 0.0004899244657963209, 0.0010000000474974513, 167.7686424255371, '2024-07-28 16:28:00', 4, 999)
pval: [0.001] -- 179th test, time elapsed 167.7686424255371 -- emperical power so far (from test_start): 1.0
db insert success
tensor(0.3775)
tensor(0.3775)
(180, 5, 0, 1, 340000, 'elltwo', 'bitflip', 0.00033890664997215936, 0.0010000000474974513, 167.79261660575867, '2024-07-28 16:31:07', 4, 999)
pval: [0.001] -- 180th test, time elapsed 167.79261660575867 -- emperical power so far (from test_start): 1.0
db insert success
tensor(0.3775)
tensor(0.3775)
(181, 5, 0, 1, 340000, 'elltwo', 'bitflip', 0.0003439612789293278, 0.0010000000474974513, 167.80904579162598, '2024-07-28 16:34:12', 4, 999)
pval: [0.001] -- 181th test, time elapsed 167.80904579162598 -- emperical power so far (from test_start): 1.0
db insert success
tensor(0.3775)
tensor(0.3775)
(182, 5, 0, 1, 340000, 'elltwo', 'bitflip', 0.00042928442331913175, 0.0010000000474974513, 167.90660762786865, '2024-07-28 16:37:20', 4, 999)
pval: [0.001] -- 182th test, time elapsed 167.90660762786865 -- emperical power so far (from test_start): 1.0
db insert success
tensor(0.3775)
tensor(0.3775)
(183, 5, 0, 1, 340000, 'elltwo', 'bitflip', 0.00038026945395586154, 0.0010000000474974513, 167.8752257823944, '2024-07-28 16:40:22', 4, 999)
pval: [0.001] -- 183th test, time elapsed 167.8752257823944 -- emperical power so far (from test_start): 1.0
db insert success
tensor(0.3775)
tensor(0.3775)
(184, 5, 0, 1, 340000, 'elltwo', 'bitflip', 0.0004514713068033416, 0.0010000000474974513, 167.61930394172668, '2024-07-28 16:43:30', 4, 999)
pval: [0.001] -- 184th test, time elapsed 167.61930394172668 -- emperical power so far (from test_start): 1.0
db insert success
tensor(0.3775)
tensor(0.3775)
(185, 5, 0, 1, 340000, 'elltwo', 'bitflip', 0.0004880576092887168, 0.0010000000474974513, 167.8587965965271, '2024-07-28 16:46:38', 4, 999)
pval: [0.001] -- 185th test, time elapsed 167.8587965965271 -- emperical power so far (from test_start): 1.0
db insert success
tensor(0.3775)
tensor(0.3775)
(186, 5, 0, 1, 340000, 'elltwo', 'bitflip', 0.00040001724983085296, 0.0010000000474974513, 167.5561592578888, '2024-07-28 16:49:31', 4, 999)
pval: [0.001] -- 186th test, time elapsed 167.5561592578888 -- emperical power so far (from test_start): 1.0
db insert success
tensor(0.3775)
tensor(0.3775)
(187, 5, 0, 1, 340000, 'elltwo', 'bitflip', 0.0003842751519300691, 0.0010000000474974513, 167.31142139434814, '2024-07-28 16:52:37', 4, 999)
pval: [0.001] -- 187th test, time elapsed 167.31142139434814 -- emperical power so far (from test_start): 1.0
db insert success
tensor(0.3775)
tensor(0.3775)
(188, 5, 0, 1, 340000, 'elltwo', 'bitflip', 0.0005301707161606828, 0.0010000000474974513, 167.78038334846497, '2024-07-28 16:55:35', 4, 999)
pval: [0.001] -- 188th test, time elapsed 167.78038334846497 -- emperical power so far (from test_start): 1.0
db insert success
tensor(0.3775)
tensor(0.3775)
(189, 5, 0, 1, 340000, 'elltwo', 'bitflip', 0.0005861165341798369, 0.0010000000474974513, 167.82688665390015, '2024-07-28 16:58:28', 4, 999)
pval: [0.001] -- 189th test, time elapsed 167.82688665390015 -- emperical power so far (from test_start): 1.0
db insert success
tensor(0.3775)
tensor(0.3775)
(190, 5, 0, 1, 340000, 'elltwo', 'bitflip', 0.00051491244363433, 0.0010000000474974513, 168.05012726783752, '2024-07-28 17:01:34', 4, 999)
pval: [0.001] -- 190th test, time elapsed 168.05012726783752 -- emperical power so far (from test_start): 1.0
db insert success
tensor(0.3775)
tensor(0.3775)
(191, 5, 0, 1, 340000, 'elltwo', 'bitflip', 0.00025455486377268244, 0.0010000000474974513, 167.50329685211182, '2024-07-28 17:04:43', 4, 999)
pval: [0.001] -- 191th test, time elapsed 167.50329685211182 -- emperical power so far (from test_start): 1.0
db insert success
tensor(0.3775)
tensor(0.3775)
(192, 5, 0, 1, 340000, 'elltwo', 'bitflip', 0.0003995480975618193, 0.0010000000474974513, 168.1110405921936, '2024-07-28 17:07:49', 4, 999)
pval: [0.001] -- 192th test, time elapsed 168.1110405921936 -- emperical power so far (from test_start): 1.0
db insert success
tensor(0.3775)
tensor(0.3775)
(193, 5, 0, 1, 340000, 'elltwo', 'bitflip', 0.0003581037115623076, 0.0010000000474974513, 167.87864518165588, '2024-07-28 17:10:44', 4, 999)
pval: [0.001] -- 193th test, time elapsed 167.87864518165588 -- emperical power so far (from test_start): 1.0
db insert success
tensor(0.3775)
tensor(0.3775)
(194, 5, 0, 1, 340000, 'elltwo', 'bitflip', 0.0004663804823508144, 0.0010000000474974513, 167.9895796775818, '2024-07-28 17:13:34', 4, 999)
pval: [0.001] -- 194th test, time elapsed 167.9895796775818 -- emperical power so far (from test_start): 1.0
db insert success
tensor(0.3775)
tensor(0.3775)
(195, 5, 0, 1, 340000, 'elltwo', 'bitflip', 0.000339144526265045, 0.0010000000474974513, 168.01928400993347, '2024-07-28 17:16:28', 4, 999)
pval: [0.001] -- 195th test, time elapsed 168.01928400993347 -- emperical power so far (from test_start): 1.0
db insert success
tensor(0.3775)
tensor(0.3775)
(196, 5, 0, 1, 340000, 'elltwo', 'bitflip', 0.00045036958897526347, 0.0010000000474974513, 168.005224943161, '2024-07-28 17:19:19', 4, 999)
pval: [0.001] -- 196th test, time elapsed 168.005224943161 -- emperical power so far (from test_start): 1.0
db insert success
tensor(0.3775)
tensor(0.3775)
(197, 5, 0, 1, 340000, 'elltwo', 'bitflip', 0.0004575174908154622, 0.0010000000474974513, 168.00414657592773, '2024-07-28 17:22:25', 4, 999)
pval: [0.001] -- 197th test, time elapsed 168.00414657592773 -- emperical power so far (from test_start): 1.0
db insert success
tensor(0.3775)
tensor(0.3775)
(198, 5, 0, 1, 340000, 'elltwo', 'bitflip', 0.00029106840503345666, 0.0010000000474974513, 168.21840167045593, '2024-07-28 17:25:28', 4, 999)
pval: [0.001] -- 198th test, time elapsed 168.21840167045593 -- emperical power so far (from test_start): 1.0
db insert success
tensor(0.3775)
tensor(0.3775)
(199, 5, 0, 1, 340000, 'elltwo', 'bitflip', 0.0005226388453820618, 0.0010000000474974513, 167.89115619659424, '2024-07-28 17:28:35', 4, 999)
pval: [0.001] -- 199th test, time elapsed 167.89115619659424 -- emperical power so far (from test_start): 1.0
db insert success
tensor(0.3775)
tensor(0.3775)
(200, 5, 0, 1, 340000, 'elltwo', 'bitflip', 0.00040003454950010564, 0.0010000000474974513, 168.73047161102295, '2024-07-28 17:31:39', 4, 999)
pval: [0.001] -- 200th test, time elapsed 168.73047161102295 -- emperical power so far (from test_start): 1.0
db insert success
35884.42328429222
