genrrchi, alpha=0.5, sample size=300000
#########################################
(1, 5, 0, 0.5, 300000, 'chi', 'genrr', 957.5256958007812, 0.9290000200271606, 80.90435576438904, '2024-07-29 10:57:03', 4, 999)
pval: [0.92900002] -- 1th test, time elapsed 80.90435576438904 -- emperical power so far (from test_start): 0.0
db insert success
(2, 5, 0, 0.5, 300000, 'chi', 'genrr', 1071.143798828125, 0.14100000262260437, 80.99440908432007, '2024-07-29 10:58:27', 4, 999)
pval: [0.141] -- 2th test, time elapsed 80.99440908432007 -- emperical power so far (from test_start): 0.0
db insert success
(3, 5, 0, 0.5, 300000, 'chi', 'genrr', 1012.8377075195312, 0.6080000400543213, 80.92222857475281, '2024-07-29 10:59:52', 4, 999)
pval: [0.60800004] -- 3th test, time elapsed 80.92222857475281 -- emperical power so far (from test_start): 0.0
db insert success
(4, 5, 0, 0.5, 300000, 'chi', 'genrr', 1032.4925537109375, 0.4180000126361847, 80.87989234924316, '2024-07-29 11:01:23', 4, 999)
pval: [0.41800001] -- 4th test, time elapsed 80.87989234924316 -- emperical power so far (from test_start): 0.0
db insert success
(5, 5, 0, 0.5, 300000, 'chi', 'genrr', 935.9725952148438, 0.9750000238418579, 81.068359375, '2024-07-29 11:02:49', 4, 999)
pval: [0.97500002] -- 5th test, time elapsed 81.068359375 -- emperical power so far (from test_start): 0.0
db insert success
(6, 5, 0, 0.5, 300000, 'chi', 'genrr', 1041.6834716796875, 0.35600000619888306, 81.02162861824036, '2024-07-29 11:04:27', 4, 999)
pval: [0.35600001] -- 6th test, time elapsed 81.02162861824036 -- emperical power so far (from test_start): 0.0
db insert success
(7, 5, 0, 0.5, 300000, 'chi', 'genrr', 1050.6138916015625, 0.24300001561641693, 80.99556303024292, '2024-07-29 11:06:03', 4, 999)
pval: [0.24300002] -- 7th test, time elapsed 80.99556303024292 -- emperical power so far (from test_start): 0.0
db insert success
(8, 5, 0, 0.5, 300000, 'chi', 'genrr', 1016.7066650390625, 0.5600000023841858, 80.8896746635437, '2024-07-29 11:07:34', 4, 999)
pval: [0.56] -- 8th test, time elapsed 80.8896746635437 -- emperical power so far (from test_start): 0.0
db insert success
(9, 5, 0, 0.5, 300000, 'chi', 'genrr', 1009.4388427734375, 0.5850000381469727, 81.19372653961182, '2024-07-29 11:09:00', 4, 999)
pval: [0.58500004] -- 9th test, time elapsed 81.19372653961182 -- emperical power so far (from test_start): 0.0
db insert success
(10, 5, 0, 0.5, 300000, 'chi', 'genrr', 981.546875, 0.8270000219345093, 80.80152869224548, '2024-07-29 11:10:31', 4, 999)
pval: [0.82700002] -- 10th test, time elapsed 80.80152869224548 -- emperical power so far (from test_start): 0.0
db insert success
(11, 5, 0, 0.5, 300000, 'chi', 'genrr', 1116.595703125, 0.013000000268220901, 81.30056309700012, '2024-07-29 11:12:00', 4, 999)
pval: [0.013] -- 11th test, time elapsed 81.30056309700012 -- emperical power so far (from test_start): 0.09090909090909091
db insert success
(12, 5, 0, 0.5, 300000, 'chi', 'genrr', 953.2227172851562, 0.9430000185966492, 81.56135988235474, '2024-07-29 11:13:39', 4, 999)
pval: [0.94300002] -- 12th test, time elapsed 81.56135988235474 -- emperical power so far (from test_start): 0.08333333333333333
db insert success
(13, 5, 0, 0.5, 300000, 'chi', 'genrr', 964.8881225585938, 0.909000039100647, 81.46457362174988, '2024-07-29 11:15:03', 4, 999)
pval: [0.90900004] -- 13th test, time elapsed 81.46457362174988 -- emperical power so far (from test_start): 0.07692307692307693
db insert success
(14, 5, 0, 0.5, 300000, 'chi', 'genrr', 1077.9375, 0.11400000751018524, 81.50191855430603, '2024-07-29 11:16:35', 4, 999)
pval: [0.11400001] -- 14th test, time elapsed 81.50191855430603 -- emperical power so far (from test_start): 0.07142857142857142
db insert success
(15, 5, 0, 0.5, 300000, 'chi', 'genrr', 995.1586303710938, 0.7360000610351562, 82.01645421981812, '2024-07-29 11:18:11', 4, 999)
pval: [0.73600006] -- 15th test, time elapsed 82.01645421981812 -- emperical power so far (from test_start): 0.06666666666666667
db insert success
(16, 5, 0, 0.5, 300000, 'chi', 'genrr', 1050.8402099609375, 0.2540000081062317, 81.92034029960632, '2024-07-29 11:19:34', 4, 999)
pval: [0.25400001] -- 16th test, time elapsed 81.92034029960632 -- emperical power so far (from test_start): 0.0625
db insert success
(17, 5, 0, 0.5, 300000, 'chi', 'genrr', 993.9419555664062, 0.7100000381469727, 82.40687990188599, '2024-07-29 11:21:09', 4, 999)
pval: [0.71000004] -- 17th test, time elapsed 82.40687990188599 -- emperical power so far (from test_start): 0.058823529411764705
db insert success
(18, 5, 0, 0.5, 300000, 'chi', 'genrr', 971.6566162109375, 0.8770000338554382, 82.4435966014862, '2024-07-29 11:22:47', 4, 999)
pval: [0.87700003] -- 18th test, time elapsed 82.4435966014862 -- emperical power so far (from test_start): 0.05555555555555555
db insert success
(19, 5, 0, 0.5, 300000, 'chi', 'genrr', 1064.251953125, 0.19100001454353333, 82.1349401473999, '2024-07-29 11:24:10', 4, 999)
pval: [0.19100001] -- 19th test, time elapsed 82.1349401473999 -- emperical power so far (from test_start): 0.05263157894736842
db insert success
(20, 5, 0, 0.5, 300000, 'chi', 'genrr', 1124.3638916015625, 0.01100000087171793, 82.32902812957764, '2024-07-29 11:25:42', 4, 999)
pval: [0.011] -- 20th test, time elapsed 82.32902812957764 -- emperical power so far (from test_start): 0.1
db insert success
(21, 5, 0, 0.5, 300000, 'chi', 'genrr', 1097.392333984375, 0.06400000303983688, 81.98324680328369, '2024-07-29 11:27:17', 4, 999)
pval: [0.064] -- 21th test, time elapsed 81.98324680328369 -- emperical power so far (from test_start): 0.09523809523809523
db insert success
(22, 5, 0, 0.5, 300000, 'chi', 'genrr', 1068.207763671875, 0.16600000858306885, 82.17311978340149, '2024-07-29 11:28:47', 4, 999)
pval: [0.16600001] -- 22th test, time elapsed 82.17311978340149 -- emperical power so far (from test_start): 0.09090909090909091
db insert success
(23, 5, 0, 0.5, 300000, 'chi', 'genrr', 982.1592407226562, 0.812000036239624, 82.36249256134033, '2024-07-29 11:30:20', 4, 999)
pval: [0.81200004] -- 23th test, time elapsed 82.36249256134033 -- emperical power so far (from test_start): 0.08695652173913043
db insert success
(24, 5, 0, 0.5, 300000, 'chi', 'genrr', 1029.9788818359375, 0.4090000092983246, 82.09609723091125, '2024-07-29 11:31:50', 4, 999)
pval: [0.40900001] -- 24th test, time elapsed 82.09609723091125 -- emperical power so far (from test_start): 0.08333333333333333
db insert success
(25, 5, 0, 0.5, 300000, 'chi', 'genrr', 989.1060791015625, 0.7690000534057617, 82.2846086025238, '2024-07-29 11:33:15', 4, 999)
pval: [0.76900005] -- 25th test, time elapsed 82.2846086025238 -- emperical power so far (from test_start): 0.08
db insert success
(26, 5, 0, 0.5, 300000, 'chi', 'genrr', 1016.6328735351562, 0.534000039100647, 82.39925479888916, '2024-07-29 11:34:40', 4, 999)
pval: [0.53400004] -- 26th test, time elapsed 82.39925479888916 -- emperical power so far (from test_start): 0.07692307692307693
db insert success
(27, 5, 0, 0.5, 300000, 'chi', 'genrr', 999.8914794921875, 0.6880000233650208, 82.34525895118713, '2024-07-29 11:36:03', 4, 999)
pval: [0.68800002] -- 27th test, time elapsed 82.34525895118713 -- emperical power so far (from test_start): 0.07407407407407407
db insert success
(28, 5, 0, 0.5, 300000, 'chi', 'genrr', 1073.439453125, 0.13100001215934753, 82.18957352638245, '2024-07-29 11:37:40', 4, 999)
pval: [0.13100001] -- 28th test, time elapsed 82.18957352638245 -- emperical power so far (from test_start): 0.07142857142857142
db insert success
(29, 5, 0, 0.5, 300000, 'chi', 'genrr', 967.690185546875, 0.89000004529953, 82.1956696510315, '2024-07-29 11:39:23', 4, 999)
pval: [0.89000005] -- 29th test, time elapsed 82.1956696510315 -- emperical power so far (from test_start): 0.06896551724137931
db insert success
(30, 5, 0, 0.5, 300000, 'chi', 'genrr', 1039.9649658203125, 0.34300002455711365, 82.34933590888977, '2024-07-29 11:40:53', 4, 999)
pval: [0.34300002] -- 30th test, time elapsed 82.34933590888977 -- emperical power so far (from test_start): 0.06666666666666667
db insert success
(31, 5, 0, 0.5, 300000, 'chi', 'genrr', 1094.7109375, 0.0690000057220459, 82.0966227054596, '2024-07-29 11:42:34', 4, 999)
pval: [0.06900001] -- 31th test, time elapsed 82.0966227054596 -- emperical power so far (from test_start): 0.06451612903225806
db insert success
(32, 5, 0, 0.5, 300000, 'chi', 'genrr', 1008.3841552734375, 0.6000000238418579, 82.20105147361755, '2024-07-29 11:44:08', 4, 999)
pval: [0.60000002] -- 32th test, time elapsed 82.20105147361755 -- emperical power so far (from test_start): 0.0625
db insert success
(33, 5, 0, 0.5, 300000, 'chi', 'genrr', 1030.342041015625, 0.42000001668930054, 82.44667792320251, '2024-07-29 11:45:33', 4, 999)
pval: [0.42000002] -- 33th test, time elapsed 82.44667792320251 -- emperical power so far (from test_start): 0.06060606060606061
db insert success
(34, 5, 0, 0.5, 300000, 'chi', 'genrr', 1088.441162109375, 0.09000000357627869, 82.06459975242615, '2024-07-29 11:47:12', 4, 999)
pval: [0.09] -- 34th test, time elapsed 82.06459975242615 -- emperical power so far (from test_start): 0.058823529411764705
db insert success
(35, 5, 0, 0.5, 300000, 'chi', 'genrr', 1072.5076904296875, 0.1380000114440918, 82.41939163208008, '2024-07-29 11:48:43', 4, 999)
pval: [0.13800001] -- 35th test, time elapsed 82.41939163208008 -- emperical power so far (from test_start): 0.05714285714285714
db insert success
(36, 5, 0, 0.5, 300000, 'chi', 'genrr', 1001.1620483398438, 0.6840000152587891, 82.05716919898987, '2024-07-29 11:50:26', 4, 999)
pval: [0.68400002] -- 36th test, time elapsed 82.05716919898987 -- emperical power so far (from test_start): 0.05555555555555555
db insert success
(37, 5, 0, 0.5, 300000, 'chi', 'genrr', 1060.5726318359375, 0.19600000977516174, 82.33592700958252, '2024-07-29 11:51:55', 4, 999)
pval: [0.19600001] -- 37th test, time elapsed 82.33592700958252 -- emperical power so far (from test_start): 0.05405405405405406
db insert success
(38, 5, 0, 0.5, 300000, 'chi', 'genrr', 1028.853515625, 0.44700002670288086, 82.22643327713013, '2024-07-29 11:53:30', 4, 999)
pval: [0.44700003] -- 38th test, time elapsed 82.22643327713013 -- emperical power so far (from test_start): 0.05263157894736842
db insert success
(39, 5, 0, 0.5, 300000, 'chi', 'genrr', 943.9320678710938, 0.9610000252723694, 82.45993065834045, '2024-07-29 11:54:59', 4, 999)
pval: [0.96100003] -- 39th test, time elapsed 82.45993065834045 -- emperical power so far (from test_start): 0.05128205128205128
db insert success
(40, 5, 0, 0.5, 300000, 'chi', 'genrr', 890.55078125, 0.999000072479248, 82.36808943748474, '2024-07-29 11:56:40', 4, 999)
pval: [0.99900007] -- 40th test, time elapsed 82.36808943748474 -- emperical power so far (from test_start): 0.05
db insert success
(41, 5, 0, 0.5, 300000, 'chi', 'genrr', 987.9771728515625, 0.7910000085830688, 82.10867094993591, '2024-07-29 11:58:22', 4, 999)
pval: [0.79100001] -- 41th test, time elapsed 82.10867094993591 -- emperical power so far (from test_start): 0.04878048780487805
db insert success
(42, 5, 0, 0.5, 300000, 'chi', 'genrr', 1087.4105224609375, 0.0950000062584877, 82.13691997528076, '2024-07-29 11:59:59', 4, 999)
pval: [0.09500001] -- 42th test, time elapsed 82.13691997528076 -- emperical power so far (from test_start): 0.047619047619047616
db insert success
(43, 5, 0, 0.5, 300000, 'chi', 'genrr', 958.132568359375, 0.9280000329017639, 82.37572813034058, '2024-07-29 12:01:33', 4, 999)
pval: [0.92800003] -- 43th test, time elapsed 82.37572813034058 -- emperical power so far (from test_start): 0.046511627906976744
db insert success
(44, 5, 0, 0.5, 300000, 'chi', 'genrr', 1061.90869140625, 0.18700000643730164, 82.18376445770264, '2024-07-29 12:03:11', 4, 999)
pval: [0.18700001] -- 44th test, time elapsed 82.18376445770264 -- emperical power so far (from test_start): 0.045454545454545456
db insert success
(45, 5, 0, 0.5, 300000, 'chi', 'genrr', 1059.6217041015625, 0.2110000103712082, 82.0767273902893, '2024-07-29 12:04:44', 4, 999)
pval: [0.21100001] -- 45th test, time elapsed 82.0767273902893 -- emperical power so far (from test_start): 0.044444444444444446
db insert success
(46, 5, 0, 0.5, 300000, 'chi', 'genrr', 988.8675537109375, 0.7730000615119934, 82.18411898612976, '2024-07-29 12:06:10', 4, 999)
pval: [0.77300006] -- 46th test, time elapsed 82.18411898612976 -- emperical power so far (from test_start): 0.043478260869565216
db insert success
(47, 5, 0, 0.5, 300000, 'chi', 'genrr', 1053.6729736328125, 0.27000001072883606, 82.38421511650085, '2024-07-29 12:07:39', 4, 999)
pval: [0.27000001] -- 47th test, time elapsed 82.38421511650085 -- emperical power so far (from test_start): 0.0425531914893617
db insert success
(48, 5, 0, 0.5, 300000, 'chi', 'genrr', 921.4318237304688, 0.9810000658035278, 82.27667164802551, '2024-07-29 12:09:10', 4, 999)
pval: [0.98100007] -- 48th test, time elapsed 82.27667164802551 -- emperical power so far (from test_start): 0.041666666666666664
db insert success
(49, 5, 0, 0.5, 300000, 'chi', 'genrr', 1103.4432373046875, 0.03700000047683716, 82.38797950744629, '2024-07-29 12:10:47', 4, 999)
pval: [0.037] -- 49th test, time elapsed 82.38797950744629 -- emperical power so far (from test_start): 0.061224489795918366
db insert success
(50, 5, 0, 0.5, 300000, 'chi', 'genrr', 1028.56103515625, 0.43300002813339233, 82.12838387489319, '2024-07-29 12:12:18', 4, 999)
pval: [0.43300003] -- 50th test, time elapsed 82.12838387489319 -- emperical power so far (from test_start): 0.06
db insert success
(51, 5, 0, 0.5, 300000, 'chi', 'genrr', 966.8085327148438, 0.8830000162124634, 82.37253093719482, '2024-07-29 12:13:54', 4, 999)
pval: [0.88300002] -- 51th test, time elapsed 82.37253093719482 -- emperical power so far (from test_start): 0.058823529411764705
db insert success
(52, 5, 0, 0.5, 300000, 'chi', 'genrr', 1019.1023559570312, 0.5410000085830688, 82.31977868080139, '2024-07-29 12:15:20', 4, 999)
pval: [0.54100001] -- 52th test, time elapsed 82.31977868080139 -- emperical power so far (from test_start): 0.057692307692307696
db insert success
(53, 5, 0, 0.5, 300000, 'chi', 'genrr', 997.0245971679688, 0.7090000510215759, 82.27916312217712, '2024-07-29 12:16:53', 4, 999)
pval: [0.70900005] -- 53th test, time elapsed 82.27916312217712 -- emperical power so far (from test_start): 0.05660377358490566
db insert success
(54, 5, 0, 0.5, 300000, 'chi', 'genrr', 1015.9039306640625, 0.5490000247955322, 82.35585618019104, '2024-07-29 12:18:16', 4, 999)
pval: [0.54900002] -- 54th test, time elapsed 82.35585618019104 -- emperical power so far (from test_start): 0.05555555555555555
db insert success
(55, 5, 0, 0.5, 300000, 'chi', 'genrr', 964.0447387695312, 0.9290000200271606, 82.44436717033386, '2024-07-29 12:19:49', 4, 999)
pval: [0.92900002] -- 55th test, time elapsed 82.44436717033386 -- emperical power so far (from test_start): 0.05454545454545454
db insert success
(56, 5, 0, 0.5, 300000, 'chi', 'genrr', 1067.1390380859375, 0.17100000381469727, 82.21660614013672, '2024-07-29 12:21:13', 4, 999)
pval: [0.171] -- 56th test, time elapsed 82.21660614013672 -- emperical power so far (from test_start): 0.05357142857142857
db insert success
(57, 5, 0, 0.5, 300000, 'chi', 'genrr', 946.4255981445312, 0.9500000476837158, 82.3429491519928, '2024-07-29 12:22:41', 4, 999)
pval: [0.95000005] -- 57th test, time elapsed 82.3429491519928 -- emperical power so far (from test_start): 0.05263157894736842
db insert success
(58, 5, 0, 0.5, 300000, 'chi', 'genrr', 1002.259765625, 0.6760000586509705, 82.41440010070801, '2024-07-29 12:24:20', 4, 999)
pval: [0.67600006] -- 58th test, time elapsed 82.41440010070801 -- emperical power so far (from test_start): 0.05172413793103448
db insert success
(59, 5, 0, 0.5, 300000, 'chi', 'genrr', 1011.65625, 0.5740000009536743, 82.20633268356323, '2024-07-29 12:25:56', 4, 999)
pval: [0.574] -- 59th test, time elapsed 82.20633268356323 -- emperical power so far (from test_start): 0.05084745762711865
db insert success
(60, 5, 0, 0.5, 300000, 'chi', 'genrr', 1059.1287841796875, 0.18900001049041748, 82.3580710887909, '2024-07-29 12:27:30', 4, 999)
pval: [0.18900001] -- 60th test, time elapsed 82.3580710887909 -- emperical power so far (from test_start): 0.05
db insert success
(61, 5, 0, 0.5, 300000, 'chi', 'genrr', 1056.9283447265625, 0.23100000619888306, 82.14136075973511, '2024-07-29 12:28:56', 4, 999)
pval: [0.23100001] -- 61th test, time elapsed 82.14136075973511 -- emperical power so far (from test_start): 0.04918032786885246
db insert success
(62, 5, 0, 0.5, 300000, 'chi', 'genrr', 985.3444213867188, 0.7920000553131104, 82.1067533493042, '2024-07-29 12:30:26', 4, 999)
pval: [0.79200006] -- 62th test, time elapsed 82.1067533493042 -- emperical power so far (from test_start): 0.04838709677419355
db insert success
(63, 5, 0, 0.5, 300000, 'chi', 'genrr', 1050.3865966796875, 0.2800000011920929, 82.25683450698853, '2024-07-29 12:31:52', 4, 999)
pval: [0.28] -- 63th test, time elapsed 82.25683450698853 -- emperical power so far (from test_start): 0.047619047619047616
db insert success
(64, 5, 0, 0.5, 300000, 'chi', 'genrr', 1013.0232543945312, 0.5870000123977661, 82.16330099105835, '2024-07-29 12:33:25', 4, 999)
pval: [0.58700001] -- 64th test, time elapsed 82.16330099105835 -- emperical power so far (from test_start): 0.046875
db insert success
(65, 5, 0, 0.5, 300000, 'chi', 'genrr', 1117.1300048828125, 0.02200000174343586, 82.14403963088989, '2024-07-29 12:35:01', 4, 999)
pval: [0.022] -- 65th test, time elapsed 82.14403963088989 -- emperical power so far (from test_start): 0.06153846153846154
db insert success
(66, 5, 0, 0.5, 300000, 'chi', 'genrr', 1116.0531005859375, 0.021000001579523087, 82.21438241004944, '2024-07-29 12:36:31', 4, 999)
pval: [0.021] -- 66th test, time elapsed 82.21438241004944 -- emperical power so far (from test_start): 0.07575757575757576
db insert success
(67, 5, 0, 0.5, 300000, 'chi', 'genrr', 1003.7635498046875, 0.6820000410079956, 82.25713443756104, '2024-07-29 12:38:07', 4, 999)
pval: [0.68200004] -- 67th test, time elapsed 82.25713443756104 -- emperical power so far (from test_start): 0.07462686567164178
db insert success
(68, 5, 0, 0.5, 300000, 'chi', 'genrr', 989.9559936523438, 0.76500004529953, 81.95686554908752, '2024-07-29 12:39:50', 4, 999)
pval: [0.76500005] -- 68th test, time elapsed 81.95686554908752 -- emperical power so far (from test_start): 0.07352941176470588
db insert success
(69, 5, 0, 0.5, 300000, 'chi', 'genrr', 971.863037109375, 0.8660000562667847, 82.20479965209961, '2024-07-29 12:41:15', 4, 999)
pval: [0.86600006] -- 69th test, time elapsed 82.20479965209961 -- emperical power so far (from test_start): 0.07246376811594203
db insert success
(70, 5, 0, 0.5, 300000, 'chi', 'genrr', 971.8554077148438, 0.8890000581741333, 82.05670070648193, '2024-07-29 12:42:47', 4, 999)
pval: [0.88900006] -- 70th test, time elapsed 82.05670070648193 -- emperical power so far (from test_start): 0.07142857142857142
db insert success
(71, 5, 0, 0.5, 300000, 'chi', 'genrr', 999.7958984375, 0.6950000524520874, 82.32374429702759, '2024-07-29 12:44:25', 4, 999)
pval: [0.69500005] -- 71th test, time elapsed 82.32374429702759 -- emperical power so far (from test_start): 0.07042253521126761
db insert success
(72, 5, 0, 0.5, 300000, 'chi', 'genrr', 962.68408203125, 0.906000018119812, 82.08369874954224, '2024-07-29 12:46:07', 4, 999)
pval: [0.90600002] -- 72th test, time elapsed 82.08369874954224 -- emperical power so far (from test_start): 0.06944444444444445
db insert success
(73, 5, 0, 0.5, 300000, 'chi', 'genrr', 1029.6558837890625, 0.43700000643730164, 82.21347784996033, '2024-07-29 12:47:38', 4, 999)
pval: [0.43700001] -- 73th test, time elapsed 82.21347784996033 -- emperical power so far (from test_start): 0.0684931506849315
db insert success
(74, 5, 0, 0.5, 300000, 'chi', 'genrr', 1042.8551025390625, 0.3330000042915344, 82.2525691986084, '2024-07-29 12:49:18', 4, 999)
pval: [0.333] -- 74th test, time elapsed 82.2525691986084 -- emperical power so far (from test_start): 0.06756756756756757
db insert success
(75, 5, 0, 0.5, 300000, 'chi', 'genrr', 956.9298706054688, 0.9230000376701355, 82.18259572982788, '2024-07-29 12:50:48', 4, 999)
pval: [0.92300004] -- 75th test, time elapsed 82.18259572982788 -- emperical power so far (from test_start): 0.06666666666666667
db insert success
(76, 5, 0, 0.5, 300000, 'chi', 'genrr', 995.6339111328125, 0.7230000495910645, 82.28359293937683, '2024-07-29 12:52:21', 4, 999)
pval: [0.72300005] -- 76th test, time elapsed 82.28359293937683 -- emperical power so far (from test_start): 0.06578947368421052
db insert success
(77, 5, 0, 0.5, 300000, 'chi', 'genrr', 1046.09033203125, 0.2930000126361847, 82.10857629776001, '2024-07-29 12:53:53', 4, 999)
pval: [0.29300001] -- 77th test, time elapsed 82.10857629776001 -- emperical power so far (from test_start): 0.06493506493506493
db insert success
(78, 5, 0, 0.5, 300000, 'chi', 'genrr', 1008.1751708984375, 0.609000027179718, 82.42117404937744, '2024-07-29 12:55:22', 4, 999)
pval: [0.60900003] -- 78th test, time elapsed 82.42117404937744 -- emperical power so far (from test_start): 0.0641025641025641
db insert success
(79, 5, 0, 0.5, 300000, 'chi', 'genrr', 1064.3778076171875, 0.1810000091791153, 82.27355074882507, '2024-07-29 12:56:59', 4, 999)
pval: [0.18100001] -- 79th test, time elapsed 82.27355074882507 -- emperical power so far (from test_start): 0.06329113924050633
db insert success
(80, 5, 0, 0.5, 300000, 'chi', 'genrr', 1033.684814453125, 0.3960000276565552, 82.03928756713867, '2024-07-29 12:58:30', 4, 999)
pval: [0.39600003] -- 80th test, time elapsed 82.03928756713867 -- emperical power so far (from test_start): 0.0625
db insert success
(81, 5, 0, 0.5, 300000, 'chi', 'genrr', 1047.6414794921875, 0.2970000207424164, 82.41140484809875, '2024-07-29 13:00:04', 4, 999)
pval: [0.29700002] -- 81th test, time elapsed 82.41140484809875 -- emperical power so far (from test_start): 0.06172839506172839
db insert success
(82, 5, 0, 0.5, 300000, 'chi', 'genrr', 1035.3515625, 0.37300002574920654, 82.39448428153992, '2024-07-29 13:01:41', 4, 999)
pval: [0.37300003] -- 82th test, time elapsed 82.39448428153992 -- emperical power so far (from test_start): 0.06097560975609756
db insert success
(83, 5, 0, 0.5, 300000, 'chi', 'genrr', 992.118896484375, 0.7400000095367432, 82.41192102432251, '2024-07-29 13:03:24', 4, 999)
pval: [0.74000001] -- 83th test, time elapsed 82.41192102432251 -- emperical power so far (from test_start): 0.060240963855421686
db insert success
(84, 5, 0, 0.5, 300000, 'chi', 'genrr', 1147.00244140625, 0.003000000026077032, 82.1974413394928, '2024-07-29 13:05:05', 4, 999)
pval: [0.003] -- 84th test, time elapsed 82.1974413394928 -- emperical power so far (from test_start): 0.07142857142857142
db insert success
(85, 5, 0, 0.5, 300000, 'chi', 'genrr', 1025.3134765625, 0.4880000352859497, 82.37836265563965, '2024-07-29 13:06:39', 4, 999)
pval: [0.48800004] -- 85th test, time elapsed 82.37836265563965 -- emperical power so far (from test_start): 0.07058823529411765
db insert success
(86, 5, 0, 0.5, 300000, 'chi', 'genrr', 946.9478149414062, 0.9510000348091125, 82.3190655708313, '2024-07-29 13:08:18', 4, 999)
pval: [0.95100003] -- 86th test, time elapsed 82.3190655708313 -- emperical power so far (from test_start): 0.06976744186046512
db insert success
(87, 5, 0, 0.5, 300000, 'chi', 'genrr', 945.5938110351562, 0.9590000510215759, 82.54812359809875, '2024-07-29 13:09:42', 4, 999)
pval: [0.95900005] -- 87th test, time elapsed 82.54812359809875 -- emperical power so far (from test_start): 0.06896551724137931
db insert success
(88, 5, 0, 0.5, 300000, 'chi', 'genrr', 1040.0238037109375, 0.3530000150203705, 82.58657097816467, '2024-07-29 13:11:11', 4, 999)
pval: [0.35300002] -- 88th test, time elapsed 82.58657097816467 -- emperical power so far (from test_start): 0.06818181818181818
db insert success
(89, 5, 0, 0.5, 300000, 'chi', 'genrr', 1105.0567626953125, 0.03700000047683716, 82.6641538143158, '2024-07-29 13:12:37', 4, 999)
pval: [0.037] -- 89th test, time elapsed 82.6641538143158 -- emperical power so far (from test_start): 0.07865168539325842
db insert success
(90, 5, 0, 0.5, 300000, 'chi', 'genrr', 1014.5352172851562, 0.562000036239624, 82.72982716560364, '2024-07-29 13:14:02', 4, 999)
pval: [0.56200004] -- 90th test, time elapsed 82.72982716560364 -- emperical power so far (from test_start): 0.07777777777777778
db insert success
(91, 5, 0, 0.5, 300000, 'chi', 'genrr', 1087.95849609375, 0.07200000435113907, 82.17553687095642, '2024-07-29 13:15:27', 4, 999)
pval: [0.072] -- 91th test, time elapsed 82.17553687095642 -- emperical power so far (from test_start): 0.07692307692307693
db insert success
(92, 5, 0, 0.5, 300000, 'chi', 'genrr', 1002.51123046875, 0.6670000553131104, 82.25791001319885, '2024-07-29 13:17:00', 4, 999)
pval: [0.66700006] -- 92th test, time elapsed 82.25791001319885 -- emperical power so far (from test_start): 0.07608695652173914
db insert success
(93, 5, 0, 0.5, 300000, 'chi', 'genrr', 954.6192016601562, 0.9280000329017639, 82.36574745178223, '2024-07-29 13:18:35', 4, 999)
pval: [0.92800003] -- 93th test, time elapsed 82.36574745178223 -- emperical power so far (from test_start): 0.07526881720430108
db insert success
(94, 5, 0, 0.5, 300000, 'chi', 'genrr', 1002.9440307617188, 0.6480000019073486, 82.54957675933838, '2024-07-29 13:20:10', 4, 999)
pval: [0.648] -- 94th test, time elapsed 82.54957675933838 -- emperical power so far (from test_start): 0.07446808510638298
db insert success
(95, 5, 0, 0.5, 300000, 'chi', 'genrr', 1016.7073974609375, 0.5610000491142273, 82.42334365844727, '2024-07-29 13:21:42', 4, 999)
pval: [0.56100005] -- 95th test, time elapsed 82.42334365844727 -- emperical power so far (from test_start): 0.07368421052631578
db insert success
(96, 5, 0, 0.5, 300000, 'chi', 'genrr', 989.0279541015625, 0.7910000085830688, 82.43486595153809, '2024-07-29 13:23:22', 4, 999)
pval: [0.79100001] -- 96th test, time elapsed 82.43486595153809 -- emperical power so far (from test_start): 0.07291666666666667
db insert success
(97, 5, 0, 0.5, 300000, 'chi', 'genrr', 1028.8663330078125, 0.4280000329017639, 82.39556169509888, '2024-07-29 13:25:03', 4, 999)
pval: [0.42800003] -- 97th test, time elapsed 82.39556169509888 -- emperical power so far (from test_start): 0.07216494845360824
db insert success
(98, 5, 0, 0.5, 300000, 'chi', 'genrr', 990.6941528320312, 0.7540000081062317, 82.39738368988037, '2024-07-29 13:26:34', 4, 999)
pval: [0.75400001] -- 98th test, time elapsed 82.39738368988037 -- emperical power so far (from test_start): 0.07142857142857142
db insert success
(99, 5, 0, 0.5, 300000, 'chi', 'genrr', 1027.4759521484375, 0.4610000252723694, 82.27283763885498, '2024-07-29 13:27:58', 4, 999)
pval: [0.46100003] -- 99th test, time elapsed 82.27283763885498 -- emperical power so far (from test_start): 0.0707070707070707
db insert success
(100, 5, 0, 0.5, 300000, 'chi', 'genrr', 947.8552856445312, 0.9670000672340393, 82.30032014846802, '2024-07-29 13:29:37', 4, 999)
pval: [0.96700007] -- 100th test, time elapsed 82.30032014846802 -- emperical power so far (from test_start): 0.07
db insert success
(101, 5, 0, 0.5, 300000, 'chi', 'genrr', 1038.9400634765625, 0.33500000834465027, 82.19275403022766, '2024-07-29 13:31:11', 4, 999)
pval: [0.33500001] -- 101th test, time elapsed 82.19275403022766 -- emperical power so far (from test_start): 0.06930693069306931
db insert success
(102, 5, 0, 0.5, 300000, 'chi', 'genrr', 1019.1098022460938, 0.5430000424385071, 82.1676652431488, '2024-07-29 13:32:46', 4, 999)
pval: [0.54300004] -- 102th test, time elapsed 82.1676652431488 -- emperical power so far (from test_start): 0.06862745098039216
db insert success
(103, 5, 0, 0.5, 300000, 'chi', 'genrr', 957.2183227539062, 0.9430000185966492, 82.28415775299072, '2024-07-29 13:34:11', 4, 999)
pval: [0.94300002] -- 103th test, time elapsed 82.28415775299072 -- emperical power so far (from test_start): 0.06796116504854369
db insert success
(104, 5, 0, 0.5, 300000, 'chi', 'genrr', 1013.9055786132812, 0.5879999995231628, 82.39503049850464, '2024-07-29 13:35:54', 4, 999)
pval: [0.588] -- 104th test, time elapsed 82.39503049850464 -- emperical power so far (from test_start): 0.0673076923076923
db insert success
(105, 5, 0, 0.5, 300000, 'chi', 'genrr', 1066.1075439453125, 0.16700001060962677, 82.28297591209412, '2024-07-29 13:37:26', 4, 999)
pval: [0.16700001] -- 105th test, time elapsed 82.28297591209412 -- emperical power so far (from test_start): 0.06666666666666667
db insert success
(106, 5, 0, 0.5, 300000, 'chi', 'genrr', 994.3693237304688, 0.7410000562667847, 82.37077188491821, '2024-07-29 13:39:02', 4, 999)
pval: [0.74100006] -- 106th test, time elapsed 82.37077188491821 -- emperical power so far (from test_start): 0.0660377358490566
db insert success
(107, 5, 0, 0.5, 300000, 'chi', 'genrr', 1028.7562255859375, 0.46300002932548523, 82.3258957862854, '2024-07-29 13:40:39', 4, 999)
pval: [0.46300003] -- 107th test, time elapsed 82.3258957862854 -- emperical power so far (from test_start): 0.06542056074766354
db insert success
(108, 5, 0, 0.5, 300000, 'chi', 'genrr', 1006.6406860351562, 0.6130000352859497, 82.26072597503662, '2024-07-29 13:42:16', 4, 999)
pval: [0.61300004] -- 108th test, time elapsed 82.26072597503662 -- emperical power so far (from test_start): 0.06481481481481481
db insert success
(109, 5, 0, 0.5, 300000, 'chi', 'genrr', 996.5106201171875, 0.7390000224113464, 82.33424019813538, '2024-07-29 13:43:49', 4, 999)
pval: [0.73900002] -- 109th test, time elapsed 82.33424019813538 -- emperical power so far (from test_start): 0.06422018348623854
db insert success
(110, 5, 0, 0.5, 300000, 'chi', 'genrr', 1037.7587890625, 0.3580000102519989, 82.2770004272461, '2024-07-29 13:45:14', 4, 999)
pval: [0.35800001] -- 110th test, time elapsed 82.2770004272461 -- emperical power so far (from test_start): 0.06363636363636363
db insert success
(111, 5, 0, 0.5, 300000, 'chi', 'genrr', 999.18115234375, 0.718000054359436, 82.19239330291748, '2024-07-29 13:46:57', 4, 999)
pval: [0.71800005] -- 111th test, time elapsed 82.19239330291748 -- emperical power so far (from test_start): 0.06306306306306306
db insert success
(112, 5, 0, 0.5, 300000, 'chi', 'genrr', 1009.1428833007812, 0.625, 82.24673628807068, '2024-07-29 13:48:35', 4, 999)
pval: [0.625] -- 112th test, time elapsed 82.24673628807068 -- emperical power so far (from test_start): 0.0625
db insert success
(113, 5, 0, 0.5, 300000, 'chi', 'genrr', 974.9703979492188, 0.859000027179718, 82.40792036056519, '2024-07-29 13:50:03', 4, 999)
pval: [0.85900003] -- 113th test, time elapsed 82.40792036056519 -- emperical power so far (from test_start): 0.061946902654867256
db insert success
(114, 5, 0, 0.5, 300000, 'chi', 'genrr', 1059.5848388671875, 0.23200000822544098, 82.38515830039978, '2024-07-29 13:51:46', 4, 999)
pval: [0.23200001] -- 114th test, time elapsed 82.38515830039978 -- emperical power so far (from test_start): 0.06140350877192982
db insert success
(115, 5, 0, 0.5, 300000, 'chi', 'genrr', 1115.0247802734375, 0.032999999821186066, 82.24968647956848, '2024-07-29 13:53:16', 4, 999)
pval: [0.033] -- 115th test, time elapsed 82.24968647956848 -- emperical power so far (from test_start): 0.06956521739130435
db insert success
(116, 5, 0, 0.5, 300000, 'chi', 'genrr', 970.32080078125, 0.906000018119812, 82.30212378501892, '2024-07-29 13:54:56', 4, 999)
pval: [0.90600002] -- 116th test, time elapsed 82.30212378501892 -- emperical power so far (from test_start): 0.06896551724137931
db insert success
(117, 5, 0, 0.5, 300000, 'chi', 'genrr', 985.2613525390625, 0.7990000247955322, 82.54250431060791, '2024-07-29 13:56:30', 4, 999)
pval: [0.79900002] -- 117th test, time elapsed 82.54250431060791 -- emperical power so far (from test_start): 0.06837606837606838
db insert success
(118, 5, 0, 0.5, 300000, 'chi', 'genrr', 1039.5579833984375, 0.38100001215934753, 82.63695073127747, '2024-07-29 13:58:06', 4, 999)
pval: [0.38100001] -- 118th test, time elapsed 82.63695073127747 -- emperical power so far (from test_start): 0.06779661016949153
db insert success
(119, 5, 0, 0.5, 300000, 'chi', 'genrr', 1109.8719482421875, 0.03800000250339508, 82.58529710769653, '2024-07-29 13:59:31', 4, 999)
pval: [0.038] -- 119th test, time elapsed 82.58529710769653 -- emperical power so far (from test_start): 0.07563025210084033
db insert success
(120, 5, 0, 0.5, 300000, 'chi', 'genrr', 1108.8450927734375, 0.03400000184774399, 82.50957679748535, '2024-07-29 14:00:58', 4, 999)
pval: [0.034] -- 120th test, time elapsed 82.50957679748535 -- emperical power so far (from test_start): 0.08333333333333333
db insert success
(121, 5, 0, 0.5, 300000, 'chi', 'genrr', 992.92041015625, 0.7570000290870667, 82.4738404750824, '2024-07-29 14:02:39', 4, 999)
pval: [0.75700003] -- 121th test, time elapsed 82.4738404750824 -- emperical power so far (from test_start): 0.08264462809917356
db insert success
(122, 5, 0, 0.5, 300000, 'chi', 'genrr', 986.0411376953125, 0.7980000376701355, 82.59735298156738, '2024-07-29 14:04:20', 4, 999)
pval: [0.79800004] -- 122th test, time elapsed 82.59735298156738 -- emperical power so far (from test_start): 0.08196721311475409
db insert success
(123, 5, 0, 0.5, 300000, 'chi', 'genrr', 968.0718994140625, 0.8990000486373901, 82.60080528259277, '2024-07-29 14:05:53', 4, 999)
pval: [0.89900005] -- 123th test, time elapsed 82.60080528259277 -- emperical power so far (from test_start): 0.08130081300813008
db insert success
(124, 5, 0, 0.5, 300000, 'chi', 'genrr', 1053.7152099609375, 0.2330000102519989, 82.47658896446228, '2024-07-29 14:07:19', 4, 999)
pval: [0.23300001] -- 124th test, time elapsed 82.47658896446228 -- emperical power so far (from test_start): 0.08064516129032258
db insert success
(125, 5, 0, 0.5, 300000, 'chi', 'genrr', 962.0158081054688, 0.9290000200271606, 82.4583728313446, '2024-07-29 14:08:48', 4, 999)
pval: [0.92900002] -- 125th test, time elapsed 82.4583728313446 -- emperical power so far (from test_start): 0.08
db insert success
(126, 5, 0, 0.5, 300000, 'chi', 'genrr', 1082.7191162109375, 0.10300000756978989, 82.4208734035492, '2024-07-29 14:10:28', 4, 999)
pval: [0.10300001] -- 126th test, time elapsed 82.4208734035492 -- emperical power so far (from test_start): 0.07936507936507936
db insert success
(127, 5, 0, 0.5, 300000, 'chi', 'genrr', 1007.0345458984375, 0.6160000562667847, 82.44425249099731, '2024-07-29 14:11:59', 4, 999)
pval: [0.61600006] -- 127th test, time elapsed 82.44425249099731 -- emperical power so far (from test_start): 0.07874015748031496
db insert success
(128, 5, 0, 0.5, 300000, 'chi', 'genrr', 1017.848388671875, 0.5410000085830688, 82.3954336643219, '2024-07-29 14:13:39', 4, 999)
pval: [0.54100001] -- 128th test, time elapsed 82.3954336643219 -- emperical power so far (from test_start): 0.078125
db insert success
(129, 5, 0, 0.5, 300000, 'chi', 'genrr', 989.7091674804688, 0.7600000500679016, 82.46129989624023, '2024-07-29 14:15:13', 4, 999)
pval: [0.76000005] -- 129th test, time elapsed 82.46129989624023 -- emperical power so far (from test_start): 0.07751937984496124
db insert success
(130, 5, 0, 0.5, 300000, 'chi', 'genrr', 1051.4874267578125, 0.2720000147819519, 82.48413109779358, '2024-07-29 14:16:49', 4, 999)
pval: [0.27200001] -- 130th test, time elapsed 82.48413109779358 -- emperical power so far (from test_start): 0.07692307692307693
db insert success
(131, 5, 0, 0.5, 300000, 'chi', 'genrr', 1060.973388671875, 0.19200000166893005, 82.25200319290161, '2024-07-29 14:18:14', 4, 999)
pval: [0.192] -- 131th test, time elapsed 82.25200319290161 -- emperical power so far (from test_start): 0.07633587786259542
db insert success
(132, 5, 0, 0.5, 300000, 'chi', 'genrr', 1120.218017578125, 0.014000000432133675, 82.78028655052185, '2024-07-29 14:19:48', 4, 999)
pval: [0.014] -- 132th test, time elapsed 82.78028655052185 -- emperical power so far (from test_start): 0.08333333333333333
db insert success
(133, 5, 0, 0.5, 300000, 'chi', 'genrr', 1053.4921875, 0.2670000195503235, 82.35334134101868, '2024-07-29 14:21:30', 4, 999)
pval: [0.26700002] -- 133th test, time elapsed 82.35334134101868 -- emperical power so far (from test_start): 0.08270676691729323
db insert success
(134, 5, 0, 0.5, 300000, 'chi', 'genrr', 1066.724609375, 0.16200000047683716, 82.37567925453186, '2024-07-29 14:23:05', 4, 999)
pval: [0.162] -- 134th test, time elapsed 82.37567925453186 -- emperical power so far (from test_start): 0.08208955223880597
db insert success
(135, 5, 0, 0.5, 300000, 'chi', 'genrr', 1059.5689697265625, 0.20400001108646393, 82.30811476707458, '2024-07-29 14:24:42', 4, 999)
pval: [0.20400001] -- 135th test, time elapsed 82.30811476707458 -- emperical power so far (from test_start): 0.08148148148148149
db insert success
(136, 5, 0, 0.5, 300000, 'chi', 'genrr', 942.615234375, 0.9720000624656677, 82.27930808067322, '2024-07-29 14:26:18', 4, 999)
pval: [0.97200006] -- 136th test, time elapsed 82.27930808067322 -- emperical power so far (from test_start): 0.08088235294117647
db insert success
(137, 5, 0, 0.5, 300000, 'chi', 'genrr', 1045.165771484375, 0.32600000500679016, 82.30263304710388, '2024-07-29 14:27:59', 4, 999)
pval: [0.32600001] -- 137th test, time elapsed 82.30263304710388 -- emperical power so far (from test_start): 0.08029197080291971
db insert success
(138, 5, 0, 0.5, 300000, 'chi', 'genrr', 1046.420166015625, 0.30300000309944153, 82.23907685279846, '2024-07-29 14:29:30', 4, 999)
pval: [0.303] -- 138th test, time elapsed 82.23907685279846 -- emperical power so far (from test_start): 0.07971014492753623
db insert success
(139, 5, 0, 0.5, 300000, 'chi', 'genrr', 1054.266845703125, 0.2370000183582306, 82.30990600585938, '2024-07-29 14:30:56', 4, 999)
pval: [0.23700002] -- 139th test, time elapsed 82.30990600585938 -- emperical power so far (from test_start): 0.07913669064748201
db insert success
(140, 5, 0, 0.5, 300000, 'chi', 'genrr', 1061.2252197265625, 0.21400001645088196, 82.44459009170532, '2024-07-29 14:32:26', 4, 999)
pval: [0.21400002] -- 140th test, time elapsed 82.44459009170532 -- emperical power so far (from test_start): 0.07857142857142857
db insert success
(141, 5, 0, 0.5, 300000, 'chi', 'genrr', 1060.056396484375, 0.20400001108646393, 82.28523063659668, '2024-07-29 14:33:56', 4, 999)
pval: [0.20400001] -- 141th test, time elapsed 82.28523063659668 -- emperical power so far (from test_start): 0.07801418439716312
db insert success
(142, 5, 0, 0.5, 300000, 'chi', 'genrr', 1028.8438720703125, 0.4570000171661377, 82.20140528678894, '2024-07-29 14:35:35', 4, 999)
pval: [0.45700002] -- 142th test, time elapsed 82.20140528678894 -- emperical power so far (from test_start): 0.07746478873239436
db insert success
(143, 5, 0, 0.5, 300000, 'chi', 'genrr', 914.1869506835938, 0.9970000386238098, 82.27052998542786, '2024-07-29 14:37:08', 4, 999)
pval: [0.99700004] -- 143th test, time elapsed 82.27052998542786 -- emperical power so far (from test_start): 0.07692307692307693
db insert success
(144, 5, 0, 0.5, 300000, 'chi', 'genrr', 1100.0909423828125, 0.04500000178813934, 82.35461258888245, '2024-07-29 14:38:46', 4, 999)
pval: [0.045] -- 144th test, time elapsed 82.35461258888245 -- emperical power so far (from test_start): 0.08333333333333333
db insert success
(145, 5, 0, 0.5, 300000, 'chi', 'genrr', 1051.58642578125, 0.24000000953674316, 82.31767153739929, '2024-07-29 14:40:09', 4, 999)
pval: [0.24000001] -- 145th test, time elapsed 82.31767153739929 -- emperical power so far (from test_start): 0.08275862068965517
db insert success
(146, 5, 0, 0.5, 300000, 'chi', 'genrr', 1063.05908203125, 0.1850000023841858, 82.35675406455994, '2024-07-29 14:41:34', 4, 999)
pval: [0.185] -- 146th test, time elapsed 82.35675406455994 -- emperical power so far (from test_start): 0.0821917808219178
db insert success
(147, 5, 0, 0.5, 300000, 'chi', 'genrr', 1085.7843017578125, 0.07300000637769699, 82.38595485687256, '2024-07-29 14:43:06', 4, 999)
pval: [0.07300001] -- 147th test, time elapsed 82.38595485687256 -- emperical power so far (from test_start): 0.08163265306122448
db insert success
(148, 5, 0, 0.5, 300000, 'chi', 'genrr', 1062.3907470703125, 0.19700001180171967, 82.26175141334534, '2024-07-29 14:44:40', 4, 999)
pval: [0.19700001] -- 148th test, time elapsed 82.26175141334534 -- emperical power so far (from test_start): 0.08108108108108109
db insert success
(149, 5, 0, 0.5, 300000, 'chi', 'genrr', 1088.8089599609375, 0.07400000095367432, 82.39299201965332, '2024-07-29 14:46:20', 4, 999)
pval: [0.074] -- 149th test, time elapsed 82.39299201965332 -- emperical power so far (from test_start): 0.08053691275167785
db insert success
(150, 5, 0, 0.5, 300000, 'chi', 'genrr', 1015.7000732421875, 0.5470000505447388, 82.17049980163574, '2024-07-29 14:47:58', 4, 999)
pval: [0.54700005] -- 150th test, time elapsed 82.17049980163574 -- emperical power so far (from test_start): 0.08
db insert success
(151, 5, 0, 0.5, 300000, 'chi', 'genrr', 1034.48388671875, 0.3930000066757202, 82.34117436408997, '2024-07-29 14:49:31', 4, 999)
pval: [0.39300001] -- 151th test, time elapsed 82.34117436408997 -- emperical power so far (from test_start): 0.07947019867549669
db insert success
(152, 5, 0, 0.5, 300000, 'chi', 'genrr', 1011.4879150390625, 0.612000048160553, 82.35610914230347, '2024-07-29 14:51:10', 4, 999)
pval: [0.61200005] -- 152th test, time elapsed 82.35610914230347 -- emperical power so far (from test_start): 0.07894736842105263
db insert success
(153, 5, 0, 0.5, 300000, 'chi', 'genrr', 1077.8302001953125, 0.12400000542402267, 82.28016209602356, '2024-07-29 14:52:46', 4, 999)
pval: [0.12400001] -- 153th test, time elapsed 82.28016209602356 -- emperical power so far (from test_start): 0.0784313725490196
db insert success
(154, 5, 0, 0.5, 300000, 'chi', 'genrr', 1056.98486328125, 0.2200000137090683, 82.37530446052551, '2024-07-29 14:54:22', 4, 999)
pval: [0.22000001] -- 154th test, time elapsed 82.37530446052551 -- emperical power so far (from test_start): 0.07792207792207792
db insert success
(155, 5, 0, 0.5, 300000, 'chi', 'genrr', 1029.087646484375, 0.4610000252723694, 82.20774722099304, '2024-07-29 14:55:56', 4, 999)
pval: [0.46100003] -- 155th test, time elapsed 82.20774722099304 -- emperical power so far (from test_start): 0.07741935483870968
db insert success
(156, 5, 0, 0.5, 300000, 'chi', 'genrr', 1088.6103515625, 0.0820000022649765, 82.24616885185242, '2024-07-29 14:57:31', 4, 999)
pval: [0.082] -- 156th test, time elapsed 82.24616885185242 -- emperical power so far (from test_start): 0.07692307692307693
db insert success
(157, 5, 0, 0.5, 300000, 'chi', 'genrr', 954.2913818359375, 0.940000057220459, 82.27386951446533, '2024-07-29 14:58:56', 4, 999)
pval: [0.94000006] -- 157th test, time elapsed 82.27386951446533 -- emperical power so far (from test_start): 0.07643312101910828
db insert success
(158, 5, 0, 0.5, 300000, 'chi', 'genrr', 957.97216796875, 0.9270000457763672, 82.31117963790894, '2024-07-29 15:00:35', 4, 999)
pval: [0.92700005] -- 158th test, time elapsed 82.31117963790894 -- emperical power so far (from test_start): 0.0759493670886076
db insert success
(159, 5, 0, 0.5, 300000, 'chi', 'genrr', 1068.171875, 0.17900000512599945, 82.36747002601624, '2024-07-29 15:02:13', 4, 999)
pval: [0.17900001] -- 159th test, time elapsed 82.36747002601624 -- emperical power so far (from test_start): 0.07547169811320754
db insert success
(160, 5, 0, 0.5, 300000, 'chi', 'genrr', 1056.6680908203125, 0.24800001084804535, 82.35049605369568, '2024-07-29 15:03:49', 4, 999)
pval: [0.24800001] -- 160th test, time elapsed 82.35049605369568 -- emperical power so far (from test_start): 0.075
db insert success
(161, 5, 0, 0.5, 300000, 'chi', 'genrr', 965.0421752929688, 0.9130000472068787, 82.3577709197998, '2024-07-29 15:05:19', 4, 999)
pval: [0.91300005] -- 161th test, time elapsed 82.3577709197998 -- emperical power so far (from test_start): 0.07453416149068323
db insert success
(162, 5, 0, 0.5, 300000, 'chi', 'genrr', 1076.0908203125, 0.12400000542402267, 82.18555474281311, '2024-07-29 15:06:55', 4, 999)
pval: [0.12400001] -- 162th test, time elapsed 82.18555474281311 -- emperical power so far (from test_start): 0.07407407407407407
db insert success
(163, 5, 0, 0.5, 300000, 'chi', 'genrr', 1023.8709716796875, 0.49000000953674316, 82.25549030303955, '2024-07-29 15:08:30', 4, 999)
pval: [0.49000001] -- 163th test, time elapsed 82.25549030303955 -- emperical power so far (from test_start): 0.0736196319018405
db insert success
(164, 5, 0, 0.5, 300000, 'chi', 'genrr', 971.2763061523438, 0.878000020980835, 82.31812834739685, '2024-07-29 15:10:02', 4, 999)
pval: [0.87800002] -- 164th test, time elapsed 82.31812834739685 -- emperical power so far (from test_start): 0.07317073170731707
db insert success
(165, 5, 0, 0.5, 300000, 'chi', 'genrr', 969.6325073242188, 0.8870000243186951, 82.2880334854126, '2024-07-29 15:11:29', 4, 999)
pval: [0.88700002] -- 165th test, time elapsed 82.2880334854126 -- emperical power so far (from test_start): 0.07272727272727272
db insert success
(166, 5, 0, 0.5, 300000, 'chi', 'genrr', 1010.300048828125, 0.609000027179718, 82.2395269870758, '2024-07-29 15:13:05', 4, 999)
pval: [0.60900003] -- 166th test, time elapsed 82.2395269870758 -- emperical power so far (from test_start): 0.07228915662650602
db insert success
(167, 5, 0, 0.5, 300000, 'chi', 'genrr', 1056.8994140625, 0.20200000703334808, 82.2898313999176, '2024-07-29 15:14:33', 4, 999)
pval: [0.20200001] -- 167th test, time elapsed 82.2898313999176 -- emperical power so far (from test_start): 0.0718562874251497
db insert success
(168, 5, 0, 0.5, 300000, 'chi', 'genrr', 948.088623046875, 0.9660000205039978, 82.27028775215149, '2024-07-29 15:16:12', 4, 999)
pval: [0.96600002] -- 168th test, time elapsed 82.27028775215149 -- emperical power so far (from test_start): 0.07142857142857142
db insert success
(169, 5, 0, 0.5, 300000, 'chi', 'genrr', 961.591796875, 0.9170000553131104, 82.3017725944519, '2024-07-29 15:17:51', 4, 999)
pval: [0.91700006] -- 169th test, time elapsed 82.3017725944519 -- emperical power so far (from test_start): 0.07100591715976332
db insert success
(170, 5, 0, 0.5, 300000, 'chi', 'genrr', 1072.1234130859375, 0.15300001204013824, 82.35993242263794, '2024-07-29 15:19:30', 4, 999)
pval: [0.15300001] -- 170th test, time elapsed 82.35993242263794 -- emperical power so far (from test_start): 0.07058823529411765
db insert success
(171, 5, 0, 0.5, 300000, 'chi', 'genrr', 1031.510498046875, 0.4180000126361847, 82.6651873588562, '2024-07-29 15:20:58', 4, 999)
pval: [0.41800001] -- 171th test, time elapsed 82.6651873588562 -- emperical power so far (from test_start): 0.07017543859649122
db insert success
(172, 5, 0, 0.5, 300000, 'chi', 'genrr', 1023.987548828125, 0.503000020980835, 82.28862285614014, '2024-07-29 15:22:28', 4, 999)
pval: [0.50300002] -- 172th test, time elapsed 82.28862285614014 -- emperical power so far (from test_start): 0.06976744186046512
db insert success
(173, 5, 0, 0.5, 300000, 'chi', 'genrr', 1037.7908935546875, 0.39400002360343933, 82.25924563407898, '2024-07-29 15:24:08', 4, 999)
pval: [0.39400002] -- 173th test, time elapsed 82.25924563407898 -- emperical power so far (from test_start): 0.06936416184971098
db insert success
(174, 5, 0, 0.5, 300000, 'chi', 'genrr', 1027.47216796875, 0.4520000219345093, 82.34764313697815, '2024-07-29 15:25:35', 4, 999)
pval: [0.45200002] -- 174th test, time elapsed 82.34764313697815 -- emperical power so far (from test_start): 0.06896551724137931
db insert success
(175, 5, 0, 0.5, 300000, 'chi', 'genrr', 929.2439575195312, 0.9900000691413879, 82.28343844413757, '2024-07-29 15:27:11', 4, 999)
pval: [0.99000007] -- 175th test, time elapsed 82.28343844413757 -- emperical power so far (from test_start): 0.06857142857142857
db insert success
(176, 5, 0, 0.5, 300000, 'chi', 'genrr', 1028.743408203125, 0.43400001525878906, 82.28057360649109, '2024-07-29 15:28:43', 4, 999)
pval: [0.43400002] -- 176th test, time elapsed 82.28057360649109 -- emperical power so far (from test_start): 0.06818181818181818
db insert success
(177, 5, 0, 0.5, 300000, 'chi', 'genrr', 1012.8761596679688, 0.5850000381469727, 82.33853077888489, '2024-07-29 15:30:13', 4, 999)
pval: [0.58500004] -- 177th test, time elapsed 82.33853077888489 -- emperical power so far (from test_start): 0.06779661016949153
db insert success
(178, 5, 0, 0.5, 300000, 'chi', 'genrr', 943.6152954101562, 0.9590000510215759, 82.31371688842773, '2024-07-29 15:31:39', 4, 999)
pval: [0.95900005] -- 178th test, time elapsed 82.31371688842773 -- emperical power so far (from test_start): 0.06741573033707865
db insert success
(179, 5, 0, 0.5, 300000, 'chi', 'genrr', 994.2222900390625, 0.7470000386238098, 82.31946396827698, '2024-07-29 15:33:20', 4, 999)
pval: [0.74700004] -- 179th test, time elapsed 82.31946396827698 -- emperical power so far (from test_start): 0.0670391061452514
db insert success
(180, 5, 0, 0.5, 300000, 'chi', 'genrr', 1051.0123291015625, 0.26900002360343933, 82.42194318771362, '2024-07-29 15:34:55', 4, 999)
pval: [0.26900002] -- 180th test, time elapsed 82.42194318771362 -- emperical power so far (from test_start): 0.06666666666666667
db insert success
(181, 5, 0, 0.5, 300000, 'chi', 'genrr', 1061.5169677734375, 0.1900000125169754, 82.39238142967224, '2024-07-29 15:36:32', 4, 999)
pval: [0.19000001] -- 181th test, time elapsed 82.39238142967224 -- emperical power so far (from test_start): 0.06629834254143646
db insert success
(182, 5, 0, 0.5, 300000, 'chi', 'genrr', 963.5932006835938, 0.9160000681877136, 82.3431499004364, '2024-07-29 15:38:11', 4, 999)
pval: [0.91600007] -- 182th test, time elapsed 82.3431499004364 -- emperical power so far (from test_start): 0.06593406593406594
db insert success
(183, 5, 0, 0.5, 300000, 'chi', 'genrr', 1087.876708984375, 0.07700000703334808, 82.24777746200562, '2024-07-29 15:39:42', 4, 999)
pval: [0.07700001] -- 183th test, time elapsed 82.24777746200562 -- emperical power so far (from test_start): 0.06557377049180328
db insert success
(184, 5, 0, 0.5, 300000, 'chi', 'genrr', 972.5843505859375, 0.8750000596046448, 82.47261047363281, '2024-07-29 15:41:25', 4, 999)
pval: [0.87500006] -- 184th test, time elapsed 82.47261047363281 -- emperical power so far (from test_start): 0.06521739130434782
db insert success
(185, 5, 0, 0.5, 300000, 'chi', 'genrr', 1004.7254638671875, 0.6500000357627869, 82.29432034492493, '2024-07-29 15:42:58', 4, 999)
pval: [0.65000004] -- 185th test, time elapsed 82.29432034492493 -- emperical power so far (from test_start): 0.06486486486486487
db insert success
(186, 5, 0, 0.5, 300000, 'chi', 'genrr', 1046.155029296875, 0.31300002336502075, 82.37926626205444, '2024-07-29 15:44:37', 4, 999)
pval: [0.31300002] -- 186th test, time elapsed 82.37926626205444 -- emperical power so far (from test_start): 0.06451612903225806
db insert success
(187, 5, 0, 0.5, 300000, 'chi', 'genrr', 996.574462890625, 0.7020000219345093, 82.35759449005127, '2024-07-29 15:46:19', 4, 999)
pval: [0.70200002] -- 187th test, time elapsed 82.35759449005127 -- emperical power so far (from test_start): 0.06417112299465241
db insert success
(188, 5, 0, 0.5, 300000, 'chi', 'genrr', 993.2333374023438, 0.7220000624656677, 82.35889101028442, '2024-07-29 15:47:50', 4, 999)
pval: [0.72200006] -- 188th test, time elapsed 82.35889101028442 -- emperical power so far (from test_start): 0.06382978723404255
db insert success
(189, 5, 0, 0.5, 300000, 'chi', 'genrr', 1047.5968017578125, 0.29600000381469727, 82.39254474639893, '2024-07-29 15:49:27', 4, 999)
pval: [0.296] -- 189th test, time elapsed 82.39254474639893 -- emperical power so far (from test_start): 0.06349206349206349
db insert success
(190, 5, 0, 0.5, 300000, 'chi', 'genrr', 1004.1243896484375, 0.6510000228881836, 82.32609343528748, '2024-07-29 15:51:09', 4, 999)
pval: [0.65100002] -- 190th test, time elapsed 82.32609343528748 -- emperical power so far (from test_start): 0.06315789473684211
db insert success
(191, 5, 0, 0.5, 300000, 'chi', 'genrr', 934.9244384765625, 0.968000054359436, 82.34959316253662, '2024-07-29 15:52:34', 4, 999)
pval: [0.96800005] -- 191th test, time elapsed 82.34959316253662 -- emperical power so far (from test_start): 0.06282722513089005
db insert success
(192, 5, 0, 0.5, 300000, 'chi', 'genrr', 982.3074340820312, 0.8220000267028809, 82.33874797821045, '2024-07-29 15:53:59', 4, 999)
pval: [0.82200003] -- 192th test, time elapsed 82.33874797821045 -- emperical power so far (from test_start): 0.0625
db insert success
(193, 5, 0, 0.5, 300000, 'chi', 'genrr', 1100.440185546875, 0.05300000309944153, 82.38458514213562, '2024-07-29 15:55:40', 4, 999)
pval: [0.053] -- 193th test, time elapsed 82.38458514213562 -- emperical power so far (from test_start): 0.06217616580310881
db insert success
(194, 5, 0, 0.5, 300000, 'chi', 'genrr', 1067.119384765625, 0.16600000858306885, 82.24961686134338, '2024-07-29 15:57:17', 4, 999)
pval: [0.16600001] -- 194th test, time elapsed 82.24961686134338 -- emperical power so far (from test_start): 0.061855670103092786
db insert success
(195, 5, 0, 0.5, 300000, 'chi', 'genrr', 1015.2671508789062, 0.5670000314712524, 82.23789167404175, '2024-07-29 15:58:43', 4, 999)
pval: [0.56700003] -- 195th test, time elapsed 82.23789167404175 -- emperical power so far (from test_start): 0.06153846153846154
db insert success
(196, 5, 0, 0.5, 300000, 'chi', 'genrr', 1026.8367919921875, 0.4690000116825104, 82.3128662109375, '2024-07-29 16:00:12', 4, 999)
pval: [0.46900001] -- 196th test, time elapsed 82.3128662109375 -- emperical power so far (from test_start): 0.061224489795918366
db insert success
(197, 5, 0, 0.5, 300000, 'chi', 'genrr', 1004.3916015625, 0.6430000066757202, 82.36283087730408, '2024-07-29 16:01:41', 4, 999)
pval: [0.64300001] -- 197th test, time elapsed 82.36283087730408 -- emperical power so far (from test_start): 0.06091370558375635
db insert success
(198, 5, 0, 0.5, 300000, 'chi', 'genrr', 984.4300537109375, 0.8020000457763672, 82.41200590133667, '2024-07-29 16:03:11', 4, 999)
pval: [0.80200005] -- 198th test, time elapsed 82.41200590133667 -- emperical power so far (from test_start): 0.06060606060606061
db insert success
(199, 5, 0, 0.5, 300000, 'chi', 'genrr', 1115.8189697265625, 0.026000000536441803, 82.2751624584198, '2024-07-29 16:04:38', 4, 999)
pval: [0.026] -- 199th test, time elapsed 82.2751624584198 -- emperical power so far (from test_start): 0.06532663316582915
db insert success
(200, 5, 0, 0.5, 300000, 'chi', 'genrr', 1067.697021484375, 0.17600001394748688, 82.2836365699768, '2024-07-29 16:06:04', 4, 999)
pval: [0.17600001] -- 200th test, time elapsed 82.2836365699768 -- emperical power so far (from test_start): 0.065
db insert success
18637.498867988586
