bitflipprojchi, alpha=1, sample size=80000
#########################################
tensor(0.3775)
tensor(0.3775)
(1, 5, 0, 1, 80000, 'projchi', 'bitflip', 1043.4345703125, 0.3290000259876251, 32.67737793922424, '2024-07-28 13:57:13', 4, 999)
pval: [0.32900003] -- 1th test, time elapsed 32.67737793922424 -- emperical power so far (from test_start): 0.0
db insert success
tensor(0.3775)
tensor(0.3775)
(2, 5, 0, 1, 80000, 'projchi', 'bitflip', 1007.2617797851562, 0.6330000162124634, 32.7727153301239, '2024-07-28 13:57:55', 4, 999)
pval: [0.63300002] -- 2th test, time elapsed 32.7727153301239 -- emperical power so far (from test_start): 0.0
db insert success
tensor(0.3775)
tensor(0.3775)
(3, 5, 0, 1, 80000, 'projchi', 'bitflip', 1110.897216796875, 0.036000002175569534, 32.70549702644348, '2024-07-28 13:58:41', 4, 999)
pval: [0.036] -- 3th test, time elapsed 32.70549702644348 -- emperical power so far (from test_start): 0.3333333333333333
db insert success
tensor(0.3775)
tensor(0.3775)
(4, 5, 0, 1, 80000, 'projchi', 'bitflip', 1112.0423583984375, 0.026000000536441803, 32.77695560455322, '2024-07-28 13:59:17', 4, 999)
pval: [0.026] -- 4th test, time elapsed 32.77695560455322 -- emperical power so far (from test_start): 0.5
db insert success
tensor(0.3775)
tensor(0.3775)
(5, 5, 0, 1, 80000, 'projchi', 'bitflip', 1125.720703125, 0.01600000075995922, 32.910966873168945, '2024-07-28 14:00:05', 4, 999)
pval: [0.016] -- 5th test, time elapsed 32.910966873168945 -- emperical power so far (from test_start): 0.6
db insert success
tensor(0.3775)
tensor(0.3775)
(6, 5, 0, 1, 80000, 'projchi', 'bitflip', 1105.0697021484375, 0.03500000014901161, 32.82383108139038, '2024-07-28 14:00:39', 4, 999)
pval: [0.035] -- 6th test, time elapsed 32.82383108139038 -- emperical power so far (from test_start): 0.6666666666666666
db insert success
tensor(0.3775)
tensor(0.3775)
(7, 5, 0, 1, 80000, 'projchi', 'bitflip', 1047.4154052734375, 0.30100002884864807, 32.753769636154175, '2024-07-28 14:01:28', 4, 999)
pval: [0.30100003] -- 7th test, time elapsed 32.753769636154175 -- emperical power so far (from test_start): 0.5714285714285714
db insert success
tensor(0.3775)
tensor(0.3775)
(8, 5, 0, 1, 80000, 'projchi', 'bitflip', 1133.6749267578125, 0.010000000707805157, 32.84219789505005, '2024-07-28 14:02:08', 4, 999)
pval: [0.01] -- 8th test, time elapsed 32.84219789505005 -- emperical power so far (from test_start): 0.625
db insert success
tensor(0.3775)
tensor(0.3775)
(9, 5, 0, 1, 80000, 'projchi', 'bitflip', 1183.300048828125, 0.0010000000474974513, 32.818639039993286, '2024-07-28 14:02:45', 4, 999)
pval: [0.001] -- 9th test, time elapsed 32.818639039993286 -- emperical power so far (from test_start): 0.6666666666666666
db insert success
tensor(0.3775)
tensor(0.3775)
(10, 5, 0, 1, 80000, 'projchi', 'bitflip', 1077.709228515625, 0.11700000613927841, 32.79619550704956, '2024-07-28 14:03:36', 4, 999)
pval: [0.11700001] -- 10th test, time elapsed 32.79619550704956 -- emperical power so far (from test_start): 0.6
db insert success
tensor(0.3775)
tensor(0.3775)
(11, 5, 0, 1, 80000, 'projchi', 'bitflip', 1094.153564453125, 0.07700000703334808, 32.84859275817871, '2024-07-28 14:04:26', 4, 999)
pval: [0.07700001] -- 11th test, time elapsed 32.84859275817871 -- emperical power so far (from test_start): 0.5454545454545454
db insert success
tensor(0.3775)
tensor(0.3775)
(12, 5, 0, 1, 80000, 'projchi', 'bitflip', 1021.7289428710938, 0.51500004529953, 32.84324264526367, '2024-07-28 14:05:18', 4, 999)
pval: [0.51500005] -- 12th test, time elapsed 32.84324264526367 -- emperical power so far (from test_start): 0.5
db insert success
tensor(0.3775)
tensor(0.3775)
(13, 5, 0, 1, 80000, 'projchi', 'bitflip', 1186.61474609375, 0.0010000000474974513, 32.74551796913147, '2024-07-28 14:06:06', 4, 999)
pval: [0.001] -- 13th test, time elapsed 32.74551796913147 -- emperical power so far (from test_start): 0.5384615384615384
db insert success
tensor(0.3775)
tensor(0.3775)
(14, 5, 0, 1, 80000, 'projchi', 'bitflip', 1145.8409423828125, 0.004000000189989805, 32.85618472099304, '2024-07-28 14:06:54', 4, 999)
pval: [0.004] -- 14th test, time elapsed 32.85618472099304 -- emperical power so far (from test_start): 0.5714285714285714
db insert success
tensor(0.3775)
tensor(0.3775)
(15, 5, 0, 1, 80000, 'projchi', 'bitflip', 1159.8408203125, 0.0010000000474974513, 32.80259847640991, '2024-07-28 14:07:40', 4, 999)
pval: [0.001] -- 15th test, time elapsed 32.80259847640991 -- emperical power so far (from test_start): 0.6
db insert success
tensor(0.3775)
tensor(0.3775)
(16, 5, 0, 1, 80000, 'projchi', 'bitflip', 1157.00634765625, 0.005000000353902578, 32.775341510772705, '2024-07-28 14:08:21', 4, 999)
pval: [0.005] -- 16th test, time elapsed 32.775341510772705 -- emperical power so far (from test_start): 0.625
db insert success
tensor(0.3775)
tensor(0.3775)
(17, 5, 0, 1, 80000, 'projchi', 'bitflip', 1192.966064453125, 0.0010000000474974513, 32.85962390899658, '2024-07-28 14:09:05', 4, 999)
pval: [0.001] -- 17th test, time elapsed 32.85962390899658 -- emperical power so far (from test_start): 0.6470588235294118
db insert success
tensor(0.3775)
tensor(0.3775)
(18, 5, 0, 1, 80000, 'projchi', 'bitflip', 1066.9112548828125, 0.17600001394748688, 32.83602452278137, '2024-07-28 14:09:41', 4, 999)
pval: [0.17600001] -- 18th test, time elapsed 32.83602452278137 -- emperical power so far (from test_start): 0.6111111111111112
db insert success
tensor(0.3775)
tensor(0.3775)
(19, 5, 0, 1, 80000, 'projchi', 'bitflip', 1066.2451171875, 0.1680000126361847, 32.7725293636322, '2024-07-28 14:10:28', 4, 999)
pval: [0.16800001] -- 19th test, time elapsed 32.7725293636322 -- emperical power so far (from test_start): 0.5789473684210527
db insert success
tensor(0.3775)
tensor(0.3775)
(20, 5, 0, 1, 80000, 'projchi', 'bitflip', 1208.67822265625, 0.0010000000474974513, 32.757081508636475, '2024-07-28 14:11:10', 4, 999)
pval: [0.001] -- 20th test, time elapsed 32.757081508636475 -- emperical power so far (from test_start): 0.6
db insert success
tensor(0.3775)
tensor(0.3775)
(21, 5, 0, 1, 80000, 'projchi', 'bitflip', 1109.3790283203125, 0.03100000135600567, 32.88311266899109, '2024-07-28 14:11:55', 4, 999)
pval: [0.031] -- 21th test, time elapsed 32.88311266899109 -- emperical power so far (from test_start): 0.6190476190476191
db insert success
tensor(0.3775)
tensor(0.3775)
(22, 5, 0, 1, 80000, 'projchi', 'bitflip', 1104.077392578125, 0.03500000014901161, 32.80044651031494, '2024-07-28 14:12:36', 4, 999)
pval: [0.035] -- 22th test, time elapsed 32.80044651031494 -- emperical power so far (from test_start): 0.6363636363636364
db insert success
tensor(0.3775)
tensor(0.3775)
(23, 5, 0, 1, 80000, 'projchi', 'bitflip', 1078.3717041015625, 0.09400000423192978, 32.70327353477478, '2024-07-28 14:13:18', 4, 999)
pval: [0.094] -- 23th test, time elapsed 32.70327353477478 -- emperical power so far (from test_start): 0.6086956521739131
db insert success
tensor(0.3775)
tensor(0.3775)
(24, 5, 0, 1, 80000, 'projchi', 'bitflip', 1214.1492919921875, 0.0010000000474974513, 32.76381015777588, '2024-07-28 14:13:59', 4, 999)
pval: [0.001] -- 24th test, time elapsed 32.76381015777588 -- emperical power so far (from test_start): 0.625
db insert success
tensor(0.3775)
tensor(0.3775)
(25, 5, 0, 1, 80000, 'projchi', 'bitflip', 1129.7520751953125, 0.009000000543892384, 32.78060007095337, '2024-07-28 14:14:49', 4, 999)
pval: [0.009] -- 25th test, time elapsed 32.78060007095337 -- emperical power so far (from test_start): 0.64
db insert success
tensor(0.3775)
tensor(0.3775)
(26, 5, 0, 1, 80000, 'projchi', 'bitflip', 1087.2421875, 0.08100000023841858, 32.759342432022095, '2024-07-28 14:15:32', 4, 999)
pval: [0.081] -- 26th test, time elapsed 32.759342432022095 -- emperical power so far (from test_start): 0.6153846153846154
db insert success
tensor(0.3775)
tensor(0.3775)
(27, 5, 0, 1, 80000, 'projchi', 'bitflip', 1033.4852294921875, 0.3930000066757202, 32.80522894859314, '2024-07-28 14:16:21', 4, 999)
pval: [0.39300001] -- 27th test, time elapsed 32.80522894859314 -- emperical power so far (from test_start): 0.5925925925925926
db insert success
tensor(0.3775)
tensor(0.3775)
(28, 5, 0, 1, 80000, 'projchi', 'bitflip', 1170.6895751953125, 0.003000000026077032, 32.78426671028137, '2024-07-28 14:17:13', 4, 999)
pval: [0.003] -- 28th test, time elapsed 32.78426671028137 -- emperical power so far (from test_start): 0.6071428571428571
db insert success
tensor(0.3775)
tensor(0.3775)
(29, 5, 0, 1, 80000, 'projchi', 'bitflip', 1156.10302734375, 0.005000000353902578, 32.70188331604004, '2024-07-28 14:17:51', 4, 999)
pval: [0.005] -- 29th test, time elapsed 32.70188331604004 -- emperical power so far (from test_start): 0.6206896551724138
db insert success
tensor(0.3775)
tensor(0.3775)
(30, 5, 0, 1, 80000, 'projchi', 'bitflip', 1111.333251953125, 0.03100000135600567, 32.811827659606934, '2024-07-28 14:18:44', 4, 999)
pval: [0.031] -- 30th test, time elapsed 32.811827659606934 -- emperical power so far (from test_start): 0.6333333333333333
db insert success
tensor(0.3775)
tensor(0.3775)
(31, 5, 0, 1, 80000, 'projchi', 'bitflip', 1082.1103515625, 0.09600000083446503, 32.75361776351929, '2024-07-28 14:19:20', 4, 999)
pval: [0.096] -- 31th test, time elapsed 32.75361776351929 -- emperical power so far (from test_start): 0.6129032258064516
db insert success
tensor(0.3775)
tensor(0.3775)
(32, 5, 0, 1, 80000, 'projchi', 'bitflip', 1164.482421875, 0.0010000000474974513, 32.7585129737854, '2024-07-28 14:20:12', 4, 999)
pval: [0.001] -- 32th test, time elapsed 32.7585129737854 -- emperical power so far (from test_start): 0.625
db insert success
tensor(0.3775)
tensor(0.3775)
(33, 5, 0, 1, 80000, 'projchi', 'bitflip', 1101.2100830078125, 0.046000003814697266, 32.79677057266235, '2024-07-28 14:21:02', 4, 999)
pval: [0.046] -- 33th test, time elapsed 32.79677057266235 -- emperical power so far (from test_start): 0.6363636363636364
db insert success
tensor(0.3775)
tensor(0.3775)
(34, 5, 0, 1, 80000, 'projchi', 'bitflip', 1124.3822021484375, 0.015000000596046448, 32.754677534103394, '2024-07-28 14:21:48', 4, 999)
pval: [0.015] -- 34th test, time elapsed 32.754677534103394 -- emperical power so far (from test_start): 0.6470588235294118
db insert success
tensor(0.3775)
tensor(0.3775)
(35, 5, 0, 1, 80000, 'projchi', 'bitflip', 1117.583984375, 0.021000001579523087, 32.71161127090454, '2024-07-28 14:22:39', 4, 999)
pval: [0.021] -- 35th test, time elapsed 32.71161127090454 -- emperical power so far (from test_start): 0.6571428571428571
db insert success
tensor(0.3775)
tensor(0.3775)
(36, 5, 0, 1, 80000, 'projchi', 'bitflip', 1086.1612548828125, 0.07600000500679016, 32.816102027893066, '2024-07-28 14:23:24', 4, 999)
pval: [0.07600001] -- 36th test, time elapsed 32.816102027893066 -- emperical power so far (from test_start): 0.6388888888888888
db insert success
tensor(0.3775)
tensor(0.3775)
(37, 5, 0, 1, 80000, 'projchi', 'bitflip', 1086.5286865234375, 0.07900000363588333, 32.68663001060486, '2024-07-28 14:24:15', 4, 999)
pval: [0.079] -- 37th test, time elapsed 32.68663001060486 -- emperical power so far (from test_start): 0.6216216216216216
db insert success
tensor(0.3775)
tensor(0.3775)
(38, 5, 0, 1, 80000, 'projchi', 'bitflip', 998.3644409179688, 0.6880000233650208, 32.698039054870605, '2024-07-28 14:25:04', 4, 999)
pval: [0.68800002] -- 38th test, time elapsed 32.698039054870605 -- emperical power so far (from test_start): 0.6052631578947368
db insert success
tensor(0.3775)
tensor(0.3775)
(39, 5, 0, 1, 80000, 'projchi', 'bitflip', 1033.04052734375, 0.41200003027915955, 32.8403000831604, '2024-07-28 14:25:47', 4, 999)
pval: [0.41200003] -- 39th test, time elapsed 32.8403000831604 -- emperical power so far (from test_start): 0.5897435897435898
db insert success
tensor(0.3775)
tensor(0.3775)
(40, 5, 0, 1, 80000, 'projchi', 'bitflip', 1053.6282958984375, 0.25600001215934753, 32.7237024307251, '2024-07-28 14:26:29', 4, 999)
pval: [0.25600001] -- 40th test, time elapsed 32.7237024307251 -- emperical power so far (from test_start): 0.575
db insert success
tensor(0.3775)
tensor(0.3775)
(41, 5, 0, 1, 80000, 'projchi', 'bitflip', 1089.7076416015625, 0.0650000050663948, 32.67862105369568, '2024-07-28 14:27:20', 4, 999)
pval: [0.06500001] -- 41th test, time elapsed 32.67862105369568 -- emperical power so far (from test_start): 0.5609756097560976
db insert success
tensor(0.3775)
tensor(0.3775)
(42, 5, 0, 1, 80000, 'projchi', 'bitflip', 1019.8076171875, 0.5230000019073486, 32.808133363723755, '2024-07-28 14:28:02', 4, 999)
pval: [0.523] -- 42th test, time elapsed 32.808133363723755 -- emperical power so far (from test_start): 0.5476190476190477
db insert success
tensor(0.3775)
tensor(0.3775)
(43, 5, 0, 1, 80000, 'projchi', 'bitflip', 1150.515380859375, 0.0020000000949949026, 32.72498369216919, '2024-07-28 14:28:53', 4, 999)
pval: [0.002] -- 43th test, time elapsed 32.72498369216919 -- emperical power so far (from test_start): 0.5581395348837209
db insert success
tensor(0.3775)
tensor(0.3775)
(44, 5, 0, 1, 80000, 'projchi', 'bitflip', 1127.2646484375, 0.013000000268220901, 32.78219938278198, '2024-07-28 14:29:38', 4, 999)
pval: [0.013] -- 44th test, time elapsed 32.78219938278198 -- emperical power so far (from test_start): 0.5681818181818182
db insert success
tensor(0.3775)
tensor(0.3775)
(45, 5, 0, 1, 80000, 'projchi', 'bitflip', 1113.03466796875, 0.021000001579523087, 32.83853626251221, '2024-07-28 14:30:18', 4, 999)
pval: [0.021] -- 45th test, time elapsed 32.83853626251221 -- emperical power so far (from test_start): 0.5777777777777777
db insert success
tensor(0.3775)
tensor(0.3775)
(46, 5, 0, 1, 80000, 'projchi', 'bitflip', 1084.35546875, 0.07300000637769699, 32.7376184463501, '2024-07-28 14:30:52', 4, 999)
pval: [0.07300001] -- 46th test, time elapsed 32.7376184463501 -- emperical power so far (from test_start): 0.5652173913043478
db insert success
tensor(0.3775)
tensor(0.3775)
(47, 5, 0, 1, 80000, 'projchi', 'bitflip', 1049.20458984375, 0.2880000174045563, 32.6604368686676, '2024-07-28 14:31:31', 4, 999)
pval: [0.28800002] -- 47th test, time elapsed 32.6604368686676 -- emperical power so far (from test_start): 0.5531914893617021
db insert success
tensor(0.3775)
tensor(0.3775)
(48, 5, 0, 1, 80000, 'projchi', 'bitflip', 1169.6697998046875, 0.004000000189989805, 32.673930406570435, '2024-07-28 14:32:17', 4, 999)
pval: [0.004] -- 48th test, time elapsed 32.673930406570435 -- emperical power so far (from test_start): 0.5625
db insert success
tensor(0.3775)
tensor(0.3775)
(49, 5, 0, 1, 80000, 'projchi', 'bitflip', 1042.7125244140625, 0.3440000116825104, 32.86381387710571, '2024-07-28 14:33:03', 4, 999)
pval: [0.34400001] -- 49th test, time elapsed 32.86381387710571 -- emperical power so far (from test_start): 0.5510204081632653
db insert success
tensor(0.3775)
tensor(0.3775)
(50, 5, 0, 1, 80000, 'projchi', 'bitflip', 1035.289794921875, 0.3880000114440918, 33.012261390686035, '2024-07-28 14:33:45', 4, 999)
pval: [0.38800001] -- 50th test, time elapsed 33.012261390686035 -- emperical power so far (from test_start): 0.54
db insert success
tensor(0.3775)
tensor(0.3775)
(51, 5, 0, 1, 80000, 'projchi', 'bitflip', 1071.995849609375, 0.16300000250339508, 32.70241141319275, '2024-07-28 14:34:23', 4, 999)
pval: [0.163] -- 51th test, time elapsed 32.70241141319275 -- emperical power so far (from test_start): 0.5294117647058824
db insert success
tensor(0.3775)
tensor(0.3775)
(52, 5, 0, 1, 80000, 'projchi', 'bitflip', 1063.0430908203125, 0.17100000381469727, 32.70763301849365, '2024-07-28 14:35:07', 4, 999)
pval: [0.171] -- 52th test, time elapsed 32.70763301849365 -- emperical power so far (from test_start): 0.5192307692307693
db insert success
tensor(0.3775)
tensor(0.3775)
(53, 5, 0, 1, 80000, 'projchi', 'bitflip', 1111.56591796875, 0.02200000174343586, 32.785924673080444, '2024-07-28 14:35:43', 4, 999)
pval: [0.022] -- 53th test, time elapsed 32.785924673080444 -- emperical power so far (from test_start): 0.5283018867924528
db insert success
tensor(0.3775)
tensor(0.3775)
(54, 5, 0, 1, 80000, 'projchi', 'bitflip', 1107.72412109375, 0.036000002175569534, 32.747190952301025, '2024-07-28 14:36:34', 4, 999)
pval: [0.036] -- 54th test, time elapsed 32.747190952301025 -- emperical power so far (from test_start): 0.5370370370370371
db insert success
tensor(0.3775)
tensor(0.3775)
(55, 5, 0, 1, 80000, 'projchi', 'bitflip', 1147.9659423828125, 0.0020000000949949026, 32.77102255821228, '2024-07-28 14:37:14', 4, 999)
pval: [0.002] -- 55th test, time elapsed 32.77102255821228 -- emperical power so far (from test_start): 0.5454545454545454
db insert success
tensor(0.3775)
tensor(0.3775)
(56, 5, 0, 1, 80000, 'projchi', 'bitflip', 1048.7445068359375, 0.26600000262260437, 32.80066657066345, '2024-07-28 14:37:49', 4, 999)
pval: [0.266] -- 56th test, time elapsed 32.80066657066345 -- emperical power so far (from test_start): 0.5357142857142857
db insert success
tensor(0.3775)
tensor(0.3775)
(57, 5, 0, 1, 80000, 'projchi', 'bitflip', 1067.50146484375, 0.16900001466274261, 32.814266204833984, '2024-07-28 14:38:34', 4, 999)
pval: [0.16900001] -- 57th test, time elapsed 32.814266204833984 -- emperical power so far (from test_start): 0.5263157894736842
db insert success
tensor(0.3775)
tensor(0.3775)
(58, 5, 0, 1, 80000, 'projchi', 'bitflip', 1065.86376953125, 0.1600000113248825, 32.76957607269287, '2024-07-28 14:39:26', 4, 999)
pval: [0.16000001] -- 58th test, time elapsed 32.76957607269287 -- emperical power so far (from test_start): 0.5172413793103449
db insert success
tensor(0.3775)
tensor(0.3775)
(59, 5, 0, 1, 80000, 'projchi', 'bitflip', 1073.534912109375, 0.14500001072883606, 32.80709743499756, '2024-07-28 14:40:16', 4, 999)
pval: [0.14500001] -- 59th test, time elapsed 32.80709743499756 -- emperical power so far (from test_start): 0.5084745762711864
db insert success
tensor(0.3775)
tensor(0.3775)
(60, 5, 0, 1, 80000, 'projchi', 'bitflip', 1046.252197265625, 0.2840000092983246, 32.77099609375, '2024-07-28 14:41:00', 4, 999)
pval: [0.28400001] -- 60th test, time elapsed 32.77099609375 -- emperical power so far (from test_start): 0.5
db insert success
tensor(0.3775)
tensor(0.3775)
(61, 5, 0, 1, 80000, 'projchi', 'bitflip', 1186.883544921875, 0.0010000000474974513, 32.78339338302612, '2024-07-28 14:41:42', 4, 999)
pval: [0.001] -- 61th test, time elapsed 32.78339338302612 -- emperical power so far (from test_start): 0.5081967213114754
db insert success
tensor(0.3775)
tensor(0.3775)
(62, 5, 0, 1, 80000, 'projchi', 'bitflip', 1119.5670166015625, 0.023000001907348633, 33.12289094924927, '2024-07-28 14:42:21', 4, 999)
pval: [0.023] -- 62th test, time elapsed 33.12289094924927 -- emperical power so far (from test_start): 0.5161290322580645
db insert success
tensor(0.3775)
tensor(0.3775)
(63, 5, 0, 1, 80000, 'projchi', 'bitflip', 1054.4959716796875, 0.25200000405311584, 32.90103006362915, '2024-07-28 14:43:11', 4, 999)
pval: [0.252] -- 63th test, time elapsed 32.90103006362915 -- emperical power so far (from test_start): 0.5079365079365079
db insert success
tensor(0.3775)
tensor(0.3775)
(64, 5, 0, 1, 80000, 'projchi', 'bitflip', 1129.1661376953125, 0.010000000707805157, 32.833860635757446, '2024-07-28 14:43:52', 4, 999)
pval: [0.01] -- 64th test, time elapsed 32.833860635757446 -- emperical power so far (from test_start): 0.515625
db insert success
tensor(0.3775)
tensor(0.3775)
(65, 5, 0, 1, 80000, 'projchi', 'bitflip', 1123.6392822265625, 0.013000000268220901, 32.86167669296265, '2024-07-28 14:44:26', 4, 999)
pval: [0.013] -- 65th test, time elapsed 32.86167669296265 -- emperical power so far (from test_start): 0.5230769230769231
db insert success
tensor(0.3775)
tensor(0.3775)
(66, 5, 0, 1, 80000, 'projchi', 'bitflip', 1110.068359375, 0.027000000700354576, 32.77533173561096, '2024-07-28 14:45:11', 4, 999)
pval: [0.027] -- 66th test, time elapsed 32.77533173561096 -- emperical power so far (from test_start): 0.5303030303030303
db insert success
tensor(0.3775)
tensor(0.3775)
(67, 5, 0, 1, 80000, 'projchi', 'bitflip', 1110.9622802734375, 0.03100000135600567, 32.810056924819946, '2024-07-28 14:45:56', 4, 999)
pval: [0.031] -- 67th test, time elapsed 32.810056924819946 -- emperical power so far (from test_start): 0.5373134328358209
db insert success
tensor(0.3775)
tensor(0.3775)
(68, 5, 0, 1, 80000, 'projchi', 'bitflip', 1081.3094482421875, 0.1080000028014183, 32.62873721122742, '2024-07-28 14:46:44', 4, 999)
pval: [0.108] -- 68th test, time elapsed 32.62873721122742 -- emperical power so far (from test_start): 0.5294117647058824
db insert success
tensor(0.3775)
tensor(0.3775)
(69, 5, 0, 1, 80000, 'projchi', 'bitflip', 1105.50732421875, 0.036000002175569534, 32.79826903343201, '2024-07-28 14:47:21', 4, 999)
pval: [0.036] -- 69th test, time elapsed 32.79826903343201 -- emperical power so far (from test_start): 0.5362318840579711
db insert success
tensor(0.3775)
tensor(0.3775)
(70, 5, 0, 1, 80000, 'projchi', 'bitflip', 1073.542724609375, 0.13100001215934753, 32.78730130195618, '2024-07-28 14:48:06', 4, 999)
pval: [0.13100001] -- 70th test, time elapsed 32.78730130195618 -- emperical power so far (from test_start): 0.5285714285714286
db insert success
tensor(0.3775)
tensor(0.3775)
(71, 5, 0, 1, 80000, 'projchi', 'bitflip', 1012.5569458007812, 0.5720000267028809, 32.928874015808105, '2024-07-28 14:48:57', 4, 999)
pval: [0.57200003] -- 71th test, time elapsed 32.928874015808105 -- emperical power so far (from test_start): 0.5211267605633803
db insert success
tensor(0.3775)
tensor(0.3775)
(72, 5, 0, 1, 80000, 'projchi', 'bitflip', 1169.18798828125, 0.0010000000474974513, 32.77544546127319, '2024-07-28 14:49:38', 4, 999)
pval: [0.001] -- 72th test, time elapsed 32.77544546127319 -- emperical power so far (from test_start): 0.5277777777777778
db insert success
tensor(0.3775)
tensor(0.3775)
(73, 5, 0, 1, 80000, 'projchi', 'bitflip', 1126.69189453125, 0.013000000268220901, 32.68094038963318, '2024-07-28 14:50:27', 4, 999)
pval: [0.013] -- 73th test, time elapsed 32.68094038963318 -- emperical power so far (from test_start): 0.5342465753424658
db insert success
tensor(0.3775)
tensor(0.3775)
(74, 5, 0, 1, 80000, 'projchi', 'bitflip', 1074.16796875, 0.12000000476837158, 32.610501527786255, '2024-07-28 14:51:20', 4, 999)
pval: [0.12] -- 74th test, time elapsed 32.610501527786255 -- emperical power so far (from test_start): 0.527027027027027
db insert success
tensor(0.3775)
tensor(0.3775)
(75, 5, 0, 1, 80000, 'projchi', 'bitflip', 1064.9447021484375, 0.1860000044107437, 32.659663677215576, '2024-07-28 14:52:01', 4, 999)
pval: [0.186] -- 75th test, time elapsed 32.659663677215576 -- emperical power so far (from test_start): 0.52
db insert success
tensor(0.3775)
tensor(0.3775)
(76, 5, 0, 1, 80000, 'projchi', 'bitflip', 1017.6865844726562, 0.5610000491142273, 32.693968057632446, '2024-07-28 14:52:37', 4, 999)
pval: [0.56100005] -- 76th test, time elapsed 32.693968057632446 -- emperical power so far (from test_start): 0.5131578947368421
db insert success
tensor(0.3775)
tensor(0.3775)
(77, 5, 0, 1, 80000, 'projchi', 'bitflip', 1079.5943603515625, 0.1080000028014183, 32.63303303718567, '2024-07-28 14:53:30', 4, 999)
pval: [0.108] -- 77th test, time elapsed 32.63303303718567 -- emperical power so far (from test_start): 0.5064935064935064
db insert success
tensor(0.3775)
tensor(0.3775)
(78, 5, 0, 1, 80000, 'projchi', 'bitflip', 1152.37890625, 0.004000000189989805, 32.676830768585205, '2024-07-28 14:54:21', 4, 999)
pval: [0.004] -- 78th test, time elapsed 32.676830768585205 -- emperical power so far (from test_start): 0.5128205128205128
db insert success
tensor(0.3775)
tensor(0.3775)
(79, 5, 0, 1, 80000, 'projchi', 'bitflip', 1142.947509765625, 0.005000000353902578, 32.61950898170471, '2024-07-28 14:55:11', 4, 999)
pval: [0.005] -- 79th test, time elapsed 32.61950898170471 -- emperical power so far (from test_start): 0.5189873417721519
db insert success
tensor(0.3775)
tensor(0.3775)
(80, 5, 0, 1, 80000, 'projchi', 'bitflip', 1127.1278076171875, 0.01900000125169754, 32.74966788291931, '2024-07-28 14:55:55', 4, 999)
pval: [0.019] -- 80th test, time elapsed 32.74966788291931 -- emperical power so far (from test_start): 0.525
db insert success
tensor(0.3775)
tensor(0.3775)
(81, 5, 0, 1, 80000, 'projchi', 'bitflip', 1145.241943359375, 0.006000000052154064, 32.85358810424805, '2024-07-28 14:56:36', 4, 999)
pval: [0.006] -- 81th test, time elapsed 32.85358810424805 -- emperical power so far (from test_start): 0.5308641975308642
db insert success
tensor(0.3775)
tensor(0.3775)
(82, 5, 0, 1, 80000, 'projchi', 'bitflip', 1133.648681640625, 0.012000000104308128, 32.70655703544617, '2024-07-28 14:57:26', 4, 999)
pval: [0.012] -- 82th test, time elapsed 32.70655703544617 -- emperical power so far (from test_start): 0.5365853658536586
db insert success
tensor(0.3775)
tensor(0.3775)
(83, 5, 0, 1, 80000, 'projchi', 'bitflip', 1011.89404296875, 0.593000054359436, 32.63407874107361, '2024-07-28 14:58:08', 4, 999)
pval: [0.59300005] -- 83th test, time elapsed 32.63407874107361 -- emperical power so far (from test_start): 0.5301204819277109
db insert success
tensor(0.3775)
tensor(0.3775)
(84, 5, 0, 1, 80000, 'projchi', 'bitflip', 1040.1552734375, 0.36100003123283386, 32.746617794036865, '2024-07-28 14:58:49', 4, 999)
pval: [0.36100003] -- 84th test, time elapsed 32.746617794036865 -- emperical power so far (from test_start): 0.5238095238095238
db insert success
tensor(0.3775)
tensor(0.3775)
(85, 5, 0, 1, 80000, 'projchi', 'bitflip', 1021.879638671875, 0.48100003600120544, 32.72401285171509, '2024-07-28 14:59:33', 4, 999)
pval: [0.48100004] -- 85th test, time elapsed 32.72401285171509 -- emperical power so far (from test_start): 0.5176470588235295
db insert success
tensor(0.3775)
tensor(0.3775)
(86, 5, 0, 1, 80000, 'projchi', 'bitflip', 1141.3599853515625, 0.009000000543892384, 32.642489194869995, '2024-07-28 15:00:07', 4, 999)
pval: [0.009] -- 86th test, time elapsed 32.642489194869995 -- emperical power so far (from test_start): 0.5232558139534884
db insert success
tensor(0.3775)
tensor(0.3775)
(87, 5, 0, 1, 80000, 'projchi', 'bitflip', 1030.390869140625, 0.44700002670288086, 32.650792598724365, '2024-07-28 15:00:45', 4, 999)
pval: [0.44700003] -- 87th test, time elapsed 32.650792598724365 -- emperical power so far (from test_start): 0.5172413793103449
db insert success
tensor(0.3775)
tensor(0.3775)
(88, 5, 0, 1, 80000, 'projchi', 'bitflip', 1075.337646484375, 0.12200000882148743, 32.743332386016846, '2024-07-28 15:01:31', 4, 999)
pval: [0.12200001] -- 88th test, time elapsed 32.743332386016846 -- emperical power so far (from test_start): 0.5113636363636364
db insert success
tensor(0.3775)
tensor(0.3775)
(89, 5, 0, 1, 80000, 'projchi', 'bitflip', 1098.313232421875, 0.055000003427267075, 32.62607669830322, '2024-07-28 15:02:20', 4, 999)
pval: [0.055] -- 89th test, time elapsed 32.62607669830322 -- emperical power so far (from test_start): 0.5056179775280899
db insert success
tensor(0.3775)
tensor(0.3775)
(90, 5, 0, 1, 80000, 'projchi', 'bitflip', 1034.8543701171875, 0.40800002217292786, 32.64176845550537, '2024-07-28 15:02:57', 4, 999)
pval: [0.40800002] -- 90th test, time elapsed 32.64176845550537 -- emperical power so far (from test_start): 0.5
db insert success
tensor(0.3775)
tensor(0.3775)
(91, 5, 0, 1, 80000, 'projchi', 'bitflip', 1130.161865234375, 0.00800000037997961, 32.7665958404541, '2024-07-28 15:03:31', 4, 999)
pval: [0.008] -- 91th test, time elapsed 32.7665958404541 -- emperical power so far (from test_start): 0.5054945054945055
db insert success
tensor(0.3775)
tensor(0.3775)
(92, 5, 0, 1, 80000, 'projchi', 'bitflip', 1067.4859619140625, 0.15700000524520874, 32.695019483566284, '2024-07-28 15:04:16', 4, 999)
pval: [0.15700001] -- 92th test, time elapsed 32.695019483566284 -- emperical power so far (from test_start): 0.5
db insert success
tensor(0.3775)
tensor(0.3775)
(93, 5, 0, 1, 80000, 'projchi', 'bitflip', 1055.5975341796875, 0.23500001430511475, 32.63704824447632, '2024-07-28 15:05:00', 4, 999)
pval: [0.23500001] -- 93th test, time elapsed 32.63704824447632 -- emperical power so far (from test_start): 0.4946236559139785
db insert success
tensor(0.3775)
tensor(0.3775)
(94, 5, 0, 1, 80000, 'projchi', 'bitflip', 1113.1024169921875, 0.036000002175569534, 32.76637387275696, '2024-07-28 15:05:47', 4, 999)
pval: [0.036] -- 94th test, time elapsed 32.76637387275696 -- emperical power so far (from test_start): 0.5
db insert success
tensor(0.3775)
tensor(0.3775)
(95, 5, 0, 1, 80000, 'projchi', 'bitflip', 1087.1983642578125, 0.07600000500679016, 32.71285796165466, '2024-07-28 15:06:36', 4, 999)
pval: [0.07600001] -- 95th test, time elapsed 32.71285796165466 -- emperical power so far (from test_start): 0.49473684210526314
db insert success
tensor(0.3775)
tensor(0.3775)
(96, 5, 0, 1, 80000, 'projchi', 'bitflip', 1106.8812255859375, 0.03400000184774399, 32.63550114631653, '2024-07-28 15:07:27', 4, 999)
pval: [0.034] -- 96th test, time elapsed 32.63550114631653 -- emperical power so far (from test_start): 0.5
db insert success
tensor(0.3775)
tensor(0.3775)
(97, 5, 0, 1, 80000, 'projchi', 'bitflip', 1174.6512451171875, 0.003000000026077032, 32.74232268333435, '2024-07-28 15:08:03', 4, 999)
pval: [0.003] -- 97th test, time elapsed 32.74232268333435 -- emperical power so far (from test_start): 0.5051546391752577
db insert success
tensor(0.3775)
tensor(0.3775)
(98, 5, 0, 1, 80000, 'projchi', 'bitflip', 1024.357177734375, 0.5020000338554382, 32.81092643737793, '2024-07-28 15:08:50', 4, 999)
pval: [0.50200003] -- 98th test, time elapsed 32.81092643737793 -- emperical power so far (from test_start): 0.5
db insert success
tensor(0.3775)
tensor(0.3775)
(99, 5, 0, 1, 80000, 'projchi', 'bitflip', 1086.433349609375, 0.08100000023841858, 32.643479347229004, '2024-07-28 15:09:24', 4, 999)
pval: [0.081] -- 99th test, time elapsed 32.643479347229004 -- emperical power so far (from test_start): 0.494949494949495
db insert success
tensor(0.3775)
tensor(0.3775)
(100, 5, 0, 1, 80000, 'projchi', 'bitflip', 1185.216796875, 0.0010000000474974513, 32.71925687789917, '2024-07-28 15:10:11', 4, 999)
pval: [0.001] -- 100th test, time elapsed 32.71925687789917 -- emperical power so far (from test_start): 0.5
db insert success
tensor(0.3775)
tensor(0.3775)
(101, 5, 0, 1, 80000, 'projchi', 'bitflip', 1050.4095458984375, 0.2880000174045563, 32.797340393066406, '2024-07-28 15:11:04', 4, 999)
pval: [0.28800002] -- 101th test, time elapsed 32.797340393066406 -- emperical power so far (from test_start): 0.49504950495049505
db insert success
tensor(0.3775)
tensor(0.3775)
(102, 5, 0, 1, 80000, 'projchi', 'bitflip', 1076.029052734375, 0.14000000059604645, 32.683186292648315, '2024-07-28 15:11:55', 4, 999)
pval: [0.14] -- 102th test, time elapsed 32.683186292648315 -- emperical power so far (from test_start): 0.49019607843137253
db insert success
tensor(0.3775)
tensor(0.3775)
(103, 5, 0, 1, 80000, 'projchi', 'bitflip', 1067.25634765625, 0.1680000126361847, 32.741413831710815, '2024-07-28 15:12:33', 4, 999)
pval: [0.16800001] -- 103th test, time elapsed 32.741413831710815 -- emperical power so far (from test_start): 0.4854368932038835
db insert success
tensor(0.3775)
tensor(0.3775)
(104, 5, 0, 1, 80000, 'projchi', 'bitflip', 1099.678466796875, 0.049000002443790436, 32.72410845756531, '2024-07-28 15:13:17', 4, 999)
pval: [0.049] -- 104th test, time elapsed 32.72410845756531 -- emperical power so far (from test_start): 0.49038461538461536
db insert success
tensor(0.3775)
tensor(0.3775)
(105, 5, 0, 1, 80000, 'projchi', 'bitflip', 1081.76513671875, 0.0990000069141388, 32.657593965530396, '2024-07-28 15:13:55', 4, 999)
pval: [0.09900001] -- 105th test, time elapsed 32.657593965530396 -- emperical power so far (from test_start): 0.4857142857142857
db insert success
tensor(0.3775)
tensor(0.3775)
(106, 5, 0, 1, 80000, 'projchi', 'bitflip', 1039.0760498046875, 0.359000027179718, 32.618011236190796, '2024-07-28 15:14:28', 4, 999)
pval: [0.35900003] -- 106th test, time elapsed 32.618011236190796 -- emperical power so far (from test_start): 0.4811320754716981
db insert success
tensor(0.3775)
tensor(0.3775)
(107, 5, 0, 1, 80000, 'projchi', 'bitflip', 1160.7030029296875, 0.0020000000949949026, 32.713398456573486, '2024-07-28 15:15:04', 4, 999)
pval: [0.002] -- 107th test, time elapsed 32.713398456573486 -- emperical power so far (from test_start): 0.48598130841121495
db insert success
tensor(0.3775)
tensor(0.3775)
(108, 5, 0, 1, 80000, 'projchi', 'bitflip', 1026.4951171875, 0.4660000205039978, 32.78081917762756, '2024-07-28 15:15:44', 4, 999)
pval: [0.46600002] -- 108th test, time elapsed 32.78081917762756 -- emperical power so far (from test_start): 0.48148148148148145
db insert success
tensor(0.3775)
tensor(0.3775)
(109, 5, 0, 1, 80000, 'projchi', 'bitflip', 1039.4766845703125, 0.34800001978874207, 32.74248147010803, '2024-07-28 15:16:27', 4, 999)
pval: [0.34800002] -- 109th test, time elapsed 32.74248147010803 -- emperical power so far (from test_start): 0.47706422018348627
db insert success
tensor(0.3775)
tensor(0.3775)
(110, 5, 0, 1, 80000, 'projchi', 'bitflip', 1050.7679443359375, 0.27800002694129944, 32.87983274459839, '2024-07-28 15:17:01', 4, 999)
pval: [0.27800003] -- 110th test, time elapsed 32.87983274459839 -- emperical power so far (from test_start): 0.4727272727272727
db insert success
tensor(0.3775)
tensor(0.3775)
(111, 5, 0, 1, 80000, 'projchi', 'bitflip', 1133.8267822265625, 0.009000000543892384, 32.843247413635254, '2024-07-28 15:17:44', 4, 999)
pval: [0.009] -- 111th test, time elapsed 32.843247413635254 -- emperical power so far (from test_start): 0.4774774774774775
db insert success
tensor(0.3775)
tensor(0.3775)
(112, 5, 0, 1, 80000, 'projchi', 'bitflip', 1100.6710205078125, 0.04100000113248825, 32.70626354217529, '2024-07-28 15:18:18', 4, 999)
pval: [0.041] -- 112th test, time elapsed 32.70626354217529 -- emperical power so far (from test_start): 0.48214285714285715
db insert success
tensor(0.3775)
tensor(0.3775)
(113, 5, 0, 1, 80000, 'projchi', 'bitflip', 1083.74365234375, 0.08500000089406967, 32.62264561653137, '2024-07-28 15:18:58', 4, 999)
pval: [0.085] -- 113th test, time elapsed 32.62264561653137 -- emperical power so far (from test_start): 0.4778761061946903
db insert success
tensor(0.3775)
tensor(0.3775)
(114, 5, 0, 1, 80000, 'projchi', 'bitflip', 1245.996337890625, 0.0010000000474974513, 32.715872287750244, '2024-07-28 15:19:48', 4, 999)
pval: [0.001] -- 114th test, time elapsed 32.715872287750244 -- emperical power so far (from test_start): 0.4824561403508772
db insert success
tensor(0.3775)
tensor(0.3775)
(115, 5, 0, 1, 80000, 'projchi', 'bitflip', 1149.3310546875, 0.006000000052154064, 32.71432852745056, '2024-07-28 15:20:30', 4, 999)
pval: [0.006] -- 115th test, time elapsed 32.71432852745056 -- emperical power so far (from test_start): 0.48695652173913045
db insert success
tensor(0.3775)
tensor(0.3775)
(116, 5, 0, 1, 80000, 'projchi', 'bitflip', 988.5140380859375, 0.7640000581741333, 32.600759506225586, '2024-07-28 15:21:20', 4, 999)
pval: [0.76400006] -- 116th test, time elapsed 32.600759506225586 -- emperical power so far (from test_start): 0.4827586206896552
db insert success
tensor(0.3775)
tensor(0.3775)
(117, 5, 0, 1, 80000, 'projchi', 'bitflip', 997.31787109375, 0.7160000205039978, 32.61784839630127, '2024-07-28 15:21:55', 4, 999)
pval: [0.71600002] -- 117th test, time elapsed 32.61784839630127 -- emperical power so far (from test_start): 0.47863247863247865
db insert success
tensor(0.3775)
tensor(0.3775)
(118, 5, 0, 1, 80000, 'projchi', 'bitflip', 1095.4853515625, 0.07400000095367432, 32.692898988723755, '2024-07-28 15:22:48', 4, 999)
pval: [0.074] -- 118th test, time elapsed 32.692898988723755 -- emperical power so far (from test_start): 0.4745762711864407
db insert success
tensor(0.3775)
tensor(0.3775)
(119, 5, 0, 1, 80000, 'projchi', 'bitflip', 1083.84033203125, 0.09000000357627869, 32.63338851928711, '2024-07-28 15:23:35', 4, 999)
pval: [0.09] -- 119th test, time elapsed 32.63338851928711 -- emperical power so far (from test_start): 0.47058823529411764
db insert success
tensor(0.3775)
tensor(0.3775)
(120, 5, 0, 1, 80000, 'projchi', 'bitflip', 1124.3638916015625, 0.012000000104308128, 32.624295711517334, '2024-07-28 15:24:19', 4, 999)
pval: [0.012] -- 120th test, time elapsed 32.624295711517334 -- emperical power so far (from test_start): 0.475
db insert success
tensor(0.3775)
tensor(0.3775)
(121, 5, 0, 1, 80000, 'projchi', 'bitflip', 1072.9256591796875, 0.1380000114440918, 32.70431733131409, '2024-07-28 15:25:12', 4, 999)
pval: [0.13800001] -- 121th test, time elapsed 32.70431733131409 -- emperical power so far (from test_start): 0.47107438016528924
db insert success
tensor(0.3775)
tensor(0.3775)
(122, 5, 0, 1, 80000, 'projchi', 'bitflip', 1141.3692626953125, 0.01100000087171793, 32.67141032218933, '2024-07-28 15:25:48', 4, 999)
pval: [0.011] -- 122th test, time elapsed 32.67141032218933 -- emperical power so far (from test_start): 0.47540983606557374
db insert success
tensor(0.3775)
tensor(0.3775)
(123, 5, 0, 1, 80000, 'projchi', 'bitflip', 1198.588134765625, 0.0010000000474974513, 32.61102819442749, '2024-07-28 15:26:26', 4, 999)
pval: [0.001] -- 123th test, time elapsed 32.61102819442749 -- emperical power so far (from test_start): 0.4796747967479675
db insert success
tensor(0.3775)
tensor(0.3775)
(124, 5, 0, 1, 80000, 'projchi', 'bitflip', 1019.786865234375, 0.5220000147819519, 32.7235324382782, '2024-07-28 15:27:18', 4, 999)
pval: [0.52200001] -- 124th test, time elapsed 32.7235324382782 -- emperical power so far (from test_start): 0.47580645161290325
db insert success
tensor(0.3775)
tensor(0.3775)
(125, 5, 0, 1, 80000, 'projchi', 'bitflip', 1025.16796875, 0.4650000333786011, 32.71695685386658, '2024-07-28 15:27:57', 4, 999)
pval: [0.46500003] -- 125th test, time elapsed 32.71695685386658 -- emperical power so far (from test_start): 0.472
db insert success
tensor(0.3775)
tensor(0.3775)
(126, 5, 0, 1, 80000, 'projchi', 'bitflip', 1105.32177734375, 0.04100000113248825, 32.616276025772095, '2024-07-28 15:28:50', 4, 999)
pval: [0.041] -- 126th test, time elapsed 32.616276025772095 -- emperical power so far (from test_start): 0.47619047619047616
db insert success
tensor(0.3775)
tensor(0.3775)
(127, 5, 0, 1, 80000, 'projchi', 'bitflip', 1155.364501953125, 0.0020000000949949026, 32.68954014778137, '2024-07-28 15:29:40', 4, 999)
pval: [0.002] -- 127th test, time elapsed 32.68954014778137 -- emperical power so far (from test_start): 0.48031496062992124
db insert success
tensor(0.3775)
tensor(0.3775)
(128, 5, 0, 1, 80000, 'projchi', 'bitflip', 1133.176025390625, 0.013000000268220901, 32.640716552734375, '2024-07-28 15:30:16', 4, 999)
pval: [0.013] -- 128th test, time elapsed 32.640716552734375 -- emperical power so far (from test_start): 0.484375
db insert success
tensor(0.3775)
tensor(0.3775)
(129, 5, 0, 1, 80000, 'projchi', 'bitflip', 1090.916259765625, 0.05700000375509262, 32.582977533340454, '2024-07-28 15:30:55', 4, 999)
pval: [0.057] -- 129th test, time elapsed 32.582977533340454 -- emperical power so far (from test_start): 0.4806201550387597
db insert success
tensor(0.3775)
tensor(0.3775)
(130, 5, 0, 1, 80000, 'projchi', 'bitflip', 1009.0741577148438, 0.628000020980835, 32.64107656478882, '2024-07-28 15:31:40', 4, 999)
pval: [0.62800002] -- 130th test, time elapsed 32.64107656478882 -- emperical power so far (from test_start): 0.47692307692307695
db insert success
tensor(0.3775)
tensor(0.3775)
(131, 5, 0, 1, 80000, 'projchi', 'bitflip', 1040.030517578125, 0.34800001978874207, 32.680739879608154, '2024-07-28 15:32:27', 4, 999)
pval: [0.34800002] -- 131th test, time elapsed 32.680739879608154 -- emperical power so far (from test_start): 0.4732824427480916
db insert success
tensor(0.3775)
tensor(0.3775)
(132, 5, 0, 1, 80000, 'projchi', 'bitflip', 1150.05517578125, 0.004000000189989805, 32.586456298828125, '2024-07-28 15:33:07', 4, 999)
pval: [0.004] -- 132th test, time elapsed 32.586456298828125 -- emperical power so far (from test_start): 0.4772727272727273
db insert success
tensor(0.3775)
tensor(0.3775)
(133, 5, 0, 1, 80000, 'projchi', 'bitflip', 1100.639404296875, 0.04100000113248825, 32.58410978317261, '2024-07-28 15:33:42', 4, 999)
pval: [0.041] -- 133th test, time elapsed 32.58410978317261 -- emperical power so far (from test_start): 0.48120300751879697
db insert success
tensor(0.3775)
tensor(0.3775)
(134, 5, 0, 1, 80000, 'projchi', 'bitflip', 1152.60791015625, 0.006000000052154064, 32.69109010696411, '2024-07-28 15:34:29', 4, 999)
pval: [0.006] -- 134th test, time elapsed 32.69109010696411 -- emperical power so far (from test_start): 0.48507462686567165
db insert success
tensor(0.3775)
tensor(0.3775)
(135, 5, 0, 1, 80000, 'projchi', 'bitflip', 1068.3077392578125, 0.17000000178813934, 32.578516483306885, '2024-07-28 15:35:16', 4, 999)
pval: [0.17] -- 135th test, time elapsed 32.578516483306885 -- emperical power so far (from test_start): 0.48148148148148145
db insert success
tensor(0.3775)
tensor(0.3775)
(136, 5, 0, 1, 80000, 'projchi', 'bitflip', 1057.5902099609375, 0.22200001776218414, 32.544464349746704, '2024-07-28 15:35:53', 4, 999)
pval: [0.22200002] -- 136th test, time elapsed 32.544464349746704 -- emperical power so far (from test_start): 0.47794117647058826
db insert success
tensor(0.3775)
tensor(0.3775)
(137, 5, 0, 1, 80000, 'projchi', 'bitflip', 1013.4515380859375, 0.5879999995231628, 32.669609785079956, '2024-07-28 15:36:42', 4, 999)
pval: [0.588] -- 137th test, time elapsed 32.669609785079956 -- emperical power so far (from test_start): 0.4744525547445255
db insert success
tensor(0.3775)
tensor(0.3775)
(138, 5, 0, 1, 80000, 'projchi', 'bitflip', 1063.0152587890625, 0.18200001120567322, 32.65958213806152, '2024-07-28 15:37:20', 4, 999)
pval: [0.18200001] -- 138th test, time elapsed 32.65958213806152 -- emperical power so far (from test_start): 0.47101449275362317
db insert success
tensor(0.3775)
tensor(0.3775)
(139, 5, 0, 1, 80000, 'projchi', 'bitflip', 1185.04638671875, 0.0010000000474974513, 32.56994986534119, '2024-07-28 15:38:05', 4, 999)
pval: [0.001] -- 139th test, time elapsed 32.56994986534119 -- emperical power so far (from test_start): 0.4748201438848921
db insert success
tensor(0.3775)
tensor(0.3775)
(140, 5, 0, 1, 80000, 'projchi', 'bitflip', 962.8001098632812, 0.9110000729560852, 32.65274119377136, '2024-07-28 15:38:57', 4, 999)
pval: [0.91100007] -- 140th test, time elapsed 32.65274119377136 -- emperical power so far (from test_start): 0.4714285714285714
db insert success
tensor(0.3775)
tensor(0.3775)
(141, 5, 0, 1, 80000, 'projchi', 'bitflip', 1096.819580078125, 0.05100000277161598, 32.604406118392944, '2024-07-28 15:39:50', 4, 999)
pval: [0.051] -- 141th test, time elapsed 32.604406118392944 -- emperical power so far (from test_start): 0.46808510638297873
db insert success
tensor(0.3775)
tensor(0.3775)
(142, 5, 0, 1, 80000, 'projchi', 'bitflip', 1137.390380859375, 0.009000000543892384, 32.58178210258484, '2024-07-28 15:40:25', 4, 999)
pval: [0.009] -- 142th test, time elapsed 32.58178210258484 -- emperical power so far (from test_start): 0.47183098591549294
db insert success
tensor(0.3775)
tensor(0.3775)
(143, 5, 0, 1, 80000, 'projchi', 'bitflip', 1068.570556640625, 0.15000000596046448, 32.67027735710144, '2024-07-28 15:41:13', 4, 999)
pval: [0.15000001] -- 143th test, time elapsed 32.67027735710144 -- emperical power so far (from test_start): 0.46853146853146854
db insert success
tensor(0.3775)
tensor(0.3775)
(144, 5, 0, 1, 80000, 'projchi', 'bitflip', 1098.552490234375, 0.046000003814697266, 32.659064292907715, '2024-07-28 15:42:02', 4, 999)
pval: [0.046] -- 144th test, time elapsed 32.659064292907715 -- emperical power so far (from test_start): 0.4722222222222222
db insert success
tensor(0.3775)
tensor(0.3775)
(145, 5, 0, 1, 80000, 'projchi', 'bitflip', 1071.4234619140625, 0.13500000536441803, 32.564021587371826, '2024-07-28 15:42:38', 4, 999)
pval: [0.13500001] -- 145th test, time elapsed 32.564021587371826 -- emperical power so far (from test_start): 0.4689655172413793
db insert success
tensor(0.3775)
tensor(0.3775)
(146, 5, 0, 1, 80000, 'projchi', 'bitflip', 1103.14892578125, 0.04000000283122063, 32.58876585960388, '2024-07-28 15:43:15', 4, 999)
pval: [0.04] -- 146th test, time elapsed 32.58876585960388 -- emperical power so far (from test_start): 0.4726027397260274
db insert success
tensor(0.3775)
tensor(0.3775)
(147, 5, 0, 1, 80000, 'projchi', 'bitflip', 1164.4881591796875, 0.004000000189989805, 32.647130489349365, '2024-07-28 15:44:05', 4, 999)
pval: [0.004] -- 147th test, time elapsed 32.647130489349365 -- emperical power so far (from test_start): 0.47619047619047616
db insert success
tensor(0.3775)
tensor(0.3775)
(148, 5, 0, 1, 80000, 'projchi', 'bitflip', 1107.5594482421875, 0.02800000086426735, 32.591878175735474, '2024-07-28 15:44:43', 4, 999)
pval: [0.028] -- 148th test, time elapsed 32.591878175735474 -- emperical power so far (from test_start): 0.4797297297297297
db insert success
tensor(0.3775)
tensor(0.3775)
(149, 5, 0, 1, 80000, 'projchi', 'bitflip', 1032.4239501953125, 0.42100003361701965, 32.61287450790405, '2024-07-28 15:45:26', 4, 999)
pval: [0.42100003] -- 149th test, time elapsed 32.61287450790405 -- emperical power so far (from test_start): 0.47651006711409394
db insert success
tensor(0.3775)
tensor(0.3775)
(150, 5, 0, 1, 80000, 'projchi', 'bitflip', 1261.2545166015625, 0.0010000000474974513, 32.71290421485901, '2024-07-28 15:46:01', 4, 999)
pval: [0.001] -- 150th test, time elapsed 32.71290421485901 -- emperical power so far (from test_start): 0.48
db insert success
tensor(0.3775)
tensor(0.3775)
(151, 5, 0, 1, 80000, 'projchi', 'bitflip', 1106.0106201171875, 0.039000000804662704, 32.6754686832428, '2024-07-28 15:46:48', 4, 999)
pval: [0.039] -- 151th test, time elapsed 32.6754686832428 -- emperical power so far (from test_start): 0.48344370860927155
db insert success
tensor(0.3775)
tensor(0.3775)
(152, 5, 0, 1, 80000, 'projchi', 'bitflip', 1083.3355712890625, 0.09000000357627869, 32.59207248687744, '2024-07-28 15:47:32', 4, 999)
pval: [0.09] -- 152th test, time elapsed 32.59207248687744 -- emperical power so far (from test_start): 0.48026315789473684
db insert success
tensor(0.3775)
tensor(0.3775)
(153, 5, 0, 1, 80000, 'projchi', 'bitflip', 1099.1971435546875, 0.05300000309944153, 32.694403648376465, '2024-07-28 15:48:18', 4, 999)
pval: [0.053] -- 153th test, time elapsed 32.694403648376465 -- emperical power so far (from test_start): 0.477124183006536
db insert success
tensor(0.3775)
tensor(0.3775)
(154, 5, 0, 1, 80000, 'projchi', 'bitflip', 1066.4774169921875, 0.16600000858306885, 32.68047857284546, '2024-07-28 15:49:06', 4, 999)
pval: [0.16600001] -- 154th test, time elapsed 32.68047857284546 -- emperical power so far (from test_start): 0.474025974025974
db insert success
tensor(0.3775)
tensor(0.3775)
(155, 5, 0, 1, 80000, 'projchi', 'bitflip', 1135.2518310546875, 0.012000000104308128, 32.5868558883667, '2024-07-28 15:49:56', 4, 999)
pval: [0.012] -- 155th test, time elapsed 32.5868558883667 -- emperical power so far (from test_start): 0.4774193548387097
db insert success
tensor(0.3775)
tensor(0.3775)
(156, 5, 0, 1, 80000, 'projchi', 'bitflip', 1088.7421875, 0.09300000220537186, 32.65077447891235, '2024-07-28 15:50:46', 4, 999)
pval: [0.093] -- 156th test, time elapsed 32.65077447891235 -- emperical power so far (from test_start): 0.47435897435897434
db insert success
tensor(0.3775)
tensor(0.3775)
(157, 5, 0, 1, 80000, 'projchi', 'bitflip', 1144.1553955078125, 0.005000000353902578, 32.7636935710907, '2024-07-28 15:51:31', 4, 999)
pval: [0.005] -- 157th test, time elapsed 32.7636935710907 -- emperical power so far (from test_start): 0.47770700636942676
db insert success
tensor(0.3775)
tensor(0.3775)
(158, 5, 0, 1, 80000, 'projchi', 'bitflip', 1097.688720703125, 0.04400000348687172, 32.74636197090149, '2024-07-28 15:52:13', 4, 999)
pval: [0.044] -- 158th test, time elapsed 32.74636197090149 -- emperical power so far (from test_start): 0.4810126582278481
db insert success
tensor(0.3775)
tensor(0.3775)
(159, 5, 0, 1, 80000, 'projchi', 'bitflip', 1056.990234375, 0.2160000056028366, 32.641972064971924, '2024-07-28 15:52:56', 4, 999)
pval: [0.21600001] -- 159th test, time elapsed 32.641972064971924 -- emperical power so far (from test_start): 0.4779874213836478
db insert success
tensor(0.3775)
tensor(0.3775)
(160, 5, 0, 1, 80000, 'projchi', 'bitflip', 994.8442993164062, 0.737000048160553, 32.72912311553955, '2024-07-28 15:53:30', 4, 999)
pval: [0.73700005] -- 160th test, time elapsed 32.72912311553955 -- emperical power so far (from test_start): 0.475
db insert success
tensor(0.3775)
tensor(0.3775)
(161, 5, 0, 1, 80000, 'projchi', 'bitflip', 1070.4150390625, 0.14800000190734863, 32.615113496780396, '2024-07-28 15:54:07', 4, 999)
pval: [0.148] -- 161th test, time elapsed 32.615113496780396 -- emperical power so far (from test_start): 0.4720496894409938
db insert success
tensor(0.3775)
tensor(0.3775)
(162, 5, 0, 1, 80000, 'projchi', 'bitflip', 1032.4466552734375, 0.3970000147819519, 32.61823487281799, '2024-07-28 15:54:40', 4, 999)
pval: [0.39700001] -- 162th test, time elapsed 32.61823487281799 -- emperical power so far (from test_start): 0.4691358024691358
db insert success
tensor(0.3775)
tensor(0.3775)
(163, 5, 0, 1, 80000, 'projchi', 'bitflip', 1124.4573974609375, 0.01600000075995922, 32.62885570526123, '2024-07-28 15:55:14', 4, 999)
pval: [0.016] -- 163th test, time elapsed 32.62885570526123 -- emperical power so far (from test_start): 0.4723926380368098
db insert success
tensor(0.3775)
tensor(0.3775)
(164, 5, 0, 1, 80000, 'projchi', 'bitflip', 1109.76025390625, 0.026000000536441803, 32.70875096321106, '2024-07-28 15:56:00', 4, 999)
pval: [0.026] -- 164th test, time elapsed 32.70875096321106 -- emperical power so far (from test_start): 0.47560975609756095
db insert success
tensor(0.3775)
tensor(0.3775)
(165, 5, 0, 1, 80000, 'projchi', 'bitflip', 1133.5850830078125, 0.006000000052154064, 32.643696546554565, '2024-07-28 15:56:52', 4, 999)
pval: [0.006] -- 165th test, time elapsed 32.643696546554565 -- emperical power so far (from test_start): 0.47878787878787876
db insert success
tensor(0.3775)
tensor(0.3775)
(166, 5, 0, 1, 80000, 'projchi', 'bitflip', 1073.9886474609375, 0.13600000739097595, 32.61486268043518, '2024-07-28 15:57:32', 4, 999)
pval: [0.13600001] -- 166th test, time elapsed 32.61486268043518 -- emperical power so far (from test_start): 0.4759036144578313
db insert success
tensor(0.3775)
tensor(0.3775)
(167, 5, 0, 1, 80000, 'projchi', 'bitflip', 1126.6287841796875, 0.012000000104308128, 32.71035671234131, '2024-07-28 15:58:09', 4, 999)
pval: [0.012] -- 167th test, time elapsed 32.71035671234131 -- emperical power so far (from test_start): 0.47904191616766467
db insert success
tensor(0.3775)
tensor(0.3775)
(168, 5, 0, 1, 80000, 'projchi', 'bitflip', 1047.8624267578125, 0.30000001192092896, 32.64869546890259, '2024-07-28 15:58:52', 4, 999)
pval: [0.30000001] -- 168th test, time elapsed 32.64869546890259 -- emperical power so far (from test_start): 0.47619047619047616
db insert success
tensor(0.3775)
tensor(0.3775)
(169, 5, 0, 1, 80000, 'projchi', 'bitflip', 1094.636474609375, 0.07000000029802322, 32.614342212677, '2024-07-28 15:59:31', 4, 999)
pval: [0.07] -- 169th test, time elapsed 32.614342212677 -- emperical power so far (from test_start): 0.47337278106508873
db insert success
tensor(0.3775)
tensor(0.3775)
(170, 5, 0, 1, 80000, 'projchi', 'bitflip', 1100.7215576171875, 0.036000002175569534, 32.710755825042725, '2024-07-28 16:00:13', 4, 999)
pval: [0.036] -- 170th test, time elapsed 32.710755825042725 -- emperical power so far (from test_start): 0.4764705882352941
db insert success
tensor(0.3775)
tensor(0.3775)
(171, 5, 0, 1, 80000, 'projchi', 'bitflip', 1066.7554931640625, 0.15200001001358032, 32.72143769264221, '2024-07-28 16:00:49', 4, 999)
pval: [0.15200001] -- 171th test, time elapsed 32.72143769264221 -- emperical power so far (from test_start): 0.47368421052631576
db insert success
tensor(0.3775)
tensor(0.3775)
(172, 5, 0, 1, 80000, 'projchi', 'bitflip', 1076.3096923828125, 0.12700000405311584, 32.67056441307068, '2024-07-28 16:01:33', 4, 999)
pval: [0.127] -- 172th test, time elapsed 32.67056441307068 -- emperical power so far (from test_start): 0.47093023255813954
db insert success
tensor(0.3775)
tensor(0.3775)
(173, 5, 0, 1, 80000, 'projchi', 'bitflip', 1097.2852783203125, 0.05700000375509262, 32.65738368034363, '2024-07-28 16:02:10', 4, 999)
pval: [0.057] -- 173th test, time elapsed 32.65738368034363 -- emperical power so far (from test_start): 0.4682080924855491
db insert success
tensor(0.3775)
tensor(0.3775)
(174, 5, 0, 1, 80000, 'projchi', 'bitflip', 1024.42578125, 0.484000027179718, 32.734222173690796, '2024-07-28 16:02:57', 4, 999)
pval: [0.48400003] -- 174th test, time elapsed 32.734222173690796 -- emperical power so far (from test_start): 0.46551724137931033
db insert success
tensor(0.3775)
tensor(0.3775)
(175, 5, 0, 1, 80000, 'projchi', 'bitflip', 1051.083984375, 0.24800001084804535, 32.674567222595215, '2024-07-28 16:03:46', 4, 999)
pval: [0.24800001] -- 175th test, time elapsed 32.674567222595215 -- emperical power so far (from test_start): 0.46285714285714286
db insert success
tensor(0.3775)
tensor(0.3775)
(176, 5, 0, 1, 80000, 'projchi', 'bitflip', 1142.8646240234375, 0.006000000052154064, 32.714422941207886, '2024-07-28 16:04:28', 4, 999)
pval: [0.006] -- 176th test, time elapsed 32.714422941207886 -- emperical power so far (from test_start): 0.4659090909090909
db insert success
tensor(0.3775)
tensor(0.3775)
(177, 5, 0, 1, 80000, 'projchi', 'bitflip', 1202.2772216796875, 0.0010000000474974513, 32.689783573150635, '2024-07-28 16:05:04', 4, 999)
pval: [0.001] -- 177th test, time elapsed 32.689783573150635 -- emperical power so far (from test_start): 0.4689265536723164
db insert success
tensor(0.3775)
tensor(0.3775)
(178, 5, 0, 1, 80000, 'projchi', 'bitflip', 971.0465087890625, 0.859000027179718, 32.69054293632507, '2024-07-28 16:05:39', 4, 999)
pval: [0.85900003] -- 178th test, time elapsed 32.69054293632507 -- emperical power so far (from test_start): 0.46629213483146065
db insert success
tensor(0.3775)
tensor(0.3775)
(179, 5, 0, 1, 80000, 'projchi', 'bitflip', 1133.5042724609375, 0.010000000707805157, 32.638702392578125, '2024-07-28 16:06:22', 4, 999)
pval: [0.01] -- 179th test, time elapsed 32.638702392578125 -- emperical power so far (from test_start): 0.4692737430167598
db insert success
tensor(0.3775)
tensor(0.3775)
(180, 5, 0, 1, 80000, 'projchi', 'bitflip', 1071.9892578125, 0.16500000655651093, 32.59664487838745, '2024-07-28 16:07:09', 4, 999)
pval: [0.16500001] -- 180th test, time elapsed 32.59664487838745 -- emperical power so far (from test_start): 0.4666666666666667
db insert success
tensor(0.3775)
tensor(0.3775)
(181, 5, 0, 1, 80000, 'projchi', 'bitflip', 999.5535278320312, 0.6910000443458557, 32.82154631614685, '2024-07-28 16:08:02', 4, 999)
pval: [0.69100004] -- 181th test, time elapsed 32.82154631614685 -- emperical power so far (from test_start): 0.46408839779005523
db insert success
tensor(0.3775)
tensor(0.3775)
(182, 5, 0, 1, 80000, 'projchi', 'bitflip', 1102.4635009765625, 0.046000003814697266, 32.85843873023987, '2024-07-28 16:08:45', 4, 999)
pval: [0.046] -- 182th test, time elapsed 32.85843873023987 -- emperical power so far (from test_start): 0.46703296703296704
db insert success
tensor(0.3775)
tensor(0.3775)
(183, 5, 0, 1, 80000, 'projchi', 'bitflip', 1144.395263671875, 0.003000000026077032, 32.87505578994751, '2024-07-28 16:09:33', 4, 999)
pval: [0.003] -- 183th test, time elapsed 32.87505578994751 -- emperical power so far (from test_start): 0.46994535519125685
db insert success
tensor(0.3775)
tensor(0.3775)
(184, 5, 0, 1, 80000, 'projchi', 'bitflip', 1118.253173828125, 0.02500000037252903, 32.85024642944336, '2024-07-28 16:10:22', 4, 999)
pval: [0.025] -- 184th test, time elapsed 32.85024642944336 -- emperical power so far (from test_start): 0.47282608695652173
db insert success
tensor(0.3775)
tensor(0.3775)
(185, 5, 0, 1, 80000, 'projchi', 'bitflip', 1170.402587890625, 0.0020000000949949026, 32.84836149215698, '2024-07-28 16:11:13', 4, 999)
pval: [0.002] -- 185th test, time elapsed 32.84836149215698 -- emperical power so far (from test_start): 0.4756756756756757
db insert success
tensor(0.3775)
tensor(0.3775)
(186, 5, 0, 1, 80000, 'projchi', 'bitflip', 1153.0245361328125, 0.004000000189989805, 32.832149267196655, '2024-07-28 16:12:01', 4, 999)
pval: [0.004] -- 186th test, time elapsed 32.832149267196655 -- emperical power so far (from test_start): 0.478494623655914
db insert success
tensor(0.3775)
tensor(0.3775)
(187, 5, 0, 1, 80000, 'projchi', 'bitflip', 1088.927978515625, 0.07300000637769699, 32.8671338558197, '2024-07-28 16:12:46', 4, 999)
pval: [0.07300001] -- 187th test, time elapsed 32.8671338558197 -- emperical power so far (from test_start): 0.47593582887700536
db insert success
tensor(0.3775)
tensor(0.3775)
(188, 5, 0, 1, 80000, 'projchi', 'bitflip', 1066.5126953125, 0.17000000178813934, 32.81577777862549, '2024-07-28 16:13:32', 4, 999)
pval: [0.17] -- 188th test, time elapsed 32.81577777862549 -- emperical power so far (from test_start): 0.4734042553191489
db insert success
tensor(0.3775)
tensor(0.3775)
(189, 5, 0, 1, 80000, 'projchi', 'bitflip', 1048.068603515625, 0.3050000071525574, 33.03569316864014, '2024-07-28 16:14:23', 4, 999)
pval: [0.30500001] -- 189th test, time elapsed 33.03569316864014 -- emperical power so far (from test_start): 0.4708994708994709
db insert success
tensor(0.3775)
tensor(0.3775)
(190, 5, 0, 1, 80000, 'projchi', 'bitflip', 1032.8778076171875, 0.42600002884864807, 32.72309160232544, '2024-07-28 16:15:02', 4, 999)
pval: [0.42600003] -- 190th test, time elapsed 32.72309160232544 -- emperical power so far (from test_start): 0.46842105263157896
db insert success
tensor(0.3775)
tensor(0.3775)
(191, 5, 0, 1, 80000, 'projchi', 'bitflip', 1097.325439453125, 0.046000003814697266, 32.57351064682007, '2024-07-28 16:15:54', 4, 999)
pval: [0.046] -- 191th test, time elapsed 32.57351064682007 -- emperical power so far (from test_start): 0.4712041884816754
db insert success
tensor(0.3775)
tensor(0.3775)
(192, 5, 0, 1, 80000, 'projchi', 'bitflip', 1000.7275390625, 0.7000000476837158, 32.75757169723511, '2024-07-28 16:16:43', 4, 999)
pval: [0.70000005] -- 192th test, time elapsed 32.75757169723511 -- emperical power so far (from test_start): 0.46875
db insert success
tensor(0.3775)
tensor(0.3775)
(193, 5, 0, 1, 80000, 'projchi', 'bitflip', 1075.0162353515625, 0.14100000262260437, 32.79545712471008, '2024-07-28 16:17:30', 4, 999)
pval: [0.141] -- 193th test, time elapsed 32.79545712471008 -- emperical power so far (from test_start): 0.46632124352331605
db insert success
tensor(0.3775)
tensor(0.3775)
(194, 5, 0, 1, 80000, 'projchi', 'bitflip', 1095.174072265625, 0.0560000017285347, 32.5846061706543, '2024-07-28 16:18:13', 4, 999)
pval: [0.056] -- 194th test, time elapsed 32.5846061706543 -- emperical power so far (from test_start): 0.4639175257731959
db insert success
tensor(0.3775)
tensor(0.3775)
(195, 5, 0, 1, 80000, 'projchi', 'bitflip', 1089.01416015625, 0.07400000095367432, 32.60791254043579, '2024-07-28 16:18:56', 4, 999)
pval: [0.074] -- 195th test, time elapsed 32.60791254043579 -- emperical power so far (from test_start): 0.46153846153846156
db insert success
tensor(0.3775)
tensor(0.3775)
(196, 5, 0, 1, 80000, 'projchi', 'bitflip', 1104.3408203125, 0.04200000315904617, 32.78172326087952, '2024-07-28 16:19:32', 4, 999)
pval: [0.042] -- 196th test, time elapsed 32.78172326087952 -- emperical power so far (from test_start): 0.4642857142857143
db insert success
tensor(0.3775)
tensor(0.3775)
(197, 5, 0, 1, 80000, 'projchi', 'bitflip', 1101.1544189453125, 0.0430000014603138, 32.824198484420776, '2024-07-28 16:20:22', 4, 999)
pval: [0.043] -- 197th test, time elapsed 32.824198484420776 -- emperical power so far (from test_start): 0.467005076142132
db insert success
tensor(0.3775)
tensor(0.3775)
(198, 5, 0, 1, 80000, 'projchi', 'bitflip', 1148.2274169921875, 0.007000000216066837, 32.700767993927, '2024-07-28 16:20:56', 4, 999)
pval: [0.007] -- 198th test, time elapsed 32.700767993927 -- emperical power so far (from test_start): 0.4696969696969697
db insert success
tensor(0.3775)
tensor(0.3775)
(199, 5, 0, 1, 80000, 'projchi', 'bitflip', 1180.291015625, 0.0010000000474974513, 32.644765853881836, '2024-07-28 16:21:48', 4, 999)
pval: [0.001] -- 199th test, time elapsed 32.644765853881836 -- emperical power so far (from test_start): 0.4723618090452261
db insert success
tensor(0.3775)
tensor(0.3775)
(200, 5, 0, 1, 80000, 'projchi', 'bitflip', 1047.123046875, 0.2880000174045563, 32.71152353286743, '2024-07-28 16:22:28', 4, 999)
pval: [0.28800002] -- 200th test, time elapsed 32.71152353286743 -- emperical power so far (from test_start): 0.47
db insert success
8755.73608660698
