tensor([0.0002, 0.0032, 0.0002, 0.0032, 0.0002, 0.0032, 0.0002, 0.0032, 0.0002,
        0.0032, 0.0002, 0.0032, 0.0002, 0.0032, 0.0002, 0.0032, 0.0002, 0.0032,
        0.0002, 0.0032, 0.0002, 0.0032, 0.0002, 0.0032, 0.0002, 0.0032, 0.0002,
        0.0032, 0.0002, 0.0032, 0.0002, 0.0032, 0.0002, 0.0032, 0.0002, 0.0032,
        0.0002, 0.0032, 0.0002, 0.0032, 0.0002, 0.0032, 0.0002, 0.0032, 0.0002,
        0.0032, 0.0002, 0.0032, 0.0002, 0.0032, 0.0002, 0.0032, 0.0002, 0.0032,
        0.0002, 0.0032, 0.0002, 0.0032, 0.0002, 0.0032, 0.0002, 0.0032, 0.0002,
        0.0032, 0.0002, 0.0032, 0.0002, 0.0032, 0.0002, 0.0032, 0.0002, 0.0032,
        0.0002, 0.0032, 0.0002, 0.0032, 0.0002, 0.0032, 0.0002, 0.0032, 0.0002,
        0.0032, 0.0002, 0.0032, 0.0002, 0.0032, 0.0002, 0.0032, 0.0002, 0.0032,
        0.0002, 0.0032, 0.0002, 0.0032, 0.0002, 0.0032, 0.0002, 0.0032, 0.0002,
        0.0032, 0.0002, 0.0032, 0.0002, 0.0032, 0.0002, 0.0032, 0.0002, 0.0032,
        0.0002, 0.0032, 0.0002, 0.0032, 0.0002, 0.0032, 0.0002, 0.0032, 0.0002,
        0.0032, 0.0002, 0.0032, 0.0002, 0.0032, 0.0002, 0.0032, 0.0002, 0.0032,
        0.0002, 0.0032, 0.0002, 0.0032, 0.0002, 0.0032, 0.0002, 0.0032, 0.0002,
        0.0032, 0.0002, 0.0032, 0.0002, 0.0032, 0.0002, 0.0032, 0.0002, 0.0032,
        0.0002, 0.0032, 0.0002, 0.0032, 0.0002, 0.0032, 0.0002, 0.0032, 0.0002,
        0.0032, 0.0002, 0.0032, 0.0002, 0.0032, 0.0002, 0.0032, 0.0002, 0.0032,
        0.0002, 0.0032, 0.0002, 0.0032, 0.0002, 0.0032, 0.0002, 0.0032, 0.0002,
        0.0032, 0.0002, 0.0032, 0.0002, 0.0032, 0.0002, 0.0032, 0.0002, 0.0032,
        0.0002, 0.0032, 0.0002, 0.0032, 0.0002, 0.0032, 0.0002, 0.0032, 0.0002,
        0.0032, 0.0002, 0.0032, 0.0002, 0.0032, 0.0002, 0.0032, 0.0002, 0.0032,
        0.0002, 0.0032, 0.0002, 0.0032, 0.0002, 0.0032, 0.0002, 0.0032, 0.0002,
        0.0032, 0.0002, 0.0032, 0.0002, 0.0032, 0.0002, 0.0032, 0.0002, 0.0032,
        0.0002, 0.0032, 0.0002, 0.0032, 0.0002, 0.0032, 0.0002, 0.0032, 0.0002,
        0.0032, 0.0002, 0.0032, 0.0002, 0.0032, 0.0002, 0.0032, 0.0002, 0.0032,
        0.0002, 0.0032, 0.0002, 0.0032, 0.0002, 0.0032, 0.0002, 0.0032, 0.0002,
        0.0032, 0.0002, 0.0032, 0.0002, 0.0032, 0.0002, 0.0032, 0.0002, 0.0032,
        0.0002, 0.0032, 0.0002, 0.0032, 0.0002, 0.0032, 0.0002, 0.0032, 0.0002,
        0.0032, 0.0002, 0.0032, 0.0002, 0.0032, 0.0002, 0.0032, 0.0002, 0.0032,
        0.0002, 0.0032, 0.0002, 0.0032, 0.0002, 0.0032, 0.0002, 0.0032, 0.0002,
        0.0032, 0.0002, 0.0032, 0.0002, 0.0032, 0.0002, 0.0032, 0.0002, 0.0032,
        0.0002, 0.0032, 0.0002, 0.0032, 0.0002, 0.0032, 0.0002, 0.0032, 0.0002,
        0.0032, 0.0002, 0.0032, 0.0002, 0.0032, 0.0002, 0.0032, 0.0002, 0.0032,
        0.0002, 0.0032, 0.0002, 0.0032, 0.0002, 0.0032, 0.0002, 0.0032, 0.0002,
        0.0032, 0.0002, 0.0032, 0.0002, 0.0032, 0.0002, 0.0032, 0.0002, 0.0032,
        0.0002, 0.0032, 0.0002, 0.0032, 0.0002, 0.0032, 0.0002, 0.0032, 0.0002,
        0.0032, 0.0002, 0.0032, 0.0002, 0.0032, 0.0002, 0.0032, 0.0002, 0.0032,
        0.0002, 0.0032, 0.0002, 0.0032, 0.0002, 0.0032, 0.0002, 0.0032, 0.0002,
        0.0032, 0.0002, 0.0032, 0.0002, 0.0032, 0.0002, 0.0032, 0.0002, 0.0032,
        0.0002, 0.0032, 0.0002, 0.0032, 0.0002, 0.0032, 0.0002, 0.0032, 0.0002,
        0.0032, 0.0002, 0.0032, 0.0002, 0.0032, 0.0002, 0.0032, 0.0002, 0.0032,
        0.0002, 0.0032, 0.0002, 0.0032, 0.0002, 0.0032, 0.0002, 0.0032, 0.0002,
        0.0032, 0.0002, 0.0032, 0.0002, 0.0032, 0.0002, 0.0032, 0.0002, 0.0032,
        0.0002, 0.0032, 0.0002, 0.0032, 0.0002, 0.0032, 0.0002, 0.0032, 0.0002,
        0.0032, 0.0002, 0.0032, 0.0002, 0.0032, 0.0002, 0.0032, 0.0002, 0.0032,
        0.0002, 0.0032, 0.0002, 0.0032, 0.0002, 0.0032, 0.0002, 0.0032, 0.0002,
        0.0032, 0.0002, 0.0032, 0.0002, 0.0032, 0.0002, 0.0032, 0.0002, 0.0032,
        0.0002, 0.0032, 0.0002, 0.0032, 0.0002, 0.0032, 0.0002, 0.0032, 0.0002,
        0.0032, 0.0002, 0.0032, 0.0002, 0.0032, 0.0002, 0.0032, 0.0002, 0.0032,
        0.0002, 0.0032, 0.0002, 0.0032, 0.0002, 0.0032, 0.0002, 0.0032, 0.0002,
        0.0032, 0.0002, 0.0032, 0.0002, 0.0032, 0.0002, 0.0032, 0.0002, 0.0032,
        0.0002, 0.0032, 0.0002, 0.0032, 0.0002, 0.0032, 0.0002, 0.0032, 0.0002,
        0.0032, 0.0002, 0.0032, 0.0002, 0.0032, 0.0002, 0.0032, 0.0002, 0.0032,
        0.0002, 0.0032, 0.0002, 0.0032, 0.0002, 0.0032, 0.0002, 0.0032, 0.0002,
        0.0032, 0.0002, 0.0032, 0.0002, 0.0032, 0.0002, 0.0032, 0.0002, 0.0032,
        0.0002, 0.0032, 0.0002, 0.0032, 0.0002, 0.0032, 0.0002, 0.0032, 0.0002,
        0.0032, 0.0002, 0.0032, 0.0002, 0.0032, 0.0002, 0.0032, 0.0002, 0.0032,
        0.0002, 0.0032, 0.0002, 0.0032, 0.0002, 0.0032, 0.0002, 0.0032, 0.0002,
        0.0032, 0.0002, 0.0032, 0.0002, 0.0032, 0.0002, 0.0032, 0.0002, 0.0032,
        0.0002, 0.0032, 0.0002, 0.0032, 0.0002, 0.0032, 0.0002, 0.0032, 0.0002,
        0.0032, 0.0002, 0.0032, 0.0002, 0.0032, 0.0002, 0.0032, 0.0002, 0.0032,
        0.0002, 0.0032, 0.0002, 0.0032, 0.0002, 0.0032, 0.0002, 0.0032, 0.0002,
        0.0032, 0.0002, 0.0032, 0.0002, 0.0032, 0.0002, 0.0032, 0.0002, 0.0032,
        0.0002, 0.0032, 0.0002, 0.0032, 0.0002, 0.0032, 0.0002, 0.0032, 0.0002,
        0.0032, 0.0002, 0.0032, 0.0002, 0.0032, 0.0002, 0.0032, 0.0002, 0.0032,
        0.0002, 0.0032, 0.0002, 0.0032, 0.0002, 0.0032])
tensor([0.0032, 0.0002, 0.0032, 0.0002, 0.0032, 0.0002, 0.0032, 0.0002, 0.0032,
        0.0002, 0.0032, 0.0002, 0.0032, 0.0002, 0.0032, 0.0002, 0.0032, 0.0002,
        0.0032, 0.0002, 0.0032, 0.0002, 0.0032, 0.0002, 0.0032, 0.0002, 0.0032,
        0.0002, 0.0032, 0.0002, 0.0032, 0.0002, 0.0032, 0.0002, 0.0032, 0.0002,
        0.0032, 0.0002, 0.0032, 0.0002, 0.0032, 0.0002, 0.0032, 0.0002, 0.0032,
        0.0002, 0.0032, 0.0002, 0.0032, 0.0002, 0.0032, 0.0002, 0.0032, 0.0002,
        0.0032, 0.0002, 0.0032, 0.0002, 0.0032, 0.0002, 0.0032, 0.0002, 0.0032,
        0.0002, 0.0032, 0.0002, 0.0032, 0.0002, 0.0032, 0.0002, 0.0032, 0.0002,
        0.0032, 0.0002, 0.0032, 0.0002, 0.0032, 0.0002, 0.0032, 0.0002, 0.0032,
        0.0002, 0.0032, 0.0002, 0.0032, 0.0002, 0.0032, 0.0002, 0.0032, 0.0002,
        0.0032, 0.0002, 0.0032, 0.0002, 0.0032, 0.0002, 0.0032, 0.0002, 0.0032,
        0.0002, 0.0032, 0.0002, 0.0032, 0.0002, 0.0032, 0.0002, 0.0032, 0.0002,
        0.0032, 0.0002, 0.0032, 0.0002, 0.0032, 0.0002, 0.0032, 0.0002, 0.0032,
        0.0002, 0.0032, 0.0002, 0.0032, 0.0002, 0.0032, 0.0002, 0.0032, 0.0002,
        0.0032, 0.0002, 0.0032, 0.0002, 0.0032, 0.0002, 0.0032, 0.0002, 0.0032,
        0.0002, 0.0032, 0.0002, 0.0032, 0.0002, 0.0032, 0.0002, 0.0032, 0.0002,
        0.0032, 0.0002, 0.0032, 0.0002, 0.0032, 0.0002, 0.0032, 0.0002, 0.0032,
        0.0002, 0.0032, 0.0002, 0.0032, 0.0002, 0.0032, 0.0002, 0.0032, 0.0002,
        0.0032, 0.0002, 0.0032, 0.0002, 0.0032, 0.0002, 0.0032, 0.0002, 0.0032,
        0.0002, 0.0032, 0.0002, 0.0032, 0.0002, 0.0032, 0.0002, 0.0032, 0.0002,
        0.0032, 0.0002, 0.0032, 0.0002, 0.0032, 0.0002, 0.0032, 0.0002, 0.0032,
        0.0002, 0.0032, 0.0002, 0.0032, 0.0002, 0.0032, 0.0002, 0.0032, 0.0002,
        0.0032, 0.0002, 0.0032, 0.0002, 0.0032, 0.0002, 0.0032, 0.0002, 0.0032,
        0.0002, 0.0032, 0.0002, 0.0032, 0.0002, 0.0032, 0.0002, 0.0032, 0.0002,
        0.0032, 0.0002, 0.0032, 0.0002, 0.0032, 0.0002, 0.0032, 0.0002, 0.0032,
        0.0002, 0.0032, 0.0002, 0.0032, 0.0002, 0.0032, 0.0002, 0.0032, 0.0002,
        0.0032, 0.0002, 0.0032, 0.0002, 0.0032, 0.0002, 0.0032, 0.0002, 0.0032,
        0.0002, 0.0032, 0.0002, 0.0032, 0.0002, 0.0032, 0.0002, 0.0032, 0.0002,
        0.0032, 0.0002, 0.0032, 0.0002, 0.0032, 0.0002, 0.0032, 0.0002, 0.0032,
        0.0002, 0.0032, 0.0002, 0.0032, 0.0002, 0.0032, 0.0002, 0.0032, 0.0002,
        0.0032, 0.0002, 0.0032, 0.0002, 0.0032, 0.0002, 0.0032, 0.0002, 0.0032,
        0.0002, 0.0032, 0.0002, 0.0032, 0.0002, 0.0032, 0.0002, 0.0032, 0.0002,
        0.0032, 0.0002, 0.0032, 0.0002, 0.0032, 0.0002, 0.0032, 0.0002, 0.0032,
        0.0002, 0.0032, 0.0002, 0.0032, 0.0002, 0.0032, 0.0002, 0.0032, 0.0002,
        0.0032, 0.0002, 0.0032, 0.0002, 0.0032, 0.0002, 0.0032, 0.0002, 0.0032,
        0.0002, 0.0032, 0.0002, 0.0032, 0.0002, 0.0032, 0.0002, 0.0032, 0.0002,
        0.0032, 0.0002, 0.0032, 0.0002, 0.0032, 0.0002, 0.0032, 0.0002, 0.0032,
        0.0002, 0.0032, 0.0002, 0.0032, 0.0002, 0.0032, 0.0002, 0.0032, 0.0002,
        0.0032, 0.0002, 0.0032, 0.0002, 0.0032, 0.0002, 0.0032, 0.0002, 0.0032,
        0.0002, 0.0032, 0.0002, 0.0032, 0.0002, 0.0032, 0.0002, 0.0032, 0.0002,
        0.0032, 0.0002, 0.0032, 0.0002, 0.0032, 0.0002, 0.0032, 0.0002, 0.0032,
        0.0002, 0.0032, 0.0002, 0.0032, 0.0002, 0.0032, 0.0002, 0.0032, 0.0002,
        0.0032, 0.0002, 0.0032, 0.0002, 0.0032, 0.0002, 0.0032, 0.0002, 0.0032,
        0.0002, 0.0032, 0.0002, 0.0032, 0.0002, 0.0032, 0.0002, 0.0032, 0.0002,
        0.0032, 0.0002, 0.0032, 0.0002, 0.0032, 0.0002, 0.0032, 0.0002, 0.0032,
        0.0002, 0.0032, 0.0002, 0.0032, 0.0002, 0.0032, 0.0002, 0.0032, 0.0002,
        0.0032, 0.0002, 0.0032, 0.0002, 0.0032, 0.0002, 0.0032, 0.0002, 0.0032,
        0.0002, 0.0032, 0.0002, 0.0032, 0.0002, 0.0032, 0.0002, 0.0032, 0.0002,
        0.0032, 0.0002, 0.0032, 0.0002, 0.0032, 0.0002, 0.0032, 0.0002, 0.0032,
        0.0002, 0.0032, 0.0002, 0.0032, 0.0002, 0.0032, 0.0002, 0.0032, 0.0002,
        0.0032, 0.0002, 0.0032, 0.0002, 0.0032, 0.0002, 0.0032, 0.0002, 0.0032,
        0.0002, 0.0032, 0.0002, 0.0032, 0.0002, 0.0032, 0.0002, 0.0032, 0.0002,
        0.0032, 0.0002, 0.0032, 0.0002, 0.0032, 0.0002, 0.0032, 0.0002, 0.0032,
        0.0002, 0.0032, 0.0002, 0.0032, 0.0002, 0.0032, 0.0002, 0.0032, 0.0002,
        0.0032, 0.0002, 0.0032, 0.0002, 0.0032, 0.0002, 0.0032, 0.0002, 0.0032,
        0.0002, 0.0032, 0.0002, 0.0032, 0.0002, 0.0032, 0.0002, 0.0032, 0.0002,
        0.0032, 0.0002, 0.0032, 0.0002, 0.0032, 0.0002, 0.0032, 0.0002, 0.0032,
        0.0002, 0.0032, 0.0002, 0.0032, 0.0002, 0.0032, 0.0002, 0.0032, 0.0002,
        0.0032, 0.0002, 0.0032, 0.0002, 0.0032, 0.0002, 0.0032, 0.0002, 0.0032,
        0.0002, 0.0032, 0.0002, 0.0032, 0.0002, 0.0032, 0.0002, 0.0032, 0.0002,
        0.0032, 0.0002, 0.0032, 0.0002, 0.0032, 0.0002, 0.0032, 0.0002, 0.0032,
        0.0002, 0.0032, 0.0002, 0.0032, 0.0002, 0.0032, 0.0002, 0.0032, 0.0002,
        0.0032, 0.0002, 0.0032, 0.0002, 0.0032, 0.0002, 0.0032, 0.0002, 0.0032,
        0.0002, 0.0032, 0.0002, 0.0032, 0.0002, 0.0032, 0.0002, 0.0032, 0.0002,
        0.0032, 0.0002, 0.0032, 0.0002, 0.0032, 0.0002, 0.0032, 0.0002, 0.0032,
        0.0002, 0.0032, 0.0002, 0.0032, 0.0002, 0.0032, 0.0002, 0.0032, 0.0002,
        0.0032, 0.0002, 0.0032, 0.0002, 0.0032, 0.0002])
bitflipelltwo, alpha=1, sample size=100000
#########################################
tensor(0.0004, device='cuda:0')
(1, 600, 0.0015, 1, 100000, 'elltwo', 'bitflip', 0.0004119873046875, 0.007000000216066837, 31.137706995010376, '2024-05-13 21:43:46')
pval: [0.007] -- 1th test, time elapsed 31.137706995010376 -- emperical power so far: 1.0
db insert success
tensor(9.1553e-05, device='cuda:0')
(2, 600, 0.0015, 1, 100000, 'elltwo', 'bitflip', 9.1552734375e-05, 0.023000001907348633, 28.421491146087646, '2024-05-13 21:44:20')
pval: [0.023] -- 2th test, time elapsed 28.421491146087646 -- emperical power so far: 1.0
db insert success
tensor(0.0004, device='cuda:0')
(3, 600, 0.0015, 1, 100000, 'elltwo', 'bitflip', 0.0004119873046875, 0.007000000216066837, 28.416918754577637, '2024-05-13 21:44:57')
pval: [0.007] -- 3th test, time elapsed 28.416918754577637 -- emperical power so far: 1.0
db insert success
tensor(9.1553e-05, device='cuda:0')
(4, 600, 0.0015, 1, 100000, 'elltwo', 'bitflip', 9.1552734375e-05, 0.28700000047683716, 28.396767377853394, '2024-05-13 21:45:44')
pval: [0.287] -- 4th test, time elapsed 28.396767377853394 -- emperical power so far: 0.75
db insert success
tensor(0.0006, device='cuda:0')
(5, 600, 0.0015, 1, 100000, 'elltwo', 'bitflip', 0.000579833984375, 0.0010000000474974513, 28.419625997543335, '2024-05-13 21:46:26')
pval: [0.001] -- 5th test, time elapsed 28.419625997543335 -- emperical power so far: 0.8
db insert success
tensor(-0.0006, device='cuda:0')
(6, 600, 0.0015, 1, 100000, 'elltwo', 'bitflip', -0.0005645751953125, 0.843000054359436, 28.42109966278076, '2024-05-13 21:46:59')
pval: [0.84300005] -- 6th test, time elapsed 28.42109966278076 -- emperical power so far: 0.6666666666666666
db insert success
tensor(0.0001, device='cuda:0')
(7, 600, 0.0015, 1, 100000, 'elltwo', 'bitflip', 0.0001068115234375, 0.07200000435113907, 28.33062481880188, '2024-05-13 21:47:35')
pval: [0.072] -- 7th test, time elapsed 28.33062481880188 -- emperical power so far: 0.5714285714285714
db insert success
tensor(9.1553e-05, device='cuda:0')
(8, 600, 0.0015, 1, 100000, 'elltwo', 'bitflip', 9.1552734375e-05, 0.027000000700354576, 28.53082776069641, '2024-05-13 21:48:08')
pval: [0.027] -- 8th test, time elapsed 28.53082776069641 -- emperical power so far: 0.625
db insert success
tensor(0.0004, device='cuda:0')
(9, 600, 0.0015, 1, 100000, 'elltwo', 'bitflip', 0.0004119873046875, 0.0010000000474974513, 28.32269525527954, '2024-05-13 21:48:53')
pval: [0.001] -- 9th test, time elapsed 28.32269525527954 -- emperical power so far: 0.6666666666666666
db insert success
tensor(0.0002, device='cuda:0')
(10, 600, 0.0015, 1, 100000, 'elltwo', 'bitflip', 0.0002288818359375, 0.0020000000949949026, 28.352519512176514, '2024-05-13 21:49:40')
pval: [0.002] -- 10th test, time elapsed 28.352519512176514 -- emperical power so far: 0.7
db insert success
tensor(0.0004, device='cuda:0')
(11, 600, 0.0015, 1, 100000, 'elltwo', 'bitflip', 0.0004119873046875, 0.007000000216066837, 28.340482711791992, '2024-05-13 21:50:11')
pval: [0.007] -- 11th test, time elapsed 28.340482711791992 -- emperical power so far: 0.7272727272727273
db insert success
tensor(-7.6294e-05, device='cuda:0')
(12, 600, 0.0015, 1, 100000, 'elltwo', 'bitflip', -7.62939453125e-05, 0.3960000276565552, 28.392393827438354, '2024-05-13 21:50:56')
pval: [0.39600003] -- 12th test, time elapsed 28.392393827438354 -- emperical power so far: 0.6666666666666666
db insert success
tensor(0.0003, device='cuda:0')
(13, 600, 0.0015, 1, 100000, 'elltwo', 'bitflip', 0.0002593994140625, 0.0010000000474974513, 28.430286407470703, '2024-05-13 21:51:26')
pval: [0.001] -- 13th test, time elapsed 28.430286407470703 -- emperical power so far: 0.6923076923076923
db insert success
tensor(0.0004, device='cuda:0')
(14, 600, 0.0015, 1, 100000, 'elltwo', 'bitflip', 0.0004119873046875, 0.0020000000949949026, 28.386197328567505, '2024-05-13 21:51:59')
pval: [0.002] -- 14th test, time elapsed 28.386197328567505 -- emperical power so far: 0.7142857142857143
db insert success
tensor(-0.0002, device='cuda:0')
(15, 600, 0.0015, 1, 100000, 'elltwo', 'bitflip', -0.000244140625, 0.11400000751018524, 28.408894777297974, '2024-05-13 21:52:46')
pval: [0.11400001] -- 15th test, time elapsed 28.408894777297974 -- emperical power so far: 0.6666666666666666
db insert success
tensor(-7.6294e-05, device='cuda:0')
(16, 600, 0.0015, 1, 100000, 'elltwo', 'bitflip', -7.62939453125e-05, 0.04000000283122063, 28.52601957321167, '2024-05-13 21:53:22')
pval: [0.04] -- 16th test, time elapsed 28.52601957321167 -- emperical power so far: 0.6875
db insert success
tensor(0.0004, device='cuda:0')
(17, 600, 0.0015, 1, 100000, 'elltwo', 'bitflip', 0.0004119873046875, 0.017000000923871994, 28.61189889907837, '2024-05-13 21:54:01')
pval: [0.017] -- 17th test, time elapsed 28.61189889907837 -- emperical power so far: 0.7058823529411765
db insert success
tensor(0.0002, device='cuda:0')
(18, 600, 0.0015, 1, 100000, 'elltwo', 'bitflip', 0.000244140625, 0.30800002813339233, 28.34727191925049, '2024-05-13 21:54:50')
pval: [0.30800003] -- 18th test, time elapsed 28.34727191925049 -- emperical power so far: 0.6666666666666666
db insert success
tensor(0.0004, device='cuda:0')
(19, 600, 0.0015, 1, 100000, 'elltwo', 'bitflip', 0.0004119873046875, 0.01600000075995922, 28.341768741607666, '2024-05-13 21:55:22')
pval: [0.016] -- 19th test, time elapsed 28.341768741607666 -- emperical power so far: 0.6842105263157895
db insert success
tensor(0.0006, device='cuda:0')
(20, 600, 0.0015, 1, 100000, 'elltwo', 'bitflip', 0.000579833984375, 0.0010000000474974513, 28.33681035041809, '2024-05-13 21:55:55')
pval: [0.001] -- 20th test, time elapsed 28.33681035041809 -- emperical power so far: 0.7
db insert success
tensor(-0.0002, device='cuda:0')
(21, 600, 0.0015, 1, 100000, 'elltwo', 'bitflip', -0.0002288818359375, 0.09800000488758087, 28.337363243103027, '2024-05-13 21:56:37')
pval: [0.098] -- 21th test, time elapsed 28.337363243103027 -- emperical power so far: 0.6666666666666666
db insert success
tensor(0.0007, device='cuda:0')
(22, 600, 0.0015, 1, 100000, 'elltwo', 'bitflip', 0.000732421875, 0.0010000000474974513, 28.306440114974976, '2024-05-13 21:57:22')
pval: [0.001] -- 22th test, time elapsed 28.306440114974976 -- emperical power so far: 0.6818181818181818
db insert success
tensor(7.6294e-05, device='cuda:0')
(23, 600, 0.0015, 1, 100000, 'elltwo', 'bitflip', 7.62939453125e-05, 0.027000000700354576, 28.298882722854614, '2024-05-13 21:58:08')
pval: [0.027] -- 23th test, time elapsed 28.298882722854614 -- emperical power so far: 0.6956521739130435
db insert success
tensor(0.0007, device='cuda:0')
(24, 600, 0.0015, 1, 100000, 'elltwo', 'bitflip', 0.0007476806640625, 0.0020000000949949026, 28.322301626205444, '2024-05-13 21:58:56')
pval: [0.002] -- 24th test, time elapsed 28.322301626205444 -- emperical power so far: 0.7083333333333334
db insert success
tensor(-7.6294e-05, device='cuda:0')
(25, 600, 0.0015, 1, 100000, 'elltwo', 'bitflip', -7.62939453125e-05, 0.032999999821186066, 28.316433906555176, '2024-05-13 21:59:32')
pval: [0.033] -- 25th test, time elapsed 28.316433906555176 -- emperical power so far: 0.72
db insert success
tensor(7.6294e-05, device='cuda:0')
(26, 600, 0.0015, 1, 100000, 'elltwo', 'bitflip', 7.62939453125e-05, 0.4650000333786011, 28.307780265808105, '2024-05-13 22:00:03')
pval: [0.46500003] -- 26th test, time elapsed 28.307780265808105 -- emperical power so far: 0.6923076923076923
db insert success
tensor(-7.6294e-05, device='cuda:0')
(27, 600, 0.0015, 1, 100000, 'elltwo', 'bitflip', -7.62939453125e-05, 0.01100000087171793, 28.30514097213745, '2024-05-13 22:00:40')
pval: [0.011] -- 27th test, time elapsed 28.30514097213745 -- emperical power so far: 0.7037037037037037
db insert success
tensor(-0.0004, device='cuda:0')
(28, 600, 0.0015, 1, 100000, 'elltwo', 'bitflip', -0.00042724609375, 0.6700000166893005, 28.294353008270264, '2024-05-13 22:01:09')
pval: [0.67000002] -- 28th test, time elapsed 28.294353008270264 -- emperical power so far: 0.6785714285714286
db insert success
tensor(-7.6294e-05, device='cuda:0')
(29, 600, 0.0015, 1, 100000, 'elltwo', 'bitflip', -7.62939453125e-05, 0.023000001907348633, 28.299607276916504, '2024-05-13 22:01:48')
pval: [0.023] -- 29th test, time elapsed 28.299607276916504 -- emperical power so far: 0.6896551724137931
db insert success
tensor(0.0006, device='cuda:0')
(30, 600, 0.0015, 1, 100000, 'elltwo', 'bitflip', 0.0005950927734375, 0.004000000189989805, 28.30072522163391, '2024-05-13 22:02:27')
pval: [0.004] -- 30th test, time elapsed 28.30072522163391 -- emperical power so far: 0.7
db insert success
1164.2008666992188
