tensor([0.0002, 0.0032, 0.0002, 0.0032, 0.0002, 0.0032, 0.0002, 0.0032, 0.0002,
        0.0032, 0.0002, 0.0032, 0.0002, 0.0032, 0.0002, 0.0032, 0.0002, 0.0032,
        0.0002, 0.0032, 0.0002, 0.0032, 0.0002, 0.0032, 0.0002, 0.0032, 0.0002,
        0.0032, 0.0002, 0.0032, 0.0002, 0.0032, 0.0002, 0.0032, 0.0002, 0.0032,
        0.0002, 0.0032, 0.0002, 0.0032, 0.0002, 0.0032, 0.0002, 0.0032, 0.0002,
        0.0032, 0.0002, 0.0032, 0.0002, 0.0032, 0.0002, 0.0032, 0.0002, 0.0032,
        0.0002, 0.0032, 0.0002, 0.0032, 0.0002, 0.0032, 0.0002, 0.0032, 0.0002,
        0.0032, 0.0002, 0.0032, 0.0002, 0.0032, 0.0002, 0.0032, 0.0002, 0.0032,
        0.0002, 0.0032, 0.0002, 0.0032, 0.0002, 0.0032, 0.0002, 0.0032, 0.0002,
        0.0032, 0.0002, 0.0032, 0.0002, 0.0032, 0.0002, 0.0032, 0.0002, 0.0032,
        0.0002, 0.0032, 0.0002, 0.0032, 0.0002, 0.0032, 0.0002, 0.0032, 0.0002,
        0.0032, 0.0002, 0.0032, 0.0002, 0.0032, 0.0002, 0.0032, 0.0002, 0.0032,
        0.0002, 0.0032, 0.0002, 0.0032, 0.0002, 0.0032, 0.0002, 0.0032, 0.0002,
        0.0032, 0.0002, 0.0032, 0.0002, 0.0032, 0.0002, 0.0032, 0.0002, 0.0032,
        0.0002, 0.0032, 0.0002, 0.0032, 0.0002, 0.0032, 0.0002, 0.0032, 0.0002,
        0.0032, 0.0002, 0.0032, 0.0002, 0.0032, 0.0002, 0.0032, 0.0002, 0.0032,
        0.0002, 0.0032, 0.0002, 0.0032, 0.0002, 0.0032, 0.0002, 0.0032, 0.0002,
        0.0032, 0.0002, 0.0032, 0.0002, 0.0032, 0.0002, 0.0032, 0.0002, 0.0032,
        0.0002, 0.0032, 0.0002, 0.0032, 0.0002, 0.0032, 0.0002, 0.0032, 0.0002,
        0.0032, 0.0002, 0.0032, 0.0002, 0.0032, 0.0002, 0.0032, 0.0002, 0.0032,
        0.0002, 0.0032, 0.0002, 0.0032, 0.0002, 0.0032, 0.0002, 0.0032, 0.0002,
        0.0032, 0.0002, 0.0032, 0.0002, 0.0032, 0.0002, 0.0032, 0.0002, 0.0032,
        0.0002, 0.0032, 0.0002, 0.0032, 0.0002, 0.0032, 0.0002, 0.0032, 0.0002,
        0.0032, 0.0002, 0.0032, 0.0002, 0.0032, 0.0002, 0.0032, 0.0002, 0.0032,
        0.0002, 0.0032, 0.0002, 0.0032, 0.0002, 0.0032, 0.0002, 0.0032, 0.0002,
        0.0032, 0.0002, 0.0032, 0.0002, 0.0032, 0.0002, 0.0032, 0.0002, 0.0032,
        0.0002, 0.0032, 0.0002, 0.0032, 0.0002, 0.0032, 0.0002, 0.0032, 0.0002,
        0.0032, 0.0002, 0.0032, 0.0002, 0.0032, 0.0002, 0.0032, 0.0002, 0.0032,
        0.0002, 0.0032, 0.0002, 0.0032, 0.0002, 0.0032, 0.0002, 0.0032, 0.0002,
        0.0032, 0.0002, 0.0032, 0.0002, 0.0032, 0.0002, 0.0032, 0.0002, 0.0032,
        0.0002, 0.0032, 0.0002, 0.0032, 0.0002, 0.0032, 0.0002, 0.0032, 0.0002,
        0.0032, 0.0002, 0.0032, 0.0002, 0.0032, 0.0002, 0.0032, 0.0002, 0.0032,
        0.0002, 0.0032, 0.0002, 0.0032, 0.0002, 0.0032, 0.0002, 0.0032, 0.0002,
        0.0032, 0.0002, 0.0032, 0.0002, 0.0032, 0.0002, 0.0032, 0.0002, 0.0032,
        0.0002, 0.0032, 0.0002, 0.0032, 0.0002, 0.0032, 0.0002, 0.0032, 0.0002,
        0.0032, 0.0002, 0.0032, 0.0002, 0.0032, 0.0002, 0.0032, 0.0002, 0.0032,
        0.0002, 0.0032, 0.0002, 0.0032, 0.0002, 0.0032, 0.0002, 0.0032, 0.0002,
        0.0032, 0.0002, 0.0032, 0.0002, 0.0032, 0.0002, 0.0032, 0.0002, 0.0032,
        0.0002, 0.0032, 0.0002, 0.0032, 0.0002, 0.0032, 0.0002, 0.0032, 0.0002,
        0.0032, 0.0002, 0.0032, 0.0002, 0.0032, 0.0002, 0.0032, 0.0002, 0.0032,
        0.0002, 0.0032, 0.0002, 0.0032, 0.0002, 0.0032, 0.0002, 0.0032, 0.0002,
        0.0032, 0.0002, 0.0032, 0.0002, 0.0032, 0.0002, 0.0032, 0.0002, 0.0032,
        0.0002, 0.0032, 0.0002, 0.0032, 0.0002, 0.0032, 0.0002, 0.0032, 0.0002,
        0.0032, 0.0002, 0.0032, 0.0002, 0.0032, 0.0002, 0.0032, 0.0002, 0.0032,
        0.0002, 0.0032, 0.0002, 0.0032, 0.0002, 0.0032, 0.0002, 0.0032, 0.0002,
        0.0032, 0.0002, 0.0032, 0.0002, 0.0032, 0.0002, 0.0032, 0.0002, 0.0032,
        0.0002, 0.0032, 0.0002, 0.0032, 0.0002, 0.0032, 0.0002, 0.0032, 0.0002,
        0.0032, 0.0002, 0.0032, 0.0002, 0.0032, 0.0002, 0.0032, 0.0002, 0.0032,
        0.0002, 0.0032, 0.0002, 0.0032, 0.0002, 0.0032, 0.0002, 0.0032, 0.0002,
        0.0032, 0.0002, 0.0032, 0.0002, 0.0032, 0.0002, 0.0032, 0.0002, 0.0032,
        0.0002, 0.0032, 0.0002, 0.0032, 0.0002, 0.0032, 0.0002, 0.0032, 0.0002,
        0.0032, 0.0002, 0.0032, 0.0002, 0.0032, 0.0002, 0.0032, 0.0002, 0.0032,
        0.0002, 0.0032, 0.0002, 0.0032, 0.0002, 0.0032, 0.0002, 0.0032, 0.0002,
        0.0032, 0.0002, 0.0032, 0.0002, 0.0032, 0.0002, 0.0032, 0.0002, 0.0032,
        0.0002, 0.0032, 0.0002, 0.0032, 0.0002, 0.0032, 0.0002, 0.0032, 0.0002,
        0.0032, 0.0002, 0.0032, 0.0002, 0.0032, 0.0002, 0.0032, 0.0002, 0.0032,
        0.0002, 0.0032, 0.0002, 0.0032, 0.0002, 0.0032, 0.0002, 0.0032, 0.0002,
        0.0032, 0.0002, 0.0032, 0.0002, 0.0032, 0.0002, 0.0032, 0.0002, 0.0032,
        0.0002, 0.0032, 0.0002, 0.0032, 0.0002, 0.0032, 0.0002, 0.0032, 0.0002,
        0.0032, 0.0002, 0.0032, 0.0002, 0.0032, 0.0002, 0.0032, 0.0002, 0.0032,
        0.0002, 0.0032, 0.0002, 0.0032, 0.0002, 0.0032, 0.0002, 0.0032, 0.0002,
        0.0032, 0.0002, 0.0032, 0.0002, 0.0032, 0.0002, 0.0032, 0.0002, 0.0032,
        0.0002, 0.0032, 0.0002, 0.0032, 0.0002, 0.0032, 0.0002, 0.0032, 0.0002,
        0.0032, 0.0002, 0.0032, 0.0002, 0.0032, 0.0002, 0.0032, 0.0002, 0.0032,
        0.0002, 0.0032, 0.0002, 0.0032, 0.0002, 0.0032, 0.0002, 0.0032, 0.0002,
        0.0032, 0.0002, 0.0032, 0.0002, 0.0032, 0.0002, 0.0032, 0.0002, 0.0032,
        0.0002, 0.0032, 0.0002, 0.0032, 0.0002, 0.0032])
tensor([0.0032, 0.0002, 0.0032, 0.0002, 0.0032, 0.0002, 0.0032, 0.0002, 0.0032,
        0.0002, 0.0032, 0.0002, 0.0032, 0.0002, 0.0032, 0.0002, 0.0032, 0.0002,
        0.0032, 0.0002, 0.0032, 0.0002, 0.0032, 0.0002, 0.0032, 0.0002, 0.0032,
        0.0002, 0.0032, 0.0002, 0.0032, 0.0002, 0.0032, 0.0002, 0.0032, 0.0002,
        0.0032, 0.0002, 0.0032, 0.0002, 0.0032, 0.0002, 0.0032, 0.0002, 0.0032,
        0.0002, 0.0032, 0.0002, 0.0032, 0.0002, 0.0032, 0.0002, 0.0032, 0.0002,
        0.0032, 0.0002, 0.0032, 0.0002, 0.0032, 0.0002, 0.0032, 0.0002, 0.0032,
        0.0002, 0.0032, 0.0002, 0.0032, 0.0002, 0.0032, 0.0002, 0.0032, 0.0002,
        0.0032, 0.0002, 0.0032, 0.0002, 0.0032, 0.0002, 0.0032, 0.0002, 0.0032,
        0.0002, 0.0032, 0.0002, 0.0032, 0.0002, 0.0032, 0.0002, 0.0032, 0.0002,
        0.0032, 0.0002, 0.0032, 0.0002, 0.0032, 0.0002, 0.0032, 0.0002, 0.0032,
        0.0002, 0.0032, 0.0002, 0.0032, 0.0002, 0.0032, 0.0002, 0.0032, 0.0002,
        0.0032, 0.0002, 0.0032, 0.0002, 0.0032, 0.0002, 0.0032, 0.0002, 0.0032,
        0.0002, 0.0032, 0.0002, 0.0032, 0.0002, 0.0032, 0.0002, 0.0032, 0.0002,
        0.0032, 0.0002, 0.0032, 0.0002, 0.0032, 0.0002, 0.0032, 0.0002, 0.0032,
        0.0002, 0.0032, 0.0002, 0.0032, 0.0002, 0.0032, 0.0002, 0.0032, 0.0002,
        0.0032, 0.0002, 0.0032, 0.0002, 0.0032, 0.0002, 0.0032, 0.0002, 0.0032,
        0.0002, 0.0032, 0.0002, 0.0032, 0.0002, 0.0032, 0.0002, 0.0032, 0.0002,
        0.0032, 0.0002, 0.0032, 0.0002, 0.0032, 0.0002, 0.0032, 0.0002, 0.0032,
        0.0002, 0.0032, 0.0002, 0.0032, 0.0002, 0.0032, 0.0002, 0.0032, 0.0002,
        0.0032, 0.0002, 0.0032, 0.0002, 0.0032, 0.0002, 0.0032, 0.0002, 0.0032,
        0.0002, 0.0032, 0.0002, 0.0032, 0.0002, 0.0032, 0.0002, 0.0032, 0.0002,
        0.0032, 0.0002, 0.0032, 0.0002, 0.0032, 0.0002, 0.0032, 0.0002, 0.0032,
        0.0002, 0.0032, 0.0002, 0.0032, 0.0002, 0.0032, 0.0002, 0.0032, 0.0002,
        0.0032, 0.0002, 0.0032, 0.0002, 0.0032, 0.0002, 0.0032, 0.0002, 0.0032,
        0.0002, 0.0032, 0.0002, 0.0032, 0.0002, 0.0032, 0.0002, 0.0032, 0.0002,
        0.0032, 0.0002, 0.0032, 0.0002, 0.0032, 0.0002, 0.0032, 0.0002, 0.0032,
        0.0002, 0.0032, 0.0002, 0.0032, 0.0002, 0.0032, 0.0002, 0.0032, 0.0002,
        0.0032, 0.0002, 0.0032, 0.0002, 0.0032, 0.0002, 0.0032, 0.0002, 0.0032,
        0.0002, 0.0032, 0.0002, 0.0032, 0.0002, 0.0032, 0.0002, 0.0032, 0.0002,
        0.0032, 0.0002, 0.0032, 0.0002, 0.0032, 0.0002, 0.0032, 0.0002, 0.0032,
        0.0002, 0.0032, 0.0002, 0.0032, 0.0002, 0.0032, 0.0002, 0.0032, 0.0002,
        0.0032, 0.0002, 0.0032, 0.0002, 0.0032, 0.0002, 0.0032, 0.0002, 0.0032,
        0.0002, 0.0032, 0.0002, 0.0032, 0.0002, 0.0032, 0.0002, 0.0032, 0.0002,
        0.0032, 0.0002, 0.0032, 0.0002, 0.0032, 0.0002, 0.0032, 0.0002, 0.0032,
        0.0002, 0.0032, 0.0002, 0.0032, 0.0002, 0.0032, 0.0002, 0.0032, 0.0002,
        0.0032, 0.0002, 0.0032, 0.0002, 0.0032, 0.0002, 0.0032, 0.0002, 0.0032,
        0.0002, 0.0032, 0.0002, 0.0032, 0.0002, 0.0032, 0.0002, 0.0032, 0.0002,
        0.0032, 0.0002, 0.0032, 0.0002, 0.0032, 0.0002, 0.0032, 0.0002, 0.0032,
        0.0002, 0.0032, 0.0002, 0.0032, 0.0002, 0.0032, 0.0002, 0.0032, 0.0002,
        0.0032, 0.0002, 0.0032, 0.0002, 0.0032, 0.0002, 0.0032, 0.0002, 0.0032,
        0.0002, 0.0032, 0.0002, 0.0032, 0.0002, 0.0032, 0.0002, 0.0032, 0.0002,
        0.0032, 0.0002, 0.0032, 0.0002, 0.0032, 0.0002, 0.0032, 0.0002, 0.0032,
        0.0002, 0.0032, 0.0002, 0.0032, 0.0002, 0.0032, 0.0002, 0.0032, 0.0002,
        0.0032, 0.0002, 0.0032, 0.0002, 0.0032, 0.0002, 0.0032, 0.0002, 0.0032,
        0.0002, 0.0032, 0.0002, 0.0032, 0.0002, 0.0032, 0.0002, 0.0032, 0.0002,
        0.0032, 0.0002, 0.0032, 0.0002, 0.0032, 0.0002, 0.0032, 0.0002, 0.0032,
        0.0002, 0.0032, 0.0002, 0.0032, 0.0002, 0.0032, 0.0002, 0.0032, 0.0002,
        0.0032, 0.0002, 0.0032, 0.0002, 0.0032, 0.0002, 0.0032, 0.0002, 0.0032,
        0.0002, 0.0032, 0.0002, 0.0032, 0.0002, 0.0032, 0.0002, 0.0032, 0.0002,
        0.0032, 0.0002, 0.0032, 0.0002, 0.0032, 0.0002, 0.0032, 0.0002, 0.0032,
        0.0002, 0.0032, 0.0002, 0.0032, 0.0002, 0.0032, 0.0002, 0.0032, 0.0002,
        0.0032, 0.0002, 0.0032, 0.0002, 0.0032, 0.0002, 0.0032, 0.0002, 0.0032,
        0.0002, 0.0032, 0.0002, 0.0032, 0.0002, 0.0032, 0.0002, 0.0032, 0.0002,
        0.0032, 0.0002, 0.0032, 0.0002, 0.0032, 0.0002, 0.0032, 0.0002, 0.0032,
        0.0002, 0.0032, 0.0002, 0.0032, 0.0002, 0.0032, 0.0002, 0.0032, 0.0002,
        0.0032, 0.0002, 0.0032, 0.0002, 0.0032, 0.0002, 0.0032, 0.0002, 0.0032,
        0.0002, 0.0032, 0.0002, 0.0032, 0.0002, 0.0032, 0.0002, 0.0032, 0.0002,
        0.0032, 0.0002, 0.0032, 0.0002, 0.0032, 0.0002, 0.0032, 0.0002, 0.0032,
        0.0002, 0.0032, 0.0002, 0.0032, 0.0002, 0.0032, 0.0002, 0.0032, 0.0002,
        0.0032, 0.0002, 0.0032, 0.0002, 0.0032, 0.0002, 0.0032, 0.0002, 0.0032,
        0.0002, 0.0032, 0.0002, 0.0032, 0.0002, 0.0032, 0.0002, 0.0032, 0.0002,
        0.0032, 0.0002, 0.0032, 0.0002, 0.0032, 0.0002, 0.0032, 0.0002, 0.0032,
        0.0002, 0.0032, 0.0002, 0.0032, 0.0002, 0.0032, 0.0002, 0.0032, 0.0002,
        0.0032, 0.0002, 0.0032, 0.0002, 0.0032, 0.0002, 0.0032, 0.0002, 0.0032,
        0.0002, 0.0032, 0.0002, 0.0032, 0.0002, 0.0032, 0.0002, 0.0032, 0.0002,
        0.0032, 0.0002, 0.0032, 0.0002, 0.0032, 0.0002])
lapuelltwo, alpha=1, sample size=30000
#########################################
tensor(0.0038, device='cuda:0')
(1, 600, 0.0015, 1, 30000, 'elltwo', 'lapu', 0.0037975311279296875, 0.4910000264644623, 12.845356702804565, '2024-05-13 22:00:09')
pval: [0.49100003] -- 1th test, time elapsed 12.845356702804565 -- emperical power so far: 0.0
db insert success
tensor(11.1446, device='cuda:0')
(2, 600, 0.0015, 1, 30000, 'elltwo', 'lapu', 11.144617080688477, 0.1550000011920929, 10.140535354614258, '2024-05-13 22:00:27')
pval: [0.155] -- 2th test, time elapsed 10.140535354614258 -- emperical power so far: 0.0
db insert success
tensor(-4.0291, device='cuda:0')
(3, 600, 0.0015, 1, 30000, 'elltwo', 'lapu', -4.029126167297363, 0.6060000061988831, 10.147663116455078, '2024-05-13 22:00:43')
pval: [0.60600001] -- 3th test, time elapsed 10.147663116455078 -- emperical power so far: 0.0
db insert success
tensor(17.3829, device='cuda:0')
(4, 600, 0.0015, 1, 30000, 'elltwo', 'lapu', 17.382890701293945, 0.06000000238418579, 10.13801097869873, '2024-05-13 22:01:10')
pval: [0.06] -- 4th test, time elapsed 10.13801097869873 -- emperical power so far: 0.0
db insert success
tensor(8.4931, device='cuda:0')
(5, 600, 0.0015, 1, 30000, 'elltwo', 'lapu', 8.493095397949219, 0.23100000619888306, 10.142410516738892, '2024-05-13 22:01:22')
pval: [0.23100001] -- 5th test, time elapsed 10.142410516738892 -- emperical power so far: 0.0
db insert success
tensor(-4.5670, device='cuda:0')
(6, 600, 0.0015, 1, 30000, 'elltwo', 'lapu', -4.566976547241211, 0.6460000276565552, 10.140090703964233, '2024-05-13 22:01:41')
pval: [0.64600003] -- 6th test, time elapsed 10.140090703964233 -- emperical power so far: 0.0
db insert success
tensor(1.4132, device='cuda:0')
(7, 600, 0.0015, 1, 30000, 'elltwo', 'lapu', 1.413217544555664, 0.42500001192092896, 10.129198551177979, '2024-05-13 22:02:07')
pval: [0.42500001] -- 7th test, time elapsed 10.129198551177979 -- emperical power so far: 0.0
db insert success
tensor(23.1197, device='cuda:0')
(8, 600, 0.0015, 1, 30000, 'elltwo', 'lapu', 23.119670867919922, 0.021000001579523087, 10.13105845451355, '2024-05-13 22:02:23')
pval: [0.021] -- 8th test, time elapsed 10.13105845451355 -- emperical power so far: 0.125
db insert success
tensor(-5.0732, device='cuda:0')
(9, 600, 0.0015, 1, 30000, 'elltwo', 'lapu', -5.0731682777404785, 0.6720000505447388, 10.138803005218506, '2024-05-13 22:02:53')
pval: [0.67200005] -- 9th test, time elapsed 10.138803005218506 -- emperical power so far: 0.1111111111111111
db insert success
tensor(5.7543, device='cuda:0')
(10, 600, 0.0015, 1, 30000, 'elltwo', 'lapu', 5.754308700561523, 0.2850000262260437, 10.195092678070068, '2024-05-13 22:03:19')
pval: [0.28500003] -- 10th test, time elapsed 10.195092678070068 -- emperical power so far: 0.1
db insert success
tensor(-3.1107, device='cuda:0')
(11, 600, 0.0015, 1, 30000, 'elltwo', 'lapu', -3.110708475112915, 0.5910000205039978, 10.149928569793701, '2024-05-13 22:03:40')
pval: [0.59100002] -- 11th test, time elapsed 10.149928569793701 -- emperical power so far: 0.09090909090909091
db insert success
tensor(20.9576, device='cuda:0')
(12, 600, 0.0015, 1, 30000, 'elltwo', 'lapu', 20.957576751708984, 0.026000000536441803, 10.152316093444824, '2024-05-13 22:03:59')
pval: [0.026] -- 12th test, time elapsed 10.152316093444824 -- emperical power so far: 0.16666666666666666
db insert success
tensor(8.3089, device='cuda:0')
(13, 600, 0.0015, 1, 30000, 'elltwo', 'lapu', 8.308893203735352, 0.2120000123977661, 10.147140264511108, '2024-05-13 22:04:14')
pval: [0.21200001] -- 13th test, time elapsed 10.147140264511108 -- emperical power so far: 0.15384615384615385
db insert success
tensor(2.2700, device='cuda:0')
(14, 600, 0.0015, 1, 30000, 'elltwo', 'lapu', 2.2700257301330566, 0.3850000202655792, 10.146722078323364, '2024-05-13 22:04:29')
pval: [0.38500002] -- 14th test, time elapsed 10.146722078323364 -- emperical power so far: 0.14285714285714285
db insert success
tensor(-10.7288, device='cuda:0')
(15, 600, 0.0015, 1, 30000, 'elltwo', 'lapu', -10.72877311706543, 0.8320000171661377, 10.149364233016968, '2024-05-13 22:04:40')
pval: [0.83200002] -- 15th test, time elapsed 10.149364233016968 -- emperical power so far: 0.13333333333333333
db insert success
tensor(-6.4417, device='cuda:0')
(16, 600, 0.0015, 1, 30000, 'elltwo', 'lapu', -6.441696643829346, 0.7070000171661377, 10.163115501403809, '2024-05-13 22:05:03')
pval: [0.70700002] -- 16th test, time elapsed 10.163115501403809 -- emperical power so far: 0.125
db insert success
tensor(17.3989, device='cuda:0')
(17, 600, 0.0015, 1, 30000, 'elltwo', 'lapu', 17.398883819580078, 0.058000002056360245, 10.141001462936401, '2024-05-13 22:05:17')
pval: [0.058] -- 17th test, time elapsed 10.141001462936401 -- emperical power so far: 0.11764705882352941
db insert success
tensor(13.5832, device='cuda:0')
(18, 600, 0.0015, 1, 30000, 'elltwo', 'lapu', 13.58315658569336, 0.12200000882148743, 10.149144649505615, '2024-05-13 22:05:33')
pval: [0.12200001] -- 18th test, time elapsed 10.149144649505615 -- emperical power so far: 0.1111111111111111
db insert success
tensor(20.1296, device='cuda:0')
(19, 600, 0.0015, 1, 30000, 'elltwo', 'lapu', 20.129608154296875, 0.049000002443790436, 10.150246381759644, '2024-05-13 22:05:46')
pval: [0.049] -- 19th test, time elapsed 10.150246381759644 -- emperical power so far: 0.15789473684210525
db insert success
tensor(16.3853, device='cuda:0')
(20, 600, 0.0015, 1, 30000, 'elltwo', 'lapu', 16.385284423828125, 0.07900000363588333, 10.138256788253784, '2024-05-13 22:05:59')
pval: [0.079] -- 20th test, time elapsed 10.138256788253784 -- emperical power so far: 0.15
db insert success
tensor(-0.0373, device='cuda:0')
(21, 600, 0.0015, 1, 30000, 'elltwo', 'lapu', -0.03727768361568451, 0.5049999952316284, 10.13850212097168, '2024-05-13 22:06:10')
pval: [0.505] -- 21th test, time elapsed 10.13850212097168 -- emperical power so far: 0.14285714285714285
db insert success
tensor(-9.2662, device='cuda:0')
(22, 600, 0.0015, 1, 30000, 'elltwo', 'lapu', -9.266183853149414, 0.7890000343322754, 10.172733306884766, '2024-05-13 22:06:28')
pval: [0.78900003] -- 22th test, time elapsed 10.172733306884766 -- emperical power so far: 0.13636363636363635
db insert success
tensor(3.5563, device='cuda:0')
(23, 600, 0.0015, 1, 30000, 'elltwo', 'lapu', 3.5562853813171387, 0.3760000169277191, 10.165160179138184, '2024-05-13 22:06:51')
pval: [0.37600002] -- 23th test, time elapsed 10.165160179138184 -- emperical power so far: 0.13043478260869565
db insert success
tensor(6.4210, device='cuda:0')
(24, 600, 0.0015, 1, 30000, 'elltwo', 'lapu', 6.42104959487915, 0.2800000011920929, 10.142662286758423, '2024-05-13 22:07:06')
pval: [0.28] -- 24th test, time elapsed 10.142662286758423 -- emperical power so far: 0.125
db insert success
tensor(-0.8886, device='cuda:0')
(25, 600, 0.0015, 1, 30000, 'elltwo', 'lapu', -0.8885549306869507, 0.5480000376701355, 10.145621061325073, '2024-05-13 22:07:36')
pval: [0.54800004] -- 25th test, time elapsed 10.145621061325073 -- emperical power so far: 0.12
db insert success
tensor(2.7908, device='cuda:0')
(26, 600, 0.0015, 1, 30000, 'elltwo', 'lapu', 2.790846347808838, 0.3760000169277191, 10.140387773513794, '2024-05-13 22:07:50')
pval: [0.37600002] -- 26th test, time elapsed 10.140387773513794 -- emperical power so far: 0.11538461538461539
db insert success
tensor(-2.9805, device='cuda:0')
(27, 600, 0.0015, 1, 30000, 'elltwo', 'lapu', -2.980508804321289, 0.6350000500679016, 10.137940406799316, '2024-05-13 22:08:10')
pval: [0.63500005] -- 27th test, time elapsed 10.137940406799316 -- emperical power so far: 0.1111111111111111
db insert success
tensor(21.8570, device='cuda:0')
(28, 600, 0.0015, 1, 30000, 'elltwo', 'lapu', 21.856975555419922, 0.03800000250339508, 10.132571458816528, '2024-05-13 22:08:26')
pval: [0.038] -- 28th test, time elapsed 10.132571458816528 -- emperical power so far: 0.14285714285714285
db insert success
tensor(19.2967, device='cuda:0')
(29, 600, 0.0015, 1, 30000, 'elltwo', 'lapu', 19.29670524597168, 0.04800000041723251, 10.12850570678711, '2024-05-13 22:08:42')
pval: [0.048] -- 29th test, time elapsed 10.12850570678711 -- emperical power so far: 0.1724137931034483
db insert success
tensor(-7.8496, device='cuda:0')
(30, 600, 0.0015, 1, 30000, 'elltwo', 'lapu', -7.849633693695068, 0.7710000276565552, 10.13655686378479, '2024-05-13 22:09:09')
pval: [0.77100003] -- 30th test, time elapsed 10.13655686378479 -- emperical power so far: 0.16666666666666666
db insert success
tensor(0.8866, device='cuda:0')
(31, 600, 0.0015, 1, 30000, 'elltwo', 'lapu', 0.8865890502929688, 0.4880000352859497, 10.141794919967651, '2024-05-13 22:09:33')
pval: [0.48800004] -- 31th test, time elapsed 10.141794919967651 -- emperical power so far: 0.16129032258064516
db insert success
tensor(18.8094, device='cuda:0')
(32, 600, 0.0015, 1, 30000, 'elltwo', 'lapu', 18.80937957763672, 0.0560000017285347, 10.152710437774658, '2024-05-13 22:10:02')
pval: [0.056] -- 32th test, time elapsed 10.152710437774658 -- emperical power so far: 0.15625
db insert success
tensor(5.0461, device='cuda:0')
(33, 600, 0.0015, 1, 30000, 'elltwo', 'lapu', 5.046066761016846, 0.3100000023841858, 10.129583358764648, '2024-05-13 22:10:31')
pval: [0.31] -- 33th test, time elapsed 10.129583358764648 -- emperical power so far: 0.15151515151515152
db insert success
tensor(13.6356, device='cuda:0')
(34, 600, 0.0015, 1, 30000, 'elltwo', 'lapu', 13.635575294494629, 0.10900000482797623, 10.133782386779785, '2024-05-13 22:10:52')
pval: [0.109] -- 34th test, time elapsed 10.133782386779785 -- emperical power so far: 0.14705882352941177
db insert success
tensor(-11.8768, device='cuda:0')
(35, 600, 0.0015, 1, 30000, 'elltwo', 'lapu', -11.876838684082031, 0.843000054359436, 10.138013124465942, '2024-05-13 22:11:09')
pval: [0.84300005] -- 35th test, time elapsed 10.138013124465942 -- emperical power so far: 0.14285714285714285
db insert success
tensor(12.0762, device='cuda:0')
(36, 600, 0.0015, 1, 30000, 'elltwo', 'lapu', 12.076152801513672, 0.16300000250339508, 10.138625621795654, '2024-05-13 22:11:35')
pval: [0.163] -- 36th test, time elapsed 10.138625621795654 -- emperical power so far: 0.1388888888888889
db insert success
tensor(16.6706, device='cuda:0')
(37, 600, 0.0015, 1, 30000, 'elltwo', 'lapu', 16.670608520507812, 0.07600000500679016, 10.124141931533813, '2024-05-13 22:11:56')
pval: [0.07600001] -- 37th test, time elapsed 10.124141931533813 -- emperical power so far: 0.13513513513513514
db insert success
tensor(2.5814, device='cuda:0')
(38, 600, 0.0015, 1, 30000, 'elltwo', 'lapu', 2.5814287662506104, 0.39500001072883606, 10.135792970657349, '2024-05-13 22:12:10')
pval: [0.39500001] -- 38th test, time elapsed 10.135792970657349 -- emperical power so far: 0.13157894736842105
db insert success
tensor(10.8627, device='cuda:0')
(39, 600, 0.0015, 1, 30000, 'elltwo', 'lapu', 10.862710952758789, 0.16500000655651093, 10.134214878082275, '2024-05-13 22:12:32')
pval: [0.16500001] -- 39th test, time elapsed 10.134214878082275 -- emperical power so far: 0.1282051282051282
db insert success
tensor(9.7807, device='cuda:0')
(40, 600, 0.0015, 1, 30000, 'elltwo', 'lapu', 9.780695915222168, 0.1810000091791153, 10.123255491256714, '2024-05-13 22:12:54')
pval: [0.18100001] -- 40th test, time elapsed 10.123255491256714 -- emperical power so far: 0.125
db insert success
tensor(-3.0783, device='cuda:0')
(41, 600, 0.0015, 1, 30000, 'elltwo', 'lapu', -3.0782532691955566, 0.6110000014305115, 10.143319845199585, '2024-05-13 22:13:05')
pval: [0.611] -- 41th test, time elapsed 10.143319845199585 -- emperical power so far: 0.12195121951219512
db insert success
tensor(11.3554, device='cuda:0')
(42, 600, 0.0015, 1, 30000, 'elltwo', 'lapu', 11.355415344238281, 0.18800000846385956, 10.131795167922974, '2024-05-13 22:13:25')
pval: [0.18800001] -- 42th test, time elapsed 10.131795167922974 -- emperical power so far: 0.11904761904761904
db insert success
tensor(11.0667, device='cuda:0')
(43, 600, 0.0015, 1, 30000, 'elltwo', 'lapu', 11.066696166992188, 0.164000004529953, 10.139524221420288, '2024-05-13 22:13:48')
pval: [0.164] -- 43th test, time elapsed 10.139524221420288 -- emperical power so far: 0.11627906976744186
db insert success
tensor(-3.4708, device='cuda:0')
(44, 600, 0.0015, 1, 30000, 'elltwo', 'lapu', -3.470783233642578, 0.6370000243186951, 10.143669843673706, '2024-05-13 22:14:12')
pval: [0.63700002] -- 44th test, time elapsed 10.143669843673706 -- emperical power so far: 0.11363636363636363
db insert success
tensor(13.6500, device='cuda:0')
(45, 600, 0.0015, 1, 30000, 'elltwo', 'lapu', 13.65002727508545, 0.09100000560283661, 10.135477066040039, '2024-05-13 22:14:31')
pval: [0.09100001] -- 45th test, time elapsed 10.135477066040039 -- emperical power so far: 0.1111111111111111
db insert success
tensor(17.0126, device='cuda:0')
(46, 600, 0.0015, 1, 30000, 'elltwo', 'lapu', 17.012622833251953, 0.07500000298023224, 10.15386962890625, '2024-05-13 22:14:56')
pval: [0.075] -- 46th test, time elapsed 10.15386962890625 -- emperical power so far: 0.10869565217391304
db insert success
tensor(-8.2219, device='cuda:0')
(47, 600, 0.0015, 1, 30000, 'elltwo', 'lapu', -8.221946716308594, 0.76500004529953, 10.129319190979004, '2024-05-13 22:15:08')
pval: [0.76500005] -- 47th test, time elapsed 10.129319190979004 -- emperical power so far: 0.10638297872340426
db insert success
tensor(6.4847, device='cuda:0')
(48, 600, 0.0015, 1, 30000, 'elltwo', 'lapu', 6.484686851501465, 0.25699999928474426, 10.127500295639038, '2024-05-13 22:15:37')
pval: [0.257] -- 48th test, time elapsed 10.127500295639038 -- emperical power so far: 0.10416666666666667
db insert success
tensor(-3.8371, device='cuda:0')
(49, 600, 0.0015, 1, 30000, 'elltwo', 'lapu', -3.83705997467041, 0.6190000176429749, 10.1310396194458, '2024-05-13 22:15:56')
pval: [0.61900002] -- 49th test, time elapsed 10.1310396194458 -- emperical power so far: 0.10204081632653061
db insert success
tensor(7.7695, device='cuda:0')
(50, 600, 0.0015, 1, 30000, 'elltwo', 'lapu', 7.769474029541016, 0.22500000894069672, 10.139629125595093, '2024-05-13 22:16:10')
pval: [0.22500001] -- 50th test, time elapsed 10.139629125595093 -- emperical power so far: 0.1
db insert success
tensor(6.8591, device='cuda:0')
(51, 600, 0.0015, 1, 30000, 'elltwo', 'lapu', 6.8590803146362305, 0.2510000169277191, 10.140107870101929, '2024-05-13 22:16:30')
pval: [0.25100002] -- 51th test, time elapsed 10.140107870101929 -- emperical power so far: 0.09803921568627451
db insert success
tensor(14.9328, device='cuda:0')
(52, 600, 0.0015, 1, 30000, 'elltwo', 'lapu', 14.932841300964355, 0.11100000888109207, 10.13048529624939, '2024-05-13 22:16:46')
pval: [0.11100001] -- 52th test, time elapsed 10.13048529624939 -- emperical power so far: 0.09615384615384616
db insert success
tensor(11.4504, device='cuda:0')
(53, 600, 0.0015, 1, 30000, 'elltwo', 'lapu', 11.450444221496582, 0.15900000929832458, 10.133350610733032, '2024-05-13 22:17:10')
pval: [0.15900001] -- 53th test, time elapsed 10.133350610733032 -- emperical power so far: 0.09433962264150944
db insert success
tensor(4.1495, device='cuda:0')
(54, 600, 0.0015, 1, 30000, 'elltwo', 'lapu', 4.149508476257324, 0.36000001430511475, 10.137325048446655, '2024-05-13 22:17:22')
pval: [0.36000001] -- 54th test, time elapsed 10.137325048446655 -- emperical power so far: 0.09259259259259259
db insert success
tensor(10.0880, device='cuda:0')
(55, 600, 0.0015, 1, 30000, 'elltwo', 'lapu', 10.087959289550781, 0.20400001108646393, 10.141834497451782, '2024-05-13 22:17:39')
pval: [0.20400001] -- 55th test, time elapsed 10.141834497451782 -- emperical power so far: 0.09090909090909091
db insert success
tensor(16.3649, device='cuda:0')
(56, 600, 0.0015, 1, 30000, 'elltwo', 'lapu', 16.3648624420166, 0.06300000101327896, 10.130217790603638, '2024-05-13 22:17:54')
pval: [0.063] -- 56th test, time elapsed 10.130217790603638 -- emperical power so far: 0.08928571428571429
db insert success
tensor(-13.1385, device='cuda:0')
(57, 600, 0.0015, 1, 30000, 'elltwo', 'lapu', -13.138483047485352, 0.8810000419616699, 10.145587921142578, '2024-05-13 22:18:09')
pval: [0.88100004] -- 57th test, time elapsed 10.145587921142578 -- emperical power so far: 0.08771929824561403
db insert success
tensor(-2.3328, device='cuda:0')
(58, 600, 0.0015, 1, 30000, 'elltwo', 'lapu', -2.332780361175537, 0.581000030040741, 10.1364164352417, '2024-05-13 22:18:20')
pval: [0.58100003] -- 58th test, time elapsed 10.1364164352417 -- emperical power so far: 0.08620689655172414
db insert success
tensor(-10.2815, device='cuda:0')
(59, 600, 0.0015, 1, 30000, 'elltwo', 'lapu', -10.281468391418457, 0.8240000605583191, 10.139014720916748, '2024-05-13 22:18:42')
pval: [0.82400006] -- 59th test, time elapsed 10.139014720916748 -- emperical power so far: 0.0847457627118644
db insert success
tensor(15.0598, device='cuda:0')
(60, 600, 0.0015, 1, 30000, 'elltwo', 'lapu', 15.059822082519531, 0.08400000631809235, 10.148068189620972, '2024-05-13 22:18:56')
pval: [0.08400001] -- 60th test, time elapsed 10.148068189620972 -- emperical power so far: 0.08333333333333333
db insert success
tensor(8.0221, device='cuda:0')
(61, 600, 0.0015, 1, 30000, 'elltwo', 'lapu', 8.02208137512207, 0.22500000894069672, 10.139541625976562, '2024-05-13 22:19:08')
pval: [0.22500001] -- 61th test, time elapsed 10.139541625976562 -- emperical power so far: 0.08196721311475409
db insert success
tensor(-10.2092, device='cuda:0')
(62, 600, 0.0015, 1, 30000, 'elltwo', 'lapu', -10.209236145019531, 0.8280000686645508, 10.7624671459198, '2024-05-13 22:19:20')
pval: [0.82800007] -- 62th test, time elapsed 10.7624671459198 -- emperical power so far: 0.08064516129032258
db insert success
tensor(-12.3738, device='cuda:0')
(63, 600, 0.0015, 1, 30000, 'elltwo', 'lapu', -12.373781204223633, 0.8700000643730164, 10.849431991577148, '2024-05-13 22:19:44')
pval: [0.87000006] -- 63th test, time elapsed 10.849431991577148 -- emperical power so far: 0.07936507936507936
db insert success
tensor(2.9008, device='cuda:0')
(64, 600, 0.0015, 1, 30000, 'elltwo', 'lapu', 2.9007654190063477, 0.37700000405311584, 10.82429051399231, '2024-05-13 22:20:04')
pval: [0.377] -- 64th test, time elapsed 10.82429051399231 -- emperical power so far: 0.078125
db insert success
tensor(12.8720, device='cuda:0')
(65, 600, 0.0015, 1, 30000, 'elltwo', 'lapu', 12.871975898742676, 0.12200000882148743, 10.842893362045288, '2024-05-13 22:20:17')
pval: [0.12200001] -- 65th test, time elapsed 10.842893362045288 -- emperical power so far: 0.07692307692307693
db insert success
tensor(4.8067, device='cuda:0')
(66, 600, 0.0015, 1, 30000, 'elltwo', 'lapu', 4.80670690536499, 0.31200000643730164, 10.848780155181885, '2024-05-13 22:20:31')
pval: [0.31200001] -- 66th test, time elapsed 10.848780155181885 -- emperical power so far: 0.07575757575757576
db insert success
tensor(4.0444, device='cuda:0')
(67, 600, 0.0015, 1, 30000, 'elltwo', 'lapu', 4.044444561004639, 0.3500000238418579, 10.828999757766724, '2024-05-13 22:20:47')
pval: [0.35000002] -- 67th test, time elapsed 10.828999757766724 -- emperical power so far: 0.07462686567164178
db insert success
tensor(10.9532, device='cuda:0')
(68, 600, 0.0015, 1, 30000, 'elltwo', 'lapu', 10.953186988830566, 0.1770000010728836, 10.852192401885986, '2024-05-13 22:21:10')
pval: [0.177] -- 68th test, time elapsed 10.852192401885986 -- emperical power so far: 0.07352941176470588
db insert success
tensor(13.1854, device='cuda:0')
(69, 600, 0.0015, 1, 30000, 'elltwo', 'lapu', 13.185382843017578, 0.10500000417232513, 10.833260297775269, '2024-05-13 22:21:26')
pval: [0.105] -- 69th test, time elapsed 10.833260297775269 -- emperical power so far: 0.07246376811594203
db insert success
tensor(15.8157, device='cuda:0')
(70, 600, 0.0015, 1, 30000, 'elltwo', 'lapu', 15.815675735473633, 0.09200000762939453, 10.844423532485962, '2024-05-13 22:21:53')
pval: [0.09200001] -- 70th test, time elapsed 10.844423532485962 -- emperical power so far: 0.07142857142857142
db insert success
tensor(-7.9391, device='cuda:0')
(71, 600, 0.0015, 1, 30000, 'elltwo', 'lapu', -7.93912410736084, 0.7630000114440918, 10.84962272644043, '2024-05-13 22:22:09')
pval: [0.76300001] -- 71th test, time elapsed 10.84962272644043 -- emperical power so far: 0.07042253521126761
db insert success
tensor(13.9530, device='cuda:0')
(72, 600, 0.0015, 1, 30000, 'elltwo', 'lapu', 13.952956199645996, 0.11000000685453415, 10.839637279510498, '2024-05-13 22:22:25')
pval: [0.11000001] -- 72th test, time elapsed 10.839637279510498 -- emperical power so far: 0.06944444444444445
db insert success
tensor(-15.2532, device='cuda:0')
(73, 600, 0.0015, 1, 30000, 'elltwo', 'lapu', -15.253185272216797, 0.9170000553131104, 10.8186776638031, '2024-05-13 22:22:41')
pval: [0.91700006] -- 73th test, time elapsed 10.8186776638031 -- emperical power so far: 0.0684931506849315
db insert success
tensor(-16.3432, device='cuda:0')
(74, 600, 0.0015, 1, 30000, 'elltwo', 'lapu', -16.343162536621094, 0.9290000200271606, 10.828709125518799, '2024-05-13 22:23:00')
pval: [0.92900002] -- 74th test, time elapsed 10.828709125518799 -- emperical power so far: 0.06756756756756757
db insert success
tensor(-10.2175, device='cuda:0')
(75, 600, 0.0015, 1, 30000, 'elltwo', 'lapu', -10.217529296875, 0.815000057220459, 10.827040195465088, '2024-05-13 22:23:25')
pval: [0.81500006] -- 75th test, time elapsed 10.827040195465088 -- emperical power so far: 0.06666666666666667
db insert success
tensor(-0.4904, device='cuda:0')
(76, 600, 0.0015, 1, 30000, 'elltwo', 'lapu', -0.4904060363769531, 0.4960000216960907, 10.862657308578491, '2024-05-13 22:23:41')
pval: [0.49600002] -- 76th test, time elapsed 10.862657308578491 -- emperical power so far: 0.06578947368421052
db insert success
tensor(6.4147, device='cuda:0')
(77, 600, 0.0015, 1, 30000, 'elltwo', 'lapu', 6.414732456207275, 0.26900002360343933, 10.879958391189575, '2024-05-13 22:24:03')
pval: [0.26900002] -- 77th test, time elapsed 10.879958391189575 -- emperical power so far: 0.06493506493506493
db insert success
tensor(-7.9285, device='cuda:0')
(78, 600, 0.0015, 1, 30000, 'elltwo', 'lapu', -7.928539276123047, 0.7550000548362732, 10.824159860610962, '2024-05-13 22:24:34')
pval: [0.75500005] -- 78th test, time elapsed 10.824159860610962 -- emperical power so far: 0.0641025641025641
db insert success
tensor(17.0611, device='cuda:0')
(79, 600, 0.0015, 1, 30000, 'elltwo', 'lapu', 17.061119079589844, 0.0560000017285347, 10.58335542678833, '2024-05-13 22:24:59')
pval: [0.056] -- 79th test, time elapsed 10.58335542678833 -- emperical power so far: 0.06329113924050633
db insert success
tensor(6.8255, device='cuda:0')
(80, 600, 0.0015, 1, 30000, 'elltwo', 'lapu', 6.825485706329346, 0.24400001764297485, 10.826836347579956, '2024-05-13 22:25:10')
pval: [0.24400002] -- 80th test, time elapsed 10.826836347579956 -- emperical power so far: 0.0625
db insert success
tensor(7.9967, device='cuda:0')
(81, 600, 0.0015, 1, 30000, 'elltwo', 'lapu', 7.996687889099121, 0.23900000751018524, 10.842682361602783, '2024-05-13 22:25:30')
pval: [0.23900001] -- 81th test, time elapsed 10.842682361602783 -- emperical power so far: 0.06172839506172839
db insert success
tensor(7.0873, device='cuda:0')
(82, 600, 0.0015, 1, 30000, 'elltwo', 'lapu', 7.087281227111816, 0.25699999928474426, 10.824400901794434, '2024-05-13 22:25:50')
pval: [0.257] -- 82th test, time elapsed 10.824400901794434 -- emperical power so far: 0.06097560975609756
db insert success
tensor(30.2310, device='cuda:0')
(83, 600, 0.0015, 1, 30000, 'elltwo', 'lapu', 30.230972290039062, 0.004000000189989805, 10.829766511917114, '2024-05-13 22:26:17')
pval: [0.004] -- 83th test, time elapsed 10.829766511917114 -- emperical power so far: 0.07228915662650602
db insert success
tensor(14.6069, device='cuda:0')
(84, 600, 0.0015, 1, 30000, 'elltwo', 'lapu', 14.606863975524902, 0.09100000560283661, 10.830257415771484, '2024-05-13 22:26:40')
pval: [0.09100001] -- 84th test, time elapsed 10.830257415771484 -- emperical power so far: 0.07142857142857142
db insert success
tensor(14.7915, device='cuda:0')
(85, 600, 0.0015, 1, 30000, 'elltwo', 'lapu', 14.791520118713379, 0.11400000751018524, 10.826994180679321, '2024-05-13 22:27:10')
pval: [0.11400001] -- 85th test, time elapsed 10.826994180679321 -- emperical power so far: 0.07058823529411765
db insert success
tensor(0.0952, device='cuda:0')
(86, 600, 0.0015, 1, 30000, 'elltwo', 'lapu', 0.09523701667785645, 0.4880000352859497, 10.83306074142456, '2024-05-13 22:27:39')
pval: [0.48800004] -- 86th test, time elapsed 10.83306074142456 -- emperical power so far: 0.06976744186046512
db insert success
tensor(-4.4223, device='cuda:0')
(87, 600, 0.0015, 1, 30000, 'elltwo', 'lapu', -4.4222564697265625, 0.6310000419616699, 10.825231075286865, '2024-05-13 22:28:03')
pval: [0.63100004] -- 87th test, time elapsed 10.825231075286865 -- emperical power so far: 0.06896551724137931
db insert success
tensor(7.5452, device='cuda:0')
(88, 600, 0.0015, 1, 30000, 'elltwo', 'lapu', 7.545183181762695, 0.242000013589859, 10.820359468460083, '2024-05-13 22:28:33')
pval: [0.24200001] -- 88th test, time elapsed 10.820359468460083 -- emperical power so far: 0.06818181818181818
db insert success
tensor(21.8209, device='cuda:0')
(89, 600, 0.0015, 1, 30000, 'elltwo', 'lapu', 21.82085418701172, 0.04100000113248825, 10.828324556350708, '2024-05-13 22:28:54')
pval: [0.041] -- 89th test, time elapsed 10.828324556350708 -- emperical power so far: 0.07865168539325842
db insert success
tensor(1.9120, device='cuda:0')
(90, 600, 0.0015, 1, 30000, 'elltwo', 'lapu', 1.9120208024978638, 0.398000031709671, 10.81531548500061, '2024-05-13 22:29:19')
pval: [0.39800003] -- 90th test, time elapsed 10.81531548500061 -- emperical power so far: 0.07777777777777778
db insert success
tensor(14.5808, device='cuda:0')
(91, 600, 0.0015, 1, 30000, 'elltwo', 'lapu', 14.58082389831543, 0.0950000062584877, 10.825737953186035, '2024-05-13 22:29:46')
pval: [0.09500001] -- 91th test, time elapsed 10.825737953186035 -- emperical power so far: 0.07692307692307693
db insert success
tensor(-21.0315, device='cuda:0')
(92, 600, 0.0015, 1, 30000, 'elltwo', 'lapu', -21.03148651123047, 0.9780000448226929, 10.828882932662964, '2024-05-13 22:30:12')
pval: [0.97800004] -- 92th test, time elapsed 10.828882932662964 -- emperical power so far: 0.07608695652173914
db insert success
tensor(3.2179, device='cuda:0')
(93, 600, 0.0015, 1, 30000, 'elltwo', 'lapu', 3.2179489135742188, 0.3800000250339508, 10.819506406784058, '2024-05-13 22:30:31')
pval: [0.38000003] -- 93th test, time elapsed 10.819506406784058 -- emperical power so far: 0.07526881720430108
db insert success
tensor(6.2586, device='cuda:0')
(94, 600, 0.0015, 1, 30000, 'elltwo', 'lapu', 6.258639812469482, 0.2800000011920929, 10.822279214859009, '2024-05-13 22:30:45')
pval: [0.28] -- 94th test, time elapsed 10.822279214859009 -- emperical power so far: 0.07446808510638298
db insert success
tensor(13.3627, device='cuda:0')
(95, 600, 0.0015, 1, 30000, 'elltwo', 'lapu', 13.362683296203613, 0.11500000208616257, 10.835060596466064, '2024-05-13 22:31:05')
pval: [0.115] -- 95th test, time elapsed 10.835060596466064 -- emperical power so far: 0.07368421052631578
db insert success
tensor(-22.5937, device='cuda:0')
(96, 600, 0.0015, 1, 30000, 'elltwo', 'lapu', -22.59365463256836, 0.971000075340271, 10.821972608566284, '2024-05-13 22:31:25')
pval: [0.97100008] -- 96th test, time elapsed 10.821972608566284 -- emperical power so far: 0.07291666666666667
db insert success
tensor(2.2356, device='cuda:0')
(97, 600, 0.0015, 1, 30000, 'elltwo', 'lapu', 2.235626697540283, 0.4180000126361847, 10.834475755691528, '2024-05-13 22:31:41')
pval: [0.41800001] -- 97th test, time elapsed 10.834475755691528 -- emperical power so far: 0.07216494845360824
db insert success
tensor(18.6876, device='cuda:0')
(98, 600, 0.0015, 1, 30000, 'elltwo', 'lapu', 18.68764877319336, 0.052000001072883606, 10.822069883346558, '2024-05-13 22:31:53')
pval: [0.052] -- 98th test, time elapsed 10.822069883346558 -- emperical power so far: 0.07142857142857142
db insert success
tensor(4.6410, device='cuda:0')
(99, 600, 0.0015, 1, 30000, 'elltwo', 'lapu', 4.640979290008545, 0.3440000116825104, 10.819681406021118, '2024-05-13 22:32:23')
pval: [0.34400001] -- 99th test, time elapsed 10.819681406021118 -- emperical power so far: 0.0707070707070707
db insert success
tensor(-5.9029, device='cuda:0')
(100, 600, 0.0015, 1, 30000, 'elltwo', 'lapu', -5.90291166305542, 0.6890000104904175, 10.826076984405518, '2024-05-13 22:32:36')
pval: [0.68900001] -- 100th test, time elapsed 10.826076984405518 -- emperical power so far: 0.07
db insert success
1969.2214663028717
