cuda:0
bitflip_projchi
tensor([0.1500, 0.3500, 0.1500, 0.3500])
tensor([0.3500, 0.1500, 0.3500, 0.1500])
tensor(5.3090)
pval: 0.1525000035762787 -- 1th test, time elapsed 50.36899137496948 -- emperical power so far: 0.0
tensor(16.3520)
pval: 0.007499999832361937 -- 2th test, time elapsed 51.85654163360596 -- emperical power so far: 0.5
tensor(13.3154)
pval: 0.0024999999441206455 -- 3th test, time elapsed 54.075478315353394 -- emperical power so far: 0.6666666666666666
tensor(8.7363)
pval: 0.042500000447034836 -- 4th test, time elapsed 52.57803678512573 -- emperical power so far: 0.75
tensor(22.4679)
pval: 0.0024999999441206455 -- 5th test, time elapsed 51.95362615585327 -- emperical power so far: 0.8
tensor(3.0751)
pval: 0.41749998927116394 -- 6th test, time elapsed 51.961501359939575 -- emperical power so far: 0.6666666666666666
tensor(8.9218)
pval: 0.02500000037252903 -- 7th test, time elapsed 52.19347548484802 -- emperical power so far: 0.7142857142857143
tensor(9.4470)
pval: 0.012500000186264515 -- 8th test, time elapsed 51.79837441444397 -- emperical power so far: 0.75
tensor(1.1821)
pval: 0.7149999737739563 -- 9th test, time elapsed 52.617429971694946 -- emperical power so far: 0.6666666666666666
tensor(5.0738)
pval: 0.14499999582767487 -- 10th test, time elapsed 53.956058979034424 -- emperical power so far: 0.6
tensor(3.2660)
pval: 0.3400000035762787 -- 11th test, time elapsed 52.70456385612488 -- emperical power so far: 0.5454545454545454
tensor(6.7009)
pval: 0.0925000011920929 -- 12th test, time elapsed 51.70773720741272 -- emperical power so far: 0.5
tensor(4.5203)
pval: 0.20999999344348907 -- 13th test, time elapsed 53.70688557624817 -- emperical power so far: 0.46153846153846156
tensor(11.5850)
pval: 0.014999999664723873 -- 14th test, time elapsed 51.749539852142334 -- emperical power so far: 0.5
tensor(13.7353)
pval: 0.012500000186264515 -- 15th test, time elapsed 51.246498107910156 -- emperical power so far: 0.5333333333333333
tensor(10.9092)
pval: 0.02500000037252903 -- 16th test, time elapsed 52.846344232559204 -- emperical power so far: 0.5625
tensor(13.6120)
pval: 0.0024999999441206455 -- 17th test, time elapsed 52.24975275993347 -- emperical power so far: 0.5882352941176471
tensor(9.8606)
pval: 0.019999999552965164 -- 18th test, time elapsed 52.23062872886658 -- emperical power so far: 0.6111111111111112
tensor(5.7644)
pval: 0.11999999731779099 -- 19th test, time elapsed 51.65623593330383 -- emperical power so far: 0.5789473684210527
tensor(6.1600)
pval: 0.10499999672174454 -- 20th test, time elapsed 50.77866244316101 -- emperical power so far: 0.55
tensor(1.4135)
pval: 0.7149999737739563 -- 21th test, time elapsed 51.33958411216736 -- emperical power so far: 0.5238095238095238
tensor(0.5135)
pval: 0.9225000143051147 -- 22th test, time elapsed 53.122509241104126 -- emperical power so far: 0.5
tensor(7.0347)
pval: 0.07249999791383743 -- 23th test, time elapsed 53.086607694625854 -- emperical power so far: 0.4782608695652174
tensor(4.1411)
pval: 0.2475000023841858 -- 24th test, time elapsed 52.53429579734802 -- emperical power so far: 0.4583333333333333
tensor(6.5845)
pval: 0.09000000357627869 -- 25th test, time elapsed 50.03146529197693 -- emperical power so far: 0.44
tensor(10.2727)
pval: 0.017500000074505806 -- 26th test, time elapsed 52.97572994232178 -- emperical power so far: 0.46153846153846156
tensor(2.4948)
pval: 0.5074999928474426 -- 27th test, time elapsed 52.75725793838501 -- emperical power so far: 0.4444444444444444
tensor(4.3826)
pval: 0.20000000298023224 -- 28th test, time elapsed 52.132359743118286 -- emperical power so far: 0.42857142857142855
tensor(11.6519)
pval: 0.007499999832361937 -- 29th test, time elapsed 53.14965534210205 -- emperical power so far: 0.4482758620689655
tensor(2.1423)
pval: 0.5174999833106995 -- 30th test, time elapsed 51.79544425010681 -- emperical power so far: 0.43333333333333335
tensor(17.8256)
pval: 0.004999999888241291 -- 31th test, time elapsed 52.25546836853027 -- emperical power so far: 0.45161290322580644
tensor(11.0703)
pval: 0.014999999664723873 -- 32th test, time elapsed 53.855828046798706 -- emperical power so far: 0.46875
tensor(11.5233)
pval: 0.009999999776482582 -- 33th test, time elapsed 52.13827633857727 -- emperical power so far: 0.48484848484848486
tensor(7.5897)
pval: 0.05249999836087227 -- 34th test, time elapsed 51.58514165878296 -- emperical power so far: 0.47058823529411764
tensor(2.4138)
pval: 0.5024999976158142 -- 35th test, time elapsed 51.547213315963745 -- emperical power so far: 0.45714285714285713
tensor(6.5069)
pval: 0.09749999642372131 -- 36th test, time elapsed 53.9533908367157 -- emperical power so far: 0.4444444444444444
tensor(5.8587)
pval: 0.11500000208616257 -- 37th test, time elapsed 51.72633337974548 -- emperical power so far: 0.43243243243243246
tensor(5.1420)
pval: 0.16750000417232513 -- 38th test, time elapsed 51.94569635391235 -- emperical power so far: 0.42105263157894735
tensor(6.9679)
pval: 0.07999999821186066 -- 39th test, time elapsed 53.26658821105957 -- emperical power so far: 0.41025641025641024
tensor(4.5025)
pval: 0.22750000655651093 -- 40th test, time elapsed 52.58350396156311 -- emperical power so far: 0.4
tensor(15.3966)
pval: 0.0024999999441206455 -- 41th test, time elapsed 52.831218242645264 -- emperical power so far: 0.4146341463414634
tensor(10.5688)
pval: 0.014999999664723873 -- 42th test, time elapsed 53.03519797325134 -- emperical power so far: 0.42857142857142855
tensor(1.8820)
pval: 0.5849999785423279 -- 43th test, time elapsed 52.55956411361694 -- emperical power so far: 0.4186046511627907
tensor(1.0656)
pval: 0.7524999976158142 -- 44th test, time elapsed 52.22674059867859 -- emperical power so far: 0.4090909090909091
tensor(12.1296)
pval: 0.0024999999441206455 -- 45th test, time elapsed 51.63234496116638 -- emperical power so far: 0.4222222222222222
tensor(9.7541)
pval: 0.02250000089406967 -- 46th test, time elapsed 53.10282874107361 -- emperical power so far: 0.43478260869565216
tensor(7.9908)
pval: 0.054999999701976776 -- 47th test, time elapsed 53.208757162094116 -- emperical power so far: 0.425531914893617
tensor(6.8188)
pval: 0.0925000011920929 -- 48th test, time elapsed 52.382224559783936 -- emperical power so far: 0.4166666666666667
tensor(0.2893)
pval: 0.9424999952316284 -- 49th test, time elapsed 52.88521432876587 -- emperical power so far: 0.40816326530612246
tensor(13.1985)
pval: 0.007499999832361937 -- 50th test, time elapsed 53.518447399139404 -- emperical power so far: 0.42
tensor(11.5257)
pval: 0.012500000186264515 -- 51th test, time elapsed 53.44833493232727 -- emperical power so far: 0.43137254901960786
tensor(4.2912)
pval: 0.20250000059604645 -- 52th test, time elapsed 53.41706705093384 -- emperical power so far: 0.4230769230769231
tensor(9.2882)
pval: 0.027499999850988388 -- 53th test, time elapsed 52.4754798412323 -- emperical power so far: 0.4339622641509434
tensor(8.6890)
pval: 0.04749999940395355 -- 54th test, time elapsed 52.845205783843994 -- emperical power so far: 0.4444444444444444
tensor(3.3707)
slurmstepd-gpu-compute: error: *** JOB 6858 ON gpu-compute CANCELLED AT 2024-02-01T10:05:10 ***
