tensor([0.0100, 0.0400, 0.0100, 0.0400, 0.0100, 0.0400, 0.0100, 0.0400, 0.0100,
        0.0400, 0.0100, 0.0400, 0.0100, 0.0400, 0.0100, 0.0400, 0.0100, 0.0400,
        0.0100, 0.0400, 0.0100, 0.0400, 0.0100, 0.0400, 0.0100, 0.0400, 0.0100,
        0.0400, 0.0100, 0.0400, 0.0100, 0.0400, 0.0100, 0.0400, 0.0100, 0.0400,
        0.0100, 0.0400, 0.0100, 0.0400])
tensor([0.0400, 0.0100, 0.0400, 0.0100, 0.0400, 0.0100, 0.0400, 0.0100, 0.0400,
        0.0100, 0.0400, 0.0100, 0.0400, 0.0100, 0.0400, 0.0100, 0.0400, 0.0100,
        0.0400, 0.0100, 0.0400, 0.0100, 0.0400, 0.0100, 0.0400, 0.0100, 0.0400,
        0.0100, 0.0400, 0.0100, 0.0400, 0.0100, 0.0400, 0.0100, 0.0400, 0.0100,
        0.0400, 0.0100, 0.0400, 0.0100])
bitflipelltwo, alpha=0.5, sample size=24000
#########################################
tensor(0.0009, device='cuda:0')
(1, 40, 0.015, 0.5, 24000, 'elltwo', 'bitflip', 0.0008687973022460938, 0.0010000000474974513, 9.110180377960205, '2024-04-08 07:35:44')
pval: [0.001] -- 1th test, time elapsed 9.110180377960205 -- emperical power so far: 1.0
db insert success
tensor(0.0012, device='cuda:0')
(2, 40, 0.015, 0.5, 24000, 'elltwo', 'bitflip', 0.0011653900146484375, 0.0010000000474974513, 6.397293567657471, '2024-04-08 07:35:56')
pval: [0.001] -- 2th test, time elapsed 6.397293567657471 -- emperical power so far: 1.0
db insert success
tensor(0.0007, device='cuda:0')
(3, 40, 0.015, 0.5, 24000, 'elltwo', 'bitflip', 0.0006818771362304688, 0.0020000000949949026, 6.379342555999756, '2024-04-08 07:36:12')
pval: [0.002] -- 3th test, time elapsed 6.379342555999756 -- emperical power so far: 1.0
db insert success
tensor(0.0002, device='cuda:0')
(4, 40, 0.015, 0.5, 24000, 'elltwo', 'bitflip', 0.000179290771484375, 0.14000000059604645, 6.37840723991394, '2024-04-08 07:36:21')
pval: [0.14] -- 4th test, time elapsed 6.37840723991394 -- emperical power so far: 0.75
db insert success
tensor(5.5313e-05, device='cuda:0')
(5, 40, 0.015, 0.5, 24000, 'elltwo', 'bitflip', 5.53131103515625e-05, 0.30800002813339233, 6.394193887710571, '2024-04-08 07:36:34')
pval: [0.30800003] -- 5th test, time elapsed 6.394193887710571 -- emperical power so far: 0.6
db insert success
tensor(0.0008, device='cuda:0')
(6, 40, 0.015, 0.5, 24000, 'elltwo', 'bitflip', 0.0007677078247070312, 0.0010000000474974513, 6.384756565093994, '2024-04-08 07:36:59')
pval: [0.001] -- 6th test, time elapsed 6.384756565093994 -- emperical power so far: 0.6666666666666666
db insert success
tensor(0.0004, device='cuda:0')
(7, 40, 0.015, 0.5, 24000, 'elltwo', 'bitflip', 0.00039577484130859375, 0.021000001579523087, 6.377540588378906, '2024-04-08 07:37:07')
pval: [0.021] -- 7th test, time elapsed 6.377540588378906 -- emperical power so far: 0.7142857142857143
db insert success
tensor(0.0008, device='cuda:0')
(8, 40, 0.015, 0.5, 24000, 'elltwo', 'bitflip', 0.0008220672607421875, 0.0010000000474974513, 6.385171175003052, '2024-04-08 07:37:25')
pval: [0.001] -- 8th test, time elapsed 6.385171175003052 -- emperical power so far: 0.75
db insert success
tensor(0.0011, device='cuda:0')
(9, 40, 0.015, 0.5, 24000, 'elltwo', 'bitflip', 0.0011196136474609375, 0.0010000000474974513, 6.380772590637207, '2024-04-08 07:37:34')
pval: [0.001] -- 9th test, time elapsed 6.380772590637207 -- emperical power so far: 0.7777777777777778
db insert success
tensor(0.0006, device='cuda:0')
(10, 40, 0.015, 0.5, 24000, 'elltwo', 'bitflip', 0.0005950927734375, 0.005000000353902578, 6.372235298156738, '2024-04-08 07:37:58')
pval: [0.005] -- 10th test, time elapsed 6.372235298156738 -- emperical power so far: 0.8
db insert success
tensor(0.0004, device='cuda:0')
(11, 40, 0.015, 0.5, 24000, 'elltwo', 'bitflip', 0.0003814697265625, 0.03500000014901161, 6.393186330795288, '2024-04-08 07:38:13')
pval: [0.035] -- 11th test, time elapsed 6.393186330795288 -- emperical power so far: 0.8181818181818182
db insert success
tensor(0.0008, device='cuda:0')
(12, 40, 0.015, 0.5, 24000, 'elltwo', 'bitflip', 0.000789642333984375, 0.0020000000949949026, 6.3857581615448, '2024-04-08 07:38:37')
pval: [0.002] -- 12th test, time elapsed 6.3857581615448 -- emperical power so far: 0.8333333333333334
db insert success
tensor(0.0003, device='cuda:0')
(13, 40, 0.015, 0.5, 24000, 'elltwo', 'bitflip', 0.00034332275390625, 0.03100000135600567, 6.37691068649292, '2024-04-08 07:39:03')
pval: [0.031] -- 13th test, time elapsed 6.37691068649292 -- emperical power so far: 0.8461538461538461
db insert success
tensor(0.0006, device='cuda:0')
(14, 40, 0.015, 0.5, 24000, 'elltwo', 'bitflip', 0.0006322860717773438, 0.003000000026077032, 6.385509014129639, '2024-04-08 07:39:25')
pval: [0.003] -- 14th test, time elapsed 6.385509014129639 -- emperical power so far: 0.8571428571428571
db insert success
tensor(0.0005, device='cuda:0')
(15, 40, 0.015, 0.5, 24000, 'elltwo', 'bitflip', 0.0005388259887695312, 0.005000000353902578, 6.376122951507568, '2024-04-08 07:39:46')
pval: [0.005] -- 15th test, time elapsed 6.376122951507568 -- emperical power so far: 0.8666666666666667
db insert success
tensor(0.0001, device='cuda:0')
(16, 40, 0.015, 0.5, 24000, 'elltwo', 'bitflip', 0.0001125335693359375, 0.1980000138282776, 6.381479024887085, '2024-04-08 07:39:54')
pval: [0.19800001] -- 16th test, time elapsed 6.381479024887085 -- emperical power so far: 0.8125
db insert success
tensor(0.0007, device='cuda:0')
(17, 40, 0.015, 0.5, 24000, 'elltwo', 'bitflip', 0.0006723403930664062, 0.0010000000474974513, 6.387761116027832, '2024-04-08 07:40:10')
pval: [0.001] -- 17th test, time elapsed 6.387761116027832 -- emperical power so far: 0.8235294117647058
db insert success
tensor(0.0005, device='cuda:0')
(18, 40, 0.015, 0.5, 24000, 'elltwo', 'bitflip', 0.0005044937133789062, 0.006000000052154064, 6.396981716156006, '2024-04-08 07:40:35')
pval: [0.006] -- 18th test, time elapsed 6.396981716156006 -- emperical power so far: 0.8333333333333334
db insert success
tensor(0.0007, device='cuda:0')
(19, 40, 0.015, 0.5, 24000, 'elltwo', 'bitflip', 0.000720977783203125, 0.0020000000949949026, 6.378525495529175, '2024-04-08 07:40:53')
pval: [0.002] -- 19th test, time elapsed 6.378525495529175 -- emperical power so far: 0.8421052631578947
db insert success
tensor(0.0005, device='cuda:0')
(20, 40, 0.015, 0.5, 24000, 'elltwo', 'bitflip', 0.0004520416259765625, 0.013000000268220901, 6.392910003662109, '2024-04-08 07:41:15')
pval: [0.013] -- 20th test, time elapsed 6.392910003662109 -- emperical power so far: 0.85
db insert success
tensor(0.0002, device='cuda:0')
(21, 40, 0.015, 0.5, 24000, 'elltwo', 'bitflip', 0.0001926422119140625, 0.11000000685453415, 6.38153076171875, '2024-04-08 07:41:24')
pval: [0.11000001] -- 21th test, time elapsed 6.38153076171875 -- emperical power so far: 0.8095238095238095
db insert success
tensor(0.0005, device='cuda:0')
(22, 40, 0.015, 0.5, 24000, 'elltwo', 'bitflip', 0.0004711151123046875, 0.010000000707805157, 6.378060340881348, '2024-04-08 07:41:48')
pval: [0.01] -- 22th test, time elapsed 6.378060340881348 -- emperical power so far: 0.8181818181818182
db insert success
tensor(-4.9591e-05, device='cuda:0')
(23, 40, 0.015, 0.5, 24000, 'elltwo', 'bitflip', -4.9591064453125e-05, 0.5020000338554382, 6.39096212387085, '2024-04-08 07:42:07')
pval: [0.50200003] -- 23th test, time elapsed 6.39096212387085 -- emperical power so far: 0.782608695652174
db insert success
tensor(7.8201e-05, device='cuda:0')
(24, 40, 0.015, 0.5, 24000, 'elltwo', 'bitflip', 7.82012939453125e-05, 0.2630000114440918, 6.382453203201294, '2024-04-08 07:42:31')
pval: [0.26300001] -- 24th test, time elapsed 6.382453203201294 -- emperical power so far: 0.75
db insert success
tensor(0.0012, device='cuda:0')
(25, 40, 0.015, 0.5, 24000, 'elltwo', 'bitflip', 0.001216888427734375, 0.0010000000474974513, 6.3796093463897705, '2024-04-08 07:42:48')
pval: [0.001] -- 25th test, time elapsed 6.3796093463897705 -- emperical power so far: 0.76
db insert success
tensor(0.0004, device='cuda:0')
(26, 40, 0.015, 0.5, 24000, 'elltwo', 'bitflip', 0.00037479400634765625, 0.026000000536441803, 6.3771140575408936, '2024-04-08 07:43:12')
pval: [0.026] -- 26th test, time elapsed 6.3771140575408936 -- emperical power so far: 0.7692307692307693
db insert success
tensor(0.0002, device='cuda:0')
(27, 40, 0.015, 0.5, 24000, 'elltwo', 'bitflip', 0.00019168853759765625, 0.13900001347064972, 6.388030290603638, '2024-04-08 07:43:24')
pval: [0.13900001] -- 27th test, time elapsed 6.388030290603638 -- emperical power so far: 0.7407407407407407
db insert success
tensor(0.0007, device='cuda:0')
(28, 40, 0.015, 0.5, 24000, 'elltwo', 'bitflip', 0.00074005126953125, 0.0010000000474974513, 6.37551212310791, '2024-04-08 07:43:39')
pval: [0.001] -- 28th test, time elapsed 6.37551212310791 -- emperical power so far: 0.75
db insert success
tensor(0.0008, device='cuda:0')
(29, 40, 0.015, 0.5, 24000, 'elltwo', 'bitflip', 0.0007581710815429688, 0.0010000000474974513, 6.380704164505005, '2024-04-08 07:43:55')
pval: [0.001] -- 29th test, time elapsed 6.380704164505005 -- emperical power so far: 0.7586206896551724
db insert success
tensor(0.0004, device='cuda:0')
(30, 40, 0.015, 0.5, 24000, 'elltwo', 'bitflip', 0.0003509521484375, 0.02800000086426735, 6.3800950050354, '2024-04-08 07:44:19')
pval: [0.028] -- 30th test, time elapsed 6.3800950050354 -- emperical power so far: 0.7666666666666667
db insert success
tensor(0.0008, device='cuda:0')
(31, 40, 0.015, 0.5, 24000, 'elltwo', 'bitflip', 0.00079345703125, 0.0010000000474974513, 6.3800482749938965, '2024-04-08 07:44:27')
pval: [0.001] -- 31th test, time elapsed 6.3800482749938965 -- emperical power so far: 0.7741935483870968
db insert success
tensor(0.0006, device='cuda:0')
(32, 40, 0.015, 0.5, 24000, 'elltwo', 'bitflip', 0.00060272216796875, 0.004000000189989805, 6.370615720748901, '2024-04-08 07:44:41')
pval: [0.004] -- 32th test, time elapsed 6.370615720748901 -- emperical power so far: 0.78125
db insert success
tensor(0.0005, device='cuda:0')
(33, 40, 0.015, 0.5, 24000, 'elltwo', 'bitflip', 0.0004787445068359375, 0.005000000353902578, 6.3727827072143555, '2024-04-08 07:44:53')
pval: [0.005] -- 33th test, time elapsed 6.3727827072143555 -- emperical power so far: 0.7878787878787878
db insert success
tensor(0.0005, device='cuda:0')
(34, 40, 0.015, 0.5, 24000, 'elltwo', 'bitflip', 0.0004673004150390625, 0.009000000543892384, 6.38308310508728, '2024-04-08 07:45:06')
pval: [0.009] -- 34th test, time elapsed 6.38308310508728 -- emperical power so far: 0.7941176470588235
db insert success
tensor(0.0002, device='cuda:0')
(35, 40, 0.015, 0.5, 24000, 'elltwo', 'bitflip', 0.000244140625, 0.09200000762939453, 6.395495653152466, '2024-04-08 07:45:13')
pval: [0.09200001] -- 35th test, time elapsed 6.395495653152466 -- emperical power so far: 0.7714285714285715
db insert success
tensor(0.0010, device='cuda:0')
(36, 40, 0.015, 0.5, 24000, 'elltwo', 'bitflip', 0.0010051727294921875, 0.0010000000474974513, 6.382979154586792, '2024-04-08 07:45:25')
pval: [0.001] -- 36th test, time elapsed 6.382979154586792 -- emperical power so far: 0.7777777777777778
db insert success
tensor(0.0011, device='cuda:0')
(37, 40, 0.015, 0.5, 24000, 'elltwo', 'bitflip', 0.0010852813720703125, 0.0010000000474974513, 6.373597860336304, '2024-04-08 07:45:47')
pval: [0.001] -- 37th test, time elapsed 6.373597860336304 -- emperical power so far: 0.7837837837837838
db insert success
tensor(0.0002, device='cuda:0')
(38, 40, 0.015, 0.5, 24000, 'elltwo', 'bitflip', 0.0002460479736328125, 0.08100000023841858, 6.3886048793792725, '2024-04-08 07:46:12')
pval: [0.081] -- 38th test, time elapsed 6.3886048793792725 -- emperical power so far: 0.7631578947368421
db insert success
tensor(0.0004, device='cuda:0')
(39, 40, 0.015, 0.5, 24000, 'elltwo', 'bitflip', 0.00040721893310546875, 0.01600000075995922, 6.411646127700806, '2024-04-08 07:46:19')
pval: [0.016] -- 39th test, time elapsed 6.411646127700806 -- emperical power so far: 0.7692307692307693
db insert success
tensor(0.0009, device='cuda:0')
(40, 40, 0.015, 0.5, 24000, 'elltwo', 'bitflip', 0.0009317398071289062, 0.0010000000474974513, 6.377626895904541, '2024-04-08 07:46:38')
pval: [0.001] -- 40th test, time elapsed 6.377626895904541 -- emperical power so far: 0.775
db insert success
tensor(0.0004, device='cuda:0')
(41, 40, 0.015, 0.5, 24000, 'elltwo', 'bitflip', 0.000431060791015625, 0.01900000125169754, 6.377643585205078, '2024-04-08 07:46:57')
pval: [0.019] -- 41th test, time elapsed 6.377643585205078 -- emperical power so far: 0.7804878048780488
db insert success
tensor(0.0001, device='cuda:0')
(42, 40, 0.015, 0.5, 24000, 'elltwo', 'bitflip', 0.00012683868408203125, 0.19600000977516174, 6.392889022827148, '2024-04-08 07:47:14')
pval: [0.19600001] -- 42th test, time elapsed 6.392889022827148 -- emperical power so far: 0.7619047619047619
db insert success
tensor(0.0002, device='cuda:0')
(43, 40, 0.015, 0.5, 24000, 'elltwo', 'bitflip', 0.00020599365234375, 0.12200000882148743, 6.374551773071289, '2024-04-08 07:47:23')
pval: [0.12200001] -- 43th test, time elapsed 6.374551773071289 -- emperical power so far: 0.7441860465116279
db insert success
tensor(0.0008, device='cuda:0')
(44, 40, 0.015, 0.5, 24000, 'elltwo', 'bitflip', 0.0007505416870117188, 0.0010000000474974513, 6.373487234115601, '2024-04-08 07:47:32')
pval: [0.001] -- 44th test, time elapsed 6.373487234115601 -- emperical power so far: 0.75
db insert success
tensor(0.0004, device='cuda:0')
(45, 40, 0.015, 0.5, 24000, 'elltwo', 'bitflip', 0.00043487548828125, 0.014000000432133675, 6.391305685043335, '2024-04-08 07:47:55')
pval: [0.014] -- 45th test, time elapsed 6.391305685043335 -- emperical power so far: 0.7555555555555555
db insert success
tensor(0.0008, device='cuda:0')
(46, 40, 0.015, 0.5, 24000, 'elltwo', 'bitflip', 0.0007696151733398438, 0.0010000000474974513, 6.396917343139648, '2024-04-08 07:48:09')
pval: [0.001] -- 46th test, time elapsed 6.396917343139648 -- emperical power so far: 0.7608695652173914
db insert success
tensor(0.0007, device='cuda:0')
(47, 40, 0.015, 0.5, 24000, 'elltwo', 'bitflip', 0.0006694793701171875, 0.0010000000474974513, 6.373535871505737, '2024-04-08 07:48:32')
pval: [0.001] -- 47th test, time elapsed 6.373535871505737 -- emperical power so far: 0.7659574468085106
db insert success
tensor(0.0004, device='cuda:0')
(48, 40, 0.015, 0.5, 24000, 'elltwo', 'bitflip', 0.00037670135498046875, 0.01900000125169754, 6.372461318969727, '2024-04-08 07:48:40')
pval: [0.019] -- 48th test, time elapsed 6.372461318969727 -- emperical power so far: 0.7708333333333334
db insert success
tensor(0.0005, device='cuda:0')
(49, 40, 0.015, 0.5, 24000, 'elltwo', 'bitflip', 0.00047969818115234375, 0.01100000087171793, 6.373557806015015, '2024-04-08 07:49:00')
pval: [0.011] -- 49th test, time elapsed 6.373557806015015 -- emperical power so far: 0.7755102040816326
db insert success
tensor(0.0005, device='cuda:0')
(50, 40, 0.015, 0.5, 24000, 'elltwo', 'bitflip', 0.000476837158203125, 0.021000001579523087, 6.375924348831177, '2024-04-08 07:49:11')
pval: [0.021] -- 50th test, time elapsed 6.375924348831177 -- emperical power so far: 0.78
db insert success
tensor(0.0004, device='cuda:0')
(51, 40, 0.015, 0.5, 24000, 'elltwo', 'bitflip', 0.0003643035888671875, 0.03100000135600567, 6.368973016738892, '2024-04-08 07:49:28')
pval: [0.031] -- 51th test, time elapsed 6.368973016738892 -- emperical power so far: 0.7843137254901961
db insert success
tensor(0.0004, device='cuda:0')
(52, 40, 0.015, 0.5, 24000, 'elltwo', 'bitflip', 0.0004177093505859375, 0.017000000923871994, 6.383734464645386, '2024-04-08 07:49:42')
pval: [0.017] -- 52th test, time elapsed 6.383734464645386 -- emperical power so far: 0.7884615384615384
db insert success
tensor(0.0002, device='cuda:0')
(53, 40, 0.015, 0.5, 24000, 'elltwo', 'bitflip', 0.0002040863037109375, 0.13100001215934753, 6.394287824630737, '2024-04-08 07:49:58')
pval: [0.13100001] -- 53th test, time elapsed 6.394287824630737 -- emperical power so far: 0.7735849056603774
db insert success
tensor(0.0005, device='cuda:0')
(54, 40, 0.015, 0.5, 24000, 'elltwo', 'bitflip', 0.00048542022705078125, 0.006000000052154064, 6.377114772796631, '2024-04-08 07:50:23')
pval: [0.006] -- 54th test, time elapsed 6.377114772796631 -- emperical power so far: 0.7777777777777778
db insert success
tensor(0.0008, device='cuda:0')
(55, 40, 0.015, 0.5, 24000, 'elltwo', 'bitflip', 0.000823974609375, 0.0010000000474974513, 6.379057884216309, '2024-04-08 07:50:38')
pval: [0.001] -- 55th test, time elapsed 6.379057884216309 -- emperical power so far: 0.7818181818181819
db insert success
tensor(0.0005, device='cuda:0')
(56, 40, 0.015, 0.5, 24000, 'elltwo', 'bitflip', 0.0005445480346679688, 0.007000000216066837, 6.372168064117432, '2024-04-08 07:50:45')
pval: [0.007] -- 56th test, time elapsed 6.372168064117432 -- emperical power so far: 0.7857142857142857
db insert success
tensor(0.0012, device='cuda:0')
(57, 40, 0.015, 0.5, 24000, 'elltwo', 'bitflip', 0.00119781494140625, 0.0010000000474974513, 6.3734681606292725, '2024-04-08 07:50:52')
pval: [0.001] -- 57th test, time elapsed 6.3734681606292725 -- emperical power so far: 0.7894736842105263
db insert success
tensor(0.0002, device='cuda:0')
(58, 40, 0.015, 0.5, 24000, 'elltwo', 'bitflip', 0.00020599365234375, 0.12300000339746475, 6.376524209976196, '2024-04-08 07:51:02')
pval: [0.123] -- 58th test, time elapsed 6.376524209976196 -- emperical power so far: 0.7758620689655172
db insert success
tensor(0.0004, device='cuda:0')
(59, 40, 0.015, 0.5, 24000, 'elltwo', 'bitflip', 0.0003948211669921875, 0.017000000923871994, 6.379147529602051, '2024-04-08 07:51:21')
pval: [0.017] -- 59th test, time elapsed 6.379147529602051 -- emperical power so far: 0.7796610169491526
db insert success
tensor(0.0002, device='cuda:0')
(60, 40, 0.015, 0.5, 24000, 'elltwo', 'bitflip', 0.00018978118896484375, 0.10300000756978989, 6.377506494522095, '2024-04-08 07:51:42')
pval: [0.10300001] -- 60th test, time elapsed 6.377506494522095 -- emperical power so far: 0.7666666666666667
db insert success
tensor(0.0005, device='cuda:0')
(61, 40, 0.015, 0.5, 24000, 'elltwo', 'bitflip', 0.0004892349243164062, 0.00800000037997961, 6.37916898727417, '2024-04-08 07:52:07')
pval: [0.008] -- 61th test, time elapsed 6.37916898727417 -- emperical power so far: 0.7704918032786885
db insert success
tensor(0.0003, device='cuda:0')
(62, 40, 0.015, 0.5, 24000, 'elltwo', 'bitflip', 0.0003337860107421875, 0.04100000113248825, 6.406097412109375, '2024-04-08 07:52:18')
pval: [0.041] -- 62th test, time elapsed 6.406097412109375 -- emperical power so far: 0.7741935483870968
db insert success
tensor(-0.0002, device='cuda:0')
(63, 40, 0.015, 0.5, 24000, 'elltwo', 'bitflip', -0.00015544891357421875, 0.7500000596046448, 6.380731582641602, '2024-04-08 07:52:43')
pval: [0.75000006] -- 63th test, time elapsed 6.380731582641602 -- emperical power so far: 0.7619047619047619
db insert success
tensor(0.0003, device='cuda:0')
(64, 40, 0.015, 0.5, 24000, 'elltwo', 'bitflip', 0.000335693359375, 0.04700000211596489, 6.369615316390991, '2024-04-08 07:53:01')
pval: [0.047] -- 64th test, time elapsed 6.369615316390991 -- emperical power so far: 0.765625
db insert success
tensor(0.0006, device='cuda:0')
(65, 40, 0.015, 0.5, 24000, 'elltwo', 'bitflip', 0.0005769729614257812, 0.003000000026077032, 6.3727521896362305, '2024-04-08 07:53:19')
pval: [0.003] -- 65th test, time elapsed 6.3727521896362305 -- emperical power so far: 0.7692307692307693
db insert success
tensor(0.0006, device='cuda:0')
(66, 40, 0.015, 0.5, 24000, 'elltwo', 'bitflip', 0.0005655288696289062, 0.0020000000949949026, 6.378433704376221, '2024-04-08 07:53:28')
pval: [0.002] -- 66th test, time elapsed 6.378433704376221 -- emperical power so far: 0.7727272727272727
db insert success
tensor(0.0003, device='cuda:0')
(67, 40, 0.015, 0.5, 24000, 'elltwo', 'bitflip', 0.00031948089599609375, 0.05100000277161598, 6.3767688274383545, '2024-04-08 07:53:50')
pval: [0.051] -- 67th test, time elapsed 6.3767688274383545 -- emperical power so far: 0.7611940298507462
db insert success
tensor(0.0005, device='cuda:0')
(68, 40, 0.015, 0.5, 24000, 'elltwo', 'bitflip', 0.00048065185546875, 0.01100000087171793, 6.379894495010376, '2024-04-08 07:54:06')
pval: [0.011] -- 68th test, time elapsed 6.379894495010376 -- emperical power so far: 0.7647058823529411
db insert success
tensor(0.0009, device='cuda:0')
(69, 40, 0.015, 0.5, 24000, 'elltwo', 'bitflip', 0.0008563995361328125, 0.0010000000474974513, 6.3989012241363525, '2024-04-08 07:54:30')
pval: [0.001] -- 69th test, time elapsed 6.3989012241363525 -- emperical power so far: 0.7681159420289855
db insert success
tensor(6.6757e-05, device='cuda:0')
(70, 40, 0.015, 0.5, 24000, 'elltwo', 'bitflip', 6.67572021484375e-05, 0.30300000309944153, 6.370093822479248, '2024-04-08 07:54:50')
pval: [0.303] -- 70th test, time elapsed 6.370093822479248 -- emperical power so far: 0.7571428571428571
db insert success
tensor(0.0006, device='cuda:0')
(71, 40, 0.015, 0.5, 24000, 'elltwo', 'bitflip', 0.0006103515625, 0.0010000000474974513, 6.404341459274292, '2024-04-08 07:55:03')
pval: [0.001] -- 71th test, time elapsed 6.404341459274292 -- emperical power so far: 0.7605633802816901
db insert success
tensor(0.0005, device='cuda:0')
(72, 40, 0.015, 0.5, 24000, 'elltwo', 'bitflip', 0.0005283355712890625, 0.005000000353902578, 6.375648498535156, '2024-04-08 07:55:29')
pval: [0.005] -- 72th test, time elapsed 6.375648498535156 -- emperical power so far: 0.7638888888888888
db insert success
tensor(0.0014, device='cuda:0')
(73, 40, 0.015, 0.5, 24000, 'elltwo', 'bitflip', 0.00140380859375, 0.0010000000474974513, 6.352201461791992, '2024-04-08 07:55:55')
pval: [0.001] -- 73th test, time elapsed 6.352201461791992 -- emperical power so far: 0.7671232876712328
db insert success
tensor(0.0004, device='cuda:0')
(74, 40, 0.015, 0.5, 24000, 'elltwo', 'bitflip', 0.000415802001953125, 0.026000000536441803, 6.345860481262207, '2024-04-08 07:56:20')
pval: [0.026] -- 74th test, time elapsed 6.345860481262207 -- emperical power so far: 0.7702702702702703
db insert success
tensor(0.0005, device='cuda:0')
(75, 40, 0.015, 0.5, 24000, 'elltwo', 'bitflip', 0.0005283355712890625, 0.012000000104308128, 6.364912986755371, '2024-04-08 07:56:36')
pval: [0.012] -- 75th test, time elapsed 6.364912986755371 -- emperical power so far: 0.7733333333333333
db insert success
tensor(0.0002, device='cuda:0')
(76, 40, 0.015, 0.5, 24000, 'elltwo', 'bitflip', 0.0002307891845703125, 0.10500000417232513, 6.340090751647949, '2024-04-08 07:57:00')
pval: [0.105] -- 76th test, time elapsed 6.340090751647949 -- emperical power so far: 0.7631578947368421
db insert success
tensor(0.0009, device='cuda:0')
(77, 40, 0.015, 0.5, 24000, 'elltwo', 'bitflip', 0.000885009765625, 0.0010000000474974513, 6.339611291885376, '2024-04-08 07:57:19')
pval: [0.001] -- 77th test, time elapsed 6.339611291885376 -- emperical power so far: 0.7662337662337663
db insert success
tensor(0.0001, device='cuda:0')
(78, 40, 0.015, 0.5, 24000, 'elltwo', 'bitflip', 0.00011157989501953125, 0.2070000171661377, 6.368988990783691, '2024-04-08 07:57:44')
pval: [0.20700002] -- 78th test, time elapsed 6.368988990783691 -- emperical power so far: 0.7564102564102564
db insert success
tensor(0.0005, device='cuda:0')
(79, 40, 0.015, 0.5, 24000, 'elltwo', 'bitflip', 0.0005321502685546875, 0.006000000052154064, 6.369661569595337, '2024-04-08 07:57:51')
pval: [0.006] -- 79th test, time elapsed 6.369661569595337 -- emperical power so far: 0.759493670886076
db insert success
tensor(0.0006, device='cuda:0')
(80, 40, 0.015, 0.5, 24000, 'elltwo', 'bitflip', 0.0005903244018554688, 0.004000000189989805, 6.357785224914551, '2024-04-08 07:58:04')
pval: [0.004] -- 80th test, time elapsed 6.357785224914551 -- emperical power so far: 0.7625
db insert success
tensor(0.0010, device='cuda:0')
(81, 40, 0.015, 0.5, 24000, 'elltwo', 'bitflip', 0.0009937286376953125, 0.0010000000474974513, 6.338347673416138, '2024-04-08 07:58:24')
pval: [0.001] -- 81th test, time elapsed 6.338347673416138 -- emperical power so far: 0.7654320987654321
db insert success
tensor(0.0006, device='cuda:0')
(82, 40, 0.015, 0.5, 24000, 'elltwo', 'bitflip', 0.0006418228149414062, 0.0010000000474974513, 6.345916032791138, '2024-04-08 07:58:41')
pval: [0.001] -- 82th test, time elapsed 6.345916032791138 -- emperical power so far: 0.7682926829268293
db insert success
tensor(0.0005, device='cuda:0')
(83, 40, 0.015, 0.5, 24000, 'elltwo', 'bitflip', 0.00054931640625, 0.004000000189989805, 6.331811904907227, '2024-04-08 07:59:00')
pval: [0.004] -- 83th test, time elapsed 6.331811904907227 -- emperical power so far: 0.7710843373493976
db insert success
tensor(0.0006, device='cuda:0')
(84, 40, 0.015, 0.5, 24000, 'elltwo', 'bitflip', 0.00057220458984375, 0.005000000353902578, 6.3488945960998535, '2024-04-08 07:59:22')
pval: [0.005] -- 84th test, time elapsed 6.3488945960998535 -- emperical power so far: 0.7738095238095238
db insert success
tensor(0.0007, device='cuda:0')
(85, 40, 0.015, 0.5, 24000, 'elltwo', 'bitflip', 0.0006990432739257812, 0.0010000000474974513, 6.342174530029297, '2024-04-08 07:59:32')
pval: [0.001] -- 85th test, time elapsed 6.342174530029297 -- emperical power so far: 0.7764705882352941
db insert success
tensor(0.0006, device='cuda:0')
(86, 40, 0.015, 0.5, 24000, 'elltwo', 'bitflip', 0.0005693435668945312, 0.003000000026077032, 6.354779958724976, '2024-04-08 07:59:39')
pval: [0.003] -- 86th test, time elapsed 6.354779958724976 -- emperical power so far: 0.7790697674418605
db insert success
tensor(-0.0002, device='cuda:0')
(87, 40, 0.015, 0.5, 24000, 'elltwo', 'bitflip', -0.00018405914306640625, 0.8260000348091125, 6.357603311538696, '2024-04-08 07:59:59')
pval: [0.82600003] -- 87th test, time elapsed 6.357603311538696 -- emperical power so far: 0.7701149425287356
db insert success
tensor(4.1008e-05, device='cuda:0')
(88, 40, 0.015, 0.5, 24000, 'elltwo', 'bitflip', 4.100799560546875e-05, 0.36000001430511475, 6.343932390213013, '2024-04-08 08:00:26')
pval: [0.36000001] -- 88th test, time elapsed 6.343932390213013 -- emperical power so far: 0.7613636363636364
db insert success
tensor(0.0009, device='cuda:0')
(89, 40, 0.015, 0.5, 24000, 'elltwo', 'bitflip', 0.0008525848388671875, 0.0010000000474974513, 6.334445476531982, '2024-04-08 08:00:42')
pval: [0.001] -- 89th test, time elapsed 6.334445476531982 -- emperical power so far: 0.7640449438202247
db insert success
tensor(0.0011, device='cuda:0')
(90, 40, 0.015, 0.5, 24000, 'elltwo', 'bitflip', 0.0010528564453125, 0.0010000000474974513, 6.338585138320923, '2024-04-08 08:01:06')
pval: [0.001] -- 90th test, time elapsed 6.338585138320923 -- emperical power so far: 0.7666666666666667
db insert success
tensor(0.0006, device='cuda:0')
(91, 40, 0.015, 0.5, 24000, 'elltwo', 'bitflip', 0.0005636215209960938, 0.004000000189989805, 6.337168216705322, '2024-04-08 08:01:19')
pval: [0.004] -- 91th test, time elapsed 6.337168216705322 -- emperical power so far: 0.7692307692307693
db insert success
tensor(0.0006, device='cuda:0')
(92, 40, 0.015, 0.5, 24000, 'elltwo', 'bitflip', 0.0006017684936523438, 0.0020000000949949026, 6.350104808807373, '2024-04-08 08:01:30')
pval: [0.002] -- 92th test, time elapsed 6.350104808807373 -- emperical power so far: 0.7717391304347826
db insert success
tensor(0.0006, device='cuda:0')
(93, 40, 0.015, 0.5, 24000, 'elltwo', 'bitflip', 0.0005588531494140625, 0.007000000216066837, 6.34965181350708, '2024-04-08 08:01:52')
pval: [0.007] -- 93th test, time elapsed 6.34965181350708 -- emperical power so far: 0.7741935483870968
db insert success
tensor(0.0005, device='cuda:0')
(94, 40, 0.015, 0.5, 24000, 'elltwo', 'bitflip', 0.0004711151123046875, 0.013000000268220901, 6.339460372924805, '2024-04-08 08:02:09')
pval: [0.013] -- 94th test, time elapsed 6.339460372924805 -- emperical power so far: 0.776595744680851
db insert success
tensor(0.0007, device='cuda:0')
(95, 40, 0.015, 0.5, 24000, 'elltwo', 'bitflip', 0.0007219314575195312, 0.0010000000474974513, 6.3568034172058105, '2024-04-08 08:02:35')
pval: [0.001] -- 95th test, time elapsed 6.3568034172058105 -- emperical power so far: 0.7789473684210526
db insert success
tensor(0.0003, device='cuda:0')
(96, 40, 0.015, 0.5, 24000, 'elltwo', 'bitflip', 0.00030517578125, 0.04800000041723251, 6.346757650375366, '2024-04-08 08:02:58')
pval: [0.048] -- 96th test, time elapsed 6.346757650375366 -- emperical power so far: 0.78125
db insert success
tensor(0.0005, device='cuda:0')
(97, 40, 0.015, 0.5, 24000, 'elltwo', 'bitflip', 0.0004987716674804688, 0.01100000087171793, 6.348487854003906, '2024-04-08 08:03:22')
pval: [0.011] -- 97th test, time elapsed 6.348487854003906 -- emperical power so far: 0.7835051546391752
db insert success
tensor(0.0001, device='cuda:0')
(98, 40, 0.015, 0.5, 24000, 'elltwo', 'bitflip', 0.00011539459228515625, 0.25300002098083496, 6.331054449081421, '2024-04-08 08:03:42')
pval: [0.25300002] -- 98th test, time elapsed 6.331054449081421 -- emperical power so far: 0.7755102040816326
db insert success
tensor(0.0003, device='cuda:0')
(99, 40, 0.015, 0.5, 24000, 'elltwo', 'bitflip', 0.0002880096435546875, 0.0430000014603138, 6.342384576797485, '2024-04-08 08:04:01')
pval: [0.043] -- 99th test, time elapsed 6.342384576797485 -- emperical power so far: 0.7777777777777778
db insert success
tensor(0.0008, device='cuda:0')
(100, 40, 0.015, 0.5, 24000, 'elltwo', 'bitflip', 0.0007944107055664062, 0.0010000000474974513, 6.331317663192749, '2024-04-08 08:04:22')
pval: [0.001] -- 100th test, time elapsed 6.331317663192749 -- emperical power so far: 0.78
db insert success
tensor(0.0007, device='cuda:0')
(101, 40, 0.015, 0.5, 24000, 'elltwo', 'bitflip', 0.0007219314575195312, 0.0020000000949949026, 6.331730604171753, '2024-04-08 08:04:36')
pval: [0.002] -- 101th test, time elapsed 6.331730604171753 -- emperical power so far: 0.7821782178217822
db insert success
tensor(-6.6757e-06, device='cuda:0')
(102, 40, 0.015, 0.5, 24000, 'elltwo', 'bitflip', -6.67572021484375e-06, 0.4580000340938568, 6.330678701400757, '2024-04-08 08:04:55')
pval: [0.45800003] -- 102th test, time elapsed 6.330678701400757 -- emperical power so far: 0.7745098039215687
db insert success
tensor(0.0004, device='cuda:0')
(103, 40, 0.015, 0.5, 24000, 'elltwo', 'bitflip', 0.0003566741943359375, 0.036000002175569534, 6.361771106719971, '2024-04-08 08:05:16')
pval: [0.036] -- 103th test, time elapsed 6.361771106719971 -- emperical power so far: 0.7766990291262136
db insert success
tensor(0.0006, device='cuda:0')
(104, 40, 0.015, 0.5, 24000, 'elltwo', 'bitflip', 0.000606536865234375, 0.004000000189989805, 6.345864534378052, '2024-04-08 08:05:29')
pval: [0.004] -- 104th test, time elapsed 6.345864534378052 -- emperical power so far: 0.7788461538461539
db insert success
tensor(0.0002, device='cuda:0')
(105, 40, 0.015, 0.5, 24000, 'elltwo', 'bitflip', 0.00021076202392578125, 0.11300000548362732, 6.337789058685303, '2024-04-08 08:05:51')
pval: [0.11300001] -- 105th test, time elapsed 6.337789058685303 -- emperical power so far: 0.7714285714285715
db insert success
tensor(0.0005, device='cuda:0')
(106, 40, 0.015, 0.5, 24000, 'elltwo', 'bitflip', 0.0004711151123046875, 0.007000000216066837, 6.3269431591033936, '2024-04-08 08:06:12')
pval: [0.007] -- 106th test, time elapsed 6.3269431591033936 -- emperical power so far: 0.7735849056603774
db insert success
tensor(0.0007, device='cuda:0')
(107, 40, 0.015, 0.5, 24000, 'elltwo', 'bitflip', 0.00066375732421875, 0.003000000026077032, 6.34380578994751, '2024-04-08 08:06:35')
pval: [0.003] -- 107th test, time elapsed 6.34380578994751 -- emperical power so far: 0.7757009345794392
db insert success
tensor(0.0001, device='cuda:0')
(108, 40, 0.015, 0.5, 24000, 'elltwo', 'bitflip', 0.000141143798828125, 0.18800000846385956, 6.329919099807739, '2024-04-08 08:06:59')
pval: [0.18800001] -- 108th test, time elapsed 6.329919099807739 -- emperical power so far: 0.7685185185185185
db insert success
tensor(0.0009, device='cuda:0')
(109, 40, 0.015, 0.5, 24000, 'elltwo', 'bitflip', 0.0009260177612304688, 0.0020000000949949026, 6.347776174545288, '2024-04-08 08:07:11')
pval: [0.002] -- 109th test, time elapsed 6.347776174545288 -- emperical power so far: 0.7706422018348624
db insert success
tensor(0.0002, device='cuda:0')
(110, 40, 0.015, 0.5, 24000, 'elltwo', 'bitflip', 0.000171661376953125, 0.1600000113248825, 6.331200838088989, '2024-04-08 08:07:25')
pval: [0.16000001] -- 110th test, time elapsed 6.331200838088989 -- emperical power so far: 0.7636363636363637
db insert success
tensor(0.0007, device='cuda:0')
(111, 40, 0.015, 0.5, 24000, 'elltwo', 'bitflip', 0.0006771087646484375, 0.003000000026077032, 6.329339027404785, '2024-04-08 08:07:33')
pval: [0.003] -- 111th test, time elapsed 6.329339027404785 -- emperical power so far: 0.7657657657657657
db insert success
tensor(0.0007, device='cuda:0')
(112, 40, 0.015, 0.5, 24000, 'elltwo', 'bitflip', 0.0007228851318359375, 0.0010000000474974513, 6.330848932266235, '2024-04-08 08:07:46')
pval: [0.001] -- 112th test, time elapsed 6.330848932266235 -- emperical power so far: 0.7678571428571429
db insert success
tensor(0.0010, device='cuda:0')
(113, 40, 0.015, 0.5, 24000, 'elltwo', 'bitflip', 0.0009603500366210938, 0.0010000000474974513, 6.330199956893921, '2024-04-08 08:08:05')
pval: [0.001] -- 113th test, time elapsed 6.330199956893921 -- emperical power so far: 0.7699115044247787
db insert success
tensor(0.0004, device='cuda:0')
(114, 40, 0.015, 0.5, 24000, 'elltwo', 'bitflip', 0.000354766845703125, 0.03200000151991844, 6.329071283340454, '2024-04-08 08:08:32')
pval: [0.032] -- 114th test, time elapsed 6.329071283340454 -- emperical power so far: 0.7719298245614035
db insert success
tensor(0.0002, device='cuda:0')
(115, 40, 0.015, 0.5, 24000, 'elltwo', 'bitflip', 0.0002422332763671875, 0.08000000566244125, 6.3694071769714355, '2024-04-08 08:08:46')
pval: [0.08000001] -- 115th test, time elapsed 6.3694071769714355 -- emperical power so far: 0.7652173913043478
db insert success
tensor(1.6212e-05, device='cuda:0')
(116, 40, 0.015, 0.5, 24000, 'elltwo', 'bitflip', 1.621246337890625e-05, 0.40300002694129944, 6.3460376262664795, '2024-04-08 08:08:55')
pval: [0.40300003] -- 116th test, time elapsed 6.3460376262664795 -- emperical power so far: 0.7586206896551724
db insert success
tensor(0.0005, device='cuda:0')
(117, 40, 0.015, 0.5, 24000, 'elltwo', 'bitflip', 0.0005388259887695312, 0.010000000707805157, 6.344491004943848, '2024-04-08 08:09:07')
pval: [0.01] -- 117th test, time elapsed 6.344491004943848 -- emperical power so far: 0.7606837606837606
db insert success
tensor(0.0003, device='cuda:0')
(118, 40, 0.015, 0.5, 24000, 'elltwo', 'bitflip', 0.000335693359375, 0.032999999821186066, 6.349804639816284, '2024-04-08 08:09:29')
pval: [0.033] -- 118th test, time elapsed 6.349804639816284 -- emperical power so far: 0.7627118644067796
db insert success
tensor(0.0006, device='cuda:0')
(119, 40, 0.015, 0.5, 24000, 'elltwo', 'bitflip', 0.0006494522094726562, 0.0020000000949949026, 6.356020450592041, '2024-04-08 08:09:45')
pval: [0.002] -- 119th test, time elapsed 6.356020450592041 -- emperical power so far: 0.7647058823529411
db insert success
tensor(0.0003, device='cuda:0')
(120, 40, 0.015, 0.5, 24000, 'elltwo', 'bitflip', 0.00034618377685546875, 0.027000000700354576, 6.360846519470215, '2024-04-08 08:09:59')
pval: [0.027] -- 120th test, time elapsed 6.360846519470215 -- emperical power so far: 0.7666666666666667
db insert success
tensor(0.0007, device='cuda:0')
(121, 40, 0.015, 0.5, 24000, 'elltwo', 'bitflip', 0.0007181167602539062, 0.0020000000949949026, 6.3453123569488525, '2024-04-08 08:10:09')
pval: [0.002] -- 121th test, time elapsed 6.3453123569488525 -- emperical power so far: 0.768595041322314
db insert success
tensor(0.0008, device='cuda:0')
(122, 40, 0.015, 0.5, 24000, 'elltwo', 'bitflip', 0.0007801055908203125, 0.0010000000474974513, 6.348625421524048, '2024-04-08 08:10:29')
pval: [0.001] -- 122th test, time elapsed 6.348625421524048 -- emperical power so far: 0.7704918032786885
db insert success
tensor(0.0007, device='cuda:0')
(123, 40, 0.015, 0.5, 24000, 'elltwo', 'bitflip', 0.0007228851318359375, 0.0010000000474974513, 6.332476377487183, '2024-04-08 08:10:44')
pval: [0.001] -- 123th test, time elapsed 6.332476377487183 -- emperical power so far: 0.7723577235772358
db insert success
tensor(8.3923e-05, device='cuda:0')
(124, 40, 0.015, 0.5, 24000, 'elltwo', 'bitflip', 8.392333984375e-05, 0.26200002431869507, 6.324655532836914, '2024-04-08 08:11:00')
pval: [0.26200002] -- 124th test, time elapsed 6.324655532836914 -- emperical power so far: 0.7661290322580645
db insert success
tensor(0.0008, device='cuda:0')
(125, 40, 0.015, 0.5, 24000, 'elltwo', 'bitflip', 0.0007801055908203125, 0.0010000000474974513, 6.330784320831299, '2024-04-08 08:11:14')
pval: [0.001] -- 125th test, time elapsed 6.330784320831299 -- emperical power so far: 0.768
db insert success
tensor(8.1062e-05, device='cuda:0')
(126, 40, 0.015, 0.5, 24000, 'elltwo', 'bitflip', 8.106231689453125e-05, 0.28200000524520874, 6.324176788330078, '2024-04-08 08:11:36')
pval: [0.28200001] -- 126th test, time elapsed 6.324176788330078 -- emperical power so far: 0.7619047619047619
db insert success
tensor(0.0006, device='cuda:0')
(127, 40, 0.015, 0.5, 24000, 'elltwo', 'bitflip', 0.0005712509155273438, 0.0010000000474974513, 6.332810401916504, '2024-04-08 08:11:49')
pval: [0.001] -- 127th test, time elapsed 6.332810401916504 -- emperical power so far: 0.7637795275590551
db insert success
tensor(0.0004, device='cuda:0')
(128, 40, 0.015, 0.5, 24000, 'elltwo', 'bitflip', 0.00038051605224609375, 0.030000001192092896, 6.321554660797119, '2024-04-08 08:12:13')
pval: [0.03] -- 128th test, time elapsed 6.321554660797119 -- emperical power so far: 0.765625
db insert success
tensor(0.0009, device='cuda:0')
(129, 40, 0.015, 0.5, 24000, 'elltwo', 'bitflip', 0.0008707046508789062, 0.0010000000474974513, 6.3307271003723145, '2024-04-08 08:12:29')
pval: [0.001] -- 129th test, time elapsed 6.3307271003723145 -- emperical power so far: 0.7674418604651163
db insert success
tensor(0.0005, device='cuda:0')
(130, 40, 0.015, 0.5, 24000, 'elltwo', 'bitflip', 0.0005121231079101562, 0.007000000216066837, 6.330622434616089, '2024-04-08 08:12:47')
pval: [0.007] -- 130th test, time elapsed 6.330622434616089 -- emperical power so far: 0.7692307692307693
db insert success
tensor(0.0002, device='cuda:0')
(131, 40, 0.015, 0.5, 24000, 'elltwo', 'bitflip', 0.00024509429931640625, 0.10300000756978989, 6.329808712005615, '2024-04-08 08:13:06')
pval: [0.10300001] -- 131th test, time elapsed 6.329808712005615 -- emperical power so far: 0.7633587786259542
db insert success
tensor(0.0003, device='cuda:0')
(132, 40, 0.015, 0.5, 24000, 'elltwo', 'bitflip', 0.00027370452880859375, 0.06300000101327896, 6.321703672409058, '2024-04-08 08:13:19')
pval: [0.063] -- 132th test, time elapsed 6.321703672409058 -- emperical power so far: 0.7575757575757576
db insert success
tensor(0.0008, device='cuda:0')
(133, 40, 0.015, 0.5, 24000, 'elltwo', 'bitflip', 0.00080108642578125, 0.0020000000949949026, 6.326782464981079, '2024-04-08 08:13:30')
pval: [0.002] -- 133th test, time elapsed 6.326782464981079 -- emperical power so far: 0.7593984962406015
db insert success
tensor(0.0004, device='cuda:0')
(134, 40, 0.015, 0.5, 24000, 'elltwo', 'bitflip', 0.00043487548828125, 0.01900000125169754, 6.324833393096924, '2024-04-08 08:13:51')
pval: [0.019] -- 134th test, time elapsed 6.324833393096924 -- emperical power so far: 0.7611940298507462
db insert success
tensor(0.0003, device='cuda:0')
(135, 40, 0.015, 0.5, 24000, 'elltwo', 'bitflip', 0.00029468536376953125, 0.06400000303983688, 6.329696893692017, '2024-04-08 08:14:00')
pval: [0.064] -- 135th test, time elapsed 6.329696893692017 -- emperical power so far: 0.7555555555555555
db insert success
tensor(0.0004, device='cuda:0')
(136, 40, 0.015, 0.5, 24000, 'elltwo', 'bitflip', 0.00039577484130859375, 0.018000001087784767, 6.329756259918213, '2024-04-08 08:14:08')
pval: [0.018] -- 136th test, time elapsed 6.329756259918213 -- emperical power so far: 0.7573529411764706
db insert success
tensor(0.0007, device='cuda:0')
(137, 40, 0.015, 0.5, 24000, 'elltwo', 'bitflip', 0.0007123947143554688, 0.0010000000474974513, 6.3319103717803955, '2024-04-08 08:14:28')
pval: [0.001] -- 137th test, time elapsed 6.3319103717803955 -- emperical power so far: 0.7591240875912408
db insert success
tensor(0.0003, device='cuda:0')
(138, 40, 0.015, 0.5, 24000, 'elltwo', 'bitflip', 0.00029754638671875, 0.046000003814697266, 6.329317331314087, '2024-04-08 08:14:49')
pval: [0.046] -- 138th test, time elapsed 6.329317331314087 -- emperical power so far: 0.7608695652173914
db insert success
tensor(0.0007, device='cuda:0')
(139, 40, 0.015, 0.5, 24000, 'elltwo', 'bitflip', 0.0006532669067382812, 0.0020000000949949026, 6.328716516494751, '2024-04-08 08:15:11')
pval: [0.002] -- 139th test, time elapsed 6.328716516494751 -- emperical power so far: 0.762589928057554
db insert success
tensor(0.0008, device='cuda:0')
(140, 40, 0.015, 0.5, 24000, 'elltwo', 'bitflip', 0.00079345703125, 0.0010000000474974513, 6.339397430419922, '2024-04-08 08:15:34')
pval: [0.001] -- 140th test, time elapsed 6.339397430419922 -- emperical power so far: 0.7642857142857142
db insert success
tensor(0.0005, device='cuda:0')
(141, 40, 0.015, 0.5, 24000, 'elltwo', 'bitflip', 0.0004911422729492188, 0.004000000189989805, 6.3295440673828125, '2024-04-08 08:15:49')
pval: [0.004] -- 141th test, time elapsed 6.3295440673828125 -- emperical power so far: 0.7659574468085106
db insert success
tensor(0.0004, device='cuda:0')
(142, 40, 0.015, 0.5, 24000, 'elltwo', 'bitflip', 0.00036525726318359375, 0.029000001028180122, 6.325221300125122, '2024-04-08 08:16:04')
pval: [0.029] -- 142th test, time elapsed 6.325221300125122 -- emperical power so far: 0.7676056338028169
db insert success
tensor(0.0009, device='cuda:0')
(143, 40, 0.015, 0.5, 24000, 'elltwo', 'bitflip', 0.0008554458618164062, 0.0010000000474974513, 6.327448129653931, '2024-04-08 08:16:12')
pval: [0.001] -- 143th test, time elapsed 6.327448129653931 -- emperical power so far: 0.7692307692307693
db insert success
tensor(0.0007, device='cuda:0')
(144, 40, 0.015, 0.5, 24000, 'elltwo', 'bitflip', 0.0007467269897460938, 0.0010000000474974513, 6.320953845977783, '2024-04-08 08:16:27')
pval: [0.001] -- 144th test, time elapsed 6.320953845977783 -- emperical power so far: 0.7708333333333334
db insert success
tensor(0.0002, device='cuda:0')
(145, 40, 0.015, 0.5, 24000, 'elltwo', 'bitflip', 0.0001888275146484375, 0.11900000274181366, 6.333211898803711, '2024-04-08 08:16:47')
pval: [0.119] -- 145th test, time elapsed 6.333211898803711 -- emperical power so far: 0.7655172413793103
db insert success
tensor(0.0004, device='cuda:0')
(146, 40, 0.015, 0.5, 24000, 'elltwo', 'bitflip', 0.0004425048828125, 0.015000000596046448, 6.332413911819458, '2024-04-08 08:17:04')
pval: [0.015] -- 146th test, time elapsed 6.332413911819458 -- emperical power so far: 0.7671232876712328
db insert success
tensor(0.0005, device='cuda:0')
(147, 40, 0.015, 0.5, 24000, 'elltwo', 'bitflip', 0.0005435943603515625, 0.006000000052154064, 6.333833694458008, '2024-04-08 08:17:28')
pval: [0.006] -- 147th test, time elapsed 6.333833694458008 -- emperical power so far: 0.7687074829931972
db insert success
tensor(0.0009, device='cuda:0')
(148, 40, 0.015, 0.5, 24000, 'elltwo', 'bitflip', 0.0008668899536132812, 0.0010000000474974513, 6.3258020877838135, '2024-04-08 08:17:52')
pval: [0.001] -- 148th test, time elapsed 6.3258020877838135 -- emperical power so far: 0.7702702702702703
db insert success
tensor(0.0003, device='cuda:0')
(149, 40, 0.015, 0.5, 24000, 'elltwo', 'bitflip', 0.0003414154052734375, 0.03200000151991844, 6.372997522354126, '2024-04-08 08:18:02')
pval: [0.032] -- 149th test, time elapsed 6.372997522354126 -- emperical power so far: 0.7718120805369127
db insert success
tensor(0.0004, device='cuda:0')
(150, 40, 0.015, 0.5, 24000, 'elltwo', 'bitflip', 0.000400543212890625, 0.020000001415610313, 6.328730344772339, '2024-04-08 08:18:24')
pval: [0.02] -- 150th test, time elapsed 6.328730344772339 -- emperical power so far: 0.7733333333333333
db insert success
tensor(0.0007, device='cuda:0')
(151, 40, 0.015, 0.5, 24000, 'elltwo', 'bitflip', 0.0006923675537109375, 0.003000000026077032, 6.331107139587402, '2024-04-08 08:18:39')
pval: [0.003] -- 151th test, time elapsed 6.331107139587402 -- emperical power so far: 0.7748344370860927
db insert success
tensor(0.0001, device='cuda:0')
(152, 40, 0.015, 0.5, 24000, 'elltwo', 'bitflip', 0.0001201629638671875, 0.22300000488758087, 6.3330323696136475, '2024-04-08 08:19:02')
pval: [0.223] -- 152th test, time elapsed 6.3330323696136475 -- emperical power so far: 0.7697368421052632
db insert success
tensor(0.0008, device='cuda:0')
(153, 40, 0.015, 0.5, 24000, 'elltwo', 'bitflip', 0.0008096694946289062, 0.0010000000474974513, 6.333556413650513, '2024-04-08 08:19:19')
pval: [0.001] -- 153th test, time elapsed 6.333556413650513 -- emperical power so far: 0.7712418300653595
db insert success
tensor(0.0007, device='cuda:0')
(154, 40, 0.015, 0.5, 24000, 'elltwo', 'bitflip', 0.00069427490234375, 0.0010000000474974513, 6.329169511795044, '2024-04-08 08:19:32')
pval: [0.001] -- 154th test, time elapsed 6.329169511795044 -- emperical power so far: 0.7727272727272727
db insert success
tensor(0.0009, device='cuda:0')
(155, 40, 0.015, 0.5, 24000, 'elltwo', 'bitflip', 0.0009107589721679688, 0.0010000000474974513, 6.3304126262664795, '2024-04-08 08:19:57')
pval: [0.001] -- 155th test, time elapsed 6.3304126262664795 -- emperical power so far: 0.7741935483870968
db insert success
tensor(0.0007, device='cuda:0')
(156, 40, 0.015, 0.5, 24000, 'elltwo', 'bitflip', 0.000698089599609375, 0.0020000000949949026, 6.3255839347839355, '2024-04-08 08:20:20')
pval: [0.002] -- 156th test, time elapsed 6.3255839347839355 -- emperical power so far: 0.7756410256410257
db insert success
tensor(0.0002, device='cuda:0')
(157, 40, 0.015, 0.5, 24000, 'elltwo', 'bitflip', 0.000156402587890625, 0.1380000114440918, 6.347086191177368, '2024-04-08 08:20:38')
pval: [0.13800001] -- 157th test, time elapsed 6.347086191177368 -- emperical power so far: 0.7707006369426752
db insert success
tensor(0.0003, device='cuda:0')
(158, 40, 0.015, 0.5, 24000, 'elltwo', 'bitflip', 0.0003204345703125, 0.06000000238418579, 6.361316919326782, '2024-04-08 08:20:57')
pval: [0.06] -- 158th test, time elapsed 6.361316919326782 -- emperical power so far: 0.7658227848101266
db insert success
tensor(0.0004, device='cuda:0')
(159, 40, 0.015, 0.5, 24000, 'elltwo', 'bitflip', 0.0004062652587890625, 0.02200000174343586, 6.340389251708984, '2024-04-08 08:21:19')
pval: [0.022] -- 159th test, time elapsed 6.340389251708984 -- emperical power so far: 0.7672955974842768
db insert success
tensor(0.0002, device='cuda:0')
(160, 40, 0.015, 0.5, 24000, 'elltwo', 'bitflip', 0.0002155303955078125, 0.09800000488758087, 6.339740753173828, '2024-04-08 08:21:31')
pval: [0.098] -- 160th test, time elapsed 6.339740753173828 -- emperical power so far: 0.7625
db insert success
tensor(0.0005, device='cuda:0')
(161, 40, 0.015, 0.5, 24000, 'elltwo', 'bitflip', 0.00048828125, 0.004000000189989805, 6.332657098770142, '2024-04-08 08:21:40')
pval: [0.004] -- 161th test, time elapsed 6.332657098770142 -- emperical power so far: 0.7639751552795031
db insert success
tensor(0.0003, device='cuda:0')
(162, 40, 0.015, 0.5, 24000, 'elltwo', 'bitflip', 0.00028896331787109375, 0.05400000140070915, 6.327950716018677, '2024-04-08 08:21:57')
pval: [0.054] -- 162th test, time elapsed 6.327950716018677 -- emperical power so far: 0.7592592592592593
db insert success
tensor(0.0006, device='cuda:0')
(163, 40, 0.015, 0.5, 24000, 'elltwo', 'bitflip', 0.0005979537963867188, 0.0020000000949949026, 6.3637285232543945, '2024-04-08 08:22:23')
pval: [0.002] -- 163th test, time elapsed 6.3637285232543945 -- emperical power so far: 0.7607361963190185
db insert success
tensor(0.0005, device='cuda:0')
(164, 40, 0.015, 0.5, 24000, 'elltwo', 'bitflip', 0.0005254745483398438, 0.005000000353902578, 6.331391096115112, '2024-04-08 08:22:30')
pval: [0.005] -- 164th test, time elapsed 6.331391096115112 -- emperical power so far: 0.7621951219512195
db insert success
tensor(0.0004, device='cuda:0')
(165, 40, 0.015, 0.5, 24000, 'elltwo', 'bitflip', 0.000370025634765625, 0.021000001579523087, 6.342425107955933, '2024-04-08 08:22:43')
pval: [0.021] -- 165th test, time elapsed 6.342425107955933 -- emperical power so far: 0.7636363636363637
db insert success
tensor(0.0005, device='cuda:0')
(166, 40, 0.015, 0.5, 24000, 'elltwo', 'bitflip', 0.00052642822265625, 0.004000000189989805, 6.331091642379761, '2024-04-08 08:23:03')
pval: [0.004] -- 166th test, time elapsed 6.331091642379761 -- emperical power so far: 0.7650602409638554
db insert success
tensor(8.1062e-05, device='cuda:0')
(167, 40, 0.015, 0.5, 24000, 'elltwo', 'bitflip', 8.106231689453125e-05, 0.2590000033378601, 6.324742555618286, '2024-04-08 08:23:10')
pval: [0.259] -- 167th test, time elapsed 6.324742555618286 -- emperical power so far: 0.7604790419161677
db insert success
tensor(0.0006, device='cuda:0')
(168, 40, 0.015, 0.5, 24000, 'elltwo', 'bitflip', 0.0005578994750976562, 0.0020000000949949026, 6.342192888259888, '2024-04-08 08:23:34')
pval: [0.002] -- 168th test, time elapsed 6.342192888259888 -- emperical power so far: 0.7619047619047619
db insert success
tensor(0.0005, device='cuda:0')
(169, 40, 0.015, 0.5, 24000, 'elltwo', 'bitflip', 0.00046825408935546875, 0.013000000268220901, 6.3285651206970215, '2024-04-08 08:23:58')
pval: [0.013] -- 169th test, time elapsed 6.3285651206970215 -- emperical power so far: 0.7633136094674556
db insert success
tensor(0.0009, device='cuda:0')
(170, 40, 0.015, 0.5, 24000, 'elltwo', 'bitflip', 0.0009021759033203125, 0.0010000000474974513, 6.335177183151245, '2024-04-08 08:24:10')
pval: [0.001] -- 170th test, time elapsed 6.335177183151245 -- emperical power so far: 0.7647058823529411
db insert success
tensor(0.0006, device='cuda:0')
(171, 40, 0.015, 0.5, 24000, 'elltwo', 'bitflip', 0.0005617141723632812, 0.005000000353902578, 6.3277668952941895, '2024-04-08 08:24:21')
pval: [0.005] -- 171th test, time elapsed 6.3277668952941895 -- emperical power so far: 0.7660818713450293
db insert success
tensor(0.0005, device='cuda:0')
(172, 40, 0.015, 0.5, 24000, 'elltwo', 'bitflip', 0.000457763671875, 0.007000000216066837, 6.3296895027160645, '2024-04-08 08:24:33')
pval: [0.007] -- 172th test, time elapsed 6.3296895027160645 -- emperical power so far: 0.7674418604651163
db insert success
tensor(0.0007, device='cuda:0')
(173, 40, 0.015, 0.5, 24000, 'elltwo', 'bitflip', 0.000736236572265625, 0.0010000000474974513, 6.349836826324463, '2024-04-08 08:24:59')
pval: [0.001] -- 173th test, time elapsed 6.349836826324463 -- emperical power so far: 0.7687861271676301
db insert success
tensor(0.0010, device='cuda:0')
(174, 40, 0.015, 0.5, 24000, 'elltwo', 'bitflip', 0.0010461807250976562, 0.0010000000474974513, 6.362210512161255, '2024-04-08 08:25:25')
pval: [0.001] -- 174th test, time elapsed 6.362210512161255 -- emperical power so far: 0.7701149425287356
db insert success
tensor(0.0008, device='cuda:0')
(175, 40, 0.015, 0.5, 24000, 'elltwo', 'bitflip', 0.0007810592651367188, 0.0010000000474974513, 6.366427659988403, '2024-04-08 08:25:33')
pval: [0.001] -- 175th test, time elapsed 6.366427659988403 -- emperical power so far: 0.7714285714285715
db insert success
tensor(0.0012, device='cuda:0')
(176, 40, 0.015, 0.5, 24000, 'elltwo', 'bitflip', 0.001186370849609375, 0.0010000000474974513, 6.330708742141724, '2024-04-08 08:25:57')
pval: [0.001] -- 176th test, time elapsed 6.330708742141724 -- emperical power so far: 0.7727272727272727
db insert success
tensor(0.0005, device='cuda:0')
(177, 40, 0.015, 0.5, 24000, 'elltwo', 'bitflip', 0.0005044937133789062, 0.00800000037997961, 6.331298112869263, '2024-04-08 08:26:09')
pval: [0.008] -- 177th test, time elapsed 6.331298112869263 -- emperical power so far: 0.7740112994350282
db insert success
tensor(0.0007, device='cuda:0')
(178, 40, 0.015, 0.5, 24000, 'elltwo', 'bitflip', 0.0006656646728515625, 0.0020000000949949026, 6.372723817825317, '2024-04-08 08:26:35')
pval: [0.002] -- 178th test, time elapsed 6.372723817825317 -- emperical power so far: 0.7752808988764045
db insert success
tensor(0.0002, device='cuda:0')
(179, 40, 0.015, 0.5, 24000, 'elltwo', 'bitflip', 0.00021839141845703125, 0.09800000488758087, 6.333042860031128, '2024-04-08 08:26:55')
pval: [0.098] -- 179th test, time elapsed 6.333042860031128 -- emperical power so far: 0.770949720670391
db insert success
tensor(0.0014, device='cuda:0')
(180, 40, 0.015, 0.5, 24000, 'elltwo', 'bitflip', 0.0013675689697265625, 0.0010000000474974513, 6.321878433227539, '2024-04-08 08:27:08')
pval: [0.001] -- 180th test, time elapsed 6.321878433227539 -- emperical power so far: 0.7722222222222223
db insert success
tensor(0.0002, device='cuda:0')
(181, 40, 0.015, 0.5, 24000, 'elltwo', 'bitflip', 0.000232696533203125, 0.08900000154972076, 6.325418472290039, '2024-04-08 08:27:25')
pval: [0.089] -- 181th test, time elapsed 6.325418472290039 -- emperical power so far: 0.7679558011049724
db insert success
tensor(0.0006, device='cuda:0')
(182, 40, 0.015, 0.5, 24000, 'elltwo', 'bitflip', 0.00060272216796875, 0.0020000000949949026, 6.346392393112183, '2024-04-08 08:27:36')
pval: [0.002] -- 182th test, time elapsed 6.346392393112183 -- emperical power so far: 0.7692307692307693
db insert success
tensor(0.0002, device='cuda:0')
(183, 40, 0.015, 0.5, 24000, 'elltwo', 'bitflip', 0.00023365020751953125, 0.10000000149011612, 6.332996129989624, '2024-04-08 08:27:47')
pval: [0.1] -- 183th test, time elapsed 6.332996129989624 -- emperical power so far: 0.7650273224043715
db insert success
tensor(0.0003, device='cuda:0')
(184, 40, 0.015, 0.5, 24000, 'elltwo', 'bitflip', 0.0002689361572265625, 0.0860000029206276, 6.33700156211853, '2024-04-08 08:28:11')
pval: [0.086] -- 184th test, time elapsed 6.33700156211853 -- emperical power so far: 0.7608695652173914
db insert success
tensor(0.0002, device='cuda:0')
(185, 40, 0.015, 0.5, 24000, 'elltwo', 'bitflip', 0.00023746490478515625, 0.08300000429153442, 6.327563762664795, '2024-04-08 08:28:18')
pval: [0.083] -- 185th test, time elapsed 6.327563762664795 -- emperical power so far: 0.7567567567567568
db insert success
tensor(0.0005, device='cuda:0')
(186, 40, 0.015, 0.5, 24000, 'elltwo', 'bitflip', 0.0005054473876953125, 0.013000000268220901, 6.360631704330444, '2024-04-08 08:28:44')
pval: [0.013] -- 186th test, time elapsed 6.360631704330444 -- emperical power so far: 0.7580645161290323
db insert success
tensor(0.0006, device='cuda:0')
(187, 40, 0.015, 0.5, 24000, 'elltwo', 'bitflip', 0.0006103515625, 0.003000000026077032, 6.336138010025024, '2024-04-08 08:29:10')
pval: [0.003] -- 187th test, time elapsed 6.336138010025024 -- emperical power so far: 0.7593582887700535
db insert success
tensor(0.0008, device='cuda:0')
(188, 40, 0.015, 0.5, 24000, 'elltwo', 'bitflip', 0.0007505416870117188, 0.0010000000474974513, 6.335678339004517, '2024-04-08 08:29:19')
pval: [0.001] -- 188th test, time elapsed 6.335678339004517 -- emperical power so far: 0.7606382978723404
db insert success
tensor(0.0007, device='cuda:0')
(189, 40, 0.015, 0.5, 24000, 'elltwo', 'bitflip', 0.0006875991821289062, 0.0020000000949949026, 6.3447747230529785, '2024-04-08 08:29:39')
pval: [0.002] -- 189th test, time elapsed 6.3447747230529785 -- emperical power so far: 0.7619047619047619
db insert success
tensor(0.0005, device='cuda:0')
(190, 40, 0.015, 0.5, 24000, 'elltwo', 'bitflip', 0.0004987716674804688, 0.006000000052154064, 6.334376573562622, '2024-04-08 08:30:03')
pval: [0.006] -- 190th test, time elapsed 6.334376573562622 -- emperical power so far: 0.7631578947368421
db insert success
tensor(0.0005, device='cuda:0')
(191, 40, 0.015, 0.5, 24000, 'elltwo', 'bitflip', 0.000522613525390625, 0.010000000707805157, 6.330896854400635, '2024-04-08 08:30:19')
pval: [0.01] -- 191th test, time elapsed 6.330896854400635 -- emperical power so far: 0.7643979057591623
db insert success
tensor(0.0004, device='cuda:0')
(192, 40, 0.015, 0.5, 24000, 'elltwo', 'bitflip', 0.00036334991455078125, 0.024000000208616257, 6.335010051727295, '2024-04-08 08:30:33')
pval: [0.024] -- 192th test, time elapsed 6.335010051727295 -- emperical power so far: 0.765625
db insert success
tensor(0.0004, device='cuda:0')
(193, 40, 0.015, 0.5, 24000, 'elltwo', 'bitflip', 0.00041675567626953125, 0.018000001087784767, 6.346461772918701, '2024-04-08 08:30:44')
pval: [0.018] -- 193th test, time elapsed 6.346461772918701 -- emperical power so far: 0.7668393782383419
db insert success
tensor(0.0009, device='cuda:0')
(194, 40, 0.015, 0.5, 24000, 'elltwo', 'bitflip', 0.0009412765502929688, 0.0010000000474974513, 6.346542596817017, '2024-04-08 08:31:01')
pval: [0.001] -- 194th test, time elapsed 6.346542596817017 -- emperical power so far: 0.7680412371134021
db insert success
tensor(0.0009, device='cuda:0')
(195, 40, 0.015, 0.5, 24000, 'elltwo', 'bitflip', 0.0009021759033203125, 0.0010000000474974513, 6.3326568603515625, '2024-04-08 08:31:21')
pval: [0.001] -- 195th test, time elapsed 6.3326568603515625 -- emperical power so far: 0.7692307692307693
db insert success
tensor(0.0003, device='cuda:0')
(196, 40, 0.015, 0.5, 24000, 'elltwo', 'bitflip', 0.00029754638671875, 0.07000000029802322, 6.343437671661377, '2024-04-08 08:31:43')
pval: [0.07] -- 196th test, time elapsed 6.343437671661377 -- emperical power so far: 0.7653061224489796
db insert success
tensor(0.0007, device='cuda:0')
(197, 40, 0.015, 0.5, 24000, 'elltwo', 'bitflip', 0.0006513595581054688, 0.0010000000474974513, 6.35408616065979, '2024-04-08 08:32:09')
pval: [0.001] -- 197th test, time elapsed 6.35408616065979 -- emperical power so far: 0.766497461928934
db insert success
tensor(0.0003, device='cuda:0')
(198, 40, 0.015, 0.5, 24000, 'elltwo', 'bitflip', 0.00029659271240234375, 0.05100000277161598, 6.344132661819458, '2024-04-08 08:32:36')
pval: [0.051] -- 198th test, time elapsed 6.344132661819458 -- emperical power so far: 0.7626262626262627
db insert success
tensor(0.0002, device='cuda:0')
(199, 40, 0.015, 0.5, 24000, 'elltwo', 'bitflip', 0.0001621246337890625, 0.13900001347064972, 6.334340572357178, '2024-04-08 08:33:01')
pval: [0.13900001] -- 199th test, time elapsed 6.334340572357178 -- emperical power so far: 0.7587939698492462
db insert success
tensor(0.0005, device='cuda:0')
(200, 40, 0.015, 0.5, 24000, 'elltwo', 'bitflip', 0.000514984130859375, 0.004000000189989805, 6.3737804889678955, '2024-04-08 08:33:13')
pval: [0.004] -- 200th test, time elapsed 6.3737804889678955 -- emperical power so far: 0.76
db insert success
3462.6348860263824
