tensor([0.0100, 0.0400, 0.0100, 0.0400, 0.0100, 0.0400, 0.0100, 0.0400, 0.0100,
        0.0400, 0.0100, 0.0400, 0.0100, 0.0400, 0.0100, 0.0400, 0.0100, 0.0400,
        0.0100, 0.0400, 0.0100, 0.0400, 0.0100, 0.0400, 0.0100, 0.0400, 0.0100,
        0.0400, 0.0100, 0.0400, 0.0100, 0.0400, 0.0100, 0.0400, 0.0100, 0.0400,
        0.0100, 0.0400, 0.0100, 0.0400])
tensor([0.0400, 0.0100, 0.0400, 0.0100, 0.0400, 0.0100, 0.0400, 0.0100, 0.0400,
        0.0100, 0.0400, 0.0100, 0.0400, 0.0100, 0.0400, 0.0100, 0.0400, 0.0100,
        0.0400, 0.0100, 0.0400, 0.0100, 0.0400, 0.0100, 0.0400, 0.0100, 0.0400,
        0.0100, 0.0400, 0.0100, 0.0400, 0.0100, 0.0400, 0.0100, 0.0400, 0.0100,
        0.0400, 0.0100, 0.0400, 0.0100])
bitflipelltwo, alpha=2, sample size=22500
#########################################
tensor(0.0080, device='cuda:0')
(1, 40, 0.015, 2, 22500, 'elltwo', 'bitflip', 0.008049964904785156, 0.0010000000474974513, 9.843816995620728, '2024-04-08 08:04:20')
pval: [0.001] -- 1th test, time elapsed 9.843816995620728 -- emperical power so far: 1.0
db insert success
tensor(0.0070, device='cuda:0')
(2, 40, 0.015, 2, 22500, 'elltwo', 'bitflip', 0.007040977478027344, 0.0010000000474974513, 6.479018211364746, '2024-04-08 08:04:42')
pval: [0.001] -- 2th test, time elapsed 6.479018211364746 -- emperical power so far: 1.0
db insert success
tensor(0.0079, device='cuda:0')
(3, 40, 0.015, 2, 22500, 'elltwo', 'bitflip', 0.00794363021850586, 0.0010000000474974513, 6.502907991409302, '2024-04-08 08:04:54')
pval: [0.001] -- 3th test, time elapsed 6.502907991409302 -- emperical power so far: 1.0
db insert success
tensor(0.0068, device='cuda:0')
(4, 40, 0.015, 2, 22500, 'elltwo', 'bitflip', 0.006791114807128906, 0.0010000000474974513, 6.5030598640441895, '2024-04-08 08:05:07')
pval: [0.001] -- 4th test, time elapsed 6.5030598640441895 -- emperical power so far: 1.0
db insert success
tensor(0.0072, device='cuda:0')
(5, 40, 0.015, 2, 22500, 'elltwo', 'bitflip', 0.007193088531494141, 0.0010000000474974513, 6.496291637420654, '2024-04-08 08:05:17')
pval: [0.001] -- 5th test, time elapsed 6.496291637420654 -- emperical power so far: 1.0
db insert success
tensor(0.0074, device='cuda:0')
(6, 40, 0.015, 2, 22500, 'elltwo', 'bitflip', 0.007415294647216797, 0.0010000000474974513, 6.482685327529907, '2024-04-08 08:05:33')
pval: [0.001] -- 6th test, time elapsed 6.482685327529907 -- emperical power so far: 1.0
db insert success
tensor(0.0081, device='cuda:0')
(7, 40, 0.015, 2, 22500, 'elltwo', 'bitflip', 0.00806570053100586, 0.0010000000474974513, 6.499856948852539, '2024-04-08 08:05:49')
pval: [0.001] -- 7th test, time elapsed 6.499856948852539 -- emperical power so far: 1.0
db insert success
tensor(0.0084, device='cuda:0')
(8, 40, 0.015, 2, 22500, 'elltwo', 'bitflip', 0.008403778076171875, 0.0010000000474974513, 6.483612298965454, '2024-04-08 08:06:00')
pval: [0.001] -- 8th test, time elapsed 6.483612298965454 -- emperical power so far: 1.0
db insert success
tensor(0.0079, device='cuda:0')
(9, 40, 0.015, 2, 22500, 'elltwo', 'bitflip', 0.007874488830566406, 0.0010000000474974513, 6.496791124343872, '2024-04-08 08:06:24')
pval: [0.001] -- 9th test, time elapsed 6.496791124343872 -- emperical power so far: 1.0
db insert success
tensor(0.0080, device='cuda:0')
(10, 40, 0.015, 2, 22500, 'elltwo', 'bitflip', 0.007996559143066406, 0.0010000000474974513, 6.489698171615601, '2024-04-08 08:06:31')
pval: [0.001] -- 10th test, time elapsed 6.489698171615601 -- emperical power so far: 1.0
db insert success
tensor(0.0072, device='cuda:0')
(11, 40, 0.015, 2, 22500, 'elltwo', 'bitflip', 0.007237911224365234, 0.0010000000474974513, 6.507664918899536, '2024-04-08 08:06:56')
pval: [0.001] -- 11th test, time elapsed 6.507664918899536 -- emperical power so far: 1.0
db insert success
tensor(0.0094, device='cuda:0')
(12, 40, 0.015, 2, 22500, 'elltwo', 'bitflip', 0.009396076202392578, 0.0010000000474974513, 6.494307994842529, '2024-04-08 08:07:20')
pval: [0.001] -- 12th test, time elapsed 6.494307994842529 -- emperical power so far: 1.0
db insert success
tensor(0.0080, device='cuda:0')
(13, 40, 0.015, 2, 22500, 'elltwo', 'bitflip', 0.007965564727783203, 0.0010000000474974513, 6.497718572616577, '2024-04-08 08:07:38')
pval: [0.001] -- 13th test, time elapsed 6.497718572616577 -- emperical power so far: 1.0
db insert success
tensor(0.0078, device='cuda:0')
(14, 40, 0.015, 2, 22500, 'elltwo', 'bitflip', 0.007803916931152344, 0.0010000000474974513, 6.494723796844482, '2024-04-08 08:07:52')
pval: [0.001] -- 14th test, time elapsed 6.494723796844482 -- emperical power so far: 1.0
db insert success
tensor(0.0086, device='cuda:0')
(15, 40, 0.015, 2, 22500, 'elltwo', 'bitflip', 0.008622169494628906, 0.0010000000474974513, 6.493013381958008, '2024-04-08 08:08:18')
pval: [0.001] -- 15th test, time elapsed 6.493013381958008 -- emperical power so far: 1.0
db insert success
tensor(0.0070, device='cuda:0')
(16, 40, 0.015, 2, 22500, 'elltwo', 'bitflip', 0.006992816925048828, 0.0010000000474974513, 6.485171318054199, '2024-04-08 08:08:31')
pval: [0.001] -- 16th test, time elapsed 6.485171318054199 -- emperical power so far: 1.0
db insert success
tensor(0.0086, device='cuda:0')
(17, 40, 0.015, 2, 22500, 'elltwo', 'bitflip', 0.008646965026855469, 0.0010000000474974513, 6.5030357837677, '2024-04-08 08:08:50')
pval: [0.001] -- 17th test, time elapsed 6.5030357837677 -- emperical power so far: 1.0
db insert success
tensor(0.0065, device='cuda:0')
(18, 40, 0.015, 2, 22500, 'elltwo', 'bitflip', 0.006491661071777344, 0.0010000000474974513, 6.4774863719940186, '2024-04-08 08:09:07')
pval: [0.001] -- 18th test, time elapsed 6.4774863719940186 -- emperical power so far: 1.0
db insert success
tensor(0.0082, device='cuda:0')
(19, 40, 0.015, 2, 22500, 'elltwo', 'bitflip', 0.008235454559326172, 0.0010000000474974513, 6.498435020446777, '2024-04-08 08:09:26')
pval: [0.001] -- 19th test, time elapsed 6.498435020446777 -- emperical power so far: 1.0
db insert success
tensor(0.0081, device='cuda:0')
(20, 40, 0.015, 2, 22500, 'elltwo', 'bitflip', 0.008142471313476562, 0.0010000000474974513, 6.480356693267822, '2024-04-08 08:09:39')
pval: [0.001] -- 20th test, time elapsed 6.480356693267822 -- emperical power so far: 1.0
db insert success
tensor(0.0069, device='cuda:0')
(21, 40, 0.015, 2, 22500, 'elltwo', 'bitflip', 0.006894111633300781, 0.0010000000474974513, 6.485846996307373, '2024-04-08 08:09:51')
pval: [0.001] -- 21th test, time elapsed 6.485846996307373 -- emperical power so far: 1.0
db insert success
tensor(0.0072, device='cuda:0')
(22, 40, 0.015, 2, 22500, 'elltwo', 'bitflip', 0.007180690765380859, 0.0010000000474974513, 6.502654790878296, '2024-04-08 08:10:11')
pval: [0.001] -- 22th test, time elapsed 6.502654790878296 -- emperical power so far: 1.0
db insert success
tensor(0.0072, device='cuda:0')
(23, 40, 0.015, 2, 22500, 'elltwo', 'bitflip', 0.007220745086669922, 0.0010000000474974513, 6.503389835357666, '2024-04-08 08:10:28')
pval: [0.001] -- 23th test, time elapsed 6.503389835357666 -- emperical power so far: 1.0
db insert success
tensor(0.0072, device='cuda:0')
(24, 40, 0.015, 2, 22500, 'elltwo', 'bitflip', 0.007227420806884766, 0.0010000000474974513, 6.496902942657471, '2024-04-08 08:10:48')
pval: [0.001] -- 24th test, time elapsed 6.496902942657471 -- emperical power so far: 1.0
db insert success
tensor(0.0088, device='cuda:0')
(25, 40, 0.015, 2, 22500, 'elltwo', 'bitflip', 0.008795738220214844, 0.0010000000474974513, 6.485857248306274, '2024-04-08 08:11:03')
pval: [0.001] -- 25th test, time elapsed 6.485857248306274 -- emperical power so far: 1.0
db insert success
tensor(0.0078, device='cuda:0')
(26, 40, 0.015, 2, 22500, 'elltwo', 'bitflip', 0.007832050323486328, 0.0010000000474974513, 6.491365432739258, '2024-04-08 08:11:23')
pval: [0.001] -- 26th test, time elapsed 6.491365432739258 -- emperical power so far: 1.0
db insert success
tensor(0.0075, device='cuda:0')
(27, 40, 0.015, 2, 22500, 'elltwo', 'bitflip', 0.0074596405029296875, 0.0010000000474974513, 6.487984895706177, '2024-04-08 08:11:48')
pval: [0.001] -- 27th test, time elapsed 6.487984895706177 -- emperical power so far: 1.0
db insert success
tensor(0.0072, device='cuda:0')
(28, 40, 0.015, 2, 22500, 'elltwo', 'bitflip', 0.00719451904296875, 0.0010000000474974513, 6.4905664920806885, '2024-04-08 08:12:13')
pval: [0.001] -- 28th test, time elapsed 6.4905664920806885 -- emperical power so far: 1.0
db insert success
tensor(0.0079, device='cuda:0')
(29, 40, 0.015, 2, 22500, 'elltwo', 'bitflip', 0.007904052734375, 0.0010000000474974513, 6.490437269210815, '2024-04-08 08:12:25')
pval: [0.001] -- 29th test, time elapsed 6.490437269210815 -- emperical power so far: 1.0
db insert success
tensor(0.0069, device='cuda:0')
(30, 40, 0.015, 2, 22500, 'elltwo', 'bitflip', 0.006913185119628906, 0.0010000000474974513, 6.4873340129852295, '2024-04-08 08:12:35')
pval: [0.001] -- 30th test, time elapsed 6.4873340129852295 -- emperical power so far: 1.0
db insert success
tensor(0.0081, device='cuda:0')
(31, 40, 0.015, 2, 22500, 'elltwo', 'bitflip', 0.008108139038085938, 0.0010000000474974513, 6.504852056503296, '2024-04-08 08:12:48')
pval: [0.001] -- 31th test, time elapsed 6.504852056503296 -- emperical power so far: 1.0
db insert success
tensor(0.0073, device='cuda:0')
(32, 40, 0.015, 2, 22500, 'elltwo', 'bitflip', 0.007270336151123047, 0.0010000000474974513, 6.494721174240112, '2024-04-08 08:12:57')
pval: [0.001] -- 32th test, time elapsed 6.494721174240112 -- emperical power so far: 1.0
db insert success
tensor(0.0073, device='cuda:0')
(33, 40, 0.015, 2, 22500, 'elltwo', 'bitflip', 0.007308006286621094, 0.0010000000474974513, 6.496733903884888, '2024-04-08 08:13:19')
pval: [0.001] -- 33th test, time elapsed 6.496733903884888 -- emperical power so far: 1.0
db insert success
tensor(0.0060, device='cuda:0')
(34, 40, 0.015, 2, 22500, 'elltwo', 'bitflip', 0.006009578704833984, 0.0010000000474974513, 6.4994797706604, '2024-04-08 08:13:46')
pval: [0.001] -- 34th test, time elapsed 6.4994797706604 -- emperical power so far: 1.0
db insert success
tensor(0.0076, device='cuda:0')
(35, 40, 0.015, 2, 22500, 'elltwo', 'bitflip', 0.007565975189208984, 0.0010000000474974513, 6.512905120849609, '2024-04-08 08:14:01')
pval: [0.001] -- 35th test, time elapsed 6.512905120849609 -- emperical power so far: 1.0
db insert success
tensor(0.0081, device='cuda:0')
(36, 40, 0.015, 2, 22500, 'elltwo', 'bitflip', 0.008053779602050781, 0.0010000000474974513, 6.4912168979644775, '2024-04-08 08:14:16')
pval: [0.001] -- 36th test, time elapsed 6.4912168979644775 -- emperical power so far: 1.0
db insert success
tensor(0.0091, device='cuda:0')
(37, 40, 0.015, 2, 22500, 'elltwo', 'bitflip', 0.009052276611328125, 0.0010000000474974513, 6.491433143615723, '2024-04-08 08:14:39')
pval: [0.001] -- 37th test, time elapsed 6.491433143615723 -- emperical power so far: 1.0
db insert success
tensor(0.0076, device='cuda:0')
(38, 40, 0.015, 2, 22500, 'elltwo', 'bitflip', 0.007593631744384766, 0.0010000000474974513, 6.515401363372803, '2024-04-08 08:14:52')
pval: [0.001] -- 38th test, time elapsed 6.515401363372803 -- emperical power so far: 1.0
db insert success
tensor(0.0076, device='cuda:0')
(39, 40, 0.015, 2, 22500, 'elltwo', 'bitflip', 0.007571220397949219, 0.0010000000474974513, 6.442041873931885, '2024-04-08 08:15:10')
pval: [0.001] -- 39th test, time elapsed 6.442041873931885 -- emperical power so far: 1.0
db insert success
tensor(0.0091, device='cuda:0')
(40, 40, 0.015, 2, 22500, 'elltwo', 'bitflip', 0.009141921997070312, 0.0010000000474974513, 6.314897060394287, '2024-04-08 08:15:18')
pval: [0.001] -- 40th test, time elapsed 6.314897060394287 -- emperical power so far: 1.0
db insert success
tensor(0.0075, device='cuda:0')
(41, 40, 0.015, 2, 22500, 'elltwo', 'bitflip', 0.007537364959716797, 0.0010000000474974513, 6.314028739929199, '2024-04-08 08:15:30')
pval: [0.001] -- 41th test, time elapsed 6.314028739929199 -- emperical power so far: 1.0
db insert success
tensor(0.0063, device='cuda:0')
(42, 40, 0.015, 2, 22500, 'elltwo', 'bitflip', 0.006289482116699219, 0.0010000000474974513, 6.309155702590942, '2024-04-08 08:15:47')
pval: [0.001] -- 42th test, time elapsed 6.309155702590942 -- emperical power so far: 1.0
db insert success
tensor(0.0070, device='cuda:0')
(43, 40, 0.015, 2, 22500, 'elltwo', 'bitflip', 0.006984233856201172, 0.0010000000474974513, 6.314863443374634, '2024-04-08 08:15:58')
pval: [0.001] -- 43th test, time elapsed 6.314863443374634 -- emperical power so far: 1.0
db insert success
tensor(0.0086, device='cuda:0')
(44, 40, 0.015, 2, 22500, 'elltwo', 'bitflip', 0.008607864379882812, 0.0010000000474974513, 6.314152717590332, '2024-04-08 08:16:19')
pval: [0.001] -- 44th test, time elapsed 6.314152717590332 -- emperical power so far: 1.0
db insert success
tensor(0.0067, device='cuda:0')
(45, 40, 0.015, 2, 22500, 'elltwo', 'bitflip', 0.0066928863525390625, 0.0010000000474974513, 6.278200387954712, '2024-04-08 08:16:35')
pval: [0.001] -- 45th test, time elapsed 6.278200387954712 -- emperical power so far: 1.0
db insert success
tensor(0.0065, device='cuda:0')
(46, 40, 0.015, 2, 22500, 'elltwo', 'bitflip', 0.006484508514404297, 0.0010000000474974513, 6.277097463607788, '2024-04-08 08:16:44')
pval: [0.001] -- 46th test, time elapsed 6.277097463607788 -- emperical power so far: 1.0
db insert success
tensor(0.0063, device='cuda:0')
(47, 40, 0.015, 2, 22500, 'elltwo', 'bitflip', 0.006320476531982422, 0.0010000000474974513, 6.2698891162872314, '2024-04-08 08:17:06')
pval: [0.001] -- 47th test, time elapsed 6.2698891162872314 -- emperical power so far: 1.0
db insert success
tensor(0.0079, device='cuda:0')
(48, 40, 0.015, 2, 22500, 'elltwo', 'bitflip', 0.007905960083007812, 0.0010000000474974513, 6.317873954772949, '2024-04-08 08:17:31')
pval: [0.001] -- 48th test, time elapsed 6.317873954772949 -- emperical power so far: 1.0
db insert success
tensor(0.0069, device='cuda:0')
(49, 40, 0.015, 2, 22500, 'elltwo', 'bitflip', 0.006899833679199219, 0.0010000000474974513, 6.317516326904297, '2024-04-08 08:17:41')
pval: [0.001] -- 49th test, time elapsed 6.317516326904297 -- emperical power so far: 1.0
db insert success
tensor(0.0076, device='cuda:0')
(50, 40, 0.015, 2, 22500, 'elltwo', 'bitflip', 0.0075931549072265625, 0.0010000000474974513, 6.304101228713989, '2024-04-08 08:18:01')
pval: [0.001] -- 50th test, time elapsed 6.304101228713989 -- emperical power so far: 1.0
db insert success
tensor(0.0069, device='cuda:0')
(51, 40, 0.015, 2, 22500, 'elltwo', 'bitflip', 0.006874561309814453, 0.0010000000474974513, 6.312018871307373, '2024-04-08 08:18:23')
pval: [0.001] -- 51th test, time elapsed 6.312018871307373 -- emperical power so far: 1.0
db insert success
tensor(0.0083, device='cuda:0')
(52, 40, 0.015, 2, 22500, 'elltwo', 'bitflip', 0.008333683013916016, 0.0010000000474974513, 6.296732664108276, '2024-04-08 08:18:35')
pval: [0.001] -- 52th test, time elapsed 6.296732664108276 -- emperical power so far: 1.0
db insert success
tensor(0.0072, device='cuda:0')
(53, 40, 0.015, 2, 22500, 'elltwo', 'bitflip', 0.007202625274658203, 0.0010000000474974513, 6.309274196624756, '2024-04-08 08:18:50')
pval: [0.001] -- 53th test, time elapsed 6.309274196624756 -- emperical power so far: 1.0
db insert success
tensor(0.0071, device='cuda:0')
(54, 40, 0.015, 2, 22500, 'elltwo', 'bitflip', 0.007122039794921875, 0.0010000000474974513, 6.302746295928955, '2024-04-08 08:19:09')
pval: [0.001] -- 54th test, time elapsed 6.302746295928955 -- emperical power so far: 1.0
db insert success
tensor(0.0095, device='cuda:0')
(55, 40, 0.015, 2, 22500, 'elltwo', 'bitflip', 0.00950479507446289, 0.0010000000474974513, 6.289711952209473, '2024-04-08 08:19:33')
pval: [0.001] -- 55th test, time elapsed 6.289711952209473 -- emperical power so far: 1.0
db insert success
tensor(0.0071, device='cuda:0')
(56, 40, 0.015, 2, 22500, 'elltwo', 'bitflip', 0.007123470306396484, 0.0010000000474974513, 6.295601844787598, '2024-04-08 08:19:51')
pval: [0.001] -- 56th test, time elapsed 6.295601844787598 -- emperical power so far: 1.0
db insert success
tensor(0.0087, device='cuda:0')
(57, 40, 0.015, 2, 22500, 'elltwo', 'bitflip', 0.008700370788574219, 0.0010000000474974513, 6.279329061508179, '2024-04-08 08:20:11')
pval: [0.001] -- 57th test, time elapsed 6.279329061508179 -- emperical power so far: 1.0
db insert success
tensor(0.0090, device='cuda:0')
(58, 40, 0.015, 2, 22500, 'elltwo', 'bitflip', 0.009001731872558594, 0.0010000000474974513, 6.287763833999634, '2024-04-08 08:20:26')
pval: [0.001] -- 58th test, time elapsed 6.287763833999634 -- emperical power so far: 1.0
db insert success
tensor(0.0074, device='cuda:0')
(59, 40, 0.015, 2, 22500, 'elltwo', 'bitflip', 0.00743865966796875, 0.0010000000474974513, 6.289320230484009, '2024-04-08 08:20:45')
pval: [0.001] -- 59th test, time elapsed 6.289320230484009 -- emperical power so far: 1.0
db insert success
tensor(0.0069, device='cuda:0')
(60, 40, 0.015, 2, 22500, 'elltwo', 'bitflip', 0.006879329681396484, 0.0010000000474974513, 6.300801515579224, '2024-04-08 08:21:02')
pval: [0.001] -- 60th test, time elapsed 6.300801515579224 -- emperical power so far: 1.0
db insert success
tensor(0.0087, device='cuda:0')
(61, 40, 0.015, 2, 22500, 'elltwo', 'bitflip', 0.008660316467285156, 0.0010000000474974513, 6.281622409820557, '2024-04-08 08:21:27')
pval: [0.001] -- 61th test, time elapsed 6.281622409820557 -- emperical power so far: 1.0
db insert success
tensor(0.0065, device='cuda:0')
(62, 40, 0.015, 2, 22500, 'elltwo', 'bitflip', 0.006489276885986328, 0.0010000000474974513, 6.293710708618164, '2024-04-08 08:21:34')
pval: [0.001] -- 62th test, time elapsed 6.293710708618164 -- emperical power so far: 1.0
db insert success
tensor(0.0068, device='cuda:0')
(63, 40, 0.015, 2, 22500, 'elltwo', 'bitflip', 0.006775379180908203, 0.0010000000474974513, 6.279473066329956, '2024-04-08 08:21:56')
pval: [0.001] -- 63th test, time elapsed 6.279473066329956 -- emperical power so far: 1.0
db insert success
tensor(0.0069, device='cuda:0')
(64, 40, 0.015, 2, 22500, 'elltwo', 'bitflip', 0.006876468658447266, 0.0010000000474974513, 6.289551258087158, '2024-04-08 08:22:15')
pval: [0.001] -- 64th test, time elapsed 6.289551258087158 -- emperical power so far: 1.0
db insert success
tensor(0.0080, device='cuda:0')
(65, 40, 0.015, 2, 22500, 'elltwo', 'bitflip', 0.008000850677490234, 0.0010000000474974513, 6.281127691268921, '2024-04-08 08:22:34')
pval: [0.001] -- 65th test, time elapsed 6.281127691268921 -- emperical power so far: 1.0
db insert success
tensor(0.0085, device='cuda:0')
(66, 40, 0.015, 2, 22500, 'elltwo', 'bitflip', 0.008534431457519531, 0.0010000000474974513, 6.278023958206177, '2024-04-08 08:22:53')
pval: [0.001] -- 66th test, time elapsed 6.278023958206177 -- emperical power so far: 1.0
db insert success
tensor(0.0082, device='cuda:0')
(67, 40, 0.015, 2, 22500, 'elltwo', 'bitflip', 0.008162498474121094, 0.0010000000474974513, 6.2911696434021, '2024-04-08 08:23:12')
pval: [0.001] -- 67th test, time elapsed 6.2911696434021 -- emperical power so far: 1.0
db insert success
tensor(0.0081, device='cuda:0')
(68, 40, 0.015, 2, 22500, 'elltwo', 'bitflip', 0.008123397827148438, 0.0010000000474974513, 6.292875528335571, '2024-04-08 08:23:24')
pval: [0.001] -- 68th test, time elapsed 6.292875528335571 -- emperical power so far: 1.0
db insert success
tensor(0.0080, device='cuda:0')
(69, 40, 0.015, 2, 22500, 'elltwo', 'bitflip', 0.008049488067626953, 0.0010000000474974513, 6.2898993492126465, '2024-04-08 08:23:40')
pval: [0.001] -- 69th test, time elapsed 6.2898993492126465 -- emperical power so far: 1.0
db insert success
tensor(0.0077, device='cuda:0')
(70, 40, 0.015, 2, 22500, 'elltwo', 'bitflip', 0.007671833038330078, 0.0010000000474974513, 6.289877653121948, '2024-04-08 08:24:02')
pval: [0.001] -- 70th test, time elapsed 6.289877653121948 -- emperical power so far: 1.0
db insert success
tensor(0.0079, device='cuda:0')
(71, 40, 0.015, 2, 22500, 'elltwo', 'bitflip', 0.007930278778076172, 0.0010000000474974513, 6.288025856018066, '2024-04-08 08:24:24')
pval: [0.001] -- 71th test, time elapsed 6.288025856018066 -- emperical power so far: 1.0
db insert success
tensor(0.0080, device='cuda:0')
(72, 40, 0.015, 2, 22500, 'elltwo', 'bitflip', 0.008002758026123047, 0.0010000000474974513, 6.298319339752197, '2024-04-08 08:24:45')
pval: [0.001] -- 72th test, time elapsed 6.298319339752197 -- emperical power so far: 1.0
db insert success
tensor(0.0092, device='cuda:0')
(73, 40, 0.015, 2, 22500, 'elltwo', 'bitflip', 0.009180545806884766, 0.0010000000474974513, 6.307714462280273, '2024-04-08 08:24:54')
pval: [0.001] -- 73th test, time elapsed 6.307714462280273 -- emperical power so far: 1.0
db insert success
tensor(0.0084, device='cuda:0')
(74, 40, 0.015, 2, 22500, 'elltwo', 'bitflip', 0.008426666259765625, 0.0010000000474974513, 6.30221962928772, '2024-04-08 08:25:10')
pval: [0.001] -- 74th test, time elapsed 6.30221962928772 -- emperical power so far: 1.0
db insert success
tensor(0.0079, device='cuda:0')
(75, 40, 0.015, 2, 22500, 'elltwo', 'bitflip', 0.007912158966064453, 0.0010000000474974513, 6.296460151672363, '2024-04-08 08:25:30')
pval: [0.001] -- 75th test, time elapsed 6.296460151672363 -- emperical power so far: 1.0
db insert success
tensor(0.0075, device='cuda:0')
(76, 40, 0.015, 2, 22500, 'elltwo', 'bitflip', 0.007529258728027344, 0.0010000000474974513, 6.300755023956299, '2024-04-08 08:25:40')
pval: [0.001] -- 76th test, time elapsed 6.300755023956299 -- emperical power so far: 1.0
db insert success
tensor(0.0074, device='cuda:0')
(77, 40, 0.015, 2, 22500, 'elltwo', 'bitflip', 0.007359981536865234, 0.0010000000474974513, 6.30124044418335, '2024-04-08 08:25:54')
pval: [0.001] -- 77th test, time elapsed 6.30124044418335 -- emperical power so far: 1.0
db insert success
tensor(0.0081, device='cuda:0')
(78, 40, 0.015, 2, 22500, 'elltwo', 'bitflip', 0.008073806762695312, 0.0010000000474974513, 6.295674800872803, '2024-04-08 08:26:18')
pval: [0.001] -- 78th test, time elapsed 6.295674800872803 -- emperical power so far: 1.0
db insert success
tensor(0.0082, device='cuda:0')
(79, 40, 0.015, 2, 22500, 'elltwo', 'bitflip', 0.008152961730957031, 0.0010000000474974513, 6.294757127761841, '2024-04-08 08:26:27')
pval: [0.001] -- 79th test, time elapsed 6.294757127761841 -- emperical power so far: 1.0
db insert success
tensor(0.0074, device='cuda:0')
(80, 40, 0.015, 2, 22500, 'elltwo', 'bitflip', 0.007406711578369141, 0.0010000000474974513, 6.30292272567749, '2024-04-08 08:26:34')
pval: [0.001] -- 80th test, time elapsed 6.30292272567749 -- emperical power so far: 1.0
db insert success
tensor(0.0088, device='cuda:0')
(81, 40, 0.015, 2, 22500, 'elltwo', 'bitflip', 0.008823394775390625, 0.0010000000474974513, 6.287987470626831, '2024-04-08 08:26:52')
pval: [0.001] -- 81th test, time elapsed 6.287987470626831 -- emperical power so far: 1.0
db insert success
tensor(0.0073, device='cuda:0')
(82, 40, 0.015, 2, 22500, 'elltwo', 'bitflip', 0.007313728332519531, 0.0010000000474974513, 6.2758424282073975, '2024-04-08 08:27:10')
pval: [0.001] -- 82th test, time elapsed 6.2758424282073975 -- emperical power so far: 1.0
db insert success
tensor(0.0076, device='cuda:0')
(83, 40, 0.015, 2, 22500, 'elltwo', 'bitflip', 0.007623195648193359, 0.0010000000474974513, 6.288919925689697, '2024-04-08 08:27:27')
pval: [0.001] -- 83th test, time elapsed 6.288919925689697 -- emperical power so far: 1.0
db insert success
tensor(0.0071, device='cuda:0')
(84, 40, 0.015, 2, 22500, 'elltwo', 'bitflip', 0.007069587707519531, 0.0010000000474974513, 6.290205955505371, '2024-04-08 08:27:48')
pval: [0.001] -- 84th test, time elapsed 6.290205955505371 -- emperical power so far: 1.0
db insert success
tensor(0.0089, device='cuda:0')
(85, 40, 0.015, 2, 22500, 'elltwo', 'bitflip', 0.008906841278076172, 0.0010000000474974513, 6.293654918670654, '2024-04-08 08:28:06')
pval: [0.001] -- 85th test, time elapsed 6.293654918670654 -- emperical power so far: 1.0
db insert success
tensor(0.0066, device='cuda:0')
(86, 40, 0.015, 2, 22500, 'elltwo', 'bitflip', 0.006639003753662109, 0.0010000000474974513, 6.306020975112915, '2024-04-08 08:28:30')
pval: [0.001] -- 86th test, time elapsed 6.306020975112915 -- emperical power so far: 1.0
db insert success
tensor(0.0075, device='cuda:0')
(87, 40, 0.015, 2, 22500, 'elltwo', 'bitflip', 0.007514476776123047, 0.0010000000474974513, 6.293186187744141, '2024-04-08 08:28:39')
pval: [0.001] -- 87th test, time elapsed 6.293186187744141 -- emperical power so far: 1.0
db insert success
tensor(0.0072, device='cuda:0')
(88, 40, 0.015, 2, 22500, 'elltwo', 'bitflip', 0.007159233093261719, 0.0010000000474974513, 6.296713352203369, '2024-04-08 08:28:55')
pval: [0.001] -- 88th test, time elapsed 6.296713352203369 -- emperical power so far: 1.0
db insert success
tensor(0.0092, device='cuda:0')
(89, 40, 0.015, 2, 22500, 'elltwo', 'bitflip', 0.009188175201416016, 0.0010000000474974513, 6.3076066970825195, '2024-04-08 08:29:02')
pval: [0.001] -- 89th test, time elapsed 6.3076066970825195 -- emperical power so far: 1.0
db insert success
tensor(0.0085, device='cuda:0')
(90, 40, 0.015, 2, 22500, 'elltwo', 'bitflip', 0.008468151092529297, 0.0010000000474974513, 6.310686349868774, '2024-04-08 08:29:10')
pval: [0.001] -- 90th test, time elapsed 6.310686349868774 -- emperical power so far: 1.0
db insert success
tensor(0.0080, device='cuda:0')
(91, 40, 0.015, 2, 22500, 'elltwo', 'bitflip', 0.00801229476928711, 0.0010000000474974513, 6.309896945953369, '2024-04-08 08:29:25')
pval: [0.001] -- 91th test, time elapsed 6.309896945953369 -- emperical power so far: 1.0
db insert success
tensor(0.0074, device='cuda:0')
(92, 40, 0.015, 2, 22500, 'elltwo', 'bitflip', 0.007381439208984375, 0.0010000000474974513, 6.312585353851318, '2024-04-08 08:29:41')
pval: [0.001] -- 92th test, time elapsed 6.312585353851318 -- emperical power so far: 1.0
db insert success
tensor(0.0076, device='cuda:0')
(93, 40, 0.015, 2, 22500, 'elltwo', 'bitflip', 0.0075969696044921875, 0.0010000000474974513, 6.3138649463653564, '2024-04-08 08:30:01')
pval: [0.001] -- 93th test, time elapsed 6.3138649463653564 -- emperical power so far: 1.0
db insert success
tensor(0.0097, device='cuda:0')
(94, 40, 0.015, 2, 22500, 'elltwo', 'bitflip', 0.009654998779296875, 0.0010000000474974513, 6.30633282661438, '2024-04-08 08:30:13')
pval: [0.001] -- 94th test, time elapsed 6.30633282661438 -- emperical power so far: 1.0
db insert success
tensor(0.0075, device='cuda:0')
(95, 40, 0.015, 2, 22500, 'elltwo', 'bitflip', 0.007527828216552734, 0.0010000000474974513, 6.287342309951782, '2024-04-08 08:30:25')
pval: [0.001] -- 95th test, time elapsed 6.287342309951782 -- emperical power so far: 1.0
db insert success
tensor(0.0064, device='cuda:0')
(96, 40, 0.015, 2, 22500, 'elltwo', 'bitflip', 0.006356239318847656, 0.0010000000474974513, 6.308101654052734, '2024-04-08 08:30:35')
pval: [0.001] -- 96th test, time elapsed 6.308101654052734 -- emperical power so far: 1.0
db insert success
tensor(0.0068, device='cuda:0')
(97, 40, 0.015, 2, 22500, 'elltwo', 'bitflip', 0.006824970245361328, 0.0010000000474974513, 6.3183488845825195, '2024-04-08 08:31:01')
pval: [0.001] -- 97th test, time elapsed 6.3183488845825195 -- emperical power so far: 1.0
db insert success
tensor(0.0069, device='cuda:0')
(98, 40, 0.015, 2, 22500, 'elltwo', 'bitflip', 0.006876945495605469, 0.0010000000474974513, 6.303604364395142, '2024-04-08 08:31:11')
pval: [0.001] -- 98th test, time elapsed 6.303604364395142 -- emperical power so far: 1.0
db insert success
tensor(0.0074, device='cuda:0')
(99, 40, 0.015, 2, 22500, 'elltwo', 'bitflip', 0.007424831390380859, 0.0010000000474974513, 6.310182571411133, '2024-04-08 08:31:36')
pval: [0.001] -- 99th test, time elapsed 6.310182571411133 -- emperical power so far: 1.0
db insert success
tensor(0.0076, device='cuda:0')
(100, 40, 0.015, 2, 22500, 'elltwo', 'bitflip', 0.007648944854736328, 0.0010000000474974513, 6.300116777420044, '2024-04-08 08:31:57')
pval: [0.001] -- 100th test, time elapsed 6.300116777420044 -- emperical power so far: 1.0
db insert success
tensor(0.0078, device='cuda:0')
(101, 40, 0.015, 2, 22500, 'elltwo', 'bitflip', 0.007796764373779297, 0.0010000000474974513, 6.311598539352417, '2024-04-08 08:32:09')
pval: [0.001] -- 101th test, time elapsed 6.311598539352417 -- emperical power so far: 1.0
db insert success
tensor(0.0083, device='cuda:0')
(102, 40, 0.015, 2, 22500, 'elltwo', 'bitflip', 0.008279800415039062, 0.0010000000474974513, 6.305490016937256, '2024-04-08 08:32:19')
pval: [0.001] -- 102th test, time elapsed 6.305490016937256 -- emperical power so far: 1.0
db insert success
tensor(0.0073, device='cuda:0')
(103, 40, 0.015, 2, 22500, 'elltwo', 'bitflip', 0.007279872894287109, 0.0010000000474974513, 6.319315671920776, '2024-04-08 08:32:27')
pval: [0.001] -- 103th test, time elapsed 6.319315671920776 -- emperical power so far: 1.0
db insert success
tensor(0.0088, device='cuda:0')
(104, 40, 0.015, 2, 22500, 'elltwo', 'bitflip', 0.008760929107666016, 0.0010000000474974513, 6.2927162647247314, '2024-04-08 08:32:40')
pval: [0.001] -- 104th test, time elapsed 6.2927162647247314 -- emperical power so far: 1.0
db insert success
tensor(0.0066, device='cuda:0')
(105, 40, 0.015, 2, 22500, 'elltwo', 'bitflip', 0.006597995758056641, 0.0010000000474974513, 6.308091163635254, '2024-04-08 08:33:01')
pval: [0.001] -- 105th test, time elapsed 6.308091163635254 -- emperical power so far: 1.0
db insert success
tensor(0.0078, device='cuda:0')
(106, 40, 0.015, 2, 22500, 'elltwo', 'bitflip', 0.007793426513671875, 0.0010000000474974513, 6.296088695526123, '2024-04-08 08:33:12')
pval: [0.001] -- 106th test, time elapsed 6.296088695526123 -- emperical power so far: 1.0
db insert success
tensor(0.0074, device='cuda:0')
(107, 40, 0.015, 2, 22500, 'elltwo', 'bitflip', 0.007448673248291016, 0.0010000000474974513, 6.309800386428833, '2024-04-08 08:33:32')
pval: [0.001] -- 107th test, time elapsed 6.309800386428833 -- emperical power so far: 1.0
db insert success
tensor(0.0076, device='cuda:0')
(108, 40, 0.015, 2, 22500, 'elltwo', 'bitflip', 0.0075702667236328125, 0.0010000000474974513, 6.310847282409668, '2024-04-08 08:33:52')
pval: [0.001] -- 108th test, time elapsed 6.310847282409668 -- emperical power so far: 1.0
db insert success
tensor(0.0085, device='cuda:0')
(109, 40, 0.015, 2, 22500, 'elltwo', 'bitflip', 0.008450984954833984, 0.0010000000474974513, 6.3147828578948975, '2024-04-08 08:34:11')
pval: [0.001] -- 109th test, time elapsed 6.3147828578948975 -- emperical power so far: 1.0
db insert success
tensor(0.0071, device='cuda:0')
(110, 40, 0.015, 2, 22500, 'elltwo', 'bitflip', 0.007084846496582031, 0.0010000000474974513, 6.302531719207764, '2024-04-08 08:34:18')
pval: [0.001] -- 110th test, time elapsed 6.302531719207764 -- emperical power so far: 1.0
db insert success
tensor(0.0092, device='cuda:0')
(111, 40, 0.015, 2, 22500, 'elltwo', 'bitflip', 0.009165763854980469, 0.0010000000474974513, 6.308284759521484, '2024-04-08 08:34:37')
pval: [0.001] -- 111th test, time elapsed 6.308284759521484 -- emperical power so far: 1.0
db insert success
tensor(0.0087, device='cuda:0')
(112, 40, 0.015, 2, 22500, 'elltwo', 'bitflip', 0.008692264556884766, 0.0010000000474974513, 6.369083881378174, '2024-04-08 08:34:57')
pval: [0.001] -- 112th test, time elapsed 6.369083881378174 -- emperical power so far: 1.0
db insert success
tensor(0.0072, device='cuda:0')
(113, 40, 0.015, 2, 22500, 'elltwo', 'bitflip', 0.007174968719482422, 0.0010000000474974513, 6.311939477920532, '2024-04-08 08:35:08')
pval: [0.001] -- 113th test, time elapsed 6.311939477920532 -- emperical power so far: 1.0
db insert success
tensor(0.0072, device='cuda:0')
(114, 40, 0.015, 2, 22500, 'elltwo', 'bitflip', 0.007175445556640625, 0.0010000000474974513, 6.310755014419556, '2024-04-08 08:35:24')
pval: [0.001] -- 114th test, time elapsed 6.310755014419556 -- emperical power so far: 1.0
db insert success
tensor(0.0066, device='cuda:0')
(115, 40, 0.015, 2, 22500, 'elltwo', 'bitflip', 0.006641864776611328, 0.0010000000474974513, 6.3045079708099365, '2024-04-08 08:35:41')
pval: [0.001] -- 115th test, time elapsed 6.3045079708099365 -- emperical power so far: 1.0
db insert success
tensor(0.0075, device='cuda:0')
(116, 40, 0.015, 2, 22500, 'elltwo', 'bitflip', 0.00751495361328125, 0.0010000000474974513, 6.30444598197937, '2024-04-08 08:36:04')
pval: [0.001] -- 116th test, time elapsed 6.30444598197937 -- emperical power so far: 1.0
db insert success
tensor(0.0078, device='cuda:0')
(117, 40, 0.015, 2, 22500, 'elltwo', 'bitflip', 0.007817268371582031, 0.0010000000474974513, 6.290472030639648, '2024-04-08 08:36:24')
pval: [0.001] -- 117th test, time elapsed 6.290472030639648 -- emperical power so far: 1.0
db insert success
tensor(0.0075, device='cuda:0')
(118, 40, 0.015, 2, 22500, 'elltwo', 'bitflip', 0.007454395294189453, 0.0010000000474974513, 6.280319929122925, '2024-04-08 08:36:49')
pval: [0.001] -- 118th test, time elapsed 6.280319929122925 -- emperical power so far: 1.0
db insert success
tensor(0.0079, device='cuda:0')
(119, 40, 0.015, 2, 22500, 'elltwo', 'bitflip', 0.007892608642578125, 0.0010000000474974513, 6.319345235824585, '2024-04-08 08:37:07')
pval: [0.001] -- 119th test, time elapsed 6.319345235824585 -- emperical power so far: 1.0
db insert success
tensor(0.0085, device='cuda:0')
(120, 40, 0.015, 2, 22500, 'elltwo', 'bitflip', 0.00853872299194336, 0.0010000000474974513, 6.315944671630859, '2024-04-08 08:37:21')
pval: [0.001] -- 120th test, time elapsed 6.315944671630859 -- emperical power so far: 1.0
db insert success
tensor(0.0085, device='cuda:0')
(121, 40, 0.015, 2, 22500, 'elltwo', 'bitflip', 0.008532047271728516, 0.0010000000474974513, 6.308847427368164, '2024-04-08 08:37:44')
pval: [0.001] -- 121th test, time elapsed 6.308847427368164 -- emperical power so far: 1.0
db insert success
tensor(0.0086, device='cuda:0')
(122, 40, 0.015, 2, 22500, 'elltwo', 'bitflip', 0.00855112075805664, 0.0010000000474974513, 6.297188997268677, '2024-04-08 08:37:56')
pval: [0.001] -- 122th test, time elapsed 6.297188997268677 -- emperical power so far: 1.0
db insert success
tensor(0.0086, device='cuda:0')
(123, 40, 0.015, 2, 22500, 'elltwo', 'bitflip', 0.008569717407226562, 0.0010000000474974513, 6.303897380828857, '2024-04-08 08:38:18')
pval: [0.001] -- 123th test, time elapsed 6.303897380828857 -- emperical power so far: 1.0
db insert success
tensor(0.0069, device='cuda:0')
(124, 40, 0.015, 2, 22500, 'elltwo', 'bitflip', 0.006940364837646484, 0.0010000000474974513, 6.302274227142334, '2024-04-08 08:38:38')
pval: [0.001] -- 124th test, time elapsed 6.302274227142334 -- emperical power so far: 1.0
db insert success
tensor(0.0089, device='cuda:0')
(125, 40, 0.015, 2, 22500, 'elltwo', 'bitflip', 0.0089263916015625, 0.0010000000474974513, 6.303861141204834, '2024-04-08 08:38:46')
pval: [0.001] -- 125th test, time elapsed 6.303861141204834 -- emperical power so far: 1.0
db insert success
tensor(0.0071, device='cuda:0')
(126, 40, 0.015, 2, 22500, 'elltwo', 'bitflip', 0.007099628448486328, 0.0010000000474974513, 6.298409461975098, '2024-04-08 08:39:04')
pval: [0.001] -- 126th test, time elapsed 6.298409461975098 -- emperical power so far: 1.0
db insert success
tensor(0.0073, device='cuda:0')
(127, 40, 0.015, 2, 22500, 'elltwo', 'bitflip', 0.007318973541259766, 0.0010000000474974513, 6.280162572860718, '2024-04-08 08:39:29')
pval: [0.001] -- 127th test, time elapsed 6.280162572860718 -- emperical power so far: 1.0
db insert success
tensor(0.0064, device='cuda:0')
(128, 40, 0.015, 2, 22500, 'elltwo', 'bitflip', 0.0064067840576171875, 0.0010000000474974513, 6.29880690574646, '2024-04-08 08:39:44')
pval: [0.001] -- 128th test, time elapsed 6.29880690574646 -- emperical power so far: 1.0
db insert success
tensor(0.0082, device='cuda:0')
(129, 40, 0.015, 2, 22500, 'elltwo', 'bitflip', 0.008219242095947266, 0.0010000000474974513, 6.30259370803833, '2024-04-08 08:40:05')
pval: [0.001] -- 129th test, time elapsed 6.30259370803833 -- emperical power so far: 1.0
db insert success
tensor(0.0082, device='cuda:0')
(130, 40, 0.015, 2, 22500, 'elltwo', 'bitflip', 0.008193492889404297, 0.0010000000474974513, 6.2947399616241455, '2024-04-08 08:40:26')
pval: [0.001] -- 130th test, time elapsed 6.2947399616241455 -- emperical power so far: 1.0
db insert success
tensor(0.0061, device='cuda:0')
(131, 40, 0.015, 2, 22500, 'elltwo', 'bitflip', 0.006148338317871094, 0.0010000000474974513, 6.308582782745361, '2024-04-08 08:40:34')
pval: [0.001] -- 131th test, time elapsed 6.308582782745361 -- emperical power so far: 1.0
db insert success
tensor(0.0084, device='cuda:0')
(132, 40, 0.015, 2, 22500, 'elltwo', 'bitflip', 0.008392333984375, 0.0010000000474974513, 6.295734405517578, '2024-04-08 08:40:48')
pval: [0.001] -- 132th test, time elapsed 6.295734405517578 -- emperical power so far: 1.0
db insert success
tensor(0.0077, device='cuda:0')
(133, 40, 0.015, 2, 22500, 'elltwo', 'bitflip', 0.007695198059082031, 0.0010000000474974513, 6.306116580963135, '2024-04-08 08:40:56')
pval: [0.001] -- 133th test, time elapsed 6.306116580963135 -- emperical power so far: 1.0
db insert success
tensor(0.0074, device='cuda:0')
(134, 40, 0.015, 2, 22500, 'elltwo', 'bitflip', 0.007395267486572266, 0.0010000000474974513, 6.320910692214966, '2024-04-08 08:41:18')
pval: [0.001] -- 134th test, time elapsed 6.320910692214966 -- emperical power so far: 1.0
db insert success
tensor(0.0061, device='cuda:0')
(135, 40, 0.015, 2, 22500, 'elltwo', 'bitflip', 0.006054401397705078, 0.0010000000474974513, 6.321251630783081, '2024-04-08 08:41:25')
pval: [0.001] -- 135th test, time elapsed 6.321251630783081 -- emperical power so far: 1.0
db insert success
tensor(0.0072, device='cuda:0')
(136, 40, 0.015, 2, 22500, 'elltwo', 'bitflip', 0.007157802581787109, 0.0010000000474974513, 6.313922643661499, '2024-04-08 08:41:36')
pval: [0.001] -- 136th test, time elapsed 6.313922643661499 -- emperical power so far: 1.0
db insert success
tensor(0.0074, device='cuda:0')
(137, 40, 0.015, 2, 22500, 'elltwo', 'bitflip', 0.007425785064697266, 0.0010000000474974513, 6.313865423202515, '2024-04-08 08:41:53')
pval: [0.001] -- 137th test, time elapsed 6.313865423202515 -- emperical power so far: 1.0
db insert success
tensor(0.0081, device='cuda:0')
(138, 40, 0.015, 2, 22500, 'elltwo', 'bitflip', 0.008113384246826172, 0.0010000000474974513, 6.290512323379517, '2024-04-08 08:42:09')
pval: [0.001] -- 138th test, time elapsed 6.290512323379517 -- emperical power so far: 1.0
db insert success
tensor(0.0085, device='cuda:0')
(139, 40, 0.015, 2, 22500, 'elltwo', 'bitflip', 0.008533954620361328, 0.0010000000474974513, 6.2850024700164795, '2024-04-08 08:42:34')
pval: [0.001] -- 139th test, time elapsed 6.2850024700164795 -- emperical power so far: 1.0
db insert success
tensor(0.0081, device='cuda:0')
(140, 40, 0.015, 2, 22500, 'elltwo', 'bitflip', 0.008144855499267578, 0.0010000000474974513, 6.288929462432861, '2024-04-08 08:42:55')
pval: [0.001] -- 140th test, time elapsed 6.288929462432861 -- emperical power so far: 1.0
db insert success
tensor(0.0074, device='cuda:0')
(141, 40, 0.015, 2, 22500, 'elltwo', 'bitflip', 0.0073757171630859375, 0.0010000000474974513, 6.294216871261597, '2024-04-08 08:43:15')
pval: [0.001] -- 141th test, time elapsed 6.294216871261597 -- emperical power so far: 1.0
db insert success
tensor(0.0081, device='cuda:0')
(142, 40, 0.015, 2, 22500, 'elltwo', 'bitflip', 0.008122444152832031, 0.0010000000474974513, 6.289924383163452, '2024-04-08 08:43:35')
pval: [0.001] -- 142th test, time elapsed 6.289924383163452 -- emperical power so far: 1.0
db insert success
tensor(0.0084, device='cuda:0')
(143, 40, 0.015, 2, 22500, 'elltwo', 'bitflip', 0.008379936218261719, 0.0010000000474974513, 6.2933244705200195, '2024-04-08 08:43:43')
pval: [0.001] -- 143th test, time elapsed 6.2933244705200195 -- emperical power so far: 1.0
db insert success
tensor(0.0076, device='cuda:0')
(144, 40, 0.015, 2, 22500, 'elltwo', 'bitflip', 0.00762176513671875, 0.0010000000474974513, 6.2808685302734375, '2024-04-08 08:44:02')
pval: [0.001] -- 144th test, time elapsed 6.2808685302734375 -- emperical power so far: 1.0
db insert success
tensor(0.0071, device='cuda:0')
(145, 40, 0.015, 2, 22500, 'elltwo', 'bitflip', 0.007078647613525391, 0.0010000000474974513, 6.288497447967529, '2024-04-08 08:44:17')
pval: [0.001] -- 145th test, time elapsed 6.288497447967529 -- emperical power so far: 1.0
db insert success
tensor(0.0071, device='cuda:0')
(146, 40, 0.015, 2, 22500, 'elltwo', 'bitflip', 0.007084369659423828, 0.0010000000474974513, 6.291631460189819, '2024-04-08 08:44:32')
pval: [0.001] -- 146th test, time elapsed 6.291631460189819 -- emperical power so far: 1.0
db insert success
tensor(0.0078, device='cuda:0')
(147, 40, 0.015, 2, 22500, 'elltwo', 'bitflip', 0.0077877044677734375, 0.0010000000474974513, 6.282800674438477, '2024-04-08 08:44:45')
pval: [0.001] -- 147th test, time elapsed 6.282800674438477 -- emperical power so far: 1.0
db insert success
tensor(0.0083, device='cuda:0')
(148, 40, 0.015, 2, 22500, 'elltwo', 'bitflip', 0.00827789306640625, 0.0010000000474974513, 6.27939510345459, '2024-04-08 08:45:10')
pval: [0.001] -- 148th test, time elapsed 6.27939510345459 -- emperical power so far: 1.0
db insert success
tensor(0.0076, device='cuda:0')
(149, 40, 0.015, 2, 22500, 'elltwo', 'bitflip', 0.007559776306152344, 0.0010000000474974513, 6.3002235889434814, '2024-04-08 08:45:21')
pval: [0.001] -- 149th test, time elapsed 6.3002235889434814 -- emperical power so far: 1.0
db insert success
tensor(0.0084, device='cuda:0')
(150, 40, 0.015, 2, 22500, 'elltwo', 'bitflip', 0.008386611938476562, 0.0010000000474974513, 6.294210433959961, '2024-04-08 08:45:41')
pval: [0.001] -- 150th test, time elapsed 6.294210433959961 -- emperical power so far: 1.0
db insert success
tensor(0.0080, device='cuda:0')
(151, 40, 0.015, 2, 22500, 'elltwo', 'bitflip', 0.008034706115722656, 0.0010000000474974513, 6.301770210266113, '2024-04-08 08:46:05')
pval: [0.001] -- 151th test, time elapsed 6.301770210266113 -- emperical power so far: 1.0
db insert success
tensor(0.0074, device='cuda:0')
(152, 40, 0.015, 2, 22500, 'elltwo', 'bitflip', 0.007429599761962891, 0.0010000000474974513, 6.321357727050781, '2024-04-08 08:46:15')
pval: [0.001] -- 152th test, time elapsed 6.321357727050781 -- emperical power so far: 1.0
db insert success
tensor(0.0085, device='cuda:0')
(153, 40, 0.015, 2, 22500, 'elltwo', 'bitflip', 0.008474349975585938, 0.0010000000474974513, 6.325497627258301, '2024-04-08 08:46:22')
pval: [0.001] -- 153th test, time elapsed 6.325497627258301 -- emperical power so far: 1.0
db insert success
tensor(0.0072, device='cuda:0')
(154, 40, 0.015, 2, 22500, 'elltwo', 'bitflip', 0.007197380065917969, 0.0010000000474974513, 6.319858074188232, '2024-04-08 08:46:42')
pval: [0.001] -- 154th test, time elapsed 6.319858074188232 -- emperical power so far: 1.0
db insert success
tensor(0.0093, device='cuda:0')
(155, 40, 0.015, 2, 22500, 'elltwo', 'bitflip', 0.009343624114990234, 0.0010000000474974513, 6.32363486289978, '2024-04-08 08:47:02')
pval: [0.001] -- 155th test, time elapsed 6.32363486289978 -- emperical power so far: 1.0
db insert success
tensor(0.0078, device='cuda:0')
(156, 40, 0.015, 2, 22500, 'elltwo', 'bitflip', 0.007786273956298828, 0.0010000000474974513, 6.319722652435303, '2024-04-08 08:47:22')
pval: [0.001] -- 156th test, time elapsed 6.319722652435303 -- emperical power so far: 1.0
db insert success
tensor(0.0082, device='cuda:0')
(157, 40, 0.015, 2, 22500, 'elltwo', 'bitflip', 0.008184432983398438, 0.0010000000474974513, 6.30855917930603, '2024-04-08 08:47:35')
pval: [0.001] -- 157th test, time elapsed 6.30855917930603 -- emperical power so far: 1.0
db insert success
tensor(0.0078, device='cuda:0')
(158, 40, 0.015, 2, 22500, 'elltwo', 'bitflip', 0.00778961181640625, 0.0010000000474974513, 6.3226635456085205, '2024-04-08 08:47:45')
pval: [0.001] -- 158th test, time elapsed 6.3226635456085205 -- emperical power so far: 1.0
db insert success
tensor(0.0078, device='cuda:0')
(159, 40, 0.015, 2, 22500, 'elltwo', 'bitflip', 0.00775146484375, 0.0010000000474974513, 6.3065221309661865, '2024-04-08 08:48:00')
pval: [0.001] -- 159th test, time elapsed 6.3065221309661865 -- emperical power so far: 1.0
db insert success
tensor(0.0078, device='cuda:0')
(160, 40, 0.015, 2, 22500, 'elltwo', 'bitflip', 0.007837772369384766, 0.0010000000474974513, 6.318703651428223, '2024-04-08 08:48:23')
pval: [0.001] -- 160th test, time elapsed 6.318703651428223 -- emperical power so far: 1.0
db insert success
tensor(0.0078, device='cuda:0')
(161, 40, 0.015, 2, 22500, 'elltwo', 'bitflip', 0.007763385772705078, 0.0010000000474974513, 6.324195146560669, '2024-04-08 08:48:49')
pval: [0.001] -- 161th test, time elapsed 6.324195146560669 -- emperical power so far: 1.0
db insert success
tensor(0.0078, device='cuda:0')
(162, 40, 0.015, 2, 22500, 'elltwo', 'bitflip', 0.007816314697265625, 0.0010000000474974513, 6.297420024871826, '2024-04-08 08:49:11')
pval: [0.001] -- 162th test, time elapsed 6.297420024871826 -- emperical power so far: 1.0
db insert success
tensor(0.0079, device='cuda:0')
(163, 40, 0.015, 2, 22500, 'elltwo', 'bitflip', 0.007894515991210938, 0.0010000000474974513, 6.298835039138794, '2024-04-08 08:49:33')
pval: [0.001] -- 163th test, time elapsed 6.298835039138794 -- emperical power so far: 1.0
db insert success
tensor(0.0068, device='cuda:0')
(164, 40, 0.015, 2, 22500, 'elltwo', 'bitflip', 0.0067806243896484375, 0.0010000000474974513, 6.289783239364624, '2024-04-08 08:49:50')
pval: [0.001] -- 164th test, time elapsed 6.289783239364624 -- emperical power so far: 1.0
db insert success
tensor(0.0078, device='cuda:0')
(165, 40, 0.015, 2, 22500, 'elltwo', 'bitflip', 0.007798671722412109, 0.0010000000474974513, 6.305600166320801, '2024-04-08 08:50:11')
pval: [0.001] -- 165th test, time elapsed 6.305600166320801 -- emperical power so far: 1.0
db insert success
tensor(0.0082, device='cuda:0')
(166, 40, 0.015, 2, 22500, 'elltwo', 'bitflip', 0.008217811584472656, 0.0010000000474974513, 6.298918008804321, '2024-04-08 08:50:26')
pval: [0.001] -- 166th test, time elapsed 6.298918008804321 -- emperical power so far: 1.0
db insert success
tensor(0.0065, device='cuda:0')
(167, 40, 0.015, 2, 22500, 'elltwo', 'bitflip', 0.006458759307861328, 0.0010000000474974513, 6.286818504333496, '2024-04-08 08:50:39')
pval: [0.001] -- 167th test, time elapsed 6.286818504333496 -- emperical power so far: 1.0
db insert success
tensor(0.0064, device='cuda:0')
(168, 40, 0.015, 2, 22500, 'elltwo', 'bitflip', 0.006447315216064453, 0.0010000000474974513, 6.313700437545776, '2024-04-08 08:50:49')
pval: [0.001] -- 168th test, time elapsed 6.313700437545776 -- emperical power so far: 1.0
db insert success
tensor(0.0076, device='cuda:0')
(169, 40, 0.015, 2, 22500, 'elltwo', 'bitflip', 0.007623195648193359, 0.0010000000474974513, 6.31348180770874, '2024-04-08 08:51:07')
pval: [0.001] -- 169th test, time elapsed 6.31348180770874 -- emperical power so far: 1.0
db insert success
tensor(0.0083, device='cuda:0')
(170, 40, 0.015, 2, 22500, 'elltwo', 'bitflip', 0.00829935073852539, 0.0010000000474974513, 6.290355682373047, '2024-04-08 08:51:27')
pval: [0.001] -- 170th test, time elapsed 6.290355682373047 -- emperical power so far: 1.0
db insert success
tensor(0.0090, device='cuda:0')
(171, 40, 0.015, 2, 22500, 'elltwo', 'bitflip', 0.008974075317382812, 0.0010000000474974513, 6.320589542388916, '2024-04-08 08:51:45')
pval: [0.001] -- 171th test, time elapsed 6.320589542388916 -- emperical power so far: 1.0
db insert success
tensor(0.0068, device='cuda:0')
(172, 40, 0.015, 2, 22500, 'elltwo', 'bitflip', 0.006760597229003906, 0.0010000000474974513, 6.315863609313965, '2024-04-08 08:52:08')
pval: [0.001] -- 172th test, time elapsed 6.315863609313965 -- emperical power so far: 1.0
db insert success
tensor(0.0074, device='cuda:0')
(173, 40, 0.015, 2, 22500, 'elltwo', 'bitflip', 0.007384300231933594, 0.0010000000474974513, 6.31204891204834, '2024-04-08 08:52:34')
pval: [0.001] -- 173th test, time elapsed 6.31204891204834 -- emperical power so far: 1.0
db insert success
tensor(0.0079, device='cuda:0')
(174, 40, 0.015, 2, 22500, 'elltwo', 'bitflip', 0.007907867431640625, 0.0010000000474974513, 6.310755252838135, '2024-04-08 08:52:58')
pval: [0.001] -- 174th test, time elapsed 6.310755252838135 -- emperical power so far: 1.0
db insert success
tensor(0.0084, device='cuda:0')
(175, 40, 0.015, 2, 22500, 'elltwo', 'bitflip', 0.00843667984008789, 0.0010000000474974513, 6.3014161586761475, '2024-04-08 08:53:17')
pval: [0.001] -- 175th test, time elapsed 6.3014161586761475 -- emperical power so far: 1.0
db insert success
tensor(0.0079, device='cuda:0')
(176, 40, 0.015, 2, 22500, 'elltwo', 'bitflip', 0.007874011993408203, 0.0010000000474974513, 6.30656886100769, '2024-04-08 08:53:33')
pval: [0.001] -- 176th test, time elapsed 6.30656886100769 -- emperical power so far: 1.0
db insert success
tensor(0.0074, device='cuda:0')
(177, 40, 0.015, 2, 22500, 'elltwo', 'bitflip', 0.007382392883300781, 0.0010000000474974513, 6.307497024536133, '2024-04-08 08:53:59')
pval: [0.001] -- 177th test, time elapsed 6.307497024536133 -- emperical power so far: 1.0
db insert success
tensor(0.0085, device='cuda:0')
(178, 40, 0.015, 2, 22500, 'elltwo', 'bitflip', 0.008545398712158203, 0.0010000000474974513, 6.280951261520386, '2024-04-08 08:54:10')
pval: [0.001] -- 178th test, time elapsed 6.280951261520386 -- emperical power so far: 1.0
db insert success
tensor(0.0070, device='cuda:0')
(179, 40, 0.015, 2, 22500, 'elltwo', 'bitflip', 0.0069713592529296875, 0.0010000000474974513, 6.287705898284912, '2024-04-08 08:54:27')
pval: [0.001] -- 179th test, time elapsed 6.287705898284912 -- emperical power so far: 1.0
db insert success
tensor(0.0081, device='cuda:0')
(180, 40, 0.015, 2, 22500, 'elltwo', 'bitflip', 0.008123397827148438, 0.0010000000474974513, 6.278601169586182, '2024-04-08 08:54:37')
pval: [0.001] -- 180th test, time elapsed 6.278601169586182 -- emperical power so far: 1.0
db insert success
tensor(0.0076, device='cuda:0')
(181, 40, 0.015, 2, 22500, 'elltwo', 'bitflip', 0.007615089416503906, 0.0010000000474974513, 6.287823915481567, '2024-04-08 08:54:51')
pval: [0.001] -- 181th test, time elapsed 6.287823915481567 -- emperical power so far: 1.0
db insert success
tensor(0.0076, device='cuda:0')
(182, 40, 0.015, 2, 22500, 'elltwo', 'bitflip', 0.007638454437255859, 0.0010000000474974513, 6.2975287437438965, '2024-04-08 08:55:09')
pval: [0.001] -- 182th test, time elapsed 6.2975287437438965 -- emperical power so far: 1.0
db insert success
tensor(0.0071, device='cuda:0')
(183, 40, 0.015, 2, 22500, 'elltwo', 'bitflip', 0.007063388824462891, 0.0010000000474974513, 6.303978443145752, '2024-04-08 08:55:28')
pval: [0.001] -- 183th test, time elapsed 6.303978443145752 -- emperical power so far: 1.0
db insert success
tensor(0.0073, device='cuda:0')
(184, 40, 0.015, 2, 22500, 'elltwo', 'bitflip', 0.00734710693359375, 0.0010000000474974513, 6.283692121505737, '2024-04-08 08:55:40')
pval: [0.001] -- 184th test, time elapsed 6.283692121505737 -- emperical power so far: 1.0
db insert success
tensor(0.0074, device='cuda:0')
(185, 40, 0.015, 2, 22500, 'elltwo', 'bitflip', 0.007383823394775391, 0.0010000000474974513, 6.298870086669922, '2024-04-08 08:56:05')
pval: [0.001] -- 185th test, time elapsed 6.298870086669922 -- emperical power so far: 1.0
db insert success
tensor(0.0073, device='cuda:0')
(186, 40, 0.015, 2, 22500, 'elltwo', 'bitflip', 0.007272243499755859, 0.0010000000474974513, 6.280221939086914, '2024-04-08 08:56:28')
pval: [0.001] -- 186th test, time elapsed 6.280221939086914 -- emperical power so far: 1.0
db insert success
tensor(0.0084, device='cuda:0')
(187, 40, 0.015, 2, 22500, 'elltwo', 'bitflip', 0.008356571197509766, 0.0010000000474974513, 6.290623903274536, '2024-04-08 08:56:49')
pval: [0.001] -- 187th test, time elapsed 6.290623903274536 -- emperical power so far: 1.0
db insert success
tensor(0.0081, device='cuda:0')
(188, 40, 0.015, 2, 22500, 'elltwo', 'bitflip', 0.008053302764892578, 0.0010000000474974513, 6.299618482589722, '2024-04-08 08:57:11')
pval: [0.001] -- 188th test, time elapsed 6.299618482589722 -- emperical power so far: 1.0
db insert success
tensor(0.0075, device='cuda:0')
(189, 40, 0.015, 2, 22500, 'elltwo', 'bitflip', 0.007452487945556641, 0.0010000000474974513, 6.2914464473724365, '2024-04-08 08:57:35')
pval: [0.001] -- 189th test, time elapsed 6.2914464473724365 -- emperical power so far: 1.0
db insert success
tensor(0.0080, device='cuda:0')
(190, 40, 0.015, 2, 22500, 'elltwo', 'bitflip', 0.007977485656738281, 0.0010000000474974513, 6.284164905548096, '2024-04-08 08:57:49')
pval: [0.001] -- 190th test, time elapsed 6.284164905548096 -- emperical power so far: 1.0
db insert success
tensor(0.0076, device='cuda:0')
(191, 40, 0.015, 2, 22500, 'elltwo', 'bitflip', 0.007580757141113281, 0.0010000000474974513, 6.290724277496338, '2024-04-08 08:58:14')
pval: [0.001] -- 191th test, time elapsed 6.290724277496338 -- emperical power so far: 1.0
db insert success
tensor(0.0074, device='cuda:0')
(192, 40, 0.015, 2, 22500, 'elltwo', 'bitflip', 0.007434368133544922, 0.0010000000474974513, 6.253630876541138, '2024-04-08 08:58:34')
pval: [0.001] -- 192th test, time elapsed 6.253630876541138 -- emperical power so far: 1.0
db insert success
tensor(0.0078, device='cuda:0')
(193, 40, 0.015, 2, 22500, 'elltwo', 'bitflip', 0.00781393051147461, 0.0010000000474974513, 6.224657297134399, '2024-04-08 08:58:48')
pval: [0.001] -- 193th test, time elapsed 6.224657297134399 -- emperical power so far: 1.0
db insert success
tensor(0.0083, device='cuda:0')
(194, 40, 0.015, 2, 22500, 'elltwo', 'bitflip', 0.008265972137451172, 0.0010000000474974513, 6.238296747207642, '2024-04-08 08:58:55')
pval: [0.001] -- 194th test, time elapsed 6.238296747207642 -- emperical power so far: 1.0
db insert success
tensor(0.0090, device='cuda:0')
(195, 40, 0.015, 2, 22500, 'elltwo', 'bitflip', 0.009042739868164062, 0.0010000000474974513, 6.2305121421813965, '2024-04-08 08:59:18')
pval: [0.001] -- 195th test, time elapsed 6.2305121421813965 -- emperical power so far: 1.0
db insert success
tensor(0.0066, device='cuda:0')
(196, 40, 0.015, 2, 22500, 'elltwo', 'bitflip', 0.006553173065185547, 0.0010000000474974513, 6.21800422668457, '2024-04-08 08:59:33')
pval: [0.001] -- 196th test, time elapsed 6.21800422668457 -- emperical power so far: 1.0
db insert success
tensor(0.0075, device='cuda:0')
(197, 40, 0.015, 2, 22500, 'elltwo', 'bitflip', 0.007481098175048828, 0.0010000000474974513, 6.232264041900635, '2024-04-08 08:59:50')
pval: [0.001] -- 197th test, time elapsed 6.232264041900635 -- emperical power so far: 1.0
db insert success
tensor(0.0077, device='cuda:0')
(198, 40, 0.015, 2, 22500, 'elltwo', 'bitflip', 0.007674694061279297, 0.0010000000474974513, 6.238933801651001, '2024-04-08 09:00:04')
pval: [0.001] -- 198th test, time elapsed 6.238933801651001 -- emperical power so far: 1.0
db insert success
tensor(0.0072, device='cuda:0')
(199, 40, 0.015, 2, 22500, 'elltwo', 'bitflip', 0.007247447967529297, 0.0010000000474974513, 6.2252514362335205, '2024-04-08 09:00:21')
pval: [0.001] -- 199th test, time elapsed 6.2252514362335205 -- emperical power so far: 1.0
db insert success
tensor(0.0084, device='cuda:0')
(200, 40, 0.015, 2, 22500, 'elltwo', 'bitflip', 0.008386611938476562, 0.0010000000474974513, 6.231780052185059, '2024-04-08 09:00:36')
pval: [0.001] -- 200th test, time elapsed 6.231780052185059 -- emperical power so far: 1.0
db insert success
3394.5820677280426
