tensor([0.0100, 0.0400, 0.0100, 0.0400, 0.0100, 0.0400, 0.0100, 0.0400, 0.0100,
        0.0400, 0.0100, 0.0400, 0.0100, 0.0400, 0.0100, 0.0400, 0.0100, 0.0400,
        0.0100, 0.0400, 0.0100, 0.0400, 0.0100, 0.0400, 0.0100, 0.0400, 0.0100,
        0.0400, 0.0100, 0.0400, 0.0100, 0.0400, 0.0100, 0.0400, 0.0100, 0.0400,
        0.0100, 0.0400, 0.0100, 0.0400])
tensor([0.0400, 0.0100, 0.0400, 0.0100, 0.0400, 0.0100, 0.0400, 0.0100, 0.0400,
        0.0100, 0.0400, 0.0100, 0.0400, 0.0100, 0.0400, 0.0100, 0.0400, 0.0100,
        0.0400, 0.0100, 0.0400, 0.0100, 0.0400, 0.0100, 0.0400, 0.0100, 0.0400,
        0.0100, 0.0400, 0.0100, 0.0400, 0.0100, 0.0400, 0.0100, 0.0400, 0.0100,
        0.0400, 0.0100, 0.0400, 0.0100])
disclapuelltwo, alpha=0.5, sample size=7500
#########################################
(1, 40, 0.015, 0.5, 7500, 'elltwo', 'disclapu', 1.923133182770072, 0.2329999953508377, 88.96148872375488, '2024-07-28 22:22:32')
pval: [0.233] -- 1th test, time elapsed 88.96148872375488 -- emperical power so far: 0.0
db insert success
(2, 40, 0.015, 0.5, 7500, 'elltwo', 'disclapu', 0.7754425961731675, 0.3580000102519989, 5.551058053970337, '2024-07-28 22:24:03')
pval: [0.35800001] -- 2th test, time elapsed 5.551058053970337 -- emperical power so far: 0.0
db insert success
(3, 40, 0.015, 0.5, 7500, 'elltwo', 'disclapu', 2.6537029503448313, 0.20800000429153442, 4.646682262420654, '2024-07-28 22:24:22')
pval: [0.208] -- 3th test, time elapsed 4.646682262420654 -- emperical power so far: 0.0
db insert success
(4, 40, 0.015, 0.5, 7500, 'elltwo', 'disclapu', -2.1920639454824595, 0.734000027179718, 4.657601594924927, '2024-07-28 22:24:33')
pval: [0.73400003] -- 4th test, time elapsed 4.657601594924927 -- emperical power so far: 0.0
db insert success
(5, 40, 0.015, 0.5, 7500, 'elltwo', 'disclapu', -2.1796923721351966, 0.746999979019165, 4.575471878051758, '2024-07-28 22:24:48')
pval: [0.74699998] -- 5th test, time elapsed 4.575471878051758 -- emperical power so far: 0.0
db insert success
(6, 40, 0.015, 0.5, 7500, 'elltwo', 'disclapu', -1.4296274240532747, 0.6359999775886536, 4.538186073303223, '2024-07-28 22:25:09')
pval: [0.63599998] -- 6th test, time elapsed 4.538186073303223 -- emperical power so far: 0.0
db insert success
(7, 40, 0.015, 0.5, 7500, 'elltwo', 'disclapu', 6.5049809380248655, 0.027000000700354576, 4.821030616760254, '2024-07-28 22:25:26')
pval: [0.027] -- 7th test, time elapsed 4.821030616760254 -- emperical power so far: 0.14285714285714285
db insert success
(8, 40, 0.015, 0.5, 7500, 'elltwo', 'disclapu', -3.835862561000451, 0.9010000228881836, 4.121447801589966, '2024-07-28 22:25:50')
pval: [0.90100002] -- 8th test, time elapsed 4.121447801589966 -- emperical power so far: 0.125
db insert success
(9, 40, 0.015, 0.5, 7500, 'elltwo', 'disclapu', -1.9108872152939647, 0.7089999914169312, 4.379884958267212, '2024-07-28 22:26:03')
pval: [0.70899999] -- 9th test, time elapsed 4.379884958267212 -- emperical power so far: 0.1111111111111111
db insert success
(10, 40, 0.015, 0.5, 7500, 'elltwo', 'disclapu', -1.2598915312633268, 0.6669999957084656, 14.510494470596313, '2024-07-28 22:26:26')
pval: [0.667] -- 10th test, time elapsed 14.510494470596313 -- emperical power so far: 0.1
db insert success
(11, 40, 0.015, 0.5, 7500, 'elltwo', 'disclapu', 10.430569606243031, 0.004999999888241291, 4.779433250427246, '2024-07-28 22:26:56')
pval: [0.005] -- 11th test, time elapsed 4.779433250427246 -- emperical power so far: 0.18181818181818182
db insert success
(12, 40, 0.015, 0.5, 7500, 'elltwo', 'disclapu', 1.7995827713025996, 0.23399999737739563, 5.466044187545776, '2024-07-28 22:27:04')
pval: [0.234] -- 12th test, time elapsed 5.466044187545776 -- emperical power so far: 0.16666666666666666
db insert success
(13, 40, 0.015, 0.5, 7500, 'elltwo', 'disclapu', -0.7471949340328605, 0.5649999976158142, 3.7446470260620117, '2024-07-28 22:27:25')
pval: [0.565] -- 13th test, time elapsed 3.7446470260620117 -- emperical power so far: 0.15384615384615385
db insert success
(14, 40, 0.015, 0.5, 7500, 'elltwo', 'disclapu', 4.8579624184897225, 0.061000000685453415, 4.652110815048218, '2024-07-28 22:27:37')
pval: [0.061] -- 14th test, time elapsed 4.652110815048218 -- emperical power so far: 0.14285714285714285
db insert success
(15, 40, 0.015, 0.5, 7500, 'elltwo', 'disclapu', 6.461889826052201, 0.02199999988079071, 4.738958120346069, '2024-07-28 22:27:56')
pval: [0.022] -- 15th test, time elapsed 4.738958120346069 -- emperical power so far: 0.2
db insert success
(16, 40, 0.015, 0.5, 7500, 'elltwo', 'disclapu', 2.436067268965437, 0.19499999284744263, 4.767741918563843, '2024-07-28 22:28:13')
pval: [0.19499999] -- 16th test, time elapsed 4.767741918563843 -- emperical power so far: 0.1875
db insert success
(17, 40, 0.015, 0.5, 7500, 'elltwo', 'disclapu', -1.3490122620713527, 0.6330000162124634, 4.386315107345581, '2024-07-28 22:28:36')
pval: [0.63300002] -- 17th test, time elapsed 4.386315107345581 -- emperical power so far: 0.17647058823529413
db insert success
(18, 40, 0.015, 0.5, 7500, 'elltwo', 'disclapu', 3.0112597405618717, 0.1679999977350235, 4.5148398876190186, '2024-07-28 22:28:55')
pval: [0.168] -- 18th test, time elapsed 4.5148398876190186 -- emperical power so far: 0.16666666666666666
db insert success
(19, 40, 0.015, 0.5, 7500, 'elltwo', 'disclapu', 1.9794933190730672, 0.24400000274181366, 86.41993927955627, '2024-07-28 22:29:13')
pval: [0.244] -- 19th test, time elapsed 86.41993927955627 -- emperical power so far: 0.15789473684210525
db insert success
(20, 40, 0.015, 0.5, 7500, 'elltwo', 'disclapu', 3.3905106659726703, 0.13899999856948853, 87.05040407180786, '2024-07-28 22:30:42')
pval: [0.139] -- 20th test, time elapsed 87.05040407180786 -- emperical power so far: 0.15
db insert success
(21, 40, 0.015, 0.5, 7500, 'elltwo', 'disclapu', -4.151952700291999, 0.9350000023841858, 86.64042592048645, '2024-07-28 22:32:22')
pval: [0.935] -- 21th test, time elapsed 86.64042592048645 -- emperical power so far: 0.14285714285714285
db insert success
(22, 40, 0.015, 0.5, 7500, 'elltwo', 'disclapu', 2.30773098055532, 0.2070000022649765, 51.90804100036621, '2024-07-28 22:34:00')
pval: [0.207] -- 22th test, time elapsed 51.90804100036621 -- emperical power so far: 0.13636363636363635
db insert success
(23, 40, 0.015, 0.5, 7500, 'elltwo', 'disclapu', -0.35295837785713635, 0.5130000114440918, 3.896756649017334, '2024-07-28 22:35:10')
pval: [0.51300001] -- 23th test, time elapsed 3.896756649017334 -- emperical power so far: 0.13043478260869565
db insert success
(24, 40, 0.015, 0.5, 7500, 'elltwo', 'disclapu', -3.700669400772167, 0.9049999713897705, 4.077010869979858, '2024-07-28 22:35:19')
pval: [0.90499997] -- 24th test, time elapsed 4.077010869979858 -- emperical power so far: 0.125
db insert success
(25, 40, 0.015, 0.5, 7500, 'elltwo', 'disclapu', -3.3275673831438137, 0.8550000190734863, 4.2030065059661865, '2024-07-28 22:35:26')
pval: [0.85500002] -- 25th test, time elapsed 4.2030065059661865 -- emperical power so far: 0.12
db insert success
(26, 40, 0.015, 0.5, 7500, 'elltwo', 'disclapu', 3.4107033438545353, 0.13199999928474426, 3.840728282928467, '2024-07-28 22:35:49')
pval: [0.132] -- 26th test, time elapsed 3.840728282928467 -- emperical power so far: 0.11538461538461539
db insert success
(27, 40, 0.015, 0.5, 7500, 'elltwo', 'disclapu', 1.9614427617518337, 0.22300000488758087, 3.828192949295044, '2024-07-28 22:35:55')
pval: [0.223] -- 27th test, time elapsed 3.828192949295044 -- emperical power so far: 0.1111111111111111
db insert success
(28, 40, 0.015, 0.5, 7500, 'elltwo', 'disclapu', 1.1337157348071267, 0.34599998593330383, 4.17115044593811, '2024-07-28 22:36:10')
pval: [0.34599999] -- 28th test, time elapsed 4.17115044593811 -- emperical power so far: 0.10714285714285714
db insert success
(29, 40, 0.015, 0.5, 7500, 'elltwo', 'disclapu', 4.890870603232742, 0.07400000095367432, 3.214001417160034, '2024-07-28 22:36:19')
pval: [0.074] -- 29th test, time elapsed 3.214001417160034 -- emperical power so far: 0.10344827586206896
db insert success
(30, 40, 0.015, 0.5, 7500, 'elltwo', 'disclapu', 0.9905456034795479, 0.35100001096725464, 4.208073377609253, '2024-07-28 22:36:36')
pval: [0.35100001] -- 30th test, time elapsed 4.208073377609253 -- emperical power so far: 0.1
db insert success
(31, 40, 0.015, 0.5, 7500, 'elltwo', 'disclapu', 4.882230705724946, 0.06499999761581421, 3.1728408336639404, '2024-07-28 22:36:46')
pval: [0.065] -- 31th test, time elapsed 3.1728408336639404 -- emperical power so far: 0.0967741935483871
db insert success
(32, 40, 0.015, 0.5, 7500, 'elltwo', 'disclapu', -4.56259403435268, 0.9580000042915344, 3.4085283279418945, '2024-07-28 22:36:56')
pval: [0.958] -- 32th test, time elapsed 3.4085283279418945 -- emperical power so far: 0.09375
db insert success
(33, 40, 0.015, 0.5, 7500, 'elltwo', 'disclapu', -4.107475568771965, 0.9150000214576721, 3.2310125827789307, '2024-07-28 22:37:08')
pval: [0.91500002] -- 33th test, time elapsed 3.2310125827789307 -- emperical power so far: 0.09090909090909091
db insert success
(34, 40, 0.015, 0.5, 7500, 'elltwo', 'disclapu', -1.40432931467735, 0.6520000100135803, 3.127711057662964, '2024-07-28 22:37:29')
pval: [0.65200001] -- 34th test, time elapsed 3.127711057662964 -- emperical power so far: 0.08823529411764706
db insert success
(35, 40, 0.015, 0.5, 7500, 'elltwo', 'disclapu', -2.7468416247440066, 0.8389999866485596, 3.267042636871338, '2024-07-28 22:37:41')
pval: [0.83899999] -- 35th test, time elapsed 3.267042636871338 -- emperical power so far: 0.08571428571428572
db insert success
(36, 40, 0.015, 0.5, 7500, 'elltwo', 'disclapu', -2.7992560630348104, 0.8259999752044678, 3.103283166885376, '2024-07-28 22:38:04')
pval: [0.82599998] -- 36th test, time elapsed 3.103283166885376 -- emperical power so far: 0.08333333333333333
db insert success
(37, 40, 0.015, 0.5, 7500, 'elltwo', 'disclapu', 6.037754848726166, 0.035999998450279236, 3.1631603240966797, '2024-07-28 22:38:24')
pval: [0.036] -- 37th test, time elapsed 3.1631603240966797 -- emperical power so far: 0.10810810810810811
db insert success
(38, 40, 0.015, 0.5, 7500, 'elltwo', 'disclapu', -2.2689878596137047, 0.7770000100135803, 3.071798801422119, '2024-07-28 22:38:41')
pval: [0.77700001] -- 38th test, time elapsed 3.071798801422119 -- emperical power so far: 0.10526315789473684
db insert success
(39, 40, 0.015, 0.5, 7500, 'elltwo', 'disclapu', 5.317639757524616, 0.04399999976158142, 2.933112382888794, '2024-07-28 22:38:57')
pval: [0.044] -- 39th test, time elapsed 2.933112382888794 -- emperical power so far: 0.1282051282051282
db insert success
(40, 40, 0.015, 0.5, 7500, 'elltwo', 'disclapu', 4.119272548280068, 0.09200000017881393, 3.045222759246826, '2024-07-28 22:39:17')
pval: [0.092] -- 40th test, time elapsed 3.045222759246826 -- emperical power so far: 0.125
db insert success
(41, 40, 0.015, 0.5, 7500, 'elltwo', 'disclapu', 1.1625375375650195, 0.3479999899864197, 3.0482935905456543, '2024-07-28 22:39:29')
pval: [0.34799999] -- 41th test, time elapsed 3.0482935905456543 -- emperical power so far: 0.12195121951219512
db insert success
(42, 40, 0.015, 0.5, 7500, 'elltwo', 'disclapu', 5.725094333321918, 0.04600000008940697, 3.051889181137085, '2024-07-28 22:39:43')
pval: [0.046] -- 42th test, time elapsed 3.051889181137085 -- emperical power so far: 0.14285714285714285
db insert success
(43, 40, 0.015, 0.5, 7500, 'elltwo', 'disclapu', 1.2512111960887435, 0.3070000112056732, 3.0424392223358154, '2024-07-28 22:39:55')
pval: [0.30700001] -- 43th test, time elapsed 3.0424392223358154 -- emperical power so far: 0.13953488372093023
db insert success
(44, 40, 0.015, 0.5, 7500, 'elltwo', 'disclapu', -4.096105918002156, 0.9269999861717224, 3.40524959564209, '2024-07-28 22:40:00')
pval: [0.92699999] -- 44th test, time elapsed 3.40524959564209 -- emperical power so far: 0.13636363636363635
db insert success
(45, 40, 0.015, 0.5, 7500, 'elltwo', 'disclapu', -0.3648735389878217, 0.5350000262260437, 3.263791561126709, '2024-07-28 22:40:15')
pval: [0.53500003] -- 45th test, time elapsed 3.263791561126709 -- emperical power so far: 0.13333333333333333
db insert success
(46, 40, 0.015, 0.5, 7500, 'elltwo', 'disclapu', 4.288087980412307, 0.0949999988079071, 3.235229015350342, '2024-07-28 22:40:35')
pval: [0.095] -- 46th test, time elapsed 3.235229015350342 -- emperical power so far: 0.13043478260869565
db insert success
(47, 40, 0.015, 0.5, 7500, 'elltwo', 'disclapu', 5.169620502268259, 0.0729999989271164, 3.126471519470215, '2024-07-28 22:40:57')
pval: [0.073] -- 47th test, time elapsed 3.126471519470215 -- emperical power so far: 0.1276595744680851
db insert success
(48, 40, 0.015, 0.5, 7500, 'elltwo', 'disclapu', 0.3854078881358891, 0.39899998903274536, 3.2341790199279785, '2024-07-28 22:41:08')
pval: [0.39899999] -- 48th test, time elapsed 3.2341790199279785 -- emperical power so far: 0.125
db insert success
(49, 40, 0.015, 0.5, 7500, 'elltwo', 'disclapu', -0.5812103768331705, 0.5329999923706055, 64.31552600860596, '2024-07-28 22:41:12')
pval: [0.53299999] -- 49th test, time elapsed 64.31552600860596 -- emperical power so far: 0.12244897959183673
db insert success
(50, 40, 0.015, 0.5, 7500, 'elltwo', 'disclapu', 0.007944711833080653, 0.4560000002384186, 4.210585355758667, '2024-07-28 22:42:29')
pval: [0.456] -- 50th test, time elapsed 4.210585355758667 -- emperical power so far: 0.12
db insert success
(51, 40, 0.015, 0.5, 7500, 'elltwo', 'disclapu', -0.5897202818960432, 0.5659999847412109, 5.15639066696167, '2024-07-28 22:42:54')
pval: [0.56599998] -- 51th test, time elapsed 5.15639066696167 -- emperical power so far: 0.11764705882352941
db insert success
(52, 40, 0.015, 0.5, 7500, 'elltwo', 'disclapu', 1.7587333917033234, 0.24699999392032623, 4.6820855140686035, '2024-07-28 22:43:03')
pval: [0.24699999] -- 52th test, time elapsed 4.6820855140686035 -- emperical power so far: 0.11538461538461539
db insert success
(53, 40, 0.015, 0.5, 7500, 'elltwo', 'disclapu', 5.0190875068327445, 0.06700000166893005, 3.8629417419433594, '2024-07-28 22:43:18')
pval: [0.067] -- 53th test, time elapsed 3.8629417419433594 -- emperical power so far: 0.11320754716981132
db insert success
(54, 40, 0.015, 0.5, 7500, 'elltwo', 'disclapu', -5.141405526521691, 0.9739999771118164, 3.1373767852783203, '2024-07-28 22:43:37')
pval: [0.97399998] -- 54th test, time elapsed 3.1373767852783203 -- emperical power so far: 0.1111111111111111
db insert success
(55, 40, 0.015, 0.5, 7500, 'elltwo', 'disclapu', -3.0048961238089587, 0.8399999737739563, 3.1474435329437256, '2024-07-28 22:43:53')
pval: [0.83999997] -- 55th test, time elapsed 3.1474435329437256 -- emperical power so far: 0.10909090909090909
db insert success
(56, 40, 0.015, 0.5, 7500, 'elltwo', 'disclapu', 6.196196176677008, 0.035999998450279236, 3.1250152587890625, '2024-07-28 22:43:57')
pval: [0.036] -- 56th test, time elapsed 3.1250152587890625 -- emperical power so far: 0.125
db insert success
(57, 40, 0.015, 0.5, 7500, 'elltwo', 'disclapu', 0.43928492837806044, 0.41999998688697815, 3.1546339988708496, '2024-07-28 22:44:14')
pval: [0.41999999] -- 57th test, time elapsed 3.1546339988708496 -- emperical power so far: 0.12280701754385964
db insert success
(58, 40, 0.015, 0.5, 7500, 'elltwo', 'disclapu', 5.664432373830389, 0.04500000178813934, 3.1582398414611816, '2024-07-28 22:44:33')
pval: [0.045] -- 58th test, time elapsed 3.1582398414611816 -- emperical power so far: 0.13793103448275862
db insert success
(59, 40, 0.015, 0.5, 7500, 'elltwo', 'disclapu', -1.8992216875369583, 0.7300000190734863, 3.063412666320801, '2024-07-28 22:44:45')
pval: [0.73000002] -- 59th test, time elapsed 3.063412666320801 -- emperical power so far: 0.13559322033898305
db insert success
(60, 40, 0.015, 0.5, 7500, 'elltwo', 'disclapu', 2.1130199309375155, 0.22499999403953552, 3.096242904663086, '2024-07-28 22:44:57')
pval: [0.22499999] -- 60th test, time elapsed 3.096242904663086 -- emperical power so far: 0.13333333333333333
db insert success
(61, 40, 0.015, 0.5, 7500, 'elltwo', 'disclapu', -3.3265967307360444, 0.843999981880188, 3.09557843208313, '2024-07-28 22:45:04')
pval: [0.84399998] -- 61th test, time elapsed 3.09557843208313 -- emperical power so far: 0.13114754098360656
db insert success
(62, 40, 0.015, 0.5, 7500, 'elltwo', 'disclapu', 0.3987856496495541, 0.4429999887943268, 3.1474709510803223, '2024-07-28 22:45:16')
pval: [0.44299999] -- 62th test, time elapsed 3.1474709510803223 -- emperical power so far: 0.12903225806451613
db insert success
(63, 40, 0.015, 0.5, 7500, 'elltwo', 'disclapu', -5.0970221302347944, 0.9739999771118164, 3.173853635787964, '2024-07-28 22:45:21')
pval: [0.97399998] -- 63th test, time elapsed 3.173853635787964 -- emperical power so far: 0.12698412698412698
db insert success
(64, 40, 0.015, 0.5, 7500, 'elltwo', 'disclapu', 8.829530863156355, 0.004999999888241291, 3.4342968463897705, '2024-07-28 22:45:39')
pval: [0.005] -- 64th test, time elapsed 3.4342968463897705 -- emperical power so far: 0.140625
db insert success
(65, 40, 0.015, 0.5, 7500, 'elltwo', 'disclapu', 6.992545829802416, 0.017999999225139618, 3.1225457191467285, '2024-07-28 22:46:01')
pval: [0.018] -- 65th test, time elapsed 3.1225457191467285 -- emperical power so far: 0.15384615384615385
db insert success
(66, 40, 0.015, 0.5, 7500, 'elltwo', 'disclapu', -3.774776269463056, 0.9039999842643738, 3.1809628009796143, '2024-07-28 22:46:17')
pval: [0.90399998] -- 66th test, time elapsed 3.1809628009796143 -- emperical power so far: 0.15151515151515152
db insert success
(67, 40, 0.015, 0.5, 7500, 'elltwo', 'disclapu', 4.586748083116257, 0.08100000023841858, 3.1649014949798584, '2024-07-28 22:46:27')
pval: [0.081] -- 67th test, time elapsed 3.1649014949798584 -- emperical power so far: 0.14925373134328357
db insert success
(68, 40, 0.015, 0.5, 7500, 'elltwo', 'disclapu', 2.64039564154218, 0.20900000631809235, 3.203289270401001, '2024-07-28 22:46:49')
pval: [0.20900001] -- 68th test, time elapsed 3.203289270401001 -- emperical power so far: 0.14705882352941177
db insert success
(69, 40, 0.015, 0.5, 7500, 'elltwo', 'disclapu', -2.760744949091748, 0.8190000057220459, 3.141817331314087, '2024-07-28 22:47:06')
pval: [0.81900001] -- 69th test, time elapsed 3.141817331314087 -- emperical power so far: 0.14492753623188406
db insert success
(70, 40, 0.015, 0.5, 7500, 'elltwo', 'disclapu', 0.08685243407194754, 0.4399999976158142, 3.1131033897399902, '2024-07-28 22:47:10')
pval: [0.44] -- 70th test, time elapsed 3.1131033897399902 -- emperical power so far: 0.14285714285714285
db insert success
(71, 40, 0.015, 0.5, 7500, 'elltwo', 'disclapu', 0.08651977480880901, 0.4519999921321869, 3.041165828704834, '2024-07-28 22:47:27')
pval: [0.45199999] -- 71th test, time elapsed 3.041165828704834 -- emperical power so far: 0.14084507042253522
db insert success
(72, 40, 0.015, 0.5, 7500, 'elltwo', 'disclapu', -0.4608458481934775, 0.5239999890327454, 4.260263681411743, '2024-07-28 22:47:45')
pval: [0.52399999] -- 72th test, time elapsed 4.260263681411743 -- emperical power so far: 0.1388888888888889
db insert success
(73, 40, 0.015, 0.5, 7500, 'elltwo', 'disclapu', -0.6448510565928974, 0.5669999718666077, 3.0614876747131348, '2024-07-28 22:48:05')
pval: [0.56699997] -- 73th test, time elapsed 3.0614876747131348 -- emperical power so far: 0.136986301369863
db insert success
(74, 40, 0.015, 0.5, 7500, 'elltwo', 'disclapu', 1.3238624846220333, 0.3149999976158142, 3.1342356204986572, '2024-07-28 22:48:12')
pval: [0.315] -- 74th test, time elapsed 3.1342356204986572 -- emperical power so far: 0.13513513513513514
db insert success
(75, 40, 0.015, 0.5, 7500, 'elltwo', 'disclapu', 0.18263104576393485, 0.47999998927116394, 3.5470974445343018, '2024-07-28 22:48:28')
pval: [0.47999999] -- 75th test, time elapsed 3.5470974445343018 -- emperical power so far: 0.13333333333333333
db insert success
(76, 40, 0.015, 0.5, 7500, 'elltwo', 'disclapu', 1.985742549749522, 0.25099998712539673, 3.2946722507476807, '2024-07-28 22:48:43')
pval: [0.25099999] -- 76th test, time elapsed 3.2946722507476807 -- emperical power so far: 0.13157894736842105
db insert success
(77, 40, 0.015, 0.5, 7500, 'elltwo', 'disclapu', 1.3172310047491402, 0.3190000057220459, 4.105301856994629, '2024-07-28 22:49:05')
pval: [0.31900001] -- 77th test, time elapsed 4.105301856994629 -- emperical power so far: 0.12987012987012986
db insert success
(78, 40, 0.015, 0.5, 7500, 'elltwo', 'disclapu', -1.8718934584219573, 0.7080000042915344, 3.2506678104400635, '2024-07-28 22:49:16')
pval: [0.708] -- 78th test, time elapsed 3.2506678104400635 -- emperical power so far: 0.1282051282051282
db insert success
(79, 40, 0.015, 0.5, 7500, 'elltwo', 'disclapu', -4.686021198969863, 0.9599999785423279, 3.2685134410858154, '2024-07-28 22:49:31')
pval: [0.95999998] -- 79th test, time elapsed 3.2685134410858154 -- emperical power so far: 0.12658227848101267
db insert success
(80, 40, 0.015, 0.5, 7500, 'elltwo', 'disclapu', -2.449197771210474, 0.7990000247955322, 3.4004757404327393, '2024-07-28 22:49:49')
pval: [0.79900002] -- 80th test, time elapsed 3.4004757404327393 -- emperical power so far: 0.125
db insert success
(81, 40, 0.015, 0.5, 7500, 'elltwo', 'disclapu', -1.411096716141537, 0.6669999957084656, 3.459556818008423, '2024-07-28 22:50:10')
pval: [0.667] -- 81th test, time elapsed 3.459556818008423 -- emperical power so far: 0.12345679012345678
db insert success
(82, 40, 0.015, 0.5, 7500, 'elltwo', 'disclapu', 2.463633078696346, 0.1899999976158142, 5.723126411437988, '2024-07-28 22:50:21')
pval: [0.19] -- 82th test, time elapsed 5.723126411437988 -- emperical power so far: 0.12195121951219512
db insert success
(83, 40, 0.015, 0.5, 7500, 'elltwo', 'disclapu', -0.2821081754832521, 0.5109999775886536, 85.58690142631531, '2024-07-28 22:50:47')
pval: [0.51099998] -- 83th test, time elapsed 85.58690142631531 -- emperical power so far: 0.12048192771084337
db insert success
(84, 40, 0.015, 0.5, 7500, 'elltwo', 'disclapu', 0.8093074494483776, 0.39800000190734863, 25.98493218421936, '2024-07-28 22:52:26')
pval: [0.398] -- 84th test, time elapsed 25.98493218421936 -- emperical power so far: 0.11904761904761904
db insert success
(85, 40, 0.015, 0.5, 7500, 'elltwo', 'disclapu', 4.708306914302045, 0.0689999982714653, 2.929335832595825, '2024-07-28 22:52:56')
pval: [0.069] -- 85th test, time elapsed 2.929335832595825 -- emperical power so far: 0.11764705882352941
db insert success
(86, 40, 0.015, 0.5, 7500, 'elltwo', 'disclapu', 3.3030383266141428, 0.14100000262260437, 2.9985122680664062, '2024-07-28 22:53:06')
pval: [0.141] -- 86th test, time elapsed 2.9985122680664062 -- emperical power so far: 0.11627906976744186
db insert success
(87, 40, 0.015, 0.5, 7500, 'elltwo', 'disclapu', 0.16439059992987548, 0.47699999809265137, 3.030366897583008, '2024-07-28 22:53:26')
pval: [0.477] -- 87th test, time elapsed 3.030366897583008 -- emperical power so far: 0.11494252873563218
db insert success
(88, 40, 0.015, 0.5, 7500, 'elltwo', 'disclapu', -4.620759250950329, 0.9459999799728394, 2.945477247238159, '2024-07-28 22:53:31')
pval: [0.94599998] -- 88th test, time elapsed 2.945477247238159 -- emperical power so far: 0.11363636363636363
db insert success
(89, 40, 0.015, 0.5, 7500, 'elltwo', 'disclapu', 2.355839537909102, 0.20600000023841858, 3.2057998180389404, '2024-07-28 22:53:42')
pval: [0.206] -- 89th test, time elapsed 3.2057998180389404 -- emperical power so far: 0.11235955056179775
db insert success
(90, 40, 0.015, 0.5, 7500, 'elltwo', 'disclapu', 2.1663170467122663, 0.22599999606609344, 3.4063615798950195, '2024-07-28 22:53:54')
pval: [0.226] -- 90th test, time elapsed 3.4063615798950195 -- emperical power so far: 0.1111111111111111
db insert success
(91, 40, 0.015, 0.5, 7500, 'elltwo', 'disclapu', 5.839782752215526, 0.035999998450279236, 3.4112284183502197, '2024-07-28 22:54:05')
pval: [0.036] -- 91th test, time elapsed 3.4112284183502197 -- emperical power so far: 0.12087912087912088
db insert success
(92, 40, 0.015, 0.5, 7500, 'elltwo', 'disclapu', -1.839643506829073, 0.6919999718666077, 3.441951274871826, '2024-07-28 22:54:15')
pval: [0.69199997] -- 92th test, time elapsed 3.441951274871826 -- emperical power so far: 0.11956521739130435
db insert success
(93, 40, 0.015, 0.5, 7500, 'elltwo', 'disclapu', 4.4777324565421495, 0.08799999952316284, 3.438744306564331, '2024-07-28 22:54:27')
pval: [0.088] -- 93th test, time elapsed 3.438744306564331 -- emperical power so far: 0.11827956989247312
db insert success
(94, 40, 0.015, 0.5, 7500, 'elltwo', 'disclapu', 6.188848355828582, 0.02500000037252903, 3.3452773094177246, '2024-07-28 22:54:40')
pval: [0.025] -- 94th test, time elapsed 3.3452773094177246 -- emperical power so far: 0.1276595744680851
db insert success
(95, 40, 0.015, 0.5, 7500, 'elltwo', 'disclapu', 6.277209483326032, 0.041999999433755875, 3.339341402053833, '2024-07-28 22:54:46')
pval: [0.042] -- 95th test, time elapsed 3.339341402053833 -- emperical power so far: 0.1368421052631579
db insert success
(96, 40, 0.015, 0.5, 7500, 'elltwo', 'disclapu', -2.9203141325895534, 0.8330000042915344, 3.350311517715454, '2024-07-28 22:55:05')
pval: [0.833] -- 96th test, time elapsed 3.350311517715454 -- emperical power so far: 0.13541666666666666
db insert success
(97, 40, 0.015, 0.5, 7500, 'elltwo', 'disclapu', 4.468348174671743, 0.07800000160932541, 84.71029138565063, '2024-07-28 22:55:14')
pval: [0.078] -- 97th test, time elapsed 84.71029138565063 -- emperical power so far: 0.13402061855670103
db insert success
(98, 40, 0.015, 0.5, 7500, 'elltwo', 'disclapu', 1.7756214099299807, 0.2639999985694885, 32.46837830543518, '2024-07-28 22:56:48')
pval: [0.264] -- 98th test, time elapsed 32.46837830543518 -- emperical power so far: 0.1326530612244898
db insert success
(99, 40, 0.015, 0.5, 7500, 'elltwo', 'disclapu', 0.9317867988321834, 0.3370000123977661, 3.4291141033172607, '2024-07-28 22:57:29')
pval: [0.33700001] -- 99th test, time elapsed 3.4291141033172607 -- emperical power so far: 0.13131313131313133
db insert success
(100, 40, 0.015, 0.5, 7500, 'elltwo', 'disclapu', -0.6065587347281238, 0.5270000100135803, 3.2770609855651855, '2024-07-28 22:57:46')
pval: [0.52700001] -- 100th test, time elapsed 3.2770609855651855 -- emperical power so far: 0.13
db insert success
(101, 40, 0.015, 0.5, 7500, 'elltwo', 'disclapu', 5.270873945812004, 0.05999999865889549, 3.247570514678955, '2024-07-28 22:58:00')
pval: [0.06] -- 101th test, time elapsed 3.247570514678955 -- emperical power so far: 0.12871287128712872
db insert success
(102, 40, 0.015, 0.5, 7500, 'elltwo', 'disclapu', 2.8166658121563004, 0.17499999701976776, 3.211956024169922, '2024-07-28 22:58:17')
pval: [0.175] -- 102th test, time elapsed 3.211956024169922 -- emperical power so far: 0.12745098039215685
db insert success
(103, 40, 0.015, 0.5, 7500, 'elltwo', 'disclapu', 3.2266674749018014, 0.1469999998807907, 3.2767107486724854, '2024-07-28 22:58:32')
pval: [0.147] -- 103th test, time elapsed 3.2767107486724854 -- emperical power so far: 0.1262135922330097
db insert success
(104, 40, 0.015, 0.5, 7500, 'elltwo', 'disclapu', -0.7219456514222189, 0.5580000281333923, 3.415299892425537, '2024-07-28 22:58:36')
pval: [0.55800003] -- 104th test, time elapsed 3.415299892425537 -- emperical power so far: 0.125
db insert success
(105, 40, 0.015, 0.5, 7500, 'elltwo', 'disclapu', 15.665341089786985, 0.0010000000474974513, 3.420438051223755, '2024-07-28 22:59:00')
pval: [0.001] -- 105th test, time elapsed 3.420438051223755 -- emperical power so far: 0.13333333333333333
db insert success
(106, 40, 0.015, 0.5, 7500, 'elltwo', 'disclapu', -4.055412450034931, 0.9160000085830688, 3.1374855041503906, '2024-07-28 22:59:14')
pval: [0.91600001] -- 106th test, time elapsed 3.1374855041503906 -- emperical power so far: 0.1320754716981132
db insert success
(107, 40, 0.015, 0.5, 7500, 'elltwo', 'disclapu', 4.520432444435242, 0.07800000160932541, 3.11368727684021, '2024-07-28 22:59:29')
pval: [0.078] -- 107th test, time elapsed 3.11368727684021 -- emperical power so far: 0.1308411214953271
db insert success
(108, 40, 0.015, 0.5, 7500, 'elltwo', 'disclapu', 1.813099097677926, 0.25099998712539673, 3.3974075317382812, '2024-07-28 22:59:40')
pval: [0.25099999] -- 108th test, time elapsed 3.3974075317382812 -- emperical power so far: 0.12962962962962962
db insert success
(109, 40, 0.015, 0.5, 7500, 'elltwo', 'disclapu', 1.3882456650985762, 0.31200000643730164, 3.121549367904663, '2024-07-28 23:00:04')
pval: [0.31200001] -- 109th test, time elapsed 3.121549367904663 -- emperical power so far: 0.12844036697247707
db insert success
(110, 40, 0.015, 0.5, 7500, 'elltwo', 'disclapu', -0.7210061403633592, 0.5569999814033508, 3.0918943881988525, '2024-07-28 23:00:08')
pval: [0.55699998] -- 110th test, time elapsed 3.0918943881988525 -- emperical power so far: 0.12727272727272726
db insert success
(111, 40, 0.015, 0.5, 7500, 'elltwo', 'disclapu', -2.6506737926048065, 0.7910000085830688, 3.177971124649048, '2024-07-28 23:00:25')
pval: [0.79100001] -- 111th test, time elapsed 3.177971124649048 -- emperical power so far: 0.12612612612612611
db insert success
(112, 40, 0.015, 0.5, 7500, 'elltwo', 'disclapu', 5.141273933394119, 0.052000001072883606, 3.0786917209625244, '2024-07-28 23:00:38')
pval: [0.052] -- 112th test, time elapsed 3.0786917209625244 -- emperical power so far: 0.125
db insert success
(113, 40, 0.015, 0.5, 7500, 'elltwo', 'disclapu', 1.6819326697327177, 0.2849999964237213, 3.108776807785034, '2024-07-28 23:00:48')
pval: [0.285] -- 113th test, time elapsed 3.108776807785034 -- emperical power so far: 0.12389380530973451
db insert success
(114, 40, 0.015, 0.5, 7500, 'elltwo', 'disclapu', 2.368992128541074, 0.21400000154972076, 3.091742753982544, '2024-07-28 23:00:59')
pval: [0.214] -- 114th test, time elapsed 3.091742753982544 -- emperical power so far: 0.12280701754385964
db insert success
(115, 40, 0.015, 0.5, 7500, 'elltwo', 'disclapu', 4.9308209518659245, 0.06499999761581421, 3.0447163581848145, '2024-07-28 23:01:13')
pval: [0.065] -- 115th test, time elapsed 3.0447163581848145 -- emperical power so far: 0.12173913043478261
db insert success
(116, 40, 0.015, 0.5, 7500, 'elltwo', 'disclapu', -2.7245405059742627, 0.8109999895095825, 3.042468547821045, '2024-07-28 23:01:23')
pval: [0.81099999] -- 116th test, time elapsed 3.042468547821045 -- emperical power so far: 0.1206896551724138
db insert success
(117, 40, 0.015, 0.5, 7500, 'elltwo', 'disclapu', 6.211330450100927, 0.035999998450279236, 3.00970458984375, '2024-07-28 23:01:31')
pval: [0.036] -- 117th test, time elapsed 3.00970458984375 -- emperical power so far: 0.1282051282051282
db insert success
(118, 40, 0.015, 0.5, 7500, 'elltwo', 'disclapu', 3.73090810466332, 0.10899999737739563, 2.994553565979004, '2024-07-28 23:01:51')
pval: [0.109] -- 118th test, time elapsed 2.994553565979004 -- emperical power so far: 0.1271186440677966
db insert success
(119, 40, 0.015, 0.5, 7500, 'elltwo', 'disclapu', -1.083586855632741, 0.5879999995231628, 3.028181314468384, '2024-07-28 23:02:02')
pval: [0.588] -- 119th test, time elapsed 3.028181314468384 -- emperical power so far: 0.12605042016806722
db insert success
(120, 40, 0.015, 0.5, 7500, 'elltwo', 'disclapu', 4.2426477835142276, 0.0860000029206276, 3.1458380222320557, '2024-07-28 23:02:08')
pval: [0.086] -- 120th test, time elapsed 3.1458380222320557 -- emperical power so far: 0.125
db insert success
(121, 40, 0.015, 0.5, 7500, 'elltwo', 'disclapu', 4.942262321051022, 0.061000000685453415, 3.0533368587493896, '2024-07-28 23:02:20')
pval: [0.061] -- 121th test, time elapsed 3.0533368587493896 -- emperical power so far: 0.12396694214876033
db insert success
(122, 40, 0.015, 0.5, 7500, 'elltwo', 'disclapu', -3.956211304485892, 0.8980000019073486, 3.0139260292053223, '2024-07-28 23:02:33')
pval: [0.898] -- 122th test, time elapsed 3.0139260292053223 -- emperical power so far: 0.12295081967213115
db insert success
(123, 40, 0.015, 0.5, 7500, 'elltwo', 'disclapu', 2.478218750693866, 0.22100000083446503, 3.0790817737579346, '2024-07-28 23:02:40')
pval: [0.221] -- 123th test, time elapsed 3.0790817737579346 -- emperical power so far: 0.12195121951219512
db insert success
(124, 40, 0.015, 0.5, 7500, 'elltwo', 'disclapu', 1.398928646524558, 0.3190000057220459, 3.0000576972961426, '2024-07-28 23:02:54')
pval: [0.31900001] -- 124th test, time elapsed 3.0000576972961426 -- emperical power so far: 0.12096774193548387
db insert success
(125, 40, 0.015, 0.5, 7500, 'elltwo', 'disclapu', -1.285677862200564, 0.6380000114440918, 2.9948599338531494, '2024-07-28 23:03:01')
pval: [0.63800001] -- 125th test, time elapsed 2.9948599338531494 -- emperical power so far: 0.12
db insert success
(126, 40, 0.015, 0.5, 7500, 'elltwo', 'disclapu', 3.5657923495040507, 0.13600000739097595, 3.0293171405792236, '2024-07-28 23:03:06')
pval: [0.13600001] -- 126th test, time elapsed 3.0293171405792236 -- emperical power so far: 0.11904761904761904
db insert success
(127, 40, 0.015, 0.5, 7500, 'elltwo', 'disclapu', 6.115272282192074, 0.029999999329447746, 3.054495096206665, '2024-07-28 23:03:28')
pval: [0.03] -- 127th test, time elapsed 3.054495096206665 -- emperical power so far: 0.12598425196850394
db insert success
(128, 40, 0.015, 0.5, 7500, 'elltwo', 'disclapu', 0.672490495012747, 0.3919999897480011, 3.0390567779541016, '2024-07-28 23:03:50')
pval: [0.39199999] -- 128th test, time elapsed 3.0390567779541016 -- emperical power so far: 0.125
db insert success
(129, 40, 0.015, 0.5, 7500, 'elltwo', 'disclapu', 4.189535981008219, 0.09399999678134918, 3.1622300148010254, '2024-07-28 23:04:07')
pval: [0.094] -- 129th test, time elapsed 3.1622300148010254 -- emperical power so far: 0.12403100775193798
db insert success
(130, 40, 0.015, 0.5, 7500, 'elltwo', 'disclapu', 3.2332580635732224, 0.14900000393390656, 3.1004552841186523, '2024-07-28 23:04:30')
pval: [0.149] -- 130th test, time elapsed 3.1004552841186523 -- emperical power so far: 0.12307692307692308
db insert success
(131, 40, 0.015, 0.5, 7500, 'elltwo', 'disclapu', -1.011613044567648, 0.6010000109672546, 3.0250046253204346, '2024-07-28 23:04:46')
pval: [0.60100001] -- 131th test, time elapsed 3.0250046253204346 -- emperical power so far: 0.12213740458015267
db insert success
(132, 40, 0.015, 0.5, 7500, 'elltwo', 'disclapu', -2.2515656996447695, 0.7580000162124634, 3.017216444015503, '2024-07-28 23:05:07')
pval: [0.75800002] -- 132th test, time elapsed 3.017216444015503 -- emperical power so far: 0.12121212121212122
db insert success
(133, 40, 0.015, 0.5, 7500, 'elltwo', 'disclapu', 2.303271924957077, 0.20800000429153442, 3.0901105403900146, '2024-07-28 23:05:30')
pval: [0.208] -- 133th test, time elapsed 3.0901105403900146 -- emperical power so far: 0.12030075187969924
db insert success
(134, 40, 0.015, 0.5, 7500, 'elltwo', 'disclapu', 3.817294983054686, 0.11100000143051147, 2.987199306488037, '2024-07-28 23:05:34')
pval: [0.111] -- 134th test, time elapsed 2.987199306488037 -- emperical power so far: 0.11940298507462686
db insert success
(135, 40, 0.015, 0.5, 7500, 'elltwo', 'disclapu', -1.3997229496391173, 0.6690000295639038, 3.0896377563476562, '2024-07-28 23:05:57')
pval: [0.66900003] -- 135th test, time elapsed 3.0896377563476562 -- emperical power so far: 0.11851851851851852
db insert success
(136, 40, 0.015, 0.5, 7500, 'elltwo', 'disclapu', -0.6311377099930522, 0.5519999861717224, 2.9898905754089355, '2024-07-28 23:06:06')
pval: [0.55199999] -- 136th test, time elapsed 2.9898905754089355 -- emperical power so far: 0.11764705882352941
db insert success
(137, 40, 0.015, 0.5, 7500, 'elltwo', 'disclapu', -0.7197860176457791, 0.609000027179718, 3.053502082824707, '2024-07-28 23:06:22')
pval: [0.60900003] -- 137th test, time elapsed 3.053502082824707 -- emperical power so far: 0.11678832116788321
db insert success
(138, 40, 0.015, 0.5, 7500, 'elltwo', 'disclapu', -6.120305361842217, 0.9909999966621399, 3.115544319152832, '2024-07-28 23:06:26')
pval: [0.991] -- 138th test, time elapsed 3.115544319152832 -- emperical power so far: 0.11594202898550725
db insert success
(139, 40, 0.015, 0.5, 7500, 'elltwo', 'disclapu', 6.138362032054126, 0.032999999821186066, 3.0388264656066895, '2024-07-28 23:06:35')
pval: [0.033] -- 139th test, time elapsed 3.0388264656066895 -- emperical power so far: 0.1223021582733813
db insert success
(140, 40, 0.015, 0.5, 7500, 'elltwo', 'disclapu', 1.9340623445093135, 0.23100000619888306, 3.115321159362793, '2024-07-28 23:06:55')
pval: [0.23100001] -- 140th test, time elapsed 3.115321159362793 -- emperical power so far: 0.12142857142857143
db insert success
(141, 40, 0.015, 0.5, 7500, 'elltwo', 'disclapu', 1.6827318426413367, 0.2809999883174896, 3.0806901454925537, '2024-07-28 23:07:08')
pval: [0.28099999] -- 141th test, time elapsed 3.0806901454925537 -- emperical power so far: 0.12056737588652482
db insert success
(142, 40, 0.015, 0.5, 7500, 'elltwo', 'disclapu', 2.220808359878497, 0.23999999463558197, 3.0689563751220703, '2024-07-28 23:07:14')
pval: [0.23999999] -- 142th test, time elapsed 3.0689563751220703 -- emperical power so far: 0.11971830985915492
db insert success
(143, 40, 0.015, 0.5, 7500, 'elltwo', 'disclapu', -1.6615704374171205, 0.7089999914169312, 3.1233842372894287, '2024-07-28 23:07:20')
pval: [0.70899999] -- 143th test, time elapsed 3.1233842372894287 -- emperical power so far: 0.11888111888111888
db insert success
(144, 40, 0.015, 0.5, 7500, 'elltwo', 'disclapu', -1.8476119801784185, 0.7039999961853027, 3.0667381286621094, '2024-07-28 23:07:41')
pval: [0.704] -- 144th test, time elapsed 3.0667381286621094 -- emperical power so far: 0.11805555555555555
db insert success
(145, 40, 0.015, 0.5, 7500, 'elltwo', 'disclapu', 2.4638638638518042, 0.1940000057220459, 3.1182353496551514, '2024-07-28 23:07:55')
pval: [0.19400001] -- 145th test, time elapsed 3.1182353496551514 -- emperical power so far: 0.11724137931034483
db insert success
(146, 40, 0.015, 0.5, 7500, 'elltwo', 'disclapu', 11.056540211344945, 0.0010000000474974513, 3.0596251487731934, '2024-07-28 23:08:10')
pval: [0.001] -- 146th test, time elapsed 3.0596251487731934 -- emperical power so far: 0.1232876712328767
db insert success
(147, 40, 0.015, 0.5, 7500, 'elltwo', 'disclapu', 10.381474158867688, 0.004999999888241291, 3.1782588958740234, '2024-07-28 23:08:18')
pval: [0.005] -- 147th test, time elapsed 3.1782588958740234 -- emperical power so far: 0.1292517006802721
db insert success
(148, 40, 0.015, 0.5, 7500, 'elltwo', 'disclapu', -0.3030295315256528, 0.5090000033378601, 2.984243392944336, '2024-07-28 23:08:22')
pval: [0.509] -- 148th test, time elapsed 2.984243392944336 -- emperical power so far: 0.12837837837837837
db insert success
(149, 40, 0.015, 0.5, 7500, 'elltwo', 'disclapu', -0.8106383050434114, 0.5799999833106995, 3.0340428352355957, '2024-07-28 23:08:34')
pval: [0.57999998] -- 149th test, time elapsed 3.0340428352355957 -- emperical power so far: 0.12751677852348994
db insert success
(150, 40, 0.015, 0.5, 7500, 'elltwo', 'disclapu', -3.4290307118604875, 0.8899999856948853, 3.076298236846924, '2024-07-28 23:08:55')
pval: [0.88999999] -- 150th test, time elapsed 3.076298236846924 -- emperical power so far: 0.12666666666666668
db insert success
(151, 40, 0.015, 0.5, 7500, 'elltwo', 'disclapu', -2.020787243276666, 0.7279999852180481, 3.0843708515167236, '2024-07-28 23:09:13')
pval: [0.72799999] -- 151th test, time elapsed 3.0843708515167236 -- emperical power so far: 0.12582781456953643
db insert success
(152, 40, 0.015, 0.5, 7500, 'elltwo', 'disclapu', 0.5829093582401769, 0.3880000114440918, 3.0207200050354004, '2024-07-28 23:09:26')
pval: [0.38800001] -- 152th test, time elapsed 3.0207200050354004 -- emperical power so far: 0.125
db insert success
(153, 40, 0.015, 0.5, 7500, 'elltwo', 'disclapu', -2.201425378596362, 0.7429999709129333, 3.0644431114196777, '2024-07-28 23:09:33')
pval: [0.74299997] -- 153th test, time elapsed 3.0644431114196777 -- emperical power so far: 0.12418300653594772
db insert success
(154, 40, 0.015, 0.5, 7500, 'elltwo', 'disclapu', 3.011040767216359, 0.1509999930858612, 3.1787335872650146, '2024-07-28 23:09:55')
pval: [0.15099999] -- 154th test, time elapsed 3.1787335872650146 -- emperical power so far: 0.12337662337662338
db insert success
(155, 40, 0.015, 0.5, 7500, 'elltwo', 'disclapu', 7.516187635408745, 0.010999999940395355, 3.0423662662506104, '2024-07-28 23:10:07')
pval: [0.011] -- 155th test, time elapsed 3.0423662662506104 -- emperical power so far: 0.12903225806451613
db insert success
(156, 40, 0.015, 0.5, 7500, 'elltwo', 'disclapu', 4.807496036385553, 0.06300000101327896, 3.048476219177246, '2024-07-28 23:10:12')
pval: [0.063] -- 156th test, time elapsed 3.048476219177246 -- emperical power so far: 0.1282051282051282
db insert success
(157, 40, 0.015, 0.5, 7500, 'elltwo', 'disclapu', 2.469059408340957, 0.21299999952316284, 3.0874364376068115, '2024-07-28 23:10:21')
pval: [0.213] -- 157th test, time elapsed 3.0874364376068115 -- emperical power so far: 0.12738853503184713
db insert success
(158, 40, 0.015, 0.5, 7500, 'elltwo', 'disclapu', 2.568960479596218, 0.1809999942779541, 3.0015151500701904, '2024-07-28 23:10:27')
pval: [0.18099999] -- 158th test, time elapsed 3.0015151500701904 -- emperical power so far: 0.12658227848101267
db insert success
(159, 40, 0.015, 0.5, 7500, 'elltwo', 'disclapu', -0.37235651052110397, 0.5090000033378601, 3.070376396179199, '2024-07-28 23:10:35')
pval: [0.509] -- 159th test, time elapsed 3.070376396179199 -- emperical power so far: 0.12578616352201258
db insert success
(160, 40, 0.015, 0.5, 7500, 'elltwo', 'disclapu', 2.4718725878637295, 0.1940000057220459, 3.0601768493652344, '2024-07-28 23:10:41')
pval: [0.19400001] -- 160th test, time elapsed 3.0601768493652344 -- emperical power so far: 0.125
db insert success
(161, 40, 0.015, 0.5, 7500, 'elltwo', 'disclapu', 6.810035725871027, 0.026000000536441803, 3.0924036502838135, '2024-07-28 23:10:55')
pval: [0.026] -- 161th test, time elapsed 3.0924036502838135 -- emperical power so far: 0.13043478260869565
db insert success
(162, 40, 0.015, 0.5, 7500, 'elltwo', 'disclapu', 0.5300768217839922, 0.40299999713897705, 3.0291943550109863, '2024-07-28 23:11:17')
pval: [0.403] -- 162th test, time elapsed 3.0291943550109863 -- emperical power so far: 0.12962962962962962
db insert success
(163, 40, 0.015, 0.5, 7500, 'elltwo', 'disclapu', -1.167674803904215, 0.6119999885559082, 3.112475872039795, '2024-07-28 23:11:30')
pval: [0.61199999] -- 163th test, time elapsed 3.112475872039795 -- emperical power so far: 0.12883435582822086
db insert success
(164, 40, 0.015, 0.5, 7500, 'elltwo', 'disclapu', 1.1154742480076607, 0.3409999907016754, 3.1074211597442627, '2024-07-28 23:11:47')
pval: [0.34099999] -- 164th test, time elapsed 3.1074211597442627 -- emperical power so far: 0.12804878048780488
db insert success
(165, 40, 0.015, 0.5, 7500, 'elltwo', 'disclapu', 1.1275374540800251, 0.32600000500679016, 3.034222364425659, '2024-07-28 23:12:00')
pval: [0.32600001] -- 165th test, time elapsed 3.034222364425659 -- emperical power so far: 0.12727272727272726
db insert success
(166, 40, 0.015, 0.5, 7500, 'elltwo', 'disclapu', -2.8435243585245993, 0.8379999995231628, 3.13740611076355, '2024-07-28 23:12:12')
pval: [0.838] -- 166th test, time elapsed 3.13740611076355 -- emperical power so far: 0.12650602409638553
db insert success
(167, 40, 0.015, 0.5, 7500, 'elltwo', 'disclapu', 4.2942539240097, 0.08500000089406967, 3.0224416255950928, '2024-07-28 23:12:35')
pval: [0.085] -- 167th test, time elapsed 3.0224416255950928 -- emperical power so far: 0.12574850299401197
db insert success
(168, 40, 0.015, 0.5, 7500, 'elltwo', 'disclapu', -2.5415735161493576, 0.7770000100135803, 4.191976308822632, '2024-07-28 23:12:41')
pval: [0.77700001] -- 168th test, time elapsed 4.191976308822632 -- emperical power so far: 0.125
db insert success
(169, 40, 0.015, 0.5, 7500, 'elltwo', 'disclapu', 3.107220436670166, 0.1340000033378601, 2.998762369155884, '2024-07-28 23:12:49')
pval: [0.134] -- 169th test, time elapsed 2.998762369155884 -- emperical power so far: 0.1242603550295858
db insert success
(170, 40, 0.015, 0.5, 7500, 'elltwo', 'disclapu', 3.46673135509743, 0.11699999868869781, 2.974794626235962, '2024-07-28 23:13:09')
pval: [0.117] -- 170th test, time elapsed 2.974794626235962 -- emperical power so far: 0.12352941176470589
db insert success
(171, 40, 0.015, 0.5, 7500, 'elltwo', 'disclapu', -1.0778560502841843, 0.6150000095367432, 3.0183770656585693, '2024-07-28 23:13:13')
pval: [0.61500001] -- 171th test, time elapsed 3.0183770656585693 -- emperical power so far: 0.12280701754385964
db insert success
(172, 40, 0.015, 0.5, 7500, 'elltwo', 'disclapu', -0.9742911943419968, 0.597000002861023, 3.0606915950775146, '2024-07-28 23:13:27')
pval: [0.597] -- 172th test, time elapsed 3.0606915950775146 -- emperical power so far: 0.12209302325581395
db insert success
(173, 40, 0.015, 0.5, 7500, 'elltwo', 'disclapu', -1.2603981923901897, 0.6299999952316284, 3.073941946029663, '2024-07-28 23:13:39')
pval: [0.63] -- 173th test, time elapsed 3.073941946029663 -- emperical power so far: 0.12138728323699421
db insert success
(174, 40, 0.015, 0.5, 7500, 'elltwo', 'disclapu', 1.59123286225908, 0.29100000858306885, 3.007978677749634, '2024-07-28 23:13:44')
pval: [0.29100001] -- 174th test, time elapsed 3.007978677749634 -- emperical power so far: 0.1206896551724138
db insert success
(175, 40, 0.015, 0.5, 7500, 'elltwo', 'disclapu', 2.6659232636660715, 0.19099999964237213, 3.0093936920166016, '2024-07-28 23:13:57')
pval: [0.191] -- 175th test, time elapsed 3.0093936920166016 -- emperical power so far: 0.12
db insert success
(176, 40, 0.015, 0.5, 7500, 'elltwo', 'disclapu', 8.4258284731227, 0.007000000216066837, 2.901784658432007, '2024-07-28 23:14:12')
pval: [0.007] -- 176th test, time elapsed 2.901784658432007 -- emperical power so far: 0.125
db insert success
(177, 40, 0.015, 0.5, 7500, 'elltwo', 'disclapu', 1.971287332256034, 0.23000000417232513, 2.9119715690612793, '2024-07-28 23:14:20')
pval: [0.23] -- 177th test, time elapsed 2.9119715690612793 -- emperical power so far: 0.12429378531073447
db insert success
(178, 40, 0.015, 0.5, 7500, 'elltwo', 'disclapu', 2.8538367955359374, 0.17599999904632568, 2.8519084453582764, '2024-07-28 23:14:30')
pval: [0.176] -- 178th test, time elapsed 2.8519084453582764 -- emperical power so far: 0.12359550561797752
db insert success
(179, 40, 0.015, 0.5, 7500, 'elltwo', 'disclapu', 9.282519515756494, 0.006000000052154064, 2.9574332237243652, '2024-07-28 23:14:35')
pval: [0.006] -- 179th test, time elapsed 2.9574332237243652 -- emperical power so far: 0.12849162011173185
db insert success
(180, 40, 0.015, 0.5, 7500, 'elltwo', 'disclapu', 2.6247117389414862, 0.18799999356269836, 2.917196035385132, '2024-07-28 23:14:52')
pval: [0.18799999] -- 180th test, time elapsed 2.917196035385132 -- emperical power so far: 0.12777777777777777
db insert success
(181, 40, 0.015, 0.5, 7500, 'elltwo', 'disclapu', -1.866861071247556, 0.7110000252723694, 2.926677942276001, '2024-07-28 23:15:02')
pval: [0.71100003] -- 181th test, time elapsed 2.926677942276001 -- emperical power so far: 0.1270718232044199
db insert success
(182, 40, 0.015, 0.5, 7500, 'elltwo', 'disclapu', 0.46463501692149123, 0.40400001406669617, 2.8704657554626465, '2024-07-28 23:15:16')
pval: [0.40400001] -- 182th test, time elapsed 2.8704657554626465 -- emperical power so far: 0.12637362637362637
db insert success
(183, 40, 0.015, 0.5, 7500, 'elltwo', 'disclapu', 4.051408272987107, 0.09700000286102295, 3.076550245285034, '2024-07-28 23:15:28')
pval: [0.097] -- 183th test, time elapsed 3.076550245285034 -- emperical power so far: 0.12568306010928962
db insert success
(184, 40, 0.015, 0.5, 7500, 'elltwo', 'disclapu', -3.3543189903265613, 0.8740000128746033, 2.9218499660491943, '2024-07-28 23:15:32')
pval: [0.87400001] -- 184th test, time elapsed 2.9218499660491943 -- emperical power so far: 0.125
db insert success
(185, 40, 0.015, 0.5, 7500, 'elltwo', 'disclapu', -3.1079450024672983, 0.847000002861023, 2.9698543548583984, '2024-07-28 23:15:54')
pval: [0.847] -- 185th test, time elapsed 2.9698543548583984 -- emperical power so far: 0.12432432432432433
db insert success
(186, 40, 0.015, 0.5, 7500, 'elltwo', 'disclapu', 5.077376404761843, 0.05700000002980232, 2.956435203552246, '2024-07-28 23:16:11')
pval: [0.057] -- 186th test, time elapsed 2.956435203552246 -- emperical power so far: 0.12365591397849462
db insert success
(187, 40, 0.015, 0.5, 7500, 'elltwo', 'disclapu', -2.3044825462955827, 0.7670000195503235, 2.887159585952759, '2024-07-28 23:16:33')
pval: [0.76700002] -- 187th test, time elapsed 2.887159585952759 -- emperical power so far: 0.12299465240641712
db insert success
(188, 40, 0.015, 0.5, 7500, 'elltwo', 'disclapu', 2.589246942342639, 0.19099999964237213, 45.01017189025879, '2024-07-28 23:16:42')
pval: [0.191] -- 188th test, time elapsed 45.01017189025879 -- emperical power so far: 0.12234042553191489
db insert success
(189, 40, 0.015, 0.5, 7500, 'elltwo', 'disclapu', 13.440372991638753, 0.0010000000474974513, 2.9877994060516357, '2024-07-28 23:17:32')
pval: [0.001] -- 189th test, time elapsed 2.9877994060516357 -- emperical power so far: 0.12698412698412698
db insert success
(190, 40, 0.015, 0.5, 7500, 'elltwo', 'disclapu', -0.8904199411428353, 0.5820000171661377, 2.9657301902770996, '2024-07-28 23:17:51')
pval: [0.58200002] -- 190th test, time elapsed 2.9657301902770996 -- emperical power so far: 0.12631578947368421
db insert success
(191, 40, 0.015, 0.5, 7500, 'elltwo', 'disclapu', 2.6653374303122765, 0.17900000512599945, 2.8551104068756104, '2024-07-28 23:18:02')
pval: [0.17900001] -- 191th test, time elapsed 2.8551104068756104 -- emperical power so far: 0.1256544502617801
db insert success
(192, 40, 0.015, 0.5, 7500, 'elltwo', 'disclapu', 2.217918388450572, 0.2290000021457672, 2.859367609024048, '2024-07-28 23:18:15')
pval: [0.229] -- 192th test, time elapsed 2.859367609024048 -- emperical power so far: 0.125
db insert success
(193, 40, 0.015, 0.5, 7500, 'elltwo', 'disclapu', 3.9758057074958497, 0.09600000083446503, 2.8411359786987305, '2024-07-28 23:18:30')
pval: [0.096] -- 193th test, time elapsed 2.8411359786987305 -- emperical power so far: 0.12435233160621761
db insert success
(194, 40, 0.015, 0.5, 7500, 'elltwo', 'disclapu', -0.9454314411269644, 0.5920000076293945, 83.07256507873535, '2024-07-28 23:18:39')
pval: [0.59200001] -- 194th test, time elapsed 83.07256507873535 -- emperical power so far: 0.12371134020618557
db insert success
(195, 40, 0.015, 0.5, 7500, 'elltwo', 'disclapu', 0.3541032973447127, 0.42399999499320984, 25.59883713722229, '2024-07-28 23:20:05')
pval: [0.42399999] -- 195th test, time elapsed 25.59883713722229 -- emperical power so far: 0.12307692307692308
db insert success
(196, 40, 0.015, 0.5, 7500, 'elltwo', 'disclapu', 2.1264329217528273, 0.2199999988079071, 3.0257887840270996, '2024-07-28 23:20:47')
pval: [0.22] -- 196th test, time elapsed 3.0257887840270996 -- emperical power so far: 0.12244897959183673
db insert success
(197, 40, 0.015, 0.5, 7500, 'elltwo', 'disclapu', 1.192149592493434, 0.34599998593330383, 3.1723155975341797, '2024-07-28 23:20:52')
pval: [0.34599999] -- 197th test, time elapsed 3.1723155975341797 -- emperical power so far: 0.1218274111675127
db insert success
(198, 40, 0.015, 0.5, 7500, 'elltwo', 'disclapu', 1.5374409714678898, 0.2720000147819519, 3.072810649871826, '2024-07-28 23:21:03')
pval: [0.27200001] -- 198th test, time elapsed 3.072810649871826 -- emperical power so far: 0.12121212121212122
db insert success
(199, 40, 0.015, 0.5, 7500, 'elltwo', 'disclapu', -3.715379819416823, 0.9020000100135803, 3.042224168777466, '2024-07-28 23:21:23')
pval: [0.90200001] -- 199th test, time elapsed 3.042224168777466 -- emperical power so far: 0.12060301507537688
db insert success
(200, 40, 0.015, 0.5, 7500, 'elltwo', 'disclapu', -3.2179285212219657, 0.8629999756813049, 3.104167938232422, '2024-07-28 23:21:38')
pval: [0.86299998] -- 200th test, time elapsed 3.104167938232422 -- emperical power so far: 0.12
db insert success
3554.575152873993
