tensor([0.0100, 0.0400, 0.0100, 0.0400, 0.0100, 0.0400, 0.0100, 0.0400, 0.0100,
        0.0400, 0.0100, 0.0400, 0.0100, 0.0400, 0.0100, 0.0400, 0.0100, 0.0400,
        0.0100, 0.0400, 0.0100, 0.0400, 0.0100, 0.0400, 0.0100, 0.0400, 0.0100,
        0.0400, 0.0100, 0.0400, 0.0100, 0.0400, 0.0100, 0.0400, 0.0100, 0.0400,
        0.0100, 0.0400, 0.0100, 0.0400])
tensor([0.0400, 0.0100, 0.0400, 0.0100, 0.0400, 0.0100, 0.0400, 0.0100, 0.0400,
        0.0100, 0.0400, 0.0100, 0.0400, 0.0100, 0.0400, 0.0100, 0.0400, 0.0100,
        0.0400, 0.0100, 0.0400, 0.0100, 0.0400, 0.0100, 0.0400, 0.0100, 0.0400,
        0.0100, 0.0400, 0.0100, 0.0400, 0.0100, 0.0400, 0.0100, 0.0400, 0.0100,
        0.0400, 0.0100, 0.0400, 0.0100])
disclapuelltwo, alpha=1, sample size=15000
#########################################
(1, 40, 0.015, 1, 15000, 'elltwo', 'disclapu', 2.066874372369492, 0.0010000000474974513, 61.54534721374512, '2024-07-28 23:47:29')
pval: [0.001] -- 1th test, time elapsed 61.54534721374512 -- emperical power so far: 1.0
db insert success
(2, 40, 0.015, 1, 15000, 'elltwo', 'disclapu', 2.140675228667014, 0.0010000000474974513, 4.561604976654053, '2024-07-28 23:48:33')
pval: [0.001] -- 2th test, time elapsed 4.561604976654053 -- emperical power so far: 1.0
db insert success
(3, 40, 0.015, 1, 15000, 'elltwo', 'disclapu', 1.4428804773335127, 0.0010000000474974513, 4.546647310256958, '2024-07-28 23:48:39')
pval: [0.001] -- 3th test, time elapsed 4.546647310256958 -- emperical power so far: 1.0
db insert success
(4, 40, 0.015, 1, 15000, 'elltwo', 'disclapu', 0.9706615565053922, 0.00800000037997961, 5.8869383335113525, '2024-07-28 23:48:53')
pval: [0.008] -- 4th test, time elapsed 5.8869383335113525 -- emperical power so far: 1.0
db insert success
(5, 40, 0.015, 1, 15000, 'elltwo', 'disclapu', 1.8816408815824448, 0.0010000000474974513, 62.37580108642578, '2024-07-28 23:49:01')
pval: [0.001] -- 5th test, time elapsed 62.37580108642578 -- emperical power so far: 1.0
db insert success
(6, 40, 0.015, 1, 15000, 'elltwo', 'disclapu', 0.8778288547486526, 0.020999999716877937, 4.455583333969116, '2024-07-28 23:50:16')
pval: [0.021] -- 6th test, time elapsed 4.455583333969116 -- emperical power so far: 1.0
db insert success
(7, 40, 0.015, 1, 15000, 'elltwo', 'disclapu', 1.0274405015838015, 0.007000000216066837, 4.3741819858551025, '2024-07-28 23:50:33')
pval: [0.007] -- 7th test, time elapsed 4.3741819858551025 -- emperical power so far: 1.0
db insert success
(8, 40, 0.015, 1, 15000, 'elltwo', 'disclapu', 1.6636277337063095, 0.0010000000474974513, 4.434797525405884, '2024-07-28 23:50:45')
pval: [0.001] -- 8th test, time elapsed 4.434797525405884 -- emperical power so far: 1.0
db insert success
(9, 40, 0.015, 1, 15000, 'elltwo', 'disclapu', 1.2470802033823276, 0.0020000000949949026, 74.7261962890625, '2024-07-28 23:50:54')
pval: [0.002] -- 9th test, time elapsed 74.7261962890625 -- emperical power so far: 1.0
db insert success
(10, 40, 0.015, 1, 15000, 'elltwo', 'disclapu', 1.0415210577632021, 0.00800000037997961, 28.26036262512207, '2024-07-28 23:52:19')
pval: [0.008] -- 10th test, time elapsed 28.26036262512207 -- emperical power so far: 1.0
db insert success
(11, 40, 0.015, 1, 15000, 'elltwo', 'disclapu', 0.9604871602622547, 0.017999999225139618, 4.386328220367432, '2024-07-28 23:53:03')
pval: [0.018] -- 11th test, time elapsed 4.386328220367432 -- emperical power so far: 1.0
db insert success
(12, 40, 0.015, 1, 15000, 'elltwo', 'disclapu', 1.3705856369404978, 0.0020000000949949026, 4.591520547866821, '2024-07-28 23:53:22')
pval: [0.002] -- 12th test, time elapsed 4.591520547866821 -- emperical power so far: 1.0
db insert success
(13, 40, 0.015, 1, 15000, 'elltwo', 'disclapu', 1.5243975623347263, 0.0010000000474974513, 4.4815592765808105, '2024-07-28 23:53:33')
pval: [0.001] -- 13th test, time elapsed 4.4815592765808105 -- emperical power so far: 1.0
db insert success
(14, 40, 0.015, 1, 15000, 'elltwo', 'disclapu', 0.09688281788665565, 0.40299999713897705, 58.021904706954956, '2024-07-28 23:53:51')
pval: [0.403] -- 14th test, time elapsed 58.021904706954956 -- emperical power so far: 0.9285714285714286
db insert success
(15, 40, 0.015, 1, 15000, 'elltwo', 'disclapu', 2.325262819214601, 0.0010000000474974513, 22.564525365829468, '2024-07-28 23:55:01')
pval: [0.001] -- 15th test, time elapsed 22.564525365829468 -- emperical power so far: 0.9333333333333333
db insert success
(16, 40, 0.015, 1, 15000, 'elltwo', 'disclapu', 1.5035183202687916, 0.0010000000474974513, 4.444212198257446, '2024-07-28 23:55:25')
pval: [0.001] -- 16th test, time elapsed 4.444212198257446 -- emperical power so far: 0.9375
db insert success
(17, 40, 0.015, 1, 15000, 'elltwo', 'disclapu', 0.8849610643278054, 0.017999999225139618, 4.510637998580933, '2024-07-28 23:55:46')
pval: [0.018] -- 17th test, time elapsed 4.510637998580933 -- emperical power so far: 0.9411764705882353
db insert success
(18, 40, 0.015, 1, 15000, 'elltwo', 'disclapu', 1.4320930054454628, 0.004000000189989805, 58.01574635505676, '2024-07-28 23:56:09')
pval: [0.004] -- 18th test, time elapsed 58.01574635505676 -- emperical power so far: 0.9444444444444444
db insert success
(19, 40, 0.015, 1, 15000, 'elltwo', 'disclapu', 2.643493404696462, 0.0010000000474974513, 5.350727319717407, '2024-07-28 23:57:13')
pval: [0.001] -- 19th test, time elapsed 5.350727319717407 -- emperical power so far: 0.9473684210526315
db insert success
(20, 40, 0.015, 1, 15000, 'elltwo', 'disclapu', 0.8423250471205086, 0.02500000037252903, 4.466974496841431, '2024-07-28 23:57:34')
pval: [0.025] -- 20th test, time elapsed 4.466974496841431 -- emperical power so far: 0.95
db insert success
(21, 40, 0.015, 1, 15000, 'elltwo', 'disclapu', 0.8467730967914862, 0.017000000923871994, 4.565085411071777, '2024-07-28 23:57:49')
pval: [0.017] -- 21th test, time elapsed 4.565085411071777 -- emperical power so far: 0.9523809523809523
db insert success
(22, 40, 0.015, 1, 15000, 'elltwo', 'disclapu', 1.2395278138922037, 0.004999999888241291, 4.46336817741394, '2024-07-28 23:58:05')
pval: [0.005] -- 22th test, time elapsed 4.46336817741394 -- emperical power so far: 0.9545454545454546
db insert success
(23, 40, 0.015, 1, 15000, 'elltwo', 'disclapu', 0.5097859786077454, 0.09700000286102295, 4.464934825897217, '2024-07-28 23:58:11')
pval: [0.097] -- 23th test, time elapsed 4.464934825897217 -- emperical power so far: 0.9130434782608695
db insert success
(24, 40, 0.015, 1, 15000, 'elltwo', 'disclapu', 0.7831829143714286, 0.028999999165534973, 4.467162609100342, '2024-07-28 23:58:35')
pval: [0.029] -- 24th test, time elapsed 4.467162609100342 -- emperical power so far: 0.9166666666666666
db insert success
(25, 40, 0.015, 1, 15000, 'elltwo', 'disclapu', 2.204337546723937, 0.0010000000474974513, 4.487794637680054, '2024-07-28 23:58:52')
pval: [0.001] -- 25th test, time elapsed 4.487794637680054 -- emperical power so far: 0.92
db insert success
(26, 40, 0.015, 1, 15000, 'elltwo', 'disclapu', 0.6616105302534672, 0.04500000178813934, 4.4585230350494385, '2024-07-28 23:59:07')
pval: [0.045] -- 26th test, time elapsed 4.4585230350494385 -- emperical power so far: 0.9230769230769231
db insert success
(27, 40, 0.015, 1, 15000, 'elltwo', 'disclapu', 1.729930044321248, 0.0020000000949949026, 4.431509017944336, '2024-07-28 23:59:17')
pval: [0.002] -- 27th test, time elapsed 4.431509017944336 -- emperical power so far: 0.9259259259259259
db insert success
(28, 40, 0.015, 1, 15000, 'elltwo', 'disclapu', 0.8596292964414958, 0.02500000037252903, 4.454882383346558, '2024-07-28 23:59:24')
pval: [0.025] -- 28th test, time elapsed 4.454882383346558 -- emperical power so far: 0.9285714285714286
db insert success
(29, 40, 0.015, 1, 15000, 'elltwo', 'disclapu', 1.3673180959386158, 0.0020000000949949026, 41.54344129562378, '2024-07-28 23:59:31')
pval: [0.002] -- 29th test, time elapsed 41.54344129562378 -- emperical power so far: 0.9310344827586207
db insert success
(30, 40, 0.015, 1, 15000, 'elltwo', 'disclapu', 1.4541652021221112, 0.0020000000949949026, 11.632475137710571, '2024-07-29 00:00:23')
pval: [0.002] -- 30th test, time elapsed 11.632475137710571 -- emperical power so far: 0.9333333333333333
db insert success
(31, 40, 0.015, 1, 15000, 'elltwo', 'disclapu', 1.55404844743624, 0.003000000026077032, 4.398186445236206, '2024-07-29 00:00:51')
pval: [0.003] -- 31th test, time elapsed 4.398186445236206 -- emperical power so far: 0.9354838709677419
db insert success
(32, 40, 0.015, 1, 15000, 'elltwo', 'disclapu', 1.9169713835656355, 0.0020000000949949026, 4.363022089004517, '2024-07-29 00:01:01')
pval: [0.002] -- 32th test, time elapsed 4.363022089004517 -- emperical power so far: 0.9375
db insert success
(33, 40, 0.015, 1, 15000, 'elltwo', 'disclapu', 0.7962692815334398, 0.02199999988079071, 93.43589854240417, '2024-07-29 00:01:25')
pval: [0.022] -- 33th test, time elapsed 93.43589854240417 -- emperical power so far: 0.9393939393939394
db insert success
(34, 40, 0.015, 1, 15000, 'elltwo', 'disclapu', 0.45102608778004827, 0.12200000137090683, 48.419528007507324, '2024-07-29 00:03:01')
pval: [0.122] -- 34th test, time elapsed 48.419528007507324 -- emperical power so far: 0.9117647058823529
db insert success
(35, 40, 0.015, 1, 15000, 'elltwo', 'disclapu', 0.3774261936603456, 0.1459999978542328, 60.830891847610474, '2024-07-29 00:04:03')
pval: [0.146] -- 35th test, time elapsed 60.830891847610474 -- emperical power so far: 0.8857142857142857
db insert success
(36, 40, 0.015, 1, 15000, 'elltwo', 'disclapu', 2.703986498449747, 0.0010000000474974513, 4.400084972381592, '2024-07-29 00:05:17')
pval: [0.001] -- 36th test, time elapsed 4.400084972381592 -- emperical power so far: 0.8888888888888888
db insert success
(37, 40, 0.015, 1, 15000, 'elltwo', 'disclapu', 2.506114065331241, 0.0010000000474974513, 44.391621112823486, '2024-07-29 00:05:37')
pval: [0.001] -- 37th test, time elapsed 44.391621112823486 -- emperical power so far: 0.8918918918918919
db insert success
(38, 40, 0.015, 1, 15000, 'elltwo', 'disclapu', 0.9839651188970535, 0.008999999612569809, 4.481951475143433, '2024-07-29 00:06:30')
pval: [0.009] -- 38th test, time elapsed 4.481951475143433 -- emperical power so far: 0.8947368421052632
db insert success
(39, 40, 0.015, 1, 15000, 'elltwo', 'disclapu', 1.6248780617451917, 0.0010000000474974513, 4.41858696937561, '2024-07-29 00:06:37')
pval: [0.001] -- 39th test, time elapsed 4.41858696937561 -- emperical power so far: 0.8974358974358975
db insert success
(40, 40, 0.015, 1, 15000, 'elltwo', 'disclapu', 0.9570377184823424, 0.01899999938905239, 4.5138840675354, '2024-07-29 00:06:45')
pval: [0.019] -- 40th test, time elapsed 4.5138840675354 -- emperical power so far: 0.9
db insert success
(41, 40, 0.015, 1, 15000, 'elltwo', 'disclapu', 2.032801624544568, 0.0010000000474974513, 4.445560932159424, '2024-07-29 00:07:07')
pval: [0.001] -- 41th test, time elapsed 4.445560932159424 -- emperical power so far: 0.9024390243902439
db insert success
(42, 40, 0.015, 1, 15000, 'elltwo', 'disclapu', 1.1015132524818476, 0.006000000052154064, 4.4740259647369385, '2024-07-29 00:07:18')
pval: [0.006] -- 42th test, time elapsed 4.4740259647369385 -- emperical power so far: 0.9047619047619048
db insert success
(43, 40, 0.015, 1, 15000, 'elltwo', 'disclapu', 1.4128041046551065, 0.003000000026077032, 4.449458122253418, '2024-07-29 00:07:26')
pval: [0.003] -- 43th test, time elapsed 4.449458122253418 -- emperical power so far: 0.9069767441860465
db insert success
(44, 40, 0.015, 1, 15000, 'elltwo', 'disclapu', 1.8219053038489204, 0.0010000000474974513, 4.459897518157959, '2024-07-29 00:07:35')
pval: [0.001] -- 44th test, time elapsed 4.459897518157959 -- emperical power so far: 0.9090909090909091
db insert success
(45, 40, 0.015, 1, 15000, 'elltwo', 'disclapu', -0.03248212671164885, 0.460999995470047, 4.468382358551025, '2024-07-29 00:07:54')
pval: [0.461] -- 45th test, time elapsed 4.468382358551025 -- emperical power so far: 0.8888888888888888
db insert success
(46, 40, 0.015, 1, 15000, 'elltwo', 'disclapu', 1.3170812043344353, 0.0010000000474974513, 4.472240447998047, '2024-07-29 00:08:05')
pval: [0.001] -- 46th test, time elapsed 4.472240447998047 -- emperical power so far: 0.8913043478260869
db insert success
(47, 40, 0.015, 1, 15000, 'elltwo', 'disclapu', 1.0202708270489467, 0.012000000104308128, 4.461388349533081, '2024-07-29 00:08:15')
pval: [0.012] -- 47th test, time elapsed 4.461388349533081 -- emperical power so far: 0.8936170212765957
db insert success
(48, 40, 0.015, 1, 15000, 'elltwo', 'disclapu', 0.6484191475256145, 0.06400000303983688, 4.4416399002075195, '2024-07-29 00:08:26')
pval: [0.064] -- 48th test, time elapsed 4.4416399002075195 -- emperical power so far: 0.875
db insert success
(49, 40, 0.015, 1, 15000, 'elltwo', 'disclapu', 1.4753306446998673, 0.0010000000474974513, 4.4589197635650635, '2024-07-29 00:08:47')
pval: [0.001] -- 49th test, time elapsed 4.4589197635650635 -- emperical power so far: 0.8775510204081632
db insert success
(50, 40, 0.015, 1, 15000, 'elltwo', 'disclapu', 1.7713463620960384, 0.0010000000474974513, 4.4290430545806885, '2024-07-29 00:09:02')
pval: [0.001] -- 50th test, time elapsed 4.4290430545806885 -- emperical power so far: 0.88
db insert success
(51, 40, 0.015, 1, 15000, 'elltwo', 'disclapu', 1.6233982221766805, 0.0010000000474974513, 4.554575443267822, '2024-07-29 00:09:14')
pval: [0.001] -- 51th test, time elapsed 4.554575443267822 -- emperical power so far: 0.8823529411764706
db insert success
(52, 40, 0.015, 1, 15000, 'elltwo', 'disclapu', 2.7613574840174757, 0.0010000000474974513, 62.03878736495972, '2024-07-29 00:09:31')
pval: [0.001] -- 52th test, time elapsed 62.03878736495972 -- emperical power so far: 0.8846153846153846
db insert success
(53, 40, 0.015, 1, 15000, 'elltwo', 'disclapu', 2.0674714676375143, 0.0010000000474974513, 4.503604173660278, '2024-07-29 00:10:35')
pval: [0.001] -- 53th test, time elapsed 4.503604173660278 -- emperical power so far: 0.8867924528301887
db insert success
(54, 40, 0.015, 1, 15000, 'elltwo', 'disclapu', 1.9682653686037643, 0.0020000000949949026, 4.588982343673706, '2024-07-29 00:10:54')
pval: [0.002] -- 54th test, time elapsed 4.588982343673706 -- emperical power so far: 0.8888888888888888
db insert success
(55, 40, 0.015, 1, 15000, 'elltwo', 'disclapu', 0.8797759171415742, 0.017000000923871994, 93.17989444732666, '2024-07-29 00:11:06')
pval: [0.017] -- 55th test, time elapsed 93.17989444732666 -- emperical power so far: 0.8909090909090909
db insert success
(56, 40, 0.015, 1, 15000, 'elltwo', 'disclapu', 1.3761145762469909, 0.004000000189989805, 9.241546869277954, '2024-07-29 00:12:45')
pval: [0.004] -- 56th test, time elapsed 9.241546869277954 -- emperical power so far: 0.8928571428571429
db insert success
(57, 40, 0.015, 1, 15000, 'elltwo', 'disclapu', 1.8066487193862408, 0.0010000000474974513, 70.50497460365295, '2024-07-29 00:13:12')
pval: [0.001] -- 57th test, time elapsed 70.50497460365295 -- emperical power so far: 0.8947368421052632
db insert success
(58, 40, 0.015, 1, 15000, 'elltwo', 'disclapu', 0.9807172164575189, 0.013000000268220901, 4.393592119216919, '2024-07-29 00:14:33')
pval: [0.013] -- 58th test, time elapsed 4.393592119216919 -- emperical power so far: 0.896551724137931
db insert success
(59, 40, 0.015, 1, 15000, 'elltwo', 'disclapu', 1.6415929907798705, 0.0010000000474974513, 4.383321523666382, '2024-07-29 00:14:46')
pval: [0.001] -- 59th test, time elapsed 4.383321523666382 -- emperical power so far: 0.8983050847457628
db insert success
(60, 40, 0.015, 1, 15000, 'elltwo', 'disclapu', 1.4609156514530102, 0.004000000189989805, 4.476399183273315, '2024-07-29 00:14:55')
pval: [0.004] -- 60th test, time elapsed 4.476399183273315 -- emperical power so far: 0.9
db insert success
(61, 40, 0.015, 1, 15000, 'elltwo', 'disclapu', 1.4685748430689858, 0.0010000000474974513, 4.3779296875, '2024-07-29 00:15:02')
pval: [0.001] -- 61th test, time elapsed 4.3779296875 -- emperical power so far: 0.9016393442622951
db insert success
(62, 40, 0.015, 1, 15000, 'elltwo', 'disclapu', 0.6778142721276128, 0.04699999839067459, 4.379296779632568, '2024-07-29 00:15:17')
pval: [0.047] -- 62th test, time elapsed 4.379296779632568 -- emperical power so far: 0.9032258064516129
db insert success
(63, 40, 0.015, 1, 15000, 'elltwo', 'disclapu', 1.0026953014471873, 0.014000000432133675, 4.3385009765625, '2024-07-29 00:15:27')
pval: [0.014] -- 63th test, time elapsed 4.3385009765625 -- emperical power so far: 0.9047619047619048
db insert success
(64, 40, 0.015, 1, 15000, 'elltwo', 'disclapu', 1.6650918911606727, 0.0010000000474974513, 4.61954402923584, '2024-07-29 00:15:50')
pval: [0.001] -- 64th test, time elapsed 4.61954402923584 -- emperical power so far: 0.90625
db insert success
(65, 40, 0.015, 1, 15000, 'elltwo', 'disclapu', 2.7165975203177326, 0.0010000000474974513, 4.563015460968018, '2024-07-29 00:16:02')
pval: [0.001] -- 65th test, time elapsed 4.563015460968018 -- emperical power so far: 0.9076923076923077
db insert success
(66, 40, 0.015, 1, 15000, 'elltwo', 'disclapu', 1.261139450388071, 0.003000000026077032, 4.408575534820557, '2024-07-29 00:16:13')
pval: [0.003] -- 66th test, time elapsed 4.408575534820557 -- emperical power so far: 0.9090909090909091
db insert success
(67, 40, 0.015, 1, 15000, 'elltwo', 'disclapu', 1.1851852453680052, 0.004999999888241291, 4.431653261184692, '2024-07-29 00:16:34')
pval: [0.005] -- 67th test, time elapsed 4.431653261184692 -- emperical power so far: 0.9104477611940298
db insert success
(68, 40, 0.015, 1, 15000, 'elltwo', 'disclapu', 1.5276509709492356, 0.0010000000474974513, 4.46108603477478, '2024-07-29 00:16:54')
pval: [0.001] -- 68th test, time elapsed 4.46108603477478 -- emperical power so far: 0.9117647058823529
db insert success
(69, 40, 0.015, 1, 15000, 'elltwo', 'disclapu', 1.3751457724719724, 0.003000000026077032, 4.379129648208618, '2024-07-29 00:17:05')
pval: [0.003] -- 69th test, time elapsed 4.379129648208618 -- emperical power so far: 0.9130434782608695
db insert success
(70, 40, 0.015, 1, 15000, 'elltwo', 'disclapu', 2.1254874288012164, 0.0010000000474974513, 94.61035513877869, '2024-07-29 00:17:16')
pval: [0.001] -- 70th test, time elapsed 94.61035513877869 -- emperical power so far: 0.9142857142857143
db insert success
(71, 40, 0.015, 1, 15000, 'elltwo', 'disclapu', 0.8466437488494012, 0.024000000208616257, 5.400712251663208, '2024-07-29 00:19:09')
pval: [0.024] -- 71th test, time elapsed 5.400712251663208 -- emperical power so far: 0.9154929577464789
db insert success
(72, 40, 0.015, 1, 15000, 'elltwo', 'disclapu', 1.4928174384578026, 0.0010000000474974513, 4.437810659408569, '2024-07-29 00:19:17')
pval: [0.001] -- 72th test, time elapsed 4.437810659408569 -- emperical power so far: 0.9166666666666666
db insert success
(73, 40, 0.015, 1, 15000, 'elltwo', 'disclapu', 1.426141489197112, 0.003000000026077032, 4.353376388549805, '2024-07-29 00:19:24')
pval: [0.003] -- 73th test, time elapsed 4.353376388549805 -- emperical power so far: 0.9178082191780822
db insert success
(74, 40, 0.015, 1, 15000, 'elltwo', 'disclapu', 2.853361288768031, 0.0010000000474974513, 23.291358947753906, '2024-07-29 00:19:46')
pval: [0.001] -- 74th test, time elapsed 23.291358947753906 -- emperical power so far: 0.918918918918919
db insert success
(75, 40, 0.015, 1, 15000, 'elltwo', 'disclapu', 2.618156804635344, 0.0010000000474974513, 12.969069957733154, '2024-07-29 00:20:12')
pval: [0.001] -- 75th test, time elapsed 12.969069957733154 -- emperical power so far: 0.92
db insert success
(76, 40, 0.015, 1, 15000, 'elltwo', 'disclapu', 0.9345044087626826, 0.010999999940395355, 67.46672058105469, '2024-07-29 00:20:46')
pval: [0.011] -- 76th test, time elapsed 67.46672058105469 -- emperical power so far: 0.9210526315789473
db insert success
(77, 40, 0.015, 1, 15000, 'elltwo', 'disclapu', 1.2834717118551562, 0.003000000026077032, 4.443306922912598, '2024-07-29 00:21:54')
pval: [0.003] -- 77th test, time elapsed 4.443306922912598 -- emperical power so far: 0.922077922077922
db insert success
(78, 40, 0.015, 1, 15000, 'elltwo', 'disclapu', 1.64472545891623, 0.0020000000949949026, 4.435258626937866, '2024-07-29 00:22:12')
pval: [0.002] -- 78th test, time elapsed 4.435258626937866 -- emperical power so far: 0.9230769230769231
db insert success
(79, 40, 0.015, 1, 15000, 'elltwo', 'disclapu', 1.1029409649102615, 0.006000000052154064, 4.426060676574707, '2024-07-29 00:22:31')
pval: [0.006] -- 79th test, time elapsed 4.426060676574707 -- emperical power so far: 0.9240506329113924
db insert success
(80, 40, 0.015, 1, 15000, 'elltwo', 'disclapu', 1.49662804601006, 0.0010000000474974513, 89.49284672737122, '2024-07-29 00:22:45')
pval: [0.001] -- 80th test, time elapsed 89.49284672737122 -- emperical power so far: 0.925
db insert success
(81, 40, 0.015, 1, 15000, 'elltwo', 'disclapu', 2.593791602401023, 0.0010000000474974513, 14.971159219741821, '2024-07-29 00:24:25')
pval: [0.001] -- 81th test, time elapsed 14.971159219741821 -- emperical power so far: 0.9259259259259259
db insert success
(82, 40, 0.015, 1, 15000, 'elltwo', 'disclapu', 0.6881704729803506, 0.052000001072883606, 4.413114309310913, '2024-07-29 00:24:55')
pval: [0.052] -- 82th test, time elapsed 4.413114309310913 -- emperical power so far: 0.9146341463414634
db insert success
(83, 40, 0.015, 1, 15000, 'elltwo', 'disclapu', 1.3494941470876247, 0.004000000189989805, 5.484715223312378, '2024-07-29 00:25:18')
pval: [0.004] -- 83th test, time elapsed 5.484715223312378 -- emperical power so far: 0.9156626506024096
db insert success
(84, 40, 0.015, 1, 15000, 'elltwo', 'disclapu', 1.1582715980248215, 0.006000000052154064, 4.389565706253052, '2024-07-29 00:25:28')
pval: [0.006] -- 84th test, time elapsed 4.389565706253052 -- emperical power so far: 0.9166666666666666
db insert success
(85, 40, 0.015, 1, 15000, 'elltwo', 'disclapu', 1.0038767121588157, 0.009999999776482582, 4.48676323890686, '2024-07-29 00:25:47')
pval: [0.01] -- 85th test, time elapsed 4.48676323890686 -- emperical power so far: 0.9176470588235294
db insert success
(86, 40, 0.015, 1, 15000, 'elltwo', 'disclapu', 0.7795027071124165, 0.027000000700354576, 4.381872653961182, '2024-07-29 00:26:11')
pval: [0.027] -- 86th test, time elapsed 4.381872653961182 -- emperical power so far: 0.9186046511627907
db insert success
(87, 40, 0.015, 1, 15000, 'elltwo', 'disclapu', 1.1043444454019133, 0.007000000216066837, 4.36402702331543, '2024-07-29 00:26:20')
pval: [0.007] -- 87th test, time elapsed 4.36402702331543 -- emperical power so far: 0.9195402298850575
db insert success
(88, 40, 0.015, 1, 15000, 'elltwo', 'disclapu', 0.6179642240131182, 0.07100000232458115, 4.452280044555664, '2024-07-29 00:26:41')
pval: [0.071] -- 88th test, time elapsed 4.452280044555664 -- emperical power so far: 0.9090909090909091
db insert success
(89, 40, 0.015, 1, 15000, 'elltwo', 'disclapu', 2.766032075016668, 0.0010000000474974513, 4.395993947982788, '2024-07-29 00:26:53')
pval: [0.001] -- 89th test, time elapsed 4.395993947982788 -- emperical power so far: 0.9101123595505618
db insert success
(90, 40, 0.015, 1, 15000, 'elltwo', 'disclapu', 1.9178188873914448, 0.0010000000474974513, 4.403825044631958, '2024-07-29 00:27:11')
pval: [0.001] -- 90th test, time elapsed 4.403825044631958 -- emperical power so far: 0.9111111111111111
db insert success
