8
lapuelltwo, alpha=1, sample size=140000
#########################################
(1, 400, 0.002, 1, 140000, 'elltwo', 'lapu', 1.4474679838438005, 0.15000000596046448, 39.26527762413025, '2024-08-03 08:31:43', 0, 999)
pval: [0.15000001] -- 1th test, time elapsed 39.26527762413025 -- emperical power so far (from test_start): 0.0
db insert success
(2, 400, 0.002, 1, 140000, 'elltwo', 'lapu', -0.25437943564345145, 0.5760000348091125, 36.489482402801514, '2024-08-03 08:32:25', 0, 999)
pval: [0.57600003] -- 2th test, time elapsed 36.489482402801514 -- emperical power so far (from test_start): 0.0
db insert success
(3, 400, 0.002, 1, 140000, 'elltwo', 'lapu', 2.1913227108291524, 0.05000000074505806, 36.45986986160278, '2024-08-03 08:33:04', 0, 999)
pval: [0.05] -- 3th test, time elapsed 36.45986986160278 -- emperical power so far (from test_start): 0.0
db insert success
(4, 400, 0.002, 1, 140000, 'elltwo', 'lapu', 1.1845281722522856, 0.18000000715255737, 36.460479974746704, '2024-08-03 08:33:55', 0, 999)
pval: [0.18000001] -- 4th test, time elapsed 36.460479974746704 -- emperical power so far (from test_start): 0.0
db insert success
(5, 400, 0.002, 1, 140000, 'elltwo', 'lapu', 2.427014744390055, 0.036000002175569534, 36.4817910194397, '2024-08-03 08:34:35', 0, 999)
pval: [0.036] -- 5th test, time elapsed 36.4817910194397 -- emperical power so far (from test_start): 0.2
db insert success
(6, 400, 0.002, 1, 140000, 'elltwo', 'lapu', 3.828864414452095, 0.0020000000949949026, 36.49722361564636, '2024-08-03 08:35:21', 0, 999)
pval: [0.002] -- 6th test, time elapsed 36.49722361564636 -- emperical power so far (from test_start): 0.3333333333333333
db insert success
(7, 400, 0.002, 1, 140000, 'elltwo', 'lapu', 2.4369307152030135, 0.0430000014603138, 36.46670198440552, '2024-08-03 08:36:18', 0, 999)
pval: [0.043] -- 7th test, time elapsed 36.46670198440552 -- emperical power so far (from test_start): 0.42857142857142855
db insert success
(8, 400, 0.002, 1, 140000, 'elltwo', 'lapu', 5.370844836817657, 0.0010000000474974513, 36.45479416847229, '2024-08-03 08:36:56', 0, 999)
pval: [0.001] -- 8th test, time elapsed 36.45479416847229 -- emperical power so far (from test_start): 0.5
db insert success
(9, 400, 0.002, 1, 140000, 'elltwo', 'lapu', 2.0971660734763744, 0.04500000178813934, 36.466790199279785, '2024-08-03 08:37:38', 0, 999)
pval: [0.045] -- 9th test, time elapsed 36.466790199279785 -- emperical power so far (from test_start): 0.5555555555555556
db insert success
(10, 400, 0.002, 1, 140000, 'elltwo', 'lapu', 2.4706196081483194, 0.027000000700354576, 36.49815845489502, '2024-08-03 08:38:28', 0, 999)
pval: [0.027] -- 10th test, time elapsed 36.49815845489502 -- emperical power so far (from test_start): 0.6
db insert success
(11, 400, 0.002, 1, 140000, 'elltwo', 'lapu', 3.9811450440740557, 0.004000000189989805, 36.48056197166443, '2024-08-03 08:39:16', 0, 999)
pval: [0.004] -- 11th test, time elapsed 36.48056197166443 -- emperical power so far (from test_start): 0.6363636363636364
db insert success
(12, 400, 0.002, 1, 140000, 'elltwo', 'lapu', 2.4569373412112783, 0.039000000804662704, 36.522958278656006, '2024-08-03 08:40:02', 0, 999)
pval: [0.039] -- 12th test, time elapsed 36.522958278656006 -- emperical power so far (from test_start): 0.6666666666666666
db insert success
(13, 400, 0.002, 1, 140000, 'elltwo', 'lapu', 5.307681179028857, 0.0010000000474974513, 36.511462688446045, '2024-08-03 08:40:54', 0, 999)
pval: [0.001] -- 13th test, time elapsed 36.511462688446045 -- emperical power so far (from test_start): 0.6923076923076923
db insert success
(14, 400, 0.002, 1, 140000, 'elltwo', 'lapu', 1.9288534713842729, 0.07800000160932541, 36.55553936958313, '2024-08-03 08:41:36', 0, 999)
pval: [0.078] -- 14th test, time elapsed 36.55553936958313 -- emperical power so far (from test_start): 0.6428571428571429
db insert success
(15, 400, 0.002, 1, 140000, 'elltwo', 'lapu', 1.8466785091503641, 0.06599999964237213, 36.482447385787964, '2024-08-03 08:42:24', 0, 999)
pval: [0.066] -- 15th test, time elapsed 36.482447385787964 -- emperical power so far (from test_start): 0.6
db insert success
(16, 400, 0.002, 1, 140000, 'elltwo', 'lapu', 3.1491494058870244, 0.005000000353902578, 36.496644258499146, '2024-08-03 08:43:10', 0, 999)
pval: [0.005] -- 16th test, time elapsed 36.496644258499146 -- emperical power so far (from test_start): 0.625
db insert success
(17, 400, 0.002, 1, 140000, 'elltwo', 'lapu', 1.948295564444262, 0.07000000029802322, 36.44425868988037, '2024-08-03 08:44:05', 0, 999)
pval: [0.07] -- 17th test, time elapsed 36.44425868988037 -- emperical power so far (from test_start): 0.5882352941176471
db insert success
(18, 400, 0.002, 1, 140000, 'elltwo', 'lapu', 4.851136927045505, 0.0010000000474974513, 36.447174072265625, '2024-08-03 08:44:51', 0, 999)
pval: [0.001] -- 18th test, time elapsed 36.447174072265625 -- emperical power so far (from test_start): 0.6111111111111112
db insert success
(19, 400, 0.002, 1, 140000, 'elltwo', 'lapu', 0.6382033408370331, 0.328000009059906, 36.44483804702759, '2024-08-03 08:45:46', 0, 999)
pval: [0.32800001] -- 19th test, time elapsed 36.44483804702759 -- emperical power so far (from test_start): 0.5789473684210527
db insert success
(20, 400, 0.002, 1, 140000, 'elltwo', 'lapu', 0.8926916438524994, 0.23200000822544098, 36.43190336227417, '2024-08-03 08:46:39', 0, 999)
pval: [0.23200001] -- 20th test, time elapsed 36.43190336227417 -- emperical power so far (from test_start): 0.55
db insert success
(21, 400, 0.002, 1, 140000, 'elltwo', 'lapu', 3.43804253282931, 0.00800000037997961, 36.423661947250366, '2024-08-03 08:47:22', 0, 999)
pval: [0.008] -- 21th test, time elapsed 36.423661947250366 -- emperical power so far (from test_start): 0.5714285714285714
db insert success
(22, 400, 0.002, 1, 140000, 'elltwo', 'lapu', 2.3019084401259686, 0.036000002175569534, 36.437095403671265, '2024-08-03 08:48:08', 0, 999)
pval: [0.036] -- 22th test, time elapsed 36.437095403671265 -- emperical power so far (from test_start): 0.5909090909090909
db insert success
(23, 400, 0.002, 1, 140000, 'elltwo', 'lapu', 4.255263769616338, 0.003000000026077032, 36.4243369102478, '2024-08-03 08:48:54', 0, 999)
pval: [0.003] -- 23th test, time elapsed 36.4243369102478 -- emperical power so far (from test_start): 0.6086956521739131
db insert success
(24, 400, 0.002, 1, 140000, 'elltwo', 'lapu', 2.615465773614854, 0.01900000125169754, 36.442018270492554, '2024-08-03 08:49:44', 0, 999)
pval: [0.019] -- 24th test, time elapsed 36.442018270492554 -- emperical power so far (from test_start): 0.625
db insert success
(25, 400, 0.002, 1, 140000, 'elltwo', 'lapu', 3.315511049093465, 0.0020000000949949026, 36.416263818740845, '2024-08-03 08:50:25', 0, 999)
pval: [0.002] -- 25th test, time elapsed 36.416263818740845 -- emperical power so far (from test_start): 0.64
db insert success
(26, 400, 0.002, 1, 140000, 'elltwo', 'lapu', 2.546794784558391, 0.03100000135600567, 36.44990086555481, '2024-08-03 08:51:16', 0, 999)
pval: [0.031] -- 26th test, time elapsed 36.44990086555481 -- emperical power so far (from test_start): 0.6538461538461539
db insert success
(27, 400, 0.002, 1, 140000, 'elltwo', 'lapu', 3.0294509375133516, 0.01600000075995922, 36.437289237976074, '2024-08-03 08:51:57', 0, 999)
pval: [0.016] -- 27th test, time elapsed 36.437289237976074 -- emperical power so far (from test_start): 0.6666666666666666
db insert success
(28, 400, 0.002, 1, 140000, 'elltwo', 'lapu', 3.286494440881988, 0.006000000052154064, 36.46766924858093, '2024-08-03 08:52:54', 0, 999)
pval: [0.006] -- 28th test, time elapsed 36.46766924858093 -- emperical power so far (from test_start): 0.6785714285714286
db insert success
(29, 400, 0.002, 1, 140000, 'elltwo', 'lapu', 1.8287561555767475, 0.0820000022649765, 36.44401431083679, '2024-08-03 08:53:46', 0, 999)
pval: [0.082] -- 29th test, time elapsed 36.44401431083679 -- emperical power so far (from test_start): 0.6551724137931034
db insert success
(30, 400, 0.002, 1, 140000, 'elltwo', 'lapu', 2.1914073186674723, 0.04800000041723251, 36.44596004486084, '2024-08-03 08:54:39', 0, 999)
pval: [0.048] -- 30th test, time elapsed 36.44596004486084 -- emperical power so far (from test_start): 0.6666666666666666
db insert success
(31, 400, 0.002, 1, 140000, 'elltwo', 'lapu', 0.1358191015246688, 0.45100003480911255, 36.46664023399353, '2024-08-03 08:55:34', 0, 999)
pval: [0.45100003] -- 31th test, time elapsed 36.46664023399353 -- emperical power so far (from test_start): 0.6451612903225806
db insert success
(32, 400, 0.002, 1, 140000, 'elltwo', 'lapu', 0.8686295806938227, 0.2639999985694885, 36.44209551811218, '2024-08-03 08:56:16', 0, 999)
pval: [0.264] -- 32th test, time elapsed 36.44209551811218 -- emperical power so far (from test_start): 0.625
db insert success
(33, 400, 0.002, 1, 140000, 'elltwo', 'lapu', 3.6373385448916635, 0.004000000189989805, 36.43851137161255, '2024-08-03 08:57:04', 0, 999)
pval: [0.004] -- 33th test, time elapsed 36.43851137161255 -- emperical power so far (from test_start): 0.6363636363636364
db insert success
(34, 400, 0.002, 1, 140000, 'elltwo', 'lapu', 1.1483610530022497, 0.16100001335144043, 36.4271674156189, '2024-08-03 08:57:54', 0, 999)
pval: [0.16100001] -- 34th test, time elapsed 36.4271674156189 -- emperical power so far (from test_start): 0.6176470588235294
db insert success
(35, 400, 0.002, 1, 140000, 'elltwo', 'lapu', -0.33802058950889746, 0.6040000319480896, 36.4416286945343, '2024-08-03 08:58:48', 0, 999)
pval: [0.60400003] -- 35th test, time elapsed 36.4416286945343 -- emperical power so far (from test_start): 0.6
db insert success
(36, 400, 0.002, 1, 140000, 'elltwo', 'lapu', 3.633671035223002, 0.005000000353902578, 36.400768518447876, '2024-08-03 08:59:32', 0, 999)
pval: [0.005] -- 36th test, time elapsed 36.400768518447876 -- emperical power so far (from test_start): 0.6111111111111112
db insert success
(37, 400, 0.002, 1, 140000, 'elltwo', 'lapu', 5.1783908809710715, 0.0010000000474974513, 36.38065195083618, '2024-08-03 09:00:16', 0, 999)
pval: [0.001] -- 37th test, time elapsed 36.38065195083618 -- emperical power so far (from test_start): 0.6216216216216216
db insert success
(38, 400, 0.002, 1, 140000, 'elltwo', 'lapu', 3.514429753195213, 0.004000000189989805, 36.400395154953, '2024-08-03 09:01:10', 0, 999)
pval: [0.004] -- 38th test, time elapsed 36.400395154953 -- emperical power so far (from test_start): 0.631578947368421
db insert success
(39, 400, 0.002, 1, 140000, 'elltwo', 'lapu', 4.166099714557001, 0.0020000000949949026, 36.449627161026, '2024-08-03 09:01:51', 0, 999)
pval: [0.002] -- 39th test, time elapsed 36.449627161026 -- emperical power so far (from test_start): 0.6410256410256411
db insert success
(40, 400, 0.002, 1, 140000, 'elltwo', 'lapu', 4.5136081988752315, 0.0020000000949949026, 36.32629370689392, '2024-08-03 09:02:33', 0, 999)
pval: [0.002] -- 40th test, time elapsed 36.32629370689392 -- emperical power so far (from test_start): 0.65
db insert success
(41, 400, 0.002, 1, 140000, 'elltwo', 'lapu', 1.4097252718262445, 0.14800000190734863, 36.278684854507446, '2024-08-03 09:03:24', 0, 999)
pval: [0.148] -- 41th test, time elapsed 36.278684854507446 -- emperical power so far (from test_start): 0.6341463414634146
db insert success
(42, 400, 0.002, 1, 140000, 'elltwo', 'lapu', 0.7585400819127139, 0.281000018119812, 36.243223905563354, '2024-08-03 09:04:03', 0, 999)
pval: [0.28100002] -- 42th test, time elapsed 36.243223905563354 -- emperical power so far (from test_start): 0.6190476190476191
db insert success
(43, 400, 0.002, 1, 140000, 'elltwo', 'lapu', 4.928566902649652, 0.0010000000474974513, 36.280975341796875, '2024-08-03 09:04:44', 0, 999)
pval: [0.001] -- 43th test, time elapsed 36.280975341796875 -- emperical power so far (from test_start): 0.627906976744186
db insert success
(44, 400, 0.002, 1, 140000, 'elltwo', 'lapu', 5.6137704153725885, 0.0010000000474974513, 36.25681209564209, '2024-08-03 09:05:25', 0, 999)
pval: [0.001] -- 44th test, time elapsed 36.25681209564209 -- emperical power so far (from test_start): 0.6363636363636364
db insert success
(45, 400, 0.002, 1, 140000, 'elltwo', 'lapu', 2.1634355406893273, 0.055000003427267075, 36.31919860839844, '2024-08-03 09:06:15', 0, 999)
pval: [0.055] -- 45th test, time elapsed 36.31919860839844 -- emperical power so far (from test_start): 0.6222222222222222
db insert success
(46, 400, 0.002, 1, 140000, 'elltwo', 'lapu', 3.073575728386543, 0.018000001087784767, 36.31779479980469, '2024-08-03 09:06:59', 0, 999)
pval: [0.018] -- 46th test, time elapsed 36.31779479980469 -- emperical power so far (from test_start): 0.6304347826086957
db insert success
(47, 400, 0.002, 1, 140000, 'elltwo', 'lapu', 3.530315357013959, 0.006000000052154064, 36.31692314147949, '2024-08-03 09:07:37', 0, 999)
pval: [0.006] -- 47th test, time elapsed 36.31692314147949 -- emperical power so far (from test_start): 0.6382978723404256
db insert success
(48, 400, 0.002, 1, 140000, 'elltwo', 'lapu', 4.9712802055064005, 0.0020000000949949026, 36.32952117919922, '2024-08-03 09:08:25', 0, 999)
pval: [0.002] -- 48th test, time elapsed 36.32952117919922 -- emperical power so far (from test_start): 0.6458333333333334
db insert success
(49, 400, 0.002, 1, 140000, 'elltwo', 'lapu', 3.9619656964468932, 0.0020000000949949026, 36.28811597824097, '2024-08-03 09:09:03', 0, 999)
pval: [0.002] -- 49th test, time elapsed 36.28811597824097 -- emperical power so far (from test_start): 0.6530612244897959
db insert success
(50, 400, 0.002, 1, 140000, 'elltwo', 'lapu', 3.1699647528298285, 0.014000000432133675, 36.30979347229004, '2024-08-03 09:09:44', 0, 999)
pval: [0.014] -- 50th test, time elapsed 36.30979347229004 -- emperical power so far (from test_start): 0.66
db insert success
(51, 400, 0.002, 1, 140000, 'elltwo', 'lapu', 4.609600071540634, 0.0010000000474974513, 36.25016474723816, '2024-08-03 09:10:29', 0, 999)
pval: [0.001] -- 51th test, time elapsed 36.25016474723816 -- emperical power so far (from test_start): 0.6666666666666666
db insert success
(52, 400, 0.002, 1, 140000, 'elltwo', 'lapu', 2.499659745044328, 0.03200000151991844, 36.22764015197754, '2024-08-03 09:11:22', 0, 999)
pval: [0.032] -- 52th test, time elapsed 36.22764015197754 -- emperical power so far (from test_start): 0.6730769230769231
db insert success
(53, 400, 0.002, 1, 140000, 'elltwo', 'lapu', 3.8665333595896465, 0.0010000000474974513, 36.25587463378906, '2024-08-03 09:12:00', 0, 999)
pval: [0.001] -- 53th test, time elapsed 36.25587463378906 -- emperical power so far (from test_start): 0.6792452830188679
db insert success
(54, 400, 0.002, 1, 140000, 'elltwo', 'lapu', 3.298709473356683, 0.009000000543892384, 36.220420837402344, '2024-08-03 09:12:45', 0, 999)
pval: [0.009] -- 54th test, time elapsed 36.220420837402344 -- emperical power so far (from test_start): 0.6851851851851852
db insert success
(55, 400, 0.002, 1, 140000, 'elltwo', 'lapu', 2.3371016072627677, 0.052000001072883606, 36.239110469818115, '2024-08-03 09:13:23', 0, 999)
pval: [0.052] -- 55th test, time elapsed 36.239110469818115 -- emperical power so far (from test_start): 0.6727272727272727
db insert success
(56, 400, 0.002, 1, 140000, 'elltwo', 'lapu', 1.861610467905038, 0.07700000703334808, 36.2287335395813, '2024-08-03 09:14:11', 0, 999)
pval: [0.07700001] -- 56th test, time elapsed 36.2287335395813 -- emperical power so far (from test_start): 0.6607142857142857
db insert success
(57, 400, 0.002, 1, 140000, 'elltwo', 'lapu', 0.9538360255563687, 0.23200000822544098, 36.24459791183472, '2024-08-03 09:14:53', 0, 999)
pval: [0.23200001] -- 57th test, time elapsed 36.24459791183472 -- emperical power so far (from test_start): 0.6491228070175439
db insert success
(58, 400, 0.002, 1, 140000, 'elltwo', 'lapu', 4.6625926047522075, 0.0010000000474974513, 36.26259136199951, '2024-08-03 09:15:33', 0, 999)
pval: [0.001] -- 58th test, time elapsed 36.26259136199951 -- emperical power so far (from test_start): 0.6551724137931034
db insert success
(59, 400, 0.002, 1, 140000, 'elltwo', 'lapu', 2.6389450506226804, 0.017000000923871994, 36.26500964164734, '2024-08-03 09:16:27', 0, 999)
pval: [0.017] -- 59th test, time elapsed 36.26500964164734 -- emperical power so far (from test_start): 0.6610169491525424
db insert success
(60, 400, 0.002, 1, 140000, 'elltwo', 'lapu', 1.0660572651510916, 0.19100001454353333, 36.249659061431885, '2024-08-03 09:17:11', 0, 999)
pval: [0.19100001] -- 60th test, time elapsed 36.249659061431885 -- emperical power so far (from test_start): 0.65
db insert success
(61, 400, 0.002, 1, 140000, 'elltwo', 'lapu', 5.232849847740171, 0.0010000000474974513, 36.256651878356934, '2024-08-03 09:17:59', 0, 999)
pval: [0.001] -- 61th test, time elapsed 36.256651878356934 -- emperical power so far (from test_start): 0.6557377049180327
db insert success
(62, 400, 0.002, 1, 140000, 'elltwo', 'lapu', 3.024657211468197, 0.012000000104308128, 36.264838218688965, '2024-08-03 09:18:55', 0, 999)
pval: [0.012] -- 62th test, time elapsed 36.264838218688965 -- emperical power so far (from test_start): 0.6612903225806451
db insert success
(63, 400, 0.002, 1, 140000, 'elltwo', 'lapu', 0.919207742569589, 0.2290000170469284, 36.23765230178833, '2024-08-03 09:19:36', 0, 999)
pval: [0.22900002] -- 63th test, time elapsed 36.23765230178833 -- emperical power so far (from test_start): 0.6507936507936508
db insert success
(64, 400, 0.002, 1, 140000, 'elltwo', 'lapu', 0.15033180278152636, 0.46000000834465027, 36.24659848213196, '2024-08-03 09:20:20', 0, 999)
pval: [0.46000001] -- 64th test, time elapsed 36.24659848213196 -- emperical power so far (from test_start): 0.640625
db insert success
(65, 400, 0.002, 1, 140000, 'elltwo', 'lapu', 3.8973020812430423, 0.003000000026077032, 36.267462491989136, '2024-08-03 09:21:12', 0, 999)
pval: [0.003] -- 65th test, time elapsed 36.267462491989136 -- emperical power so far (from test_start): 0.6461538461538462
db insert success
(66, 400, 0.002, 1, 140000, 'elltwo', 'lapu', 2.0076663316997485, 0.06200000271201134, 36.24307656288147, '2024-08-03 09:22:03', 0, 999)
pval: [0.062] -- 66th test, time elapsed 36.24307656288147 -- emperical power so far (from test_start): 0.6363636363636364
db insert success
(67, 400, 0.002, 1, 140000, 'elltwo', 'lapu', 2.1272883214799214, 0.05100000277161598, 36.23274898529053, '2024-08-03 09:22:45', 0, 999)
pval: [0.051] -- 67th test, time elapsed 36.23274898529053 -- emperical power so far (from test_start): 0.6268656716417911
db insert success
(68, 400, 0.002, 1, 140000, 'elltwo', 'lapu', 0.35350879181820183, 0.38700002431869507, 36.26473355293274, '2024-08-03 09:23:25', 0, 999)
pval: [0.38700002] -- 68th test, time elapsed 36.26473355293274 -- emperical power so far (from test_start): 0.6176470588235294
db insert success
(69, 400, 0.002, 1, 140000, 'elltwo', 'lapu', 2.9502604677176616, 0.012000000104308128, 36.269856452941895, '2024-08-03 09:24:10', 0, 999)
pval: [0.012] -- 69th test, time elapsed 36.269856452941895 -- emperical power so far (from test_start): 0.6231884057971014
db insert success
(70, 400, 0.002, 1, 140000, 'elltwo', 'lapu', 1.496924519648028, 0.1210000067949295, 36.245851278305054, '2024-08-03 09:24:52', 0, 999)
pval: [0.12100001] -- 70th test, time elapsed 36.245851278305054 -- emperical power so far (from test_start): 0.6142857142857143
db insert success
(71, 400, 0.002, 1, 140000, 'elltwo', 'lapu', 3.2763946602745664, 0.005000000353902578, 36.24239134788513, '2024-08-03 09:25:42', 0, 999)
pval: [0.005] -- 71th test, time elapsed 36.24239134788513 -- emperical power so far (from test_start): 0.6197183098591549
db insert success
(72, 400, 0.002, 1, 140000, 'elltwo', 'lapu', 4.4059090326335895, 0.0010000000474974513, 36.29434585571289, '2024-08-03 09:26:21', 0, 999)
pval: [0.001] -- 72th test, time elapsed 36.29434585571289 -- emperical power so far (from test_start): 0.625
db insert success
(73, 400, 0.002, 1, 140000, 'elltwo', 'lapu', 2.9678902479855815, 0.014000000432133675, 36.238147258758545, '2024-08-03 09:27:07', 0, 999)
pval: [0.014] -- 73th test, time elapsed 36.238147258758545 -- emperical power so far (from test_start): 0.6301369863013698
db insert success
(74, 400, 0.002, 1, 140000, 'elltwo', 'lapu', 3.9766312994345756, 0.006000000052154064, 36.25526738166809, '2024-08-03 09:28:02', 0, 999)
pval: [0.006] -- 74th test, time elapsed 36.25526738166809 -- emperical power so far (from test_start): 0.6351351351351351
db insert success
(75, 400, 0.002, 1, 140000, 'elltwo', 'lapu', 3.6407920400022222, 0.00800000037997961, 36.27008414268494, '2024-08-03 09:28:57', 0, 999)
pval: [0.008] -- 75th test, time elapsed 36.27008414268494 -- emperical power so far (from test_start): 0.64
db insert success
(76, 400, 0.002, 1, 140000, 'elltwo', 'lapu', 3.1393294181345945, 0.018000001087784767, 36.25380563735962, '2024-08-03 09:29:44', 0, 999)
pval: [0.018] -- 76th test, time elapsed 36.25380563735962 -- emperical power so far (from test_start): 0.6447368421052632
db insert success
(77, 400, 0.002, 1, 140000, 'elltwo', 'lapu', 3.8744369209248197, 0.004000000189989805, 36.2466995716095, '2024-08-03 09:30:21', 0, 999)
pval: [0.004] -- 77th test, time elapsed 36.2466995716095 -- emperical power so far (from test_start): 0.6493506493506493
db insert success
(78, 400, 0.002, 1, 140000, 'elltwo', 'lapu', 1.2715064771301439, 0.18300001323223114, 36.249141454696655, '2024-08-03 09:31:05', 0, 999)
pval: [0.18300001] -- 78th test, time elapsed 36.249141454696655 -- emperical power so far (from test_start): 0.6410256410256411
db insert success
(79, 400, 0.002, 1, 140000, 'elltwo', 'lapu', 5.031909188689829, 0.0010000000474974513, 36.26540923118591, '2024-08-03 09:31:54', 0, 999)
pval: [0.001] -- 79th test, time elapsed 36.26540923118591 -- emperical power so far (from test_start): 0.6455696202531646
db insert success
(80, 400, 0.002, 1, 140000, 'elltwo', 'lapu', 5.284531338639662, 0.0010000000474974513, 36.267369508743286, '2024-08-03 09:32:50', 0, 999)
pval: [0.001] -- 80th test, time elapsed 36.267369508743286 -- emperical power so far (from test_start): 0.65
db insert success
(81, 400, 0.002, 1, 140000, 'elltwo', 'lapu', 3.058162195040113, 0.007000000216066837, 36.26074981689453, '2024-08-03 09:33:36', 0, 999)
pval: [0.007] -- 81th test, time elapsed 36.26074981689453 -- emperical power so far (from test_start): 0.654320987654321
db insert success
(82, 400, 0.002, 1, 140000, 'elltwo', 'lapu', 2.9256149509253344, 0.01900000125169754, 36.2490451335907, '2024-08-03 09:34:25', 0, 999)
pval: [0.019] -- 82th test, time elapsed 36.2490451335907 -- emperical power so far (from test_start): 0.6585365853658537
db insert success
(83, 400, 0.002, 1, 140000, 'elltwo', 'lapu', 1.6728392328694812, 0.10600000619888306, 36.242130756378174, '2024-08-03 09:35:09', 0, 999)
pval: [0.10600001] -- 83th test, time elapsed 36.242130756378174 -- emperical power so far (from test_start): 0.6506024096385542
db insert success
(84, 400, 0.002, 1, 140000, 'elltwo', 'lapu', 1.396791198681204, 0.1469999998807907, 36.23996925354004, '2024-08-03 09:35:59', 0, 999)
pval: [0.147] -- 84th test, time elapsed 36.23996925354004 -- emperical power so far (from test_start): 0.6428571428571429
db insert success
(85, 400, 0.002, 1, 140000, 'elltwo', 'lapu', 3.0774599215701706, 0.01100000087171793, 36.25969576835632, '2024-08-03 09:36:38', 0, 999)
pval: [0.011] -- 85th test, time elapsed 36.25969576835632 -- emperical power so far (from test_start): 0.6470588235294118
db insert success
(86, 400, 0.002, 1, 140000, 'elltwo', 'lapu', 1.1008821754290767, 0.20600001513957977, 36.2401704788208, '2024-08-03 09:37:23', 0, 999)
pval: [0.20600002] -- 86th test, time elapsed 36.2401704788208 -- emperical power so far (from test_start): 0.6395348837209303
db insert success
(87, 400, 0.002, 1, 140000, 'elltwo', 'lapu', 3.6411538663187124, 0.0020000000949949026, 36.22843813896179, '2024-08-03 09:38:18', 0, 999)
pval: [0.002] -- 87th test, time elapsed 36.22843813896179 -- emperical power so far (from test_start): 0.6436781609195402
db insert success
(88, 400, 0.002, 1, 140000, 'elltwo', 'lapu', 2.4326237256504015, 0.039000000804662704, 36.26284384727478, '2024-08-03 09:39:12', 0, 999)
pval: [0.039] -- 88th test, time elapsed 36.26284384727478 -- emperical power so far (from test_start): 0.6477272727272727
db insert success
(89, 400, 0.002, 1, 140000, 'elltwo', 'lapu', 2.6502777065767265, 0.023000001907348633, 36.273762941360474, '2024-08-03 09:39:52', 0, 999)
pval: [0.023] -- 89th test, time elapsed 36.273762941360474 -- emperical power so far (from test_start): 0.651685393258427
db insert success
(90, 400, 0.002, 1, 140000, 'elltwo', 'lapu', 1.511070787760923, 0.13500000536441803, 36.25502896308899, '2024-08-03 09:40:38', 0, 999)
pval: [0.13500001] -- 90th test, time elapsed 36.25502896308899 -- emperical power so far (from test_start): 0.6444444444444445
db insert success
(91, 400, 0.002, 1, 140000, 'elltwo', 'lapu', 4.203404431265956, 0.0010000000474974513, 36.25635313987732, '2024-08-03 09:41:18', 0, 999)
pval: [0.001] -- 91th test, time elapsed 36.25635313987732 -- emperical power so far (from test_start): 0.6483516483516484
db insert success
(92, 400, 0.002, 1, 140000, 'elltwo', 'lapu', 2.064747625762102, 0.058000002056360245, 36.20877504348755, '2024-08-03 09:42:11', 0, 999)
pval: [0.058] -- 92th test, time elapsed 36.20877504348755 -- emperical power so far (from test_start): 0.6413043478260869
db insert success
(93, 400, 0.002, 1, 140000, 'elltwo', 'lapu', 2.66009740464209, 0.027000000700354576, 36.234994649887085, '2024-08-03 09:42:54', 0, 999)
pval: [0.027] -- 93th test, time elapsed 36.234994649887085 -- emperical power so far (from test_start): 0.6451612903225806
db insert success
(94, 400, 0.002, 1, 140000, 'elltwo', 'lapu', 0.47926693255716035, 0.3490000069141388, 36.184186697006226, '2024-08-03 09:43:40', 0, 999)
pval: [0.34900001] -- 94th test, time elapsed 36.184186697006226 -- emperical power so far (from test_start): 0.6382978723404256
db insert success
(95, 400, 0.002, 1, 140000, 'elltwo', 'lapu', 0.6433264863478052, 0.3060000240802765, 36.191102027893066, '2024-08-03 09:44:17', 0, 999)
pval: [0.30600002] -- 95th test, time elapsed 36.191102027893066 -- emperical power so far (from test_start): 0.631578947368421
db insert success
(96, 400, 0.002, 1, 140000, 'elltwo', 'lapu', 3.5831531645666415, 0.0020000000949949026, 36.27502131462097, '2024-08-03 09:45:07', 0, 999)
pval: [0.002] -- 96th test, time elapsed 36.27502131462097 -- emperical power so far (from test_start): 0.6354166666666666
db insert success
(97, 400, 0.002, 1, 140000, 'elltwo', 'lapu', 2.773399135621768, 0.01900000125169754, 36.23915410041809, '2024-08-03 09:45:51', 0, 999)
pval: [0.019] -- 97th test, time elapsed 36.23915410041809 -- emperical power so far (from test_start): 0.6391752577319587
db insert success
(98, 400, 0.002, 1, 140000, 'elltwo', 'lapu', 0.8993393394716838, 0.25699999928474426, 36.22948384284973, '2024-08-03 09:46:47', 0, 999)
pval: [0.257] -- 98th test, time elapsed 36.22948384284973 -- emperical power so far (from test_start): 0.6326530612244898
db insert success
(99, 400, 0.002, 1, 140000, 'elltwo', 'lapu', 2.53143643498461, 0.03500000014901161, 36.2623553276062, '2024-08-03 09:47:27', 0, 999)
pval: [0.035] -- 99th test, time elapsed 36.2623553276062 -- emperical power so far (from test_start): 0.6363636363636364
db insert success
(100, 400, 0.002, 1, 140000, 'elltwo', 'lapu', 3.9866627793283675, 0.004000000189989805, 36.237865686416626, '2024-08-03 09:48:05', 0, 999)
pval: [0.004] -- 100th test, time elapsed 36.237865686416626 -- emperical power so far (from test_start): 0.64
db insert success
(101, 400, 0.002, 1, 140000, 'elltwo', 'lapu', 1.1477351333125998, 0.18000000715255737, 36.25169491767883, '2024-08-03 09:48:54', 0, 999)
pval: [0.18000001] -- 101th test, time elapsed 36.25169491767883 -- emperical power so far (from test_start): 0.6336633663366337
db insert success
(102, 400, 0.002, 1, 140000, 'elltwo', 'lapu', 1.6496755187082592, 0.09400000423192978, 36.23750877380371, '2024-08-03 09:49:46', 0, 999)
pval: [0.094] -- 102th test, time elapsed 36.23750877380371 -- emperical power so far (from test_start): 0.6274509803921569
db insert success
(103, 400, 0.002, 1, 140000, 'elltwo', 'lapu', 1.924006091555242, 0.07100000232458115, 36.288819313049316, '2024-08-03 09:50:30', 0, 999)
pval: [0.071] -- 103th test, time elapsed 36.288819313049316 -- emperical power so far (from test_start): 0.6213592233009708
db insert success
(104, 400, 0.002, 1, 140000, 'elltwo', 'lapu', -0.581098316476518, 0.675000011920929, 36.261311292648315, '2024-08-03 09:51:16', 0, 999)
pval: [0.67500001] -- 104th test, time elapsed 36.261311292648315 -- emperical power so far (from test_start): 0.6153846153846154
db insert success
(105, 400, 0.002, 1, 140000, 'elltwo', 'lapu', 4.85821596621853, 0.0010000000474974513, 36.30837965011597, '2024-08-03 09:52:08', 0, 999)
pval: [0.001] -- 105th test, time elapsed 36.30837965011597 -- emperical power so far (from test_start): 0.6190476190476191
db insert success
(106, 400, 0.002, 1, 140000, 'elltwo', 'lapu', 1.7496272051448296, 0.08800000697374344, 36.25943326950073, '2024-08-03 09:53:00', 0, 999)
pval: [0.08800001] -- 106th test, time elapsed 36.25943326950073 -- emperical power so far (from test_start): 0.6132075471698113
db insert success
(107, 400, 0.002, 1, 140000, 'elltwo', 'lapu', 4.874505056597837, 0.0010000000474974513, 36.26233983039856, '2024-08-03 09:53:55', 0, 999)
pval: [0.001] -- 107th test, time elapsed 36.26233983039856 -- emperical power so far (from test_start): 0.616822429906542
db insert success
(108, 400, 0.002, 1, 140000, 'elltwo', 'lapu', 1.5554519896177448, 0.11700000613927841, 36.22513484954834, '2024-08-03 09:54:44', 0, 999)
pval: [0.11700001] -- 108th test, time elapsed 36.22513484954834 -- emperical power so far (from test_start): 0.6111111111111112
db insert success
(109, 400, 0.002, 1, 140000, 'elltwo', 'lapu', 1.0850111121030075, 0.20200000703334808, 36.19842076301575, '2024-08-03 09:55:27', 0, 999)
pval: [0.20200001] -- 109th test, time elapsed 36.19842076301575 -- emperical power so far (from test_start): 0.6055045871559633
db insert success
(110, 400, 0.002, 1, 140000, 'elltwo', 'lapu', 3.978369598403379, 0.005000000353902578, 36.282386302948, '2024-08-03 09:56:04', 0, 999)
pval: [0.005] -- 110th test, time elapsed 36.282386302948 -- emperical power so far (from test_start): 0.6090909090909091
db insert success
(111, 400, 0.002, 1, 140000, 'elltwo', 'lapu', 4.043010473799033, 0.0020000000949949026, 36.2447874546051, '2024-08-03 09:56:45', 0, 999)
pval: [0.002] -- 111th test, time elapsed 36.2447874546051 -- emperical power so far (from test_start): 0.6126126126126126
db insert success
(112, 400, 0.002, 1, 140000, 'elltwo', 'lapu', 4.269157795533184, 0.0020000000949949026, 36.19847345352173, '2024-08-03 09:57:38', 0, 999)
pval: [0.002] -- 112th test, time elapsed 36.19847345352173 -- emperical power so far (from test_start): 0.6160714285714286
db insert success
(113, 400, 0.002, 1, 140000, 'elltwo', 'lapu', 2.1448839461374165, 0.06000000238418579, 36.20960783958435, '2024-08-03 09:58:28', 0, 999)
pval: [0.06] -- 113th test, time elapsed 36.20960783958435 -- emperical power so far (from test_start): 0.6106194690265486
db insert success
(114, 400, 0.002, 1, 140000, 'elltwo', 'lapu', 0.645932714423496, 0.31200000643730164, 36.24023365974426, '2024-08-03 09:59:16', 0, 999)
pval: [0.31200001] -- 114th test, time elapsed 36.24023365974426 -- emperical power so far (from test_start): 0.6052631578947368
db insert success
(115, 400, 0.002, 1, 140000, 'elltwo', 'lapu', 3.1366002871246765, 0.005000000353902578, 36.25367045402527, '2024-08-03 10:00:09', 0, 999)
pval: [0.005] -- 115th test, time elapsed 36.25367045402527 -- emperical power so far (from test_start): 0.6086956521739131
db insert success
(116, 400, 0.002, 1, 140000, 'elltwo', 'lapu', 1.410125809478314, 0.14400000870227814, 36.2698233127594, '2024-08-03 10:00:50', 0, 999)
pval: [0.14400001] -- 116th test, time elapsed 36.2698233127594 -- emperical power so far (from test_start): 0.603448275862069
db insert success
(117, 400, 0.002, 1, 140000, 'elltwo', 'lapu', 4.5568036037176, 0.0010000000474974513, 36.26633596420288, '2024-08-03 10:01:39', 0, 999)
pval: [0.001] -- 117th test, time elapsed 36.26633596420288 -- emperical power so far (from test_start): 0.6068376068376068
db insert success
(118, 400, 0.002, 1, 140000, 'elltwo', 'lapu', 3.868667809318997, 0.003000000026077032, 36.25094270706177, '2024-08-03 10:02:30', 0, 999)
pval: [0.003] -- 118th test, time elapsed 36.25094270706177 -- emperical power so far (from test_start): 0.6101694915254238
db insert success
(119, 400, 0.002, 1, 140000, 'elltwo', 'lapu', 1.2806919024583658, 0.16500000655651093, 36.25148057937622, '2024-08-03 10:03:18', 0, 999)
pval: [0.16500001] -- 119th test, time elapsed 36.25148057937622 -- emperical power so far (from test_start): 0.6050420168067226
db insert success
(120, 400, 0.002, 1, 140000, 'elltwo', 'lapu', 3.285712482341677, 0.006000000052154064, 36.25664663314819, '2024-08-03 10:04:11', 0, 999)
pval: [0.006] -- 120th test, time elapsed 36.25664663314819 -- emperical power so far (from test_start): 0.6083333333333333
db insert success
(121, 400, 0.002, 1, 140000, 'elltwo', 'lapu', 6.07179165127761, 0.0010000000474974513, 36.258227825164795, '2024-08-03 10:04:49', 0, 999)
pval: [0.001] -- 121th test, time elapsed 36.258227825164795 -- emperical power so far (from test_start): 0.6115702479338843
db insert success
(122, 400, 0.002, 1, 140000, 'elltwo', 'lapu', 4.073641593193152, 0.0010000000474974513, 36.274924993515015, '2024-08-03 10:05:38', 0, 999)
pval: [0.001] -- 122th test, time elapsed 36.274924993515015 -- emperical power so far (from test_start): 0.6147540983606558
db insert success
(123, 400, 0.002, 1, 140000, 'elltwo', 'lapu', 4.855557633073493, 0.0010000000474974513, 36.283860206604004, '2024-08-03 10:06:30', 0, 999)
pval: [0.001] -- 123th test, time elapsed 36.283860206604004 -- emperical power so far (from test_start): 0.6178861788617886
db insert success
(124, 400, 0.002, 1, 140000, 'elltwo', 'lapu', 0.795577118051233, 0.27400001883506775, 36.25702929496765, '2024-08-03 10:07:16', 0, 999)
pval: [0.27400002] -- 124th test, time elapsed 36.25702929496765 -- emperical power so far (from test_start): 0.6129032258064516
db insert success
(125, 400, 0.002, 1, 140000, 'elltwo', 'lapu', 1.7546395839140239, 0.10000000149011612, 36.254664182662964, '2024-08-03 10:08:02', 0, 999)
pval: [0.1] -- 125th test, time elapsed 36.254664182662964 -- emperical power so far (from test_start): 0.608
db insert success
(126, 400, 0.002, 1, 140000, 'elltwo', 'lapu', 1.6046020674892922, 0.11800000816583633, 36.261422872543335, '2024-08-03 10:08:53', 0, 999)
pval: [0.11800001] -- 126th test, time elapsed 36.261422872543335 -- emperical power so far (from test_start): 0.6031746031746031
db insert success
(127, 400, 0.002, 1, 140000, 'elltwo', 'lapu', 0.8215312856181329, 0.2639999985694885, 36.244675397872925, '2024-08-03 10:09:35', 0, 999)
pval: [0.264] -- 127th test, time elapsed 36.244675397872925 -- emperical power so far (from test_start): 0.5984251968503937
db insert success
(128, 400, 0.002, 1, 140000, 'elltwo', 'lapu', 2.411158321029571, 0.032999999821186066, 36.265485763549805, '2024-08-03 10:10:24', 0, 999)
pval: [0.033] -- 128th test, time elapsed 36.265485763549805 -- emperical power so far (from test_start): 0.6015625
db insert success
(129, 400, 0.002, 1, 140000, 'elltwo', 'lapu', 2.6844564819161927, 0.023000001907348633, 36.21607494354248, '2024-08-03 10:11:20', 0, 999)
pval: [0.023] -- 129th test, time elapsed 36.21607494354248 -- emperical power so far (from test_start): 0.6046511627906976
db insert success
(130, 400, 0.002, 1, 140000, 'elltwo', 'lapu', 3.468976197371358, 0.005000000353902578, 36.25122261047363, '2024-08-03 10:12:16', 0, 999)
pval: [0.005] -- 130th test, time elapsed 36.25122261047363 -- emperical power so far (from test_start): 0.6076923076923076
db insert success
(131, 400, 0.002, 1, 140000, 'elltwo', 'lapu', 0.9665959520239376, 0.20600001513957977, 36.24635291099548, '2024-08-03 10:13:09', 0, 999)
pval: [0.20600002] -- 131th test, time elapsed 36.24635291099548 -- emperical power so far (from test_start): 0.6030534351145038
db insert success
(132, 400, 0.002, 1, 140000, 'elltwo', 'lapu', 5.126920604088856, 0.0010000000474974513, 36.2500901222229, '2024-08-03 10:13:47', 0, 999)
pval: [0.001] -- 132th test, time elapsed 36.2500901222229 -- emperical power so far (from test_start): 0.6060606060606061
db insert success
(133, 400, 0.002, 1, 140000, 'elltwo', 'lapu', 1.2899192713661698, 0.1469999998807907, 36.26549482345581, '2024-08-03 10:14:32', 0, 999)
pval: [0.147] -- 133th test, time elapsed 36.26549482345581 -- emperical power so far (from test_start): 0.6015037593984962
db insert success
(134, 400, 0.002, 1, 140000, 'elltwo', 'lapu', 4.491850135917542, 0.003000000026077032, 36.28363537788391, '2024-08-03 10:15:27', 0, 999)
pval: [0.003] -- 134th test, time elapsed 36.28363537788391 -- emperical power so far (from test_start): 0.6044776119402985
db insert success
(135, 400, 0.002, 1, 140000, 'elltwo', 'lapu', 2.9904800860563405, 0.014000000432133675, 36.27552843093872, '2024-08-03 10:16:15', 0, 999)
pval: [0.014] -- 135th test, time elapsed 36.27552843093872 -- emperical power so far (from test_start): 0.6074074074074074
db insert success
(136, 400, 0.002, 1, 140000, 'elltwo', 'lapu', 1.3981077807112903, 0.13199999928474426, 36.24481439590454, '2024-08-03 10:17:09', 0, 999)
pval: [0.132] -- 136th test, time elapsed 36.24481439590454 -- emperical power so far (from test_start): 0.6029411764705882
db insert success
(137, 400, 0.002, 1, 140000, 'elltwo', 'lapu', 4.347142436572187, 0.0020000000949949026, 36.280144929885864, '2024-08-03 10:17:57', 0, 999)
pval: [0.002] -- 137th test, time elapsed 36.280144929885864 -- emperical power so far (from test_start): 0.6058394160583942
db insert success
(138, 400, 0.002, 1, 140000, 'elltwo', 'lapu', 0.01682113555907616, 0.47600001096725464, 36.25251579284668, '2024-08-03 10:18:49', 0, 999)
pval: [0.47600001] -- 138th test, time elapsed 36.25251579284668 -- emperical power so far (from test_start): 0.6014492753623188
db insert success
(139, 400, 0.002, 1, 140000, 'elltwo', 'lapu', 2.283974359282692, 0.04500000178813934, 36.25130009651184, '2024-08-03 10:19:35', 0, 999)
pval: [0.045] -- 139th test, time elapsed 36.25130009651184 -- emperical power so far (from test_start): 0.60431654676259
db insert success
(140, 400, 0.002, 1, 140000, 'elltwo', 'lapu', 1.9843665387458334, 0.07100000232458115, 36.26535892486572, '2024-08-03 10:20:12', 0, 999)
pval: [0.071] -- 140th test, time elapsed 36.26535892486572 -- emperical power so far (from test_start): 0.6
db insert success
(141, 400, 0.002, 1, 140000, 'elltwo', 'lapu', 2.3693335652547547, 0.027000000700354576, 36.23323631286621, '2024-08-03 10:20:56', 0, 999)
pval: [0.027] -- 141th test, time elapsed 36.23323631286621 -- emperical power so far (from test_start): 0.6028368794326241
db insert success
(142, 400, 0.002, 1, 140000, 'elltwo', 'lapu', 4.233376092590518, 0.0020000000949949026, 36.25166153907776, '2024-08-03 10:21:52', 0, 999)
pval: [0.002] -- 142th test, time elapsed 36.25166153907776 -- emperical power so far (from test_start): 0.6056338028169014
db insert success
(143, 400, 0.002, 1, 140000, 'elltwo', 'lapu', 3.455697455248958, 0.004000000189989805, 36.250253438949585, '2024-08-03 10:22:34', 0, 999)
pval: [0.004] -- 143th test, time elapsed 36.250253438949585 -- emperical power so far (from test_start): 0.6083916083916084
db insert success
(144, 400, 0.002, 1, 140000, 'elltwo', 'lapu', 1.6747341405271572, 0.0950000062584877, 36.27068591117859, '2024-08-03 10:23:27', 0, 999)
pval: [0.09500001] -- 144th test, time elapsed 36.27068591117859 -- emperical power so far (from test_start): 0.6041666666666666
db insert success
(145, 400, 0.002, 1, 140000, 'elltwo', 'lapu', 1.3024498322685285, 0.15200001001358032, 36.24452257156372, '2024-08-03 10:24:19', 0, 999)
pval: [0.15200001] -- 145th test, time elapsed 36.24452257156372 -- emperical power so far (from test_start): 0.6
db insert success
(146, 400, 0.002, 1, 140000, 'elltwo', 'lapu', 1.6209158137168347, 0.09800000488758087, 36.240901708602905, '2024-08-03 10:25:00', 0, 999)
pval: [0.098] -- 146th test, time elapsed 36.240901708602905 -- emperical power so far (from test_start): 0.5958904109589042
db insert success
(147, 400, 0.002, 1, 140000, 'elltwo', 'lapu', 2.7392343711192715, 0.018000001087784767, 36.26083707809448, '2024-08-03 10:25:37', 0, 999)
pval: [0.018] -- 147th test, time elapsed 36.26083707809448 -- emperical power so far (from test_start): 0.5986394557823129
db insert success
(148, 400, 0.002, 1, 140000, 'elltwo', 'lapu', 0.049344194668740515, 0.4970000088214874, 36.3283588886261, '2024-08-03 10:26:25', 0, 999)
pval: [0.49700001] -- 148th test, time elapsed 36.3283588886261 -- emperical power so far (from test_start): 0.5945945945945946
db insert success
(149, 400, 0.002, 1, 140000, 'elltwo', 'lapu', 6.246719487328049, 0.0010000000474974513, 36.23994708061218, '2024-08-03 10:27:21', 0, 999)
pval: [0.001] -- 149th test, time elapsed 36.23994708061218 -- emperical power so far (from test_start): 0.5973154362416108
db insert success
(150, 400, 0.002, 1, 140000, 'elltwo', 'lapu', 1.7663673040915318, 0.09300000220537186, 36.22941875457764, '2024-08-03 10:28:05', 0, 999)
pval: [0.093] -- 150th test, time elapsed 36.22941875457764 -- emperical power so far (from test_start): 0.5933333333333334
db insert success
(151, 400, 0.002, 1, 140000, 'elltwo', 'lapu', 3.434502800959351, 0.005000000353902578, 36.230055809020996, '2024-08-03 10:28:59', 0, 999)
pval: [0.005] -- 151th test, time elapsed 36.230055809020996 -- emperical power so far (from test_start): 0.5960264900662252
db insert success
(152, 400, 0.002, 1, 140000, 'elltwo', 'lapu', 3.1944736046718263, 0.012000000104308128, 36.28117609024048, '2024-08-03 10:29:51', 0, 999)
pval: [0.012] -- 152th test, time elapsed 36.28117609024048 -- emperical power so far (from test_start): 0.5986842105263158
db insert success
(153, 400, 0.002, 1, 140000, 'elltwo', 'lapu', 0.2504253169534505, 0.4300000071525574, 36.267141580581665, '2024-08-03 10:30:34', 0, 999)
pval: [0.43000001] -- 153th test, time elapsed 36.267141580581665 -- emperical power so far (from test_start): 0.5947712418300654
db insert success
(154, 400, 0.002, 1, 140000, 'elltwo', 'lapu', 1.294340863305983, 0.17100000381469727, 36.26444458961487, '2024-08-03 10:31:31', 0, 999)
pval: [0.171] -- 154th test, time elapsed 36.26444458961487 -- emperical power so far (from test_start): 0.5909090909090909
db insert success
(155, 400, 0.002, 1, 140000, 'elltwo', 'lapu', -0.08058684256690674, 0.5320000052452087, 36.25835919380188, '2024-08-03 10:32:26', 0, 999)
pval: [0.53200001] -- 155th test, time elapsed 36.25835919380188 -- emperical power so far (from test_start): 0.5870967741935483
db insert success
(156, 400, 0.002, 1, 140000, 'elltwo', 'lapu', 2.5430327009906795, 0.030000001192092896, 36.24330425262451, '2024-08-03 10:33:09', 0, 999)
pval: [0.03] -- 156th test, time elapsed 36.24330425262451 -- emperical power so far (from test_start): 0.5897435897435898
db insert success
(157, 400, 0.002, 1, 140000, 'elltwo', 'lapu', 2.5205188557186036, 0.027000000700354576, 36.25594997406006, '2024-08-03 10:33:52', 0, 999)
pval: [0.027] -- 157th test, time elapsed 36.25594997406006 -- emperical power so far (from test_start): 0.5923566878980892
db insert success
(158, 400, 0.002, 1, 140000, 'elltwo', 'lapu', 3.9976154320897033, 0.004000000189989805, 36.27564215660095, '2024-08-03 10:34:48', 0, 999)
pval: [0.004] -- 158th test, time elapsed 36.27564215660095 -- emperical power so far (from test_start): 0.5949367088607594
db insert success
(159, 400, 0.002, 1, 140000, 'elltwo', 'lapu', 3.801612908993659, 0.007000000216066837, 36.230804204940796, '2024-08-03 10:35:26', 0, 999)
pval: [0.007] -- 159th test, time elapsed 36.230804204940796 -- emperical power so far (from test_start): 0.5974842767295597
db insert success
(160, 400, 0.002, 1, 140000, 'elltwo', 'lapu', 4.206106213364559, 0.0010000000474974513, 36.229026079177856, '2024-08-03 10:36:14', 0, 999)
pval: [0.001] -- 160th test, time elapsed 36.229026079177856 -- emperical power so far (from test_start): 0.6
db insert success
(161, 400, 0.002, 1, 140000, 'elltwo', 'lapu', 3.2829096457422304, 0.009000000543892384, 36.24866461753845, '2024-08-03 10:37:06', 0, 999)
pval: [0.009] -- 161th test, time elapsed 36.24866461753845 -- emperical power so far (from test_start): 0.6024844720496895
db insert success
(162, 400, 0.002, 1, 140000, 'elltwo', 'lapu', 0.04511292128148381, 0.5060000419616699, 36.23096942901611, '2024-08-03 10:38:02', 0, 999)
pval: [0.50600004] -- 162th test, time elapsed 36.23096942901611 -- emperical power so far (from test_start): 0.5987654320987654
db insert success
(163, 400, 0.002, 1, 140000, 'elltwo', 'lapu', 4.2912969198505415, 0.0010000000474974513, 36.264304399490356, '2024-08-03 10:38:45', 0, 999)
pval: [0.001] -- 163th test, time elapsed 36.264304399490356 -- emperical power so far (from test_start): 0.6012269938650306
db insert success
(164, 400, 0.002, 1, 140000, 'elltwo', 'lapu', 3.754682673649679, 0.006000000052154064, 36.34718608856201, '2024-08-03 10:39:36', 0, 999)
pval: [0.006] -- 164th test, time elapsed 36.34718608856201 -- emperical power so far (from test_start): 0.6036585365853658
db insert success
(165, 400, 0.002, 1, 140000, 'elltwo', 'lapu', 2.537329508118004, 0.03200000151991844, 36.31125855445862, '2024-08-03 10:40:27', 0, 999)
pval: [0.032] -- 165th test, time elapsed 36.31125855445862 -- emperical power so far (from test_start): 0.6060606060606061
db insert success
(166, 400, 0.002, 1, 140000, 'elltwo', 'lapu', 1.9214816280044764, 0.0820000022649765, 36.19804525375366, '2024-08-03 10:41:18', 0, 999)
pval: [0.082] -- 166th test, time elapsed 36.19804525375366 -- emperical power so far (from test_start): 0.6024096385542169
db insert success
(167, 400, 0.002, 1, 140000, 'elltwo', 'lapu', 0.7162930169291197, 0.28200000524520874, 36.208059787750244, '2024-08-03 10:41:57', 0, 999)
pval: [0.28200001] -- 167th test, time elapsed 36.208059787750244 -- emperical power so far (from test_start): 0.5988023952095808
db insert success
(168, 400, 0.002, 1, 140000, 'elltwo', 'lapu', 1.2770919701502348, 0.16200000047683716, 36.22948908805847, '2024-08-03 10:42:43', 0, 999)
pval: [0.162] -- 168th test, time elapsed 36.22948908805847 -- emperical power so far (from test_start): 0.5952380952380952
db insert success
(169, 400, 0.002, 1, 140000, 'elltwo', 'lapu', 3.4197094152193688, 0.007000000216066837, 36.24785017967224, '2024-08-03 10:43:20', 0, 999)
pval: [0.007] -- 169th test, time elapsed 36.24785017967224 -- emperical power so far (from test_start): 0.5976331360946746
db insert success
(170, 400, 0.002, 1, 140000, 'elltwo', 'lapu', 1.1686122006416582, 0.17900000512599945, 36.20770573616028, '2024-08-03 10:44:05', 0, 999)
pval: [0.17900001] -- 170th test, time elapsed 36.20770573616028 -- emperical power so far (from test_start): 0.5941176470588235
db insert success
(171, 400, 0.002, 1, 140000, 'elltwo', 'lapu', 1.4328342343484097, 0.1420000046491623, 36.25582432746887, '2024-08-03 10:44:42', 0, 999)
pval: [0.142] -- 171th test, time elapsed 36.25582432746887 -- emperical power so far (from test_start): 0.5906432748538012
db insert success
(172, 400, 0.002, 1, 140000, 'elltwo', 'lapu', 2.5812270387299217, 0.023000001907348633, 36.24719977378845, '2024-08-03 10:45:37', 0, 999)
pval: [0.023] -- 172th test, time elapsed 36.24719977378845 -- emperical power so far (from test_start): 0.5930232558139535
db insert success
(173, 400, 0.002, 1, 140000, 'elltwo', 'lapu', 2.0246328379406098, 0.05300000309944153, 36.29270935058594, '2024-08-03 10:46:22', 0, 999)
pval: [0.053] -- 173th test, time elapsed 36.29270935058594 -- emperical power so far (from test_start): 0.5895953757225434
db insert success
(174, 400, 0.002, 1, 140000, 'elltwo', 'lapu', 3.3886180398563175, 0.006000000052154064, 36.271923780441284, '2024-08-03 10:47:10', 0, 999)
pval: [0.006] -- 174th test, time elapsed 36.271923780441284 -- emperical power so far (from test_start): 0.5919540229885057
db insert success
(175, 400, 0.002, 1, 140000, 'elltwo', 'lapu', 0.7378678181058007, 0.29100000858306885, 36.263216733932495, '2024-08-03 10:47:57', 0, 999)
pval: [0.29100001] -- 175th test, time elapsed 36.263216733932495 -- emperical power so far (from test_start): 0.5885714285714285
db insert success
(176, 400, 0.002, 1, 140000, 'elltwo', 'lapu', 3.1947094487131755, 0.015000000596046448, 36.24061560630798, '2024-08-03 10:48:54', 0, 999)
pval: [0.015] -- 176th test, time elapsed 36.24061560630798 -- emperical power so far (from test_start): 0.5909090909090909
db insert success
(177, 400, 0.002, 1, 140000, 'elltwo', 'lapu', 3.2751698869620265, 0.00800000037997961, 36.21838665008545, '2024-08-03 10:49:47', 0, 999)
pval: [0.008] -- 177th test, time elapsed 36.21838665008545 -- emperical power so far (from test_start): 0.5932203389830508
db insert success
(178, 400, 0.002, 1, 140000, 'elltwo', 'lapu', 1.521908264702165, 0.11400000751018524, 36.3198447227478, '2024-08-03 10:50:39', 0, 999)
pval: [0.11400001] -- 178th test, time elapsed 36.3198447227478 -- emperical power so far (from test_start): 0.5898876404494382
db insert success
(179, 400, 0.002, 1, 140000, 'elltwo', 'lapu', 1.3190749489810858, 0.15300001204013824, 36.257049322128296, '2024-08-03 10:51:17', 0, 999)
pval: [0.15300001] -- 179th test, time elapsed 36.257049322128296 -- emperical power so far (from test_start): 0.5865921787709497
db insert success
(180, 400, 0.002, 1, 140000, 'elltwo', 'lapu', 4.366012167718892, 0.0020000000949949026, 36.252232789993286, '2024-08-03 10:51:57', 0, 999)
pval: [0.002] -- 180th test, time elapsed 36.252232789993286 -- emperical power so far (from test_start): 0.5888888888888889
db insert success
(181, 400, 0.002, 1, 140000, 'elltwo', 'lapu', 4.851469741547163, 0.0010000000474974513, 36.254947662353516, '2024-08-03 10:52:52', 0, 999)
pval: [0.001] -- 181th test, time elapsed 36.254947662353516 -- emperical power so far (from test_start): 0.5911602209944752
db insert success
(182, 400, 0.002, 1, 140000, 'elltwo', 'lapu', 1.0553284295694865, 0.20100000500679016, 36.25459051132202, '2024-08-03 10:53:49', 0, 999)
pval: [0.20100001] -- 182th test, time elapsed 36.25459051132202 -- emperical power so far (from test_start): 0.5879120879120879
db insert success
(183, 400, 0.002, 1, 140000, 'elltwo', 'lapu', 3.144752983727105, 0.006000000052154064, 36.23112392425537, '2024-08-03 10:54:44', 0, 999)
pval: [0.006] -- 183th test, time elapsed 36.23112392425537 -- emperical power so far (from test_start): 0.5901639344262295
db insert success
(184, 400, 0.002, 1, 140000, 'elltwo', 'lapu', 2.4915839320703554, 0.04000000283122063, 36.19626450538635, '2024-08-03 10:55:30', 0, 999)
pval: [0.04] -- 184th test, time elapsed 36.19626450538635 -- emperical power so far (from test_start): 0.592391304347826
db insert success
(185, 400, 0.002, 1, 140000, 'elltwo', 'lapu', 2.633876560119999, 0.02800000086426735, 36.19737792015076, '2024-08-03 10:56:11', 0, 999)
pval: [0.028] -- 185th test, time elapsed 36.19737792015076 -- emperical power so far (from test_start): 0.5945945945945946
db insert success
(186, 400, 0.002, 1, 140000, 'elltwo', 'lapu', 1.210567991225223, 0.17100000381469727, 36.20928716659546, '2024-08-03 10:57:02', 0, 999)
pval: [0.171] -- 186th test, time elapsed 36.20928716659546 -- emperical power so far (from test_start): 0.5913978494623656
db insert success
(187, 400, 0.002, 1, 140000, 'elltwo', 'lapu', 3.4509300873569586, 0.006000000052154064, 36.20473504066467, '2024-08-03 10:57:55', 0, 999)
pval: [0.006] -- 187th test, time elapsed 36.20473504066467 -- emperical power so far (from test_start): 0.5935828877005348
db insert success
(188, 400, 0.002, 1, 140000, 'elltwo', 'lapu', 4.682257497457604, 0.0010000000474974513, 36.192821741104126, '2024-08-03 10:58:51', 0, 999)
pval: [0.001] -- 188th test, time elapsed 36.192821741104126 -- emperical power so far (from test_start): 0.5957446808510638
db insert success
(189, 400, 0.002, 1, 140000, 'elltwo', 'lapu', 4.03814479988129, 0.0010000000474974513, 36.240200996398926, '2024-08-03 10:59:43', 0, 999)
pval: [0.001] -- 189th test, time elapsed 36.240200996398926 -- emperical power so far (from test_start): 0.5978835978835979
db insert success
(190, 400, 0.002, 1, 140000, 'elltwo', 'lapu', 5.894443300350993, 0.0010000000474974513, 36.24284386634827, '2024-08-03 11:00:40', 0, 999)
pval: [0.001] -- 190th test, time elapsed 36.24284386634827 -- emperical power so far (from test_start): 0.6
db insert success
(191, 400, 0.002, 1, 140000, 'elltwo', 'lapu', 3.0633473938779785, 0.01100000087171793, 36.27768111228943, '2024-08-03 11:01:28', 0, 999)
pval: [0.011] -- 191th test, time elapsed 36.27768111228943 -- emperical power so far (from test_start): 0.6020942408376964
db insert success
(192, 400, 0.002, 1, 140000, 'elltwo', 'lapu', 2.986897366980397, 0.014000000432133675, 36.338425159454346, '2024-08-03 11:02:18', 0, 999)
pval: [0.014] -- 192th test, time elapsed 36.338425159454346 -- emperical power so far (from test_start): 0.6041666666666666
db insert success
(193, 400, 0.002, 1, 140000, 'elltwo', 'lapu', 2.6536507010265318, 0.02800000086426735, 36.26524567604065, '2024-08-03 11:03:10', 0, 999)
pval: [0.028] -- 193th test, time elapsed 36.26524567604065 -- emperical power so far (from test_start): 0.6062176165803109
db insert success
(194, 400, 0.002, 1, 140000, 'elltwo', 'lapu', 2.5461358034621533, 0.026000000536441803, 36.259923458099365, '2024-08-03 11:03:51', 0, 999)
pval: [0.026] -- 194th test, time elapsed 36.259923458099365 -- emperical power so far (from test_start): 0.6082474226804123
db insert success
(195, 400, 0.002, 1, 140000, 'elltwo', 'lapu', 2.009614341073829, 0.058000002056360245, 36.26409578323364, '2024-08-03 11:04:28', 0, 999)
pval: [0.058] -- 195th test, time elapsed 36.26409578323364 -- emperical power so far (from test_start): 0.6051282051282051
db insert success
(196, 400, 0.002, 1, 140000, 'elltwo', 'lapu', 1.9170727126082654, 0.07600000500679016, 36.253540992736816, '2024-08-03 11:05:15', 0, 999)
pval: [0.07600001] -- 196th test, time elapsed 36.253540992736816 -- emperical power so far (from test_start): 0.6020408163265306
db insert success
(197, 400, 0.002, 1, 140000, 'elltwo', 'lapu', 5.2445339774360455, 0.0010000000474974513, 36.2620165348053, '2024-08-03 11:06:00', 0, 999)
pval: [0.001] -- 197th test, time elapsed 36.2620165348053 -- emperical power so far (from test_start): 0.6040609137055838
db insert success
(198, 400, 0.002, 1, 140000, 'elltwo', 'lapu', -1.0836235757404518, 0.8130000233650208, 36.25900959968567, '2024-08-03 11:06:41', 0, 999)
pval: [0.81300002] -- 198th test, time elapsed 36.25900959968567 -- emperical power so far (from test_start): 0.601010101010101
db insert success
(199, 400, 0.002, 1, 140000, 'elltwo', 'lapu', 1.7053511744396816, 0.09300000220537186, 36.25374507904053, '2024-08-03 11:07:21', 0, 999)
pval: [0.093] -- 199th test, time elapsed 36.25374507904053 -- emperical power so far (from test_start): 0.5979899497487438
db insert success
(200, 400, 0.002, 1, 140000, 'elltwo', 'lapu', 1.74393035019656, 0.09300000220537186, 36.31779360771179, '2024-08-03 11:08:17', 0, 999)
pval: [0.093] -- 200th test, time elapsed 36.31779360771179 -- emperical power so far (from test_start): 0.595
db insert success
9445.322492599487
