8
lapuelltwo, alpha=2, sample size=80000
#########################################
(1, 400, 0.002, 2, 80000, 'elltwo', 'lapu', 1.6578760547438816, 0.003000000026077032, 31.580816507339478, '2024-08-03 08:36:40', 0, 999)
pval: [0.003] -- 1th test, time elapsed 31.580816507339478 -- emperical power so far (from test_start): 1.0
db insert success
(2, 400, 0.002, 2, 80000, 'elltwo', 'lapu', 2.1414121360377956, 0.0010000000474974513, 22.16176176071167, '2024-08-03 08:37:16', 0, 999)
pval: [0.001] -- 2th test, time elapsed 22.16176176071167 -- emperical power so far (from test_start): 1.0
db insert success
(3, 400, 0.002, 2, 80000, 'elltwo', 'lapu', 2.860052102006566, 0.0010000000474974513, 22.155505418777466, '2024-08-03 08:37:48', 0, 999)
pval: [0.001] -- 3th test, time elapsed 22.155505418777466 -- emperical power so far (from test_start): 1.0
db insert success
(4, 400, 0.002, 2, 80000, 'elltwo', 'lapu', 3.0559667620641284, 0.0010000000474974513, 22.160576105117798, '2024-08-03 08:38:16', 0, 999)
pval: [0.001] -- 4th test, time elapsed 22.160576105117798 -- emperical power so far (from test_start): 1.0
db insert success
(5, 400, 0.002, 2, 80000, 'elltwo', 'lapu', 1.7869072475255827, 0.0020000000949949026, 22.279261827468872, '2024-08-03 08:38:43', 0, 999)
pval: [0.002] -- 5th test, time elapsed 22.279261827468872 -- emperical power so far (from test_start): 1.0
db insert success
(6, 400, 0.002, 2, 80000, 'elltwo', 'lapu', 2.959058863479574, 0.0010000000474974513, 22.299742937088013, '2024-08-03 08:39:12', 0, 999)
pval: [0.001] -- 6th test, time elapsed 22.299742937088013 -- emperical power so far (from test_start): 1.0
db insert success
(7, 400, 0.002, 2, 80000, 'elltwo', 'lapu', 2.633620056745877, 0.0010000000474974513, 22.172159910202026, '2024-08-03 08:39:36', 0, 999)
pval: [0.001] -- 7th test, time elapsed 22.172159910202026 -- emperical power so far (from test_start): 1.0
db insert success
(8, 400, 0.002, 2, 80000, 'elltwo', 'lapu', 3.2354371547251737, 0.0010000000474974513, 22.160276651382446, '2024-08-03 08:40:17', 0, 999)
pval: [0.001] -- 8th test, time elapsed 22.160276651382446 -- emperical power so far (from test_start): 1.0
db insert success
(9, 400, 0.002, 2, 80000, 'elltwo', 'lapu', 2.623127848840374, 0.0010000000474974513, 22.1721134185791, '2024-08-03 08:40:43', 0, 999)
pval: [0.001] -- 9th test, time elapsed 22.1721134185791 -- emperical power so far (from test_start): 1.0
db insert success
(10, 400, 0.002, 2, 80000, 'elltwo', 'lapu', 2.504880886492182, 0.0010000000474974513, 22.179132223129272, '2024-08-03 08:41:13', 0, 999)
pval: [0.001] -- 10th test, time elapsed 22.179132223129272 -- emperical power so far (from test_start): 1.0
db insert success
(11, 400, 0.002, 2, 80000, 'elltwo', 'lapu', 3.173599188233949, 0.0010000000474974513, 22.172745943069458, '2024-08-03 08:41:56', 0, 999)
pval: [0.001] -- 11th test, time elapsed 22.172745943069458 -- emperical power so far (from test_start): 1.0
db insert success
(12, 400, 0.002, 2, 80000, 'elltwo', 'lapu', 2.6892784367167732, 0.0010000000474974513, 22.17944097518921, '2024-08-03 08:42:24', 0, 999)
pval: [0.001] -- 12th test, time elapsed 22.17944097518921 -- emperical power so far (from test_start): 1.0
db insert success
(13, 400, 0.002, 2, 80000, 'elltwo', 'lapu', 2.742912104225983, 0.0010000000474974513, 22.173171997070312, '2024-08-03 08:42:50', 0, 999)
pval: [0.001] -- 13th test, time elapsed 22.173171997070312 -- emperical power so far (from test_start): 1.0
db insert success
(14, 400, 0.002, 2, 80000, 'elltwo', 'lapu', 2.0221952419345834, 0.0010000000474974513, 22.1832013130188, '2024-08-03 08:43:31', 0, 999)
pval: [0.001] -- 14th test, time elapsed 22.1832013130188 -- emperical power so far (from test_start): 1.0
db insert success
(15, 400, 0.002, 2, 80000, 'elltwo', 'lapu', 3.7835935396499356, 0.0010000000474974513, 22.190497398376465, '2024-08-03 08:44:12', 0, 999)
pval: [0.001] -- 15th test, time elapsed 22.190497398376465 -- emperical power so far (from test_start): 1.0
db insert success
(16, 400, 0.002, 2, 80000, 'elltwo', 'lapu', 3.2692737805205367, 0.0010000000474974513, 22.21426010131836, '2024-08-03 08:44:48', 0, 999)
pval: [0.001] -- 16th test, time elapsed 22.21426010131836 -- emperical power so far (from test_start): 1.0
db insert success
(17, 400, 0.002, 2, 80000, 'elltwo', 'lapu', 3.6851721839878246, 0.0010000000474974513, 22.206537008285522, '2024-08-03 08:45:18', 0, 999)
pval: [0.001] -- 17th test, time elapsed 22.206537008285522 -- emperical power so far (from test_start): 1.0
db insert success
(18, 400, 0.002, 2, 80000, 'elltwo', 'lapu', 2.443981608896733, 0.0010000000474974513, 22.231485605239868, '2024-08-03 08:46:00', 0, 999)
pval: [0.001] -- 18th test, time elapsed 22.231485605239868 -- emperical power so far (from test_start): 1.0
db insert success
(19, 400, 0.002, 2, 80000, 'elltwo', 'lapu', 2.7365590820101495, 0.0010000000474974513, 22.19500160217285, '2024-08-03 08:46:32', 0, 999)
pval: [0.001] -- 19th test, time elapsed 22.19500160217285 -- emperical power so far (from test_start): 1.0
db insert success
(20, 400, 0.002, 2, 80000, 'elltwo', 'lapu', 1.9799056193990494, 0.0010000000474974513, 22.175098657608032, '2024-08-03 08:47:11', 0, 999)
pval: [0.001] -- 20th test, time elapsed 22.175098657608032 -- emperical power so far (from test_start): 1.0
db insert success
(21, 400, 0.002, 2, 80000, 'elltwo', 'lapu', 2.3416604028359713, 0.0010000000474974513, 22.221861600875854, '2024-08-03 08:47:53', 0, 999)
pval: [0.001] -- 21th test, time elapsed 22.221861600875854 -- emperical power so far (from test_start): 1.0
db insert success
(22, 400, 0.002, 2, 80000, 'elltwo', 'lapu', 1.2793304135725694, 0.01100000087171793, 22.179441452026367, '2024-08-03 08:48:17', 0, 999)
pval: [0.011] -- 22th test, time elapsed 22.179441452026367 -- emperical power so far (from test_start): 1.0
db insert success
(23, 400, 0.002, 2, 80000, 'elltwo', 'lapu', 1.9105995810582186, 0.0010000000474974513, 22.20926070213318, '2024-08-03 08:48:47', 0, 999)
pval: [0.001] -- 23th test, time elapsed 22.20926070213318 -- emperical power so far (from test_start): 1.0
db insert success
(24, 400, 0.002, 2, 80000, 'elltwo', 'lapu', 2.2335965053022533, 0.0010000000474974513, 22.194620370864868, '2024-08-03 08:49:29', 0, 999)
pval: [0.001] -- 24th test, time elapsed 22.194620370864868 -- emperical power so far (from test_start): 1.0
db insert success
(25, 400, 0.002, 2, 80000, 'elltwo', 'lapu', 2.1630070449428587, 0.0010000000474974513, 22.18042254447937, '2024-08-03 08:50:07', 0, 999)
pval: [0.001] -- 25th test, time elapsed 22.18042254447937 -- emperical power so far (from test_start): 1.0
db insert success
(26, 400, 0.002, 2, 80000, 'elltwo', 'lapu', 2.400250144894413, 0.0010000000474974513, 22.175140857696533, '2024-08-03 08:50:31', 0, 999)
pval: [0.001] -- 26th test, time elapsed 22.175140857696533 -- emperical power so far (from test_start): 1.0
db insert success
(27, 400, 0.002, 2, 80000, 'elltwo', 'lapu', 3.334955886644613, 0.0010000000474974513, 22.15070652961731, '2024-08-03 08:51:12', 0, 999)
pval: [0.001] -- 27th test, time elapsed 22.15070652961731 -- emperical power so far (from test_start): 1.0
db insert success
(28, 400, 0.002, 2, 80000, 'elltwo', 'lapu', 3.2368647710752656, 0.0010000000474974513, 22.160983085632324, '2024-08-03 08:51:45', 0, 999)
pval: [0.001] -- 28th test, time elapsed 22.160983085632324 -- emperical power so far (from test_start): 1.0
db insert success
(29, 400, 0.002, 2, 80000, 'elltwo', 'lapu', 3.110843616278993, 0.0010000000474974513, 22.167819261550903, '2024-08-03 08:52:17', 0, 999)
pval: [0.001] -- 29th test, time elapsed 22.167819261550903 -- emperical power so far (from test_start): 1.0
db insert success
(30, 400, 0.002, 2, 80000, 'elltwo', 'lapu', 2.4416799934655944, 0.0010000000474974513, 22.166959285736084, '2024-08-03 08:52:54', 0, 999)
pval: [0.001] -- 30th test, time elapsed 22.166959285736084 -- emperical power so far (from test_start): 1.0
db insert success
(31, 400, 0.002, 2, 80000, 'elltwo', 'lapu', 2.911691036694057, 0.0010000000474974513, 22.16309690475464, '2024-08-03 08:53:25', 0, 999)
pval: [0.001] -- 31th test, time elapsed 22.16309690475464 -- emperical power so far (from test_start): 1.0
db insert success
(32, 400, 0.002, 2, 80000, 'elltwo', 'lapu', 1.3411033857170682, 0.018000001087784767, 22.168217658996582, '2024-08-03 08:53:51', 0, 999)
pval: [0.018] -- 32th test, time elapsed 22.168217658996582 -- emperical power so far (from test_start): 1.0
db insert success
(33, 400, 0.002, 2, 80000, 'elltwo', 'lapu', 2.2657714481058053, 0.0020000000949949026, 22.17070174217224, '2024-08-03 08:54:27', 0, 999)
pval: [0.002] -- 33th test, time elapsed 22.17070174217224 -- emperical power so far (from test_start): 1.0
db insert success
(34, 400, 0.002, 2, 80000, 'elltwo', 'lapu', 1.9069360710017211, 0.0020000000949949026, 22.157251119613647, '2024-08-03 08:54:53', 0, 999)
pval: [0.002] -- 34th test, time elapsed 22.157251119613647 -- emperical power so far (from test_start): 1.0
db insert success
(35, 400, 0.002, 2, 80000, 'elltwo', 'lapu', 2.0139469709711735, 0.0010000000474974513, 22.157825469970703, '2024-08-03 08:55:24', 0, 999)
pval: [0.001] -- 35th test, time elapsed 22.157825469970703 -- emperical power so far (from test_start): 1.0
db insert success
(36, 400, 0.002, 2, 80000, 'elltwo', 'lapu', 2.6360737863785446, 0.0010000000474974513, 22.17932653427124, '2024-08-03 08:56:02', 0, 999)
pval: [0.001] -- 36th test, time elapsed 22.17932653427124 -- emperical power so far (from test_start): 1.0
db insert success
(37, 400, 0.002, 2, 80000, 'elltwo', 'lapu', 1.3430830289388065, 0.01100000087171793, 22.162100553512573, '2024-08-03 08:56:26', 0, 999)
pval: [0.011] -- 37th test, time elapsed 22.162100553512573 -- emperical power so far (from test_start): 1.0
db insert success
(38, 400, 0.002, 2, 80000, 'elltwo', 'lapu', 3.1341684587943073, 0.0010000000474974513, 22.17134714126587, '2024-08-03 08:57:01', 0, 999)
pval: [0.001] -- 38th test, time elapsed 22.17134714126587 -- emperical power so far (from test_start): 1.0
db insert success
(39, 400, 0.002, 2, 80000, 'elltwo', 'lapu', 3.527990128345183, 0.0010000000474974513, 22.123385667800903, '2024-08-03 08:57:39', 0, 999)
pval: [0.001] -- 39th test, time elapsed 22.123385667800903 -- emperical power so far (from test_start): 1.0
db insert success
(40, 400, 0.002, 2, 80000, 'elltwo', 'lapu', 2.923611114965869, 0.0010000000474974513, 22.132203817367554, '2024-08-03 08:58:08', 0, 999)
pval: [0.001] -- 40th test, time elapsed 22.132203817367554 -- emperical power so far (from test_start): 1.0
db insert success
(41, 400, 0.002, 2, 80000, 'elltwo', 'lapu', 3.051034781365976, 0.0010000000474974513, 22.114452362060547, '2024-08-03 08:58:47', 0, 999)
pval: [0.001] -- 41th test, time elapsed 22.114452362060547 -- emperical power so far (from test_start): 1.0
db insert success
(42, 400, 0.002, 2, 80000, 'elltwo', 'lapu', 1.966331364715471, 0.0010000000474974513, 22.120542526245117, '2024-08-03 08:59:12', 0, 999)
pval: [0.001] -- 42th test, time elapsed 22.120542526245117 -- emperical power so far (from test_start): 1.0
db insert success
(43, 400, 0.002, 2, 80000, 'elltwo', 'lapu', 3.54964167586825, 0.0010000000474974513, 22.136492013931274, '2024-08-03 08:59:39', 0, 999)
pval: [0.001] -- 43th test, time elapsed 22.136492013931274 -- emperical power so far (from test_start): 1.0
db insert success
(44, 400, 0.002, 2, 80000, 'elltwo', 'lapu', 2.6414727650099383, 0.0010000000474974513, 22.114158391952515, '2024-08-03 09:00:12', 0, 999)
pval: [0.001] -- 44th test, time elapsed 22.114158391952515 -- emperical power so far (from test_start): 1.0
db insert success
(45, 400, 0.002, 2, 80000, 'elltwo', 'lapu', 2.648498325502747, 0.0010000000474974513, 22.107944011688232, '2024-08-03 09:00:53', 0, 999)
pval: [0.001] -- 45th test, time elapsed 22.107944011688232 -- emperical power so far (from test_start): 1.0
db insert success
(46, 400, 0.002, 2, 80000, 'elltwo', 'lapu', 2.78391342785267, 0.0010000000474974513, 22.113396883010864, '2024-08-03 09:01:30', 0, 999)
pval: [0.001] -- 46th test, time elapsed 22.113396883010864 -- emperical power so far (from test_start): 1.0
db insert success
(47, 400, 0.002, 2, 80000, 'elltwo', 'lapu', 1.8124873315157006, 0.0020000000949949026, 22.099095344543457, '2024-08-03 09:02:11', 0, 999)
pval: [0.002] -- 47th test, time elapsed 22.099095344543457 -- emperical power so far (from test_start): 1.0
db insert success
(48, 400, 0.002, 2, 80000, 'elltwo', 'lapu', 3.727413690179921, 0.0010000000474974513, 22.10284733772278, '2024-08-03 09:02:45', 0, 999)
pval: [0.001] -- 48th test, time elapsed 22.10284733772278 -- emperical power so far (from test_start): 1.0
db insert success
(49, 400, 0.002, 2, 80000, 'elltwo', 'lapu', 2.7585012045166626, 0.0010000000474974513, 22.0952889919281, '2024-08-03 09:03:16', 0, 999)
pval: [0.001] -- 49th test, time elapsed 22.0952889919281 -- emperical power so far (from test_start): 1.0
db insert success
(50, 400, 0.002, 2, 80000, 'elltwo', 'lapu', 2.5334742223524573, 0.0010000000474974513, 22.118919134140015, '2024-08-03 09:03:50', 0, 999)
pval: [0.001] -- 50th test, time elapsed 22.118919134140015 -- emperical power so far (from test_start): 1.0
db insert success
(51, 400, 0.002, 2, 80000, 'elltwo', 'lapu', 1.90618592312513, 0.0010000000474974513, 22.104132413864136, '2024-08-03 09:04:24', 0, 999)
pval: [0.001] -- 51th test, time elapsed 22.104132413864136 -- emperical power so far (from test_start): 1.0
db insert success
(52, 400, 0.002, 2, 80000, 'elltwo', 'lapu', 1.5393173405710352, 0.007000000216066837, 22.116536855697632, '2024-08-03 09:05:00', 0, 999)
pval: [0.007] -- 52th test, time elapsed 22.116536855697632 -- emperical power so far (from test_start): 1.0
db insert success
(53, 400, 0.002, 2, 80000, 'elltwo', 'lapu', 2.6261999370660276, 0.0010000000474974513, 22.101997137069702, '2024-08-03 09:05:26', 0, 999)
pval: [0.001] -- 53th test, time elapsed 22.101997137069702 -- emperical power so far (from test_start): 1.0
db insert success
(54, 400, 0.002, 2, 80000, 'elltwo', 'lapu', 2.2179183384179977, 0.0010000000474974513, 22.099082469940186, '2024-08-03 09:05:52', 0, 999)
pval: [0.001] -- 54th test, time elapsed 22.099082469940186 -- emperical power so far (from test_start): 1.0
db insert success
(55, 400, 0.002, 2, 80000, 'elltwo', 'lapu', 1.935497956853475, 0.0020000000949949026, 22.105632543563843, '2024-08-03 09:06:22', 0, 999)
pval: [0.002] -- 55th test, time elapsed 22.105632543563843 -- emperical power so far (from test_start): 1.0
db insert success
(56, 400, 0.002, 2, 80000, 'elltwo', 'lapu', 3.182582285382261, 0.0010000000474974513, 22.10463047027588, '2024-08-03 09:06:51', 0, 999)
pval: [0.001] -- 56th test, time elapsed 22.10463047027588 -- emperical power so far (from test_start): 1.0
db insert success
(57, 400, 0.002, 2, 80000, 'elltwo', 'lapu', 1.7358668490566367, 0.0020000000949949026, 22.107340812683105, '2024-08-03 09:07:31', 0, 999)
pval: [0.002] -- 57th test, time elapsed 22.107340812683105 -- emperical power so far (from test_start): 1.0
db insert success
(58, 400, 0.002, 2, 80000, 'elltwo', 'lapu', 2.948468632515911, 0.0010000000474974513, 22.02881169319153, '2024-08-03 09:08:12', 0, 999)
pval: [0.001] -- 58th test, time elapsed 22.02881169319153 -- emperical power so far (from test_start): 1.0
db insert success
(59, 400, 0.002, 2, 80000, 'elltwo', 'lapu', 1.8486647359373078, 0.0020000000949949026, 22.021225929260254, '2024-08-03 09:08:44', 0, 999)
pval: [0.002] -- 59th test, time elapsed 22.021225929260254 -- emperical power so far (from test_start): 1.0
db insert success
(60, 400, 0.002, 2, 80000, 'elltwo', 'lapu', 2.3975839576086546, 0.0010000000474974513, 22.02058219909668, '2024-08-03 09:09:08', 0, 999)
pval: [0.001] -- 60th test, time elapsed 22.02058219909668 -- emperical power so far (from test_start): 1.0
db insert success
(61, 400, 0.002, 2, 80000, 'elltwo', 'lapu', 1.8643231549406247, 0.0010000000474974513, 22.03403091430664, '2024-08-03 09:09:46', 0, 999)
pval: [0.001] -- 61th test, time elapsed 22.03403091430664 -- emperical power so far (from test_start): 1.0
db insert success
(62, 400, 0.002, 2, 80000, 'elltwo', 'lapu', 3.025786575381, 0.0010000000474974513, 22.04215168952942, '2024-08-03 09:10:10', 0, 999)
pval: [0.001] -- 62th test, time elapsed 22.04215168952942 -- emperical power so far (from test_start): 1.0
db insert success
(63, 400, 0.002, 2, 80000, 'elltwo', 'lapu', 3.0367274493110896, 0.0010000000474974513, 22.02981209754944, '2024-08-03 09:10:41', 0, 999)
pval: [0.001] -- 63th test, time elapsed 22.02981209754944 -- emperical power so far (from test_start): 1.0
db insert success
(64, 400, 0.002, 2, 80000, 'elltwo', 'lapu', 1.4132371947621802, 0.013000000268220901, 22.032817602157593, '2024-08-03 09:11:12', 0, 999)
pval: [0.013] -- 64th test, time elapsed 22.032817602157593 -- emperical power so far (from test_start): 1.0
db insert success
(65, 400, 0.002, 2, 80000, 'elltwo', 'lapu', 2.4737644561134005, 0.0010000000474974513, 22.048888444900513, '2024-08-03 09:11:46', 0, 999)
pval: [0.001] -- 65th test, time elapsed 22.048888444900513 -- emperical power so far (from test_start): 1.0
db insert success
(66, 400, 0.002, 2, 80000, 'elltwo', 'lapu', 3.309351750171836, 0.0010000000474974513, 22.073254108428955, '2024-08-03 09:12:18', 0, 999)
pval: [0.001] -- 66th test, time elapsed 22.073254108428955 -- emperical power so far (from test_start): 1.0
db insert success
(67, 400, 0.002, 2, 80000, 'elltwo', 'lapu', 1.7952788577292165, 0.003000000026077032, 22.16567587852478, '2024-08-03 09:12:51', 0, 999)
pval: [0.003] -- 67th test, time elapsed 22.16567587852478 -- emperical power so far (from test_start): 1.0
db insert success
(68, 400, 0.002, 2, 80000, 'elltwo', 'lapu', 2.662905233605698, 0.0010000000474974513, 22.1633882522583, '2024-08-03 09:13:25', 0, 999)
pval: [0.001] -- 68th test, time elapsed 22.1633882522583 -- emperical power so far (from test_start): 1.0
db insert success
(69, 400, 0.002, 2, 80000, 'elltwo', 'lapu', 2.1521129383787088, 0.0020000000949949026, 22.30629563331604, '2024-08-03 09:13:49', 0, 999)
pval: [0.002] -- 69th test, time elapsed 22.30629563331604 -- emperical power so far (from test_start): 1.0
db insert success
(70, 400, 0.002, 2, 80000, 'elltwo', 'lapu', 3.7325706056957184, 0.0010000000474974513, 22.096760988235474, '2024-08-03 09:14:16', 0, 999)
pval: [0.001] -- 70th test, time elapsed 22.096760988235474 -- emperical power so far (from test_start): 1.0
db insert success
(71, 400, 0.002, 2, 80000, 'elltwo', 'lapu', 2.160352584362136, 0.0010000000474974513, 22.10727047920227, '2024-08-03 09:14:48', 0, 999)
pval: [0.001] -- 71th test, time elapsed 22.10727047920227 -- emperical power so far (from test_start): 1.0
db insert success
(72, 400, 0.002, 2, 80000, 'elltwo', 'lapu', 2.7336898028780023, 0.0010000000474974513, 22.281128644943237, '2024-08-03 09:15:25', 0, 999)
pval: [0.001] -- 72th test, time elapsed 22.281128644943237 -- emperical power so far (from test_start): 1.0
db insert success
(73, 400, 0.002, 2, 80000, 'elltwo', 'lapu', 3.454300930602783, 0.0010000000474974513, 22.055009603500366, '2024-08-03 09:16:06', 0, 999)
pval: [0.001] -- 73th test, time elapsed 22.055009603500366 -- emperical power so far (from test_start): 1.0
db insert success
(74, 400, 0.002, 2, 80000, 'elltwo', 'lapu', 2.4347335504551006, 0.0010000000474974513, 22.03999614715576, '2024-08-03 09:16:48', 0, 999)
pval: [0.001] -- 74th test, time elapsed 22.03999614715576 -- emperical power so far (from test_start): 1.0
db insert success
(75, 400, 0.002, 2, 80000, 'elltwo', 'lapu', 2.935824987360453, 0.0010000000474974513, 22.017362356185913, '2024-08-03 09:17:27', 0, 999)
pval: [0.001] -- 75th test, time elapsed 22.017362356185913 -- emperical power so far (from test_start): 1.0
db insert success
(76, 400, 0.002, 2, 80000, 'elltwo', 'lapu', 4.081517279824018, 0.0010000000474974513, 22.001081466674805, '2024-08-03 09:17:56', 0, 999)
pval: [0.001] -- 76th test, time elapsed 22.001081466674805 -- emperical power so far (from test_start): 1.0
db insert success
(77, 400, 0.002, 2, 80000, 'elltwo', 'lapu', 2.9673093389611305, 0.0010000000474974513, 22.017212867736816, '2024-08-03 09:18:24', 0, 999)
pval: [0.001] -- 77th test, time elapsed 22.017212867736816 -- emperical power so far (from test_start): 1.0
db insert success
(78, 400, 0.002, 2, 80000, 'elltwo', 'lapu', 2.759999756594239, 0.0010000000474974513, 22.025912761688232, '2024-08-03 09:19:02', 0, 999)
pval: [0.001] -- 78th test, time elapsed 22.025912761688232 -- emperical power so far (from test_start): 1.0
db insert success
(79, 400, 0.002, 2, 80000, 'elltwo', 'lapu', 2.6280309695753297, 0.0010000000474974513, 22.032123804092407, '2024-08-03 09:19:38', 0, 999)
pval: [0.001] -- 79th test, time elapsed 22.032123804092407 -- emperical power so far (from test_start): 1.0
db insert success
(80, 400, 0.002, 2, 80000, 'elltwo', 'lapu', 2.4157103954522414, 0.0010000000474974513, 22.006827354431152, '2024-08-03 09:20:14', 0, 999)
pval: [0.001] -- 80th test, time elapsed 22.006827354431152 -- emperical power so far (from test_start): 1.0
db insert success
(81, 400, 0.002, 2, 80000, 'elltwo', 'lapu', 2.9805425591460777, 0.0010000000474974513, 22.005600690841675, '2024-08-03 09:20:37', 0, 999)
pval: [0.001] -- 81th test, time elapsed 22.005600690841675 -- emperical power so far (from test_start): 1.0
db insert success
(82, 400, 0.002, 2, 80000, 'elltwo', 'lapu', 3.0093544065627365, 0.0010000000474974513, 21.99309515953064, '2024-08-03 09:21:14', 0, 999)
pval: [0.001] -- 82th test, time elapsed 21.99309515953064 -- emperical power so far (from test_start): 1.0
db insert success
(83, 400, 0.002, 2, 80000, 'elltwo', 'lapu', 1.9497677371872344, 0.0010000000474974513, 22.00963020324707, '2024-08-03 09:21:44', 0, 999)
pval: [0.001] -- 83th test, time elapsed 22.00963020324707 -- emperical power so far (from test_start): 1.0
db insert success
(84, 400, 0.002, 2, 80000, 'elltwo', 'lapu', 1.6623671956605541, 0.004000000189989805, 21.989867448806763, '2024-08-03 09:22:23', 0, 999)
pval: [0.004] -- 84th test, time elapsed 21.989867448806763 -- emperical power so far (from test_start): 1.0
db insert success
(85, 400, 0.002, 2, 80000, 'elltwo', 'lapu', 2.2716283264930284, 0.0010000000474974513, 22.021366596221924, '2024-08-03 09:23:05', 0, 999)
pval: [0.001] -- 85th test, time elapsed 22.021366596221924 -- emperical power so far (from test_start): 1.0
db insert success
(86, 400, 0.002, 2, 80000, 'elltwo', 'lapu', 2.4951740041813215, 0.0010000000474974513, 22.00438356399536, '2024-08-03 09:23:31', 0, 999)
pval: [0.001] -- 86th test, time elapsed 22.00438356399536 -- emperical power so far (from test_start): 1.0
db insert success
(87, 400, 0.002, 2, 80000, 'elltwo', 'lapu', 1.9427770895938443, 0.003000000026077032, 21.99240756034851, '2024-08-03 09:23:59', 0, 999)
pval: [0.003] -- 87th test, time elapsed 21.99240756034851 -- emperical power so far (from test_start): 1.0
db insert success
(88, 400, 0.002, 2, 80000, 'elltwo', 'lapu', 1.6987258325450676, 0.0020000000949949026, 22.00618839263916, '2024-08-03 09:24:30', 0, 999)
pval: [0.002] -- 88th test, time elapsed 22.00618839263916 -- emperical power so far (from test_start): 1.0
db insert success
(89, 400, 0.002, 2, 80000, 'elltwo', 'lapu', 4.059295456380723, 0.0010000000474974513, 22.010443687438965, '2024-08-03 09:25:12', 0, 999)
pval: [0.001] -- 89th test, time elapsed 22.010443687438965 -- emperical power so far (from test_start): 1.0
db insert success
(90, 400, 0.002, 2, 80000, 'elltwo', 'lapu', 1.7537929709540558, 0.003000000026077032, 21.994264602661133, '2024-08-03 09:25:41', 0, 999)
pval: [0.003] -- 90th test, time elapsed 21.994264602661133 -- emperical power so far (from test_start): 1.0
db insert success
(91, 400, 0.002, 2, 80000, 'elltwo', 'lapu', 1.9315408408470862, 0.0010000000474974513, 22.008419275283813, '2024-08-03 09:26:17', 0, 999)
pval: [0.001] -- 91th test, time elapsed 22.008419275283813 -- emperical power so far (from test_start): 1.0
db insert success
(92, 400, 0.002, 2, 80000, 'elltwo', 'lapu', 2.1322160955821285, 0.0010000000474974513, 22.01338481903076, '2024-08-03 09:26:46', 0, 999)
pval: [0.001] -- 92th test, time elapsed 22.01338481903076 -- emperical power so far (from test_start): 1.0
db insert success
(93, 400, 0.002, 2, 80000, 'elltwo', 'lapu', 1.6943481415768393, 0.003000000026077032, 22.00542163848877, '2024-08-03 09:27:20', 0, 999)
pval: [0.003] -- 93th test, time elapsed 22.00542163848877 -- emperical power so far (from test_start): 1.0
db insert success
(94, 400, 0.002, 2, 80000, 'elltwo', 'lapu', 2.8360170861769385, 0.0010000000474974513, 22.011071920394897, '2024-08-03 09:27:51', 0, 999)
pval: [0.001] -- 94th test, time elapsed 22.011071920394897 -- emperical power so far (from test_start): 1.0
db insert success
(95, 400, 0.002, 2, 80000, 'elltwo', 'lapu', 1.9747680750851782, 0.003000000026077032, 22.011144161224365, '2024-08-03 09:28:22', 0, 999)
pval: [0.003] -- 95th test, time elapsed 22.011144161224365 -- emperical power so far (from test_start): 1.0
db insert success
(96, 400, 0.002, 2, 80000, 'elltwo', 'lapu', 2.015588494731936, 0.0010000000474974513, 21.99427032470703, '2024-08-03 09:29:04', 0, 999)
pval: [0.001] -- 96th test, time elapsed 21.99427032470703 -- emperical power so far (from test_start): 1.0
db insert success
(97, 400, 0.002, 2, 80000, 'elltwo', 'lapu', 3.07130918149471, 0.0010000000474974513, 22.000228881835938, '2024-08-03 09:29:40', 0, 999)
pval: [0.001] -- 97th test, time elapsed 22.000228881835938 -- emperical power so far (from test_start): 1.0
db insert success
(98, 400, 0.002, 2, 80000, 'elltwo', 'lapu', 1.8182599014325795, 0.0010000000474974513, 22.00460386276245, '2024-08-03 09:30:21', 0, 999)
pval: [0.001] -- 98th test, time elapsed 22.00460386276245 -- emperical power so far (from test_start): 1.0
db insert success
(99, 400, 0.002, 2, 80000, 'elltwo', 'lapu', 2.598447473445632, 0.0010000000474974513, 21.99197030067444, '2024-08-03 09:31:02', 0, 999)
pval: [0.001] -- 99th test, time elapsed 21.99197030067444 -- emperical power so far (from test_start): 1.0
db insert success
(100, 400, 0.002, 2, 80000, 'elltwo', 'lapu', 2.688080243661891, 0.0010000000474974513, 22.0090491771698, '2024-08-03 09:31:37', 0, 999)
pval: [0.001] -- 100th test, time elapsed 22.0090491771698 -- emperical power so far (from test_start): 1.0
db insert success
(101, 400, 0.002, 2, 80000, 'elltwo', 'lapu', 2.2160345769687138, 0.0010000000474974513, 22.015926122665405, '2024-08-03 09:32:07', 0, 999)
pval: [0.001] -- 101th test, time elapsed 22.015926122665405 -- emperical power so far (from test_start): 1.0
db insert success
(102, 400, 0.002, 2, 80000, 'elltwo', 'lapu', 2.3355875854559502, 0.0010000000474974513, 22.014496088027954, '2024-08-03 09:32:39', 0, 999)
pval: [0.001] -- 102th test, time elapsed 22.014496088027954 -- emperical power so far (from test_start): 1.0
db insert success
(103, 400, 0.002, 2, 80000, 'elltwo', 'lapu', 2.5003229311100705, 0.0010000000474974513, 22.014549016952515, '2024-08-03 09:33:16', 0, 999)
pval: [0.001] -- 103th test, time elapsed 22.014549016952515 -- emperical power so far (from test_start): 1.0
db insert success
(104, 400, 0.002, 2, 80000, 'elltwo', 'lapu', 2.4879072295029725, 0.0010000000474974513, 22.00012969970703, '2024-08-03 09:33:49', 0, 999)
pval: [0.001] -- 104th test, time elapsed 22.00012969970703 -- emperical power so far (from test_start): 1.0
db insert success
(105, 400, 0.002, 2, 80000, 'elltwo', 'lapu', 1.7995909287582668, 0.0020000000949949026, 22.00878930091858, '2024-08-03 09:34:17', 0, 999)
pval: [0.002] -- 105th test, time elapsed 22.00878930091858 -- emperical power so far (from test_start): 1.0
db insert success
(106, 400, 0.002, 2, 80000, 'elltwo', 'lapu', 2.1896801984500085, 0.0010000000474974513, 22.009760856628418, '2024-08-03 09:34:41', 0, 999)
pval: [0.001] -- 106th test, time elapsed 22.009760856628418 -- emperical power so far (from test_start): 1.0
db insert success
(107, 400, 0.002, 2, 80000, 'elltwo', 'lapu', 1.802355081364892, 0.003000000026077032, 21.988280534744263, '2024-08-03 09:35:10', 0, 999)
pval: [0.003] -- 107th test, time elapsed 21.988280534744263 -- emperical power so far (from test_start): 1.0
db insert success
(108, 400, 0.002, 2, 80000, 'elltwo', 'lapu', 1.6802888089402344, 0.003000000026077032, 22.0045485496521, '2024-08-03 09:35:40', 0, 999)
pval: [0.003] -- 108th test, time elapsed 22.0045485496521 -- emperical power so far (from test_start): 1.0
db insert success
(109, 400, 0.002, 2, 80000, 'elltwo', 'lapu', 2.520341140162821, 0.0010000000474974513, 22.02570867538452, '2024-08-03 09:36:15', 0, 999)
pval: [0.001] -- 109th test, time elapsed 22.02570867538452 -- emperical power so far (from test_start): 1.0
db insert success
(110, 400, 0.002, 2, 80000, 'elltwo', 'lapu', 2.6201861751779867, 0.0010000000474974513, 22.00523090362549, '2024-08-03 09:36:38', 0, 999)
pval: [0.001] -- 110th test, time elapsed 22.00523090362549 -- emperical power so far (from test_start): 1.0
db insert success
(111, 400, 0.002, 2, 80000, 'elltwo', 'lapu', 2.7737855314630013, 0.0010000000474974513, 22.01804757118225, '2024-08-03 09:37:07', 0, 999)
pval: [0.001] -- 111th test, time elapsed 22.01804757118225 -- emperical power so far (from test_start): 1.0
db insert success
(112, 400, 0.002, 2, 80000, 'elltwo', 'lapu', 3.417681471039895, 0.0010000000474974513, 21.999300718307495, '2024-08-03 09:37:48', 0, 999)
pval: [0.001] -- 112th test, time elapsed 21.999300718307495 -- emperical power so far (from test_start): 1.0
db insert success
(113, 400, 0.002, 2, 80000, 'elltwo', 'lapu', 2.191807107157798, 0.0010000000474974513, 22.03048038482666, '2024-08-03 09:38:16', 0, 999)
pval: [0.001] -- 113th test, time elapsed 22.03048038482666 -- emperical power so far (from test_start): 1.0
db insert success
(114, 400, 0.002, 2, 80000, 'elltwo', 'lapu', 1.1857933771621156, 0.018000001087784767, 22.00928235054016, '2024-08-03 09:38:40', 0, 999)
pval: [0.018] -- 114th test, time elapsed 22.00928235054016 -- emperical power so far (from test_start): 1.0
db insert success
(115, 400, 0.002, 2, 80000, 'elltwo', 'lapu', 1.3732584547239883, 0.009000000543892384, 22.03578495979309, '2024-08-03 09:39:08', 0, 999)
pval: [0.009] -- 115th test, time elapsed 22.03578495979309 -- emperical power so far (from test_start): 1.0
db insert success
(116, 400, 0.002, 2, 80000, 'elltwo', 'lapu', 2.3218794879778057, 0.0020000000949949026, 22.026273012161255, '2024-08-03 09:39:40', 0, 999)
pval: [0.002] -- 116th test, time elapsed 22.026273012161255 -- emperical power so far (from test_start): 1.0
db insert success
(117, 400, 0.002, 2, 80000, 'elltwo', 'lapu', 3.1097367208961018, 0.0010000000474974513, 22.032801389694214, '2024-08-03 09:40:05', 0, 999)
pval: [0.001] -- 117th test, time elapsed 22.032801389694214 -- emperical power so far (from test_start): 1.0
db insert success
(118, 400, 0.002, 2, 80000, 'elltwo', 'lapu', 2.363033861013313, 0.0010000000474974513, 22.022275686264038, '2024-08-03 09:40:41', 0, 999)
pval: [0.001] -- 118th test, time elapsed 22.022275686264038 -- emperical power so far (from test_start): 1.0
db insert success
(119, 400, 0.002, 2, 80000, 'elltwo', 'lapu', 2.0242979147477866, 0.0010000000474974513, 22.011630296707153, '2024-08-03 09:41:16', 0, 999)
pval: [0.001] -- 119th test, time elapsed 22.011630296707153 -- emperical power so far (from test_start): 1.0
db insert success
(120, 400, 0.002, 2, 80000, 'elltwo', 'lapu', 2.15602518877959, 0.0010000000474974513, 22.008753776550293, '2024-08-03 09:41:58', 0, 999)
pval: [0.001] -- 120th test, time elapsed 22.008753776550293 -- emperical power so far (from test_start): 1.0
db insert success
(121, 400, 0.002, 2, 80000, 'elltwo', 'lapu', 3.507203641606801, 0.0010000000474974513, 22.016438961029053, '2024-08-03 09:42:37', 0, 999)
pval: [0.001] -- 121th test, time elapsed 22.016438961029053 -- emperical power so far (from test_start): 1.0
db insert success
(122, 400, 0.002, 2, 80000, 'elltwo', 'lapu', 2.6571029514449016, 0.0010000000474974513, 22.00156855583191, '2024-08-03 09:43:02', 0, 999)
pval: [0.001] -- 122th test, time elapsed 22.00156855583191 -- emperical power so far (from test_start): 1.0
db insert success
(123, 400, 0.002, 2, 80000, 'elltwo', 'lapu', 2.2020858956209715, 0.0010000000474974513, 22.00769567489624, '2024-08-03 09:43:35', 0, 999)
pval: [0.001] -- 123th test, time elapsed 22.00769567489624 -- emperical power so far (from test_start): 1.0
db insert success
(124, 400, 0.002, 2, 80000, 'elltwo', 'lapu', 2.9020035116387723, 0.0010000000474974513, 22.018383502960205, '2024-08-03 09:44:13', 0, 999)
pval: [0.001] -- 124th test, time elapsed 22.018383502960205 -- emperical power so far (from test_start): 1.0
db insert success
(125, 400, 0.002, 2, 80000, 'elltwo', 'lapu', 3.7664235661953205, 0.0010000000474974513, 22.01937985420227, '2024-08-03 09:44:55', 0, 999)
pval: [0.001] -- 125th test, time elapsed 22.01937985420227 -- emperical power so far (from test_start): 1.0
db insert success
(126, 400, 0.002, 2, 80000, 'elltwo', 'lapu', 1.316995764671753, 0.01100000087171793, 22.027596950531006, '2024-08-03 09:45:35', 0, 999)
pval: [0.011] -- 126th test, time elapsed 22.027596950531006 -- emperical power so far (from test_start): 1.0
db insert success
(127, 400, 0.002, 2, 80000, 'elltwo', 'lapu', 1.031467540828031, 0.039000000804662704, 22.002313375473022, '2024-08-03 09:46:17', 0, 999)
pval: [0.039] -- 127th test, time elapsed 22.002313375473022 -- emperical power so far (from test_start): 1.0
db insert success
(128, 400, 0.002, 2, 80000, 'elltwo', 'lapu', 2.7693910093351324, 0.0010000000474974513, 22.025715112686157, '2024-08-03 09:46:40', 0, 999)
pval: [0.001] -- 128th test, time elapsed 22.025715112686157 -- emperical power so far (from test_start): 1.0
db insert success
(129, 400, 0.002, 2, 80000, 'elltwo', 'lapu', 1.3581367072229298, 0.014000000432133675, 22.026548147201538, '2024-08-03 09:47:11', 0, 999)
pval: [0.014] -- 129th test, time elapsed 22.026548147201538 -- emperical power so far (from test_start): 1.0
db insert success
(130, 400, 0.002, 2, 80000, 'elltwo', 'lapu', 2.0132634394938416, 0.0010000000474974513, 22.0140860080719, '2024-08-03 09:47:53', 0, 999)
pval: [0.001] -- 130th test, time elapsed 22.0140860080719 -- emperical power so far (from test_start): 1.0
db insert success
(131, 400, 0.002, 2, 80000, 'elltwo', 'lapu', 4.095807976947771, 0.0010000000474974513, 22.032798528671265, '2024-08-03 09:48:36', 0, 999)
pval: [0.001] -- 131th test, time elapsed 22.032798528671265 -- emperical power so far (from test_start): 1.0
db insert success
(132, 400, 0.002, 2, 80000, 'elltwo', 'lapu', 2.5587380563980955, 0.0010000000474974513, 22.012547254562378, '2024-08-03 09:49:10', 0, 999)
pval: [0.001] -- 132th test, time elapsed 22.012547254562378 -- emperical power so far (from test_start): 1.0
db insert success
(133, 400, 0.002, 2, 80000, 'elltwo', 'lapu', 2.336708166296025, 0.0010000000474974513, 22.02819037437439, '2024-08-03 09:49:47', 0, 999)
pval: [0.001] -- 133th test, time elapsed 22.02819037437439 -- emperical power so far (from test_start): 1.0
db insert success
(134, 400, 0.002, 2, 80000, 'elltwo', 'lapu', 2.2140401223078765, 0.0010000000474974513, 22.00058388710022, '2024-08-03 09:50:29', 0, 999)
pval: [0.001] -- 134th test, time elapsed 22.00058388710022 -- emperical power so far (from test_start): 1.0
db insert success
(135, 400, 0.002, 2, 80000, 'elltwo', 'lapu', 3.0756805747448244, 0.0010000000474974513, 22.002965927124023, '2024-08-03 09:51:05', 0, 999)
pval: [0.001] -- 135th test, time elapsed 22.002965927124023 -- emperical power so far (from test_start): 1.0
db insert success
(136, 400, 0.002, 2, 80000, 'elltwo', 'lapu', 3.005179377844258, 0.0010000000474974513, 22.007278203964233, '2024-08-03 09:51:41', 0, 999)
pval: [0.001] -- 136th test, time elapsed 22.007278203964233 -- emperical power so far (from test_start): 1.0
db insert success
(137, 400, 0.002, 2, 80000, 'elltwo', 'lapu', 3.587284157016954, 0.0010000000474974513, 22.031790494918823, '2024-08-03 09:52:15', 0, 999)
pval: [0.001] -- 137th test, time elapsed 22.031790494918823 -- emperical power so far (from test_start): 1.0
db insert success
(138, 400, 0.002, 2, 80000, 'elltwo', 'lapu', 3.2475463805213116, 0.0010000000474974513, 22.014334440231323, '2024-08-03 09:52:39', 0, 999)
pval: [0.001] -- 138th test, time elapsed 22.014334440231323 -- emperical power so far (from test_start): 1.0
db insert success
(139, 400, 0.002, 2, 80000, 'elltwo', 'lapu', 2.795496010868216, 0.0010000000474974513, 22.009952783584595, '2024-08-03 09:53:08', 0, 999)
pval: [0.001] -- 139th test, time elapsed 22.009952783584595 -- emperical power so far (from test_start): 1.0
db insert success
(140, 400, 0.002, 2, 80000, 'elltwo', 'lapu', 2.456890933579301, 0.0010000000474974513, 22.01105046272278, '2024-08-03 09:53:33', 0, 999)
pval: [0.001] -- 140th test, time elapsed 22.01105046272278 -- emperical power so far (from test_start): 1.0
db insert success
(141, 400, 0.002, 2, 80000, 'elltwo', 'lapu', 3.730043986498897, 0.0010000000474974513, 22.011804580688477, '2024-08-03 09:54:15', 0, 999)
pval: [0.001] -- 141th test, time elapsed 22.011804580688477 -- emperical power so far (from test_start): 1.0
db insert success
(142, 400, 0.002, 2, 80000, 'elltwo', 'lapu', 1.4204335045285943, 0.012000000104308128, 22.040071487426758, '2024-08-03 09:54:53', 0, 999)
pval: [0.012] -- 142th test, time elapsed 22.040071487426758 -- emperical power so far (from test_start): 1.0
db insert success
(143, 400, 0.002, 2, 80000, 'elltwo', 'lapu', 2.208119037955892, 0.0010000000474974513, 22.065072536468506, '2024-08-03 09:55:32', 0, 999)
pval: [0.001] -- 143th test, time elapsed 22.065072536468506 -- emperical power so far (from test_start): 1.0
db insert success
(144, 400, 0.002, 2, 80000, 'elltwo', 'lapu', 1.8139805320434412, 0.0010000000474974513, 22.047035694122314, '2024-08-03 09:55:57', 0, 999)
pval: [0.001] -- 144th test, time elapsed 22.047035694122314 -- emperical power so far (from test_start): 1.0
db insert success
(145, 400, 0.002, 2, 80000, 'elltwo', 'lapu', 3.1533863023633675, 0.0010000000474974513, 22.04961347579956, '2024-08-03 09:56:32', 0, 999)
pval: [0.001] -- 145th test, time elapsed 22.04961347579956 -- emperical power so far (from test_start): 1.0
db insert success
(146, 400, 0.002, 2, 80000, 'elltwo', 'lapu', 1.8582394529830095, 0.0010000000474974513, 22.052687883377075, '2024-08-03 09:57:10', 0, 999)
pval: [0.001] -- 146th test, time elapsed 22.052687883377075 -- emperical power so far (from test_start): 1.0
db insert success
(147, 400, 0.002, 2, 80000, 'elltwo', 'lapu', 3.5698176055769157, 0.0010000000474974513, 22.047924041748047, '2024-08-03 09:57:38', 0, 999)
pval: [0.001] -- 147th test, time elapsed 22.047924041748047 -- emperical power so far (from test_start): 1.0
db insert success
(148, 400, 0.002, 2, 80000, 'elltwo', 'lapu', 1.5930061122898542, 0.0010000000474974513, 22.048844814300537, '2024-08-03 09:58:10', 0, 999)
pval: [0.001] -- 148th test, time elapsed 22.048844814300537 -- emperical power so far (from test_start): 1.0
db insert success
(149, 400, 0.002, 2, 80000, 'elltwo', 'lapu', 2.6858443373451175, 0.0010000000474974513, 22.050438165664673, '2024-08-03 09:58:46', 0, 999)
pval: [0.001] -- 149th test, time elapsed 22.050438165664673 -- emperical power so far (from test_start): 1.0
db insert success
(150, 400, 0.002, 2, 80000, 'elltwo', 'lapu', 1.7977163031332157, 0.004000000189989805, 22.047967195510864, '2024-08-03 09:59:28', 0, 999)
pval: [0.004] -- 150th test, time elapsed 22.047967195510864 -- emperical power so far (from test_start): 1.0
db insert success
(151, 400, 0.002, 2, 80000, 'elltwo', 'lapu', 3.548678784639314, 0.0010000000474974513, 22.05269956588745, '2024-08-03 10:00:07', 0, 999)
pval: [0.001] -- 151th test, time elapsed 22.05269956588745 -- emperical power so far (from test_start): 1.0
db insert success
(152, 400, 0.002, 2, 80000, 'elltwo', 'lapu', 2.6806201852601492, 0.0010000000474974513, 22.046677112579346, '2024-08-03 10:00:48', 0, 999)
pval: [0.001] -- 152th test, time elapsed 22.046677112579346 -- emperical power so far (from test_start): 1.0
db insert success
(153, 400, 0.002, 2, 80000, 'elltwo', 'lapu', 1.8231370649908842, 0.0020000000949949026, 22.0537052154541, '2024-08-03 10:01:16', 0, 999)
pval: [0.002] -- 153th test, time elapsed 22.0537052154541 -- emperical power so far (from test_start): 1.0
db insert success
(154, 400, 0.002, 2, 80000, 'elltwo', 'lapu', 3.014437125468403, 0.0010000000474974513, 22.055184602737427, '2024-08-03 10:01:43', 0, 999)
pval: [0.001] -- 154th test, time elapsed 22.055184602737427 -- emperical power so far (from test_start): 1.0
db insert success
(155, 400, 0.002, 2, 80000, 'elltwo', 'lapu', 3.0059746424041034, 0.0010000000474974513, 22.050415515899658, '2024-08-03 10:02:13', 0, 999)
pval: [0.001] -- 155th test, time elapsed 22.050415515899658 -- emperical power so far (from test_start): 1.0
db insert success
(156, 400, 0.002, 2, 80000, 'elltwo', 'lapu', 3.8316924304216498, 0.0010000000474974513, 22.05698275566101, '2024-08-03 10:02:40', 0, 999)
pval: [0.001] -- 156th test, time elapsed 22.05698275566101 -- emperical power so far (from test_start): 1.0
db insert success
(157, 400, 0.002, 2, 80000, 'elltwo', 'lapu', 2.4303202422402856, 0.0010000000474974513, 22.044941425323486, '2024-08-03 10:03:22', 0, 999)
pval: [0.001] -- 157th test, time elapsed 22.044941425323486 -- emperical power so far (from test_start): 1.0
db insert success
(158, 400, 0.002, 2, 80000, 'elltwo', 'lapu', 2.151372511472788, 0.0020000000949949026, 22.050168991088867, '2024-08-03 10:03:59', 0, 999)
pval: [0.002] -- 158th test, time elapsed 22.050168991088867 -- emperical power so far (from test_start): 1.0
db insert success
(159, 400, 0.002, 2, 80000, 'elltwo', 'lapu', 2.9181867341845202, 0.0010000000474974513, 22.027440071105957, '2024-08-03 10:04:26', 0, 999)
pval: [0.001] -- 159th test, time elapsed 22.027440071105957 -- emperical power so far (from test_start): 1.0
db insert success
(160, 400, 0.002, 2, 80000, 'elltwo', 'lapu', 1.9901126522910602, 0.0010000000474974513, 22.072670459747314, '2024-08-03 10:04:49', 0, 999)
pval: [0.001] -- 160th test, time elapsed 22.072670459747314 -- emperical power so far (from test_start): 1.0
db insert success
(161, 400, 0.002, 2, 80000, 'elltwo', 'lapu', 3.853571148916658, 0.0010000000474974513, 22.04747986793518, '2024-08-03 10:05:29', 0, 999)
pval: [0.001] -- 161th test, time elapsed 22.04747986793518 -- emperical power so far (from test_start): 1.0
db insert success
(162, 400, 0.002, 2, 80000, 'elltwo', 'lapu', 3.274600868881966, 0.0010000000474974513, 22.068615913391113, '2024-08-03 10:05:56', 0, 999)
pval: [0.001] -- 162th test, time elapsed 22.068615913391113 -- emperical power so far (from test_start): 1.0
db insert success
(163, 400, 0.002, 2, 80000, 'elltwo', 'lapu', 2.7959451635361185, 0.0010000000474974513, 22.071566343307495, '2024-08-03 10:06:22', 0, 999)
pval: [0.001] -- 163th test, time elapsed 22.071566343307495 -- emperical power so far (from test_start): 1.0
db insert success
(164, 400, 0.002, 2, 80000, 'elltwo', 'lapu', 2.9124539450222993, 0.0010000000474974513, 22.057993173599243, '2024-08-03 10:06:53', 0, 999)
pval: [0.001] -- 164th test, time elapsed 22.057993173599243 -- emperical power so far (from test_start): 1.0
db insert success
(165, 400, 0.002, 2, 80000, 'elltwo', 'lapu', 2.4325842885556073, 0.0010000000474974513, 22.05716609954834, '2024-08-03 10:07:23', 0, 999)
pval: [0.001] -- 165th test, time elapsed 22.05716609954834 -- emperical power so far (from test_start): 1.0
db insert success
(166, 400, 0.002, 2, 80000, 'elltwo', 'lapu', 3.9079563428658863, 0.0010000000474974513, 22.056997299194336, '2024-08-03 10:07:59', 0, 999)
pval: [0.001] -- 166th test, time elapsed 22.056997299194336 -- emperical power so far (from test_start): 1.0
db insert success
(167, 400, 0.002, 2, 80000, 'elltwo', 'lapu', 1.6042256903899212, 0.006000000052154064, 22.06644630432129, '2024-08-03 10:08:40', 0, 999)
pval: [0.006] -- 167th test, time elapsed 22.06644630432129 -- emperical power so far (from test_start): 1.0
db insert success
(168, 400, 0.002, 2, 80000, 'elltwo', 'lapu', 1.9239678174523431, 0.0010000000474974513, 22.052359580993652, '2024-08-03 10:09:21', 0, 999)
pval: [0.001] -- 168th test, time elapsed 22.052359580993652 -- emperical power so far (from test_start): 1.0
db insert success
(169, 400, 0.002, 2, 80000, 'elltwo', 'lapu', 3.76018332772467, 0.0010000000474974513, 22.048571348190308, '2024-08-03 10:09:53', 0, 999)
pval: [0.001] -- 169th test, time elapsed 22.048571348190308 -- emperical power so far (from test_start): 1.0
db insert success
(170, 400, 0.002, 2, 80000, 'elltwo', 'lapu', 1.6107488621408015, 0.006000000052154064, 22.03515124320984, '2024-08-03 10:10:20', 0, 999)
pval: [0.006] -- 170th test, time elapsed 22.03515124320984 -- emperical power so far (from test_start): 1.0
db insert success
(171, 400, 0.002, 2, 80000, 'elltwo', 'lapu', 2.385119847267592, 0.0010000000474974513, 22.067811489105225, '2024-08-03 10:10:49', 0, 999)
pval: [0.001] -- 171th test, time elapsed 22.067811489105225 -- emperical power so far (from test_start): 1.0
db insert success
(172, 400, 0.002, 2, 80000, 'elltwo', 'lapu', 1.4918646448391684, 0.004000000189989805, 22.053080320358276, '2024-08-03 10:11:24', 0, 999)
pval: [0.004] -- 172th test, time elapsed 22.053080320358276 -- emperical power so far (from test_start): 1.0
db insert success
(173, 400, 0.002, 2, 80000, 'elltwo', 'lapu', 2.377033138540172, 0.0010000000474974513, 22.05484414100647, '2024-08-03 10:11:52', 0, 999)
pval: [0.001] -- 173th test, time elapsed 22.05484414100647 -- emperical power so far (from test_start): 1.0
db insert success
(174, 400, 0.002, 2, 80000, 'elltwo', 'lapu', 1.14286050117199, 0.02200000174343586, 22.05395793914795, '2024-08-03 10:12:27', 0, 999)
pval: [0.022] -- 174th test, time elapsed 22.05395793914795 -- emperical power so far (from test_start): 1.0
db insert success
(175, 400, 0.002, 2, 80000, 'elltwo', 'lapu', 3.7347436623536447, 0.0010000000474974513, 22.054299116134644, '2024-08-03 10:13:02', 0, 999)
pval: [0.001] -- 175th test, time elapsed 22.054299116134644 -- emperical power so far (from test_start): 1.0
db insert success
(176, 400, 0.002, 2, 80000, 'elltwo', 'lapu', 2.2573690851342825, 0.0010000000474974513, 22.11096477508545, '2024-08-03 10:13:45', 0, 999)
pval: [0.001] -- 176th test, time elapsed 22.11096477508545 -- emperical power so far (from test_start): 1.0
db insert success
(177, 400, 0.002, 2, 80000, 'elltwo', 'lapu', 2.8483681627688613, 0.0010000000474974513, 22.075077533721924, '2024-08-03 10:14:20', 0, 999)
pval: [0.001] -- 177th test, time elapsed 22.075077533721924 -- emperical power so far (from test_start): 1.0
db insert success
(178, 400, 0.002, 2, 80000, 'elltwo', 'lapu', 2.430301867159371, 0.0010000000474974513, 22.12272882461548, '2024-08-03 10:14:54', 0, 999)
pval: [0.001] -- 178th test, time elapsed 22.12272882461548 -- emperical power so far (from test_start): 1.0
db insert success
(179, 400, 0.002, 2, 80000, 'elltwo', 'lapu', 2.253287456562349, 0.0010000000474974513, 22.083110332489014, '2024-08-03 10:15:32', 0, 999)
pval: [0.001] -- 179th test, time elapsed 22.083110332489014 -- emperical power so far (from test_start): 1.0
db insert success
(180, 400, 0.002, 2, 80000, 'elltwo', 'lapu', 3.7352332926913068, 0.0010000000474974513, 22.027706623077393, '2024-08-03 10:16:01', 0, 999)
pval: [0.001] -- 180th test, time elapsed 22.027706623077393 -- emperical power so far (from test_start): 1.0
db insert success
(181, 400, 0.002, 2, 80000, 'elltwo', 'lapu', 2.065027751996551, 0.0020000000949949026, 22.064573287963867, '2024-08-03 10:16:42', 0, 999)
pval: [0.002] -- 181th test, time elapsed 22.064573287963867 -- emperical power so far (from test_start): 1.0
db insert success
(182, 400, 0.002, 2, 80000, 'elltwo', 'lapu', 2.3575758724453166, 0.0010000000474974513, 22.095483779907227, '2024-08-03 10:17:16', 0, 999)
pval: [0.001] -- 182th test, time elapsed 22.095483779907227 -- emperical power so far (from test_start): 1.0
db insert success
(183, 400, 0.002, 2, 80000, 'elltwo', 'lapu', 2.7200532248278755, 0.0010000000474974513, 22.07071566581726, '2024-08-03 10:17:54', 0, 999)
pval: [0.001] -- 183th test, time elapsed 22.07071566581726 -- emperical power so far (from test_start): 1.0
db insert success
(184, 400, 0.002, 2, 80000, 'elltwo', 'lapu', 2.292743422968942, 0.0010000000474974513, 21.97760319709778, '2024-08-03 10:18:34', 0, 999)
pval: [0.001] -- 184th test, time elapsed 21.97760319709778 -- emperical power so far (from test_start): 1.0
db insert success
(185, 400, 0.002, 2, 80000, 'elltwo', 'lapu', 2.836684193573197, 0.0010000000474974513, 21.98390030860901, '2024-08-03 10:19:07', 0, 999)
pval: [0.001] -- 185th test, time elapsed 21.98390030860901 -- emperical power so far (from test_start): 1.0
db insert success
(186, 400, 0.002, 2, 80000, 'elltwo', 'lapu', 2.6991008048238454, 0.0010000000474974513, 21.978388786315918, '2024-08-03 10:19:42', 0, 999)
pval: [0.001] -- 186th test, time elapsed 21.978388786315918 -- emperical power so far (from test_start): 1.0
db insert success
(187, 400, 0.002, 2, 80000, 'elltwo', 'lapu', 1.6441743020744277, 0.0020000000949949026, 21.9711971282959, '2024-08-03 10:20:19', 0, 999)
pval: [0.002] -- 187th test, time elapsed 21.9711971282959 -- emperical power so far (from test_start): 1.0
db insert success
(188, 400, 0.002, 2, 80000, 'elltwo', 'lapu', 2.9142254049749643, 0.0010000000474974513, 21.986680507659912, '2024-08-03 10:20:56', 0, 999)
pval: [0.001] -- 188th test, time elapsed 21.986680507659912 -- emperical power so far (from test_start): 1.0
db insert success
(189, 400, 0.002, 2, 80000, 'elltwo', 'lapu', 1.6768174075981066, 0.003000000026077032, 21.98667883872986, '2024-08-03 10:21:34', 0, 999)
pval: [0.003] -- 189th test, time elapsed 21.98667883872986 -- emperical power so far (from test_start): 1.0
db insert success
(190, 400, 0.002, 2, 80000, 'elltwo', 'lapu', 3.7475711957365654, 0.0010000000474974513, 21.98500657081604, '2024-08-03 10:22:15', 0, 999)
pval: [0.001] -- 190th test, time elapsed 21.98500657081604 -- emperical power so far (from test_start): 1.0
db insert success
(191, 400, 0.002, 2, 80000, 'elltwo', 'lapu', 3.429459385824284, 0.0010000000474974513, 21.996877670288086, '2024-08-03 10:22:40', 0, 999)
pval: [0.001] -- 191th test, time elapsed 21.996877670288086 -- emperical power so far (from test_start): 1.0
db insert success
(192, 400, 0.002, 2, 80000, 'elltwo', 'lapu', 3.6318904814206556, 0.0010000000474974513, 21.99497699737549, '2024-08-03 10:23:11', 0, 999)
pval: [0.001] -- 192th test, time elapsed 21.99497699737549 -- emperical power so far (from test_start): 1.0
db insert success
(193, 400, 0.002, 2, 80000, 'elltwo', 'lapu', 1.8935441376502038, 0.0010000000474974513, 21.990808486938477, '2024-08-03 10:23:34', 0, 999)
pval: [0.001] -- 193th test, time elapsed 21.990808486938477 -- emperical power so far (from test_start): 1.0
db insert success
(194, 400, 0.002, 2, 80000, 'elltwo', 'lapu', 1.6500606295273772, 0.006000000052154064, 21.971170663833618, '2024-08-03 10:24:01', 0, 999)
pval: [0.006] -- 194th test, time elapsed 21.971170663833618 -- emperical power so far (from test_start): 1.0
db insert success
(195, 400, 0.002, 2, 80000, 'elltwo', 'lapu', 1.8920650307741769, 0.0010000000474974513, 21.97655487060547, '2024-08-03 10:24:27', 0, 999)
pval: [0.001] -- 195th test, time elapsed 21.97655487060547 -- emperical power so far (from test_start): 1.0
db insert success
(196, 400, 0.002, 2, 80000, 'elltwo', 'lapu', 2.765530311864346, 0.0010000000474974513, 21.985848426818848, '2024-08-03 10:25:02', 0, 999)
pval: [0.001] -- 196th test, time elapsed 21.985848426818848 -- emperical power so far (from test_start): 1.0
db insert success
(197, 400, 0.002, 2, 80000, 'elltwo', 'lapu', 2.6880615020485488, 0.0010000000474974513, 21.981017112731934, '2024-08-03 10:25:31', 0, 999)
pval: [0.001] -- 197th test, time elapsed 21.981017112731934 -- emperical power so far (from test_start): 1.0
db insert success
(198, 400, 0.002, 2, 80000, 'elltwo', 'lapu', 2.0797642684459223, 0.0010000000474974513, 21.991881370544434, '2024-08-03 10:26:04', 0, 999)
pval: [0.001] -- 198th test, time elapsed 21.991881370544434 -- emperical power so far (from test_start): 1.0
db insert success
(199, 400, 0.002, 2, 80000, 'elltwo', 'lapu', 2.3733240376593865, 0.0010000000474974513, 21.98816227912903, '2024-08-03 10:26:33', 0, 999)
pval: [0.001] -- 199th test, time elapsed 21.98816227912903 -- emperical power so far (from test_start): 1.0
db insert success
(200, 400, 0.002, 2, 80000, 'elltwo', 'lapu', 2.883638180654485, 0.0010000000474974513, 21.98877215385437, '2024-08-03 10:27:04', 0, 999)
pval: [0.001] -- 200th test, time elapsed 21.98877215385437 -- emperical power so far (from test_start): 1.0
db insert success
6673.158504724503
