tensor([0.0001, 0.0019, 0.0001, 0.0019, 0.0001, 0.0019, 0.0001, 0.0019, 0.0001,
        0.0019, 0.0001, 0.0019, 0.0001, 0.0019, 0.0001, 0.0019, 0.0001, 0.0019,
        0.0001, 0.0019, 0.0001, 0.0019, 0.0001, 0.0019, 0.0001, 0.0019, 0.0001,
        0.0019, 0.0001, 0.0019, 0.0001, 0.0019, 0.0001, 0.0019, 0.0001, 0.0019,
        0.0001, 0.0019, 0.0001, 0.0019, 0.0001, 0.0019, 0.0001, 0.0019, 0.0001,
        0.0019, 0.0001, 0.0019, 0.0001, 0.0019, 0.0001, 0.0019, 0.0001, 0.0019,
        0.0001, 0.0019, 0.0001, 0.0019, 0.0001, 0.0019, 0.0001, 0.0019, 0.0001,
        0.0019, 0.0001, 0.0019, 0.0001, 0.0019, 0.0001, 0.0019, 0.0001, 0.0019,
        0.0001, 0.0019, 0.0001, 0.0019, 0.0001, 0.0019, 0.0001, 0.0019, 0.0001,
        0.0019, 0.0001, 0.0019, 0.0001, 0.0019, 0.0001, 0.0019, 0.0001, 0.0019,
        0.0001, 0.0019, 0.0001, 0.0019, 0.0001, 0.0019, 0.0001, 0.0019, 0.0001,
        0.0019, 0.0001, 0.0019, 0.0001, 0.0019, 0.0001, 0.0019, 0.0001, 0.0019,
        0.0001, 0.0019, 0.0001, 0.0019, 0.0001, 0.0019, 0.0001, 0.0019, 0.0001,
        0.0019, 0.0001, 0.0019, 0.0001, 0.0019, 0.0001, 0.0019, 0.0001, 0.0019,
        0.0001, 0.0019, 0.0001, 0.0019, 0.0001, 0.0019, 0.0001, 0.0019, 0.0001,
        0.0019, 0.0001, 0.0019, 0.0001, 0.0019, 0.0001, 0.0019, 0.0001, 0.0019,
        0.0001, 0.0019, 0.0001, 0.0019, 0.0001, 0.0019, 0.0001, 0.0019, 0.0001,
        0.0019, 0.0001, 0.0019, 0.0001, 0.0019, 0.0001, 0.0019, 0.0001, 0.0019,
        0.0001, 0.0019, 0.0001, 0.0019, 0.0001, 0.0019, 0.0001, 0.0019, 0.0001,
        0.0019, 0.0001, 0.0019, 0.0001, 0.0019, 0.0001, 0.0019, 0.0001, 0.0019,
        0.0001, 0.0019, 0.0001, 0.0019, 0.0001, 0.0019, 0.0001, 0.0019, 0.0001,
        0.0019, 0.0001, 0.0019, 0.0001, 0.0019, 0.0001, 0.0019, 0.0001, 0.0019,
        0.0001, 0.0019, 0.0001, 0.0019, 0.0001, 0.0019, 0.0001, 0.0019, 0.0001,
        0.0019, 0.0001, 0.0019, 0.0001, 0.0019, 0.0001, 0.0019, 0.0001, 0.0019,
        0.0001, 0.0019, 0.0001, 0.0019, 0.0001, 0.0019, 0.0001, 0.0019, 0.0001,
        0.0019, 0.0001, 0.0019, 0.0001, 0.0019, 0.0001, 0.0019, 0.0001, 0.0019,
        0.0001, 0.0019, 0.0001, 0.0019, 0.0001, 0.0019, 0.0001, 0.0019, 0.0001,
        0.0019, 0.0001, 0.0019, 0.0001, 0.0019, 0.0001, 0.0019, 0.0001, 0.0019,
        0.0001, 0.0019, 0.0001, 0.0019, 0.0001, 0.0019, 0.0001, 0.0019, 0.0001,
        0.0019, 0.0001, 0.0019, 0.0001, 0.0019, 0.0001, 0.0019, 0.0001, 0.0019,
        0.0001, 0.0019, 0.0001, 0.0019, 0.0001, 0.0019, 0.0001, 0.0019, 0.0001,
        0.0019, 0.0001, 0.0019, 0.0001, 0.0019, 0.0001, 0.0019, 0.0001, 0.0019,
        0.0001, 0.0019, 0.0001, 0.0019, 0.0001, 0.0019, 0.0001, 0.0019, 0.0001,
        0.0019, 0.0001, 0.0019, 0.0001, 0.0019, 0.0001, 0.0019, 0.0001, 0.0019,
        0.0001, 0.0019, 0.0001, 0.0019, 0.0001, 0.0019, 0.0001, 0.0019, 0.0001,
        0.0019, 0.0001, 0.0019, 0.0001, 0.0019, 0.0001, 0.0019, 0.0001, 0.0019,
        0.0001, 0.0019, 0.0001, 0.0019, 0.0001, 0.0019, 0.0001, 0.0019, 0.0001,
        0.0019, 0.0001, 0.0019, 0.0001, 0.0019, 0.0001, 0.0019, 0.0001, 0.0019,
        0.0001, 0.0019, 0.0001, 0.0019, 0.0001, 0.0019, 0.0001, 0.0019, 0.0001,
        0.0019, 0.0001, 0.0019, 0.0001, 0.0019, 0.0001, 0.0019, 0.0001, 0.0019,
        0.0001, 0.0019, 0.0001, 0.0019, 0.0001, 0.0019, 0.0001, 0.0019, 0.0001,
        0.0019, 0.0001, 0.0019, 0.0001, 0.0019, 0.0001, 0.0019, 0.0001, 0.0019,
        0.0001, 0.0019, 0.0001, 0.0019, 0.0001, 0.0019, 0.0001, 0.0019, 0.0001,
        0.0019, 0.0001, 0.0019, 0.0001, 0.0019, 0.0001, 0.0019, 0.0001, 0.0019,
        0.0001, 0.0019, 0.0001, 0.0019, 0.0001, 0.0019, 0.0001, 0.0019, 0.0001,
        0.0019, 0.0001, 0.0019, 0.0001, 0.0019, 0.0001, 0.0019, 0.0001, 0.0019,
        0.0001, 0.0019, 0.0001, 0.0019, 0.0001, 0.0019, 0.0001, 0.0019, 0.0001,
        0.0019, 0.0001, 0.0019, 0.0001, 0.0019, 0.0001, 0.0019, 0.0001, 0.0019,
        0.0001, 0.0019, 0.0001, 0.0019, 0.0001, 0.0019, 0.0001, 0.0019, 0.0001,
        0.0019, 0.0001, 0.0019, 0.0001, 0.0019, 0.0001, 0.0019, 0.0001, 0.0019,
        0.0001, 0.0019, 0.0001, 0.0019, 0.0001, 0.0019, 0.0001, 0.0019, 0.0001,
        0.0019, 0.0001, 0.0019, 0.0001, 0.0019, 0.0001, 0.0019, 0.0001, 0.0019,
        0.0001, 0.0019, 0.0001, 0.0019, 0.0001, 0.0019, 0.0001, 0.0019, 0.0001,
        0.0019, 0.0001, 0.0019, 0.0001, 0.0019, 0.0001, 0.0019, 0.0001, 0.0019,
        0.0001, 0.0019, 0.0001, 0.0019, 0.0001, 0.0019, 0.0001, 0.0019, 0.0001,
        0.0019, 0.0001, 0.0019, 0.0001, 0.0019, 0.0001, 0.0019, 0.0001, 0.0019,
        0.0001, 0.0019, 0.0001, 0.0019, 0.0001, 0.0019, 0.0001, 0.0019, 0.0001,
        0.0019, 0.0001, 0.0019, 0.0001, 0.0019, 0.0001, 0.0019, 0.0001, 0.0019,
        0.0001, 0.0019, 0.0001, 0.0019, 0.0001, 0.0019, 0.0001, 0.0019, 0.0001,
        0.0019, 0.0001, 0.0019, 0.0001, 0.0019, 0.0001, 0.0019, 0.0001, 0.0019,
        0.0001, 0.0019, 0.0001, 0.0019, 0.0001, 0.0019, 0.0001, 0.0019, 0.0001,
        0.0019, 0.0001, 0.0019, 0.0001, 0.0019, 0.0001, 0.0019, 0.0001, 0.0019,
        0.0001, 0.0019, 0.0001, 0.0019, 0.0001, 0.0019, 0.0001, 0.0019, 0.0001,
        0.0019, 0.0001, 0.0019, 0.0001, 0.0019, 0.0001, 0.0019, 0.0001, 0.0019,
        0.0001, 0.0019, 0.0001, 0.0019, 0.0001, 0.0019, 0.0001, 0.0019, 0.0001,
        0.0019, 0.0001, 0.0019, 0.0001, 0.0019, 0.0001, 0.0019, 0.0001, 0.0019,
        0.0001, 0.0019, 0.0001, 0.0019, 0.0001, 0.0019, 0.0001, 0.0019, 0.0001,
        0.0019, 0.0001, 0.0019, 0.0001, 0.0019, 0.0001, 0.0019, 0.0001, 0.0019,
        0.0001, 0.0019, 0.0001, 0.0019, 0.0001, 0.0019, 0.0001, 0.0019, 0.0001,
        0.0019, 0.0001, 0.0019, 0.0001, 0.0019, 0.0001, 0.0019, 0.0001, 0.0019,
        0.0001, 0.0019, 0.0001, 0.0019, 0.0001, 0.0019, 0.0001, 0.0019, 0.0001,
        0.0019, 0.0001, 0.0019, 0.0001, 0.0019, 0.0001, 0.0019, 0.0001, 0.0019,
        0.0001, 0.0019, 0.0001, 0.0019, 0.0001, 0.0019, 0.0001, 0.0019, 0.0001,
        0.0019, 0.0001, 0.0019, 0.0001, 0.0019, 0.0001, 0.0019, 0.0001, 0.0019,
        0.0001, 0.0019, 0.0001, 0.0019, 0.0001, 0.0019, 0.0001, 0.0019, 0.0001,
        0.0019, 0.0001, 0.0019, 0.0001, 0.0019, 0.0001, 0.0019, 0.0001, 0.0019,
        0.0001, 0.0019, 0.0001, 0.0019, 0.0001, 0.0019, 0.0001, 0.0019, 0.0001,
        0.0019, 0.0001, 0.0019, 0.0001, 0.0019, 0.0001, 0.0019, 0.0001, 0.0019,
        0.0001, 0.0019, 0.0001, 0.0019, 0.0001, 0.0019, 0.0001, 0.0019, 0.0001,
        0.0019, 0.0001, 0.0019, 0.0001, 0.0019, 0.0001, 0.0019, 0.0001, 0.0019,
        0.0001, 0.0019, 0.0001, 0.0019, 0.0001, 0.0019, 0.0001, 0.0019, 0.0001,
        0.0019, 0.0001, 0.0019, 0.0001, 0.0019, 0.0001, 0.0019, 0.0001, 0.0019,
        0.0001, 0.0019, 0.0001, 0.0019, 0.0001, 0.0019, 0.0001, 0.0019, 0.0001,
        0.0019, 0.0001, 0.0019, 0.0001, 0.0019, 0.0001, 0.0019, 0.0001, 0.0019,
        0.0001, 0.0019, 0.0001, 0.0019, 0.0001, 0.0019, 0.0001, 0.0019, 0.0001,
        0.0019, 0.0001, 0.0019, 0.0001, 0.0019, 0.0001, 0.0019, 0.0001, 0.0019,
        0.0001, 0.0019, 0.0001, 0.0019, 0.0001, 0.0019, 0.0001, 0.0019, 0.0001,
        0.0019, 0.0001, 0.0019, 0.0001, 0.0019, 0.0001, 0.0019, 0.0001, 0.0019,
        0.0001, 0.0019, 0.0001, 0.0019, 0.0001, 0.0019, 0.0001, 0.0019, 0.0001,
        0.0019, 0.0001, 0.0019, 0.0001, 0.0019, 0.0001, 0.0019, 0.0001, 0.0019,
        0.0001, 0.0019, 0.0001, 0.0019, 0.0001, 0.0019, 0.0001, 0.0019, 0.0001,
        0.0019, 0.0001, 0.0019, 0.0001, 0.0019, 0.0001, 0.0019, 0.0001, 0.0019,
        0.0001, 0.0019, 0.0001, 0.0019, 0.0001, 0.0019, 0.0001, 0.0019, 0.0001,
        0.0019, 0.0001, 0.0019, 0.0001, 0.0019, 0.0001, 0.0019, 0.0001, 0.0019,
        0.0001, 0.0019, 0.0001, 0.0019, 0.0001, 0.0019, 0.0001, 0.0019, 0.0001,
        0.0019, 0.0001, 0.0019, 0.0001, 0.0019, 0.0001, 0.0019, 0.0001, 0.0019,
        0.0001, 0.0019, 0.0001, 0.0019, 0.0001, 0.0019, 0.0001, 0.0019, 0.0001,
        0.0019, 0.0001, 0.0019, 0.0001, 0.0019, 0.0001, 0.0019, 0.0001, 0.0019,
        0.0001, 0.0019, 0.0001, 0.0019, 0.0001, 0.0019, 0.0001, 0.0019, 0.0001,
        0.0019, 0.0001, 0.0019, 0.0001, 0.0019, 0.0001, 0.0019, 0.0001, 0.0019,
        0.0001, 0.0019, 0.0001, 0.0019, 0.0001, 0.0019, 0.0001, 0.0019, 0.0001,
        0.0019, 0.0001, 0.0019, 0.0001, 0.0019, 0.0001, 0.0019, 0.0001, 0.0019,
        0.0001, 0.0019, 0.0001, 0.0019, 0.0001, 0.0019, 0.0001, 0.0019, 0.0001,
        0.0019, 0.0001, 0.0019, 0.0001, 0.0019, 0.0001, 0.0019, 0.0001, 0.0019,
        0.0001, 0.0019, 0.0001, 0.0019, 0.0001, 0.0019, 0.0001, 0.0019, 0.0001,
        0.0019, 0.0001, 0.0019, 0.0001, 0.0019, 0.0001, 0.0019, 0.0001, 0.0019,
        0.0001, 0.0019, 0.0001, 0.0019, 0.0001, 0.0019, 0.0001, 0.0019, 0.0001,
        0.0019, 0.0001, 0.0019, 0.0001, 0.0019, 0.0001, 0.0019, 0.0001, 0.0019,
        0.0001, 0.0019, 0.0001, 0.0019, 0.0001, 0.0019, 0.0001, 0.0019, 0.0001,
        0.0019, 0.0001, 0.0019, 0.0001, 0.0019, 0.0001, 0.0019, 0.0001, 0.0019,
        0.0001, 0.0019, 0.0001, 0.0019, 0.0001, 0.0019, 0.0001, 0.0019, 0.0001,
        0.0019])
tensor([0.0019, 0.0001, 0.0019, 0.0001, 0.0019, 0.0001, 0.0019, 0.0001, 0.0019,
        0.0001, 0.0019, 0.0001, 0.0019, 0.0001, 0.0019, 0.0001, 0.0019, 0.0001,
        0.0019, 0.0001, 0.0019, 0.0001, 0.0019, 0.0001, 0.0019, 0.0001, 0.0019,
        0.0001, 0.0019, 0.0001, 0.0019, 0.0001, 0.0019, 0.0001, 0.0019, 0.0001,
        0.0019, 0.0001, 0.0019, 0.0001, 0.0019, 0.0001, 0.0019, 0.0001, 0.0019,
        0.0001, 0.0019, 0.0001, 0.0019, 0.0001, 0.0019, 0.0001, 0.0019, 0.0001,
        0.0019, 0.0001, 0.0019, 0.0001, 0.0019, 0.0001, 0.0019, 0.0001, 0.0019,
        0.0001, 0.0019, 0.0001, 0.0019, 0.0001, 0.0019, 0.0001, 0.0019, 0.0001,
        0.0019, 0.0001, 0.0019, 0.0001, 0.0019, 0.0001, 0.0019, 0.0001, 0.0019,
        0.0001, 0.0019, 0.0001, 0.0019, 0.0001, 0.0019, 0.0001, 0.0019, 0.0001,
        0.0019, 0.0001, 0.0019, 0.0001, 0.0019, 0.0001, 0.0019, 0.0001, 0.0019,
        0.0001, 0.0019, 0.0001, 0.0019, 0.0001, 0.0019, 0.0001, 0.0019, 0.0001,
        0.0019, 0.0001, 0.0019, 0.0001, 0.0019, 0.0001, 0.0019, 0.0001, 0.0019,
        0.0001, 0.0019, 0.0001, 0.0019, 0.0001, 0.0019, 0.0001, 0.0019, 0.0001,
        0.0019, 0.0001, 0.0019, 0.0001, 0.0019, 0.0001, 0.0019, 0.0001, 0.0019,
        0.0001, 0.0019, 0.0001, 0.0019, 0.0001, 0.0019, 0.0001, 0.0019, 0.0001,
        0.0019, 0.0001, 0.0019, 0.0001, 0.0019, 0.0001, 0.0019, 0.0001, 0.0019,
        0.0001, 0.0019, 0.0001, 0.0019, 0.0001, 0.0019, 0.0001, 0.0019, 0.0001,
        0.0019, 0.0001, 0.0019, 0.0001, 0.0019, 0.0001, 0.0019, 0.0001, 0.0019,
        0.0001, 0.0019, 0.0001, 0.0019, 0.0001, 0.0019, 0.0001, 0.0019, 0.0001,
        0.0019, 0.0001, 0.0019, 0.0001, 0.0019, 0.0001, 0.0019, 0.0001, 0.0019,
        0.0001, 0.0019, 0.0001, 0.0019, 0.0001, 0.0019, 0.0001, 0.0019, 0.0001,
        0.0019, 0.0001, 0.0019, 0.0001, 0.0019, 0.0001, 0.0019, 0.0001, 0.0019,
        0.0001, 0.0019, 0.0001, 0.0019, 0.0001, 0.0019, 0.0001, 0.0019, 0.0001,
        0.0019, 0.0001, 0.0019, 0.0001, 0.0019, 0.0001, 0.0019, 0.0001, 0.0019,
        0.0001, 0.0019, 0.0001, 0.0019, 0.0001, 0.0019, 0.0001, 0.0019, 0.0001,
        0.0019, 0.0001, 0.0019, 0.0001, 0.0019, 0.0001, 0.0019, 0.0001, 0.0019,
        0.0001, 0.0019, 0.0001, 0.0019, 0.0001, 0.0019, 0.0001, 0.0019, 0.0001,
        0.0019, 0.0001, 0.0019, 0.0001, 0.0019, 0.0001, 0.0019, 0.0001, 0.0019,
        0.0001, 0.0019, 0.0001, 0.0019, 0.0001, 0.0019, 0.0001, 0.0019, 0.0001,
        0.0019, 0.0001, 0.0019, 0.0001, 0.0019, 0.0001, 0.0019, 0.0001, 0.0019,
        0.0001, 0.0019, 0.0001, 0.0019, 0.0001, 0.0019, 0.0001, 0.0019, 0.0001,
        0.0019, 0.0001, 0.0019, 0.0001, 0.0019, 0.0001, 0.0019, 0.0001, 0.0019,
        0.0001, 0.0019, 0.0001, 0.0019, 0.0001, 0.0019, 0.0001, 0.0019, 0.0001,
        0.0019, 0.0001, 0.0019, 0.0001, 0.0019, 0.0001, 0.0019, 0.0001, 0.0019,
        0.0001, 0.0019, 0.0001, 0.0019, 0.0001, 0.0019, 0.0001, 0.0019, 0.0001,
        0.0019, 0.0001, 0.0019, 0.0001, 0.0019, 0.0001, 0.0019, 0.0001, 0.0019,
        0.0001, 0.0019, 0.0001, 0.0019, 0.0001, 0.0019, 0.0001, 0.0019, 0.0001,
        0.0019, 0.0001, 0.0019, 0.0001, 0.0019, 0.0001, 0.0019, 0.0001, 0.0019,
        0.0001, 0.0019, 0.0001, 0.0019, 0.0001, 0.0019, 0.0001, 0.0019, 0.0001,
        0.0019, 0.0001, 0.0019, 0.0001, 0.0019, 0.0001, 0.0019, 0.0001, 0.0019,
        0.0001, 0.0019, 0.0001, 0.0019, 0.0001, 0.0019, 0.0001, 0.0019, 0.0001,
        0.0019, 0.0001, 0.0019, 0.0001, 0.0019, 0.0001, 0.0019, 0.0001, 0.0019,
        0.0001, 0.0019, 0.0001, 0.0019, 0.0001, 0.0019, 0.0001, 0.0019, 0.0001,
        0.0019, 0.0001, 0.0019, 0.0001, 0.0019, 0.0001, 0.0019, 0.0001, 0.0019,
        0.0001, 0.0019, 0.0001, 0.0019, 0.0001, 0.0019, 0.0001, 0.0019, 0.0001,
        0.0019, 0.0001, 0.0019, 0.0001, 0.0019, 0.0001, 0.0019, 0.0001, 0.0019,
        0.0001, 0.0019, 0.0001, 0.0019, 0.0001, 0.0019, 0.0001, 0.0019, 0.0001,
        0.0019, 0.0001, 0.0019, 0.0001, 0.0019, 0.0001, 0.0019, 0.0001, 0.0019,
        0.0001, 0.0019, 0.0001, 0.0019, 0.0001, 0.0019, 0.0001, 0.0019, 0.0001,
        0.0019, 0.0001, 0.0019, 0.0001, 0.0019, 0.0001, 0.0019, 0.0001, 0.0019,
        0.0001, 0.0019, 0.0001, 0.0019, 0.0001, 0.0019, 0.0001, 0.0019, 0.0001,
        0.0019, 0.0001, 0.0019, 0.0001, 0.0019, 0.0001, 0.0019, 0.0001, 0.0019,
        0.0001, 0.0019, 0.0001, 0.0019, 0.0001, 0.0019, 0.0001, 0.0019, 0.0001,
        0.0019, 0.0001, 0.0019, 0.0001, 0.0019, 0.0001, 0.0019, 0.0001, 0.0019,
        0.0001, 0.0019, 0.0001, 0.0019, 0.0001, 0.0019, 0.0001, 0.0019, 0.0001,
        0.0019, 0.0001, 0.0019, 0.0001, 0.0019, 0.0001, 0.0019, 0.0001, 0.0019,
        0.0001, 0.0019, 0.0001, 0.0019, 0.0001, 0.0019, 0.0001, 0.0019, 0.0001,
        0.0019, 0.0001, 0.0019, 0.0001, 0.0019, 0.0001, 0.0019, 0.0001, 0.0019,
        0.0001, 0.0019, 0.0001, 0.0019, 0.0001, 0.0019, 0.0001, 0.0019, 0.0001,
        0.0019, 0.0001, 0.0019, 0.0001, 0.0019, 0.0001, 0.0019, 0.0001, 0.0019,
        0.0001, 0.0019, 0.0001, 0.0019, 0.0001, 0.0019, 0.0001, 0.0019, 0.0001,
        0.0019, 0.0001, 0.0019, 0.0001, 0.0019, 0.0001, 0.0019, 0.0001, 0.0019,
        0.0001, 0.0019, 0.0001, 0.0019, 0.0001, 0.0019, 0.0001, 0.0019, 0.0001,
        0.0019, 0.0001, 0.0019, 0.0001, 0.0019, 0.0001, 0.0019, 0.0001, 0.0019,
        0.0001, 0.0019, 0.0001, 0.0019, 0.0001, 0.0019, 0.0001, 0.0019, 0.0001,
        0.0019, 0.0001, 0.0019, 0.0001, 0.0019, 0.0001, 0.0019, 0.0001, 0.0019,
        0.0001, 0.0019, 0.0001, 0.0019, 0.0001, 0.0019, 0.0001, 0.0019, 0.0001,
        0.0019, 0.0001, 0.0019, 0.0001, 0.0019, 0.0001, 0.0019, 0.0001, 0.0019,
        0.0001, 0.0019, 0.0001, 0.0019, 0.0001, 0.0019, 0.0001, 0.0019, 0.0001,
        0.0019, 0.0001, 0.0019, 0.0001, 0.0019, 0.0001, 0.0019, 0.0001, 0.0019,
        0.0001, 0.0019, 0.0001, 0.0019, 0.0001, 0.0019, 0.0001, 0.0019, 0.0001,
        0.0019, 0.0001, 0.0019, 0.0001, 0.0019, 0.0001, 0.0019, 0.0001, 0.0019,
        0.0001, 0.0019, 0.0001, 0.0019, 0.0001, 0.0019, 0.0001, 0.0019, 0.0001,
        0.0019, 0.0001, 0.0019, 0.0001, 0.0019, 0.0001, 0.0019, 0.0001, 0.0019,
        0.0001, 0.0019, 0.0001, 0.0019, 0.0001, 0.0019, 0.0001, 0.0019, 0.0001,
        0.0019, 0.0001, 0.0019, 0.0001, 0.0019, 0.0001, 0.0019, 0.0001, 0.0019,
        0.0001, 0.0019, 0.0001, 0.0019, 0.0001, 0.0019, 0.0001, 0.0019, 0.0001,
        0.0019, 0.0001, 0.0019, 0.0001, 0.0019, 0.0001, 0.0019, 0.0001, 0.0019,
        0.0001, 0.0019, 0.0001, 0.0019, 0.0001, 0.0019, 0.0001, 0.0019, 0.0001,
        0.0019, 0.0001, 0.0019, 0.0001, 0.0019, 0.0001, 0.0019, 0.0001, 0.0019,
        0.0001, 0.0019, 0.0001, 0.0019, 0.0001, 0.0019, 0.0001, 0.0019, 0.0001,
        0.0019, 0.0001, 0.0019, 0.0001, 0.0019, 0.0001, 0.0019, 0.0001, 0.0019,
        0.0001, 0.0019, 0.0001, 0.0019, 0.0001, 0.0019, 0.0001, 0.0019, 0.0001,
        0.0019, 0.0001, 0.0019, 0.0001, 0.0019, 0.0001, 0.0019, 0.0001, 0.0019,
        0.0001, 0.0019, 0.0001, 0.0019, 0.0001, 0.0019, 0.0001, 0.0019, 0.0001,
        0.0019, 0.0001, 0.0019, 0.0001, 0.0019, 0.0001, 0.0019, 0.0001, 0.0019,
        0.0001, 0.0019, 0.0001, 0.0019, 0.0001, 0.0019, 0.0001, 0.0019, 0.0001,
        0.0019, 0.0001, 0.0019, 0.0001, 0.0019, 0.0001, 0.0019, 0.0001, 0.0019,
        0.0001, 0.0019, 0.0001, 0.0019, 0.0001, 0.0019, 0.0001, 0.0019, 0.0001,
        0.0019, 0.0001, 0.0019, 0.0001, 0.0019, 0.0001, 0.0019, 0.0001, 0.0019,
        0.0001, 0.0019, 0.0001, 0.0019, 0.0001, 0.0019, 0.0001, 0.0019, 0.0001,
        0.0019, 0.0001, 0.0019, 0.0001, 0.0019, 0.0001, 0.0019, 0.0001, 0.0019,
        0.0001, 0.0019, 0.0001, 0.0019, 0.0001, 0.0019, 0.0001, 0.0019, 0.0001,
        0.0019, 0.0001, 0.0019, 0.0001, 0.0019, 0.0001, 0.0019, 0.0001, 0.0019,
        0.0001, 0.0019, 0.0001, 0.0019, 0.0001, 0.0019, 0.0001, 0.0019, 0.0001,
        0.0019, 0.0001, 0.0019, 0.0001, 0.0019, 0.0001, 0.0019, 0.0001, 0.0019,
        0.0001, 0.0019, 0.0001, 0.0019, 0.0001, 0.0019, 0.0001, 0.0019, 0.0001,
        0.0019, 0.0001, 0.0019, 0.0001, 0.0019, 0.0001, 0.0019, 0.0001, 0.0019,
        0.0001, 0.0019, 0.0001, 0.0019, 0.0001, 0.0019, 0.0001, 0.0019, 0.0001,
        0.0019, 0.0001, 0.0019, 0.0001, 0.0019, 0.0001, 0.0019, 0.0001, 0.0019,
        0.0001, 0.0019, 0.0001, 0.0019, 0.0001, 0.0019, 0.0001, 0.0019, 0.0001,
        0.0019, 0.0001, 0.0019, 0.0001, 0.0019, 0.0001, 0.0019, 0.0001, 0.0019,
        0.0001, 0.0019, 0.0001, 0.0019, 0.0001, 0.0019, 0.0001, 0.0019, 0.0001,
        0.0019, 0.0001, 0.0019, 0.0001, 0.0019, 0.0001, 0.0019, 0.0001, 0.0019,
        0.0001, 0.0019, 0.0001, 0.0019, 0.0001, 0.0019, 0.0001, 0.0019, 0.0001,
        0.0019, 0.0001, 0.0019, 0.0001, 0.0019, 0.0001, 0.0019, 0.0001, 0.0019,
        0.0001, 0.0019, 0.0001, 0.0019, 0.0001, 0.0019, 0.0001, 0.0019, 0.0001,
        0.0019, 0.0001, 0.0019, 0.0001, 0.0019, 0.0001, 0.0019, 0.0001, 0.0019,
        0.0001, 0.0019, 0.0001, 0.0019, 0.0001, 0.0019, 0.0001, 0.0019, 0.0001,
        0.0019, 0.0001, 0.0019, 0.0001, 0.0019, 0.0001, 0.0019, 0.0001, 0.0019,
        0.0001])
bitflipelltwo, alpha=1, sample size=290000
#########################################
tensor(-0.0004, device='cuda:0')
(3801, 1000, 0.0009, 1, 290000, 'elltwo', 'bitflip', -0.000396728515625, 0.0020000000949949026, 104.67191481590271, '2024-04-09 22:08:55')
pval: 0.0020000000949949026 -- 3801th test, time elapsed 104.67191481590271 -- emperical power so far: 1.0
db insert success
tensor(0.0002, device='cuda:0')
(3802, 1000, 0.0009, 1, 290000, 'elltwo', 'bitflip', 0.000152587890625, 0.0010000000474974513, 102.03934502601624, '2024-04-09 22:10:57')
pval: 0.0010000000474974513 -- 3802th test, time elapsed 102.03934502601624 -- emperical power so far: 1.0
db insert success
tensor(-0.0004, device='cuda:0')
(3803, 1000, 0.0009, 1, 290000, 'elltwo', 'bitflip', -0.00042724609375, 0.33800002932548523, 101.87170839309692, '2024-04-09 22:12:40')
pval: 0.33800002932548523 -- 3803th test, time elapsed 101.87170839309692 -- emperical power so far: 0.6666666666666666
db insert success
tensor(0.0001, device='cuda:0')
(3804, 1000, 0.0009, 1, 290000, 'elltwo', 'bitflip', 0.0001220703125, 0.0950000062584877, 101.81805801391602, '2024-04-09 22:14:37')
pval: 0.0950000062584877 -- 3804th test, time elapsed 101.81805801391602 -- emperical power so far: 0.5
db insert success
tensor(0.0002, device='cuda:0')
(3805, 1000, 0.0009, 1, 290000, 'elltwo', 'bitflip', 0.000152587890625, 0.0020000000949949026, 101.75165629386902, '2024-04-09 22:16:34')
pval: 0.0020000000949949026 -- 3805th test, time elapsed 101.75165629386902 -- emperical power so far: 0.6
db insert success
tensor(0.0002, device='cuda:0')
(3806, 1000, 0.0009, 1, 290000, 'elltwo', 'bitflip', 0.000152587890625, 0.04800000041723251, 101.70597720146179, '2024-04-09 22:18:36')
pval: 0.04800000041723251 -- 3806th test, time elapsed 101.70597720146179 -- emperical power so far: 0.6666666666666666
db insert success
tensor(-0.0004, device='cuda:0')
(3807, 1000, 0.0009, 1, 290000, 'elltwo', 'bitflip', -0.000396728515625, 0.0010000000474974513, 102.02726650238037, '2024-04-09 22:20:21')
pval: 0.0010000000474974513 -- 3807th test, time elapsed 102.02726650238037 -- emperical power so far: 0.7142857142857143
db insert success
tensor(0.0001, device='cuda:0')
(3808, 1000, 0.0009, 1, 290000, 'elltwo', 'bitflip', 0.0001220703125, 0.6490000486373901, 101.93872427940369, '2024-04-09 22:22:14')
pval: 0.6490000486373901 -- 3808th test, time elapsed 101.93872427940369 -- emperical power so far: 0.625
db insert success
tensor(0.0002, device='cuda:0')
(3809, 1000, 0.0009, 1, 290000, 'elltwo', 'bitflip', 0.000152587890625, 0.010000000707805157, 101.82191681861877, '2024-04-09 22:24:05')
pval: 0.010000000707805157 -- 3809th test, time elapsed 101.82191681861877 -- emperical power so far: 0.6666666666666666
db insert success
tensor(-0.0004, device='cuda:0')
(3810, 1000, 0.0009, 1, 290000, 'elltwo', 'bitflip', -0.000396728515625, 0.0020000000949949026, 101.51359701156616, '2024-04-09 22:26:01')
pval: 0.0020000000949949026 -- 3810th test, time elapsed 101.51359701156616 -- emperical power so far: 0.7
db insert success
tensor(0.0007, device='cuda:0')
(3811, 1000, 0.0009, 1, 290000, 'elltwo', 'bitflip', 0.000701904296875, 0.0010000000474974513, 102.01329159736633, '2024-04-09 22:27:48')
pval: 0.0010000000474974513 -- 3811th test, time elapsed 102.01329159736633 -- emperical power so far: 0.7272727272727273
db insert success
tensor(-0.0004, device='cuda:0')
(3812, 1000, 0.0009, 1, 290000, 'elltwo', 'bitflip', -0.000396728515625, 0.02200000174343586, 101.67195272445679, '2024-04-09 22:29:47')
pval: 0.02200000174343586 -- 3812th test, time elapsed 101.67195272445679 -- emperical power so far: 0.75
db insert success
tensor(0.0002, device='cuda:0')
(3813, 1000, 0.0009, 1, 290000, 'elltwo', 'bitflip', 0.000152587890625, 0.0010000000474974513, 101.47874188423157, '2024-04-09 22:31:44')
pval: 0.0010000000474974513 -- 3813th test, time elapsed 101.47874188423157 -- emperical power so far: 0.7692307692307693
db insert success
tensor(0.0007, device='cuda:0')
(3814, 1000, 0.0009, 1, 290000, 'elltwo', 'bitflip', 0.000701904296875, 0.0010000000474974513, 101.06688451766968, '2024-04-09 22:33:32')
pval: 0.0010000000474974513 -- 3814th test, time elapsed 101.06688451766968 -- emperical power so far: 0.7857142857142857
db insert success
tensor(-0.0009, device='cuda:0')
(3815, 1000, 0.0009, 1, 290000, 'elltwo', 'bitflip', -0.000946044921875, 0.42100003361701965, 101.10737323760986, '2024-04-09 22:35:29')
pval: 0.42100003361701965 -- 3815th test, time elapsed 101.10737323760986 -- emperical power so far: 0.7333333333333333
db insert success
tensor(-0.0009, device='cuda:0')
(3816, 1000, 0.0009, 1, 290000, 'elltwo', 'bitflip', -0.000946044921875, 0.4620000123977661, 101.11762571334839, '2024-04-09 22:37:14')
pval: 0.4620000123977661 -- 3816th test, time elapsed 101.11762571334839 -- emperical power so far: 0.6875
db insert success
tensor(-0.0004, device='cuda:0')
(3817, 1000, 0.0009, 1, 290000, 'elltwo', 'bitflip', -0.000396728515625, 0.0010000000474974513, 101.29517912864685, '2024-04-09 22:39:05')
pval: 0.0010000000474974513 -- 3817th test, time elapsed 101.29517912864685 -- emperical power so far: 0.7058823529411765
db insert success
tensor(-0.0004, device='cuda:0')
(3818, 1000, 0.0009, 1, 290000, 'elltwo', 'bitflip', -0.000396728515625, 0.06300000101327896, 101.24497032165527, '2024-04-09 22:40:51')
pval: 0.06300000101327896 -- 3818th test, time elapsed 101.24497032165527 -- emperical power so far: 0.6666666666666666
db insert success
tensor(-0.0004, device='cuda:0')
(3819, 1000, 0.0009, 1, 290000, 'elltwo', 'bitflip', -0.000396728515625, 0.0010000000474974513, 101.56889915466309, '2024-04-09 22:42:41')
pval: 0.0010000000474974513 -- 3819th test, time elapsed 101.56889915466309 -- emperical power so far: 0.6842105263157895
db insert success
tensor(-0.0004, device='cuda:0')
(3820, 1000, 0.0009, 1, 290000, 'elltwo', 'bitflip', -0.000396728515625, 0.02800000086426735, 101.84908866882324, '2024-04-09 22:44:41')
pval: 0.02800000086426735 -- 3820th test, time elapsed 101.84908866882324 -- emperical power so far: 0.7
db insert success
tensor(-0.0004, device='cuda:0')
(3821, 1000, 0.0009, 1, 290000, 'elltwo', 'bitflip', -0.000396728515625, 0.0010000000474974513, 101.9368827342987, '2024-04-09 22:46:38')
pval: 0.0010000000474974513 -- 3821th test, time elapsed 101.9368827342987 -- emperical power so far: 0.7142857142857143
db insert success
tensor(-0.0004, device='cuda:0')
(3822, 1000, 0.0009, 1, 290000, 'elltwo', 'bitflip', -0.00042724609375, 0.3020000159740448, 101.48160648345947, '2024-04-09 22:48:25')
pval: 0.3020000159740448 -- 3822th test, time elapsed 101.48160648345947 -- emperical power so far: 0.6818181818181818
db insert success
tensor(-0.0004, device='cuda:0')
(3823, 1000, 0.0009, 1, 290000, 'elltwo', 'bitflip', -0.00042724609375, 0.6620000600814819, 101.43735551834106, '2024-04-09 22:50:19')
pval: 0.6620000600814819 -- 3823th test, time elapsed 101.43735551834106 -- emperical power so far: 0.6521739130434783
db insert success
tensor(0.0002, device='cuda:0')
(3824, 1000, 0.0009, 1, 290000, 'elltwo', 'bitflip', 0.00018310546875, 0.0010000000474974513, 101.04399871826172, '2024-04-09 22:52:15')
pval: 0.0010000000474974513 -- 3824th test, time elapsed 101.04399871826172 -- emperical power so far: 0.6666666666666666
db insert success
tensor(-0.0004, device='cuda:0')
(3825, 1000, 0.0009, 1, 290000, 'elltwo', 'bitflip', -0.000396728515625, 0.3850000202655792, 101.49532914161682, '2024-04-09 22:54:07')
pval: 0.3850000202655792 -- 3825th test, time elapsed 101.49532914161682 -- emperical power so far: 0.64
db insert success
tensor(-0.0004, device='cuda:0')
(3826, 1000, 0.0009, 1, 290000, 'elltwo', 'bitflip', -0.000396728515625, 0.010000000707805157, 101.1091296672821, '2024-04-09 22:56:00')
pval: 0.010000000707805157 -- 3826th test, time elapsed 101.1091296672821 -- emperical power so far: 0.6538461538461539
db insert success
tensor(0.0001, device='cuda:0')
(3827, 1000, 0.0009, 1, 290000, 'elltwo', 'bitflip', 0.0001220703125, 0.07800000160932541, 101.18322587013245, '2024-04-09 22:57:44')
pval: 0.07800000160932541 -- 3827th test, time elapsed 101.18322587013245 -- emperical power so far: 0.6296296296296297
db insert success
tensor(9.1553e-05, device='cuda:0')
(3828, 1000, 0.0009, 1, 290000, 'elltwo', 'bitflip', 9.1552734375e-05, 0.46300002932548523, 101.7530746459961, '2024-04-09 22:59:42')
pval: 0.46300002932548523 -- 3828th test, time elapsed 101.7530746459961 -- emperical power so far: 0.6071428571428571
db insert success
tensor(0.0002, device='cuda:0')
(3829, 1000, 0.0009, 1, 290000, 'elltwo', 'bitflip', 0.000152587890625, 0.0020000000949949026, 101.24904155731201, '2024-04-09 23:01:33')
pval: 0.0020000000949949026 -- 3829th test, time elapsed 101.24904155731201 -- emperical power so far: 0.6206896551724138
db insert success
tensor(0.0001, device='cuda:0')
(3830, 1000, 0.0009, 1, 290000, 'elltwo', 'bitflip', 0.0001220703125, 0.29200002551078796, 101.09976315498352, '2024-04-09 23:03:16')
pval: 0.29200002551078796 -- 3830th test, time elapsed 101.09976315498352 -- emperical power so far: 0.6
db insert success
tensor(0.0002, device='cuda:0')
(3831, 1000, 0.0009, 1, 290000, 'elltwo', 'bitflip', 0.000152587890625, 0.0010000000474974513, 101.29098296165466, '2024-04-09 23:05:04')
pval: 0.0010000000474974513 -- 3831th test, time elapsed 101.29098296165466 -- emperical power so far: 0.6129032258064516
db insert success
tensor(-0.0009, device='cuda:0')
(3832, 1000, 0.0009, 1, 290000, 'elltwo', 'bitflip', -0.000946044921875, 0.9230000376701355, 101.24483966827393, '2024-04-09 23:07:02')
pval: 0.9230000376701355 -- 3832th test, time elapsed 101.24483966827393 -- emperical power so far: 0.59375
db insert success
tensor(-0.0004, device='cuda:0')
(3833, 1000, 0.0009, 1, 290000, 'elltwo', 'bitflip', -0.00042724609375, 0.6370000243186951, 101.54439306259155, '2024-04-09 23:08:57')
pval: 0.6370000243186951 -- 3833th test, time elapsed 101.54439306259155 -- emperical power so far: 0.5757575757575758
db insert success
tensor(0.0002, device='cuda:0')
(3834, 1000, 0.0009, 1, 290000, 'elltwo', 'bitflip', 0.000152587890625, 0.1300000101327896, 102.02823543548584, '2024-04-09 23:10:40')
pval: 0.1300000101327896 -- 3834th test, time elapsed 102.02823543548584 -- emperical power so far: 0.5588235294117647
db insert success
tensor(-0.0004, device='cuda:0')
(3835, 1000, 0.0009, 1, 290000, 'elltwo', 'bitflip', -0.000396728515625, 0.0020000000949949026, 101.85545349121094, '2024-04-09 23:12:37')
pval: 0.0020000000949949026 -- 3835th test, time elapsed 101.85545349121094 -- emperical power so far: 0.5714285714285714
db insert success
tensor(0.0002, device='cuda:0')
(3836, 1000, 0.0009, 1, 290000, 'elltwo', 'bitflip', 0.000152587890625, 0.0010000000474974513, 101.57243824005127, '2024-04-09 23:14:31')
pval: 0.0010000000474974513 -- 3836th test, time elapsed 101.57243824005127 -- emperical power so far: 0.5833333333333334
db insert success
tensor(0.0001, device='cuda:0')
(3837, 1000, 0.0009, 1, 290000, 'elltwo', 'bitflip', 0.0001220703125, 0.004000000189989805, 101.37661623954773, '2024-04-09 23:16:33')
pval: 0.004000000189989805 -- 3837th test, time elapsed 101.37661623954773 -- emperical power so far: 0.5945945945945946
db insert success
tensor(0.0002, device='cuda:0')
(3838, 1000, 0.0009, 1, 290000, 'elltwo', 'bitflip', 0.000152587890625, 0.0010000000474974513, 101.37241268157959, '2024-04-09 23:18:18')
pval: 0.0010000000474974513 -- 3838th test, time elapsed 101.37241268157959 -- emperical power so far: 0.6052631578947368
db insert success
tensor(0.0002, device='cuda:0')
(3839, 1000, 0.0009, 1, 290000, 'elltwo', 'bitflip', 0.000152587890625, 0.036000002175569534, 101.18779134750366, '2024-04-09 23:20:05')
pval: 0.036000002175569534 -- 3839th test, time elapsed 101.18779134750366 -- emperical power so far: 0.6153846153846154
db insert success
tensor(0.0002, device='cuda:0')
(3840, 1000, 0.0009, 1, 290000, 'elltwo', 'bitflip', 0.000152587890625, 0.0010000000474974513, 101.03529095649719, '2024-04-09 23:21:58')
pval: 0.0010000000474974513 -- 3840th test, time elapsed 101.03529095649719 -- emperical power so far: 0.625
db insert success
tensor(0.0001, device='cuda:0')
(3841, 1000, 0.0009, 1, 290000, 'elltwo', 'bitflip', 0.0001220703125, 0.0860000029206276, 101.185391664505, '2024-04-09 23:23:55')
pval: 0.0860000029206276 -- 3841th test, time elapsed 101.185391664505 -- emperical power so far: 0.6097560975609756
db insert success
tensor(-0.0004, device='cuda:0')
(3842, 1000, 0.0009, 1, 290000, 'elltwo', 'bitflip', -0.00042724609375, 0.3490000069141388, 100.99488043785095, '2024-04-09 23:25:49')
pval: 0.3490000069141388 -- 3842th test, time elapsed 100.99488043785095 -- emperical power so far: 0.5952380952380952
db insert success
tensor(0.0002, device='cuda:0')
(3843, 1000, 0.0009, 1, 290000, 'elltwo', 'bitflip', 0.000152587890625, 0.0010000000474974513, 101.17336559295654, '2024-04-09 23:27:47')
pval: 0.0010000000474974513 -- 3843th test, time elapsed 101.17336559295654 -- emperical power so far: 0.6046511627906976
db insert success
tensor(0.0007, device='cuda:0')
(3844, 1000, 0.0009, 1, 290000, 'elltwo', 'bitflip', 0.000701904296875, 0.0010000000474974513, 101.18162322044373, '2024-04-09 23:29:31')
pval: 0.0010000000474974513 -- 3844th test, time elapsed 101.18162322044373 -- emperical power so far: 0.6136363636363636
db insert success
tensor(-0.0004, device='cuda:0')
(3845, 1000, 0.0009, 1, 290000, 'elltwo', 'bitflip', -0.0003662109375, 0.0020000000949949026, 101.23404479026794, '2024-04-09 23:31:32')
pval: 0.0020000000949949026 -- 3845th test, time elapsed 101.23404479026794 -- emperical power so far: 0.6222222222222222
db insert success
tensor(-0.0004, device='cuda:0')
(3846, 1000, 0.0009, 1, 290000, 'elltwo', 'bitflip', -0.000396728515625, 0.3700000047683716, 100.98839569091797, '2024-04-09 23:33:16')
pval: 0.3700000047683716 -- 3846th test, time elapsed 100.98839569091797 -- emperical power so far: 0.6086956521739131
db insert success
tensor(0.0002, device='cuda:0')
(3847, 1000, 0.0009, 1, 290000, 'elltwo', 'bitflip', 0.000152587890625, 0.07900000363588333, 101.51299834251404, '2024-04-09 23:35:00')
pval: 0.07900000363588333 -- 3847th test, time elapsed 101.51299834251404 -- emperical power so far: 0.5957446808510638
db insert success
tensor(0.0002, device='cuda:0')
(3848, 1000, 0.0009, 1, 290000, 'elltwo', 'bitflip', 0.000152587890625, 0.04200000315904617, 101.90647101402283, '2024-04-09 23:36:49')
pval: 0.04200000315904617 -- 3848th test, time elapsed 101.90647101402283 -- emperical power so far: 0.6041666666666666
db insert success
tensor(-0.0004, device='cuda:0')
(3849, 1000, 0.0009, 1, 290000, 'elltwo', 'bitflip', -0.000396728515625, 0.11900000274181366, 102.0759825706482, '2024-04-09 23:38:33')
pval: 0.11900000274181366 -- 3849th test, time elapsed 102.0759825706482 -- emperical power so far: 0.5918367346938775
db insert success
tensor(0.0007, device='cuda:0')
(3850, 1000, 0.0009, 1, 290000, 'elltwo', 'bitflip', 0.000701904296875, 0.003000000026077032, 102.08343005180359, '2024-04-09 23:40:30')
pval: 0.003000000026077032 -- 3850th test, time elapsed 102.08343005180359 -- emperical power so far: 0.6
db insert success
tensor(-0.0004, device='cuda:0')
(3851, 1000, 0.0009, 1, 290000, 'elltwo', 'bitflip', -0.00042724609375, 0.21400001645088196, 102.19671845436096, '2024-04-09 23:42:32')
pval: 0.21400001645088196 -- 3851th test, time elapsed 102.19671845436096 -- emperical power so far: 0.5882352941176471
db insert success
tensor(9.1553e-05, device='cuda:0')
(3852, 1000, 0.0009, 1, 290000, 'elltwo', 'bitflip', 9.1552734375e-05, 0.4300000071525574, 101.43018531799316, '2024-04-09 23:44:24')
pval: 0.4300000071525574 -- 3852th test, time elapsed 101.43018531799316 -- emperical power so far: 0.5769230769230769
db insert success
tensor(-0.0004, device='cuda:0')
(3853, 1000, 0.0009, 1, 290000, 'elltwo', 'bitflip', -0.0003662109375, 0.7500000596046448, 101.11946082115173, '2024-04-09 23:46:23')
pval: 0.7500000596046448 -- 3853th test, time elapsed 101.11946082115173 -- emperical power so far: 0.5660377358490566
db insert success
tensor(-0.0004, device='cuda:0')
(3854, 1000, 0.0009, 1, 290000, 'elltwo', 'bitflip', -0.000396728515625, 0.017000000923871994, 101.16968750953674, '2024-04-09 23:48:20')
pval: 0.017000000923871994 -- 3854th test, time elapsed 101.16968750953674 -- emperical power so far: 0.5740740740740741
db insert success
tensor(0.0001, device='cuda:0')
(3855, 1000, 0.0009, 1, 290000, 'elltwo', 'bitflip', 0.0001220703125, 0.10300000756978989, 101.35450673103333, '2024-04-09 23:50:22')
pval: 0.10300000756978989 -- 3855th test, time elapsed 101.35450673103333 -- emperical power so far: 0.5636363636363636
db insert success
tensor(0.0001, device='cuda:0')
(3856, 1000, 0.0009, 1, 290000, 'elltwo', 'bitflip', 0.0001220703125, 0.0010000000474974513, 101.5745644569397, '2024-04-09 23:52:24')
pval: 0.0010000000474974513 -- 3856th test, time elapsed 101.5745644569397 -- emperical power so far: 0.5714285714285714
db insert success
tensor(-0.0004, device='cuda:0')
(3857, 1000, 0.0009, 1, 290000, 'elltwo', 'bitflip', -0.000396728515625, 0.014000000432133675, 101.21518230438232, '2024-04-09 23:54:15')
pval: 0.014000000432133675 -- 3857th test, time elapsed 101.21518230438232 -- emperical power so far: 0.5789473684210527
db insert success
tensor(-0.0004, device='cuda:0')
(3858, 1000, 0.0009, 1, 290000, 'elltwo', 'bitflip', -0.00042724609375, 0.20000000298023224, 101.05327415466309, '2024-04-09 23:56:00')
pval: 0.20000000298023224 -- 3858th test, time elapsed 101.05327415466309 -- emperical power so far: 0.5689655172413793
db insert success
tensor(0.0002, device='cuda:0')
(3859, 1000, 0.0009, 1, 290000, 'elltwo', 'bitflip', 0.000152587890625, 0.03500000014901161, 101.36460590362549, '2024-04-09 23:57:42')
pval: 0.03500000014901161 -- 3859th test, time elapsed 101.36460590362549 -- emperical power so far: 0.576271186440678
db insert success
tensor(-0.0004, device='cuda:0')
(3860, 1000, 0.0009, 1, 290000, 'elltwo', 'bitflip', -0.000396728515625, 0.6130000352859497, 101.32022356987, '2024-04-09 23:59:43')
pval: 0.6130000352859497 -- 3860th test, time elapsed 101.32022356987 -- emperical power so far: 0.5666666666666667
db insert success
tensor(-0.0004, device='cuda:0')
(3861, 1000, 0.0009, 1, 290000, 'elltwo', 'bitflip', -0.00042724609375, 0.024000000208616257, 101.21645331382751, '2024-04-10 00:01:44')
pval: 0.024000000208616257 -- 3861th test, time elapsed 101.21645331382751 -- emperical power so far: 0.5737704918032787
db insert success
tensor(-0.0004, device='cuda:0')
(3862, 1000, 0.0009, 1, 290000, 'elltwo', 'bitflip', -0.00042724609375, 0.7950000166893005, 101.06355738639832, '2024-04-10 00:03:40')
pval: 0.7950000166893005 -- 3862th test, time elapsed 101.06355738639832 -- emperical power so far: 0.5645161290322581
db insert success
tensor(-0.0009, device='cuda:0')
(3863, 1000, 0.0009, 1, 290000, 'elltwo', 'bitflip', -0.000946044921875, 0.659000039100647, 101.51581263542175, '2024-04-10 00:05:37')
pval: 0.659000039100647 -- 3863th test, time elapsed 101.51581263542175 -- emperical power so far: 0.5555555555555556
db insert success
tensor(-0.0004, device='cuda:0')
(3864, 1000, 0.0009, 1, 290000, 'elltwo', 'bitflip', -0.0003662109375, 0.0010000000474974513, 101.00431036949158, '2024-04-10 00:07:35')
pval: 0.0010000000474974513 -- 3864th test, time elapsed 101.00431036949158 -- emperical power so far: 0.5625
db insert success
tensor(-0.0009, device='cuda:0')
(3865, 1000, 0.0009, 1, 290000, 'elltwo', 'bitflip', -0.000946044921875, 0.7280000448226929, 101.40631651878357, '2024-04-10 00:09:26')
pval: 0.7280000448226929 -- 3865th test, time elapsed 101.40631651878357 -- emperical power so far: 0.5538461538461539
db insert success
tensor(-0.0004, device='cuda:0')
(3866, 1000, 0.0009, 1, 290000, 'elltwo', 'bitflip', -0.000396728515625, 0.12300000339746475, 101.67638111114502, '2024-04-10 00:11:28')
pval: 0.12300000339746475 -- 3866th test, time elapsed 101.67638111114502 -- emperical power so far: 0.5454545454545454
db insert success
tensor(-0.0004, device='cuda:0')
(3867, 1000, 0.0009, 1, 290000, 'elltwo', 'bitflip', -0.000396728515625, 0.5350000262260437, 101.87829303741455, '2024-04-10 00:13:27')
pval: 0.5350000262260437 -- 3867th test, time elapsed 101.87829303741455 -- emperical power so far: 0.5373134328358209
db insert success
tensor(0.0002, device='cuda:0')
(3868, 1000, 0.0009, 1, 290000, 'elltwo', 'bitflip', 0.000152587890625, 0.0010000000474974513, 101.72784781455994, '2024-04-10 00:15:11')
pval: 0.0010000000474974513 -- 3868th test, time elapsed 101.72784781455994 -- emperical power so far: 0.5441176470588235
db insert success
tensor(0.0002, device='cuda:0')
(3869, 1000, 0.0009, 1, 290000, 'elltwo', 'bitflip', 0.00018310546875, 0.006000000052154064, 101.93632817268372, '2024-04-10 00:16:57')
pval: 0.006000000052154064 -- 3869th test, time elapsed 101.93632817268372 -- emperical power so far: 0.5507246376811594
db insert success
tensor(0.0002, device='cuda:0')
(3870, 1000, 0.0009, 1, 290000, 'elltwo', 'bitflip', 0.000152587890625, 0.11600000411272049, 101.63972496986389, '2024-04-10 00:18:41')
pval: 0.11600000411272049 -- 3870th test, time elapsed 101.63972496986389 -- emperical power so far: 0.5428571428571428
db insert success
tensor(-0.0004, device='cuda:0')
(3871, 1000, 0.0009, 1, 290000, 'elltwo', 'bitflip', -0.000396728515625, 0.0020000000949949026, 101.36829805374146, '2024-04-10 00:20:32')
pval: 0.0020000000949949026 -- 3871th test, time elapsed 101.36829805374146 -- emperical power so far: 0.5492957746478874
db insert success
tensor(-0.0004, device='cuda:0')
(3872, 1000, 0.0009, 1, 290000, 'elltwo', 'bitflip', -0.000396728515625, 0.29200002551078796, 101.2665662765503, '2024-04-10 00:22:17')
pval: 0.29200002551078796 -- 3872th test, time elapsed 101.2665662765503 -- emperical power so far: 0.5416666666666666
db insert success
tensor(-0.0004, device='cuda:0')
(3873, 1000, 0.0009, 1, 290000, 'elltwo', 'bitflip', -0.000396728515625, 0.07000000029802322, 101.24997973442078, '2024-04-10 00:24:02')
pval: 0.07000000029802322 -- 3873th test, time elapsed 101.24997973442078 -- emperical power so far: 0.5342465753424658
db insert success
tensor(0.0001, device='cuda:0')
(3874, 1000, 0.0009, 1, 290000, 'elltwo', 'bitflip', 0.0001220703125, 0.0020000000949949026, 101.33446550369263, '2024-04-10 00:26:00')
pval: 0.0020000000949949026 -- 3874th test, time elapsed 101.33446550369263 -- emperical power so far: 0.5405405405405406
db insert success
tensor(0.0002, device='cuda:0')
(3875, 1000, 0.0009, 1, 290000, 'elltwo', 'bitflip', 0.000152587890625, 0.005000000353902578, 101.30886769294739, '2024-04-10 00:28:01')
pval: 0.005000000353902578 -- 3875th test, time elapsed 101.30886769294739 -- emperical power so far: 0.5466666666666666
db insert success
tensor(-0.0004, device='cuda:0')
(3876, 1000, 0.0009, 1, 290000, 'elltwo', 'bitflip', -0.000396728515625, 0.018000001087784767, 101.30181694030762, '2024-04-10 00:29:53')
pval: 0.018000001087784767 -- 3876th test, time elapsed 101.30181694030762 -- emperical power so far: 0.5526315789473685
db insert success
tensor(0.0001, device='cuda:0')
(3877, 1000, 0.0009, 1, 290000, 'elltwo', 'bitflip', 0.0001220703125, 0.0020000000949949026, 101.32750034332275, '2024-04-10 00:31:37')
pval: 0.0020000000949949026 -- 3877th test, time elapsed 101.32750034332275 -- emperical power so far: 0.5584415584415584
db insert success
tensor(-0.0004, device='cuda:0')
(3878, 1000, 0.0009, 1, 290000, 'elltwo', 'bitflip', -0.000396728515625, 0.052000001072883606, 101.15145611763, '2024-04-10 00:33:38')
pval: 0.052000001072883606 -- 3878th test, time elapsed 101.15145611763 -- emperical power so far: 0.5512820512820513
db insert success
tensor(0.0007, device='cuda:0')
(3879, 1000, 0.0009, 1, 290000, 'elltwo', 'bitflip', 0.00067138671875, 0.0010000000474974513, 101.52558660507202, '2024-04-10 00:35:23')
pval: 0.0010000000474974513 -- 3879th test, time elapsed 101.52558660507202 -- emperical power so far: 0.5569620253164557
db insert success
tensor(0.0007, device='cuda:0')
(3880, 1000, 0.0009, 1, 290000, 'elltwo', 'bitflip', 0.00067138671875, 0.0010000000474974513, 101.66671109199524, '2024-04-10 00:37:17')
pval: 0.0010000000474974513 -- 3880th test, time elapsed 101.66671109199524 -- emperical power so far: 0.5625
db insert success
tensor(-0.0004, device='cuda:0')
(3881, 1000, 0.0009, 1, 290000, 'elltwo', 'bitflip', -0.00042724609375, 0.35500001907348633, 101.32150220870972, '2024-04-10 00:39:06')
pval: 0.35500001907348633 -- 3881th test, time elapsed 101.32150220870972 -- emperical power so far: 0.5555555555555556
db insert success
tensor(0.0001, device='cuda:0')
(3882, 1000, 0.0009, 1, 290000, 'elltwo', 'bitflip', 0.0001220703125, 0.014000000432133675, 101.77896404266357, '2024-04-10 00:41:01')
pval: 0.014000000432133675 -- 3882th test, time elapsed 101.77896404266357 -- emperical power so far: 0.5609756097560976
db insert success
tensor(0.0002, device='cuda:0')
(3883, 1000, 0.0009, 1, 290000, 'elltwo', 'bitflip', 0.000152587890625, 0.005000000353902578, 101.1434395313263, '2024-04-10 00:43:03')
pval: 0.005000000353902578 -- 3883th test, time elapsed 101.1434395313263 -- emperical power so far: 0.5662650602409639
db insert success
tensor(-0.0004, device='cuda:0')
(3884, 1000, 0.0009, 1, 290000, 'elltwo', 'bitflip', -0.000396728515625, 0.0010000000474974513, 101.05525636672974, '2024-04-10 00:44:59')
pval: 0.0010000000474974513 -- 3884th test, time elapsed 101.05525636672974 -- emperical power so far: 0.5714285714285714
db insert success
tensor(0.0002, device='cuda:0')
(3885, 1000, 0.0009, 1, 290000, 'elltwo', 'bitflip', 0.000152587890625, 0.0020000000949949026, 101.23458075523376, '2024-04-10 00:46:49')
pval: 0.0020000000949949026 -- 3885th test, time elapsed 101.23458075523376 -- emperical power so far: 0.5764705882352941
db insert success
tensor(0.0007, device='cuda:0')
(3886, 1000, 0.0009, 1, 290000, 'elltwo', 'bitflip', 0.00067138671875, 0.004000000189989805, 101.16671943664551, '2024-04-10 00:48:37')
pval: 0.004000000189989805 -- 3886th test, time elapsed 101.16671943664551 -- emperical power so far: 0.5813953488372093
db insert success
tensor(0.0002, device='cuda:0')
(3887, 1000, 0.0009, 1, 290000, 'elltwo', 'bitflip', 0.000152587890625, 0.0430000014603138, 101.36950159072876, '2024-04-10 00:50:24')
pval: 0.0430000014603138 -- 3887th test, time elapsed 101.36950159072876 -- emperical power so far: 0.5862068965517241
db insert success
tensor(-0.0004, device='cuda:0')
(3888, 1000, 0.0009, 1, 290000, 'elltwo', 'bitflip', -0.000396728515625, 0.7490000128746033, 101.08621096611023, '2024-04-10 00:52:21')
pval: 0.7490000128746033 -- 3888th test, time elapsed 101.08621096611023 -- emperical power so far: 0.5795454545454546
db insert success
tensor(0.0001, device='cuda:0')
(3889, 1000, 0.0009, 1, 290000, 'elltwo', 'bitflip', 0.0001220703125, 0.3060000240802765, 101.07728338241577, '2024-04-10 00:54:15')
pval: 0.3060000240802765 -- 3889th test, time elapsed 101.07728338241577 -- emperical power so far: 0.5730337078651685
db insert success
tensor(0.0002, device='cuda:0')
(3890, 1000, 0.0009, 1, 290000, 'elltwo', 'bitflip', 0.000152587890625, 0.17800000309944153, 101.14222145080566, '2024-04-10 00:56:16')
pval: 0.17800000309944153 -- 3890th test, time elapsed 101.14222145080566 -- emperical power so far: 0.5666666666666667
db insert success
tensor(0.0002, device='cuda:0')
(3891, 1000, 0.0009, 1, 290000, 'elltwo', 'bitflip', 0.000152587890625, 0.03700000047683716, 101.13098001480103, '2024-04-10 00:58:08')
pval: 0.03700000047683716 -- 3891th test, time elapsed 101.13098001480103 -- emperical power so far: 0.5714285714285714
db insert success
tensor(0.0002, device='cuda:0')
(3892, 1000, 0.0009, 1, 290000, 'elltwo', 'bitflip', 0.000152587890625, 0.024000000208616257, 101.24863791465759, '2024-04-10 01:00:03')
pval: 0.024000000208616257 -- 3892th test, time elapsed 101.24863791465759 -- emperical power so far: 0.5760869565217391
db insert success
tensor(0.0001, device='cuda:0')
(3893, 1000, 0.0009, 1, 290000, 'elltwo', 'bitflip', 0.0001220703125, 0.2120000123977661, 101.33373808860779, '2024-04-10 01:01:55')
pval: 0.2120000123977661 -- 3893th test, time elapsed 101.33373808860779 -- emperical power so far: 0.5698924731182796
db insert success
tensor(-0.0004, device='cuda:0')
(3894, 1000, 0.0009, 1, 290000, 'elltwo', 'bitflip', -0.000396728515625, 0.007000000216066837, 101.01566219329834, '2024-04-10 01:03:42')
pval: 0.007000000216066837 -- 3894th test, time elapsed 101.01566219329834 -- emperical power so far: 0.574468085106383
db insert success
tensor(-0.0004, device='cuda:0')
(3895, 1000, 0.0009, 1, 290000, 'elltwo', 'bitflip', -0.00042724609375, 0.8080000281333923, 101.50028324127197, '2024-04-10 01:05:42')
pval: 0.8080000281333923 -- 3895th test, time elapsed 101.50028324127197 -- emperical power so far: 0.5684210526315789
db insert success
tensor(-0.0004, device='cuda:0')
(3896, 1000, 0.0009, 1, 290000, 'elltwo', 'bitflip', -0.00042724609375, 0.13600000739097595, 101.18566346168518, '2024-04-10 01:07:42')
pval: 0.13600000739097595 -- 3896th test, time elapsed 101.18566346168518 -- emperical power so far: 0.5625
db insert success
tensor(0.0002, device='cuda:0')
(3897, 1000, 0.0009, 1, 290000, 'elltwo', 'bitflip', 0.000152587890625, 0.0010000000474974513, 101.27722406387329, '2024-04-10 01:09:28')
pval: 0.0010000000474974513 -- 3897th test, time elapsed 101.27722406387329 -- emperical power so far: 0.5670103092783505
db insert success
tensor(0.0001, device='cuda:0')
(3898, 1000, 0.0009, 1, 290000, 'elltwo', 'bitflip', 0.0001220703125, 0.12400000542402267, 101.2022807598114, '2024-04-10 01:11:13')
pval: 0.12400000542402267 -- 3898th test, time elapsed 101.2022807598114 -- emperical power so far: 0.5612244897959183
db insert success
tensor(0.0001, device='cuda:0')
(3899, 1000, 0.0009, 1, 290000, 'elltwo', 'bitflip', 0.0001220703125, 0.13199999928474426, 101.2161955833435, '2024-04-10 01:13:03')
pval: 0.13199999928474426 -- 3899th test, time elapsed 101.2161955833435 -- emperical power so far: 0.5555555555555556
db insert success
tensor(0.0002, device='cuda:0')
(3900, 1000, 0.0009, 1, 290000, 'elltwo', 'bitflip', 0.000152587890625, 0.003000000026077032, 101.41965627670288, '2024-04-10 01:14:51')
pval: 0.003000000026077032 -- 3900th test, time elapsed 101.41965627670288 -- emperical power so far: 0.56
db insert success
tensor(-0.0004, device='cuda:0')
(3901, 1000, 0.0009, 1, 290000, 'elltwo', 'bitflip', -0.00042724609375, 0.5750000476837158, 101.31405639648438, '2024-04-10 01:16:38')
pval: 0.5750000476837158 -- 3901th test, time elapsed 101.31405639648438 -- emperical power so far: 0.5544554455445545
db insert success
tensor(-0.0004, device='cuda:0')
(3902, 1000, 0.0009, 1, 290000, 'elltwo', 'bitflip', -0.00042724609375, 0.003000000026077032, 101.55068111419678, '2024-04-10 01:18:38')
pval: 0.003000000026077032 -- 3902th test, time elapsed 101.55068111419678 -- emperical power so far: 0.5588235294117647
db insert success
tensor(0.0001, device='cuda:0')
(3903, 1000, 0.0009, 1, 290000, 'elltwo', 'bitflip', 0.0001220703125, 0.3450000286102295, 101.00891757011414, '2024-04-10 01:20:21')
pval: 0.3450000286102295 -- 3903th test, time elapsed 101.00891757011414 -- emperical power so far: 0.5533980582524272
db insert success
tensor(0.0007, device='cuda:0')
(3904, 1000, 0.0009, 1, 290000, 'elltwo', 'bitflip', 0.000701904296875, 0.0010000000474974513, 101.35240864753723, '2024-04-10 01:22:06')
pval: 0.0010000000474974513 -- 3904th test, time elapsed 101.35240864753723 -- emperical power so far: 0.5576923076923077
db insert success
tensor(-0.0004, device='cuda:0')
(3905, 1000, 0.0009, 1, 290000, 'elltwo', 'bitflip', -0.000396728515625, 0.06200000271201134, 101.28331875801086, '2024-04-10 01:24:03')
pval: 0.06200000271201134 -- 3905th test, time elapsed 101.28331875801086 -- emperical power so far: 0.5523809523809524
db insert success
tensor(-0.0004, device='cuda:0')
(3906, 1000, 0.0009, 1, 290000, 'elltwo', 'bitflip', -0.000396728515625, 0.08100000023841858, 101.15830612182617, '2024-04-10 01:25:56')
pval: 0.08100000023841858 -- 3906th test, time elapsed 101.15830612182617 -- emperical power so far: 0.5471698113207547
db insert success
tensor(0.0002, device='cuda:0')
(3907, 1000, 0.0009, 1, 290000, 'elltwo', 'bitflip', 0.000152587890625, 0.0020000000949949026, 101.20500063896179, '2024-04-10 01:27:44')
pval: 0.0020000000949949026 -- 3907th test, time elapsed 101.20500063896179 -- emperical power so far: 0.5514018691588785
db insert success
tensor(0.0002, device='cuda:0')
(3908, 1000, 0.0009, 1, 290000, 'elltwo', 'bitflip', 0.000152587890625, 0.003000000026077032, 101.12073087692261, '2024-04-10 01:29:27')
pval: 0.003000000026077032 -- 3908th test, time elapsed 101.12073087692261 -- emperical power so far: 0.5555555555555556
db insert success
tensor(0.0002, device='cuda:0')
(3909, 1000, 0.0009, 1, 290000, 'elltwo', 'bitflip', 0.00018310546875, 0.020000001415610313, 101.09963750839233, '2024-04-10 01:31:22')
pval: 0.020000001415610313 -- 3909th test, time elapsed 101.09963750839233 -- emperical power so far: 0.5596330275229358
db insert success
tensor(-0.0004, device='cuda:0')
(3910, 1000, 0.0009, 1, 290000, 'elltwo', 'bitflip', -0.000396728515625, 0.3580000102519989, 101.09746885299683, '2024-04-10 01:33:16')
pval: 0.3580000102519989 -- 3910th test, time elapsed 101.09746885299683 -- emperical power so far: 0.5545454545454546
db insert success
tensor(0.0007, device='cuda:0')
(3911, 1000, 0.0009, 1, 290000, 'elltwo', 'bitflip', 0.000701904296875, 0.0010000000474974513, 101.26750159263611, '2024-04-10 01:35:12')
pval: 0.0010000000474974513 -- 3911th test, time elapsed 101.26750159263611 -- emperical power so far: 0.5585585585585585
db insert success
tensor(0.0007, device='cuda:0')
(3912, 1000, 0.0009, 1, 290000, 'elltwo', 'bitflip', 0.00067138671875, 0.0010000000474974513, 101.18146538734436, '2024-04-10 01:37:02')
pval: 0.0010000000474974513 -- 3912th test, time elapsed 101.18146538734436 -- emperical power so far: 0.5625
db insert success
tensor(0.0002, device='cuda:0')
(3913, 1000, 0.0009, 1, 290000, 'elltwo', 'bitflip', 0.000152587890625, 0.0010000000474974513, 101.33623623847961, '2024-04-10 01:38:53')
pval: 0.0010000000474974513 -- 3913th test, time elapsed 101.33623623847961 -- emperical power so far: 0.5663716814159292
db insert success
tensor(-0.0004, device='cuda:0')
(3914, 1000, 0.0009, 1, 290000, 'elltwo', 'bitflip', -0.00042724609375, 0.021000001579523087, 101.16850566864014, '2024-04-10 01:40:46')
pval: 0.021000001579523087 -- 3914th test, time elapsed 101.16850566864014 -- emperical power so far: 0.5701754385964912
db insert success
tensor(-0.0004, device='cuda:0')
(3915, 1000, 0.0009, 1, 290000, 'elltwo', 'bitflip', -0.000396728515625, 0.23400001227855682, 101.57448673248291, '2024-04-10 01:42:32')
pval: 0.23400001227855682 -- 3915th test, time elapsed 101.57448673248291 -- emperical power so far: 0.5652173913043478
db insert success
tensor(-0.0004, device='cuda:0')
(3916, 1000, 0.0009, 1, 290000, 'elltwo', 'bitflip', -0.00042724609375, 0.812000036239624, 101.26710438728333, '2024-04-10 01:44:28')
pval: 0.812000036239624 -- 3916th test, time elapsed 101.26710438728333 -- emperical power so far: 0.5603448275862069
db insert success
tensor(0.0007, device='cuda:0')
(3917, 1000, 0.0009, 1, 290000, 'elltwo', 'bitflip', 0.00067138671875, 0.0430000014603138, 101.9786787033081, '2024-04-10 01:46:16')
pval: 0.0430000014603138 -- 3917th test, time elapsed 101.9786787033081 -- emperical power so far: 0.5641025641025641
db insert success
tensor(-0.0004, device='cuda:0')
(3918, 1000, 0.0009, 1, 290000, 'elltwo', 'bitflip', -0.000396728515625, 0.1420000046491623, 101.8943259716034, '2024-04-10 01:48:17')
pval: 0.1420000046491623 -- 3918th test, time elapsed 101.8943259716034 -- emperical power so far: 0.559322033898305
db insert success
tensor(-0.0004, device='cuda:0')
(3919, 1000, 0.0009, 1, 290000, 'elltwo', 'bitflip', -0.00042724609375, 0.7450000643730164, 101.94392228126526, '2024-04-10 01:50:05')
pval: 0.7450000643730164 -- 3919th test, time elapsed 101.94392228126526 -- emperical power so far: 0.5546218487394958
db insert success
tensor(0.0002, device='cuda:0')
(3920, 1000, 0.0009, 1, 290000, 'elltwo', 'bitflip', 0.000152587890625, 0.13100001215934753, 101.7820336818695, '2024-04-10 01:52:05')
pval: 0.13100001215934753 -- 3920th test, time elapsed 101.7820336818695 -- emperical power so far: 0.55
db insert success
tensor(0.0002, device='cuda:0')
(3921, 1000, 0.0009, 1, 290000, 'elltwo', 'bitflip', 0.000152587890625, 0.3360000252723694, 101.59784698486328, '2024-04-10 01:54:03')
pval: 0.3360000252723694 -- 3921th test, time elapsed 101.59784698486328 -- emperical power so far: 0.5454545454545454
db insert success
tensor(-0.0004, device='cuda:0')
(3922, 1000, 0.0009, 1, 290000, 'elltwo', 'bitflip', -0.000396728515625, 0.020000001415610313, 101.20196962356567, '2024-04-10 01:56:03')
pval: 0.020000001415610313 -- 3922th test, time elapsed 101.20196962356567 -- emperical power so far: 0.5491803278688525
db insert success
tensor(0.0002, device='cuda:0')
(3923, 1000, 0.0009, 1, 290000, 'elltwo', 'bitflip', 0.000152587890625, 0.0010000000474974513, 101.08124613761902, '2024-04-10 01:58:04')
pval: 0.0010000000474974513 -- 3923th test, time elapsed 101.08124613761902 -- emperical power so far: 0.5528455284552846
db insert success
tensor(0.0007, device='cuda:0')
(3924, 1000, 0.0009, 1, 290000, 'elltwo', 'bitflip', 0.00067138671875, 0.005000000353902578, 101.73761868476868, '2024-04-10 02:00:00')
pval: 0.005000000353902578 -- 3924th test, time elapsed 101.73761868476868 -- emperical power so far: 0.5564516129032258
db insert success
tensor(0.0002, device='cuda:0')
(3925, 1000, 0.0009, 1, 290000, 'elltwo', 'bitflip', 0.000152587890625, 0.07000000029802322, 101.01488399505615, '2024-04-10 02:02:00')
pval: 0.07000000029802322 -- 3925th test, time elapsed 101.01488399505615 -- emperical power so far: 0.552
db insert success
tensor(-0.0004, device='cuda:0')
(3926, 1000, 0.0009, 1, 290000, 'elltwo', 'bitflip', -0.00042724609375, 0.10400000214576721, 101.31928730010986, '2024-04-10 02:03:50')
pval: 0.10400000214576721 -- 3926th test, time elapsed 101.31928730010986 -- emperical power so far: 0.5476190476190477
db insert success
tensor(-0.0004, device='cuda:0')
(3927, 1000, 0.0009, 1, 290000, 'elltwo', 'bitflip', -0.000396728515625, 0.32200002670288086, 101.51526284217834, '2024-04-10 02:05:39')
pval: 0.32200002670288086 -- 3927th test, time elapsed 101.51526284217834 -- emperical power so far: 0.5433070866141733
db insert success
tensor(-0.0004, device='cuda:0')
(3928, 1000, 0.0009, 1, 290000, 'elltwo', 'bitflip', -0.00042724609375, 0.7190000414848328, 101.17689895629883, '2024-04-10 02:07:24')
pval: 0.7190000414848328 -- 3928th test, time elapsed 101.17689895629883 -- emperical power so far: 0.5390625
db insert success
tensor(0.0002, device='cuda:0')
(3929, 1000, 0.0009, 1, 290000, 'elltwo', 'bitflip', 0.000152587890625, 0.15700000524520874, 101.02804684638977, '2024-04-10 02:09:10')
pval: 0.15700000524520874 -- 3929th test, time elapsed 101.02804684638977 -- emperical power so far: 0.5348837209302325
db insert success
tensor(0.0002, device='cuda:0')
(3930, 1000, 0.0009, 1, 290000, 'elltwo', 'bitflip', 0.000152587890625, 0.0010000000474974513, 101.03600215911865, '2024-04-10 02:10:57')
pval: 0.0010000000474974513 -- 3930th test, time elapsed 101.03600215911865 -- emperical power so far: 0.5384615384615384
db insert success
tensor(-0.0004, device='cuda:0')
(3931, 1000, 0.0009, 1, 290000, 'elltwo', 'bitflip', -0.000396728515625, 0.005000000353902578, 101.10122084617615, '2024-04-10 02:12:43')
pval: 0.005000000353902578 -- 3931th test, time elapsed 101.10122084617615 -- emperical power so far: 0.5419847328244275
db insert success
tensor(0.0002, device='cuda:0')
(3932, 1000, 0.0009, 1, 290000, 'elltwo', 'bitflip', 0.000152587890625, 0.0010000000474974513, 101.51906967163086, '2024-04-10 02:14:37')
pval: 0.0010000000474974513 -- 3932th test, time elapsed 101.51906967163086 -- emperical power so far: 0.5454545454545454
db insert success
tensor(-0.0004, device='cuda:0')
(3933, 1000, 0.0009, 1, 290000, 'elltwo', 'bitflip', -0.00042724609375, 0.6770000457763672, 101.82358622550964, '2024-04-10 02:16:26')
pval: 0.6770000457763672 -- 3933th test, time elapsed 101.82358622550964 -- emperical power so far: 0.5413533834586466
db insert success
tensor(-0.0004, device='cuda:0')
(3934, 1000, 0.0009, 1, 290000, 'elltwo', 'bitflip', -0.000396728515625, 0.25, 101.94263696670532, '2024-04-10 02:18:09')
pval: 0.25 -- 3934th test, time elapsed 101.94263696670532 -- emperical power so far: 0.5373134328358209
db insert success
tensor(0.0002, device='cuda:0')
(3935, 1000, 0.0009, 1, 290000, 'elltwo', 'bitflip', 0.000152587890625, 0.012000000104308128, 101.64773106575012, '2024-04-10 02:20:11')
pval: 0.012000000104308128 -- 3935th test, time elapsed 101.64773106575012 -- emperical power so far: 0.5407407407407407
db insert success
tensor(-0.0004, device='cuda:0')
(3936, 1000, 0.0009, 1, 290000, 'elltwo', 'bitflip', -0.000396728515625, 0.08100000023841858, 101.21659970283508, '2024-04-10 02:22:05')
pval: 0.08100000023841858 -- 3936th test, time elapsed 101.21659970283508 -- emperical power so far: 0.5367647058823529
db insert success
tensor(0.0002, device='cuda:0')
(3937, 1000, 0.0009, 1, 290000, 'elltwo', 'bitflip', 0.000152587890625, 0.0010000000474974513, 101.66451454162598, '2024-04-10 02:23:55')
pval: 0.0010000000474974513 -- 3937th test, time elapsed 101.66451454162598 -- emperical power so far: 0.5401459854014599
db insert success
tensor(-0.0004, device='cuda:0')
(3938, 1000, 0.0009, 1, 290000, 'elltwo', 'bitflip', -0.000396728515625, 0.07300000637769699, 101.25264739990234, '2024-04-10 02:25:38')
pval: 0.07300000637769699 -- 3938th test, time elapsed 101.25264739990234 -- emperical power so far: 0.5362318840579711
db insert success
tensor(0.0002, device='cuda:0')
(3939, 1000, 0.0009, 1, 290000, 'elltwo', 'bitflip', 0.000152587890625, 0.0010000000474974513, 101.66355061531067, '2024-04-10 02:27:33')
pval: 0.0010000000474974513 -- 3939th test, time elapsed 101.66355061531067 -- emperical power so far: 0.539568345323741
db insert success
tensor(-0.0004, device='cuda:0')
(3940, 1000, 0.0009, 1, 290000, 'elltwo', 'bitflip', -0.000396728515625, 0.09800000488758087, 101.26357436180115, '2024-04-10 02:29:25')
pval: 0.09800000488758087 -- 3940th test, time elapsed 101.26357436180115 -- emperical power so far: 0.5357142857142857
db insert success
tensor(-0.0004, device='cuda:0')
(3941, 1000, 0.0009, 1, 290000, 'elltwo', 'bitflip', -0.000396728515625, 0.0020000000949949026, 101.0927038192749, '2024-04-10 02:31:17')
pval: 0.0020000000949949026 -- 3941th test, time elapsed 101.0927038192749 -- emperical power so far: 0.5390070921985816
db insert success
tensor(0.0002, device='cuda:0')
(3942, 1000, 0.0009, 1, 290000, 'elltwo', 'bitflip', 0.000152587890625, 0.004000000189989805, 101.48532462120056, '2024-04-10 02:33:13')
pval: 0.004000000189989805 -- 3942th test, time elapsed 101.48532462120056 -- emperical power so far: 0.5422535211267606
db insert success
tensor(-0.0004, device='cuda:0')
(3943, 1000, 0.0009, 1, 290000, 'elltwo', 'bitflip', -0.00042724609375, 0.45900002121925354, 101.28234887123108, '2024-04-10 02:34:56')
pval: 0.45900002121925354 -- 3943th test, time elapsed 101.28234887123108 -- emperical power so far: 0.5384615384615384
db insert success
tensor(0.0002, device='cuda:0')
(3944, 1000, 0.0009, 1, 290000, 'elltwo', 'bitflip', 0.000152587890625, 0.009000000543892384, 101.22048139572144, '2024-04-10 02:36:40')
pval: 0.009000000543892384 -- 3944th test, time elapsed 101.22048139572144 -- emperical power so far: 0.5416666666666666
db insert success
tensor(-0.0004, device='cuda:0')
(3945, 1000, 0.0009, 1, 290000, 'elltwo', 'bitflip', -0.000396728515625, 0.2150000035762787, 101.30199003219604, '2024-04-10 02:38:40')
pval: 0.2150000035762787 -- 3945th test, time elapsed 101.30199003219604 -- emperical power so far: 0.5379310344827586
db insert success
tensor(-0.0004, device='cuda:0')
(3946, 1000, 0.0009, 1, 290000, 'elltwo', 'bitflip', -0.000396728515625, 0.026000000536441803, 101.06382131576538, '2024-04-10 02:40:25')
pval: 0.026000000536441803 -- 3946th test, time elapsed 101.06382131576538 -- emperical power so far: 0.541095890410959
db insert success
tensor(-0.0004, device='cuda:0')
(3947, 1000, 0.0009, 1, 290000, 'elltwo', 'bitflip', -0.000396728515625, 0.010000000707805157, 101.35470843315125, '2024-04-10 02:42:20')
pval: 0.010000000707805157 -- 3947th test, time elapsed 101.35470843315125 -- emperical power so far: 0.54421768707483
db insert success
tensor(-0.0004, device='cuda:0')
(3948, 1000, 0.0009, 1, 290000, 'elltwo', 'bitflip', -0.0003662109375, 0.03500000014901161, 101.25612258911133, '2024-04-10 02:44:21')
pval: 0.03500000014901161 -- 3948th test, time elapsed 101.25612258911133 -- emperical power so far: 0.5472972972972973
db insert success
tensor(0.0001, device='cuda:0')
(3949, 1000, 0.0009, 1, 290000, 'elltwo', 'bitflip', 0.0001220703125, 0.00800000037997961, 101.1460599899292, '2024-04-10 02:46:16')
pval: 0.00800000037997961 -- 3949th test, time elapsed 101.1460599899292 -- emperical power so far: 0.5503355704697986
db insert success
tensor(0.0002, device='cuda:0')
(3950, 1000, 0.0009, 1, 290000, 'elltwo', 'bitflip', 0.000152587890625, 0.036000002175569534, 101.33189582824707, '2024-04-10 02:48:17')
pval: 0.036000002175569534 -- 3950th test, time elapsed 101.33189582824707 -- emperical power so far: 0.5533333333333333
db insert success
tensor(-0.0004, device='cuda:0')
(3951, 1000, 0.0009, 1, 290000, 'elltwo', 'bitflip', -0.0003662109375, 0.3840000033378601, 101.26115870475769, '2024-04-10 02:50:12')
pval: 0.3840000033378601 -- 3951th test, time elapsed 101.26115870475769 -- emperical power so far: 0.5496688741721855
db insert success
tensor(-0.0004, device='cuda:0')
(3952, 1000, 0.0009, 1, 290000, 'elltwo', 'bitflip', -0.000396728515625, 0.0010000000474974513, 101.14637804031372, '2024-04-10 02:52:13')
pval: 0.0010000000474974513 -- 3952th test, time elapsed 101.14637804031372 -- emperical power so far: 0.5526315789473685
db insert success
tensor(-0.0009, device='cuda:0')
(3953, 1000, 0.0009, 1, 290000, 'elltwo', 'bitflip', -0.000946044921875, 0.7550000548362732, 101.40040230751038, '2024-04-10 02:54:01')
pval: 0.7550000548362732 -- 3953th test, time elapsed 101.40040230751038 -- emperical power so far: 0.5490196078431373
db insert success
tensor(0.0007, device='cuda:0')
(3954, 1000, 0.0009, 1, 290000, 'elltwo', 'bitflip', 0.000701904296875, 0.0010000000474974513, 101.2127640247345, '2024-04-10 02:55:58')
pval: 0.0010000000474974513 -- 3954th test, time elapsed 101.2127640247345 -- emperical power so far: 0.551948051948052
db insert success
tensor(0.0002, device='cuda:0')
(3955, 1000, 0.0009, 1, 290000, 'elltwo', 'bitflip', 0.000152587890625, 0.0010000000474974513, 101.41605591773987, '2024-04-10 02:57:50')
pval: 0.0010000000474974513 -- 3955th test, time elapsed 101.41605591773987 -- emperical power so far: 0.5548387096774193
db insert success
tensor(0.0007, device='cuda:0')
(3956, 1000, 0.0009, 1, 290000, 'elltwo', 'bitflip', 0.000701904296875, 0.0010000000474974513, 101.1095221042633, '2024-04-10 02:59:50')
pval: 0.0010000000474974513 -- 3956th test, time elapsed 101.1095221042633 -- emperical power so far: 0.5576923076923077
db insert success
tensor(0.0002, device='cuda:0')
(3957, 1000, 0.0009, 1, 290000, 'elltwo', 'bitflip', 0.000152587890625, 0.026000000536441803, 101.2357325553894, '2024-04-10 03:01:43')
pval: 0.026000000536441803 -- 3957th test, time elapsed 101.2357325553894 -- emperical power so far: 0.5605095541401274
db insert success
tensor(0.0001, device='cuda:0')
(3958, 1000, 0.0009, 1, 290000, 'elltwo', 'bitflip', 0.0001220703125, 0.49800002574920654, 101.08864402770996, '2024-04-10 03:03:33')
pval: 0.49800002574920654 -- 3958th test, time elapsed 101.08864402770996 -- emperical power so far: 0.5569620253164557
db insert success
tensor(-0.0004, device='cuda:0')
(3959, 1000, 0.0009, 1, 290000, 'elltwo', 'bitflip', -0.000396728515625, 0.0010000000474974513, 101.16623544692993, '2024-04-10 03:05:24')
pval: 0.0010000000474974513 -- 3959th test, time elapsed 101.16623544692993 -- emperical power so far: 0.559748427672956
db insert success
tensor(-0.0010, device='cuda:0')
(3960, 1000, 0.0009, 1, 290000, 'elltwo', 'bitflip', -0.0009765625, 0.7190000414848328, 101.11579966545105, '2024-04-10 03:07:18')
pval: 0.7190000414848328 -- 3960th test, time elapsed 101.11579966545105 -- emperical power so far: 0.55625
db insert success
tensor(0.0006, device='cuda:0')
(3961, 1000, 0.0009, 1, 290000, 'elltwo', 'bitflip', 0.000640869140625, 0.004000000189989805, 101.14335203170776, '2024-04-10 03:09:11')
pval: 0.004000000189989805 -- 3961th test, time elapsed 101.14335203170776 -- emperical power so far: 0.5590062111801242
db insert success
tensor(0.0001, device='cuda:0')
(3962, 1000, 0.0009, 1, 290000, 'elltwo', 'bitflip', 0.0001220703125, 0.15000000596046448, 101.40460133552551, '2024-04-10 03:11:05')
pval: 0.15000000596046448 -- 3962th test, time elapsed 101.40460133552551 -- emperical power so far: 0.5555555555555556
db insert success
tensor(0.0001, device='cuda:0')
(3963, 1000, 0.0009, 1, 290000, 'elltwo', 'bitflip', 0.0001220703125, 0.09800000488758087, 101.30251789093018, '2024-04-10 03:12:54')
pval: 0.09800000488758087 -- 3963th test, time elapsed 101.30251789093018 -- emperical power so far: 0.5521472392638037
db insert success
tensor(0.0002, device='cuda:0')
(3964, 1000, 0.0009, 1, 290000, 'elltwo', 'bitflip', 0.000152587890625, 0.0690000057220459, 101.25499629974365, '2024-04-10 03:14:47')
pval: 0.0690000057220459 -- 3964th test, time elapsed 101.25499629974365 -- emperical power so far: 0.5487804878048781
db insert success
tensor(0.0001, device='cuda:0')
(3965, 1000, 0.0009, 1, 290000, 'elltwo', 'bitflip', 0.0001220703125, 0.004000000189989805, 101.24183464050293, '2024-04-10 03:16:47')
pval: 0.004000000189989805 -- 3965th test, time elapsed 101.24183464050293 -- emperical power so far: 0.5515151515151515
db insert success
tensor(-0.0009, device='cuda:0')
(3966, 1000, 0.0009, 1, 290000, 'elltwo', 'bitflip', -0.00091552734375, 0.51500004529953, 101.26616263389587, '2024-04-10 03:18:34')
pval: 0.51500004529953 -- 3966th test, time elapsed 101.26616263389587 -- emperical power so far: 0.5481927710843374
db insert success
tensor(0.0001, device='cuda:0')
(3967, 1000, 0.0009, 1, 290000, 'elltwo', 'bitflip', 0.0001220703125, 0.28700000047683716, 101.38984990119934, '2024-04-10 03:20:19')
pval: 0.28700000047683716 -- 3967th test, time elapsed 101.38984990119934 -- emperical power so far: 0.5449101796407185
db insert success
tensor(0.0007, device='cuda:0')
(3968, 1000, 0.0009, 1, 290000, 'elltwo', 'bitflip', 0.000701904296875, 0.0010000000474974513, 101.20502734184265, '2024-04-10 03:22:20')
pval: 0.0010000000474974513 -- 3968th test, time elapsed 101.20502734184265 -- emperical power so far: 0.5476190476190477
db insert success
tensor(0.0002, device='cuda:0')
(3969, 1000, 0.0009, 1, 290000, 'elltwo', 'bitflip', 0.000152587890625, 0.0010000000474974513, 101.44200611114502, '2024-04-10 03:24:18')
pval: 0.0010000000474974513 -- 3969th test, time elapsed 101.44200611114502 -- emperical power so far: 0.5502958579881657
db insert success
tensor(-0.0004, device='cuda:0')
(3970, 1000, 0.0009, 1, 290000, 'elltwo', 'bitflip', -0.00042724609375, 0.5120000243186951, 101.0648844242096, '2024-04-10 03:26:10')
pval: 0.5120000243186951 -- 3970th test, time elapsed 101.0648844242096 -- emperical power so far: 0.5470588235294118
db insert success
tensor(-0.0004, device='cuda:0')
(3971, 1000, 0.0009, 1, 290000, 'elltwo', 'bitflip', -0.000396728515625, 0.03200000151991844, 100.89738082885742, '2024-04-10 03:28:08')
pval: 0.03200000151991844 -- 3971th test, time elapsed 100.89738082885742 -- emperical power so far: 0.5497076023391813
db insert success
tensor(0.0002, device='cuda:0')
(3972, 1000, 0.0009, 1, 290000, 'elltwo', 'bitflip', 0.000152587890625, 0.10000000149011612, 101.65144300460815, '2024-04-10 03:30:02')
pval: 0.10000000149011612 -- 3972th test, time elapsed 101.65144300460815 -- emperical power so far: 0.5465116279069767
db insert success
tensor(0.0001, device='cuda:0')
(3973, 1000, 0.0009, 1, 290000, 'elltwo', 'bitflip', 0.0001220703125, 0.0010000000474974513, 101.72254300117493, '2024-04-10 03:32:03')
pval: 0.0010000000474974513 -- 3973th test, time elapsed 101.72254300117493 -- emperical power so far: 0.5491329479768786
db insert success
tensor(-0.0004, device='cuda:0')
(3974, 1000, 0.0009, 1, 290000, 'elltwo', 'bitflip', -0.00042724609375, 0.2900000214576721, 101.63887190818787, '2024-04-10 03:34:00')
pval: 0.2900000214576721 -- 3974th test, time elapsed 101.63887190818787 -- emperical power so far: 0.5459770114942529
db insert success
tensor(-0.0004, device='cuda:0')
(3975, 1000, 0.0009, 1, 290000, 'elltwo', 'bitflip', -0.000396728515625, 0.0010000000474974513, 101.23525142669678, '2024-04-10 03:35:58')
pval: 0.0010000000474974513 -- 3975th test, time elapsed 101.23525142669678 -- emperical power so far: 0.5485714285714286
db insert success
tensor(0.0002, device='cuda:0')
(3976, 1000, 0.0009, 1, 290000, 'elltwo', 'bitflip', 0.000152587890625, 0.0010000000474974513, 101.10779857635498, '2024-04-10 03:37:59')
pval: 0.0010000000474974513 -- 3976th test, time elapsed 101.10779857635498 -- emperical power so far: 0.5511363636363636
db insert success
tensor(0.0007, device='cuda:0')
(3977, 1000, 0.0009, 1, 290000, 'elltwo', 'bitflip', 0.00067138671875, 0.036000002175569534, 101.2234194278717, '2024-04-10 03:39:54')
pval: 0.036000002175569534 -- 3977th test, time elapsed 101.2234194278717 -- emperical power so far: 0.5536723163841808
db insert success
tensor(0.0001, device='cuda:0')
(3978, 1000, 0.0009, 1, 290000, 'elltwo', 'bitflip', 0.0001220703125, 0.06200000271201134, 101.59872794151306, '2024-04-10 03:41:44')
pval: 0.06200000271201134 -- 3978th test, time elapsed 101.59872794151306 -- emperical power so far: 0.550561797752809
db insert success
tensor(-0.0004, device='cuda:0')
(3979, 1000, 0.0009, 1, 290000, 'elltwo', 'bitflip', -0.00042724609375, 0.06400000303983688, 101.07584762573242, '2024-04-10 03:43:27')
pval: 0.06400000303983688 -- 3979th test, time elapsed 101.07584762573242 -- emperical power so far: 0.547486033519553
db insert success
tensor(-0.0004, device='cuda:0')
(3980, 1000, 0.0009, 1, 290000, 'elltwo', 'bitflip', -0.00042724609375, 0.7430000305175781, 101.44873309135437, '2024-04-10 03:45:13')
pval: 0.7430000305175781 -- 3980th test, time elapsed 101.44873309135437 -- emperical power so far: 0.5444444444444444
db insert success
tensor(-0.0004, device='cuda:0')
(3981, 1000, 0.0009, 1, 290000, 'elltwo', 'bitflip', -0.000396728515625, 0.47200003266334534, 101.13261604309082, '2024-04-10 03:46:58')
pval: 0.47200003266334534 -- 3981th test, time elapsed 101.13261604309082 -- emperical power so far: 0.5414364640883977
db insert success
tensor(-0.0004, device='cuda:0')
(3982, 1000, 0.0009, 1, 290000, 'elltwo', 'bitflip', -0.00042724609375, 0.00800000037997961, 101.10732769966125, '2024-04-10 03:48:44')
pval: 0.00800000037997961 -- 3982th test, time elapsed 101.10732769966125 -- emperical power so far: 0.5439560439560439
db insert success
tensor(0.0001, device='cuda:0')
(3983, 1000, 0.0009, 1, 290000, 'elltwo', 'bitflip', 0.0001220703125, 0.0010000000474974513, 101.58206796646118, '2024-04-10 03:50:35')
pval: 0.0010000000474974513 -- 3983th test, time elapsed 101.58206796646118 -- emperical power so far: 0.546448087431694
db insert success
tensor(-0.0004, device='cuda:0')
(3984, 1000, 0.0009, 1, 290000, 'elltwo', 'bitflip', -0.000396728515625, 0.2290000170469284, 101.95829319953918, '2024-04-10 03:52:29')
pval: 0.2290000170469284 -- 3984th test, time elapsed 101.95829319953918 -- emperical power so far: 0.5434782608695652
db insert success
tensor(-0.0004, device='cuda:0')
(3985, 1000, 0.0009, 1, 290000, 'elltwo', 'bitflip', -0.000396728515625, 0.289000004529953, 101.37327313423157, '2024-04-10 03:54:24')
pval: 0.289000004529953 -- 3985th test, time elapsed 101.37327313423157 -- emperical power so far: 0.5405405405405406
db insert success
tensor(0.0002, device='cuda:0')
(3986, 1000, 0.0009, 1, 290000, 'elltwo', 'bitflip', 0.000152587890625, 0.01600000075995922, 101.21964621543884, '2024-04-10 03:56:23')
pval: 0.01600000075995922 -- 3986th test, time elapsed 101.21964621543884 -- emperical power so far: 0.543010752688172
db insert success
tensor(0.0002, device='cuda:0')
(3987, 1000, 0.0009, 1, 290000, 'elltwo', 'bitflip', 0.000152587890625, 0.039000000804662704, 101.31258344650269, '2024-04-10 03:58:10')
pval: 0.039000000804662704 -- 3987th test, time elapsed 101.31258344650269 -- emperical power so far: 0.5454545454545454
db insert success
tensor(-0.0004, device='cuda:0')
(3988, 1000, 0.0009, 1, 290000, 'elltwo', 'bitflip', -0.00042724609375, 0.03400000184774399, 101.09052467346191, '2024-04-10 04:00:10')
pval: 0.03400000184774399 -- 3988th test, time elapsed 101.09052467346191 -- emperical power so far: 0.5478723404255319
db insert success
tensor(-0.0004, device='cuda:0')
(3989, 1000, 0.0009, 1, 290000, 'elltwo', 'bitflip', -0.00042724609375, 0.35200002789497375, 101.53859376907349, '2024-04-10 04:01:56')
pval: 0.35200002789497375 -- 3989th test, time elapsed 101.53859376907349 -- emperical power so far: 0.544973544973545
db insert success
tensor(-0.0010, device='cuda:0')
(3990, 1000, 0.0009, 1, 290000, 'elltwo', 'bitflip', -0.0009765625, 0.4100000262260437, 101.16875290870667, '2024-04-10 04:03:55')
pval: 0.4100000262260437 -- 3990th test, time elapsed 101.16875290870667 -- emperical power so far: 0.5421052631578948
db insert success
tensor(-0.0004, device='cuda:0')
(3991, 1000, 0.0009, 1, 290000, 'elltwo', 'bitflip', -0.000396728515625, 0.003000000026077032, 101.81005096435547, '2024-04-10 04:05:45')
pval: 0.003000000026077032 -- 3991th test, time elapsed 101.81005096435547 -- emperical power so far: 0.5445026178010471
db insert success
tensor(-0.0004, device='cuda:0')
(3992, 1000, 0.0009, 1, 290000, 'elltwo', 'bitflip', -0.00042724609375, 0.0560000017285347, 101.63638067245483, '2024-04-10 04:07:43')
pval: 0.0560000017285347 -- 3992th test, time elapsed 101.63638067245483 -- emperical power so far: 0.5416666666666666
db insert success
tensor(0.0002, device='cuda:0')
(3993, 1000, 0.0009, 1, 290000, 'elltwo', 'bitflip', 0.000152587890625, 0.0010000000474974513, 101.42248392105103, '2024-04-10 04:09:40')
pval: 0.0010000000474974513 -- 3993th test, time elapsed 101.42248392105103 -- emperical power so far: 0.5440414507772021
db insert success
tensor(0.0007, device='cuda:0')
(3994, 1000, 0.0009, 1, 290000, 'elltwo', 'bitflip', 0.000701904296875, 0.0010000000474974513, 101.77956628799438, '2024-04-10 04:11:23')
pval: 0.0010000000474974513 -- 3994th test, time elapsed 101.77956628799438 -- emperical power so far: 0.5463917525773195
db insert success
tensor(0.0002, device='cuda:0')
(3995, 1000, 0.0009, 1, 290000, 'elltwo', 'bitflip', 0.000152587890625, 0.005000000353902578, 101.42444229125977, '2024-04-10 04:13:16')
pval: 0.005000000353902578 -- 3995th test, time elapsed 101.42444229125977 -- emperical power so far: 0.5487179487179488
db insert success
tensor(0.0001, device='cuda:0')
(3996, 1000, 0.0009, 1, 290000, 'elltwo', 'bitflip', 0.0001220703125, 0.18900001049041748, 101.30407357215881, '2024-04-10 04:15:17')
pval: 0.18900001049041748 -- 3996th test, time elapsed 101.30407357215881 -- emperical power so far: 0.5459183673469388
db insert success
tensor(0.0002, device='cuda:0')
(3997, 1000, 0.0009, 1, 290000, 'elltwo', 'bitflip', 0.000152587890625, 0.36400002241134644, 101.21562767028809, '2024-04-10 04:17:16')
pval: 0.36400002241134644 -- 3997th test, time elapsed 101.21562767028809 -- emperical power so far: 0.5431472081218274
db insert success
tensor(0.0002, device='cuda:0')
(3998, 1000, 0.0009, 1, 290000, 'elltwo', 'bitflip', 0.000152587890625, 0.1120000034570694, 101.16306352615356, '2024-04-10 04:19:13')
pval: 0.1120000034570694 -- 3998th test, time elapsed 101.16306352615356 -- emperical power so far: 0.5404040404040404
db insert success
tensor(0.0002, device='cuda:0')
(3999, 1000, 0.0009, 1, 290000, 'elltwo', 'bitflip', 0.000152587890625, 0.03400000184774399, 101.37951970100403, '2024-04-10 04:21:07')
pval: 0.03400000184774399 -- 3999th test, time elapsed 101.37951970100403 -- emperical power so far: 0.542713567839196
db insert success
tensor(0.0001, device='cuda:0')
(4000, 1000, 0.0009, 1, 290000, 'elltwo', 'bitflip', 0.0001220703125, 0.16300000250339508, 101.23479175567627, '2024-04-10 04:23:07')
pval: 0.16300000250339508 -- 4000th test, time elapsed 101.23479175567627 -- emperical power so far: 0.54
db insert success
22558.02490067482
