tensor([0.0001, 0.0019, 0.0001, 0.0019, 0.0001, 0.0019, 0.0001, 0.0019, 0.0001,
        0.0019, 0.0001, 0.0019, 0.0001, 0.0019, 0.0001, 0.0019, 0.0001, 0.0019,
        0.0001, 0.0019, 0.0001, 0.0019, 0.0001, 0.0019, 0.0001, 0.0019, 0.0001,
        0.0019, 0.0001, 0.0019, 0.0001, 0.0019, 0.0001, 0.0019, 0.0001, 0.0019,
        0.0001, 0.0019, 0.0001, 0.0019, 0.0001, 0.0019, 0.0001, 0.0019, 0.0001,
        0.0019, 0.0001, 0.0019, 0.0001, 0.0019, 0.0001, 0.0019, 0.0001, 0.0019,
        0.0001, 0.0019, 0.0001, 0.0019, 0.0001, 0.0019, 0.0001, 0.0019, 0.0001,
        0.0019, 0.0001, 0.0019, 0.0001, 0.0019, 0.0001, 0.0019, 0.0001, 0.0019,
        0.0001, 0.0019, 0.0001, 0.0019, 0.0001, 0.0019, 0.0001, 0.0019, 0.0001,
        0.0019, 0.0001, 0.0019, 0.0001, 0.0019, 0.0001, 0.0019, 0.0001, 0.0019,
        0.0001, 0.0019, 0.0001, 0.0019, 0.0001, 0.0019, 0.0001, 0.0019, 0.0001,
        0.0019, 0.0001, 0.0019, 0.0001, 0.0019, 0.0001, 0.0019, 0.0001, 0.0019,
        0.0001, 0.0019, 0.0001, 0.0019, 0.0001, 0.0019, 0.0001, 0.0019, 0.0001,
        0.0019, 0.0001, 0.0019, 0.0001, 0.0019, 0.0001, 0.0019, 0.0001, 0.0019,
        0.0001, 0.0019, 0.0001, 0.0019, 0.0001, 0.0019, 0.0001, 0.0019, 0.0001,
        0.0019, 0.0001, 0.0019, 0.0001, 0.0019, 0.0001, 0.0019, 0.0001, 0.0019,
        0.0001, 0.0019, 0.0001, 0.0019, 0.0001, 0.0019, 0.0001, 0.0019, 0.0001,
        0.0019, 0.0001, 0.0019, 0.0001, 0.0019, 0.0001, 0.0019, 0.0001, 0.0019,
        0.0001, 0.0019, 0.0001, 0.0019, 0.0001, 0.0019, 0.0001, 0.0019, 0.0001,
        0.0019, 0.0001, 0.0019, 0.0001, 0.0019, 0.0001, 0.0019, 0.0001, 0.0019,
        0.0001, 0.0019, 0.0001, 0.0019, 0.0001, 0.0019, 0.0001, 0.0019, 0.0001,
        0.0019, 0.0001, 0.0019, 0.0001, 0.0019, 0.0001, 0.0019, 0.0001, 0.0019,
        0.0001, 0.0019, 0.0001, 0.0019, 0.0001, 0.0019, 0.0001, 0.0019, 0.0001,
        0.0019, 0.0001, 0.0019, 0.0001, 0.0019, 0.0001, 0.0019, 0.0001, 0.0019,
        0.0001, 0.0019, 0.0001, 0.0019, 0.0001, 0.0019, 0.0001, 0.0019, 0.0001,
        0.0019, 0.0001, 0.0019, 0.0001, 0.0019, 0.0001, 0.0019, 0.0001, 0.0019,
        0.0001, 0.0019, 0.0001, 0.0019, 0.0001, 0.0019, 0.0001, 0.0019, 0.0001,
        0.0019, 0.0001, 0.0019, 0.0001, 0.0019, 0.0001, 0.0019, 0.0001, 0.0019,
        0.0001, 0.0019, 0.0001, 0.0019, 0.0001, 0.0019, 0.0001, 0.0019, 0.0001,
        0.0019, 0.0001, 0.0019, 0.0001, 0.0019, 0.0001, 0.0019, 0.0001, 0.0019,
        0.0001, 0.0019, 0.0001, 0.0019, 0.0001, 0.0019, 0.0001, 0.0019, 0.0001,
        0.0019, 0.0001, 0.0019, 0.0001, 0.0019, 0.0001, 0.0019, 0.0001, 0.0019,
        0.0001, 0.0019, 0.0001, 0.0019, 0.0001, 0.0019, 0.0001, 0.0019, 0.0001,
        0.0019, 0.0001, 0.0019, 0.0001, 0.0019, 0.0001, 0.0019, 0.0001, 0.0019,
        0.0001, 0.0019, 0.0001, 0.0019, 0.0001, 0.0019, 0.0001, 0.0019, 0.0001,
        0.0019, 0.0001, 0.0019, 0.0001, 0.0019, 0.0001, 0.0019, 0.0001, 0.0019,
        0.0001, 0.0019, 0.0001, 0.0019, 0.0001, 0.0019, 0.0001, 0.0019, 0.0001,
        0.0019, 0.0001, 0.0019, 0.0001, 0.0019, 0.0001, 0.0019, 0.0001, 0.0019,
        0.0001, 0.0019, 0.0001, 0.0019, 0.0001, 0.0019, 0.0001, 0.0019, 0.0001,
        0.0019, 0.0001, 0.0019, 0.0001, 0.0019, 0.0001, 0.0019, 0.0001, 0.0019,
        0.0001, 0.0019, 0.0001, 0.0019, 0.0001, 0.0019, 0.0001, 0.0019, 0.0001,
        0.0019, 0.0001, 0.0019, 0.0001, 0.0019, 0.0001, 0.0019, 0.0001, 0.0019,
        0.0001, 0.0019, 0.0001, 0.0019, 0.0001, 0.0019, 0.0001, 0.0019, 0.0001,
        0.0019, 0.0001, 0.0019, 0.0001, 0.0019, 0.0001, 0.0019, 0.0001, 0.0019,
        0.0001, 0.0019, 0.0001, 0.0019, 0.0001, 0.0019, 0.0001, 0.0019, 0.0001,
        0.0019, 0.0001, 0.0019, 0.0001, 0.0019, 0.0001, 0.0019, 0.0001, 0.0019,
        0.0001, 0.0019, 0.0001, 0.0019, 0.0001, 0.0019, 0.0001, 0.0019, 0.0001,
        0.0019, 0.0001, 0.0019, 0.0001, 0.0019, 0.0001, 0.0019, 0.0001, 0.0019,
        0.0001, 0.0019, 0.0001, 0.0019, 0.0001, 0.0019, 0.0001, 0.0019, 0.0001,
        0.0019, 0.0001, 0.0019, 0.0001, 0.0019, 0.0001, 0.0019, 0.0001, 0.0019,
        0.0001, 0.0019, 0.0001, 0.0019, 0.0001, 0.0019, 0.0001, 0.0019, 0.0001,
        0.0019, 0.0001, 0.0019, 0.0001, 0.0019, 0.0001, 0.0019, 0.0001, 0.0019,
        0.0001, 0.0019, 0.0001, 0.0019, 0.0001, 0.0019, 0.0001, 0.0019, 0.0001,
        0.0019, 0.0001, 0.0019, 0.0001, 0.0019, 0.0001, 0.0019, 0.0001, 0.0019,
        0.0001, 0.0019, 0.0001, 0.0019, 0.0001, 0.0019, 0.0001, 0.0019, 0.0001,
        0.0019, 0.0001, 0.0019, 0.0001, 0.0019, 0.0001, 0.0019, 0.0001, 0.0019,
        0.0001, 0.0019, 0.0001, 0.0019, 0.0001, 0.0019, 0.0001, 0.0019, 0.0001,
        0.0019, 0.0001, 0.0019, 0.0001, 0.0019, 0.0001, 0.0019, 0.0001, 0.0019,
        0.0001, 0.0019, 0.0001, 0.0019, 0.0001, 0.0019, 0.0001, 0.0019, 0.0001,
        0.0019, 0.0001, 0.0019, 0.0001, 0.0019, 0.0001, 0.0019, 0.0001, 0.0019,
        0.0001, 0.0019, 0.0001, 0.0019, 0.0001, 0.0019, 0.0001, 0.0019, 0.0001,
        0.0019, 0.0001, 0.0019, 0.0001, 0.0019, 0.0001, 0.0019, 0.0001, 0.0019,
        0.0001, 0.0019, 0.0001, 0.0019, 0.0001, 0.0019, 0.0001, 0.0019, 0.0001,
        0.0019, 0.0001, 0.0019, 0.0001, 0.0019, 0.0001, 0.0019, 0.0001, 0.0019,
        0.0001, 0.0019, 0.0001, 0.0019, 0.0001, 0.0019, 0.0001, 0.0019, 0.0001,
        0.0019, 0.0001, 0.0019, 0.0001, 0.0019, 0.0001, 0.0019, 0.0001, 0.0019,
        0.0001, 0.0019, 0.0001, 0.0019, 0.0001, 0.0019, 0.0001, 0.0019, 0.0001,
        0.0019, 0.0001, 0.0019, 0.0001, 0.0019, 0.0001, 0.0019, 0.0001, 0.0019,
        0.0001, 0.0019, 0.0001, 0.0019, 0.0001, 0.0019, 0.0001, 0.0019, 0.0001,
        0.0019, 0.0001, 0.0019, 0.0001, 0.0019, 0.0001, 0.0019, 0.0001, 0.0019,
        0.0001, 0.0019, 0.0001, 0.0019, 0.0001, 0.0019, 0.0001, 0.0019, 0.0001,
        0.0019, 0.0001, 0.0019, 0.0001, 0.0019, 0.0001, 0.0019, 0.0001, 0.0019,
        0.0001, 0.0019, 0.0001, 0.0019, 0.0001, 0.0019, 0.0001, 0.0019, 0.0001,
        0.0019, 0.0001, 0.0019, 0.0001, 0.0019, 0.0001, 0.0019, 0.0001, 0.0019,
        0.0001, 0.0019, 0.0001, 0.0019, 0.0001, 0.0019, 0.0001, 0.0019, 0.0001,
        0.0019, 0.0001, 0.0019, 0.0001, 0.0019, 0.0001, 0.0019, 0.0001, 0.0019,
        0.0001, 0.0019, 0.0001, 0.0019, 0.0001, 0.0019, 0.0001, 0.0019, 0.0001,
        0.0019, 0.0001, 0.0019, 0.0001, 0.0019, 0.0001, 0.0019, 0.0001, 0.0019,
        0.0001, 0.0019, 0.0001, 0.0019, 0.0001, 0.0019, 0.0001, 0.0019, 0.0001,
        0.0019, 0.0001, 0.0019, 0.0001, 0.0019, 0.0001, 0.0019, 0.0001, 0.0019,
        0.0001, 0.0019, 0.0001, 0.0019, 0.0001, 0.0019, 0.0001, 0.0019, 0.0001,
        0.0019, 0.0001, 0.0019, 0.0001, 0.0019, 0.0001, 0.0019, 0.0001, 0.0019,
        0.0001, 0.0019, 0.0001, 0.0019, 0.0001, 0.0019, 0.0001, 0.0019, 0.0001,
        0.0019, 0.0001, 0.0019, 0.0001, 0.0019, 0.0001, 0.0019, 0.0001, 0.0019,
        0.0001, 0.0019, 0.0001, 0.0019, 0.0001, 0.0019, 0.0001, 0.0019, 0.0001,
        0.0019, 0.0001, 0.0019, 0.0001, 0.0019, 0.0001, 0.0019, 0.0001, 0.0019,
        0.0001, 0.0019, 0.0001, 0.0019, 0.0001, 0.0019, 0.0001, 0.0019, 0.0001,
        0.0019, 0.0001, 0.0019, 0.0001, 0.0019, 0.0001, 0.0019, 0.0001, 0.0019,
        0.0001, 0.0019, 0.0001, 0.0019, 0.0001, 0.0019, 0.0001, 0.0019, 0.0001,
        0.0019, 0.0001, 0.0019, 0.0001, 0.0019, 0.0001, 0.0019, 0.0001, 0.0019,
        0.0001, 0.0019, 0.0001, 0.0019, 0.0001, 0.0019, 0.0001, 0.0019, 0.0001,
        0.0019, 0.0001, 0.0019, 0.0001, 0.0019, 0.0001, 0.0019, 0.0001, 0.0019,
        0.0001, 0.0019, 0.0001, 0.0019, 0.0001, 0.0019, 0.0001, 0.0019, 0.0001,
        0.0019, 0.0001, 0.0019, 0.0001, 0.0019, 0.0001, 0.0019, 0.0001, 0.0019,
        0.0001, 0.0019, 0.0001, 0.0019, 0.0001, 0.0019, 0.0001, 0.0019, 0.0001,
        0.0019, 0.0001, 0.0019, 0.0001, 0.0019, 0.0001, 0.0019, 0.0001, 0.0019,
        0.0001, 0.0019, 0.0001, 0.0019, 0.0001, 0.0019, 0.0001, 0.0019, 0.0001,
        0.0019, 0.0001, 0.0019, 0.0001, 0.0019, 0.0001, 0.0019, 0.0001, 0.0019,
        0.0001, 0.0019, 0.0001, 0.0019, 0.0001, 0.0019, 0.0001, 0.0019, 0.0001,
        0.0019, 0.0001, 0.0019, 0.0001, 0.0019, 0.0001, 0.0019, 0.0001, 0.0019,
        0.0001, 0.0019, 0.0001, 0.0019, 0.0001, 0.0019, 0.0001, 0.0019, 0.0001,
        0.0019, 0.0001, 0.0019, 0.0001, 0.0019, 0.0001, 0.0019, 0.0001, 0.0019,
        0.0001, 0.0019, 0.0001, 0.0019, 0.0001, 0.0019, 0.0001, 0.0019, 0.0001,
        0.0019, 0.0001, 0.0019, 0.0001, 0.0019, 0.0001, 0.0019, 0.0001, 0.0019,
        0.0001, 0.0019, 0.0001, 0.0019, 0.0001, 0.0019, 0.0001, 0.0019, 0.0001,
        0.0019, 0.0001, 0.0019, 0.0001, 0.0019, 0.0001, 0.0019, 0.0001, 0.0019,
        0.0001, 0.0019, 0.0001, 0.0019, 0.0001, 0.0019, 0.0001, 0.0019, 0.0001,
        0.0019, 0.0001, 0.0019, 0.0001, 0.0019, 0.0001, 0.0019, 0.0001, 0.0019,
        0.0001, 0.0019, 0.0001, 0.0019, 0.0001, 0.0019, 0.0001, 0.0019, 0.0001,
        0.0019, 0.0001, 0.0019, 0.0001, 0.0019, 0.0001, 0.0019, 0.0001, 0.0019,
        0.0001, 0.0019, 0.0001, 0.0019, 0.0001, 0.0019, 0.0001, 0.0019, 0.0001,
        0.0019])
tensor([0.0019, 0.0001, 0.0019, 0.0001, 0.0019, 0.0001, 0.0019, 0.0001, 0.0019,
        0.0001, 0.0019, 0.0001, 0.0019, 0.0001, 0.0019, 0.0001, 0.0019, 0.0001,
        0.0019, 0.0001, 0.0019, 0.0001, 0.0019, 0.0001, 0.0019, 0.0001, 0.0019,
        0.0001, 0.0019, 0.0001, 0.0019, 0.0001, 0.0019, 0.0001, 0.0019, 0.0001,
        0.0019, 0.0001, 0.0019, 0.0001, 0.0019, 0.0001, 0.0019, 0.0001, 0.0019,
        0.0001, 0.0019, 0.0001, 0.0019, 0.0001, 0.0019, 0.0001, 0.0019, 0.0001,
        0.0019, 0.0001, 0.0019, 0.0001, 0.0019, 0.0001, 0.0019, 0.0001, 0.0019,
        0.0001, 0.0019, 0.0001, 0.0019, 0.0001, 0.0019, 0.0001, 0.0019, 0.0001,
        0.0019, 0.0001, 0.0019, 0.0001, 0.0019, 0.0001, 0.0019, 0.0001, 0.0019,
        0.0001, 0.0019, 0.0001, 0.0019, 0.0001, 0.0019, 0.0001, 0.0019, 0.0001,
        0.0019, 0.0001, 0.0019, 0.0001, 0.0019, 0.0001, 0.0019, 0.0001, 0.0019,
        0.0001, 0.0019, 0.0001, 0.0019, 0.0001, 0.0019, 0.0001, 0.0019, 0.0001,
        0.0019, 0.0001, 0.0019, 0.0001, 0.0019, 0.0001, 0.0019, 0.0001, 0.0019,
        0.0001, 0.0019, 0.0001, 0.0019, 0.0001, 0.0019, 0.0001, 0.0019, 0.0001,
        0.0019, 0.0001, 0.0019, 0.0001, 0.0019, 0.0001, 0.0019, 0.0001, 0.0019,
        0.0001, 0.0019, 0.0001, 0.0019, 0.0001, 0.0019, 0.0001, 0.0019, 0.0001,
        0.0019, 0.0001, 0.0019, 0.0001, 0.0019, 0.0001, 0.0019, 0.0001, 0.0019,
        0.0001, 0.0019, 0.0001, 0.0019, 0.0001, 0.0019, 0.0001, 0.0019, 0.0001,
        0.0019, 0.0001, 0.0019, 0.0001, 0.0019, 0.0001, 0.0019, 0.0001, 0.0019,
        0.0001, 0.0019, 0.0001, 0.0019, 0.0001, 0.0019, 0.0001, 0.0019, 0.0001,
        0.0019, 0.0001, 0.0019, 0.0001, 0.0019, 0.0001, 0.0019, 0.0001, 0.0019,
        0.0001, 0.0019, 0.0001, 0.0019, 0.0001, 0.0019, 0.0001, 0.0019, 0.0001,
        0.0019, 0.0001, 0.0019, 0.0001, 0.0019, 0.0001, 0.0019, 0.0001, 0.0019,
        0.0001, 0.0019, 0.0001, 0.0019, 0.0001, 0.0019, 0.0001, 0.0019, 0.0001,
        0.0019, 0.0001, 0.0019, 0.0001, 0.0019, 0.0001, 0.0019, 0.0001, 0.0019,
        0.0001, 0.0019, 0.0001, 0.0019, 0.0001, 0.0019, 0.0001, 0.0019, 0.0001,
        0.0019, 0.0001, 0.0019, 0.0001, 0.0019, 0.0001, 0.0019, 0.0001, 0.0019,
        0.0001, 0.0019, 0.0001, 0.0019, 0.0001, 0.0019, 0.0001, 0.0019, 0.0001,
        0.0019, 0.0001, 0.0019, 0.0001, 0.0019, 0.0001, 0.0019, 0.0001, 0.0019,
        0.0001, 0.0019, 0.0001, 0.0019, 0.0001, 0.0019, 0.0001, 0.0019, 0.0001,
        0.0019, 0.0001, 0.0019, 0.0001, 0.0019, 0.0001, 0.0019, 0.0001, 0.0019,
        0.0001, 0.0019, 0.0001, 0.0019, 0.0001, 0.0019, 0.0001, 0.0019, 0.0001,
        0.0019, 0.0001, 0.0019, 0.0001, 0.0019, 0.0001, 0.0019, 0.0001, 0.0019,
        0.0001, 0.0019, 0.0001, 0.0019, 0.0001, 0.0019, 0.0001, 0.0019, 0.0001,
        0.0019, 0.0001, 0.0019, 0.0001, 0.0019, 0.0001, 0.0019, 0.0001, 0.0019,
        0.0001, 0.0019, 0.0001, 0.0019, 0.0001, 0.0019, 0.0001, 0.0019, 0.0001,
        0.0019, 0.0001, 0.0019, 0.0001, 0.0019, 0.0001, 0.0019, 0.0001, 0.0019,
        0.0001, 0.0019, 0.0001, 0.0019, 0.0001, 0.0019, 0.0001, 0.0019, 0.0001,
        0.0019, 0.0001, 0.0019, 0.0001, 0.0019, 0.0001, 0.0019, 0.0001, 0.0019,
        0.0001, 0.0019, 0.0001, 0.0019, 0.0001, 0.0019, 0.0001, 0.0019, 0.0001,
        0.0019, 0.0001, 0.0019, 0.0001, 0.0019, 0.0001, 0.0019, 0.0001, 0.0019,
        0.0001, 0.0019, 0.0001, 0.0019, 0.0001, 0.0019, 0.0001, 0.0019, 0.0001,
        0.0019, 0.0001, 0.0019, 0.0001, 0.0019, 0.0001, 0.0019, 0.0001, 0.0019,
        0.0001, 0.0019, 0.0001, 0.0019, 0.0001, 0.0019, 0.0001, 0.0019, 0.0001,
        0.0019, 0.0001, 0.0019, 0.0001, 0.0019, 0.0001, 0.0019, 0.0001, 0.0019,
        0.0001, 0.0019, 0.0001, 0.0019, 0.0001, 0.0019, 0.0001, 0.0019, 0.0001,
        0.0019, 0.0001, 0.0019, 0.0001, 0.0019, 0.0001, 0.0019, 0.0001, 0.0019,
        0.0001, 0.0019, 0.0001, 0.0019, 0.0001, 0.0019, 0.0001, 0.0019, 0.0001,
        0.0019, 0.0001, 0.0019, 0.0001, 0.0019, 0.0001, 0.0019, 0.0001, 0.0019,
        0.0001, 0.0019, 0.0001, 0.0019, 0.0001, 0.0019, 0.0001, 0.0019, 0.0001,
        0.0019, 0.0001, 0.0019, 0.0001, 0.0019, 0.0001, 0.0019, 0.0001, 0.0019,
        0.0001, 0.0019, 0.0001, 0.0019, 0.0001, 0.0019, 0.0001, 0.0019, 0.0001,
        0.0019, 0.0001, 0.0019, 0.0001, 0.0019, 0.0001, 0.0019, 0.0001, 0.0019,
        0.0001, 0.0019, 0.0001, 0.0019, 0.0001, 0.0019, 0.0001, 0.0019, 0.0001,
        0.0019, 0.0001, 0.0019, 0.0001, 0.0019, 0.0001, 0.0019, 0.0001, 0.0019,
        0.0001, 0.0019, 0.0001, 0.0019, 0.0001, 0.0019, 0.0001, 0.0019, 0.0001,
        0.0019, 0.0001, 0.0019, 0.0001, 0.0019, 0.0001, 0.0019, 0.0001, 0.0019,
        0.0001, 0.0019, 0.0001, 0.0019, 0.0001, 0.0019, 0.0001, 0.0019, 0.0001,
        0.0019, 0.0001, 0.0019, 0.0001, 0.0019, 0.0001, 0.0019, 0.0001, 0.0019,
        0.0001, 0.0019, 0.0001, 0.0019, 0.0001, 0.0019, 0.0001, 0.0019, 0.0001,
        0.0019, 0.0001, 0.0019, 0.0001, 0.0019, 0.0001, 0.0019, 0.0001, 0.0019,
        0.0001, 0.0019, 0.0001, 0.0019, 0.0001, 0.0019, 0.0001, 0.0019, 0.0001,
        0.0019, 0.0001, 0.0019, 0.0001, 0.0019, 0.0001, 0.0019, 0.0001, 0.0019,
        0.0001, 0.0019, 0.0001, 0.0019, 0.0001, 0.0019, 0.0001, 0.0019, 0.0001,
        0.0019, 0.0001, 0.0019, 0.0001, 0.0019, 0.0001, 0.0019, 0.0001, 0.0019,
        0.0001, 0.0019, 0.0001, 0.0019, 0.0001, 0.0019, 0.0001, 0.0019, 0.0001,
        0.0019, 0.0001, 0.0019, 0.0001, 0.0019, 0.0001, 0.0019, 0.0001, 0.0019,
        0.0001, 0.0019, 0.0001, 0.0019, 0.0001, 0.0019, 0.0001, 0.0019, 0.0001,
        0.0019, 0.0001, 0.0019, 0.0001, 0.0019, 0.0001, 0.0019, 0.0001, 0.0019,
        0.0001, 0.0019, 0.0001, 0.0019, 0.0001, 0.0019, 0.0001, 0.0019, 0.0001,
        0.0019, 0.0001, 0.0019, 0.0001, 0.0019, 0.0001, 0.0019, 0.0001, 0.0019,
        0.0001, 0.0019, 0.0001, 0.0019, 0.0001, 0.0019, 0.0001, 0.0019, 0.0001,
        0.0019, 0.0001, 0.0019, 0.0001, 0.0019, 0.0001, 0.0019, 0.0001, 0.0019,
        0.0001, 0.0019, 0.0001, 0.0019, 0.0001, 0.0019, 0.0001, 0.0019, 0.0001,
        0.0019, 0.0001, 0.0019, 0.0001, 0.0019, 0.0001, 0.0019, 0.0001, 0.0019,
        0.0001, 0.0019, 0.0001, 0.0019, 0.0001, 0.0019, 0.0001, 0.0019, 0.0001,
        0.0019, 0.0001, 0.0019, 0.0001, 0.0019, 0.0001, 0.0019, 0.0001, 0.0019,
        0.0001, 0.0019, 0.0001, 0.0019, 0.0001, 0.0019, 0.0001, 0.0019, 0.0001,
        0.0019, 0.0001, 0.0019, 0.0001, 0.0019, 0.0001, 0.0019, 0.0001, 0.0019,
        0.0001, 0.0019, 0.0001, 0.0019, 0.0001, 0.0019, 0.0001, 0.0019, 0.0001,
        0.0019, 0.0001, 0.0019, 0.0001, 0.0019, 0.0001, 0.0019, 0.0001, 0.0019,
        0.0001, 0.0019, 0.0001, 0.0019, 0.0001, 0.0019, 0.0001, 0.0019, 0.0001,
        0.0019, 0.0001, 0.0019, 0.0001, 0.0019, 0.0001, 0.0019, 0.0001, 0.0019,
        0.0001, 0.0019, 0.0001, 0.0019, 0.0001, 0.0019, 0.0001, 0.0019, 0.0001,
        0.0019, 0.0001, 0.0019, 0.0001, 0.0019, 0.0001, 0.0019, 0.0001, 0.0019,
        0.0001, 0.0019, 0.0001, 0.0019, 0.0001, 0.0019, 0.0001, 0.0019, 0.0001,
        0.0019, 0.0001, 0.0019, 0.0001, 0.0019, 0.0001, 0.0019, 0.0001, 0.0019,
        0.0001, 0.0019, 0.0001, 0.0019, 0.0001, 0.0019, 0.0001, 0.0019, 0.0001,
        0.0019, 0.0001, 0.0019, 0.0001, 0.0019, 0.0001, 0.0019, 0.0001, 0.0019,
        0.0001, 0.0019, 0.0001, 0.0019, 0.0001, 0.0019, 0.0001, 0.0019, 0.0001,
        0.0019, 0.0001, 0.0019, 0.0001, 0.0019, 0.0001, 0.0019, 0.0001, 0.0019,
        0.0001, 0.0019, 0.0001, 0.0019, 0.0001, 0.0019, 0.0001, 0.0019, 0.0001,
        0.0019, 0.0001, 0.0019, 0.0001, 0.0019, 0.0001, 0.0019, 0.0001, 0.0019,
        0.0001, 0.0019, 0.0001, 0.0019, 0.0001, 0.0019, 0.0001, 0.0019, 0.0001,
        0.0019, 0.0001, 0.0019, 0.0001, 0.0019, 0.0001, 0.0019, 0.0001, 0.0019,
        0.0001, 0.0019, 0.0001, 0.0019, 0.0001, 0.0019, 0.0001, 0.0019, 0.0001,
        0.0019, 0.0001, 0.0019, 0.0001, 0.0019, 0.0001, 0.0019, 0.0001, 0.0019,
        0.0001, 0.0019, 0.0001, 0.0019, 0.0001, 0.0019, 0.0001, 0.0019, 0.0001,
        0.0019, 0.0001, 0.0019, 0.0001, 0.0019, 0.0001, 0.0019, 0.0001, 0.0019,
        0.0001, 0.0019, 0.0001, 0.0019, 0.0001, 0.0019, 0.0001, 0.0019, 0.0001,
        0.0019, 0.0001, 0.0019, 0.0001, 0.0019, 0.0001, 0.0019, 0.0001, 0.0019,
        0.0001, 0.0019, 0.0001, 0.0019, 0.0001, 0.0019, 0.0001, 0.0019, 0.0001,
        0.0019, 0.0001, 0.0019, 0.0001, 0.0019, 0.0001, 0.0019, 0.0001, 0.0019,
        0.0001, 0.0019, 0.0001, 0.0019, 0.0001, 0.0019, 0.0001, 0.0019, 0.0001,
        0.0019, 0.0001, 0.0019, 0.0001, 0.0019, 0.0001, 0.0019, 0.0001, 0.0019,
        0.0001, 0.0019, 0.0001, 0.0019, 0.0001, 0.0019, 0.0001, 0.0019, 0.0001,
        0.0019, 0.0001, 0.0019, 0.0001, 0.0019, 0.0001, 0.0019, 0.0001, 0.0019,
        0.0001, 0.0019, 0.0001, 0.0019, 0.0001, 0.0019, 0.0001, 0.0019, 0.0001,
        0.0019, 0.0001, 0.0019, 0.0001, 0.0019, 0.0001, 0.0019, 0.0001, 0.0019,
        0.0001, 0.0019, 0.0001, 0.0019, 0.0001, 0.0019, 0.0001, 0.0019, 0.0001,
        0.0019, 0.0001, 0.0019, 0.0001, 0.0019, 0.0001, 0.0019, 0.0001, 0.0019,
        0.0001])
bitflipelltwo, alpha=1, sample size=290000
#########################################
tensor(0.0001, device='cuda:0')
(2201, 1000, 0.0009, 1, 290000, 'elltwo', 'bitflip', 0.0001220703125, 0.023000001907348633, 110.6070249080658, '2024-04-09 22:08:22')
pval: 0.023000001907348633 -- 2201th test, time elapsed 110.6070249080658 -- emperical power so far: 1.0
db insert success
tensor(0.0001, device='cuda:0')
(2202, 1000, 0.0009, 1, 290000, 'elltwo', 'bitflip', 0.0001220703125, 0.03800000250339508, 101.02986264228821, '2024-04-09 22:10:23')
pval: 0.03800000250339508 -- 2202th test, time elapsed 101.02986264228821 -- emperical power so far: 1.0
db insert success
tensor(-0.0004, device='cuda:0')
(2203, 1000, 0.0009, 1, 290000, 'elltwo', 'bitflip', -0.000396728515625, 0.0010000000474974513, 101.06052327156067, '2024-04-09 22:12:16')
pval: 0.0010000000474974513 -- 2203th test, time elapsed 101.06052327156067 -- emperical power so far: 1.0
db insert success
tensor(-0.0004, device='cuda:0')
(2204, 1000, 0.0009, 1, 290000, 'elltwo', 'bitflip', -0.000396728515625, 0.0010000000474974513, 101.21375942230225, '2024-04-09 22:14:17')
pval: 0.0010000000474974513 -- 2204th test, time elapsed 101.21375942230225 -- emperical power so far: 1.0
db insert success
tensor(0.0002, device='cuda:0')
(2205, 1000, 0.0009, 1, 290000, 'elltwo', 'bitflip', 0.000152587890625, 0.06100000441074371, 101.19136166572571, '2024-04-09 22:16:15')
pval: 0.06100000441074371 -- 2205th test, time elapsed 101.19136166572571 -- emperical power so far: 0.8
db insert success
tensor(-0.0004, device='cuda:0')
(2206, 1000, 0.0009, 1, 290000, 'elltwo', 'bitflip', -0.000396728515625, 0.39000001549720764, 101.28614091873169, '2024-04-09 22:18:02')
pval: 0.39000001549720764 -- 2206th test, time elapsed 101.28614091873169 -- emperical power so far: 0.6666666666666666
db insert success
tensor(-0.0004, device='cuda:0')
(2207, 1000, 0.0009, 1, 290000, 'elltwo', 'bitflip', -0.00042724609375, 0.3930000066757202, 102.51018905639648, '2024-04-09 22:20:01')
pval: 0.3930000066757202 -- 2207th test, time elapsed 102.51018905639648 -- emperical power so far: 0.5714285714285714
db insert success
tensor(-0.0004, device='cuda:0')
(2208, 1000, 0.0009, 1, 290000, 'elltwo', 'bitflip', -0.00042724609375, 0.203000009059906, 102.64303660392761, '2024-04-09 22:22:04')
pval: 0.203000009059906 -- 2208th test, time elapsed 102.64303660392761 -- emperical power so far: 0.5
db insert success
tensor(-0.0004, device='cuda:0')
(2209, 1000, 0.0009, 1, 290000, 'elltwo', 'bitflip', -0.000396728515625, 0.0010000000474974513, 102.38124895095825, '2024-04-09 22:23:49')
pval: 0.0010000000474974513 -- 2209th test, time elapsed 102.38124895095825 -- emperical power so far: 0.5555555555555556
db insert success
tensor(0.0007, device='cuda:0')
(2210, 1000, 0.0009, 1, 290000, 'elltwo', 'bitflip', 0.000701904296875, 0.0010000000474974513, 102.67619585990906, '2024-04-09 22:25:44')
pval: 0.0010000000474974513 -- 2210th test, time elapsed 102.67619585990906 -- emperical power so far: 0.6
db insert success
tensor(0.0002, device='cuda:0')
(2211, 1000, 0.0009, 1, 290000, 'elltwo', 'bitflip', 0.000152587890625, 0.03500000014901161, 103.71006608009338, '2024-04-09 22:27:40')
pval: 0.03500000014901161 -- 2211th test, time elapsed 103.71006608009338 -- emperical power so far: 0.6363636363636364
db insert success
tensor(-0.0004, device='cuda:0')
(2212, 1000, 0.0009, 1, 290000, 'elltwo', 'bitflip', -0.000396728515625, 0.4650000333786011, 103.8993706703186, '2024-04-09 22:29:40')
pval: 0.4650000333786011 -- 2212th test, time elapsed 103.8993706703186 -- emperical power so far: 0.5833333333333334
db insert success
tensor(-0.0004, device='cuda:0')
(2213, 1000, 0.0009, 1, 290000, 'elltwo', 'bitflip', -0.000396728515625, 0.36000001430511475, 103.68426561355591, '2024-04-09 22:31:36')
pval: 0.36000001430511475 -- 2213th test, time elapsed 103.68426561355591 -- emperical power so far: 0.5384615384615384
db insert success
tensor(0.0002, device='cuda:0')
(2214, 1000, 0.0009, 1, 290000, 'elltwo', 'bitflip', 0.000152587890625, 0.13600000739097595, 103.58669114112854, '2024-04-09 22:33:28')
pval: 0.13600000739097595 -- 2214th test, time elapsed 103.58669114112854 -- emperical power so far: 0.5
db insert success
tensor(-0.0004, device='cuda:0')
(2215, 1000, 0.0009, 1, 290000, 'elltwo', 'bitflip', -0.000396728515625, 0.0010000000474974513, 103.63425135612488, '2024-04-09 22:35:29')
pval: 0.0010000000474974513 -- 2215th test, time elapsed 103.63425135612488 -- emperical power so far: 0.5333333333333333
db insert success
tensor(-0.0004, device='cuda:0')
(2216, 1000, 0.0009, 1, 290000, 'elltwo', 'bitflip', -0.000396728515625, 0.003000000026077032, 103.56866407394409, '2024-04-09 22:37:24')
pval: 0.003000000026077032 -- 2216th test, time elapsed 103.56866407394409 -- emperical power so far: 0.5625
db insert success
tensor(-0.0004, device='cuda:0')
(2217, 1000, 0.0009, 1, 290000, 'elltwo', 'bitflip', -0.00042724609375, 0.8460000157356262, 103.8838062286377, '2024-04-09 22:39:16')
pval: 0.8460000157356262 -- 2217th test, time elapsed 103.8838062286377 -- emperical power so far: 0.5294117647058824
db insert success
tensor(-0.0004, device='cuda:0')
(2218, 1000, 0.0009, 1, 290000, 'elltwo', 'bitflip', -0.0003662109375, 0.08700000494718552, 103.74874067306519, '2024-04-09 22:41:14')
pval: 0.08700000494718552 -- 2218th test, time elapsed 103.74874067306519 -- emperical power so far: 0.5
db insert success
tensor(-0.0004, device='cuda:0')
(2219, 1000, 0.0009, 1, 290000, 'elltwo', 'bitflip', -0.00042724609375, 0.3490000069141388, 103.89863872528076, '2024-04-09 22:43:08')
pval: 0.3490000069141388 -- 2219th test, time elapsed 103.89863872528076 -- emperical power so far: 0.47368421052631576
db insert success
tensor(-0.0004, device='cuda:0')
(2220, 1000, 0.0009, 1, 290000, 'elltwo', 'bitflip', -0.000396728515625, 0.003000000026077032, 103.95584487915039, '2024-04-09 22:45:05')
pval: 0.003000000026077032 -- 2220th test, time elapsed 103.95584487915039 -- emperical power so far: 0.5
db insert success
tensor(0.0002, device='cuda:0')
(2221, 1000, 0.0009, 1, 290000, 'elltwo', 'bitflip', 0.000152587890625, 0.3530000150203705, 103.9282693862915, '2024-04-09 22:46:59')
pval: 0.3530000150203705 -- 2221th test, time elapsed 103.9282693862915 -- emperical power so far: 0.47619047619047616
db insert success
tensor(-0.0004, device='cuda:0')
(2222, 1000, 0.0009, 1, 290000, 'elltwo', 'bitflip', -0.000396728515625, 0.023000001907348633, 103.71432948112488, '2024-04-09 22:48:46')
pval: 0.023000001907348633 -- 2222th test, time elapsed 103.71432948112488 -- emperical power so far: 0.5
db insert success
tensor(-0.0004, device='cuda:0')
(2223, 1000, 0.0009, 1, 290000, 'elltwo', 'bitflip', -0.000396728515625, 0.0010000000474974513, 103.65493297576904, '2024-04-09 22:50:42')
pval: 0.0010000000474974513 -- 2223th test, time elapsed 103.65493297576904 -- emperical power so far: 0.5217391304347826
db insert success
tensor(-0.0004, device='cuda:0')
(2224, 1000, 0.0009, 1, 290000, 'elltwo', 'bitflip', -0.000396728515625, 0.01900000125169754, 103.6897759437561, '2024-04-09 22:52:39')
pval: 0.01900000125169754 -- 2224th test, time elapsed 103.6897759437561 -- emperical power so far: 0.5416666666666666
db insert success
tensor(0.0007, device='cuda:0')
(2225, 1000, 0.0009, 1, 290000, 'elltwo', 'bitflip', 0.00067138671875, 0.0010000000474974513, 103.66750907897949, '2024-04-09 22:54:38')
pval: 0.0010000000474974513 -- 2225th test, time elapsed 103.66750907897949 -- emperical power so far: 0.56
db insert success
tensor(-0.0004, device='cuda:0')
(2226, 1000, 0.0009, 1, 290000, 'elltwo', 'bitflip', -0.000396728515625, 0.00800000037997961, 103.60994601249695, '2024-04-09 22:56:39')
pval: 0.00800000037997961 -- 2226th test, time elapsed 103.60994601249695 -- emperical power so far: 0.5769230769230769
db insert success
tensor(0.0002, device='cuda:0')
(2227, 1000, 0.0009, 1, 290000, 'elltwo', 'bitflip', 0.000152587890625, 0.0010000000474974513, 103.69586849212646, '2024-04-09 22:58:39')
pval: 0.0010000000474974513 -- 2227th test, time elapsed 103.69586849212646 -- emperical power so far: 0.5925925925925926
db insert success
tensor(0.0001, device='cuda:0')
(2228, 1000, 0.0009, 1, 290000, 'elltwo', 'bitflip', 0.0001220703125, 0.046000003814697266, 103.61151242256165, '2024-04-09 23:00:39')
pval: 0.046000003814697266 -- 2228th test, time elapsed 103.61151242256165 -- emperical power so far: 0.6071428571428571
db insert success
tensor(0.0002, device='cuda:0')
(2229, 1000, 0.0009, 1, 290000, 'elltwo', 'bitflip', 0.000152587890625, 0.0010000000474974513, 103.5928704738617, '2024-04-09 23:02:28')
pval: 0.0010000000474974513 -- 2229th test, time elapsed 103.5928704738617 -- emperical power so far: 0.6206896551724138
db insert success
tensor(-0.0004, device='cuda:0')
(2230, 1000, 0.0009, 1, 290000, 'elltwo', 'bitflip', -0.000396728515625, 0.5550000071525574, 103.56096863746643, '2024-04-09 23:04:32')
pval: 0.5550000071525574 -- 2230th test, time elapsed 103.56096863746643 -- emperical power so far: 0.6
db insert success
tensor(0.0002, device='cuda:0')
(2231, 1000, 0.0009, 1, 290000, 'elltwo', 'bitflip', 0.000152587890625, 0.0010000000474974513, 103.77821087837219, '2024-04-09 23:06:24')
pval: 0.0010000000474974513 -- 2231th test, time elapsed 103.77821087837219 -- emperical power so far: 0.6129032258064516
db insert success
tensor(0.0002, device='cuda:0')
(2232, 1000, 0.0009, 1, 290000, 'elltwo', 'bitflip', 0.000152587890625, 0.0010000000474974513, 103.64334797859192, '2024-04-09 23:08:27')
pval: 0.0010000000474974513 -- 2232th test, time elapsed 103.64334797859192 -- emperical power so far: 0.625
db insert success
tensor(-0.0004, device='cuda:0')
(2233, 1000, 0.0009, 1, 290000, 'elltwo', 'bitflip', -0.000396728515625, 0.0010000000474974513, 103.59405422210693, '2024-04-09 23:10:28')
pval: 0.0010000000474974513 -- 2233th test, time elapsed 103.59405422210693 -- emperical power so far: 0.6363636363636364
db insert success
tensor(-0.0004, device='cuda:0')
(2234, 1000, 0.0009, 1, 290000, 'elltwo', 'bitflip', -0.000396728515625, 0.27000001072883606, 103.52130484580994, '2024-04-09 23:12:20')
pval: 0.27000001072883606 -- 2234th test, time elapsed 103.52130484580994 -- emperical power so far: 0.6176470588235294
db insert success
tensor(-0.0009, device='cuda:0')
(2235, 1000, 0.0009, 1, 290000, 'elltwo', 'bitflip', -0.000946044921875, 0.6980000138282776, 103.66325783729553, '2024-04-09 23:14:19')
pval: 0.6980000138282776 -- 2235th test, time elapsed 103.66325783729553 -- emperical power so far: 0.6
db insert success
tensor(-0.0004, device='cuda:0')
(2236, 1000, 0.0009, 1, 290000, 'elltwo', 'bitflip', -0.000396728515625, 0.0010000000474974513, 103.67235088348389, '2024-04-09 23:16:15')
pval: 0.0010000000474974513 -- 2236th test, time elapsed 103.67235088348389 -- emperical power so far: 0.6111111111111112
db insert success
tensor(-0.0009, device='cuda:0')
(2237, 1000, 0.0009, 1, 290000, 'elltwo', 'bitflip', -0.000946044921875, 0.4360000193119049, 103.64992618560791, '2024-04-09 23:18:14')
pval: 0.4360000193119049 -- 2237th test, time elapsed 103.64992618560791 -- emperical power so far: 0.5945945945945946
db insert success
tensor(0.0002, device='cuda:0')
(2238, 1000, 0.0009, 1, 290000, 'elltwo', 'bitflip', 0.000152587890625, 0.10500000417232513, 103.70352625846863, '2024-04-09 23:20:15')
pval: 0.10500000417232513 -- 2238th test, time elapsed 103.70352625846863 -- emperical power so far: 0.5789473684210527
db insert success
tensor(-0.0009, device='cuda:0')
(2239, 1000, 0.0009, 1, 290000, 'elltwo', 'bitflip', -0.000946044921875, 0.5550000071525574, 103.642263174057, '2024-04-09 23:22:18')
pval: 0.5550000071525574 -- 2239th test, time elapsed 103.642263174057 -- emperical power so far: 0.5641025641025641
db insert success
tensor(-0.0004, device='cuda:0')
(2240, 1000, 0.0009, 1, 290000, 'elltwo', 'bitflip', -0.00042724609375, 0.6510000228881836, 103.519202709198, '2024-04-09 23:24:16')
pval: 0.6510000228881836 -- 2240th test, time elapsed 103.519202709198 -- emperical power so far: 0.55
db insert success
tensor(-0.0004, device='cuda:0')
(2241, 1000, 0.0009, 1, 290000, 'elltwo', 'bitflip', -0.000396728515625, 0.4050000309944153, 103.71852564811707, '2024-04-09 23:26:18')
pval: 0.4050000309944153 -- 2241th test, time elapsed 103.71852564811707 -- emperical power so far: 0.5365853658536586
db insert success
tensor(0.0002, device='cuda:0')
(2242, 1000, 0.0009, 1, 290000, 'elltwo', 'bitflip', 0.000152587890625, 0.0010000000474974513, 103.61111688613892, '2024-04-09 23:28:22')
pval: 0.0010000000474974513 -- 2242th test, time elapsed 103.61111688613892 -- emperical power so far: 0.5476190476190477
db insert success
tensor(-0.0004, device='cuda:0')
(2243, 1000, 0.0009, 1, 290000, 'elltwo', 'bitflip', -0.000396728515625, 0.0010000000474974513, 103.67933654785156, '2024-04-09 23:30:07')
pval: 0.0010000000474974513 -- 2243th test, time elapsed 103.67933654785156 -- emperical power so far: 0.5581395348837209
db insert success
tensor(0.0001, device='cuda:0')
(2244, 1000, 0.0009, 1, 290000, 'elltwo', 'bitflip', 0.0001220703125, 0.018000001087784767, 103.6040506362915, '2024-04-09 23:31:59')
pval: 0.018000001087784767 -- 2244th test, time elapsed 103.6040506362915 -- emperical power so far: 0.5681818181818182
db insert success
tensor(0.0001, device='cuda:0')
(2245, 1000, 0.0009, 1, 290000, 'elltwo', 'bitflip', 0.0001220703125, 0.009000000543892384, 103.65758514404297, '2024-04-09 23:33:55')
pval: 0.009000000543892384 -- 2245th test, time elapsed 103.65758514404297 -- emperical power so far: 0.5777777777777777
db insert success
tensor(-0.0004, device='cuda:0')
(2246, 1000, 0.0009, 1, 290000, 'elltwo', 'bitflip', -0.000396728515625, 0.0010000000474974513, 103.66291403770447, '2024-04-09 23:35:46')
pval: 0.0010000000474974513 -- 2246th test, time elapsed 103.66291403770447 -- emperical power so far: 0.5869565217391305
db insert success
tensor(0.0001, device='cuda:0')
(2247, 1000, 0.0009, 1, 290000, 'elltwo', 'bitflip', 0.0001220703125, 0.445000022649765, 103.75973868370056, '2024-04-09 23:37:43')
pval: 0.445000022649765 -- 2247th test, time elapsed 103.75973868370056 -- emperical power so far: 0.574468085106383
db insert success
tensor(0.0001, device='cuda:0')
(2248, 1000, 0.0009, 1, 290000, 'elltwo', 'bitflip', 0.0001220703125, 0.10600000619888306, 103.57273721694946, '2024-04-09 23:39:39')
pval: 0.10600000619888306 -- 2248th test, time elapsed 103.57273721694946 -- emperical power so far: 0.5625
db insert success
tensor(0.0001, device='cuda:0')
(2249, 1000, 0.0009, 1, 290000, 'elltwo', 'bitflip', 0.0001220703125, 0.33900001645088196, 103.69816827774048, '2024-04-09 23:41:38')
pval: 0.33900001645088196 -- 2249th test, time elapsed 103.69816827774048 -- emperical power so far: 0.5510204081632653
db insert success
tensor(-0.0004, device='cuda:0')
(2250, 1000, 0.0009, 1, 290000, 'elltwo', 'bitflip', -0.00042724609375, 0.5480000376701355, 103.61132407188416, '2024-04-09 23:43:38')
pval: 0.5480000376701355 -- 2250th test, time elapsed 103.61132407188416 -- emperical power so far: 0.54
db insert success
tensor(0.0002, device='cuda:0')
(2251, 1000, 0.0009, 1, 290000, 'elltwo', 'bitflip', 0.000152587890625, 0.0010000000474974513, 103.70644569396973, '2024-04-09 23:45:41')
pval: 0.0010000000474974513 -- 2251th test, time elapsed 103.70644569396973 -- emperical power so far: 0.5490196078431373
db insert success
tensor(-0.0004, device='cuda:0')
(2252, 1000, 0.0009, 1, 290000, 'elltwo', 'bitflip', -0.000396728515625, 0.8190000653266907, 103.60377383232117, '2024-04-09 23:47:35')
pval: 0.8190000653266907 -- 2252th test, time elapsed 103.60377383232117 -- emperical power so far: 0.5384615384615384
db insert success
tensor(0.0002, device='cuda:0')
(2253, 1000, 0.0009, 1, 290000, 'elltwo', 'bitflip', 0.000152587890625, 0.03800000250339508, 103.64448165893555, '2024-04-09 23:49:21')
pval: 0.03800000250339508 -- 2253th test, time elapsed 103.64448165893555 -- emperical power so far: 0.5471698113207547
db insert success
tensor(0.0002, device='cuda:0')
(2254, 1000, 0.0009, 1, 290000, 'elltwo', 'bitflip', 0.000152587890625, 0.0010000000474974513, 103.63132452964783, '2024-04-09 23:51:06')
pval: 0.0010000000474974513 -- 2254th test, time elapsed 103.63132452964783 -- emperical power so far: 0.5555555555555556
db insert success
tensor(-0.0009, device='cuda:0')
(2255, 1000, 0.0009, 1, 290000, 'elltwo', 'bitflip', -0.000946044921875, 0.8160000443458557, 103.64132857322693, '2024-04-09 23:52:59')
pval: 0.8160000443458557 -- 2255th test, time elapsed 103.64132857322693 -- emperical power so far: 0.5454545454545454
db insert success
tensor(-0.0004, device='cuda:0')
(2256, 1000, 0.0009, 1, 290000, 'elltwo', 'bitflip', -0.0003662109375, 0.020000001415610313, 103.69934916496277, '2024-04-09 23:54:58')
pval: 0.020000001415610313 -- 2256th test, time elapsed 103.69934916496277 -- emperical power so far: 0.5535714285714286
db insert success
tensor(0.0001, device='cuda:0')
(2257, 1000, 0.0009, 1, 290000, 'elltwo', 'bitflip', 0.0001220703125, 0.6030000448226929, 103.69414448738098, '2024-04-09 23:56:47')
pval: 0.6030000448226929 -- 2257th test, time elapsed 103.69414448738098 -- emperical power so far: 0.543859649122807
db insert success
tensor(-0.0004, device='cuda:0')
(2258, 1000, 0.0009, 1, 290000, 'elltwo', 'bitflip', -0.000396728515625, 0.34700000286102295, 103.67805862426758, '2024-04-09 23:58:33')
pval: 0.34700000286102295 -- 2258th test, time elapsed 103.67805862426758 -- emperical power so far: 0.5344827586206896
db insert success
tensor(-0.0004, device='cuda:0')
(2259, 1000, 0.0009, 1, 290000, 'elltwo', 'bitflip', -0.000396728515625, 0.0020000000949949026, 103.63011837005615, '2024-04-10 00:00:22')
pval: 0.0020000000949949026 -- 2259th test, time elapsed 103.63011837005615 -- emperical power so far: 0.5423728813559322
db insert success
tensor(0.0001, device='cuda:0')
(2260, 1000, 0.0009, 1, 290000, 'elltwo', 'bitflip', 0.0001220703125, 0.3880000114440918, 103.62975025177002, '2024-04-10 00:02:23')
pval: 0.3880000114440918 -- 2260th test, time elapsed 103.62975025177002 -- emperical power so far: 0.5333333333333333
db insert success
tensor(-0.0004, device='cuda:0')
(2261, 1000, 0.0009, 1, 290000, 'elltwo', 'bitflip', -0.00042724609375, 0.4310000240802765, 103.73806500434875, '2024-04-10 00:04:14')
pval: 0.4310000240802765 -- 2261th test, time elapsed 103.73806500434875 -- emperical power so far: 0.5245901639344263
db insert success
tensor(-0.0004, device='cuda:0')
(2262, 1000, 0.0009, 1, 290000, 'elltwo', 'bitflip', -0.00042724609375, 0.10000000149011612, 103.70163464546204, '2024-04-10 00:06:06')
pval: 0.10000000149011612 -- 2262th test, time elapsed 103.70163464546204 -- emperical power so far: 0.5161290322580645
db insert success
tensor(0.0001, device='cuda:0')
(2263, 1000, 0.0009, 1, 290000, 'elltwo', 'bitflip', 0.0001220703125, 0.6420000195503235, 103.67781376838684, '2024-04-10 00:07:52')
pval: 0.6420000195503235 -- 2263th test, time elapsed 103.67781376838684 -- emperical power so far: 0.5079365079365079
db insert success
tensor(0.0002, device='cuda:0')
(2264, 1000, 0.0009, 1, 290000, 'elltwo', 'bitflip', 0.00018310546875, 0.0010000000474974513, 103.68184089660645, '2024-04-10 00:09:54')
pval: 0.0010000000474974513 -- 2264th test, time elapsed 103.68184089660645 -- emperical power so far: 0.515625
db insert success
tensor(0.0001, device='cuda:0')
(2265, 1000, 0.0009, 1, 290000, 'elltwo', 'bitflip', 0.0001220703125, 0.0010000000474974513, 103.62683939933777, '2024-04-10 00:11:50')
pval: 0.0010000000474974513 -- 2265th test, time elapsed 103.62683939933777 -- emperical power so far: 0.5230769230769231
db insert success
tensor(-0.0004, device='cuda:0')
(2266, 1000, 0.0009, 1, 290000, 'elltwo', 'bitflip', -0.000396728515625, 0.007000000216066837, 103.64469361305237, '2024-04-10 00:13:46')
pval: 0.007000000216066837 -- 2266th test, time elapsed 103.64469361305237 -- emperical power so far: 0.5303030303030303
db insert success
tensor(0.0007, device='cuda:0')
(2267, 1000, 0.0009, 1, 290000, 'elltwo', 'bitflip', 0.000701904296875, 0.0010000000474974513, 103.67700409889221, '2024-04-10 00:15:51')
pval: 0.0010000000474974513 -- 2267th test, time elapsed 103.67700409889221 -- emperical power so far: 0.5373134328358209
db insert success
tensor(-0.0004, device='cuda:0')
(2268, 1000, 0.0009, 1, 290000, 'elltwo', 'bitflip', -0.00042724609375, 0.13199999928474426, 103.57169389724731, '2024-04-10 00:17:44')
pval: 0.13199999928474426 -- 2268th test, time elapsed 103.57169389724731 -- emperical power so far: 0.5294117647058824
db insert success
tensor(0.0002, device='cuda:0')
(2269, 1000, 0.0009, 1, 290000, 'elltwo', 'bitflip', 0.000152587890625, 0.3230000138282776, 103.6086733341217, '2024-04-10 00:19:34')
pval: 0.3230000138282776 -- 2269th test, time elapsed 103.6086733341217 -- emperical power so far: 0.5217391304347826
db insert success
tensor(-0.0004, device='cuda:0')
(2270, 1000, 0.0009, 1, 290000, 'elltwo', 'bitflip', -0.00042724609375, 0.4440000355243683, 103.58398532867432, '2024-04-10 00:21:34')
pval: 0.4440000355243683 -- 2270th test, time elapsed 103.58398532867432 -- emperical power so far: 0.5142857142857142
db insert success
tensor(-0.0004, device='cuda:0')
(2271, 1000, 0.0009, 1, 290000, 'elltwo', 'bitflip', -0.00042724609375, 0.33100003004074097, 103.61085867881775, '2024-04-10 00:23:28')
pval: 0.33100003004074097 -- 2271th test, time elapsed 103.61085867881775 -- emperical power so far: 0.5070422535211268
db insert success
tensor(-0.0004, device='cuda:0')
(2272, 1000, 0.0009, 1, 290000, 'elltwo', 'bitflip', -0.0003662109375, 0.01100000087171793, 103.68310260772705, '2024-04-10 00:25:27')
pval: 0.01100000087171793 -- 2272th test, time elapsed 103.68310260772705 -- emperical power so far: 0.5138888888888888
db insert success
tensor(-0.0004, device='cuda:0')
(2273, 1000, 0.0009, 1, 290000, 'elltwo', 'bitflip', -0.00042724609375, 0.5680000185966492, 103.52366328239441, '2024-04-10 00:27:23')
pval: 0.5680000185966492 -- 2273th test, time elapsed 103.52366328239441 -- emperical power so far: 0.5068493150684932
db insert success
tensor(0.0006, device='cuda:0')
(2274, 1000, 0.0009, 1, 290000, 'elltwo', 'bitflip', 0.000640869140625, 0.05700000375509262, 103.59767556190491, '2024-04-10 00:29:19')
pval: 0.05700000375509262 -- 2274th test, time elapsed 103.59767556190491 -- emperical power so far: 0.5
db insert success
tensor(-0.0004, device='cuda:0')
(2275, 1000, 0.0009, 1, 290000, 'elltwo', 'bitflip', -0.000396728515625, 0.0010000000474974513, 103.62890028953552, '2024-04-10 00:31:11')
pval: 0.0010000000474974513 -- 2275th test, time elapsed 103.62890028953552 -- emperical power so far: 0.5066666666666667
db insert success
tensor(0.0002, device='cuda:0')
(2276, 1000, 0.0009, 1, 290000, 'elltwo', 'bitflip', 0.000152587890625, 0.01100000087171793, 103.61779499053955, '2024-04-10 00:32:59')
pval: 0.01100000087171793 -- 2276th test, time elapsed 103.61779499053955 -- emperical power so far: 0.5131578947368421
db insert success
tensor(0.0001, device='cuda:0')
(2277, 1000, 0.0009, 1, 290000, 'elltwo', 'bitflip', 0.0001220703125, 0.08300000429153442, 103.62838554382324, '2024-04-10 00:34:46')
pval: 0.08300000429153442 -- 2277th test, time elapsed 103.62838554382324 -- emperical power so far: 0.5064935064935064
db insert success
tensor(0.0001, device='cuda:0')
(2278, 1000, 0.0009, 1, 290000, 'elltwo', 'bitflip', 0.0001220703125, 0.2710000276565552, 103.59591364860535, '2024-04-10 00:36:49')
pval: 0.2710000276565552 -- 2278th test, time elapsed 103.59591364860535 -- emperical power so far: 0.5
db insert success
tensor(-0.0004, device='cuda:0')
(2279, 1000, 0.0009, 1, 290000, 'elltwo', 'bitflip', -0.000396728515625, 0.6600000262260437, 103.70033860206604, '2024-04-10 00:38:52')
pval: 0.6600000262260437 -- 2279th test, time elapsed 103.70033860206604 -- emperical power so far: 0.4936708860759494
db insert success
tensor(0.0002, device='cuda:0')
(2280, 1000, 0.0009, 1, 290000, 'elltwo', 'bitflip', 0.000152587890625, 0.07500000298023224, 103.72300457954407, '2024-04-10 00:40:48')
pval: 0.07500000298023224 -- 2280th test, time elapsed 103.72300457954407 -- emperical power so far: 0.4875
db insert success
tensor(0.0001, device='cuda:0')
(2281, 1000, 0.0009, 1, 290000, 'elltwo', 'bitflip', 0.0001220703125, 0.027000000700354576, 103.68590116500854, '2024-04-10 00:42:52')
pval: 0.027000000700354576 -- 2281th test, time elapsed 103.68590116500854 -- emperical power so far: 0.49382716049382713
db insert success
tensor(-0.0004, device='cuda:0')
(2282, 1000, 0.0009, 1, 290000, 'elltwo', 'bitflip', -0.000396728515625, 0.32200002670288086, 103.75201988220215, '2024-04-10 00:44:54')
pval: 0.32200002670288086 -- 2282th test, time elapsed 103.75201988220215 -- emperical power so far: 0.4878048780487805
db insert success
tensor(0.0001, device='cuda:0')
(2283, 1000, 0.0009, 1, 290000, 'elltwo', 'bitflip', 0.0001220703125, 0.1730000078678131, 103.63317823410034, '2024-04-10 00:46:51')
pval: 0.1730000078678131 -- 2283th test, time elapsed 103.63317823410034 -- emperical power so far: 0.4819277108433735
db insert success
tensor(-0.0004, device='cuda:0')
(2284, 1000, 0.0009, 1, 290000, 'elltwo', 'bitflip', -0.000396728515625, 0.0020000000949949026, 103.46839785575867, '2024-04-10 00:48:47')
pval: 0.0020000000949949026 -- 2284th test, time elapsed 103.46839785575867 -- emperical power so far: 0.4880952380952381
db insert success
tensor(-0.0004, device='cuda:0')
(2285, 1000, 0.0009, 1, 290000, 'elltwo', 'bitflip', -0.00042724609375, 0.036000002175569534, 103.62021470069885, '2024-04-10 00:50:37')
pval: 0.036000002175569534 -- 2285th test, time elapsed 103.62021470069885 -- emperical power so far: 0.49411764705882355
db insert success
tensor(0.0002, device='cuda:0')
(2286, 1000, 0.0009, 1, 290000, 'elltwo', 'bitflip', 0.000152587890625, 0.04100000113248825, 103.8096489906311, '2024-04-10 00:52:24')
pval: 0.04100000113248825 -- 2286th test, time elapsed 103.8096489906311 -- emperical power so far: 0.5
db insert success
tensor(-0.0004, device='cuda:0')
(2287, 1000, 0.0009, 1, 290000, 'elltwo', 'bitflip', -0.000396728515625, 0.4240000247955322, 103.78100562095642, '2024-04-10 00:54:13')
pval: 0.4240000247955322 -- 2287th test, time elapsed 103.78100562095642 -- emperical power so far: 0.4942528735632184
db insert success
tensor(0.0002, device='cuda:0')
(2288, 1000, 0.0009, 1, 290000, 'elltwo', 'bitflip', 0.000152587890625, 0.021000001579523087, 103.55199480056763, '2024-04-10 00:56:01')
pval: 0.021000001579523087 -- 2288th test, time elapsed 103.55199480056763 -- emperical power so far: 0.5
db insert success
tensor(-0.0004, device='cuda:0')
(2289, 1000, 0.0009, 1, 290000, 'elltwo', 'bitflip', -0.000396728515625, 0.05900000408291817, 103.60093855857849, '2024-04-10 00:57:50')
pval: 0.05900000408291817 -- 2289th test, time elapsed 103.60093855857849 -- emperical power so far: 0.4943820224719101
db insert success
tensor(-0.0004, device='cuda:0')
(2290, 1000, 0.0009, 1, 290000, 'elltwo', 'bitflip', -0.000396728515625, 0.04400000348687172, 103.5885648727417, '2024-04-10 00:59:38')
pval: 0.04400000348687172 -- 2290th test, time elapsed 103.5885648727417 -- emperical power so far: 0.5
db insert success
tensor(0.0002, device='cuda:0')
(2291, 1000, 0.0009, 1, 290000, 'elltwo', 'bitflip', 0.000152587890625, 0.0020000000949949026, 103.68302249908447, '2024-04-10 01:01:28')
pval: 0.0020000000949949026 -- 2291th test, time elapsed 103.68302249908447 -- emperical power so far: 0.5054945054945055
db insert success
tensor(0.0001, device='cuda:0')
(2292, 1000, 0.0009, 1, 290000, 'elltwo', 'bitflip', 0.0001220703125, 0.18700000643730164, 103.6442003250122, '2024-04-10 01:03:30')
pval: 0.18700000643730164 -- 2292th test, time elapsed 103.6442003250122 -- emperical power so far: 0.5
db insert success
tensor(-0.0004, device='cuda:0')
(2293, 1000, 0.0009, 1, 290000, 'elltwo', 'bitflip', -0.000396728515625, 0.0010000000474974513, 103.71117091178894, '2024-04-10 01:05:19')
pval: 0.0010000000474974513 -- 2293th test, time elapsed 103.71117091178894 -- emperical power so far: 0.5053763440860215
db insert success
tensor(-0.0004, device='cuda:0')
(2294, 1000, 0.0009, 1, 290000, 'elltwo', 'bitflip', -0.000396728515625, 0.0010000000474974513, 103.90939617156982, '2024-04-10 01:07:05')
pval: 0.0010000000474974513 -- 2294th test, time elapsed 103.90939617156982 -- emperical power so far: 0.5106382978723404
db insert success
tensor(0.0002, device='cuda:0')
(2295, 1000, 0.0009, 1, 290000, 'elltwo', 'bitflip', 0.00018310546875, 0.1420000046491623, 103.54858994483948, '2024-04-10 01:09:08')
pval: 0.1420000046491623 -- 2295th test, time elapsed 103.54858994483948 -- emperical power so far: 0.5052631578947369
db insert success
tensor(0.0001, device='cuda:0')
(2296, 1000, 0.0009, 1, 290000, 'elltwo', 'bitflip', 0.0001220703125, 0.15000000596046448, 103.61355781555176, '2024-04-10 01:11:12')
pval: 0.15000000596046448 -- 2296th test, time elapsed 103.61355781555176 -- emperical power so far: 0.5
db insert success
tensor(0.0002, device='cuda:0')
(2297, 1000, 0.0009, 1, 290000, 'elltwo', 'bitflip', 0.000152587890625, 0.0010000000474974513, 103.58325743675232, '2024-04-10 01:13:06')
pval: 0.0010000000474974513 -- 2297th test, time elapsed 103.58325743675232 -- emperical power so far: 0.5051546391752577
db insert success
tensor(-0.0004, device='cuda:0')
(2298, 1000, 0.0009, 1, 290000, 'elltwo', 'bitflip', -0.00042724609375, 0.15900000929832458, 103.64126396179199, '2024-04-10 01:14:56')
pval: 0.15900000929832458 -- 2298th test, time elapsed 103.64126396179199 -- emperical power so far: 0.5
db insert success
tensor(-0.0004, device='cuda:0')
(2299, 1000, 0.0009, 1, 290000, 'elltwo', 'bitflip', -0.000396728515625, 0.10300000756978989, 103.6266839504242, '2024-04-10 01:16:44')
pval: 0.10300000756978989 -- 2299th test, time elapsed 103.6266839504242 -- emperical power so far: 0.494949494949495
db insert success
tensor(0.0001, device='cuda:0')
(2300, 1000, 0.0009, 1, 290000, 'elltwo', 'bitflip', 0.0001220703125, 0.3290000259876251, 103.74850392341614, '2024-04-10 01:18:33')
pval: 0.3290000259876251 -- 2300th test, time elapsed 103.74850392341614 -- emperical power so far: 0.49
db insert success
tensor(0.0001, device='cuda:0')
(2301, 1000, 0.0009, 1, 290000, 'elltwo', 'bitflip', 0.0001220703125, 0.23800000548362732, 103.80314087867737, '2024-04-10 01:20:25')
pval: 0.23800000548362732 -- 2301th test, time elapsed 103.80314087867737 -- emperical power so far: 0.48514851485148514
db insert success
tensor(0.0002, device='cuda:0')
(2302, 1000, 0.0009, 1, 290000, 'elltwo', 'bitflip', 0.000152587890625, 0.0010000000474974513, 103.5628252029419, '2024-04-10 01:22:15')
pval: 0.0010000000474974513 -- 2302th test, time elapsed 103.5628252029419 -- emperical power so far: 0.49019607843137253
db insert success
tensor(0.0001, device='cuda:0')
(2303, 1000, 0.0009, 1, 290000, 'elltwo', 'bitflip', 0.0001220703125, 0.4270000159740448, 103.67974090576172, '2024-04-10 01:24:16')
pval: 0.4270000159740448 -- 2303th test, time elapsed 103.67974090576172 -- emperical power so far: 0.4854368932038835
db insert success
tensor(0.0001, device='cuda:0')
(2304, 1000, 0.0009, 1, 290000, 'elltwo', 'bitflip', 0.0001220703125, 0.0020000000949949026, 103.6371841430664, '2024-04-10 01:26:13')
pval: 0.0020000000949949026 -- 2304th test, time elapsed 103.6371841430664 -- emperical power so far: 0.49038461538461536
db insert success
tensor(0.0001, device='cuda:0')
(2305, 1000, 0.0009, 1, 290000, 'elltwo', 'bitflip', 0.0001220703125, 0.19200000166893005, 103.60690069198608, '2024-04-10 01:27:58')
pval: 0.19200000166893005 -- 2305th test, time elapsed 103.60690069198608 -- emperical power so far: 0.4857142857142857
db insert success
tensor(0.0002, device='cuda:0')
(2306, 1000, 0.0009, 1, 290000, 'elltwo', 'bitflip', 0.000152587890625, 0.07300000637769699, 103.70524573326111, '2024-04-10 01:29:57')
pval: 0.07300000637769699 -- 2306th test, time elapsed 103.70524573326111 -- emperical power so far: 0.4811320754716981
db insert success
tensor(-0.0004, device='cuda:0')
(2307, 1000, 0.0009, 1, 290000, 'elltwo', 'bitflip', -0.000396728515625, 0.0010000000474974513, 103.64257144927979, '2024-04-10 01:31:42')
pval: 0.0010000000474974513 -- 2307th test, time elapsed 103.64257144927979 -- emperical power so far: 0.48598130841121495
db insert success
tensor(-0.0004, device='cuda:0')
(2308, 1000, 0.0009, 1, 290000, 'elltwo', 'bitflip', -0.000396728515625, 0.36900001764297485, 103.72115468978882, '2024-04-10 01:33:37')
pval: 0.36900001764297485 -- 2308th test, time elapsed 103.72115468978882 -- emperical power so far: 0.48148148148148145
db insert success
tensor(0.0002, device='cuda:0')
(2309, 1000, 0.0009, 1, 290000, 'elltwo', 'bitflip', 0.00018310546875, 0.0950000062584877, 103.88814353942871, '2024-04-10 01:35:28')
pval: 0.0950000062584877 -- 2309th test, time elapsed 103.88814353942871 -- emperical power so far: 0.47706422018348627
db insert success
tensor(-0.0009, device='cuda:0')
(2310, 1000, 0.0009, 1, 290000, 'elltwo', 'bitflip', -0.000946044921875, 0.5870000123977661, 103.74291682243347, '2024-04-10 01:37:16')
pval: 0.5870000123977661 -- 2310th test, time elapsed 103.74291682243347 -- emperical power so far: 0.4727272727272727
db insert success
tensor(0.0002, device='cuda:0')
(2311, 1000, 0.0009, 1, 290000, 'elltwo', 'bitflip', 0.000152587890625, 0.029000001028180122, 103.68884897232056, '2024-04-10 01:39:01')
pval: 0.029000001028180122 -- 2311th test, time elapsed 103.68884897232056 -- emperical power so far: 0.4774774774774775
db insert success
tensor(0.0002, device='cuda:0')
(2312, 1000, 0.0009, 1, 290000, 'elltwo', 'bitflip', 0.000152587890625, 0.18000000715255737, 103.84295010566711, '2024-04-10 01:40:48')
pval: 0.18000000715255737 -- 2312th test, time elapsed 103.84295010566711 -- emperical power so far: 0.4732142857142857
db insert success
tensor(0.0002, device='cuda:0')
(2313, 1000, 0.0009, 1, 290000, 'elltwo', 'bitflip', 0.000152587890625, 0.0020000000949949026, 103.71122622489929, '2024-04-10 01:42:37')
pval: 0.0020000000949949026 -- 2313th test, time elapsed 103.71122622489929 -- emperical power so far: 0.4778761061946903
db insert success
tensor(0.0002, device='cuda:0')
(2314, 1000, 0.0009, 1, 290000, 'elltwo', 'bitflip', 0.000152587890625, 0.0010000000474974513, 103.79530930519104, '2024-04-10 01:44:33')
pval: 0.0010000000474974513 -- 2314th test, time elapsed 103.79530930519104 -- emperical power so far: 0.4824561403508772
db insert success
tensor(0.0002, device='cuda:0')
(2315, 1000, 0.0009, 1, 290000, 'elltwo', 'bitflip', 0.000152587890625, 0.0010000000474974513, 103.70157885551453, '2024-04-10 01:46:26')
pval: 0.0010000000474974513 -- 2315th test, time elapsed 103.70157885551453 -- emperical power so far: 0.48695652173913045
db insert success
tensor(-0.0004, device='cuda:0')
(2316, 1000, 0.0009, 1, 290000, 'elltwo', 'bitflip', -0.000396728515625, 0.25, 103.81107640266418, '2024-04-10 01:48:30')
pval: 0.25 -- 2316th test, time elapsed 103.81107640266418 -- emperical power so far: 0.4827586206896552
db insert success
tensor(-0.0004, device='cuda:0')
(2317, 1000, 0.0009, 1, 290000, 'elltwo', 'bitflip', -0.00042724609375, 0.22600001096725464, 103.74729084968567, '2024-04-10 01:50:24')
pval: 0.22600001096725464 -- 2317th test, time elapsed 103.74729084968567 -- emperical power so far: 0.47863247863247865
db insert success
tensor(-0.0004, device='cuda:0')
(2318, 1000, 0.0009, 1, 290000, 'elltwo', 'bitflip', -0.000396728515625, 0.38100001215934753, 103.64794397354126, '2024-04-10 01:52:21')
pval: 0.38100001215934753 -- 2318th test, time elapsed 103.64794397354126 -- emperical power so far: 0.4745762711864407
db insert success
tensor(0.0002, device='cuda:0')
(2319, 1000, 0.0009, 1, 290000, 'elltwo', 'bitflip', 0.000152587890625, 0.014000000432133675, 103.67412900924683, '2024-04-10 01:54:17')
pval: 0.014000000432133675 -- 2319th test, time elapsed 103.67412900924683 -- emperical power so far: 0.4789915966386555
db insert success
tensor(0.0001, device='cuda:0')
(2320, 1000, 0.0009, 1, 290000, 'elltwo', 'bitflip', 0.0001220703125, 0.004000000189989805, 103.74221205711365, '2024-04-10 01:56:07')
pval: 0.004000000189989805 -- 2320th test, time elapsed 103.74221205711365 -- emperical power so far: 0.48333333333333334
db insert success
tensor(-0.0004, device='cuda:0')
(2321, 1000, 0.0009, 1, 290000, 'elltwo', 'bitflip', -0.00042724609375, 0.06700000166893005, 103.87193179130554, '2024-04-10 01:58:11')
pval: 0.06700000166893005 -- 2321th test, time elapsed 103.87193179130554 -- emperical power so far: 0.4793388429752066
db insert success
tensor(0.0001, device='cuda:0')
(2322, 1000, 0.0009, 1, 290000, 'elltwo', 'bitflip', 0.0001220703125, 0.0010000000474974513, 103.6880099773407, '2024-04-10 01:59:56')
pval: 0.0010000000474974513 -- 2322th test, time elapsed 103.6880099773407 -- emperical power so far: 0.48360655737704916
db insert success
tensor(-0.0004, device='cuda:0')
(2323, 1000, 0.0009, 1, 290000, 'elltwo', 'bitflip', -0.000396728515625, 0.5750000476837158, 103.62999105453491, '2024-04-10 02:01:41')
pval: 0.5750000476837158 -- 2323th test, time elapsed 103.62999105453491 -- emperical power so far: 0.4796747967479675
db insert success
tensor(-0.0004, device='cuda:0')
(2324, 1000, 0.0009, 1, 290000, 'elltwo', 'bitflip', -0.00042724609375, 0.7820000648498535, 103.66997051239014, '2024-04-10 02:03:42')
pval: 0.7820000648498535 -- 2324th test, time elapsed 103.66997051239014 -- emperical power so far: 0.47580645161290325
db insert success
tensor(-0.0004, device='cuda:0')
(2325, 1000, 0.0009, 1, 290000, 'elltwo', 'bitflip', -0.000396728515625, 0.0010000000474974513, 103.64363956451416, '2024-04-10 02:05:27')
pval: 0.0010000000474974513 -- 2325th test, time elapsed 103.64363956451416 -- emperical power so far: 0.48
db insert success
tensor(0.0001, device='cuda:0')
(2326, 1000, 0.0009, 1, 290000, 'elltwo', 'bitflip', 0.0001220703125, 0.0430000014603138, 103.60824584960938, '2024-04-10 02:07:29')
pval: 0.0430000014603138 -- 2326th test, time elapsed 103.60824584960938 -- emperical power so far: 0.48412698412698413
db insert success
tensor(0.0002, device='cuda:0')
(2327, 1000, 0.0009, 1, 290000, 'elltwo', 'bitflip', 0.000152587890625, 0.07100000232458115, 103.68826532363892, '2024-04-10 02:09:29')
pval: 0.07100000232458115 -- 2327th test, time elapsed 103.68826532363892 -- emperical power so far: 0.48031496062992124
db insert success
tensor(0.0002, device='cuda:0')
(2328, 1000, 0.0009, 1, 290000, 'elltwo', 'bitflip', 0.000152587890625, 0.0010000000474974513, 103.61500000953674, '2024-04-10 02:11:15')
pval: 0.0010000000474974513 -- 2328th test, time elapsed 103.61500000953674 -- emperical power so far: 0.484375
db insert success
tensor(-0.0010, device='cuda:0')
(2329, 1000, 0.0009, 1, 290000, 'elltwo', 'bitflip', -0.0009765625, 0.7920000553131104, 103.59433937072754, '2024-04-10 02:13:01')
pval: 0.7920000553131104 -- 2329th test, time elapsed 103.59433937072754 -- emperical power so far: 0.4806201550387597
db insert success
tensor(-0.0004, device='cuda:0')
(2330, 1000, 0.0009, 1, 290000, 'elltwo', 'bitflip', -0.000396728515625, 0.0010000000474974513, 103.62296628952026, '2024-04-10 02:14:51')
pval: 0.0010000000474974513 -- 2330th test, time elapsed 103.62296628952026 -- emperical power so far: 0.4846153846153846
db insert success
tensor(0.0007, device='cuda:0')
(2331, 1000, 0.0009, 1, 290000, 'elltwo', 'bitflip', 0.000701904296875, 0.0010000000474974513, 103.87593650817871, '2024-04-10 02:16:51')
pval: 0.0010000000474974513 -- 2331th test, time elapsed 103.87593650817871 -- emperical power so far: 0.48854961832061067
db insert success
tensor(0.0007, device='cuda:0')
(2332, 1000, 0.0009, 1, 290000, 'elltwo', 'bitflip', 0.00067138671875, 0.0010000000474974513, 103.70462799072266, '2024-04-10 02:18:40')
pval: 0.0010000000474974513 -- 2332th test, time elapsed 103.70462799072266 -- emperical power so far: 0.49242424242424243
db insert success
tensor(0.0002, device='cuda:0')
(2333, 1000, 0.0009, 1, 290000, 'elltwo', 'bitflip', 0.000152587890625, 0.03200000151991844, 103.72869229316711, '2024-04-10 02:20:36')
pval: 0.03200000151991844 -- 2333th test, time elapsed 103.72869229316711 -- emperical power so far: 0.49624060150375937
db insert success
tensor(0.0002, device='cuda:0')
(2334, 1000, 0.0009, 1, 290000, 'elltwo', 'bitflip', 0.00018310546875, 0.0010000000474974513, 103.65627598762512, '2024-04-10 02:22:23')
pval: 0.0010000000474974513 -- 2334th test, time elapsed 103.65627598762512 -- emperical power so far: 0.5
db insert success
tensor(-0.0004, device='cuda:0')
(2335, 1000, 0.0009, 1, 290000, 'elltwo', 'bitflip', -0.00042724609375, 0.5300000309944153, 103.76398491859436, '2024-04-10 02:24:15')
pval: 0.5300000309944153 -- 2335th test, time elapsed 103.76398491859436 -- emperical power so far: 0.4962962962962963
db insert success
tensor(-0.0004, device='cuda:0')
(2336, 1000, 0.0009, 1, 290000, 'elltwo', 'bitflip', -0.000396728515625, 0.5470000505447388, 103.82716512680054, '2024-04-10 02:26:18')
pval: 0.5470000505447388 -- 2336th test, time elapsed 103.82716512680054 -- emperical power so far: 0.49264705882352944
db insert success
tensor(0.0002, device='cuda:0')
(2337, 1000, 0.0009, 1, 290000, 'elltwo', 'bitflip', 0.000152587890625, 0.0010000000474974513, 103.84155011177063, '2024-04-10 02:28:18')
pval: 0.0010000000474974513 -- 2337th test, time elapsed 103.84155011177063 -- emperical power so far: 0.49635036496350365
db insert success
tensor(-0.0004, device='cuda:0')
(2338, 1000, 0.0009, 1, 290000, 'elltwo', 'bitflip', -0.000396728515625, 0.19100001454353333, 103.65745544433594, '2024-04-10 02:30:17')
pval: 0.19100001454353333 -- 2338th test, time elapsed 103.65745544433594 -- emperical power so far: 0.4927536231884058
db insert success
tensor(-0.0004, device='cuda:0')
(2339, 1000, 0.0009, 1, 290000, 'elltwo', 'bitflip', -0.000396728515625, 0.2540000081062317, 103.68902611732483, '2024-04-10 02:32:20')
pval: 0.2540000081062317 -- 2339th test, time elapsed 103.68902611732483 -- emperical power so far: 0.4892086330935252
db insert success
tensor(-0.0004, device='cuda:0')
(2340, 1000, 0.0009, 1, 290000, 'elltwo', 'bitflip', -0.000396728515625, 0.005000000353902578, 103.80444598197937, '2024-04-10 02:34:19')
pval: 0.005000000353902578 -- 2340th test, time elapsed 103.80444598197937 -- emperical power so far: 0.4928571428571429
db insert success
tensor(0.0002, device='cuda:0')
(2341, 1000, 0.0009, 1, 290000, 'elltwo', 'bitflip', 0.000152587890625, 0.0010000000474974513, 103.84297394752502, '2024-04-10 02:36:14')
pval: 0.0010000000474974513 -- 2341th test, time elapsed 103.84297394752502 -- emperical power so far: 0.49645390070921985
db insert success
tensor(-0.0004, device='cuda:0')
(2342, 1000, 0.0009, 1, 290000, 'elltwo', 'bitflip', -0.000396728515625, 0.0010000000474974513, 103.74293541908264, '2024-04-10 02:38:14')
pval: 0.0010000000474974513 -- 2342th test, time elapsed 103.74293541908264 -- emperical power so far: 0.5
db insert success
tensor(9.1553e-05, device='cuda:0')
(2343, 1000, 0.0009, 1, 290000, 'elltwo', 'bitflip', 9.1552734375e-05, 0.7940000295639038, 103.78403902053833, '2024-04-10 02:40:17')
pval: 0.7940000295639038 -- 2343th test, time elapsed 103.78403902053833 -- emperical power so far: 0.4965034965034965
db insert success
tensor(-0.0004, device='cuda:0')
(2344, 1000, 0.0009, 1, 290000, 'elltwo', 'bitflip', -0.000396728515625, 0.0010000000474974513, 103.7598671913147, '2024-04-10 02:42:07')
pval: 0.0010000000474974513 -- 2344th test, time elapsed 103.7598671913147 -- emperical power so far: 0.5
db insert success
tensor(-0.0004, device='cuda:0')
(2345, 1000, 0.0009, 1, 290000, 'elltwo', 'bitflip', -0.000396728515625, 0.0650000050663948, 103.62850546836853, '2024-04-10 02:43:53')
pval: 0.0650000050663948 -- 2345th test, time elapsed 103.62850546836853 -- emperical power so far: 0.496551724137931
db insert success
tensor(0.0001, device='cuda:0')
(2346, 1000, 0.0009, 1, 290000, 'elltwo', 'bitflip', 0.0001220703125, 0.43700000643730164, 103.67162203788757, '2024-04-10 02:45:53')
pval: 0.43700000643730164 -- 2346th test, time elapsed 103.67162203788757 -- emperical power so far: 0.4931506849315068
db insert success
tensor(-0.0004, device='cuda:0')
(2347, 1000, 0.0009, 1, 290000, 'elltwo', 'bitflip', -0.00042724609375, 0.1730000078678131, 103.65146112442017, '2024-04-10 02:47:39')
pval: 0.1730000078678131 -- 2347th test, time elapsed 103.65146112442017 -- emperical power so far: 0.4897959183673469
db insert success
tensor(0.0002, device='cuda:0')
(2348, 1000, 0.0009, 1, 290000, 'elltwo', 'bitflip', 0.000152587890625, 0.0010000000474974513, 103.56810569763184, '2024-04-10 02:49:31')
pval: 0.0010000000474974513 -- 2348th test, time elapsed 103.56810569763184 -- emperical power so far: 0.49324324324324326
db insert success
tensor(0.0002, device='cuda:0')
(2349, 1000, 0.0009, 1, 290000, 'elltwo', 'bitflip', 0.000152587890625, 0.0010000000474974513, 103.65212416648865, '2024-04-10 02:51:28')
pval: 0.0010000000474974513 -- 2349th test, time elapsed 103.65212416648865 -- emperical power so far: 0.4966442953020134
db insert success
tensor(0.0001, device='cuda:0')
(2350, 1000, 0.0009, 1, 290000, 'elltwo', 'bitflip', 0.0001220703125, 0.12600000202655792, 103.64397716522217, '2024-04-10 02:53:30')
pval: 0.12600000202655792 -- 2350th test, time elapsed 103.64397716522217 -- emperical power so far: 0.49333333333333335
db insert success
tensor(-0.0004, device='cuda:0')
(2351, 1000, 0.0009, 1, 290000, 'elltwo', 'bitflip', -0.000396728515625, 0.029000001028180122, 103.62720799446106, '2024-04-10 02:55:33')
pval: 0.029000001028180122 -- 2351th test, time elapsed 103.62720799446106 -- emperical power so far: 0.4966887417218543
db insert success
tensor(0.0001, device='cuda:0')
(2352, 1000, 0.0009, 1, 290000, 'elltwo', 'bitflip', 0.0001220703125, 0.0820000022649765, 103.67467784881592, '2024-04-10 02:57:28')
pval: 0.0820000022649765 -- 2352th test, time elapsed 103.67467784881592 -- emperical power so far: 0.4934210526315789
db insert success
tensor(0.0002, device='cuda:0')
(2353, 1000, 0.0009, 1, 290000, 'elltwo', 'bitflip', 0.000152587890625, 0.01100000087171793, 103.64998435974121, '2024-04-10 02:59:32')
pval: 0.01100000087171793 -- 2353th test, time elapsed 103.64998435974121 -- emperical power so far: 0.49673202614379086
db insert success
tensor(-0.0004, device='cuda:0')
(2354, 1000, 0.0009, 1, 290000, 'elltwo', 'bitflip', -0.000396728515625, 0.0010000000474974513, 103.65058183670044, '2024-04-10 03:01:26')
pval: 0.0010000000474974513 -- 2354th test, time elapsed 103.65058183670044 -- emperical power so far: 0.5
db insert success
tensor(0.0007, device='cuda:0')
(2355, 1000, 0.0009, 1, 290000, 'elltwo', 'bitflip', 0.000732421875, 0.0010000000474974513, 103.60693025588989, '2024-04-10 03:03:23')
pval: 0.0010000000474974513 -- 2355th test, time elapsed 103.60693025588989 -- emperical power so far: 0.5032258064516129
db insert success
tensor(0.0001, device='cuda:0')
(2356, 1000, 0.0009, 1, 290000, 'elltwo', 'bitflip', 0.0001220703125, 0.02200000174343586, 103.62849426269531, '2024-04-10 03:05:20')
pval: 0.02200000174343586 -- 2356th test, time elapsed 103.62849426269531 -- emperical power so far: 0.5064102564102564
db insert success
tensor(-0.0009, device='cuda:0')
(2357, 1000, 0.0009, 1, 290000, 'elltwo', 'bitflip', -0.000946044921875, 0.40800002217292786, 103.61570525169373, '2024-04-10 03:07:11')
pval: 0.40800002217292786 -- 2357th test, time elapsed 103.61570525169373 -- emperical power so far: 0.5031847133757962
db insert success
tensor(0.0002, device='cuda:0')
(2358, 1000, 0.0009, 1, 290000, 'elltwo', 'bitflip', 0.000152587890625, 0.005000000353902578, 103.55836391448975, '2024-04-10 03:09:03')
pval: 0.005000000353902578 -- 2358th test, time elapsed 103.55836391448975 -- emperical power so far: 0.5063291139240507
db insert success
tensor(-0.0009, device='cuda:0')
(2359, 1000, 0.0009, 1, 290000, 'elltwo', 'bitflip', -0.000946044921875, 0.5670000314712524, 103.70332932472229, '2024-04-10 03:10:51')
pval: 0.5670000314712524 -- 2359th test, time elapsed 103.70332932472229 -- emperical power so far: 0.5031446540880503
db insert success
tensor(0.0001, device='cuda:0')
(2360, 1000, 0.0009, 1, 290000, 'elltwo', 'bitflip', 0.0001220703125, 0.07600000500679016, 103.66765356063843, '2024-04-10 03:12:39')
pval: 0.07600000500679016 -- 2360th test, time elapsed 103.66765356063843 -- emperical power so far: 0.5
db insert success
tensor(0.0001, device='cuda:0')
(2361, 1000, 0.0009, 1, 290000, 'elltwo', 'bitflip', 0.0001220703125, 0.0010000000474974513, 103.67113947868347, '2024-04-10 03:14:24')
pval: 0.0010000000474974513 -- 2361th test, time elapsed 103.67113947868347 -- emperical power so far: 0.5031055900621118
db insert success
tensor(0.0002, device='cuda:0')
(2362, 1000, 0.0009, 1, 290000, 'elltwo', 'bitflip', 0.000152587890625, 0.0020000000949949026, 103.79221248626709, '2024-04-10 03:16:22')
pval: 0.0020000000949949026 -- 2362th test, time elapsed 103.79221248626709 -- emperical power so far: 0.5061728395061729
db insert success
tensor(0.0001, device='cuda:0')
(2363, 1000, 0.0009, 1, 290000, 'elltwo', 'bitflip', 0.0001220703125, 0.09600000083446503, 103.574880361557, '2024-04-10 03:18:14')
pval: 0.09600000083446503 -- 2363th test, time elapsed 103.574880361557 -- emperical power so far: 0.5030674846625767
db insert success
tensor(-0.0004, device='cuda:0')
(2364, 1000, 0.0009, 1, 290000, 'elltwo', 'bitflip', -0.000396728515625, 0.0010000000474974513, 103.73697352409363, '2024-04-10 03:20:01')
pval: 0.0010000000474974513 -- 2364th test, time elapsed 103.73697352409363 -- emperical power so far: 0.5060975609756098
db insert success
tensor(0.0001, device='cuda:0')
(2365, 1000, 0.0009, 1, 290000, 'elltwo', 'bitflip', 0.0001220703125, 0.17400000989437103, 103.94322109222412, '2024-04-10 03:21:53')
pval: 0.17400000989437103 -- 2365th test, time elapsed 103.94322109222412 -- emperical power so far: 0.503030303030303
db insert success
tensor(0.0002, device='cuda:0')
(2366, 1000, 0.0009, 1, 290000, 'elltwo', 'bitflip', 0.000152587890625, 0.0010000000474974513, 103.71056723594666, '2024-04-10 03:23:39')
pval: 0.0010000000474974513 -- 2366th test, time elapsed 103.71056723594666 -- emperical power so far: 0.5060240963855421
db insert success
tensor(0.0001, device='cuda:0')
(2367, 1000, 0.0009, 1, 290000, 'elltwo', 'bitflip', 0.0001220703125, 0.06800000369548798, 103.71179962158203, '2024-04-10 03:25:37')
pval: 0.06800000369548798 -- 2367th test, time elapsed 103.71179962158203 -- emperical power so far: 0.5029940119760479
db insert success
tensor(0.0002, device='cuda:0')
(2368, 1000, 0.0009, 1, 290000, 'elltwo', 'bitflip', 0.000152587890625, 0.004000000189989805, 103.76725125312805, '2024-04-10 03:27:32')
pval: 0.004000000189989805 -- 2368th test, time elapsed 103.76725125312805 -- emperical power so far: 0.5059523809523809
db insert success
tensor(-0.0004, device='cuda:0')
(2369, 1000, 0.0009, 1, 290000, 'elltwo', 'bitflip', -0.00042724609375, 0.03400000184774399, 103.8864266872406, '2024-04-10 03:29:28')
pval: 0.03400000184774399 -- 2369th test, time elapsed 103.8864266872406 -- emperical power so far: 0.5088757396449705
db insert success
tensor(0.0002, device='cuda:0')
(2370, 1000, 0.0009, 1, 290000, 'elltwo', 'bitflip', 0.000152587890625, 0.006000000052154064, 103.91076898574829, '2024-04-10 03:31:22')
pval: 0.006000000052154064 -- 2370th test, time elapsed 103.91076898574829 -- emperical power so far: 0.5117647058823529
db insert success
tensor(0.0002, device='cuda:0')
(2371, 1000, 0.0009, 1, 290000, 'elltwo', 'bitflip', 0.000152587890625, 0.07600000500679016, 103.74495005607605, '2024-04-10 03:33:19')
pval: 0.07600000500679016 -- 2371th test, time elapsed 103.74495005607605 -- emperical power so far: 0.5087719298245614
db insert success
tensor(0.0001, device='cuda:0')
(2372, 1000, 0.0009, 1, 290000, 'elltwo', 'bitflip', 0.0001220703125, 0.10300000756978989, 103.86583638191223, '2024-04-10 03:35:23')
pval: 0.10300000756978989 -- 2372th test, time elapsed 103.86583638191223 -- emperical power so far: 0.5058139534883721
db insert success
tensor(-0.0004, device='cuda:0')
(2373, 1000, 0.0009, 1, 290000, 'elltwo', 'bitflip', -0.00042724609375, 0.9130000472068787, 103.82027125358582, '2024-04-10 03:37:19')
pval: 0.9130000472068787 -- 2373th test, time elapsed 103.82027125358582 -- emperical power so far: 0.5028901734104047
db insert success
tensor(0.0001, device='cuda:0')
(2374, 1000, 0.0009, 1, 290000, 'elltwo', 'bitflip', 0.0001220703125, 0.11100000888109207, 103.6912112236023, '2024-04-10 03:39:22')
pval: 0.11100000888109207 -- 2374th test, time elapsed 103.6912112236023 -- emperical power so far: 0.5
db insert success
tensor(-0.0004, device='cuda:0')
(2375, 1000, 0.0009, 1, 290000, 'elltwo', 'bitflip', -0.00042724609375, 0.4960000216960907, 103.57224917411804, '2024-04-10 03:41:18')
pval: 0.4960000216960907 -- 2375th test, time elapsed 103.57224917411804 -- emperical power so far: 0.49714285714285716
db insert success
tensor(0.0007, device='cuda:0')
(2376, 1000, 0.0009, 1, 290000, 'elltwo', 'bitflip', 0.000701904296875, 0.0010000000474974513, 103.60794472694397, '2024-04-10 03:43:19')
pval: 0.0010000000474974513 -- 2376th test, time elapsed 103.60794472694397 -- emperical power so far: 0.5
db insert success
tensor(-0.0009, device='cuda:0')
(2377, 1000, 0.0009, 1, 290000, 'elltwo', 'bitflip', -0.000946044921875, 0.6470000147819519, 103.75207304954529, '2024-04-10 03:45:18')
pval: 0.6470000147819519 -- 2377th test, time elapsed 103.75207304954529 -- emperical power so far: 0.4971751412429379
db insert success
tensor(-0.0004, device='cuda:0')
(2378, 1000, 0.0009, 1, 290000, 'elltwo', 'bitflip', -0.000396728515625, 0.10400000214576721, 103.60848784446716, '2024-04-10 03:47:06')
pval: 0.10400000214576721 -- 2378th test, time elapsed 103.60848784446716 -- emperical power so far: 0.4943820224719101
db insert success
tensor(-0.0004, device='cuda:0')
(2379, 1000, 0.0009, 1, 290000, 'elltwo', 'bitflip', -0.00042724609375, 0.15000000596046448, 103.58192348480225, '2024-04-10 03:49:07')
pval: 0.15000000596046448 -- 2379th test, time elapsed 103.58192348480225 -- emperical power so far: 0.49162011173184356
db insert success
tensor(-0.0009, device='cuda:0')
(2380, 1000, 0.0009, 1, 290000, 'elltwo', 'bitflip', -0.000946044921875, 0.7460000514984131, 103.49057841300964, '2024-04-10 03:50:54')
pval: 0.7460000514984131 -- 2380th test, time elapsed 103.49057841300964 -- emperical power so far: 0.4888888888888889
db insert success
tensor(0.0001, device='cuda:0')
(2381, 1000, 0.0009, 1, 290000, 'elltwo', 'bitflip', 0.0001220703125, 0.024000000208616257, 103.5821213722229, '2024-04-10 03:52:57')
pval: 0.024000000208616257 -- 2381th test, time elapsed 103.5821213722229 -- emperical power so far: 0.49171270718232046
db insert success
tensor(0.0001, device='cuda:0')
(2382, 1000, 0.0009, 1, 290000, 'elltwo', 'bitflip', 0.0001220703125, 0.16100001335144043, 103.66542768478394, '2024-04-10 03:54:50')
pval: 0.16100001335144043 -- 2382th test, time elapsed 103.66542768478394 -- emperical power so far: 0.489010989010989
db insert success
tensor(-0.0004, device='cuda:0')
(2383, 1000, 0.0009, 1, 290000, 'elltwo', 'bitflip', -0.000396728515625, 0.0010000000474974513, 103.89797735214233, '2024-04-10 03:56:44')
pval: 0.0010000000474974513 -- 2383th test, time elapsed 103.89797735214233 -- emperical power so far: 0.4918032786885246
db insert success
tensor(-0.0004, device='cuda:0')
(2384, 1000, 0.0009, 1, 290000, 'elltwo', 'bitflip', -0.000396728515625, 0.021000001579523087, 103.90964126586914, '2024-04-10 03:58:47')
pval: 0.021000001579523087 -- 2384th test, time elapsed 103.90964126586914 -- emperical power so far: 0.4945652173913043
db insert success
tensor(0.0001, device='cuda:0')
(2385, 1000, 0.0009, 1, 290000, 'elltwo', 'bitflip', 0.0001220703125, 0.0860000029206276, 103.74471855163574, '2024-04-10 04:00:34')
pval: 0.0860000029206276 -- 2385th test, time elapsed 103.74471855163574 -- emperical power so far: 0.4918918918918919
db insert success
tensor(0.0002, device='cuda:0')
(2386, 1000, 0.0009, 1, 290000, 'elltwo', 'bitflip', 0.000152587890625, 0.07800000160932541, 103.68960404396057, '2024-04-10 04:02:25')
pval: 0.07800000160932541 -- 2386th test, time elapsed 103.68960404396057 -- emperical power so far: 0.489247311827957
db insert success
tensor(-0.0004, device='cuda:0')
(2387, 1000, 0.0009, 1, 290000, 'elltwo', 'bitflip', -0.000396728515625, 0.004000000189989805, 103.557861328125, '2024-04-10 04:04:17')
pval: 0.004000000189989805 -- 2387th test, time elapsed 103.557861328125 -- emperical power so far: 0.4919786096256685
db insert success
tensor(0.0002, device='cuda:0')
(2388, 1000, 0.0009, 1, 290000, 'elltwo', 'bitflip', 0.000152587890625, 0.13199999928474426, 103.62222242355347, '2024-04-10 04:06:02')
pval: 0.13199999928474426 -- 2388th test, time elapsed 103.62222242355347 -- emperical power so far: 0.48936170212765956
db insert success
tensor(0.0002, device='cuda:0')
(2389, 1000, 0.0009, 1, 290000, 'elltwo', 'bitflip', 0.000152587890625, 0.0020000000949949026, 103.67113637924194, '2024-04-10 04:07:56')
pval: 0.0020000000949949026 -- 2389th test, time elapsed 103.67113637924194 -- emperical power so far: 0.49206349206349204
db insert success
tensor(0.0007, device='cuda:0')
(2390, 1000, 0.0009, 1, 290000, 'elltwo', 'bitflip', 0.000701904296875, 0.0010000000474974513, 103.70951271057129, '2024-04-10 04:09:53')
pval: 0.0010000000474974513 -- 2390th test, time elapsed 103.70951271057129 -- emperical power so far: 0.49473684210526314
db insert success
tensor(0.0002, device='cuda:0')
(2391, 1000, 0.0009, 1, 290000, 'elltwo', 'bitflip', 0.00018310546875, 0.0010000000474974513, 103.60912537574768, '2024-04-10 04:11:42')
pval: 0.0010000000474974513 -- 2391th test, time elapsed 103.60912537574768 -- emperical power so far: 0.4973821989528796
db insert success
tensor(-0.0004, device='cuda:0')
(2392, 1000, 0.0009, 1, 290000, 'elltwo', 'bitflip', -0.000396728515625, 0.01100000087171793, 103.66954255104065, '2024-04-10 04:13:35')
pval: 0.01100000087171793 -- 2392th test, time elapsed 103.66954255104065 -- emperical power so far: 0.5
db insert success
tensor(0.0002, device='cuda:0')
(2393, 1000, 0.0009, 1, 290000, 'elltwo', 'bitflip', 0.000152587890625, 0.2760000228881836, 103.65509867668152, '2024-04-10 04:15:21')
pval: 0.2760000228881836 -- 2393th test, time elapsed 103.65509867668152 -- emperical power so far: 0.49740932642487046
db insert success
tensor(-0.0004, device='cuda:0')
(2394, 1000, 0.0009, 1, 290000, 'elltwo', 'bitflip', -0.000396728515625, 0.5180000066757202, 103.84408950805664, '2024-04-10 04:17:25')
pval: 0.5180000066757202 -- 2394th test, time elapsed 103.84408950805664 -- emperical power so far: 0.4948453608247423
db insert success
tensor(0.0007, device='cuda:0')
(2395, 1000, 0.0009, 1, 290000, 'elltwo', 'bitflip', 0.00067138671875, 0.11000000685453415, 103.5370466709137, '2024-04-10 04:19:17')
pval: 0.11000000685453415 -- 2395th test, time elapsed 103.5370466709137 -- emperical power so far: 0.49230769230769234
db insert success
tensor(0.0002, device='cuda:0')
(2396, 1000, 0.0009, 1, 290000, 'elltwo', 'bitflip', 0.000152587890625, 0.0010000000474974513, 103.4986298084259, '2024-04-10 04:21:02')
pval: 0.0010000000474974513 -- 2396th test, time elapsed 103.4986298084259 -- emperical power so far: 0.49489795918367346
db insert success
tensor(-0.0004, device='cuda:0')
(2397, 1000, 0.0009, 1, 290000, 'elltwo', 'bitflip', -0.000396728515625, 0.7320000529289246, 103.42472696304321, '2024-04-10 04:22:57')
pval: 0.7320000529289246 -- 2397th test, time elapsed 103.42472696304321 -- emperical power so far: 0.49238578680203043
db insert success
tensor(0.0002, device='cuda:0')
(2398, 1000, 0.0009, 1, 290000, 'elltwo', 'bitflip', 0.000152587890625, 0.0010000000474974513, 103.5292751789093, '2024-04-10 04:24:55')
pval: 0.0010000000474974513 -- 2398th test, time elapsed 103.5292751789093 -- emperical power so far: 0.494949494949495
db insert success
tensor(0.0002, device='cuda:0')
(2399, 1000, 0.0009, 1, 290000, 'elltwo', 'bitflip', 0.000152587890625, 0.1290000081062317, 103.55392026901245, '2024-04-10 04:26:47')
pval: 0.1290000081062317 -- 2399th test, time elapsed 103.55392026901245 -- emperical power so far: 0.49246231155778897
db insert success
tensor(0.0001, device='cuda:0')
(2400, 1000, 0.0009, 1, 290000, 'elltwo', 'bitflip', 0.0001220703125, 0.018000001087784767, 103.59344863891602, '2024-04-10 04:28:48')
pval: 0.018000001087784767 -- 2400th test, time elapsed 103.59344863891602 -- emperical power so far: 0.495
db insert success
22957.911882162094
