tensor([0.0001, 0.0019, 0.0001, 0.0019, 0.0001, 0.0019, 0.0001, 0.0019, 0.0001,
        0.0019, 0.0001, 0.0019, 0.0001, 0.0019, 0.0001, 0.0019, 0.0001, 0.0019,
        0.0001, 0.0019, 0.0001, 0.0019, 0.0001, 0.0019, 0.0001, 0.0019, 0.0001,
        0.0019, 0.0001, 0.0019, 0.0001, 0.0019, 0.0001, 0.0019, 0.0001, 0.0019,
        0.0001, 0.0019, 0.0001, 0.0019, 0.0001, 0.0019, 0.0001, 0.0019, 0.0001,
        0.0019, 0.0001, 0.0019, 0.0001, 0.0019, 0.0001, 0.0019, 0.0001, 0.0019,
        0.0001, 0.0019, 0.0001, 0.0019, 0.0001, 0.0019, 0.0001, 0.0019, 0.0001,
        0.0019, 0.0001, 0.0019, 0.0001, 0.0019, 0.0001, 0.0019, 0.0001, 0.0019,
        0.0001, 0.0019, 0.0001, 0.0019, 0.0001, 0.0019, 0.0001, 0.0019, 0.0001,
        0.0019, 0.0001, 0.0019, 0.0001, 0.0019, 0.0001, 0.0019, 0.0001, 0.0019,
        0.0001, 0.0019, 0.0001, 0.0019, 0.0001, 0.0019, 0.0001, 0.0019, 0.0001,
        0.0019, 0.0001, 0.0019, 0.0001, 0.0019, 0.0001, 0.0019, 0.0001, 0.0019,
        0.0001, 0.0019, 0.0001, 0.0019, 0.0001, 0.0019, 0.0001, 0.0019, 0.0001,
        0.0019, 0.0001, 0.0019, 0.0001, 0.0019, 0.0001, 0.0019, 0.0001, 0.0019,
        0.0001, 0.0019, 0.0001, 0.0019, 0.0001, 0.0019, 0.0001, 0.0019, 0.0001,
        0.0019, 0.0001, 0.0019, 0.0001, 0.0019, 0.0001, 0.0019, 0.0001, 0.0019,
        0.0001, 0.0019, 0.0001, 0.0019, 0.0001, 0.0019, 0.0001, 0.0019, 0.0001,
        0.0019, 0.0001, 0.0019, 0.0001, 0.0019, 0.0001, 0.0019, 0.0001, 0.0019,
        0.0001, 0.0019, 0.0001, 0.0019, 0.0001, 0.0019, 0.0001, 0.0019, 0.0001,
        0.0019, 0.0001, 0.0019, 0.0001, 0.0019, 0.0001, 0.0019, 0.0001, 0.0019,
        0.0001, 0.0019, 0.0001, 0.0019, 0.0001, 0.0019, 0.0001, 0.0019, 0.0001,
        0.0019, 0.0001, 0.0019, 0.0001, 0.0019, 0.0001, 0.0019, 0.0001, 0.0019,
        0.0001, 0.0019, 0.0001, 0.0019, 0.0001, 0.0019, 0.0001, 0.0019, 0.0001,
        0.0019, 0.0001, 0.0019, 0.0001, 0.0019, 0.0001, 0.0019, 0.0001, 0.0019,
        0.0001, 0.0019, 0.0001, 0.0019, 0.0001, 0.0019, 0.0001, 0.0019, 0.0001,
        0.0019, 0.0001, 0.0019, 0.0001, 0.0019, 0.0001, 0.0019, 0.0001, 0.0019,
        0.0001, 0.0019, 0.0001, 0.0019, 0.0001, 0.0019, 0.0001, 0.0019, 0.0001,
        0.0019, 0.0001, 0.0019, 0.0001, 0.0019, 0.0001, 0.0019, 0.0001, 0.0019,
        0.0001, 0.0019, 0.0001, 0.0019, 0.0001, 0.0019, 0.0001, 0.0019, 0.0001,
        0.0019, 0.0001, 0.0019, 0.0001, 0.0019, 0.0001, 0.0019, 0.0001, 0.0019,
        0.0001, 0.0019, 0.0001, 0.0019, 0.0001, 0.0019, 0.0001, 0.0019, 0.0001,
        0.0019, 0.0001, 0.0019, 0.0001, 0.0019, 0.0001, 0.0019, 0.0001, 0.0019,
        0.0001, 0.0019, 0.0001, 0.0019, 0.0001, 0.0019, 0.0001, 0.0019, 0.0001,
        0.0019, 0.0001, 0.0019, 0.0001, 0.0019, 0.0001, 0.0019, 0.0001, 0.0019,
        0.0001, 0.0019, 0.0001, 0.0019, 0.0001, 0.0019, 0.0001, 0.0019, 0.0001,
        0.0019, 0.0001, 0.0019, 0.0001, 0.0019, 0.0001, 0.0019, 0.0001, 0.0019,
        0.0001, 0.0019, 0.0001, 0.0019, 0.0001, 0.0019, 0.0001, 0.0019, 0.0001,
        0.0019, 0.0001, 0.0019, 0.0001, 0.0019, 0.0001, 0.0019, 0.0001, 0.0019,
        0.0001, 0.0019, 0.0001, 0.0019, 0.0001, 0.0019, 0.0001, 0.0019, 0.0001,
        0.0019, 0.0001, 0.0019, 0.0001, 0.0019, 0.0001, 0.0019, 0.0001, 0.0019,
        0.0001, 0.0019, 0.0001, 0.0019, 0.0001, 0.0019, 0.0001, 0.0019, 0.0001,
        0.0019, 0.0001, 0.0019, 0.0001, 0.0019, 0.0001, 0.0019, 0.0001, 0.0019,
        0.0001, 0.0019, 0.0001, 0.0019, 0.0001, 0.0019, 0.0001, 0.0019, 0.0001,
        0.0019, 0.0001, 0.0019, 0.0001, 0.0019, 0.0001, 0.0019, 0.0001, 0.0019,
        0.0001, 0.0019, 0.0001, 0.0019, 0.0001, 0.0019, 0.0001, 0.0019, 0.0001,
        0.0019, 0.0001, 0.0019, 0.0001, 0.0019, 0.0001, 0.0019, 0.0001, 0.0019,
        0.0001, 0.0019, 0.0001, 0.0019, 0.0001, 0.0019, 0.0001, 0.0019, 0.0001,
        0.0019, 0.0001, 0.0019, 0.0001, 0.0019, 0.0001, 0.0019, 0.0001, 0.0019,
        0.0001, 0.0019, 0.0001, 0.0019, 0.0001, 0.0019, 0.0001, 0.0019, 0.0001,
        0.0019, 0.0001, 0.0019, 0.0001, 0.0019, 0.0001, 0.0019, 0.0001, 0.0019,
        0.0001, 0.0019, 0.0001, 0.0019, 0.0001, 0.0019, 0.0001, 0.0019, 0.0001,
        0.0019, 0.0001, 0.0019, 0.0001, 0.0019, 0.0001, 0.0019, 0.0001, 0.0019,
        0.0001, 0.0019, 0.0001, 0.0019, 0.0001, 0.0019, 0.0001, 0.0019, 0.0001,
        0.0019, 0.0001, 0.0019, 0.0001, 0.0019, 0.0001, 0.0019, 0.0001, 0.0019,
        0.0001, 0.0019, 0.0001, 0.0019, 0.0001, 0.0019, 0.0001, 0.0019, 0.0001,
        0.0019, 0.0001, 0.0019, 0.0001, 0.0019, 0.0001, 0.0019, 0.0001, 0.0019,
        0.0001, 0.0019, 0.0001, 0.0019, 0.0001, 0.0019, 0.0001, 0.0019, 0.0001,
        0.0019, 0.0001, 0.0019, 0.0001, 0.0019, 0.0001, 0.0019, 0.0001, 0.0019,
        0.0001, 0.0019, 0.0001, 0.0019, 0.0001, 0.0019, 0.0001, 0.0019, 0.0001,
        0.0019, 0.0001, 0.0019, 0.0001, 0.0019, 0.0001, 0.0019, 0.0001, 0.0019,
        0.0001, 0.0019, 0.0001, 0.0019, 0.0001, 0.0019, 0.0001, 0.0019, 0.0001,
        0.0019, 0.0001, 0.0019, 0.0001, 0.0019, 0.0001, 0.0019, 0.0001, 0.0019,
        0.0001, 0.0019, 0.0001, 0.0019, 0.0001, 0.0019, 0.0001, 0.0019, 0.0001,
        0.0019, 0.0001, 0.0019, 0.0001, 0.0019, 0.0001, 0.0019, 0.0001, 0.0019,
        0.0001, 0.0019, 0.0001, 0.0019, 0.0001, 0.0019, 0.0001, 0.0019, 0.0001,
        0.0019, 0.0001, 0.0019, 0.0001, 0.0019, 0.0001, 0.0019, 0.0001, 0.0019,
        0.0001, 0.0019, 0.0001, 0.0019, 0.0001, 0.0019, 0.0001, 0.0019, 0.0001,
        0.0019, 0.0001, 0.0019, 0.0001, 0.0019, 0.0001, 0.0019, 0.0001, 0.0019,
        0.0001, 0.0019, 0.0001, 0.0019, 0.0001, 0.0019, 0.0001, 0.0019, 0.0001,
        0.0019, 0.0001, 0.0019, 0.0001, 0.0019, 0.0001, 0.0019, 0.0001, 0.0019,
        0.0001, 0.0019, 0.0001, 0.0019, 0.0001, 0.0019, 0.0001, 0.0019, 0.0001,
        0.0019, 0.0001, 0.0019, 0.0001, 0.0019, 0.0001, 0.0019, 0.0001, 0.0019,
        0.0001, 0.0019, 0.0001, 0.0019, 0.0001, 0.0019, 0.0001, 0.0019, 0.0001,
        0.0019, 0.0001, 0.0019, 0.0001, 0.0019, 0.0001, 0.0019, 0.0001, 0.0019,
        0.0001, 0.0019, 0.0001, 0.0019, 0.0001, 0.0019, 0.0001, 0.0019, 0.0001,
        0.0019, 0.0001, 0.0019, 0.0001, 0.0019, 0.0001, 0.0019, 0.0001, 0.0019,
        0.0001, 0.0019, 0.0001, 0.0019, 0.0001, 0.0019, 0.0001, 0.0019, 0.0001,
        0.0019, 0.0001, 0.0019, 0.0001, 0.0019, 0.0001, 0.0019, 0.0001, 0.0019,
        0.0001, 0.0019, 0.0001, 0.0019, 0.0001, 0.0019, 0.0001, 0.0019, 0.0001,
        0.0019, 0.0001, 0.0019, 0.0001, 0.0019, 0.0001, 0.0019, 0.0001, 0.0019,
        0.0001, 0.0019, 0.0001, 0.0019, 0.0001, 0.0019, 0.0001, 0.0019, 0.0001,
        0.0019, 0.0001, 0.0019, 0.0001, 0.0019, 0.0001, 0.0019, 0.0001, 0.0019,
        0.0001, 0.0019, 0.0001, 0.0019, 0.0001, 0.0019, 0.0001, 0.0019, 0.0001,
        0.0019, 0.0001, 0.0019, 0.0001, 0.0019, 0.0001, 0.0019, 0.0001, 0.0019,
        0.0001, 0.0019, 0.0001, 0.0019, 0.0001, 0.0019, 0.0001, 0.0019, 0.0001,
        0.0019, 0.0001, 0.0019, 0.0001, 0.0019, 0.0001, 0.0019, 0.0001, 0.0019,
        0.0001, 0.0019, 0.0001, 0.0019, 0.0001, 0.0019, 0.0001, 0.0019, 0.0001,
        0.0019, 0.0001, 0.0019, 0.0001, 0.0019, 0.0001, 0.0019, 0.0001, 0.0019,
        0.0001, 0.0019, 0.0001, 0.0019, 0.0001, 0.0019, 0.0001, 0.0019, 0.0001,
        0.0019, 0.0001, 0.0019, 0.0001, 0.0019, 0.0001, 0.0019, 0.0001, 0.0019,
        0.0001, 0.0019, 0.0001, 0.0019, 0.0001, 0.0019, 0.0001, 0.0019, 0.0001,
        0.0019, 0.0001, 0.0019, 0.0001, 0.0019, 0.0001, 0.0019, 0.0001, 0.0019,
        0.0001, 0.0019, 0.0001, 0.0019, 0.0001, 0.0019, 0.0001, 0.0019, 0.0001,
        0.0019, 0.0001, 0.0019, 0.0001, 0.0019, 0.0001, 0.0019, 0.0001, 0.0019,
        0.0001, 0.0019, 0.0001, 0.0019, 0.0001, 0.0019, 0.0001, 0.0019, 0.0001,
        0.0019, 0.0001, 0.0019, 0.0001, 0.0019, 0.0001, 0.0019, 0.0001, 0.0019,
        0.0001, 0.0019, 0.0001, 0.0019, 0.0001, 0.0019, 0.0001, 0.0019, 0.0001,
        0.0019, 0.0001, 0.0019, 0.0001, 0.0019, 0.0001, 0.0019, 0.0001, 0.0019,
        0.0001, 0.0019, 0.0001, 0.0019, 0.0001, 0.0019, 0.0001, 0.0019, 0.0001,
        0.0019, 0.0001, 0.0019, 0.0001, 0.0019, 0.0001, 0.0019, 0.0001, 0.0019,
        0.0001, 0.0019, 0.0001, 0.0019, 0.0001, 0.0019, 0.0001, 0.0019, 0.0001,
        0.0019, 0.0001, 0.0019, 0.0001, 0.0019, 0.0001, 0.0019, 0.0001, 0.0019,
        0.0001, 0.0019, 0.0001, 0.0019, 0.0001, 0.0019, 0.0001, 0.0019, 0.0001,
        0.0019, 0.0001, 0.0019, 0.0001, 0.0019, 0.0001, 0.0019, 0.0001, 0.0019,
        0.0001, 0.0019, 0.0001, 0.0019, 0.0001, 0.0019, 0.0001, 0.0019, 0.0001,
        0.0019, 0.0001, 0.0019, 0.0001, 0.0019, 0.0001, 0.0019, 0.0001, 0.0019,
        0.0001, 0.0019, 0.0001, 0.0019, 0.0001, 0.0019, 0.0001, 0.0019, 0.0001,
        0.0019, 0.0001, 0.0019, 0.0001, 0.0019, 0.0001, 0.0019, 0.0001, 0.0019,
        0.0001, 0.0019, 0.0001, 0.0019, 0.0001, 0.0019, 0.0001, 0.0019, 0.0001,
        0.0019, 0.0001, 0.0019, 0.0001, 0.0019, 0.0001, 0.0019, 0.0001, 0.0019,
        0.0001, 0.0019, 0.0001, 0.0019, 0.0001, 0.0019, 0.0001, 0.0019, 0.0001,
        0.0019])
tensor([0.0019, 0.0001, 0.0019, 0.0001, 0.0019, 0.0001, 0.0019, 0.0001, 0.0019,
        0.0001, 0.0019, 0.0001, 0.0019, 0.0001, 0.0019, 0.0001, 0.0019, 0.0001,
        0.0019, 0.0001, 0.0019, 0.0001, 0.0019, 0.0001, 0.0019, 0.0001, 0.0019,
        0.0001, 0.0019, 0.0001, 0.0019, 0.0001, 0.0019, 0.0001, 0.0019, 0.0001,
        0.0019, 0.0001, 0.0019, 0.0001, 0.0019, 0.0001, 0.0019, 0.0001, 0.0019,
        0.0001, 0.0019, 0.0001, 0.0019, 0.0001, 0.0019, 0.0001, 0.0019, 0.0001,
        0.0019, 0.0001, 0.0019, 0.0001, 0.0019, 0.0001, 0.0019, 0.0001, 0.0019,
        0.0001, 0.0019, 0.0001, 0.0019, 0.0001, 0.0019, 0.0001, 0.0019, 0.0001,
        0.0019, 0.0001, 0.0019, 0.0001, 0.0019, 0.0001, 0.0019, 0.0001, 0.0019,
        0.0001, 0.0019, 0.0001, 0.0019, 0.0001, 0.0019, 0.0001, 0.0019, 0.0001,
        0.0019, 0.0001, 0.0019, 0.0001, 0.0019, 0.0001, 0.0019, 0.0001, 0.0019,
        0.0001, 0.0019, 0.0001, 0.0019, 0.0001, 0.0019, 0.0001, 0.0019, 0.0001,
        0.0019, 0.0001, 0.0019, 0.0001, 0.0019, 0.0001, 0.0019, 0.0001, 0.0019,
        0.0001, 0.0019, 0.0001, 0.0019, 0.0001, 0.0019, 0.0001, 0.0019, 0.0001,
        0.0019, 0.0001, 0.0019, 0.0001, 0.0019, 0.0001, 0.0019, 0.0001, 0.0019,
        0.0001, 0.0019, 0.0001, 0.0019, 0.0001, 0.0019, 0.0001, 0.0019, 0.0001,
        0.0019, 0.0001, 0.0019, 0.0001, 0.0019, 0.0001, 0.0019, 0.0001, 0.0019,
        0.0001, 0.0019, 0.0001, 0.0019, 0.0001, 0.0019, 0.0001, 0.0019, 0.0001,
        0.0019, 0.0001, 0.0019, 0.0001, 0.0019, 0.0001, 0.0019, 0.0001, 0.0019,
        0.0001, 0.0019, 0.0001, 0.0019, 0.0001, 0.0019, 0.0001, 0.0019, 0.0001,
        0.0019, 0.0001, 0.0019, 0.0001, 0.0019, 0.0001, 0.0019, 0.0001, 0.0019,
        0.0001, 0.0019, 0.0001, 0.0019, 0.0001, 0.0019, 0.0001, 0.0019, 0.0001,
        0.0019, 0.0001, 0.0019, 0.0001, 0.0019, 0.0001, 0.0019, 0.0001, 0.0019,
        0.0001, 0.0019, 0.0001, 0.0019, 0.0001, 0.0019, 0.0001, 0.0019, 0.0001,
        0.0019, 0.0001, 0.0019, 0.0001, 0.0019, 0.0001, 0.0019, 0.0001, 0.0019,
        0.0001, 0.0019, 0.0001, 0.0019, 0.0001, 0.0019, 0.0001, 0.0019, 0.0001,
        0.0019, 0.0001, 0.0019, 0.0001, 0.0019, 0.0001, 0.0019, 0.0001, 0.0019,
        0.0001, 0.0019, 0.0001, 0.0019, 0.0001, 0.0019, 0.0001, 0.0019, 0.0001,
        0.0019, 0.0001, 0.0019, 0.0001, 0.0019, 0.0001, 0.0019, 0.0001, 0.0019,
        0.0001, 0.0019, 0.0001, 0.0019, 0.0001, 0.0019, 0.0001, 0.0019, 0.0001,
        0.0019, 0.0001, 0.0019, 0.0001, 0.0019, 0.0001, 0.0019, 0.0001, 0.0019,
        0.0001, 0.0019, 0.0001, 0.0019, 0.0001, 0.0019, 0.0001, 0.0019, 0.0001,
        0.0019, 0.0001, 0.0019, 0.0001, 0.0019, 0.0001, 0.0019, 0.0001, 0.0019,
        0.0001, 0.0019, 0.0001, 0.0019, 0.0001, 0.0019, 0.0001, 0.0019, 0.0001,
        0.0019, 0.0001, 0.0019, 0.0001, 0.0019, 0.0001, 0.0019, 0.0001, 0.0019,
        0.0001, 0.0019, 0.0001, 0.0019, 0.0001, 0.0019, 0.0001, 0.0019, 0.0001,
        0.0019, 0.0001, 0.0019, 0.0001, 0.0019, 0.0001, 0.0019, 0.0001, 0.0019,
        0.0001, 0.0019, 0.0001, 0.0019, 0.0001, 0.0019, 0.0001, 0.0019, 0.0001,
        0.0019, 0.0001, 0.0019, 0.0001, 0.0019, 0.0001, 0.0019, 0.0001, 0.0019,
        0.0001, 0.0019, 0.0001, 0.0019, 0.0001, 0.0019, 0.0001, 0.0019, 0.0001,
        0.0019, 0.0001, 0.0019, 0.0001, 0.0019, 0.0001, 0.0019, 0.0001, 0.0019,
        0.0001, 0.0019, 0.0001, 0.0019, 0.0001, 0.0019, 0.0001, 0.0019, 0.0001,
        0.0019, 0.0001, 0.0019, 0.0001, 0.0019, 0.0001, 0.0019, 0.0001, 0.0019,
        0.0001, 0.0019, 0.0001, 0.0019, 0.0001, 0.0019, 0.0001, 0.0019, 0.0001,
        0.0019, 0.0001, 0.0019, 0.0001, 0.0019, 0.0001, 0.0019, 0.0001, 0.0019,
        0.0001, 0.0019, 0.0001, 0.0019, 0.0001, 0.0019, 0.0001, 0.0019, 0.0001,
        0.0019, 0.0001, 0.0019, 0.0001, 0.0019, 0.0001, 0.0019, 0.0001, 0.0019,
        0.0001, 0.0019, 0.0001, 0.0019, 0.0001, 0.0019, 0.0001, 0.0019, 0.0001,
        0.0019, 0.0001, 0.0019, 0.0001, 0.0019, 0.0001, 0.0019, 0.0001, 0.0019,
        0.0001, 0.0019, 0.0001, 0.0019, 0.0001, 0.0019, 0.0001, 0.0019, 0.0001,
        0.0019, 0.0001, 0.0019, 0.0001, 0.0019, 0.0001, 0.0019, 0.0001, 0.0019,
        0.0001, 0.0019, 0.0001, 0.0019, 0.0001, 0.0019, 0.0001, 0.0019, 0.0001,
        0.0019, 0.0001, 0.0019, 0.0001, 0.0019, 0.0001, 0.0019, 0.0001, 0.0019,
        0.0001, 0.0019, 0.0001, 0.0019, 0.0001, 0.0019, 0.0001, 0.0019, 0.0001,
        0.0019, 0.0001, 0.0019, 0.0001, 0.0019, 0.0001, 0.0019, 0.0001, 0.0019,
        0.0001, 0.0019, 0.0001, 0.0019, 0.0001, 0.0019, 0.0001, 0.0019, 0.0001,
        0.0019, 0.0001, 0.0019, 0.0001, 0.0019, 0.0001, 0.0019, 0.0001, 0.0019,
        0.0001, 0.0019, 0.0001, 0.0019, 0.0001, 0.0019, 0.0001, 0.0019, 0.0001,
        0.0019, 0.0001, 0.0019, 0.0001, 0.0019, 0.0001, 0.0019, 0.0001, 0.0019,
        0.0001, 0.0019, 0.0001, 0.0019, 0.0001, 0.0019, 0.0001, 0.0019, 0.0001,
        0.0019, 0.0001, 0.0019, 0.0001, 0.0019, 0.0001, 0.0019, 0.0001, 0.0019,
        0.0001, 0.0019, 0.0001, 0.0019, 0.0001, 0.0019, 0.0001, 0.0019, 0.0001,
        0.0019, 0.0001, 0.0019, 0.0001, 0.0019, 0.0001, 0.0019, 0.0001, 0.0019,
        0.0001, 0.0019, 0.0001, 0.0019, 0.0001, 0.0019, 0.0001, 0.0019, 0.0001,
        0.0019, 0.0001, 0.0019, 0.0001, 0.0019, 0.0001, 0.0019, 0.0001, 0.0019,
        0.0001, 0.0019, 0.0001, 0.0019, 0.0001, 0.0019, 0.0001, 0.0019, 0.0001,
        0.0019, 0.0001, 0.0019, 0.0001, 0.0019, 0.0001, 0.0019, 0.0001, 0.0019,
        0.0001, 0.0019, 0.0001, 0.0019, 0.0001, 0.0019, 0.0001, 0.0019, 0.0001,
        0.0019, 0.0001, 0.0019, 0.0001, 0.0019, 0.0001, 0.0019, 0.0001, 0.0019,
        0.0001, 0.0019, 0.0001, 0.0019, 0.0001, 0.0019, 0.0001, 0.0019, 0.0001,
        0.0019, 0.0001, 0.0019, 0.0001, 0.0019, 0.0001, 0.0019, 0.0001, 0.0019,
        0.0001, 0.0019, 0.0001, 0.0019, 0.0001, 0.0019, 0.0001, 0.0019, 0.0001,
        0.0019, 0.0001, 0.0019, 0.0001, 0.0019, 0.0001, 0.0019, 0.0001, 0.0019,
        0.0001, 0.0019, 0.0001, 0.0019, 0.0001, 0.0019, 0.0001, 0.0019, 0.0001,
        0.0019, 0.0001, 0.0019, 0.0001, 0.0019, 0.0001, 0.0019, 0.0001, 0.0019,
        0.0001, 0.0019, 0.0001, 0.0019, 0.0001, 0.0019, 0.0001, 0.0019, 0.0001,
        0.0019, 0.0001, 0.0019, 0.0001, 0.0019, 0.0001, 0.0019, 0.0001, 0.0019,
        0.0001, 0.0019, 0.0001, 0.0019, 0.0001, 0.0019, 0.0001, 0.0019, 0.0001,
        0.0019, 0.0001, 0.0019, 0.0001, 0.0019, 0.0001, 0.0019, 0.0001, 0.0019,
        0.0001, 0.0019, 0.0001, 0.0019, 0.0001, 0.0019, 0.0001, 0.0019, 0.0001,
        0.0019, 0.0001, 0.0019, 0.0001, 0.0019, 0.0001, 0.0019, 0.0001, 0.0019,
        0.0001, 0.0019, 0.0001, 0.0019, 0.0001, 0.0019, 0.0001, 0.0019, 0.0001,
        0.0019, 0.0001, 0.0019, 0.0001, 0.0019, 0.0001, 0.0019, 0.0001, 0.0019,
        0.0001, 0.0019, 0.0001, 0.0019, 0.0001, 0.0019, 0.0001, 0.0019, 0.0001,
        0.0019, 0.0001, 0.0019, 0.0001, 0.0019, 0.0001, 0.0019, 0.0001, 0.0019,
        0.0001, 0.0019, 0.0001, 0.0019, 0.0001, 0.0019, 0.0001, 0.0019, 0.0001,
        0.0019, 0.0001, 0.0019, 0.0001, 0.0019, 0.0001, 0.0019, 0.0001, 0.0019,
        0.0001, 0.0019, 0.0001, 0.0019, 0.0001, 0.0019, 0.0001, 0.0019, 0.0001,
        0.0019, 0.0001, 0.0019, 0.0001, 0.0019, 0.0001, 0.0019, 0.0001, 0.0019,
        0.0001, 0.0019, 0.0001, 0.0019, 0.0001, 0.0019, 0.0001, 0.0019, 0.0001,
        0.0019, 0.0001, 0.0019, 0.0001, 0.0019, 0.0001, 0.0019, 0.0001, 0.0019,
        0.0001, 0.0019, 0.0001, 0.0019, 0.0001, 0.0019, 0.0001, 0.0019, 0.0001,
        0.0019, 0.0001, 0.0019, 0.0001, 0.0019, 0.0001, 0.0019, 0.0001, 0.0019,
        0.0001, 0.0019, 0.0001, 0.0019, 0.0001, 0.0019, 0.0001, 0.0019, 0.0001,
        0.0019, 0.0001, 0.0019, 0.0001, 0.0019, 0.0001, 0.0019, 0.0001, 0.0019,
        0.0001, 0.0019, 0.0001, 0.0019, 0.0001, 0.0019, 0.0001, 0.0019, 0.0001,
        0.0019, 0.0001, 0.0019, 0.0001, 0.0019, 0.0001, 0.0019, 0.0001, 0.0019,
        0.0001, 0.0019, 0.0001, 0.0019, 0.0001, 0.0019, 0.0001, 0.0019, 0.0001,
        0.0019, 0.0001, 0.0019, 0.0001, 0.0019, 0.0001, 0.0019, 0.0001, 0.0019,
        0.0001, 0.0019, 0.0001, 0.0019, 0.0001, 0.0019, 0.0001, 0.0019, 0.0001,
        0.0019, 0.0001, 0.0019, 0.0001, 0.0019, 0.0001, 0.0019, 0.0001, 0.0019,
        0.0001, 0.0019, 0.0001, 0.0019, 0.0001, 0.0019, 0.0001, 0.0019, 0.0001,
        0.0019, 0.0001, 0.0019, 0.0001, 0.0019, 0.0001, 0.0019, 0.0001, 0.0019,
        0.0001, 0.0019, 0.0001, 0.0019, 0.0001, 0.0019, 0.0001, 0.0019, 0.0001,
        0.0019, 0.0001, 0.0019, 0.0001, 0.0019, 0.0001, 0.0019, 0.0001, 0.0019,
        0.0001, 0.0019, 0.0001, 0.0019, 0.0001, 0.0019, 0.0001, 0.0019, 0.0001,
        0.0019, 0.0001, 0.0019, 0.0001, 0.0019, 0.0001, 0.0019, 0.0001, 0.0019,
        0.0001, 0.0019, 0.0001, 0.0019, 0.0001, 0.0019, 0.0001, 0.0019, 0.0001,
        0.0019, 0.0001, 0.0019, 0.0001, 0.0019, 0.0001, 0.0019, 0.0001, 0.0019,
        0.0001, 0.0019, 0.0001, 0.0019, 0.0001, 0.0019, 0.0001, 0.0019, 0.0001,
        0.0019, 0.0001, 0.0019, 0.0001, 0.0019, 0.0001, 0.0019, 0.0001, 0.0019,
        0.0001])
bitflipelltwo, alpha=1, sample size=290000
#########################################
tensor(0.0001, device='cuda:0')
(5801, 1000, 0.0009, 1, 290000, 'elltwo', 'bitflip', 0.0001220703125, 0.07500000298023224, 106.03745031356812, '2024-04-09 22:09:57')
pval: 0.07500000298023224 -- 5801th test, time elapsed 106.03745031356812 -- emperical power so far: 0.0
db insert success
tensor(0.0001, device='cuda:0')
(5802, 1000, 0.0009, 1, 290000, 'elltwo', 'bitflip', 0.0001220703125, 0.0010000000474974513, 102.54089760780334, '2024-04-09 22:11:51')
pval: 0.0010000000474974513 -- 5802th test, time elapsed 102.54089760780334 -- emperical power so far: 0.5
db insert success
tensor(-0.0004, device='cuda:0')
(5803, 1000, 0.0009, 1, 290000, 'elltwo', 'bitflip', -0.000396728515625, 0.014000000432133675, 102.68914151191711, '2024-04-09 22:13:47')
pval: 0.014000000432133675 -- 5803th test, time elapsed 102.68914151191711 -- emperical power so far: 0.6666666666666666
db insert success
tensor(0.0002, device='cuda:0')
(5804, 1000, 0.0009, 1, 290000, 'elltwo', 'bitflip', 0.000152587890625, 0.0010000000474974513, 102.57002401351929, '2024-04-09 22:15:44')
pval: 0.0010000000474974513 -- 5804th test, time elapsed 102.57002401351929 -- emperical power so far: 0.75
db insert success
tensor(0.0002, device='cuda:0')
(5805, 1000, 0.0009, 1, 290000, 'elltwo', 'bitflip', 0.000152587890625, 0.0010000000474974513, 102.74914455413818, '2024-04-09 22:17:38')
pval: 0.0010000000474974513 -- 5805th test, time elapsed 102.74914455413818 -- emperical power so far: 0.8
db insert success
tensor(0.0007, device='cuda:0')
(5806, 1000, 0.0009, 1, 290000, 'elltwo', 'bitflip', 0.00067138671875, 0.007000000216066837, 102.96238589286804, '2024-04-09 22:19:35')
pval: 0.007000000216066837 -- 5806th test, time elapsed 102.96238589286804 -- emperical power so far: 0.8333333333333334
db insert success
tensor(0.0002, device='cuda:0')
(5807, 1000, 0.0009, 1, 290000, 'elltwo', 'bitflip', 0.000152587890625, 0.0010000000474974513, 102.59427690505981, '2024-04-09 22:21:37')
pval: 0.0010000000474974513 -- 5807th test, time elapsed 102.59427690505981 -- emperical power so far: 0.8571428571428571
db insert success
tensor(-0.0004, device='cuda:0')
(5808, 1000, 0.0009, 1, 290000, 'elltwo', 'bitflip', -0.000396728515625, 0.07400000095367432, 102.81624269485474, '2024-04-09 22:23:21')
pval: 0.07400000095367432 -- 5808th test, time elapsed 102.81624269485474 -- emperical power so far: 0.75
db insert success
tensor(0.0007, device='cuda:0')
(5809, 1000, 0.0009, 1, 290000, 'elltwo', 'bitflip', 0.00067138671875, 0.0010000000474974513, 102.92463088035583, '2024-04-09 22:25:18')
pval: 0.0010000000474974513 -- 5809th test, time elapsed 102.92463088035583 -- emperical power so far: 0.7777777777777778
db insert success
tensor(0.0001, device='cuda:0')
(5810, 1000, 0.0009, 1, 290000, 'elltwo', 'bitflip', 0.0001220703125, 0.10600000619888306, 102.77147626876831, '2024-04-09 22:27:02')
pval: 0.10600000619888306 -- 5810th test, time elapsed 102.77147626876831 -- emperical power so far: 0.7
db insert success
tensor(-0.0004, device='cuda:0')
(5811, 1000, 0.0009, 1, 290000, 'elltwo', 'bitflip', -0.00042724609375, 0.7250000238418579, 102.96470093727112, '2024-04-09 22:28:47')
pval: 0.7250000238418579 -- 5811th test, time elapsed 102.96470093727112 -- emperical power so far: 0.6363636363636364
db insert success
tensor(0.0007, device='cuda:0')
(5812, 1000, 0.0009, 1, 290000, 'elltwo', 'bitflip', 0.00067138671875, 0.009000000543892384, 103.13242864608765, '2024-04-09 22:30:32')
pval: 0.009000000543892384 -- 5812th test, time elapsed 103.13242864608765 -- emperical power so far: 0.6666666666666666
db insert success
tensor(-0.0004, device='cuda:0')
(5813, 1000, 0.0009, 1, 290000, 'elltwo', 'bitflip', -0.000396728515625, 0.014000000432133675, 103.17194104194641, '2024-04-09 22:32:28')
pval: 0.014000000432133675 -- 5813th test, time elapsed 103.17194104194641 -- emperical power so far: 0.6923076923076923
db insert success
tensor(0.0001, device='cuda:0')
(5814, 1000, 0.0009, 1, 290000, 'elltwo', 'bitflip', 0.0001220703125, 0.0860000029206276, 102.81136536598206, '2024-04-09 22:34:15')
pval: 0.0860000029206276 -- 5814th test, time elapsed 102.81136536598206 -- emperical power so far: 0.6428571428571429
db insert success
tensor(-0.0004, device='cuda:0')
(5815, 1000, 0.0009, 1, 290000, 'elltwo', 'bitflip', -0.000396728515625, 0.0010000000474974513, 102.61500644683838, '2024-04-09 22:36:06')
pval: 0.0010000000474974513 -- 5815th test, time elapsed 102.61500644683838 -- emperical power so far: 0.6666666666666666
db insert success
tensor(9.1553e-05, device='cuda:0')
(5816, 1000, 0.0009, 1, 290000, 'elltwo', 'bitflip', 9.1552734375e-05, 0.5770000219345093, 102.86814832687378, '2024-04-09 22:38:03')
pval: 0.5770000219345093 -- 5816th test, time elapsed 102.86814832687378 -- emperical power so far: 0.625
db insert success
tensor(0.0002, device='cuda:0')
(5817, 1000, 0.0009, 1, 290000, 'elltwo', 'bitflip', 0.000152587890625, 0.021000001579523087, 102.932284116745, '2024-04-09 22:39:47')
pval: 0.021000001579523087 -- 5817th test, time elapsed 102.932284116745 -- emperical power so far: 0.6470588235294118
db insert success
tensor(0.0001, device='cuda:0')
(5818, 1000, 0.0009, 1, 290000, 'elltwo', 'bitflip', 0.0001220703125, 0.0010000000474974513, 102.9387001991272, '2024-04-09 22:41:38')
pval: 0.0010000000474974513 -- 5818th test, time elapsed 102.9387001991272 -- emperical power so far: 0.6666666666666666
db insert success
tensor(-0.0004, device='cuda:0')
(5819, 1000, 0.0009, 1, 290000, 'elltwo', 'bitflip', -0.000396728515625, 0.00800000037997961, 102.75246620178223, '2024-04-09 22:43:33')
pval: 0.00800000037997961 -- 5819th test, time elapsed 102.75246620178223 -- emperical power so far: 0.6842105263157895
db insert success
tensor(-0.0004, device='cuda:0')
(5820, 1000, 0.0009, 1, 290000, 'elltwo', 'bitflip', -0.000396728515625, 0.0010000000474974513, 103.18171763420105, '2024-04-09 22:45:28')
pval: 0.0010000000474974513 -- 5820th test, time elapsed 103.18171763420105 -- emperical power so far: 0.7
db insert success
tensor(0.0007, device='cuda:0')
(5821, 1000, 0.0009, 1, 290000, 'elltwo', 'bitflip', 0.00067138671875, 0.03100000135600567, 102.96231770515442, '2024-04-09 22:47:31')
pval: 0.03100000135600567 -- 5821th test, time elapsed 102.96231770515442 -- emperical power so far: 0.7142857142857143
db insert success
tensor(-0.0004, device='cuda:0')
(5822, 1000, 0.0009, 1, 290000, 'elltwo', 'bitflip', -0.00042724609375, 0.9550000429153442, 102.98959183692932, '2024-04-09 22:49:18')
pval: 0.9550000429153442 -- 5822th test, time elapsed 102.98959183692932 -- emperical power so far: 0.6818181818181818
db insert success
tensor(-0.0004, device='cuda:0')
(5823, 1000, 0.0009, 1, 290000, 'elltwo', 'bitflip', -0.00042724609375, 0.15400001406669617, 102.95542120933533, '2024-04-09 22:51:02')
pval: 0.15400001406669617 -- 5823th test, time elapsed 102.95542120933533 -- emperical power so far: 0.6521739130434783
db insert success
tensor(0.0001, device='cuda:0')
(5824, 1000, 0.0009, 1, 290000, 'elltwo', 'bitflip', 0.0001220703125, 0.01900000125169754, 102.79457211494446, '2024-04-09 22:52:55')
pval: 0.01900000125169754 -- 5824th test, time elapsed 102.79457211494446 -- emperical power so far: 0.6666666666666666
db insert success
tensor(0.0002, device='cuda:0')
(5825, 1000, 0.0009, 1, 290000, 'elltwo', 'bitflip', 0.000152587890625, 0.0010000000474974513, 102.97437119483948, '2024-04-09 22:54:53')
pval: 0.0010000000474974513 -- 5825th test, time elapsed 102.97437119483948 -- emperical power so far: 0.68
db insert success
tensor(0.0002, device='cuda:0')
(5826, 1000, 0.0009, 1, 290000, 'elltwo', 'bitflip', 0.00018310546875, 0.02200000174343586, 102.95515298843384, '2024-04-09 22:56:47')
pval: 0.02200000174343586 -- 5826th test, time elapsed 102.95515298843384 -- emperical power so far: 0.6923076923076923
db insert success
tensor(-0.0004, device='cuda:0')
(5827, 1000, 0.0009, 1, 290000, 'elltwo', 'bitflip', -0.000396728515625, 0.0650000050663948, 103.03412437438965, '2024-04-09 22:58:43')
pval: 0.0650000050663948 -- 5827th test, time elapsed 103.03412437438965 -- emperical power so far: 0.6666666666666666
db insert success
tensor(0.0006, device='cuda:0')
(5828, 1000, 0.0009, 1, 290000, 'elltwo', 'bitflip', 0.000640869140625, 0.05000000074505806, 103.26043105125427, '2024-04-09 23:00:39')
pval: 0.05000000074505806 -- 5828th test, time elapsed 103.26043105125427 -- emperical power so far: 0.6428571428571429
db insert success
tensor(0.0001, device='cuda:0')
(5829, 1000, 0.0009, 1, 290000, 'elltwo', 'bitflip', 0.0001220703125, 0.026000000536441803, 102.79718494415283, '2024-04-09 23:02:41')
pval: 0.026000000536441803 -- 5829th test, time elapsed 102.79718494415283 -- emperical power so far: 0.6551724137931034
db insert success
tensor(-0.0004, device='cuda:0')
(5830, 1000, 0.0009, 1, 290000, 'elltwo', 'bitflip', -0.00042724609375, 0.5420000553131104, 102.48257327079773, '2024-04-09 23:04:41')
pval: 0.5420000553131104 -- 5830th test, time elapsed 102.48257327079773 -- emperical power so far: 0.6333333333333333
db insert success
tensor(-0.0004, device='cuda:0')
(5831, 1000, 0.0009, 1, 290000, 'elltwo', 'bitflip', -0.00042724609375, 0.367000013589859, 102.6612241268158, '2024-04-09 23:06:25')
pval: 0.367000013589859 -- 5831th test, time elapsed 102.6612241268158 -- emperical power so far: 0.6129032258064516
db insert success
tensor(-0.0010, device='cuda:0')
(5832, 1000, 0.0009, 1, 290000, 'elltwo', 'bitflip', -0.0009765625, 0.581000030040741, 102.83522439002991, '2024-04-09 23:08:22')
pval: 0.581000030040741 -- 5832th test, time elapsed 102.83522439002991 -- emperical power so far: 0.59375
db insert success
tensor(-0.0004, device='cuda:0')
(5833, 1000, 0.0009, 1, 290000, 'elltwo', 'bitflip', -0.00042724609375, 0.4690000116825104, 102.88764595985413, '2024-04-09 23:10:20')
pval: 0.4690000116825104 -- 5833th test, time elapsed 102.88764595985413 -- emperical power so far: 0.5757575757575758
db insert success
tensor(-0.0004, device='cuda:0')
(5834, 1000, 0.0009, 1, 290000, 'elltwo', 'bitflip', -0.00042724609375, 0.2070000171661377, 102.81196808815002, '2024-04-09 23:12:22')
pval: 0.2070000171661377 -- 5834th test, time elapsed 102.81196808815002 -- emperical power so far: 0.5588235294117647
db insert success
tensor(-0.0004, device='cuda:0')
(5835, 1000, 0.0009, 1, 290000, 'elltwo', 'bitflip', -0.000396728515625, 0.10600000619888306, 103.10577511787415, '2024-04-09 23:14:09')
pval: 0.10600000619888306 -- 5835th test, time elapsed 103.10577511787415 -- emperical power so far: 0.5428571428571428
db insert success
tensor(0.0001, device='cuda:0')
(5836, 1000, 0.0009, 1, 290000, 'elltwo', 'bitflip', 0.0001220703125, 0.22800001502037048, 102.76524376869202, '2024-04-09 23:15:55')
pval: 0.22800001502037048 -- 5836th test, time elapsed 102.76524376869202 -- emperical power so far: 0.5277777777777778
db insert success
tensor(0.0001, device='cuda:0')
(5837, 1000, 0.0009, 1, 290000, 'elltwo', 'bitflip', 0.0001220703125, 0.010000000707805157, 102.68808007240295, '2024-04-09 23:17:53')
pval: 0.010000000707805157 -- 5837th test, time elapsed 102.68808007240295 -- emperical power so far: 0.5405405405405406
db insert success
tensor(0.0001, device='cuda:0')
(5838, 1000, 0.0009, 1, 290000, 'elltwo', 'bitflip', 0.0001220703125, 0.013000000268220901, 102.74738311767578, '2024-04-09 23:19:54')
pval: 0.013000000268220901 -- 5838th test, time elapsed 102.74738311767578 -- emperical power so far: 0.5526315789473685
db insert success
tensor(-0.0004, device='cuda:0')
(5839, 1000, 0.0009, 1, 290000, 'elltwo', 'bitflip', -0.000396728515625, 0.0010000000474974513, 102.71852254867554, '2024-04-09 23:21:52')
pval: 0.0010000000474974513 -- 5839th test, time elapsed 102.71852254867554 -- emperical power so far: 0.5641025641025641
db insert success
tensor(0.0002, device='cuda:0')
(5840, 1000, 0.0009, 1, 290000, 'elltwo', 'bitflip', 0.000152587890625, 0.03400000184774399, 102.81558561325073, '2024-04-09 23:23:46')
pval: 0.03400000184774399 -- 5840th test, time elapsed 102.81558561325073 -- emperical power so far: 0.575
db insert success
tensor(-0.0004, device='cuda:0')
(5841, 1000, 0.0009, 1, 290000, 'elltwo', 'bitflip', -0.00042724609375, 0.44700002670288086, 102.97719669342041, '2024-04-09 23:25:31')
pval: 0.44700002670288086 -- 5841th test, time elapsed 102.97719669342041 -- emperical power so far: 0.5609756097560976
db insert success
tensor(0.0001, device='cuda:0')
(5842, 1000, 0.0009, 1, 290000, 'elltwo', 'bitflip', 0.0001220703125, 0.02200000174343586, 102.86645436286926, '2024-04-09 23:27:20')
pval: 0.02200000174343586 -- 5842th test, time elapsed 102.86645436286926 -- emperical power so far: 0.5714285714285714
db insert success
tensor(0.0001, device='cuda:0')
(5843, 1000, 0.0009, 1, 290000, 'elltwo', 'bitflip', 0.0001220703125, 0.20200000703334808, 102.86333799362183, '2024-04-09 23:29:21')
pval: 0.20200000703334808 -- 5843th test, time elapsed 102.86333799362183 -- emperical power so far: 0.5581395348837209
db insert success
tensor(0.0001, device='cuda:0')
(5844, 1000, 0.0009, 1, 290000, 'elltwo', 'bitflip', 0.0001220703125, 0.004000000189989805, 102.64887976646423, '2024-04-09 23:31:07')
pval: 0.004000000189989805 -- 5844th test, time elapsed 102.64887976646423 -- emperical power so far: 0.5681818181818182
db insert success
tensor(0.0002, device='cuda:0')
(5845, 1000, 0.0009, 1, 290000, 'elltwo', 'bitflip', 0.000152587890625, 0.006000000052154064, 102.88710951805115, '2024-04-09 23:33:09')
pval: 0.006000000052154064 -- 5845th test, time elapsed 102.88710951805115 -- emperical power so far: 0.5777777777777777
db insert success
tensor(-0.0004, device='cuda:0')
(5846, 1000, 0.0009, 1, 290000, 'elltwo', 'bitflip', -0.00042724609375, 0.11500000208616257, 102.6089358329773, '2024-04-09 23:35:08')
pval: 0.11500000208616257 -- 5846th test, time elapsed 102.6089358329773 -- emperical power so far: 0.5652173913043478
db insert success
tensor(0.0007, device='cuda:0')
(5847, 1000, 0.0009, 1, 290000, 'elltwo', 'bitflip', 0.000701904296875, 0.0010000000474974513, 102.78869438171387, '2024-04-09 23:36:56')
pval: 0.0010000000474974513 -- 5847th test, time elapsed 102.78869438171387 -- emperical power so far: 0.574468085106383
db insert success
tensor(0.0001, device='cuda:0')
(5848, 1000, 0.0009, 1, 290000, 'elltwo', 'bitflip', 0.0001220703125, 0.4190000295639038, 102.63836336135864, '2024-04-09 23:38:41')
pval: 0.4190000295639038 -- 5848th test, time elapsed 102.63836336135864 -- emperical power so far: 0.5625
db insert success
tensor(0.0001, device='cuda:0')
(5849, 1000, 0.0009, 1, 290000, 'elltwo', 'bitflip', 0.0001220703125, 0.07900000363588333, 102.81358027458191, '2024-04-09 23:40:30')
pval: 0.07900000363588333 -- 5849th test, time elapsed 102.81358027458191 -- emperical power so far: 0.5510204081632653
db insert success
tensor(-0.0004, device='cuda:0')
(5850, 1000, 0.0009, 1, 290000, 'elltwo', 'bitflip', -0.00042724609375, 0.11600000411272049, 102.76497340202332, '2024-04-09 23:42:15')
pval: 0.11600000411272049 -- 5850th test, time elapsed 102.76497340202332 -- emperical power so far: 0.54
db insert success
tensor(0.0007, device='cuda:0')
(5851, 1000, 0.0009, 1, 290000, 'elltwo', 'bitflip', 0.00067138671875, 0.0010000000474974513, 102.81113862991333, '2024-04-09 23:44:09')
pval: 0.0010000000474974513 -- 5851th test, time elapsed 102.81113862991333 -- emperical power so far: 0.5490196078431373
db insert success
tensor(0.0001, device='cuda:0')
(5852, 1000, 0.0009, 1, 290000, 'elltwo', 'bitflip', 0.0001220703125, 0.013000000268220901, 102.44436025619507, '2024-04-09 23:46:07')
pval: 0.013000000268220901 -- 5852th test, time elapsed 102.44436025619507 -- emperical power so far: 0.5576923076923077
db insert success
tensor(-0.0004, device='cuda:0')
(5853, 1000, 0.0009, 1, 290000, 'elltwo', 'bitflip', -0.000396728515625, 0.203000009059906, 102.56383299827576, '2024-04-09 23:47:53')
pval: 0.203000009059906 -- 5853th test, time elapsed 102.56383299827576 -- emperical power so far: 0.5471698113207547
db insert success
tensor(0.0002, device='cuda:0')
(5854, 1000, 0.0009, 1, 290000, 'elltwo', 'bitflip', 0.000152587890625, 0.026000000536441803, 102.84127497673035, '2024-04-09 23:49:44')
pval: 0.026000000536441803 -- 5854th test, time elapsed 102.84127497673035 -- emperical power so far: 0.5555555555555556
db insert success
tensor(-0.0004, device='cuda:0')
(5855, 1000, 0.0009, 1, 290000, 'elltwo', 'bitflip', -0.000396728515625, 0.30000001192092896, 102.83306121826172, '2024-04-09 23:51:33')
pval: 0.30000001192092896 -- 5855th test, time elapsed 102.83306121826172 -- emperical power so far: 0.5454545454545454
db insert success
tensor(-0.0004, device='cuda:0')
(5856, 1000, 0.0009, 1, 290000, 'elltwo', 'bitflip', -0.0003662109375, 0.003000000026077032, 102.91874575614929, '2024-04-09 23:53:20')
pval: 0.003000000026077032 -- 5856th test, time elapsed 102.91874575614929 -- emperical power so far: 0.5535714285714286
db insert success
tensor(0.0001, device='cuda:0')
(5857, 1000, 0.0009, 1, 290000, 'elltwo', 'bitflip', 0.0001220703125, 0.01900000125169754, 102.5897228717804, '2024-04-09 23:55:08')
pval: 0.01900000125169754 -- 5857th test, time elapsed 102.5897228717804 -- emperical power so far: 0.5614035087719298
db insert success
tensor(0.0002, device='cuda:0')
(5858, 1000, 0.0009, 1, 290000, 'elltwo', 'bitflip', 0.000152587890625, 0.0020000000949949026, 102.58168125152588, '2024-04-09 23:57:01')
pval: 0.0020000000949949026 -- 5858th test, time elapsed 102.58168125152588 -- emperical power so far: 0.5689655172413793
db insert success
tensor(-0.0004, device='cuda:0')
(5859, 1000, 0.0009, 1, 290000, 'elltwo', 'bitflip', -0.000396728515625, 0.6080000400543213, 103.00163221359253, '2024-04-09 23:58:46')
pval: 0.6080000400543213 -- 5859th test, time elapsed 103.00163221359253 -- emperical power so far: 0.559322033898305
db insert success
tensor(-0.0004, device='cuda:0')
(5860, 1000, 0.0009, 1, 290000, 'elltwo', 'bitflip', -0.00042724609375, 0.35200002789497375, 102.73706102371216, '2024-04-10 00:00:49')
pval: 0.35200002789497375 -- 5860th test, time elapsed 102.73706102371216 -- emperical power so far: 0.55
db insert success
tensor(-0.0004, device='cuda:0')
(5861, 1000, 0.0009, 1, 290000, 'elltwo', 'bitflip', -0.00042724609375, 0.026000000536441803, 103.06053280830383, '2024-04-10 00:02:34')
pval: 0.026000000536441803 -- 5861th test, time elapsed 103.06053280830383 -- emperical power so far: 0.5573770491803278
db insert success
tensor(0.0002, device='cuda:0')
(5862, 1000, 0.0009, 1, 290000, 'elltwo', 'bitflip', 0.000152587890625, 0.0010000000474974513, 102.65513300895691, '2024-04-10 00:04:22')
pval: 0.0010000000474974513 -- 5862th test, time elapsed 102.65513300895691 -- emperical power so far: 0.5645161290322581
db insert success
tensor(0.0001, device='cuda:0')
(5863, 1000, 0.0009, 1, 290000, 'elltwo', 'bitflip', 0.0001220703125, 0.0860000029206276, 102.9232132434845, '2024-04-10 00:06:20')
pval: 0.0860000029206276 -- 5863th test, time elapsed 102.9232132434845 -- emperical power so far: 0.5555555555555556
db insert success
tensor(-0.0004, device='cuda:0')
(5864, 1000, 0.0009, 1, 290000, 'elltwo', 'bitflip', -0.00042724609375, 0.328000009059906, 102.66307759284973, '2024-04-10 00:08:17')
pval: 0.328000009059906 -- 5864th test, time elapsed 102.66307759284973 -- emperical power so far: 0.546875
db insert success
tensor(0.0001, device='cuda:0')
(5865, 1000, 0.0009, 1, 290000, 'elltwo', 'bitflip', 0.0001220703125, 0.0010000000474974513, 102.87852764129639, '2024-04-10 00:10:14')
pval: 0.0010000000474974513 -- 5865th test, time elapsed 102.87852764129639 -- emperical power so far: 0.5538461538461539
db insert success
tensor(-0.0004, device='cuda:0')
(5866, 1000, 0.0009, 1, 290000, 'elltwo', 'bitflip', -0.000396728515625, 0.0010000000474974513, 102.9648506641388, '2024-04-10 00:12:15')
pval: 0.0010000000474974513 -- 5866th test, time elapsed 102.9648506641388 -- emperical power so far: 0.5606060606060606
db insert success
tensor(0.0007, device='cuda:0')
(5867, 1000, 0.0009, 1, 290000, 'elltwo', 'bitflip', 0.000701904296875, 0.0010000000474974513, 102.68631529808044, '2024-04-10 00:14:18')
pval: 0.0010000000474974513 -- 5867th test, time elapsed 102.68631529808044 -- emperical power so far: 0.5671641791044776
db insert success
tensor(-0.0004, device='cuda:0')
(5868, 1000, 0.0009, 1, 290000, 'elltwo', 'bitflip', -0.00042724609375, 0.7600000500679016, 102.92307233810425, '2024-04-10 00:16:19')
pval: 0.7600000500679016 -- 5868th test, time elapsed 102.92307233810425 -- emperical power so far: 0.5588235294117647
db insert success
tensor(0.0007, device='cuda:0')
(5869, 1000, 0.0009, 1, 290000, 'elltwo', 'bitflip', 0.000701904296875, 0.0010000000474974513, 102.94989442825317, '2024-04-10 00:18:19')
pval: 0.0010000000474974513 -- 5869th test, time elapsed 102.94989442825317 -- emperical power so far: 0.5652173913043478
db insert success
tensor(0.0002, device='cuda:0')
(5870, 1000, 0.0009, 1, 290000, 'elltwo', 'bitflip', 0.000152587890625, 0.003000000026077032, 103.3276572227478, '2024-04-10 00:20:04')
pval: 0.003000000026077032 -- 5870th test, time elapsed 103.3276572227478 -- emperical power so far: 0.5714285714285714
db insert success
tensor(0.0002, device='cuda:0')
(5871, 1000, 0.0009, 1, 290000, 'elltwo', 'bitflip', 0.00018310546875, 0.0010000000474974513, 102.78530955314636, '2024-04-10 00:22:03')
pval: 0.0010000000474974513 -- 5871th test, time elapsed 102.78530955314636 -- emperical power so far: 0.5774647887323944
db insert success
tensor(0.0002, device='cuda:0')
(5872, 1000, 0.0009, 1, 290000, 'elltwo', 'bitflip', 0.000152587890625, 0.004000000189989805, 102.82579636573792, '2024-04-10 00:23:54')
pval: 0.004000000189989805 -- 5872th test, time elapsed 102.82579636573792 -- emperical power so far: 0.5833333333333334
db insert success
tensor(0.0001, device='cuda:0')
(5873, 1000, 0.0009, 1, 290000, 'elltwo', 'bitflip', 0.0001220703125, 0.0010000000474974513, 102.84666204452515, '2024-04-10 00:25:47')
pval: 0.0010000000474974513 -- 5873th test, time elapsed 102.84666204452515 -- emperical power so far: 0.589041095890411
db insert success
tensor(-0.0004, device='cuda:0')
(5874, 1000, 0.0009, 1, 290000, 'elltwo', 'bitflip', -0.00042724609375, 0.15400001406669617, 102.78027582168579, '2024-04-10 00:27:39')
pval: 0.15400001406669617 -- 5874th test, time elapsed 102.78027582168579 -- emperical power so far: 0.581081081081081
db insert success
tensor(-0.0004, device='cuda:0')
(5875, 1000, 0.0009, 1, 290000, 'elltwo', 'bitflip', -0.00042724609375, 0.1680000126361847, 102.86497473716736, '2024-04-10 00:29:36')
pval: 0.1680000126361847 -- 5875th test, time elapsed 102.86497473716736 -- emperical power so far: 0.5733333333333334
db insert success
tensor(-0.0004, device='cuda:0')
(5876, 1000, 0.0009, 1, 290000, 'elltwo', 'bitflip', -0.00042724609375, 0.5990000367164612, 102.75161647796631, '2024-04-10 00:31:31')
pval: 0.5990000367164612 -- 5876th test, time elapsed 102.75161647796631 -- emperical power so far: 0.5657894736842105
db insert success
tensor(-0.0004, device='cuda:0')
(5877, 1000, 0.0009, 1, 290000, 'elltwo', 'bitflip', -0.00042724609375, 0.2930000126361847, 102.71036720275879, '2024-04-10 00:33:22')
pval: 0.2930000126361847 -- 5877th test, time elapsed 102.71036720275879 -- emperical power so far: 0.5584415584415584
db insert success
tensor(0.0002, device='cuda:0')
(5878, 1000, 0.0009, 1, 290000, 'elltwo', 'bitflip', 0.000152587890625, 0.0010000000474974513, 102.6018705368042, '2024-04-10 00:35:14')
pval: 0.0010000000474974513 -- 5878th test, time elapsed 102.6018705368042 -- emperical power so far: 0.5641025641025641
db insert success
tensor(0.0001, device='cuda:0')
(5879, 1000, 0.0009, 1, 290000, 'elltwo', 'bitflip', 0.0001220703125, 0.07900000363588333, 102.7725031375885, '2024-04-10 00:37:01')
pval: 0.07900000363588333 -- 5879th test, time elapsed 102.7725031375885 -- emperical power so far: 0.5569620253164557
db insert success
tensor(-0.0004, device='cuda:0')
(5880, 1000, 0.0009, 1, 290000, 'elltwo', 'bitflip', -0.000396728515625, 0.30300000309944153, 102.68382668495178, '2024-04-10 00:39:03')
pval: 0.30300000309944153 -- 5880th test, time elapsed 102.68382668495178 -- emperical power so far: 0.55
db insert success
tensor(0.0002, device='cuda:0')
(5881, 1000, 0.0009, 1, 290000, 'elltwo', 'bitflip', 0.000152587890625, 0.0020000000949949026, 102.80531930923462, '2024-04-10 00:41:01')
pval: 0.0020000000949949026 -- 5881th test, time elapsed 102.80531930923462 -- emperical power so far: 0.5555555555555556
db insert success
tensor(0.0002, device='cuda:0')
(5882, 1000, 0.0009, 1, 290000, 'elltwo', 'bitflip', 0.000152587890625, 0.02800000086426735, 102.74231719970703, '2024-04-10 00:43:02')
pval: 0.02800000086426735 -- 5882th test, time elapsed 102.74231719970703 -- emperical power so far: 0.5609756097560976
db insert success
tensor(-0.0005, device='cuda:0')
(5883, 1000, 0.0009, 1, 290000, 'elltwo', 'bitflip', -0.000457763671875, 0.5550000071525574, 103.0045850276947, '2024-04-10 00:44:56')
pval: 0.5550000071525574 -- 5883th test, time elapsed 103.0045850276947 -- emperical power so far: 0.5542168674698795
db insert success
tensor(-0.0004, device='cuda:0')
(5884, 1000, 0.0009, 1, 290000, 'elltwo', 'bitflip', -0.000396728515625, 0.125, 102.76503944396973, '2024-04-10 00:46:57')
pval: 0.125 -- 5884th test, time elapsed 102.76503944396973 -- emperical power so far: 0.5476190476190477
db insert success
tensor(-0.0009, device='cuda:0')
(5885, 1000, 0.0009, 1, 290000, 'elltwo', 'bitflip', -0.000946044921875, 0.8950000405311584, 103.1323778629303, '2024-04-10 00:48:59')
pval: 0.8950000405311584 -- 5885th test, time elapsed 103.1323778629303 -- emperical power so far: 0.5411764705882353
db insert success
tensor(0.0002, device='cuda:0')
(5886, 1000, 0.0009, 1, 290000, 'elltwo', 'bitflip', 0.000152587890625, 0.0010000000474974513, 102.5698447227478, '2024-04-10 00:50:51')
pval: 0.0010000000474974513 -- 5886th test, time elapsed 102.5698447227478 -- emperical power so far: 0.5465116279069767
db insert success
tensor(0.0001, device='cuda:0')
(5887, 1000, 0.0009, 1, 290000, 'elltwo', 'bitflip', 0.0001220703125, 0.0010000000474974513, 102.75562500953674, '2024-04-10 00:52:43')
pval: 0.0010000000474974513 -- 5887th test, time elapsed 102.75562500953674 -- emperical power so far: 0.5517241379310345
db insert success
tensor(0.0002, device='cuda:0')
(5888, 1000, 0.0009, 1, 290000, 'elltwo', 'bitflip', 0.000152587890625, 0.0010000000474974513, 102.55642294883728, '2024-04-10 00:54:39')
pval: 0.0010000000474974513 -- 5888th test, time elapsed 102.55642294883728 -- emperical power so far: 0.5568181818181818
db insert success
tensor(-0.0004, device='cuda:0')
(5889, 1000, 0.0009, 1, 290000, 'elltwo', 'bitflip', -0.000396728515625, 0.024000000208616257, 102.91669344902039, '2024-04-10 00:56:27')
pval: 0.024000000208616257 -- 5889th test, time elapsed 102.91669344902039 -- emperical power so far: 0.5617977528089888
db insert success
tensor(0.0002, device='cuda:0')
(5890, 1000, 0.0009, 1, 290000, 'elltwo', 'bitflip', 0.000152587890625, 0.003000000026077032, 102.58513689041138, '2024-04-10 00:58:19')
pval: 0.003000000026077032 -- 5890th test, time elapsed 102.58513689041138 -- emperical power so far: 0.5666666666666667
db insert success
tensor(0.0001, device='cuda:0')
(5891, 1000, 0.0009, 1, 290000, 'elltwo', 'bitflip', 0.0001220703125, 0.0430000014603138, 102.79516625404358, '2024-04-10 01:00:18')
pval: 0.0430000014603138 -- 5891th test, time elapsed 102.79516625404358 -- emperical power so far: 0.5714285714285714
db insert success
tensor(0.0001, device='cuda:0')
(5892, 1000, 0.0009, 1, 290000, 'elltwo', 'bitflip', 0.0001220703125, 0.09800000488758087, 102.86753749847412, '2024-04-10 01:02:07')
pval: 0.09800000488758087 -- 5892th test, time elapsed 102.86753749847412 -- emperical power so far: 0.5652173913043478
db insert success
tensor(0.0002, device='cuda:0')
(5893, 1000, 0.0009, 1, 290000, 'elltwo', 'bitflip', 0.00018310546875, 0.0010000000474974513, 102.92000269889832, '2024-04-10 01:03:52')
pval: 0.0010000000474974513 -- 5893th test, time elapsed 102.92000269889832 -- emperical power so far: 0.5698924731182796
db insert success
tensor(-0.0004, device='cuda:0')
(5894, 1000, 0.0009, 1, 290000, 'elltwo', 'bitflip', -0.00042724609375, 0.1980000138282776, 102.85801792144775, '2024-04-10 01:05:38')
pval: 0.1980000138282776 -- 5894th test, time elapsed 102.85801792144775 -- emperical power so far: 0.5638297872340425
db insert success
tensor(-0.0004, device='cuda:0')
(5895, 1000, 0.0009, 1, 290000, 'elltwo', 'bitflip', -0.000396728515625, 0.10300000756978989, 102.73880124092102, '2024-04-10 01:07:37')
pval: 0.10300000756978989 -- 5895th test, time elapsed 102.73880124092102 -- emperical power so far: 0.5578947368421052
db insert success
tensor(0.0007, device='cuda:0')
(5896, 1000, 0.0009, 1, 290000, 'elltwo', 'bitflip', 0.00067138671875, 0.03400000184774399, 102.8796272277832, '2024-04-10 01:09:38')
pval: 0.03400000184774399 -- 5896th test, time elapsed 102.8796272277832 -- emperical power so far: 0.5625
db insert success
tensor(0.0002, device='cuda:0')
(5897, 1000, 0.0009, 1, 290000, 'elltwo', 'bitflip', 0.000152587890625, 0.13500000536441803, 103.0136821269989, '2024-04-10 01:11:38')
pval: 0.13500000536441803 -- 5897th test, time elapsed 103.0136821269989 -- emperical power so far: 0.5567010309278351
db insert success
tensor(-0.0004, device='cuda:0')
(5898, 1000, 0.0009, 1, 290000, 'elltwo', 'bitflip', -0.00042724609375, 0.049000002443790436, 102.76094818115234, '2024-04-10 01:13:32')
pval: 0.049000002443790436 -- 5898th test, time elapsed 102.76094818115234 -- emperical power so far: 0.5612244897959183
db insert success
tensor(-0.0004, device='cuda:0')
(5899, 1000, 0.0009, 1, 290000, 'elltwo', 'bitflip', -0.000396728515625, 0.0010000000474974513, 102.68215322494507, '2024-04-10 01:15:32')
pval: 0.0010000000474974513 -- 5899th test, time elapsed 102.68215322494507 -- emperical power so far: 0.5656565656565656
db insert success
tensor(-0.0004, device='cuda:0')
(5900, 1000, 0.0009, 1, 290000, 'elltwo', 'bitflip', -0.000396728515625, 0.024000000208616257, 102.98571515083313, '2024-04-10 01:17:31')
pval: 0.024000000208616257 -- 5900th test, time elapsed 102.98571515083313 -- emperical power so far: 0.57
db insert success
tensor(0.0001, device='cuda:0')
(5901, 1000, 0.0009, 1, 290000, 'elltwo', 'bitflip', 0.0001220703125, 0.02800000086426735, 102.82819128036499, '2024-04-10 01:19:24')
pval: 0.02800000086426735 -- 5901th test, time elapsed 102.82819128036499 -- emperical power so far: 0.5742574257425742
db insert success
tensor(-0.0004, device='cuda:0')
(5902, 1000, 0.0009, 1, 290000, 'elltwo', 'bitflip', -0.000396728515625, 0.31700000166893005, 103.15703535079956, '2024-04-10 01:21:19')
pval: 0.31700000166893005 -- 5902th test, time elapsed 103.15703535079956 -- emperical power so far: 0.5686274509803921
db insert success
tensor(0.0007, device='cuda:0')
(5903, 1000, 0.0009, 1, 290000, 'elltwo', 'bitflip', 0.00067138671875, 0.0010000000474974513, 102.62790107727051, '2024-04-10 01:23:04')
pval: 0.0010000000474974513 -- 5903th test, time elapsed 102.62790107727051 -- emperical power so far: 0.5728155339805825
db insert success
tensor(0.0007, device='cuda:0')
(5904, 1000, 0.0009, 1, 290000, 'elltwo', 'bitflip', 0.000701904296875, 0.0010000000474974513, 102.85367608070374, '2024-04-10 01:24:48')
pval: 0.0010000000474974513 -- 5904th test, time elapsed 102.85367608070374 -- emperical power so far: 0.5769230769230769
db insert success
tensor(0.0001, device='cuda:0')
(5905, 1000, 0.0009, 1, 290000, 'elltwo', 'bitflip', 0.0001220703125, 0.45000001788139343, 102.91437768936157, '2024-04-10 01:26:35')
pval: 0.45000001788139343 -- 5905th test, time elapsed 102.91437768936157 -- emperical power so far: 0.5714285714285714
db insert success
tensor(0.0002, device='cuda:0')
(5906, 1000, 0.0009, 1, 290000, 'elltwo', 'bitflip', 0.000152587890625, 0.11300000548362732, 102.75314807891846, '2024-04-10 01:28:26')
pval: 0.11300000548362732 -- 5906th test, time elapsed 102.75314807891846 -- emperical power so far: 0.5660377358490566
db insert success
tensor(-0.0004, device='cuda:0')
(5907, 1000, 0.0009, 1, 290000, 'elltwo', 'bitflip', -0.000396728515625, 0.0020000000949949026, 102.8855721950531, '2024-04-10 01:30:15')
pval: 0.0020000000949949026 -- 5907th test, time elapsed 102.8855721950531 -- emperical power so far: 0.5700934579439252
db insert success
tensor(-0.0004, device='cuda:0')
(5908, 1000, 0.0009, 1, 290000, 'elltwo', 'bitflip', -0.000396728515625, 0.0010000000474974513, 102.57782173156738, '2024-04-10 01:32:00')
pval: 0.0010000000474974513 -- 5908th test, time elapsed 102.57782173156738 -- emperical power so far: 0.5740740740740741
db insert success
tensor(0.0002, device='cuda:0')
(5909, 1000, 0.0009, 1, 290000, 'elltwo', 'bitflip', 0.000152587890625, 0.003000000026077032, 102.79828667640686, '2024-04-10 01:34:01')
pval: 0.003000000026077032 -- 5909th test, time elapsed 102.79828667640686 -- emperical power so far: 0.5779816513761468
db insert success
tensor(-0.0004, device='cuda:0')
(5910, 1000, 0.0009, 1, 290000, 'elltwo', 'bitflip', -0.000396728515625, 0.07400000095367432, 102.59708285331726, '2024-04-10 01:36:03')
pval: 0.07400000095367432 -- 5910th test, time elapsed 102.59708285331726 -- emperical power so far: 0.5727272727272728
db insert success
tensor(0.0001, device='cuda:0')
(5911, 1000, 0.0009, 1, 290000, 'elltwo', 'bitflip', 0.0001220703125, 0.16100001335144043, 102.73532247543335, '2024-04-10 01:38:02')
pval: 0.16100001335144043 -- 5911th test, time elapsed 102.73532247543335 -- emperical power so far: 0.5675675675675675
db insert success
tensor(0.0002, device='cuda:0')
(5912, 1000, 0.0009, 1, 290000, 'elltwo', 'bitflip', 0.000152587890625, 0.0010000000474974513, 102.81827402114868, '2024-04-10 01:39:59')
pval: 0.0010000000474974513 -- 5912th test, time elapsed 102.81827402114868 -- emperical power so far: 0.5714285714285714
db insert success
tensor(0.0002, device='cuda:0')
(5913, 1000, 0.0009, 1, 290000, 'elltwo', 'bitflip', 0.000152587890625, 0.0010000000474974513, 102.8242015838623, '2024-04-10 01:41:57')
pval: 0.0010000000474974513 -- 5913th test, time elapsed 102.8242015838623 -- emperical power so far: 0.5752212389380531
db insert success
tensor(-0.0004, device='cuda:0')
(5914, 1000, 0.0009, 1, 290000, 'elltwo', 'bitflip', -0.000396728515625, 0.18900001049041748, 102.90667533874512, '2024-04-10 01:43:52')
pval: 0.18900001049041748 -- 5914th test, time elapsed 102.90667533874512 -- emperical power so far: 0.5701754385964912
db insert success
tensor(-0.0004, device='cuda:0')
(5915, 1000, 0.0009, 1, 290000, 'elltwo', 'bitflip', -0.000396728515625, 0.036000002175569534, 102.77735900878906, '2024-04-10 01:45:49')
pval: 0.036000002175569534 -- 5915th test, time elapsed 102.77735900878906 -- emperical power so far: 0.5739130434782609
db insert success
tensor(-0.0004, device='cuda:0')
(5916, 1000, 0.0009, 1, 290000, 'elltwo', 'bitflip', -0.00042724609375, 0.4180000126361847, 102.94958162307739, '2024-04-10 01:47:43')
pval: 0.4180000126361847 -- 5916th test, time elapsed 102.94958162307739 -- emperical power so far: 0.5689655172413793
db insert success
tensor(0.0002, device='cuda:0')
(5917, 1000, 0.0009, 1, 290000, 'elltwo', 'bitflip', 0.000152587890625, 0.0010000000474974513, 102.91053414344788, '2024-04-10 01:49:45')
pval: 0.0010000000474974513 -- 5917th test, time elapsed 102.91053414344788 -- emperical power so far: 0.5726495726495726
db insert success
tensor(0.0001, device='cuda:0')
(5918, 1000, 0.0009, 1, 290000, 'elltwo', 'bitflip', 0.0001220703125, 0.005000000353902578, 102.70875191688538, '2024-04-10 01:51:42')
pval: 0.005000000353902578 -- 5918th test, time elapsed 102.70875191688538 -- emperical power so far: 0.576271186440678
db insert success
tensor(0.0001, device='cuda:0')
(5919, 1000, 0.0009, 1, 290000, 'elltwo', 'bitflip', 0.0001220703125, 0.3270000219345093, 102.73449754714966, '2024-04-10 01:53:39')
pval: 0.3270000219345093 -- 5919th test, time elapsed 102.73449754714966 -- emperical power so far: 0.5714285714285714
db insert success
tensor(0.0002, device='cuda:0')
(5920, 1000, 0.0009, 1, 290000, 'elltwo', 'bitflip', 0.000152587890625, 0.029000001028180122, 102.8425076007843, '2024-04-10 01:55:42')
pval: 0.029000001028180122 -- 5920th test, time elapsed 102.8425076007843 -- emperical power so far: 0.575
db insert success
tensor(0.0001, device='cuda:0')
(5921, 1000, 0.0009, 1, 290000, 'elltwo', 'bitflip', 0.0001220703125, 0.20100000500679016, 102.69039726257324, '2024-04-10 01:57:37')
pval: 0.20100000500679016 -- 5921th test, time elapsed 102.69039726257324 -- emperical power so far: 0.5702479338842975
db insert success
tensor(-0.0004, device='cuda:0')
(5922, 1000, 0.0009, 1, 290000, 'elltwo', 'bitflip', -0.000396728515625, 0.015000000596046448, 103.0662989616394, '2024-04-10 01:59:32')
pval: 0.015000000596046448 -- 5922th test, time elapsed 103.0662989616394 -- emperical power so far: 0.5737704918032787
db insert success
tensor(-0.0004, device='cuda:0')
(5923, 1000, 0.0009, 1, 290000, 'elltwo', 'bitflip', -0.0003662109375, 0.3330000042915344, 102.75385665893555, '2024-04-10 02:01:18')
pval: 0.3330000042915344 -- 5923th test, time elapsed 102.75385665893555 -- emperical power so far: 0.5691056910569106
db insert success
tensor(-0.0004, device='cuda:0')
(5924, 1000, 0.0009, 1, 290000, 'elltwo', 'bitflip', -0.000396728515625, 0.0020000000949949026, 102.7605333328247, '2024-04-10 02:03:10')
pval: 0.0020000000949949026 -- 5924th test, time elapsed 102.7605333328247 -- emperical power so far: 0.5725806451612904
db insert success
tensor(-0.0004, device='cuda:0')
(5925, 1000, 0.0009, 1, 290000, 'elltwo', 'bitflip', -0.000396728515625, 0.5010000467300415, 102.78149247169495, '2024-04-10 02:04:59')
pval: 0.5010000467300415 -- 5925th test, time elapsed 102.78149247169495 -- emperical power so far: 0.568
db insert success
tensor(0.0002, device='cuda:0')
(5926, 1000, 0.0009, 1, 290000, 'elltwo', 'bitflip', 0.000152587890625, 0.0010000000474974513, 102.67634129524231, '2024-04-10 02:06:50')
pval: 0.0010000000474974513 -- 5926th test, time elapsed 102.67634129524231 -- emperical power so far: 0.5714285714285714
db insert success
tensor(-0.0004, device='cuda:0')
(5927, 1000, 0.0009, 1, 290000, 'elltwo', 'bitflip', -0.00042724609375, 0.4180000126361847, 102.65838384628296, '2024-04-10 02:08:35')
pval: 0.4180000126361847 -- 5927th test, time elapsed 102.65838384628296 -- emperical power so far: 0.5669291338582677
db insert success
tensor(-0.0004, device='cuda:0')
(5928, 1000, 0.0009, 1, 290000, 'elltwo', 'bitflip', -0.00042724609375, 0.5400000214576721, 102.5386414527893, '2024-04-10 02:10:28')
pval: 0.5400000214576721 -- 5928th test, time elapsed 102.5386414527893 -- emperical power so far: 0.5625
db insert success
tensor(0.0001, device='cuda:0')
(5929, 1000, 0.0009, 1, 290000, 'elltwo', 'bitflip', 0.0001220703125, 0.5170000195503235, 102.53121662139893, '2024-04-10 02:12:27')
pval: 0.5170000195503235 -- 5929th test, time elapsed 102.53121662139893 -- emperical power so far: 0.5581395348837209
db insert success
tensor(-0.0004, device='cuda:0')
(5930, 1000, 0.0009, 1, 290000, 'elltwo', 'bitflip', -0.00042724609375, 0.012000000104308128, 102.80693078041077, '2024-04-10 02:14:21')
pval: 0.012000000104308128 -- 5930th test, time elapsed 102.80693078041077 -- emperical power so far: 0.5615384615384615
db insert success
tensor(-0.0004, device='cuda:0')
(5931, 1000, 0.0009, 1, 290000, 'elltwo', 'bitflip', -0.000396728515625, 0.0010000000474974513, 102.7661805152893, '2024-04-10 02:16:19')
pval: 0.0010000000474974513 -- 5931th test, time elapsed 102.7661805152893 -- emperical power so far: 0.5648854961832062
db insert success
tensor(-0.0004, device='cuda:0')
(5932, 1000, 0.0009, 1, 290000, 'elltwo', 'bitflip', -0.0003662109375, 0.26900002360343933, 102.7501974105835, '2024-04-10 02:18:06')
pval: 0.26900002360343933 -- 5932th test, time elapsed 102.7501974105835 -- emperical power so far: 0.5606060606060606
db insert success
tensor(-0.0004, device='cuda:0')
(5933, 1000, 0.0009, 1, 290000, 'elltwo', 'bitflip', -0.000396728515625, 0.003000000026077032, 102.71711611747742, '2024-04-10 02:20:06')
pval: 0.003000000026077032 -- 5933th test, time elapsed 102.71711611747742 -- emperical power so far: 0.5639097744360902
db insert success
tensor(-0.0010, device='cuda:0')
(5934, 1000, 0.0009, 1, 290000, 'elltwo', 'bitflip', -0.0009765625, 0.9700000286102295, 102.703280210495, '2024-04-10 02:22:06')
pval: 0.9700000286102295 -- 5934th test, time elapsed 102.703280210495 -- emperical power so far: 0.5597014925373134
db insert success
tensor(0.0002, device='cuda:0')
(5935, 1000, 0.0009, 1, 290000, 'elltwo', 'bitflip', 0.000152587890625, 0.0020000000949949026, 102.74571108818054, '2024-04-10 02:24:02')
pval: 0.0020000000949949026 -- 5935th test, time elapsed 102.74571108818054 -- emperical power so far: 0.562962962962963
db insert success
tensor(-0.0004, device='cuda:0')
(5936, 1000, 0.0009, 1, 290000, 'elltwo', 'bitflip', -0.000396728515625, 0.0020000000949949026, 102.97561693191528, '2024-04-10 02:25:46')
pval: 0.0020000000949949026 -- 5936th test, time elapsed 102.97561693191528 -- emperical power so far: 0.5661764705882353
db insert success
tensor(-0.0004, device='cuda:0')
(5937, 1000, 0.0009, 1, 290000, 'elltwo', 'bitflip', -0.000396728515625, 0.08500000089406967, 103.02737545967102, '2024-04-10 02:27:37')
pval: 0.08500000089406967 -- 5937th test, time elapsed 103.02737545967102 -- emperical power so far: 0.5620437956204379
db insert success
tensor(-0.0004, device='cuda:0')
(5938, 1000, 0.0009, 1, 290000, 'elltwo', 'bitflip', -0.000396728515625, 0.0430000014603138, 102.97559690475464, '2024-04-10 02:29:30')
pval: 0.0430000014603138 -- 5938th test, time elapsed 102.97559690475464 -- emperical power so far: 0.5652173913043478
db insert success
tensor(-0.0004, device='cuda:0')
(5939, 1000, 0.0009, 1, 290000, 'elltwo', 'bitflip', -0.0003662109375, 0.0010000000474974513, 103.01000428199768, '2024-04-10 02:31:28')
pval: 0.0010000000474974513 -- 5939th test, time elapsed 103.01000428199768 -- emperical power so far: 0.5683453237410072
db insert success
tensor(-0.0004, device='cuda:0')
(5940, 1000, 0.0009, 1, 290000, 'elltwo', 'bitflip', -0.000396728515625, 0.2150000035762787, 102.76261305809021, '2024-04-10 02:33:17')
pval: 0.2150000035762787 -- 5940th test, time elapsed 102.76261305809021 -- emperical power so far: 0.5642857142857143
db insert success
tensor(0.0002, device='cuda:0')
(5941, 1000, 0.0009, 1, 290000, 'elltwo', 'bitflip', 0.000152587890625, 0.0010000000474974513, 102.79408478736877, '2024-04-10 02:35:04')
pval: 0.0010000000474974513 -- 5941th test, time elapsed 102.79408478736877 -- emperical power so far: 0.5673758865248227
db insert success
tensor(-0.0004, device='cuda:0')
(5942, 1000, 0.0009, 1, 290000, 'elltwo', 'bitflip', -0.000396728515625, 0.005000000353902578, 103.02579426765442, '2024-04-10 02:37:00')
pval: 0.005000000353902578 -- 5942th test, time elapsed 103.02579426765442 -- emperical power so far: 0.5704225352112676
db insert success
tensor(0.0002, device='cuda:0')
(5943, 1000, 0.0009, 1, 290000, 'elltwo', 'bitflip', 0.000152587890625, 0.0010000000474974513, 102.78781151771545, '2024-04-10 02:38:53')
pval: 0.0010000000474974513 -- 5943th test, time elapsed 102.78781151771545 -- emperical power so far: 0.5734265734265734
db insert success
tensor(0.0002, device='cuda:0')
(5944, 1000, 0.0009, 1, 290000, 'elltwo', 'bitflip', 0.000152587890625, 0.0020000000949949026, 103.07138562202454, '2024-04-10 02:40:48')
pval: 0.0020000000949949026 -- 5944th test, time elapsed 103.07138562202454 -- emperical power so far: 0.5763888888888888
db insert success
tensor(-0.0004, device='cuda:0')
(5945, 1000, 0.0009, 1, 290000, 'elltwo', 'bitflip', -0.0003662109375, 0.0020000000949949026, 102.93776845932007, '2024-04-10 02:42:41')
pval: 0.0020000000949949026 -- 5945th test, time elapsed 102.93776845932007 -- emperical power so far: 0.5793103448275863
db insert success
tensor(-0.0004, device='cuda:0')
(5946, 1000, 0.0009, 1, 290000, 'elltwo', 'bitflip', -0.000396728515625, 0.7410000562667847, 102.85249519348145, '2024-04-10 02:44:26')
pval: 0.7410000562667847 -- 5946th test, time elapsed 102.85249519348145 -- emperical power so far: 0.5753424657534246
db insert success
tensor(0.0002, device='cuda:0')
(5947, 1000, 0.0009, 1, 290000, 'elltwo', 'bitflip', 0.000152587890625, 0.22800001502037048, 102.91228103637695, '2024-04-10 02:46:28')
pval: 0.22800001502037048 -- 5947th test, time elapsed 102.91228103637695 -- emperical power so far: 0.5714285714285714
db insert success
tensor(0.0002, device='cuda:0')
(5948, 1000, 0.0009, 1, 290000, 'elltwo', 'bitflip', 0.000152587890625, 0.0010000000474974513, 102.81753730773926, '2024-04-10 02:48:31')
pval: 0.0010000000474974513 -- 5948th test, time elapsed 102.81753730773926 -- emperical power so far: 0.5743243243243243
db insert success
tensor(-0.0004, device='cuda:0')
(5949, 1000, 0.0009, 1, 290000, 'elltwo', 'bitflip', -0.000396728515625, 0.0010000000474974513, 102.83993554115295, '2024-04-10 02:50:31')
pval: 0.0010000000474974513 -- 5949th test, time elapsed 102.83993554115295 -- emperical power so far: 0.5771812080536913
db insert success
tensor(0.0001, device='cuda:0')
(5950, 1000, 0.0009, 1, 290000, 'elltwo', 'bitflip', 0.0001220703125, 0.0010000000474974513, 102.97970867156982, '2024-04-10 02:52:15')
pval: 0.0010000000474974513 -- 5950th test, time elapsed 102.97970867156982 -- emperical power so far: 0.58
db insert success
tensor(-0.0004, device='cuda:0')
(5951, 1000, 0.0009, 1, 290000, 'elltwo', 'bitflip', -0.00042724609375, 0.2590000033378601, 102.89906907081604, '2024-04-10 02:54:15')
pval: 0.2590000033378601 -- 5951th test, time elapsed 102.89906907081604 -- emperical power so far: 0.5761589403973509
db insert success
tensor(0.0002, device='cuda:0')
(5952, 1000, 0.0009, 1, 290000, 'elltwo', 'bitflip', 0.000152587890625, 0.0010000000474974513, 103.04307579994202, '2024-04-10 02:56:12')
pval: 0.0010000000474974513 -- 5952th test, time elapsed 103.04307579994202 -- emperical power so far: 0.5789473684210527
db insert success
tensor(-0.0004, device='cuda:0')
(5953, 1000, 0.0009, 1, 290000, 'elltwo', 'bitflip', -0.0003662109375, 0.0010000000474974513, 103.1685643196106, '2024-04-10 02:58:04')
pval: 0.0010000000474974513 -- 5953th test, time elapsed 103.1685643196106 -- emperical power so far: 0.5816993464052288
db insert success
tensor(0.0002, device='cuda:0')
(5954, 1000, 0.0009, 1, 290000, 'elltwo', 'bitflip', 0.000152587890625, 0.08800000697374344, 102.8684949874878, '2024-04-10 03:00:00')
pval: 0.08800000697374344 -- 5954th test, time elapsed 102.8684949874878 -- emperical power so far: 0.577922077922078
db insert success
tensor(-0.0004, device='cuda:0')
(5955, 1000, 0.0009, 1, 290000, 'elltwo', 'bitflip', -0.000396728515625, 0.021000001579523087, 102.90739107131958, '2024-04-10 03:01:48')
pval: 0.021000001579523087 -- 5955th test, time elapsed 102.90739107131958 -- emperical power so far: 0.5806451612903226
db insert success
tensor(0.0007, device='cuda:0')
(5956, 1000, 0.0009, 1, 290000, 'elltwo', 'bitflip', 0.00067138671875, 0.03400000184774399, 102.90655636787415, '2024-04-10 03:03:51')
pval: 0.03400000184774399 -- 5956th test, time elapsed 102.90655636787415 -- emperical power so far: 0.5833333333333334
db insert success
tensor(0.0001, device='cuda:0')
(5957, 1000, 0.0009, 1, 290000, 'elltwo', 'bitflip', 0.0001220703125, 0.0010000000474974513, 102.87020015716553, '2024-04-10 03:05:38')
pval: 0.0010000000474974513 -- 5957th test, time elapsed 102.87020015716553 -- emperical power so far: 0.5859872611464968
db insert success
tensor(0.0002, device='cuda:0')
(5958, 1000, 0.0009, 1, 290000, 'elltwo', 'bitflip', 0.000152587890625, 0.0020000000949949026, 102.84288787841797, '2024-04-10 03:07:41')
pval: 0.0020000000949949026 -- 5958th test, time elapsed 102.84288787841797 -- emperical power so far: 0.5886075949367089
db insert success
tensor(-0.0004, device='cuda:0')
(5959, 1000, 0.0009, 1, 290000, 'elltwo', 'bitflip', -0.0003662109375, 0.0020000000949949026, 102.73745679855347, '2024-04-10 03:09:27')
pval: 0.0020000000949949026 -- 5959th test, time elapsed 102.73745679855347 -- emperical power so far: 0.5911949685534591
db insert success
tensor(-0.0004, device='cuda:0')
(5960, 1000, 0.0009, 1, 290000, 'elltwo', 'bitflip', -0.000396728515625, 0.367000013589859, 102.71691799163818, '2024-04-10 03:11:26')
pval: 0.367000013589859 -- 5960th test, time elapsed 102.71691799163818 -- emperical power so far: 0.5875
db insert success
tensor(0.0001, device='cuda:0')
(5961, 1000, 0.0009, 1, 290000, 'elltwo', 'bitflip', 0.0001220703125, 0.06300000101327896, 102.70553755760193, '2024-04-10 03:13:11')
pval: 0.06300000101327896 -- 5961th test, time elapsed 102.70553755760193 -- emperical power so far: 0.5838509316770186
db insert success
tensor(-0.0004, device='cuda:0')
(5962, 1000, 0.0009, 1, 290000, 'elltwo', 'bitflip', -0.00042724609375, 0.17600001394748688, 102.78987860679626, '2024-04-10 03:15:01')
pval: 0.17600001394748688 -- 5962th test, time elapsed 102.78987860679626 -- emperical power so far: 0.5802469135802469
db insert success
tensor(0.0002, device='cuda:0')
(5963, 1000, 0.0009, 1, 290000, 'elltwo', 'bitflip', 0.000152587890625, 0.0010000000474974513, 102.87269401550293, '2024-04-10 03:16:51')
pval: 0.0010000000474974513 -- 5963th test, time elapsed 102.87269401550293 -- emperical power so far: 0.5828220858895705
db insert success
tensor(-0.0005, device='cuda:0')
(5964, 1000, 0.0009, 1, 290000, 'elltwo', 'bitflip', -0.000457763671875, 0.8230000138282776, 102.77656698226929, '2024-04-10 03:18:45')
pval: 0.8230000138282776 -- 5964th test, time elapsed 102.77656698226929 -- emperical power so far: 0.5792682926829268
db insert success
tensor(-0.0004, device='cuda:0')
(5965, 1000, 0.0009, 1, 290000, 'elltwo', 'bitflip', -0.000396728515625, 0.14500001072883606, 103.0325129032135, '2024-04-10 03:20:38')
pval: 0.14500001072883606 -- 5965th test, time elapsed 103.0325129032135 -- emperical power so far: 0.5757575757575758
db insert success
tensor(-0.0004, device='cuda:0')
(5966, 1000, 0.0009, 1, 290000, 'elltwo', 'bitflip', -0.000396728515625, 0.0010000000474974513, 103.00101470947266, '2024-04-10 03:22:39')
pval: 0.0010000000474974513 -- 5966th test, time elapsed 103.00101470947266 -- emperical power so far: 0.5783132530120482
db insert success
tensor(-0.0004, device='cuda:0')
(5967, 1000, 0.0009, 1, 290000, 'elltwo', 'bitflip', -0.000396728515625, 0.4090000092983246, 102.90385007858276, '2024-04-10 03:24:29')
pval: 0.4090000092983246 -- 5967th test, time elapsed 102.90385007858276 -- emperical power so far: 0.5748502994011976
db insert success
tensor(0.0007, device='cuda:0')
(5968, 1000, 0.0009, 1, 290000, 'elltwo', 'bitflip', 0.00067138671875, 0.0010000000474974513, 102.97967553138733, '2024-04-10 03:26:27')
pval: 0.0010000000474974513 -- 5968th test, time elapsed 102.97967553138733 -- emperical power so far: 0.5773809523809523
db insert success
tensor(-0.0004, device='cuda:0')
(5969, 1000, 0.0009, 1, 290000, 'elltwo', 'bitflip', -0.00042724609375, 0.7520000338554382, 102.85249400138855, '2024-04-10 03:28:26')
pval: 0.7520000338554382 -- 5969th test, time elapsed 102.85249400138855 -- emperical power so far: 0.5739644970414202
db insert success
tensor(0.0002, device='cuda:0')
(5970, 1000, 0.0009, 1, 290000, 'elltwo', 'bitflip', 0.000152587890625, 0.0020000000949949026, 102.94774341583252, '2024-04-10 03:30:24')
pval: 0.0020000000949949026 -- 5970th test, time elapsed 102.94774341583252 -- emperical power so far: 0.5764705882352941
db insert success
tensor(-0.0009, device='cuda:0')
(5971, 1000, 0.0009, 1, 290000, 'elltwo', 'bitflip', -0.000946044921875, 0.5560000538825989, 103.04835486412048, '2024-04-10 03:32:17')
pval: 0.5560000538825989 -- 5971th test, time elapsed 103.04835486412048 -- emperical power so far: 0.5730994152046783
db insert success
tensor(0.0001, device='cuda:0')
(5972, 1000, 0.0009, 1, 290000, 'elltwo', 'bitflip', 0.0001220703125, 0.1469999998807907, 102.87730479240417, '2024-04-10 03:34:18')
pval: 0.1469999998807907 -- 5972th test, time elapsed 102.87730479240417 -- emperical power so far: 0.5697674418604651
db insert success
tensor(-0.0010, device='cuda:0')
(5973, 1000, 0.0009, 1, 290000, 'elltwo', 'bitflip', -0.0009765625, 0.971000075340271, 102.98873710632324, '2024-04-10 03:36:13')
pval: 0.971000075340271 -- 5973th test, time elapsed 102.98873710632324 -- emperical power so far: 0.5664739884393064
db insert success
tensor(-0.0004, device='cuda:0')
(5974, 1000, 0.0009, 1, 290000, 'elltwo', 'bitflip', -0.00042724609375, 0.24000000953674316, 102.80240297317505, '2024-04-10 03:37:57')
pval: 0.24000000953674316 -- 5974th test, time elapsed 102.80240297317505 -- emperical power so far: 0.5632183908045977
db insert success
tensor(-0.0004, device='cuda:0')
(5975, 1000, 0.0009, 1, 290000, 'elltwo', 'bitflip', -0.000396728515625, 0.6140000224113464, 102.85985159873962, '2024-04-10 03:39:42')
pval: 0.6140000224113464 -- 5975th test, time elapsed 102.85985159873962 -- emperical power so far: 0.56
db insert success
tensor(0.0001, device='cuda:0')
(5976, 1000, 0.0009, 1, 290000, 'elltwo', 'bitflip', 0.0001220703125, 0.0650000050663948, 102.75731039047241, '2024-04-10 03:41:35')
pval: 0.0650000050663948 -- 5976th test, time elapsed 102.75731039047241 -- emperical power so far: 0.5568181818181818
db insert success
tensor(-0.0004, device='cuda:0')
(5977, 1000, 0.0009, 1, 290000, 'elltwo', 'bitflip', -0.000396728515625, 0.0010000000474974513, 102.8088755607605, '2024-04-10 03:43:25')
pval: 0.0010000000474974513 -- 5977th test, time elapsed 102.8088755607605 -- emperical power so far: 0.559322033898305
db insert success
tensor(-0.0004, device='cuda:0')
(5978, 1000, 0.0009, 1, 290000, 'elltwo', 'bitflip', -0.0003662109375, 0.14500001072883606, 102.91170907020569, '2024-04-10 03:45:16')
pval: 0.14500001072883606 -- 5978th test, time elapsed 102.91170907020569 -- emperical power so far: 0.5561797752808989
db insert success
tensor(-0.0004, device='cuda:0')
(5979, 1000, 0.0009, 1, 290000, 'elltwo', 'bitflip', -0.000396728515625, 0.0010000000474974513, 102.87875270843506, '2024-04-10 03:47:17')
pval: 0.0010000000474974513 -- 5979th test, time elapsed 102.87875270843506 -- emperical power so far: 0.5586592178770949
db insert success
tensor(0.0001, device='cuda:0')
(5980, 1000, 0.0009, 1, 290000, 'elltwo', 'bitflip', 0.0001220703125, 0.032999999821186066, 102.99387311935425, '2024-04-10 03:49:20')
pval: 0.032999999821186066 -- 5980th test, time elapsed 102.99387311935425 -- emperical power so far: 0.5611111111111111
db insert success
tensor(-0.0004, device='cuda:0')
(5981, 1000, 0.0009, 1, 290000, 'elltwo', 'bitflip', -0.000396728515625, 0.42100003361701965, 102.8563539981842, '2024-04-10 03:51:16')
pval: 0.42100003361701965 -- 5981th test, time elapsed 102.8563539981842 -- emperical power so far: 0.5580110497237569
db insert success
tensor(-0.0004, device='cuda:0')
(5982, 1000, 0.0009, 1, 290000, 'elltwo', 'bitflip', -0.000396728515625, 0.0020000000949949026, 102.90612840652466, '2024-04-10 03:53:11')
pval: 0.0020000000949949026 -- 5982th test, time elapsed 102.90612840652466 -- emperical power so far: 0.5604395604395604
db insert success
tensor(0.0001, device='cuda:0')
(5983, 1000, 0.0009, 1, 290000, 'elltwo', 'bitflip', 0.0001220703125, 0.01600000075995922, 102.77442026138306, '2024-04-10 03:55:01')
pval: 0.01600000075995922 -- 5983th test, time elapsed 102.77442026138306 -- emperical power so far: 0.5628415300546448
db insert success
tensor(0.0001, device='cuda:0')
(5984, 1000, 0.0009, 1, 290000, 'elltwo', 'bitflip', 0.0001220703125, 0.08800000697374344, 102.86667513847351, '2024-04-10 03:56:58')
pval: 0.08800000697374344 -- 5984th test, time elapsed 102.86667513847351 -- emperical power so far: 0.5597826086956522
db insert success
tensor(0.0007, device='cuda:0')
(5985, 1000, 0.0009, 1, 290000, 'elltwo', 'bitflip', 0.00067138671875, 0.0010000000474974513, 102.9765613079071, '2024-04-10 03:58:58')
pval: 0.0010000000474974513 -- 5985th test, time elapsed 102.9765613079071 -- emperical power so far: 0.5621621621621622
db insert success
tensor(0.0001, device='cuda:0')
(5986, 1000, 0.0009, 1, 290000, 'elltwo', 'bitflip', 0.0001220703125, 0.0010000000474974513, 102.83393859863281, '2024-04-10 04:00:57')
pval: 0.0010000000474974513 -- 5986th test, time elapsed 102.83393859863281 -- emperical power so far: 0.5645161290322581
db insert success
tensor(0.0007, device='cuda:0')
(5987, 1000, 0.0009, 1, 290000, 'elltwo', 'bitflip', 0.000701904296875, 0.0010000000474974513, 102.8976480960846, '2024-04-10 04:02:58')
pval: 0.0010000000474974513 -- 5987th test, time elapsed 102.8976480960846 -- emperical power so far: 0.5668449197860963
db insert success
tensor(0.0001, device='cuda:0')
(5988, 1000, 0.0009, 1, 290000, 'elltwo', 'bitflip', 0.0001220703125, 0.006000000052154064, 103.13050985336304, '2024-04-10 04:04:58')
pval: 0.006000000052154064 -- 5988th test, time elapsed 103.13050985336304 -- emperical power so far: 0.5691489361702128
db insert success
tensor(-0.0004, device='cuda:0')
(5989, 1000, 0.0009, 1, 290000, 'elltwo', 'bitflip', -0.00042724609375, 0.032999999821186066, 103.15994215011597, '2024-04-10 04:06:47')
pval: 0.032999999821186066 -- 5989th test, time elapsed 103.15994215011597 -- emperical power so far: 0.5714285714285714
db insert success
tensor(-0.0004, device='cuda:0')
(5990, 1000, 0.0009, 1, 290000, 'elltwo', 'bitflip', -0.000396728515625, 0.009000000543892384, 103.01096987724304, '2024-04-10 04:08:51')
pval: 0.009000000543892384 -- 5990th test, time elapsed 103.01096987724304 -- emperical power so far: 0.5736842105263158
db insert success
tensor(-0.0004, device='cuda:0')
(5991, 1000, 0.0009, 1, 290000, 'elltwo', 'bitflip', -0.000396728515625, 0.0010000000474974513, 102.9569182395935, '2024-04-10 04:10:49')
pval: 0.0010000000474974513 -- 5991th test, time elapsed 102.9569182395935 -- emperical power so far: 0.5759162303664922
db insert success
tensor(-0.0004, device='cuda:0')
(5992, 1000, 0.0009, 1, 290000, 'elltwo', 'bitflip', -0.00042724609375, 0.6630000472068787, 102.95615553855896, '2024-04-10 04:12:41')
pval: 0.6630000472068787 -- 5992th test, time elapsed 102.95615553855896 -- emperical power so far: 0.5729166666666666
db insert success
tensor(-0.0004, device='cuda:0')
(5993, 1000, 0.0009, 1, 290000, 'elltwo', 'bitflip', -0.00042724609375, 0.12200000882148743, 102.86967253684998, '2024-04-10 04:14:33')
pval: 0.12200000882148743 -- 5993th test, time elapsed 102.86967253684998 -- emperical power so far: 0.5699481865284974
db insert success
tensor(0.0007, device='cuda:0')
(5994, 1000, 0.0009, 1, 290000, 'elltwo', 'bitflip', 0.000701904296875, 0.0010000000474974513, 103.00035905838013, '2024-04-10 04:16:28')
pval: 0.0010000000474974513 -- 5994th test, time elapsed 103.00035905838013 -- emperical power so far: 0.5721649484536082
db insert success
tensor(0.0001, device='cuda:0')
(5995, 1000, 0.0009, 1, 290000, 'elltwo', 'bitflip', 0.0001220703125, 0.16300000250339508, 102.94149994850159, '2024-04-10 04:18:29')
pval: 0.16300000250339508 -- 5995th test, time elapsed 102.94149994850159 -- emperical power so far: 0.5692307692307692
db insert success
tensor(-0.0004, device='cuda:0')
(5996, 1000, 0.0009, 1, 290000, 'elltwo', 'bitflip', -0.00042724609375, 0.921000063419342, 102.9512894153595, '2024-04-10 04:20:20')
pval: 0.921000063419342 -- 5996th test, time elapsed 102.9512894153595 -- emperical power so far: 0.5663265306122449
db insert success
tensor(9.1553e-05, device='cuda:0')
(5997, 1000, 0.0009, 1, 290000, 'elltwo', 'bitflip', 9.1552734375e-05, 0.4180000126361847, 102.92519283294678, '2024-04-10 04:22:04')
pval: 0.4180000126361847 -- 5997th test, time elapsed 102.92519283294678 -- emperical power so far: 0.5634517766497462
db insert success
tensor(-0.0004, device='cuda:0')
(5998, 1000, 0.0009, 1, 290000, 'elltwo', 'bitflip', -0.000396728515625, 0.3070000112056732, 102.92157101631165, '2024-04-10 04:24:06')
pval: 0.3070000112056732 -- 5998th test, time elapsed 102.92157101631165 -- emperical power so far: 0.5606060606060606
db insert success
tensor(0.0007, device='cuda:0')
(5999, 1000, 0.0009, 1, 290000, 'elltwo', 'bitflip', 0.00067138671875, 0.0010000000474974513, 103.0343611240387, '2024-04-10 04:25:59')
pval: 0.0010000000474974513 -- 5999th test, time elapsed 103.0343611240387 -- emperical power so far: 0.5628140703517588
db insert success
tensor(0.0002, device='cuda:0')
(6000, 1000, 0.0009, 1, 290000, 'elltwo', 'bitflip', 0.000152587890625, 0.0010000000474974513, 103.02043104171753, '2024-04-10 04:28:01')
pval: 0.0010000000474974513 -- 6000th test, time elapsed 103.02043104171753 -- emperical power so far: 0.565
db insert success
22802.652599573135
