tensor([0.0001, 0.0019, 0.0001, 0.0019, 0.0001, 0.0019, 0.0001, 0.0019, 0.0001,
        0.0019, 0.0001, 0.0019, 0.0001, 0.0019, 0.0001, 0.0019, 0.0001, 0.0019,
        0.0001, 0.0019, 0.0001, 0.0019, 0.0001, 0.0019, 0.0001, 0.0019, 0.0001,
        0.0019, 0.0001, 0.0019, 0.0001, 0.0019, 0.0001, 0.0019, 0.0001, 0.0019,
        0.0001, 0.0019, 0.0001, 0.0019, 0.0001, 0.0019, 0.0001, 0.0019, 0.0001,
        0.0019, 0.0001, 0.0019, 0.0001, 0.0019, 0.0001, 0.0019, 0.0001, 0.0019,
        0.0001, 0.0019, 0.0001, 0.0019, 0.0001, 0.0019, 0.0001, 0.0019, 0.0001,
        0.0019, 0.0001, 0.0019, 0.0001, 0.0019, 0.0001, 0.0019, 0.0001, 0.0019,
        0.0001, 0.0019, 0.0001, 0.0019, 0.0001, 0.0019, 0.0001, 0.0019, 0.0001,
        0.0019, 0.0001, 0.0019, 0.0001, 0.0019, 0.0001, 0.0019, 0.0001, 0.0019,
        0.0001, 0.0019, 0.0001, 0.0019, 0.0001, 0.0019, 0.0001, 0.0019, 0.0001,
        0.0019, 0.0001, 0.0019, 0.0001, 0.0019, 0.0001, 0.0019, 0.0001, 0.0019,
        0.0001, 0.0019, 0.0001, 0.0019, 0.0001, 0.0019, 0.0001, 0.0019, 0.0001,
        0.0019, 0.0001, 0.0019, 0.0001, 0.0019, 0.0001, 0.0019, 0.0001, 0.0019,
        0.0001, 0.0019, 0.0001, 0.0019, 0.0001, 0.0019, 0.0001, 0.0019, 0.0001,
        0.0019, 0.0001, 0.0019, 0.0001, 0.0019, 0.0001, 0.0019, 0.0001, 0.0019,
        0.0001, 0.0019, 0.0001, 0.0019, 0.0001, 0.0019, 0.0001, 0.0019, 0.0001,
        0.0019, 0.0001, 0.0019, 0.0001, 0.0019, 0.0001, 0.0019, 0.0001, 0.0019,
        0.0001, 0.0019, 0.0001, 0.0019, 0.0001, 0.0019, 0.0001, 0.0019, 0.0001,
        0.0019, 0.0001, 0.0019, 0.0001, 0.0019, 0.0001, 0.0019, 0.0001, 0.0019,
        0.0001, 0.0019, 0.0001, 0.0019, 0.0001, 0.0019, 0.0001, 0.0019, 0.0001,
        0.0019, 0.0001, 0.0019, 0.0001, 0.0019, 0.0001, 0.0019, 0.0001, 0.0019,
        0.0001, 0.0019, 0.0001, 0.0019, 0.0001, 0.0019, 0.0001, 0.0019, 0.0001,
        0.0019, 0.0001, 0.0019, 0.0001, 0.0019, 0.0001, 0.0019, 0.0001, 0.0019,
        0.0001, 0.0019, 0.0001, 0.0019, 0.0001, 0.0019, 0.0001, 0.0019, 0.0001,
        0.0019, 0.0001, 0.0019, 0.0001, 0.0019, 0.0001, 0.0019, 0.0001, 0.0019,
        0.0001, 0.0019, 0.0001, 0.0019, 0.0001, 0.0019, 0.0001, 0.0019, 0.0001,
        0.0019, 0.0001, 0.0019, 0.0001, 0.0019, 0.0001, 0.0019, 0.0001, 0.0019,
        0.0001, 0.0019, 0.0001, 0.0019, 0.0001, 0.0019, 0.0001, 0.0019, 0.0001,
        0.0019, 0.0001, 0.0019, 0.0001, 0.0019, 0.0001, 0.0019, 0.0001, 0.0019,
        0.0001, 0.0019, 0.0001, 0.0019, 0.0001, 0.0019, 0.0001, 0.0019, 0.0001,
        0.0019, 0.0001, 0.0019, 0.0001, 0.0019, 0.0001, 0.0019, 0.0001, 0.0019,
        0.0001, 0.0019, 0.0001, 0.0019, 0.0001, 0.0019, 0.0001, 0.0019, 0.0001,
        0.0019, 0.0001, 0.0019, 0.0001, 0.0019, 0.0001, 0.0019, 0.0001, 0.0019,
        0.0001, 0.0019, 0.0001, 0.0019, 0.0001, 0.0019, 0.0001, 0.0019, 0.0001,
        0.0019, 0.0001, 0.0019, 0.0001, 0.0019, 0.0001, 0.0019, 0.0001, 0.0019,
        0.0001, 0.0019, 0.0001, 0.0019, 0.0001, 0.0019, 0.0001, 0.0019, 0.0001,
        0.0019, 0.0001, 0.0019, 0.0001, 0.0019, 0.0001, 0.0019, 0.0001, 0.0019,
        0.0001, 0.0019, 0.0001, 0.0019, 0.0001, 0.0019, 0.0001, 0.0019, 0.0001,
        0.0019, 0.0001, 0.0019, 0.0001, 0.0019, 0.0001, 0.0019, 0.0001, 0.0019,
        0.0001, 0.0019, 0.0001, 0.0019, 0.0001, 0.0019, 0.0001, 0.0019, 0.0001,
        0.0019, 0.0001, 0.0019, 0.0001, 0.0019, 0.0001, 0.0019, 0.0001, 0.0019,
        0.0001, 0.0019, 0.0001, 0.0019, 0.0001, 0.0019, 0.0001, 0.0019, 0.0001,
        0.0019, 0.0001, 0.0019, 0.0001, 0.0019, 0.0001, 0.0019, 0.0001, 0.0019,
        0.0001, 0.0019, 0.0001, 0.0019, 0.0001, 0.0019, 0.0001, 0.0019, 0.0001,
        0.0019, 0.0001, 0.0019, 0.0001, 0.0019, 0.0001, 0.0019, 0.0001, 0.0019,
        0.0001, 0.0019, 0.0001, 0.0019, 0.0001, 0.0019, 0.0001, 0.0019, 0.0001,
        0.0019, 0.0001, 0.0019, 0.0001, 0.0019, 0.0001, 0.0019, 0.0001, 0.0019,
        0.0001, 0.0019, 0.0001, 0.0019, 0.0001, 0.0019, 0.0001, 0.0019, 0.0001,
        0.0019, 0.0001, 0.0019, 0.0001, 0.0019, 0.0001, 0.0019, 0.0001, 0.0019,
        0.0001, 0.0019, 0.0001, 0.0019, 0.0001, 0.0019, 0.0001, 0.0019, 0.0001,
        0.0019, 0.0001, 0.0019, 0.0001, 0.0019, 0.0001, 0.0019, 0.0001, 0.0019,
        0.0001, 0.0019, 0.0001, 0.0019, 0.0001, 0.0019, 0.0001, 0.0019, 0.0001,
        0.0019, 0.0001, 0.0019, 0.0001, 0.0019, 0.0001, 0.0019, 0.0001, 0.0019,
        0.0001, 0.0019, 0.0001, 0.0019, 0.0001, 0.0019, 0.0001, 0.0019, 0.0001,
        0.0019, 0.0001, 0.0019, 0.0001, 0.0019, 0.0001, 0.0019, 0.0001, 0.0019,
        0.0001, 0.0019, 0.0001, 0.0019, 0.0001, 0.0019, 0.0001, 0.0019, 0.0001,
        0.0019, 0.0001, 0.0019, 0.0001, 0.0019, 0.0001, 0.0019, 0.0001, 0.0019,
        0.0001, 0.0019, 0.0001, 0.0019, 0.0001, 0.0019, 0.0001, 0.0019, 0.0001,
        0.0019, 0.0001, 0.0019, 0.0001, 0.0019, 0.0001, 0.0019, 0.0001, 0.0019,
        0.0001, 0.0019, 0.0001, 0.0019, 0.0001, 0.0019, 0.0001, 0.0019, 0.0001,
        0.0019, 0.0001, 0.0019, 0.0001, 0.0019, 0.0001, 0.0019, 0.0001, 0.0019,
        0.0001, 0.0019, 0.0001, 0.0019, 0.0001, 0.0019, 0.0001, 0.0019, 0.0001,
        0.0019, 0.0001, 0.0019, 0.0001, 0.0019, 0.0001, 0.0019, 0.0001, 0.0019,
        0.0001, 0.0019, 0.0001, 0.0019, 0.0001, 0.0019, 0.0001, 0.0019, 0.0001,
        0.0019, 0.0001, 0.0019, 0.0001, 0.0019, 0.0001, 0.0019, 0.0001, 0.0019,
        0.0001, 0.0019, 0.0001, 0.0019, 0.0001, 0.0019, 0.0001, 0.0019, 0.0001,
        0.0019, 0.0001, 0.0019, 0.0001, 0.0019, 0.0001, 0.0019, 0.0001, 0.0019,
        0.0001, 0.0019, 0.0001, 0.0019, 0.0001, 0.0019, 0.0001, 0.0019, 0.0001,
        0.0019, 0.0001, 0.0019, 0.0001, 0.0019, 0.0001, 0.0019, 0.0001, 0.0019,
        0.0001, 0.0019, 0.0001, 0.0019, 0.0001, 0.0019, 0.0001, 0.0019, 0.0001,
        0.0019, 0.0001, 0.0019, 0.0001, 0.0019, 0.0001, 0.0019, 0.0001, 0.0019,
        0.0001, 0.0019, 0.0001, 0.0019, 0.0001, 0.0019, 0.0001, 0.0019, 0.0001,
        0.0019, 0.0001, 0.0019, 0.0001, 0.0019, 0.0001, 0.0019, 0.0001, 0.0019,
        0.0001, 0.0019, 0.0001, 0.0019, 0.0001, 0.0019, 0.0001, 0.0019, 0.0001,
        0.0019, 0.0001, 0.0019, 0.0001, 0.0019, 0.0001, 0.0019, 0.0001, 0.0019,
        0.0001, 0.0019, 0.0001, 0.0019, 0.0001, 0.0019, 0.0001, 0.0019, 0.0001,
        0.0019, 0.0001, 0.0019, 0.0001, 0.0019, 0.0001, 0.0019, 0.0001, 0.0019,
        0.0001, 0.0019, 0.0001, 0.0019, 0.0001, 0.0019, 0.0001, 0.0019, 0.0001,
        0.0019, 0.0001, 0.0019, 0.0001, 0.0019, 0.0001, 0.0019, 0.0001, 0.0019,
        0.0001, 0.0019, 0.0001, 0.0019, 0.0001, 0.0019, 0.0001, 0.0019, 0.0001,
        0.0019, 0.0001, 0.0019, 0.0001, 0.0019, 0.0001, 0.0019, 0.0001, 0.0019,
        0.0001, 0.0019, 0.0001, 0.0019, 0.0001, 0.0019, 0.0001, 0.0019, 0.0001,
        0.0019, 0.0001, 0.0019, 0.0001, 0.0019, 0.0001, 0.0019, 0.0001, 0.0019,
        0.0001, 0.0019, 0.0001, 0.0019, 0.0001, 0.0019, 0.0001, 0.0019, 0.0001,
        0.0019, 0.0001, 0.0019, 0.0001, 0.0019, 0.0001, 0.0019, 0.0001, 0.0019,
        0.0001, 0.0019, 0.0001, 0.0019, 0.0001, 0.0019, 0.0001, 0.0019, 0.0001,
        0.0019, 0.0001, 0.0019, 0.0001, 0.0019, 0.0001, 0.0019, 0.0001, 0.0019,
        0.0001, 0.0019, 0.0001, 0.0019, 0.0001, 0.0019, 0.0001, 0.0019, 0.0001,
        0.0019, 0.0001, 0.0019, 0.0001, 0.0019, 0.0001, 0.0019, 0.0001, 0.0019,
        0.0001, 0.0019, 0.0001, 0.0019, 0.0001, 0.0019, 0.0001, 0.0019, 0.0001,
        0.0019, 0.0001, 0.0019, 0.0001, 0.0019, 0.0001, 0.0019, 0.0001, 0.0019,
        0.0001, 0.0019, 0.0001, 0.0019, 0.0001, 0.0019, 0.0001, 0.0019, 0.0001,
        0.0019, 0.0001, 0.0019, 0.0001, 0.0019, 0.0001, 0.0019, 0.0001, 0.0019,
        0.0001, 0.0019, 0.0001, 0.0019, 0.0001, 0.0019, 0.0001, 0.0019, 0.0001,
        0.0019, 0.0001, 0.0019, 0.0001, 0.0019, 0.0001, 0.0019, 0.0001, 0.0019,
        0.0001, 0.0019, 0.0001, 0.0019, 0.0001, 0.0019, 0.0001, 0.0019, 0.0001,
        0.0019, 0.0001, 0.0019, 0.0001, 0.0019, 0.0001, 0.0019, 0.0001, 0.0019,
        0.0001, 0.0019, 0.0001, 0.0019, 0.0001, 0.0019, 0.0001, 0.0019, 0.0001,
        0.0019, 0.0001, 0.0019, 0.0001, 0.0019, 0.0001, 0.0019, 0.0001, 0.0019,
        0.0001, 0.0019, 0.0001, 0.0019, 0.0001, 0.0019, 0.0001, 0.0019, 0.0001,
        0.0019, 0.0001, 0.0019, 0.0001, 0.0019, 0.0001, 0.0019, 0.0001, 0.0019,
        0.0001, 0.0019, 0.0001, 0.0019, 0.0001, 0.0019, 0.0001, 0.0019, 0.0001,
        0.0019, 0.0001, 0.0019, 0.0001, 0.0019, 0.0001, 0.0019, 0.0001, 0.0019,
        0.0001, 0.0019, 0.0001, 0.0019, 0.0001, 0.0019, 0.0001, 0.0019, 0.0001,
        0.0019, 0.0001, 0.0019, 0.0001, 0.0019, 0.0001, 0.0019, 0.0001, 0.0019,
        0.0001, 0.0019, 0.0001, 0.0019, 0.0001, 0.0019, 0.0001, 0.0019, 0.0001,
        0.0019, 0.0001, 0.0019, 0.0001, 0.0019, 0.0001, 0.0019, 0.0001, 0.0019,
        0.0001, 0.0019, 0.0001, 0.0019, 0.0001, 0.0019, 0.0001, 0.0019, 0.0001,
        0.0019, 0.0001, 0.0019, 0.0001, 0.0019, 0.0001, 0.0019, 0.0001, 0.0019,
        0.0001, 0.0019, 0.0001, 0.0019, 0.0001, 0.0019, 0.0001, 0.0019, 0.0001,
        0.0019])
tensor([0.0019, 0.0001, 0.0019, 0.0001, 0.0019, 0.0001, 0.0019, 0.0001, 0.0019,
        0.0001, 0.0019, 0.0001, 0.0019, 0.0001, 0.0019, 0.0001, 0.0019, 0.0001,
        0.0019, 0.0001, 0.0019, 0.0001, 0.0019, 0.0001, 0.0019, 0.0001, 0.0019,
        0.0001, 0.0019, 0.0001, 0.0019, 0.0001, 0.0019, 0.0001, 0.0019, 0.0001,
        0.0019, 0.0001, 0.0019, 0.0001, 0.0019, 0.0001, 0.0019, 0.0001, 0.0019,
        0.0001, 0.0019, 0.0001, 0.0019, 0.0001, 0.0019, 0.0001, 0.0019, 0.0001,
        0.0019, 0.0001, 0.0019, 0.0001, 0.0019, 0.0001, 0.0019, 0.0001, 0.0019,
        0.0001, 0.0019, 0.0001, 0.0019, 0.0001, 0.0019, 0.0001, 0.0019, 0.0001,
        0.0019, 0.0001, 0.0019, 0.0001, 0.0019, 0.0001, 0.0019, 0.0001, 0.0019,
        0.0001, 0.0019, 0.0001, 0.0019, 0.0001, 0.0019, 0.0001, 0.0019, 0.0001,
        0.0019, 0.0001, 0.0019, 0.0001, 0.0019, 0.0001, 0.0019, 0.0001, 0.0019,
        0.0001, 0.0019, 0.0001, 0.0019, 0.0001, 0.0019, 0.0001, 0.0019, 0.0001,
        0.0019, 0.0001, 0.0019, 0.0001, 0.0019, 0.0001, 0.0019, 0.0001, 0.0019,
        0.0001, 0.0019, 0.0001, 0.0019, 0.0001, 0.0019, 0.0001, 0.0019, 0.0001,
        0.0019, 0.0001, 0.0019, 0.0001, 0.0019, 0.0001, 0.0019, 0.0001, 0.0019,
        0.0001, 0.0019, 0.0001, 0.0019, 0.0001, 0.0019, 0.0001, 0.0019, 0.0001,
        0.0019, 0.0001, 0.0019, 0.0001, 0.0019, 0.0001, 0.0019, 0.0001, 0.0019,
        0.0001, 0.0019, 0.0001, 0.0019, 0.0001, 0.0019, 0.0001, 0.0019, 0.0001,
        0.0019, 0.0001, 0.0019, 0.0001, 0.0019, 0.0001, 0.0019, 0.0001, 0.0019,
        0.0001, 0.0019, 0.0001, 0.0019, 0.0001, 0.0019, 0.0001, 0.0019, 0.0001,
        0.0019, 0.0001, 0.0019, 0.0001, 0.0019, 0.0001, 0.0019, 0.0001, 0.0019,
        0.0001, 0.0019, 0.0001, 0.0019, 0.0001, 0.0019, 0.0001, 0.0019, 0.0001,
        0.0019, 0.0001, 0.0019, 0.0001, 0.0019, 0.0001, 0.0019, 0.0001, 0.0019,
        0.0001, 0.0019, 0.0001, 0.0019, 0.0001, 0.0019, 0.0001, 0.0019, 0.0001,
        0.0019, 0.0001, 0.0019, 0.0001, 0.0019, 0.0001, 0.0019, 0.0001, 0.0019,
        0.0001, 0.0019, 0.0001, 0.0019, 0.0001, 0.0019, 0.0001, 0.0019, 0.0001,
        0.0019, 0.0001, 0.0019, 0.0001, 0.0019, 0.0001, 0.0019, 0.0001, 0.0019,
        0.0001, 0.0019, 0.0001, 0.0019, 0.0001, 0.0019, 0.0001, 0.0019, 0.0001,
        0.0019, 0.0001, 0.0019, 0.0001, 0.0019, 0.0001, 0.0019, 0.0001, 0.0019,
        0.0001, 0.0019, 0.0001, 0.0019, 0.0001, 0.0019, 0.0001, 0.0019, 0.0001,
        0.0019, 0.0001, 0.0019, 0.0001, 0.0019, 0.0001, 0.0019, 0.0001, 0.0019,
        0.0001, 0.0019, 0.0001, 0.0019, 0.0001, 0.0019, 0.0001, 0.0019, 0.0001,
        0.0019, 0.0001, 0.0019, 0.0001, 0.0019, 0.0001, 0.0019, 0.0001, 0.0019,
        0.0001, 0.0019, 0.0001, 0.0019, 0.0001, 0.0019, 0.0001, 0.0019, 0.0001,
        0.0019, 0.0001, 0.0019, 0.0001, 0.0019, 0.0001, 0.0019, 0.0001, 0.0019,
        0.0001, 0.0019, 0.0001, 0.0019, 0.0001, 0.0019, 0.0001, 0.0019, 0.0001,
        0.0019, 0.0001, 0.0019, 0.0001, 0.0019, 0.0001, 0.0019, 0.0001, 0.0019,
        0.0001, 0.0019, 0.0001, 0.0019, 0.0001, 0.0019, 0.0001, 0.0019, 0.0001,
        0.0019, 0.0001, 0.0019, 0.0001, 0.0019, 0.0001, 0.0019, 0.0001, 0.0019,
        0.0001, 0.0019, 0.0001, 0.0019, 0.0001, 0.0019, 0.0001, 0.0019, 0.0001,
        0.0019, 0.0001, 0.0019, 0.0001, 0.0019, 0.0001, 0.0019, 0.0001, 0.0019,
        0.0001, 0.0019, 0.0001, 0.0019, 0.0001, 0.0019, 0.0001, 0.0019, 0.0001,
        0.0019, 0.0001, 0.0019, 0.0001, 0.0019, 0.0001, 0.0019, 0.0001, 0.0019,
        0.0001, 0.0019, 0.0001, 0.0019, 0.0001, 0.0019, 0.0001, 0.0019, 0.0001,
        0.0019, 0.0001, 0.0019, 0.0001, 0.0019, 0.0001, 0.0019, 0.0001, 0.0019,
        0.0001, 0.0019, 0.0001, 0.0019, 0.0001, 0.0019, 0.0001, 0.0019, 0.0001,
        0.0019, 0.0001, 0.0019, 0.0001, 0.0019, 0.0001, 0.0019, 0.0001, 0.0019,
        0.0001, 0.0019, 0.0001, 0.0019, 0.0001, 0.0019, 0.0001, 0.0019, 0.0001,
        0.0019, 0.0001, 0.0019, 0.0001, 0.0019, 0.0001, 0.0019, 0.0001, 0.0019,
        0.0001, 0.0019, 0.0001, 0.0019, 0.0001, 0.0019, 0.0001, 0.0019, 0.0001,
        0.0019, 0.0001, 0.0019, 0.0001, 0.0019, 0.0001, 0.0019, 0.0001, 0.0019,
        0.0001, 0.0019, 0.0001, 0.0019, 0.0001, 0.0019, 0.0001, 0.0019, 0.0001,
        0.0019, 0.0001, 0.0019, 0.0001, 0.0019, 0.0001, 0.0019, 0.0001, 0.0019,
        0.0001, 0.0019, 0.0001, 0.0019, 0.0001, 0.0019, 0.0001, 0.0019, 0.0001,
        0.0019, 0.0001, 0.0019, 0.0001, 0.0019, 0.0001, 0.0019, 0.0001, 0.0019,
        0.0001, 0.0019, 0.0001, 0.0019, 0.0001, 0.0019, 0.0001, 0.0019, 0.0001,
        0.0019, 0.0001, 0.0019, 0.0001, 0.0019, 0.0001, 0.0019, 0.0001, 0.0019,
        0.0001, 0.0019, 0.0001, 0.0019, 0.0001, 0.0019, 0.0001, 0.0019, 0.0001,
        0.0019, 0.0001, 0.0019, 0.0001, 0.0019, 0.0001, 0.0019, 0.0001, 0.0019,
        0.0001, 0.0019, 0.0001, 0.0019, 0.0001, 0.0019, 0.0001, 0.0019, 0.0001,
        0.0019, 0.0001, 0.0019, 0.0001, 0.0019, 0.0001, 0.0019, 0.0001, 0.0019,
        0.0001, 0.0019, 0.0001, 0.0019, 0.0001, 0.0019, 0.0001, 0.0019, 0.0001,
        0.0019, 0.0001, 0.0019, 0.0001, 0.0019, 0.0001, 0.0019, 0.0001, 0.0019,
        0.0001, 0.0019, 0.0001, 0.0019, 0.0001, 0.0019, 0.0001, 0.0019, 0.0001,
        0.0019, 0.0001, 0.0019, 0.0001, 0.0019, 0.0001, 0.0019, 0.0001, 0.0019,
        0.0001, 0.0019, 0.0001, 0.0019, 0.0001, 0.0019, 0.0001, 0.0019, 0.0001,
        0.0019, 0.0001, 0.0019, 0.0001, 0.0019, 0.0001, 0.0019, 0.0001, 0.0019,
        0.0001, 0.0019, 0.0001, 0.0019, 0.0001, 0.0019, 0.0001, 0.0019, 0.0001,
        0.0019, 0.0001, 0.0019, 0.0001, 0.0019, 0.0001, 0.0019, 0.0001, 0.0019,
        0.0001, 0.0019, 0.0001, 0.0019, 0.0001, 0.0019, 0.0001, 0.0019, 0.0001,
        0.0019, 0.0001, 0.0019, 0.0001, 0.0019, 0.0001, 0.0019, 0.0001, 0.0019,
        0.0001, 0.0019, 0.0001, 0.0019, 0.0001, 0.0019, 0.0001, 0.0019, 0.0001,
        0.0019, 0.0001, 0.0019, 0.0001, 0.0019, 0.0001, 0.0019, 0.0001, 0.0019,
        0.0001, 0.0019, 0.0001, 0.0019, 0.0001, 0.0019, 0.0001, 0.0019, 0.0001,
        0.0019, 0.0001, 0.0019, 0.0001, 0.0019, 0.0001, 0.0019, 0.0001, 0.0019,
        0.0001, 0.0019, 0.0001, 0.0019, 0.0001, 0.0019, 0.0001, 0.0019, 0.0001,
        0.0019, 0.0001, 0.0019, 0.0001, 0.0019, 0.0001, 0.0019, 0.0001, 0.0019,
        0.0001, 0.0019, 0.0001, 0.0019, 0.0001, 0.0019, 0.0001, 0.0019, 0.0001,
        0.0019, 0.0001, 0.0019, 0.0001, 0.0019, 0.0001, 0.0019, 0.0001, 0.0019,
        0.0001, 0.0019, 0.0001, 0.0019, 0.0001, 0.0019, 0.0001, 0.0019, 0.0001,
        0.0019, 0.0001, 0.0019, 0.0001, 0.0019, 0.0001, 0.0019, 0.0001, 0.0019,
        0.0001, 0.0019, 0.0001, 0.0019, 0.0001, 0.0019, 0.0001, 0.0019, 0.0001,
        0.0019, 0.0001, 0.0019, 0.0001, 0.0019, 0.0001, 0.0019, 0.0001, 0.0019,
        0.0001, 0.0019, 0.0001, 0.0019, 0.0001, 0.0019, 0.0001, 0.0019, 0.0001,
        0.0019, 0.0001, 0.0019, 0.0001, 0.0019, 0.0001, 0.0019, 0.0001, 0.0019,
        0.0001, 0.0019, 0.0001, 0.0019, 0.0001, 0.0019, 0.0001, 0.0019, 0.0001,
        0.0019, 0.0001, 0.0019, 0.0001, 0.0019, 0.0001, 0.0019, 0.0001, 0.0019,
        0.0001, 0.0019, 0.0001, 0.0019, 0.0001, 0.0019, 0.0001, 0.0019, 0.0001,
        0.0019, 0.0001, 0.0019, 0.0001, 0.0019, 0.0001, 0.0019, 0.0001, 0.0019,
        0.0001, 0.0019, 0.0001, 0.0019, 0.0001, 0.0019, 0.0001, 0.0019, 0.0001,
        0.0019, 0.0001, 0.0019, 0.0001, 0.0019, 0.0001, 0.0019, 0.0001, 0.0019,
        0.0001, 0.0019, 0.0001, 0.0019, 0.0001, 0.0019, 0.0001, 0.0019, 0.0001,
        0.0019, 0.0001, 0.0019, 0.0001, 0.0019, 0.0001, 0.0019, 0.0001, 0.0019,
        0.0001, 0.0019, 0.0001, 0.0019, 0.0001, 0.0019, 0.0001, 0.0019, 0.0001,
        0.0019, 0.0001, 0.0019, 0.0001, 0.0019, 0.0001, 0.0019, 0.0001, 0.0019,
        0.0001, 0.0019, 0.0001, 0.0019, 0.0001, 0.0019, 0.0001, 0.0019, 0.0001,
        0.0019, 0.0001, 0.0019, 0.0001, 0.0019, 0.0001, 0.0019, 0.0001, 0.0019,
        0.0001, 0.0019, 0.0001, 0.0019, 0.0001, 0.0019, 0.0001, 0.0019, 0.0001,
        0.0019, 0.0001, 0.0019, 0.0001, 0.0019, 0.0001, 0.0019, 0.0001, 0.0019,
        0.0001, 0.0019, 0.0001, 0.0019, 0.0001, 0.0019, 0.0001, 0.0019, 0.0001,
        0.0019, 0.0001, 0.0019, 0.0001, 0.0019, 0.0001, 0.0019, 0.0001, 0.0019,
        0.0001, 0.0019, 0.0001, 0.0019, 0.0001, 0.0019, 0.0001, 0.0019, 0.0001,
        0.0019, 0.0001, 0.0019, 0.0001, 0.0019, 0.0001, 0.0019, 0.0001, 0.0019,
        0.0001, 0.0019, 0.0001, 0.0019, 0.0001, 0.0019, 0.0001, 0.0019, 0.0001,
        0.0019, 0.0001, 0.0019, 0.0001, 0.0019, 0.0001, 0.0019, 0.0001, 0.0019,
        0.0001, 0.0019, 0.0001, 0.0019, 0.0001, 0.0019, 0.0001, 0.0019, 0.0001,
        0.0019, 0.0001, 0.0019, 0.0001, 0.0019, 0.0001, 0.0019, 0.0001, 0.0019,
        0.0001, 0.0019, 0.0001, 0.0019, 0.0001, 0.0019, 0.0001, 0.0019, 0.0001,
        0.0019, 0.0001, 0.0019, 0.0001, 0.0019, 0.0001, 0.0019, 0.0001, 0.0019,
        0.0001, 0.0019, 0.0001, 0.0019, 0.0001, 0.0019, 0.0001, 0.0019, 0.0001,
        0.0019, 0.0001, 0.0019, 0.0001, 0.0019, 0.0001, 0.0019, 0.0001, 0.0019,
        0.0001])
bitflipelltwo, alpha=1, sample size=290000
#########################################
tensor(0.0001, device='cuda:0')
(5601, 1000, 0.0009, 1, 290000, 'elltwo', 'bitflip', 0.0001220703125, 0.012000000104308128, 101.28447198867798, '2024-04-09 22:09:48')
pval: 0.012000000104308128 -- 5601th test, time elapsed 101.28447198867798 -- emperical power so far: 1.0
db insert success
tensor(0.0001, device='cuda:0')
(5602, 1000, 0.0009, 1, 290000, 'elltwo', 'bitflip', 0.0001220703125, 0.13100001215934753, 98.43074703216553, '2024-04-09 22:11:34')
pval: 0.13100001215934753 -- 5602th test, time elapsed 98.43074703216553 -- emperical power so far: 0.5
db insert success
tensor(-0.0009, device='cuda:0')
(5603, 1000, 0.0009, 1, 290000, 'elltwo', 'bitflip', -0.000946044921875, 0.5420000553131104, 98.41089463233948, '2024-04-09 22:13:14')
pval: 0.5420000553131104 -- 5603th test, time elapsed 98.41089463233948 -- emperical power so far: 0.3333333333333333
db insert success
tensor(-0.0004, device='cuda:0')
(5604, 1000, 0.0009, 1, 290000, 'elltwo', 'bitflip', -0.00042724609375, 0.6070000529289246, 98.48819255828857, '2024-04-09 22:15:11')
pval: 0.6070000529289246 -- 5604th test, time elapsed 98.48819255828857 -- emperical power so far: 0.25
db insert success
tensor(0.0001, device='cuda:0')
(5605, 1000, 0.0009, 1, 290000, 'elltwo', 'bitflip', 0.0001220703125, 0.6080000400543213, 98.81814479827881, '2024-04-09 22:17:07')
pval: 0.6080000400543213 -- 5605th test, time elapsed 98.81814479827881 -- emperical power so far: 0.2
db insert success
tensor(-0.0004, device='cuda:0')
(5606, 1000, 0.0009, 1, 290000, 'elltwo', 'bitflip', -0.000396728515625, 0.0010000000474974513, 98.45277094841003, '2024-04-09 22:18:59')
pval: 0.0010000000474974513 -- 5606th test, time elapsed 98.45277094841003 -- emperical power so far: 0.3333333333333333
db insert success
tensor(-0.0004, device='cuda:0')
(5607, 1000, 0.0009, 1, 290000, 'elltwo', 'bitflip', -0.000396728515625, 0.005000000353902578, 98.54829478263855, '2024-04-09 22:20:49')
pval: 0.005000000353902578 -- 5607th test, time elapsed 98.54829478263855 -- emperical power so far: 0.42857142857142855
db insert success
tensor(-0.0004, device='cuda:0')
(5608, 1000, 0.0009, 1, 290000, 'elltwo', 'bitflip', -0.000396728515625, 0.0010000000474974513, 98.41469669342041, '2024-04-09 22:22:31')
pval: 0.0010000000474974513 -- 5608th test, time elapsed 98.41469669342041 -- emperical power so far: 0.5
db insert success
tensor(0.0007, device='cuda:0')
(5609, 1000, 0.0009, 1, 290000, 'elltwo', 'bitflip', 0.00067138671875, 0.004000000189989805, 98.48587250709534, '2024-04-09 22:24:15')
pval: 0.004000000189989805 -- 5609th test, time elapsed 98.48587250709534 -- emperical power so far: 0.5555555555555556
db insert success
tensor(-0.0004, device='cuda:0')
(5610, 1000, 0.0009, 1, 290000, 'elltwo', 'bitflip', -0.00042724609375, 0.3930000066757202, 98.4427342414856, '2024-04-09 22:26:01')
pval: 0.3930000066757202 -- 5610th test, time elapsed 98.4427342414856 -- emperical power so far: 0.5
db insert success
tensor(0.0002, device='cuda:0')
(5611, 1000, 0.0009, 1, 290000, 'elltwo', 'bitflip', 0.000152587890625, 0.16200000047683716, 98.45327854156494, '2024-04-09 22:27:52')
pval: 0.16200000047683716 -- 5611th test, time elapsed 98.45327854156494 -- emperical power so far: 0.45454545454545453
db insert success
tensor(0.0001, device='cuda:0')
(5612, 1000, 0.0009, 1, 290000, 'elltwo', 'bitflip', 0.0001220703125, 0.015000000596046448, 98.3502094745636, '2024-04-09 22:29:51')
pval: 0.015000000596046448 -- 5612th test, time elapsed 98.3502094745636 -- emperical power so far: 0.5
db insert success
tensor(-0.0004, device='cuda:0')
(5613, 1000, 0.0009, 1, 290000, 'elltwo', 'bitflip', -0.000396728515625, 0.0010000000474974513, 98.47071576118469, '2024-04-09 22:31:32')
pval: 0.0010000000474974513 -- 5613th test, time elapsed 98.47071576118469 -- emperical power so far: 0.5384615384615384
db insert success
tensor(-0.0004, device='cuda:0')
(5614, 1000, 0.0009, 1, 290000, 'elltwo', 'bitflip', -0.00042724609375, 0.08500000089406967, 98.65945601463318, '2024-04-09 22:33:14')
pval: 0.08500000089406967 -- 5614th test, time elapsed 98.65945601463318 -- emperical power so far: 0.5
db insert success
tensor(-0.0004, device='cuda:0')
(5615, 1000, 0.0009, 1, 290000, 'elltwo', 'bitflip', -0.000396728515625, 0.6550000309944153, 98.04595065116882, '2024-04-09 22:35:03')
pval: 0.6550000309944153 -- 5615th test, time elapsed 98.04595065116882 -- emperical power so far: 0.4666666666666667
db insert success
tensor(0.0002, device='cuda:0')
(5616, 1000, 0.0009, 1, 290000, 'elltwo', 'bitflip', 0.000152587890625, 0.027000000700354576, 97.71544218063354, '2024-04-09 22:36:58')
pval: 0.027000000700354576 -- 5616th test, time elapsed 97.71544218063354 -- emperical power so far: 0.5
db insert success
tensor(-0.0004, device='cuda:0')
(5617, 1000, 0.0009, 1, 290000, 'elltwo', 'bitflip', -0.00042724609375, 0.1080000028014183, 97.68017530441284, '2024-04-09 22:38:48')
pval: 0.1080000028014183 -- 5617th test, time elapsed 97.68017530441284 -- emperical power so far: 0.47058823529411764
db insert success
tensor(0.0002, device='cuda:0')
(5618, 1000, 0.0009, 1, 290000, 'elltwo', 'bitflip', 0.000152587890625, 0.0010000000474974513, 97.82263565063477, '2024-04-09 22:40:37')
pval: 0.0010000000474974513 -- 5618th test, time elapsed 97.82263565063477 -- emperical power so far: 0.5
db insert success
tensor(-0.0004, device='cuda:0')
(5619, 1000, 0.0009, 1, 290000, 'elltwo', 'bitflip', -0.000396728515625, 0.0010000000474974513, 97.76146864891052, '2024-04-09 22:42:34')
pval: 0.0010000000474974513 -- 5619th test, time elapsed 97.76146864891052 -- emperical power so far: 0.5263157894736842
db insert success
tensor(-0.0004, device='cuda:0')
(5620, 1000, 0.0009, 1, 290000, 'elltwo', 'bitflip', -0.000396728515625, 0.018000001087784767, 97.8088264465332, '2024-04-09 22:44:18')
pval: 0.018000001087784767 -- 5620th test, time elapsed 97.8088264465332 -- emperical power so far: 0.55
db insert success
tensor(0.0001, device='cuda:0')
(5621, 1000, 0.0009, 1, 290000, 'elltwo', 'bitflip', 0.0001220703125, 0.04100000113248825, 97.83896160125732, '2024-04-09 22:46:09')
pval: 0.04100000113248825 -- 5621th test, time elapsed 97.83896160125732 -- emperical power so far: 0.5714285714285714
db insert success
tensor(0.0007, device='cuda:0')
(5622, 1000, 0.0009, 1, 290000, 'elltwo', 'bitflip', 0.00067138671875, 0.0010000000474974513, 97.81575775146484, '2024-04-09 22:48:07')
pval: 0.0010000000474974513 -- 5622th test, time elapsed 97.81575775146484 -- emperical power so far: 0.5909090909090909
db insert success
tensor(0.0001, device='cuda:0')
(5623, 1000, 0.0009, 1, 290000, 'elltwo', 'bitflip', 0.0001220703125, 0.04500000178813934, 98.05665898323059, '2024-04-09 22:49:51')
pval: 0.04500000178813934 -- 5623th test, time elapsed 98.05665898323059 -- emperical power so far: 0.6086956521739131
db insert success
tensor(0.0002, device='cuda:0')
(5624, 1000, 0.0009, 1, 290000, 'elltwo', 'bitflip', 0.000152587890625, 0.0010000000474974513, 97.83576726913452, '2024-04-09 22:51:31')
pval: 0.0010000000474974513 -- 5624th test, time elapsed 97.83576726913452 -- emperical power so far: 0.625
db insert success
tensor(0.0002, device='cuda:0')
(5625, 1000, 0.0009, 1, 290000, 'elltwo', 'bitflip', 0.000152587890625, 0.009000000543892384, 97.73716354370117, '2024-04-09 22:53:18')
pval: 0.009000000543892384 -- 5625th test, time elapsed 97.73716354370117 -- emperical power so far: 0.64
db insert success
tensor(0.0002, device='cuda:0')
(5626, 1000, 0.0009, 1, 290000, 'elltwo', 'bitflip', 0.000152587890625, 0.05700000375509262, 97.96344232559204, '2024-04-09 22:55:05')
pval: 0.05700000375509262 -- 5626th test, time elapsed 97.96344232559204 -- emperical power so far: 0.6153846153846154
db insert success
tensor(-0.0004, device='cuda:0')
(5627, 1000, 0.0009, 1, 290000, 'elltwo', 'bitflip', -0.00042724609375, 0.23400001227855682, 97.76592469215393, '2024-04-09 22:56:45')
pval: 0.23400001227855682 -- 5627th test, time elapsed 97.76592469215393 -- emperical power so far: 0.5925925925925926
db insert success
tensor(0.0001, device='cuda:0')
(5628, 1000, 0.0009, 1, 290000, 'elltwo', 'bitflip', 0.0001220703125, 0.5540000200271606, 97.82260942459106, '2024-04-09 22:58:40')
pval: 0.5540000200271606 -- 5628th test, time elapsed 97.82260942459106 -- emperical power so far: 0.5714285714285714
db insert success
tensor(0.0002, device='cuda:0')
(5629, 1000, 0.0009, 1, 290000, 'elltwo', 'bitflip', 0.000152587890625, 0.0010000000474974513, 97.60393381118774, '2024-04-09 23:00:22')
pval: 0.0010000000474974513 -- 5629th test, time elapsed 97.60393381118774 -- emperical power so far: 0.5862068965517241
db insert success
tensor(-0.0004, device='cuda:0')
(5630, 1000, 0.0009, 1, 290000, 'elltwo', 'bitflip', -0.000396728515625, 0.04000000283122063, 97.79118204116821, '2024-04-09 23:02:13')
pval: 0.04000000283122063 -- 5630th test, time elapsed 97.79118204116821 -- emperical power so far: 0.6
db insert success
tensor(-0.0009, device='cuda:0')
(5631, 1000, 0.0009, 1, 290000, 'elltwo', 'bitflip', -0.00091552734375, 0.5600000023841858, 97.7942442893982, '2024-04-09 23:04:11')
pval: 0.5600000023841858 -- 5631th test, time elapsed 97.7942442893982 -- emperical power so far: 0.5806451612903226
db insert success
tensor(-0.0004, device='cuda:0')
(5632, 1000, 0.0009, 1, 290000, 'elltwo', 'bitflip', -0.000396728515625, 0.0010000000474974513, 97.73806166648865, '2024-04-09 23:06:05')
pval: 0.0010000000474974513 -- 5632th test, time elapsed 97.73806166648865 -- emperical power so far: 0.59375
db insert success
tensor(0.0002, device='cuda:0')
(5633, 1000, 0.0009, 1, 290000, 'elltwo', 'bitflip', 0.000152587890625, 0.19600000977516174, 97.7624979019165, '2024-04-09 23:07:44')
pval: 0.19600000977516174 -- 5633th test, time elapsed 97.7624979019165 -- emperical power so far: 0.5757575757575758
db insert success
tensor(-0.0004, device='cuda:0')
(5634, 1000, 0.0009, 1, 290000, 'elltwo', 'bitflip', -0.00042724609375, 0.4020000100135803, 97.9754581451416, '2024-04-09 23:09:31')
pval: 0.4020000100135803 -- 5634th test, time elapsed 97.9754581451416 -- emperical power so far: 0.5588235294117647
db insert success
tensor(-0.0004, device='cuda:0')
(5635, 1000, 0.0009, 1, 290000, 'elltwo', 'bitflip', -0.00042724609375, 0.22800001502037048, 98.22558665275574, '2024-04-09 23:11:15')
pval: 0.22800001502037048 -- 5635th test, time elapsed 98.22558665275574 -- emperical power so far: 0.5428571428571428
db insert success
tensor(-0.0004, device='cuda:0')
(5636, 1000, 0.0009, 1, 290000, 'elltwo', 'bitflip', -0.000396728515625, 0.44600000977516174, 97.79677867889404, '2024-04-09 23:13:08')
pval: 0.44600000977516174 -- 5636th test, time elapsed 97.79677867889404 -- emperical power so far: 0.5277777777777778
db insert success
tensor(-0.0004, device='cuda:0')
(5637, 1000, 0.0009, 1, 290000, 'elltwo', 'bitflip', -0.00042724609375, 0.4540000259876251, 97.7846827507019, '2024-04-09 23:14:58')
pval: 0.4540000259876251 -- 5637th test, time elapsed 97.7846827507019 -- emperical power so far: 0.5135135135135135
db insert success
tensor(-0.0004, device='cuda:0')
(5638, 1000, 0.0009, 1, 290000, 'elltwo', 'bitflip', -0.000396728515625, 0.0430000014603138, 98.25072193145752, '2024-04-09 23:16:44')
pval: 0.0430000014603138 -- 5638th test, time elapsed 98.25072193145752 -- emperical power so far: 0.5263157894736842
db insert success
tensor(-0.0004, device='cuda:0')
(5639, 1000, 0.0009, 1, 290000, 'elltwo', 'bitflip', -0.00042724609375, 0.4660000205039978, 98.34590578079224, '2024-04-09 23:18:32')
pval: 0.4660000205039978 -- 5639th test, time elapsed 98.34590578079224 -- emperical power so far: 0.5128205128205128
db insert success
tensor(0.0002, device='cuda:0')
(5640, 1000, 0.0009, 1, 290000, 'elltwo', 'bitflip', 0.000152587890625, 0.0010000000474974513, 98.36664581298828, '2024-04-09 23:20:20')
pval: 0.0010000000474974513 -- 5640th test, time elapsed 98.36664581298828 -- emperical power so far: 0.525
db insert success
tensor(0.0002, device='cuda:0')
(5641, 1000, 0.0009, 1, 290000, 'elltwo', 'bitflip', 0.00018310546875, 0.00800000037997961, 98.12726473808289, '2024-04-09 23:22:17')
pval: 0.00800000037997961 -- 5641th test, time elapsed 98.12726473808289 -- emperical power so far: 0.5365853658536586
db insert success
tensor(0.0001, device='cuda:0')
(5642, 1000, 0.0009, 1, 290000, 'elltwo', 'bitflip', 0.0001220703125, 0.1080000028014183, 97.71636199951172, '2024-04-09 23:24:12')
pval: 0.1080000028014183 -- 5642th test, time elapsed 97.71636199951172 -- emperical power so far: 0.5238095238095238
db insert success
tensor(-0.0004, device='cuda:0')
(5643, 1000, 0.0009, 1, 290000, 'elltwo', 'bitflip', -0.000396728515625, 0.0010000000474974513, 97.79726219177246, '2024-04-09 23:26:10')
pval: 0.0010000000474974513 -- 5643th test, time elapsed 97.79726219177246 -- emperical power so far: 0.5348837209302325
db insert success
tensor(0.0001, device='cuda:0')
(5644, 1000, 0.0009, 1, 290000, 'elltwo', 'bitflip', 0.0001220703125, 0.003000000026077032, 97.84526371955872, '2024-04-09 23:27:56')
pval: 0.003000000026077032 -- 5644th test, time elapsed 97.84526371955872 -- emperical power so far: 0.5454545454545454
db insert success
tensor(0.0001, device='cuda:0')
(5645, 1000, 0.0009, 1, 290000, 'elltwo', 'bitflip', 0.0001220703125, 0.14600001275539398, 97.75970983505249, '2024-04-09 23:29:35')
pval: 0.14600001275539398 -- 5645th test, time elapsed 97.75970983505249 -- emperical power so far: 0.5333333333333333
db insert success
tensor(9.1553e-05, device='cuda:0')
(5646, 1000, 0.0009, 1, 290000, 'elltwo', 'bitflip', 9.1552734375e-05, 0.22200001776218414, 97.72925090789795, '2024-04-09 23:31:29')
pval: 0.22200001776218414 -- 5646th test, time elapsed 97.72925090789795 -- emperical power so far: 0.5217391304347826
db insert success
tensor(-0.0004, device='cuda:0')
(5647, 1000, 0.0009, 1, 290000, 'elltwo', 'bitflip', -0.000396728515625, 0.12300000339746475, 97.77866244316101, '2024-04-09 23:33:19')
pval: 0.12300000339746475 -- 5647th test, time elapsed 97.77866244316101 -- emperical power so far: 0.5106382978723404
db insert success
tensor(0.0007, device='cuda:0')
(5648, 1000, 0.0009, 1, 290000, 'elltwo', 'bitflip', 0.00067138671875, 0.04700000211596489, 97.81088328361511, '2024-04-09 23:35:05')
pval: 0.04700000211596489 -- 5648th test, time elapsed 97.81088328361511 -- emperical power so far: 0.5208333333333334
db insert success
tensor(-0.0004, device='cuda:0')
(5649, 1000, 0.0009, 1, 290000, 'elltwo', 'bitflip', -0.000396728515625, 0.0010000000474974513, 97.71486568450928, '2024-04-09 23:36:55')
pval: 0.0010000000474974513 -- 5649th test, time elapsed 97.71486568450928 -- emperical power so far: 0.5306122448979592
db insert success
tensor(-0.0004, device='cuda:0')
(5650, 1000, 0.0009, 1, 290000, 'elltwo', 'bitflip', -0.00042724609375, 0.00800000037997961, 97.8417136669159, '2024-04-09 23:38:49')
pval: 0.00800000037997961 -- 5650th test, time elapsed 97.8417136669159 -- emperical power so far: 0.54
db insert success
tensor(0.0002, device='cuda:0')
(5651, 1000, 0.0009, 1, 290000, 'elltwo', 'bitflip', 0.000152587890625, 0.13600000739097595, 98.34271574020386, '2024-04-09 23:40:29')
pval: 0.13600000739097595 -- 5651th test, time elapsed 98.34271574020386 -- emperical power so far: 0.5294117647058824
db insert success
tensor(0.0002, device='cuda:0')
(5652, 1000, 0.0009, 1, 290000, 'elltwo', 'bitflip', 0.000152587890625, 0.02500000037252903, 97.85734510421753, '2024-04-09 23:42:18')
pval: 0.02500000037252903 -- 5652th test, time elapsed 97.85734510421753 -- emperical power so far: 0.5384615384615384
db insert success
tensor(-0.0004, device='cuda:0')
(5653, 1000, 0.0009, 1, 290000, 'elltwo', 'bitflip', -0.000396728515625, 0.006000000052154064, 97.74559450149536, '2024-04-09 23:44:05')
pval: 0.006000000052154064 -- 5653th test, time elapsed 97.74559450149536 -- emperical power so far: 0.5471698113207547
db insert success
tensor(0.0002, device='cuda:0')
(5654, 1000, 0.0009, 1, 290000, 'elltwo', 'bitflip', 0.000152587890625, 0.11700000613927841, 97.65555620193481, '2024-04-09 23:45:51')
pval: 0.11700000613927841 -- 5654th test, time elapsed 97.65555620193481 -- emperical power so far: 0.5370370370370371
db insert success
tensor(-0.0004, device='cuda:0')
(5655, 1000, 0.0009, 1, 290000, 'elltwo', 'bitflip', -0.000396728515625, 0.22700001299381256, 97.8500509262085, '2024-04-09 23:47:43')
pval: 0.22700001299381256 -- 5655th test, time elapsed 97.8500509262085 -- emperical power so far: 0.5272727272727272
db insert success
tensor(0.0001, device='cuda:0')
(5656, 1000, 0.0009, 1, 290000, 'elltwo', 'bitflip', 0.0001220703125, 0.003000000026077032, 97.7563328742981, '2024-04-09 23:49:27')
pval: 0.003000000026077032 -- 5656th test, time elapsed 97.7563328742981 -- emperical power so far: 0.5357142857142857
db insert success
tensor(-0.0004, device='cuda:0')
(5657, 1000, 0.0009, 1, 290000, 'elltwo', 'bitflip', -0.000396728515625, 0.531000018119812, 97.75670742988586, '2024-04-09 23:51:21')
pval: 0.531000018119812 -- 5657th test, time elapsed 97.75670742988586 -- emperical power so far: 0.5263157894736842
db insert success
tensor(0.0007, device='cuda:0')
(5658, 1000, 0.0009, 1, 290000, 'elltwo', 'bitflip', 0.000701904296875, 0.0010000000474974513, 97.72594738006592, '2024-04-09 23:53:01')
pval: 0.0010000000474974513 -- 5658th test, time elapsed 97.72594738006592 -- emperical power so far: 0.5344827586206896
db insert success
tensor(-0.0004, device='cuda:0')
(5659, 1000, 0.0009, 1, 290000, 'elltwo', 'bitflip', -0.000396728515625, 0.2850000262260437, 97.98206043243408, '2024-04-09 23:54:57')
pval: 0.2850000262260437 -- 5659th test, time elapsed 97.98206043243408 -- emperical power so far: 0.5254237288135594
db insert success
tensor(0.0002, device='cuda:0')
(5660, 1000, 0.0009, 1, 290000, 'elltwo', 'bitflip', 0.000152587890625, 0.0010000000474974513, 98.3215560913086, '2024-04-09 23:56:50')
pval: 0.0010000000474974513 -- 5660th test, time elapsed 98.3215560913086 -- emperical power so far: 0.5333333333333333
db insert success
tensor(-0.0004, device='cuda:0')
(5661, 1000, 0.0009, 1, 290000, 'elltwo', 'bitflip', -0.00042724609375, 0.35600000619888306, 97.96181964874268, '2024-04-09 23:58:41')
pval: 0.35600000619888306 -- 5661th test, time elapsed 97.96181964874268 -- emperical power so far: 0.5245901639344263
db insert success
tensor(0.0001, device='cuda:0')
(5662, 1000, 0.0009, 1, 290000, 'elltwo', 'bitflip', 0.0001220703125, 0.10500000417232513, 97.65238571166992, '2024-04-10 00:00:21')
pval: 0.10500000417232513 -- 5662th test, time elapsed 97.65238571166992 -- emperical power so far: 0.5161290322580645
db insert success
tensor(0.0002, device='cuda:0')
(5663, 1000, 0.0009, 1, 290000, 'elltwo', 'bitflip', 0.000152587890625, 0.0010000000474974513, 98.11441230773926, '2024-04-10 00:02:13')
pval: 0.0010000000474974513 -- 5663th test, time elapsed 98.11441230773926 -- emperical power so far: 0.5238095238095238
db insert success
tensor(0.0007, device='cuda:0')
(5664, 1000, 0.0009, 1, 290000, 'elltwo', 'bitflip', 0.000701904296875, 0.0010000000474974513, 97.77467083930969, '2024-04-10 00:04:07')
pval: 0.0010000000474974513 -- 5664th test, time elapsed 97.77467083930969 -- emperical power so far: 0.53125
db insert success
tensor(0.0007, device='cuda:0')
(5665, 1000, 0.0009, 1, 290000, 'elltwo', 'bitflip', 0.00067138671875, 0.0430000014603138, 97.78248119354248, '2024-04-10 00:05:58')
pval: 0.0430000014603138 -- 5665th test, time elapsed 97.78248119354248 -- emperical power so far: 0.5384615384615384
db insert success
tensor(-0.0009, device='cuda:0')
(5666, 1000, 0.0009, 1, 290000, 'elltwo', 'bitflip', -0.00091552734375, 0.35200002789497375, 97.82649207115173, '2024-04-10 00:07:56')
pval: 0.35200002789497375 -- 5666th test, time elapsed 97.82649207115173 -- emperical power so far: 0.5303030303030303
db insert success
tensor(-0.0004, device='cuda:0')
(5667, 1000, 0.0009, 1, 290000, 'elltwo', 'bitflip', -0.000396728515625, 0.004000000189989805, 98.27635765075684, '2024-04-10 00:09:47')
pval: 0.004000000189989805 -- 5667th test, time elapsed 98.27635765075684 -- emperical power so far: 0.5373134328358209
db insert success
tensor(-0.0004, device='cuda:0')
(5668, 1000, 0.0009, 1, 290000, 'elltwo', 'bitflip', -0.000396728515625, 0.22100001573562622, 98.00060200691223, '2024-04-10 00:11:44')
pval: 0.22100001573562622 -- 5668th test, time elapsed 98.00060200691223 -- emperical power so far: 0.5294117647058824
db insert success
tensor(0.0001, device='cuda:0')
(5669, 1000, 0.0009, 1, 290000, 'elltwo', 'bitflip', 0.0001220703125, 0.1210000067949295, 97.75850081443787, '2024-04-10 00:13:32')
pval: 0.1210000067949295 -- 5669th test, time elapsed 97.75850081443787 -- emperical power so far: 0.5217391304347826
db insert success
tensor(-0.0004, device='cuda:0')
(5670, 1000, 0.0009, 1, 290000, 'elltwo', 'bitflip', -0.000396728515625, 0.0010000000474974513, 97.80932140350342, '2024-04-10 00:15:26')
pval: 0.0010000000474974513 -- 5670th test, time elapsed 97.80932140350342 -- emperical power so far: 0.5285714285714286
db insert success
tensor(0.0002, device='cuda:0')
(5671, 1000, 0.0009, 1, 290000, 'elltwo', 'bitflip', 0.000152587890625, 0.03800000250339508, 97.66401195526123, '2024-04-10 00:17:07')
pval: 0.03800000250339508 -- 5671th test, time elapsed 97.66401195526123 -- emperical power so far: 0.5352112676056338
db insert success
tensor(0.0007, device='cuda:0')
(5672, 1000, 0.0009, 1, 290000, 'elltwo', 'bitflip', 0.000701904296875, 0.0010000000474974513, 97.69702911376953, '2024-04-10 00:18:59')
pval: 0.0010000000474974513 -- 5672th test, time elapsed 97.69702911376953 -- emperical power so far: 0.5416666666666666
db insert success
tensor(-0.0004, device='cuda:0')
(5673, 1000, 0.0009, 1, 290000, 'elltwo', 'bitflip', -0.000396728515625, 0.003000000026077032, 97.68553566932678, '2024-04-10 00:20:51')
pval: 0.003000000026077032 -- 5673th test, time elapsed 97.68553566932678 -- emperical power so far: 0.547945205479452
db insert success
tensor(-0.0004, device='cuda:0')
(5674, 1000, 0.0009, 1, 290000, 'elltwo', 'bitflip', -0.000396728515625, 0.20500001311302185, 97.79456615447998, '2024-04-10 00:22:32')
pval: 0.20500001311302185 -- 5674th test, time elapsed 97.79456615447998 -- emperical power so far: 0.5405405405405406
db insert success
tensor(0.0001, device='cuda:0')
(5675, 1000, 0.0009, 1, 290000, 'elltwo', 'bitflip', 0.0001220703125, 0.03800000250339508, 97.66461634635925, '2024-04-10 00:24:23')
pval: 0.03800000250339508 -- 5675th test, time elapsed 97.66461634635925 -- emperical power so far: 0.5466666666666666
db insert success
tensor(-0.0004, device='cuda:0')
(5676, 1000, 0.0009, 1, 290000, 'elltwo', 'bitflip', -0.000396728515625, 0.010000000707805157, 97.72719216346741, '2024-04-10 00:26:10')
pval: 0.010000000707805157 -- 5676th test, time elapsed 97.72719216346741 -- emperical power so far: 0.5526315789473685
db insert success
tensor(0.0001, device='cuda:0')
(5677, 1000, 0.0009, 1, 290000, 'elltwo', 'bitflip', 0.0001220703125, 0.030000001192092896, 97.77354025840759, '2024-04-10 00:27:57')
pval: 0.030000001192092896 -- 5677th test, time elapsed 97.77354025840759 -- emperical power so far: 0.5584415584415584
db insert success
tensor(0.0001, device='cuda:0')
(5678, 1000, 0.0009, 1, 290000, 'elltwo', 'bitflip', 0.0001220703125, 0.04200000315904617, 97.81856179237366, '2024-04-10 00:29:42')
pval: 0.04200000315904617 -- 5678th test, time elapsed 97.81856179237366 -- emperical power so far: 0.5641025641025641
db insert success
tensor(0.0002, device='cuda:0')
(5679, 1000, 0.0009, 1, 290000, 'elltwo', 'bitflip', 0.000152587890625, 0.21800000965595245, 97.95415377616882, '2024-04-10 00:31:28')
pval: 0.21800000965595245 -- 5679th test, time elapsed 97.95415377616882 -- emperical power so far: 0.5569620253164557
db insert success
tensor(0.0002, device='cuda:0')
(5680, 1000, 0.0009, 1, 290000, 'elltwo', 'bitflip', 0.000152587890625, 0.020000001415610313, 98.17235040664673, '2024-04-10 00:33:17')
pval: 0.020000001415610313 -- 5680th test, time elapsed 98.17235040664673 -- emperical power so far: 0.5625
db insert success
tensor(0.0001, device='cuda:0')
(5681, 1000, 0.0009, 1, 290000, 'elltwo', 'bitflip', 0.0001220703125, 0.1770000010728836, 98.34057545661926, '2024-04-10 00:35:04')
pval: 0.1770000010728836 -- 5681th test, time elapsed 98.34057545661926 -- emperical power so far: 0.5555555555555556
db insert success
tensor(0.0002, device='cuda:0')
(5682, 1000, 0.0009, 1, 290000, 'elltwo', 'bitflip', 0.00018310546875, 0.0010000000474974513, 97.9123125076294, '2024-04-10 00:37:03')
pval: 0.0010000000474974513 -- 5682th test, time elapsed 97.9123125076294 -- emperical power so far: 0.5609756097560976
db insert success
tensor(-0.0004, device='cuda:0')
(5683, 1000, 0.0009, 1, 290000, 'elltwo', 'bitflip', -0.000396728515625, 0.009000000543892384, 97.68892073631287, '2024-04-10 00:38:45')
pval: 0.009000000543892384 -- 5683th test, time elapsed 97.68892073631287 -- emperical power so far: 0.5662650602409639
db insert success
tensor(-0.0004, device='cuda:0')
(5684, 1000, 0.0009, 1, 290000, 'elltwo', 'bitflip', -0.00042724609375, 0.10100000351667404, 97.79751348495483, '2024-04-10 00:40:40')
pval: 0.10100000351667404 -- 5684th test, time elapsed 97.79751348495483 -- emperical power so far: 0.5595238095238095
db insert success
tensor(0.0002, device='cuda:0')
(5685, 1000, 0.0009, 1, 290000, 'elltwo', 'bitflip', 0.000152587890625, 0.03100000135600567, 98.42298769950867, '2024-04-10 00:42:25')
pval: 0.03100000135600567 -- 5685th test, time elapsed 98.42298769950867 -- emperical power so far: 0.5647058823529412
db insert success
tensor(-0.0004, device='cuda:0')
(5686, 1000, 0.0009, 1, 290000, 'elltwo', 'bitflip', -0.000396728515625, 0.0020000000949949026, 97.78377294540405, '2024-04-10 00:44:13')
pval: 0.0020000000949949026 -- 5686th test, time elapsed 97.78377294540405 -- emperical power so far: 0.5697674418604651
db insert success
tensor(0.0001, device='cuda:0')
(5687, 1000, 0.0009, 1, 290000, 'elltwo', 'bitflip', 0.0001220703125, 0.06400000303983688, 97.72636890411377, '2024-04-10 00:46:01')
pval: 0.06400000303983688 -- 5687th test, time elapsed 97.72636890411377 -- emperical power so far: 0.5632183908045977
db insert success
tensor(-0.0004, device='cuda:0')
(5688, 1000, 0.0009, 1, 290000, 'elltwo', 'bitflip', -0.000396728515625, 0.13199999928474426, 97.69861507415771, '2024-04-10 00:47:40')
pval: 0.13199999928474426 -- 5688th test, time elapsed 97.69861507415771 -- emperical power so far: 0.5568181818181818
db insert success
tensor(-0.0004, device='cuda:0')
(5689, 1000, 0.0009, 1, 290000, 'elltwo', 'bitflip', -0.00042724609375, 0.3750000298023224, 98.00353455543518, '2024-04-10 00:49:23')
pval: 0.3750000298023224 -- 5689th test, time elapsed 98.00353455543518 -- emperical power so far: 0.550561797752809
db insert success
tensor(0.0001, device='cuda:0')
(5690, 1000, 0.0009, 1, 290000, 'elltwo', 'bitflip', 0.0001220703125, 0.18400001525878906, 98.04996657371521, '2024-04-10 00:51:04')
pval: 0.18400001525878906 -- 5690th test, time elapsed 98.04996657371521 -- emperical power so far: 0.5444444444444444
db insert success
tensor(0.0002, device='cuda:0')
(5691, 1000, 0.0009, 1, 290000, 'elltwo', 'bitflip', 0.000152587890625, 0.0010000000474974513, 97.63603496551514, '2024-04-10 00:52:47')
pval: 0.0010000000474974513 -- 5691th test, time elapsed 97.63603496551514 -- emperical power so far: 0.5494505494505495
db insert success
tensor(-0.0009, device='cuda:0')
(5692, 1000, 0.0009, 1, 290000, 'elltwo', 'bitflip', -0.000946044921875, 0.6720000505447388, 97.90026378631592, '2024-04-10 00:54:44')
pval: 0.6720000505447388 -- 5692th test, time elapsed 97.90026378631592 -- emperical power so far: 0.5434782608695652
db insert success
tensor(-0.0004, device='cuda:0')
(5693, 1000, 0.0009, 1, 290000, 'elltwo', 'bitflip', -0.000396728515625, 0.012000000104308128, 97.72679710388184, '2024-04-10 00:56:29')
pval: 0.012000000104308128 -- 5693th test, time elapsed 97.72679710388184 -- emperical power so far: 0.5483870967741935
db insert success
tensor(-0.0004, device='cuda:0')
(5694, 1000, 0.0009, 1, 290000, 'elltwo', 'bitflip', -0.000396728515625, 0.007000000216066837, 97.79188871383667, '2024-04-10 00:58:21')
pval: 0.007000000216066837 -- 5694th test, time elapsed 97.79188871383667 -- emperical power so far: 0.5531914893617021
db insert success
tensor(-0.0004, device='cuda:0')
(5695, 1000, 0.0009, 1, 290000, 'elltwo', 'bitflip', -0.000396728515625, 0.22200001776218414, 97.74793124198914, '2024-04-10 01:00:14')
pval: 0.22200001776218414 -- 5695th test, time elapsed 97.74793124198914 -- emperical power so far: 0.5473684210526316
db insert success
tensor(0.0002, device='cuda:0')
(5696, 1000, 0.0009, 1, 290000, 'elltwo', 'bitflip', 0.000152587890625, 0.14100000262260437, 97.92155742645264, '2024-04-10 01:02:09')
pval: 0.14100000262260437 -- 5696th test, time elapsed 97.92155742645264 -- emperical power so far: 0.5416666666666666
db insert success
tensor(-0.0004, device='cuda:0')
(5697, 1000, 0.0009, 1, 290000, 'elltwo', 'bitflip', -0.00042724609375, 0.3190000057220459, 98.38215613365173, '2024-04-10 01:03:57')
pval: 0.3190000057220459 -- 5697th test, time elapsed 98.38215613365173 -- emperical power so far: 0.5360824742268041
db insert success
tensor(-0.0004, device='cuda:0')
(5698, 1000, 0.0009, 1, 290000, 'elltwo', 'bitflip', -0.000396728515625, 0.16100001335144043, 98.38690257072449, '2024-04-10 01:05:43')
pval: 0.16100001335144043 -- 5698th test, time elapsed 98.38690257072449 -- emperical power so far: 0.5306122448979592
db insert success
tensor(-0.0004, device='cuda:0')
(5699, 1000, 0.0009, 1, 290000, 'elltwo', 'bitflip', -0.000396728515625, 0.22700001299381256, 97.88076734542847, '2024-04-10 01:07:38')
pval: 0.22700001299381256 -- 5699th test, time elapsed 97.88076734542847 -- emperical power so far: 0.5252525252525253
db insert success
tensor(-0.0004, device='cuda:0')
(5700, 1000, 0.0009, 1, 290000, 'elltwo', 'bitflip', -0.000396728515625, 0.19600000977516174, 98.35533142089844, '2024-04-10 01:09:35')
pval: 0.19600000977516174 -- 5700th test, time elapsed 98.35533142089844 -- emperical power so far: 0.52
db insert success
tensor(-0.0004, device='cuda:0')
(5701, 1000, 0.0009, 1, 290000, 'elltwo', 'bitflip', -0.000396728515625, 0.0010000000474974513, 97.72360897064209, '2024-04-10 01:11:24')
pval: 0.0010000000474974513 -- 5701th test, time elapsed 97.72360897064209 -- emperical power so far: 0.5247524752475248
db insert success
tensor(-0.0004, device='cuda:0')
(5702, 1000, 0.0009, 1, 290000, 'elltwo', 'bitflip', -0.0003662109375, 0.0010000000474974513, 98.02316427230835, '2024-04-10 01:13:19')
pval: 0.0010000000474974513 -- 5702th test, time elapsed 98.02316427230835 -- emperical power so far: 0.5294117647058824
db insert success
tensor(0.0002, device='cuda:0')
(5703, 1000, 0.0009, 1, 290000, 'elltwo', 'bitflip', 0.000152587890625, 0.0020000000949949026, 97.76070261001587, '2024-04-10 01:15:14')
pval: 0.0020000000949949026 -- 5703th test, time elapsed 97.76070261001587 -- emperical power so far: 0.5339805825242718
db insert success
tensor(-0.0004, device='cuda:0')
(5704, 1000, 0.0009, 1, 290000, 'elltwo', 'bitflip', -0.000396728515625, 0.02800000086426735, 97.7640221118927, '2024-04-10 01:16:55')
pval: 0.02800000086426735 -- 5704th test, time elapsed 97.7640221118927 -- emperical power so far: 0.5384615384615384
db insert success
tensor(0.0001, device='cuda:0')
(5705, 1000, 0.0009, 1, 290000, 'elltwo', 'bitflip', 0.0001220703125, 0.1120000034570694, 98.29219579696655, '2024-04-10 01:18:42')
pval: 0.1120000034570694 -- 5705th test, time elapsed 98.29219579696655 -- emperical power so far: 0.5333333333333333
db insert success
tensor(-0.0004, device='cuda:0')
(5706, 1000, 0.0009, 1, 290000, 'elltwo', 'bitflip', -0.000396728515625, 0.0010000000474974513, 97.81978940963745, '2024-04-10 01:20:40')
pval: 0.0010000000474974513 -- 5706th test, time elapsed 97.81978940963745 -- emperical power so far: 0.5377358490566038
db insert success
tensor(0.0001, device='cuda:0')
(5707, 1000, 0.0009, 1, 290000, 'elltwo', 'bitflip', 0.0001220703125, 0.00800000037997961, 97.73703241348267, '2024-04-10 01:22:20')
pval: 0.00800000037997961 -- 5707th test, time elapsed 97.73703241348267 -- emperical power so far: 0.5420560747663551
db insert success
tensor(-0.0004, device='cuda:0')
(5708, 1000, 0.0009, 1, 290000, 'elltwo', 'bitflip', -0.00042724609375, 0.16600000858306885, 97.76705002784729, '2024-04-10 01:24:07')
pval: 0.16600000858306885 -- 5708th test, time elapsed 97.76705002784729 -- emperical power so far: 0.5370370370370371
db insert success
tensor(-0.0004, device='cuda:0')
(5709, 1000, 0.0009, 1, 290000, 'elltwo', 'bitflip', -0.00042724609375, 0.7680000066757202, 97.66112661361694, '2024-04-10 01:26:03')
pval: 0.7680000066757202 -- 5709th test, time elapsed 97.66112661361694 -- emperical power so far: 0.5321100917431193
db insert success
tensor(-0.0010, device='cuda:0')
(5710, 1000, 0.0009, 1, 290000, 'elltwo', 'bitflip', -0.0009765625, 0.6200000047683716, 98.36563229560852, '2024-04-10 01:27:43')
pval: 0.6200000047683716 -- 5710th test, time elapsed 98.36563229560852 -- emperical power so far: 0.5272727272727272
db insert success
tensor(0.0002, device='cuda:0')
(5711, 1000, 0.0009, 1, 290000, 'elltwo', 'bitflip', 0.000152587890625, 0.0430000014603138, 98.17708253860474, '2024-04-10 01:29:24')
pval: 0.0430000014603138 -- 5711th test, time elapsed 98.17708253860474 -- emperical power so far: 0.5315315315315315
db insert success
tensor(0.0001, device='cuda:0')
(5712, 1000, 0.0009, 1, 290000, 'elltwo', 'bitflip', 0.0001220703125, 0.6660000085830688, 98.06154823303223, '2024-04-10 01:31:11')
pval: 0.6660000085830688 -- 5712th test, time elapsed 98.06154823303223 -- emperical power so far: 0.5267857142857143
db insert success
tensor(0.0001, device='cuda:0')
(5713, 1000, 0.0009, 1, 290000, 'elltwo', 'bitflip', 0.0001220703125, 0.0010000000474974513, 97.81129574775696, '2024-04-10 01:33:01')
pval: 0.0010000000474974513 -- 5713th test, time elapsed 97.81129574775696 -- emperical power so far: 0.5309734513274337
db insert success
tensor(-0.0004, device='cuda:0')
(5714, 1000, 0.0009, 1, 290000, 'elltwo', 'bitflip', -0.000396728515625, 0.0010000000474974513, 97.63285255432129, '2024-04-10 01:34:53')
pval: 0.0010000000474974513 -- 5714th test, time elapsed 97.63285255432129 -- emperical power so far: 0.5350877192982456
db insert success
tensor(0.0007, device='cuda:0')
(5715, 1000, 0.0009, 1, 290000, 'elltwo', 'bitflip', 0.00067138671875, 0.0010000000474974513, 97.76695966720581, '2024-04-10 01:36:35')
pval: 0.0010000000474974513 -- 5715th test, time elapsed 97.76695966720581 -- emperical power so far: 0.5391304347826087
db insert success
tensor(0.0002, device='cuda:0')
(5716, 1000, 0.0009, 1, 290000, 'elltwo', 'bitflip', 0.000152587890625, 0.014000000432133675, 98.43479681015015, '2024-04-10 01:38:33')
pval: 0.014000000432133675 -- 5716th test, time elapsed 98.43479681015015 -- emperical power so far: 0.5431034482758621
db insert success
tensor(-0.0004, device='cuda:0')
(5717, 1000, 0.0009, 1, 290000, 'elltwo', 'bitflip', -0.0003662109375, 0.0010000000474974513, 97.78533577919006, '2024-04-10 01:40:29')
pval: 0.0010000000474974513 -- 5717th test, time elapsed 97.78533577919006 -- emperical power so far: 0.5470085470085471
db insert success
tensor(0.0001, device='cuda:0')
(5718, 1000, 0.0009, 1, 290000, 'elltwo', 'bitflip', 0.0001220703125, 0.36000001430511475, 97.89500498771667, '2024-04-10 01:42:19')
pval: 0.36000001430511475 -- 5718th test, time elapsed 97.89500498771667 -- emperical power so far: 0.5423728813559322
db insert success
tensor(-0.0005, device='cuda:0')
(5719, 1000, 0.0009, 1, 290000, 'elltwo', 'bitflip', -0.000457763671875, 0.6080000400543213, 98.38933086395264, '2024-04-10 01:44:17')
pval: 0.6080000400543213 -- 5719th test, time elapsed 98.38933086395264 -- emperical power so far: 0.5378151260504201
db insert success
tensor(-0.0004, device='cuda:0')
(5720, 1000, 0.0009, 1, 290000, 'elltwo', 'bitflip', -0.000396728515625, 0.0010000000474974513, 97.93222117424011, '2024-04-10 01:46:13')
pval: 0.0010000000474974513 -- 5720th test, time elapsed 97.93222117424011 -- emperical power so far: 0.5416666666666666
db insert success
tensor(0.0001, device='cuda:0')
(5721, 1000, 0.0009, 1, 290000, 'elltwo', 'bitflip', 0.0001220703125, 0.0020000000949949026, 97.931725025177, '2024-04-10 01:47:59')
pval: 0.0020000000949949026 -- 5721th test, time elapsed 97.931725025177 -- emperical power so far: 0.5454545454545454
db insert success
tensor(0.0001, device='cuda:0')
(5722, 1000, 0.0009, 1, 290000, 'elltwo', 'bitflip', 0.0001220703125, 0.33500000834465027, 97.84407210350037, '2024-04-10 01:49:41')
pval: 0.33500000834465027 -- 5722th test, time elapsed 97.84407210350037 -- emperical power so far: 0.5409836065573771
db insert success
tensor(0.0001, device='cuda:0')
(5723, 1000, 0.0009, 1, 290000, 'elltwo', 'bitflip', 0.0001220703125, 0.13500000536441803, 97.80906200408936, '2024-04-10 01:51:38')
pval: 0.13500000536441803 -- 5723th test, time elapsed 97.80906200408936 -- emperical power so far: 0.5365853658536586
db insert success
tensor(-0.0004, device='cuda:0')
(5724, 1000, 0.0009, 1, 290000, 'elltwo', 'bitflip', -0.000396728515625, 0.0010000000474974513, 97.89428806304932, '2024-04-10 01:53:22')
pval: 0.0010000000474974513 -- 5724th test, time elapsed 97.89428806304932 -- emperical power so far: 0.5403225806451613
db insert success
tensor(0.0002, device='cuda:0')
(5725, 1000, 0.0009, 1, 290000, 'elltwo', 'bitflip', 0.000152587890625, 0.0010000000474974513, 97.6783561706543, '2024-04-10 01:55:18')
pval: 0.0010000000474974513 -- 5725th test, time elapsed 97.6783561706543 -- emperical power so far: 0.544
db insert success
tensor(0.0001, device='cuda:0')
(5726, 1000, 0.0009, 1, 290000, 'elltwo', 'bitflip', 0.0001220703125, 0.281000018119812, 97.81161499023438, '2024-04-10 01:56:58')
pval: 0.281000018119812 -- 5726th test, time elapsed 97.81161499023438 -- emperical power so far: 0.5396825396825397
db insert success
tensor(0.0001, device='cuda:0')
(5727, 1000, 0.0009, 1, 290000, 'elltwo', 'bitflip', 0.0001220703125, 0.20000000298023224, 97.8596715927124, '2024-04-10 01:58:47')
pval: 0.20000000298023224 -- 5727th test, time elapsed 97.8596715927124 -- emperical power so far: 0.5354330708661418
db insert success
tensor(-0.0004, device='cuda:0')
(5728, 1000, 0.0009, 1, 290000, 'elltwo', 'bitflip', -0.000396728515625, 0.6660000085830688, 97.69899940490723, '2024-04-10 02:00:27')
pval: 0.6660000085830688 -- 5728th test, time elapsed 97.69899940490723 -- emperical power so far: 0.53125
db insert success
tensor(0.0007, device='cuda:0')
(5729, 1000, 0.0009, 1, 290000, 'elltwo', 'bitflip', 0.00067138671875, 0.03700000047683716, 97.78440403938293, '2024-04-10 02:02:22')
pval: 0.03700000047683716 -- 5729th test, time elapsed 97.78440403938293 -- emperical power so far: 0.5348837209302325
db insert success
tensor(0.0007, device='cuda:0')
(5730, 1000, 0.0009, 1, 290000, 'elltwo', 'bitflip', 0.000701904296875, 0.0010000000474974513, 97.90108370780945, '2024-04-10 02:04:03')
pval: 0.0010000000474974513 -- 5730th test, time elapsed 97.90108370780945 -- emperical power so far: 0.5384615384615384
db insert success
tensor(0.0001, device='cuda:0')
(5731, 1000, 0.0009, 1, 290000, 'elltwo', 'bitflip', 0.0001220703125, 0.11300000548362732, 97.804692029953, '2024-04-10 02:05:46')
pval: 0.11300000548362732 -- 5731th test, time elapsed 97.804692029953 -- emperical power so far: 0.5343511450381679
db insert success
tensor(-0.0004, device='cuda:0')
(5732, 1000, 0.0009, 1, 290000, 'elltwo', 'bitflip', -0.00042724609375, 0.08300000429153442, 97.83508920669556, '2024-04-10 02:07:27')
pval: 0.08300000429153442 -- 5732th test, time elapsed 97.83508920669556 -- emperical power so far: 0.5303030303030303
db insert success
tensor(0.0002, device='cuda:0')
(5733, 1000, 0.0009, 1, 290000, 'elltwo', 'bitflip', 0.000152587890625, 0.09300000220537186, 98.03074049949646, '2024-04-10 02:09:09')
pval: 0.09300000220537186 -- 5733th test, time elapsed 98.03074049949646 -- emperical power so far: 0.5263157894736842
db insert success
tensor(-0.0004, device='cuda:0')
(5734, 1000, 0.0009, 1, 290000, 'elltwo', 'bitflip', -0.00042724609375, 0.41200003027915955, 97.93401908874512, '2024-04-10 02:10:51')
pval: 0.41200003027915955 -- 5734th test, time elapsed 97.93401908874512 -- emperical power so far: 0.5223880597014925
db insert success
tensor(-0.0004, device='cuda:0')
(5735, 1000, 0.0009, 1, 290000, 'elltwo', 'bitflip', -0.000396728515625, 0.0020000000949949026, 97.90593791007996, '2024-04-10 02:12:46')
pval: 0.0020000000949949026 -- 5735th test, time elapsed 97.90593791007996 -- emperical power so far: 0.5259259259259259
db insert success
tensor(-0.0004, device='cuda:0')
(5736, 1000, 0.0009, 1, 290000, 'elltwo', 'bitflip', -0.000396728515625, 0.009000000543892384, 97.69070482254028, '2024-04-10 02:14:29')
pval: 0.009000000543892384 -- 5736th test, time elapsed 97.69070482254028 -- emperical power so far: 0.5294117647058824
db insert success
tensor(0.0002, device='cuda:0')
(5737, 1000, 0.0009, 1, 290000, 'elltwo', 'bitflip', 0.000152587890625, 0.024000000208616257, 98.00453424453735, '2024-04-10 02:16:20')
pval: 0.024000000208616257 -- 5737th test, time elapsed 98.00453424453735 -- emperical power so far: 0.5328467153284672
db insert success
tensor(0.0001, device='cuda:0')
(5738, 1000, 0.0009, 1, 290000, 'elltwo', 'bitflip', 0.0001220703125, 0.13100001215934753, 97.87198615074158, '2024-04-10 02:18:08')
pval: 0.13100001215934753 -- 5738th test, time elapsed 97.87198615074158 -- emperical power so far: 0.5289855072463768
db insert success
tensor(-0.0004, device='cuda:0')
(5739, 1000, 0.0009, 1, 290000, 'elltwo', 'bitflip', -0.000396728515625, 0.018000001087784767, 98.12716746330261, '2024-04-10 02:19:56')
pval: 0.018000001087784767 -- 5739th test, time elapsed 98.12716746330261 -- emperical power so far: 0.5323741007194245
db insert success
tensor(-0.0004, device='cuda:0')
(5740, 1000, 0.0009, 1, 290000, 'elltwo', 'bitflip', -0.00042724609375, 0.1080000028014183, 97.85583090782166, '2024-04-10 02:21:35')
pval: 0.1080000028014183 -- 5740th test, time elapsed 97.85583090782166 -- emperical power so far: 0.5285714285714286
db insert success
tensor(0.0001, device='cuda:0')
(5741, 1000, 0.0009, 1, 290000, 'elltwo', 'bitflip', 0.0001220703125, 0.017000000923871994, 98.39053106307983, '2024-04-10 02:23:33')
pval: 0.017000000923871994 -- 5741th test, time elapsed 98.39053106307983 -- emperical power so far: 0.5319148936170213
db insert success
tensor(0.0002, device='cuda:0')
(5742, 1000, 0.0009, 1, 290000, 'elltwo', 'bitflip', 0.000152587890625, 0.0020000000949949026, 98.51256346702576, '2024-04-10 02:25:21')
pval: 0.0020000000949949026 -- 5742th test, time elapsed 98.51256346702576 -- emperical power so far: 0.5352112676056338
db insert success
tensor(-0.0004, device='cuda:0')
(5743, 1000, 0.0009, 1, 290000, 'elltwo', 'bitflip', -0.000396728515625, 0.004000000189989805, 98.09756994247437, '2024-04-10 02:27:04')
pval: 0.004000000189989805 -- 5743th test, time elapsed 98.09756994247437 -- emperical power so far: 0.5384615384615384
db insert success
tensor(-0.0004, device='cuda:0')
(5744, 1000, 0.0009, 1, 290000, 'elltwo', 'bitflip', -0.000396728515625, 0.010000000707805157, 97.80404257774353, '2024-04-10 02:28:46')
pval: 0.010000000707805157 -- 5744th test, time elapsed 97.80404257774353 -- emperical power so far: 0.5416666666666666
db insert success
tensor(-0.0004, device='cuda:0')
(5745, 1000, 0.0009, 1, 290000, 'elltwo', 'bitflip', -0.000396728515625, 0.015000000596046448, 98.11455869674683, '2024-04-10 02:30:41')
pval: 0.015000000596046448 -- 5745th test, time elapsed 98.11455869674683 -- emperical power so far: 0.5448275862068965
db insert success
tensor(-0.0004, device='cuda:0')
(5746, 1000, 0.0009, 1, 290000, 'elltwo', 'bitflip', -0.000396728515625, 0.005000000353902578, 97.77935934066772, '2024-04-10 02:32:27')
pval: 0.005000000353902578 -- 5746th test, time elapsed 97.77935934066772 -- emperical power so far: 0.547945205479452
db insert success
tensor(0.0001, device='cuda:0')
(5747, 1000, 0.0009, 1, 290000, 'elltwo', 'bitflip', 0.0001220703125, 0.15400001406669617, 97.85092830657959, '2024-04-10 02:34:19')
pval: 0.15400001406669617 -- 5747th test, time elapsed 97.85092830657959 -- emperical power so far: 0.54421768707483
db insert success
tensor(0.0002, device='cuda:0')
(5748, 1000, 0.0009, 1, 290000, 'elltwo', 'bitflip', 0.000152587890625, 0.11100000888109207, 98.38364386558533, '2024-04-10 02:36:17')
pval: 0.11100000888109207 -- 5748th test, time elapsed 98.38364386558533 -- emperical power so far: 0.5405405405405406
db insert success
tensor(-0.0004, device='cuda:0')
(5749, 1000, 0.0009, 1, 290000, 'elltwo', 'bitflip', -0.000396728515625, 0.007000000216066837, 97.79584860801697, '2024-04-10 02:38:11')
pval: 0.007000000216066837 -- 5749th test, time elapsed 97.79584860801697 -- emperical power so far: 0.5436241610738255
db insert success
tensor(-0.0010, device='cuda:0')
(5750, 1000, 0.0009, 1, 290000, 'elltwo', 'bitflip', -0.0009765625, 0.8460000157356262, 97.99201321601868, '2024-04-10 02:40:06')
pval: 0.8460000157356262 -- 5750th test, time elapsed 97.99201321601868 -- emperical power so far: 0.54
db insert success
tensor(-0.0004, device='cuda:0')
(5751, 1000, 0.0009, 1, 290000, 'elltwo', 'bitflip', -0.00042724609375, 0.22800001502037048, 97.85157346725464, '2024-04-10 02:41:47')
pval: 0.22800001502037048 -- 5751th test, time elapsed 97.85157346725464 -- emperical power so far: 0.5364238410596026
db insert success
tensor(0.0007, device='cuda:0')
(5752, 1000, 0.0009, 1, 290000, 'elltwo', 'bitflip', 0.00067138671875, 0.0010000000474974513, 98.0496997833252, '2024-04-10 02:43:32')
pval: 0.0010000000474974513 -- 5752th test, time elapsed 98.0496997833252 -- emperical power so far: 0.5394736842105263
db insert success
tensor(0.0001, device='cuda:0')
(5753, 1000, 0.0009, 1, 290000, 'elltwo', 'bitflip', 0.0001220703125, 0.07300000637769699, 98.47627067565918, '2024-04-10 02:45:17')
pval: 0.07300000637769699 -- 5753th test, time elapsed 98.47627067565918 -- emperical power so far: 0.5359477124183006
db insert success
tensor(0.0001, device='cuda:0')
(5754, 1000, 0.0009, 1, 290000, 'elltwo', 'bitflip', 0.0001220703125, 0.004000000189989805, 98.02923917770386, '2024-04-10 02:47:09')
pval: 0.004000000189989805 -- 5754th test, time elapsed 98.02923917770386 -- emperical power so far: 0.538961038961039
db insert success
tensor(0.0001, device='cuda:0')
(5755, 1000, 0.0009, 1, 290000, 'elltwo', 'bitflip', 0.0001220703125, 0.07400000095367432, 97.80125665664673, '2024-04-10 02:48:54')
pval: 0.07400000095367432 -- 5755th test, time elapsed 97.80125665664673 -- emperical power so far: 0.535483870967742
db insert success
tensor(-0.0009, device='cuda:0')
(5756, 1000, 0.0009, 1, 290000, 'elltwo', 'bitflip', -0.000946044921875, 0.7080000042915344, 98.49617886543274, '2024-04-10 02:50:41')
pval: 0.7080000042915344 -- 5756th test, time elapsed 98.49617886543274 -- emperical power so far: 0.532051282051282
db insert success
tensor(0.0002, device='cuda:0')
(5757, 1000, 0.0009, 1, 290000, 'elltwo', 'bitflip', 0.000152587890625, 0.17100000381469727, 98.46610689163208, '2024-04-10 02:52:24')
pval: 0.17100000381469727 -- 5757th test, time elapsed 98.46610689163208 -- emperical power so far: 0.5286624203821656
db insert success
tensor(-0.0004, device='cuda:0')
(5758, 1000, 0.0009, 1, 290000, 'elltwo', 'bitflip', -0.00042724609375, 0.5070000290870667, 98.22010207176208, '2024-04-10 02:54:21')
pval: 0.5070000290870667 -- 5758th test, time elapsed 98.22010207176208 -- emperical power so far: 0.5253164556962026
db insert success
tensor(0.0002, device='cuda:0')
(5759, 1000, 0.0009, 1, 290000, 'elltwo', 'bitflip', 0.000152587890625, 0.0010000000474974513, 97.75225019454956, '2024-04-10 02:56:20')
pval: 0.0010000000474974513 -- 5759th test, time elapsed 97.75225019454956 -- emperical power so far: 0.5283018867924528
db insert success
tensor(0.0002, device='cuda:0')
(5760, 1000, 0.0009, 1, 290000, 'elltwo', 'bitflip', 0.000152587890625, 0.003000000026077032, 97.7804684638977, '2024-04-10 02:58:16')
pval: 0.003000000026077032 -- 5760th test, time elapsed 97.7804684638977 -- emperical power so far: 0.53125
db insert success
tensor(-0.0004, device='cuda:0')
(5761, 1000, 0.0009, 1, 290000, 'elltwo', 'bitflip', -0.00042724609375, 0.024000000208616257, 97.9389808177948, '2024-04-10 02:59:57')
pval: 0.024000000208616257 -- 5761th test, time elapsed 97.9389808177948 -- emperical power so far: 0.5341614906832298
db insert success
tensor(0.0001, device='cuda:0')
(5762, 1000, 0.0009, 1, 290000, 'elltwo', 'bitflip', 0.0001220703125, 0.51500004529953, 97.87134408950806, '2024-04-10 03:01:53')
pval: 0.51500004529953 -- 5762th test, time elapsed 97.87134408950806 -- emperical power so far: 0.5308641975308642
db insert success
tensor(0.0002, device='cuda:0')
(5763, 1000, 0.0009, 1, 290000, 'elltwo', 'bitflip', 0.000152587890625, 0.07300000637769699, 98.26312899589539, '2024-04-10 03:03:38')
pval: 0.07300000637769699 -- 5763th test, time elapsed 98.26312899589539 -- emperical power so far: 0.5276073619631901
db insert success
tensor(0.0002, device='cuda:0')
(5764, 1000, 0.0009, 1, 290000, 'elltwo', 'bitflip', 0.000152587890625, 0.027000000700354576, 97.80658078193665, '2024-04-10 03:05:25')
pval: 0.027000000700354576 -- 5764th test, time elapsed 97.80658078193665 -- emperical power so far: 0.5304878048780488
db insert success
tensor(0.0007, device='cuda:0')
(5765, 1000, 0.0009, 1, 290000, 'elltwo', 'bitflip', 0.00067138671875, 0.0020000000949949026, 97.82975363731384, '2024-04-10 03:07:15')
pval: 0.0020000000949949026 -- 5765th test, time elapsed 97.82975363731384 -- emperical power so far: 0.5333333333333333
db insert success
tensor(0.0002, device='cuda:0')
(5766, 1000, 0.0009, 1, 290000, 'elltwo', 'bitflip', 0.00018310546875, 0.0010000000474974513, 97.90269589424133, '2024-04-10 03:09:06')
pval: 0.0010000000474974513 -- 5766th test, time elapsed 97.90269589424133 -- emperical power so far: 0.536144578313253
db insert success
tensor(-0.0004, device='cuda:0')
(5767, 1000, 0.0009, 1, 290000, 'elltwo', 'bitflip', -0.000396728515625, 0.0010000000474974513, 97.91944694519043, '2024-04-10 03:10:59')
pval: 0.0010000000474974513 -- 5767th test, time elapsed 97.91944694519043 -- emperical power so far: 0.5389221556886228
db insert success
tensor(-0.0004, device='cuda:0')
(5768, 1000, 0.0009, 1, 290000, 'elltwo', 'bitflip', -0.000396728515625, 0.0010000000474974513, 97.84728026390076, '2024-04-10 03:12:44')
pval: 0.0010000000474974513 -- 5768th test, time elapsed 97.84728026390076 -- emperical power so far: 0.5416666666666666
db insert success
tensor(0.0001, device='cuda:0')
(5769, 1000, 0.0009, 1, 290000, 'elltwo', 'bitflip', 0.0001220703125, 0.00800000037997961, 97.82124638557434, '2024-04-10 03:14:28')
pval: 0.00800000037997961 -- 5769th test, time elapsed 97.82124638557434 -- emperical power so far: 0.5443786982248521
db insert success
tensor(-0.0004, device='cuda:0')
(5770, 1000, 0.0009, 1, 290000, 'elltwo', 'bitflip', -0.000396728515625, 0.0010000000474974513, 97.84909009933472, '2024-04-10 03:16:13')
pval: 0.0010000000474974513 -- 5770th test, time elapsed 97.84909009933472 -- emperical power so far: 0.5470588235294118
db insert success
tensor(-0.0004, device='cuda:0')
(5771, 1000, 0.0009, 1, 290000, 'elltwo', 'bitflip', -0.00042724609375, 0.5120000243186951, 97.83120918273926, '2024-04-10 03:17:55')
pval: 0.5120000243186951 -- 5771th test, time elapsed 97.83120918273926 -- emperical power so far: 0.543859649122807
db insert success
tensor(0.0001, device='cuda:0')
(5772, 1000, 0.0009, 1, 290000, 'elltwo', 'bitflip', 0.0001220703125, 0.14100000262260437, 97.64698600769043, '2024-04-10 03:19:36')
pval: 0.14100000262260437 -- 5772th test, time elapsed 97.64698600769043 -- emperical power so far: 0.5406976744186046
db insert success
tensor(-0.0004, device='cuda:0')
(5773, 1000, 0.0009, 1, 290000, 'elltwo', 'bitflip', -0.00042724609375, 0.07900000363588333, 97.6374363899231, '2024-04-10 03:21:24')
pval: 0.07900000363588333 -- 5773th test, time elapsed 97.6374363899231 -- emperical power so far: 0.5375722543352601
db insert success
tensor(-0.0004, device='cuda:0')
(5774, 1000, 0.0009, 1, 290000, 'elltwo', 'bitflip', -0.000396728515625, 0.13600000739097595, 98.18225717544556, '2024-04-10 03:23:04')
pval: 0.13600000739097595 -- 5774th test, time elapsed 98.18225717544556 -- emperical power so far: 0.5344827586206896
db insert success
tensor(0.0001, device='cuda:0')
(5775, 1000, 0.0009, 1, 290000, 'elltwo', 'bitflip', 0.0001220703125, 0.14600001275539398, 97.90627646446228, '2024-04-10 03:24:52')
pval: 0.14600001275539398 -- 5775th test, time elapsed 97.90627646446228 -- emperical power so far: 0.5314285714285715
db insert success
tensor(0.0001, device='cuda:0')
(5776, 1000, 0.0009, 1, 290000, 'elltwo', 'bitflip', 0.0001220703125, 0.0010000000474974513, 97.92906165122986, '2024-04-10 03:26:35')
pval: 0.0010000000474974513 -- 5776th test, time elapsed 97.92906165122986 -- emperical power so far: 0.5340909090909091
db insert success
tensor(-0.0004, device='cuda:0')
(5777, 1000, 0.0009, 1, 290000, 'elltwo', 'bitflip', -0.00042724609375, 0.43800002336502075, 98.29982233047485, '2024-04-10 03:28:25')
pval: 0.43800002336502075 -- 5777th test, time elapsed 98.29982233047485 -- emperical power so far: 0.5310734463276836
db insert success
tensor(0.0007, device='cuda:0')
(5778, 1000, 0.0009, 1, 290000, 'elltwo', 'bitflip', 0.00067138671875, 0.0010000000474974513, 98.47955203056335, '2024-04-10 03:30:07')
pval: 0.0010000000474974513 -- 5778th test, time elapsed 98.47955203056335 -- emperical power so far: 0.5337078651685393
db insert success
tensor(-0.0004, device='cuda:0')
(5779, 1000, 0.0009, 1, 290000, 'elltwo', 'bitflip', -0.000396728515625, 0.009000000543892384, 98.48020267486572, '2024-04-10 03:31:48')
pval: 0.009000000543892384 -- 5779th test, time elapsed 98.48020267486572 -- emperical power so far: 0.5363128491620112
db insert success
tensor(-0.0004, device='cuda:0')
(5780, 1000, 0.0009, 1, 290000, 'elltwo', 'bitflip', -0.000396728515625, 0.0010000000474974513, 97.83278560638428, '2024-04-10 03:33:41')
pval: 0.0010000000474974513 -- 5780th test, time elapsed 97.83278560638428 -- emperical power so far: 0.5388888888888889
db insert success
tensor(-0.0004, device='cuda:0')
(5781, 1000, 0.0009, 1, 290000, 'elltwo', 'bitflip', -0.00042724609375, 0.359000027179718, 97.9841799736023, '2024-04-10 03:35:22')
pval: 0.359000027179718 -- 5781th test, time elapsed 97.9841799736023 -- emperical power so far: 0.5359116022099447
db insert success
tensor(0.0007, device='cuda:0')
(5782, 1000, 0.0009, 1, 290000, 'elltwo', 'bitflip', 0.00067138671875, 0.03400000184774399, 98.47230100631714, '2024-04-10 03:37:18')
pval: 0.03400000184774399 -- 5782th test, time elapsed 98.47230100631714 -- emperical power so far: 0.5384615384615384
db insert success
tensor(0.0002, device='cuda:0')
(5783, 1000, 0.0009, 1, 290000, 'elltwo', 'bitflip', 0.000152587890625, 0.03500000014901161, 98.36059403419495, '2024-04-10 03:39:11')
pval: 0.03500000014901161 -- 5783th test, time elapsed 98.36059403419495 -- emperical power so far: 0.5409836065573771
db insert success
tensor(0.0002, device='cuda:0')
(5784, 1000, 0.0009, 1, 290000, 'elltwo', 'bitflip', 0.000152587890625, 0.1550000011920929, 97.78641748428345, '2024-04-10 03:40:56')
pval: 0.1550000011920929 -- 5784th test, time elapsed 97.78641748428345 -- emperical power so far: 0.5380434782608695
db insert success
tensor(0.0001, device='cuda:0')
(5785, 1000, 0.0009, 1, 290000, 'elltwo', 'bitflip', 0.0001220703125, 0.22600001096725464, 97.88170313835144, '2024-04-10 03:42:40')
pval: 0.22600001096725464 -- 5785th test, time elapsed 97.88170313835144 -- emperical power so far: 0.5351351351351351
db insert success
tensor(-0.0004, device='cuda:0')
(5786, 1000, 0.0009, 1, 290000, 'elltwo', 'bitflip', -0.00042724609375, 0.5960000157356262, 97.9306173324585, '2024-04-10 03:44:23')
pval: 0.5960000157356262 -- 5786th test, time elapsed 97.9306173324585 -- emperical power so far: 0.532258064516129
db insert success
tensor(-0.0004, device='cuda:0')
(5787, 1000, 0.0009, 1, 290000, 'elltwo', 'bitflip', -0.000396728515625, 0.07500000298023224, 97.84320831298828, '2024-04-10 03:46:14')
pval: 0.07500000298023224 -- 5787th test, time elapsed 97.84320831298828 -- emperical power so far: 0.5294117647058824
db insert success
tensor(0.0001, device='cuda:0')
(5788, 1000, 0.0009, 1, 290000, 'elltwo', 'bitflip', 0.0001220703125, 0.09700000286102295, 97.87459516525269, '2024-04-10 03:48:02')
pval: 0.09700000286102295 -- 5788th test, time elapsed 97.87459516525269 -- emperical power so far: 0.526595744680851
db insert success
tensor(-0.0004, device='cuda:0')
(5789, 1000, 0.0009, 1, 290000, 'elltwo', 'bitflip', -0.0003662109375, 0.0020000000949949026, 97.9204511642456, '2024-04-10 03:49:50')
pval: 0.0020000000949949026 -- 5789th test, time elapsed 97.9204511642456 -- emperical power so far: 0.5291005291005291
db insert success
tensor(-0.0004, device='cuda:0')
(5790, 1000, 0.0009, 1, 290000, 'elltwo', 'bitflip', -0.000396728515625, 0.5590000152587891, 98.03966188430786, '2024-04-10 03:51:31')
pval: 0.5590000152587891 -- 5790th test, time elapsed 98.03966188430786 -- emperical power so far: 0.5263157894736842
db insert success
tensor(-0.0004, device='cuda:0')
(5791, 1000, 0.0009, 1, 290000, 'elltwo', 'bitflip', -0.000396728515625, 0.4570000171661377, 98.3484239578247, '2024-04-10 03:53:30')
pval: 0.4570000171661377 -- 5791th test, time elapsed 98.3484239578247 -- emperical power so far: 0.5235602094240838
db insert success
tensor(-0.0004, device='cuda:0')
(5792, 1000, 0.0009, 1, 290000, 'elltwo', 'bitflip', -0.00042724609375, 0.6050000190734863, 97.77850794792175, '2024-04-10 03:55:25')
pval: 0.6050000190734863 -- 5792th test, time elapsed 97.77850794792175 -- emperical power so far: 0.5208333333333334
db insert success
tensor(0.0002, device='cuda:0')
(5793, 1000, 0.0009, 1, 290000, 'elltwo', 'bitflip', 0.00018310546875, 0.0010000000474974513, 98.29654335975647, '2024-04-10 03:57:04')
pval: 0.0010000000474974513 -- 5793th test, time elapsed 98.29654335975647 -- emperical power so far: 0.5233160621761658
db insert success
tensor(0.0001, device='cuda:0')
(5794, 1000, 0.0009, 1, 290000, 'elltwo', 'bitflip', 0.0001220703125, 0.0010000000474974513, 98.18908286094666, '2024-04-10 03:58:58')
pval: 0.0010000000474974513 -- 5794th test, time elapsed 98.18908286094666 -- emperical power so far: 0.5257731958762887
db insert success
tensor(0.0001, device='cuda:0')
(5795, 1000, 0.0009, 1, 290000, 'elltwo', 'bitflip', 0.0001220703125, 0.003000000026077032, 98.4925422668457, '2024-04-10 04:00:57')
pval: 0.003000000026077032 -- 5795th test, time elapsed 98.4925422668457 -- emperical power so far: 0.5282051282051282
db insert success
tensor(0.0002, device='cuda:0')
(5796, 1000, 0.0009, 1, 290000, 'elltwo', 'bitflip', 0.000152587890625, 0.09000000357627869, 97.88535284996033, '2024-04-10 04:02:49')
pval: 0.09000000357627869 -- 5796th test, time elapsed 97.88535284996033 -- emperical power so far: 0.5255102040816326
db insert success
tensor(0.0001, device='cuda:0')
(5797, 1000, 0.0009, 1, 290000, 'elltwo', 'bitflip', 0.0001220703125, 0.28300002217292786, 97.88631534576416, '2024-04-10 04:04:47')
pval: 0.28300002217292786 -- 5797th test, time elapsed 97.88631534576416 -- emperical power so far: 0.5228426395939086
db insert success
tensor(0.0007, device='cuda:0')
(5798, 1000, 0.0009, 1, 290000, 'elltwo', 'bitflip', 0.00067138671875, 0.017000000923871994, 97.9915075302124, '2024-04-10 04:06:27')
pval: 0.017000000923871994 -- 5798th test, time elapsed 97.9915075302124 -- emperical power so far: 0.5252525252525253
db insert success
tensor(-0.0004, device='cuda:0')
(5799, 1000, 0.0009, 1, 290000, 'elltwo', 'bitflip', -0.000396728515625, 0.0820000022649765, 97.86553001403809, '2024-04-10 04:08:23')
pval: 0.0820000022649765 -- 5799th test, time elapsed 97.86553001403809 -- emperical power so far: 0.5226130653266332
db insert success
tensor(0.0002, device='cuda:0')
(5800, 1000, 0.0009, 1, 290000, 'elltwo', 'bitflip', 0.000152587890625, 0.12300000339746475, 97.9309949874878, '2024-04-10 04:10:13')
pval: 0.12300000339746475 -- 5800th test, time elapsed 97.9309949874878 -- emperical power so far: 0.52
db insert success
21736.763906002045
