30
bitflipelltwo, alpha=2, sample size=3000
#########################################
tensor(0.2689)
tensor(0.2689)
(1, 40, 0.015, 2, 3000, 'elltwo', 'bitflip', 0.009996960468309446, 0.0010000000474974513, 60.083170890808105, '2024-08-03 06:58:05', 0, 999)
pval: [0.001] -- 1th test, time elapsed 60.083170890808105 -- emperical power so far (from test_start): 1.0
db insert success
tensor(0.2689)
tensor(0.2689)
(2, 40, 0.015, 2, 3000, 'elltwo', 'bitflip', 0.007915571486784678, 0.0010000000474974513, 1.2422804832458496, '2024-08-03 06:59:08', 0, 999)
pval: [0.001] -- 2th test, time elapsed 1.2422804832458496 -- emperical power so far (from test_start): 1.0
db insert success
tensor(0.2689)
tensor(0.2689)
(3, 40, 0.015, 2, 3000, 'elltwo', 'bitflip', 0.00521445355860628, 0.0010000000474974513, 1.2334990501403809, '2024-08-03 06:59:13', 0, 999)
pval: [0.001] -- 3th test, time elapsed 1.2334990501403809 -- emperical power so far (from test_start): 1.0
db insert success
tensor(0.2689)
tensor(0.2689)
(4, 40, 0.015, 2, 3000, 'elltwo', 'bitflip', 0.0023071399355316657, 0.03799999877810478, 1.2283024787902832, '2024-08-03 06:59:26', 0, 999)
pval: [0.038] -- 4th test, time elapsed 1.2283024787902832 -- emperical power so far (from test_start): 1.0
db insert success
tensor(0.2689)
tensor(0.2689)
(5, 40, 0.015, 2, 3000, 'elltwo', 'bitflip', 0.007343552369301065, 0.0010000000474974513, 1.2313292026519775, '2024-08-03 06:59:39', 0, 999)
pval: [0.001] -- 5th test, time elapsed 1.2313292026519775 -- emperical power so far (from test_start): 1.0
db insert success
tensor(0.2689)
tensor(0.2689)
(6, 40, 0.015, 2, 3000, 'elltwo', 'bitflip', 0.008437258271264625, 0.0010000000474974513, 1.2669808864593506, '2024-08-03 06:59:41', 0, 999)
pval: [0.001] -- 6th test, time elapsed 1.2669808864593506 -- emperical power so far (from test_start): 1.0
db insert success
tensor(0.2689)
tensor(0.2689)
(7, 40, 0.015, 2, 3000, 'elltwo', 'bitflip', 0.009855032418211174, 0.0010000000474974513, 1.2375879287719727, '2024-08-03 06:59:46', 0, 999)
pval: [0.001] -- 7th test, time elapsed 1.2375879287719727 -- emperical power so far (from test_start): 1.0
db insert success
tensor(0.2689)
tensor(0.2689)
(8, 40, 0.015, 2, 3000, 'elltwo', 'bitflip', 0.004155691008121742, 0.003000000026077032, 1.2290849685668945, '2024-08-03 06:59:51', 0, 999)
pval: [0.003] -- 8th test, time elapsed 1.2290849685668945 -- emperical power so far (from test_start): 1.0
db insert success
tensor(0.2689)
tensor(0.2689)
(9, 40, 0.015, 2, 3000, 'elltwo', 'bitflip', 0.007240880960328155, 0.0010000000474974513, 1.2213406562805176, '2024-08-03 07:00:12', 0, 999)
pval: [0.001] -- 9th test, time elapsed 1.2213406562805176 -- emperical power so far (from test_start): 1.0
db insert success
tensor(0.2689)
tensor(0.2689)
(10, 40, 0.015, 2, 3000, 'elltwo', 'bitflip', 0.004306744914959637, 0.0010000000474974513, 1.2207388877868652, '2024-08-03 07:00:31', 0, 999)
pval: [0.001] -- 10th test, time elapsed 1.2207388877868652 -- emperical power so far (from test_start): 1.0
db insert success
tensor(0.2689)
tensor(0.2689)
(11, 40, 0.015, 2, 3000, 'elltwo', 'bitflip', 0.008266558704765004, 0.0010000000474974513, 1.2176513671875, '2024-08-03 07:00:44', 0, 999)
pval: [0.001] -- 11th test, time elapsed 1.2176513671875 -- emperical power so far (from test_start): 1.0
db insert success
tensor(0.2689)
tensor(0.2689)
(12, 40, 0.015, 2, 3000, 'elltwo', 'bitflip', 0.0060389635063486935, 0.0010000000474974513, 1.22892427444458, '2024-08-03 07:00:52', 0, 999)
pval: [0.001] -- 12th test, time elapsed 1.22892427444458 -- emperical power so far (from test_start): 1.0
db insert success
tensor(0.2689)
tensor(0.2689)
(13, 40, 0.015, 2, 3000, 'elltwo', 'bitflip', 0.003192329739561295, 0.014000000432133675, 1.223254680633545, '2024-08-03 07:01:04', 0, 999)
pval: [0.014] -- 13th test, time elapsed 1.223254680633545 -- emperical power so far (from test_start): 1.0
db insert success
tensor(0.2689)
tensor(0.2689)
(14, 40, 0.015, 2, 3000, 'elltwo', 'bitflip', 0.0054368330184138, 0.0020000000949949026, 1.2400290966033936, '2024-08-03 07:01:15', 0, 999)
pval: [0.002] -- 14th test, time elapsed 1.2400290966033936 -- emperical power so far (from test_start): 1.0
db insert success
tensor(0.2689)
tensor(0.2689)
(15, 40, 0.015, 2, 3000, 'elltwo', 'bitflip', 0.0064275169501089024, 0.0010000000474974513, 1.2275598049163818, '2024-08-03 07:01:35', 0, 999)
pval: [0.001] -- 15th test, time elapsed 1.2275598049163818 -- emperical power so far (from test_start): 1.0
db insert success
tensor(0.2689)
tensor(0.2689)
(16, 40, 0.015, 2, 3000, 'elltwo', 'bitflip', 0.004725547923374762, 0.0020000000949949026, 1.2259488105773926, '2024-08-03 07:01:49', 0, 999)
pval: [0.002] -- 16th test, time elapsed 1.2259488105773926 -- emperical power so far (from test_start): 1.0
db insert success
tensor(0.2689)
tensor(0.2689)
(17, 40, 0.015, 2, 3000, 'elltwo', 'bitflip', 0.006939853284446684, 0.0010000000474974513, 1.2894039154052734, '2024-08-03 07:01:56', 0, 999)
pval: [0.001] -- 17th test, time elapsed 1.2894039154052734 -- emperical power so far (from test_start): 1.0
db insert success
tensor(0.2689)
tensor(0.2689)
(18, 40, 0.015, 2, 3000, 'elltwo', 'bitflip', 0.0072234433700142375, 0.0010000000474974513, 1.2345011234283447, '2024-08-03 07:02:07', 0, 999)
pval: [0.001] -- 18th test, time elapsed 1.2345011234283447 -- emperical power so far (from test_start): 1.0
db insert success
tensor(0.2689)
tensor(0.2689)
(19, 40, 0.015, 2, 3000, 'elltwo', 'bitflip', 0.006771414990194735, 0.0010000000474974513, 1.2278082370758057, '2024-08-03 07:02:09', 0, 999)
pval: [0.001] -- 19th test, time elapsed 1.2278082370758057 -- emperical power so far (from test_start): 1.0
db insert success
tensor(0.2689)
tensor(0.2689)
(20, 40, 0.015, 2, 3000, 'elltwo', 'bitflip', 0.006207026786701597, 0.0010000000474974513, 1.24090576171875, '2024-08-03 07:02:12', 0, 999)
pval: [0.001] -- 20th test, time elapsed 1.24090576171875 -- emperical power so far (from test_start): 1.0
db insert success
tensor(0.2689)
tensor(0.2689)
(21, 40, 0.015, 2, 3000, 'elltwo', 'bitflip', 0.008972710977740661, 0.0010000000474974513, 1.2277982234954834, '2024-08-03 07:02:33', 0, 999)
pval: [0.001] -- 21th test, time elapsed 1.2277982234954834 -- emperical power so far (from test_start): 1.0
db insert success
tensor(0.2689)
tensor(0.2689)
(22, 40, 0.015, 2, 3000, 'elltwo', 'bitflip', 0.007448152717572931, 0.0010000000474974513, 1.2309255599975586, '2024-08-03 07:02:47', 0, 999)
pval: [0.001] -- 22th test, time elapsed 1.2309255599975586 -- emperical power so far (from test_start): 1.0
db insert success
tensor(0.2689)
tensor(0.2689)
(23, 40, 0.015, 2, 3000, 'elltwo', 'bitflip', 0.004220090474601257, 0.004999999888241291, 1.2177667617797852, '2024-08-03 07:03:02', 0, 999)
pval: [0.005] -- 23th test, time elapsed 1.2177667617797852 -- emperical power so far (from test_start): 1.0
db insert success
tensor(0.2689)
tensor(0.2689)
(24, 40, 0.015, 2, 3000, 'elltwo', 'bitflip', 0.008687361713152875, 0.0010000000474974513, 1.228440523147583, '2024-08-03 07:03:07', 0, 999)
pval: [0.001] -- 24th test, time elapsed 1.228440523147583 -- emperical power so far (from test_start): 1.0
db insert success
tensor(0.2689)
tensor(0.2689)
(25, 40, 0.015, 2, 3000, 'elltwo', 'bitflip', 0.005322962839477974, 0.0010000000474974513, 1.2280421257019043, '2024-08-03 07:03:24', 0, 999)
pval: [0.001] -- 25th test, time elapsed 1.2280421257019043 -- emperical power so far (from test_start): 1.0
db insert success
tensor(0.2689)
tensor(0.2689)
(26, 40, 0.015, 2, 3000, 'elltwo', 'bitflip', 0.00536754258826555, 0.0020000000949949026, 1.2354693412780762, '2024-08-03 07:03:43', 0, 999)
pval: [0.002] -- 26th test, time elapsed 1.2354693412780762 -- emperical power so far (from test_start): 1.0
db insert success
tensor(0.2689)
tensor(0.2689)
(27, 40, 0.015, 2, 3000, 'elltwo', 'bitflip', 0.00795784728242488, 0.0010000000474974513, 1.208996295928955, '2024-08-03 07:03:50', 0, 999)
pval: [0.001] -- 27th test, time elapsed 1.208996295928955 -- emperical power so far (from test_start): 1.0
db insert success
tensor(0.2689)
tensor(0.2689)
(28, 40, 0.015, 2, 3000, 'elltwo', 'bitflip', 0.010365230187845853, 0.0010000000474974513, 1.2472107410430908, '2024-08-03 07:03:54', 0, 999)
pval: [0.001] -- 28th test, time elapsed 1.2472107410430908 -- emperical power so far (from test_start): 1.0
db insert success
tensor(0.2689)
tensor(0.2689)
(29, 40, 0.015, 2, 3000, 'elltwo', 'bitflip', 0.009458558852950993, 0.0010000000474974513, 1.2384393215179443, '2024-08-03 07:04:11', 0, 999)
pval: [0.001] -- 29th test, time elapsed 1.2384393215179443 -- emperical power so far (from test_start): 1.0
db insert success
tensor(0.2689)
tensor(0.2689)
(30, 40, 0.015, 2, 3000, 'elltwo', 'bitflip', 0.0033686013856364383, 0.013000000268220901, 1.247544765472412, '2024-08-03 07:04:17', 0, 999)
pval: [0.013] -- 30th test, time elapsed 1.247544765472412 -- emperical power so far (from test_start): 1.0
db insert success
tensor(0.2689)
tensor(0.2689)
(31, 40, 0.015, 2, 3000, 'elltwo', 'bitflip', 0.00480086991958828, 0.0020000000949949026, 1.2557473182678223, '2024-08-03 07:04:25', 0, 999)
pval: [0.002] -- 31th test, time elapsed 1.2557473182678223 -- emperical power so far (from test_start): 1.0
db insert success
tensor(0.2689)
tensor(0.2689)
(32, 40, 0.015, 2, 3000, 'elltwo', 'bitflip', 0.008074776925651506, 0.0010000000474974513, 1.3003239631652832, '2024-08-03 07:04:28', 0, 999)
pval: [0.001] -- 32th test, time elapsed 1.3003239631652832 -- emperical power so far (from test_start): 1.0
db insert success
tensor(0.2689)
tensor(0.2689)
(33, 40, 0.015, 2, 3000, 'elltwo', 'bitflip', 0.004870637101261011, 0.0020000000949949026, 1.2956275939941406, '2024-08-03 07:04:49', 0, 999)
pval: [0.002] -- 33th test, time elapsed 1.2956275939941406 -- emperical power so far (from test_start): 1.0
db insert success
tensor(0.2689)
tensor(0.2689)
(34, 40, 0.015, 2, 3000, 'elltwo', 'bitflip', 0.008189361861369093, 0.0010000000474974513, 1.2746472358703613, '2024-08-03 07:05:04', 0, 999)
pval: [0.001] -- 34th test, time elapsed 1.2746472358703613 -- emperical power so far (from test_start): 1.0
db insert success
tensor(0.2689)
tensor(0.2689)
(35, 40, 0.015, 2, 3000, 'elltwo', 'bitflip', 0.006421265162445344, 0.0010000000474974513, 87.69021987915039, '2024-08-03 07:05:11', 0, 999)
pval: [0.001] -- 35th test, time elapsed 87.69021987915039 -- emperical power so far (from test_start): 1.0
db insert success
tensor(0.2689)
tensor(0.2689)
(36, 40, 0.015, 2, 3000, 'elltwo', 'bitflip', 0.008294242451176714, 0.0010000000474974513, 88.05263566970825, '2024-08-03 07:06:46', 0, 999)
pval: [0.001] -- 36th test, time elapsed 88.05263566970825 -- emperical power so far (from test_start): 1.0
db insert success
tensor(0.2689)
tensor(0.2689)
(37, 40, 0.015, 2, 3000, 'elltwo', 'bitflip', 0.006971357341335249, 0.0010000000474974513, 88.05584621429443, '2024-08-03 07:08:16', 0, 999)
pval: [0.001] -- 37th test, time elapsed 88.05584621429443 -- emperical power so far (from test_start): 1.0
db insert success
tensor(0.2689)
tensor(0.2689)
(38, 40, 0.015, 2, 3000, 'elltwo', 'bitflip', 0.010964763661962529, 0.0010000000474974513, 87.87311029434204, '2024-08-03 07:10:01', 0, 999)
pval: [0.001] -- 38th test, time elapsed 87.87311029434204 -- emperical power so far (from test_start): 1.0
db insert success
tensor(0.2689)
tensor(0.2689)
(39, 40, 0.015, 2, 3000, 'elltwo', 'bitflip', 0.0049025597421392675, 0.0010000000474974513, 88.24447464942932, '2024-08-03 07:11:42', 0, 999)
pval: [0.001] -- 39th test, time elapsed 88.24447464942932 -- emperical power so far (from test_start): 1.0
db insert success
tensor(0.2689)
tensor(0.2689)
(40, 40, 0.015, 2, 3000, 'elltwo', 'bitflip', 0.005386173539318584, 0.0010000000474974513, 88.28505635261536, '2024-08-03 07:13:30', 0, 999)
pval: [0.001] -- 40th test, time elapsed 88.28505635261536 -- emperical power so far (from test_start): 1.0
db insert success
tensor(0.2689)
tensor(0.2689)
(41, 40, 0.015, 2, 3000, 'elltwo', 'bitflip', 0.009548631173342592, 0.0010000000474974513, 88.358633518219, '2024-08-03 07:15:16', 0, 999)
pval: [0.001] -- 41th test, time elapsed 88.358633518219 -- emperical power so far (from test_start): 1.0
db insert success
tensor(0.2689)
tensor(0.2689)
(42, 40, 0.015, 2, 3000, 'elltwo', 'bitflip', 0.007318627616625051, 0.0010000000474974513, 88.29037380218506, '2024-08-03 07:16:46', 0, 999)
pval: [0.001] -- 42th test, time elapsed 88.29037380218506 -- emperical power so far (from test_start): 1.0
db insert success
tensor(0.2689)
tensor(0.2689)
(43, 40, 0.015, 2, 3000, 'elltwo', 'bitflip', 0.008825410396066324, 0.0010000000474974513, 88.26023435592651, '2024-08-03 07:18:17', 0, 999)
pval: [0.001] -- 43th test, time elapsed 88.26023435592651 -- emperical power so far (from test_start): 1.0
db insert success
tensor(0.2689)
tensor(0.2689)
(44, 40, 0.015, 2, 3000, 'elltwo', 'bitflip', 0.004585652328548129, 0.0010000000474974513, 87.84220504760742, '2024-08-03 07:20:00', 0, 999)
pval: [0.001] -- 44th test, time elapsed 87.84220504760742 -- emperical power so far (from test_start): 1.0
db insert success
tensor(0.2689)
tensor(0.2689)
(45, 40, 0.015, 2, 3000, 'elltwo', 'bitflip', 0.011576247563998443, 0.0010000000474974513, 87.80909848213196, '2024-08-03 07:21:46', 0, 999)
pval: [0.001] -- 45th test, time elapsed 87.80909848213196 -- emperical power so far (from test_start): 1.0
db insert success
tensor(0.2689)
tensor(0.2689)
(46, 40, 0.015, 2, 3000, 'elltwo', 'bitflip', 0.004226891556444734, 0.0020000000949949026, 88.09143829345703, '2024-08-03 07:23:16', 0, 999)
pval: [0.002] -- 46th test, time elapsed 88.09143829345703 -- emperical power so far (from test_start): 1.0
db insert success
tensor(0.2689)
tensor(0.2689)
(47, 40, 0.015, 2, 3000, 'elltwo', 'bitflip', 0.008230379830306944, 0.0010000000474974513, 85.12714266777039, '2024-08-03 07:24:52', 0, 999)
pval: [0.001] -- 47th test, time elapsed 85.12714266777039 -- emperical power so far (from test_start): 1.0
db insert success
tensor(0.2689)
tensor(0.2689)
(48, 40, 0.015, 2, 3000, 'elltwo', 'bitflip', 0.006487348894071765, 0.0010000000474974513, 1.173335075378418, '2024-08-03 07:26:22', 0, 999)
pval: [0.001] -- 48th test, time elapsed 1.173335075378418 -- emperical power so far (from test_start): 1.0
db insert success
tensor(0.2689)
tensor(0.2689)
(49, 40, 0.015, 2, 3000, 'elltwo', 'bitflip', 0.003828217035306558, 0.008999999612569809, 1.2794442176818848, '2024-08-03 07:26:41', 0, 999)
pval: [0.009] -- 49th test, time elapsed 1.2794442176818848 -- emperical power so far (from test_start): 1.0
db insert success
tensor(0.2689)
tensor(0.2689)
(50, 40, 0.015, 2, 3000, 'elltwo', 'bitflip', 0.006467649216404858, 0.0010000000474974513, 1.3198463916778564, '2024-08-03 07:26:53', 0, 999)
pval: [0.001] -- 50th test, time elapsed 1.3198463916778564 -- emperical power so far (from test_start): 1.0
db insert success
tensor(0.2689)
tensor(0.2689)
(51, 40, 0.015, 2, 3000, 'elltwo', 'bitflip', 0.006727480493490923, 0.0010000000474974513, 1.3198909759521484, '2024-08-03 07:27:11', 0, 999)
pval: [0.001] -- 51th test, time elapsed 1.3198909759521484 -- emperical power so far (from test_start): 1.0
db insert success
tensor(0.2689)
tensor(0.2689)
(52, 40, 0.015, 2, 3000, 'elltwo', 'bitflip', 0.006554448149394432, 0.0010000000474974513, 1.3499665260314941, '2024-08-03 07:27:14', 0, 999)
pval: [0.001] -- 52th test, time elapsed 1.3499665260314941 -- emperical power so far (from test_start): 1.0
db insert success
tensor(0.2689)
tensor(0.2689)
(53, 40, 0.015, 2, 3000, 'elltwo', 'bitflip', 0.009565655292512965, 0.0010000000474974513, 1.2872250080108643, '2024-08-03 07:27:33', 0, 999)
pval: [0.001] -- 53th test, time elapsed 1.2872250080108643 -- emperical power so far (from test_start): 1.0
db insert success
tensor(0.2689)
tensor(0.2689)
(54, 40, 0.015, 2, 3000, 'elltwo', 'bitflip', 0.007161640620937604, 0.0010000000474974513, 1.2743597030639648, '2024-08-03 07:27:43', 0, 999)
pval: [0.001] -- 54th test, time elapsed 1.2743597030639648 -- emperical power so far (from test_start): 1.0
db insert success
tensor(0.2689)
tensor(0.2689)
(55, 40, 0.015, 2, 3000, 'elltwo', 'bitflip', 0.009733557852629637, 0.0010000000474974513, 1.2387759685516357, '2024-08-03 07:27:51', 0, 999)
pval: [0.001] -- 55th test, time elapsed 1.2387759685516357 -- emperical power so far (from test_start): 1.0
db insert success
tensor(0.2689)
tensor(0.2689)
(56, 40, 0.015, 2, 3000, 'elltwo', 'bitflip', 0.011523919528725557, 0.0010000000474974513, 1.260340929031372, '2024-08-03 07:28:04', 0, 999)
pval: [0.001] -- 56th test, time elapsed 1.260340929031372 -- emperical power so far (from test_start): 1.0
db insert success
tensor(0.2689)
tensor(0.2689)
(57, 40, 0.015, 2, 3000, 'elltwo', 'bitflip', 0.00754027868548679, 0.0010000000474974513, 1.2259576320648193, '2024-08-03 07:28:14', 0, 999)
pval: [0.001] -- 57th test, time elapsed 1.2259576320648193 -- emperical power so far (from test_start): 1.0
db insert success
tensor(0.2689)
tensor(0.2689)
(58, 40, 0.015, 2, 3000, 'elltwo', 'bitflip', 0.006262638879610982, 0.0010000000474974513, 1.3311173915863037, '2024-08-03 07:28:33', 0, 999)
pval: [0.001] -- 58th test, time elapsed 1.3311173915863037 -- emperical power so far (from test_start): 1.0
db insert success
tensor(0.2689)
tensor(0.2689)
(59, 40, 0.015, 2, 3000, 'elltwo', 'bitflip', 0.007678911637222008, 0.0010000000474974513, 1.306262493133545, '2024-08-03 07:28:35', 0, 999)
pval: [0.001] -- 59th test, time elapsed 1.306262493133545 -- emperical power so far (from test_start): 1.0
db insert success
tensor(0.2689)
tensor(0.2689)
(60, 40, 0.015, 2, 3000, 'elltwo', 'bitflip', 0.00895476092030112, 0.0010000000474974513, 1.2957050800323486, '2024-08-03 07:28:40', 0, 999)
pval: [0.001] -- 60th test, time elapsed 1.2957050800323486 -- emperical power so far (from test_start): 1.0
db insert success
tensor(0.2689)
tensor(0.2689)
(61, 40, 0.015, 2, 3000, 'elltwo', 'bitflip', 0.005491602460073075, 0.0010000000474974513, 1.2956509590148926, '2024-08-03 07:28:51', 0, 999)
pval: [0.001] -- 61th test, time elapsed 1.2956509590148926 -- emperical power so far (from test_start): 1.0
db insert success
tensor(0.2689)
tensor(0.2689)
(62, 40, 0.015, 2, 3000, 'elltwo', 'bitflip', 0.006647689674353252, 0.0010000000474974513, 1.2976250648498535, '2024-08-03 07:29:12', 0, 999)
pval: [0.001] -- 62th test, time elapsed 1.2976250648498535 -- emperical power so far (from test_start): 1.0
db insert success
tensor(0.2689)
tensor(0.2689)
(63, 40, 0.015, 2, 3000, 'elltwo', 'bitflip', 0.008673700122274752, 0.0010000000474974513, 1.1907145977020264, '2024-08-03 07:29:24', 0, 999)
pval: [0.001] -- 63th test, time elapsed 1.1907145977020264 -- emperical power so far (from test_start): 1.0
db insert success
tensor(0.2689)
tensor(0.2689)
(64, 40, 0.015, 2, 3000, 'elltwo', 'bitflip', 0.005599638472078894, 0.0010000000474974513, 1.2562949657440186, '2024-08-03 07:29:38', 0, 999)
pval: [0.001] -- 64th test, time elapsed 1.2562949657440186 -- emperical power so far (from test_start): 1.0
db insert success
tensor(0.2689)
tensor(0.2689)
(65, 40, 0.015, 2, 3000, 'elltwo', 'bitflip', 0.010062218739581574, 0.0010000000474974513, 1.2800250053405762, '2024-08-03 07:29:43', 0, 999)
pval: [0.001] -- 65th test, time elapsed 1.2800250053405762 -- emperical power so far (from test_start): 1.0
db insert success
tensor(0.2689)
tensor(0.2689)
(66, 40, 0.015, 2, 3000, 'elltwo', 'bitflip', 0.003621305249896345, 0.004000000189989805, 1.2985215187072754, '2024-08-03 07:29:50', 0, 999)
pval: [0.004] -- 66th test, time elapsed 1.2985215187072754 -- emperical power so far (from test_start): 1.0
db insert success
tensor(0.2689)
tensor(0.2689)
(67, 40, 0.015, 2, 3000, 'elltwo', 'bitflip', 0.004003441517542505, 0.0020000000949949026, 1.2707865238189697, '2024-08-03 07:30:01', 0, 999)
pval: [0.002] -- 67th test, time elapsed 1.2707865238189697 -- emperical power so far (from test_start): 1.0
db insert success
tensor(0.2689)
tensor(0.2689)
(68, 40, 0.015, 2, 3000, 'elltwo', 'bitflip', 0.004082951280067526, 0.0010000000474974513, 1.3519806861877441, '2024-08-03 07:30:16', 0, 999)
pval: [0.001] -- 68th test, time elapsed 1.3519806861877441 -- emperical power so far (from test_start): 1.0
db insert success
tensor(0.2689)
tensor(0.2689)
(69, 40, 0.015, 2, 3000, 'elltwo', 'bitflip', 0.006583092882807229, 0.0010000000474974513, 1.2750062942504883, '2024-08-03 07:30:29', 0, 999)
pval: [0.001] -- 69th test, time elapsed 1.2750062942504883 -- emperical power so far (from test_start): 1.0
db insert success
tensor(0.2689)
tensor(0.2689)
(70, 40, 0.015, 2, 3000, 'elltwo', 'bitflip', 0.007331338594351422, 0.0010000000474974513, 1.256030559539795, '2024-08-03 07:30:50', 0, 999)
pval: [0.001] -- 70th test, time elapsed 1.256030559539795 -- emperical power so far (from test_start): 1.0
db insert success
tensor(0.2689)
tensor(0.2689)
(71, 40, 0.015, 2, 3000, 'elltwo', 'bitflip', 0.007410242228896635, 0.0010000000474974513, 2.9958555698394775, '2024-08-03 07:31:02', 0, 999)
pval: [0.001] -- 71th test, time elapsed 2.9958555698394775 -- emperical power so far (from test_start): 1.0
db insert success
tensor(0.2689)
tensor(0.2689)
(72, 40, 0.015, 2, 3000, 'elltwo', 'bitflip', 0.006202211477907227, 0.0010000000474974513, 88.08039879798889, '2024-08-03 07:31:19', 0, 999)
pval: [0.001] -- 72th test, time elapsed 88.08039879798889 -- emperical power so far (from test_start): 1.0
db insert success
tensor(0.2689)
tensor(0.2689)
(73, 40, 0.015, 2, 3000, 'elltwo', 'bitflip', 0.007123507243163907, 0.0010000000474974513, 88.07048511505127, '2024-08-03 07:33:06', 0, 999)
pval: [0.001] -- 73th test, time elapsed 88.07048511505127 -- emperical power so far (from test_start): 1.0
db insert success
tensor(0.2689)
tensor(0.2689)
(74, 40, 0.015, 2, 3000, 'elltwo', 'bitflip', 0.0037643347041624864, 0.0020000000949949026, 87.89224219322205, '2024-08-03 07:34:53', 0, 999)
pval: [0.002] -- 74th test, time elapsed 87.89224219322205 -- emperical power so far (from test_start): 1.0
db insert success
tensor(0.2689)
tensor(0.2689)
(75, 40, 0.015, 2, 3000, 'elltwo', 'bitflip', 0.006323090882148108, 0.0010000000474974513, 88.22782754898071, '2024-08-03 07:36:36', 0, 999)
pval: [0.001] -- 75th test, time elapsed 88.22782754898071 -- emperical power so far (from test_start): 1.0
db insert success
tensor(0.2689)
tensor(0.2689)
(76, 40, 0.015, 2, 3000, 'elltwo', 'bitflip', 0.004630824200666517, 0.0020000000949949026, 88.26849865913391, '2024-08-03 07:38:05', 0, 999)
pval: [0.002] -- 76th test, time elapsed 88.26849865913391 -- emperical power so far (from test_start): 1.0
db insert success
tensor(0.2689)
tensor(0.2689)
(77, 40, 0.015, 2, 3000, 'elltwo', 'bitflip', 0.0026089503167643358, 0.020999999716877937, 88.23806238174438, '2024-08-03 07:39:47', 0, 999)
pval: [0.021] -- 77th test, time elapsed 88.23806238174438 -- emperical power so far (from test_start): 1.0
db insert success
tensor(0.2689)
tensor(0.2689)
(78, 40, 0.015, 2, 3000, 'elltwo', 'bitflip', 0.008174507132006958, 0.0010000000474974513, 88.22115325927734, '2024-08-03 07:41:20', 0, 999)
pval: [0.001] -- 78th test, time elapsed 88.22115325927734 -- emperical power so far (from test_start): 1.0
db insert success
tensor(0.2689)
tensor(0.2689)
(79, 40, 0.015, 2, 3000, 'elltwo', 'bitflip', 0.00668972049941452, 0.0010000000474974513, 88.15394186973572, '2024-08-03 07:42:54', 0, 999)
pval: [0.001] -- 79th test, time elapsed 88.15394186973572 -- emperical power so far (from test_start): 1.0
db insert success
tensor(0.2689)
tensor(0.2689)
(80, 40, 0.015, 2, 3000, 'elltwo', 'bitflip', 0.010429805120235613, 0.0010000000474974513, 20.28780746459961, '2024-08-03 07:44:41', 0, 999)
pval: [0.001] -- 80th test, time elapsed 20.28780746459961 -- emperical power so far (from test_start): 1.0
db insert success
tensor(0.2689)
tensor(0.2689)
(81, 40, 0.015, 2, 3000, 'elltwo', 'bitflip', 0.010210297358391962, 0.0010000000474974513, 1.1038038730621338, '2024-08-03 07:45:07', 0, 999)
pval: [0.001] -- 81th test, time elapsed 1.1038038730621338 -- emperical power so far (from test_start): 1.0
db insert success
tensor(0.2689)
tensor(0.2689)
(82, 40, 0.015, 2, 3000, 'elltwo', 'bitflip', 0.011381636841901965, 0.0010000000474974513, 1.087252140045166, '2024-08-03 07:45:11', 0, 999)
pval: [0.001] -- 82th test, time elapsed 1.087252140045166 -- emperical power so far (from test_start): 1.0
db insert success
tensor(0.2689)
tensor(0.2689)
(83, 40, 0.015, 2, 3000, 'elltwo', 'bitflip', 0.005709623800517427, 0.0010000000474974513, 1.1037845611572266, '2024-08-03 07:45:31', 0, 999)
pval: [0.001] -- 83th test, time elapsed 1.1037845611572266 -- emperical power so far (from test_start): 1.0
db insert success
tensor(0.2689)
tensor(0.2689)
(84, 40, 0.015, 2, 3000, 'elltwo', 'bitflip', 0.008925761253752107, 0.0010000000474974513, 1.0960710048675537, '2024-08-03 07:45:39', 0, 999)
pval: [0.001] -- 84th test, time elapsed 1.0960710048675537 -- emperical power so far (from test_start): 1.0
db insert success
tensor(0.2689)
tensor(0.2689)
(85, 40, 0.015, 2, 3000, 'elltwo', 'bitflip', 0.010537915379211782, 0.0010000000474974513, 1.0982677936553955, '2024-08-03 07:45:42', 0, 999)
pval: [0.001] -- 85th test, time elapsed 1.0982677936553955 -- emperical power so far (from test_start): 1.0
db insert success
tensor(0.2689)
tensor(0.2689)
(86, 40, 0.015, 2, 3000, 'elltwo', 'bitflip', 0.008354801526441413, 0.0010000000474974513, 1.1102113723754883, '2024-08-03 07:45:47', 0, 999)
pval: [0.001] -- 86th test, time elapsed 1.1102113723754883 -- emperical power so far (from test_start): 1.0
db insert success
tensor(0.2689)
tensor(0.2689)
(87, 40, 0.015, 2, 3000, 'elltwo', 'bitflip', 0.011047135045029854, 0.0010000000474974513, 1.1019275188446045, '2024-08-03 07:46:08', 0, 999)
pval: [0.001] -- 87th test, time elapsed 1.1019275188446045 -- emperical power so far (from test_start): 1.0
db insert success
tensor(0.2689)
tensor(0.2689)
(88, 40, 0.015, 2, 3000, 'elltwo', 'bitflip', 0.010256973139194159, 0.0010000000474974513, 1.1003375053405762, '2024-08-03 07:46:27', 0, 999)
pval: [0.001] -- 88th test, time elapsed 1.1003375053405762 -- emperical power so far (from test_start): 1.0
db insert success
tensor(0.2689)
tensor(0.2689)
(89, 40, 0.015, 2, 3000, 'elltwo', 'bitflip', 0.006564674447033347, 0.0010000000474974513, 1.116241455078125, '2024-08-03 07:46:44', 0, 999)
pval: [0.001] -- 89th test, time elapsed 1.116241455078125 -- emperical power so far (from test_start): 1.0
db insert success
tensor(0.2689)
tensor(0.2689)
(90, 40, 0.015, 2, 3000, 'elltwo', 'bitflip', 0.005020537512494094, 0.0020000000949949026, 1.0874676704406738, '2024-08-03 07:46:47', 0, 999)
pval: [0.002] -- 90th test, time elapsed 1.0874676704406738 -- emperical power so far (from test_start): 1.0
db insert success
tensor(0.2689)
tensor(0.2689)
(91, 40, 0.015, 2, 3000, 'elltwo', 'bitflip', 0.009581391797271799, 0.0010000000474974513, 1.0961952209472656, '2024-08-03 07:47:06', 0, 999)
pval: [0.001] -- 91th test, time elapsed 1.0961952209472656 -- emperical power so far (from test_start): 1.0
db insert success
tensor(0.2689)
tensor(0.2689)
(92, 40, 0.015, 2, 3000, 'elltwo', 'bitflip', 0.010625763624913631, 0.0010000000474974513, 1.1058354377746582, '2024-08-03 07:47:10', 0, 999)
pval: [0.001] -- 92th test, time elapsed 1.1058354377746582 -- emperical power so far (from test_start): 1.0
db insert success
tensor(0.2689)
tensor(0.2689)
(93, 40, 0.015, 2, 3000, 'elltwo', 'bitflip', 0.0064042866881539595, 0.0010000000474974513, 1.102137804031372, '2024-08-03 07:47:30', 0, 999)
pval: [0.001] -- 93th test, time elapsed 1.102137804031372 -- emperical power so far (from test_start): 1.0
db insert success
tensor(0.2689)
tensor(0.2689)
(94, 40, 0.015, 2, 3000, 'elltwo', 'bitflip', 0.008143841428636556, 0.0010000000474974513, 1.1354985237121582, '2024-08-03 07:47:36', 0, 999)
pval: [0.001] -- 94th test, time elapsed 1.1354985237121582 -- emperical power so far (from test_start): 1.0
db insert success
tensor(0.2689)
tensor(0.2689)
(95, 40, 0.015, 2, 3000, 'elltwo', 'bitflip', 0.009940107072721638, 0.0010000000474974513, 1.0961971282958984, '2024-08-03 07:47:56', 0, 999)
pval: [0.001] -- 95th test, time elapsed 1.0961971282958984 -- emperical power so far (from test_start): 1.0
db insert success
tensor(0.2689)
tensor(0.2689)
(96, 40, 0.015, 2, 3000, 'elltwo', 'bitflip', 0.007830594568559945, 0.0010000000474974513, 1.0943913459777832, '2024-08-03 07:48:15', 0, 999)
pval: [0.001] -- 96th test, time elapsed 1.0943913459777832 -- emperical power so far (from test_start): 1.0
db insert success
tensor(0.2689)
tensor(0.2689)
(97, 40, 0.015, 2, 3000, 'elltwo', 'bitflip', 0.011232175391796773, 0.0010000000474974513, 1.084794521331787, '2024-08-03 07:48:26', 0, 999)
pval: [0.001] -- 97th test, time elapsed 1.084794521331787 -- emperical power so far (from test_start): 1.0
db insert success
tensor(0.2689)
tensor(0.2689)
(98, 40, 0.015, 2, 3000, 'elltwo', 'bitflip', 0.008116414360341828, 0.0010000000474974513, 1.1175446510314941, '2024-08-03 07:48:43', 0, 999)
pval: [0.001] -- 98th test, time elapsed 1.1175446510314941 -- emperical power so far (from test_start): 1.0
db insert success
tensor(0.2689)
tensor(0.2689)
(99, 40, 0.015, 2, 3000, 'elltwo', 'bitflip', 0.0037845495906054794, 0.004000000189989805, 1.0776865482330322, '2024-08-03 07:48:59', 0, 999)
pval: [0.004] -- 99th test, time elapsed 1.0776865482330322 -- emperical power so far (from test_start): 1.0
db insert success
tensor(0.2689)
tensor(0.2689)
(100, 40, 0.015, 2, 3000, 'elltwo', 'bitflip', 0.009426163684199018, 0.0010000000474974513, 1.0808491706848145, '2024-08-03 07:49:12', 0, 999)
pval: [0.001] -- 100th test, time elapsed 1.0808491706848145 -- emperical power so far (from test_start): 1.0
db insert success
tensor(0.2689)
tensor(0.2689)
(101, 40, 0.015, 2, 3000, 'elltwo', 'bitflip', 0.004568419250854383, 0.004000000189989805, 1.0934736728668213, '2024-08-03 07:49:19', 0, 999)
pval: [0.004] -- 101th test, time elapsed 1.0934736728668213 -- emperical power so far (from test_start): 1.0
db insert success
tensor(0.2689)
tensor(0.2689)
(102, 40, 0.015, 2, 3000, 'elltwo', 'bitflip', 0.008385475825273936, 0.0010000000474974513, 1.0978493690490723, '2024-08-03 07:49:25', 0, 999)
pval: [0.001] -- 102th test, time elapsed 1.0978493690490723 -- emperical power so far (from test_start): 1.0
db insert success
tensor(0.2689)
tensor(0.2689)
(103, 40, 0.015, 2, 3000, 'elltwo', 'bitflip', 0.009569906339153889, 0.0010000000474974513, 1.0917162895202637, '2024-08-03 07:49:36', 0, 999)
pval: [0.001] -- 103th test, time elapsed 1.0917162895202637 -- emperical power so far (from test_start): 1.0
db insert success
tensor(0.2689)
tensor(0.2689)
(104, 40, 0.015, 2, 3000, 'elltwo', 'bitflip', 0.007865518950754158, 0.0010000000474974513, 1.0830399990081787, '2024-08-03 07:49:51', 0, 999)
pval: [0.001] -- 104th test, time elapsed 1.0830399990081787 -- emperical power so far (from test_start): 1.0
db insert success
tensor(0.2689)
tensor(0.2689)
(105, 40, 0.015, 2, 3000, 'elltwo', 'bitflip', 0.009079038642512138, 0.0010000000474974513, 1.0745422840118408, '2024-08-03 07:49:59', 0, 999)
pval: [0.001] -- 105th test, time elapsed 1.0745422840118408 -- emperical power so far (from test_start): 1.0
db insert success
tensor(0.2689)
tensor(0.2689)
(106, 40, 0.015, 2, 3000, 'elltwo', 'bitflip', 0.010599294209178822, 0.0010000000474974513, 1.0887565612792969, '2024-08-03 07:50:20', 0, 999)
pval: [0.001] -- 106th test, time elapsed 1.0887565612792969 -- emperical power so far (from test_start): 1.0
db insert success
tensor(0.2689)
tensor(0.2689)
(107, 40, 0.015, 2, 3000, 'elltwo', 'bitflip', 0.008320978177909666, 0.0010000000474974513, 1.0606915950775146, '2024-08-03 07:50:37', 0, 999)
pval: [0.001] -- 107th test, time elapsed 1.0606915950775146 -- emperical power so far (from test_start): 1.0
db insert success
tensor(0.2689)
tensor(0.2689)
(108, 40, 0.015, 2, 3000, 'elltwo', 'bitflip', 0.008436129302356044, 0.0010000000474974513, 1.0726597309112549, '2024-08-03 07:50:56', 0, 999)
pval: [0.001] -- 108th test, time elapsed 1.0726597309112549 -- emperical power so far (from test_start): 1.0
db insert success
tensor(0.2689)
tensor(0.2689)
(109, 40, 0.015, 2, 3000, 'elltwo', 'bitflip', 0.008292852654582461, 0.0010000000474974513, 1.062204360961914, '2024-08-03 07:51:05', 0, 999)
pval: [0.001] -- 109th test, time elapsed 1.062204360961914 -- emperical power so far (from test_start): 1.0
db insert success
tensor(0.2689)
tensor(0.2689)
(110, 40, 0.015, 2, 3000, 'elltwo', 'bitflip', 0.004605981771702794, 0.0020000000949949026, 1.0614056587219238, '2024-08-03 07:51:19', 0, 999)
pval: [0.002] -- 110th test, time elapsed 1.0614056587219238 -- emperical power so far (from test_start): 1.0
db insert success
tensor(0.2689)
tensor(0.2689)
(111, 40, 0.015, 2, 3000, 'elltwo', 'bitflip', 0.011669404912759695, 0.0010000000474974513, 1.097257137298584, '2024-08-03 07:51:22', 0, 999)
pval: [0.001] -- 111th test, time elapsed 1.097257137298584 -- emperical power so far (from test_start): 1.0
db insert success
tensor(0.2689)
tensor(0.2689)
(112, 40, 0.015, 2, 3000, 'elltwo', 'bitflip', 0.005040194361092709, 0.0010000000474974513, 1.0568249225616455, '2024-08-03 07:51:32', 0, 999)
pval: [0.001] -- 112th test, time elapsed 1.0568249225616455 -- emperical power so far (from test_start): 1.0
db insert success
tensor(0.2689)
tensor(0.2689)
(113, 40, 0.015, 2, 3000, 'elltwo', 'bitflip', 0.00855757385794842, 0.0010000000474974513, 1.0518155097961426, '2024-08-03 07:51:43', 0, 999)
pval: [0.001] -- 113th test, time elapsed 1.0518155097961426 -- emperical power so far (from test_start): 1.0
db insert success
tensor(0.2689)
tensor(0.2689)
(114, 40, 0.015, 2, 3000, 'elltwo', 'bitflip', 0.006431049683216727, 0.0010000000474974513, 1.0624704360961914, '2024-08-03 07:52:05', 0, 999)
pval: [0.001] -- 114th test, time elapsed 1.0624704360961914 -- emperical power so far (from test_start): 1.0
db insert success
tensor(0.2689)
tensor(0.2689)
(115, 40, 0.015, 2, 3000, 'elltwo', 'bitflip', 0.007069903301102798, 0.0010000000474974513, 1.0706267356872559, '2024-08-03 07:52:12', 0, 999)
pval: [0.001] -- 115th test, time elapsed 1.0706267356872559 -- emperical power so far (from test_start): 1.0
db insert success
tensor(0.2689)
tensor(0.2689)
(116, 40, 0.015, 2, 3000, 'elltwo', 'bitflip', 0.009565991108159366, 0.0010000000474974513, 1.1043217182159424, '2024-08-03 07:52:25', 0, 999)
pval: [0.001] -- 116th test, time elapsed 1.1043217182159424 -- emperical power so far (from test_start): 1.0
db insert success
tensor(0.2689)
tensor(0.2689)
(117, 40, 0.015, 2, 3000, 'elltwo', 'bitflip', 0.00397118743285052, 0.003000000026077032, 1.0627052783966064, '2024-08-03 07:52:38', 0, 999)
pval: [0.003] -- 117th test, time elapsed 1.0627052783966064 -- emperical power so far (from test_start): 1.0
db insert success
tensor(0.2689)
tensor(0.2689)
(118, 40, 0.015, 2, 3000, 'elltwo', 'bitflip', 0.006935455522220302, 0.0010000000474974513, 1.0437352657318115, '2024-08-03 07:52:57', 0, 999)
pval: [0.001] -- 118th test, time elapsed 1.0437352657318115 -- emperical power so far (from test_start): 1.0
db insert success
tensor(0.2689)
tensor(0.2689)
(119, 40, 0.015, 2, 3000, 'elltwo', 'bitflip', 0.006487814827172755, 0.0010000000474974513, 1.068995475769043, '2024-08-03 07:53:10', 0, 999)
pval: [0.001] -- 119th test, time elapsed 1.068995475769043 -- emperical power so far (from test_start): 1.0
db insert success
tensor(0.2689)
tensor(0.2689)
(120, 40, 0.015, 2, 3000, 'elltwo', 'bitflip', 0.007590796191312421, 0.0010000000474974513, 1.0497429370880127, '2024-08-03 07:53:30', 0, 999)
pval: [0.001] -- 120th test, time elapsed 1.0497429370880127 -- emperical power so far (from test_start): 1.0
db insert success
tensor(0.2689)
tensor(0.2689)
(121, 40, 0.015, 2, 3000, 'elltwo', 'bitflip', 0.0043435742284483325, 0.0020000000949949026, 1.0630974769592285, '2024-08-03 07:53:48', 0, 999)
pval: [0.002] -- 121th test, time elapsed 1.0630974769592285 -- emperical power so far (from test_start): 1.0
db insert success
tensor(0.2689)
tensor(0.2689)
(122, 40, 0.015, 2, 3000, 'elltwo', 'bitflip', 0.005420766848198255, 0.0010000000474974513, 1.050532341003418, '2024-08-03 07:54:09', 0, 999)
pval: [0.001] -- 122th test, time elapsed 1.050532341003418 -- emperical power so far (from test_start): 1.0
db insert success
tensor(0.2689)
tensor(0.2689)
(123, 40, 0.015, 2, 3000, 'elltwo', 'bitflip', 0.0063451132599707805, 0.0010000000474974513, 1.0511360168457031, '2024-08-03 07:54:19', 0, 999)
pval: [0.001] -- 123th test, time elapsed 1.0511360168457031 -- emperical power so far (from test_start): 1.0
db insert success
tensor(0.2689)
tensor(0.2689)
(124, 40, 0.015, 2, 3000, 'elltwo', 'bitflip', 0.005071644029492894, 0.0010000000474974513, 1.0551505088806152, '2024-08-03 07:54:35', 0, 999)
pval: [0.001] -- 124th test, time elapsed 1.0551505088806152 -- emperical power so far (from test_start): 1.0
db insert success
tensor(0.2689)
tensor(0.2689)
(125, 40, 0.015, 2, 3000, 'elltwo', 'bitflip', 0.00876420132638156, 0.0010000000474974513, 1.065640926361084, '2024-08-03 07:54:43', 0, 999)
pval: [0.001] -- 125th test, time elapsed 1.065640926361084 -- emperical power so far (from test_start): 1.0
db insert success
tensor(0.2689)
tensor(0.2689)
(126, 40, 0.015, 2, 3000, 'elltwo', 'bitflip', 0.006751805787117426, 0.0010000000474974513, 1.093111515045166, '2024-08-03 07:54:48', 0, 999)
pval: [0.001] -- 126th test, time elapsed 1.093111515045166 -- emperical power so far (from test_start): 1.0
db insert success
tensor(0.2689)
tensor(0.2689)
(127, 40, 0.015, 2, 3000, 'elltwo', 'bitflip', 0.006626780037798596, 0.0010000000474974513, 1.0565481185913086, '2024-08-03 07:54:54', 0, 999)
pval: [0.001] -- 127th test, time elapsed 1.0565481185913086 -- emperical power so far (from test_start): 1.0
db insert success
tensor(0.2689)
tensor(0.2689)
(128, 40, 0.015, 2, 3000, 'elltwo', 'bitflip', 0.008876755437000838, 0.0010000000474974513, 1.0508134365081787, '2024-08-03 07:55:04', 0, 999)
pval: [0.001] -- 128th test, time elapsed 1.0508134365081787 -- emperical power so far (from test_start): 1.0
db insert success
tensor(0.2689)
tensor(0.2689)
(129, 40, 0.015, 2, 3000, 'elltwo', 'bitflip', 0.01212311681671796, 0.0010000000474974513, 1.0431201457977295, '2024-08-03 07:55:14', 0, 999)
pval: [0.001] -- 129th test, time elapsed 1.0431201457977295 -- emperical power so far (from test_start): 1.0
db insert success
tensor(0.2689)
tensor(0.2689)
(130, 40, 0.015, 2, 3000, 'elltwo', 'bitflip', 0.00574792975435745, 0.0010000000474974513, 1.0600152015686035, '2024-08-03 07:55:17', 0, 999)
pval: [0.001] -- 130th test, time elapsed 1.0600152015686035 -- emperical power so far (from test_start): 1.0
db insert success
tensor(0.2689)
tensor(0.2689)
(131, 40, 0.015, 2, 3000, 'elltwo', 'bitflip', 0.008636694305521608, 0.0010000000474974513, 1.0488297939300537, '2024-08-03 07:55:21', 0, 999)
pval: [0.001] -- 131th test, time elapsed 1.0488297939300537 -- emperical power so far (from test_start): 1.0
db insert success
tensor(0.2689)
tensor(0.2689)
(132, 40, 0.015, 2, 3000, 'elltwo', 'bitflip', 0.007643356303949744, 0.0010000000474974513, 1.0708763599395752, '2024-08-03 07:55:40', 0, 999)
pval: [0.001] -- 132th test, time elapsed 1.0708763599395752 -- emperical power so far (from test_start): 1.0
db insert success
tensor(0.2689)
tensor(0.2689)
(133, 40, 0.015, 2, 3000, 'elltwo', 'bitflip', 0.005928328702148988, 0.0010000000474974513, 1.0504837036132812, '2024-08-03 07:55:47', 0, 999)
pval: [0.001] -- 133th test, time elapsed 1.0504837036132812 -- emperical power so far (from test_start): 1.0
db insert success
tensor(0.2689)
tensor(0.2689)
(134, 40, 0.015, 2, 3000, 'elltwo', 'bitflip', 0.004606008373164272, 0.0020000000949949026, 1.0861141681671143, '2024-08-03 07:56:07', 0, 999)
pval: [0.002] -- 134th test, time elapsed 1.0861141681671143 -- emperical power so far (from test_start): 1.0
db insert success
tensor(0.2689)
tensor(0.2689)
(135, 40, 0.015, 2, 3000, 'elltwo', 'bitflip', 0.008972672075869603, 0.0010000000474974513, 1.0676581859588623, '2024-08-03 07:56:11', 0, 999)
pval: [0.001] -- 135th test, time elapsed 1.0676581859588623 -- emperical power so far (from test_start): 1.0
db insert success
tensor(0.2689)
tensor(0.2689)
(136, 40, 0.015, 2, 3000, 'elltwo', 'bitflip', 0.009538909636529702, 0.0010000000474974513, 1.058934211730957, '2024-08-03 07:56:23', 0, 999)
pval: [0.001] -- 136th test, time elapsed 1.058934211730957 -- emperical power so far (from test_start): 1.0
db insert success
tensor(0.2689)
tensor(0.2689)
(137, 40, 0.015, 2, 3000, 'elltwo', 'bitflip', 0.004958720832854979, 0.0020000000949949026, 1.064112901687622, '2024-08-03 07:56:29', 0, 999)
pval: [0.002] -- 137th test, time elapsed 1.064112901687622 -- emperical power so far (from test_start): 1.0
db insert success
tensor(0.2689)
tensor(0.2689)
(138, 40, 0.015, 2, 3000, 'elltwo', 'bitflip', 0.007071516283208901, 0.0010000000474974513, 1.0625033378601074, '2024-08-03 07:56:47', 0, 999)
pval: [0.001] -- 138th test, time elapsed 1.0625033378601074 -- emperical power so far (from test_start): 1.0
db insert success
tensor(0.2689)
tensor(0.2689)
(139, 40, 0.015, 2, 3000, 'elltwo', 'bitflip', 0.007100174132117054, 0.0010000000474974513, 1.0522096157073975, '2024-08-03 07:56:58', 0, 999)
pval: [0.001] -- 139th test, time elapsed 1.0522096157073975 -- emperical power so far (from test_start): 1.0
db insert success
tensor(0.2689)
tensor(0.2689)
(140, 40, 0.015, 2, 3000, 'elltwo', 'bitflip', 0.0056247846319097405, 0.0010000000474974513, 1.0546817779541016, '2024-08-03 07:57:19', 0, 999)
pval: [0.001] -- 140th test, time elapsed 1.0546817779541016 -- emperical power so far (from test_start): 1.0
db insert success
tensor(0.2689)
tensor(0.2689)
(141, 40, 0.015, 2, 3000, 'elltwo', 'bitflip', 0.010199496424734278, 0.0010000000474974513, 1.0606689453125, '2024-08-03 07:57:35', 0, 999)
pval: [0.001] -- 141th test, time elapsed 1.0606689453125 -- emperical power so far (from test_start): 1.0
db insert success
tensor(0.2689)
tensor(0.2689)
(142, 40, 0.015, 2, 3000, 'elltwo', 'bitflip', 0.008869590974777353, 0.0010000000474974513, 1.0551962852478027, '2024-08-03 07:57:37', 0, 999)
pval: [0.001] -- 142th test, time elapsed 1.0551962852478027 -- emperical power so far (from test_start): 1.0
db insert success
tensor(0.2689)
tensor(0.2689)
(143, 40, 0.015, 2, 3000, 'elltwo', 'bitflip', 0.008529470490158175, 0.0010000000474974513, 1.0592808723449707, '2024-08-03 07:57:40', 0, 999)
pval: [0.001] -- 143th test, time elapsed 1.0592808723449707 -- emperical power so far (from test_start): 1.0
db insert success
tensor(0.2689)
tensor(0.2689)
(144, 40, 0.015, 2, 3000, 'elltwo', 'bitflip', 0.0107769583194397, 0.0010000000474974513, 1.0595672130584717, '2024-08-03 07:57:49', 0, 999)
pval: [0.001] -- 144th test, time elapsed 1.0595672130584717 -- emperical power so far (from test_start): 1.0
db insert success
tensor(0.2689)
tensor(0.2689)
(145, 40, 0.015, 2, 3000, 'elltwo', 'bitflip', 0.005318916601821044, 0.0010000000474974513, 1.0547740459442139, '2024-08-03 07:58:01', 0, 999)
pval: [0.001] -- 145th test, time elapsed 1.0547740459442139 -- emperical power so far (from test_start): 1.0
db insert success
tensor(0.2689)
tensor(0.2689)
(146, 40, 0.015, 2, 3000, 'elltwo', 'bitflip', 0.005605460412728469, 0.0010000000474974513, 1.092130184173584, '2024-08-03 07:58:05', 0, 999)
pval: [0.001] -- 146th test, time elapsed 1.092130184173584 -- emperical power so far (from test_start): 1.0
db insert success
tensor(0.2689)
tensor(0.2689)
(147, 40, 0.015, 2, 3000, 'elltwo', 'bitflip', 0.011653967470639515, 0.0010000000474974513, 1.0568428039550781, '2024-08-03 07:58:11', 0, 999)
pval: [0.001] -- 147th test, time elapsed 1.0568428039550781 -- emperical power so far (from test_start): 1.0
db insert success
tensor(0.2689)
tensor(0.2689)
(148, 40, 0.015, 2, 3000, 'elltwo', 'bitflip', 0.00868711763181107, 0.0010000000474974513, 1.0893120765686035, '2024-08-03 07:58:25', 0, 999)
pval: [0.001] -- 148th test, time elapsed 1.0893120765686035 -- emperical power so far (from test_start): 1.0
db insert success
tensor(0.2689)
tensor(0.2689)
(149, 40, 0.015, 2, 3000, 'elltwo', 'bitflip', 0.003986561298205515, 0.004000000189989805, 1.0735540390014648, '2024-08-03 07:58:35', 0, 999)
pval: [0.004] -- 149th test, time elapsed 1.0735540390014648 -- emperical power so far (from test_start): 1.0
db insert success
tensor(0.2689)
tensor(0.2689)
(150, 40, 0.015, 2, 3000, 'elltwo', 'bitflip', 0.006360171168169337, 0.0010000000474974513, 1.052741289138794, '2024-08-03 07:58:43', 0, 999)
pval: [0.001] -- 150th test, time elapsed 1.052741289138794 -- emperical power so far (from test_start): 1.0
db insert success
tensor(0.2689)
tensor(0.2689)
(151, 40, 0.015, 2, 3000, 'elltwo', 'bitflip', 0.005349328220532357, 0.0010000000474974513, 1.05338454246521, '2024-08-03 07:58:49', 0, 999)
pval: [0.001] -- 151th test, time elapsed 1.05338454246521 -- emperical power so far (from test_start): 1.0
db insert success
tensor(0.2689)
tensor(0.2689)
(152, 40, 0.015, 2, 3000, 'elltwo', 'bitflip', 0.006973836982692383, 0.0010000000474974513, 1.0528452396392822, '2024-08-03 07:58:51', 0, 999)
pval: [0.001] -- 152th test, time elapsed 1.0528452396392822 -- emperical power so far (from test_start): 1.0
db insert success
tensor(0.2689)
tensor(0.2689)
(153, 40, 0.015, 2, 3000, 'elltwo', 'bitflip', 0.005039029528364658, 0.0010000000474974513, 1.0674083232879639, '2024-08-03 07:59:10', 0, 999)
pval: [0.001] -- 153th test, time elapsed 1.0674083232879639 -- emperical power so far (from test_start): 1.0
db insert success
tensor(0.2689)
tensor(0.2689)
(154, 40, 0.015, 2, 3000, 'elltwo', 'bitflip', 0.006722158126789779, 0.0010000000474974513, 1.0600824356079102, '2024-08-03 07:59:21', 0, 999)
pval: [0.001] -- 154th test, time elapsed 1.0600824356079102 -- emperical power so far (from test_start): 1.0
db insert success
tensor(0.2689)
tensor(0.2689)
(155, 40, 0.015, 2, 3000, 'elltwo', 'bitflip', 0.0046769715090198005, 0.003000000026077032, 1.067457675933838, '2024-08-03 07:59:26', 0, 999)
pval: [0.003] -- 155th test, time elapsed 1.067457675933838 -- emperical power so far (from test_start): 1.0
db insert success
tensor(0.2689)
tensor(0.2689)
(156, 40, 0.015, 2, 3000, 'elltwo', 'bitflip', 0.0075816807824784505, 0.0010000000474974513, 1.0712308883666992, '2024-08-03 07:59:34', 0, 999)
pval: [0.001] -- 156th test, time elapsed 1.0712308883666992 -- emperical power so far (from test_start): 1.0
db insert success
tensor(0.2689)
tensor(0.2689)
(157, 40, 0.015, 2, 3000, 'elltwo', 'bitflip', 0.007949286799309618, 0.0010000000474974513, 1.0527904033660889, '2024-08-03 07:59:46', 0, 999)
pval: [0.001] -- 157th test, time elapsed 1.0527904033660889 -- emperical power so far (from test_start): 1.0
db insert success
tensor(0.2689)
tensor(0.2689)
(158, 40, 0.015, 2, 3000, 'elltwo', 'bitflip', 0.005354081138167821, 0.0020000000949949026, 1.0612449645996094, '2024-08-03 07:59:59', 0, 999)
pval: [0.002] -- 158th test, time elapsed 1.0612449645996094 -- emperical power so far (from test_start): 1.0
db insert success
tensor(0.2689)
tensor(0.2689)
(159, 40, 0.015, 2, 3000, 'elltwo', 'bitflip', 0.006419585343277134, 0.0010000000474974513, 1.043980598449707, '2024-08-03 08:00:04', 0, 999)
pval: [0.001] -- 159th test, time elapsed 1.043980598449707 -- emperical power so far (from test_start): 1.0
db insert success
tensor(0.2689)
tensor(0.2689)
(160, 40, 0.015, 2, 3000, 'elltwo', 'bitflip', 0.009086284909789022, 0.0010000000474974513, 1.1079297065734863, '2024-08-03 08:00:19', 0, 999)
pval: [0.001] -- 160th test, time elapsed 1.1079297065734863 -- emperical power so far (from test_start): 1.0
db insert success
tensor(0.2689)
tensor(0.2689)
(161, 40, 0.015, 2, 3000, 'elltwo', 'bitflip', 0.008425820829158326, 0.0010000000474974513, 1.0812804698944092, '2024-08-03 08:00:35', 0, 999)
pval: [0.001] -- 161th test, time elapsed 1.0812804698944092 -- emperical power so far (from test_start): 1.0
db insert success
tensor(0.2689)
tensor(0.2689)
(162, 40, 0.015, 2, 3000, 'elltwo', 'bitflip', 0.005233504797895527, 0.0010000000474974513, 1.0697696208953857, '2024-08-03 08:00:39', 0, 999)
pval: [0.001] -- 162th test, time elapsed 1.0697696208953857 -- emperical power so far (from test_start): 1.0
db insert success
tensor(0.2689)
tensor(0.2689)
(163, 40, 0.015, 2, 3000, 'elltwo', 'bitflip', 0.008451119187875555, 0.0010000000474974513, 1.0597751140594482, '2024-08-03 08:00:46', 0, 999)
pval: [0.001] -- 163th test, time elapsed 1.0597751140594482 -- emperical power so far (from test_start): 1.0
db insert success
tensor(0.2689)
tensor(0.2689)
(164, 40, 0.015, 2, 3000, 'elltwo', 'bitflip', 0.00910221036641179, 0.0010000000474974513, 1.0770514011383057, '2024-08-03 08:00:55', 0, 999)
pval: [0.001] -- 164th test, time elapsed 1.0770514011383057 -- emperical power so far (from test_start): 1.0
db insert success
tensor(0.2689)
tensor(0.2689)
(165, 40, 0.015, 2, 3000, 'elltwo', 'bitflip', 0.01100186521431823, 0.0010000000474974513, 1.0626475811004639, '2024-08-03 08:00:59', 0, 999)
pval: [0.001] -- 165th test, time elapsed 1.0626475811004639 -- emperical power so far (from test_start): 1.0
db insert success
tensor(0.2689)
tensor(0.2689)
(166, 40, 0.015, 2, 3000, 'elltwo', 'bitflip', 0.007658023192920638, 0.0010000000474974513, 1.0710325241088867, '2024-08-03 08:01:15', 0, 999)
pval: [0.001] -- 166th test, time elapsed 1.0710325241088867 -- emperical power so far (from test_start): 1.0
db insert success
tensor(0.2689)
tensor(0.2689)
(167, 40, 0.015, 2, 3000, 'elltwo', 'bitflip', 0.007981379941457867, 0.0010000000474974513, 20.75113582611084, '2024-08-03 08:01:36', 0, 999)
pval: [0.001] -- 167th test, time elapsed 20.75113582611084 -- emperical power so far (from test_start): 1.0
db insert success
tensor(0.2689)
tensor(0.2689)
(168, 40, 0.015, 2, 3000, 'elltwo', 'bitflip', 0.010368615464408926, 0.0010000000474974513, 87.87428259849548, '2024-08-03 08:02:03', 0, 999)
pval: [0.001] -- 168th test, time elapsed 87.87428259849548 -- emperical power so far (from test_start): 1.0
db insert success
tensor(0.2689)
tensor(0.2689)
(169, 40, 0.015, 2, 3000, 'elltwo', 'bitflip', 0.005401164017643012, 0.0020000000949949026, 87.97041821479797, '2024-08-03 08:03:37', 0, 999)
pval: [0.002] -- 169th test, time elapsed 87.97041821479797 -- emperical power so far (from test_start): 1.0
db insert success
tensor(0.2689)
tensor(0.2689)
(170, 40, 0.015, 2, 3000, 'elltwo', 'bitflip', 0.0044324895706120415, 0.0020000000949949026, 87.696280002594, '2024-08-03 08:05:09', 0, 999)
pval: [0.002] -- 170th test, time elapsed 87.696280002594 -- emperical power so far (from test_start): 1.0
db insert success
tensor(0.2689)
tensor(0.2689)
(171, 40, 0.015, 2, 3000, 'elltwo', 'bitflip', 0.007370245266936415, 0.0010000000474974513, 88.20679330825806, '2024-08-03 08:06:57', 0, 999)
pval: [0.001] -- 171th test, time elapsed 88.20679330825806 -- emperical power so far (from test_start): 1.0
db insert success
tensor(0.2689)
tensor(0.2689)
(172, 40, 0.015, 2, 3000, 'elltwo', 'bitflip', 0.01101491645361552, 0.0010000000474974513, 88.10796046257019, '2024-08-03 08:08:43', 0, 999)
pval: [0.001] -- 172th test, time elapsed 88.10796046257019 -- emperical power so far (from test_start): 1.0
db insert success
tensor(0.2689)
tensor(0.2689)
(173, 40, 0.015, 2, 3000, 'elltwo', 'bitflip', 0.006901592901344955, 0.0010000000474974513, 88.26605439186096, '2024-08-03 08:10:27', 0, 999)
pval: [0.001] -- 173th test, time elapsed 88.26605439186096 -- emperical power so far (from test_start): 1.0
db insert success
tensor(0.2689)
tensor(0.2689)
(174, 40, 0.015, 2, 3000, 'elltwo', 'bitflip', 0.00905053440036685, 0.0010000000474974513, 88.09527325630188, '2024-08-03 08:12:03', 0, 999)
pval: [0.001] -- 174th test, time elapsed 88.09527325630188 -- emperical power so far (from test_start): 1.0
db insert success
tensor(0.2689)
tensor(0.2689)
(175, 40, 0.015, 2, 3000, 'elltwo', 'bitflip', 0.011997637879283651, 0.0010000000474974513, 88.12708830833435, '2024-08-03 08:13:41', 0, 999)
pval: [0.001] -- 175th test, time elapsed 88.12708830833435 -- emperical power so far (from test_start): 1.0
db insert success
tensor(0.2689)
tensor(0.2689)
(176, 40, 0.015, 2, 3000, 'elltwo', 'bitflip', 0.008073458115685384, 0.0010000000474974513, 88.20282506942749, '2024-08-03 08:15:22', 0, 999)
pval: [0.001] -- 176th test, time elapsed 88.20282506942749 -- emperical power so far (from test_start): 1.0
db insert success
tensor(0.2689)
tensor(0.2689)
(177, 40, 0.015, 2, 3000, 'elltwo', 'bitflip', 0.008471378681782937, 0.0010000000474974513, 87.97124314308167, '2024-08-03 08:16:51', 0, 999)
pval: [0.001] -- 177th test, time elapsed 87.97124314308167 -- emperical power so far (from test_start): 1.0
db insert success
tensor(0.2689)
tensor(0.2689)
(178, 40, 0.015, 2, 3000, 'elltwo', 'bitflip', 0.006970485939755022, 0.0010000000474974513, 87.89879941940308, '2024-08-03 08:18:39', 0, 999)
pval: [0.001] -- 178th test, time elapsed 87.89879941940308 -- emperical power so far (from test_start): 1.0
db insert success
tensor(0.2689)
tensor(0.2689)
(179, 40, 0.015, 2, 3000, 'elltwo', 'bitflip', 0.006159360379385248, 0.0010000000474974513, 42.53430533409119, '2024-08-03 08:20:19', 0, 999)
pval: [0.001] -- 179th test, time elapsed 42.53430533409119 -- emperical power so far (from test_start): 1.0
db insert success
tensor(0.2689)
tensor(0.2689)
(180, 40, 0.015, 2, 3000, 'elltwo', 'bitflip', 0.0056333642325236966, 0.0010000000474974513, 1.234367847442627, '2024-08-03 08:21:18', 0, 999)
pval: [0.001] -- 180th test, time elapsed 1.234367847442627 -- emperical power so far (from test_start): 1.0
db insert success
tensor(0.2689)
tensor(0.2689)
(181, 40, 0.015, 2, 3000, 'elltwo', 'bitflip', 0.007668045496648901, 0.0010000000474974513, 1.2392675876617432, '2024-08-03 08:21:28', 0, 999)
pval: [0.001] -- 181th test, time elapsed 1.2392675876617432 -- emperical power so far (from test_start): 1.0
db insert success
tensor(0.2689)
tensor(0.2689)
(182, 40, 0.015, 2, 3000, 'elltwo', 'bitflip', 0.006933500648369062, 0.0010000000474974513, 1.245974063873291, '2024-08-03 08:21:33', 0, 999)
pval: [0.001] -- 182th test, time elapsed 1.245974063873291 -- emperical power so far (from test_start): 1.0
db insert success
tensor(0.2689)
tensor(0.2689)
(183, 40, 0.015, 2, 3000, 'elltwo', 'bitflip', 0.007515685228421276, 0.0010000000474974513, 1.2627403736114502, '2024-08-03 08:21:50', 0, 999)
pval: [0.001] -- 183th test, time elapsed 1.2627403736114502 -- emperical power so far (from test_start): 1.0
db insert success
tensor(0.2689)
tensor(0.2689)
(184, 40, 0.015, 2, 3000, 'elltwo', 'bitflip', 0.011254147086058985, 0.0010000000474974513, 1.2526309490203857, '2024-08-03 08:22:10', 0, 999)
pval: [0.001] -- 184th test, time elapsed 1.2526309490203857 -- emperical power so far (from test_start): 1.0
db insert success
tensor(0.2689)
tensor(0.2689)
(185, 40, 0.015, 2, 3000, 'elltwo', 'bitflip', 0.0039047869289765558, 0.003000000026077032, 1.2466979026794434, '2024-08-03 08:22:17', 0, 999)
pval: [0.003] -- 185th test, time elapsed 1.2466979026794434 -- emperical power so far (from test_start): 1.0
db insert success
tensor(0.2689)
tensor(0.2689)
(186, 40, 0.015, 2, 3000, 'elltwo', 'bitflip', 0.006363131117781862, 0.0010000000474974513, 1.2745335102081299, '2024-08-03 08:22:29', 0, 999)
pval: [0.001] -- 186th test, time elapsed 1.2745335102081299 -- emperical power so far (from test_start): 1.0
db insert success
tensor(0.2689)
tensor(0.2689)
(187, 40, 0.015, 2, 3000, 'elltwo', 'bitflip', 0.004386404357017426, 0.0020000000949949026, 1.2683570384979248, '2024-08-03 08:22:39', 0, 999)
pval: [0.002] -- 187th test, time elapsed 1.2683570384979248 -- emperical power so far (from test_start): 1.0
db insert success
tensor(0.2689)
tensor(0.2689)
(188, 40, 0.015, 2, 3000, 'elltwo', 'bitflip', 0.012467285539639938, 0.0010000000474974513, 1.2535154819488525, '2024-08-03 08:22:47', 0, 999)
pval: [0.001] -- 188th test, time elapsed 1.2535154819488525 -- emperical power so far (from test_start): 1.0
db insert success
tensor(0.2689)
tensor(0.2689)
(189, 40, 0.015, 2, 3000, 'elltwo', 'bitflip', 0.0049165889370463844, 0.0020000000949949026, 1.2312490940093994, '2024-08-03 08:23:07', 0, 999)
pval: [0.002] -- 189th test, time elapsed 1.2312490940093994 -- emperical power so far (from test_start): 1.0
db insert success
tensor(0.2689)
tensor(0.2689)
(190, 40, 0.015, 2, 3000, 'elltwo', 'bitflip', 0.008634068096775138, 0.0010000000474974513, 1.2426764965057373, '2024-08-03 08:23:17', 0, 999)
pval: [0.001] -- 190th test, time elapsed 1.2426764965057373 -- emperical power so far (from test_start): 1.0
db insert success
tensor(0.2689)
tensor(0.2689)
(191, 40, 0.015, 2, 3000, 'elltwo', 'bitflip', 0.00532488036753076, 0.0010000000474974513, 1.2257728576660156, '2024-08-03 08:23:31', 0, 999)
pval: [0.001] -- 191th test, time elapsed 1.2257728576660156 -- emperical power so far (from test_start): 1.0
db insert success
tensor(0.2689)
tensor(0.2689)
(192, 40, 0.015, 2, 3000, 'elltwo', 'bitflip', 0.011921859064123908, 0.0010000000474974513, 1.1793410778045654, '2024-08-03 08:23:51', 0, 999)
pval: [0.001] -- 192th test, time elapsed 1.1793410778045654 -- emperical power so far (from test_start): 1.0
db insert success
tensor(0.2689)
tensor(0.2689)
(193, 40, 0.015, 2, 3000, 'elltwo', 'bitflip', 0.006140161387140353, 0.0010000000474974513, 1.16213059425354, '2024-08-03 08:24:04', 0, 999)
pval: [0.001] -- 193th test, time elapsed 1.16213059425354 -- emperical power so far (from test_start): 1.0
db insert success
tensor(0.2689)
tensor(0.2689)
(194, 40, 0.015, 2, 3000, 'elltwo', 'bitflip', 0.004477486495491512, 0.0010000000474974513, 1.2286393642425537, '2024-08-03 08:24:08', 0, 999)
pval: [0.001] -- 194th test, time elapsed 1.2286393642425537 -- emperical power so far (from test_start): 1.0
db insert success
tensor(0.2689)
tensor(0.2689)
(195, 40, 0.015, 2, 3000, 'elltwo', 'bitflip', 0.007869526879336952, 0.0010000000474974513, 1.1796200275421143, '2024-08-03 08:24:14', 0, 999)
pval: [0.001] -- 195th test, time elapsed 1.1796200275421143 -- emperical power so far (from test_start): 1.0
db insert success
tensor(0.2689)
tensor(0.2689)
(196, 40, 0.015, 2, 3000, 'elltwo', 'bitflip', 0.007073003075111828, 0.0010000000474974513, 1.160978078842163, '2024-08-03 08:24:29', 0, 999)
pval: [0.001] -- 196th test, time elapsed 1.160978078842163 -- emperical power so far (from test_start): 1.0
db insert success
tensor(0.2689)
tensor(0.2689)
(197, 40, 0.015, 2, 3000, 'elltwo', 'bitflip', 0.008622696306169964, 0.0010000000474974513, 1.1657819747924805, '2024-08-03 08:24:46', 0, 999)
pval: [0.001] -- 197th test, time elapsed 1.1657819747924805 -- emperical power so far (from test_start): 1.0
db insert success
tensor(0.2689)
tensor(0.2689)
(198, 40, 0.015, 2, 3000, 'elltwo', 'bitflip', 0.006836426216137781, 0.0010000000474974513, 1.148437738418579, '2024-08-03 08:24:49', 0, 999)
pval: [0.001] -- 198th test, time elapsed 1.148437738418579 -- emperical power so far (from test_start): 1.0
db insert success
tensor(0.2689)
tensor(0.2689)
(199, 40, 0.015, 2, 3000, 'elltwo', 'bitflip', 0.003663765032788646, 0.009999999776482582, 1.1783041954040527, '2024-08-03 08:24:59', 0, 999)
pval: [0.01] -- 199th test, time elapsed 1.1783041954040527 -- emperical power so far (from test_start): 1.0
db insert success
tensor(0.2689)
tensor(0.2689)
(200, 40, 0.015, 2, 3000, 'elltwo', 'bitflip', 0.01096102997295656, 0.0010000000474974513, 1.1719284057617188, '2024-08-03 08:25:07', 0, 999)
pval: [0.001] -- 200th test, time elapsed 1.1719284057617188 -- emperical power so far (from test_start): 1.0
db insert success
5230.670339822769
