bitflipprojchi, alpha=1, sample size=3000
#########################################
tensor(0.3775)
tensor(0.3775)
tensor(78.9238, device='cuda:0')
(1, 3, 0, 1, 3000, 'projchi', 'bitflip', 78.92381286621094, 0.07900000363588333, 1.71457839012146, '2024-07-16 22:59:56', 4)
pval: [0.079] -- 1th test, time elapsed 1.71457839012146 -- emperical power so far (from test_start): 0.0
db insert success
tensor(0.3775)
tensor(0.3775)
tensor(115.1603, device='cuda:0')
(2, 3, 0, 1, 3000, 'projchi', 'bitflip', 115.16033172607422, 0.0010000000474974513, 1.7033886909484863, '2024-07-16 22:59:58', 4)
pval: [0.001] -- 2th test, time elapsed 1.7033886909484863 -- emperical power so far (from test_start): 0.5
db insert success
tensor(0.3775)
tensor(0.3775)
tensor(66.2998, device='cuda:0')
(3, 3, 0, 1, 3000, 'projchi', 'bitflip', 66.2998046875, 0.3620000183582306, 1.703279972076416, '2024-07-16 23:00:09', 4)
pval: [0.36200002] -- 3th test, time elapsed 1.703279972076416 -- emperical power so far (from test_start): 0.3333333333333333
db insert success
tensor(0.3775)
tensor(0.3775)
tensor(76.6463, device='cuda:0')
(4, 3, 0, 1, 3000, 'projchi', 'bitflip', 76.6463394165039, 0.11400000751018524, 1.7074542045593262, '2024-07-16 23:00:21', 4)
pval: [0.11400001] -- 4th test, time elapsed 1.7074542045593262 -- emperical power so far (from test_start): 0.25
db insert success
tensor(0.3775)
tensor(0.3775)
tensor(89.1315, device='cuda:0')
(5, 3, 0, 1, 3000, 'projchi', 'bitflip', 89.1314926147461, 0.01900000125169754, 1.7013609409332275, '2024-07-16 23:00:30', 4)
pval: [0.019] -- 5th test, time elapsed 1.7013609409332275 -- emperical power so far (from test_start): 0.4
db insert success
tensor(0.3775)
tensor(0.3775)
tensor(87.8152, device='cuda:0')
(6, 3, 0, 1, 3000, 'projchi', 'bitflip', 87.8152084350586, 0.02200000174343586, 1.712310552597046, '2024-07-16 23:00:43', 4)
pval: [0.022] -- 6th test, time elapsed 1.712310552597046 -- emperical power so far (from test_start): 0.5
db insert success
tensor(0.3775)
tensor(0.3775)
tensor(117.1242, device='cuda:0')
(7, 3, 0, 1, 3000, 'projchi', 'bitflip', 117.12422180175781, 0.0010000000474974513, 1.7070534229278564, '2024-07-16 23:00:50', 4)
pval: [0.001] -- 7th test, time elapsed 1.7070534229278564 -- emperical power so far (from test_start): 0.5714285714285714
db insert success
tensor(0.3775)
tensor(0.3775)
tensor(104.8247, device='cuda:0')
(8, 3, 0, 1, 3000, 'projchi', 'bitflip', 104.82465362548828, 0.0010000000474974513, 1.7091901302337646, '2024-07-16 23:01:02', 4)
pval: [0.001] -- 8th test, time elapsed 1.7091901302337646 -- emperical power so far (from test_start): 0.625
db insert success
tensor(0.3775)
tensor(0.3775)
tensor(84.0706, device='cuda:0')
(9, 3, 0, 1, 3000, 'projchi', 'bitflip', 84.07061767578125, 0.03200000151991844, 1.7086424827575684, '2024-07-16 23:01:06', 4)
pval: [0.032] -- 9th test, time elapsed 1.7086424827575684 -- emperical power so far (from test_start): 0.6666666666666666
db insert success
tensor(0.3775)
tensor(0.3775)
tensor(93.6275, device='cuda:0')
(10, 3, 0, 1, 3000, 'projchi', 'bitflip', 93.62754821777344, 0.00800000037997961, 1.708688735961914, '2024-07-16 23:01:21', 4)
pval: [0.008] -- 10th test, time elapsed 1.708688735961914 -- emperical power so far (from test_start): 0.7
db insert success
tensor(0.3775)
tensor(0.3775)
tensor(102.4422, device='cuda:0')
(11, 3, 0, 1, 3000, 'projchi', 'bitflip', 102.44217681884766, 0.003000000026077032, 1.7047646045684814, '2024-07-16 23:01:26', 4)
pval: [0.003] -- 11th test, time elapsed 1.7047646045684814 -- emperical power so far (from test_start): 0.7272727272727273
db insert success
tensor(0.3775)
tensor(0.3775)
tensor(83.1813, device='cuda:0')
(12, 3, 0, 1, 3000, 'projchi', 'bitflip', 83.18126678466797, 0.04200000315904617, 1.7065188884735107, '2024-07-16 23:01:48', 4)
pval: [0.042] -- 12th test, time elapsed 1.7065188884735107 -- emperical power so far (from test_start): 0.75
db insert success
tensor(0.3775)
tensor(0.3775)
tensor(88.3023, device='cuda:0')
(13, 3, 0, 1, 3000, 'projchi', 'bitflip', 88.30230712890625, 0.023000001907348633, 1.7030034065246582, '2024-07-16 23:02:00', 4)
pval: [0.023] -- 13th test, time elapsed 1.7030034065246582 -- emperical power so far (from test_start): 0.7692307692307693
db insert success
tensor(0.3775)
tensor(0.3775)
tensor(88.9474, device='cuda:0')
(14, 3, 0, 1, 3000, 'projchi', 'bitflip', 88.94739532470703, 0.018000001087784767, 1.708148717880249, '2024-07-16 23:02:06', 4)
pval: [0.018] -- 14th test, time elapsed 1.708148717880249 -- emperical power so far (from test_start): 0.7857142857142857
db insert success
tensor(0.3775)
tensor(0.3775)
tensor(80.7957, device='cuda:0')
(15, 3, 0, 1, 3000, 'projchi', 'bitflip', 80.795654296875, 0.07300000637769699, 1.705277919769287, '2024-07-16 23:02:12', 4)
pval: [0.07300001] -- 15th test, time elapsed 1.705277919769287 -- emperical power so far (from test_start): 0.7333333333333333
db insert success
tensor(0.3775)
tensor(0.3775)
tensor(81.4543, device='cuda:0')
(16, 3, 0, 1, 3000, 'projchi', 'bitflip', 81.45433807373047, 0.06300000101327896, 1.7114708423614502, '2024-07-16 23:02:26', 4)
pval: [0.063] -- 16th test, time elapsed 1.7114708423614502 -- emperical power so far (from test_start): 0.6875
db insert success
tensor(0.3775)
tensor(0.3775)
tensor(78.0888, device='cuda:0')
(17, 3, 0, 1, 3000, 'projchi', 'bitflip', 78.08883666992188, 0.0950000062584877, 1.6988227367401123, '2024-07-16 23:02:28', 4)
pval: [0.09500001] -- 17th test, time elapsed 1.6988227367401123 -- emperical power so far (from test_start): 0.6470588235294118
db insert success
tensor(0.3775)
tensor(0.3775)
tensor(102.8578, device='cuda:0')
(18, 3, 0, 1, 3000, 'projchi', 'bitflip', 102.85779571533203, 0.0020000000949949026, 1.7135710716247559, '2024-07-16 23:02:43', 4)
pval: [0.002] -- 18th test, time elapsed 1.7135710716247559 -- emperical power so far (from test_start): 0.6666666666666666
db insert success
tensor(0.3775)
tensor(0.3775)
tensor(85.6810, device='cuda:0')
(19, 3, 0, 1, 3000, 'projchi', 'bitflip', 85.6810073852539, 0.032999999821186066, 1.7025654315948486, '2024-07-16 23:03:04', 4)
pval: [0.033] -- 19th test, time elapsed 1.7025654315948486 -- emperical power so far (from test_start): 0.6842105263157895
db insert success
tensor(0.3775)
tensor(0.3775)
tensor(99.0652, device='cuda:0')
(20, 3, 0, 1, 3000, 'projchi', 'bitflip', 99.06522369384766, 0.004000000189989805, 1.7072784900665283, '2024-07-16 23:03:17', 4)
pval: [0.004] -- 20th test, time elapsed 1.7072784900665283 -- emperical power so far (from test_start): 0.7
db insert success
tensor(0.3775)
tensor(0.3775)
tensor(66.4362, device='cuda:0')
(21, 3, 0, 1, 3000, 'projchi', 'bitflip', 66.43619537353516, 0.3410000205039978, 1.703733205795288, '2024-07-16 23:03:35', 4)
pval: [0.34100002] -- 21th test, time elapsed 1.703733205795288 -- emperical power so far (from test_start): 0.6666666666666666
db insert success
tensor(0.3775)
tensor(0.3775)
tensor(80.2505, device='cuda:0')
(22, 3, 0, 1, 3000, 'projchi', 'bitflip', 80.25051879882812, 0.0690000057220459, 1.7073163986206055, '2024-07-16 23:03:48', 4)
pval: [0.06900001] -- 22th test, time elapsed 1.7073163986206055 -- emperical power so far (from test_start): 0.6363636363636364
db insert success
tensor(0.3775)
tensor(0.3775)
tensor(72.5403, device='cuda:0')
(23, 3, 0, 1, 3000, 'projchi', 'bitflip', 72.54029846191406, 0.17500001192092896, 1.7031049728393555, '2024-07-16 23:04:04', 4)
pval: [0.17500001] -- 23th test, time elapsed 1.7031049728393555 -- emperical power so far (from test_start): 0.6086956521739131
db insert success
tensor(0.3775)
tensor(0.3775)
tensor(78.8854, device='cuda:0')
(24, 3, 0, 1, 3000, 'projchi', 'bitflip', 78.8853759765625, 0.09300000220537186, 1.7103166580200195, '2024-07-16 23:04:23', 4)
pval: [0.093] -- 24th test, time elapsed 1.7103166580200195 -- emperical power so far (from test_start): 0.5833333333333334
db insert success
tensor(0.3775)
tensor(0.3775)
tensor(67.6404, device='cuda:0')
(25, 3, 0, 1, 3000, 'projchi', 'bitflip', 67.64044189453125, 0.30400002002716064, 1.7045331001281738, '2024-07-16 23:04:36', 4)
pval: [0.30400002] -- 25th test, time elapsed 1.7045331001281738 -- emperical power so far (from test_start): 0.56
db insert success
tensor(0.3775)
tensor(0.3775)
tensor(84.7040, device='cuda:0')
(26, 3, 0, 1, 3000, 'projchi', 'bitflip', 84.70401763916016, 0.03500000014901161, 1.7062013149261475, '2024-07-16 23:04:43', 4)
pval: [0.035] -- 26th test, time elapsed 1.7062013149261475 -- emperical power so far (from test_start): 0.5769230769230769
db insert success
tensor(0.3775)
tensor(0.3775)
tensor(108.0958, device='cuda:0')
(27, 3, 0, 1, 3000, 'projchi', 'bitflip', 108.09581756591797, 0.0010000000474974513, 1.7046608924865723, '2024-07-16 23:04:51', 4)
pval: [0.001] -- 27th test, time elapsed 1.7046608924865723 -- emperical power so far (from test_start): 0.5925925925925926
db insert success
tensor(0.3775)
tensor(0.3775)
tensor(94.8480, device='cuda:0')
(28, 3, 0, 1, 3000, 'projchi', 'bitflip', 94.8479995727539, 0.004000000189989805, 1.7080426216125488, '2024-07-16 23:04:55', 4)
pval: [0.004] -- 28th test, time elapsed 1.7080426216125488 -- emperical power so far (from test_start): 0.6071428571428571
db insert success
tensor(0.3775)
tensor(0.3775)
tensor(94.9321, device='cuda:0')
(29, 3, 0, 1, 3000, 'projchi', 'bitflip', 94.9321060180664, 0.005000000353902578, 1.708083152770996, '2024-07-16 23:05:10', 4)
pval: [0.005] -- 29th test, time elapsed 1.708083152770996 -- emperical power so far (from test_start): 0.6206896551724138
db insert success
tensor(0.3775)
tensor(0.3775)
tensor(71.7447, device='cuda:0')
(30, 3, 0, 1, 3000, 'projchi', 'bitflip', 71.7446517944336, 0.22100001573562622, 1.707226037979126, '2024-07-16 23:05:31', 4)
pval: [0.22100002] -- 30th test, time elapsed 1.707226037979126 -- emperical power so far (from test_start): 0.6
db insert success
tensor(0.3775)
tensor(0.3775)
tensor(69.7004, device='cuda:0')
(31, 3, 0, 1, 3000, 'projchi', 'bitflip', 69.70038604736328, 0.2710000276565552, 1.7008490562438965, '2024-07-16 23:05:41', 4)
pval: [0.27100003] -- 31th test, time elapsed 1.7008490562438965 -- emperical power so far (from test_start): 0.5806451612903226
db insert success
tensor(0.3775)
tensor(0.3775)
tensor(81.6040, device='cuda:0')
(32, 3, 0, 1, 3000, 'projchi', 'bitflip', 81.60401916503906, 0.05900000408291817, 1.7021443843841553, '2024-07-16 23:06:01', 4)
pval: [0.059] -- 32th test, time elapsed 1.7021443843841553 -- emperical power so far (from test_start): 0.5625
db insert success
tensor(0.3775)
tensor(0.3775)
tensor(80.0128, device='cuda:0')
(33, 3, 0, 1, 3000, 'projchi', 'bitflip', 80.0128402709961, 0.08400000631809235, 1.6998867988586426, '2024-07-16 23:06:04', 4)
pval: [0.08400001] -- 33th test, time elapsed 1.6998867988586426 -- emperical power so far (from test_start): 0.5454545454545454
db insert success
tensor(0.3775)
tensor(0.3775)
tensor(86.1507, device='cuda:0')
(34, 3, 0, 1, 3000, 'projchi', 'bitflip', 86.15068817138672, 0.030000001192092896, 1.7062406539916992, '2024-07-16 23:06:07', 4)
pval: [0.03] -- 34th test, time elapsed 1.7062406539916992 -- emperical power so far (from test_start): 0.5588235294117647
db insert success
tensor(0.3775)
tensor(0.3775)
tensor(85.3879, device='cuda:0')
(35, 3, 0, 1, 3000, 'projchi', 'bitflip', 85.387939453125, 0.036000002175569534, 1.7019975185394287, '2024-07-16 23:06:26', 4)
pval: [0.036] -- 35th test, time elapsed 1.7019975185394287 -- emperical power so far (from test_start): 0.5714285714285714
db insert success
tensor(0.3775)
tensor(0.3775)
tensor(90.7434, device='cuda:0')
(36, 3, 0, 1, 3000, 'projchi', 'bitflip', 90.74337005615234, 0.015000000596046448, 1.7070763111114502, '2024-07-16 23:06:39', 4)
pval: [0.015] -- 36th test, time elapsed 1.7070763111114502 -- emperical power so far (from test_start): 0.5833333333333334
db insert success
tensor(0.3775)
tensor(0.3775)
tensor(86.1560, device='cuda:0')
(37, 3, 0, 1, 3000, 'projchi', 'bitflip', 86.15604400634766, 0.023000001907348633, 1.7047157287597656, '2024-07-16 23:06:48', 4)
pval: [0.023] -- 37th test, time elapsed 1.7047157287597656 -- emperical power so far (from test_start): 0.5945945945945946
db insert success
tensor(0.3775)
tensor(0.3775)
tensor(79.5272, device='cuda:0')
(38, 3, 0, 1, 3000, 'projchi', 'bitflip', 79.52717590332031, 0.08100000023841858, 1.7105767726898193, '2024-07-16 23:06:57', 4)
pval: [0.081] -- 38th test, time elapsed 1.7105767726898193 -- emperical power so far (from test_start): 0.5789473684210527
db insert success
tensor(0.3775)
tensor(0.3775)
tensor(84.2675, device='cuda:0')
(39, 3, 0, 1, 3000, 'projchi', 'bitflip', 84.26746368408203, 0.036000002175569534, 1.7031829357147217, '2024-07-16 23:07:17', 4)
pval: [0.036] -- 39th test, time elapsed 1.7031829357147217 -- emperical power so far (from test_start): 0.5897435897435898
db insert success
tensor(0.3775)
tensor(0.3775)
tensor(63.8314, device='cuda:0')
(40, 3, 0, 1, 3000, 'projchi', 'bitflip', 63.831390380859375, 0.4570000171661377, 1.7056572437286377, '2024-07-16 23:07:33', 4)
pval: [0.45700002] -- 40th test, time elapsed 1.7056572437286377 -- emperical power so far (from test_start): 0.575
db insert success
tensor(0.3775)
tensor(0.3775)
tensor(89.2086, device='cuda:0')
(41, 3, 0, 1, 3000, 'projchi', 'bitflip', 89.2086181640625, 0.015000000596046448, 1.696533441543579, '2024-07-16 23:07:51', 4)
pval: [0.015] -- 41th test, time elapsed 1.696533441543579 -- emperical power so far (from test_start): 0.5853658536585366
db insert success
tensor(0.3775)
tensor(0.3775)
tensor(79.0564, device='cuda:0')
(42, 3, 0, 1, 3000, 'projchi', 'bitflip', 79.05640411376953, 0.09300000220537186, 1.7085258960723877, '2024-07-16 23:07:55', 4)
pval: [0.093] -- 42th test, time elapsed 1.7085258960723877 -- emperical power so far (from test_start): 0.5714285714285714
db insert success
tensor(0.3775)
tensor(0.3775)
tensor(81.2870, device='cuda:0')
(43, 3, 0, 1, 3000, 'projchi', 'bitflip', 81.28700256347656, 0.06599999964237213, 1.7053427696228027, '2024-07-16 23:08:04', 4)
pval: [0.066] -- 43th test, time elapsed 1.7053427696228027 -- emperical power so far (from test_start): 0.5581395348837209
db insert success
tensor(0.3775)
tensor(0.3775)
tensor(78.3425, device='cuda:0')
(44, 3, 0, 1, 3000, 'projchi', 'bitflip', 78.342529296875, 0.0820000022649765, 1.7086350917816162, '2024-07-16 23:08:22', 4)
pval: [0.082] -- 44th test, time elapsed 1.7086350917816162 -- emperical power so far (from test_start): 0.5454545454545454
db insert success
tensor(0.3775)
tensor(0.3775)
tensor(88.4772, device='cuda:0')
(45, 3, 0, 1, 3000, 'projchi', 'bitflip', 88.47723388671875, 0.020000001415610313, 1.703895092010498, '2024-07-16 23:08:31', 4)
pval: [0.02] -- 45th test, time elapsed 1.703895092010498 -- emperical power so far (from test_start): 0.5555555555555556
db insert success
tensor(0.3775)
tensor(0.3775)
tensor(85.8770, device='cuda:0')
(46, 3, 0, 1, 3000, 'projchi', 'bitflip', 85.87696838378906, 0.030000001192092896, 1.710472583770752, '2024-07-16 23:08:34', 4)
pval: [0.03] -- 46th test, time elapsed 1.710472583770752 -- emperical power so far (from test_start): 0.5652173913043478
db insert success
tensor(0.3775)
tensor(0.3775)
tensor(99.9298, device='cuda:0')
(47, 3, 0, 1, 3000, 'projchi', 'bitflip', 99.9297866821289, 0.0020000000949949026, 1.7034533023834229, '2024-07-16 23:08:49', 4)
pval: [0.002] -- 47th test, time elapsed 1.7034533023834229 -- emperical power so far (from test_start): 0.574468085106383
db insert success
tensor(0.3775)
tensor(0.3775)
tensor(88.7836, device='cuda:0')
(48, 3, 0, 1, 3000, 'projchi', 'bitflip', 88.7835693359375, 0.018000001087784767, 1.706049919128418, '2024-07-16 23:09:07', 4)
pval: [0.018] -- 48th test, time elapsed 1.706049919128418 -- emperical power so far (from test_start): 0.5833333333333334
db insert success
tensor(0.3775)
tensor(0.3775)
tensor(92.7841, device='cuda:0')
(49, 3, 0, 1, 3000, 'projchi', 'bitflip', 92.78409576416016, 0.012000000104308128, 1.706512689590454, '2024-07-16 23:09:27', 4)
pval: [0.012] -- 49th test, time elapsed 1.706512689590454 -- emperical power so far (from test_start): 0.5918367346938775
db insert success
tensor(0.3775)
tensor(0.3775)
tensor(98.3661, device='cuda:0')
(50, 3, 0, 1, 3000, 'projchi', 'bitflip', 98.36610412597656, 0.003000000026077032, 1.7040071487426758, '2024-07-16 23:09:40', 4)
pval: [0.003] -- 50th test, time elapsed 1.7040071487426758 -- emperical power so far (from test_start): 0.6
db insert success
tensor(0.3775)
tensor(0.3775)
tensor(75.6698, device='cuda:0')
(51, 3, 0, 1, 3000, 'projchi', 'bitflip', 75.66976928710938, 0.1290000081062317, 1.7028100490570068, '2024-07-16 23:09:58', 4)
pval: [0.12900001] -- 51th test, time elapsed 1.7028100490570068 -- emperical power so far (from test_start): 0.5882352941176471
db insert success
tensor(0.3775)
tensor(0.3775)
tensor(119.7787, device='cuda:0')
(52, 3, 0, 1, 3000, 'projchi', 'bitflip', 119.77871704101562, 0.0010000000474974513, 1.7075116634368896, '2024-07-16 23:10:07', 4)
pval: [0.001] -- 52th test, time elapsed 1.7075116634368896 -- emperical power so far (from test_start): 0.5961538461538461
db insert success
tensor(0.3775)
tensor(0.3775)
tensor(88.0608, device='cuda:0')
(53, 3, 0, 1, 3000, 'projchi', 'bitflip', 88.0607681274414, 0.017000000923871994, 1.706153154373169, '2024-07-16 23:10:21', 4)
pval: [0.017] -- 53th test, time elapsed 1.706153154373169 -- emperical power so far (from test_start): 0.6037735849056604
db insert success
tensor(0.3775)
tensor(0.3775)
tensor(86.8751, device='cuda:0')
(54, 3, 0, 1, 3000, 'projchi', 'bitflip', 86.87506866455078, 0.02200000174343586, 1.7068202495574951, '2024-07-16 23:10:25', 4)
pval: [0.022] -- 54th test, time elapsed 1.7068202495574951 -- emperical power so far (from test_start): 0.6111111111111112
db insert success
tensor(0.3775)
tensor(0.3775)
tensor(65.1205, device='cuda:0')
(55, 3, 0, 1, 3000, 'projchi', 'bitflip', 65.12052917480469, 0.4100000262260437, 1.6999375820159912, '2024-07-16 23:10:29', 4)
pval: [0.41000003] -- 55th test, time elapsed 1.6999375820159912 -- emperical power so far (from test_start): 0.6
db insert success
tensor(0.3775)
tensor(0.3775)
tensor(105.0411, device='cuda:0')
(56, 3, 0, 1, 3000, 'projchi', 'bitflip', 105.04106140136719, 0.0020000000949949026, 1.708998680114746, '2024-07-16 23:10:50', 4)
pval: [0.002] -- 56th test, time elapsed 1.708998680114746 -- emperical power so far (from test_start): 0.6071428571428571
db insert success
tensor(0.3775)
tensor(0.3775)
tensor(91.9314, device='cuda:0')
(57, 3, 0, 1, 3000, 'projchi', 'bitflip', 91.93135833740234, 0.012000000104308128, 1.7052640914916992, '2024-07-16 23:10:55', 4)
pval: [0.012] -- 57th test, time elapsed 1.7052640914916992 -- emperical power so far (from test_start): 0.6140350877192983
db insert success
tensor(0.3775)
tensor(0.3775)
tensor(112.1824, device='cuda:0')
(58, 3, 0, 1, 3000, 'projchi', 'bitflip', 112.18238830566406, 0.0010000000474974513, 1.7020010948181152, '2024-07-16 23:11:07', 4)
pval: [0.001] -- 58th test, time elapsed 1.7020010948181152 -- emperical power so far (from test_start): 0.6206896551724138
db insert success
tensor(0.3775)
tensor(0.3775)
tensor(82.0871, device='cuda:0')
(59, 3, 0, 1, 3000, 'projchi', 'bitflip', 82.08708190917969, 0.0560000017285347, 1.7041146755218506, '2024-07-16 23:11:23', 4)
pval: [0.056] -- 59th test, time elapsed 1.7041146755218506 -- emperical power so far (from test_start): 0.6101694915254238
db insert success
tensor(0.3775)
tensor(0.3775)
tensor(88.4265, device='cuda:0')
(60, 3, 0, 1, 3000, 'projchi', 'bitflip', 88.42654418945312, 0.017000000923871994, 1.706237554550171, '2024-07-16 23:11:30', 4)
pval: [0.017] -- 60th test, time elapsed 1.706237554550171 -- emperical power so far (from test_start): 0.6166666666666667
db insert success
tensor(0.3775)
tensor(0.3775)
tensor(84.1948, device='cuda:0')
(61, 3, 0, 1, 3000, 'projchi', 'bitflip', 84.19477844238281, 0.04100000113248825, 1.706754207611084, '2024-07-16 23:11:51', 4)
pval: [0.041] -- 61th test, time elapsed 1.706754207611084 -- emperical power so far (from test_start): 0.6229508196721312
db insert success
tensor(0.3775)
tensor(0.3775)
tensor(113.3420, device='cuda:0')
(62, 3, 0, 1, 3000, 'projchi', 'bitflip', 113.34197235107422, 0.0010000000474974513, 1.6938903331756592, '2024-07-16 23:12:11', 4)
pval: [0.001] -- 62th test, time elapsed 1.6938903331756592 -- emperical power so far (from test_start): 0.6290322580645161
db insert success
tensor(0.3775)
tensor(0.3775)
tensor(116.8385, device='cuda:0')
(63, 3, 0, 1, 3000, 'projchi', 'bitflip', 116.8385009765625, 0.0010000000474974513, 1.6943409442901611, '2024-07-16 23:12:30', 4)
pval: [0.001] -- 63th test, time elapsed 1.6943409442901611 -- emperical power so far (from test_start): 0.6349206349206349
db insert success
tensor(0.3775)
tensor(0.3775)
tensor(73.6519, device='cuda:0')
(64, 3, 0, 1, 3000, 'projchi', 'bitflip', 73.65193176269531, 0.16900001466274261, 1.6926324367523193, '2024-07-16 23:12:36', 4)
pval: [0.16900001] -- 64th test, time elapsed 1.6926324367523193 -- emperical power so far (from test_start): 0.625
db insert success
tensor(0.3775)
tensor(0.3775)
tensor(96.4399, device='cuda:0')
(65, 3, 0, 1, 3000, 'projchi', 'bitflip', 96.43991088867188, 0.007000000216066837, 1.6931006908416748, '2024-07-16 23:12:44', 4)
pval: [0.007] -- 65th test, time elapsed 1.6931006908416748 -- emperical power so far (from test_start): 0.6307692307692307
db insert success
tensor(0.3775)
tensor(0.3775)
tensor(74.2704, device='cuda:0')
(66, 3, 0, 1, 3000, 'projchi', 'bitflip', 74.27044677734375, 0.16300000250339508, 1.6957054138183594, '2024-07-16 23:12:57', 4)
pval: [0.163] -- 66th test, time elapsed 1.6957054138183594 -- emperical power so far (from test_start): 0.6212121212121212
db insert success
tensor(0.3775)
tensor(0.3775)
tensor(84.1358, device='cuda:0')
(67, 3, 0, 1, 3000, 'projchi', 'bitflip', 84.13584899902344, 0.04200000315904617, 1.6921706199645996, '2024-07-16 23:13:17', 4)
pval: [0.042] -- 67th test, time elapsed 1.6921706199645996 -- emperical power so far (from test_start): 0.6268656716417911
db insert success
tensor(0.3775)
tensor(0.3775)
tensor(89.0245, device='cuda:0')
(68, 3, 0, 1, 3000, 'projchi', 'bitflip', 89.02452087402344, 0.020000001415610313, 1.696063756942749, '2024-07-16 23:13:23', 4)
pval: [0.02] -- 68th test, time elapsed 1.696063756942749 -- emperical power so far (from test_start): 0.6323529411764706
db insert success
tensor(0.3775)
tensor(0.3775)
tensor(106.9874, device='cuda:0')
(69, 3, 0, 1, 3000, 'projchi', 'bitflip', 106.98735809326172, 0.0010000000474974513, 1.6919281482696533, '2024-07-16 23:13:45', 4)
pval: [0.001] -- 69th test, time elapsed 1.6919281482696533 -- emperical power so far (from test_start): 0.6376811594202898
db insert success
tensor(0.3775)
tensor(0.3775)
tensor(70.7959, device='cuda:0')
(70, 3, 0, 1, 3000, 'projchi', 'bitflip', 70.79586029052734, 0.2460000067949295, 1.6954996585845947, '2024-07-16 23:14:03', 4)
pval: [0.24600001] -- 70th test, time elapsed 1.6954996585845947 -- emperical power so far (from test_start): 0.6285714285714286
db insert success
tensor(0.3775)
tensor(0.3775)
tensor(70.2390, device='cuda:0')
(71, 3, 0, 1, 3000, 'projchi', 'bitflip', 70.23898315429688, 0.2510000169277191, 1.690471887588501, '2024-07-16 23:14:09', 4)
pval: [0.25100002] -- 71th test, time elapsed 1.690471887588501 -- emperical power so far (from test_start): 0.6197183098591549
db insert success
tensor(0.3775)
tensor(0.3775)
tensor(78.3893, device='cuda:0')
(72, 3, 0, 1, 3000, 'projchi', 'bitflip', 78.38932800292969, 0.09400000423192978, 1.6957576274871826, '2024-07-16 23:14:29', 4)
pval: [0.094] -- 72th test, time elapsed 1.6957576274871826 -- emperical power so far (from test_start): 0.6111111111111112
db insert success
tensor(0.3775)
tensor(0.3775)
tensor(88.3935, device='cuda:0')
(73, 3, 0, 1, 3000, 'projchi', 'bitflip', 88.39354705810547, 0.023000001907348633, 1.6931097507476807, '2024-07-16 23:14:44', 4)
pval: [0.023] -- 73th test, time elapsed 1.6931097507476807 -- emperical power so far (from test_start): 0.6164383561643836
db insert success
tensor(0.3775)
tensor(0.3775)
tensor(86.2931, device='cuda:0')
(74, 3, 0, 1, 3000, 'projchi', 'bitflip', 86.29314422607422, 0.027000000700354576, 1.695697546005249, '2024-07-16 23:14:56', 4)
pval: [0.027] -- 74th test, time elapsed 1.695697546005249 -- emperical power so far (from test_start): 0.6216216216216216
db insert success
tensor(0.3775)
tensor(0.3775)
tensor(79.8856, device='cuda:0')
(75, 3, 0, 1, 3000, 'projchi', 'bitflip', 79.88558959960938, 0.07800000160932541, 1.6908974647521973, '2024-07-16 23:15:17', 4)
pval: [0.078] -- 75th test, time elapsed 1.6908974647521973 -- emperical power so far (from test_start): 0.6133333333333333
db insert success
tensor(0.3775)
tensor(0.3775)
tensor(89.3693, device='cuda:0')
(76, 3, 0, 1, 3000, 'projchi', 'bitflip', 89.36932373046875, 0.01600000075995922, 1.6973726749420166, '2024-07-16 23:15:25', 4)
pval: [0.016] -- 76th test, time elapsed 1.6973726749420166 -- emperical power so far (from test_start): 0.618421052631579
db insert success
tensor(0.3775)
tensor(0.3775)
tensor(85.3221, device='cuda:0')
(77, 3, 0, 1, 3000, 'projchi', 'bitflip', 85.32205963134766, 0.03100000135600567, 1.6885185241699219, '2024-07-16 23:15:44', 4)
pval: [0.031] -- 77th test, time elapsed 1.6885185241699219 -- emperical power so far (from test_start): 0.6233766233766234
db insert success
tensor(0.3775)
tensor(0.3775)
tensor(99.0469, device='cuda:0')
(78, 3, 0, 1, 3000, 'projchi', 'bitflip', 99.04686737060547, 0.003000000026077032, 1.69706392288208, '2024-07-16 23:15:55', 4)
pval: [0.003] -- 78th test, time elapsed 1.69706392288208 -- emperical power so far (from test_start): 0.6282051282051282
db insert success
tensor(0.3775)
tensor(0.3775)
tensor(95.9115, device='cuda:0')
(79, 3, 0, 1, 3000, 'projchi', 'bitflip', 95.9114990234375, 0.004000000189989805, 1.6907680034637451, '2024-07-16 23:16:15', 4)
pval: [0.004] -- 79th test, time elapsed 1.6907680034637451 -- emperical power so far (from test_start): 0.6329113924050633
db insert success
tensor(0.3775)
tensor(0.3775)
tensor(83.3178, device='cuda:0')
(80, 3, 0, 1, 3000, 'projchi', 'bitflip', 83.31780242919922, 0.06200000271201134, 1.6961469650268555, '2024-07-16 23:16:26', 4)
pval: [0.062] -- 80th test, time elapsed 1.6961469650268555 -- emperical power so far (from test_start): 0.625
db insert success
tensor(0.3775)
tensor(0.3775)
tensor(109.1187, device='cuda:0')
(81, 3, 0, 1, 3000, 'projchi', 'bitflip', 109.11869812011719, 0.0010000000474974513, 1.6914293766021729, '2024-07-16 23:16:30', 4)
pval: [0.001] -- 81th test, time elapsed 1.6914293766021729 -- emperical power so far (from test_start): 0.6296296296296297
db insert success
tensor(0.3775)
tensor(0.3775)
tensor(77.0761, device='cuda:0')
(82, 3, 0, 1, 3000, 'projchi', 'bitflip', 77.07608032226562, 0.11600000411272049, 1.6958463191986084, '2024-07-16 23:16:40', 4)
pval: [0.116] -- 82th test, time elapsed 1.6958463191986084 -- emperical power so far (from test_start): 0.6219512195121951
db insert success
tensor(0.3775)
tensor(0.3775)
tensor(53.6107, device='cuda:0')
(83, 3, 0, 1, 3000, 'projchi', 'bitflip', 53.610740661621094, 0.8060000538825989, 1.6885883808135986, '2024-07-16 23:16:44', 4)
pval: [0.80600005] -- 83th test, time elapsed 1.6885883808135986 -- emperical power so far (from test_start): 0.6144578313253012
db insert success
tensor(0.3775)
tensor(0.3775)
tensor(87.0407, device='cuda:0')
(84, 3, 0, 1, 3000, 'projchi', 'bitflip', 87.04070281982422, 0.024000000208616257, 1.695647954940796, '2024-07-16 23:16:58', 4)
pval: [0.024] -- 84th test, time elapsed 1.695647954940796 -- emperical power so far (from test_start): 0.6190476190476191
db insert success
tensor(0.3775)
tensor(0.3775)
tensor(93.2630, device='cuda:0')
(85, 3, 0, 1, 3000, 'projchi', 'bitflip', 93.26303100585938, 0.014000000432133675, 1.6869885921478271, '2024-07-16 23:17:16', 4)
pval: [0.014] -- 85th test, time elapsed 1.6869885921478271 -- emperical power so far (from test_start): 0.6235294117647059
db insert success
tensor(0.3775)
tensor(0.3775)
tensor(78.9566, device='cuda:0')
(86, 3, 0, 1, 3000, 'projchi', 'bitflip', 78.95655822753906, 0.09200000762939453, 1.6947972774505615, '2024-07-16 23:17:28', 4)
pval: [0.09200001] -- 86th test, time elapsed 1.6947972774505615 -- emperical power so far (from test_start): 0.6162790697674418
db insert success
tensor(0.3775)
tensor(0.3775)
tensor(102.9420, device='cuda:0')
(87, 3, 0, 1, 3000, 'projchi', 'bitflip', 102.94196319580078, 0.0020000000949949026, 1.6897292137145996, '2024-07-16 23:17:33', 4)
pval: [0.002] -- 87th test, time elapsed 1.6897292137145996 -- emperical power so far (from test_start): 0.6206896551724138
db insert success
tensor(0.3775)
tensor(0.3775)
tensor(117.5216, device='cuda:0')
(88, 3, 0, 1, 3000, 'projchi', 'bitflip', 117.52156829833984, 0.0010000000474974513, 1.695765495300293, '2024-07-16 23:17:54', 4)
pval: [0.001] -- 88th test, time elapsed 1.695765495300293 -- emperical power so far (from test_start): 0.625
db insert success
tensor(0.3775)
tensor(0.3775)
tensor(84.4452, device='cuda:0')
(89, 3, 0, 1, 3000, 'projchi', 'bitflip', 84.44515228271484, 0.04700000211596489, 1.6941900253295898, '2024-07-16 23:18:05', 4)
pval: [0.047] -- 89th test, time elapsed 1.6941900253295898 -- emperical power so far (from test_start): 0.6292134831460674
db insert success
tensor(0.3775)
tensor(0.3775)
tensor(77.6119, device='cuda:0')
(90, 3, 0, 1, 3000, 'projchi', 'bitflip', 77.61189270019531, 0.09700000286102295, 1.6931350231170654, '2024-07-16 23:18:16', 4)
pval: [0.097] -- 90th test, time elapsed 1.6931350231170654 -- emperical power so far (from test_start): 0.6222222222222222
db insert success
tensor(0.3775)
tensor(0.3775)
tensor(83.2847, device='cuda:0')
(91, 3, 0, 1, 3000, 'projchi', 'bitflip', 83.28467559814453, 0.04800000041723251, 1.6928038597106934, '2024-07-16 23:18:36', 4)
pval: [0.048] -- 91th test, time elapsed 1.6928038597106934 -- emperical power so far (from test_start): 0.6263736263736264
db insert success
tensor(0.3775)
tensor(0.3775)
tensor(77.2573, device='cuda:0')
(92, 3, 0, 1, 3000, 'projchi', 'bitflip', 77.25726318359375, 0.11000000685453415, 1.6968011856079102, '2024-07-16 23:18:52', 4)
pval: [0.11000001] -- 92th test, time elapsed 1.6968011856079102 -- emperical power so far (from test_start): 0.6195652173913043
db insert success
tensor(0.3775)
tensor(0.3775)
tensor(96.3449, device='cuda:0')
(93, 3, 0, 1, 3000, 'projchi', 'bitflip', 96.34490203857422, 0.004000000189989805, 1.6925768852233887, '2024-07-16 23:19:12', 4)
pval: [0.004] -- 93th test, time elapsed 1.6925768852233887 -- emperical power so far (from test_start): 0.6236559139784946
db insert success
tensor(0.3775)
tensor(0.3775)
tensor(88.8024, device='cuda:0')
(94, 3, 0, 1, 3000, 'projchi', 'bitflip', 88.80242156982422, 0.024000000208616257, 1.6936042308807373, '2024-07-16 23:19:26', 4)
pval: [0.024] -- 94th test, time elapsed 1.6936042308807373 -- emperical power so far (from test_start): 0.6276595744680851
db insert success
tensor(0.3775)
tensor(0.3775)
tensor(80.9829, device='cuda:0')
(95, 3, 0, 1, 3000, 'projchi', 'bitflip', 80.98291778564453, 0.08000000566244125, 1.402395486831665, '2024-07-16 23:19:42', 4)
pval: [0.08000001] -- 95th test, time elapsed 1.402395486831665 -- emperical power so far (from test_start): 0.6210526315789474
db insert success
tensor(0.3775)
tensor(0.3775)
tensor(62.0350, device='cuda:0')
(96, 3, 0, 1, 3000, 'projchi', 'bitflip', 62.03497314453125, 0.5180000066757202, 1.4031081199645996, '2024-07-16 23:19:58', 4)
pval: [0.51800001] -- 96th test, time elapsed 1.4031081199645996 -- emperical power so far (from test_start): 0.6145833333333334
db insert success
tensor(0.3775)
tensor(0.3775)
tensor(86.4970, device='cuda:0')
(97, 3, 0, 1, 3000, 'projchi', 'bitflip', 86.49696350097656, 0.023000001907348633, 1.4025096893310547, '2024-07-16 23:20:15', 4)
pval: [0.023] -- 97th test, time elapsed 1.4025096893310547 -- emperical power so far (from test_start): 0.6185567010309279
db insert success
tensor(0.3775)
tensor(0.3775)
tensor(62.1449, device='cuda:0')
(98, 3, 0, 1, 3000, 'projchi', 'bitflip', 62.14487838745117, 0.5210000276565552, 1.4052083492279053, '2024-07-16 23:20:23', 4)
pval: [0.52100003] -- 98th test, time elapsed 1.4052083492279053 -- emperical power so far (from test_start): 0.6122448979591837
db insert success
tensor(0.3775)
tensor(0.3775)
tensor(95.7043, device='cuda:0')
(99, 3, 0, 1, 3000, 'projchi', 'bitflip', 95.70431518554688, 0.007000000216066837, 1.3996853828430176, '2024-07-16 23:20:44', 4)
pval: [0.007] -- 99th test, time elapsed 1.3996853828430176 -- emperical power so far (from test_start): 0.6161616161616161
db insert success
tensor(0.3775)
tensor(0.3775)
tensor(83.2204, device='cuda:0')
(100, 3, 0, 1, 3000, 'projchi', 'bitflip', 83.22039794921875, 0.04500000178813934, 1.404651403427124, '2024-07-16 23:21:04', 4)
pval: [0.045] -- 100th test, time elapsed 1.404651403427124 -- emperical power so far (from test_start): 0.62
db insert success
tensor(0.3775)
tensor(0.3775)
tensor(90.9284, device='cuda:0')
(101, 3, 0, 1, 3000, 'projchi', 'bitflip', 90.92839813232422, 0.015000000596046448, 1.4028351306915283, '2024-07-16 23:21:16', 4)
pval: [0.015] -- 101th test, time elapsed 1.4028351306915283 -- emperical power so far (from test_start): 0.6237623762376238
db insert success
tensor(0.3775)
tensor(0.3775)
tensor(87.1627, device='cuda:0')
(102, 3, 0, 1, 3000, 'projchi', 'bitflip', 87.16270446777344, 0.017000000923871994, 1.4064075946807861, '2024-07-16 23:21:35', 4)
pval: [0.017] -- 102th test, time elapsed 1.4064075946807861 -- emperical power so far (from test_start): 0.6274509803921569
db insert success
tensor(0.3775)
tensor(0.3775)
tensor(88.4398, device='cuda:0')
(103, 3, 0, 1, 3000, 'projchi', 'bitflip', 88.4398422241211, 0.020000001415610313, 1.4022395610809326, '2024-07-16 23:21:44', 4)
pval: [0.02] -- 103th test, time elapsed 1.4022395610809326 -- emperical power so far (from test_start): 0.6310679611650486
db insert success
tensor(0.3775)
tensor(0.3775)
tensor(91.7563, device='cuda:0')
(104, 3, 0, 1, 3000, 'projchi', 'bitflip', 91.75634002685547, 0.01100000087171793, 1.4040374755859375, '2024-07-16 23:22:05', 4)
pval: [0.011] -- 104th test, time elapsed 1.4040374755859375 -- emperical power so far (from test_start): 0.6346153846153846
db insert success
tensor(0.3775)
tensor(0.3775)
tensor(85.6197, device='cuda:0')
(105, 3, 0, 1, 3000, 'projchi', 'bitflip', 85.61973571777344, 0.029000001028180122, 1.4023888111114502, '2024-07-16 23:22:18', 4)
pval: [0.029] -- 105th test, time elapsed 1.4023888111114502 -- emperical power so far (from test_start): 0.638095238095238
db insert success
tensor(0.3775)
tensor(0.3775)
tensor(97.0407, device='cuda:0')
(106, 3, 0, 1, 3000, 'projchi', 'bitflip', 97.04065704345703, 0.0010000000474974513, 1.4072184562683105, '2024-07-16 23:22:24', 4)
pval: [0.001] -- 106th test, time elapsed 1.4072184562683105 -- emperical power so far (from test_start): 0.6415094339622641
db insert success
tensor(0.3775)
tensor(0.3775)
tensor(106.8789, device='cuda:0')
(107, 3, 0, 1, 3000, 'projchi', 'bitflip', 106.8789291381836, 0.0010000000474974513, 1.3995566368103027, '2024-07-16 23:22:42', 4)
pval: [0.001] -- 107th test, time elapsed 1.3995566368103027 -- emperical power so far (from test_start): 0.6448598130841121
db insert success
tensor(0.3775)
tensor(0.3775)
tensor(98.2570, device='cuda:0')
(108, 3, 0, 1, 3000, 'projchi', 'bitflip', 98.25704956054688, 0.010000000707805157, 1.4029521942138672, '2024-07-16 23:22:55', 4)
pval: [0.01] -- 108th test, time elapsed 1.4029521942138672 -- emperical power so far (from test_start): 0.6481481481481481
db insert success
tensor(0.3775)
tensor(0.3775)
tensor(68.8133, device='cuda:0')
(109, 3, 0, 1, 3000, 'projchi', 'bitflip', 68.81327056884766, 0.2900000214576721, 1.4046287536621094, '2024-07-16 23:23:06', 4)
pval: [0.29000002] -- 109th test, time elapsed 1.4046287536621094 -- emperical power so far (from test_start): 0.6422018348623854
db insert success
tensor(0.3775)
tensor(0.3775)
tensor(69.1008, device='cuda:0')
(110, 3, 0, 1, 3000, 'projchi', 'bitflip', 69.10079193115234, 0.28300002217292786, 1.4035065174102783, '2024-07-16 23:23:16', 4)
pval: [0.28300002] -- 110th test, time elapsed 1.4035065174102783 -- emperical power so far (from test_start): 0.6363636363636364
db insert success
tensor(0.3775)
tensor(0.3775)
tensor(72.7502, device='cuda:0')
(111, 3, 0, 1, 3000, 'projchi', 'bitflip', 72.75022888183594, 0.1980000138282776, 1.3977744579315186, '2024-07-16 23:23:27', 4)
pval: [0.19800001] -- 111th test, time elapsed 1.3977744579315186 -- emperical power so far (from test_start): 0.6306306306306306
db insert success
tensor(0.3775)
tensor(0.3775)
tensor(93.7166, device='cuda:0')
(112, 3, 0, 1, 3000, 'projchi', 'bitflip', 93.71660614013672, 0.009000000543892384, 1.406128168106079, '2024-07-16 23:23:34', 4)
pval: [0.009] -- 112th test, time elapsed 1.406128168106079 -- emperical power so far (from test_start): 0.6339285714285714
db insert success
tensor(0.3775)
tensor(0.3775)
tensor(92.9897, device='cuda:0')
(113, 3, 0, 1, 3000, 'projchi', 'bitflip', 92.98966979980469, 0.00800000037997961, 1.4013941287994385, '2024-07-16 23:23:50', 4)
pval: [0.008] -- 113th test, time elapsed 1.4013941287994385 -- emperical power so far (from test_start): 0.6371681415929203
db insert success
tensor(0.3775)
tensor(0.3775)
tensor(117.2424, device='cuda:0')
(114, 3, 0, 1, 3000, 'projchi', 'bitflip', 117.24241638183594, 0.0010000000474974513, 1.4027514457702637, '2024-07-16 23:23:54', 4)
pval: [0.001] -- 114th test, time elapsed 1.4027514457702637 -- emperical power so far (from test_start): 0.6403508771929824
db insert success
tensor(0.3775)
tensor(0.3775)
tensor(95.2957, device='cuda:0')
(115, 3, 0, 1, 3000, 'projchi', 'bitflip', 95.29572296142578, 0.003000000026077032, 1.4002211093902588, '2024-07-16 23:24:13', 4)
pval: [0.003] -- 115th test, time elapsed 1.4002211093902588 -- emperical power so far (from test_start): 0.6434782608695652
db insert success
tensor(0.3775)
tensor(0.3775)
tensor(81.0244, device='cuda:0')
(116, 3, 0, 1, 3000, 'projchi', 'bitflip', 81.02439880371094, 0.0650000050663948, 1.4060642719268799, '2024-07-16 23:24:23', 4)
pval: [0.06500001] -- 116th test, time elapsed 1.4060642719268799 -- emperical power so far (from test_start): 0.6379310344827587
db insert success
tensor(0.3775)
tensor(0.3775)
tensor(84.4730, device='cuda:0')
(117, 3, 0, 1, 3000, 'projchi', 'bitflip', 84.47297668457031, 0.0430000014603138, 1.4011969566345215, '2024-07-16 23:24:25', 4)
pval: [0.043] -- 117th test, time elapsed 1.4011969566345215 -- emperical power so far (from test_start): 0.6410256410256411
db insert success
tensor(0.3775)
tensor(0.3775)
tensor(80.7137, device='cuda:0')
(118, 3, 0, 1, 3000, 'projchi', 'bitflip', 80.71373748779297, 0.07300000637769699, 1.4048833847045898, '2024-07-16 23:24:46', 4)
pval: [0.07300001] -- 118th test, time elapsed 1.4048833847045898 -- emperical power so far (from test_start): 0.635593220338983
db insert success
tensor(0.3775)
tensor(0.3775)
tensor(60.5575, device='cuda:0')
(119, 3, 0, 1, 3000, 'projchi', 'bitflip', 60.55751419067383, 0.5750000476837158, 1.3995883464813232, '2024-07-16 23:24:55', 4)
pval: [0.57500005] -- 119th test, time elapsed 1.3995883464813232 -- emperical power so far (from test_start): 0.6302521008403361
db insert success
tensor(0.3775)
tensor(0.3775)
tensor(75.5378, device='cuda:0')
(120, 3, 0, 1, 3000, 'projchi', 'bitflip', 75.53778839111328, 0.14800000190734863, 1.4051015377044678, '2024-07-16 23:24:57', 4)
pval: [0.148] -- 120th test, time elapsed 1.4051015377044678 -- emperical power so far (from test_start): 0.625
db insert success
tensor(0.3775)
tensor(0.3775)
tensor(66.2392, device='cuda:0')
(121, 3, 0, 1, 3000, 'projchi', 'bitflip', 66.23921203613281, 0.3570000231266022, 1.400604248046875, '2024-07-16 23:25:02', 4)
pval: [0.35700002] -- 121th test, time elapsed 1.400604248046875 -- emperical power so far (from test_start): 0.6198347107438017
db insert success
tensor(0.3775)
tensor(0.3775)
tensor(70.8383, device='cuda:0')
(122, 3, 0, 1, 3000, 'projchi', 'bitflip', 70.83830261230469, 0.23800000548362732, 1.4062652587890625, '2024-07-16 23:25:13', 4)
pval: [0.23800001] -- 122th test, time elapsed 1.4062652587890625 -- emperical power so far (from test_start): 0.6147540983606558
db insert success
tensor(0.3775)
tensor(0.3775)
tensor(116.5322, device='cuda:0')
(123, 3, 0, 1, 3000, 'projchi', 'bitflip', 116.53215789794922, 0.0010000000474974513, 1.4021797180175781, '2024-07-16 23:25:23', 4)
pval: [0.001] -- 123th test, time elapsed 1.4021797180175781 -- emperical power so far (from test_start): 0.6178861788617886
db insert success
tensor(0.3775)
tensor(0.3775)
tensor(88.7649, device='cuda:0')
(124, 3, 0, 1, 3000, 'projchi', 'bitflip', 88.764892578125, 0.01600000075995922, 1.406710147857666, '2024-07-16 23:25:35', 4)
pval: [0.016] -- 124th test, time elapsed 1.406710147857666 -- emperical power so far (from test_start): 0.6209677419354839
db insert success
tensor(0.3775)
tensor(0.3775)
tensor(95.6283, device='cuda:0')
(125, 3, 0, 1, 3000, 'projchi', 'bitflip', 95.62826538085938, 0.003000000026077032, 1.4047679901123047, '2024-07-16 23:25:51', 4)
pval: [0.003] -- 125th test, time elapsed 1.4047679901123047 -- emperical power so far (from test_start): 0.624
db insert success
tensor(0.3775)
tensor(0.3775)
tensor(96.0781, device='cuda:0')
(126, 3, 0, 1, 3000, 'projchi', 'bitflip', 96.07807159423828, 0.007000000216066837, 1.4034843444824219, '2024-07-16 23:26:09', 4)
pval: [0.007] -- 126th test, time elapsed 1.4034843444824219 -- emperical power so far (from test_start): 0.626984126984127
db insert success
tensor(0.3775)
tensor(0.3775)
tensor(95.1480, device='cuda:0')
(127, 3, 0, 1, 3000, 'projchi', 'bitflip', 95.1480484008789, 0.006000000052154064, 1.4017882347106934, '2024-07-16 23:26:14', 4)
pval: [0.006] -- 127th test, time elapsed 1.4017882347106934 -- emperical power so far (from test_start): 0.6299212598425197
db insert success
tensor(0.3775)
tensor(0.3775)
tensor(78.8919, device='cuda:0')
(128, 3, 0, 1, 3000, 'projchi', 'bitflip', 78.89185333251953, 0.0860000029206276, 1.4068200588226318, '2024-07-16 23:26:18', 4)
pval: [0.086] -- 128th test, time elapsed 1.4068200588226318 -- emperical power so far (from test_start): 0.625
db insert success
tensor(0.3775)
tensor(0.3775)
tensor(76.2527, device='cuda:0')
(129, 3, 0, 1, 3000, 'projchi', 'bitflip', 76.25267028808594, 0.11100000888109207, 1.403836727142334, '2024-07-16 23:26:21', 4)
pval: [0.11100001] -- 129th test, time elapsed 1.403836727142334 -- emperical power so far (from test_start): 0.6201550387596899
db insert success
tensor(0.3775)
tensor(0.3775)
tensor(97.3310, device='cuda:0')
(130, 3, 0, 1, 3000, 'projchi', 'bitflip', 97.33104705810547, 0.004000000189989805, 1.403724193572998, '2024-07-16 23:26:35', 4)
pval: [0.004] -- 130th test, time elapsed 1.403724193572998 -- emperical power so far (from test_start): 0.6230769230769231
db insert success
tensor(0.3775)
tensor(0.3775)
tensor(95.9345, device='cuda:0')
(131, 3, 0, 1, 3000, 'projchi', 'bitflip', 95.93452453613281, 0.007000000216066837, 1.4037189483642578, '2024-07-16 23:26:56', 4)
pval: [0.007] -- 131th test, time elapsed 1.4037189483642578 -- emperical power so far (from test_start): 0.6259541984732825
db insert success
tensor(0.3775)
tensor(0.3775)
tensor(94.9795, device='cuda:0')
(132, 3, 0, 1, 3000, 'projchi', 'bitflip', 94.97949981689453, 0.004000000189989805, 1.4058105945587158, '2024-07-16 23:27:13', 4)
pval: [0.004] -- 132th test, time elapsed 1.4058105945587158 -- emperical power so far (from test_start): 0.6287878787878788
db insert success
tensor(0.3775)
tensor(0.3775)
tensor(96.8775, device='cuda:0')
(133, 3, 0, 1, 3000, 'projchi', 'bitflip', 96.87747955322266, 0.004000000189989805, 1.4018745422363281, '2024-07-16 23:27:30', 4)
pval: [0.004] -- 133th test, time elapsed 1.4018745422363281 -- emperical power so far (from test_start): 0.631578947368421
db insert success
tensor(0.3775)
tensor(0.3775)
tensor(78.4331, device='cuda:0')
(134, 3, 0, 1, 3000, 'projchi', 'bitflip', 78.43307495117188, 0.0950000062584877, 1.4014029502868652, '2024-07-16 23:27:45', 4)
pval: [0.09500001] -- 134th test, time elapsed 1.4014029502868652 -- emperical power so far (from test_start): 0.6268656716417911
db insert success
tensor(0.3775)
tensor(0.3775)
tensor(105.3880, device='cuda:0')
(135, 3, 0, 1, 3000, 'projchi', 'bitflip', 105.38799285888672, 0.003000000026077032, 1.4011573791503906, '2024-07-16 23:27:49', 4)
pval: [0.003] -- 135th test, time elapsed 1.4011573791503906 -- emperical power so far (from test_start): 0.6296296296296297
db insert success
tensor(0.3775)
tensor(0.3775)
tensor(73.9356, device='cuda:0')
(136, 3, 0, 1, 3000, 'projchi', 'bitflip', 73.93561553955078, 0.1730000078678131, 1.4029288291931152, '2024-07-16 23:27:57', 4)
pval: [0.17300001] -- 136th test, time elapsed 1.4029288291931152 -- emperical power so far (from test_start): 0.625
db insert success
tensor(0.3775)
tensor(0.3775)
tensor(93.1653, device='cuda:0')
(137, 3, 0, 1, 3000, 'projchi', 'bitflip', 93.16533660888672, 0.00800000037997961, 1.4064314365386963, '2024-07-16 23:28:15', 4)
pval: [0.008] -- 137th test, time elapsed 1.4064314365386963 -- emperical power so far (from test_start): 0.6277372262773723
db insert success
tensor(0.3775)
tensor(0.3775)
tensor(86.4731, device='cuda:0')
(138, 3, 0, 1, 3000, 'projchi', 'bitflip', 86.47313690185547, 0.02500000037252903, 1.4047033786773682, '2024-07-16 23:28:28', 4)
pval: [0.025] -- 138th test, time elapsed 1.4047033786773682 -- emperical power so far (from test_start): 0.6304347826086957
db insert success
tensor(0.3775)
tensor(0.3775)
tensor(77.9695, device='cuda:0')
(139, 3, 0, 1, 3000, 'projchi', 'bitflip', 77.96946716308594, 0.10700000822544098, 1.399932622909546, '2024-07-16 23:28:43', 4)
pval: [0.10700001] -- 139th test, time elapsed 1.399932622909546 -- emperical power so far (from test_start): 0.6258992805755396
db insert success
tensor(0.3775)
tensor(0.3775)
tensor(72.2713, device='cuda:0')
(140, 3, 0, 1, 3000, 'projchi', 'bitflip', 72.27132415771484, 0.20900000631809235, 1.4071600437164307, '2024-07-16 23:28:56', 4)
pval: [0.20900001] -- 140th test, time elapsed 1.4071600437164307 -- emperical power so far (from test_start): 0.6214285714285714
db insert success
tensor(0.3775)
tensor(0.3775)
tensor(106.7183, device='cuda:0')
(141, 3, 0, 1, 3000, 'projchi', 'bitflip', 106.71832275390625, 0.0010000000474974513, 1.4011540412902832, '2024-07-16 23:29:10', 4)
pval: [0.001] -- 141th test, time elapsed 1.4011540412902832 -- emperical power so far (from test_start): 0.624113475177305
db insert success
tensor(0.3775)
tensor(0.3775)
tensor(70.5899, device='cuda:0')
(142, 3, 0, 1, 3000, 'projchi', 'bitflip', 70.58985900878906, 0.2460000067949295, 1.4002728462219238, '2024-07-16 23:29:20', 4)
pval: [0.24600001] -- 142th test, time elapsed 1.4002728462219238 -- emperical power so far (from test_start): 0.6197183098591549
db insert success
tensor(0.3775)
tensor(0.3775)
tensor(89.7143, device='cuda:0')
(143, 3, 0, 1, 3000, 'projchi', 'bitflip', 89.71427917480469, 0.014000000432133675, 1.3986074924468994, '2024-07-16 23:29:23', 4)
pval: [0.014] -- 143th test, time elapsed 1.3986074924468994 -- emperical power so far (from test_start): 0.6223776223776224
db insert success
tensor(0.3775)
tensor(0.3775)
tensor(84.5812, device='cuda:0')
(144, 3, 0, 1, 3000, 'projchi', 'bitflip', 84.58122253417969, 0.030000001192092896, 1.40401029586792, '2024-07-16 23:29:43', 4)
pval: [0.03] -- 144th test, time elapsed 1.40401029586792 -- emperical power so far (from test_start): 0.625
db insert success
tensor(0.3775)
tensor(0.3775)
tensor(62.1274, device='cuda:0')
(145, 3, 0, 1, 3000, 'projchi', 'bitflip', 62.12744140625, 0.5100000500679016, 1.3977081775665283, '2024-07-16 23:29:57', 4)
pval: [0.51000005] -- 145th test, time elapsed 1.3977081775665283 -- emperical power so far (from test_start): 0.6206896551724138
db insert success
tensor(0.3775)
tensor(0.3775)
tensor(77.0822, device='cuda:0')
(146, 3, 0, 1, 3000, 'projchi', 'bitflip', 77.08222198486328, 0.10500000417232513, 1.4030907154083252, '2024-07-16 23:30:03', 4)
pval: [0.105] -- 146th test, time elapsed 1.4030907154083252 -- emperical power so far (from test_start): 0.6164383561643836
db insert success
tensor(0.3775)
tensor(0.3775)
tensor(72.1544, device='cuda:0')
(147, 3, 0, 1, 3000, 'projchi', 'bitflip', 72.15438079833984, 0.20500001311302185, 1.4010114669799805, '2024-07-16 23:30:17', 4)
pval: [0.20500001] -- 147th test, time elapsed 1.4010114669799805 -- emperical power so far (from test_start): 0.6122448979591837
db insert success
tensor(0.3775)
tensor(0.3775)
tensor(84.8573, device='cuda:0')
(148, 3, 0, 1, 3000, 'projchi', 'bitflip', 84.85731506347656, 0.032999999821186066, 1.4026060104370117, '2024-07-16 23:30:33', 4)
pval: [0.033] -- 148th test, time elapsed 1.4026060104370117 -- emperical power so far (from test_start): 0.6148648648648649
db insert success
tensor(0.3775)
tensor(0.3775)
tensor(81.5999, device='cuda:0')
(149, 3, 0, 1, 3000, 'projchi', 'bitflip', 81.59986877441406, 0.06100000441074371, 1.4017612934112549, '2024-07-16 23:30:47', 4)
pval: [0.061] -- 149th test, time elapsed 1.4017612934112549 -- emperical power so far (from test_start): 0.610738255033557
db insert success
tensor(0.3775)
tensor(0.3775)
tensor(73.7027, device='cuda:0')
(150, 3, 0, 1, 3000, 'projchi', 'bitflip', 73.70265197753906, 0.14500001072883606, 1.4044559001922607, '2024-07-16 23:30:57', 4)
pval: [0.14500001] -- 150th test, time elapsed 1.4044559001922607 -- emperical power so far (from test_start): 0.6066666666666667
db insert success
tensor(0.3775)
tensor(0.3775)
tensor(70.4698, device='cuda:0')
(151, 3, 0, 1, 3000, 'projchi', 'bitflip', 70.46975708007812, 0.22300000488758087, 1.3990004062652588, '2024-07-16 23:31:00', 4)
pval: [0.223] -- 151th test, time elapsed 1.3990004062652588 -- emperical power so far (from test_start): 0.6026490066225165
db insert success
tensor(0.3775)
tensor(0.3775)
tensor(100.3160, device='cuda:0')
(152, 3, 0, 1, 3000, 'projchi', 'bitflip', 100.3160400390625, 0.0010000000474974513, 1.402050495147705, '2024-07-16 23:31:07', 4)
pval: [0.001] -- 152th test, time elapsed 1.402050495147705 -- emperical power so far (from test_start): 0.6052631578947368
db insert success
tensor(0.3775)
tensor(0.3775)
tensor(72.0706, device='cuda:0')
(153, 3, 0, 1, 3000, 'projchi', 'bitflip', 72.070556640625, 0.20900000631809235, 1.4011330604553223, '2024-07-16 23:31:28', 4)
pval: [0.20900001] -- 153th test, time elapsed 1.4011330604553223 -- emperical power so far (from test_start): 0.6013071895424836
db insert success
tensor(0.3775)
tensor(0.3775)
tensor(70.9992, device='cuda:0')
(154, 3, 0, 1, 3000, 'projchi', 'bitflip', 70.99919891357422, 0.21400001645088196, 1.4031164646148682, '2024-07-16 23:31:36', 4)
pval: [0.21400002] -- 154th test, time elapsed 1.4031164646148682 -- emperical power so far (from test_start): 0.5974025974025974
db insert success
tensor(0.3775)
tensor(0.3775)
tensor(75.5321, device='cuda:0')
(155, 3, 0, 1, 3000, 'projchi', 'bitflip', 75.53208923339844, 0.15700000524520874, 1.3999381065368652, '2024-07-16 23:31:51', 4)
pval: [0.15700001] -- 155th test, time elapsed 1.3999381065368652 -- emperical power so far (from test_start): 0.5935483870967742
db insert success
tensor(0.3775)
tensor(0.3775)
tensor(76.5833, device='cuda:0')
(156, 3, 0, 1, 3000, 'projchi', 'bitflip', 76.58325958251953, 0.1210000067949295, 1.4021368026733398, '2024-07-16 23:32:05', 4)
pval: [0.12100001] -- 156th test, time elapsed 1.4021368026733398 -- emperical power so far (from test_start): 0.5897435897435898
db insert success
tensor(0.3775)
tensor(0.3775)
tensor(69.7178, device='cuda:0')
(157, 3, 0, 1, 3000, 'projchi', 'bitflip', 69.7177505493164, 0.2680000066757202, 1.399019479751587, '2024-07-16 23:32:09', 4)
pval: [0.26800001] -- 157th test, time elapsed 1.399019479751587 -- emperical power so far (from test_start): 0.5859872611464968
db insert success
tensor(0.3775)
tensor(0.3775)
tensor(103.7211, device='cuda:0')
(158, 3, 0, 1, 3000, 'projchi', 'bitflip', 103.7210922241211, 0.0020000000949949026, 1.3993875980377197, '2024-07-16 23:32:12', 4)
pval: [0.002] -- 158th test, time elapsed 1.3993875980377197 -- emperical power so far (from test_start): 0.5886075949367089
db insert success
tensor(0.3775)
tensor(0.3775)
tensor(98.2360, device='cuda:0')
(159, 3, 0, 1, 3000, 'projchi', 'bitflip', 98.23600769042969, 0.005000000353902578, 1.4005537033081055, '2024-07-16 23:32:25', 4)
pval: [0.005] -- 159th test, time elapsed 1.4005537033081055 -- emperical power so far (from test_start): 0.5911949685534591
db insert success
tensor(0.3775)
tensor(0.3775)
tensor(90.6641, device='cuda:0')
(160, 3, 0, 1, 3000, 'projchi', 'bitflip', 90.66411590576172, 0.01100000087171793, 1.3982491493225098, '2024-07-16 23:32:41', 4)
pval: [0.011] -- 160th test, time elapsed 1.3982491493225098 -- emperical power so far (from test_start): 0.59375
db insert success
tensor(0.3775)
tensor(0.3775)
tensor(93.4917, device='cuda:0')
(161, 3, 0, 1, 3000, 'projchi', 'bitflip', 93.49166870117188, 0.005000000353902578, 1.3995404243469238, '2024-07-16 23:32:45', 4)
pval: [0.005] -- 161th test, time elapsed 1.3995404243469238 -- emperical power so far (from test_start): 0.5962732919254659
db insert success
tensor(0.3775)
tensor(0.3775)
tensor(79.0954, device='cuda:0')
(162, 3, 0, 1, 3000, 'projchi', 'bitflip', 79.09539031982422, 0.09000000357627869, 1.401425838470459, '2024-07-16 23:32:53', 4)
pval: [0.09] -- 162th test, time elapsed 1.401425838470459 -- emperical power so far (from test_start): 0.5925925925925926
db insert success
tensor(0.3775)
tensor(0.3775)
tensor(89.3291, device='cuda:0')
(163, 3, 0, 1, 3000, 'projchi', 'bitflip', 89.3291244506836, 0.01100000087171793, 1.396409511566162, '2024-07-16 23:33:11', 4)
pval: [0.011] -- 163th test, time elapsed 1.396409511566162 -- emperical power so far (from test_start): 0.5950920245398773
db insert success
tensor(0.3775)
tensor(0.3775)
tensor(81.6992, device='cuda:0')
(164, 3, 0, 1, 3000, 'projchi', 'bitflip', 81.6992416381836, 0.05700000375509262, 1.4028310775756836, '2024-07-16 23:33:27', 4)
pval: [0.057] -- 164th test, time elapsed 1.4028310775756836 -- emperical power so far (from test_start): 0.5914634146341463
db insert success
tensor(0.3775)
tensor(0.3775)
tensor(75.3286, device='cuda:0')
(165, 3, 0, 1, 3000, 'projchi', 'bitflip', 75.32855987548828, 0.12700000405311584, 1.3991611003875732, '2024-07-16 23:33:36', 4)
pval: [0.127] -- 165th test, time elapsed 1.3991611003875732 -- emperical power so far (from test_start): 0.5878787878787879
db insert success
tensor(0.3775)
tensor(0.3775)
tensor(92.0466, device='cuda:0')
(166, 3, 0, 1, 3000, 'projchi', 'bitflip', 92.04657745361328, 0.009000000543892384, 1.404022216796875, '2024-07-16 23:33:53', 4)
pval: [0.009] -- 166th test, time elapsed 1.404022216796875 -- emperical power so far (from test_start): 0.5903614457831325
db insert success
tensor(0.3775)
tensor(0.3775)
tensor(107.1098, device='cuda:0')
(167, 3, 0, 1, 3000, 'projchi', 'bitflip', 107.10981750488281, 0.0010000000474974513, 1.3966255187988281, '2024-07-16 23:34:04', 4)
pval: [0.001] -- 167th test, time elapsed 1.3966255187988281 -- emperical power so far (from test_start): 0.592814371257485
db insert success
tensor(0.3775)
tensor(0.3775)
tensor(71.6246, device='cuda:0')
(168, 3, 0, 1, 3000, 'projchi', 'bitflip', 71.62460327148438, 0.20600001513957977, 1.4026453495025635, '2024-07-16 23:34:15', 4)
pval: [0.20600002] -- 168th test, time elapsed 1.4026453495025635 -- emperical power so far (from test_start): 0.5892857142857143
db insert success
tensor(0.3775)
tensor(0.3775)
tensor(83.5239, device='cuda:0')
(169, 3, 0, 1, 3000, 'projchi', 'bitflip', 83.52394104003906, 0.04100000113248825, 1.3971431255340576, '2024-07-16 23:34:22', 4)
pval: [0.041] -- 169th test, time elapsed 1.3971431255340576 -- emperical power so far (from test_start): 0.591715976331361
db insert success
tensor(0.3775)
tensor(0.3775)
tensor(106.6572, device='cuda:0')
(170, 3, 0, 1, 3000, 'projchi', 'bitflip', 106.65715026855469, 0.0010000000474974513, 1.3988683223724365, '2024-07-16 23:34:25', 4)
pval: [0.001] -- 170th test, time elapsed 1.3988683223724365 -- emperical power so far (from test_start): 0.5941176470588235
db insert success
tensor(0.3775)
tensor(0.3775)
tensor(108.4138, device='cuda:0')
(171, 3, 0, 1, 3000, 'projchi', 'bitflip', 108.41375732421875, 0.0010000000474974513, 1.396723747253418, '2024-07-16 23:34:42', 4)
pval: [0.001] -- 171th test, time elapsed 1.396723747253418 -- emperical power so far (from test_start): 0.5964912280701754
db insert success
tensor(0.3775)
tensor(0.3775)
tensor(110.5358, device='cuda:0')
(172, 3, 0, 1, 3000, 'projchi', 'bitflip', 110.53578186035156, 0.0010000000474974513, 1.4026148319244385, '2024-07-16 23:35:02', 4)
pval: [0.001] -- 172th test, time elapsed 1.4026148319244385 -- emperical power so far (from test_start): 0.5988372093023255
db insert success
tensor(0.3775)
tensor(0.3775)
tensor(89.5668, device='cuda:0')
(173, 3, 0, 1, 3000, 'projchi', 'bitflip', 89.56678771972656, 0.014000000432133675, 1.3971858024597168, '2024-07-16 23:35:19', 4)
pval: [0.014] -- 173th test, time elapsed 1.3971858024597168 -- emperical power so far (from test_start): 0.6011560693641619
db insert success
tensor(0.3775)
tensor(0.3775)
tensor(92.8540, device='cuda:0')
(174, 3, 0, 1, 3000, 'projchi', 'bitflip', 92.85401153564453, 0.012000000104308128, 1.4072957038879395, '2024-07-16 23:35:29', 4)
pval: [0.012] -- 174th test, time elapsed 1.4072957038879395 -- emperical power so far (from test_start): 0.603448275862069
db insert success
tensor(0.3775)
tensor(0.3775)
tensor(97.7861, device='cuda:0')
(175, 3, 0, 1, 3000, 'projchi', 'bitflip', 97.78614044189453, 0.003000000026077032, 1.3954079151153564, '2024-07-16 23:35:45', 4)
pval: [0.003] -- 175th test, time elapsed 1.3954079151153564 -- emperical power so far (from test_start): 0.6057142857142858
db insert success
tensor(0.3775)
tensor(0.3775)
tensor(116.4273, device='cuda:0')
(176, 3, 0, 1, 3000, 'projchi', 'bitflip', 116.42729187011719, 0.0010000000474974513, 1.3983569145202637, '2024-07-16 23:36:05', 4)
pval: [0.001] -- 176th test, time elapsed 1.3983569145202637 -- emperical power so far (from test_start): 0.6079545454545454
db insert success
tensor(0.3775)
tensor(0.3775)
tensor(83.1059, device='cuda:0')
(177, 3, 0, 1, 3000, 'projchi', 'bitflip', 83.10594177246094, 0.0560000017285347, 1.3984692096710205, '2024-07-16 23:36:10', 4)
pval: [0.056] -- 177th test, time elapsed 1.3984692096710205 -- emperical power so far (from test_start): 0.6045197740112994
db insert success
tensor(0.3775)
tensor(0.3775)
tensor(110.9747, device='cuda:0')
(178, 3, 0, 1, 3000, 'projchi', 'bitflip', 110.97467803955078, 0.0010000000474974513, 1.3995604515075684, '2024-07-16 23:36:23', 4)
pval: [0.001] -- 178th test, time elapsed 1.3995604515075684 -- emperical power so far (from test_start): 0.6067415730337079
db insert success
tensor(0.3775)
tensor(0.3775)
tensor(86.8386, device='cuda:0')
(179, 3, 0, 1, 3000, 'projchi', 'bitflip', 86.83863830566406, 0.02200000174343586, 1.3979136943817139, '2024-07-16 23:36:38', 4)
pval: [0.022] -- 179th test, time elapsed 1.3979136943817139 -- emperical power so far (from test_start): 0.6089385474860335
db insert success
tensor(0.3775)
tensor(0.3775)
tensor(108.7165, device='cuda:0')
(180, 3, 0, 1, 3000, 'projchi', 'bitflip', 108.71646118164062, 0.0010000000474974513, 1.401547908782959, '2024-07-16 23:36:58', 4)
pval: [0.001] -- 180th test, time elapsed 1.401547908782959 -- emperical power so far (from test_start): 0.6111111111111112
db insert success
tensor(0.3775)
tensor(0.3775)
tensor(74.6189, device='cuda:0')
(181, 3, 0, 1, 3000, 'projchi', 'bitflip', 74.61885070800781, 0.1550000011920929, 1.3990869522094727, '2024-07-16 23:37:04', 4)
pval: [0.155] -- 181th test, time elapsed 1.3990869522094727 -- emperical power so far (from test_start): 0.6077348066298343
db insert success
tensor(0.3775)
tensor(0.3775)
tensor(93.3111, device='cuda:0')
(182, 3, 0, 1, 3000, 'projchi', 'bitflip', 93.31108093261719, 0.015000000596046448, 1.3994286060333252, '2024-07-16 23:37:07', 4)
pval: [0.015] -- 182th test, time elapsed 1.3994286060333252 -- emperical power so far (from test_start): 0.6098901098901099
db insert success
tensor(0.3775)
tensor(0.3775)
tensor(96.8392, device='cuda:0')
(183, 3, 0, 1, 3000, 'projchi', 'bitflip', 96.83918762207031, 0.005000000353902578, 1.399052619934082, '2024-07-16 23:37:27', 4)
pval: [0.005] -- 183th test, time elapsed 1.399052619934082 -- emperical power so far (from test_start): 0.6120218579234973
db insert success
tensor(0.3775)
tensor(0.3775)
tensor(83.5755, device='cuda:0')
(184, 3, 0, 1, 3000, 'projchi', 'bitflip', 83.5754623413086, 0.03700000047683716, 1.4009943008422852, '2024-07-16 23:37:42', 4)
pval: [0.037] -- 184th test, time elapsed 1.4009943008422852 -- emperical power so far (from test_start): 0.6141304347826086
db insert success
tensor(0.3775)
tensor(0.3775)
tensor(91.6575, device='cuda:0')
(185, 3, 0, 1, 3000, 'projchi', 'bitflip', 91.65754699707031, 0.017000000923871994, 1.3943891525268555, '2024-07-16 23:38:00', 4)
pval: [0.017] -- 185th test, time elapsed 1.3943891525268555 -- emperical power so far (from test_start): 0.6162162162162163
db insert success
tensor(0.3775)
tensor(0.3775)
tensor(70.0762, device='cuda:0')
(186, 3, 0, 1, 3000, 'projchi', 'bitflip', 70.07621765136719, 0.25699999928474426, 1.402217149734497, '2024-07-16 23:38:14', 4)
pval: [0.257] -- 186th test, time elapsed 1.402217149734497 -- emperical power so far (from test_start): 0.6129032258064516
db insert success
tensor(0.3775)
tensor(0.3775)
tensor(80.7692, device='cuda:0')
(187, 3, 0, 1, 3000, 'projchi', 'bitflip', 80.76923370361328, 0.058000002056360245, 1.3976528644561768, '2024-07-16 23:38:25', 4)
pval: [0.058] -- 187th test, time elapsed 1.3976528644561768 -- emperical power so far (from test_start): 0.6096256684491979
db insert success
tensor(0.3775)
tensor(0.3775)
tensor(82.4184, device='cuda:0')
(188, 3, 0, 1, 3000, 'projchi', 'bitflip', 82.41841888427734, 0.06000000238418579, 1.3994998931884766, '2024-07-16 23:38:33', 4)
pval: [0.06] -- 188th test, time elapsed 1.3994998931884766 -- emperical power so far (from test_start): 0.6063829787234043
db insert success
tensor(0.3775)
tensor(0.3775)
tensor(113.4821, device='cuda:0')
(189, 3, 0, 1, 3000, 'projchi', 'bitflip', 113.48208618164062, 0.0010000000474974513, 1.3977866172790527, '2024-07-16 23:38:36', 4)
pval: [0.001] -- 189th test, time elapsed 1.3977866172790527 -- emperical power so far (from test_start): 0.6084656084656085
db insert success
tensor(0.3775)
tensor(0.3775)
tensor(76.5619, device='cuda:0')
(190, 3, 0, 1, 3000, 'projchi', 'bitflip', 76.5618896484375, 0.09300000220537186, 1.3982064723968506, '2024-07-16 23:38:45', 4)
pval: [0.093] -- 190th test, time elapsed 1.3982064723968506 -- emperical power so far (from test_start): 0.6052631578947368
db insert success
tensor(0.3775)
tensor(0.3775)
tensor(90.3024, device='cuda:0')
(191, 3, 0, 1, 3000, 'projchi', 'bitflip', 90.30244445800781, 0.01600000075995922, 1.396583080291748, '2024-07-16 23:38:58', 4)
pval: [0.016] -- 191th test, time elapsed 1.396583080291748 -- emperical power so far (from test_start): 0.6073298429319371
db insert success
tensor(0.3775)
tensor(0.3775)
tensor(85.2143, device='cuda:0')
(192, 3, 0, 1, 3000, 'projchi', 'bitflip', 85.21434020996094, 0.036000002175569534, 1.3995840549468994, '2024-07-16 23:39:11', 4)
pval: [0.036] -- 192th test, time elapsed 1.3995840549468994 -- emperical power so far (from test_start): 0.609375
db insert success
tensor(0.3775)
tensor(0.3775)
tensor(79.2986, device='cuda:0')
(193, 3, 0, 1, 3000, 'projchi', 'bitflip', 79.29859161376953, 0.07600000500679016, 1.397125005722046, '2024-07-16 23:39:18', 4)
pval: [0.07600001] -- 193th test, time elapsed 1.397125005722046 -- emperical power so far (from test_start): 0.6062176165803109
db insert success
tensor(0.3775)
tensor(0.3775)
tensor(74.3191, device='cuda:0')
(194, 3, 0, 1, 3000, 'projchi', 'bitflip', 74.31906127929688, 0.15700000524520874, 1.3999898433685303, '2024-07-16 23:39:30', 4)
pval: [0.15700001] -- 194th test, time elapsed 1.3999898433685303 -- emperical power so far (from test_start): 0.6030927835051546
db insert success
tensor(0.3775)
tensor(0.3775)
tensor(65.1533, device='cuda:0')
(195, 3, 0, 1, 3000, 'projchi', 'bitflip', 65.15328216552734, 0.4140000343322754, 1.3911106586456299, '2024-07-16 23:39:47', 4)
pval: [0.41400003] -- 195th test, time elapsed 1.3911106586456299 -- emperical power so far (from test_start): 0.6
db insert success
tensor(0.3775)
tensor(0.3775)
tensor(86.5872, device='cuda:0')
(196, 3, 0, 1, 3000, 'projchi', 'bitflip', 86.58724975585938, 0.02500000037252903, 1.3999927043914795, '2024-07-16 23:40:07', 4)
pval: [0.025] -- 196th test, time elapsed 1.3999927043914795 -- emperical power so far (from test_start): 0.6020408163265306
db insert success
tensor(0.3775)
tensor(0.3775)
tensor(79.6744, device='cuda:0')
(197, 3, 0, 1, 3000, 'projchi', 'bitflip', 79.67438507080078, 0.09100000560283661, 1.4070971012115479, '2024-07-16 23:40:19', 4)
pval: [0.09100001] -- 197th test, time elapsed 1.4070971012115479 -- emperical power so far (from test_start): 0.5989847715736041
db insert success
tensor(0.3775)
tensor(0.3775)
tensor(102.5000, device='cuda:0')
(198, 3, 0, 1, 3000, 'projchi', 'bitflip', 102.49996185302734, 0.0010000000474974513, 1.3971149921417236, '2024-07-16 23:40:39', 4)
pval: [0.001] -- 198th test, time elapsed 1.3971149921417236 -- emperical power so far (from test_start): 0.601010101010101
db insert success
tensor(0.3775)
tensor(0.3775)
tensor(89.7708, device='cuda:0')
(199, 3, 0, 1, 3000, 'projchi', 'bitflip', 89.77082824707031, 0.014000000432133675, 1.3959028720855713, '2024-07-16 23:40:42', 4)
pval: [0.014] -- 199th test, time elapsed 1.3959028720855713 -- emperical power so far (from test_start): 0.6030150753768844
db insert success
tensor(0.3775)
tensor(0.3775)
tensor(93.6047, device='cuda:0')
(200, 3, 0, 1, 3000, 'projchi', 'bitflip', 93.60467529296875, 0.009000000543892384, 1.4020066261291504, '2024-07-16 23:40:46', 4)
pval: [0.009] -- 200th test, time elapsed 1.4020066261291504 -- emperical power so far (from test_start): 0.605
db insert success
2470.6978907585144
