genrrchi, alpha=2, sample size=4500
#########################################
tensor(123.3334, device='cuda:0')
(1, 3, 0, 2, 4500, 'chi', 'genrr', 123.33342742919922, 0.0010000000474974513, 1.5528755187988281, '2024-07-17 13:18:36', 4)
pval: [0.001] -- 1th test, time elapsed 1.5528755187988281 -- emperical power so far (from test_start): 1.0
db insert success
tensor(119.3181, device='cuda:0')
(2, 3, 0, 2, 4500, 'chi', 'genrr', 119.31809997558594, 0.0010000000474974513, 1.5320889949798584, '2024-07-17 13:18:39', 4)
pval: [0.001] -- 2th test, time elapsed 1.5320889949798584 -- emperical power so far (from test_start): 1.0
db insert success
tensor(147.1499, device='cuda:0')
(3, 3, 0, 2, 4500, 'chi', 'genrr', 147.1499481201172, 0.0010000000474974513, 1.5298681259155273, '2024-07-17 13:18:51', 4)
pval: [0.001] -- 3th test, time elapsed 1.5298681259155273 -- emperical power so far (from test_start): 1.0
db insert success
tensor(113.8681, device='cuda:0')
(4, 3, 0, 2, 4500, 'chi', 'genrr', 113.86808776855469, 0.0020000000949949026, 1.5292868614196777, '2024-07-17 13:18:57', 4)
pval: [0.002] -- 4th test, time elapsed 1.5292868614196777 -- emperical power so far (from test_start): 1.0
db insert success
tensor(127.6622, device='cuda:0')
(5, 3, 0, 2, 4500, 'chi', 'genrr', 127.66217041015625, 0.0010000000474974513, 1.5277588367462158, '2024-07-17 13:19:09', 4)
pval: [0.001] -- 5th test, time elapsed 1.5277588367462158 -- emperical power so far (from test_start): 1.0
db insert success
tensor(120.2957, device='cuda:0')
(6, 3, 0, 2, 4500, 'chi', 'genrr', 120.29570770263672, 0.0010000000474974513, 1.5274829864501953, '2024-07-17 13:19:19', 4)
pval: [0.001] -- 6th test, time elapsed 1.5274829864501953 -- emperical power so far (from test_start): 1.0
db insert success
tensor(116.7601, device='cuda:0')
(7, 3, 0, 2, 4500, 'chi', 'genrr', 116.76009368896484, 0.0010000000474974513, 1.5184531211853027, '2024-07-17 13:19:33', 4)
pval: [0.001] -- 7th test, time elapsed 1.5184531211853027 -- emperical power so far (from test_start): 1.0
db insert success
tensor(115.3122, device='cuda:0')
(8, 3, 0, 2, 4500, 'chi', 'genrr', 115.31220245361328, 0.0010000000474974513, 1.5217103958129883, '2024-07-17 13:19:51', 4)
pval: [0.001] -- 8th test, time elapsed 1.5217103958129883 -- emperical power so far (from test_start): 1.0
db insert success
tensor(136.3391, device='cuda:0')
(9, 3, 0, 2, 4500, 'chi', 'genrr', 136.339111328125, 0.0010000000474974513, 1.517665147781372, '2024-07-17 13:19:56', 4)
pval: [0.001] -- 9th test, time elapsed 1.517665147781372 -- emperical power so far (from test_start): 1.0
db insert success
tensor(93.7057, device='cuda:0')
(10, 3, 0, 2, 4500, 'chi', 'genrr', 93.70565795898438, 0.010000000707805157, 1.518113613128662, '2024-07-17 13:20:08', 4)
pval: [0.01] -- 10th test, time elapsed 1.518113613128662 -- emperical power so far (from test_start): 1.0
db insert success
tensor(104.9068, device='cuda:0')
(11, 3, 0, 2, 4500, 'chi', 'genrr', 104.9067611694336, 0.0010000000474974513, 1.5245554447174072, '2024-07-17 13:20:15', 4)
pval: [0.001] -- 11th test, time elapsed 1.5245554447174072 -- emperical power so far (from test_start): 1.0
db insert success
tensor(127.0361, device='cuda:0')
(12, 3, 0, 2, 4500, 'chi', 'genrr', 127.03607177734375, 0.0010000000474974513, 1.5199706554412842, '2024-07-17 13:20:30', 4)
pval: [0.001] -- 12th test, time elapsed 1.5199706554412842 -- emperical power so far (from test_start): 1.0
db insert success
tensor(123.8528, device='cuda:0')
(13, 3, 0, 2, 4500, 'chi', 'genrr', 123.85282897949219, 0.0010000000474974513, 1.5191988945007324, '2024-07-17 13:20:47', 4)
pval: [0.001] -- 13th test, time elapsed 1.5191988945007324 -- emperical power so far (from test_start): 1.0
db insert success
tensor(118.2682, device='cuda:0')
(14, 3, 0, 2, 4500, 'chi', 'genrr', 118.26819610595703, 0.0010000000474974513, 1.5161352157592773, '2024-07-17 13:20:54', 4)
pval: [0.001] -- 14th test, time elapsed 1.5161352157592773 -- emperical power so far (from test_start): 1.0
db insert success
tensor(107.1369, device='cuda:0')
(15, 3, 0, 2, 4500, 'chi', 'genrr', 107.13691711425781, 0.0010000000474974513, 1.5168077945709229, '2024-07-17 13:21:01', 4)
pval: [0.001] -- 15th test, time elapsed 1.5168077945709229 -- emperical power so far (from test_start): 1.0
db insert success
tensor(111.4199, device='cuda:0')
(16, 3, 0, 2, 4500, 'chi', 'genrr', 111.41991424560547, 0.003000000026077032, 1.5194432735443115, '2024-07-17 13:21:04', 4)
pval: [0.003] -- 16th test, time elapsed 1.5194432735443115 -- emperical power so far (from test_start): 1.0
db insert success
tensor(101.0856, device='cuda:0')
(17, 3, 0, 2, 4500, 'chi', 'genrr', 101.08563232421875, 0.0010000000474974513, 1.5200107097625732, '2024-07-17 13:21:10', 4)
pval: [0.001] -- 17th test, time elapsed 1.5200107097625732 -- emperical power so far (from test_start): 1.0
db insert success
tensor(83.0115, device='cuda:0')
(18, 3, 0, 2, 4500, 'chi', 'genrr', 83.01154327392578, 0.039000000804662704, 1.515143632888794, '2024-07-17 13:21:30', 4)
pval: [0.039] -- 18th test, time elapsed 1.515143632888794 -- emperical power so far (from test_start): 1.0
db insert success
tensor(147.9944, device='cuda:0')
(19, 3, 0, 2, 4500, 'chi', 'genrr', 147.9944305419922, 0.0010000000474974513, 1.5188119411468506, '2024-07-17 13:21:50', 4)
pval: [0.001] -- 19th test, time elapsed 1.5188119411468506 -- emperical power so far (from test_start): 1.0
db insert success
tensor(108.8241, device='cuda:0')
(20, 3, 0, 2, 4500, 'chi', 'genrr', 108.8240737915039, 0.003000000026077032, 1.5135037899017334, '2024-07-17 13:22:05', 4)
pval: [0.003] -- 20th test, time elapsed 1.5135037899017334 -- emperical power so far (from test_start): 1.0
db insert success
tensor(121.7419, device='cuda:0')
(21, 3, 0, 2, 4500, 'chi', 'genrr', 121.74191284179688, 0.0010000000474974513, 1.5141115188598633, '2024-07-17 13:22:13', 4)
pval: [0.001] -- 21th test, time elapsed 1.5141115188598633 -- emperical power so far (from test_start): 1.0
db insert success
tensor(123.5793, device='cuda:0')
(22, 3, 0, 2, 4500, 'chi', 'genrr', 123.57926177978516, 0.0010000000474974513, 1.515251636505127, '2024-07-17 13:22:34', 4)
pval: [0.001] -- 22th test, time elapsed 1.515251636505127 -- emperical power so far (from test_start): 1.0
db insert success
tensor(122.7270, device='cuda:0')
(23, 3, 0, 2, 4500, 'chi', 'genrr', 122.72700500488281, 0.0010000000474974513, 1.5171482563018799, '2024-07-17 13:22:54', 4)
pval: [0.001] -- 23th test, time elapsed 1.5171482563018799 -- emperical power so far (from test_start): 1.0
db insert success
tensor(111.6609, device='cuda:0')
(24, 3, 0, 2, 4500, 'chi', 'genrr', 111.66094207763672, 0.0010000000474974513, 1.51405668258667, '2024-07-17 13:23:07', 4)
pval: [0.001] -- 24th test, time elapsed 1.51405668258667 -- emperical power so far (from test_start): 1.0
db insert success
tensor(121.6121, device='cuda:0')
(25, 3, 0, 2, 4500, 'chi', 'genrr', 121.61206817626953, 0.0010000000474974513, 1.5147781372070312, '2024-07-17 13:23:20', 4)
pval: [0.001] -- 25th test, time elapsed 1.5147781372070312 -- emperical power so far (from test_start): 1.0
db insert success
tensor(110.4549, device='cuda:0')
(26, 3, 0, 2, 4500, 'chi', 'genrr', 110.45492553710938, 0.0010000000474974513, 1.5188851356506348, '2024-07-17 13:23:38', 4)
pval: [0.001] -- 26th test, time elapsed 1.5188851356506348 -- emperical power so far (from test_start): 1.0
db insert success
tensor(128.7494, device='cuda:0')
(27, 3, 0, 2, 4500, 'chi', 'genrr', 128.74942016601562, 0.0010000000474974513, 1.5168344974517822, '2024-07-17 13:23:46', 4)
pval: [0.001] -- 27th test, time elapsed 1.5168344974517822 -- emperical power so far (from test_start): 1.0
db insert success
tensor(132.8806, device='cuda:0')
(28, 3, 0, 2, 4500, 'chi', 'genrr', 132.8805694580078, 0.0010000000474974513, 1.5199856758117676, '2024-07-17 13:24:06', 4)
pval: [0.001] -- 28th test, time elapsed 1.5199856758117676 -- emperical power so far (from test_start): 1.0
db insert success
tensor(111.5150, device='cuda:0')
(29, 3, 0, 2, 4500, 'chi', 'genrr', 111.5149917602539, 0.0020000000949949026, 1.517101526260376, '2024-07-17 13:24:25', 4)
pval: [0.002] -- 29th test, time elapsed 1.517101526260376 -- emperical power so far (from test_start): 1.0
db insert success
tensor(116.3960, device='cuda:0')
(30, 3, 0, 2, 4500, 'chi', 'genrr', 116.39603424072266, 0.0010000000474974513, 1.513174057006836, '2024-07-17 13:24:43', 4)
pval: [0.001] -- 30th test, time elapsed 1.513174057006836 -- emperical power so far (from test_start): 1.0
db insert success
tensor(126.9715, device='cuda:0')
(31, 3, 0, 2, 4500, 'chi', 'genrr', 126.97149658203125, 0.0010000000474974513, 1.5195324420928955, '2024-07-17 13:24:57', 4)
pval: [0.001] -- 31th test, time elapsed 1.5195324420928955 -- emperical power so far (from test_start): 1.0
db insert success
tensor(113.4948, device='cuda:0')
(32, 3, 0, 2, 4500, 'chi', 'genrr', 113.49484252929688, 0.0010000000474974513, 1.5259203910827637, '2024-07-17 13:25:13', 4)
pval: [0.001] -- 32th test, time elapsed 1.5259203910827637 -- emperical power so far (from test_start): 1.0
db insert success
tensor(147.0306, device='cuda:0')
(33, 3, 0, 2, 4500, 'chi', 'genrr', 147.03062438964844, 0.0010000000474974513, 1.5164453983306885, '2024-07-17 13:25:34', 4)
pval: [0.001] -- 33th test, time elapsed 1.5164453983306885 -- emperical power so far (from test_start): 1.0
db insert success
tensor(94.7589, device='cuda:0')
(34, 3, 0, 2, 4500, 'chi', 'genrr', 94.75891876220703, 0.010000000707805157, 1.5218040943145752, '2024-07-17 13:25:46', 4)
pval: [0.01] -- 34th test, time elapsed 1.5218040943145752 -- emperical power so far (from test_start): 1.0
db insert success
tensor(109.4683, device='cuda:0')
(35, 3, 0, 2, 4500, 'chi', 'genrr', 109.46829223632812, 0.0010000000474974513, 1.5169730186462402, '2024-07-17 13:25:56', 4)
pval: [0.001] -- 35th test, time elapsed 1.5169730186462402 -- emperical power so far (from test_start): 1.0
db insert success
tensor(146.3461, device='cuda:0')
(36, 3, 0, 2, 4500, 'chi', 'genrr', 146.3461151123047, 0.0010000000474974513, 1.5152900218963623, '2024-07-17 13:26:13', 4)
pval: [0.001] -- 36th test, time elapsed 1.5152900218963623 -- emperical power so far (from test_start): 1.0
db insert success
tensor(131.4259, device='cuda:0')
(37, 3, 0, 2, 4500, 'chi', 'genrr', 131.42588806152344, 0.0010000000474974513, 1.5138936042785645, '2024-07-17 13:26:27', 4)
pval: [0.001] -- 37th test, time elapsed 1.5138936042785645 -- emperical power so far (from test_start): 1.0
db insert success
tensor(147.2267, device='cuda:0')
(38, 3, 0, 2, 4500, 'chi', 'genrr', 147.22666931152344, 0.0010000000474974513, 1.5204005241394043, '2024-07-17 13:26:40', 4)
pval: [0.001] -- 38th test, time elapsed 1.5204005241394043 -- emperical power so far (from test_start): 1.0
db insert success
tensor(126.9809, device='cuda:0')
(39, 3, 0, 2, 4500, 'chi', 'genrr', 126.98094177246094, 0.0010000000474974513, 1.5111432075500488, '2024-07-17 13:27:00', 4)
pval: [0.001] -- 39th test, time elapsed 1.5111432075500488 -- emperical power so far (from test_start): 1.0
db insert success
tensor(108.0770, device='cuda:0')
(40, 3, 0, 2, 4500, 'chi', 'genrr', 108.07696533203125, 0.0010000000474974513, 1.516937494277954, '2024-07-17 13:27:11', 4)
pval: [0.001] -- 40th test, time elapsed 1.516937494277954 -- emperical power so far (from test_start): 1.0
db insert success
tensor(107.9835, device='cuda:0')
(41, 3, 0, 2, 4500, 'chi', 'genrr', 107.98353576660156, 0.0010000000474974513, 1.5122740268707275, '2024-07-17 13:27:28', 4)
pval: [0.001] -- 41th test, time elapsed 1.5122740268707275 -- emperical power so far (from test_start): 1.0
db insert success
tensor(125.8528, device='cuda:0')
(42, 3, 0, 2, 4500, 'chi', 'genrr', 125.85282135009766, 0.0010000000474974513, 1.5211946964263916, '2024-07-17 13:27:49', 4)
pval: [0.001] -- 42th test, time elapsed 1.5211946964263916 -- emperical power so far (from test_start): 1.0
db insert success
tensor(123.1465, device='cuda:0')
(43, 3, 0, 2, 4500, 'chi', 'genrr', 123.14653015136719, 0.0010000000474974513, 1.5156519412994385, '2024-07-17 13:28:10', 4)
pval: [0.001] -- 43th test, time elapsed 1.5156519412994385 -- emperical power so far (from test_start): 1.0
db insert success
tensor(135.3986, device='cuda:0')
(44, 3, 0, 2, 4500, 'chi', 'genrr', 135.39859008789062, 0.0010000000474974513, 1.5184767246246338, '2024-07-17 13:28:23', 4)
pval: [0.001] -- 44th test, time elapsed 1.5184767246246338 -- emperical power so far (from test_start): 1.0
db insert success
tensor(142.3509, device='cuda:0')
(45, 3, 0, 2, 4500, 'chi', 'genrr', 142.3509063720703, 0.0010000000474974513, 1.5116851329803467, '2024-07-17 13:28:31', 4)
pval: [0.001] -- 45th test, time elapsed 1.5116851329803467 -- emperical power so far (from test_start): 1.0
db insert success
tensor(128.7069, device='cuda:0')
(46, 3, 0, 2, 4500, 'chi', 'genrr', 128.70692443847656, 0.0010000000474974513, 1.5171189308166504, '2024-07-17 13:28:43', 4)
pval: [0.001] -- 46th test, time elapsed 1.5171189308166504 -- emperical power so far (from test_start): 1.0
db insert success
tensor(119.2440, device='cuda:0')
(47, 3, 0, 2, 4500, 'chi', 'genrr', 119.24396514892578, 0.0010000000474974513, 1.5177443027496338, '2024-07-17 13:29:00', 4)
pval: [0.001] -- 47th test, time elapsed 1.5177443027496338 -- emperical power so far (from test_start): 1.0
db insert success
tensor(97.5283, device='cuda:0')
(48, 3, 0, 2, 4500, 'chi', 'genrr', 97.5282974243164, 0.003000000026077032, 1.52164626121521, '2024-07-17 13:29:20', 4)
pval: [0.003] -- 48th test, time elapsed 1.52164626121521 -- emperical power so far (from test_start): 1.0
db insert success
tensor(117.4832, device='cuda:0')
(49, 3, 0, 2, 4500, 'chi', 'genrr', 117.48320007324219, 0.0010000000474974513, 1.5167276859283447, '2024-07-17 13:29:37', 4)
pval: [0.001] -- 49th test, time elapsed 1.5167276859283447 -- emperical power so far (from test_start): 1.0
db insert success
tensor(115.4937, device='cuda:0')
(50, 3, 0, 2, 4500, 'chi', 'genrr', 115.49369812011719, 0.0010000000474974513, 1.5169732570648193, '2024-07-17 13:29:50', 4)
pval: [0.001] -- 50th test, time elapsed 1.5169732570648193 -- emperical power so far (from test_start): 1.0
db insert success
tensor(93.8368, device='cuda:0')
(51, 3, 0, 2, 4500, 'chi', 'genrr', 93.8367919921875, 0.00800000037997961, 1.5140185356140137, '2024-07-17 13:30:08', 4)
pval: [0.008] -- 51th test, time elapsed 1.5140185356140137 -- emperical power so far (from test_start): 1.0
db insert success
tensor(113.4758, device='cuda:0')
(52, 3, 0, 2, 4500, 'chi', 'genrr', 113.475830078125, 0.0010000000474974513, 1.5037786960601807, '2024-07-17 13:30:30', 4)
pval: [0.001] -- 52th test, time elapsed 1.5037786960601807 -- emperical power so far (from test_start): 1.0
db insert success
tensor(105.5335, device='cuda:0')
(53, 3, 0, 2, 4500, 'chi', 'genrr', 105.53350830078125, 0.0010000000474974513, 1.509206771850586, '2024-07-17 13:30:36', 4)
pval: [0.001] -- 53th test, time elapsed 1.509206771850586 -- emperical power so far (from test_start): 1.0
db insert success
tensor(121.4557, device='cuda:0')
(54, 3, 0, 2, 4500, 'chi', 'genrr', 121.45570373535156, 0.0010000000474974513, 1.5064442157745361, '2024-07-17 13:30:45', 4)
pval: [0.001] -- 54th test, time elapsed 1.5064442157745361 -- emperical power so far (from test_start): 1.0
db insert success
tensor(126.8310, device='cuda:0')
(55, 3, 0, 2, 4500, 'chi', 'genrr', 126.83103942871094, 0.0010000000474974513, 1.5087084770202637, '2024-07-17 13:31:06', 4)
pval: [0.001] -- 55th test, time elapsed 1.5087084770202637 -- emperical power so far (from test_start): 1.0
db insert success
tensor(112.3859, device='cuda:0')
(56, 3, 0, 2, 4500, 'chi', 'genrr', 112.38585662841797, 0.0010000000474974513, 1.507707118988037, '2024-07-17 13:31:19', 4)
pval: [0.001] -- 56th test, time elapsed 1.507707118988037 -- emperical power so far (from test_start): 1.0
db insert success
tensor(124.3448, device='cuda:0')
(57, 3, 0, 2, 4500, 'chi', 'genrr', 124.34481048583984, 0.0010000000474974513, 1.5062651634216309, '2024-07-17 13:31:35', 4)
pval: [0.001] -- 57th test, time elapsed 1.5062651634216309 -- emperical power so far (from test_start): 1.0
db insert success
tensor(95.2035, device='cuda:0')
(58, 3, 0, 2, 4500, 'chi', 'genrr', 95.20349884033203, 0.005000000353902578, 1.5049667358398438, '2024-07-17 13:31:50', 4)
pval: [0.005] -- 58th test, time elapsed 1.5049667358398438 -- emperical power so far (from test_start): 1.0
db insert success
tensor(120.9409, device='cuda:0')
(59, 3, 0, 2, 4500, 'chi', 'genrr', 120.94085693359375, 0.0010000000474974513, 1.5014278888702393, '2024-07-17 13:32:11', 4)
pval: [0.001] -- 59th test, time elapsed 1.5014278888702393 -- emperical power so far (from test_start): 1.0
db insert success
tensor(119.4134, device='cuda:0')
(60, 3, 0, 2, 4500, 'chi', 'genrr', 119.41336822509766, 0.0010000000474974513, 1.5113849639892578, '2024-07-17 13:32:21', 4)
pval: [0.001] -- 60th test, time elapsed 1.5113849639892578 -- emperical power so far (from test_start): 1.0
db insert success
tensor(120.6331, device='cuda:0')
(61, 3, 0, 2, 4500, 'chi', 'genrr', 120.63307189941406, 0.0010000000474974513, 1.5045013427734375, '2024-07-17 13:32:34', 4)
pval: [0.001] -- 61th test, time elapsed 1.5045013427734375 -- emperical power so far (from test_start): 1.0
db insert success
tensor(107.5086, device='cuda:0')
(62, 3, 0, 2, 4500, 'chi', 'genrr', 107.50855255126953, 0.0010000000474974513, 1.5097968578338623, '2024-07-17 13:32:52', 4)
pval: [0.001] -- 62th test, time elapsed 1.5097968578338623 -- emperical power so far (from test_start): 1.0
db insert success
tensor(126.9981, device='cuda:0')
(63, 3, 0, 2, 4500, 'chi', 'genrr', 126.9980697631836, 0.0010000000474974513, 1.5059311389923096, '2024-07-17 13:33:08', 4)
pval: [0.001] -- 63th test, time elapsed 1.5059311389923096 -- emperical power so far (from test_start): 1.0
db insert success
tensor(122.3711, device='cuda:0')
(64, 3, 0, 2, 4500, 'chi', 'genrr', 122.37107849121094, 0.0010000000474974513, 1.504427194595337, '2024-07-17 13:33:26', 4)
pval: [0.001] -- 64th test, time elapsed 1.504427194595337 -- emperical power so far (from test_start): 1.0
db insert success
tensor(123.1677, device='cuda:0')
(65, 3, 0, 2, 4500, 'chi', 'genrr', 123.167724609375, 0.0010000000474974513, 1.5048813819885254, '2024-07-17 13:33:43', 4)
pval: [0.001] -- 65th test, time elapsed 1.5048813819885254 -- emperical power so far (from test_start): 1.0
db insert success
tensor(102.7341, device='cuda:0')
(66, 3, 0, 2, 4500, 'chi', 'genrr', 102.73414611816406, 0.003000000026077032, 1.5121753215789795, '2024-07-17 13:33:47', 4)
pval: [0.003] -- 66th test, time elapsed 1.5121753215789795 -- emperical power so far (from test_start): 1.0
db insert success
tensor(116.8620, device='cuda:0')
(67, 3, 0, 2, 4500, 'chi', 'genrr', 116.86198425292969, 0.0010000000474974513, 1.5044288635253906, '2024-07-17 13:34:01', 4)
pval: [0.001] -- 67th test, time elapsed 1.5044288635253906 -- emperical power so far (from test_start): 1.0
db insert success
tensor(119.7566, device='cuda:0')
(68, 3, 0, 2, 4500, 'chi', 'genrr', 119.75656127929688, 0.0010000000474974513, 1.509624719619751, '2024-07-17 13:34:03', 4)
pval: [0.001] -- 68th test, time elapsed 1.509624719619751 -- emperical power so far (from test_start): 1.0
db insert success
tensor(137.6890, device='cuda:0')
(69, 3, 0, 2, 4500, 'chi', 'genrr', 137.68898010253906, 0.0010000000474974513, 1.505162000656128, '2024-07-17 13:34:15', 4)
pval: [0.001] -- 69th test, time elapsed 1.505162000656128 -- emperical power so far (from test_start): 1.0
db insert success
tensor(116.3452, device='cuda:0')
(70, 3, 0, 2, 4500, 'chi', 'genrr', 116.34517669677734, 0.0010000000474974513, 1.50775146484375, '2024-07-17 13:34:19', 4)
pval: [0.001] -- 70th test, time elapsed 1.50775146484375 -- emperical power so far (from test_start): 1.0
db insert success
tensor(104.6988, device='cuda:0')
(71, 3, 0, 2, 4500, 'chi', 'genrr', 104.69879150390625, 0.0010000000474974513, 1.5066673755645752, '2024-07-17 13:34:21', 4)
pval: [0.001] -- 71th test, time elapsed 1.5066673755645752 -- emperical power so far (from test_start): 1.0
db insert success
tensor(119.8197, device='cuda:0')
(72, 3, 0, 2, 4500, 'chi', 'genrr', 119.81965637207031, 0.0010000000474974513, 1.5096135139465332, '2024-07-17 13:34:25', 4)
pval: [0.001] -- 72th test, time elapsed 1.5096135139465332 -- emperical power so far (from test_start): 1.0
db insert success
tensor(118.6211, device='cuda:0')
(73, 3, 0, 2, 4500, 'chi', 'genrr', 118.62113189697266, 0.0010000000474974513, 1.5095174312591553, '2024-07-17 13:34:43', 4)
pval: [0.001] -- 73th test, time elapsed 1.5095174312591553 -- emperical power so far (from test_start): 1.0
db insert success
tensor(128.0363, device='cuda:0')
(74, 3, 0, 2, 4500, 'chi', 'genrr', 128.03628540039062, 0.0010000000474974513, 1.5082008838653564, '2024-07-17 13:34:54', 4)
pval: [0.001] -- 74th test, time elapsed 1.5082008838653564 -- emperical power so far (from test_start): 1.0
db insert success
tensor(131.2983, device='cuda:0')
(75, 3, 0, 2, 4500, 'chi', 'genrr', 131.29833984375, 0.0010000000474974513, 1.5057125091552734, '2024-07-17 13:35:00', 4)
pval: [0.001] -- 75th test, time elapsed 1.5057125091552734 -- emperical power so far (from test_start): 1.0
db insert success
tensor(151.1953, device='cuda:0')
(76, 3, 0, 2, 4500, 'chi', 'genrr', 151.19525146484375, 0.0010000000474974513, 1.5091845989227295, '2024-07-17 13:35:07', 4)
pval: [0.001] -- 76th test, time elapsed 1.5091845989227295 -- emperical power so far (from test_start): 1.0
db insert success
tensor(97.8500, device='cuda:0')
(77, 3, 0, 2, 4500, 'chi', 'genrr', 97.85002136230469, 0.0020000000949949026, 1.5079565048217773, '2024-07-17 13:35:23', 4)
pval: [0.002] -- 77th test, time elapsed 1.5079565048217773 -- emperical power so far (from test_start): 1.0
db insert success
tensor(129.9116, device='cuda:0')
(78, 3, 0, 2, 4500, 'chi', 'genrr', 129.91159057617188, 0.0010000000474974513, 1.509070873260498, '2024-07-17 13:35:27', 4)
pval: [0.001] -- 78th test, time elapsed 1.509070873260498 -- emperical power so far (from test_start): 1.0
db insert success
tensor(141.2265, device='cuda:0')
(79, 3, 0, 2, 4500, 'chi', 'genrr', 141.22647094726562, 0.0010000000474974513, 1.5023622512817383, '2024-07-17 13:35:48', 4)
pval: [0.001] -- 79th test, time elapsed 1.5023622512817383 -- emperical power so far (from test_start): 1.0
db insert success
tensor(127.1753, device='cuda:0')
(80, 3, 0, 2, 4500, 'chi', 'genrr', 127.17530822753906, 0.0010000000474974513, 1.506559133529663, '2024-07-17 13:35:59', 4)
pval: [0.001] -- 80th test, time elapsed 1.506559133529663 -- emperical power so far (from test_start): 1.0
db insert success
tensor(104.2660, device='cuda:0')
(81, 3, 0, 2, 4500, 'chi', 'genrr', 104.26599884033203, 0.0010000000474974513, 1.5062761306762695, '2024-07-17 13:36:11', 4)
pval: [0.001] -- 81th test, time elapsed 1.5062761306762695 -- emperical power so far (from test_start): 1.0
db insert success
tensor(117.7484, device='cuda:0')
(82, 3, 0, 2, 4500, 'chi', 'genrr', 117.74835205078125, 0.0010000000474974513, 1.5064804553985596, '2024-07-17 13:36:18', 4)
pval: [0.001] -- 82th test, time elapsed 1.5064804553985596 -- emperical power so far (from test_start): 1.0
db insert success
tensor(150.9323, device='cuda:0')
(83, 3, 0, 2, 4500, 'chi', 'genrr', 150.9322967529297, 0.0010000000474974513, 1.507209062576294, '2024-07-17 13:36:20', 4)
pval: [0.001] -- 83th test, time elapsed 1.507209062576294 -- emperical power so far (from test_start): 1.0
db insert success
tensor(130.0994, device='cuda:0')
(84, 3, 0, 2, 4500, 'chi', 'genrr', 130.099365234375, 0.0010000000474974513, 1.5084424018859863, '2024-07-17 13:36:32', 4)
pval: [0.001] -- 84th test, time elapsed 1.5084424018859863 -- emperical power so far (from test_start): 1.0
db insert success
tensor(107.1909, device='cuda:0')
(85, 3, 0, 2, 4500, 'chi', 'genrr', 107.19092559814453, 0.0010000000474974513, 1.507765769958496, '2024-07-17 13:36:50', 4)
pval: [0.001] -- 85th test, time elapsed 1.507765769958496 -- emperical power so far (from test_start): 1.0
db insert success
tensor(172.1395, device='cuda:0')
(86, 3, 0, 2, 4500, 'chi', 'genrr', 172.1395263671875, 0.0010000000474974513, 1.510481595993042, '2024-07-17 13:37:03', 4)
pval: [0.001] -- 86th test, time elapsed 1.510481595993042 -- emperical power so far (from test_start): 1.0
db insert success
tensor(132.0056, device='cuda:0')
(87, 3, 0, 2, 4500, 'chi', 'genrr', 132.00563049316406, 0.0010000000474974513, 1.5025315284729004, '2024-07-17 13:37:07', 4)
pval: [0.001] -- 87th test, time elapsed 1.5025315284729004 -- emperical power so far (from test_start): 1.0
db insert success
tensor(108.2992, device='cuda:0')
(88, 3, 0, 2, 4500, 'chi', 'genrr', 108.29922485351562, 0.0010000000474974513, 1.5054163932800293, '2024-07-17 13:37:16', 4)
pval: [0.001] -- 88th test, time elapsed 1.5054163932800293 -- emperical power so far (from test_start): 1.0
db insert success
tensor(141.4063, device='cuda:0')
(89, 3, 0, 2, 4500, 'chi', 'genrr', 141.4063262939453, 0.0010000000474974513, 1.510162115097046, '2024-07-17 13:37:35', 4)
pval: [0.001] -- 89th test, time elapsed 1.510162115097046 -- emperical power so far (from test_start): 1.0
db insert success
tensor(106.3875, device='cuda:0')
(90, 3, 0, 2, 4500, 'chi', 'genrr', 106.38748931884766, 0.0010000000474974513, 1.508162021636963, '2024-07-17 13:37:42', 4)
pval: [0.001] -- 90th test, time elapsed 1.508162021636963 -- emperical power so far (from test_start): 1.0
db insert success
tensor(123.2873, device='cuda:0')
(91, 3, 0, 2, 4500, 'chi', 'genrr', 123.28730010986328, 0.0010000000474974513, 1.5084319114685059, '2024-07-17 13:37:49', 4)
pval: [0.001] -- 91th test, time elapsed 1.5084319114685059 -- emperical power so far (from test_start): 1.0
db insert success
tensor(138.9543, device='cuda:0')
(92, 3, 0, 2, 4500, 'chi', 'genrr', 138.95428466796875, 0.0010000000474974513, 1.5101971626281738, '2024-07-17 13:37:53', 4)
pval: [0.001] -- 92th test, time elapsed 1.5101971626281738 -- emperical power so far (from test_start): 1.0
db insert success
tensor(132.5773, device='cuda:0')
(93, 3, 0, 2, 4500, 'chi', 'genrr', 132.57733154296875, 0.0010000000474974513, 1.5026087760925293, '2024-07-17 13:38:07', 4)
pval: [0.001] -- 93th test, time elapsed 1.5026087760925293 -- emperical power so far (from test_start): 1.0
db insert success
tensor(111.9028, device='cuda:0')
(94, 3, 0, 2, 4500, 'chi', 'genrr', 111.90279388427734, 0.0010000000474974513, 1.5041821002960205, '2024-07-17 13:38:18', 4)
pval: [0.001] -- 94th test, time elapsed 1.5041821002960205 -- emperical power so far (from test_start): 1.0
db insert success
tensor(139.5116, device='cuda:0')
(95, 3, 0, 2, 4500, 'chi', 'genrr', 139.51162719726562, 0.0010000000474974513, 1.5035934448242188, '2024-07-17 13:38:38', 4)
pval: [0.001] -- 95th test, time elapsed 1.5035934448242188 -- emperical power so far (from test_start): 1.0
db insert success
tensor(141.5274, device='cuda:0')
(96, 3, 0, 2, 4500, 'chi', 'genrr', 141.5273895263672, 0.0010000000474974513, 1.5101311206817627, '2024-07-17 13:38:47', 4)
pval: [0.001] -- 96th test, time elapsed 1.5101311206817627 -- emperical power so far (from test_start): 1.0
db insert success
tensor(122.7786, device='cuda:0')
(97, 3, 0, 2, 4500, 'chi', 'genrr', 122.77855682373047, 0.0010000000474974513, 1.5062148571014404, '2024-07-17 13:38:57', 4)
pval: [0.001] -- 97th test, time elapsed 1.5062148571014404 -- emperical power so far (from test_start): 1.0
db insert success
tensor(93.3995, device='cuda:0')
(98, 3, 0, 2, 4500, 'chi', 'genrr', 93.39954376220703, 0.007000000216066837, 1.5040309429168701, '2024-07-17 13:39:07', 4)
pval: [0.007] -- 98th test, time elapsed 1.5040309429168701 -- emperical power so far (from test_start): 1.0
db insert success
tensor(121.4684, device='cuda:0')
(99, 3, 0, 2, 4500, 'chi', 'genrr', 121.4683609008789, 0.0020000000949949026, 1.503361701965332, '2024-07-17 13:39:22', 4)
pval: [0.002] -- 99th test, time elapsed 1.503361701965332 -- emperical power so far (from test_start): 1.0
db insert success
tensor(105.5035, device='cuda:0')
(100, 3, 0, 2, 4500, 'chi', 'genrr', 105.50353240966797, 0.0010000000474974513, 1.5074989795684814, '2024-07-17 13:39:37', 4)
pval: [0.001] -- 100th test, time elapsed 1.5074989795684814 -- emperical power so far (from test_start): 1.0
db insert success
tensor(127.2898, device='cuda:0')
(101, 3, 0, 2, 4500, 'chi', 'genrr', 127.28982543945312, 0.0010000000474974513, 1.5025784969329834, '2024-07-17 13:39:57', 4)
pval: [0.001] -- 101th test, time elapsed 1.5025784969329834 -- emperical power so far (from test_start): 1.0
db insert success
tensor(125.5051, device='cuda:0')
(102, 3, 0, 2, 4500, 'chi', 'genrr', 125.50508880615234, 0.0010000000474974513, 1.512322187423706, '2024-07-17 13:40:10', 4)
pval: [0.001] -- 102th test, time elapsed 1.512322187423706 -- emperical power so far (from test_start): 1.0
db insert success
tensor(122.0618, device='cuda:0')
(103, 3, 0, 2, 4500, 'chi', 'genrr', 122.06184387207031, 0.0010000000474974513, 1.5050060749053955, '2024-07-17 13:40:29', 4)
pval: [0.001] -- 103th test, time elapsed 1.5050060749053955 -- emperical power so far (from test_start): 1.0
db insert success
tensor(110.3030, device='cuda:0')
(104, 3, 0, 2, 4500, 'chi', 'genrr', 110.30299377441406, 0.0010000000474974513, 1.5046188831329346, '2024-07-17 13:40:36', 4)
pval: [0.001] -- 104th test, time elapsed 1.5046188831329346 -- emperical power so far (from test_start): 1.0
db insert success
tensor(110.8008, device='cuda:0')
(105, 3, 0, 2, 4500, 'chi', 'genrr', 110.80078125, 0.0010000000474974513, 1.5056278705596924, '2024-07-17 13:40:40', 4)
pval: [0.001] -- 105th test, time elapsed 1.5056278705596924 -- emperical power so far (from test_start): 1.0
db insert success
tensor(131.7923, device='cuda:0')
(106, 3, 0, 2, 4500, 'chi', 'genrr', 131.79234313964844, 0.0010000000474974513, 1.5088214874267578, '2024-07-17 13:40:52', 4)
pval: [0.001] -- 106th test, time elapsed 1.5088214874267578 -- emperical power so far (from test_start): 1.0
db insert success
tensor(97.7045, device='cuda:0')
(107, 3, 0, 2, 4500, 'chi', 'genrr', 97.70446014404297, 0.006000000052154064, 1.5088579654693604, '2024-07-17 13:40:57', 4)
pval: [0.006] -- 107th test, time elapsed 1.5088579654693604 -- emperical power so far (from test_start): 1.0
db insert success
tensor(96.8794, device='cuda:0')
(108, 3, 0, 2, 4500, 'chi', 'genrr', 96.8793716430664, 0.004000000189989805, 1.508880853652954, '2024-07-17 13:41:05', 4)
pval: [0.004] -- 108th test, time elapsed 1.508880853652954 -- emperical power so far (from test_start): 1.0
db insert success
tensor(100.4722, device='cuda:0')
(109, 3, 0, 2, 4500, 'chi', 'genrr', 100.47219848632812, 0.0020000000949949026, 1.5115101337432861, '2024-07-17 13:41:14', 4)
pval: [0.002] -- 109th test, time elapsed 1.5115101337432861 -- emperical power so far (from test_start): 1.0
db insert success
tensor(128.0638, device='cuda:0')
(110, 3, 0, 2, 4500, 'chi', 'genrr', 128.06382751464844, 0.0010000000474974513, 1.5034666061401367, '2024-07-17 13:41:36', 4)
pval: [0.001] -- 110th test, time elapsed 1.5034666061401367 -- emperical power so far (from test_start): 1.0
db insert success
tensor(131.8000, device='cuda:0')
(111, 3, 0, 2, 4500, 'chi', 'genrr', 131.80001831054688, 0.0010000000474974513, 1.5033504962921143, '2024-07-17 13:41:48', 4)
pval: [0.001] -- 111th test, time elapsed 1.5033504962921143 -- emperical power so far (from test_start): 1.0
db insert success
tensor(144.6693, device='cuda:0')
(112, 3, 0, 2, 4500, 'chi', 'genrr', 144.66925048828125, 0.0010000000474974513, 1.508847713470459, '2024-07-17 13:41:53', 4)
pval: [0.001] -- 112th test, time elapsed 1.508847713470459 -- emperical power so far (from test_start): 1.0
db insert success
tensor(113.5200, device='cuda:0')
(113, 3, 0, 2, 4500, 'chi', 'genrr', 113.52003479003906, 0.0010000000474974513, 1.5060513019561768, '2024-07-17 13:42:07', 4)
pval: [0.001] -- 113th test, time elapsed 1.5060513019561768 -- emperical power so far (from test_start): 1.0
db insert success
tensor(100.5185, device='cuda:0')
(114, 3, 0, 2, 4500, 'chi', 'genrr', 100.51851654052734, 0.0020000000949949026, 1.5088486671447754, '2024-07-17 13:42:25', 4)
pval: [0.002] -- 114th test, time elapsed 1.5088486671447754 -- emperical power so far (from test_start): 1.0
db insert success
tensor(135.3727, device='cuda:0')
(115, 3, 0, 2, 4500, 'chi', 'genrr', 135.37265014648438, 0.0010000000474974513, 1.5082340240478516, '2024-07-17 13:42:45', 4)
pval: [0.001] -- 115th test, time elapsed 1.5082340240478516 -- emperical power so far (from test_start): 1.0
db insert success
tensor(116.3446, device='cuda:0')
(116, 3, 0, 2, 4500, 'chi', 'genrr', 116.34455108642578, 0.0010000000474974513, 1.5061779022216797, '2024-07-17 13:42:48', 4)
pval: [0.001] -- 116th test, time elapsed 1.5061779022216797 -- emperical power so far (from test_start): 1.0
db insert success
tensor(101.6035, device='cuda:0')
(117, 3, 0, 2, 4500, 'chi', 'genrr', 101.60353088378906, 0.0020000000949949026, 1.5052025318145752, '2024-07-17 13:43:10', 4)
pval: [0.002] -- 117th test, time elapsed 1.5052025318145752 -- emperical power so far (from test_start): 1.0
db insert success
tensor(103.5921, device='cuda:0')
(118, 3, 0, 2, 4500, 'chi', 'genrr', 103.59207916259766, 0.0010000000474974513, 1.508702278137207, '2024-07-17 13:43:28', 4)
pval: [0.001] -- 118th test, time elapsed 1.508702278137207 -- emperical power so far (from test_start): 1.0
db insert success
tensor(93.0426, device='cuda:0')
(119, 3, 0, 2, 4500, 'chi', 'genrr', 93.04261779785156, 0.010000000707805157, 1.5075061321258545, '2024-07-17 13:43:50', 4)
pval: [0.01] -- 119th test, time elapsed 1.5075061321258545 -- emperical power so far (from test_start): 1.0
db insert success
tensor(130.6129, device='cuda:0')
(120, 3, 0, 2, 4500, 'chi', 'genrr', 130.61285400390625, 0.0010000000474974513, 1.5068459510803223, '2024-07-17 13:44:08', 4)
pval: [0.001] -- 120th test, time elapsed 1.5068459510803223 -- emperical power so far (from test_start): 1.0
db insert success
tensor(116.6387, device='cuda:0')
(121, 3, 0, 2, 4500, 'chi', 'genrr', 116.63870239257812, 0.0010000000474974513, 1.504387378692627, '2024-07-17 13:44:30', 4)
pval: [0.001] -- 121th test, time elapsed 1.504387378692627 -- emperical power so far (from test_start): 1.0
db insert success
tensor(124.9723, device='cuda:0')
(122, 3, 0, 2, 4500, 'chi', 'genrr', 124.97230529785156, 0.0010000000474974513, 1.5070672035217285, '2024-07-17 13:44:51', 4)
pval: [0.001] -- 122th test, time elapsed 1.5070672035217285 -- emperical power so far (from test_start): 1.0
db insert success
tensor(141.6793, device='cuda:0')
(123, 3, 0, 2, 4500, 'chi', 'genrr', 141.67933654785156, 0.0010000000474974513, 1.505044937133789, '2024-07-17 13:45:01', 4)
pval: [0.001] -- 123th test, time elapsed 1.505044937133789 -- emperical power so far (from test_start): 1.0
db insert success
tensor(164.4821, device='cuda:0')
(124, 3, 0, 2, 4500, 'chi', 'genrr', 164.48208618164062, 0.0010000000474974513, 1.5103726387023926, '2024-07-17 13:45:15', 4)
pval: [0.001] -- 124th test, time elapsed 1.5103726387023926 -- emperical power so far (from test_start): 1.0
db insert success
tensor(113.9257, device='cuda:0')
(125, 3, 0, 2, 4500, 'chi', 'genrr', 113.92573547363281, 0.0010000000474974513, 1.5057201385498047, '2024-07-17 13:45:33', 4)
pval: [0.001] -- 125th test, time elapsed 1.5057201385498047 -- emperical power so far (from test_start): 1.0
db insert success
tensor(99.8422, device='cuda:0')
(126, 3, 0, 2, 4500, 'chi', 'genrr', 99.84223175048828, 0.0020000000949949026, 1.5084354877471924, '2024-07-17 13:45:51', 4)
pval: [0.002] -- 126th test, time elapsed 1.5084354877471924 -- emperical power so far (from test_start): 1.0
db insert success
tensor(121.5042, device='cuda:0')
(127, 3, 0, 2, 4500, 'chi', 'genrr', 121.504150390625, 0.0010000000474974513, 1.502821445465088, '2024-07-17 13:45:56', 4)
pval: [0.001] -- 127th test, time elapsed 1.502821445465088 -- emperical power so far (from test_start): 1.0
db insert success
tensor(130.8673, device='cuda:0')
(128, 3, 0, 2, 4500, 'chi', 'genrr', 130.8672637939453, 0.0010000000474974513, 1.511329174041748, '2024-07-17 13:46:14', 4)
pval: [0.001] -- 128th test, time elapsed 1.511329174041748 -- emperical power so far (from test_start): 1.0
db insert success
tensor(110.3232, device='cuda:0')
(129, 3, 0, 2, 4500, 'chi', 'genrr', 110.32318115234375, 0.0010000000474974513, 1.5085062980651855, '2024-07-17 13:46:28', 4)
pval: [0.001] -- 129th test, time elapsed 1.5085062980651855 -- emperical power so far (from test_start): 1.0
db insert success
tensor(125.0216, device='cuda:0')
(130, 3, 0, 2, 4500, 'chi', 'genrr', 125.02164459228516, 0.0010000000474974513, 1.5094189643859863, '2024-07-17 13:46:37', 4)
pval: [0.001] -- 130th test, time elapsed 1.5094189643859863 -- emperical power so far (from test_start): 1.0
db insert success
tensor(147.7085, device='cuda:0')
(131, 3, 0, 2, 4500, 'chi', 'genrr', 147.7084503173828, 0.0010000000474974513, 1.5053308010101318, '2024-07-17 13:46:46', 4)
pval: [0.001] -- 131th test, time elapsed 1.5053308010101318 -- emperical power so far (from test_start): 1.0
db insert success
tensor(111.5823, device='cuda:0')
(132, 3, 0, 2, 4500, 'chi', 'genrr', 111.5822525024414, 0.0010000000474974513, 1.506702184677124, '2024-07-17 13:46:53', 4)
pval: [0.001] -- 132th test, time elapsed 1.506702184677124 -- emperical power so far (from test_start): 1.0
db insert success
tensor(118.4227, device='cuda:0')
(133, 3, 0, 2, 4500, 'chi', 'genrr', 118.42274475097656, 0.0010000000474974513, 1.5042316913604736, '2024-07-17 13:46:57', 4)
pval: [0.001] -- 133th test, time elapsed 1.5042316913604736 -- emperical power so far (from test_start): 1.0
db insert success
tensor(138.1908, device='cuda:0')
(134, 3, 0, 2, 4500, 'chi', 'genrr', 138.1907501220703, 0.0010000000474974513, 1.5082178115844727, '2024-07-17 13:47:10', 4)
pval: [0.001] -- 134th test, time elapsed 1.5082178115844727 -- emperical power so far (from test_start): 1.0
db insert success
tensor(106.9526, device='cuda:0')
(135, 3, 0, 2, 4500, 'chi', 'genrr', 106.9526138305664, 0.0020000000949949026, 1.5083308219909668, '2024-07-17 13:47:20', 4)
pval: [0.002] -- 135th test, time elapsed 1.5083308219909668 -- emperical power so far (from test_start): 1.0
db insert success
tensor(97.7869, device='cuda:0')
(136, 3, 0, 2, 4500, 'chi', 'genrr', 97.78692626953125, 0.003000000026077032, 1.5069911479949951, '2024-07-17 13:47:38', 4)
pval: [0.003] -- 136th test, time elapsed 1.5069911479949951 -- emperical power so far (from test_start): 1.0
db insert success
tensor(115.5170, device='cuda:0')
(137, 3, 0, 2, 4500, 'chi', 'genrr', 115.5169677734375, 0.0010000000474974513, 1.5086395740509033, '2024-07-17 13:47:54', 4)
pval: [0.001] -- 137th test, time elapsed 1.5086395740509033 -- emperical power so far (from test_start): 1.0
db insert success
tensor(128.2827, device='cuda:0')
(138, 3, 0, 2, 4500, 'chi', 'genrr', 128.28271484375, 0.0010000000474974513, 1.5067768096923828, '2024-07-17 13:48:07', 4)
pval: [0.001] -- 138th test, time elapsed 1.5067768096923828 -- emperical power so far (from test_start): 1.0
db insert success
tensor(122.8426, device='cuda:0')
(139, 3, 0, 2, 4500, 'chi', 'genrr', 122.8425521850586, 0.0010000000474974513, 1.504741907119751, '2024-07-17 13:48:21', 4)
pval: [0.001] -- 139th test, time elapsed 1.504741907119751 -- emperical power so far (from test_start): 1.0
db insert success
tensor(87.4087, device='cuda:0')
(140, 3, 0, 2, 4500, 'chi', 'genrr', 87.40872955322266, 0.03100000135600567, 1.5088458061218262, '2024-07-17 13:48:33', 4)
pval: [0.031] -- 140th test, time elapsed 1.5088458061218262 -- emperical power so far (from test_start): 1.0
db insert success
tensor(129.2001, device='cuda:0')
(141, 3, 0, 2, 4500, 'chi', 'genrr', 129.20010375976562, 0.0010000000474974513, 1.5063824653625488, '2024-07-17 13:48:38', 4)
pval: [0.001] -- 141th test, time elapsed 1.5063824653625488 -- emperical power so far (from test_start): 1.0
db insert success
tensor(97.2125, device='cuda:0')
(142, 3, 0, 2, 4500, 'chi', 'genrr', 97.21245574951172, 0.003000000026077032, 1.5111744403839111, '2024-07-17 13:48:44', 4)
pval: [0.003] -- 142th test, time elapsed 1.5111744403839111 -- emperical power so far (from test_start): 1.0
db insert success
tensor(108.7358, device='cuda:0')
(143, 3, 0, 2, 4500, 'chi', 'genrr', 108.73577880859375, 0.0010000000474974513, 1.506995439529419, '2024-07-17 13:48:47', 4)
pval: [0.001] -- 143th test, time elapsed 1.506995439529419 -- emperical power so far (from test_start): 1.0
db insert success
tensor(125.2896, device='cuda:0')
(144, 3, 0, 2, 4500, 'chi', 'genrr', 125.28963470458984, 0.0010000000474974513, 1.5055742263793945, '2024-07-17 13:48:54', 4)
pval: [0.001] -- 144th test, time elapsed 1.5055742263793945 -- emperical power so far (from test_start): 1.0
db insert success
tensor(100.7254, device='cuda:0')
(145, 3, 0, 2, 4500, 'chi', 'genrr', 100.72543334960938, 0.004000000189989805, 1.5055022239685059, '2024-07-17 13:49:08', 4)
pval: [0.004] -- 145th test, time elapsed 1.5055022239685059 -- emperical power so far (from test_start): 1.0
db insert success
tensor(104.0942, device='cuda:0')
(146, 3, 0, 2, 4500, 'chi', 'genrr', 104.09415435791016, 0.0010000000474974513, 1.5118916034698486, '2024-07-17 13:49:28', 4)
pval: [0.001] -- 146th test, time elapsed 1.5118916034698486 -- emperical power so far (from test_start): 1.0
db insert success
tensor(156.2637, device='cuda:0')
(147, 3, 0, 2, 4500, 'chi', 'genrr', 156.263671875, 0.0010000000474974513, 1.5107002258300781, '2024-07-17 13:49:42', 4)
pval: [0.001] -- 147th test, time elapsed 1.5107002258300781 -- emperical power so far (from test_start): 1.0
db insert success
tensor(156.7238, device='cuda:0')
(148, 3, 0, 2, 4500, 'chi', 'genrr', 156.7238006591797, 0.0010000000474974513, 1.5104165077209473, '2024-07-17 13:50:04', 4)
pval: [0.001] -- 148th test, time elapsed 1.5104165077209473 -- emperical power so far (from test_start): 1.0
db insert success
tensor(125.7725, device='cuda:0')
(149, 3, 0, 2, 4500, 'chi', 'genrr', 125.77249908447266, 0.0010000000474974513, 1.507352352142334, '2024-07-17 13:50:13', 4)
pval: [0.001] -- 149th test, time elapsed 1.507352352142334 -- emperical power so far (from test_start): 1.0
db insert success
tensor(128.4697, device='cuda:0')
(150, 3, 0, 2, 4500, 'chi', 'genrr', 128.46974182128906, 0.0010000000474974513, 1.5128676891326904, '2024-07-17 13:50:35', 4)
pval: [0.001] -- 150th test, time elapsed 1.5128676891326904 -- emperical power so far (from test_start): 1.0
db insert success
tensor(141.1926, device='cuda:0')
(151, 3, 0, 2, 4500, 'chi', 'genrr', 141.19259643554688, 0.0010000000474974513, 1.5083911418914795, '2024-07-17 13:50:48', 4)
pval: [0.001] -- 151th test, time elapsed 1.5083911418914795 -- emperical power so far (from test_start): 1.0
db insert success
tensor(90.5322, device='cuda:0')
(152, 3, 0, 2, 4500, 'chi', 'genrr', 90.5322265625, 0.009000000543892384, 1.5157108306884766, '2024-07-17 13:50:52', 4)
pval: [0.009] -- 152th test, time elapsed 1.5157108306884766 -- emperical power so far (from test_start): 1.0
db insert success
tensor(161.2815, device='cuda:0')
(153, 3, 0, 2, 4500, 'chi', 'genrr', 161.28152465820312, 0.0010000000474974513, 1.5133004188537598, '2024-07-17 13:51:01', 4)
pval: [0.001] -- 153th test, time elapsed 1.5133004188537598 -- emperical power so far (from test_start): 1.0
db insert success
tensor(119.9380, device='cuda:0')
(154, 3, 0, 2, 4500, 'chi', 'genrr', 119.93799591064453, 0.0010000000474974513, 1.510754108428955, '2024-07-17 13:51:07', 4)
pval: [0.001] -- 154th test, time elapsed 1.510754108428955 -- emperical power so far (from test_start): 1.0
db insert success
tensor(99.1982, device='cuda:0')
(155, 3, 0, 2, 4500, 'chi', 'genrr', 99.19819641113281, 0.003000000026077032, 1.5057265758514404, '2024-07-17 13:51:16', 4)
pval: [0.003] -- 155th test, time elapsed 1.5057265758514404 -- emperical power so far (from test_start): 1.0
db insert success
tensor(119.2414, device='cuda:0')
(156, 3, 0, 2, 4500, 'chi', 'genrr', 119.24139404296875, 0.0010000000474974513, 1.5125017166137695, '2024-07-17 13:51:22', 4)
pval: [0.001] -- 156th test, time elapsed 1.5125017166137695 -- emperical power so far (from test_start): 1.0
db insert success
tensor(107.3957, device='cuda:0')
(157, 3, 0, 2, 4500, 'chi', 'genrr', 107.39571380615234, 0.0010000000474974513, 1.5063962936401367, '2024-07-17 13:51:39', 4)
pval: [0.001] -- 157th test, time elapsed 1.5063962936401367 -- emperical power so far (from test_start): 1.0
db insert success
tensor(111.3186, device='cuda:0')
(158, 3, 0, 2, 4500, 'chi', 'genrr', 111.31859588623047, 0.0010000000474974513, 1.5103394985198975, '2024-07-17 13:51:50', 4)
pval: [0.001] -- 158th test, time elapsed 1.5103394985198975 -- emperical power so far (from test_start): 1.0
db insert success
tensor(152.6348, device='cuda:0')
(159, 3, 0, 2, 4500, 'chi', 'genrr', 152.634765625, 0.0010000000474974513, 1.5097713470458984, '2024-07-17 13:52:09', 4)
pval: [0.001] -- 159th test, time elapsed 1.5097713470458984 -- emperical power so far (from test_start): 1.0
db insert success
tensor(135.0040, device='cuda:0')
(160, 3, 0, 2, 4500, 'chi', 'genrr', 135.0040283203125, 0.0010000000474974513, 1.5076639652252197, '2024-07-17 13:52:25', 4)
pval: [0.001] -- 160th test, time elapsed 1.5076639652252197 -- emperical power so far (from test_start): 1.0
db insert success
tensor(131.0665, device='cuda:0')
(161, 3, 0, 2, 4500, 'chi', 'genrr', 131.06649780273438, 0.0010000000474974513, 1.508159875869751, '2024-07-17 13:52:43', 4)
pval: [0.001] -- 161th test, time elapsed 1.508159875869751 -- emperical power so far (from test_start): 1.0
db insert success
tensor(123.4868, device='cuda:0')
(162, 3, 0, 2, 4500, 'chi', 'genrr', 123.48681640625, 0.0010000000474974513, 1.5088632106781006, '2024-07-17 13:52:59', 4)
pval: [0.001] -- 162th test, time elapsed 1.5088632106781006 -- emperical power so far (from test_start): 1.0
db insert success
tensor(114.6810, device='cuda:0')
(163, 3, 0, 2, 4500, 'chi', 'genrr', 114.68104553222656, 0.0010000000474974513, 1.5109095573425293, '2024-07-17 13:53:14', 4)
pval: [0.001] -- 163th test, time elapsed 1.5109095573425293 -- emperical power so far (from test_start): 1.0
db insert success
tensor(131.6575, device='cuda:0')
(164, 3, 0, 2, 4500, 'chi', 'genrr', 131.65748596191406, 0.0010000000474974513, 1.5123777389526367, '2024-07-17 13:53:16', 4)
pval: [0.001] -- 164th test, time elapsed 1.5123777389526367 -- emperical power so far (from test_start): 1.0
db insert success
tensor(127.8417, device='cuda:0')
(165, 3, 0, 2, 4500, 'chi', 'genrr', 127.84165954589844, 0.0010000000474974513, 1.5079400539398193, '2024-07-17 13:53:35', 4)
pval: [0.001] -- 165th test, time elapsed 1.5079400539398193 -- emperical power so far (from test_start): 1.0
db insert success
tensor(128.9052, device='cuda:0')
(166, 3, 0, 2, 4500, 'chi', 'genrr', 128.9052276611328, 0.0010000000474974513, 1.5079176425933838, '2024-07-17 13:53:50', 4)
pval: [0.001] -- 166th test, time elapsed 1.5079176425933838 -- emperical power so far (from test_start): 1.0
db insert success
tensor(158.9103, device='cuda:0')
(167, 3, 0, 2, 4500, 'chi', 'genrr', 158.9103240966797, 0.0010000000474974513, 1.5086424350738525, '2024-07-17 13:54:11', 4)
pval: [0.001] -- 167th test, time elapsed 1.5086424350738525 -- emperical power so far (from test_start): 1.0
db insert success
tensor(114.6038, device='cuda:0')
(168, 3, 0, 2, 4500, 'chi', 'genrr', 114.60382080078125, 0.0010000000474974513, 1.507582664489746, '2024-07-17 13:54:29', 4)
pval: [0.001] -- 168th test, time elapsed 1.507582664489746 -- emperical power so far (from test_start): 1.0
db insert success
tensor(120.1380, device='cuda:0')
(169, 3, 0, 2, 4500, 'chi', 'genrr', 120.13800048828125, 0.0010000000474974513, 1.5092008113861084, '2024-07-17 13:54:39', 4)
pval: [0.001] -- 169th test, time elapsed 1.5092008113861084 -- emperical power so far (from test_start): 1.0
db insert success
tensor(119.5397, device='cuda:0')
(170, 3, 0, 2, 4500, 'chi', 'genrr', 119.53968811035156, 0.0010000000474974513, 1.5090150833129883, '2024-07-17 13:54:59', 4)
pval: [0.001] -- 170th test, time elapsed 1.5090150833129883 -- emperical power so far (from test_start): 1.0
db insert success
tensor(120.2960, device='cuda:0')
(171, 3, 0, 2, 4500, 'chi', 'genrr', 120.29602813720703, 0.0010000000474974513, 1.5076839923858643, '2024-07-17 13:55:08', 4)
pval: [0.001] -- 171th test, time elapsed 1.5076839923858643 -- emperical power so far (from test_start): 1.0
db insert success
tensor(132.4034, device='cuda:0')
(172, 3, 0, 2, 4500, 'chi', 'genrr', 132.40338134765625, 0.0010000000474974513, 1.5079855918884277, '2024-07-17 13:55:29', 4)
pval: [0.001] -- 172th test, time elapsed 1.5079855918884277 -- emperical power so far (from test_start): 1.0
db insert success
tensor(145.2088, device='cuda:0')
(173, 3, 0, 2, 4500, 'chi', 'genrr', 145.20883178710938, 0.0010000000474974513, 1.511115550994873, '2024-07-17 13:55:32', 4)
pval: [0.001] -- 173th test, time elapsed 1.511115550994873 -- emperical power so far (from test_start): 1.0
db insert success
tensor(135.9508, device='cuda:0')
(174, 3, 0, 2, 4500, 'chi', 'genrr', 135.95082092285156, 0.0010000000474974513, 1.5144977569580078, '2024-07-17 13:55:43', 4)
pval: [0.001] -- 174th test, time elapsed 1.5144977569580078 -- emperical power so far (from test_start): 1.0
db insert success
tensor(149.1333, device='cuda:0')
(175, 3, 0, 2, 4500, 'chi', 'genrr', 149.13330078125, 0.0010000000474974513, 1.5093302726745605, '2024-07-17 13:55:49', 4)
pval: [0.001] -- 175th test, time elapsed 1.5093302726745605 -- emperical power so far (from test_start): 1.0
db insert success
tensor(116.5869, device='cuda:0')
(176, 3, 0, 2, 4500, 'chi', 'genrr', 116.58694458007812, 0.0010000000474974513, 1.5058557987213135, '2024-07-17 13:56:00', 4)
pval: [0.001] -- 176th test, time elapsed 1.5058557987213135 -- emperical power so far (from test_start): 1.0
db insert success
tensor(101.2862, device='cuda:0')
(177, 3, 0, 2, 4500, 'chi', 'genrr', 101.28623962402344, 0.003000000026077032, 1.5076022148132324, '2024-07-17 13:56:15', 4)
pval: [0.003] -- 177th test, time elapsed 1.5076022148132324 -- emperical power so far (from test_start): 1.0
db insert success
tensor(155.8445, device='cuda:0')
(178, 3, 0, 2, 4500, 'chi', 'genrr', 155.8445281982422, 0.0010000000474974513, 1.5113961696624756, '2024-07-17 13:56:35', 4)
pval: [0.001] -- 178th test, time elapsed 1.5113961696624756 -- emperical power so far (from test_start): 1.0
db insert success
tensor(96.8595, device='cuda:0')
(179, 3, 0, 2, 4500, 'chi', 'genrr', 96.85945892333984, 0.003000000026077032, 1.5091068744659424, '2024-07-17 13:56:51', 4)
pval: [0.003] -- 179th test, time elapsed 1.5091068744659424 -- emperical power so far (from test_start): 1.0
db insert success
tensor(156.1899, device='cuda:0')
(180, 3, 0, 2, 4500, 'chi', 'genrr', 156.1898956298828, 0.0010000000474974513, 1.5163540840148926, '2024-07-17 13:57:12', 4)
pval: [0.001] -- 180th test, time elapsed 1.5163540840148926 -- emperical power so far (from test_start): 1.0
db insert success
tensor(127.2019, device='cuda:0')
(181, 3, 0, 2, 4500, 'chi', 'genrr', 127.20186614990234, 0.0010000000474974513, 1.5061354637145996, '2024-07-17 13:57:31', 4)
pval: [0.001] -- 181th test, time elapsed 1.5061354637145996 -- emperical power so far (from test_start): 1.0
db insert success
tensor(121.7490, device='cuda:0')
(182, 3, 0, 2, 4500, 'chi', 'genrr', 121.74898529052734, 0.0010000000474974513, 1.5059566497802734, '2024-07-17 13:57:46', 4)
pval: [0.001] -- 182th test, time elapsed 1.5059566497802734 -- emperical power so far (from test_start): 1.0
db insert success
tensor(83.3386, device='cuda:0')
(183, 3, 0, 2, 4500, 'chi', 'genrr', 83.33863830566406, 0.0430000014603138, 1.5030605792999268, '2024-07-17 13:58:02', 4)
pval: [0.043] -- 183th test, time elapsed 1.5030605792999268 -- emperical power so far (from test_start): 1.0
db insert success
tensor(142.4375, device='cuda:0')
(184, 3, 0, 2, 4500, 'chi', 'genrr', 142.4375457763672, 0.0010000000474974513, 1.5071792602539062, '2024-07-17 13:58:18', 4)
pval: [0.001] -- 184th test, time elapsed 1.5071792602539062 -- emperical power so far (from test_start): 1.0
db insert success
tensor(98.6699, device='cuda:0')
(185, 3, 0, 2, 4500, 'chi', 'genrr', 98.66993713378906, 0.004000000189989805, 1.5050528049468994, '2024-07-17 13:58:36', 4)
pval: [0.004] -- 185th test, time elapsed 1.5050528049468994 -- emperical power so far (from test_start): 1.0
db insert success
tensor(114.9671, device='cuda:0')
(186, 3, 0, 2, 4500, 'chi', 'genrr', 114.96707153320312, 0.0010000000474974513, 1.5076594352722168, '2024-07-17 13:58:49', 4)
pval: [0.001] -- 186th test, time elapsed 1.5076594352722168 -- emperical power so far (from test_start): 1.0
db insert success
tensor(123.3592, device='cuda:0')
(187, 3, 0, 2, 4500, 'chi', 'genrr', 123.3591537475586, 0.0010000000474974513, 1.5093700885772705, '2024-07-17 13:59:04', 4)
pval: [0.001] -- 187th test, time elapsed 1.5093700885772705 -- emperical power so far (from test_start): 1.0
db insert success
tensor(104.4292, device='cuda:0')
(188, 3, 0, 2, 4500, 'chi', 'genrr', 104.42922973632812, 0.0020000000949949026, 1.5081894397735596, '2024-07-17 13:59:13', 4)
pval: [0.002] -- 188th test, time elapsed 1.5081894397735596 -- emperical power so far (from test_start): 1.0
db insert success
tensor(98.3229, device='cuda:0')
(189, 3, 0, 2, 4500, 'chi', 'genrr', 98.32289123535156, 0.00800000037997961, 1.504988193511963, '2024-07-17 13:59:20', 4)
pval: [0.008] -- 189th test, time elapsed 1.504988193511963 -- emperical power so far (from test_start): 1.0
db insert success
tensor(113.1801, device='cuda:0')
(190, 3, 0, 2, 4500, 'chi', 'genrr', 113.18008422851562, 0.0010000000474974513, 1.5044238567352295, '2024-07-17 13:59:34', 4)
pval: [0.001] -- 190th test, time elapsed 1.5044238567352295 -- emperical power so far (from test_start): 1.0
db insert success
tensor(157.2822, device='cuda:0')
(191, 3, 0, 2, 4500, 'chi', 'genrr', 157.2821502685547, 0.0010000000474974513, 1.5105745792388916, '2024-07-17 13:59:56', 4)
pval: [0.001] -- 191th test, time elapsed 1.5105745792388916 -- emperical power so far (from test_start): 1.0
db insert success
tensor(148.8770, device='cuda:0')
(192, 3, 0, 2, 4500, 'chi', 'genrr', 148.8769989013672, 0.0010000000474974513, 1.5124359130859375, '2024-07-17 14:00:07', 4)
pval: [0.001] -- 192th test, time elapsed 1.5124359130859375 -- emperical power so far (from test_start): 1.0
db insert success
tensor(109.5680, device='cuda:0')
(193, 3, 0, 2, 4500, 'chi', 'genrr', 109.5679702758789, 0.0010000000474974513, 1.5027482509613037, '2024-07-17 14:00:17', 4)
pval: [0.001] -- 193th test, time elapsed 1.5027482509613037 -- emperical power so far (from test_start): 1.0
db insert success
tensor(80.7194, device='cuda:0')
(194, 3, 0, 2, 4500, 'chi', 'genrr', 80.71942138671875, 0.05100000277161598, 1.5093908309936523, '2024-07-17 14:00:25', 4)
pval: [0.051] -- 194th test, time elapsed 1.5093908309936523 -- emperical power so far (from test_start): 0.9948453608247423
db insert success
tensor(102.9792, device='cuda:0')
(195, 3, 0, 2, 4500, 'chi', 'genrr', 102.97923278808594, 0.0010000000474974513, 1.5075757503509521, '2024-07-17 14:00:46', 4)
pval: [0.001] -- 195th test, time elapsed 1.5075757503509521 -- emperical power so far (from test_start): 0.9948717948717949
db insert success
tensor(129.8072, device='cuda:0')
(196, 3, 0, 2, 4500, 'chi', 'genrr', 129.8072052001953, 0.0010000000474974513, 1.5095603466033936, '2024-07-17 14:00:51', 4)
pval: [0.001] -- 196th test, time elapsed 1.5095603466033936 -- emperical power so far (from test_start): 0.9948979591836735
db insert success
tensor(140.6254, device='cuda:0')
(197, 3, 0, 2, 4500, 'chi', 'genrr', 140.62539672851562, 0.0010000000474974513, 1.5048906803131104, '2024-07-17 14:01:12', 4)
pval: [0.001] -- 197th test, time elapsed 1.5048906803131104 -- emperical power so far (from test_start): 0.9949238578680203
db insert success
tensor(112.0639, device='cuda:0')
(198, 3, 0, 2, 4500, 'chi', 'genrr', 112.06391906738281, 0.0010000000474974513, 1.513359785079956, '2024-07-17 14:01:28', 4)
pval: [0.001] -- 198th test, time elapsed 1.513359785079956 -- emperical power so far (from test_start): 0.9949494949494949
db insert success
tensor(113.7840, device='cuda:0')
(199, 3, 0, 2, 4500, 'chi', 'genrr', 113.78395080566406, 0.0010000000474974513, 1.5062575340270996, '2024-07-17 14:01:49', 4)
pval: [0.001] -- 199th test, time elapsed 1.5062575340270996 -- emperical power so far (from test_start): 0.9949748743718593
db insert success
tensor(146.4593, device='cuda:0')
(200, 3, 0, 2, 4500, 'chi', 'genrr', 146.4592742919922, 0.0010000000474974513, 1.5103759765625, '2024-07-17 14:01:53', 4)
pval: [0.001] -- 200th test, time elapsed 1.5103759765625 -- emperical power so far (from test_start): 0.995
db insert success
2615.603855371475
