lapuelltwo, alpha=0.5, sample size=7000
#########################################
tensor(2.0024, device='cuda:0')
(1, 3, 0, 0.5, 7000, 'elltwo', 'lapu', 2.0023579597473145, 0.34300002455711365, 3.859758138656616, '2024-07-15 00:53:46', 4)
pval: [0.34300002] -- 1th test, time elapsed 3.859758138656616 -- emperical power so far (from test_start): 0.0
db insert success
tensor(-1.2004, device='cuda:0')
(2, 3, 0, 0.5, 7000, 'elltwo', 'lapu', -1.2004070281982422, 0.5830000042915344, 3.859912872314453, '2024-07-15 00:54:06', 4)
pval: [0.583] -- 2th test, time elapsed 3.859912872314453 -- emperical power so far (from test_start): 0.0
db insert success
tensor(-3.6576, device='cuda:0')
(3, 3, 0, 0.5, 7000, 'elltwo', 'lapu', -3.657595634460449, 0.690000057220459, 3.840667724609375, '2024-07-15 00:54:27', 4)
pval: [0.69000006] -- 3th test, time elapsed 3.840667724609375 -- emperical power so far (from test_start): 0.0
db insert success
tensor(11.6420, device='cuda:0')
(4, 3, 0, 0.5, 7000, 'elltwo', 'lapu', 11.64196491241455, 0.049000002443790436, 3.810842990875244, '2024-07-15 00:54:46', 4)
pval: [0.049] -- 4th test, time elapsed 3.810842990875244 -- emperical power so far (from test_start): 0.25
db insert success
tensor(10.7429, device='cuda:0')
(5, 3, 0, 0.5, 7000, 'elltwo', 'lapu', 10.742931365966797, 0.07600000500679016, 3.822955369949341, '2024-07-15 00:55:00', 4)
pval: [0.07600001] -- 5th test, time elapsed 3.822955369949341 -- emperical power so far (from test_start): 0.2
db insert success
tensor(9.3820, device='cuda:0')
(6, 3, 0, 0.5, 7000, 'elltwo', 'lapu', 9.382047653198242, 0.09800000488758087, 3.8289647102355957, '2024-07-15 00:55:06', 4)
pval: [0.098] -- 6th test, time elapsed 3.8289647102355957 -- emperical power so far (from test_start): 0.16666666666666666
db insert success
tensor(10.8717, device='cuda:0')
(7, 3, 0, 0.5, 7000, 'elltwo', 'lapu', 10.87169075012207, 0.058000002056360245, 3.81253719329834, '2024-07-15 00:55:27', 4)
pval: [0.058] -- 7th test, time elapsed 3.81253719329834 -- emperical power so far (from test_start): 0.14285714285714285
db insert success
tensor(3.1116, device='cuda:0')
(8, 3, 0, 0.5, 7000, 'elltwo', 'lapu', 3.1115713119506836, 0.32100000977516174, 3.8131401538848877, '2024-07-15 00:55:35', 4)
pval: [0.32100001] -- 8th test, time elapsed 3.8131401538848877 -- emperical power so far (from test_start): 0.125
db insert success
tensor(11.4742, device='cuda:0')
(9, 3, 0, 0.5, 7000, 'elltwo', 'lapu', 11.474188804626465, 0.06000000238418579, 3.823974847793579, '2024-07-15 00:55:58', 4)
pval: [0.06] -- 9th test, time elapsed 3.823974847793579 -- emperical power so far (from test_start): 0.1111111111111111
db insert success
tensor(11.4833, device='cuda:0')
(10, 3, 0, 0.5, 7000, 'elltwo', 'lapu', 11.483272552490234, 0.05100000277161598, 3.814204692840576, '2024-07-15 00:56:12', 4)
pval: [0.051] -- 10th test, time elapsed 3.814204692840576 -- emperical power so far (from test_start): 0.1
db insert success
tensor(1.8897, device='cuda:0')
(11, 3, 0, 0.5, 7000, 'elltwo', 'lapu', 1.8896641731262207, 0.3970000147819519, 3.815730094909668, '2024-07-15 00:56:35', 4)
pval: [0.39700001] -- 11th test, time elapsed 3.815730094909668 -- emperical power so far (from test_start): 0.09090909090909091
db insert success
tensor(8.1230, device='cuda:0')
(12, 3, 0, 0.5, 7000, 'elltwo', 'lapu', 8.123022079467773, 0.1290000081062317, 3.816830635070801, '2024-07-15 00:56:44', 4)
pval: [0.12900001] -- 12th test, time elapsed 3.816830635070801 -- emperical power so far (from test_start): 0.08333333333333333
db insert success
tensor(7.4692, device='cuda:0')
(13, 3, 0, 0.5, 7000, 'elltwo', 'lapu', 7.469213008880615, 0.1420000046491623, 3.810114860534668, '2024-07-15 00:57:00', 4)
pval: [0.142] -- 13th test, time elapsed 3.810114860534668 -- emperical power so far (from test_start): 0.07692307692307693
db insert success
tensor(13.5224, device='cuda:0')
(14, 3, 0, 0.5, 7000, 'elltwo', 'lapu', 13.522445678710938, 0.04200000315904617, 3.8178229331970215, '2024-07-15 00:57:21', 4)
pval: [0.042] -- 14th test, time elapsed 3.8178229331970215 -- emperical power so far (from test_start): 0.14285714285714285
db insert success
tensor(2.0605, device='cuda:0')
(15, 3, 0, 0.5, 7000, 'elltwo', 'lapu', 2.0604777336120605, 0.36100003123283386, 3.8181073665618896, '2024-07-15 00:57:38', 4)
pval: [0.36100003] -- 15th test, time elapsed 3.8181073665618896 -- emperical power so far (from test_start): 0.13333333333333333
db insert success
tensor(3.5991, device='cuda:0')
(16, 3, 0, 0.5, 7000, 'elltwo', 'lapu', 3.5991411209106445, 0.2670000195503235, 3.810771942138672, '2024-07-15 00:57:55', 4)
pval: [0.26700002] -- 16th test, time elapsed 3.810771942138672 -- emperical power so far (from test_start): 0.125
db insert success
tensor(1.8451, device='cuda:0')
(17, 3, 0, 0.5, 7000, 'elltwo', 'lapu', 1.845102310180664, 0.37300002574920654, 3.8086817264556885, '2024-07-15 00:58:02', 4)
pval: [0.37300003] -- 17th test, time elapsed 3.8086817264556885 -- emperical power so far (from test_start): 0.11764705882352941
db insert success
tensor(-17.5389, device='cuda:0')
(18, 3, 0, 0.5, 7000, 'elltwo', 'lapu', -17.53887939453125, 0.999000072479248, 3.8073410987854004, '2024-07-15 00:58:19', 4)
pval: [0.99900007] -- 18th test, time elapsed 3.8073410987854004 -- emperical power so far (from test_start): 0.1111111111111111
db insert success
tensor(5.5243, device='cuda:0')
(19, 3, 0, 0.5, 7000, 'elltwo', 'lapu', 5.524301052093506, 0.19100001454353333, 3.805004119873047, '2024-07-15 00:58:33', 4)
pval: [0.19100001] -- 19th test, time elapsed 3.805004119873047 -- emperical power so far (from test_start): 0.10526315789473684
db insert success
tensor(6.6495, device='cuda:0')
(20, 3, 0, 0.5, 7000, 'elltwo', 'lapu', 6.649481773376465, 0.1550000011920929, 3.806347608566284, '2024-07-15 00:58:45', 4)
pval: [0.155] -- 20th test, time elapsed 3.806347608566284 -- emperical power so far (from test_start): 0.1
db insert success
tensor(6.2237, device='cuda:0')
(21, 3, 0, 0.5, 7000, 'elltwo', 'lapu', 6.223718643188477, 0.16500000655651093, 3.810793876647949, '2024-07-15 00:59:07', 4)
pval: [0.16500001] -- 21th test, time elapsed 3.810793876647949 -- emperical power so far (from test_start): 0.09523809523809523
db insert success
tensor(-0.1757, device='cuda:0')
(22, 3, 0, 0.5, 7000, 'elltwo', 'lapu', -0.17572498321533203, 0.5040000081062317, 3.8098084926605225, '2024-07-15 00:59:18', 4)
pval: [0.50400001] -- 22th test, time elapsed 3.8098084926605225 -- emperical power so far (from test_start): 0.09090909090909091
db insert success
tensor(5.1661, device='cuda:0')
(23, 3, 0, 0.5, 7000, 'elltwo', 'lapu', 5.166147232055664, 0.20900000631809235, 3.814814805984497, '2024-07-15 00:59:28', 4)
pval: [0.20900001] -- 23th test, time elapsed 3.814814805984497 -- emperical power so far (from test_start): 0.08695652173913043
db insert success
tensor(15.1003, device='cuda:0')
(24, 3, 0, 0.5, 7000, 'elltwo', 'lapu', 15.100347518920898, 0.017000000923871994, 3.8295745849609375, '2024-07-15 00:59:46', 4)
pval: [0.017] -- 24th test, time elapsed 3.8295745849609375 -- emperical power so far (from test_start): 0.125
db insert success
tensor(0.9986, device='cuda:0')
(25, 3, 0, 0.5, 7000, 'elltwo', 'lapu', 0.9985849857330322, 0.40400001406669617, 3.8130180835723877, '2024-07-15 01:00:01', 4)
pval: [0.40400001] -- 25th test, time elapsed 3.8130180835723877 -- emperical power so far (from test_start): 0.12
db insert success
tensor(4.9031, device='cuda:0')
(26, 3, 0, 0.5, 7000, 'elltwo', 'lapu', 4.903052806854248, 0.20800000429153442, 3.818187713623047, '2024-07-15 01:00:14', 4)
pval: [0.208] -- 26th test, time elapsed 3.818187713623047 -- emperical power so far (from test_start): 0.11538461538461539
db insert success
tensor(13.7790, device='cuda:0')
(27, 3, 0, 0.5, 7000, 'elltwo', 'lapu', 13.779008865356445, 0.027000000700354576, 3.816246509552002, '2024-07-15 01:00:33', 4)
pval: [0.027] -- 27th test, time elapsed 3.816246509552002 -- emperical power so far (from test_start): 0.14814814814814814
db insert success
tensor(-5.3633, device='cuda:0')
(28, 3, 0, 0.5, 7000, 'elltwo', 'lapu', -5.363327503204346, 0.7870000600814819, 3.802628755569458, '2024-07-15 01:00:54', 4)
pval: [0.78700006] -- 28th test, time elapsed 3.802628755569458 -- emperical power so far (from test_start): 0.14285714285714285
db insert success
tensor(-1.3737, device='cuda:0')
(29, 3, 0, 0.5, 7000, 'elltwo', 'lapu', -1.3736947774887085, 0.5490000247955322, 3.809621572494507, '2024-07-15 01:01:09', 4)
pval: [0.54900002] -- 29th test, time elapsed 3.809621572494507 -- emperical power so far (from test_start): 0.13793103448275862
db insert success
tensor(7.0433, device='cuda:0')
(30, 3, 0, 0.5, 7000, 'elltwo', 'lapu', 7.043254852294922, 0.1510000079870224, 3.8048484325408936, '2024-07-15 01:01:19', 4)
pval: [0.15100001] -- 30th test, time elapsed 3.8048484325408936 -- emperical power so far (from test_start): 0.13333333333333333
db insert success
tensor(1.9987, device='cuda:0')
(31, 3, 0, 0.5, 7000, 'elltwo', 'lapu', 1.9986915588378906, 0.35100001096725464, 3.8086888790130615, '2024-07-15 01:01:31', 4)
pval: [0.35100001] -- 31th test, time elapsed 3.8086888790130615 -- emperical power so far (from test_start): 0.12903225806451613
db insert success
tensor(10.3643, device='cuda:0')
(32, 3, 0, 0.5, 7000, 'elltwo', 'lapu', 10.364336967468262, 0.06800000369548798, 3.8108456134796143, '2024-07-15 01:01:49', 4)
pval: [0.068] -- 32th test, time elapsed 3.8108456134796143 -- emperical power so far (from test_start): 0.125
db insert success
tensor(1.7346, device='cuda:0')
(33, 3, 0, 0.5, 7000, 'elltwo', 'lapu', 1.7346343994140625, 0.3720000088214874, 3.799992084503174, '2024-07-15 01:02:02', 4)
pval: [0.37200001] -- 33th test, time elapsed 3.799992084503174 -- emperical power so far (from test_start): 0.12121212121212122
db insert success
tensor(6.6630, device='cuda:0')
(34, 3, 0, 0.5, 7000, 'elltwo', 'lapu', 6.663039684295654, 0.1730000078678131, 3.802067518234253, '2024-07-15 01:02:08', 4)
pval: [0.17300001] -- 34th test, time elapsed 3.802067518234253 -- emperical power so far (from test_start): 0.11764705882352941
db insert success
tensor(29.7784, device='cuda:0')
(35, 3, 0, 0.5, 7000, 'elltwo', 'lapu', 29.778396606445312, 0.0010000000474974513, 3.8069374561309814, '2024-07-15 01:02:17', 4)
pval: [0.001] -- 35th test, time elapsed 3.8069374561309814 -- emperical power so far (from test_start): 0.14285714285714285
db insert success
tensor(1.0616, device='cuda:0')
(36, 3, 0, 0.5, 7000, 'elltwo', 'lapu', 1.0615556240081787, 0.42500001192092896, 3.806065559387207, '2024-07-15 01:02:28', 4)
pval: [0.42500001] -- 36th test, time elapsed 3.806065559387207 -- emperical power so far (from test_start): 0.1388888888888889
db insert success
tensor(-0.8898, device='cuda:0')
(37, 3, 0, 0.5, 7000, 'elltwo', 'lapu', -0.8897981643676758, 0.5360000133514404, 3.8024673461914062, '2024-07-15 01:02:41', 4)
pval: [0.53600001] -- 37th test, time elapsed 3.8024673461914062 -- emperical power so far (from test_start): 0.13513513513513514
db insert success
tensor(2.3802, device='cuda:0')
(38, 3, 0, 0.5, 7000, 'elltwo', 'lapu', 2.3801770210266113, 0.3540000021457672, 3.808314085006714, '2024-07-15 01:02:50', 4)
pval: [0.354] -- 38th test, time elapsed 3.808314085006714 -- emperical power so far (from test_start): 0.13157894736842105
db insert success
tensor(23.2461, device='cuda:0')
(39, 3, 0, 0.5, 7000, 'elltwo', 'lapu', 23.246051788330078, 0.007000000216066837, 3.8094353675842285, '2024-07-15 01:02:59', 4)
pval: [0.007] -- 39th test, time elapsed 3.8094353675842285 -- emperical power so far (from test_start): 0.15384615384615385
db insert success
tensor(5.7251, device='cuda:0')
(40, 3, 0, 0.5, 7000, 'elltwo', 'lapu', 5.72514533996582, 0.18900001049041748, 3.8075008392333984, '2024-07-15 01:03:23', 4)
pval: [0.18900001] -- 40th test, time elapsed 3.8075008392333984 -- emperical power so far (from test_start): 0.15
db insert success
tensor(7.8360, device='cuda:0')
(41, 3, 0, 0.5, 7000, 'elltwo', 'lapu', 7.835955619812012, 0.11800000816583633, 3.811678647994995, '2024-07-15 01:03:45', 4)
pval: [0.11800001] -- 41th test, time elapsed 3.811678647994995 -- emperical power so far (from test_start): 0.14634146341463414
db insert success
tensor(20.5119, device='cuda:0')
(42, 3, 0, 0.5, 7000, 'elltwo', 'lapu', 20.511943817138672, 0.0020000000949949026, 3.808723211288452, '2024-07-15 01:03:53', 4)
pval: [0.002] -- 42th test, time elapsed 3.808723211288452 -- emperical power so far (from test_start): 0.16666666666666666
db insert success
tensor(4.1377, device='cuda:0')
(43, 3, 0, 0.5, 7000, 'elltwo', 'lapu', 4.137748718261719, 0.27000001072883606, 3.8071727752685547, '2024-07-15 01:04:13', 4)
pval: [0.27000001] -- 43th test, time elapsed 3.8071727752685547 -- emperical power so far (from test_start): 0.16279069767441862
db insert success
tensor(8.9819, device='cuda:0')
(44, 3, 0, 0.5, 7000, 'elltwo', 'lapu', 8.981882095336914, 0.10000000149011612, 3.8147199153900146, '2024-07-15 01:04:27', 4)
pval: [0.1] -- 44th test, time elapsed 3.8147199153900146 -- emperical power so far (from test_start): 0.1590909090909091
db insert success
tensor(10.2288, device='cuda:0')
(45, 3, 0, 0.5, 7000, 'elltwo', 'lapu', 10.228753089904785, 0.07000000029802322, 3.813176155090332, '2024-07-15 01:04:36', 4)
pval: [0.07] -- 45th test, time elapsed 3.813176155090332 -- emperical power so far (from test_start): 0.15555555555555556
db insert success
tensor(12.3744, device='cuda:0')
(46, 3, 0, 0.5, 7000, 'elltwo', 'lapu', 12.374409675598145, 0.04000000283122063, 3.805421829223633, '2024-07-15 01:04:47', 4)
pval: [0.04] -- 46th test, time elapsed 3.805421829223633 -- emperical power so far (from test_start): 0.17391304347826086
db insert success
tensor(-13.2875, device='cuda:0')
(47, 3, 0, 0.5, 7000, 'elltwo', 'lapu', -13.287490844726562, 0.984000027179718, 3.7955727577209473, '2024-07-15 01:05:10', 4)
pval: [0.98400003] -- 47th test, time elapsed 3.7955727577209473 -- emperical power so far (from test_start): 0.1702127659574468
db insert success
tensor(14.4656, device='cuda:0')
(48, 3, 0, 0.5, 7000, 'elltwo', 'lapu', 14.465600967407227, 0.01600000075995922, 3.799804925918579, '2024-07-15 01:05:25', 4)
pval: [0.016] -- 48th test, time elapsed 3.799804925918579 -- emperical power so far (from test_start): 0.1875
db insert success
tensor(-3.3826, device='cuda:0')
(49, 3, 0, 0.5, 7000, 'elltwo', 'lapu', -3.382643222808838, 0.703000009059906, 3.787400722503662, '2024-07-15 01:05:38', 4)
pval: [0.70300001] -- 49th test, time elapsed 3.787400722503662 -- emperical power so far (from test_start): 0.1836734693877551
db insert success
tensor(0.6175, device='cuda:0')
(50, 3, 0, 0.5, 7000, 'elltwo', 'lapu', 0.6174740791320801, 0.44200003147125244, 3.7897489070892334, '2024-07-15 01:05:51', 4)
pval: [0.44200003] -- 50th test, time elapsed 3.7897489070892334 -- emperical power so far (from test_start): 0.18
db insert success
tensor(0.4682, device='cuda:0')
(51, 3, 0, 0.5, 7000, 'elltwo', 'lapu', 0.4682159423828125, 0.46800002455711365, 3.7910234928131104, '2024-07-15 01:06:12', 4)
pval: [0.46800002] -- 51th test, time elapsed 3.7910234928131104 -- emperical power so far (from test_start): 0.17647058823529413
db insert success
tensor(6.2337, device='cuda:0')
(52, 3, 0, 0.5, 7000, 'elltwo', 'lapu', 6.233741760253906, 0.14900000393390656, 3.784919023513794, '2024-07-15 01:06:27', 4)
pval: [0.149] -- 52th test, time elapsed 3.784919023513794 -- emperical power so far (from test_start): 0.17307692307692307
db insert success
tensor(7.1890, device='cuda:0')
(53, 3, 0, 0.5, 7000, 'elltwo', 'lapu', 7.1890034675598145, 0.14800000190734863, 3.789726495742798, '2024-07-15 01:06:43', 4)
pval: [0.148] -- 53th test, time elapsed 3.789726495742798 -- emperical power so far (from test_start): 0.16981132075471697
db insert success
tensor(-3.9628, device='cuda:0')
(54, 3, 0, 0.5, 7000, 'elltwo', 'lapu', -3.9627814292907715, 0.7260000109672546, 3.7906687259674072, '2024-07-15 01:06:54', 4)
pval: [0.72600001] -- 54th test, time elapsed 3.7906687259674072 -- emperical power so far (from test_start): 0.16666666666666666
db insert success
tensor(17.5025, device='cuda:0')
(55, 3, 0, 0.5, 7000, 'elltwo', 'lapu', 17.502464294433594, 0.01100000087171793, 3.7863094806671143, '2024-07-15 01:06:58', 4)
pval: [0.011] -- 55th test, time elapsed 3.7863094806671143 -- emperical power so far (from test_start): 0.18181818181818182
db insert success
tensor(-4.6976, device='cuda:0')
(56, 3, 0, 0.5, 7000, 'elltwo', 'lapu', -4.697580814361572, 0.753000020980835, 3.789457082748413, '2024-07-15 01:07:04', 4)
pval: [0.75300002] -- 56th test, time elapsed 3.789457082748413 -- emperical power so far (from test_start): 0.17857142857142858
db insert success
tensor(8.2447, device='cuda:0')
(57, 3, 0, 0.5, 7000, 'elltwo', 'lapu', 8.244665145874023, 0.0860000029206276, 3.7902987003326416, '2024-07-15 01:07:16', 4)
pval: [0.086] -- 57th test, time elapsed 3.7902987003326416 -- emperical power so far (from test_start): 0.17543859649122806
db insert success
tensor(11.5481, device='cuda:0')
(58, 3, 0, 0.5, 7000, 'elltwo', 'lapu', 11.548131942749023, 0.06200000271201134, 3.7880659103393555, '2024-07-15 01:07:38', 4)
pval: [0.062] -- 58th test, time elapsed 3.7880659103393555 -- emperical power so far (from test_start): 0.1724137931034483
db insert success
tensor(0.6709, device='cuda:0')
(59, 3, 0, 0.5, 7000, 'elltwo', 'lapu', 0.6708765029907227, 0.4440000355243683, 3.7910115718841553, '2024-07-15 01:07:56', 4)
pval: [0.44400004] -- 59th test, time elapsed 3.7910115718841553 -- emperical power so far (from test_start): 0.1694915254237288
db insert success
tensor(1.0541, device='cuda:0')
(60, 3, 0, 0.5, 7000, 'elltwo', 'lapu', 1.0541373491287231, 0.41100001335144043, 3.793431282043457, '2024-07-15 01:08:20', 4)
pval: [0.41100001] -- 60th test, time elapsed 3.793431282043457 -- emperical power so far (from test_start): 0.16666666666666666
db insert success
tensor(-8.6035, device='cuda:0')
(61, 3, 0, 0.5, 7000, 'elltwo', 'lapu', -8.603456497192383, 0.9170000553131104, 3.7872722148895264, '2024-07-15 01:08:28', 4)
pval: [0.91700006] -- 61th test, time elapsed 3.7872722148895264 -- emperical power so far (from test_start): 0.16393442622950818
db insert success
tensor(9.4612, device='cuda:0')
(62, 3, 0, 0.5, 7000, 'elltwo', 'lapu', 9.461167335510254, 0.07900000363588333, 3.791132688522339, '2024-07-15 01:08:40', 4)
pval: [0.079] -- 62th test, time elapsed 3.791132688522339 -- emperical power so far (from test_start): 0.16129032258064516
db insert success
tensor(15.0621, device='cuda:0')
(63, 3, 0, 0.5, 7000, 'elltwo', 'lapu', 15.062135696411133, 0.027000000700354576, 3.7912142276763916, '2024-07-15 01:08:54', 4)
pval: [0.027] -- 63th test, time elapsed 3.7912142276763916 -- emperical power so far (from test_start): 0.1746031746031746
db insert success
tensor(3.3285, device='cuda:0')
(64, 3, 0, 0.5, 7000, 'elltwo', 'lapu', 3.328489303588867, 0.2880000174045563, 3.786245107650757, '2024-07-15 01:09:12', 4)
pval: [0.28800002] -- 64th test, time elapsed 3.786245107650757 -- emperical power so far (from test_start): 0.171875
db insert success
tensor(7.1768, device='cuda:0')
(65, 3, 0, 0.5, 7000, 'elltwo', 'lapu', 7.176775932312012, 0.1380000114440918, 3.79264497756958, '2024-07-15 01:09:21', 4)
pval: [0.13800001] -- 65th test, time elapsed 3.79264497756958 -- emperical power so far (from test_start): 0.16923076923076924
db insert success
tensor(7.1752, device='cuda:0')
(66, 3, 0, 0.5, 7000, 'elltwo', 'lapu', 7.1752119064331055, 0.14000000059604645, 3.7951297760009766, '2024-07-15 01:09:29', 4)
pval: [0.14] -- 66th test, time elapsed 3.7951297760009766 -- emperical power so far (from test_start): 0.16666666666666666
db insert success
tensor(12.8845, device='cuda:0')
(67, 3, 0, 0.5, 7000, 'elltwo', 'lapu', 12.884464263916016, 0.026000000536441803, 3.7870161533355713, '2024-07-15 01:09:45', 4)
pval: [0.026] -- 67th test, time elapsed 3.7870161533355713 -- emperical power so far (from test_start): 0.1791044776119403
db insert success
tensor(0.2567, device='cuda:0')
(68, 3, 0, 0.5, 7000, 'elltwo', 'lapu', 0.2566514015197754, 0.44600000977516174, 3.792398691177368, '2024-07-15 01:09:53', 4)
pval: [0.44600001] -- 68th test, time elapsed 3.792398691177368 -- emperical power so far (from test_start): 0.17647058823529413
db insert success
tensor(-2.6009, device='cuda:0')
(69, 3, 0, 0.5, 7000, 'elltwo', 'lapu', -2.600874423980713, 0.6460000276565552, 3.7945268154144287, '2024-07-15 01:10:09', 4)
pval: [0.64600003] -- 69th test, time elapsed 3.7945268154144287 -- emperical power so far (from test_start): 0.17391304347826086
db insert success
tensor(9.0003, device='cuda:0')
(70, 3, 0, 0.5, 7000, 'elltwo', 'lapu', 9.000346183776855, 0.08500000089406967, 3.797959566116333, '2024-07-15 01:10:22', 4)
pval: [0.085] -- 70th test, time elapsed 3.797959566116333 -- emperical power so far (from test_start): 0.17142857142857143
db insert success
tensor(-5.4818, device='cuda:0')
(71, 3, 0, 0.5, 7000, 'elltwo', 'lapu', -5.481767654418945, 0.7850000262260437, 3.8029372692108154, '2024-07-15 01:10:28', 4)
pval: [0.78500003] -- 71th test, time elapsed 3.8029372692108154 -- emperical power so far (from test_start): 0.16901408450704225
db insert success
tensor(11.8910, device='cuda:0')
(72, 3, 0, 0.5, 7000, 'elltwo', 'lapu', 11.890983581542969, 0.06000000238418579, 3.791344165802002, '2024-07-15 01:10:48', 4)
pval: [0.06] -- 72th test, time elapsed 3.791344165802002 -- emperical power so far (from test_start): 0.16666666666666666
db insert success
tensor(-9.5377, device='cuda:0')
(73, 3, 0, 0.5, 7000, 'elltwo', 'lapu', -9.53765869140625, 0.9320000410079956, 3.7978906631469727, '2024-07-15 01:11:06', 4)
pval: [0.93200004] -- 73th test, time elapsed 3.7978906631469727 -- emperical power so far (from test_start): 0.1643835616438356
db insert success
tensor(5.5925, device='cuda:0')
(74, 3, 0, 0.5, 7000, 'elltwo', 'lapu', 5.59248161315918, 0.19100001454353333, 3.8019938468933105, '2024-07-15 01:11:25', 4)
pval: [0.19100001] -- 74th test, time elapsed 3.8019938468933105 -- emperical power so far (from test_start): 0.16216216216216217
db insert success
tensor(5.0545, device='cuda:0')
(75, 3, 0, 0.5, 7000, 'elltwo', 'lapu', 5.054527282714844, 0.2290000170469284, 3.7966582775115967, '2024-07-15 01:11:44', 4)
pval: [0.22900002] -- 75th test, time elapsed 3.7966582775115967 -- emperical power so far (from test_start): 0.16
db insert success
tensor(-6.2609, device='cuda:0')
(76, 3, 0, 0.5, 7000, 'elltwo', 'lapu', -6.260929107666016, 0.8290000557899475, 3.8018977642059326, '2024-07-15 01:12:05', 4)
pval: [0.82900006] -- 76th test, time elapsed 3.8018977642059326 -- emperical power so far (from test_start): 0.15789473684210525
db insert success
tensor(1.6087, device='cuda:0')
(77, 3, 0, 0.5, 7000, 'elltwo', 'lapu', 1.6087284088134766, 0.38600000739097595, 3.7931149005889893, '2024-07-15 01:12:20', 4)
pval: [0.38600001] -- 77th test, time elapsed 3.7931149005889893 -- emperical power so far (from test_start): 0.15584415584415584
db insert success
tensor(-5.6429, device='cuda:0')
(78, 3, 0, 0.5, 7000, 'elltwo', 'lapu', -5.642878532409668, 0.7870000600814819, 3.788271903991699, '2024-07-15 01:12:33', 4)
pval: [0.78700006] -- 78th test, time elapsed 3.788271903991699 -- emperical power so far (from test_start): 0.15384615384615385
db insert success
tensor(-1.2571, device='cuda:0')
(79, 3, 0, 0.5, 7000, 'elltwo', 'lapu', -1.2571077346801758, 0.5290000438690186, 3.8043699264526367, '2024-07-15 01:12:39', 4)
pval: [0.52900004] -- 79th test, time elapsed 3.8043699264526367 -- emperical power so far (from test_start): 0.1518987341772152
db insert success
tensor(5.2510, device='cuda:0')
(80, 3, 0, 0.5, 7000, 'elltwo', 'lapu', 5.250988960266113, 0.20800000429153442, 3.7954814434051514, '2024-07-15 01:12:53', 4)
pval: [0.208] -- 80th test, time elapsed 3.7954814434051514 -- emperical power so far (from test_start): 0.15
db insert success
tensor(7.1180, device='cuda:0')
(81, 3, 0, 0.5, 7000, 'elltwo', 'lapu', 7.118006706237793, 0.15600000321865082, 3.7925007343292236, '2024-07-15 01:13:13', 4)
pval: [0.156] -- 81th test, time elapsed 3.7925007343292236 -- emperical power so far (from test_start): 0.14814814814814814
db insert success
tensor(10.8950, device='cuda:0')
(82, 3, 0, 0.5, 7000, 'elltwo', 'lapu', 10.895011901855469, 0.06300000101327896, 3.8069779872894287, '2024-07-15 01:13:32', 4)
pval: [0.063] -- 82th test, time elapsed 3.8069779872894287 -- emperical power so far (from test_start): 0.14634146341463414
db insert success
tensor(20.8284, device='cuda:0')
(83, 3, 0, 0.5, 7000, 'elltwo', 'lapu', 20.828441619873047, 0.0020000000949949026, 3.7930541038513184, '2024-07-15 01:13:47', 4)
pval: [0.002] -- 83th test, time elapsed 3.7930541038513184 -- emperical power so far (from test_start): 0.1566265060240964
db insert success
tensor(11.0383, device='cuda:0')
(84, 3, 0, 0.5, 7000, 'elltwo', 'lapu', 11.03829574584961, 0.05900000408291817, 3.7947440147399902, '2024-07-15 01:14:06', 4)
pval: [0.059] -- 84th test, time elapsed 3.7947440147399902 -- emperical power so far (from test_start): 0.15476190476190477
db insert success
tensor(-9.0883, device='cuda:0')
(85, 3, 0, 0.5, 7000, 'elltwo', 'lapu', -9.08830451965332, 0.9300000667572021, 3.7931294441223145, '2024-07-15 01:14:29', 4)
pval: [0.93000007] -- 85th test, time elapsed 3.7931294441223145 -- emperical power so far (from test_start): 0.15294117647058825
db insert success
tensor(6.4771, device='cuda:0')
(86, 3, 0, 0.5, 7000, 'elltwo', 'lapu', 6.477065086364746, 0.16900001466274261, 3.794654130935669, '2024-07-15 01:14:53', 4)
pval: [0.16900001] -- 86th test, time elapsed 3.794654130935669 -- emperical power so far (from test_start): 0.1511627906976744
db insert success
tensor(9.1185, device='cuda:0')
(87, 3, 0, 0.5, 7000, 'elltwo', 'lapu', 9.118463516235352, 0.07600000500679016, 3.808443546295166, '2024-07-15 01:14:59', 4)
pval: [0.07600001] -- 87th test, time elapsed 3.808443546295166 -- emperical power so far (from test_start): 0.14942528735632185
db insert success
tensor(16.2076, device='cuda:0')
(88, 3, 0, 0.5, 7000, 'elltwo', 'lapu', 16.207611083984375, 0.021000001579523087, 3.7844388484954834, '2024-07-15 01:15:04', 4)
pval: [0.021] -- 88th test, time elapsed 3.7844388484954834 -- emperical power so far (from test_start): 0.1590909090909091
db insert success
tensor(5.3916, device='cuda:0')
(89, 3, 0, 0.5, 7000, 'elltwo', 'lapu', 5.3916473388671875, 0.22700001299381256, 3.7952587604522705, '2024-07-15 01:15:21', 4)
pval: [0.22700001] -- 89th test, time elapsed 3.7952587604522705 -- emperical power so far (from test_start): 0.15730337078651685
db insert success
tensor(8.1651, device='cuda:0')
(90, 3, 0, 0.5, 7000, 'elltwo', 'lapu', 8.165143966674805, 0.10600000619888306, 3.7950336933135986, '2024-07-15 01:15:25', 4)
pval: [0.10600001] -- 90th test, time elapsed 3.7950336933135986 -- emperical power so far (from test_start): 0.15555555555555556
db insert success
tensor(0.4568, device='cuda:0')
(91, 3, 0, 0.5, 7000, 'elltwo', 'lapu', 0.45679283142089844, 0.46700000762939453, 3.7877233028411865, '2024-07-15 01:15:33', 4)
pval: [0.46700001] -- 91th test, time elapsed 3.7877233028411865 -- emperical power so far (from test_start): 0.15384615384615385
db insert success
tensor(3.4795, device='cuda:0')
(92, 3, 0, 0.5, 7000, 'elltwo', 'lapu', 3.47945499420166, 0.27000001072883606, 3.7954370975494385, '2024-07-15 01:15:42', 4)
pval: [0.27000001] -- 92th test, time elapsed 3.7954370975494385 -- emperical power so far (from test_start): 0.15217391304347827
db insert success
tensor(26.5178, device='cuda:0')
(93, 3, 0, 0.5, 7000, 'elltwo', 'lapu', 26.517763137817383, 0.0010000000474974513, 3.7912564277648926, '2024-07-15 01:15:48', 4)
pval: [0.001] -- 93th test, time elapsed 3.7912564277648926 -- emperical power so far (from test_start): 0.16129032258064516
db insert success
tensor(1.9290, device='cuda:0')
(94, 3, 0, 0.5, 7000, 'elltwo', 'lapu', 1.928983211517334, 0.36900001764297485, 3.7855589389801025, '2024-07-15 01:15:54', 4)
pval: [0.36900002] -- 94th test, time elapsed 3.7855589389801025 -- emperical power so far (from test_start): 0.1595744680851064
db insert success
tensor(-6.5064, device='cuda:0')
(95, 3, 0, 0.5, 7000, 'elltwo', 'lapu', -6.506391525268555, 0.8500000238418579, 3.7928242683410645, '2024-07-15 01:16:08', 4)
pval: [0.85000002] -- 95th test, time elapsed 3.7928242683410645 -- emperical power so far (from test_start): 0.15789473684210525
db insert success
tensor(16.4212, device='cuda:0')
(96, 3, 0, 0.5, 7000, 'elltwo', 'lapu', 16.421226501464844, 0.010000000707805157, 3.789720058441162, '2024-07-15 01:16:21', 4)
pval: [0.01] -- 96th test, time elapsed 3.789720058441162 -- emperical power so far (from test_start): 0.16666666666666666
db insert success
tensor(7.9245, device='cuda:0')
(97, 3, 0, 0.5, 7000, 'elltwo', 'lapu', 7.924489498138428, 0.12600000202655792, 3.7976276874542236, '2024-07-15 01:16:42', 4)
pval: [0.126] -- 97th test, time elapsed 3.7976276874542236 -- emperical power so far (from test_start): 0.16494845360824742
db insert success
tensor(5.0998, device='cuda:0')
(98, 3, 0, 0.5, 7000, 'elltwo', 'lapu', 5.099795341491699, 0.21400001645088196, 3.790266513824463, '2024-07-15 01:16:59', 4)
pval: [0.21400002] -- 98th test, time elapsed 3.790266513824463 -- emperical power so far (from test_start): 0.16326530612244897
db insert success
tensor(0.6189, device='cuda:0')
(99, 3, 0, 0.5, 7000, 'elltwo', 'lapu', 0.6189260482788086, 0.46700000762939453, 3.791717529296875, '2024-07-15 01:17:06', 4)
pval: [0.46700001] -- 99th test, time elapsed 3.791717529296875 -- emperical power so far (from test_start): 0.16161616161616163
db insert success
tensor(13.0063, device='cuda:0')
(100, 3, 0, 0.5, 7000, 'elltwo', 'lapu', 13.006349563598633, 0.03800000250339508, 3.7895100116729736, '2024-07-15 01:17:11', 4)
pval: [0.038] -- 100th test, time elapsed 3.7895100116729736 -- emperical power so far (from test_start): 0.17
db insert success
tensor(0.6358, device='cuda:0')
(101, 3, 0, 0.5, 7000, 'elltwo', 'lapu', 0.635779857635498, 0.45100003480911255, 3.7900588512420654, '2024-07-15 01:17:34', 4)
pval: [0.45100003] -- 101th test, time elapsed 3.7900588512420654 -- emperical power so far (from test_start): 0.16831683168316833
db insert success
tensor(6.4591, device='cuda:0')
(102, 3, 0, 0.5, 7000, 'elltwo', 'lapu', 6.459075927734375, 0.16100001335144043, 3.796677350997925, '2024-07-15 01:17:48', 4)
pval: [0.16100001] -- 102th test, time elapsed 3.796677350997925 -- emperical power so far (from test_start): 0.16666666666666666
db insert success
tensor(4.7173, device='cuda:0')
(103, 3, 0, 0.5, 7000, 'elltwo', 'lapu', 4.717287540435791, 0.25699999928474426, 3.787606954574585, '2024-07-15 01:18:10', 4)
pval: [0.257] -- 103th test, time elapsed 3.787606954574585 -- emperical power so far (from test_start): 0.1650485436893204
db insert success
tensor(-0.0072, device='cuda:0')
(104, 3, 0, 0.5, 7000, 'elltwo', 'lapu', -0.007171154022216797, 0.4660000205039978, 3.793185234069824, '2024-07-15 01:18:34', 4)
pval: [0.46600002] -- 104th test, time elapsed 3.793185234069824 -- emperical power so far (from test_start): 0.16346153846153846
db insert success
tensor(-9.9436, device='cuda:0')
(105, 3, 0, 0.5, 7000, 'elltwo', 'lapu', -9.943618774414062, 0.9460000395774841, 3.79341983795166, '2024-07-15 01:18:58', 4)
pval: [0.94600004] -- 105th test, time elapsed 3.79341983795166 -- emperical power so far (from test_start): 0.1619047619047619
db insert success
tensor(-6.1470, device='cuda:0')
(106, 3, 0, 0.5, 7000, 'elltwo', 'lapu', -6.146986961364746, 0.8260000348091125, 3.789883852005005, '2024-07-15 01:19:08', 4)
pval: [0.82600003] -- 106th test, time elapsed 3.789883852005005 -- emperical power so far (from test_start): 0.16037735849056603
db insert success
tensor(20.2983, device='cuda:0')
(107, 3, 0, 0.5, 7000, 'elltwo', 'lapu', 20.29833221435547, 0.005000000353902578, 3.7994003295898438, '2024-07-15 01:19:20', 4)
pval: [0.005] -- 107th test, time elapsed 3.7994003295898438 -- emperical power so far (from test_start): 0.16822429906542055
db insert success
tensor(12.0499, device='cuda:0')
(108, 3, 0, 0.5, 7000, 'elltwo', 'lapu', 12.049919128417969, 0.046000003814697266, 3.7912492752075195, '2024-07-15 01:19:39', 4)
pval: [0.046] -- 108th test, time elapsed 3.7912492752075195 -- emperical power so far (from test_start): 0.17592592592592593
db insert success
tensor(-1.1502, device='cuda:0')
(109, 3, 0, 0.5, 7000, 'elltwo', 'lapu', -1.150238037109375, 0.5530000329017639, 3.7890067100524902, '2024-07-15 01:19:56', 4)
pval: [0.55300003] -- 109th test, time elapsed 3.7890067100524902 -- emperical power so far (from test_start): 0.1743119266055046
db insert success
tensor(6.6770, device='cuda:0')
(110, 3, 0, 0.5, 7000, 'elltwo', 'lapu', 6.67701530456543, 0.1680000126361847, 3.794524669647217, '2024-07-15 01:20:05', 4)
pval: [0.16800001] -- 110th test, time elapsed 3.794524669647217 -- emperical power so far (from test_start): 0.17272727272727273
db insert success
tensor(1.9157, device='cuda:0')
(111, 3, 0, 0.5, 7000, 'elltwo', 'lapu', 1.9157280921936035, 0.3680000305175781, 3.792236804962158, '2024-07-15 01:20:17', 4)
pval: [0.36800003] -- 111th test, time elapsed 3.792236804962158 -- emperical power so far (from test_start): 0.17117117117117117
db insert success
tensor(2.2592, device='cuda:0')
(112, 3, 0, 0.5, 7000, 'elltwo', 'lapu', 2.25921368598938, 0.38200002908706665, 3.7848901748657227, '2024-07-15 01:20:23', 4)
pval: [0.38200003] -- 112th test, time elapsed 3.7848901748657227 -- emperical power so far (from test_start): 0.16964285714285715
db insert success
tensor(2.0717, device='cuda:0')
(113, 3, 0, 0.5, 7000, 'elltwo', 'lapu', 2.0716564655303955, 0.35100001096725464, 3.805452823638916, '2024-07-15 01:20:42', 4)
pval: [0.35100001] -- 113th test, time elapsed 3.805452823638916 -- emperical power so far (from test_start): 0.168141592920354
db insert success
tensor(15.5301, device='cuda:0')
(114, 3, 0, 0.5, 7000, 'elltwo', 'lapu', 15.530094146728516, 0.018000001087784767, 3.807781457901001, '2024-07-15 01:20:55', 4)
pval: [0.018] -- 114th test, time elapsed 3.807781457901001 -- emperical power so far (from test_start): 0.17543859649122806
db insert success
tensor(-1.2799, device='cuda:0')
(115, 3, 0, 0.5, 7000, 'elltwo', 'lapu', -1.2799022197723389, 0.5610000491142273, 3.7911152839660645, '2024-07-15 01:21:12', 4)
pval: [0.56100005] -- 115th test, time elapsed 3.7911152839660645 -- emperical power so far (from test_start): 0.17391304347826086
db insert success
tensor(-1.9844, device='cuda:0')
(116, 3, 0, 0.5, 7000, 'elltwo', 'lapu', -1.9844212532043457, 0.5770000219345093, 3.8044776916503906, '2024-07-15 01:21:27', 4)
pval: [0.57700002] -- 116th test, time elapsed 3.8044776916503906 -- emperical power so far (from test_start): 0.1724137931034483
db insert success
tensor(3.6771, device='cuda:0')
(117, 3, 0, 0.5, 7000, 'elltwo', 'lapu', 3.6770691871643066, 0.2850000262260437, 3.7945632934570312, '2024-07-15 01:21:42', 4)
pval: [0.28500003] -- 117th test, time elapsed 3.7945632934570312 -- emperical power so far (from test_start): 0.17094017094017094
db insert success
tensor(-2.0990, device='cuda:0')
(118, 3, 0, 0.5, 7000, 'elltwo', 'lapu', -2.09897518157959, 0.6060000061988831, 3.8049745559692383, '2024-07-15 01:22:01', 4)
pval: [0.60600001] -- 118th test, time elapsed 3.8049745559692383 -- emperical power so far (from test_start): 0.1694915254237288
db insert success
tensor(4.0518, device='cuda:0')
(119, 3, 0, 0.5, 7000, 'elltwo', 'lapu', 4.0517578125, 0.2590000033378601, 3.793912887573242, '2024-07-15 01:22:08', 4)
pval: [0.259] -- 119th test, time elapsed 3.793912887573242 -- emperical power so far (from test_start): 0.16806722689075632
db insert success
tensor(-0.8761, device='cuda:0')
(120, 3, 0, 0.5, 7000, 'elltwo', 'lapu', -0.876124382019043, 0.5410000085830688, 3.803954839706421, '2024-07-15 01:22:26', 4)
pval: [0.54100001] -- 120th test, time elapsed 3.803954839706421 -- emperical power so far (from test_start): 0.16666666666666666
db insert success
tensor(0.3011, device='cuda:0')
(121, 3, 0, 0.5, 7000, 'elltwo', 'lapu', 0.3011445999145508, 0.4440000355243683, 3.804203510284424, '2024-07-15 01:22:48', 4)
pval: [0.44400004] -- 121th test, time elapsed 3.804203510284424 -- emperical power so far (from test_start): 0.1652892561983471
db insert success
tensor(-5.8076, device='cuda:0')
(122, 3, 0, 0.5, 7000, 'elltwo', 'lapu', -5.80755090713501, 0.8250000476837158, 3.7922396659851074, '2024-07-15 01:23:05', 4)
pval: [0.82500005] -- 122th test, time elapsed 3.7922396659851074 -- emperical power so far (from test_start): 0.16393442622950818
db insert success
tensor(-7.0541, device='cuda:0')
(123, 3, 0, 0.5, 7000, 'elltwo', 'lapu', -7.054093360900879, 0.8660000562667847, 3.789914846420288, '2024-07-15 01:23:10', 4)
pval: [0.86600006] -- 123th test, time elapsed 3.789914846420288 -- emperical power so far (from test_start): 0.16260162601626016
db insert success
tensor(8.6167, device='cuda:0')
(124, 3, 0, 0.5, 7000, 'elltwo', 'lapu', 8.616726875305176, 0.11100000888109207, 3.8057079315185547, '2024-07-15 01:23:22', 4)
pval: [0.11100001] -- 124th test, time elapsed 3.8057079315185547 -- emperical power so far (from test_start): 0.16129032258064516
db insert success
tensor(3.6449, device='cuda:0')
(125, 3, 0, 0.5, 7000, 'elltwo', 'lapu', 3.6448938846588135, 0.2939999997615814, 3.7951998710632324, '2024-07-15 01:23:36', 4)
pval: [0.294] -- 125th test, time elapsed 3.7951998710632324 -- emperical power so far (from test_start): 0.16
db insert success
tensor(3.8551, device='cuda:0')
(126, 3, 0, 0.5, 7000, 'elltwo', 'lapu', 3.855088233947754, 0.289000004529953, 3.7990682125091553, '2024-07-15 01:23:55', 4)
pval: [0.289] -- 126th test, time elapsed 3.7990682125091553 -- emperical power so far (from test_start): 0.15873015873015872
db insert success
tensor(13.8060, device='cuda:0')
(127, 3, 0, 0.5, 7000, 'elltwo', 'lapu', 13.80604076385498, 0.027000000700354576, 3.809575080871582, '2024-07-15 01:24:05', 4)
pval: [0.027] -- 127th test, time elapsed 3.809575080871582 -- emperical power so far (from test_start): 0.16535433070866143
db insert success
tensor(21.0406, device='cuda:0')
(128, 3, 0, 0.5, 7000, 'elltwo', 'lapu', 21.04059410095215, 0.0020000000949949026, 3.8172404766082764, '2024-07-15 01:24:26', 4)
pval: [0.002] -- 128th test, time elapsed 3.8172404766082764 -- emperical power so far (from test_start): 0.171875
db insert success
tensor(9.3987, device='cuda:0')
(129, 3, 0, 0.5, 7000, 'elltwo', 'lapu', 9.398713111877441, 0.0860000029206276, 3.7930588722229004, '2024-07-15 01:24:42', 4)
pval: [0.086] -- 129th test, time elapsed 3.7930588722229004 -- emperical power so far (from test_start): 0.17054263565891473
db insert success
tensor(3.4176, device='cuda:0')
(130, 3, 0, 0.5, 7000, 'elltwo', 'lapu', 3.4176342487335205, 0.2880000174045563, 3.789013147354126, '2024-07-15 01:24:59', 4)
pval: [0.28800002] -- 130th test, time elapsed 3.789013147354126 -- emperical power so far (from test_start): 0.16923076923076924
db insert success
tensor(-5.8271, device='cuda:0')
(131, 3, 0, 0.5, 7000, 'elltwo', 'lapu', -5.827054500579834, 0.8070000410079956, 3.7912633419036865, '2024-07-15 01:25:12', 4)
pval: [0.80700004] -- 131th test, time elapsed 3.7912633419036865 -- emperical power so far (from test_start): 0.16793893129770993
db insert success
tensor(-0.1902, device='cuda:0')
(132, 3, 0, 0.5, 7000, 'elltwo', 'lapu', -0.19023609161376953, 0.49400001764297485, 3.10813570022583, '2024-07-15 01:25:27', 4)
pval: [0.49400002] -- 132th test, time elapsed 3.10813570022583 -- emperical power so far (from test_start): 0.16666666666666666
db insert success
tensor(9.5524, device='cuda:0')
(133, 3, 0, 0.5, 7000, 'elltwo', 'lapu', 9.55240535736084, 0.07800000160932541, 3.0583066940307617, '2024-07-15 01:25:31', 4)
pval: [0.078] -- 133th test, time elapsed 3.0583066940307617 -- emperical power so far (from test_start): 0.16541353383458646
db insert success
tensor(6.1832, device='cuda:0')
(134, 3, 0, 0.5, 7000, 'elltwo', 'lapu', 6.18316650390625, 0.18300001323223114, 3.0724070072174072, '2024-07-15 01:25:49', 4)
pval: [0.18300001] -- 134th test, time elapsed 3.0724070072174072 -- emperical power so far (from test_start): 0.16417910447761194
db insert success
tensor(0.0983, device='cuda:0')
(135, 3, 0, 0.5, 7000, 'elltwo', 'lapu', 0.09834909439086914, 0.4830000102519989, 3.0579893589019775, '2024-07-15 01:26:05', 4)
pval: [0.48300001] -- 135th test, time elapsed 3.0579893589019775 -- emperical power so far (from test_start): 0.16296296296296298
db insert success
tensor(8.1948, device='cuda:0')
(136, 3, 0, 0.5, 7000, 'elltwo', 'lapu', 8.194801330566406, 0.1080000028014183, 3.0557215213775635, '2024-07-15 01:26:13', 4)
pval: [0.108] -- 136th test, time elapsed 3.0557215213775635 -- emperical power so far (from test_start): 0.16176470588235295
db insert success
tensor(4.3129, device='cuda:0')
(137, 3, 0, 0.5, 7000, 'elltwo', 'lapu', 4.312859535217285, 0.24000000953674316, 3.066284656524658, '2024-07-15 01:26:25', 4)
pval: [0.24000001] -- 137th test, time elapsed 3.066284656524658 -- emperical power so far (from test_start): 0.16058394160583941
db insert success
tensor(8.1515, device='cuda:0')
(138, 3, 0, 0.5, 7000, 'elltwo', 'lapu', 8.151521682739258, 0.11000000685453415, 3.065398693084717, '2024-07-15 01:26:34', 4)
pval: [0.11000001] -- 138th test, time elapsed 3.065398693084717 -- emperical power so far (from test_start): 0.15942028985507245
db insert success
tensor(3.8619, device='cuda:0')
(139, 3, 0, 0.5, 7000, 'elltwo', 'lapu', 3.861924648284912, 0.26900002360343933, 3.055769443511963, '2024-07-15 01:26:54', 4)
pval: [0.26900002] -- 139th test, time elapsed 3.055769443511963 -- emperical power so far (from test_start): 0.15827338129496402
db insert success
tensor(2.8293, device='cuda:0')
(140, 3, 0, 0.5, 7000, 'elltwo', 'lapu', 2.829254388809204, 0.320000022649765, 3.065593719482422, '2024-07-15 01:27:16', 4)
pval: [0.32000002] -- 140th test, time elapsed 3.065593719482422 -- emperical power so far (from test_start): 0.15714285714285714
db insert success
tensor(2.2398, device='cuda:0')
(141, 3, 0, 0.5, 7000, 'elltwo', 'lapu', 2.239807605743408, 0.3410000205039978, 3.0612003803253174, '2024-07-15 01:27:35', 4)
pval: [0.34100002] -- 141th test, time elapsed 3.0612003803253174 -- emperical power so far (from test_start): 0.15602836879432624
db insert success
tensor(10.5558, device='cuda:0')
(142, 3, 0, 0.5, 7000, 'elltwo', 'lapu', 10.555756568908691, 0.06400000303983688, 3.054868698120117, '2024-07-15 01:27:51', 4)
pval: [0.064] -- 142th test, time elapsed 3.054868698120117 -- emperical power so far (from test_start): 0.15492957746478872
db insert success
tensor(7.7911, device='cuda:0')
(143, 3, 0, 0.5, 7000, 'elltwo', 'lapu', 7.79110050201416, 0.10900000482797623, 3.063054323196411, '2024-07-15 01:28:06', 4)
pval: [0.109] -- 143th test, time elapsed 3.063054323196411 -- emperical power so far (from test_start): 0.15384615384615385
db insert success
tensor(8.8415, device='cuda:0')
(144, 3, 0, 0.5, 7000, 'elltwo', 'lapu', 8.841499328613281, 0.1080000028014183, 3.0634970664978027, '2024-07-15 01:28:20', 4)
pval: [0.108] -- 144th test, time elapsed 3.0634970664978027 -- emperical power so far (from test_start): 0.1527777777777778
db insert success
tensor(-6.6778, device='cuda:0')
(145, 3, 0, 0.5, 7000, 'elltwo', 'lapu', -6.677790641784668, 0.8500000238418579, 3.0709965229034424, '2024-07-15 01:28:37', 4)
pval: [0.85000002] -- 145th test, time elapsed 3.0709965229034424 -- emperical power so far (from test_start): 0.15172413793103448
db insert success
tensor(11.5582, device='cuda:0')
(146, 3, 0, 0.5, 7000, 'elltwo', 'lapu', 11.55816650390625, 0.04800000041723251, 3.0620992183685303, '2024-07-15 01:28:57', 4)
pval: [0.048] -- 146th test, time elapsed 3.0620992183685303 -- emperical power so far (from test_start): 0.15753424657534246
db insert success
tensor(9.5400, device='cuda:0')
(147, 3, 0, 0.5, 7000, 'elltwo', 'lapu', 9.539965629577637, 0.08500000089406967, 3.061283588409424, '2024-07-15 01:29:09', 4)
pval: [0.085] -- 147th test, time elapsed 3.061283588409424 -- emperical power so far (from test_start): 0.1564625850340136
db insert success
tensor(9.0581, device='cuda:0')
(148, 3, 0, 0.5, 7000, 'elltwo', 'lapu', 9.058099746704102, 0.08300000429153442, 3.0546376705169678, '2024-07-15 01:29:13', 4)
pval: [0.083] -- 148th test, time elapsed 3.0546376705169678 -- emperical power so far (from test_start): 0.1554054054054054
db insert success
tensor(6.8228, device='cuda:0')
(149, 3, 0, 0.5, 7000, 'elltwo', 'lapu', 6.822766304016113, 0.1550000011920929, 3.06748628616333, '2024-07-15 01:29:34', 4)
pval: [0.155] -- 149th test, time elapsed 3.06748628616333 -- emperical power so far (from test_start): 0.15436241610738255
db insert success
tensor(0.9559, device='cuda:0')
(150, 3, 0, 0.5, 7000, 'elltwo', 'lapu', 0.9559335708618164, 0.42900002002716064, 3.060915470123291, '2024-07-15 01:29:48', 4)
pval: [0.42900002] -- 150th test, time elapsed 3.060915470123291 -- emperical power so far (from test_start): 0.15333333333333332
db insert success
tensor(3.4888, device='cuda:0')
(151, 3, 0, 0.5, 7000, 'elltwo', 'lapu', 3.488800048828125, 0.2850000262260437, 3.060634136199951, '2024-07-15 01:29:58', 4)
pval: [0.28500003] -- 151th test, time elapsed 3.060634136199951 -- emperical power so far (from test_start): 0.152317880794702
db insert success
tensor(-3.9483, device='cuda:0')
(152, 3, 0, 0.5, 7000, 'elltwo', 'lapu', -3.9483442306518555, 0.6880000233650208, 3.0792794227600098, '2024-07-15 01:30:16', 4)
pval: [0.68800002] -- 152th test, time elapsed 3.0792794227600098 -- emperical power so far (from test_start): 0.1513157894736842
db insert success
tensor(13.5450, device='cuda:0')
(153, 3, 0, 0.5, 7000, 'elltwo', 'lapu', 13.545001983642578, 0.026000000536441803, 3.059358596801758, '2024-07-15 01:30:22', 4)
pval: [0.026] -- 153th test, time elapsed 3.059358596801758 -- emperical power so far (from test_start): 0.1568627450980392
db insert success
tensor(6.6375, device='cuda:0')
(154, 3, 0, 0.5, 7000, 'elltwo', 'lapu', 6.637481212615967, 0.15400001406669617, 3.0597915649414062, '2024-07-15 01:30:40', 4)
pval: [0.15400001] -- 154th test, time elapsed 3.0597915649414062 -- emperical power so far (from test_start): 0.15584415584415584
db insert success
tensor(-3.6150, device='cuda:0')
(155, 3, 0, 0.5, 7000, 'elltwo', 'lapu', -3.614985466003418, 0.6830000281333923, 3.063136577606201, '2024-07-15 01:30:59', 4)
pval: [0.68300003] -- 155th test, time elapsed 3.063136577606201 -- emperical power so far (from test_start): 0.15483870967741936
db insert success
tensor(4.2045, device='cuda:0')
(156, 3, 0, 0.5, 7000, 'elltwo', 'lapu', 4.204479694366455, 0.29200002551078796, 3.057342290878296, '2024-07-15 01:31:13', 4)
pval: [0.29200003] -- 156th test, time elapsed 3.057342290878296 -- emperical power so far (from test_start): 0.15384615384615385
db insert success
tensor(-3.0323, device='cuda:0')
(157, 3, 0, 0.5, 7000, 'elltwo', 'lapu', -3.0323374271392822, 0.64000004529953, 3.0606932640075684, '2024-07-15 01:31:19', 4)
pval: [0.64000005] -- 157th test, time elapsed 3.0606932640075684 -- emperical power so far (from test_start): 0.15286624203821655
db insert success
tensor(4.1543, device='cuda:0')
(158, 3, 0, 0.5, 7000, 'elltwo', 'lapu', 4.15425968170166, 0.2590000033378601, 3.072561025619507, '2024-07-15 01:31:24', 4)
pval: [0.259] -- 158th test, time elapsed 3.072561025619507 -- emperical power so far (from test_start): 0.1518987341772152
db insert success
tensor(7.8217, device='cuda:0')
(159, 3, 0, 0.5, 7000, 'elltwo', 'lapu', 7.821691036224365, 0.11800000816583633, 3.061548948287964, '2024-07-15 01:31:37', 4)
pval: [0.11800001] -- 159th test, time elapsed 3.061548948287964 -- emperical power so far (from test_start): 0.1509433962264151
db insert success
tensor(16.4569, device='cuda:0')
(160, 3, 0, 0.5, 7000, 'elltwo', 'lapu', 16.456924438476562, 0.00800000037997961, 3.056988000869751, '2024-07-15 01:31:41', 4)
pval: [0.008] -- 160th test, time elapsed 3.056988000869751 -- emperical power so far (from test_start): 0.15625
db insert success
tensor(0.5375, device='cuda:0')
(161, 3, 0, 0.5, 7000, 'elltwo', 'lapu', 0.5374689102172852, 0.445000022649765, 3.078566789627075, '2024-07-15 01:32:04', 4)
pval: [0.44500002] -- 161th test, time elapsed 3.078566789627075 -- emperical power so far (from test_start): 0.15527950310559005
db insert success
tensor(-1.1939, device='cuda:0')
(162, 3, 0, 0.5, 7000, 'elltwo', 'lapu', -1.1938519477844238, 0.5509999990463257, 3.059934377670288, '2024-07-15 01:32:22', 4)
pval: [0.551] -- 162th test, time elapsed 3.059934377670288 -- emperical power so far (from test_start): 0.15432098765432098
db insert success
tensor(-3.4939, device='cuda:0')
(163, 3, 0, 0.5, 7000, 'elltwo', 'lapu', -3.493912696838379, 0.6810000538825989, 3.0528273582458496, '2024-07-15 01:32:31', 4)
pval: [0.68100005] -- 163th test, time elapsed 3.0528273582458496 -- emperical power so far (from test_start): 0.15337423312883436
db insert success
tensor(11.4518, device='cuda:0')
(164, 3, 0, 0.5, 7000, 'elltwo', 'lapu', 11.451784133911133, 0.049000002443790436, 3.0553460121154785, '2024-07-15 01:32:52', 4)
pval: [0.049] -- 164th test, time elapsed 3.0553460121154785 -- emperical power so far (from test_start): 0.15853658536585366
db insert success
tensor(1.4590, device='cuda:0')
(165, 3, 0, 0.5, 7000, 'elltwo', 'lapu', 1.4589858055114746, 0.4180000126361847, 3.058227300643921, '2024-07-15 01:32:57', 4)
pval: [0.41800001] -- 165th test, time elapsed 3.058227300643921 -- emperical power so far (from test_start): 0.15757575757575756
db insert success
tensor(8.1835, device='cuda:0')
(166, 3, 0, 0.5, 7000, 'elltwo', 'lapu', 8.183473587036133, 0.11000000685453415, 3.0494630336761475, '2024-07-15 01:33:04', 4)
pval: [0.11000001] -- 166th test, time elapsed 3.0494630336761475 -- emperical power so far (from test_start): 0.1566265060240964
db insert success
tensor(3.4517, device='cuda:0')
(167, 3, 0, 0.5, 7000, 'elltwo', 'lapu', 3.4517018795013428, 0.2760000228881836, 3.061391830444336, '2024-07-15 01:33:11', 4)
pval: [0.27600002] -- 167th test, time elapsed 3.061391830444336 -- emperical power so far (from test_start): 0.15568862275449102
db insert success
tensor(2.5327, device='cuda:0')
(168, 3, 0, 0.5, 7000, 'elltwo', 'lapu', 2.5326554775238037, 0.3540000021457672, 3.055192470550537, '2024-07-15 01:33:18', 4)
pval: [0.354] -- 168th test, time elapsed 3.055192470550537 -- emperical power so far (from test_start): 0.15476190476190477
db insert success
tensor(18.1910, device='cuda:0')
(169, 3, 0, 0.5, 7000, 'elltwo', 'lapu', 18.191041946411133, 0.010000000707805157, 3.0516908168792725, '2024-07-15 01:33:26', 4)
pval: [0.01] -- 169th test, time elapsed 3.0516908168792725 -- emperical power so far (from test_start): 0.15976331360946747
db insert success
tensor(7.1568, device='cuda:0')
(170, 3, 0, 0.5, 7000, 'elltwo', 'lapu', 7.156786918640137, 0.13900001347064972, 3.0753321647644043, '2024-07-15 01:33:46', 4)
pval: [0.13900001] -- 170th test, time elapsed 3.0753321647644043 -- emperical power so far (from test_start): 0.1588235294117647
db insert success
tensor(6.9868, device='cuda:0')
(171, 3, 0, 0.5, 7000, 'elltwo', 'lapu', 6.986804485321045, 0.15000000596046448, 3.058504819869995, '2024-07-15 01:33:55', 4)
pval: [0.15000001] -- 171th test, time elapsed 3.058504819869995 -- emperical power so far (from test_start): 0.15789473684210525
db insert success
tensor(3.2432, device='cuda:0')
(172, 3, 0, 0.5, 7000, 'elltwo', 'lapu', 3.24324893951416, 0.2990000247955322, 3.0511765480041504, '2024-07-15 01:34:09', 4)
pval: [0.29900002] -- 172th test, time elapsed 3.0511765480041504 -- emperical power so far (from test_start): 0.1569767441860465
db insert success
tensor(-1.3194, device='cuda:0')
(173, 3, 0, 0.5, 7000, 'elltwo', 'lapu', -1.3194363117218018, 0.5470000505447388, 3.0562796592712402, '2024-07-15 01:34:27', 4)
pval: [0.54700005] -- 173th test, time elapsed 3.0562796592712402 -- emperical power so far (from test_start): 0.15606936416184972
db insert success
tensor(11.9036, device='cuda:0')
(174, 3, 0, 0.5, 7000, 'elltwo', 'lapu', 11.90363883972168, 0.05400000140070915, 3.051689386367798, '2024-07-15 01:34:41', 4)
pval: [0.054] -- 174th test, time elapsed 3.051689386367798 -- emperical power so far (from test_start): 0.15517241379310345
db insert success
tensor(14.6264, device='cuda:0')
(175, 3, 0, 0.5, 7000, 'elltwo', 'lapu', 14.62641716003418, 0.023000001907348633, 3.0501813888549805, '2024-07-15 01:34:47', 4)
pval: [0.023] -- 175th test, time elapsed 3.0501813888549805 -- emperical power so far (from test_start): 0.16
db insert success
tensor(16.5318, device='cuda:0')
(176, 3, 0, 0.5, 7000, 'elltwo', 'lapu', 16.531814575195312, 0.012000000104308128, 3.0566787719726562, '2024-07-15 01:35:02', 4)
pval: [0.012] -- 176th test, time elapsed 3.0566787719726562 -- emperical power so far (from test_start): 0.16477272727272727
db insert success
tensor(14.7536, device='cuda:0')
(177, 3, 0, 0.5, 7000, 'elltwo', 'lapu', 14.753561019897461, 0.018000001087784767, 3.0550010204315186, '2024-07-15 01:35:08', 4)
pval: [0.018] -- 177th test, time elapsed 3.0550010204315186 -- emperical power so far (from test_start): 0.1694915254237288
db insert success
tensor(16.0048, device='cuda:0')
(178, 3, 0, 0.5, 7000, 'elltwo', 'lapu', 16.004772186279297, 0.018000001087784767, 3.050168037414551, '2024-07-15 01:35:18', 4)
pval: [0.018] -- 178th test, time elapsed 3.050168037414551 -- emperical power so far (from test_start): 0.17415730337078653
db insert success
tensor(4.7029, device='cuda:0')
(179, 3, 0, 0.5, 7000, 'elltwo', 'lapu', 4.702949047088623, 0.22200001776218414, 3.057605028152466, '2024-07-15 01:35:36', 4)
pval: [0.22200002] -- 179th test, time elapsed 3.057605028152466 -- emperical power so far (from test_start): 0.17318435754189945
db insert success
tensor(1.2481, device='cuda:0')
(180, 3, 0, 0.5, 7000, 'elltwo', 'lapu', 1.2480978965759277, 0.4140000343322754, 3.0553009510040283, '2024-07-15 01:35:59', 4)
pval: [0.41400003] -- 180th test, time elapsed 3.0553009510040283 -- emperical power so far (from test_start): 0.17222222222222222
db insert success
tensor(3.3129, device='cuda:0')
(181, 3, 0, 0.5, 7000, 'elltwo', 'lapu', 3.312877655029297, 0.29500001668930054, 3.0524256229400635, '2024-07-15 01:36:18', 4)
pval: [0.29500002] -- 181th test, time elapsed 3.0524256229400635 -- emperical power so far (from test_start): 0.1712707182320442
db insert success
tensor(6.5836, device='cuda:0')
(182, 3, 0, 0.5, 7000, 'elltwo', 'lapu', 6.583565711975098, 0.1510000079870224, 3.0534684658050537, '2024-07-15 01:36:38', 4)
pval: [0.15100001] -- 182th test, time elapsed 3.0534684658050537 -- emperical power so far (from test_start): 0.17032967032967034
db insert success
tensor(3.0106, device='cuda:0')
(183, 3, 0, 0.5, 7000, 'elltwo', 'lapu', 3.0105667114257812, 0.31300002336502075, 3.0579161643981934, '2024-07-15 01:36:42', 4)
pval: [0.31300002] -- 183th test, time elapsed 3.0579161643981934 -- emperical power so far (from test_start): 0.16939890710382513
db insert success
tensor(14.9870, device='cuda:0')
(184, 3, 0, 0.5, 7000, 'elltwo', 'lapu', 14.987049102783203, 0.021000001579523087, 3.052971601486206, '2024-07-15 01:36:58', 4)
pval: [0.021] -- 184th test, time elapsed 3.052971601486206 -- emperical power so far (from test_start): 0.17391304347826086
db insert success
tensor(9.3034, device='cuda:0')
(185, 3, 0, 0.5, 7000, 'elltwo', 'lapu', 9.303399085998535, 0.09200000762939453, 3.055065631866455, '2024-07-15 01:37:17', 4)
pval: [0.09200001] -- 185th test, time elapsed 3.055065631866455 -- emperical power so far (from test_start): 0.17297297297297298
db insert success
tensor(-0.7426, device='cuda:0')
(186, 3, 0, 0.5, 7000, 'elltwo', 'lapu', -0.7426242828369141, 0.534000039100647, 3.0670464038848877, '2024-07-15 01:37:25', 4)
pval: [0.53400004] -- 186th test, time elapsed 3.0670464038848877 -- emperical power so far (from test_start): 0.17204301075268819
db insert success
tensor(11.5499, device='cuda:0')
(187, 3, 0, 0.5, 7000, 'elltwo', 'lapu', 11.549938201904297, 0.05400000140070915, 3.0487937927246094, '2024-07-15 01:37:38', 4)
pval: [0.054] -- 187th test, time elapsed 3.0487937927246094 -- emperical power so far (from test_start): 0.1711229946524064
db insert success
tensor(10.4829, device='cuda:0')
(188, 3, 0, 0.5, 7000, 'elltwo', 'lapu', 10.482871055603027, 0.07800000160932541, 3.05794358253479, '2024-07-15 01:37:58', 4)
pval: [0.078] -- 188th test, time elapsed 3.05794358253479 -- emperical power so far (from test_start): 0.1702127659574468
db insert success
tensor(-2.2725, device='cuda:0')
(189, 3, 0, 0.5, 7000, 'elltwo', 'lapu', -2.272473096847534, 0.6390000581741333, 3.0593457221984863, '2024-07-15 01:38:19', 4)
pval: [0.63900006] -- 189th test, time elapsed 3.0593457221984863 -- emperical power so far (from test_start): 0.1693121693121693
db insert success
tensor(-0.1629, device='cuda:0')
(190, 3, 0, 0.5, 7000, 'elltwo', 'lapu', -0.1628742218017578, 0.48500001430511475, 3.059943437576294, '2024-07-15 01:38:23', 4)
pval: [0.48500001] -- 190th test, time elapsed 3.059943437576294 -- emperical power so far (from test_start): 0.16842105263157894
db insert success
tensor(-2.6300, device='cuda:0')
(191, 3, 0, 0.5, 7000, 'elltwo', 'lapu', -2.630006790161133, 0.609000027179718, 3.0624477863311768, '2024-07-15 01:38:36', 4)
pval: [0.60900003] -- 191th test, time elapsed 3.0624477863311768 -- emperical power so far (from test_start): 0.16753926701570682
db insert success
tensor(-3.7682, device='cuda:0')
(192, 3, 0, 0.5, 7000, 'elltwo', 'lapu', -3.7681918144226074, 0.6940000057220459, 3.0619804859161377, '2024-07-15 01:38:41', 4)
pval: [0.69400001] -- 192th test, time elapsed 3.0619804859161377 -- emperical power so far (from test_start): 0.16666666666666666
db insert success
tensor(0.5869, device='cuda:0')
(193, 3, 0, 0.5, 7000, 'elltwo', 'lapu', 0.5868592262268066, 0.445000022649765, 3.053738832473755, '2024-07-15 01:38:53', 4)
pval: [0.44500002] -- 193th test, time elapsed 3.053738832473755 -- emperical power so far (from test_start): 0.16580310880829016
db insert success
tensor(11.2616, device='cuda:0')
(194, 3, 0, 0.5, 7000, 'elltwo', 'lapu', 11.261614799499512, 0.07200000435113907, 3.053727388381958, '2024-07-15 01:39:15', 4)
pval: [0.072] -- 194th test, time elapsed 3.053727388381958 -- emperical power so far (from test_start): 0.16494845360824742
db insert success
tensor(9.6768, device='cuda:0')
(195, 3, 0, 0.5, 7000, 'elltwo', 'lapu', 9.676796913146973, 0.0860000029206276, 3.0507631301879883, '2024-07-15 01:39:33', 4)
pval: [0.086] -- 195th test, time elapsed 3.0507631301879883 -- emperical power so far (from test_start): 0.1641025641025641
db insert success
tensor(-6.4203, device='cuda:0')
(196, 3, 0, 0.5, 7000, 'elltwo', 'lapu', -6.420290946960449, 0.831000030040741, 3.046285390853882, '2024-07-15 01:39:43', 4)
pval: [0.83100003] -- 196th test, time elapsed 3.046285390853882 -- emperical power so far (from test_start): 0.16326530612244897
db insert success
tensor(-4.0626, device='cuda:0')
(197, 3, 0, 0.5, 7000, 'elltwo', 'lapu', -4.062620162963867, 0.7320000529289246, 3.0577609539031982, '2024-07-15 01:40:00', 4)
pval: [0.73200005] -- 197th test, time elapsed 3.0577609539031982 -- emperical power so far (from test_start): 0.16243654822335024
db insert success
tensor(7.5281, device='cuda:0')
(198, 3, 0, 0.5, 7000, 'elltwo', 'lapu', 7.528116226196289, 0.1340000033378601, 3.0588219165802, '2024-07-15 01:40:06', 4)
pval: [0.134] -- 198th test, time elapsed 3.0588219165802 -- emperical power so far (from test_start): 0.16161616161616163
db insert success
tensor(4.4306, device='cuda:0')
(199, 3, 0, 0.5, 7000, 'elltwo', 'lapu', 4.430606842041016, 0.23000000417232513, 3.051966905593872, '2024-07-15 01:40:26', 4)
pval: [0.23] -- 199th test, time elapsed 3.051966905593872 -- emperical power so far (from test_start): 0.16080402010050251
db insert success
tensor(15.5777, device='cuda:0')
(200, 3, 0, 0.5, 7000, 'elltwo', 'lapu', 15.577723503112793, 0.020000001415610313, 3.0526719093322754, '2024-07-15 01:40:34', 4)
pval: [0.02] -- 200th test, time elapsed 3.0526719093322754 -- emperical power so far (from test_start): 0.165
db insert success
2812.800491333008
