genrrchi, alpha=2, sample size=2000
#########################################
tensor(87.6186, device='cuda:0')
(1, 3, 0, 2, 2000, 'chi', 'genrr', 87.61858367919922, 0.020000001415610313, 1.450727939605713, '2024-07-17 13:17:00', 4)
pval: [0.02] -- 1th test, time elapsed 1.450727939605713 -- emperical power so far (from test_start): 1.0
db insert success
tensor(84.8358, device='cuda:0')
(2, 3, 0, 2, 2000, 'chi', 'genrr', 84.83576202392578, 0.029000001028180122, 1.441582202911377, '2024-07-17 13:17:12', 4)
pval: [0.029] -- 2th test, time elapsed 1.441582202911377 -- emperical power so far (from test_start): 1.0
db insert success
tensor(92.2943, device='cuda:0')
(3, 3, 0, 2, 2000, 'chi', 'genrr', 92.29425811767578, 0.012000000104308128, 1.4481127262115479, '2024-07-17 13:17:29', 4)
pval: [0.012] -- 3th test, time elapsed 1.4481127262115479 -- emperical power so far (from test_start): 1.0
db insert success
tensor(109.6742, device='cuda:0')
(4, 3, 0, 2, 2000, 'chi', 'genrr', 109.67417907714844, 0.0010000000474974513, 1.4505341053009033, '2024-07-17 13:17:46', 4)
pval: [0.001] -- 4th test, time elapsed 1.4505341053009033 -- emperical power so far (from test_start): 1.0
db insert success
tensor(84.9581, device='cuda:0')
(5, 3, 0, 2, 2000, 'chi', 'genrr', 84.95807647705078, 0.029000001028180122, 1.4444191455841064, '2024-07-17 13:18:00', 4)
pval: [0.029] -- 5th test, time elapsed 1.4444191455841064 -- emperical power so far (from test_start): 1.0
db insert success
tensor(81.3532, device='cuda:0')
(6, 3, 0, 2, 2000, 'chi', 'genrr', 81.35316467285156, 0.05100000277161598, 1.4454753398895264, '2024-07-17 13:18:09', 4)
pval: [0.051] -- 6th test, time elapsed 1.4454753398895264 -- emperical power so far (from test_start): 0.8333333333333334
db insert success
tensor(85.3878, device='cuda:0')
(7, 3, 0, 2, 2000, 'chi', 'genrr', 85.3877944946289, 0.027000000700354576, 1.4404737949371338, '2024-07-17 13:18:29', 4)
pval: [0.027] -- 7th test, time elapsed 1.4404737949371338 -- emperical power so far (from test_start): 0.8571428571428571
db insert success
tensor(92.8940, device='cuda:0')
(8, 3, 0, 2, 2000, 'chi', 'genrr', 92.89397430419922, 0.00800000037997961, 1.4433691501617432, '2024-07-17 13:18:47', 4)
pval: [0.008] -- 8th test, time elapsed 1.4433691501617432 -- emperical power so far (from test_start): 0.875
db insert success
tensor(102.4490, device='cuda:0')
(9, 3, 0, 2, 2000, 'chi', 'genrr', 102.44898986816406, 0.004000000189989805, 1.4370827674865723, '2024-07-17 13:18:50', 4)
pval: [0.004] -- 9th test, time elapsed 1.4370827674865723 -- emperical power so far (from test_start): 0.8888888888888888
db insert success
tensor(80.9271, device='cuda:0')
(10, 3, 0, 2, 2000, 'chi', 'genrr', 80.92707061767578, 0.04700000211596489, 1.4414141178131104, '2024-07-17 13:19:10', 4)
pval: [0.047] -- 10th test, time elapsed 1.4414141178131104 -- emperical power so far (from test_start): 0.9
db insert success
tensor(92.1755, device='cuda:0')
(11, 3, 0, 2, 2000, 'chi', 'genrr', 92.175537109375, 0.014000000432133675, 1.4489061832427979, '2024-07-17 13:19:22', 4)
pval: [0.014] -- 11th test, time elapsed 1.4489061832427979 -- emperical power so far (from test_start): 0.9090909090909091
db insert success
tensor(57.2522, device='cuda:0')
(12, 3, 0, 2, 2000, 'chi', 'genrr', 57.25220489501953, 0.6960000395774841, 1.44163179397583, '2024-07-17 13:19:41', 4)
pval: [0.69600004] -- 12th test, time elapsed 1.44163179397583 -- emperical power so far (from test_start): 0.8333333333333334
db insert success
tensor(73.0628, device='cuda:0')
(13, 3, 0, 2, 2000, 'chi', 'genrr', 73.06282043457031, 0.1810000091791153, 1.4371042251586914, '2024-07-17 13:19:59', 4)
pval: [0.18100001] -- 13th test, time elapsed 1.4371042251586914 -- emperical power so far (from test_start): 0.7692307692307693
db insert success
tensor(86.9069, device='cuda:0')
(14, 3, 0, 2, 2000, 'chi', 'genrr', 86.90694427490234, 0.02800000086426735, 1.4419522285461426, '2024-07-17 13:20:07', 4)
pval: [0.028] -- 14th test, time elapsed 1.4419522285461426 -- emperical power so far (from test_start): 0.7857142857142857
db insert success
tensor(73.7972, device='cuda:0')
(15, 3, 0, 2, 2000, 'chi', 'genrr', 73.79723358154297, 0.15600000321865082, 1.4402539730072021, '2024-07-17 13:20:12', 4)
pval: [0.156] -- 15th test, time elapsed 1.4402539730072021 -- emperical power so far (from test_start): 0.7333333333333333
db insert success
tensor(92.5481, device='cuda:0')
(16, 3, 0, 2, 2000, 'chi', 'genrr', 92.54813385009766, 0.010000000707805157, 1.4442806243896484, '2024-07-17 13:20:21', 4)
pval: [0.01] -- 16th test, time elapsed 1.4442806243896484 -- emperical power so far (from test_start): 0.75
db insert success
tensor(102.6504, device='cuda:0')
(17, 3, 0, 2, 2000, 'chi', 'genrr', 102.65040588378906, 0.0020000000949949026, 1.4412884712219238, '2024-07-17 13:20:24', 4)
pval: [0.002] -- 17th test, time elapsed 1.4412884712219238 -- emperical power so far (from test_start): 0.7647058823529411
db insert success
tensor(87.4334, device='cuda:0')
(18, 3, 0, 2, 2000, 'chi', 'genrr', 87.43338775634766, 0.017000000923871994, 1.4475312232971191, '2024-07-17 13:20:27', 4)
pval: [0.017] -- 18th test, time elapsed 1.4475312232971191 -- emperical power so far (from test_start): 0.7777777777777778
db insert success
tensor(79.9134, device='cuda:0')
(19, 3, 0, 2, 2000, 'chi', 'genrr', 79.91339111328125, 0.07300000637769699, 1.4427158832550049, '2024-07-17 13:20:36', 4)
pval: [0.07300001] -- 19th test, time elapsed 1.4427158832550049 -- emperical power so far (from test_start): 0.7368421052631579
db insert success
tensor(101.1629, device='cuda:0')
(20, 3, 0, 2, 2000, 'chi', 'genrr', 101.16294860839844, 0.003000000026077032, 1.4429473876953125, '2024-07-17 13:20:42', 4)
pval: [0.003] -- 20th test, time elapsed 1.4429473876953125 -- emperical power so far (from test_start): 0.75
db insert success
tensor(85.0062, device='cuda:0')
(21, 3, 0, 2, 2000, 'chi', 'genrr', 85.00616455078125, 0.024000000208616257, 1.441086769104004, '2024-07-17 13:20:45', 4)
pval: [0.024] -- 21th test, time elapsed 1.441086769104004 -- emperical power so far (from test_start): 0.7619047619047619
db insert success
tensor(91.0200, device='cuda:0')
(22, 3, 0, 2, 2000, 'chi', 'genrr', 91.02002716064453, 0.007000000216066837, 1.4444515705108643, '2024-07-17 13:20:54', 4)
pval: [0.007] -- 22th test, time elapsed 1.4444515705108643 -- emperical power so far (from test_start): 0.7727272727272727
db insert success
tensor(80.4278, device='cuda:0')
(23, 3, 0, 2, 2000, 'chi', 'genrr', 80.4278335571289, 0.05900000408291817, 1.4378979206085205, '2024-07-17 13:20:56', 4)
pval: [0.059] -- 23th test, time elapsed 1.4378979206085205 -- emperical power so far (from test_start): 0.7391304347826086
db insert success
tensor(77.8944, device='cuda:0')
(24, 3, 0, 2, 2000, 'chi', 'genrr', 77.8943862915039, 0.09400000423192978, 1.4375460147857666, '2024-07-17 13:21:06', 4)
pval: [0.094] -- 24th test, time elapsed 1.4375460147857666 -- emperical power so far (from test_start): 0.7083333333333334
db insert success
tensor(81.7942, device='cuda:0')
(25, 3, 0, 2, 2000, 'chi', 'genrr', 81.79422760009766, 0.06100000441074371, 1.430936336517334, '2024-07-17 13:21:12', 4)
pval: [0.061] -- 25th test, time elapsed 1.430936336517334 -- emperical power so far (from test_start): 0.68
db insert success
tensor(77.8528, device='cuda:0')
(26, 3, 0, 2, 2000, 'chi', 'genrr', 77.85279846191406, 0.10100000351667404, 1.4431712627410889, '2024-07-17 13:21:24', 4)
pval: [0.101] -- 26th test, time elapsed 1.4431712627410889 -- emperical power so far (from test_start): 0.6538461538461539
db insert success
tensor(76.9862, device='cuda:0')
(27, 3, 0, 2, 2000, 'chi', 'genrr', 76.9861831665039, 0.11000000685453415, 1.4465856552124023, '2024-07-17 13:21:37', 4)
pval: [0.11000001] -- 27th test, time elapsed 1.4465856552124023 -- emperical power so far (from test_start): 0.6296296296296297
db insert success
tensor(107.0284, device='cuda:0')
(28, 3, 0, 2, 2000, 'chi', 'genrr', 107.02838134765625, 0.0010000000474974513, 1.4407262802124023, '2024-07-17 13:21:57', 4)
pval: [0.001] -- 28th test, time elapsed 1.4407262802124023 -- emperical power so far (from test_start): 0.6428571428571429
db insert success
tensor(92.0936, device='cuda:0')
(29, 3, 0, 2, 2000, 'chi', 'genrr', 92.0936279296875, 0.00800000037997961, 1.4389474391937256, '2024-07-17 13:22:10', 4)
pval: [0.008] -- 29th test, time elapsed 1.4389474391937256 -- emperical power so far (from test_start): 0.6551724137931034
db insert success
tensor(116.2443, device='cuda:0')
(30, 3, 0, 2, 2000, 'chi', 'genrr', 116.24430847167969, 0.0010000000474974513, 1.442603588104248, '2024-07-17 13:22:18', 4)
pval: [0.001] -- 30th test, time elapsed 1.442603588104248 -- emperical power so far (from test_start): 0.6666666666666666
db insert success
tensor(106.8290, device='cuda:0')
(31, 3, 0, 2, 2000, 'chi', 'genrr', 106.82897186279297, 0.0010000000474974513, 1.4403772354125977, '2024-07-17 13:22:39', 4)
pval: [0.001] -- 31th test, time elapsed 1.4403772354125977 -- emperical power so far (from test_start): 0.6774193548387096
db insert success
tensor(73.9551, device='cuda:0')
(32, 3, 0, 2, 2000, 'chi', 'genrr', 73.95514678955078, 0.16900001466274261, 1.4431285858154297, '2024-07-17 13:22:57', 4)
pval: [0.16900001] -- 32th test, time elapsed 1.4431285858154297 -- emperical power so far (from test_start): 0.65625
db insert success
tensor(107.6653, device='cuda:0')
(33, 3, 0, 2, 2000, 'chi', 'genrr', 107.66527557373047, 0.0010000000474974513, 1.4390151500701904, '2024-07-17 13:23:07', 4)
pval: [0.001] -- 33th test, time elapsed 1.4390151500701904 -- emperical power so far (from test_start): 0.6666666666666666
db insert success
tensor(95.6293, device='cuda:0')
(34, 3, 0, 2, 2000, 'chi', 'genrr', 95.62928771972656, 0.005000000353902578, 1.4339427947998047, '2024-07-17 13:23:09', 4)
pval: [0.005] -- 34th test, time elapsed 1.4339427947998047 -- emperical power so far (from test_start): 0.6764705882352942
db insert success
tensor(77.7559, device='cuda:0')
(35, 3, 0, 2, 2000, 'chi', 'genrr', 77.75586700439453, 0.09700000286102295, 1.4413249492645264, '2024-07-17 13:23:15', 4)
pval: [0.097] -- 35th test, time elapsed 1.4413249492645264 -- emperical power so far (from test_start): 0.6571428571428571
db insert success
tensor(91.1543, device='cuda:0')
(36, 3, 0, 2, 2000, 'chi', 'genrr', 91.15434265136719, 0.010000000707805157, 1.4441947937011719, '2024-07-17 13:23:22', 4)
pval: [0.01] -- 36th test, time elapsed 1.4441947937011719 -- emperical power so far (from test_start): 0.6666666666666666
db insert success
tensor(73.5673, device='cuda:0')
(37, 3, 0, 2, 2000, 'chi', 'genrr', 73.56732940673828, 0.1770000010728836, 1.43565034866333, '2024-07-17 13:23:38', 4)
pval: [0.177] -- 37th test, time elapsed 1.43565034866333 -- emperical power so far (from test_start): 0.6486486486486487
db insert success
tensor(101.4178, device='cuda:0')
(38, 3, 0, 2, 2000, 'chi', 'genrr', 101.4178466796875, 0.0010000000474974513, 1.4446322917938232, '2024-07-17 13:23:42', 4)
pval: [0.001] -- 38th test, time elapsed 1.4446322917938232 -- emperical power so far (from test_start): 0.6578947368421053
db insert success
tensor(83.9130, device='cuda:0')
(39, 3, 0, 2, 2000, 'chi', 'genrr', 83.91304016113281, 0.046000003814697266, 1.4877824783325195, '2024-07-17 13:23:45', 4)
pval: [0.046] -- 39th test, time elapsed 1.4877824783325195 -- emperical power so far (from test_start): 0.6666666666666666
db insert success
tensor(78.9924, device='cuda:0')
(40, 3, 0, 2, 2000, 'chi', 'genrr', 78.99242401123047, 0.09100000560283661, 1.442218542098999, '2024-07-17 13:24:03', 4)
pval: [0.09100001] -- 40th test, time elapsed 1.442218542098999 -- emperical power so far (from test_start): 0.65
db insert success
tensor(70.4015, device='cuda:0')
(41, 3, 0, 2, 2000, 'chi', 'genrr', 70.40145874023438, 0.2630000114440918, 1.4372868537902832, '2024-07-17 13:24:07', 4)
pval: [0.26300001] -- 41th test, time elapsed 1.4372868537902832 -- emperical power so far (from test_start): 0.6341463414634146
db insert success
tensor(86.2984, device='cuda:0')
(42, 3, 0, 2, 2000, 'chi', 'genrr', 86.29844665527344, 0.024000000208616257, 1.4429559707641602, '2024-07-17 13:24:17', 4)
pval: [0.024] -- 42th test, time elapsed 1.4429559707641602 -- emperical power so far (from test_start): 0.6428571428571429
db insert success
tensor(101.1400, device='cuda:0')
(43, 3, 0, 2, 2000, 'chi', 'genrr', 101.13996124267578, 0.0010000000474974513, 1.441035509109497, '2024-07-17 13:24:34', 4)
pval: [0.001] -- 43th test, time elapsed 1.441035509109497 -- emperical power so far (from test_start): 0.6511627906976745
db insert success
tensor(64.8333, device='cuda:0')
(44, 3, 0, 2, 2000, 'chi', 'genrr', 64.83332061767578, 0.42600002884864807, 1.432513952255249, '2024-07-17 13:24:49', 4)
pval: [0.42600003] -- 44th test, time elapsed 1.432513952255249 -- emperical power so far (from test_start): 0.6363636363636364
db insert success
tensor(93.1806, device='cuda:0')
(45, 3, 0, 2, 2000, 'chi', 'genrr', 93.18057250976562, 0.009000000543892384, 1.4387474060058594, '2024-07-17 13:25:04', 4)
pval: [0.009] -- 45th test, time elapsed 1.4387474060058594 -- emperical power so far (from test_start): 0.6444444444444445
db insert success
tensor(66.4263, device='cuda:0')
(46, 3, 0, 2, 2000, 'chi', 'genrr', 66.42626190185547, 0.3790000081062317, 1.4421155452728271, '2024-07-17 13:25:06', 4)
pval: [0.37900001] -- 46th test, time elapsed 1.4421155452728271 -- emperical power so far (from test_start): 0.6304347826086957
db insert success
tensor(73.0875, device='cuda:0')
(47, 3, 0, 2, 2000, 'chi', 'genrr', 73.0875015258789, 0.1940000057220459, 1.4411194324493408, '2024-07-17 13:25:24', 4)
pval: [0.19400001] -- 47th test, time elapsed 1.4411194324493408 -- emperical power so far (from test_start): 0.6170212765957447
db insert success
tensor(102.8917, device='cuda:0')
(48, 3, 0, 2, 2000, 'chi', 'genrr', 102.89173126220703, 0.0020000000949949026, 1.455434799194336, '2024-07-17 13:25:44', 4)
pval: [0.002] -- 48th test, time elapsed 1.455434799194336 -- emperical power so far (from test_start): 0.625
db insert success
tensor(98.4355, device='cuda:0')
(49, 3, 0, 2, 2000, 'chi', 'genrr', 98.43545532226562, 0.006000000052154064, 1.441406488418579, '2024-07-17 13:26:04', 4)
pval: [0.006] -- 49th test, time elapsed 1.441406488418579 -- emperical power so far (from test_start): 0.6326530612244898
db insert success
tensor(74.5854, device='cuda:0')
(50, 3, 0, 2, 2000, 'chi', 'genrr', 74.58538818359375, 0.1550000011920929, 1.4438395500183105, '2024-07-17 13:26:17', 4)
pval: [0.155] -- 50th test, time elapsed 1.4438395500183105 -- emperical power so far (from test_start): 0.62
db insert success
tensor(84.6929, device='cuda:0')
(51, 3, 0, 2, 2000, 'chi', 'genrr', 84.69285583496094, 0.039000000804662704, 1.4406852722167969, '2024-07-17 13:26:32', 4)
pval: [0.039] -- 51th test, time elapsed 1.4406852722167969 -- emperical power so far (from test_start): 0.6274509803921569
db insert success
tensor(78.8750, device='cuda:0')
(52, 3, 0, 2, 2000, 'chi', 'genrr', 78.875, 0.08500000089406967, 1.4389052391052246, '2024-07-17 13:26:37', 4)
pval: [0.085] -- 52th test, time elapsed 1.4389052391052246 -- emperical power so far (from test_start): 0.6153846153846154
db insert success
tensor(148.9820, device='cuda:0')
(53, 3, 0, 2, 2000, 'chi', 'genrr', 148.9820098876953, 0.0010000000474974513, 1.4389269351959229, '2024-07-17 13:26:43', 4)
pval: [0.001] -- 53th test, time elapsed 1.4389269351959229 -- emperical power so far (from test_start): 0.6226415094339622
db insert success
tensor(65.6458, device='cuda:0')
(54, 3, 0, 2, 2000, 'chi', 'genrr', 65.64584350585938, 0.4020000100135803, 1.4401698112487793, '2024-07-17 13:26:53', 4)
pval: [0.40200001] -- 54th test, time elapsed 1.4401698112487793 -- emperical power so far (from test_start): 0.6111111111111112
db insert success
tensor(79.6001, device='cuda:0')
(55, 3, 0, 2, 2000, 'chi', 'genrr', 79.60012817382812, 0.07600000500679016, 1.4398729801177979, '2024-07-17 13:27:06', 4)
pval: [0.07600001] -- 55th test, time elapsed 1.4398729801177979 -- emperical power so far (from test_start): 0.6
db insert success
tensor(107.0829, device='cuda:0')
(56, 3, 0, 2, 2000, 'chi', 'genrr', 107.08287811279297, 0.0010000000474974513, 1.4388117790222168, '2024-07-17 13:27:19', 4)
pval: [0.001] -- 56th test, time elapsed 1.4388117790222168 -- emperical power so far (from test_start): 0.6071428571428571
db insert success
tensor(100.9202, device='cuda:0')
(57, 3, 0, 2, 2000, 'chi', 'genrr', 100.92015838623047, 0.004000000189989805, 1.4410808086395264, '2024-07-17 13:27:38', 4)
pval: [0.004] -- 57th test, time elapsed 1.4410808086395264 -- emperical power so far (from test_start): 0.6140350877192983
db insert success
tensor(70.7594, device='cuda:0')
(58, 3, 0, 2, 2000, 'chi', 'genrr', 70.7593994140625, 0.2330000102519989, 1.446465015411377, '2024-07-17 13:27:51', 4)
pval: [0.23300001] -- 58th test, time elapsed 1.446465015411377 -- emperical power so far (from test_start): 0.603448275862069
db insert success
tensor(69.7157, device='cuda:0')
(59, 3, 0, 2, 2000, 'chi', 'genrr', 69.71568298339844, 0.2540000081062317, 1.4379055500030518, '2024-07-17 13:28:03', 4)
pval: [0.25400001] -- 59th test, time elapsed 1.4379055500030518 -- emperical power so far (from test_start): 0.5932203389830508
db insert success
tensor(84.8561, device='cuda:0')
(60, 3, 0, 2, 2000, 'chi', 'genrr', 84.8560562133789, 0.03500000014901161, 1.4506416320800781, '2024-07-17 13:28:08', 4)
pval: [0.035] -- 60th test, time elapsed 1.4506416320800781 -- emperical power so far (from test_start): 0.6
db insert success
tensor(84.9428, device='cuda:0')
(61, 3, 0, 2, 2000, 'chi', 'genrr', 84.94281005859375, 0.02200000174343586, 1.4460039138793945, '2024-07-17 13:28:18', 4)
pval: [0.022] -- 61th test, time elapsed 1.4460039138793945 -- emperical power so far (from test_start): 0.6065573770491803
db insert success
tensor(84.5243, device='cuda:0')
(62, 3, 0, 2, 2000, 'chi', 'genrr', 84.52429962158203, 0.03700000047683716, 1.4425749778747559, '2024-07-17 13:28:39', 4)
pval: [0.037] -- 62th test, time elapsed 1.4425749778747559 -- emperical power so far (from test_start): 0.6129032258064516
db insert success
tensor(120.0668, device='cuda:0')
(63, 3, 0, 2, 2000, 'chi', 'genrr', 120.0667724609375, 0.0010000000474974513, 1.4382541179656982, '2024-07-17 13:28:41', 4)
pval: [0.001] -- 63th test, time elapsed 1.4382541179656982 -- emperical power so far (from test_start): 0.6190476190476191
db insert success
tensor(57.9344, device='cuda:0')
(64, 3, 0, 2, 2000, 'chi', 'genrr', 57.934417724609375, 0.6480000019073486, 1.4458982944488525, '2024-07-17 13:28:45', 4)
pval: [0.648] -- 64th test, time elapsed 1.4458982944488525 -- emperical power so far (from test_start): 0.609375
db insert success
tensor(84.0289, device='cuda:0')
(65, 3, 0, 2, 2000, 'chi', 'genrr', 84.02886199951172, 0.04400000348687172, 1.443324089050293, '2024-07-17 13:28:53', 4)
pval: [0.044] -- 65th test, time elapsed 1.443324089050293 -- emperical power so far (from test_start): 0.6153846153846154
db insert success
tensor(62.4795, device='cuda:0')
(66, 3, 0, 2, 2000, 'chi', 'genrr', 62.479522705078125, 0.5290000438690186, 1.4426827430725098, '2024-07-17 13:29:13', 4)
pval: [0.52900004] -- 66th test, time elapsed 1.4426827430725098 -- emperical power so far (from test_start): 0.6060606060606061
db insert success
tensor(86.5238, device='cuda:0')
(67, 3, 0, 2, 2000, 'chi', 'genrr', 86.52377319335938, 0.027000000700354576, 1.4403865337371826, '2024-07-17 13:29:26', 4)
pval: [0.027] -- 67th test, time elapsed 1.4403865337371826 -- emperical power so far (from test_start): 0.6119402985074627
db insert success
tensor(84.9447, device='cuda:0')
(68, 3, 0, 2, 2000, 'chi', 'genrr', 84.94474029541016, 0.0430000014603138, 1.4472410678863525, '2024-07-17 13:29:37', 4)
pval: [0.043] -- 68th test, time elapsed 1.4472410678863525 -- emperical power so far (from test_start): 0.6176470588235294
db insert success
tensor(88.9071, device='cuda:0')
(69, 3, 0, 2, 2000, 'chi', 'genrr', 88.90711212158203, 0.01600000075995922, 1.441671371459961, '2024-07-17 13:29:54', 4)
pval: [0.016] -- 69th test, time elapsed 1.441671371459961 -- emperical power so far (from test_start): 0.6231884057971014
db insert success
tensor(88.8293, device='cuda:0')
(70, 3, 0, 2, 2000, 'chi', 'genrr', 88.82929992675781, 0.01600000075995922, 1.4421591758728027, '2024-07-17 13:30:13', 4)
pval: [0.016] -- 70th test, time elapsed 1.4421591758728027 -- emperical power so far (from test_start): 0.6285714285714286
db insert success
tensor(86.7370, device='cuda:0')
(71, 3, 0, 2, 2000, 'chi', 'genrr', 86.73697662353516, 0.027000000700354576, 1.4398295879364014, '2024-07-17 13:30:21', 4)
pval: [0.027] -- 71th test, time elapsed 1.4398295879364014 -- emperical power so far (from test_start): 0.6338028169014085
db insert success
tensor(125.2202, device='cuda:0')
(72, 3, 0, 2, 2000, 'chi', 'genrr', 125.22016906738281, 0.0010000000474974513, 1.442960500717163, '2024-07-17 13:30:40', 4)
pval: [0.001] -- 72th test, time elapsed 1.442960500717163 -- emperical power so far (from test_start): 0.6388888888888888
db insert success
tensor(111.8402, device='cuda:0')
(73, 3, 0, 2, 2000, 'chi', 'genrr', 111.8402099609375, 0.0020000000949949026, 1.4448926448822021, '2024-07-17 13:30:55', 4)
pval: [0.002] -- 73th test, time elapsed 1.4448926448822021 -- emperical power so far (from test_start): 0.6438356164383562
db insert success
tensor(88.7531, device='cuda:0')
(74, 3, 0, 2, 2000, 'chi', 'genrr', 88.75314331054688, 0.010000000707805157, 1.4539532661437988, '2024-07-17 13:31:04', 4)
pval: [0.01] -- 74th test, time elapsed 1.4539532661437988 -- emperical power so far (from test_start): 0.6486486486486487
db insert success
tensor(107.3000, device='cuda:0')
(75, 3, 0, 2, 2000, 'chi', 'genrr', 107.300048828125, 0.0010000000474974513, 1.4483850002288818, '2024-07-17 13:31:08', 4)
pval: [0.001] -- 75th test, time elapsed 1.4483850002288818 -- emperical power so far (from test_start): 0.6533333333333333
db insert success
tensor(85.8820, device='cuda:0')
(76, 3, 0, 2, 2000, 'chi', 'genrr', 85.88198852539062, 0.024000000208616257, 1.4474647045135498, '2024-07-17 13:31:26', 4)
pval: [0.024] -- 76th test, time elapsed 1.4474647045135498 -- emperical power so far (from test_start): 0.6578947368421053
db insert success
tensor(78.9489, device='cuda:0')
(77, 3, 0, 2, 2000, 'chi', 'genrr', 78.94892883300781, 0.0950000062584877, 1.4426910877227783, '2024-07-17 13:31:42', 4)
pval: [0.09500001] -- 77th test, time elapsed 1.4426910877227783 -- emperical power so far (from test_start): 0.6493506493506493
db insert success
tensor(74.6423, device='cuda:0')
(78, 3, 0, 2, 2000, 'chi', 'genrr', 74.64228057861328, 0.1420000046491623, 1.4435577392578125, '2024-07-17 13:31:54', 4)
pval: [0.142] -- 78th test, time elapsed 1.4435577392578125 -- emperical power so far (from test_start): 0.6410256410256411
db insert success
tensor(84.4405, device='cuda:0')
(79, 3, 0, 2, 2000, 'chi', 'genrr', 84.44051361083984, 0.0430000014603138, 1.4474608898162842, '2024-07-17 13:32:10', 4)
pval: [0.043] -- 79th test, time elapsed 1.4474608898162842 -- emperical power so far (from test_start): 0.6455696202531646
db insert success
tensor(88.9560, device='cuda:0')
(80, 3, 0, 2, 2000, 'chi', 'genrr', 88.95596313476562, 0.020000001415610313, 1.4445381164550781, '2024-07-17 13:32:21', 4)
pval: [0.02] -- 80th test, time elapsed 1.4445381164550781 -- emperical power so far (from test_start): 0.65
db insert success
tensor(91.4766, device='cuda:0')
(81, 3, 0, 2, 2000, 'chi', 'genrr', 91.47659301757812, 0.012000000104308128, 1.4419019222259521, '2024-07-17 13:32:34', 4)
pval: [0.012] -- 81th test, time elapsed 1.4419019222259521 -- emperical power so far (from test_start): 0.654320987654321
db insert success
tensor(72.3352, device='cuda:0')
(82, 3, 0, 2, 2000, 'chi', 'genrr', 72.33515167236328, 0.20000000298023224, 1.4508538246154785, '2024-07-17 13:32:47', 4)
pval: [0.2] -- 82th test, time elapsed 1.4508538246154785 -- emperical power so far (from test_start): 0.6463414634146342
db insert success
tensor(88.8579, device='cuda:0')
(83, 3, 0, 2, 2000, 'chi', 'genrr', 88.85791015625, 0.021000001579523087, 1.4443004131317139, '2024-07-17 13:33:02', 4)
pval: [0.021] -- 83th test, time elapsed 1.4443004131317139 -- emperical power so far (from test_start): 0.6506024096385542
db insert success
tensor(64.4256, device='cuda:0')
(84, 3, 0, 2, 2000, 'chi', 'genrr', 64.42558288574219, 0.42900002002716064, 1.4423260688781738, '2024-07-17 13:33:07', 4)
pval: [0.42900002] -- 84th test, time elapsed 1.4423260688781738 -- emperical power so far (from test_start): 0.6428571428571429
db insert success
tensor(75.9472, device='cuda:0')
(85, 3, 0, 2, 2000, 'chi', 'genrr', 75.94717407226562, 0.12200000882148743, 1.448974609375, '2024-07-17 13:33:27', 4)
pval: [0.12200001] -- 85th test, time elapsed 1.448974609375 -- emperical power so far (from test_start): 0.6352941176470588
db insert success
tensor(84.9554, device='cuda:0')
(86, 3, 0, 2, 2000, 'chi', 'genrr', 84.95543670654297, 0.030000001192092896, 1.4478116035461426, '2024-07-17 13:33:38', 4)
pval: [0.03] -- 86th test, time elapsed 1.4478116035461426 -- emperical power so far (from test_start): 0.6395348837209303
db insert success
tensor(109.0105, device='cuda:0')
(87, 3, 0, 2, 2000, 'chi', 'genrr', 109.01046752929688, 0.0010000000474974513, 1.4410169124603271, '2024-07-17 13:33:57', 4)
pval: [0.001] -- 87th test, time elapsed 1.4410169124603271 -- emperical power so far (from test_start): 0.6436781609195402
db insert success
tensor(98.7380, device='cuda:0')
(88, 3, 0, 2, 2000, 'chi', 'genrr', 98.73799133300781, 0.0020000000949949026, 1.4472100734710693, '2024-07-17 13:34:16', 4)
pval: [0.002] -- 88th test, time elapsed 1.4472100734710693 -- emperical power so far (from test_start): 0.6477272727272727
db insert success
tensor(70.9782, device='cuda:0')
(89, 3, 0, 2, 2000, 'chi', 'genrr', 70.97820281982422, 0.23800000548362732, 1.4428176879882812, '2024-07-17 13:34:21', 4)
pval: [0.23800001] -- 89th test, time elapsed 1.4428176879882812 -- emperical power so far (from test_start): 0.6404494382022472
db insert success
tensor(120.8067, device='cuda:0')
(90, 3, 0, 2, 2000, 'chi', 'genrr', 120.80670928955078, 0.0010000000474974513, 1.4381718635559082, '2024-07-17 13:34:42', 4)
pval: [0.001] -- 90th test, time elapsed 1.4381718635559082 -- emperical power so far (from test_start): 0.6444444444444445
db insert success
tensor(93.1318, device='cuda:0')
(91, 3, 0, 2, 2000, 'chi', 'genrr', 93.13177490234375, 0.007000000216066837, 1.4421417713165283, '2024-07-17 13:34:52', 4)
pval: [0.007] -- 91th test, time elapsed 1.4421417713165283 -- emperical power so far (from test_start): 0.6483516483516484
db insert success
tensor(84.6265, device='cuda:0')
(92, 3, 0, 2, 2000, 'chi', 'genrr', 84.62654113769531, 0.02800000086426735, 1.4456257820129395, '2024-07-17 13:35:04', 4)
pval: [0.028] -- 92th test, time elapsed 1.4456257820129395 -- emperical power so far (from test_start): 0.6521739130434783
db insert success
tensor(114.4991, device='cuda:0')
(93, 3, 0, 2, 2000, 'chi', 'genrr', 114.4991226196289, 0.0010000000474974513, 1.447314739227295, '2024-07-17 13:35:15', 4)
pval: [0.001] -- 93th test, time elapsed 1.447314739227295 -- emperical power so far (from test_start): 0.6559139784946236
db insert success
tensor(127.0861, device='cuda:0')
(94, 3, 0, 2, 2000, 'chi', 'genrr', 127.08606719970703, 0.0010000000474974513, 1.4461395740509033, '2024-07-17 13:35:25', 4)
pval: [0.001] -- 94th test, time elapsed 1.4461395740509033 -- emperical power so far (from test_start): 0.6595744680851063
db insert success
tensor(57.2584, device='cuda:0')
(95, 3, 0, 2, 2000, 'chi', 'genrr', 57.2584228515625, 0.6780000329017639, 1.4533452987670898, '2024-07-17 13:35:39', 4)
pval: [0.67800003] -- 95th test, time elapsed 1.4533452987670898 -- emperical power so far (from test_start): 0.6526315789473685
db insert success
tensor(91.6371, device='cuda:0')
(96, 3, 0, 2, 2000, 'chi', 'genrr', 91.63713073730469, 0.010000000707805157, 1.440399169921875, '2024-07-17 13:35:50', 4)
pval: [0.01] -- 96th test, time elapsed 1.440399169921875 -- emperical power so far (from test_start): 0.65625
db insert success
tensor(93.2636, device='cuda:0')
(97, 3, 0, 2, 2000, 'chi', 'genrr', 93.26360321044922, 0.014000000432133675, 1.441798448562622, '2024-07-17 13:36:10', 4)
pval: [0.014] -- 97th test, time elapsed 1.441798448562622 -- emperical power so far (from test_start): 0.6597938144329897
db insert success
tensor(93.8325, device='cuda:0')
(98, 3, 0, 2, 2000, 'chi', 'genrr', 93.83250427246094, 0.007000000216066837, 1.4514663219451904, '2024-07-17 13:36:29', 4)
pval: [0.007] -- 98th test, time elapsed 1.4514663219451904 -- emperical power so far (from test_start): 0.6632653061224489
db insert success
tensor(78.4305, device='cuda:0')
(99, 3, 0, 2, 2000, 'chi', 'genrr', 78.43051147460938, 0.09100000560283661, 1.4393603801727295, '2024-07-17 13:36:46', 4)
pval: [0.09100001] -- 99th test, time elapsed 1.4393603801727295 -- emperical power so far (from test_start): 0.6565656565656566
db insert success
tensor(70.0942, device='cuda:0')
(100, 3, 0, 2, 2000, 'chi', 'genrr', 70.09417724609375, 0.24700000882148743, 1.4466795921325684, '2024-07-17 13:37:02', 4)
pval: [0.24700001] -- 100th test, time elapsed 1.4466795921325684 -- emperical power so far (from test_start): 0.65
db insert success
tensor(108.6906, device='cuda:0')
(101, 3, 0, 2, 2000, 'chi', 'genrr', 108.69062805175781, 0.0010000000474974513, 1.4406168460845947, '2024-07-17 13:37:16', 4)
pval: [0.001] -- 101th test, time elapsed 1.4406168460845947 -- emperical power so far (from test_start): 0.6534653465346535
db insert success
tensor(99.1147, device='cuda:0')
(102, 3, 0, 2, 2000, 'chi', 'genrr', 99.11470794677734, 0.003000000026077032, 1.4408483505249023, '2024-07-17 13:37:23', 4)
pval: [0.003] -- 102th test, time elapsed 1.4408483505249023 -- emperical power so far (from test_start): 0.6568627450980392
db insert success
tensor(94.9481, device='cuda:0')
(103, 3, 0, 2, 2000, 'chi', 'genrr', 94.94813537597656, 0.009000000543892384, 1.4530854225158691, '2024-07-17 13:37:25', 4)
pval: [0.009] -- 103th test, time elapsed 1.4530854225158691 -- emperical power so far (from test_start): 0.6601941747572816
db insert success
tensor(95.4352, device='cuda:0')
(104, 3, 0, 2, 2000, 'chi', 'genrr', 95.43522644042969, 0.003000000026077032, 1.4415109157562256, '2024-07-17 13:37:37', 4)
pval: [0.003] -- 104th test, time elapsed 1.4415109157562256 -- emperical power so far (from test_start): 0.6634615384615384
db insert success
tensor(70.1514, device='cuda:0')
(105, 3, 0, 2, 2000, 'chi', 'genrr', 70.15139770507812, 0.23800000548362732, 1.4426064491271973, '2024-07-17 13:37:44', 4)
pval: [0.23800001] -- 105th test, time elapsed 1.4426064491271973 -- emperical power so far (from test_start): 0.6571428571428571
db insert success
tensor(84.6058, device='cuda:0')
(106, 3, 0, 2, 2000, 'chi', 'genrr', 84.60579681396484, 0.032999999821186066, 1.4448919296264648, '2024-07-17 13:37:59', 4)
pval: [0.033] -- 106th test, time elapsed 1.4448919296264648 -- emperical power so far (from test_start): 0.660377358490566
db insert success
tensor(91.7368, device='cuda:0')
(107, 3, 0, 2, 2000, 'chi', 'genrr', 91.73678588867188, 0.00800000037997961, 1.4476137161254883, '2024-07-17 13:38:07', 4)
pval: [0.008] -- 107th test, time elapsed 1.4476137161254883 -- emperical power so far (from test_start): 0.6635514018691588
db insert success
tensor(81.7391, device='cuda:0')
(108, 3, 0, 2, 2000, 'chi', 'genrr', 81.73908996582031, 0.058000002056360245, 1.4428553581237793, '2024-07-17 13:38:19', 4)
pval: [0.058] -- 108th test, time elapsed 1.4428553581237793 -- emperical power so far (from test_start): 0.6574074074074074
db insert success
tensor(69.6585, device='cuda:0')
(109, 3, 0, 2, 2000, 'chi', 'genrr', 69.65850067138672, 0.2760000228881836, 1.4462461471557617, '2024-07-17 13:38:33', 4)
pval: [0.27600002] -- 109th test, time elapsed 1.4462461471557617 -- emperical power so far (from test_start): 0.6513761467889908
db insert success
tensor(87.1592, device='cuda:0')
(110, 3, 0, 2, 2000, 'chi', 'genrr', 87.15922546386719, 0.020000001415610313, 1.4422221183776855, '2024-07-17 13:38:39', 4)
pval: [0.02] -- 110th test, time elapsed 1.4422221183776855 -- emperical power so far (from test_start): 0.6545454545454545
db insert success
tensor(82.6483, device='cuda:0')
(111, 3, 0, 2, 2000, 'chi', 'genrr', 82.64833068847656, 0.04100000113248825, 1.4428441524505615, '2024-07-17 13:38:55', 4)
pval: [0.041] -- 111th test, time elapsed 1.4428441524505615 -- emperical power so far (from test_start): 0.6576576576576577
db insert success
tensor(76.7504, device='cuda:0')
(112, 3, 0, 2, 2000, 'chi', 'genrr', 76.75040435791016, 0.1210000067949295, 1.4485383033752441, '2024-07-17 13:38:58', 4)
pval: [0.12100001] -- 112th test, time elapsed 1.4485383033752441 -- emperical power so far (from test_start): 0.6517857142857143
db insert success
tensor(80.1432, device='cuda:0')
(113, 3, 0, 2, 2000, 'chi', 'genrr', 80.1431655883789, 0.07800000160932541, 1.4458117485046387, '2024-07-17 13:39:08', 4)
pval: [0.078] -- 113th test, time elapsed 1.4458117485046387 -- emperical power so far (from test_start): 0.6460176991150443
db insert success
tensor(73.5887, device='cuda:0')
(114, 3, 0, 2, 2000, 'chi', 'genrr', 73.58866882324219, 0.1680000126361847, 1.4575927257537842, '2024-07-17 13:39:23', 4)
pval: [0.16800001] -- 114th test, time elapsed 1.4575927257537842 -- emperical power so far (from test_start): 0.6403508771929824
db insert success
tensor(84.3495, device='cuda:0')
(115, 3, 0, 2, 2000, 'chi', 'genrr', 84.34954071044922, 0.04500000178813934, 1.4377634525299072, '2024-07-17 13:39:40', 4)
pval: [0.045] -- 115th test, time elapsed 1.4377634525299072 -- emperical power so far (from test_start): 0.6434782608695652
db insert success
tensor(120.7308, device='cuda:0')
(116, 3, 0, 2, 2000, 'chi', 'genrr', 120.73075103759766, 0.0010000000474974513, 1.4440417289733887, '2024-07-17 13:39:52', 4)
pval: [0.001] -- 116th test, time elapsed 1.4440417289733887 -- emperical power so far (from test_start): 0.646551724137931
db insert success
tensor(88.9317, device='cuda:0')
(117, 3, 0, 2, 2000, 'chi', 'genrr', 88.93170166015625, 0.013000000268220901, 1.4395716190338135, '2024-07-17 13:39:56', 4)
pval: [0.013] -- 117th test, time elapsed 1.4395716190338135 -- emperical power so far (from test_start): 0.6495726495726496
db insert success
tensor(105.9344, device='cuda:0')
(118, 3, 0, 2, 2000, 'chi', 'genrr', 105.93441009521484, 0.0010000000474974513, 1.443680763244629, '2024-07-17 13:40:01', 4)
pval: [0.001] -- 118th test, time elapsed 1.443680763244629 -- emperical power so far (from test_start): 0.652542372881356
db insert success
tensor(95.0269, device='cuda:0')
(119, 3, 0, 2, 2000, 'chi', 'genrr', 95.02688598632812, 0.009000000543892384, 1.4429223537445068, '2024-07-17 13:40:10', 4)
pval: [0.009] -- 119th test, time elapsed 1.4429223537445068 -- emperical power so far (from test_start): 0.6554621848739496
db insert success
tensor(82.5367, device='cuda:0')
(120, 3, 0, 2, 2000, 'chi', 'genrr', 82.53670501708984, 0.058000002056360245, 1.4413917064666748, '2024-07-17 13:40:27', 4)
pval: [0.058] -- 120th test, time elapsed 1.4413917064666748 -- emperical power so far (from test_start): 0.65
db insert success
tensor(130.4003, device='cuda:0')
(121, 3, 0, 2, 2000, 'chi', 'genrr', 130.4003143310547, 0.0010000000474974513, 1.4424123764038086, '2024-07-17 13:40:36', 4)
pval: [0.001] -- 121th test, time elapsed 1.4424123764038086 -- emperical power so far (from test_start): 0.6528925619834711
db insert success
tensor(95.2158, device='cuda:0')
(122, 3, 0, 2, 2000, 'chi', 'genrr', 95.21576690673828, 0.004000000189989805, 1.4413352012634277, '2024-07-17 13:40:47', 4)
pval: [0.004] -- 122th test, time elapsed 1.4413352012634277 -- emperical power so far (from test_start): 0.6557377049180327
db insert success
tensor(94.4398, device='cuda:0')
(123, 3, 0, 2, 2000, 'chi', 'genrr', 94.43978118896484, 0.006000000052154064, 1.4397239685058594, '2024-07-17 13:40:58', 4)
pval: [0.006] -- 123th test, time elapsed 1.4397239685058594 -- emperical power so far (from test_start): 0.6585365853658537
db insert success
tensor(86.8146, device='cuda:0')
(124, 3, 0, 2, 2000, 'chi', 'genrr', 86.81462097167969, 0.032999999821186066, 1.4441204071044922, '2024-07-17 13:41:07', 4)
pval: [0.033] -- 124th test, time elapsed 1.4441204071044922 -- emperical power so far (from test_start): 0.6612903225806451
db insert success
tensor(92.8125, device='cuda:0')
(125, 3, 0, 2, 2000, 'chi', 'genrr', 92.81253051757812, 0.005000000353902578, 1.4443728923797607, '2024-07-17 13:41:14', 4)
pval: [0.005] -- 125th test, time elapsed 1.4443728923797607 -- emperical power so far (from test_start): 0.664
db insert success
tensor(86.6793, device='cuda:0')
(126, 3, 0, 2, 2000, 'chi', 'genrr', 86.6793212890625, 0.02500000037252903, 1.4456603527069092, '2024-07-17 13:41:28', 4)
pval: [0.025] -- 126th test, time elapsed 1.4456603527069092 -- emperical power so far (from test_start): 0.6666666666666666
db insert success
tensor(78.1209, device='cuda:0')
(127, 3, 0, 2, 2000, 'chi', 'genrr', 78.12085723876953, 0.1080000028014183, 1.4409992694854736, '2024-07-17 13:41:31', 4)
pval: [0.108] -- 127th test, time elapsed 1.4409992694854736 -- emperical power so far (from test_start): 0.6614173228346457
db insert success
tensor(86.2259, device='cuda:0')
(128, 3, 0, 2, 2000, 'chi', 'genrr', 86.22589111328125, 0.03100000135600567, 1.443535566329956, '2024-07-17 13:41:51', 4)
pval: [0.031] -- 128th test, time elapsed 1.443535566329956 -- emperical power so far (from test_start): 0.6640625
db insert success
tensor(104.3644, device='cuda:0')
(129, 3, 0, 2, 2000, 'chi', 'genrr', 104.36441802978516, 0.003000000026077032, 1.43961501121521, '2024-07-17 13:41:58', 4)
pval: [0.003] -- 129th test, time elapsed 1.43961501121521 -- emperical power so far (from test_start): 0.6666666666666666
db insert success
tensor(88.8837, device='cuda:0')
(130, 3, 0, 2, 2000, 'chi', 'genrr', 88.88373565673828, 0.02200000174343586, 1.441488265991211, '2024-07-17 13:42:16', 4)
pval: [0.022] -- 130th test, time elapsed 1.441488265991211 -- emperical power so far (from test_start): 0.6692307692307692
db insert success
tensor(62.1982, device='cuda:0')
(131, 3, 0, 2, 2000, 'chi', 'genrr', 62.198238372802734, 0.5120000243186951, 1.4406776428222656, '2024-07-17 13:42:36', 4)
pval: [0.51200002] -- 131th test, time elapsed 1.4406776428222656 -- emperical power so far (from test_start): 0.6641221374045801
db insert success
tensor(84.6941, device='cuda:0')
(132, 3, 0, 2, 2000, 'chi', 'genrr', 84.6940689086914, 0.03100000135600567, 1.4443943500518799, '2024-07-17 13:42:50', 4)
pval: [0.031] -- 132th test, time elapsed 1.4443943500518799 -- emperical power so far (from test_start): 0.6666666666666666
db insert success
tensor(98.2431, device='cuda:0')
(133, 3, 0, 2, 2000, 'chi', 'genrr', 98.24313354492188, 0.003000000026077032, 1.4459667205810547, '2024-07-17 13:43:09', 4)
pval: [0.003] -- 133th test, time elapsed 1.4459667205810547 -- emperical power so far (from test_start): 0.6691729323308271
db insert success
tensor(89.5392, device='cuda:0')
(134, 3, 0, 2, 2000, 'chi', 'genrr', 89.53917694091797, 0.01900000125169754, 1.4446756839752197, '2024-07-17 13:43:30', 4)
pval: [0.019] -- 134th test, time elapsed 1.4446756839752197 -- emperical power so far (from test_start): 0.6716417910447762
db insert success
tensor(81.6264, device='cuda:0')
(135, 3, 0, 2, 2000, 'chi', 'genrr', 81.6264419555664, 0.05300000309944153, 1.4444756507873535, '2024-07-17 13:43:33', 4)
pval: [0.053] -- 135th test, time elapsed 1.4444756507873535 -- emperical power so far (from test_start): 0.6666666666666666
db insert success
tensor(90.3120, device='cuda:0')
(136, 3, 0, 2, 2000, 'chi', 'genrr', 90.31197357177734, 0.01600000075995922, 1.4494221210479736, '2024-07-17 13:43:46', 4)
pval: [0.016] -- 136th test, time elapsed 1.4494221210479736 -- emperical power so far (from test_start): 0.6691176470588235
db insert success
tensor(78.6910, device='cuda:0')
(137, 3, 0, 2, 2000, 'chi', 'genrr', 78.6910400390625, 0.09400000423192978, 1.4427905082702637, '2024-07-17 13:43:58', 4)
pval: [0.094] -- 137th test, time elapsed 1.4427905082702637 -- emperical power so far (from test_start): 0.6642335766423357
db insert success
tensor(95.0163, device='cuda:0')
(138, 3, 0, 2, 2000, 'chi', 'genrr', 95.0162582397461, 0.0020000000949949026, 1.444916009902954, '2024-07-17 13:44:09', 4)
pval: [0.002] -- 138th test, time elapsed 1.444916009902954 -- emperical power so far (from test_start): 0.6666666666666666
db insert success
tensor(93.1669, device='cuda:0')
(139, 3, 0, 2, 2000, 'chi', 'genrr', 93.16688537597656, 0.007000000216066837, 1.4404525756835938, '2024-07-17 13:44:18', 4)
pval: [0.007] -- 139th test, time elapsed 1.4404525756835938 -- emperical power so far (from test_start): 0.6690647482014388
db insert success
tensor(77.2155, device='cuda:0')
(140, 3, 0, 2, 2000, 'chi', 'genrr', 77.21546936035156, 0.11500000208616257, 1.4418063163757324, '2024-07-17 13:44:29', 4)
pval: [0.115] -- 140th test, time elapsed 1.4418063163757324 -- emperical power so far (from test_start): 0.6642857142857143
db insert success
tensor(90.3686, device='cuda:0')
(141, 3, 0, 2, 2000, 'chi', 'genrr', 90.36860656738281, 0.009000000543892384, 1.4419875144958496, '2024-07-17 13:44:44', 4)
pval: [0.009] -- 141th test, time elapsed 1.4419875144958496 -- emperical power so far (from test_start): 0.6666666666666666
db insert success
tensor(93.5140, device='cuda:0')
(142, 3, 0, 2, 2000, 'chi', 'genrr', 93.5140380859375, 0.01100000087171793, 1.4444899559020996, '2024-07-17 13:44:50', 4)
pval: [0.011] -- 142th test, time elapsed 1.4444899559020996 -- emperical power so far (from test_start): 0.6690140845070423
db insert success
tensor(54.0999, device='cuda:0')
(143, 3, 0, 2, 2000, 'chi', 'genrr', 54.09989929199219, 0.8050000667572021, 1.4418513774871826, '2024-07-17 13:44:56', 4)
pval: [0.80500007] -- 143th test, time elapsed 1.4418513774871826 -- emperical power so far (from test_start): 0.6643356643356644
db insert success
tensor(66.1446, device='cuda:0')
(144, 3, 0, 2, 2000, 'chi', 'genrr', 66.1446304321289, 0.37300002574920654, 1.4465830326080322, '2024-07-17 13:45:07', 4)
pval: [0.37300003] -- 144th test, time elapsed 1.4465830326080322 -- emperical power so far (from test_start): 0.6597222222222222
db insert success
tensor(84.4616, device='cuda:0')
(145, 3, 0, 2, 2000, 'chi', 'genrr', 84.46156311035156, 0.036000002175569534, 1.44923996925354, '2024-07-17 13:45:26', 4)
pval: [0.036] -- 145th test, time elapsed 1.44923996925354 -- emperical power so far (from test_start): 0.6620689655172414
db insert success
tensor(102.5733, device='cuda:0')
(146, 3, 0, 2, 2000, 'chi', 'genrr', 102.57325744628906, 0.003000000026077032, 1.4430065155029297, '2024-07-17 13:45:47', 4)
pval: [0.003] -- 146th test, time elapsed 1.4430065155029297 -- emperical power so far (from test_start): 0.6643835616438356
db insert success
tensor(92.1595, device='cuda:0')
(147, 3, 0, 2, 2000, 'chi', 'genrr', 92.15953826904297, 0.010000000707805157, 1.4417030811309814, '2024-07-17 13:45:53', 4)
pval: [0.01] -- 147th test, time elapsed 1.4417030811309814 -- emperical power so far (from test_start): 0.6666666666666666
db insert success
tensor(86.4156, device='cuda:0')
(148, 3, 0, 2, 2000, 'chi', 'genrr', 86.4156265258789, 0.030000001192092896, 1.438701868057251, '2024-07-17 13:45:57', 4)
pval: [0.03] -- 148th test, time elapsed 1.438701868057251 -- emperical power so far (from test_start): 0.668918918918919
db insert success
tensor(84.4606, device='cuda:0')
(149, 3, 0, 2, 2000, 'chi', 'genrr', 84.46062469482422, 0.036000002175569534, 1.4418234825134277, '2024-07-17 13:46:06', 4)
pval: [0.036] -- 149th test, time elapsed 1.4418234825134277 -- emperical power so far (from test_start): 0.6711409395973155
db insert success
tensor(104.6436, device='cuda:0')
(150, 3, 0, 2, 2000, 'chi', 'genrr', 104.64363861083984, 0.0010000000474974513, 1.452230453491211, '2024-07-17 13:46:26', 4)
pval: [0.001] -- 150th test, time elapsed 1.452230453491211 -- emperical power so far (from test_start): 0.6733333333333333
db insert success
tensor(67.3976, device='cuda:0')
(151, 3, 0, 2, 2000, 'chi', 'genrr', 67.39759826660156, 0.32100000977516174, 1.4389028549194336, '2024-07-17 13:46:41', 4)
pval: [0.32100001] -- 151th test, time elapsed 1.4389028549194336 -- emperical power so far (from test_start): 0.6688741721854304
db insert success
tensor(79.0677, device='cuda:0')
(152, 3, 0, 2, 2000, 'chi', 'genrr', 79.06770324707031, 0.0860000029206276, 1.4422390460968018, '2024-07-17 13:46:55', 4)
pval: [0.086] -- 152th test, time elapsed 1.4422390460968018 -- emperical power so far (from test_start): 0.6644736842105263
db insert success
tensor(110.2809, device='cuda:0')
(153, 3, 0, 2, 2000, 'chi', 'genrr', 110.28092193603516, 0.0020000000949949026, 1.4460499286651611, '2024-07-17 13:47:06', 4)
pval: [0.002] -- 153th test, time elapsed 1.4460499286651611 -- emperical power so far (from test_start): 0.6666666666666666
db insert success
tensor(115.0413, device='cuda:0')
(154, 3, 0, 2, 2000, 'chi', 'genrr', 115.04131317138672, 0.0010000000474974513, 1.439906358718872, '2024-07-17 13:47:20', 4)
pval: [0.001] -- 154th test, time elapsed 1.439906358718872 -- emperical power so far (from test_start): 0.6688311688311688
db insert success
tensor(93.3627, device='cuda:0')
(155, 3, 0, 2, 2000, 'chi', 'genrr', 93.36270141601562, 0.010000000707805157, 1.4490816593170166, '2024-07-17 13:47:34', 4)
pval: [0.01] -- 155th test, time elapsed 1.4490816593170166 -- emperical power so far (from test_start): 0.6709677419354839
db insert success
tensor(86.3489, device='cuda:0')
(156, 3, 0, 2, 2000, 'chi', 'genrr', 86.34886169433594, 0.026000000536441803, 1.1520464420318604, '2024-07-17 13:47:50', 4)
pval: [0.026] -- 156th test, time elapsed 1.1520464420318604 -- emperical power so far (from test_start): 0.6730769230769231
db insert success
tensor(85.0025, device='cuda:0')
(157, 3, 0, 2, 2000, 'chi', 'genrr', 85.00247192382812, 0.04200000315904617, 1.150024175643921, '2024-07-17 13:48:01', 4)
pval: [0.042] -- 157th test, time elapsed 1.150024175643921 -- emperical power so far (from test_start): 0.6751592356687898
db insert success
tensor(84.1985, device='cuda:0')
(158, 3, 0, 2, 2000, 'chi', 'genrr', 84.19853210449219, 0.036000002175569534, 1.1515686511993408, '2024-07-17 13:48:19', 4)
pval: [0.036] -- 158th test, time elapsed 1.1515686511993408 -- emperical power so far (from test_start): 0.6772151898734177
db insert success
tensor(88.4478, device='cuda:0')
(159, 3, 0, 2, 2000, 'chi', 'genrr', 88.44776153564453, 0.02500000037252903, 1.1535773277282715, '2024-07-17 13:48:27', 4)
pval: [0.025] -- 159th test, time elapsed 1.1535773277282715 -- emperical power so far (from test_start): 0.6792452830188679
db insert success
tensor(94.3426, device='cuda:0')
(160, 3, 0, 2, 2000, 'chi', 'genrr', 94.3425521850586, 0.01100000087171793, 1.1504311561584473, '2024-07-17 13:48:31', 4)
pval: [0.011] -- 160th test, time elapsed 1.1504311561584473 -- emperical power so far (from test_start): 0.68125
db insert success
tensor(66.5396, device='cuda:0')
(161, 3, 0, 2, 2000, 'chi', 'genrr', 66.5396499633789, 0.35200002789497375, 1.1507158279418945, '2024-07-17 13:48:41', 4)
pval: [0.35200003] -- 161th test, time elapsed 1.1507158279418945 -- emperical power so far (from test_start): 0.6770186335403726
db insert success
tensor(76.3706, device='cuda:0')
(162, 3, 0, 2, 2000, 'chi', 'genrr', 76.3705825805664, 0.1290000081062317, 1.1549677848815918, '2024-07-17 13:49:01', 4)
pval: [0.12900001] -- 162th test, time elapsed 1.1549677848815918 -- emperical power so far (from test_start): 0.6728395061728395
db insert success
tensor(104.5868, device='cuda:0')
(163, 3, 0, 2, 2000, 'chi', 'genrr', 104.58684539794922, 0.003000000026077032, 1.1517808437347412, '2024-07-17 13:49:21', 4)
pval: [0.003] -- 163th test, time elapsed 1.1517808437347412 -- emperical power so far (from test_start): 0.6748466257668712
db insert success
tensor(87.5297, device='cuda:0')
(164, 3, 0, 2, 2000, 'chi', 'genrr', 87.52973175048828, 0.02500000037252903, 1.1560649871826172, '2024-07-17 13:49:41', 4)
pval: [0.025] -- 164th test, time elapsed 1.1560649871826172 -- emperical power so far (from test_start): 0.676829268292683
db insert success
tensor(104.8134, device='cuda:0')
(165, 3, 0, 2, 2000, 'chi', 'genrr', 104.81342315673828, 0.0010000000474974513, 1.1439907550811768, '2024-07-17 13:49:49', 4)
pval: [0.001] -- 165th test, time elapsed 1.1439907550811768 -- emperical power so far (from test_start): 0.6787878787878788
db insert success
tensor(102.7237, device='cuda:0')
(166, 3, 0, 2, 2000, 'chi', 'genrr', 102.72372436523438, 0.003000000026077032, 1.1475496292114258, '2024-07-17 13:50:03', 4)
pval: [0.003] -- 166th test, time elapsed 1.1475496292114258 -- emperical power so far (from test_start): 0.6807228915662651
db insert success
tensor(87.1087, device='cuda:0')
(167, 3, 0, 2, 2000, 'chi', 'genrr', 87.10874938964844, 0.030000001192092896, 1.1603295803070068, '2024-07-17 13:50:16', 4)
pval: [0.03] -- 167th test, time elapsed 1.1603295803070068 -- emperical power so far (from test_start): 0.6826347305389222
db insert success
tensor(78.2038, device='cuda:0')
(168, 3, 0, 2, 2000, 'chi', 'genrr', 78.20380401611328, 0.10600000619888306, 1.1556339263916016, '2024-07-17 13:50:36', 4)
pval: [0.10600001] -- 168th test, time elapsed 1.1556339263916016 -- emperical power so far (from test_start): 0.6785714285714286
db insert success
tensor(111.0263, device='cuda:0')
(169, 3, 0, 2, 2000, 'chi', 'genrr', 111.02626037597656, 0.0010000000474974513, 1.1480724811553955, '2024-07-17 13:50:46', 4)
pval: [0.001] -- 169th test, time elapsed 1.1480724811553955 -- emperical power so far (from test_start): 0.6804733727810651
db insert success
tensor(88.7955, device='cuda:0')
(170, 3, 0, 2, 2000, 'chi', 'genrr', 88.79549407958984, 0.021000001579523087, 1.156381368637085, '2024-07-17 13:50:55', 4)
pval: [0.021] -- 170th test, time elapsed 1.156381368637085 -- emperical power so far (from test_start): 0.6823529411764706
db insert success
tensor(98.1862, device='cuda:0')
(171, 3, 0, 2, 2000, 'chi', 'genrr', 98.1861801147461, 0.006000000052154064, 1.1449604034423828, '2024-07-17 13:51:07', 4)
pval: [0.006] -- 171th test, time elapsed 1.1449604034423828 -- emperical power so far (from test_start): 0.6842105263157895
db insert success
tensor(90.9061, device='cuda:0')
(172, 3, 0, 2, 2000, 'chi', 'genrr', 90.90612030029297, 0.009000000543892384, 1.1508722305297852, '2024-07-17 13:51:17', 4)
pval: [0.009] -- 172th test, time elapsed 1.1508722305297852 -- emperical power so far (from test_start): 0.686046511627907
db insert success
tensor(93.1541, device='cuda:0')
(173, 3, 0, 2, 2000, 'chi', 'genrr', 93.15411376953125, 0.007000000216066837, 1.149369478225708, '2024-07-17 13:51:26', 4)
pval: [0.007] -- 173th test, time elapsed 1.149369478225708 -- emperical power so far (from test_start): 0.6878612716763006
db insert success
tensor(99.9039, device='cuda:0')
(174, 3, 0, 2, 2000, 'chi', 'genrr', 99.90393829345703, 0.0010000000474974513, 1.1522114276885986, '2024-07-17 13:51:37', 4)
pval: [0.001] -- 174th test, time elapsed 1.1522114276885986 -- emperical power so far (from test_start): 0.6896551724137931
db insert success
tensor(76.7769, device='cuda:0')
(175, 3, 0, 2, 2000, 'chi', 'genrr', 76.77688598632812, 0.12300000339746475, 1.1493699550628662, '2024-07-17 13:51:50', 4)
pval: [0.123] -- 175th test, time elapsed 1.1493699550628662 -- emperical power so far (from test_start): 0.6857142857142857
db insert success
tensor(91.2317, device='cuda:0')
(176, 3, 0, 2, 2000, 'chi', 'genrr', 91.2317123413086, 0.00800000037997961, 1.1528468132019043, '2024-07-17 13:51:58', 4)
pval: [0.008] -- 176th test, time elapsed 1.1528468132019043 -- emperical power so far (from test_start): 0.6875
db insert success
tensor(75.4140, device='cuda:0')
(177, 3, 0, 2, 2000, 'chi', 'genrr', 75.41398620605469, 0.12000000476837158, 1.150562047958374, '2024-07-17 13:52:16', 4)
pval: [0.12] -- 177th test, time elapsed 1.150562047958374 -- emperical power so far (from test_start): 0.6836158192090396
db insert success
tensor(111.4620, device='cuda:0')
(178, 3, 0, 2, 2000, 'chi', 'genrr', 111.46202850341797, 0.0010000000474974513, 1.1490910053253174, '2024-07-17 13:52:30', 4)
pval: [0.001] -- 178th test, time elapsed 1.1490910053253174 -- emperical power so far (from test_start): 0.6853932584269663
db insert success
tensor(74.3021, device='cuda:0')
(179, 3, 0, 2, 2000, 'chi', 'genrr', 74.30205535888672, 0.1510000079870224, 1.162376880645752, '2024-07-17 13:52:34', 4)
pval: [0.15100001] -- 179th test, time elapsed 1.162376880645752 -- emperical power so far (from test_start): 0.6815642458100558
db insert success
tensor(113.1912, device='cuda:0')
(180, 3, 0, 2, 2000, 'chi', 'genrr', 113.19122314453125, 0.0010000000474974513, 1.1486210823059082, '2024-07-17 13:52:45', 4)
pval: [0.001] -- 180th test, time elapsed 1.1486210823059082 -- emperical power so far (from test_start): 0.6833333333333333
db insert success
tensor(85.1284, device='cuda:0')
(181, 3, 0, 2, 2000, 'chi', 'genrr', 85.12836456298828, 0.04500000178813934, 1.1522395610809326, '2024-07-17 13:52:51', 4)
pval: [0.045] -- 181th test, time elapsed 1.1522395610809326 -- emperical power so far (from test_start): 0.6850828729281768
db insert success
tensor(84.7781, device='cuda:0')
(182, 3, 0, 2, 2000, 'chi', 'genrr', 84.7780532836914, 0.032999999821186066, 1.152308464050293, '2024-07-17 13:53:03', 4)
pval: [0.033] -- 182th test, time elapsed 1.152308464050293 -- emperical power so far (from test_start): 0.6868131868131868
db insert success
tensor(78.9314, device='cuda:0')
(183, 3, 0, 2, 2000, 'chi', 'genrr', 78.93135833740234, 0.0820000022649765, 1.1595940589904785, '2024-07-17 13:53:08', 4)
pval: [0.082] -- 183th test, time elapsed 1.1595940589904785 -- emperical power so far (from test_start): 0.6830601092896175
db insert success
tensor(108.1653, device='cuda:0')
(184, 3, 0, 2, 2000, 'chi', 'genrr', 108.16534423828125, 0.0010000000474974513, 1.1491529941558838, '2024-07-17 13:53:19', 4)
pval: [0.001] -- 184th test, time elapsed 1.1491529941558838 -- emperical power so far (from test_start): 0.6847826086956522
db insert success
tensor(106.7398, device='cuda:0')
(185, 3, 0, 2, 2000, 'chi', 'genrr', 106.73979949951172, 0.0010000000474974513, 1.1518540382385254, '2024-07-17 13:53:27', 4)
pval: [0.001] -- 185th test, time elapsed 1.1518540382385254 -- emperical power so far (from test_start): 0.6864864864864865
db insert success
tensor(86.5595, device='cuda:0')
(186, 3, 0, 2, 2000, 'chi', 'genrr', 86.55947875976562, 0.027000000700354576, 1.1440529823303223, '2024-07-17 13:53:30', 4)
pval: [0.027] -- 186th test, time elapsed 1.1440529823303223 -- emperical power so far (from test_start): 0.6881720430107527
db insert success
tensor(90.3684, device='cuda:0')
(187, 3, 0, 2, 2000, 'chi', 'genrr', 90.36844635009766, 0.017000000923871994, 1.1492042541503906, '2024-07-17 13:53:38', 4)
pval: [0.017] -- 187th test, time elapsed 1.1492042541503906 -- emperical power so far (from test_start): 0.6898395721925134
db insert success
tensor(102.1560, device='cuda:0')
(188, 3, 0, 2, 2000, 'chi', 'genrr', 102.1559829711914, 0.0020000000949949026, 1.15090012550354, '2024-07-17 13:53:43', 4)
pval: [0.002] -- 188th test, time elapsed 1.15090012550354 -- emperical power so far (from test_start): 0.6914893617021277
db insert success
tensor(100.5161, device='cuda:0')
(189, 3, 0, 2, 2000, 'chi', 'genrr', 100.51611328125, 0.0020000000949949026, 1.1509809494018555, '2024-07-17 13:53:49', 4)
pval: [0.002] -- 189th test, time elapsed 1.1509809494018555 -- emperical power so far (from test_start): 0.6931216931216931
db insert success
tensor(60.7889, device='cuda:0')
(190, 3, 0, 2, 2000, 'chi', 'genrr', 60.788936614990234, 0.5670000314712524, 1.1495516300201416, '2024-07-17 13:53:52', 4)
pval: [0.56700003] -- 190th test, time elapsed 1.1495516300201416 -- emperical power so far (from test_start): 0.6894736842105263
db insert success
tensor(98.0023, device='cuda:0')
(191, 3, 0, 2, 2000, 'chi', 'genrr', 98.00228118896484, 0.005000000353902578, 1.1530647277832031, '2024-07-17 13:54:14', 4)
pval: [0.005] -- 191th test, time elapsed 1.1530647277832031 -- emperical power so far (from test_start): 0.6910994764397905
db insert success
tensor(83.1080, device='cuda:0')
(192, 3, 0, 2, 2000, 'chi', 'genrr', 83.10803985595703, 0.04200000315904617, 1.1417863368988037, '2024-07-17 13:54:27', 4)
pval: [0.042] -- 192th test, time elapsed 1.1417863368988037 -- emperical power so far (from test_start): 0.6927083333333334
db insert success
tensor(94.3257, device='cuda:0')
(193, 3, 0, 2, 2000, 'chi', 'genrr', 94.32574462890625, 0.007000000216066837, 1.1319453716278076, '2024-07-17 13:54:46', 4)
pval: [0.007] -- 193th test, time elapsed 1.1319453716278076 -- emperical power so far (from test_start): 0.694300518134715
db insert success
tensor(58.4937, device='cuda:0')
(194, 3, 0, 2, 2000, 'chi', 'genrr', 58.493736267089844, 0.6340000033378601, 1.1367712020874023, '2024-07-17 13:55:03', 4)
pval: [0.634] -- 194th test, time elapsed 1.1367712020874023 -- emperical power so far (from test_start): 0.6907216494845361
db insert success
tensor(84.3324, device='cuda:0')
(195, 3, 0, 2, 2000, 'chi', 'genrr', 84.33243560791016, 0.036000002175569534, 1.1344976425170898, '2024-07-17 13:55:14', 4)
pval: [0.036] -- 195th test, time elapsed 1.1344976425170898 -- emperical power so far (from test_start): 0.6923076923076923
db insert success
tensor(87.4041, device='cuda:0')
(196, 3, 0, 2, 2000, 'chi', 'genrr', 87.40406036376953, 0.024000000208616257, 1.1363089084625244, '2024-07-17 13:55:27', 4)
pval: [0.024] -- 196th test, time elapsed 1.1363089084625244 -- emperical power so far (from test_start): 0.6938775510204082
db insert success
tensor(81.3130, device='cuda:0')
(197, 3, 0, 2, 2000, 'chi', 'genrr', 81.3130111694336, 0.06599999964237213, 1.1337478160858154, '2024-07-17 13:55:35', 4)
pval: [0.066] -- 197th test, time elapsed 1.1337478160858154 -- emperical power so far (from test_start): 0.6903553299492385
db insert success
tensor(91.4860, device='cuda:0')
(198, 3, 0, 2, 2000, 'chi', 'genrr', 91.48603057861328, 0.01100000087171793, 1.1380681991577148, '2024-07-17 13:55:42', 4)
pval: [0.011] -- 198th test, time elapsed 1.1380681991577148 -- emperical power so far (from test_start): 0.6919191919191919
db insert success
tensor(89.9744, device='cuda:0')
(199, 3, 0, 2, 2000, 'chi', 'genrr', 89.97442626953125, 0.013000000268220901, 1.130767583847046, '2024-07-17 13:56:01', 4)
pval: [0.013] -- 199th test, time elapsed 1.130767583847046 -- emperical power so far (from test_start): 0.6934673366834171
db insert success
tensor(90.9080, device='cuda:0')
(200, 3, 0, 2, 2000, 'chi', 'genrr', 90.90804290771484, 0.017000000923871994, 1.1382699012756348, '2024-07-17 13:56:03', 4)
pval: [0.017] -- 200th test, time elapsed 1.1382699012756348 -- emperical power so far (from test_start): 0.695
db insert success
2362.368150472641
