lapuelltwo, alpha=0.5, sample size=8000
#########################################
tensor(5.9685, device='cuda:0')
(1, 3, 0, 0.5, 8000, 'elltwo', 'lapu', 5.968536376953125, 0.1550000011920929, 4.12766695022583, '2024-07-15 00:54:09', 4)
pval: [0.155] -- 1th test, time elapsed 4.12766695022583 -- emperical power so far (from test_start): 0.0
db insert success
tensor(-4.1235, device='cuda:0')
(2, 3, 0, 0.5, 8000, 'elltwo', 'lapu', -4.12351655960083, 0.7480000257492065, 4.124775171279907, '2024-07-15 00:54:14', 4)
pval: [0.74800003] -- 2th test, time elapsed 4.124775171279907 -- emperical power so far (from test_start): 0.0
db insert success
tensor(4.6846, device='cuda:0')
(3, 3, 0, 0.5, 8000, 'elltwo', 'lapu', 4.6846022605896, 0.21400001645088196, 4.133914232254028, '2024-07-15 00:54:25', 4)
pval: [0.21400002] -- 3th test, time elapsed 4.133914232254028 -- emperical power so far (from test_start): 0.0
db insert success
tensor(12.2506, device='cuda:0')
(4, 3, 0, 0.5, 8000, 'elltwo', 'lapu', 12.250646591186523, 0.023000001907348633, 4.12673544883728, '2024-07-15 00:54:34', 4)
pval: [0.023] -- 4th test, time elapsed 4.12673544883728 -- emperical power so far (from test_start): 0.25
db insert success
tensor(10.1032, device='cuda:0')
(5, 3, 0, 0.5, 8000, 'elltwo', 'lapu', 10.103178024291992, 0.05100000277161598, 4.132792949676514, '2024-07-15 00:54:58', 4)
pval: [0.051] -- 5th test, time elapsed 4.132792949676514 -- emperical power so far (from test_start): 0.2
db insert success
tensor(6.5166, device='cuda:0')
(6, 3, 0, 0.5, 8000, 'elltwo', 'lapu', 6.5165934562683105, 0.1300000101327896, 4.119560718536377, '2024-07-15 00:55:18', 4)
pval: [0.13000001] -- 6th test, time elapsed 4.119560718536377 -- emperical power so far (from test_start): 0.16666666666666666
db insert success
tensor(7.5671, device='cuda:0')
(7, 3, 0, 0.5, 8000, 'elltwo', 'lapu', 7.567127227783203, 0.11000000685453415, 4.122983455657959, '2024-07-15 00:55:35', 4)
pval: [0.11000001] -- 7th test, time elapsed 4.122983455657959 -- emperical power so far (from test_start): 0.14285714285714285
db insert success
tensor(5.6492, device='cuda:0')
(8, 3, 0, 0.5, 8000, 'elltwo', 'lapu', 5.649244785308838, 0.1900000125169754, 4.130202531814575, '2024-07-15 00:55:46', 4)
pval: [0.19000001] -- 8th test, time elapsed 4.130202531814575 -- emperical power so far (from test_start): 0.125
db insert success
tensor(15.2617, device='cuda:0')
(9, 3, 0, 0.5, 8000, 'elltwo', 'lapu', 15.261679649353027, 0.010000000707805157, 4.124236106872559, '2024-07-15 00:55:59', 4)
pval: [0.01] -- 9th test, time elapsed 4.124236106872559 -- emperical power so far (from test_start): 0.2222222222222222
db insert success
tensor(6.3799, device='cuda:0')
(10, 3, 0, 0.5, 8000, 'elltwo', 'lapu', 6.379907131195068, 0.1300000101327896, 4.1172401905059814, '2024-07-15 00:56:22', 4)
pval: [0.13000001] -- 10th test, time elapsed 4.1172401905059814 -- emperical power so far (from test_start): 0.2
db insert success
tensor(9.8493, device='cuda:0')
(11, 3, 0, 0.5, 8000, 'elltwo', 'lapu', 9.849344253540039, 0.06000000238418579, 4.121795415878296, '2024-07-15 00:56:32', 4)
pval: [0.06] -- 11th test, time elapsed 4.121795415878296 -- emperical power so far (from test_start): 0.18181818181818182
db insert success
tensor(3.2897, device='cuda:0')
(12, 3, 0, 0.5, 8000, 'elltwo', 'lapu', 3.289654016494751, 0.25699999928474426, 4.124500274658203, '2024-07-15 00:56:38', 4)
pval: [0.257] -- 12th test, time elapsed 4.124500274658203 -- emperical power so far (from test_start): 0.16666666666666666
db insert success
tensor(8.3993, device='cuda:0')
(13, 3, 0, 0.5, 8000, 'elltwo', 'lapu', 8.399328231811523, 0.07600000500679016, 4.115288972854614, '2024-07-15 00:56:47', 4)
pval: [0.07600001] -- 13th test, time elapsed 4.115288972854614 -- emperical power so far (from test_start): 0.15384615384615385
db insert success
tensor(2.4131, device='cuda:0')
(14, 3, 0, 0.5, 8000, 'elltwo', 'lapu', 2.413064956665039, 0.31700000166893005, 4.129352569580078, '2024-07-15 00:57:00', 4)
pval: [0.317] -- 14th test, time elapsed 4.129352569580078 -- emperical power so far (from test_start): 0.14285714285714285
db insert success
tensor(5.0221, device='cuda:0')
(15, 3, 0, 0.5, 8000, 'elltwo', 'lapu', 5.022109031677246, 0.17500001192092896, 4.128265142440796, '2024-07-15 00:57:07', 4)
pval: [0.17500001] -- 15th test, time elapsed 4.128265142440796 -- emperical power so far (from test_start): 0.13333333333333333
db insert success
tensor(6.2475, device='cuda:0')
(16, 3, 0, 0.5, 8000, 'elltwo', 'lapu', 6.247542381286621, 0.1730000078678131, 4.1118128299713135, '2024-07-15 00:57:18', 4)
pval: [0.17300001] -- 16th test, time elapsed 4.1118128299713135 -- emperical power so far (from test_start): 0.125
db insert success
tensor(10.5620, device='cuda:0')
(17, 3, 0, 0.5, 8000, 'elltwo', 'lapu', 10.562027931213379, 0.049000002443790436, 4.117407321929932, '2024-07-15 00:57:23', 4)
pval: [0.049] -- 17th test, time elapsed 4.117407321929932 -- emperical power so far (from test_start): 0.17647058823529413
db insert success
tensor(-7.3468, device='cuda:0')
(18, 3, 0, 0.5, 8000, 'elltwo', 'lapu', -7.346828937530518, 0.9050000309944153, 4.1221923828125, '2024-07-15 00:57:42', 4)
pval: [0.90500003] -- 18th test, time elapsed 4.1221923828125 -- emperical power so far (from test_start): 0.16666666666666666
db insert success
tensor(7.7053, device='cuda:0')
(19, 3, 0, 0.5, 8000, 'elltwo', 'lapu', 7.705338954925537, 0.10300000756978989, 4.123955249786377, '2024-07-15 00:57:48', 4)
pval: [0.10300001] -- 19th test, time elapsed 4.123955249786377 -- emperical power so far (from test_start): 0.15789473684210525
db insert success
tensor(4.2896, device='cuda:0')
(20, 3, 0, 0.5, 8000, 'elltwo', 'lapu', 4.2895965576171875, 0.2290000170469284, 4.120269775390625, '2024-07-15 00:57:58', 4)
pval: [0.22900002] -- 20th test, time elapsed 4.120269775390625 -- emperical power so far (from test_start): 0.15
db insert success
tensor(13.3632, device='cuda:0')
(21, 3, 0, 0.5, 8000, 'elltwo', 'lapu', 13.363153457641602, 0.017000000923871994, 4.117358684539795, '2024-07-15 00:58:20', 4)
pval: [0.017] -- 21th test, time elapsed 4.117358684539795 -- emperical power so far (from test_start): 0.19047619047619047
db insert success
tensor(1.8603, device='cuda:0')
(22, 3, 0, 0.5, 8000, 'elltwo', 'lapu', 1.8602776527404785, 0.3720000088214874, 4.11863899230957, '2024-07-15 00:58:37', 4)
pval: [0.37200001] -- 22th test, time elapsed 4.11863899230957 -- emperical power so far (from test_start): 0.18181818181818182
db insert success
tensor(0.8972, device='cuda:0')
(23, 3, 0, 0.5, 8000, 'elltwo', 'lapu', 0.8971714973449707, 0.45900002121925354, 4.118596792221069, '2024-07-15 00:58:52', 4)
pval: [0.45900002] -- 23th test, time elapsed 4.118596792221069 -- emperical power so far (from test_start): 0.17391304347826086
db insert success
tensor(4.9867, device='cuda:0')
(24, 3, 0, 0.5, 8000, 'elltwo', 'lapu', 4.9866743087768555, 0.21300001442432404, 4.124881029129028, '2024-07-15 00:59:06', 4)
pval: [0.21300001] -- 24th test, time elapsed 4.124881029129028 -- emperical power so far (from test_start): 0.16666666666666666
db insert success
tensor(9.3724, device='cuda:0')
(25, 3, 0, 0.5, 8000, 'elltwo', 'lapu', 9.37242317199707, 0.05700000375509262, 4.1130430698394775, '2024-07-15 00:59:28', 4)
pval: [0.057] -- 25th test, time elapsed 4.1130430698394775 -- emperical power so far (from test_start): 0.16
db insert success
tensor(7.7417, device='cuda:0')
(26, 3, 0, 0.5, 8000, 'elltwo', 'lapu', 7.74169397354126, 0.0820000022649765, 4.118289947509766, '2024-07-15 00:59:47', 4)
pval: [0.082] -- 26th test, time elapsed 4.118289947509766 -- emperical power so far (from test_start): 0.15384615384615385
db insert success
tensor(7.0146, device='cuda:0')
(27, 3, 0, 0.5, 8000, 'elltwo', 'lapu', 7.0145649909973145, 0.1340000033378601, 4.124188423156738, '2024-07-15 00:59:56', 4)
pval: [0.134] -- 27th test, time elapsed 4.124188423156738 -- emperical power so far (from test_start): 0.14814814814814814
db insert success
tensor(-2.8951, device='cuda:0')
(28, 3, 0, 0.5, 8000, 'elltwo', 'lapu', -2.8950750827789307, 0.6390000581741333, 4.121158123016357, '2024-07-15 01:00:05', 4)
pval: [0.63900006] -- 28th test, time elapsed 4.121158123016357 -- emperical power so far (from test_start): 0.14285714285714285
db insert success
tensor(2.4817, device='cuda:0')
(29, 3, 0, 0.5, 8000, 'elltwo', 'lapu', 2.4817280769348145, 0.3050000071525574, 4.126527786254883, '2024-07-15 01:00:20', 4)
pval: [0.30500001] -- 29th test, time elapsed 4.126527786254883 -- emperical power so far (from test_start): 0.13793103448275862
db insert success
tensor(2.9948, device='cuda:0')
(30, 3, 0, 0.5, 8000, 'elltwo', 'lapu', 2.9947876930236816, 0.2760000228881836, 4.113670349121094, '2024-07-15 01:00:38', 4)
pval: [0.27600002] -- 30th test, time elapsed 4.113670349121094 -- emperical power so far (from test_start): 0.13333333333333333
db insert success
tensor(1.0915, device='cuda:0')
(31, 3, 0, 0.5, 8000, 'elltwo', 'lapu', 1.0915358066558838, 0.3760000169277191, 4.120456218719482, '2024-07-15 01:00:56', 4)
pval: [0.37600002] -- 31th test, time elapsed 4.120456218719482 -- emperical power so far (from test_start): 0.12903225806451613
db insert success
tensor(5.7082, device='cuda:0')
(32, 3, 0, 0.5, 8000, 'elltwo', 'lapu', 5.708227157592773, 0.1600000113248825, 4.12250828742981, '2024-07-15 01:01:13', 4)
pval: [0.16000001] -- 32th test, time elapsed 4.12250828742981 -- emperical power so far (from test_start): 0.125
db insert success
tensor(-2.0986, device='cuda:0')
(33, 3, 0, 0.5, 8000, 'elltwo', 'lapu', -2.0985898971557617, 0.609000027179718, 4.12524151802063, '2024-07-15 01:01:36', 4)
pval: [0.60900003] -- 33th test, time elapsed 4.12524151802063 -- emperical power so far (from test_start): 0.12121212121212122
db insert success
tensor(0.4405, device='cuda:0')
(34, 3, 0, 0.5, 8000, 'elltwo', 'lapu', 0.4404716491699219, 0.4310000240802765, 4.121092796325684, '2024-07-15 01:01:57', 4)
pval: [0.43100002] -- 34th test, time elapsed 4.121092796325684 -- emperical power so far (from test_start): 0.11764705882352941
db insert success
tensor(18.9742, device='cuda:0')
(35, 3, 0, 0.5, 8000, 'elltwo', 'lapu', 18.974197387695312, 0.0010000000474974513, 4.119384288787842, '2024-07-15 01:02:21', 4)
pval: [0.001] -- 35th test, time elapsed 4.119384288787842 -- emperical power so far (from test_start): 0.14285714285714285
db insert success
tensor(3.7550, device='cuda:0')
(36, 3, 0, 0.5, 8000, 'elltwo', 'lapu', 3.7549970149993896, 0.26500001549720764, 4.126176834106445, '2024-07-15 01:02:43', 4)
pval: [0.26500002] -- 36th test, time elapsed 4.126176834106445 -- emperical power so far (from test_start): 0.1388888888888889
db insert success
tensor(6.1839, device='cuda:0')
(37, 3, 0, 0.5, 8000, 'elltwo', 'lapu', 6.183920860290527, 0.1340000033378601, 4.118749141693115, '2024-07-15 01:02:57', 4)
pval: [0.134] -- 37th test, time elapsed 4.118749141693115 -- emperical power so far (from test_start): 0.13513513513513514
db insert success
tensor(-1.3468, device='cuda:0')
(38, 3, 0, 0.5, 8000, 'elltwo', 'lapu', -1.3468066453933716, 0.5530000329017639, 4.1248133182525635, '2024-07-15 01:03:20', 4)
pval: [0.55300003] -- 38th test, time elapsed 4.1248133182525635 -- emperical power so far (from test_start): 0.13157894736842105
db insert success
tensor(10.5263, device='cuda:0')
(39, 3, 0, 0.5, 8000, 'elltwo', 'lapu', 10.526309967041016, 0.04100000113248825, 4.1221959590911865, '2024-07-15 01:03:41', 4)
pval: [0.041] -- 39th test, time elapsed 4.1221959590911865 -- emperical power so far (from test_start): 0.15384615384615385
db insert success
tensor(-5.1646, device='cuda:0')
(40, 3, 0, 0.5, 8000, 'elltwo', 'lapu', -5.164554595947266, 0.8090000152587891, 4.123401641845703, '2024-07-15 01:04:02', 4)
pval: [0.80900002] -- 40th test, time elapsed 4.123401641845703 -- emperical power so far (from test_start): 0.15
db insert success
tensor(11.9752, device='cuda:0')
(41, 3, 0, 0.5, 8000, 'elltwo', 'lapu', 11.975157737731934, 0.020000001415610313, 4.113425970077515, '2024-07-15 01:04:22', 4)
pval: [0.02] -- 41th test, time elapsed 4.113425970077515 -- emperical power so far (from test_start): 0.17073170731707318
db insert success
tensor(15.5973, device='cuda:0')
(42, 3, 0, 0.5, 8000, 'elltwo', 'lapu', 15.597286224365234, 0.010000000707805157, 4.120140552520752, '2024-07-15 01:04:36', 4)
pval: [0.01] -- 42th test, time elapsed 4.120140552520752 -- emperical power so far (from test_start): 0.19047619047619047
db insert success
tensor(-3.2930, device='cuda:0')
(43, 3, 0, 0.5, 8000, 'elltwo', 'lapu', -3.2930266857147217, 0.6970000267028809, 4.121451377868652, '2024-07-15 01:05:00', 4)
pval: [0.69700003] -- 43th test, time elapsed 4.121451377868652 -- emperical power so far (from test_start): 0.18604651162790697
db insert success
tensor(1.8594, device='cuda:0')
(44, 3, 0, 0.5, 8000, 'elltwo', 'lapu', 1.8594181537628174, 0.35600000619888306, 4.12262749671936, '2024-07-15 01:05:24', 4)
pval: [0.35600001] -- 44th test, time elapsed 4.12262749671936 -- emperical power so far (from test_start): 0.18181818181818182
db insert success
tensor(10.8409, device='cuda:0')
(45, 3, 0, 0.5, 8000, 'elltwo', 'lapu', 10.84086799621582, 0.036000002175569534, 4.121591091156006, '2024-07-15 01:05:48', 4)
pval: [0.036] -- 45th test, time elapsed 4.121591091156006 -- emperical power so far (from test_start): 0.2
db insert success
tensor(1.7780, device='cuda:0')
(46, 3, 0, 0.5, 8000, 'elltwo', 'lapu', 1.7780104875564575, 0.35600000619888306, 4.117490291595459, '2024-07-15 01:06:05', 4)
pval: [0.35600001] -- 46th test, time elapsed 4.117490291595459 -- emperical power so far (from test_start): 0.1956521739130435
db insert success
tensor(-6.2973, device='cuda:0')
(47, 3, 0, 0.5, 8000, 'elltwo', 'lapu', -6.297307014465332, 0.8540000319480896, 4.123677015304565, '2024-07-15 01:06:15', 4)
pval: [0.85400003] -- 47th test, time elapsed 4.123677015304565 -- emperical power so far (from test_start): 0.19148936170212766
db insert success
tensor(16.0707, device='cuda:0')
(48, 3, 0, 0.5, 8000, 'elltwo', 'lapu', 16.070690155029297, 0.00800000037997961, 4.119494199752808, '2024-07-15 01:06:38', 4)
pval: [0.008] -- 48th test, time elapsed 4.119494199752808 -- emperical power so far (from test_start): 0.20833333333333334
db insert success
tensor(-1.9982, device='cuda:0')
(49, 3, 0, 0.5, 8000, 'elltwo', 'lapu', -1.9982094764709473, 0.6010000109672546, 4.1081836223602295, '2024-07-15 01:06:51', 4)
pval: [0.60100001] -- 49th test, time elapsed 4.1081836223602295 -- emperical power so far (from test_start): 0.20408163265306123
db insert success
tensor(-2.7395, device='cuda:0')
(50, 3, 0, 0.5, 8000, 'elltwo', 'lapu', -2.739515781402588, 0.6410000324249268, 4.1190268993377686, '2024-07-15 01:07:05', 4)
pval: [0.64100003] -- 50th test, time elapsed 4.1190268993377686 -- emperical power so far (from test_start): 0.2
db insert success
tensor(8.9654, device='cuda:0')
(51, 3, 0, 0.5, 8000, 'elltwo', 'lapu', 8.965350151062012, 0.06200000271201134, 4.1155126094818115, '2024-07-15 01:07:19', 4)
pval: [0.062] -- 51th test, time elapsed 4.1155126094818115 -- emperical power so far (from test_start): 0.19607843137254902
db insert success
tensor(6.9788, device='cuda:0')
(52, 3, 0, 0.5, 8000, 'elltwo', 'lapu', 6.978793144226074, 0.11000000685453415, 4.116314649581909, '2024-07-15 01:07:26', 4)
pval: [0.11000001] -- 52th test, time elapsed 4.116314649581909 -- emperical power so far (from test_start): 0.19230769230769232
db insert success
tensor(18.4992, device='cuda:0')
(53, 3, 0, 0.5, 8000, 'elltwo', 'lapu', 18.499176025390625, 0.003000000026077032, 4.12414813041687, '2024-07-15 01:07:48', 4)
pval: [0.003] -- 53th test, time elapsed 4.12414813041687 -- emperical power so far (from test_start): 0.20754716981132076
db insert success
tensor(0.9100, device='cuda:0')
(54, 3, 0, 0.5, 8000, 'elltwo', 'lapu', 0.9099807739257812, 0.41200003027915955, 4.127859830856323, '2024-07-15 01:07:58', 4)
pval: [0.41200003] -- 54th test, time elapsed 4.127859830856323 -- emperical power so far (from test_start): 0.2037037037037037
