bitflipprojchi, alpha=2, sample size=500
#########################################
tensor(0.2689)
tensor(0.2689)
tensor(79.0589, device='cuda:0')
(1, 3, 0, 2, 500, 'projchi', 'bitflip', 79.05892944335938, 0.09000000357627869, 1.0104916095733643, '2024-07-16 23:40:38', 4)
pval: [0.09] -- 1th test, time elapsed 1.0104916095733643 -- emperical power so far (from test_start): 0.0
db insert success
tensor(0.2689)
tensor(0.2689)
tensor(71.3800, device='cuda:0')
(2, 3, 0, 2, 500, 'projchi', 'bitflip', 71.3800277709961, 0.2150000035762787, 0.9991762638092041, '2024-07-16 23:40:58', 4)
pval: [0.215] -- 2th test, time elapsed 0.9991762638092041 -- emperical power so far (from test_start): 0.0
db insert success
tensor(0.2689)
tensor(0.2689)
tensor(61.7118, device='cuda:0')
(3, 3, 0, 2, 500, 'projchi', 'bitflip', 61.71177291870117, 0.5120000243186951, 0.9988007545471191, '2024-07-16 23:41:09', 4)
pval: [0.51200002] -- 3th test, time elapsed 0.9988007545471191 -- emperical power so far (from test_start): 0.0
db insert success
tensor(0.2689)
tensor(0.2689)
tensor(42.1217, device='cuda:0')
(4, 3, 0, 2, 500, 'projchi', 'bitflip', 42.12165832519531, 0.9900000691413879, 0.9985682964324951, '2024-07-16 23:41:12', 4)
pval: [0.99000007] -- 4th test, time elapsed 0.9985682964324951 -- emperical power so far (from test_start): 0.0
db insert success
tensor(0.2689)
tensor(0.2689)
tensor(71.3026, device='cuda:0')
(5, 3, 0, 2, 500, 'projchi', 'bitflip', 71.30259704589844, 0.21900001168251038, 0.995074987411499, '2024-07-16 23:41:20', 4)
pval: [0.21900001] -- 5th test, time elapsed 0.995074987411499 -- emperical power so far (from test_start): 0.0
db insert success
tensor(0.2689)
tensor(0.2689)
tensor(76.3776, device='cuda:0')
(6, 3, 0, 2, 500, 'projchi', 'bitflip', 76.37757873535156, 0.11700000613927841, 1.0012025833129883, '2024-07-16 23:41:35', 4)
pval: [0.11700001] -- 6th test, time elapsed 1.0012025833129883 -- emperical power so far (from test_start): 0.0
db insert success
tensor(0.2689)
tensor(0.2689)
tensor(86.1675, device='cuda:0')
(7, 3, 0, 2, 500, 'projchi', 'bitflip', 86.16747283935547, 0.02200000174343586, 0.994940996170044, '2024-07-16 23:41:54', 4)
pval: [0.022] -- 7th test, time elapsed 0.994940996170044 -- emperical power so far (from test_start): 0.14285714285714285
db insert success
tensor(0.2689)
tensor(0.2689)
tensor(93.8477, device='cuda:0')
(8, 3, 0, 2, 500, 'projchi', 'bitflip', 93.84773254394531, 0.006000000052154064, 1.0001716613769531, '2024-07-16 23:42:02', 4)
pval: [0.006] -- 8th test, time elapsed 1.0001716613769531 -- emperical power so far (from test_start): 0.25
db insert success
tensor(0.2689)
tensor(0.2689)
tensor(95.8888, device='cuda:0')
(9, 3, 0, 2, 500, 'projchi', 'bitflip', 95.88878631591797, 0.006000000052154064, 0.9978668689727783, '2024-07-16 23:42:13', 4)
pval: [0.006] -- 9th test, time elapsed 0.9978668689727783 -- emperical power so far (from test_start): 0.3333333333333333
db insert success
tensor(0.2689)
tensor(0.2689)
tensor(79.7773, device='cuda:0')
(10, 3, 0, 2, 500, 'projchi', 'bitflip', 79.77728271484375, 0.06400000303983688, 0.9944610595703125, '2024-07-16 23:42:24', 4)
pval: [0.064] -- 10th test, time elapsed 0.9944610595703125 -- emperical power so far (from test_start): 0.3
db insert success
tensor(0.2689)
tensor(0.2689)
tensor(70.3422, device='cuda:0')
(11, 3, 0, 2, 500, 'projchi', 'bitflip', 70.3421630859375, 0.2330000102519989, 0.9947538375854492, '2024-07-16 23:42:31', 4)
pval: [0.23300001] -- 11th test, time elapsed 0.9947538375854492 -- emperical power so far (from test_start): 0.2727272727272727
db insert success
tensor(0.2689)
tensor(0.2689)
tensor(84.2801, device='cuda:0')
(12, 3, 0, 2, 500, 'projchi', 'bitflip', 84.28006744384766, 0.029000001028180122, 0.9986565113067627, '2024-07-16 23:42:37', 4)
pval: [0.029] -- 12th test, time elapsed 0.9986565113067627 -- emperical power so far (from test_start): 0.3333333333333333
db insert success
tensor(0.2689)
tensor(0.2689)
tensor(74.7783, device='cuda:0')
(13, 3, 0, 2, 500, 'projchi', 'bitflip', 74.77826690673828, 0.15300001204013824, 0.993643045425415, '2024-07-16 23:42:52', 4)
pval: [0.15300001] -- 13th test, time elapsed 0.993643045425415 -- emperical power so far (from test_start): 0.3076923076923077
db insert success
tensor(0.2689)
tensor(0.2689)
tensor(83.2541, device='cuda:0')
(14, 3, 0, 2, 500, 'projchi', 'bitflip', 83.25411987304688, 0.04200000315904617, 0.9991652965545654, '2024-07-16 23:42:54', 4)
pval: [0.042] -- 14th test, time elapsed 0.9991652965545654 -- emperical power so far (from test_start): 0.35714285714285715
db insert success
tensor(0.2689)
tensor(0.2689)
tensor(97.6230, device='cuda:0')
(15, 3, 0, 2, 500, 'projchi', 'bitflip', 97.62301635742188, 0.003000000026077032, 1.0009543895721436, '2024-07-16 23:43:04', 4)
pval: [0.003] -- 15th test, time elapsed 1.0009543895721436 -- emperical power so far (from test_start): 0.4
db insert success
tensor(0.2689)
tensor(0.2689)
tensor(74.5427, device='cuda:0')
(16, 3, 0, 2, 500, 'projchi', 'bitflip', 74.54273223876953, 0.1600000113248825, 0.9965779781341553, '2024-07-16 23:43:14', 4)
pval: [0.16000001] -- 16th test, time elapsed 0.9965779781341553 -- emperical power so far (from test_start): 0.375
db insert success
tensor(0.2689)
tensor(0.2689)
tensor(88.8151, device='cuda:0')
(17, 3, 0, 2, 500, 'projchi', 'bitflip', 88.81513214111328, 0.021000001579523087, 0.9962155818939209, '2024-07-16 23:43:28', 4)
pval: [0.021] -- 17th test, time elapsed 0.9962155818939209 -- emperical power so far (from test_start): 0.4117647058823529
db insert success
tensor(0.2689)
tensor(0.2689)
tensor(90.6570, device='cuda:0')
(18, 3, 0, 2, 500, 'projchi', 'bitflip', 90.65697479248047, 0.015000000596046448, 1.0008656978607178, '2024-07-16 23:43:42', 4)
pval: [0.015] -- 18th test, time elapsed 1.0008656978607178 -- emperical power so far (from test_start): 0.4444444444444444
db insert success
tensor(0.2689)
tensor(0.2689)
tensor(75.7669, device='cuda:0')
(19, 3, 0, 2, 500, 'projchi', 'bitflip', 75.76685333251953, 0.12700000405311584, 0.9955837726593018, '2024-07-16 23:43:59', 4)
pval: [0.127] -- 19th test, time elapsed 0.9955837726593018 -- emperical power so far (from test_start): 0.42105263157894735
db insert success
tensor(0.2689)
tensor(0.2689)
tensor(102.5532, device='cuda:0')
(20, 3, 0, 2, 500, 'projchi', 'bitflip', 102.55316925048828, 0.003000000026077032, 0.995945930480957, '2024-07-16 23:44:02', 4)
pval: [0.003] -- 20th test, time elapsed 0.995945930480957 -- emperical power so far (from test_start): 0.45
db insert success
tensor(0.2689)
tensor(0.2689)
tensor(78.8624, device='cuda:0')
(21, 3, 0, 2, 500, 'projchi', 'bitflip', 78.8624267578125, 0.07900000363588333, 0.9991154670715332, '2024-07-16 23:44:15', 4)
pval: [0.079] -- 21th test, time elapsed 0.9991154670715332 -- emperical power so far (from test_start): 0.42857142857142855
db insert success
tensor(0.2689)
tensor(0.2689)
tensor(77.7379, device='cuda:0')
(22, 3, 0, 2, 500, 'projchi', 'bitflip', 77.73785400390625, 0.09700000286102295, 1.0019276142120361, '2024-07-16 23:44:18', 4)
pval: [0.097] -- 22th test, time elapsed 1.0019276142120361 -- emperical power so far (from test_start): 0.4090909090909091
db insert success
tensor(0.2689)
tensor(0.2689)
tensor(73.0450, device='cuda:0')
(23, 3, 0, 2, 500, 'projchi', 'bitflip', 73.04502868652344, 0.18200001120567322, 0.9953131675720215, '2024-07-16 23:44:39', 4)
pval: [0.18200001] -- 23th test, time elapsed 0.9953131675720215 -- emperical power so far (from test_start): 0.391304347826087
db insert success
tensor(0.2689)
tensor(0.2689)
tensor(107.0504, device='cuda:0')
(24, 3, 0, 2, 500, 'projchi', 'bitflip', 107.0504150390625, 0.0010000000474974513, 0.9962422847747803, '2024-07-16 23:44:45', 4)
pval: [0.001] -- 24th test, time elapsed 0.9962422847747803 -- emperical power so far (from test_start): 0.4166666666666667
db insert success
tensor(0.2689)
tensor(0.2689)
tensor(66.4840, device='cuda:0')
(25, 3, 0, 2, 500, 'projchi', 'bitflip', 66.48400115966797, 0.33400002121925354, 0.9956915378570557, '2024-07-16 23:45:00', 4)
pval: [0.33400002] -- 25th test, time elapsed 0.9956915378570557 -- emperical power so far (from test_start): 0.4
db insert success
tensor(0.2689)
tensor(0.2689)
tensor(75.1492, device='cuda:0')
(26, 3, 0, 2, 500, 'projchi', 'bitflip', 75.14923858642578, 0.13100001215934753, 1.002018928527832, '2024-07-16 23:45:15', 4)
pval: [0.13100001] -- 26th test, time elapsed 1.002018928527832 -- emperical power so far (from test_start): 0.38461538461538464
db insert success
tensor(0.2689)
tensor(0.2689)
tensor(78.5518, device='cuda:0')
(27, 3, 0, 2, 500, 'projchi', 'bitflip', 78.55179595947266, 0.10200000554323196, 0.9952313899993896, '2024-07-16 23:45:31', 4)
pval: [0.10200001] -- 27th test, time elapsed 0.9952313899993896 -- emperical power so far (from test_start): 0.37037037037037035
db insert success
tensor(0.2689)
tensor(0.2689)
tensor(75.9642, device='cuda:0')
(28, 3, 0, 2, 500, 'projchi', 'bitflip', 75.96418762207031, 0.13700000941753387, 0.9983980655670166, '2024-07-16 23:45:33', 4)
pval: [0.13700001] -- 28th test, time elapsed 0.9983980655670166 -- emperical power so far (from test_start): 0.35714285714285715
db insert success
tensor(0.2689)
tensor(0.2689)
tensor(91.2663, device='cuda:0')
(29, 3, 0, 2, 500, 'projchi', 'bitflip', 91.26631927490234, 0.00800000037997961, 0.9931790828704834, '2024-07-16 23:45:42', 4)
pval: [0.008] -- 29th test, time elapsed 0.9931790828704834 -- emperical power so far (from test_start): 0.3793103448275862
db insert success
tensor(0.2689)
tensor(0.2689)
tensor(64.8358, device='cuda:0')
(30, 3, 0, 2, 500, 'projchi', 'bitflip', 64.83578491210938, 0.41700002551078796, 0.9959487915039062, '2024-07-16 23:45:59', 4)
pval: [0.41700003] -- 30th test, time elapsed 0.9959487915039062 -- emperical power so far (from test_start): 0.36666666666666664
db insert success
tensor(0.2689)
tensor(0.2689)
tensor(79.1761, device='cuda:0')
(31, 3, 0, 2, 500, 'projchi', 'bitflip', 79.17605590820312, 0.07100000232458115, 1.0002548694610596, '2024-07-16 23:46:08', 4)
pval: [0.071] -- 31th test, time elapsed 1.0002548694610596 -- emperical power so far (from test_start): 0.3548387096774194
db insert success
tensor(0.2689)
tensor(0.2689)
tensor(76.2599, device='cuda:0')
(32, 3, 0, 2, 500, 'projchi', 'bitflip', 76.2598876953125, 0.11300000548362732, 0.9970102310180664, '2024-07-16 23:46:24', 4)
pval: [0.11300001] -- 32th test, time elapsed 0.9970102310180664 -- emperical power so far (from test_start): 0.34375
db insert success
tensor(0.2689)
tensor(0.2689)
tensor(93.8986, device='cuda:0')
(33, 3, 0, 2, 500, 'projchi', 'bitflip', 93.89857482910156, 0.005000000353902578, 0.992103099822998, '2024-07-16 23:46:37', 4)
pval: [0.005] -- 33th test, time elapsed 0.992103099822998 -- emperical power so far (from test_start): 0.36363636363636365
db insert success
tensor(0.2689)
tensor(0.2689)
tensor(61.1967, device='cuda:0')
(34, 3, 0, 2, 500, 'projchi', 'bitflip', 61.19673156738281, 0.5610000491142273, 0.9950175285339355, '2024-07-16 23:46:39', 4)
pval: [0.56100005] -- 34th test, time elapsed 0.9950175285339355 -- emperical power so far (from test_start): 0.35294117647058826
db insert success
tensor(0.2689)
tensor(0.2689)
tensor(61.4102, device='cuda:0')
(35, 3, 0, 2, 500, 'projchi', 'bitflip', 61.41017150878906, 0.5240000486373901, 0.9935290813446045, '2024-07-16 23:46:55', 4)
pval: [0.52400005] -- 35th test, time elapsed 0.9935290813446045 -- emperical power so far (from test_start): 0.34285714285714286
db insert success
tensor(0.2689)
tensor(0.2689)
tensor(75.0844, device='cuda:0')
(36, 3, 0, 2, 500, 'projchi', 'bitflip', 75.08438110351562, 0.12400000542402267, 0.9959652423858643, '2024-07-16 23:47:15', 4)
pval: [0.12400001] -- 36th test, time elapsed 0.9959652423858643 -- emperical power so far (from test_start): 0.3333333333333333
db insert success
tensor(0.2689)
tensor(0.2689)
tensor(105.3732, device='cuda:0')
(37, 3, 0, 2, 500, 'projchi', 'bitflip', 105.37318420410156, 0.0020000000949949026, 0.9968783855438232, '2024-07-16 23:47:19', 4)
pval: [0.002] -- 37th test, time elapsed 0.9968783855438232 -- emperical power so far (from test_start): 0.35135135135135137
db insert success
tensor(0.2689)
tensor(0.2689)
tensor(63.1742, device='cuda:0')
(38, 3, 0, 2, 500, 'projchi', 'bitflip', 63.1742057800293, 0.47600001096725464, 0.9941143989562988, '2024-07-16 23:47:30', 4)
pval: [0.47600001] -- 38th test, time elapsed 0.9941143989562988 -- emperical power so far (from test_start): 0.34210526315789475
db insert success
tensor(0.2689)
tensor(0.2689)
tensor(90.6709, device='cuda:0')
(39, 3, 0, 2, 500, 'projchi', 'bitflip', 90.67090606689453, 0.013000000268220901, 0.9967024326324463, '2024-07-16 23:47:33', 4)
pval: [0.013] -- 39th test, time elapsed 0.9967024326324463 -- emperical power so far (from test_start): 0.358974358974359
db insert success
tensor(0.2689)
tensor(0.2689)
tensor(62.5165, device='cuda:0')
(40, 3, 0, 2, 500, 'projchi', 'bitflip', 62.51652145385742, 0.5230000019073486, 1.001725673675537, '2024-07-16 23:47:39', 4)
pval: [0.523] -- 40th test, time elapsed 1.001725673675537 -- emperical power so far (from test_start): 0.35
db insert success
tensor(0.2689)
tensor(0.2689)
tensor(101.7209, device='cuda:0')
(41, 3, 0, 2, 500, 'projchi', 'bitflip', 101.72090911865234, 0.0020000000949949026, 0.9979429244995117, '2024-07-16 23:47:49', 4)
pval: [0.002] -- 41th test, time elapsed 0.9979429244995117 -- emperical power so far (from test_start): 0.36585365853658536
db insert success
tensor(0.2689)
tensor(0.2689)
tensor(74.0767, device='cuda:0')
(42, 3, 0, 2, 500, 'projchi', 'bitflip', 74.07667541503906, 0.13500000536441803, 0.9984073638916016, '2024-07-16 23:47:54', 4)
pval: [0.13500001] -- 42th test, time elapsed 0.9984073638916016 -- emperical power so far (from test_start): 0.35714285714285715
db insert success
tensor(0.2689)
tensor(0.2689)
tensor(95.1608, device='cuda:0')
(43, 3, 0, 2, 500, 'projchi', 'bitflip', 95.16084289550781, 0.003000000026077032, 0.9957685470581055, '2024-07-16 23:48:12', 4)
pval: [0.003] -- 43th test, time elapsed 0.9957685470581055 -- emperical power so far (from test_start): 0.37209302325581395
db insert success
tensor(0.2689)
tensor(0.2689)
tensor(70.5704, device='cuda:0')
(44, 3, 0, 2, 500, 'projchi', 'bitflip', 70.57035827636719, 0.24900001287460327, 0.9990115165710449, '2024-07-16 23:48:21', 4)
pval: [0.24900001] -- 44th test, time elapsed 0.9990115165710449 -- emperical power so far (from test_start): 0.36363636363636365
db insert success
tensor(0.2689)
tensor(0.2689)
tensor(74.2957, device='cuda:0')
(45, 3, 0, 2, 500, 'projchi', 'bitflip', 74.29566192626953, 0.16200000047683716, 0.9956939220428467, '2024-07-16 23:48:27', 4)
pval: [0.162] -- 45th test, time elapsed 0.9956939220428467 -- emperical power so far (from test_start): 0.35555555555555557
db insert success
tensor(0.2689)
tensor(0.2689)
tensor(64.0592, device='cuda:0')
(46, 3, 0, 2, 500, 'projchi', 'bitflip', 64.05923461914062, 0.4490000307559967, 0.9971797466278076, '2024-07-16 23:48:48', 4)
pval: [0.44900003] -- 46th test, time elapsed 0.9971797466278076 -- emperical power so far (from test_start): 0.34782608695652173
db insert success
tensor(0.2689)
tensor(0.2689)
tensor(85.2042, device='cuda:0')
(47, 3, 0, 2, 500, 'projchi', 'bitflip', 85.20419311523438, 0.036000002175569534, 0.9993202686309814, '2024-07-16 23:49:04', 4)
pval: [0.036] -- 47th test, time elapsed 0.9993202686309814 -- emperical power so far (from test_start): 0.3617021276595745
db insert success
tensor(0.2689)
tensor(0.2689)
tensor(67.1678, device='cuda:0')
(48, 3, 0, 2, 500, 'projchi', 'bitflip', 67.16775512695312, 0.3240000009536743, 0.998211145401001, '2024-07-16 23:49:19', 4)
pval: [0.324] -- 48th test, time elapsed 0.998211145401001 -- emperical power so far (from test_start): 0.3541666666666667
db insert success
tensor(0.2689)
tensor(0.2689)
tensor(84.7430, device='cuda:0')
(49, 3, 0, 2, 500, 'projchi', 'bitflip', 84.74303436279297, 0.04100000113248825, 0.9946861267089844, '2024-07-16 23:49:21', 4)
pval: [0.041] -- 49th test, time elapsed 0.9946861267089844 -- emperical power so far (from test_start): 0.3673469387755102
db insert success
tensor(0.2689)
tensor(0.2689)
tensor(65.2014, device='cuda:0')
(50, 3, 0, 2, 500, 'projchi', 'bitflip', 65.20137023925781, 0.41600000858306885, 0.9987590312957764, '2024-07-16 23:49:37', 4)
pval: [0.41600001] -- 50th test, time elapsed 0.9987590312957764 -- emperical power so far (from test_start): 0.36
db insert success
tensor(0.2689)
tensor(0.2689)
tensor(62.6608, device='cuda:0')
(51, 3, 0, 2, 500, 'projchi', 'bitflip', 62.660770416259766, 0.48500001430511475, 0.9930784702301025, '2024-07-16 23:49:43', 4)
pval: [0.48500001] -- 51th test, time elapsed 0.9930784702301025 -- emperical power so far (from test_start): 0.35294117647058826
db insert success
tensor(0.2689)
tensor(0.2689)
tensor(77.4418, device='cuda:0')
(52, 3, 0, 2, 500, 'projchi', 'bitflip', 77.44183349609375, 0.0990000069141388, 0.997495174407959, '2024-07-16 23:49:59', 4)
pval: [0.09900001] -- 52th test, time elapsed 0.997495174407959 -- emperical power so far (from test_start): 0.34615384615384615
db insert success
tensor(0.2689)
tensor(0.2689)
tensor(88.0126, device='cuda:0')
(53, 3, 0, 2, 500, 'projchi', 'bitflip', 88.01263427734375, 0.018000001087784767, 0.9944021701812744, '2024-07-16 23:50:06', 4)
pval: [0.018] -- 53th test, time elapsed 0.9944021701812744 -- emperical power so far (from test_start): 0.3584905660377358
db insert success
tensor(0.2689)
tensor(0.2689)
tensor(65.4071, device='cuda:0')
(54, 3, 0, 2, 500, 'projchi', 'bitflip', 65.4070816040039, 0.3530000150203705, 0.9965996742248535, '2024-07-16 23:50:17', 4)
pval: [0.35300002] -- 54th test, time elapsed 0.9965996742248535 -- emperical power so far (from test_start): 0.35185185185185186
db insert success
tensor(0.2689)
tensor(0.2689)
tensor(61.8794, device='cuda:0')
(55, 3, 0, 2, 500, 'projchi', 'bitflip', 61.87942886352539, 0.527999997138977, 0.9961826801300049, '2024-07-16 23:50:24', 4)
pval: [0.528] -- 55th test, time elapsed 0.9961826801300049 -- emperical power so far (from test_start): 0.34545454545454546
db insert success
tensor(0.2689)
tensor(0.2689)
tensor(63.2337, device='cuda:0')
(56, 3, 0, 2, 500, 'projchi', 'bitflip', 63.23369216918945, 0.492000013589859, 1.0003087520599365, '2024-07-16 23:50:41', 4)
pval: [0.49200001] -- 56th test, time elapsed 1.0003087520599365 -- emperical power so far (from test_start): 0.3392857142857143
db insert success
tensor(0.2689)
tensor(0.2689)
tensor(63.9914, device='cuda:0')
(57, 3, 0, 2, 500, 'projchi', 'bitflip', 63.99140930175781, 0.44700002670288086, 0.9959449768066406, '2024-07-16 23:51:01', 4)
pval: [0.44700003] -- 57th test, time elapsed 0.9959449768066406 -- emperical power so far (from test_start): 0.3333333333333333
db insert success
tensor(0.2689)
tensor(0.2689)
tensor(73.4903, device='cuda:0')
(58, 3, 0, 2, 500, 'projchi', 'bitflip', 73.49034881591797, 0.15800000727176666, 1.0023491382598877, '2024-07-16 23:51:15', 4)
pval: [0.15800001] -- 58th test, time elapsed 1.0023491382598877 -- emperical power so far (from test_start): 0.3275862068965517
db insert success
tensor(0.2689)
tensor(0.2689)
tensor(90.1601, device='cuda:0')
(59, 3, 0, 2, 500, 'projchi', 'bitflip', 90.16007995605469, 0.014000000432133675, 0.9986746311187744, '2024-07-16 23:51:18', 4)
pval: [0.014] -- 59th test, time elapsed 0.9986746311187744 -- emperical power so far (from test_start): 0.3389830508474576
db insert success
tensor(0.2689)
tensor(0.2689)
tensor(70.7857, device='cuda:0')
(60, 3, 0, 2, 500, 'projchi', 'bitflip', 70.78565216064453, 0.22600001096725464, 0.9984393119812012, '2024-07-16 23:51:27', 4)
pval: [0.22600001] -- 60th test, time elapsed 0.9984393119812012 -- emperical power so far (from test_start): 0.3333333333333333
db insert success
tensor(0.2689)
tensor(0.2689)
tensor(88.6180, device='cuda:0')
(61, 3, 0, 2, 500, 'projchi', 'bitflip', 88.61797332763672, 0.013000000268220901, 0.9969234466552734, '2024-07-16 23:51:48', 4)
pval: [0.013] -- 61th test, time elapsed 0.9969234466552734 -- emperical power so far (from test_start): 0.3442622950819672
db insert success
tensor(0.2689)
tensor(0.2689)
tensor(75.9271, device='cuda:0')
(62, 3, 0, 2, 500, 'projchi', 'bitflip', 75.92706298828125, 0.11800000816583633, 0.9987056255340576, '2024-07-16 23:52:00', 4)
pval: [0.11800001] -- 62th test, time elapsed 0.9987056255340576 -- emperical power so far (from test_start): 0.3387096774193548
db insert success
tensor(0.2689)
tensor(0.2689)
tensor(94.6260, device='cuda:0')
(63, 3, 0, 2, 500, 'projchi', 'bitflip', 94.62600708007812, 0.01100000087171793, 0.99631667137146, '2024-07-16 23:52:05', 4)
pval: [0.011] -- 63th test, time elapsed 0.99631667137146 -- emperical power so far (from test_start): 0.3492063492063492
db insert success
tensor(0.2689)
tensor(0.2689)
tensor(74.5155, device='cuda:0')
(64, 3, 0, 2, 500, 'projchi', 'bitflip', 74.51548767089844, 0.14600001275539398, 1.0006182193756104, '2024-07-16 23:52:07', 4)
pval: [0.14600001] -- 64th test, time elapsed 1.0006182193756104 -- emperical power so far (from test_start): 0.34375
db insert success
tensor(0.2689)
tensor(0.2689)
tensor(63.4351, device='cuda:0')
(65, 3, 0, 2, 500, 'projchi', 'bitflip', 63.43511199951172, 0.4830000102519989, 0.9994597434997559, '2024-07-16 23:52:14', 4)
pval: [0.48300001] -- 65th test, time elapsed 0.9994597434997559 -- emperical power so far (from test_start): 0.3384615384615385
db insert success
tensor(0.2689)
tensor(0.2689)
tensor(79.0662, device='cuda:0')
(66, 3, 0, 2, 500, 'projchi', 'bitflip', 79.06615447998047, 0.09000000357627869, 0.9978237152099609, '2024-07-16 23:52:26', 4)
pval: [0.09] -- 66th test, time elapsed 0.9978237152099609 -- emperical power so far (from test_start): 0.3333333333333333
db insert success
tensor(0.2689)
tensor(0.2689)
tensor(80.1325, device='cuda:0')
(67, 3, 0, 2, 500, 'projchi', 'bitflip', 80.13246154785156, 0.07500000298023224, 0.9970426559448242, '2024-07-16 23:52:31', 4)
pval: [0.075] -- 67th test, time elapsed 0.9970426559448242 -- emperical power so far (from test_start): 0.3283582089552239
db insert success
tensor(0.2689)
tensor(0.2689)
tensor(103.4241, device='cuda:0')
(68, 3, 0, 2, 500, 'projchi', 'bitflip', 103.42412567138672, 0.003000000026077032, 0.9966716766357422, '2024-07-16 23:52:34', 4)
pval: [0.003] -- 68th test, time elapsed 0.9966716766357422 -- emperical power so far (from test_start): 0.3382352941176471
db insert success
tensor(0.2689)
tensor(0.2689)
tensor(84.1836, device='cuda:0')
(69, 3, 0, 2, 500, 'projchi', 'bitflip', 84.1836166381836, 0.04000000283122063, 0.9934968948364258, '2024-07-16 23:52:52', 4)
pval: [0.04] -- 69th test, time elapsed 0.9934968948364258 -- emperical power so far (from test_start): 0.34782608695652173
db insert success
tensor(0.2689)
tensor(0.2689)
tensor(76.0197, device='cuda:0')
(70, 3, 0, 2, 500, 'projchi', 'bitflip', 76.01971435546875, 0.125, 0.9987359046936035, '2024-07-16 23:52:59', 4)
pval: [0.125] -- 70th test, time elapsed 0.9987359046936035 -- emperical power so far (from test_start): 0.34285714285714286
db insert success
tensor(0.2689)
tensor(0.2689)
tensor(72.9511, device='cuda:0')
(71, 3, 0, 2, 500, 'projchi', 'bitflip', 72.95105743408203, 0.18800000846385956, 0.9987637996673584, '2024-07-16 23:53:02', 4)
pval: [0.18800001] -- 71th test, time elapsed 0.9987637996673584 -- emperical power so far (from test_start): 0.3380281690140845
db insert success
tensor(0.2689)
tensor(0.2689)
tensor(68.9941, device='cuda:0')
(72, 3, 0, 2, 500, 'projchi', 'bitflip', 68.99410247802734, 0.281000018119812, 0.9997913837432861, '2024-07-16 23:53:08', 4)
pval: [0.28100002] -- 72th test, time elapsed 0.9997913837432861 -- emperical power so far (from test_start): 0.3333333333333333
db insert success
tensor(0.2689)
tensor(0.2689)
tensor(87.3320, device='cuda:0')
(73, 3, 0, 2, 500, 'projchi', 'bitflip', 87.33197784423828, 0.018000001087784767, 1.0011327266693115, '2024-07-16 23:53:24', 4)
pval: [0.018] -- 73th test, time elapsed 1.0011327266693115 -- emperical power so far (from test_start): 0.3424657534246575
db insert success
tensor(0.2689)
tensor(0.2689)
tensor(67.4441, device='cuda:0')
(74, 3, 0, 2, 500, 'projchi', 'bitflip', 67.4441146850586, 0.32500001788139343, 0.9973011016845703, '2024-07-16 23:53:27', 4)
pval: [0.32500002] -- 74th test, time elapsed 0.9973011016845703 -- emperical power so far (from test_start): 0.33783783783783783
db insert success
tensor(0.2689)
tensor(0.2689)
tensor(83.4046, device='cuda:0')
(75, 3, 0, 2, 500, 'projchi', 'bitflip', 83.4045639038086, 0.04700000211596489, 0.9992556571960449, '2024-07-16 23:53:46', 4)
pval: [0.047] -- 75th test, time elapsed 0.9992556571960449 -- emperical power so far (from test_start): 0.3466666666666667
db insert success
tensor(0.2689)
tensor(0.2689)
tensor(82.8848, device='cuda:0')
(76, 3, 0, 2, 500, 'projchi', 'bitflip', 82.88475036621094, 0.04100000113248825, 0.9961209297180176, '2024-07-16 23:53:50', 4)
pval: [0.041] -- 76th test, time elapsed 0.9961209297180176 -- emperical power so far (from test_start): 0.35526315789473684
db insert success
tensor(0.2689)
tensor(0.2689)
tensor(95.6980, device='cuda:0')
(77, 3, 0, 2, 500, 'projchi', 'bitflip', 95.69803619384766, 0.0020000000949949026, 1.0005369186401367, '2024-07-16 23:54:07', 4)
pval: [0.002] -- 77th test, time elapsed 1.0005369186401367 -- emperical power so far (from test_start): 0.36363636363636365
db insert success
tensor(0.2689)
tensor(0.2689)
tensor(79.6537, device='cuda:0')
(78, 3, 0, 2, 500, 'projchi', 'bitflip', 79.65373229980469, 0.0650000050663948, 0.998115062713623, '2024-07-16 23:54:19', 4)
pval: [0.06500001] -- 78th test, time elapsed 0.998115062713623 -- emperical power so far (from test_start): 0.358974358974359
db insert success
tensor(0.2689)
tensor(0.2689)
tensor(56.5715, device='cuda:0')
(79, 3, 0, 2, 500, 'projchi', 'bitflip', 56.57149887084961, 0.7230000495910645, 0.994952917098999, '2024-07-16 23:54:36', 4)
pval: [0.72300005] -- 79th test, time elapsed 0.994952917098999 -- emperical power so far (from test_start): 0.35443037974683544
db insert success
tensor(0.2689)
tensor(0.2689)
tensor(60.5149, device='cuda:0')
(80, 3, 0, 2, 500, 'projchi', 'bitflip', 60.51486587524414, 0.5630000233650208, 1.0011005401611328, '2024-07-16 23:54:46', 4)
pval: [0.56300002] -- 80th test, time elapsed 1.0011005401611328 -- emperical power so far (from test_start): 0.35
db insert success
tensor(0.2689)
tensor(0.2689)
tensor(71.4284, device='cuda:0')
(81, 3, 0, 2, 500, 'projchi', 'bitflip', 71.42839050292969, 0.2160000056028366, 1.0035862922668457, '2024-07-16 23:55:02', 4)
pval: [0.21600001] -- 81th test, time elapsed 1.0035862922668457 -- emperical power so far (from test_start): 0.345679012345679
db insert success
tensor(0.2689)
tensor(0.2689)
tensor(104.4948, device='cuda:0')
(82, 3, 0, 2, 500, 'projchi', 'bitflip', 104.49478149414062, 0.0010000000474974513, 0.995215654373169, '2024-07-16 23:55:10', 4)
pval: [0.001] -- 82th test, time elapsed 0.995215654373169 -- emperical power so far (from test_start): 0.35365853658536583
db insert success
tensor(0.2689)
tensor(0.2689)
tensor(73.5320, device='cuda:0')
(83, 3, 0, 2, 500, 'projchi', 'bitflip', 73.53195190429688, 0.16600000858306885, 0.9875974655151367, '2024-07-16 23:55:16', 4)
pval: [0.16600001] -- 83th test, time elapsed 0.9875974655151367 -- emperical power so far (from test_start): 0.3493975903614458
db insert success
tensor(0.2689)
tensor(0.2689)
tensor(99.9912, device='cuda:0')
(84, 3, 0, 2, 500, 'projchi', 'bitflip', 99.99121856689453, 0.0020000000949949026, 0.987586498260498, '2024-07-16 23:55:19', 4)
pval: [0.002] -- 84th test, time elapsed 0.987586498260498 -- emperical power so far (from test_start): 0.35714285714285715
db insert success
tensor(0.2689)
tensor(0.2689)
tensor(84.5035, device='cuda:0')
(85, 3, 0, 2, 500, 'projchi', 'bitflip', 84.50354766845703, 0.03700000047683716, 0.9870679378509521, '2024-07-16 23:55:40', 4)
pval: [0.037] -- 85th test, time elapsed 0.9870679378509521 -- emperical power so far (from test_start): 0.36470588235294116
db insert success
tensor(0.2689)
tensor(0.2689)
tensor(85.1981, device='cuda:0')
(86, 3, 0, 2, 500, 'projchi', 'bitflip', 85.19811248779297, 0.017000000923871994, 0.9849154949188232, '2024-07-16 23:55:51', 4)
pval: [0.017] -- 86th test, time elapsed 0.9849154949188232 -- emperical power so far (from test_start): 0.37209302325581395
db insert success
tensor(0.2689)
tensor(0.2689)
tensor(75.0670, device='cuda:0')
(87, 3, 0, 2, 500, 'projchi', 'bitflip', 75.06700134277344, 0.14000000059604645, 0.986605167388916, '2024-07-16 23:55:54', 4)
pval: [0.14] -- 87th test, time elapsed 0.986605167388916 -- emperical power so far (from test_start): 0.367816091954023
db insert success
tensor(0.2689)
tensor(0.2689)
tensor(83.3201, device='cuda:0')
(88, 3, 0, 2, 500, 'projchi', 'bitflip', 83.32010650634766, 0.03800000250339508, 0.988027811050415, '2024-07-16 23:55:59', 4)
pval: [0.038] -- 88th test, time elapsed 0.988027811050415 -- emperical power so far (from test_start): 0.375
db insert success
tensor(0.2689)
tensor(0.2689)
tensor(86.8116, device='cuda:0')
(89, 3, 0, 2, 500, 'projchi', 'bitflip', 86.81156158447266, 0.017000000923871994, 0.9832806587219238, '2024-07-16 23:56:09', 4)
pval: [0.017] -- 89th test, time elapsed 0.9832806587219238 -- emperical power so far (from test_start): 0.38202247191011235
db insert success
tensor(0.2689)
tensor(0.2689)
tensor(87.6965, device='cuda:0')
(90, 3, 0, 2, 500, 'projchi', 'bitflip', 87.696533203125, 0.015000000596046448, 0.9842522144317627, '2024-07-16 23:56:20', 4)
pval: [0.015] -- 90th test, time elapsed 0.9842522144317627 -- emperical power so far (from test_start): 0.3888888888888889
db insert success
tensor(0.2689)
tensor(0.2689)
tensor(88.5935, device='cuda:0')
(91, 3, 0, 2, 500, 'projchi', 'bitflip', 88.5935287475586, 0.020000001415610313, 0.9841983318328857, '2024-07-16 23:56:38', 4)
pval: [0.02] -- 91th test, time elapsed 0.9841983318328857 -- emperical power so far (from test_start): 0.3956043956043956
db insert success
tensor(0.2689)
tensor(0.2689)
tensor(93.1521, device='cuda:0')
(92, 3, 0, 2, 500, 'projchi', 'bitflip', 93.1520767211914, 0.00800000037997961, 0.9870922565460205, '2024-07-16 23:56:50', 4)
pval: [0.008] -- 92th test, time elapsed 0.9870922565460205 -- emperical power so far (from test_start): 0.40217391304347827
db insert success
tensor(0.2689)
tensor(0.2689)
tensor(75.0990, device='cuda:0')
(93, 3, 0, 2, 500, 'projchi', 'bitflip', 75.0989761352539, 0.14100000262260437, 0.9847052097320557, '2024-07-16 23:57:11', 4)
pval: [0.141] -- 93th test, time elapsed 0.9847052097320557 -- emperical power so far (from test_start): 0.3978494623655914
db insert success
tensor(0.2689)
tensor(0.2689)
tensor(112.5037, device='cuda:0')
(94, 3, 0, 2, 500, 'projchi', 'bitflip', 112.503662109375, 0.0010000000474974513, 0.9899675846099854, '2024-07-16 23:57:26', 4)
pval: [0.001] -- 94th test, time elapsed 0.9899675846099854 -- emperical power so far (from test_start): 0.40425531914893614
db insert success
tensor(0.2689)
tensor(0.2689)
tensor(83.2357, device='cuda:0')
(95, 3, 0, 2, 500, 'projchi', 'bitflip', 83.23567962646484, 0.036000002175569534, 0.9817564487457275, '2024-07-16 23:57:47', 4)
pval: [0.036] -- 95th test, time elapsed 0.9817564487457275 -- emperical power so far (from test_start): 0.4105263157894737
db insert success
tensor(0.2689)
tensor(0.2689)
tensor(64.9454, device='cuda:0')
(96, 3, 0, 2, 500, 'projchi', 'bitflip', 64.94535064697266, 0.4140000343322754, 0.9915893077850342, '2024-07-16 23:58:01', 4)
pval: [0.41400003] -- 96th test, time elapsed 0.9915893077850342 -- emperical power so far (from test_start): 0.40625
db insert success
tensor(0.2689)
tensor(0.2689)
tensor(60.3736, device='cuda:0')
(97, 3, 0, 2, 500, 'projchi', 'bitflip', 60.37362289428711, 0.6060000061988831, 0.9821913242340088, '2024-07-16 23:58:11', 4)
pval: [0.60600001] -- 97th test, time elapsed 0.9821913242340088 -- emperical power so far (from test_start): 0.4020618556701031
db insert success
tensor(0.2689)
tensor(0.2689)
tensor(76.8672, device='cuda:0')
(98, 3, 0, 2, 500, 'projchi', 'bitflip', 76.86724853515625, 0.10300000756978989, 0.9845819473266602, '2024-07-16 23:58:28', 4)
pval: [0.10300001] -- 98th test, time elapsed 0.9845819473266602 -- emperical power so far (from test_start): 0.3979591836734694
db insert success
tensor(0.2689)
tensor(0.2689)
tensor(114.8076, device='cuda:0')
(99, 3, 0, 2, 500, 'projchi', 'bitflip', 114.80762481689453, 0.0010000000474974513, 0.9804959297180176, '2024-07-16 23:58:39', 4)
pval: [0.001] -- 99th test, time elapsed 0.9804959297180176 -- emperical power so far (from test_start): 0.40404040404040403
db insert success
tensor(0.2689)
tensor(0.2689)
tensor(76.7538, device='cuda:0')
(100, 3, 0, 2, 500, 'projchi', 'bitflip', 76.7537612915039, 0.125, 0.9862737655639648, '2024-07-16 23:58:49', 4)
pval: [0.125] -- 100th test, time elapsed 0.9862737655639648 -- emperical power so far (from test_start): 0.4
db insert success
tensor(0.2689)
tensor(0.2689)
tensor(94.6748, device='cuda:0')
(101, 3, 0, 2, 500, 'projchi', 'bitflip', 94.67475891113281, 0.004000000189989805, 0.9840404987335205, '2024-07-16 23:58:52', 4)
pval: [0.004] -- 101th test, time elapsed 0.9840404987335205 -- emperical power so far (from test_start): 0.40594059405940597
db insert success
tensor(0.2689)
tensor(0.2689)
tensor(92.7425, device='cuda:0')
(102, 3, 0, 2, 500, 'projchi', 'bitflip', 92.74252319335938, 0.006000000052154064, 0.9866838455200195, '2024-07-16 23:59:07', 4)
pval: [0.006] -- 102th test, time elapsed 0.9866838455200195 -- emperical power so far (from test_start): 0.4117647058823529
db insert success
tensor(0.2689)
tensor(0.2689)
tensor(65.5893, device='cuda:0')
(103, 3, 0, 2, 500, 'projchi', 'bitflip', 65.5892562866211, 0.3620000183582306, 0.9881024360656738, '2024-07-16 23:59:17', 4)
pval: [0.36200002] -- 103th test, time elapsed 0.9881024360656738 -- emperical power so far (from test_start): 0.4077669902912621
db insert success
tensor(0.2689)
tensor(0.2689)
tensor(105.6951, device='cuda:0')
(104, 3, 0, 2, 500, 'projchi', 'bitflip', 105.69512176513672, 0.0010000000474974513, 0.9842355251312256, '2024-07-16 23:59:27', 4)
pval: [0.001] -- 104th test, time elapsed 0.9842355251312256 -- emperical power so far (from test_start): 0.41346153846153844
db insert success
tensor(0.2689)
tensor(0.2689)
tensor(60.5169, device='cuda:0')
(105, 3, 0, 2, 500, 'projchi', 'bitflip', 60.51690673828125, 0.6020000576972961, 0.9871742725372314, '2024-07-16 23:59:45', 4)
pval: [0.60200006] -- 105th test, time elapsed 0.9871742725372314 -- emperical power so far (from test_start): 0.4095238095238095
db insert success
tensor(0.2689)
tensor(0.2689)
tensor(109.9774, device='cuda:0')
(106, 3, 0, 2, 500, 'projchi', 'bitflip', 109.97740173339844, 0.0020000000949949026, 0.9913692474365234, '2024-07-16 23:59:50', 4)
pval: [0.002] -- 106th test, time elapsed 0.9913692474365234 -- emperical power so far (from test_start): 0.41509433962264153
db insert success
tensor(0.2689)
tensor(0.2689)
tensor(84.7056, device='cuda:0')
(107, 3, 0, 2, 500, 'projchi', 'bitflip', 84.70555114746094, 0.03700000047683716, 0.9875788688659668, '2024-07-17 00:00:01', 4)
pval: [0.037] -- 107th test, time elapsed 0.9875788688659668 -- emperical power so far (from test_start): 0.4205607476635514
db insert success
tensor(0.2689)
tensor(0.2689)
tensor(92.4132, device='cuda:0')
(108, 3, 0, 2, 500, 'projchi', 'bitflip', 92.41323852539062, 0.007000000216066837, 0.988072395324707, '2024-07-17 00:00:16', 4)
pval: [0.007] -- 108th test, time elapsed 0.988072395324707 -- emperical power so far (from test_start): 0.42592592592592593
db insert success
tensor(0.2689)
tensor(0.2689)
tensor(77.5440, device='cuda:0')
(109, 3, 0, 2, 500, 'projchi', 'bitflip', 77.5439682006836, 0.10500000417232513, 0.991344690322876, '2024-07-17 00:00:37', 4)
pval: [0.105] -- 109th test, time elapsed 0.991344690322876 -- emperical power so far (from test_start): 0.42201834862385323
db insert success
tensor(0.2689)
tensor(0.2689)
tensor(84.1831, device='cuda:0')
(110, 3, 0, 2, 500, 'projchi', 'bitflip', 84.18307495117188, 0.0430000014603138, 0.9911859035491943, '2024-07-17 00:00:48', 4)
pval: [0.043] -- 110th test, time elapsed 0.9911859035491943 -- emperical power so far (from test_start): 0.42727272727272725
db insert success
tensor(0.2689)
tensor(0.2689)
tensor(75.2305, device='cuda:0')
(111, 3, 0, 2, 500, 'projchi', 'bitflip', 75.23048400878906, 0.125, 0.9932150840759277, '2024-07-17 00:01:00', 4)
pval: [0.125] -- 111th test, time elapsed 0.9932150840759277 -- emperical power so far (from test_start): 0.42342342342342343
db insert success
tensor(0.2689)
tensor(0.2689)
tensor(73.5995, device='cuda:0')
(112, 3, 0, 2, 500, 'projchi', 'bitflip', 73.59945678710938, 0.1810000091791153, 0.9880349636077881, '2024-07-17 00:01:15', 4)
pval: [0.18100001] -- 112th test, time elapsed 0.9880349636077881 -- emperical power so far (from test_start): 0.41964285714285715
db insert success
tensor(0.2689)
tensor(0.2689)
tensor(44.5818, device='cuda:0')
(113, 3, 0, 2, 500, 'projchi', 'bitflip', 44.58182144165039, 0.9670000672340393, 0.9826569557189941, '2024-07-17 00:01:17', 4)
pval: [0.96700007] -- 113th test, time elapsed 0.9826569557189941 -- emperical power so far (from test_start): 0.415929203539823
db insert success
tensor(0.2689)
tensor(0.2689)
tensor(74.4218, device='cuda:0')
(114, 3, 0, 2, 500, 'projchi', 'bitflip', 74.42182159423828, 0.16900001466274261, 0.988173246383667, '2024-07-17 00:01:35', 4)
pval: [0.16900001] -- 114th test, time elapsed 0.988173246383667 -- emperical power so far (from test_start): 0.41228070175438597
db insert success
tensor(0.2689)
tensor(0.2689)
tensor(86.1533, device='cuda:0')
(115, 3, 0, 2, 500, 'projchi', 'bitflip', 86.15326690673828, 0.03400000184774399, 0.9876072406768799, '2024-07-17 00:01:56', 4)
pval: [0.034] -- 115th test, time elapsed 0.9876072406768799 -- emperical power so far (from test_start): 0.41739130434782606
db insert success
tensor(0.2689)
tensor(0.2689)
tensor(63.2837, device='cuda:0')
(116, 3, 0, 2, 500, 'projchi', 'bitflip', 63.28369903564453, 0.4700000286102295, 0.9855208396911621, '2024-07-17 00:02:11', 4)
pval: [0.47000003] -- 116th test, time elapsed 0.9855208396911621 -- emperical power so far (from test_start): 0.41379310344827586
db insert success
tensor(0.2689)
tensor(0.2689)
tensor(84.5059, device='cuda:0')
(117, 3, 0, 2, 500, 'projchi', 'bitflip', 84.50592803955078, 0.03400000184774399, 0.9776260852813721, '2024-07-17 00:02:16', 4)
pval: [0.034] -- 117th test, time elapsed 0.9776260852813721 -- emperical power so far (from test_start): 0.4188034188034188
db insert success
tensor(0.2689)
tensor(0.2689)
tensor(94.6643, device='cuda:0')
(118, 3, 0, 2, 500, 'projchi', 'bitflip', 94.66426086425781, 0.005000000353902578, 0.9887235164642334, '2024-07-17 00:02:34', 4)
pval: [0.005] -- 118th test, time elapsed 0.9887235164642334 -- emperical power so far (from test_start): 0.423728813559322
db insert success
tensor(0.2689)
tensor(0.2689)
tensor(80.6442, device='cuda:0')
(119, 3, 0, 2, 500, 'projchi', 'bitflip', 80.64424133300781, 0.06700000166893005, 0.9858846664428711, '2024-07-17 00:02:55', 4)
pval: [0.067] -- 119th test, time elapsed 0.9858846664428711 -- emperical power so far (from test_start): 0.42016806722689076
db insert success
tensor(0.2689)
tensor(0.2689)
tensor(100.2914, device='cuda:0')
(120, 3, 0, 2, 500, 'projchi', 'bitflip', 100.29141235351562, 0.0010000000474974513, 0.9854140281677246, '2024-07-17 00:03:03', 4)
pval: [0.001] -- 120th test, time elapsed 0.9854140281677246 -- emperical power so far (from test_start): 0.425
db insert success
tensor(0.2689)
tensor(0.2689)
tensor(91.0482, device='cuda:0')
(121, 3, 0, 2, 500, 'projchi', 'bitflip', 91.04816436767578, 0.00800000037997961, 0.9828519821166992, '2024-07-17 00:03:05', 4)
pval: [0.008] -- 121th test, time elapsed 0.9828519821166992 -- emperical power so far (from test_start): 0.4297520661157025
db insert success
tensor(0.2689)
tensor(0.2689)
tensor(66.2534, device='cuda:0')
(122, 3, 0, 2, 500, 'projchi', 'bitflip', 66.25344848632812, 0.38200002908706665, 0.987607479095459, '2024-07-17 00:03:10', 4)
pval: [0.38200003] -- 122th test, time elapsed 0.987607479095459 -- emperical power so far (from test_start): 0.4262295081967213
db insert success
tensor(0.2689)
tensor(0.2689)
tensor(63.8891, device='cuda:0')
(123, 3, 0, 2, 500, 'projchi', 'bitflip', 63.88911819458008, 0.45000001788139343, 0.9856483936309814, '2024-07-17 00:03:22', 4)
pval: [0.45000002] -- 123th test, time elapsed 0.9856483936309814 -- emperical power so far (from test_start): 0.42276422764227645
db insert success
tensor(0.2689)
tensor(0.2689)
tensor(94.4609, device='cuda:0')
(124, 3, 0, 2, 500, 'projchi', 'bitflip', 94.46094512939453, 0.00800000037997961, 0.9903132915496826, '2024-07-17 00:03:35', 4)
pval: [0.008] -- 124th test, time elapsed 0.9903132915496826 -- emperical power so far (from test_start): 0.4274193548387097
db insert success
tensor(0.2689)
tensor(0.2689)
tensor(69.4980, device='cuda:0')
(125, 3, 0, 2, 500, 'projchi', 'bitflip', 69.49796295166016, 0.2510000169277191, 0.9834589958190918, '2024-07-17 00:03:37', 4)
pval: [0.25100002] -- 125th test, time elapsed 0.9834589958190918 -- emperical power so far (from test_start): 0.424
db insert success
tensor(0.2689)
tensor(0.2689)
tensor(103.9498, device='cuda:0')
(126, 3, 0, 2, 500, 'projchi', 'bitflip', 103.94975280761719, 0.0010000000474974513, 0.9913070201873779, '2024-07-17 00:03:51', 4)
pval: [0.001] -- 126th test, time elapsed 0.9913070201873779 -- emperical power so far (from test_start): 0.42857142857142855
db insert success
tensor(0.2689)
tensor(0.2689)
tensor(81.0912, device='cuda:0')
(127, 3, 0, 2, 500, 'projchi', 'bitflip', 81.09117889404297, 0.0430000014603138, 0.9836361408233643, '2024-07-17 00:04:10', 4)
pval: [0.043] -- 127th test, time elapsed 0.9836361408233643 -- emperical power so far (from test_start): 0.4330708661417323
db insert success
tensor(0.2689)
tensor(0.2689)
tensor(84.7745, device='cuda:0')
(128, 3, 0, 2, 500, 'projchi', 'bitflip', 84.77445983886719, 0.01900000125169754, 0.9864475727081299, '2024-07-17 00:04:29', 4)
pval: [0.019] -- 128th test, time elapsed 0.9864475727081299 -- emperical power so far (from test_start): 0.4375
db insert success
tensor(0.2689)
tensor(0.2689)
tensor(72.5318, device='cuda:0')
(129, 3, 0, 2, 500, 'projchi', 'bitflip', 72.53175354003906, 0.18200001120567322, 0.9845659732818604, '2024-07-17 00:04:44', 4)
pval: [0.18200001] -- 129th test, time elapsed 0.9845659732818604 -- emperical power so far (from test_start): 0.43410852713178294
db insert success
tensor(0.2689)
tensor(0.2689)
tensor(81.2978, device='cuda:0')
(130, 3, 0, 2, 500, 'projchi', 'bitflip', 81.29780578613281, 0.055000003427267075, 0.9888856410980225, '2024-07-17 00:04:56', 4)
pval: [0.055] -- 130th test, time elapsed 0.9888856410980225 -- emperical power so far (from test_start): 0.4307692307692308
db insert success
tensor(0.2689)
tensor(0.2689)
tensor(69.9527, device='cuda:0')
(131, 3, 0, 2, 500, 'projchi', 'bitflip', 69.95265197753906, 0.23400001227855682, 0.9887566566467285, '2024-07-17 00:05:17', 4)
pval: [0.23400001] -- 131th test, time elapsed 0.9887566566467285 -- emperical power so far (from test_start): 0.42748091603053434
db insert success
tensor(0.2689)
tensor(0.2689)
tensor(78.9906, device='cuda:0')
(132, 3, 0, 2, 500, 'projchi', 'bitflip', 78.99055480957031, 0.08100000023841858, 0.9872088432312012, '2024-07-17 00:05:20', 4)
pval: [0.081] -- 132th test, time elapsed 0.9872088432312012 -- emperical power so far (from test_start): 0.42424242424242425
db insert success
tensor(0.2689)
tensor(0.2689)
tensor(95.9665, device='cuda:0')
(133, 3, 0, 2, 500, 'projchi', 'bitflip', 95.96646881103516, 0.004000000189989805, 0.9865825176239014, '2024-07-17 00:05:26', 4)
pval: [0.004] -- 133th test, time elapsed 0.9865825176239014 -- emperical power so far (from test_start): 0.42857142857142855
db insert success
tensor(0.2689)
tensor(0.2689)
tensor(38.3247, device='cuda:0')
(134, 3, 0, 2, 500, 'projchi', 'bitflip', 38.32473373413086, 0.9970000386238098, 0.9846513271331787, '2024-07-17 00:05:45', 4)
pval: [0.99700004] -- 134th test, time elapsed 0.9846513271331787 -- emperical power so far (from test_start): 0.4253731343283582
db insert success
tensor(0.2689)
tensor(0.2689)
tensor(74.0021, device='cuda:0')
(135, 3, 0, 2, 500, 'projchi', 'bitflip', 74.0020980834961, 0.1550000011920929, 0.9893941879272461, '2024-07-17 00:05:54', 4)
pval: [0.155] -- 135th test, time elapsed 0.9893941879272461 -- emperical power so far (from test_start): 0.4222222222222222
db insert success
tensor(0.2689)
tensor(0.2689)
tensor(75.1475, device='cuda:0')
(136, 3, 0, 2, 500, 'projchi', 'bitflip', 75.14752197265625, 0.13100001215934753, 0.9877934455871582, '2024-07-17 00:06:10', 4)
pval: [0.13100001] -- 136th test, time elapsed 0.9877934455871582 -- emperical power so far (from test_start): 0.41911764705882354
db insert success
tensor(0.2689)
tensor(0.2689)
tensor(73.2251, device='cuda:0')
(137, 3, 0, 2, 500, 'projchi', 'bitflip', 73.22512817382812, 0.15600000321865082, 0.9765665531158447, '2024-07-17 00:06:17', 4)
pval: [0.156] -- 137th test, time elapsed 0.9765665531158447 -- emperical power so far (from test_start): 0.41605839416058393
db insert success
tensor(0.2689)
tensor(0.2689)
tensor(69.5369, device='cuda:0')
(138, 3, 0, 2, 500, 'projchi', 'bitflip', 69.53690338134766, 0.26500001549720764, 0.9833881855010986, '2024-07-17 00:06:36', 4)
pval: [0.26500002] -- 138th test, time elapsed 0.9833881855010986 -- emperical power so far (from test_start): 0.41304347826086957
db insert success
tensor(0.2689)
tensor(0.2689)
tensor(87.2560, device='cuda:0')
(139, 3, 0, 2, 500, 'projchi', 'bitflip', 87.25596618652344, 0.01900000125169754, 1.01235032081604, '2024-07-17 00:06:54', 4)
pval: [0.019] -- 139th test, time elapsed 1.01235032081604 -- emperical power so far (from test_start): 0.4172661870503597
db insert success
tensor(0.2689)
tensor(0.2689)
tensor(62.1109, device='cuda:0')
(140, 3, 0, 2, 500, 'projchi', 'bitflip', 62.11088562011719, 0.527999997138977, 1.0100822448730469, '2024-07-17 00:07:13', 4)
pval: [0.528] -- 140th test, time elapsed 1.0100822448730469 -- emperical power so far (from test_start): 0.4142857142857143
db insert success
tensor(0.2689)
tensor(0.2689)
tensor(97.8574, device='cuda:0')
(141, 3, 0, 2, 500, 'projchi', 'bitflip', 97.85737609863281, 0.003000000026077032, 0.9993014335632324, '2024-07-17 00:07:29', 4)
pval: [0.003] -- 141th test, time elapsed 0.9993014335632324 -- emperical power so far (from test_start): 0.41843971631205673
db insert success
tensor(0.2689)
tensor(0.2689)
tensor(88.1496, device='cuda:0')
(142, 3, 0, 2, 500, 'projchi', 'bitflip', 88.14962005615234, 0.01900000125169754, 0.981492280960083, '2024-07-17 00:07:44', 4)
pval: [0.019] -- 142th test, time elapsed 0.981492280960083 -- emperical power so far (from test_start): 0.4225352112676056
db insert success
tensor(0.2689)
tensor(0.2689)
tensor(86.6175, device='cuda:0')
(143, 3, 0, 2, 500, 'projchi', 'bitflip', 86.6175308227539, 0.01900000125169754, 0.9912981986999512, '2024-07-17 00:07:49', 4)
pval: [0.019] -- 143th test, time elapsed 0.9912981986999512 -- emperical power so far (from test_start): 0.42657342657342656
db insert success
tensor(0.2689)
tensor(0.2689)
tensor(65.8387, device='cuda:0')
(144, 3, 0, 2, 500, 'projchi', 'bitflip', 65.83869171142578, 0.37300002574920654, 0.9853165149688721, '2024-07-17 00:07:52', 4)
pval: [0.37300003] -- 144th test, time elapsed 0.9853165149688721 -- emperical power so far (from test_start): 0.4236111111111111
db insert success
tensor(0.2689)
tensor(0.2689)
tensor(82.4089, device='cuda:0')
(145, 3, 0, 2, 500, 'projchi', 'bitflip', 82.40886688232422, 0.0560000017285347, 0.9919693470001221, '2024-07-17 00:08:02', 4)
pval: [0.056] -- 145th test, time elapsed 0.9919693470001221 -- emperical power so far (from test_start): 0.4206896551724138
db insert success
tensor(0.2689)
tensor(0.2689)
tensor(65.1403, device='cuda:0')
(146, 3, 0, 2, 500, 'projchi', 'bitflip', 65.14033508300781, 0.4000000059604645, 0.981001615524292, '2024-07-17 00:08:20', 4)
pval: [0.40000001] -- 146th test, time elapsed 0.981001615524292 -- emperical power so far (from test_start): 0.4178082191780822
db insert success
tensor(0.2689)
tensor(0.2689)
tensor(86.8016, device='cuda:0')
(147, 3, 0, 2, 500, 'projchi', 'bitflip', 86.80156707763672, 0.017000000923871994, 0.9800388813018799, '2024-07-17 00:08:24', 4)
pval: [0.017] -- 147th test, time elapsed 0.9800388813018799 -- emperical power so far (from test_start): 0.4217687074829932
db insert success
tensor(0.2689)
tensor(0.2689)
tensor(78.4303, device='cuda:0')
(148, 3, 0, 2, 500, 'projchi', 'bitflip', 78.43028259277344, 0.09100000560283661, 0.9825973510742188, '2024-07-17 00:08:37', 4)
pval: [0.09100001] -- 148th test, time elapsed 0.9825973510742188 -- emperical power so far (from test_start): 0.4189189189189189
db insert success
tensor(0.2689)
tensor(0.2689)
tensor(71.7735, device='cuda:0')
(149, 3, 0, 2, 500, 'projchi', 'bitflip', 71.77346801757812, 0.22200001776218414, 0.9851901531219482, '2024-07-17 00:08:51', 4)
pval: [0.22200002] -- 149th test, time elapsed 0.9851901531219482 -- emperical power so far (from test_start): 0.4161073825503356
db insert success
tensor(0.2689)
tensor(0.2689)
tensor(81.5142, device='cuda:0')
(150, 3, 0, 2, 500, 'projchi', 'bitflip', 81.51415252685547, 0.0650000050663948, 1.0029876232147217, '2024-07-17 00:08:55', 4)
pval: [0.06500001] -- 150th test, time elapsed 1.0029876232147217 -- emperical power so far (from test_start): 0.41333333333333333
db insert success
tensor(0.2689)
tensor(0.2689)
tensor(85.8554, device='cuda:0')
(151, 3, 0, 2, 500, 'projchi', 'bitflip', 85.85542297363281, 0.02800000086426735, 0.9817841053009033, '2024-07-17 00:09:00', 4)
pval: [0.028] -- 151th test, time elapsed 0.9817841053009033 -- emperical power so far (from test_start): 0.41721854304635764
db insert success
tensor(0.2689)
tensor(0.2689)
tensor(99.8041, device='cuda:0')
(152, 3, 0, 2, 500, 'projchi', 'bitflip', 99.80411529541016, 0.0010000000474974513, 0.9921784400939941, '2024-07-17 00:09:02', 4)
pval: [0.001] -- 152th test, time elapsed 0.9921784400939941 -- emperical power so far (from test_start): 0.42105263157894735
db insert success
tensor(0.2689)
tensor(0.2689)
tensor(98.9317, device='cuda:0')
(153, 3, 0, 2, 500, 'projchi', 'bitflip', 98.93170166015625, 0.003000000026077032, 0.9900577068328857, '2024-07-17 00:09:20', 4)
pval: [0.003] -- 153th test, time elapsed 0.9900577068328857 -- emperical power so far (from test_start): 0.42483660130718953
db insert success
tensor(0.2689)
tensor(0.2689)
tensor(54.3318, device='cuda:0')
(154, 3, 0, 2, 500, 'projchi', 'bitflip', 54.33182907104492, 0.7670000195503235, 0.9806902408599854, '2024-07-17 00:09:35', 4)
pval: [0.76700002] -- 154th test, time elapsed 0.9806902408599854 -- emperical power so far (from test_start): 0.42207792207792205
db insert success
tensor(0.2689)
tensor(0.2689)
tensor(72.7080, device='cuda:0')
(155, 3, 0, 2, 500, 'projchi', 'bitflip', 72.70796203613281, 0.164000004529953, 0.9785275459289551, '2024-07-17 00:09:46', 4)
pval: [0.164] -- 155th test, time elapsed 0.9785275459289551 -- emperical power so far (from test_start): 0.41935483870967744
db insert success
tensor(0.2689)
tensor(0.2689)
tensor(65.4758, device='cuda:0')
(156, 3, 0, 2, 500, 'projchi', 'bitflip', 65.47576141357422, 0.3630000054836273, 0.9924600124359131, '2024-07-17 00:09:57', 4)
pval: [0.36300001] -- 156th test, time elapsed 0.9924600124359131 -- emperical power so far (from test_start): 0.4166666666666667
db insert success
tensor(0.2689)
tensor(0.2689)
tensor(78.4415, device='cuda:0')
(157, 3, 0, 2, 500, 'projchi', 'bitflip', 78.44152069091797, 0.0820000022649765, 0.9784665107727051, '2024-07-17 00:10:05', 4)
pval: [0.082] -- 157th test, time elapsed 0.9784665107727051 -- emperical power so far (from test_start): 0.4140127388535032
db insert success
tensor(0.2689)
tensor(0.2689)
tensor(99.5878, device='cuda:0')
(158, 3, 0, 2, 500, 'projchi', 'bitflip', 99.58777618408203, 0.003000000026077032, 0.9791264533996582, '2024-07-17 00:10:12', 4)
pval: [0.003] -- 158th test, time elapsed 0.9791264533996582 -- emperical power so far (from test_start): 0.4177215189873418
db insert success
tensor(0.2689)
tensor(0.2689)
tensor(72.4282, device='cuda:0')
(159, 3, 0, 2, 500, 'projchi', 'bitflip', 72.4281997680664, 0.18900001049041748, 0.9812531471252441, '2024-07-17 00:10:31', 4)
pval: [0.18900001] -- 159th test, time elapsed 0.9812531471252441 -- emperical power so far (from test_start): 0.41509433962264153
db insert success
tensor(0.2689)
tensor(0.2689)
tensor(86.5290, device='cuda:0')
(160, 3, 0, 2, 500, 'projchi', 'bitflip', 86.52900695800781, 0.02800000086426735, 0.9800784587860107, '2024-07-17 00:10:51', 4)
pval: [0.028] -- 160th test, time elapsed 0.9800784587860107 -- emperical power so far (from test_start): 0.41875
db insert success
tensor(0.2689)
tensor(0.2689)
tensor(79.1512, device='cuda:0')
(161, 3, 0, 2, 500, 'projchi', 'bitflip', 79.15119934082031, 0.07100000232458115, 1.0096640586853027, '2024-07-17 00:11:01', 4)
pval: [0.071] -- 161th test, time elapsed 1.0096640586853027 -- emperical power so far (from test_start): 0.4161490683229814
db insert success
tensor(0.2689)
tensor(0.2689)
tensor(67.4840, device='cuda:0')
(162, 3, 0, 2, 500, 'projchi', 'bitflip', 67.48395538330078, 0.32600000500679016, 0.9799008369445801, '2024-07-17 00:11:20', 4)
pval: [0.32600001] -- 162th test, time elapsed 0.9799008369445801 -- emperical power so far (from test_start): 0.41358024691358025
db insert success
tensor(0.2689)
tensor(0.2689)
tensor(73.6971, device='cuda:0')
(163, 3, 0, 2, 500, 'projchi', 'bitflip', 73.69713592529297, 0.15800000727176666, 0.986891508102417, '2024-07-17 00:11:37', 4)
pval: [0.15800001] -- 163th test, time elapsed 0.986891508102417 -- emperical power so far (from test_start): 0.4110429447852761
db insert success
tensor(0.2689)
tensor(0.2689)
tensor(66.2246, device='cuda:0')
(164, 3, 0, 2, 500, 'projchi', 'bitflip', 66.22457885742188, 0.36000001430511475, 0.9806926250457764, '2024-07-17 00:11:53', 4)
pval: [0.36000001] -- 164th test, time elapsed 0.9806926250457764 -- emperical power so far (from test_start): 0.40853658536585363
db insert success
tensor(0.2689)
tensor(0.2689)
tensor(87.8341, device='cuda:0')
(165, 3, 0, 2, 500, 'projchi', 'bitflip', 87.83406066894531, 0.020000001415610313, 0.984748363494873, '2024-07-17 00:12:03', 4)
pval: [0.02] -- 165th test, time elapsed 0.984748363494873 -- emperical power so far (from test_start): 0.4121212121212121
db insert success
tensor(0.2689)
tensor(0.2689)
tensor(91.8437, device='cuda:0')
(166, 3, 0, 2, 500, 'projchi', 'bitflip', 91.84371948242188, 0.005000000353902578, 0.9804596900939941, '2024-07-17 00:12:05', 4)
pval: [0.005] -- 166th test, time elapsed 0.9804596900939941 -- emperical power so far (from test_start): 0.41566265060240964
db insert success
tensor(0.2689)
tensor(0.2689)
tensor(110.7540, device='cuda:0')
(167, 3, 0, 2, 500, 'projchi', 'bitflip', 110.75398254394531, 0.0010000000474974513, 0.9827063083648682, '2024-07-17 00:12:18', 4)
pval: [0.001] -- 167th test, time elapsed 0.9827063083648682 -- emperical power so far (from test_start): 0.41916167664670656
db insert success
tensor(0.2689)
tensor(0.2689)
tensor(68.8151, device='cuda:0')
(168, 3, 0, 2, 500, 'projchi', 'bitflip', 68.8150634765625, 0.2900000214576721, 0.981508731842041, '2024-07-17 00:12:27', 4)
pval: [0.29000002] -- 168th test, time elapsed 0.981508731842041 -- emperical power so far (from test_start): 0.4166666666666667
db insert success
tensor(0.2689)
tensor(0.2689)
tensor(128.6857, device='cuda:0')
(169, 3, 0, 2, 500, 'projchi', 'bitflip', 128.68568420410156, 0.0010000000474974513, 0.9800140857696533, '2024-07-17 00:12:47', 4)
pval: [0.001] -- 169th test, time elapsed 0.9800140857696533 -- emperical power so far (from test_start): 0.42011834319526625
db insert success
tensor(0.2689)
tensor(0.2689)
tensor(78.3769, device='cuda:0')
(170, 3, 0, 2, 500, 'projchi', 'bitflip', 78.37686157226562, 0.0950000062584877, 1.0071680545806885, '2024-07-17 00:12:54', 4)
pval: [0.09500001] -- 170th test, time elapsed 1.0071680545806885 -- emperical power so far (from test_start): 0.4176470588235294
db insert success
tensor(0.2689)
tensor(0.2689)
tensor(90.9277, device='cuda:0')
(171, 3, 0, 2, 500, 'projchi', 'bitflip', 90.92771911621094, 0.013000000268220901, 0.9823336601257324, '2024-07-17 00:13:11', 4)
pval: [0.013] -- 171th test, time elapsed 0.9823336601257324 -- emperical power so far (from test_start): 0.42105263157894735
db insert success
tensor(0.2689)
tensor(0.2689)
tensor(100.9975, device='cuda:0')
(172, 3, 0, 2, 500, 'projchi', 'bitflip', 100.99754333496094, 0.0010000000474974513, 0.9807920455932617, '2024-07-17 00:13:17', 4)
pval: [0.001] -- 172th test, time elapsed 0.9807920455932617 -- emperical power so far (from test_start): 0.42441860465116277
db insert success
tensor(0.2689)
tensor(0.2689)
tensor(87.6402, device='cuda:0')
(173, 3, 0, 2, 500, 'projchi', 'bitflip', 87.64020538330078, 0.021000001579523087, 0.977259635925293, '2024-07-17 00:13:23', 4)
pval: [0.021] -- 173th test, time elapsed 0.977259635925293 -- emperical power so far (from test_start): 0.4277456647398844
db insert success
tensor(0.2689)
tensor(0.2689)
tensor(75.5200, device='cuda:0')
(174, 3, 0, 2, 500, 'projchi', 'bitflip', 75.52000427246094, 0.17000000178813934, 0.9829304218292236, '2024-07-17 00:13:28', 4)
pval: [0.17] -- 174th test, time elapsed 0.9829304218292236 -- emperical power so far (from test_start): 0.42528735632183906
db insert success
tensor(0.2689)
tensor(0.2689)
tensor(92.8858, device='cuda:0')
(175, 3, 0, 2, 500, 'projchi', 'bitflip', 92.88584899902344, 0.010000000707805157, 0.9862236976623535, '2024-07-17 00:13:42', 4)
pval: [0.01] -- 175th test, time elapsed 0.9862236976623535 -- emperical power so far (from test_start): 0.42857142857142855
db insert success
tensor(0.2689)
tensor(0.2689)
tensor(93.4094, device='cuda:0')
(176, 3, 0, 2, 500, 'projchi', 'bitflip', 93.40935516357422, 0.003000000026077032, 0.9815371036529541, '2024-07-17 00:13:46', 4)
pval: [0.003] -- 176th test, time elapsed 0.9815371036529541 -- emperical power so far (from test_start): 0.4318181818181818
db insert success
tensor(0.2689)
tensor(0.2689)
tensor(117.5531, device='cuda:0')
(177, 3, 0, 2, 500, 'projchi', 'bitflip', 117.55306243896484, 0.0010000000474974513, 0.9840579032897949, '2024-07-17 00:14:01', 4)
pval: [0.001] -- 177th test, time elapsed 0.9840579032897949 -- emperical power so far (from test_start): 0.4350282485875706
db insert success
tensor(0.2689)
tensor(0.2689)
tensor(117.3824, device='cuda:0')
(178, 3, 0, 2, 500, 'projchi', 'bitflip', 117.38235473632812, 0.0010000000474974513, 0.9818978309631348, '2024-07-17 00:14:19', 4)
pval: [0.001] -- 178th test, time elapsed 0.9818978309631348 -- emperical power so far (from test_start): 0.43820224719101125
db insert success
tensor(0.2689)
tensor(0.2689)
tensor(82.1745, device='cuda:0')
(179, 3, 0, 2, 500, 'projchi', 'bitflip', 82.1744613647461, 0.049000002443790436, 0.9775412082672119, '2024-07-17 00:14:21', 4)
pval: [0.049] -- 179th test, time elapsed 0.9775412082672119 -- emperical power so far (from test_start): 0.441340782122905
db insert success
tensor(0.2689)
tensor(0.2689)
tensor(92.1463, device='cuda:0')
(180, 3, 0, 2, 500, 'projchi', 'bitflip', 92.14625549316406, 0.007000000216066837, 0.9848086833953857, '2024-07-17 00:14:34', 4)
pval: [0.007] -- 180th test, time elapsed 0.9848086833953857 -- emperical power so far (from test_start): 0.4444444444444444
db insert success
tensor(0.2689)
tensor(0.2689)
tensor(66.6795, device='cuda:0')
(181, 3, 0, 2, 500, 'projchi', 'bitflip', 66.67947387695312, 0.359000027179718, 1.0082440376281738, '2024-07-17 00:14:36', 4)
pval: [0.35900003] -- 181th test, time elapsed 1.0082440376281738 -- emperical power so far (from test_start): 0.4419889502762431
db insert success
tensor(0.2689)
tensor(0.2689)
tensor(83.2094, device='cuda:0')
(182, 3, 0, 2, 500, 'projchi', 'bitflip', 83.20938873291016, 0.04400000348687172, 0.9870927333831787, '2024-07-17 00:14:57', 4)
pval: [0.044] -- 182th test, time elapsed 0.9870927333831787 -- emperical power so far (from test_start): 0.44505494505494503
db insert success
tensor(0.2689)
tensor(0.2689)
tensor(62.7067, device='cuda:0')
(183, 3, 0, 2, 500, 'projchi', 'bitflip', 62.7066764831543, 0.46400001645088196, 0.9841246604919434, '2024-07-17 00:15:16', 4)
pval: [0.46400002] -- 183th test, time elapsed 0.9841246604919434 -- emperical power so far (from test_start): 0.4426229508196721
db insert success
tensor(0.2689)
tensor(0.2689)
tensor(68.3073, device='cuda:0')
(184, 3, 0, 2, 500, 'projchi', 'bitflip', 68.30725860595703, 0.281000018119812, 0.9777562618255615, '2024-07-17 00:15:21', 4)
pval: [0.28100002] -- 184th test, time elapsed 0.9777562618255615 -- emperical power so far (from test_start): 0.44021739130434784
db insert success
tensor(0.2689)
tensor(0.2689)
tensor(77.1799, device='cuda:0')
(185, 3, 0, 2, 500, 'projchi', 'bitflip', 77.17991638183594, 0.11500000208616257, 0.9830551147460938, '2024-07-17 00:15:38', 4)
pval: [0.115] -- 185th test, time elapsed 0.9830551147460938 -- emperical power so far (from test_start): 0.43783783783783786
db insert success
tensor(0.2689)
tensor(0.2689)
tensor(69.2470, device='cuda:0')
(186, 3, 0, 2, 500, 'projchi', 'bitflip', 69.24696350097656, 0.2840000092983246, 0.9844970703125, '2024-07-17 00:15:40', 4)
pval: [0.28400001] -- 186th test, time elapsed 0.9844970703125 -- emperical power so far (from test_start): 0.43548387096774194
db insert success
tensor(0.2689)
tensor(0.2689)
tensor(76.6890, device='cuda:0')
(187, 3, 0, 2, 500, 'projchi', 'bitflip', 76.68900299072266, 0.12800000607967377, 0.983985424041748, '2024-07-17 00:15:43', 4)
pval: [0.12800001] -- 187th test, time elapsed 0.983985424041748 -- emperical power so far (from test_start): 0.43315508021390375
db insert success
tensor(0.2689)
tensor(0.2689)
tensor(84.5060, device='cuda:0')
(188, 3, 0, 2, 500, 'projchi', 'bitflip', 84.50604248046875, 0.039000000804662704, 0.990187406539917, '2024-07-17 00:15:51', 4)
pval: [0.039] -- 188th test, time elapsed 0.990187406539917 -- emperical power so far (from test_start): 0.43617021276595747
db insert success
tensor(0.2689)
tensor(0.2689)
tensor(85.8249, device='cuda:0')
(189, 3, 0, 2, 500, 'projchi', 'bitflip', 85.82485961914062, 0.03100000135600567, 0.9792311191558838, '2024-07-17 00:16:00', 4)
pval: [0.031] -- 189th test, time elapsed 0.9792311191558838 -- emperical power so far (from test_start): 0.43915343915343913
db insert success
tensor(0.2689)
tensor(0.2689)
tensor(61.7486, device='cuda:0')
(190, 3, 0, 2, 500, 'projchi', 'bitflip', 61.74857711791992, 0.5320000052452087, 0.9796183109283447, '2024-07-17 00:16:11', 4)
pval: [0.53200001] -- 190th test, time elapsed 0.9796183109283447 -- emperical power so far (from test_start): 0.4368421052631579
db insert success
tensor(0.2689)
tensor(0.2689)
tensor(127.8476, device='cuda:0')
(191, 3, 0, 2, 500, 'projchi', 'bitflip', 127.84761810302734, 0.0010000000474974513, 0.9821505546569824, '2024-07-17 00:16:17', 4)
pval: [0.001] -- 191th test, time elapsed 0.9821505546569824 -- emperical power so far (from test_start): 0.4397905759162304
db insert success
tensor(0.2689)
tensor(0.2689)
tensor(69.7230, device='cuda:0')
(192, 3, 0, 2, 500, 'projchi', 'bitflip', 69.72300720214844, 0.2680000066757202, 1.0072872638702393, '2024-07-17 00:16:34', 4)
pval: [0.26800001] -- 192th test, time elapsed 1.0072872638702393 -- emperical power so far (from test_start): 0.4375
db insert success
tensor(0.2689)
tensor(0.2689)
tensor(77.9941, device='cuda:0')
(193, 3, 0, 2, 500, 'projchi', 'bitflip', 77.99414825439453, 0.09800000488758087, 1.000443696975708, '2024-07-17 00:16:46', 4)
pval: [0.098] -- 193th test, time elapsed 1.000443696975708 -- emperical power so far (from test_start): 0.43523316062176165
db insert success
tensor(0.2689)
tensor(0.2689)
tensor(103.7555, device='cuda:0')
(194, 3, 0, 2, 500, 'projchi', 'bitflip', 103.75550079345703, 0.0020000000949949026, 0.9809863567352295, '2024-07-17 00:16:48', 4)
pval: [0.002] -- 194th test, time elapsed 0.9809863567352295 -- emperical power so far (from test_start): 0.4381443298969072
db insert success
tensor(0.2689)
tensor(0.2689)
tensor(95.5940, device='cuda:0')
(195, 3, 0, 2, 500, 'projchi', 'bitflip', 95.59400177001953, 0.006000000052154064, 0.9895534515380859, '2024-07-17 00:16:56', 4)
pval: [0.006] -- 195th test, time elapsed 0.9895534515380859 -- emperical power so far (from test_start): 0.441025641025641
db insert success
tensor(0.2689)
tensor(0.2689)
tensor(71.1255, device='cuda:0')
(196, 3, 0, 2, 500, 'projchi', 'bitflip', 71.12548065185547, 0.21000000834465027, 1.0157191753387451, '2024-07-17 00:17:08', 4)
pval: [0.21000001] -- 196th test, time elapsed 1.0157191753387451 -- emperical power so far (from test_start): 0.4387755102040816
db insert success
tensor(0.2689)
tensor(0.2689)
tensor(72.8749, device='cuda:0')
(197, 3, 0, 2, 500, 'projchi', 'bitflip', 72.87492370605469, 0.18300001323223114, 0.9879488945007324, '2024-07-17 00:17:14', 4)
pval: [0.18300001] -- 197th test, time elapsed 0.9879488945007324 -- emperical power so far (from test_start): 0.4365482233502538
db insert success
tensor(0.2689)
tensor(0.2689)
tensor(82.0532, device='cuda:0')
(198, 3, 0, 2, 500, 'projchi', 'bitflip', 82.05322265625, 0.05400000140070915, 0.9911694526672363, '2024-07-17 00:17:34', 4)
pval: [0.054] -- 198th test, time elapsed 0.9911694526672363 -- emperical power so far (from test_start): 0.43434343434343436
db insert success
tensor(0.2689)
tensor(0.2689)
tensor(61.9280, device='cuda:0')
(199, 3, 0, 2, 500, 'projchi', 'bitflip', 61.92802429199219, 0.5180000066757202, 0.9764242172241211, '2024-07-17 00:17:40', 4)
pval: [0.51800001] -- 199th test, time elapsed 0.9764242172241211 -- emperical power so far (from test_start): 0.4321608040201005
db insert success
tensor(0.2689)
tensor(0.2689)
tensor(83.5638, device='cuda:0')
(200, 3, 0, 2, 500, 'projchi', 'bitflip', 83.56383514404297, 0.03200000151991844, 0.9818556308746338, '2024-07-17 00:18:00', 4)
pval: [0.032] -- 200th test, time elapsed 0.9818556308746338 -- emperical power so far (from test_start): 0.435
db insert success
2262.2288250923157
