bitflipprojchi, alpha=1, sample size=8000
#########################################
tensor(0.3775)
tensor(0.3775)
tensor(141.7757, device='cuda:0')
(1, 3, 0, 1, 8000, 'projchi', 'bitflip', 141.7757110595703, 0.0010000000474974513, 2.1496973037719727, '2024-07-16 23:36:37', 4)
pval: [0.001] -- 1th test, time elapsed 2.1496973037719727 -- emperical power so far (from test_start): 1.0
db insert success
tensor(0.3775)
tensor(0.3775)
tensor(134.3936, device='cuda:0')
(2, 3, 0, 1, 8000, 'projchi', 'bitflip', 134.3936004638672, 0.0010000000474974513, 2.0072553157806396, '2024-07-16 23:36:49', 4)
pval: [0.001] -- 2th test, time elapsed 2.0072553157806396 -- emperical power so far (from test_start): 1.0
db insert success
tensor(0.3775)
tensor(0.3775)
tensor(179.5475, device='cuda:0')
(3, 3, 0, 1, 8000, 'projchi', 'bitflip', 179.5475311279297, 0.0010000000474974513, 2.0167760848999023, '2024-07-16 23:37:04', 4)
pval: [0.001] -- 3th test, time elapsed 2.0167760848999023 -- emperical power so far (from test_start): 1.0
db insert success
tensor(0.3775)
tensor(0.3775)
tensor(136.6442, device='cuda:0')
(4, 3, 0, 1, 8000, 'projchi', 'bitflip', 136.64418029785156, 0.0010000000474974513, 1.9999909400939941, '2024-07-16 23:37:20', 4)
pval: [0.001] -- 4th test, time elapsed 1.9999909400939941 -- emperical power so far (from test_start): 1.0
db insert success
tensor(0.3775)
tensor(0.3775)
tensor(118.9285, device='cuda:0')
(5, 3, 0, 1, 8000, 'projchi', 'bitflip', 118.92851257324219, 0.0020000000949949026, 2.0056848526000977, '2024-07-16 23:37:34', 4)
pval: [0.002] -- 5th test, time elapsed 2.0056848526000977 -- emperical power so far (from test_start): 1.0
db insert success
tensor(0.3775)
tensor(0.3775)
tensor(137.5396, device='cuda:0')
(6, 3, 0, 1, 8000, 'projchi', 'bitflip', 137.53964233398438, 0.0010000000474974513, 1.9907734394073486, '2024-07-16 23:37:46', 4)
pval: [0.001] -- 6th test, time elapsed 1.9907734394073486 -- emperical power so far (from test_start): 1.0
db insert success
tensor(0.3775)
tensor(0.3775)
tensor(140.4957, device='cuda:0')
(7, 3, 0, 1, 8000, 'projchi', 'bitflip', 140.49571228027344, 0.0010000000474974513, 2.025790214538574, '2024-07-16 23:38:01', 4)
pval: [0.001] -- 7th test, time elapsed 2.025790214538574 -- emperical power so far (from test_start): 1.0
db insert success
tensor(0.3775)
tensor(0.3775)
tensor(94.3302, device='cuda:0')
(8, 3, 0, 1, 8000, 'projchi', 'bitflip', 94.33024597167969, 0.009000000543892384, 2.004171133041382, '2024-07-16 23:38:21', 4)
pval: [0.009] -- 8th test, time elapsed 2.004171133041382 -- emperical power so far (from test_start): 1.0
db insert success
tensor(0.3775)
tensor(0.3775)
tensor(142.8082, device='cuda:0')
(9, 3, 0, 1, 8000, 'projchi', 'bitflip', 142.8082275390625, 0.0010000000474974513, 1.9980955123901367, '2024-07-16 23:38:32', 4)
pval: [0.001] -- 9th test, time elapsed 1.9980955123901367 -- emperical power so far (from test_start): 1.0
db insert success
tensor(0.3775)
tensor(0.3775)
tensor(132.9996, device='cuda:0')
(10, 3, 0, 1, 8000, 'projchi', 'bitflip', 132.99964904785156, 0.0010000000474974513, 2.0157837867736816, '2024-07-16 23:38:52', 4)
pval: [0.001] -- 10th test, time elapsed 2.0157837867736816 -- emperical power so far (from test_start): 1.0
db insert success
tensor(0.3775)
tensor(0.3775)
tensor(139.5000, device='cuda:0')
(11, 3, 0, 1, 8000, 'projchi', 'bitflip', 139.50001525878906, 0.0010000000474974513, 2.019019842147827, '2024-07-16 23:39:06', 4)
pval: [0.001] -- 11th test, time elapsed 2.019019842147827 -- emperical power so far (from test_start): 1.0
db insert success
tensor(0.3775)
tensor(0.3775)
tensor(90.0934, device='cuda:0')
(12, 3, 0, 1, 8000, 'projchi', 'bitflip', 90.09339141845703, 0.017000000923871994, 1.9892210960388184, '2024-07-16 23:39:14', 4)
pval: [0.017] -- 12th test, time elapsed 1.9892210960388184 -- emperical power so far (from test_start): 1.0
db insert success
tensor(0.3775)
tensor(0.3775)
tensor(124.3041, device='cuda:0')
(13, 3, 0, 1, 8000, 'projchi', 'bitflip', 124.3040771484375, 0.0010000000474974513, 1.9889562129974365, '2024-07-16 23:39:33', 4)
pval: [0.001] -- 13th test, time elapsed 1.9889562129974365 -- emperical power so far (from test_start): 1.0
db insert success
tensor(0.3775)
tensor(0.3775)
tensor(142.0485, device='cuda:0')
(14, 3, 0, 1, 8000, 'projchi', 'bitflip', 142.0485076904297, 0.0010000000474974513, 2.0014190673828125, '2024-07-16 23:39:53', 4)
pval: [0.001] -- 14th test, time elapsed 2.0014190673828125 -- emperical power so far (from test_start): 1.0
db insert success
tensor(0.3775)
tensor(0.3775)
tensor(126.9225, device='cuda:0')
(15, 3, 0, 1, 8000, 'projchi', 'bitflip', 126.9225082397461, 0.0010000000474974513, 1.9994874000549316, '2024-07-16 23:40:14', 4)
pval: [0.001] -- 15th test, time elapsed 1.9994874000549316 -- emperical power so far (from test_start): 1.0
db insert success
tensor(0.3775)
tensor(0.3775)
tensor(181.1752, device='cuda:0')
(16, 3, 0, 1, 8000, 'projchi', 'bitflip', 181.17515563964844, 0.0010000000474974513, 2.045111656188965, '2024-07-16 23:40:26', 4)
pval: [0.001] -- 16th test, time elapsed 2.045111656188965 -- emperical power so far (from test_start): 1.0
db insert success
tensor(0.3775)
tensor(0.3775)
tensor(143.2938, device='cuda:0')
(17, 3, 0, 1, 8000, 'projchi', 'bitflip', 143.29383850097656, 0.0010000000474974513, 2.0040037631988525, '2024-07-16 23:40:31', 4)
pval: [0.001] -- 17th test, time elapsed 2.0040037631988525 -- emperical power so far (from test_start): 1.0
db insert success
tensor(0.3775)
tensor(0.3775)
tensor(152.4091, device='cuda:0')
(18, 3, 0, 1, 8000, 'projchi', 'bitflip', 152.40914916992188, 0.0010000000474974513, 2.003387689590454, '2024-07-16 23:40:35', 4)
pval: [0.001] -- 18th test, time elapsed 2.003387689590454 -- emperical power so far (from test_start): 1.0
db insert success
tensor(0.3775)
tensor(0.3775)
tensor(125.3844, device='cuda:0')
(19, 3, 0, 1, 8000, 'projchi', 'bitflip', 125.38441467285156, 0.0010000000474974513, 2.038717269897461, '2024-07-16 23:40:47', 4)
pval: [0.001] -- 19th test, time elapsed 2.038717269897461 -- emperical power so far (from test_start): 1.0
db insert success
tensor(0.3775)
tensor(0.3775)
tensor(113.2749, device='cuda:0')
(20, 3, 0, 1, 8000, 'projchi', 'bitflip', 113.27490997314453, 0.0010000000474974513, 2.032987356185913, '2024-07-16 23:41:03', 4)
pval: [0.001] -- 20th test, time elapsed 2.032987356185913 -- emperical power so far (from test_start): 1.0
db insert success
tensor(0.3775)
tensor(0.3775)
tensor(126.7277, device='cuda:0')
(21, 3, 0, 1, 8000, 'projchi', 'bitflip', 126.7276611328125, 0.0010000000474974513, 1.9876043796539307, '2024-07-16 23:41:21', 4)
pval: [0.001] -- 21th test, time elapsed 1.9876043796539307 -- emperical power so far (from test_start): 1.0
db insert success
tensor(0.3775)
tensor(0.3775)
tensor(159.6474, device='cuda:0')
(22, 3, 0, 1, 8000, 'projchi', 'bitflip', 159.64743041992188, 0.0010000000474974513, 1.9846937656402588, '2024-07-16 23:41:40', 4)
pval: [0.001] -- 22th test, time elapsed 1.9846937656402588 -- emperical power so far (from test_start): 1.0
db insert success
tensor(0.3775)
tensor(0.3775)
tensor(152.1164, device='cuda:0')
(23, 3, 0, 1, 8000, 'projchi', 'bitflip', 152.11636352539062, 0.0010000000474974513, 1.985276222229004, '2024-07-16 23:41:56', 4)
pval: [0.001] -- 23th test, time elapsed 1.985276222229004 -- emperical power so far (from test_start): 1.0
db insert success
tensor(0.3775)
tensor(0.3775)
tensor(112.3941, device='cuda:0')
(24, 3, 0, 1, 8000, 'projchi', 'bitflip', 112.39411163330078, 0.0020000000949949026, 2.0249836444854736, '2024-07-16 23:42:16', 4)
pval: [0.002] -- 24th test, time elapsed 2.0249836444854736 -- emperical power so far (from test_start): 1.0
db insert success
tensor(0.3775)
tensor(0.3775)
tensor(141.3594, device='cuda:0')
(25, 3, 0, 1, 8000, 'projchi', 'bitflip', 141.359375, 0.0010000000474974513, 1.998225450515747, '2024-07-16 23:42:29', 4)
pval: [0.001] -- 25th test, time elapsed 1.998225450515747 -- emperical power so far (from test_start): 1.0
db insert success
tensor(0.3775)
tensor(0.3775)
tensor(150.6248, device='cuda:0')
(26, 3, 0, 1, 8000, 'projchi', 'bitflip', 150.62477111816406, 0.0010000000474974513, 2.0396194458007812, '2024-07-16 23:42:42', 4)
pval: [0.001] -- 26th test, time elapsed 2.0396194458007812 -- emperical power so far (from test_start): 1.0
db insert success
tensor(0.3775)
tensor(0.3775)
tensor(143.1264, device='cuda:0')
(27, 3, 0, 1, 8000, 'projchi', 'bitflip', 143.12643432617188, 0.0010000000474974513, 1.9904394149780273, '2024-07-16 23:42:57', 4)
pval: [0.001] -- 27th test, time elapsed 1.9904394149780273 -- emperical power so far (from test_start): 1.0
db insert success
tensor(0.3775)
tensor(0.3775)
tensor(104.7041, device='cuda:0')
(28, 3, 0, 1, 8000, 'projchi', 'bitflip', 104.70410919189453, 0.0010000000474974513, 2.004267454147339, '2024-07-16 23:43:14', 4)
pval: [0.001] -- 28th test, time elapsed 2.004267454147339 -- emperical power so far (from test_start): 1.0
db insert success
tensor(0.3775)
tensor(0.3775)
tensor(159.7512, device='cuda:0')
(29, 3, 0, 1, 8000, 'projchi', 'bitflip', 159.75119018554688, 0.0010000000474974513, 2.0024826526641846, '2024-07-16 23:43:27', 4)
pval: [0.001] -- 29th test, time elapsed 2.0024826526641846 -- emperical power so far (from test_start): 1.0
db insert success
tensor(0.3775)
tensor(0.3775)
tensor(129.6238, device='cuda:0')
(30, 3, 0, 1, 8000, 'projchi', 'bitflip', 129.623779296875, 0.0010000000474974513, 2.0032706260681152, '2024-07-16 23:43:38', 4)
pval: [0.001] -- 30th test, time elapsed 2.0032706260681152 -- emperical power so far (from test_start): 1.0
db insert success
tensor(0.3775)
tensor(0.3775)
tensor(137.9998, device='cuda:0')
(31, 3, 0, 1, 8000, 'projchi', 'bitflip', 137.9998016357422, 0.0010000000474974513, 1.9997303485870361, '2024-07-16 23:43:49', 4)
pval: [0.001] -- 31th test, time elapsed 1.9997303485870361 -- emperical power so far (from test_start): 1.0
db insert success
tensor(0.3775)
tensor(0.3775)
tensor(118.5215, device='cuda:0')
(32, 3, 0, 1, 8000, 'projchi', 'bitflip', 118.521484375, 0.0010000000474974513, 2.0226712226867676, '2024-07-16 23:44:04', 4)
pval: [0.001] -- 32th test, time elapsed 2.0226712226867676 -- emperical power so far (from test_start): 1.0
db insert success
tensor(0.3775)
tensor(0.3775)
tensor(129.6272, device='cuda:0')
(33, 3, 0, 1, 8000, 'projchi', 'bitflip', 129.62722778320312, 0.0010000000474974513, 2.0022006034851074, '2024-07-16 23:44:21', 4)
pval: [0.001] -- 33th test, time elapsed 2.0022006034851074 -- emperical power so far (from test_start): 1.0
db insert success
tensor(0.3775)
tensor(0.3775)
tensor(118.4462, device='cuda:0')
(34, 3, 0, 1, 8000, 'projchi', 'bitflip', 118.44622802734375, 0.0010000000474974513, 2.0006189346313477, '2024-07-16 23:44:36', 4)
pval: [0.001] -- 34th test, time elapsed 2.0006189346313477 -- emperical power so far (from test_start): 1.0
db insert success
tensor(0.3775)
tensor(0.3775)
tensor(98.9894, device='cuda:0')
(35, 3, 0, 1, 8000, 'projchi', 'bitflip', 98.98944854736328, 0.0020000000949949026, 1.9932105541229248, '2024-07-16 23:44:41', 4)
pval: [0.002] -- 35th test, time elapsed 1.9932105541229248 -- emperical power so far (from test_start): 1.0
db insert success
tensor(0.3775)
tensor(0.3775)
tensor(126.7177, device='cuda:0')
(36, 3, 0, 1, 8000, 'projchi', 'bitflip', 126.71769714355469, 0.0010000000474974513, 2.0036959648132324, '2024-07-16 23:44:55', 4)
pval: [0.001] -- 36th test, time elapsed 2.0036959648132324 -- emperical power so far (from test_start): 1.0
db insert success
tensor(0.3775)
tensor(0.3775)
tensor(93.9519, device='cuda:0')
(37, 3, 0, 1, 8000, 'projchi', 'bitflip', 93.95191955566406, 0.006000000052154064, 2.0208921432495117, '2024-07-16 23:45:07', 4)
pval: [0.006] -- 37th test, time elapsed 2.0208921432495117 -- emperical power so far (from test_start): 1.0
db insert success
tensor(0.3775)
tensor(0.3775)
tensor(154.4391, device='cuda:0')
(38, 3, 0, 1, 8000, 'projchi', 'bitflip', 154.43914794921875, 0.0010000000474974513, 2.0424726009368896, '2024-07-16 23:45:25', 4)
pval: [0.001] -- 38th test, time elapsed 2.0424726009368896 -- emperical power so far (from test_start): 1.0
db insert success
tensor(0.3775)
tensor(0.3775)
tensor(136.3712, device='cuda:0')
(39, 3, 0, 1, 8000, 'projchi', 'bitflip', 136.3712158203125, 0.0010000000474974513, 2.000905752182007, '2024-07-16 23:45:34', 4)
pval: [0.001] -- 39th test, time elapsed 2.000905752182007 -- emperical power so far (from test_start): 1.0
db insert success
tensor(0.3775)
tensor(0.3775)
tensor(152.9082, device='cuda:0')
(40, 3, 0, 1, 8000, 'projchi', 'bitflip', 152.90817260742188, 0.0010000000474974513, 2.0056228637695312, '2024-07-16 23:45:49', 4)
pval: [0.001] -- 40th test, time elapsed 2.0056228637695312 -- emperical power so far (from test_start): 1.0
db insert success
tensor(0.3775)
tensor(0.3775)
tensor(122.5110, device='cuda:0')
(41, 3, 0, 1, 8000, 'projchi', 'bitflip', 122.51099395751953, 0.0010000000474974513, 2.0408759117126465, '2024-07-16 23:46:03', 4)
pval: [0.001] -- 41th test, time elapsed 2.0408759117126465 -- emperical power so far (from test_start): 1.0
db insert success
tensor(0.3775)
tensor(0.3775)
tensor(134.0772, device='cuda:0')
(42, 3, 0, 1, 8000, 'projchi', 'bitflip', 134.07723999023438, 0.0010000000474974513, 2.0068182945251465, '2024-07-16 23:46:20', 4)
pval: [0.001] -- 42th test, time elapsed 2.0068182945251465 -- emperical power so far (from test_start): 1.0
db insert success
tensor(0.3775)
tensor(0.3775)
tensor(131.8412, device='cuda:0')
(43, 3, 0, 1, 8000, 'projchi', 'bitflip', 131.8412322998047, 0.0010000000474974513, 2.0354654788970947, '2024-07-16 23:46:26', 4)
pval: [0.001] -- 43th test, time elapsed 2.0354654788970947 -- emperical power so far (from test_start): 1.0
db insert success
tensor(0.3775)
tensor(0.3775)
tensor(145.9258, device='cuda:0')
(44, 3, 0, 1, 8000, 'projchi', 'bitflip', 145.92581176757812, 0.0010000000474974513, 2.0498998165130615, '2024-07-16 23:46:30', 4)
pval: [0.001] -- 44th test, time elapsed 2.0498998165130615 -- emperical power so far (from test_start): 1.0
db insert success
tensor(0.3775)
tensor(0.3775)
tensor(119.1637, device='cuda:0')
(45, 3, 0, 1, 8000, 'projchi', 'bitflip', 119.1636734008789, 0.0010000000474974513, 1.992476463317871, '2024-07-16 23:46:40', 4)
pval: [0.001] -- 45th test, time elapsed 1.992476463317871 -- emperical power so far (from test_start): 1.0
db insert success
tensor(0.3775)
tensor(0.3775)
tensor(131.9669, device='cuda:0')
(46, 3, 0, 1, 8000, 'projchi', 'bitflip', 131.96688842773438, 0.0010000000474974513, 2.0272045135498047, '2024-07-16 23:46:58', 4)
pval: [0.001] -- 46th test, time elapsed 2.0272045135498047 -- emperical power so far (from test_start): 1.0
db insert success
tensor(0.3775)
tensor(0.3775)
tensor(132.0999, device='cuda:0')
(47, 3, 0, 1, 8000, 'projchi', 'bitflip', 132.0999298095703, 0.0010000000474974513, 2.001697301864624, '2024-07-16 23:47:11', 4)
pval: [0.001] -- 47th test, time elapsed 2.001697301864624 -- emperical power so far (from test_start): 1.0
db insert success
tensor(0.3775)
tensor(0.3775)
tensor(159.3870, device='cuda:0')
(48, 3, 0, 1, 8000, 'projchi', 'bitflip', 159.38702392578125, 0.0010000000474974513, 2.038670778274536, '2024-07-16 23:47:25', 4)
pval: [0.001] -- 48th test, time elapsed 2.038670778274536 -- emperical power so far (from test_start): 1.0
db insert success
tensor(0.3775)
tensor(0.3775)
tensor(119.3458, device='cuda:0')
(49, 3, 0, 1, 8000, 'projchi', 'bitflip', 119.34583282470703, 0.0010000000474974513, 2.056990146636963, '2024-07-16 23:47:28', 4)
pval: [0.001] -- 49th test, time elapsed 2.056990146636963 -- emperical power so far (from test_start): 1.0
db insert success
tensor(0.3775)
tensor(0.3775)
tensor(126.2861, device='cuda:0')
(50, 3, 0, 1, 8000, 'projchi', 'bitflip', 126.2861099243164, 0.0010000000474974513, 2.022225856781006, '2024-07-16 23:47:46', 4)
pval: [0.001] -- 50th test, time elapsed 2.022225856781006 -- emperical power so far (from test_start): 1.0
db insert success
tensor(0.3775)
tensor(0.3775)
tensor(123.0842, device='cuda:0')
(51, 3, 0, 1, 8000, 'projchi', 'bitflip', 123.08419799804688, 0.0010000000474974513, 2.0067269802093506, '2024-07-16 23:47:49', 4)
pval: [0.001] -- 51th test, time elapsed 2.0067269802093506 -- emperical power so far (from test_start): 1.0
db insert success
tensor(0.3775)
tensor(0.3775)
tensor(140.8129, device='cuda:0')
(52, 3, 0, 1, 8000, 'projchi', 'bitflip', 140.81289672851562, 0.0010000000474974513, 1.9991445541381836, '2024-07-16 23:48:06', 4)
pval: [0.001] -- 52th test, time elapsed 1.9991445541381836 -- emperical power so far (from test_start): 1.0
db insert success
tensor(0.3775)
tensor(0.3775)
tensor(161.4186, device='cuda:0')
(53, 3, 0, 1, 8000, 'projchi', 'bitflip', 161.4185791015625, 0.0010000000474974513, 2.002479314804077, '2024-07-16 23:48:20', 4)
pval: [0.001] -- 53th test, time elapsed 2.002479314804077 -- emperical power so far (from test_start): 1.0
db insert success
tensor(0.3775)
tensor(0.3775)
tensor(152.5398, device='cuda:0')
(54, 3, 0, 1, 8000, 'projchi', 'bitflip', 152.53977966308594, 0.0010000000474974513, 2.0023326873779297, '2024-07-16 23:48:39', 4)
pval: [0.001] -- 54th test, time elapsed 2.0023326873779297 -- emperical power so far (from test_start): 1.0
db insert success
tensor(0.3775)
tensor(0.3775)
tensor(134.6516, device='cuda:0')
(55, 3, 0, 1, 8000, 'projchi', 'bitflip', 134.65158081054688, 0.0010000000474974513, 2.010830879211426, '2024-07-16 23:48:54', 4)
pval: [0.001] -- 55th test, time elapsed 2.010830879211426 -- emperical power so far (from test_start): 1.0
db insert success
tensor(0.3775)
tensor(0.3775)
tensor(146.2691, device='cuda:0')
(56, 3, 0, 1, 8000, 'projchi', 'bitflip', 146.26913452148438, 0.0010000000474974513, 2.0173776149749756, '2024-07-16 23:49:10', 4)
pval: [0.001] -- 56th test, time elapsed 2.0173776149749756 -- emperical power so far (from test_start): 1.0
db insert success
tensor(0.3775)
tensor(0.3775)
tensor(147.1213, device='cuda:0')
(57, 3, 0, 1, 8000, 'projchi', 'bitflip', 147.121337890625, 0.0010000000474974513, 1.9994430541992188, '2024-07-16 23:49:27', 4)
pval: [0.001] -- 57th test, time elapsed 1.9994430541992188 -- emperical power so far (from test_start): 1.0
db insert success
tensor(0.3775)
tensor(0.3775)
tensor(120.6589, device='cuda:0')
(58, 3, 0, 1, 8000, 'projchi', 'bitflip', 120.65888977050781, 0.0010000000474974513, 2.0367109775543213, '2024-07-16 23:49:35', 4)
pval: [0.001] -- 58th test, time elapsed 2.0367109775543213 -- emperical power so far (from test_start): 1.0
db insert success
tensor(0.3775)
tensor(0.3775)
tensor(129.0171, device='cuda:0')
(59, 3, 0, 1, 8000, 'projchi', 'bitflip', 129.01707458496094, 0.0010000000474974513, 2.0245931148529053, '2024-07-16 23:49:40', 4)
pval: [0.001] -- 59th test, time elapsed 2.0245931148529053 -- emperical power so far (from test_start): 1.0
db insert success
tensor(0.3775)
tensor(0.3775)
tensor(145.6789, device='cuda:0')
(60, 3, 0, 1, 8000, 'projchi', 'bitflip', 145.67886352539062, 0.0010000000474974513, 2.0016469955444336, '2024-07-16 23:49:50', 4)
pval: [0.001] -- 60th test, time elapsed 2.0016469955444336 -- emperical power so far (from test_start): 1.0
db insert success
tensor(0.3775)
tensor(0.3775)
tensor(110.9557, device='cuda:0')
(61, 3, 0, 1, 8000, 'projchi', 'bitflip', 110.95574188232422, 0.0010000000474974513, 2.041816234588623, '2024-07-16 23:49:57', 4)
pval: [0.001] -- 61th test, time elapsed 2.041816234588623 -- emperical power so far (from test_start): 1.0
db insert success
tensor(0.3775)
tensor(0.3775)
tensor(130.3960, device='cuda:0')
(62, 3, 0, 1, 8000, 'projchi', 'bitflip', 130.39602661132812, 0.0010000000474974513, 2.012972593307495, '2024-07-16 23:50:15', 4)
pval: [0.001] -- 62th test, time elapsed 2.012972593307495 -- emperical power so far (from test_start): 1.0
db insert success
tensor(0.3775)
tensor(0.3775)
tensor(138.9939, device='cuda:0')
(63, 3, 0, 1, 8000, 'projchi', 'bitflip', 138.9939422607422, 0.0010000000474974513, 1.9942631721496582, '2024-07-16 23:50:21', 4)
pval: [0.001] -- 63th test, time elapsed 1.9942631721496582 -- emperical power so far (from test_start): 1.0
db insert success
tensor(0.3775)
tensor(0.3775)
tensor(96.8896, device='cuda:0')
(64, 3, 0, 1, 8000, 'projchi', 'bitflip', 96.88964080810547, 0.003000000026077032, 2.0095934867858887, '2024-07-16 23:50:33', 4)
pval: [0.003] -- 64th test, time elapsed 2.0095934867858887 -- emperical power so far (from test_start): 1.0
db insert success
tensor(0.3775)
tensor(0.3775)
tensor(112.2187, device='cuda:0')
(65, 3, 0, 1, 8000, 'projchi', 'bitflip', 112.21867370605469, 0.0010000000474974513, 2.0081214904785156, '2024-07-16 23:50:51', 4)
pval: [0.001] -- 65th test, time elapsed 2.0081214904785156 -- emperical power so far (from test_start): 1.0
db insert success
tensor(0.3775)
tensor(0.3775)
tensor(125.3188, device='cuda:0')
(66, 3, 0, 1, 8000, 'projchi', 'bitflip', 125.31877136230469, 0.0010000000474974513, 2.0071330070495605, '2024-07-16 23:50:55', 4)
pval: [0.001] -- 66th test, time elapsed 2.0071330070495605 -- emperical power so far (from test_start): 1.0
db insert success
tensor(0.3775)
tensor(0.3775)
tensor(153.2235, device='cuda:0')
(67, 3, 0, 1, 8000, 'projchi', 'bitflip', 153.22352600097656, 0.0010000000474974513, 2.01357364654541, '2024-07-16 23:51:07', 4)
pval: [0.001] -- 67th test, time elapsed 2.01357364654541 -- emperical power so far (from test_start): 1.0
db insert success
tensor(0.3775)
tensor(0.3775)
tensor(171.4987, device='cuda:0')
(68, 3, 0, 1, 8000, 'projchi', 'bitflip', 171.49874877929688, 0.0010000000474974513, 2.003223419189453, '2024-07-16 23:51:12', 4)
pval: [0.001] -- 68th test, time elapsed 2.003223419189453 -- emperical power so far (from test_start): 1.0
db insert success
tensor(0.3775)
tensor(0.3775)
tensor(144.5176, device='cuda:0')
(69, 3, 0, 1, 8000, 'projchi', 'bitflip', 144.5176239013672, 0.0010000000474974513, 1.9975931644439697, '2024-07-16 23:51:32', 4)
pval: [0.001] -- 69th test, time elapsed 1.9975931644439697 -- emperical power so far (from test_start): 1.0
db insert success
tensor(0.3775)
tensor(0.3775)
tensor(115.2778, device='cuda:0')
(70, 3, 0, 1, 8000, 'projchi', 'bitflip', 115.27784729003906, 0.0010000000474974513, 1.9970989227294922, '2024-07-16 23:51:46', 4)
pval: [0.001] -- 70th test, time elapsed 1.9970989227294922 -- emperical power so far (from test_start): 1.0
db insert success
tensor(0.3775)
tensor(0.3775)
tensor(104.4737, device='cuda:0')
(71, 3, 0, 1, 8000, 'projchi', 'bitflip', 104.4736557006836, 0.0010000000474974513, 2.008300542831421, '2024-07-16 23:52:04', 4)
pval: [0.001] -- 71th test, time elapsed 2.008300542831421 -- emperical power so far (from test_start): 1.0
db insert success
tensor(0.3775)
tensor(0.3775)
tensor(125.6661, device='cuda:0')
(72, 3, 0, 1, 8000, 'projchi', 'bitflip', 125.66614532470703, 0.0010000000474974513, 1.997321605682373, '2024-07-16 23:52:17', 4)
pval: [0.001] -- 72th test, time elapsed 1.997321605682373 -- emperical power so far (from test_start): 1.0
db insert success
tensor(0.3775)
tensor(0.3775)
tensor(154.1080, device='cuda:0')
(73, 3, 0, 1, 8000, 'projchi', 'bitflip', 154.10797119140625, 0.0010000000474974513, 1.997234582901001, '2024-07-16 23:52:26', 4)
pval: [0.001] -- 73th test, time elapsed 1.997234582901001 -- emperical power so far (from test_start): 1.0
db insert success
tensor(0.3775)
tensor(0.3775)
tensor(154.6672, device='cuda:0')
(74, 3, 0, 1, 8000, 'projchi', 'bitflip', 154.6671600341797, 0.0010000000474974513, 2.0044732093811035, '2024-07-16 23:52:37', 4)
pval: [0.001] -- 74th test, time elapsed 2.0044732093811035 -- emperical power so far (from test_start): 1.0
db insert success
tensor(0.3775)
tensor(0.3775)
tensor(125.2958, device='cuda:0')
(75, 3, 0, 1, 8000, 'projchi', 'bitflip', 125.29580688476562, 0.0010000000474974513, 2.005943536758423, '2024-07-16 23:52:50', 4)
pval: [0.001] -- 75th test, time elapsed 2.005943536758423 -- emperical power so far (from test_start): 1.0
db insert success
tensor(0.3775)
tensor(0.3775)
tensor(148.0403, device='cuda:0')
(76, 3, 0, 1, 8000, 'projchi', 'bitflip', 148.04031372070312, 0.0010000000474974513, 2.0005717277526855, '2024-07-16 23:53:00', 4)
pval: [0.001] -- 76th test, time elapsed 2.0005717277526855 -- emperical power so far (from test_start): 1.0
db insert success
tensor(0.3775)
tensor(0.3775)
tensor(148.4068, device='cuda:0')
(77, 3, 0, 1, 8000, 'projchi', 'bitflip', 148.40684509277344, 0.0010000000474974513, 2.0196173191070557, '2024-07-16 23:53:07', 4)
pval: [0.001] -- 77th test, time elapsed 2.0196173191070557 -- emperical power so far (from test_start): 1.0
db insert success
tensor(0.3775)
tensor(0.3775)
tensor(126.1339, device='cuda:0')
(78, 3, 0, 1, 8000, 'projchi', 'bitflip', 126.13394165039062, 0.0010000000474974513, 2.0135631561279297, '2024-07-16 23:53:23', 4)
pval: [0.001] -- 78th test, time elapsed 2.0135631561279297 -- emperical power so far (from test_start): 1.0
db insert success
tensor(0.3775)
tensor(0.3775)
tensor(97.5852, device='cuda:0')
(79, 3, 0, 1, 8000, 'projchi', 'bitflip', 97.58524322509766, 0.003000000026077032, 1.9994163513183594, '2024-07-16 23:53:45', 4)
pval: [0.003] -- 79th test, time elapsed 1.9994163513183594 -- emperical power so far (from test_start): 1.0
db insert success
tensor(0.3775)
tensor(0.3775)
tensor(135.0528, device='cuda:0')
(80, 3, 0, 1, 8000, 'projchi', 'bitflip', 135.0528106689453, 0.0010000000474974513, 2.0187361240386963, '2024-07-16 23:53:57', 4)
pval: [0.001] -- 80th test, time elapsed 2.0187361240386963 -- emperical power so far (from test_start): 1.0
db insert success
tensor(0.3775)
tensor(0.3775)
tensor(146.6560, device='cuda:0')
(81, 3, 0, 1, 8000, 'projchi', 'bitflip', 146.65599060058594, 0.0010000000474974513, 1.9973728656768799, '2024-07-16 23:54:13', 4)
pval: [0.001] -- 81th test, time elapsed 1.9973728656768799 -- emperical power so far (from test_start): 1.0
db insert success
tensor(0.3775)
tensor(0.3775)
tensor(117.5189, device='cuda:0')
(82, 3, 0, 1, 8000, 'projchi', 'bitflip', 117.51893615722656, 0.0010000000474974513, 2.018148422241211, '2024-07-16 23:54:27', 4)
pval: [0.001] -- 82th test, time elapsed 2.018148422241211 -- emperical power so far (from test_start): 1.0
db insert success
tensor(0.3775)
tensor(0.3775)
tensor(132.9806, device='cuda:0')
(83, 3, 0, 1, 8000, 'projchi', 'bitflip', 132.98056030273438, 0.0010000000474974513, 2.033578872680664, '2024-07-16 23:54:46', 4)
pval: [0.001] -- 83th test, time elapsed 2.033578872680664 -- emperical power so far (from test_start): 1.0
db insert success
tensor(0.3775)
tensor(0.3775)
tensor(142.3243, device='cuda:0')
(84, 3, 0, 1, 8000, 'projchi', 'bitflip', 142.3242645263672, 0.0010000000474974513, 2.061870813369751, '2024-07-16 23:54:51', 4)
pval: [0.001] -- 84th test, time elapsed 2.061870813369751 -- emperical power so far (from test_start): 1.0
db insert success
tensor(0.3775)
tensor(0.3775)
tensor(146.1508, device='cuda:0')
(85, 3, 0, 1, 8000, 'projchi', 'bitflip', 146.15084838867188, 0.0010000000474974513, 2.0163300037384033, '2024-07-16 23:55:06', 4)
pval: [0.001] -- 85th test, time elapsed 2.0163300037384033 -- emperical power so far (from test_start): 1.0
db insert success
tensor(0.3775)
tensor(0.3775)
tensor(160.8196, device='cuda:0')
(86, 3, 0, 1, 8000, 'projchi', 'bitflip', 160.81961059570312, 0.0010000000474974513, 1.9990170001983643, '2024-07-16 23:55:14', 4)
pval: [0.001] -- 86th test, time elapsed 1.9990170001983643 -- emperical power so far (from test_start): 1.0
db insert success
tensor(0.3775)
tensor(0.3775)
tensor(134.3988, device='cuda:0')
(87, 3, 0, 1, 8000, 'projchi', 'bitflip', 134.39878845214844, 0.0010000000474974513, 2.0138704776763916, '2024-07-16 23:55:34', 4)
pval: [0.001] -- 87th test, time elapsed 2.0138704776763916 -- emperical power so far (from test_start): 1.0
db insert success
tensor(0.3775)
tensor(0.3775)
tensor(127.1659, device='cuda:0')
(88, 3, 0, 1, 8000, 'projchi', 'bitflip', 127.16590881347656, 0.0010000000474974513, 2.063951253890991, '2024-07-16 23:55:41', 4)
pval: [0.001] -- 88th test, time elapsed 2.063951253890991 -- emperical power so far (from test_start): 1.0
db insert success
tensor(0.3775)
tensor(0.3775)
tensor(144.3025, device='cuda:0')
(89, 3, 0, 1, 8000, 'projchi', 'bitflip', 144.302490234375, 0.0010000000474974513, 2.0058083534240723, '2024-07-16 23:55:50', 4)
pval: [0.001] -- 89th test, time elapsed 2.0058083534240723 -- emperical power so far (from test_start): 1.0
db insert success
tensor(0.3775)
tensor(0.3775)
tensor(90.7429, device='cuda:0')
(90, 3, 0, 1, 8000, 'projchi', 'bitflip', 90.742919921875, 0.013000000268220901, 2.031614065170288, '2024-07-16 23:56:07', 4)
pval: [0.013] -- 90th test, time elapsed 2.031614065170288 -- emperical power so far (from test_start): 1.0
db insert success
tensor(0.3775)
tensor(0.3775)
tensor(141.5577, device='cuda:0')
(91, 3, 0, 1, 8000, 'projchi', 'bitflip', 141.55767822265625, 0.0010000000474974513, 2.0093464851379395, '2024-07-16 23:56:25', 4)
pval: [0.001] -- 91th test, time elapsed 2.0093464851379395 -- emperical power so far (from test_start): 1.0
db insert success
tensor(0.3775)
tensor(0.3775)
tensor(129.7110, device='cuda:0')
(92, 3, 0, 1, 8000, 'projchi', 'bitflip', 129.7109832763672, 0.0010000000474974513, 2.000556707382202, '2024-07-16 23:56:39', 4)
pval: [0.001] -- 92th test, time elapsed 2.000556707382202 -- emperical power so far (from test_start): 1.0
db insert success
tensor(0.3775)
tensor(0.3775)
tensor(135.3667, device='cuda:0')
(93, 3, 0, 1, 8000, 'projchi', 'bitflip', 135.36669921875, 0.0010000000474974513, 2.0025246143341064, '2024-07-16 23:56:46', 4)
pval: [0.001] -- 93th test, time elapsed 2.0025246143341064 -- emperical power so far (from test_start): 1.0
db insert success
tensor(0.3775)
tensor(0.3775)
tensor(118.8340, device='cuda:0')
(94, 3, 0, 1, 8000, 'projchi', 'bitflip', 118.83403015136719, 0.0010000000474974513, 2.0444602966308594, '2024-07-16 23:57:02', 4)
pval: [0.001] -- 94th test, time elapsed 2.0444602966308594 -- emperical power so far (from test_start): 1.0
db insert success
tensor(0.3775)
tensor(0.3775)
tensor(120.0491, device='cuda:0')
(95, 3, 0, 1, 8000, 'projchi', 'bitflip', 120.04912567138672, 0.0010000000474974513, 2.001689910888672, '2024-07-16 23:57:22', 4)
pval: [0.001] -- 95th test, time elapsed 2.001689910888672 -- emperical power so far (from test_start): 1.0
db insert success
tensor(0.3775)
tensor(0.3775)
tensor(152.3232, device='cuda:0')
(96, 3, 0, 1, 8000, 'projchi', 'bitflip', 152.32318115234375, 0.0010000000474974513, 1.9977076053619385, '2024-07-16 23:57:28', 4)
pval: [0.001] -- 96th test, time elapsed 1.9977076053619385 -- emperical power so far (from test_start): 1.0
db insert success
tensor(0.3775)
tensor(0.3775)
tensor(131.2408, device='cuda:0')
(97, 3, 0, 1, 8000, 'projchi', 'bitflip', 131.24078369140625, 0.0010000000474974513, 2.0006651878356934, '2024-07-16 23:57:37', 4)
pval: [0.001] -- 97th test, time elapsed 2.0006651878356934 -- emperical power so far (from test_start): 1.0
db insert success
tensor(0.3775)
tensor(0.3775)
tensor(131.0435, device='cuda:0')
(98, 3, 0, 1, 8000, 'projchi', 'bitflip', 131.04347229003906, 0.0010000000474974513, 1.9995336532592773, '2024-07-16 23:57:53', 4)
pval: [0.001] -- 98th test, time elapsed 1.9995336532592773 -- emperical power so far (from test_start): 1.0
db insert success
tensor(0.3775)
tensor(0.3775)
tensor(156.5159, device='cuda:0')
(99, 3, 0, 1, 8000, 'projchi', 'bitflip', 156.51585388183594, 0.0010000000474974513, 1.9990181922912598, '2024-07-16 23:58:06', 4)
pval: [0.001] -- 99th test, time elapsed 1.9990181922912598 -- emperical power so far (from test_start): 1.0
db insert success
tensor(0.3775)
tensor(0.3775)
tensor(130.8638, device='cuda:0')
(100, 3, 0, 1, 8000, 'projchi', 'bitflip', 130.8638153076172, 0.0010000000474974513, 1.9998598098754883, '2024-07-16 23:58:15', 4)
pval: [0.001] -- 100th test, time elapsed 1.9998598098754883 -- emperical power so far (from test_start): 1.0
db insert success
tensor(0.3775)
tensor(0.3775)
tensor(132.9626, device='cuda:0')
(101, 3, 0, 1, 8000, 'projchi', 'bitflip', 132.96263122558594, 0.0010000000474974513, 1.9955313205718994, '2024-07-16 23:58:21', 4)
pval: [0.001] -- 101th test, time elapsed 1.9955313205718994 -- emperical power so far (from test_start): 1.0
db insert success
tensor(0.3775)
tensor(0.3775)
tensor(154.7907, device='cuda:0')
(102, 3, 0, 1, 8000, 'projchi', 'bitflip', 154.79071044921875, 0.0010000000474974513, 2.0190436840057373, '2024-07-16 23:58:28', 4)
pval: [0.001] -- 102th test, time elapsed 2.0190436840057373 -- emperical power so far (from test_start): 1.0
db insert success
tensor(0.3775)
tensor(0.3775)
tensor(91.2032, device='cuda:0')
(103, 3, 0, 1, 8000, 'projchi', 'bitflip', 91.20320892333984, 0.010000000707805157, 2.0284531116485596, '2024-07-16 23:58:31', 4)
pval: [0.01] -- 103th test, time elapsed 2.0284531116485596 -- emperical power so far (from test_start): 1.0
db insert success
tensor(0.3775)
tensor(0.3775)
tensor(169.7199, device='cuda:0')
(104, 3, 0, 1, 8000, 'projchi', 'bitflip', 169.71990966796875, 0.0010000000474974513, 2.0008010864257812, '2024-07-16 23:58:44', 4)
pval: [0.001] -- 104th test, time elapsed 2.0008010864257812 -- emperical power so far (from test_start): 1.0
db insert success
tensor(0.3775)
tensor(0.3775)
tensor(130.5947, device='cuda:0')
(105, 3, 0, 1, 8000, 'projchi', 'bitflip', 130.5946502685547, 0.0010000000474974513, 2.002232789993286, '2024-07-16 23:58:56', 4)
pval: [0.001] -- 105th test, time elapsed 2.002232789993286 -- emperical power so far (from test_start): 1.0
db insert success
tensor(0.3775)
tensor(0.3775)
tensor(135.2517, device='cuda:0')
(106, 3, 0, 1, 8000, 'projchi', 'bitflip', 135.25172424316406, 0.0010000000474974513, 2.0629756450653076, '2024-07-16 23:59:17', 4)
pval: [0.001] -- 106th test, time elapsed 2.0629756450653076 -- emperical power so far (from test_start): 1.0
db insert success
tensor(0.3775)
tensor(0.3775)
tensor(119.0942, device='cuda:0')
(107, 3, 0, 1, 8000, 'projchi', 'bitflip', 119.0942153930664, 0.0010000000474974513, 1.9975569248199463, '2024-07-16 23:59:34', 4)
pval: [0.001] -- 107th test, time elapsed 1.9975569248199463 -- emperical power so far (from test_start): 1.0
db insert success
tensor(0.3775)
tensor(0.3775)
tensor(154.5855, device='cuda:0')
(108, 3, 0, 1, 8000, 'projchi', 'bitflip', 154.58546447753906, 0.0010000000474974513, 2.046022415161133, '2024-07-16 23:59:43', 4)
pval: [0.001] -- 108th test, time elapsed 2.046022415161133 -- emperical power so far (from test_start): 1.0
db insert success
tensor(0.3775)
tensor(0.3775)
tensor(143.6314, device='cuda:0')
(109, 3, 0, 1, 8000, 'projchi', 'bitflip', 143.63137817382812, 0.0010000000474974513, 2.0277822017669678, '2024-07-16 23:59:57', 4)
pval: [0.001] -- 109th test, time elapsed 2.0277822017669678 -- emperical power so far (from test_start): 1.0
db insert success
tensor(0.3775)
tensor(0.3775)
tensor(149.2132, device='cuda:0')
(110, 3, 0, 1, 8000, 'projchi', 'bitflip', 149.21324157714844, 0.0010000000474974513, 2.0389533042907715, '2024-07-17 00:00:01', 4)
pval: [0.001] -- 110th test, time elapsed 2.0389533042907715 -- emperical power so far (from test_start): 1.0
db insert success
tensor(0.3775)
tensor(0.3775)
tensor(113.8823, device='cuda:0')
(111, 3, 0, 1, 8000, 'projchi', 'bitflip', 113.88230895996094, 0.0010000000474974513, 2.012035846710205, '2024-07-17 00:00:20', 4)
pval: [0.001] -- 111th test, time elapsed 2.012035846710205 -- emperical power so far (from test_start): 1.0
db insert success
tensor(0.3775)
tensor(0.3775)
tensor(155.8200, device='cuda:0')
(112, 3, 0, 1, 8000, 'projchi', 'bitflip', 155.8200225830078, 0.0010000000474974513, 2.0069291591644287, '2024-07-17 00:00:39', 4)
pval: [0.001] -- 112th test, time elapsed 2.0069291591644287 -- emperical power so far (from test_start): 1.0
db insert success
tensor(0.3775)
tensor(0.3775)
tensor(166.6566, device='cuda:0')
(113, 3, 0, 1, 8000, 'projchi', 'bitflip', 166.65663146972656, 0.0010000000474974513, 2.0184574127197266, '2024-07-17 00:01:01', 4)
pval: [0.001] -- 113th test, time elapsed 2.0184574127197266 -- emperical power so far (from test_start): 1.0
db insert success
tensor(0.3775)
tensor(0.3775)
tensor(149.4164, device='cuda:0')
(114, 3, 0, 1, 8000, 'projchi', 'bitflip', 149.41644287109375, 0.0010000000474974513, 1.9976105690002441, '2024-07-17 00:01:23', 4)
pval: [0.001] -- 114th test, time elapsed 1.9976105690002441 -- emperical power so far (from test_start): 1.0
db insert success
tensor(0.3775)
tensor(0.3775)
tensor(141.6970, device='cuda:0')
(115, 3, 0, 1, 8000, 'projchi', 'bitflip', 141.69699096679688, 0.0010000000474974513, 1.9974620342254639, '2024-07-17 00:01:45', 4)
pval: [0.001] -- 115th test, time elapsed 1.9974620342254639 -- emperical power so far (from test_start): 1.0
db insert success
tensor(0.3775)
tensor(0.3775)
tensor(148.3685, device='cuda:0')
(116, 3, 0, 1, 8000, 'projchi', 'bitflip', 148.3685302734375, 0.0010000000474974513, 1.9994351863861084, '2024-07-17 00:01:49', 4)
pval: [0.001] -- 116th test, time elapsed 1.9994351863861084 -- emperical power so far (from test_start): 1.0
db insert success
tensor(0.3775)
tensor(0.3775)
tensor(152.3856, device='cuda:0')
(117, 3, 0, 1, 8000, 'projchi', 'bitflip', 152.38555908203125, 0.0010000000474974513, 2.0047147274017334, '2024-07-17 00:01:53', 4)
pval: [0.001] -- 117th test, time elapsed 2.0047147274017334 -- emperical power so far (from test_start): 1.0
db insert success
tensor(0.3775)
tensor(0.3775)
tensor(154.9276, device='cuda:0')
(118, 3, 0, 1, 8000, 'projchi', 'bitflip', 154.9275665283203, 0.0010000000474974513, 2.0025627613067627, '2024-07-17 00:01:59', 4)
pval: [0.001] -- 118th test, time elapsed 2.0025627613067627 -- emperical power so far (from test_start): 1.0
db insert success
tensor(0.3775)
tensor(0.3775)
tensor(165.0778, device='cuda:0')
(119, 3, 0, 1, 8000, 'projchi', 'bitflip', 165.07778930664062, 0.0010000000474974513, 2.017768144607544, '2024-07-17 00:02:19', 4)
pval: [0.001] -- 119th test, time elapsed 2.017768144607544 -- emperical power so far (from test_start): 1.0
db insert success
tensor(0.3775)
tensor(0.3775)
tensor(126.9780, device='cuda:0')
(120, 3, 0, 1, 8000, 'projchi', 'bitflip', 126.97803497314453, 0.0010000000474974513, 2.003159761428833, '2024-07-17 00:02:33', 4)
pval: [0.001] -- 120th test, time elapsed 2.003159761428833 -- emperical power so far (from test_start): 1.0
db insert success
tensor(0.3775)
tensor(0.3775)
tensor(142.9060, device='cuda:0')
(121, 3, 0, 1, 8000, 'projchi', 'bitflip', 142.90597534179688, 0.0010000000474974513, 1.9984910488128662, '2024-07-17 00:02:44', 4)
pval: [0.001] -- 121th test, time elapsed 1.9984910488128662 -- emperical power so far (from test_start): 1.0
db insert success
tensor(0.3775)
tensor(0.3775)
tensor(154.8095, device='cuda:0')
(122, 3, 0, 1, 8000, 'projchi', 'bitflip', 154.8094940185547, 0.0010000000474974513, 1.9999728202819824, '2024-07-17 00:02:51', 4)
pval: [0.001] -- 122th test, time elapsed 1.9999728202819824 -- emperical power so far (from test_start): 1.0
db insert success
tensor(0.3775)
tensor(0.3775)
tensor(160.3228, device='cuda:0')
(123, 3, 0, 1, 8000, 'projchi', 'bitflip', 160.3228302001953, 0.0010000000474974513, 2.046766996383667, '2024-07-17 00:03:10', 4)
pval: [0.001] -- 123th test, time elapsed 2.046766996383667 -- emperical power so far (from test_start): 1.0
db insert success
tensor(0.3775)
tensor(0.3775)
tensor(127.2834, device='cuda:0')
(124, 3, 0, 1, 8000, 'projchi', 'bitflip', 127.28338623046875, 0.0010000000474974513, 2.0046350955963135, '2024-07-17 00:03:15', 4)
pval: [0.001] -- 124th test, time elapsed 2.0046350955963135 -- emperical power so far (from test_start): 1.0
db insert success
tensor(0.3775)
tensor(0.3775)
tensor(165.6544, device='cuda:0')
(125, 3, 0, 1, 8000, 'projchi', 'bitflip', 165.6543731689453, 0.0010000000474974513, 2.010359525680542, '2024-07-17 00:03:31', 4)
pval: [0.001] -- 125th test, time elapsed 2.010359525680542 -- emperical power so far (from test_start): 1.0
db insert success
tensor(0.3775)
tensor(0.3775)
tensor(123.2996, device='cuda:0')
(126, 3, 0, 1, 8000, 'projchi', 'bitflip', 123.29962921142578, 0.0010000000474974513, 2.018216848373413, '2024-07-17 00:03:49', 4)
pval: [0.001] -- 126th test, time elapsed 2.018216848373413 -- emperical power so far (from test_start): 1.0
db insert success
tensor(0.3775)
tensor(0.3775)
tensor(120.3868, device='cuda:0')
(127, 3, 0, 1, 8000, 'projchi', 'bitflip', 120.38684844970703, 0.0010000000474974513, 2.0090034008026123, '2024-07-17 00:04:06', 4)
pval: [0.001] -- 127th test, time elapsed 2.0090034008026123 -- emperical power so far (from test_start): 1.0
db insert success
tensor(0.3775)
tensor(0.3775)
tensor(134.0798, device='cuda:0')
(128, 3, 0, 1, 8000, 'projchi', 'bitflip', 134.079833984375, 0.0010000000474974513, 2.0353500843048096, '2024-07-17 00:04:22', 4)
pval: [0.001] -- 128th test, time elapsed 2.0353500843048096 -- emperical power so far (from test_start): 1.0
db insert success
tensor(0.3775)
tensor(0.3775)
tensor(167.2654, device='cuda:0')
(129, 3, 0, 1, 8000, 'projchi', 'bitflip', 167.26544189453125, 0.0010000000474974513, 2.006452798843384, '2024-07-17 00:04:26', 4)
pval: [0.001] -- 129th test, time elapsed 2.006452798843384 -- emperical power so far (from test_start): 1.0
db insert success
tensor(0.3775)
tensor(0.3775)
tensor(145.0405, device='cuda:0')
(130, 3, 0, 1, 8000, 'projchi', 'bitflip', 145.04046630859375, 0.0010000000474974513, 1.998457431793213, '2024-07-17 00:04:44', 4)
pval: [0.001] -- 130th test, time elapsed 1.998457431793213 -- emperical power so far (from test_start): 1.0
db insert success
tensor(0.3775)
tensor(0.3775)
tensor(118.2294, device='cuda:0')
(131, 3, 0, 1, 8000, 'projchi', 'bitflip', 118.22940063476562, 0.0010000000474974513, 2.0154147148132324, '2024-07-17 00:04:52', 4)
pval: [0.001] -- 131th test, time elapsed 2.0154147148132324 -- emperical power so far (from test_start): 1.0
db insert success
tensor(0.3775)
tensor(0.3775)
tensor(119.3062, device='cuda:0')
(132, 3, 0, 1, 8000, 'projchi', 'bitflip', 119.30621337890625, 0.0010000000474974513, 2.002476930618286, '2024-07-17 00:04:56', 4)
pval: [0.001] -- 132th test, time elapsed 2.002476930618286 -- emperical power so far (from test_start): 1.0
db insert success
tensor(0.3775)
tensor(0.3775)
tensor(74.7251, device='cuda:0')
(133, 3, 0, 1, 8000, 'projchi', 'bitflip', 74.72509002685547, 0.14000000059604645, 2.01527738571167, '2024-07-17 00:05:17', 4)
pval: [0.14] -- 133th test, time elapsed 2.01527738571167 -- emperical power so far (from test_start): 0.9924812030075187
db insert success
tensor(0.3775)
tensor(0.3775)
tensor(158.6788, device='cuda:0')
(134, 3, 0, 1, 8000, 'projchi', 'bitflip', 158.67884826660156, 0.0010000000474974513, 2.0150084495544434, '2024-07-17 00:05:28', 4)
pval: [0.001] -- 134th test, time elapsed 2.0150084495544434 -- emperical power so far (from test_start): 0.9925373134328358
db insert success
tensor(0.3775)
tensor(0.3775)
tensor(141.0099, device='cuda:0')
(135, 3, 0, 1, 8000, 'projchi', 'bitflip', 141.00994873046875, 0.0010000000474974513, 2.0171942710876465, '2024-07-17 00:05:36', 4)
pval: [0.001] -- 135th test, time elapsed 2.0171942710876465 -- emperical power so far (from test_start): 0.9925925925925926
db insert success
tensor(0.3775)
tensor(0.3775)
tensor(142.2635, device='cuda:0')
(136, 3, 0, 1, 8000, 'projchi', 'bitflip', 142.26351928710938, 0.0010000000474974513, 2.0145747661590576, '2024-07-17 00:05:57', 4)
pval: [0.001] -- 136th test, time elapsed 2.0145747661590576 -- emperical power so far (from test_start): 0.9926470588235294
db insert success
tensor(0.3775)
tensor(0.3775)
tensor(94.6300, device='cuda:0')
(137, 3, 0, 1, 8000, 'projchi', 'bitflip', 94.62995147705078, 0.00800000037997961, 1.99566650390625, '2024-07-17 00:06:01', 4)
pval: [0.008] -- 137th test, time elapsed 1.99566650390625 -- emperical power so far (from test_start): 0.9927007299270073
db insert success
tensor(0.3775)
tensor(0.3775)
tensor(156.4101, device='cuda:0')
(138, 3, 0, 1, 8000, 'projchi', 'bitflip', 156.41009521484375, 0.0010000000474974513, 2.0218992233276367, '2024-07-17 00:06:20', 4)
pval: [0.001] -- 138th test, time elapsed 2.0218992233276367 -- emperical power so far (from test_start): 0.9927536231884058
db insert success
tensor(0.3775)
tensor(0.3775)
tensor(150.5242, device='cuda:0')
(139, 3, 0, 1, 8000, 'projchi', 'bitflip', 150.52420043945312, 0.0010000000474974513, 2.0063440799713135, '2024-07-17 00:06:28', 4)
pval: [0.001] -- 139th test, time elapsed 2.0063440799713135 -- emperical power so far (from test_start): 0.9928057553956835
db insert success
tensor(0.3775)
tensor(0.3775)
tensor(121.9375, device='cuda:0')
(140, 3, 0, 1, 8000, 'projchi', 'bitflip', 121.93745422363281, 0.0010000000474974513, 2.009155750274658, '2024-07-17 00:06:35', 4)
pval: [0.001] -- 140th test, time elapsed 2.009155750274658 -- emperical power so far (from test_start): 0.9928571428571429
db insert success
tensor(0.3775)
tensor(0.3775)
tensor(104.4355, device='cuda:0')
(141, 3, 0, 1, 8000, 'projchi', 'bitflip', 104.43553924560547, 0.0020000000949949026, 2.0035901069641113, '2024-07-17 00:06:44', 4)
pval: [0.002] -- 141th test, time elapsed 2.0035901069641113 -- emperical power so far (from test_start): 0.9929078014184397
db insert success
tensor(0.3775)
tensor(0.3775)
tensor(138.5408, device='cuda:0')
(142, 3, 0, 1, 8000, 'projchi', 'bitflip', 138.54080200195312, 0.0010000000474974513, 2.0246784687042236, '2024-07-17 00:06:56', 4)
pval: [0.001] -- 142th test, time elapsed 2.0246784687042236 -- emperical power so far (from test_start): 0.9929577464788732
db insert success
tensor(0.3775)
tensor(0.3775)
tensor(129.4351, device='cuda:0')
(143, 3, 0, 1, 8000, 'projchi', 'bitflip', 129.43507385253906, 0.0010000000474974513, 2.003570079803467, '2024-07-17 00:07:13', 4)
pval: [0.001] -- 143th test, time elapsed 2.003570079803467 -- emperical power so far (from test_start): 0.993006993006993
db insert success
tensor(0.3775)
tensor(0.3775)
tensor(135.0877, device='cuda:0')
(144, 3, 0, 1, 8000, 'projchi', 'bitflip', 135.08766174316406, 0.0010000000474974513, 2.0505683422088623, '2024-07-17 00:07:30', 4)
pval: [0.001] -- 144th test, time elapsed 2.0505683422088623 -- emperical power so far (from test_start): 0.9930555555555556
db insert success
tensor(0.3775)
tensor(0.3775)
tensor(115.3821, device='cuda:0')
(145, 3, 0, 1, 8000, 'projchi', 'bitflip', 115.3820571899414, 0.0010000000474974513, 2.0158464908599854, '2024-07-17 00:07:52', 4)
pval: [0.001] -- 145th test, time elapsed 2.0158464908599854 -- emperical power so far (from test_start): 0.993103448275862
db insert success
tensor(0.3775)
tensor(0.3775)
tensor(141.3875, device='cuda:0')
(146, 3, 0, 1, 8000, 'projchi', 'bitflip', 141.387451171875, 0.0010000000474974513, 1.9985589981079102, '2024-07-17 00:08:14', 4)
pval: [0.001] -- 146th test, time elapsed 1.9985589981079102 -- emperical power so far (from test_start): 0.9931506849315068
db insert success
tensor(0.3775)
tensor(0.3775)
tensor(144.2900, device='cuda:0')
(147, 3, 0, 1, 8000, 'projchi', 'bitflip', 144.2899932861328, 0.0010000000474974513, 1.9955244064331055, '2024-07-17 00:08:20', 4)
pval: [0.001] -- 147th test, time elapsed 1.9955244064331055 -- emperical power so far (from test_start): 0.9931972789115646
db insert success
tensor(0.3775)
tensor(0.3775)
tensor(131.7301, device='cuda:0')
(148, 3, 0, 1, 8000, 'projchi', 'bitflip', 131.7301025390625, 0.0010000000474974513, 2.0353753566741943, '2024-07-17 00:08:29', 4)
pval: [0.001] -- 148th test, time elapsed 2.0353753566741943 -- emperical power so far (from test_start): 0.9932432432432432
db insert success
tensor(0.3775)
tensor(0.3775)
tensor(114.4178, device='cuda:0')
(149, 3, 0, 1, 8000, 'projchi', 'bitflip', 114.4178466796875, 0.0010000000474974513, 2.0501465797424316, '2024-07-17 00:08:50', 4)
pval: [0.001] -- 149th test, time elapsed 2.0501465797424316 -- emperical power so far (from test_start): 0.9932885906040269
db insert success
tensor(0.3775)
tensor(0.3775)
tensor(112.3082, device='cuda:0')
(150, 3, 0, 1, 8000, 'projchi', 'bitflip', 112.30818176269531, 0.0010000000474974513, 2.0469939708709717, '2024-07-17 00:09:07', 4)
pval: [0.001] -- 150th test, time elapsed 2.0469939708709717 -- emperical power so far (from test_start): 0.9933333333333333
db insert success
tensor(0.3775)
tensor(0.3775)
tensor(147.6445, device='cuda:0')
(151, 3, 0, 1, 8000, 'projchi', 'bitflip', 147.64451599121094, 0.0010000000474974513, 2.0585641860961914, '2024-07-17 00:09:25', 4)
pval: [0.001] -- 151th test, time elapsed 2.0585641860961914 -- emperical power so far (from test_start): 0.9933774834437086
db insert success
tensor(0.3775)
tensor(0.3775)
tensor(107.5994, device='cuda:0')
(152, 3, 0, 1, 8000, 'projchi', 'bitflip', 107.59944915771484, 0.0020000000949949026, 2.0116653442382812, '2024-07-17 00:09:30', 4)
pval: [0.002] -- 152th test, time elapsed 2.0116653442382812 -- emperical power so far (from test_start): 0.993421052631579
db insert success
tensor(0.3775)
tensor(0.3775)
tensor(122.6904, device='cuda:0')
(153, 3, 0, 1, 8000, 'projchi', 'bitflip', 122.6904067993164, 0.0010000000474974513, 2.016079902648926, '2024-07-17 00:09:33', 4)
pval: [0.001] -- 153th test, time elapsed 2.016079902648926 -- emperical power so far (from test_start): 0.9934640522875817
db insert success
tensor(0.3775)
tensor(0.3775)
tensor(138.3178, device='cuda:0')
(154, 3, 0, 1, 8000, 'projchi', 'bitflip', 138.31777954101562, 0.0010000000474974513, 2.0229220390319824, '2024-07-17 00:09:52', 4)
pval: [0.001] -- 154th test, time elapsed 2.0229220390319824 -- emperical power so far (from test_start): 0.9935064935064936
db insert success
tensor(0.3775)
tensor(0.3775)
tensor(125.6469, device='cuda:0')
(155, 3, 0, 1, 8000, 'projchi', 'bitflip', 125.64691162109375, 0.0010000000474974513, 2.003427505493164, '2024-07-17 00:09:59', 4)
pval: [0.001] -- 155th test, time elapsed 2.003427505493164 -- emperical power so far (from test_start): 0.9935483870967742
db insert success
tensor(0.3775)
tensor(0.3775)
tensor(139.1395, device='cuda:0')
(156, 3, 0, 1, 8000, 'projchi', 'bitflip', 139.13949584960938, 0.0010000000474974513, 2.0059313774108887, '2024-07-17 00:10:02', 4)
pval: [0.001] -- 156th test, time elapsed 2.0059313774108887 -- emperical power so far (from test_start): 0.9935897435897436
db insert success
tensor(0.3775)
tensor(0.3775)
tensor(127.3918, device='cuda:0')
(157, 3, 0, 1, 8000, 'projchi', 'bitflip', 127.39180755615234, 0.0010000000474974513, 2.0381243228912354, '2024-07-17 00:10:06', 4)
pval: [0.001] -- 157th test, time elapsed 2.0381243228912354 -- emperical power so far (from test_start): 0.9936305732484076
db insert success
tensor(0.3775)
tensor(0.3775)
tensor(133.2737, device='cuda:0')
(158, 3, 0, 1, 8000, 'projchi', 'bitflip', 133.27365112304688, 0.0010000000474974513, 2.0137991905212402, '2024-07-17 00:10:25', 4)
pval: [0.001] -- 158th test, time elapsed 2.0137991905212402 -- emperical power so far (from test_start): 0.9936708860759493
db insert success
tensor(0.3775)
tensor(0.3775)
tensor(111.1831, device='cuda:0')
(159, 3, 0, 1, 8000, 'projchi', 'bitflip', 111.18310546875, 0.0010000000474974513, 2.019132375717163, '2024-07-17 00:10:41', 4)
pval: [0.001] -- 159th test, time elapsed 2.019132375717163 -- emperical power so far (from test_start): 0.9937106918238994
db insert success
tensor(0.3775)
tensor(0.3775)
tensor(182.2397, device='cuda:0')
(160, 3, 0, 1, 8000, 'projchi', 'bitflip', 182.23971557617188, 0.0010000000474974513, 2.033107280731201, '2024-07-17 00:10:48', 4)
pval: [0.001] -- 160th test, time elapsed 2.033107280731201 -- emperical power so far (from test_start): 0.99375
db insert success
tensor(0.3775)
tensor(0.3775)
tensor(159.3725, device='cuda:0')
(161, 3, 0, 1, 8000, 'projchi', 'bitflip', 159.37249755859375, 0.0010000000474974513, 1.9969816207885742, '2024-07-17 00:10:54', 4)
pval: [0.001] -- 161th test, time elapsed 1.9969816207885742 -- emperical power so far (from test_start): 0.9937888198757764
db insert success
tensor(0.3775)
tensor(0.3775)
tensor(126.3338, device='cuda:0')
(162, 3, 0, 1, 8000, 'projchi', 'bitflip', 126.33380889892578, 0.0010000000474974513, 2.0128281116485596, '2024-07-17 00:11:10', 4)
pval: [0.001] -- 162th test, time elapsed 2.0128281116485596 -- emperical power so far (from test_start): 0.9938271604938271
db insert success
tensor(0.3775)
tensor(0.3775)
tensor(176.3153, device='cuda:0')
(163, 3, 0, 1, 8000, 'projchi', 'bitflip', 176.3152618408203, 0.0010000000474974513, 2.020796298980713, '2024-07-17 00:11:18', 4)
pval: [0.001] -- 163th test, time elapsed 2.020796298980713 -- emperical power so far (from test_start): 0.9938650306748467
db insert success
tensor(0.3775)
tensor(0.3775)
tensor(138.3164, device='cuda:0')
(164, 3, 0, 1, 8000, 'projchi', 'bitflip', 138.31643676757812, 0.0010000000474974513, 2.0247573852539062, '2024-07-17 00:11:40', 4)
pval: [0.001] -- 164th test, time elapsed 2.0247573852539062 -- emperical power so far (from test_start): 0.9939024390243902
db insert success
tensor(0.3775)
tensor(0.3775)
tensor(147.7053, device='cuda:0')
(165, 3, 0, 1, 8000, 'projchi', 'bitflip', 147.7052764892578, 0.0010000000474974513, 2.0415520668029785, '2024-07-17 00:11:58', 4)
pval: [0.001] -- 165th test, time elapsed 2.0415520668029785 -- emperical power so far (from test_start): 0.9939393939393939
db insert success
tensor(0.3775)
tensor(0.3775)
tensor(135.0945, device='cuda:0')
(166, 3, 0, 1, 8000, 'projchi', 'bitflip', 135.094482421875, 0.0010000000474974513, 2.0371391773223877, '2024-07-17 00:12:08', 4)
pval: [0.001] -- 166th test, time elapsed 2.0371391773223877 -- emperical power so far (from test_start): 0.9939759036144579
db insert success
tensor(0.3775)
tensor(0.3775)
tensor(139.8690, device='cuda:0')
(167, 3, 0, 1, 8000, 'projchi', 'bitflip', 139.86895751953125, 0.0010000000474974513, 2.0266849994659424, '2024-07-17 00:12:12', 4)
pval: [0.001] -- 167th test, time elapsed 2.0266849994659424 -- emperical power so far (from test_start): 0.9940119760479041
db insert success
tensor(0.3775)
tensor(0.3775)
tensor(142.3232, device='cuda:0')
(168, 3, 0, 1, 8000, 'projchi', 'bitflip', 142.32315063476562, 0.0010000000474974513, 2.0047686100006104, '2024-07-17 00:12:17', 4)
pval: [0.001] -- 168th test, time elapsed 2.0047686100006104 -- emperical power so far (from test_start): 0.9940476190476191
db insert success
tensor(0.3775)
tensor(0.3775)
tensor(187.5302, device='cuda:0')
(169, 3, 0, 1, 8000, 'projchi', 'bitflip', 187.5301513671875, 0.0010000000474974513, 2.0511302947998047, '2024-07-17 00:12:27', 4)
pval: [0.001] -- 169th test, time elapsed 2.0511302947998047 -- emperical power so far (from test_start): 0.9940828402366864
db insert success
tensor(0.3775)
tensor(0.3775)
tensor(131.7317, device='cuda:0')
(170, 3, 0, 1, 8000, 'projchi', 'bitflip', 131.73167419433594, 0.0010000000474974513, 2.046257734298706, '2024-07-17 00:12:39', 4)
pval: [0.001] -- 170th test, time elapsed 2.046257734298706 -- emperical power so far (from test_start): 0.9941176470588236
db insert success
tensor(0.3775)
tensor(0.3775)
tensor(125.5223, device='cuda:0')
(171, 3, 0, 1, 8000, 'projchi', 'bitflip', 125.5223388671875, 0.0010000000474974513, 2.0121402740478516, '2024-07-17 00:13:00', 4)
pval: [0.001] -- 171th test, time elapsed 2.0121402740478516 -- emperical power so far (from test_start): 0.9941520467836257
db insert success
tensor(0.3775)
tensor(0.3775)
tensor(128.5004, device='cuda:0')
(172, 3, 0, 1, 8000, 'projchi', 'bitflip', 128.5003662109375, 0.0010000000474974513, 2.0028598308563232, '2024-07-17 00:13:11', 4)
pval: [0.001] -- 172th test, time elapsed 2.0028598308563232 -- emperical power so far (from test_start): 0.9941860465116279
db insert success
tensor(0.3775)
tensor(0.3775)
tensor(152.6200, device='cuda:0')
(173, 3, 0, 1, 8000, 'projchi', 'bitflip', 152.62001037597656, 0.0010000000474974513, 2.0330188274383545, '2024-07-17 00:13:21', 4)
pval: [0.001] -- 173th test, time elapsed 2.0330188274383545 -- emperical power so far (from test_start): 0.9942196531791907
db insert success
tensor(0.3775)
tensor(0.3775)
tensor(178.1765, device='cuda:0')
(174, 3, 0, 1, 8000, 'projchi', 'bitflip', 178.17652893066406, 0.0010000000474974513, 2.0240705013275146, '2024-07-17 00:13:34', 4)
pval: [0.001] -- 174th test, time elapsed 2.0240705013275146 -- emperical power so far (from test_start): 0.9942528735632183
db insert success
tensor(0.3775)
tensor(0.3775)
tensor(128.1776, device='cuda:0')
(175, 3, 0, 1, 8000, 'projchi', 'bitflip', 128.1775665283203, 0.0010000000474974513, 2.023289918899536, '2024-07-17 00:13:41', 4)
pval: [0.001] -- 175th test, time elapsed 2.023289918899536 -- emperical power so far (from test_start): 0.9942857142857143
db insert success
tensor(0.3775)
tensor(0.3775)
tensor(124.9011, device='cuda:0')
(176, 3, 0, 1, 8000, 'projchi', 'bitflip', 124.90105438232422, 0.0010000000474974513, 2.01470685005188, '2024-07-17 00:14:00', 4)
pval: [0.001] -- 176th test, time elapsed 2.01470685005188 -- emperical power so far (from test_start): 0.9943181818181818
db insert success
tensor(0.3775)
tensor(0.3775)
tensor(163.6610, device='cuda:0')
(177, 3, 0, 1, 8000, 'projchi', 'bitflip', 163.66099548339844, 0.0010000000474974513, 1.9901502132415771, '2024-07-17 00:14:22', 4)
pval: [0.001] -- 177th test, time elapsed 1.9901502132415771 -- emperical power so far (from test_start): 0.9943502824858758
db insert success
tensor(0.3775)
tensor(0.3775)
tensor(125.3087, device='cuda:0')
(178, 3, 0, 1, 8000, 'projchi', 'bitflip', 125.30868530273438, 0.0010000000474974513, 1.9965152740478516, '2024-07-17 00:14:44', 4)
pval: [0.001] -- 178th test, time elapsed 1.9965152740478516 -- emperical power so far (from test_start): 0.9943820224719101
db insert success
tensor(0.3775)
tensor(0.3775)
tensor(200.9911, device='cuda:0')
(179, 3, 0, 1, 8000, 'projchi', 'bitflip', 200.9910888671875, 0.0010000000474974513, 2.0557034015655518, '2024-07-17 00:14:58', 4)
pval: [0.001] -- 179th test, time elapsed 2.0557034015655518 -- emperical power so far (from test_start): 0.994413407821229
db insert success
tensor(0.3775)
tensor(0.3775)
tensor(143.5804, device='cuda:0')
(180, 3, 0, 1, 8000, 'projchi', 'bitflip', 143.5803680419922, 0.0010000000474974513, 2.0170466899871826, '2024-07-17 00:15:17', 4)
pval: [0.001] -- 180th test, time elapsed 2.0170466899871826 -- emperical power so far (from test_start): 0.9944444444444445
db insert success
tensor(0.3775)
tensor(0.3775)
tensor(130.0112, device='cuda:0')
(181, 3, 0, 1, 8000, 'projchi', 'bitflip', 130.0111846923828, 0.0010000000474974513, 2.015331506729126, '2024-07-17 00:15:22', 4)
pval: [0.001] -- 181th test, time elapsed 2.015331506729126 -- emperical power so far (from test_start): 0.994475138121547
db insert success
tensor(0.3775)
tensor(0.3775)
tensor(157.0988, device='cuda:0')
(182, 3, 0, 1, 8000, 'projchi', 'bitflip', 157.09878540039062, 0.0010000000474974513, 1.9953868389129639, '2024-07-17 00:15:36', 4)
pval: [0.001] -- 182th test, time elapsed 1.9953868389129639 -- emperical power so far (from test_start): 0.9945054945054945
db insert success
tensor(0.3775)
tensor(0.3775)
tensor(123.8720, device='cuda:0')
(183, 3, 0, 1, 8000, 'projchi', 'bitflip', 123.87197875976562, 0.0010000000474974513, 2.0284132957458496, '2024-07-17 00:15:57', 4)
pval: [0.001] -- 183th test, time elapsed 2.0284132957458496 -- emperical power so far (from test_start): 0.994535519125683
db insert success
tensor(0.3775)
tensor(0.3775)
tensor(115.6840, device='cuda:0')
(184, 3, 0, 1, 8000, 'projchi', 'bitflip', 115.6839828491211, 0.0010000000474974513, 2.011234760284424, '2024-07-17 00:16:10', 4)
pval: [0.001] -- 184th test, time elapsed 2.011234760284424 -- emperical power so far (from test_start): 0.9945652173913043
db insert success
tensor(0.3775)
tensor(0.3775)
tensor(143.4729, device='cuda:0')
(185, 3, 0, 1, 8000, 'projchi', 'bitflip', 143.47293090820312, 0.0010000000474974513, 2.0106558799743652, '2024-07-17 00:16:28', 4)
pval: [0.001] -- 185th test, time elapsed 2.0106558799743652 -- emperical power so far (from test_start): 0.9945945945945946
db insert success
tensor(0.3775)
tensor(0.3775)
tensor(103.4963, device='cuda:0')
(186, 3, 0, 1, 8000, 'projchi', 'bitflip', 103.49625396728516, 0.0010000000474974513, 2.0096874237060547, '2024-07-17 00:16:38', 4)
pval: [0.001] -- 186th test, time elapsed 2.0096874237060547 -- emperical power so far (from test_start): 0.9946236559139785
db insert success
tensor(0.3775)
tensor(0.3775)
tensor(127.5846, device='cuda:0')
(187, 3, 0, 1, 8000, 'projchi', 'bitflip', 127.58460235595703, 0.0010000000474974513, 2.0006837844848633, '2024-07-17 00:16:47', 4)
pval: [0.001] -- 187th test, time elapsed 2.0006837844848633 -- emperical power so far (from test_start): 0.9946524064171123
db insert success
tensor(0.3775)
tensor(0.3775)
tensor(145.8534, device='cuda:0')
(188, 3, 0, 1, 8000, 'projchi', 'bitflip', 145.85337829589844, 0.0010000000474974513, 2.0060031414031982, '2024-07-17 00:17:03', 4)
pval: [0.001] -- 188th test, time elapsed 2.0060031414031982 -- emperical power so far (from test_start): 0.9946808510638298
db insert success
tensor(0.3775)
tensor(0.3775)
tensor(140.7546, device='cuda:0')
(189, 3, 0, 1, 8000, 'projchi', 'bitflip', 140.75457763671875, 0.0010000000474974513, 2.012866735458374, '2024-07-17 00:17:08', 4)
pval: [0.001] -- 189th test, time elapsed 2.012866735458374 -- emperical power so far (from test_start): 0.9947089947089947
db insert success
tensor(0.3775)
tensor(0.3775)
tensor(140.5415, device='cuda:0')
(190, 3, 0, 1, 8000, 'projchi', 'bitflip', 140.5414581298828, 0.0010000000474974513, 2.0019338130950928, '2024-07-17 00:17:12', 4)
pval: [0.001] -- 190th test, time elapsed 2.0019338130950928 -- emperical power so far (from test_start): 0.9947368421052631
db insert success
tensor(0.3775)
tensor(0.3775)
tensor(152.8755, device='cuda:0')
(191, 3, 0, 1, 8000, 'projchi', 'bitflip', 152.8755340576172, 0.0010000000474974513, 2.0085201263427734, '2024-07-17 00:17:33', 4)
pval: [0.001] -- 191th test, time elapsed 2.0085201263427734 -- emperical power so far (from test_start): 0.9947643979057592
db insert success
tensor(0.3775)
tensor(0.3775)
tensor(128.2510, device='cuda:0')
(192, 3, 0, 1, 8000, 'projchi', 'bitflip', 128.25099182128906, 0.0010000000474974513, 2.0197489261627197, '2024-07-17 00:17:53', 4)
pval: [0.001] -- 192th test, time elapsed 2.0197489261627197 -- emperical power so far (from test_start): 0.9947916666666666
db insert success
tensor(0.3775)
tensor(0.3775)
tensor(142.4143, device='cuda:0')
(193, 3, 0, 1, 8000, 'projchi', 'bitflip', 142.414306640625, 0.0010000000474974513, 1.9956085681915283, '2024-07-17 00:18:11', 4)
pval: [0.001] -- 193th test, time elapsed 1.9956085681915283 -- emperical power so far (from test_start): 0.9948186528497409
db insert success
tensor(0.3775)
tensor(0.3775)
tensor(145.1157, device='cuda:0')
(194, 3, 0, 1, 8000, 'projchi', 'bitflip', 145.11570739746094, 0.0010000000474974513, 2.0040042400360107, '2024-07-17 00:18:20', 4)
pval: [0.001] -- 194th test, time elapsed 2.0040042400360107 -- emperical power so far (from test_start): 0.9948453608247423
db insert success
tensor(0.3775)
tensor(0.3775)
tensor(158.9342, device='cuda:0')
(195, 3, 0, 1, 8000, 'projchi', 'bitflip', 158.93417358398438, 0.0010000000474974513, 1.9935173988342285, '2024-07-17 00:18:38', 4)
pval: [0.001] -- 195th test, time elapsed 1.9935173988342285 -- emperical power so far (from test_start): 0.9948717948717949
db insert success
tensor(0.3775)
tensor(0.3775)
tensor(147.0084, device='cuda:0')
(196, 3, 0, 1, 8000, 'projchi', 'bitflip', 147.0083770751953, 0.0010000000474974513, 2.0298409461975098, '2024-07-17 00:18:53', 4)
pval: [0.001] -- 196th test, time elapsed 2.0298409461975098 -- emperical power so far (from test_start): 0.9948979591836735
db insert success
tensor(0.3775)
tensor(0.3775)
tensor(102.4660, device='cuda:0')
(197, 3, 0, 1, 8000, 'projchi', 'bitflip', 102.4659652709961, 0.0010000000474974513, 2.048508882522583, '2024-07-17 00:19:13', 4)
pval: [0.001] -- 197th test, time elapsed 2.048508882522583 -- emperical power so far (from test_start): 0.9949238578680203
db insert success
tensor(0.3775)
tensor(0.3775)
tensor(131.2259, device='cuda:0')
(198, 3, 0, 1, 8000, 'projchi', 'bitflip', 131.2258758544922, 0.0010000000474974513, 2.022941827774048, '2024-07-17 00:19:16', 4)
pval: [0.001] -- 198th test, time elapsed 2.022941827774048 -- emperical power so far (from test_start): 0.9949494949494949
db insert success
tensor(0.3775)
tensor(0.3775)
tensor(150.3757, device='cuda:0')
(199, 3, 0, 1, 8000, 'projchi', 'bitflip', 150.3756561279297, 0.0010000000474974513, 1.9882307052612305, '2024-07-17 00:19:20', 4)
pval: [0.001] -- 199th test, time elapsed 1.9882307052612305 -- emperical power so far (from test_start): 0.9949748743718593
db insert success
tensor(0.3775)
tensor(0.3775)
tensor(151.9998, device='cuda:0')
(200, 3, 0, 1, 8000, 'projchi', 'bitflip', 151.999755859375, 0.0010000000474974513, 1.992954969406128, '2024-07-17 00:19:25', 4)
pval: [0.001] -- 200th test, time elapsed 1.992954969406128 -- emperical power so far (from test_start): 0.995
db insert success
2586.2209560871124
