genrrelltwo, alpha=2, sample size=1000
#########################################
tensor(0.0017, device='cuda:0')
(1, 3, 0, 2, 1000, 'elltwo', 'genrr', 0.0016945283859968185, 0.0010000000474974513, 2.1194140911102295, '2024-07-15 01:38:57', 4)
pval: [0.001] -- 1th test, time elapsed 2.1194140911102295 -- emperical power so far (from test_start): 1.0
db insert success
tensor(0.0006, device='cuda:0')
(2, 3, 0, 2, 1000, 'elltwo', 'genrr', 0.0005857311189174652, 0.06000000238418579, 2.001117706298828, '2024-07-15 01:39:16', 4)
pval: [0.06] -- 2th test, time elapsed 2.001117706298828 -- emperical power so far (from test_start): 0.5
db insert success
tensor(0.0011, device='cuda:0')
(3, 3, 0, 2, 1000, 'elltwo', 'genrr', 0.0011303387582302094, 0.0010000000474974513, 1.997891902923584, '2024-07-15 01:39:32', 4)
pval: [0.001] -- 3th test, time elapsed 1.997891902923584 -- emperical power so far (from test_start): 0.6666666666666666
db insert success
tensor(0.0010, device='cuda:0')
(4, 3, 0, 2, 1000, 'elltwo', 'genrr', 0.001000087708234787, 0.00800000037997961, 1.9916324615478516, '2024-07-15 01:39:52', 4)
pval: [0.008] -- 4th test, time elapsed 1.9916324615478516 -- emperical power so far (from test_start): 0.75
db insert success
tensor(0.0015, device='cuda:0')
(5, 3, 0, 2, 1000, 'elltwo', 'genrr', 0.0014822036027908325, 0.0010000000474974513, 1.9898388385772705, '2024-07-15 01:40:14', 4)
pval: [0.001] -- 5th test, time elapsed 1.9898388385772705 -- emperical power so far (from test_start): 0.8
db insert success
tensor(0.0018, device='cuda:0')
(6, 3, 0, 2, 1000, 'elltwo', 'genrr', 0.0017604231834411621, 0.0010000000474974513, 1.9894506931304932, '2024-07-15 01:40:24', 4)
pval: [0.001] -- 6th test, time elapsed 1.9894506931304932 -- emperical power so far (from test_start): 0.8333333333333334
db insert success
tensor(0.0008, device='cuda:0')
(7, 3, 0, 2, 1000, 'elltwo', 'genrr', 0.000787755474448204, 0.021000001579523087, 1.991312026977539, '2024-07-15 01:40:31', 4)
pval: [0.021] -- 7th test, time elapsed 1.991312026977539 -- emperical power so far (from test_start): 0.8571428571428571
db insert success
tensor(0.0012, device='cuda:0')
(8, 3, 0, 2, 1000, 'elltwo', 'genrr', 0.0012245699763298035, 0.0020000000949949026, 1.9897353649139404, '2024-07-15 01:40:46', 4)
pval: [0.002] -- 8th test, time elapsed 1.9897353649139404 -- emperical power so far (from test_start): 0.875
db insert success
tensor(0.0015, device='cuda:0')
(9, 3, 0, 2, 1000, 'elltwo', 'genrr', 0.0014503337442874908, 0.0010000000474974513, 1.9861500263214111, '2024-07-15 01:40:54', 4)
pval: [0.001] -- 9th test, time elapsed 1.9861500263214111 -- emperical power so far (from test_start): 0.8888888888888888
db insert success
tensor(0.0005, device='cuda:0')
(10, 3, 0, 2, 1000, 'elltwo', 'genrr', 0.0005336403846740723, 0.07500000298023224, 1.9845235347747803, '2024-07-15 01:41:06', 4)
pval: [0.075] -- 10th test, time elapsed 1.9845235347747803 -- emperical power so far (from test_start): 0.8
db insert success
tensor(0.0008, device='cuda:0')
(11, 3, 0, 2, 1000, 'elltwo', 'genrr', 0.0007920265197753906, 0.01900000125169754, 1.9694790840148926, '2024-07-15 01:41:11', 4)
pval: [0.019] -- 11th test, time elapsed 1.9694790840148926 -- emperical power so far (from test_start): 0.8181818181818182
db insert success
tensor(0.0009, device='cuda:0')
(12, 3, 0, 2, 1000, 'elltwo', 'genrr', 0.0008501186966896057, 0.018000001087784767, 1.9634480476379395, '2024-07-15 01:41:31', 4)
pval: [0.018] -- 12th test, time elapsed 1.9634480476379395 -- emperical power so far (from test_start): 0.8333333333333334
db insert success
tensor(0.0003, device='cuda:0')
(13, 3, 0, 2, 1000, 'elltwo', 'genrr', 0.00029207393527030945, 0.20000000298023224, 1.9623513221740723, '2024-07-15 01:41:43', 4)
pval: [0.2] -- 13th test, time elapsed 1.9623513221740723 -- emperical power so far (from test_start): 0.7692307692307693
db insert success
tensor(0.0002, device='cuda:0')
(14, 3, 0, 2, 1000, 'elltwo', 'genrr', 0.00021954625844955444, 0.2540000081062317, 1.962735891342163, '2024-07-15 01:42:05', 4)
pval: [0.25400001] -- 14th test, time elapsed 1.962735891342163 -- emperical power so far (from test_start): 0.7142857142857143
db insert success
tensor(0.0006, device='cuda:0')
(15, 3, 0, 2, 1000, 'elltwo', 'genrr', 0.0006296113133430481, 0.03800000250339508, 1.963507890701294, '2024-07-15 01:42:12', 4)
pval: [0.038] -- 15th test, time elapsed 1.963507890701294 -- emperical power so far (from test_start): 0.7333333333333333
db insert success
tensor(0.0015, device='cuda:0')
(16, 3, 0, 2, 1000, 'elltwo', 'genrr', 0.0014619193971157074, 0.0020000000949949026, 1.9609906673431396, '2024-07-15 01:42:26', 4)
pval: [0.002] -- 16th test, time elapsed 1.9609906673431396 -- emperical power so far (from test_start): 0.75
db insert success
tensor(-0.0003, device='cuda:0')
(17, 3, 0, 2, 1000, 'elltwo', 'genrr', -0.0003410056233406067, 0.8390000462532043, 1.9648165702819824, '2024-07-15 01:42:45', 4)
pval: [0.83900005] -- 17th test, time elapsed 1.9648165702819824 -- emperical power so far (from test_start): 0.7058823529411765
db insert success
tensor(-2.4438e-05, device='cuda:0')
(18, 3, 0, 2, 1000, 'elltwo', 'genrr', -2.4437904357910156e-05, 0.4880000352859497, 1.965397834777832, '2024-07-15 01:42:53', 4)
pval: [0.48800004] -- 18th test, time elapsed 1.965397834777832 -- emperical power so far (from test_start): 0.6666666666666666
db insert success
tensor(0.0007, device='cuda:0')
(19, 3, 0, 2, 1000, 'elltwo', 'genrr', 0.0006560832262039185, 0.052000001072883606, 1.9592206478118896, '2024-07-15 01:43:15', 4)
pval: [0.052] -- 19th test, time elapsed 1.9592206478118896 -- emperical power so far (from test_start): 0.631578947368421
db insert success
tensor(0.0008, device='cuda:0')
(20, 3, 0, 2, 1000, 'elltwo', 'genrr', 0.0008200090378522873, 0.014000000432133675, 1.9645864963531494, '2024-07-15 01:43:35', 4)
pval: [0.014] -- 20th test, time elapsed 1.9645864963531494 -- emperical power so far (from test_start): 0.65
db insert success
tensor(0.0006, device='cuda:0')
(21, 3, 0, 2, 1000, 'elltwo', 'genrr', 0.0006062351167201996, 0.0560000017285347, 1.958024501800537, '2024-07-15 01:43:43', 4)
pval: [0.056] -- 21th test, time elapsed 1.958024501800537 -- emperical power so far (from test_start): 0.6190476190476191
db insert success
tensor(0.0003, device='cuda:0')
(22, 3, 0, 2, 1000, 'elltwo', 'genrr', 0.0003459267318248749, 0.16200000047683716, 1.9726006984710693, '2024-07-15 01:43:47', 4)
pval: [0.162] -- 22th test, time elapsed 1.9726006984710693 -- emperical power so far (from test_start): 0.5909090909090909
db insert success
tensor(-0.0001, device='cuda:0')
(23, 3, 0, 2, 1000, 'elltwo', 'genrr', -0.00011632964015007019, 0.6140000224113464, 1.976593017578125, '2024-07-15 01:44:07', 4)
pval: [0.61400002] -- 23th test, time elapsed 1.976593017578125 -- emperical power so far (from test_start): 0.5652173913043478
db insert success
tensor(0.0006, device='cuda:0')
(24, 3, 0, 2, 1000, 'elltwo', 'genrr', 0.0006019137799739838, 0.05700000375509262, 1.9631288051605225, '2024-07-15 01:44:12', 4)
pval: [0.057] -- 24th test, time elapsed 1.9631288051605225 -- emperical power so far (from test_start): 0.5416666666666666
db insert success
tensor(0.0011, device='cuda:0')
(25, 3, 0, 2, 1000, 'elltwo', 'genrr', 0.0010901149362325668, 0.00800000037997961, 1.963383674621582, '2024-07-15 01:44:24', 4)
pval: [0.008] -- 25th test, time elapsed 1.963383674621582 -- emperical power so far (from test_start): 0.56
db insert success
tensor(-7.4338e-05, device='cuda:0')
(26, 3, 0, 2, 1000, 'elltwo', 'genrr', -7.43381679058075e-05, 0.5640000104904175, 1.9611666202545166, '2024-07-15 01:44:31', 4)
pval: [0.56400001] -- 26th test, time elapsed 1.9611666202545166 -- emperical power so far (from test_start): 0.5384615384615384
db insert success
tensor(0.0003, device='cuda:0')
(27, 3, 0, 2, 1000, 'elltwo', 'genrr', 0.0003275517374277115, 0.17500001192092896, 1.9651389122009277, '2024-07-15 01:44:42', 4)
pval: [0.17500001] -- 27th test, time elapsed 1.9651389122009277 -- emperical power so far (from test_start): 0.5185185185185185
db insert success
tensor(0.0006, device='cuda:0')
(28, 3, 0, 2, 1000, 'elltwo', 'genrr', 0.000552002340555191, 0.07900000363588333, 1.9624269008636475, '2024-07-15 01:44:54', 4)
pval: [0.079] -- 28th test, time elapsed 1.9624269008636475 -- emperical power so far (from test_start): 0.5
db insert success
tensor(0.0007, device='cuda:0')
(29, 3, 0, 2, 1000, 'elltwo', 'genrr', 0.0006818473339080811, 0.03200000151991844, 1.9652149677276611, '2024-07-15 01:45:14', 4)
pval: [0.032] -- 29th test, time elapsed 1.9652149677276611 -- emperical power so far (from test_start): 0.5172413793103449
db insert success
tensor(0.0002, device='cuda:0')
(30, 3, 0, 2, 1000, 'elltwo', 'genrr', 0.00020990148186683655, 0.2670000195503235, 1.9675183296203613, '2024-07-15 01:45:29', 4)
pval: [0.26700002] -- 30th test, time elapsed 1.9675183296203613 -- emperical power so far (from test_start): 0.5
db insert success
tensor(0.0008, device='cuda:0')
(31, 3, 0, 2, 1000, 'elltwo', 'genrr', 0.0008478518575429916, 0.013000000268220901, 1.959503173828125, '2024-07-15 01:45:32', 4)
pval: [0.013] -- 31th test, time elapsed 1.959503173828125 -- emperical power so far (from test_start): 0.5161290322580645
db insert success
tensor(0.0003, device='cuda:0')
(32, 3, 0, 2, 1000, 'elltwo', 'genrr', 0.0003035087138414383, 0.19200000166893005, 1.96683931350708, '2024-07-15 01:45:48', 4)
pval: [0.192] -- 32th test, time elapsed 1.96683931350708 -- emperical power so far (from test_start): 0.5
db insert success
tensor(-2.6226e-06, device='cuda:0')
(33, 3, 0, 2, 1000, 'elltwo', 'genrr', -2.6226043701171875e-06, 0.4970000088214874, 1.9642441272735596, '2024-07-15 01:46:06', 4)
pval: [0.49700001] -- 33th test, time elapsed 1.9642441272735596 -- emperical power so far (from test_start): 0.48484848484848486
db insert success
tensor(0.0002, device='cuda:0')
(34, 3, 0, 2, 1000, 'elltwo', 'genrr', 0.00017160549759864807, 0.2880000174045563, 1.9697294235229492, '2024-07-15 01:46:25', 4)
pval: [0.28800002] -- 34th test, time elapsed 1.9697294235229492 -- emperical power so far (from test_start): 0.47058823529411764
db insert success
tensor(0.0005, device='cuda:0')
(35, 3, 0, 2, 1000, 'elltwo', 'genrr', 0.0005116835236549377, 0.0820000022649765, 1.962059497833252, '2024-07-15 01:46:42', 4)
pval: [0.082] -- 35th test, time elapsed 1.962059497833252 -- emperical power so far (from test_start): 0.45714285714285713
db insert success
tensor(0.0006, device='cuda:0')
(36, 3, 0, 2, 1000, 'elltwo', 'genrr', 0.0006175562739372253, 0.04700000211596489, 1.9623465538024902, '2024-07-15 01:46:45', 4)
pval: [0.047] -- 36th test, time elapsed 1.9623465538024902 -- emperical power so far (from test_start): 0.4722222222222222
db insert success
tensor(0.0013, device='cuda:0')
(37, 3, 0, 2, 1000, 'elltwo', 'genrr', 0.00127410888671875, 0.003000000026077032, 1.9594497680664062, '2024-07-15 01:46:58', 4)
pval: [0.003] -- 37th test, time elapsed 1.9594497680664062 -- emperical power so far (from test_start): 0.4864864864864865
db insert success
tensor(-0.0002, device='cuda:0')
(38, 3, 0, 2, 1000, 'elltwo', 'genrr', -0.0001579485833644867, 0.6720000505447388, 1.9615771770477295, '2024-07-15 01:47:10', 4)
pval: [0.67200005] -- 38th test, time elapsed 1.9615771770477295 -- emperical power so far (from test_start): 0.47368421052631576
db insert success
tensor(0.0004, device='cuda:0')
(39, 3, 0, 2, 1000, 'elltwo', 'genrr', 0.0003795549273490906, 0.14300000667572021, 1.9607694149017334, '2024-07-15 01:47:21', 4)
pval: [0.14300001] -- 39th test, time elapsed 1.9607694149017334 -- emperical power so far (from test_start): 0.46153846153846156
db insert success
tensor(0.0004, device='cuda:0')
(40, 3, 0, 2, 1000, 'elltwo', 'genrr', 0.00035795941948890686, 0.17000000178813934, 1.9543709754943848, '2024-07-15 01:47:34', 4)
pval: [0.17] -- 40th test, time elapsed 1.9543709754943848 -- emperical power so far (from test_start): 0.45
db insert success
tensor(0.0002, device='cuda:0')
(41, 3, 0, 2, 1000, 'elltwo', 'genrr', 0.00017551332712173462, 0.289000004529953, 1.9564952850341797, '2024-07-15 01:47:50', 4)
pval: [0.289] -- 41th test, time elapsed 1.9564952850341797 -- emperical power so far (from test_start): 0.43902439024390244
db insert success
tensor(-0.0001, device='cuda:0')
(42, 3, 0, 2, 1000, 'elltwo', 'genrr', -0.00010489672422409058, 0.6050000190734863, 1.9573047161102295, '2024-07-15 01:48:00', 4)
pval: [0.60500002] -- 42th test, time elapsed 1.9573047161102295 -- emperical power so far (from test_start): 0.42857142857142855
db insert success
tensor(-0.0002, device='cuda:0')
(43, 3, 0, 2, 1000, 'elltwo', 'genrr', -0.00015053153038024902, 0.656000018119812, 1.9630074501037598, '2024-07-15 01:48:21', 4)
pval: [0.65600002] -- 43th test, time elapsed 1.9630074501037598 -- emperical power so far (from test_start): 0.4186046511627907
db insert success
tensor(0.0004, device='cuda:0')
(44, 3, 0, 2, 1000, 'elltwo', 'genrr', 0.0003778897225856781, 0.13500000536441803, 1.9665498733520508, '2024-07-15 01:48:25', 4)
pval: [0.13500001] -- 44th test, time elapsed 1.9665498733520508 -- emperical power so far (from test_start): 0.4090909090909091
db insert success
tensor(0.0009, device='cuda:0')
(45, 3, 0, 2, 1000, 'elltwo', 'genrr', 0.0008702091872692108, 0.007000000216066837, 1.9612009525299072, '2024-07-15 01:48:35', 4)
pval: [0.007] -- 45th test, time elapsed 1.9612009525299072 -- emperical power so far (from test_start): 0.4222222222222222
db insert success
tensor(0.0003, device='cuda:0')
(46, 3, 0, 2, 1000, 'elltwo', 'genrr', 0.00025137513875961304, 0.2200000137090683, 1.9654607772827148, '2024-07-15 01:48:50', 4)
pval: [0.22000001] -- 46th test, time elapsed 1.9654607772827148 -- emperical power so far (from test_start): 0.41304347826086957
db insert success
tensor(0.0001, device='cuda:0')
(47, 3, 0, 2, 1000, 'elltwo', 'genrr', 0.00010573118925094604, 0.33900001645088196, 1.9604315757751465, '2024-07-15 01:49:10', 4)
pval: [0.33900002] -- 47th test, time elapsed 1.9604315757751465 -- emperical power so far (from test_start): 0.40425531914893614
db insert success
tensor(0.0004, device='cuda:0')
(48, 3, 0, 2, 1000, 'elltwo', 'genrr', 0.00038583576679229736, 0.13500000536441803, 1.968815803527832, '2024-07-15 01:49:18', 4)
pval: [0.13500001] -- 48th test, time elapsed 1.968815803527832 -- emperical power so far (from test_start): 0.3958333333333333
db insert success
tensor(0.0007, device='cuda:0')
(49, 3, 0, 2, 1000, 'elltwo', 'genrr', 0.0007159728556871414, 0.03200000151991844, 1.9651069641113281, '2024-07-15 01:49:28', 4)
pval: [0.032] -- 49th test, time elapsed 1.9651069641113281 -- emperical power so far (from test_start): 0.40816326530612246
db insert success
tensor(-4.6827e-06, device='cuda:0')
(50, 3, 0, 2, 1000, 'elltwo', 'genrr', -4.682689905166626e-06, 0.5010000467300415, 1.960625171661377, '2024-07-15 01:49:47', 4)
pval: [0.50100005] -- 50th test, time elapsed 1.960625171661377 -- emperical power so far (from test_start): 0.4
db insert success
tensor(0.0010, device='cuda:0')
(51, 3, 0, 2, 1000, 'elltwo', 'genrr', 0.0010202601552009583, 0.009000000543892384, 1.9665648937225342, '2024-07-15 01:49:56', 4)
pval: [0.009] -- 51th test, time elapsed 1.9665648937225342 -- emperical power so far (from test_start): 0.4117647058823529
db insert success
tensor(0.0006, device='cuda:0')
(52, 3, 0, 2, 1000, 'elltwo', 'genrr', 0.0005940161645412445, 0.04800000041723251, 1.9626307487487793, '2024-07-15 01:50:07', 4)
pval: [0.048] -- 52th test, time elapsed 1.9626307487487793 -- emperical power so far (from test_start): 0.4230769230769231
db insert success
tensor(0.0014, device='cuda:0')
(53, 3, 0, 2, 1000, 'elltwo', 'genrr', 0.0014105867594480515, 0.0020000000949949026, 1.9745204448699951, '2024-07-15 01:50:15', 4)
pval: [0.002] -- 53th test, time elapsed 1.9745204448699951 -- emperical power so far (from test_start): 0.4339622641509434
db insert success
tensor(0.0002, device='cuda:0')
(54, 3, 0, 2, 1000, 'elltwo', 'genrr', 0.00023763254284858704, 0.2200000137090683, 1.9649465084075928, '2024-07-15 01:50:30', 4)
pval: [0.22000001] -- 54th test, time elapsed 1.9649465084075928 -- emperical power so far (from test_start): 0.42592592592592593
db insert success
tensor(0.0007, device='cuda:0')
(55, 3, 0, 2, 1000, 'elltwo', 'genrr', 0.0006740055978298187, 0.036000002175569534, 1.9608154296875, '2024-07-15 01:50:37', 4)
pval: [0.036] -- 55th test, time elapsed 1.9608154296875 -- emperical power so far (from test_start): 0.43636363636363634
db insert success
tensor(0.0011, device='cuda:0')
(56, 3, 0, 2, 1000, 'elltwo', 'genrr', 0.0011089667677879333, 0.006000000052154064, 1.9596364498138428, '2024-07-15 01:50:48', 4)
pval: [0.006] -- 56th test, time elapsed 1.9596364498138428 -- emperical power so far (from test_start): 0.44642857142857145
db insert success
tensor(0.0015, device='cuda:0')
(57, 3, 0, 2, 1000, 'elltwo', 'genrr', 0.0014884304255247116, 0.0020000000949949026, 1.9622936248779297, '2024-07-15 01:50:56', 4)
pval: [0.002] -- 57th test, time elapsed 1.9622936248779297 -- emperical power so far (from test_start): 0.45614035087719296
db insert success
tensor(0.0012, device='cuda:0')
(58, 3, 0, 2, 1000, 'elltwo', 'genrr', 0.0012123659253120422, 0.0010000000474974513, 1.9681434631347656, '2024-07-15 01:51:05', 4)
pval: [0.001] -- 58th test, time elapsed 1.9681434631347656 -- emperical power so far (from test_start): 0.46551724137931033
db insert success
tensor(7.9341e-05, device='cuda:0')
(59, 3, 0, 2, 1000, 'elltwo', 'genrr', 7.934123277664185e-05, 0.4100000262260437, 1.9677307605743408, '2024-07-15 01:51:22', 4)
pval: [0.41000003] -- 59th test, time elapsed 1.9677307605743408 -- emperical power so far (from test_start): 0.4576271186440678
db insert success
tensor(0.0006, device='cuda:0')
(60, 3, 0, 2, 1000, 'elltwo', 'genrr', 0.0005678031593561172, 0.05900000408291817, 1.9615356922149658, '2024-07-15 01:51:43', 4)
pval: [0.059] -- 60th test, time elapsed 1.9615356922149658 -- emperical power so far (from test_start): 0.45
db insert success
tensor(0.0007, device='cuda:0')
(61, 3, 0, 2, 1000, 'elltwo', 'genrr', 0.0007420368492603302, 0.036000002175569534, 1.9622347354888916, '2024-07-15 01:51:47', 4)
pval: [0.036] -- 61th test, time elapsed 1.9622347354888916 -- emperical power so far (from test_start): 0.45901639344262296
db insert success
tensor(0.0003, device='cuda:0')
(62, 3, 0, 2, 1000, 'elltwo', 'genrr', 0.000322047621011734, 0.19700001180171967, 1.9719867706298828, '2024-07-15 01:52:08', 4)
pval: [0.19700001] -- 62th test, time elapsed 1.9719867706298828 -- emperical power so far (from test_start): 0.45161290322580644
db insert success
tensor(0.0007, device='cuda:0')
(63, 3, 0, 2, 1000, 'elltwo', 'genrr', 0.0006673745810985565, 0.03700000047683716, 1.9617853164672852, '2024-07-15 01:52:29', 4)
pval: [0.037] -- 63th test, time elapsed 1.9617853164672852 -- emperical power so far (from test_start): 0.4603174603174603
db insert success
tensor(0.0003, device='cuda:0')
(64, 3, 0, 2, 1000, 'elltwo', 'genrr', 0.0003196708858013153, 0.1810000091791153, 1.9555580615997314, '2024-07-15 01:52:40', 4)
pval: [0.18100001] -- 64th test, time elapsed 1.9555580615997314 -- emperical power so far (from test_start): 0.453125
db insert success
tensor(0.0008, device='cuda:0')
(65, 3, 0, 2, 1000, 'elltwo', 'genrr', 0.0008278302848339081, 0.02500000037252903, 1.948218584060669, '2024-07-15 01:52:47', 4)
pval: [0.025] -- 65th test, time elapsed 1.948218584060669 -- emperical power so far (from test_start): 0.46153846153846156
db insert success
tensor(0.0003, device='cuda:0')
(66, 3, 0, 2, 1000, 'elltwo', 'genrr', 0.00027375295758247375, 0.20600001513957977, 1.9512176513671875, '2024-07-15 01:53:01', 4)
pval: [0.20600002] -- 66th test, time elapsed 1.9512176513671875 -- emperical power so far (from test_start): 0.45454545454545453
db insert success
tensor(0.0009, device='cuda:0')
(67, 3, 0, 2, 1000, 'elltwo', 'genrr', 0.0009377002716064453, 0.00800000037997961, 1.9551942348480225, '2024-07-15 01:53:23', 4)
pval: [0.008] -- 67th test, time elapsed 1.9551942348480225 -- emperical power so far (from test_start): 0.4626865671641791
db insert success
tensor(-0.0002, device='cuda:0')
(68, 3, 0, 2, 1000, 'elltwo', 'genrr', -0.00015449151396751404, 0.6510000228881836, 1.9556856155395508, '2024-07-15 01:53:37', 4)
pval: [0.65100002] -- 68th test, time elapsed 1.9556856155395508 -- emperical power so far (from test_start): 0.45588235294117646
db insert success
tensor(0.0003, device='cuda:0')
(69, 3, 0, 2, 1000, 'elltwo', 'genrr', 0.0003280267119407654, 0.17000000178813934, 1.9506793022155762, '2024-07-15 01:53:50', 4)
pval: [0.17] -- 69th test, time elapsed 1.9506793022155762 -- emperical power so far (from test_start): 0.4492753623188406
