bitflipelltwo, alpha=1, sample size=500
#########################################
tensor(0.0172, device='cuda:0')
(1, 3, 0, 1, 500, 'elltwo', 'bitflip', 0.01723480224609375, 0.058000002056360245, 1.8633034229278564, '2024-07-14 21:42:33', 4)
pval: [0.058] -- 1th test, time elapsed 1.8633034229278564 -- emperical power so far (from test_start): 0.0
db insert success
tensor(-0.0082, device='cuda:0')
(2, 3, 0, 1, 500, 'elltwo', 'bitflip', -0.008161544799804688, 0.781000018119812, 1.8480563163757324, '2024-07-14 21:42:44', 4)
pval: [0.78100002] -- 2th test, time elapsed 1.8480563163757324 -- emperical power so far (from test_start): 0.0
db insert success
tensor(-0.0004, device='cuda:0')
(3, 3, 0, 1, 500, 'elltwo', 'bitflip', -0.0003757476806640625, 0.4870000183582306, 1.8599169254302979, '2024-07-14 21:42:47', 4)
pval: [0.48700002] -- 3th test, time elapsed 1.8599169254302979 -- emperical power so far (from test_start): 0.0
db insert success
tensor(-0.0137, device='cuda:0')
(4, 3, 0, 1, 500, 'elltwo', 'bitflip', -0.013692855834960938, 0.9180000424385071, 1.8461222648620605, '2024-07-14 21:42:53', 4)
pval: [0.91800004] -- 4th test, time elapsed 1.8461222648620605 -- emperical power so far (from test_start): 0.0
db insert success
tensor(0.0038, device='cuda:0')
(5, 3, 0, 1, 500, 'elltwo', 'bitflip', 0.0038356781005859375, 0.36500000953674316, 1.8439602851867676, '2024-07-14 21:43:00', 4)
pval: [0.36500001] -- 5th test, time elapsed 1.8439602851867676 -- emperical power so far (from test_start): 0.0
db insert success
tensor(0.0104, device='cuda:0')
(6, 3, 0, 1, 500, 'elltwo', 'bitflip', 0.0103759765625, 0.1680000126361847, 1.8446099758148193, '2024-07-14 21:43:07', 4)
pval: [0.16800001] -- 6th test, time elapsed 1.8446099758148193 -- emperical power so far (from test_start): 0.0
db insert success
tensor(-0.0038, device='cuda:0')
(7, 3, 0, 1, 500, 'elltwo', 'bitflip', -0.00382232666015625, 0.6310000419616699, 1.8415846824645996, '2024-07-14 21:43:12', 4)
pval: [0.63100004] -- 7th test, time elapsed 1.8415846824645996 -- emperical power so far (from test_start): 0.0
db insert success
tensor(0.0012, device='cuda:0')
(8, 3, 0, 1, 500, 'elltwo', 'bitflip', 0.001239776611328125, 0.45600003004074097, 1.861832857131958, '2024-07-14 21:43:28', 4)
pval: [0.45600003] -- 8th test, time elapsed 1.861832857131958 -- emperical power so far (from test_start): 0.0
db insert success
tensor(0.0182, device='cuda:0')
(9, 3, 0, 1, 500, 'elltwo', 'bitflip', 0.018228530883789062, 0.07000000029802322, 1.8594284057617188, '2024-07-14 21:43:34', 4)
pval: [0.07] -- 9th test, time elapsed 1.8594284057617188 -- emperical power so far (from test_start): 0.0
db insert success
tensor(-0.0053, device='cuda:0')
(10, 3, 0, 1, 500, 'elltwo', 'bitflip', -0.0052890777587890625, 0.6480000019073486, 1.8610506057739258, '2024-07-14 21:43:38', 4)
pval: [0.648] -- 10th test, time elapsed 1.8610506057739258 -- emperical power so far (from test_start): 0.0
db insert success
tensor(-0.0054, device='cuda:0')
(11, 3, 0, 1, 500, 'elltwo', 'bitflip', -0.00537109375, 0.6700000166893005, 1.8701434135437012, '2024-07-14 21:43:58', 4)
pval: [0.67000002] -- 11th test, time elapsed 1.8701434135437012 -- emperical power so far (from test_start): 0.0
db insert success
tensor(-0.0038, device='cuda:0')
(12, 3, 0, 1, 500, 'elltwo', 'bitflip', -0.0038471221923828125, 0.628000020980835, 1.8667449951171875, '2024-07-14 21:44:18', 4)
pval: [0.62800002] -- 12th test, time elapsed 1.8667449951171875 -- emperical power so far (from test_start): 0.0
db insert success
tensor(0.0007, device='cuda:0')
(13, 3, 0, 1, 500, 'elltwo', 'bitflip', 0.0006923675537109375, 0.4650000333786011, 1.8523750305175781, '2024-07-14 21:44:39', 4)
pval: [0.46500003] -- 13th test, time elapsed 1.8523750305175781 -- emperical power so far (from test_start): 0.0
db insert success
tensor(-0.0064, device='cuda:0')
(14, 3, 0, 1, 500, 'elltwo', 'bitflip', -0.0064105987548828125, 0.7170000076293945, 1.8526909351348877, '2024-07-14 21:44:46', 4)
pval: [0.71700001] -- 14th test, time elapsed 1.8526909351348877 -- emperical power so far (from test_start): 0.0
db insert success
tensor(0.0012, device='cuda:0')
(15, 3, 0, 1, 500, 'elltwo', 'bitflip', 0.0012359619140625, 0.45000001788139343, 1.8482301235198975, '2024-07-14 21:44:55', 4)
pval: [0.45000002] -- 15th test, time elapsed 1.8482301235198975 -- emperical power so far (from test_start): 0.0
db insert success
tensor(0.0083, device='cuda:0')
(16, 3, 0, 1, 500, 'elltwo', 'bitflip', 0.008312225341796875, 0.23000000417232513, 1.8431787490844727, '2024-07-14 21:45:01', 4)
pval: [0.23] -- 16th test, time elapsed 1.8431787490844727 -- emperical power so far (from test_start): 0.0
db insert success
tensor(0.0080, device='cuda:0')
(17, 3, 0, 1, 500, 'elltwo', 'bitflip', 0.007968902587890625, 0.24400001764297485, 1.848104476928711, '2024-07-14 21:45:06', 4)
pval: [0.24400002] -- 17th test, time elapsed 1.848104476928711 -- emperical power so far (from test_start): 0.0
db insert success
tensor(0.0103, device='cuda:0')
(18, 3, 0, 1, 500, 'elltwo', 'bitflip', 0.01031494140625, 0.1720000058412552, 1.8613433837890625, '2024-07-14 21:45:22', 4)
pval: [0.17200001] -- 18th test, time elapsed 1.8613433837890625 -- emperical power so far (from test_start): 0.0
db insert success
tensor(-0.0076, device='cuda:0')
(19, 3, 0, 1, 500, 'elltwo', 'bitflip', -0.0075702667236328125, 0.7660000324249268, 1.871351718902588, '2024-07-14 21:45:42', 4)
pval: [0.76600003] -- 19th test, time elapsed 1.871351718902588 -- emperical power so far (from test_start): 0.0
db insert success
tensor(0.0137, device='cuda:0')
(20, 3, 0, 1, 500, 'elltwo', 'bitflip', 0.013738632202148438, 0.11800000816583633, 1.8675904273986816, '2024-07-14 21:45:49', 4)
pval: [0.11800001] -- 20th test, time elapsed 1.8675904273986816 -- emperical power so far (from test_start): 0.0
db insert success
tensor(0.0077, device='cuda:0')
(21, 3, 0, 1, 500, 'elltwo', 'bitflip', 0.007656097412109375, 0.24000000953674316, 1.849546194076538, '2024-07-14 21:46:04', 4)
pval: [0.24000001] -- 21th test, time elapsed 1.849546194076538 -- emperical power so far (from test_start): 0.0
db insert success
tensor(-0.0023, device='cuda:0')
(22, 3, 0, 1, 500, 'elltwo', 'bitflip', -0.002346038818359375, 0.5660000443458557, 1.8431346416473389, '2024-07-14 21:46:21', 4)
pval: [0.56600004] -- 22th test, time elapsed 1.8431346416473389 -- emperical power so far (from test_start): 0.0
db insert success
tensor(-0.0141, device='cuda:0')
(23, 3, 0, 1, 500, 'elltwo', 'bitflip', -0.014066696166992188, 0.9070000648498535, 1.8557980060577393, '2024-07-14 21:46:43', 4)
pval: [0.90700006] -- 23th test, time elapsed 1.8557980060577393 -- emperical power so far (from test_start): 0.0
db insert success
tensor(0.0206, device='cuda:0')
(24, 3, 0, 1, 500, 'elltwo', 'bitflip', 0.020627975463867188, 0.039000000804662704, 1.850165605545044, '2024-07-14 21:46:56', 4)
pval: [0.039] -- 24th test, time elapsed 1.850165605545044 -- emperical power so far (from test_start): 0.041666666666666664
db insert success
tensor(-0.0028, device='cuda:0')
(25, 3, 0, 1, 500, 'elltwo', 'bitflip', -0.0027904510498046875, 0.5690000057220459, 1.856400966644287, '2024-07-14 21:47:01', 4)
pval: [0.56900001] -- 25th test, time elapsed 1.856400966644287 -- emperical power so far (from test_start): 0.04
db insert success
tensor(0.0114, device='cuda:0')
(26, 3, 0, 1, 500, 'elltwo', 'bitflip', 0.011371612548828125, 0.13199999928474426, 1.853332281112671, '2024-07-14 21:47:11', 4)
pval: [0.132] -- 26th test, time elapsed 1.853332281112671 -- emperical power so far (from test_start): 0.038461538461538464
db insert success
tensor(0.0057, device='cuda:0')
(27, 3, 0, 1, 500, 'elltwo', 'bitflip', 0.005680084228515625, 0.2990000247955322, 1.8603355884552002, '2024-07-14 21:47:19', 4)
pval: [0.29900002] -- 27th test, time elapsed 1.8603355884552002 -- emperical power so far (from test_start): 0.037037037037037035
db insert success
tensor(-0.0095, device='cuda:0')
(28, 3, 0, 1, 500, 'elltwo', 'bitflip', -0.009485244750976562, 0.8290000557899475, 1.8829054832458496, '2024-07-14 21:47:23', 4)
pval: [0.82900006] -- 28th test, time elapsed 1.8829054832458496 -- emperical power so far (from test_start): 0.03571428571428571
db insert success
tensor(-0.0026, device='cuda:0')
(29, 3, 0, 1, 500, 'elltwo', 'bitflip', -0.00257110595703125, 0.5680000185966492, 1.8709909915924072, '2024-07-14 21:47:31', 4)
pval: [0.56800002] -- 29th test, time elapsed 1.8709909915924072 -- emperical power so far (from test_start): 0.034482758620689655
db insert success
tensor(-0.0105, device='cuda:0')
(30, 3, 0, 1, 500, 'elltwo', 'bitflip', -0.010477066040039062, 0.8220000267028809, 1.8610193729400635, '2024-07-14 21:47:48', 4)
pval: [0.82200003] -- 30th test, time elapsed 1.8610193729400635 -- emperical power so far (from test_start): 0.03333333333333333
db insert success
tensor(-0.0054, device='cuda:0')
(31, 3, 0, 1, 500, 'elltwo', 'bitflip', -0.0054225921630859375, 0.6850000619888306, 1.846940279006958, '2024-07-14 21:47:52', 4)
pval: [0.68500006] -- 31th test, time elapsed 1.846940279006958 -- emperical power so far (from test_start): 0.03225806451612903
db insert success
tensor(-0.0030, device='cuda:0')
(32, 3, 0, 1, 500, 'elltwo', 'bitflip', -0.0030231475830078125, 0.5940000414848328, 1.8588781356811523, '2024-07-14 21:48:08', 4)
pval: [0.59400004] -- 32th test, time elapsed 1.8588781356811523 -- emperical power so far (from test_start): 0.03125
db insert success
tensor(0.0019, device='cuda:0')
(33, 3, 0, 1, 500, 'elltwo', 'bitflip', 0.0018672943115234375, 0.40300002694129944, 1.8615796566009521, '2024-07-14 21:48:15', 4)
pval: [0.40300003] -- 33th test, time elapsed 1.8615796566009521 -- emperical power so far (from test_start): 0.030303030303030304
db insert success
tensor(-0.0042, device='cuda:0')
(34, 3, 0, 1, 500, 'elltwo', 'bitflip', -0.00420379638671875, 0.6570000052452087, 1.8542416095733643, '2024-07-14 21:48:23', 4)
pval: [0.65700001] -- 34th test, time elapsed 1.8542416095733643 -- emperical power so far (from test_start): 0.029411764705882353
db insert success
tensor(-0.0051, device='cuda:0')
(35, 3, 0, 1, 500, 'elltwo', 'bitflip', -0.005054473876953125, 0.6640000343322754, 1.8375909328460693, '2024-07-14 21:48:38', 4)
pval: [0.66400003] -- 35th test, time elapsed 1.8375909328460693 -- emperical power so far (from test_start): 0.02857142857142857
db insert success
tensor(-0.0009, device='cuda:0')
(36, 3, 0, 1, 500, 'elltwo', 'bitflip', -0.0009136199951171875, 0.47600001096725464, 1.8386170864105225, '2024-07-14 21:48:53', 4)
pval: [0.47600001] -- 36th test, time elapsed 1.8386170864105225 -- emperical power so far (from test_start): 0.027777777777777776
db insert success
tensor(-0.0001, device='cuda:0')
(37, 3, 0, 1, 500, 'elltwo', 'bitflip', -0.000102996826171875, 0.46800002455711365, 1.843693733215332, '2024-07-14 21:49:09', 4)
pval: [0.46800002] -- 37th test, time elapsed 1.843693733215332 -- emperical power so far (from test_start): 0.02702702702702703
db insert success
tensor(-0.0093, device='cuda:0')
(38, 3, 0, 1, 500, 'elltwo', 'bitflip', -0.009340286254882812, 0.7950000166893005, 1.8494815826416016, '2024-07-14 21:49:23', 4)
pval: [0.79500002] -- 38th test, time elapsed 1.8494815826416016 -- emperical power so far (from test_start): 0.02631578947368421
db insert success
tensor(0.0171, device='cuda:0')
(39, 3, 0, 1, 500, 'elltwo', 'bitflip', 0.0171356201171875, 0.06000000238418579, 1.8571808338165283, '2024-07-14 21:49:44', 4)
pval: [0.06] -- 39th test, time elapsed 1.8571808338165283 -- emperical power so far (from test_start): 0.02564102564102564
db insert success
tensor(-0.0045, device='cuda:0')
(40, 3, 0, 1, 500, 'elltwo', 'bitflip', -0.004543304443359375, 0.6530000567436218, 1.8467888832092285, '2024-07-14 21:49:56', 4)
pval: [0.65300006] -- 40th test, time elapsed 1.8467888832092285 -- emperical power so far (from test_start): 0.025
db insert success
tensor(0.0201, device='cuda:0')
(41, 3, 0, 1, 500, 'elltwo', 'bitflip', 0.020114898681640625, 0.03200000151991844, 1.8516020774841309, '2024-07-14 21:50:00', 4)
pval: [0.032] -- 41th test, time elapsed 1.8516020774841309 -- emperical power so far (from test_start): 0.04878048780487805
db insert success
tensor(0.0083, device='cuda:0')
(42, 3, 0, 1, 500, 'elltwo', 'bitflip', 0.008340835571289062, 0.19600000977516174, 1.8371124267578125, '2024-07-14 21:50:13', 4)
pval: [0.19600001] -- 42th test, time elapsed 1.8371124267578125 -- emperical power so far (from test_start): 0.047619047619047616
db insert success
tensor(0.0147, device='cuda:0')
(43, 3, 0, 1, 500, 'elltwo', 'bitflip', 0.014675140380859375, 0.11900000274181366, 1.8333041667938232, '2024-07-14 21:50:19', 4)
pval: [0.119] -- 43th test, time elapsed 1.8333041667938232 -- emperical power so far (from test_start): 0.046511627906976744
db insert success
tensor(0.0070, device='cuda:0')
(44, 3, 0, 1, 500, 'elltwo', 'bitflip', 0.0069980621337890625, 0.2600000202655792, 1.8566737174987793, '2024-07-14 21:50:34', 4)
pval: [0.26000002] -- 44th test, time elapsed 1.8566737174987793 -- emperical power so far (from test_start): 0.045454545454545456
db insert success
tensor(-0.0064, device='cuda:0')
(45, 3, 0, 1, 500, 'elltwo', 'bitflip', -0.00644683837890625, 0.7120000123977661, 1.8505408763885498, '2024-07-14 21:50:45', 4)
pval: [0.71200001] -- 45th test, time elapsed 1.8505408763885498 -- emperical power so far (from test_start): 0.044444444444444446
db insert success
tensor(-0.0062, device='cuda:0')
(46, 3, 0, 1, 500, 'elltwo', 'bitflip', -0.0061798095703125, 0.7330000400543213, 1.8475708961486816, '2024-07-14 21:50:59', 4)
pval: [0.73300004] -- 46th test, time elapsed 1.8475708961486816 -- emperical power so far (from test_start): 0.043478260869565216
db insert success
tensor(-0.0083, device='cuda:0')
(47, 3, 0, 1, 500, 'elltwo', 'bitflip', -0.008283615112304688, 0.7610000371932983, 1.8585913181304932, '2024-07-14 21:51:06', 4)
pval: [0.76100004] -- 47th test, time elapsed 1.8585913181304932 -- emperical power so far (from test_start): 0.0425531914893617
db insert success
tensor(-0.0061, device='cuda:0')
(48, 3, 0, 1, 500, 'elltwo', 'bitflip', -0.006069183349609375, 0.7050000429153442, 1.845400094985962, '2024-07-14 21:51:25', 4)
pval: [0.70500004] -- 48th test, time elapsed 1.845400094985962 -- emperical power so far (from test_start): 0.041666666666666664
db insert success
tensor(0.0020, device='cuda:0')
(49, 3, 0, 1, 500, 'elltwo', 'bitflip', 0.00197601318359375, 0.41700002551078796, 1.854173183441162, '2024-07-14 21:51:40', 4)
pval: [0.41700003] -- 49th test, time elapsed 1.854173183441162 -- emperical power so far (from test_start): 0.04081632653061224
db insert success
tensor(0.0064, device='cuda:0')
(50, 3, 0, 1, 500, 'elltwo', 'bitflip', 0.0064373016357421875, 0.2850000262260437, 1.8684163093566895, '2024-07-14 21:51:43', 4)
pval: [0.28500003] -- 50th test, time elapsed 1.8684163093566895 -- emperical power so far (from test_start): 0.04
db insert success
tensor(-0.0149, device='cuda:0')
(51, 3, 0, 1, 500, 'elltwo', 'bitflip', -0.01494598388671875, 0.9290000200271606, 1.8465332984924316, '2024-07-14 21:51:59', 4)
pval: [0.92900002] -- 51th test, time elapsed 1.8465332984924316 -- emperical power so far (from test_start): 0.0392156862745098
db insert success
tensor(-0.0011, device='cuda:0')
(52, 3, 0, 1, 500, 'elltwo', 'bitflip', -0.0010986328125, 0.5210000276565552, 1.843963861465454, '2024-07-14 21:52:02', 4)
pval: [0.52100003] -- 52th test, time elapsed 1.843963861465454 -- emperical power so far (from test_start): 0.038461538461538464
db insert success
tensor(0.0316, device='cuda:0')
(53, 3, 0, 1, 500, 'elltwo', 'bitflip', 0.03155326843261719, 0.00800000037997961, 1.856996774673462, '2024-07-14 21:52:20', 4)
pval: [0.008] -- 53th test, time elapsed 1.856996774673462 -- emperical power so far (from test_start): 0.05660377358490566
db insert success
tensor(-0.0022, device='cuda:0')
(54, 3, 0, 1, 500, 'elltwo', 'bitflip', -0.002208709716796875, 0.5300000309944153, 1.8473212718963623, '2024-07-14 21:52:27', 4)
pval: [0.53000003] -- 54th test, time elapsed 1.8473212718963623 -- emperical power so far (from test_start): 0.05555555555555555
db insert success
tensor(0.0177, device='cuda:0')
(55, 3, 0, 1, 500, 'elltwo', 'bitflip', 0.01767730712890625, 0.06400000303983688, 1.8568129539489746, '2024-07-14 21:52:32', 4)
pval: [0.064] -- 55th test, time elapsed 1.8568129539489746 -- emperical power so far (from test_start): 0.05454545454545454
db insert success
tensor(-0.0100, device='cuda:0')
(56, 3, 0, 1, 500, 'elltwo', 'bitflip', -0.00995635986328125, 0.8450000286102295, 1.8486723899841309, '2024-07-14 21:52:54', 4)
pval: [0.84500003] -- 56th test, time elapsed 1.8486723899841309 -- emperical power so far (from test_start): 0.05357142857142857
db insert success
tensor(0.0112, device='cuda:0')
(57, 3, 0, 1, 500, 'elltwo', 'bitflip', 0.011175155639648438, 0.14400000870227814, 1.849877119064331, '2024-07-14 21:53:11', 4)
pval: [0.14400001] -- 57th test, time elapsed 1.849877119064331 -- emperical power so far (from test_start): 0.05263157894736842
db insert success
tensor(0.0062, device='cuda:0')
(58, 3, 0, 1, 500, 'elltwo', 'bitflip', 0.0062198638916015625, 0.25600001215934753, 1.8590047359466553, '2024-07-14 21:53:31', 4)
pval: [0.25600001] -- 58th test, time elapsed 1.8590047359466553 -- emperical power so far (from test_start): 0.05172413793103448
db insert success
tensor(0.0210, device='cuda:0')
(59, 3, 0, 1, 500, 'elltwo', 'bitflip', 0.02103424072265625, 0.04200000315904617, 1.8454663753509521, '2024-07-14 21:53:45', 4)
pval: [0.042] -- 59th test, time elapsed 1.8454663753509521 -- emperical power so far (from test_start): 0.06779661016949153
db insert success
tensor(-0.0098, device='cuda:0')
(60, 3, 0, 1, 500, 'elltwo', 'bitflip', -0.009830474853515625, 0.8280000686645508, 1.8474442958831787, '2024-07-14 21:53:49', 4)
pval: [0.82800007] -- 60th test, time elapsed 1.8474442958831787 -- emperical power so far (from test_start): 0.06666666666666667
db insert success
tensor(0.0174, device='cuda:0')
(61, 3, 0, 1, 500, 'elltwo', 'bitflip', 0.017404556274414062, 0.06599999964237213, 1.8464930057525635, '2024-07-14 21:54:04', 4)
pval: [0.066] -- 61th test, time elapsed 1.8464930057525635 -- emperical power so far (from test_start): 0.06557377049180328
db insert success
tensor(-0.0022, device='cuda:0')
(62, 3, 0, 1, 500, 'elltwo', 'bitflip', -0.0022106170654296875, 0.5400000214576721, 1.8431568145751953, '2024-07-14 21:54:12', 4)
pval: [0.54000002] -- 62th test, time elapsed 1.8431568145751953 -- emperical power so far (from test_start): 0.06451612903225806
db insert success
tensor(0.0241, device='cuda:0')
(63, 3, 0, 1, 500, 'elltwo', 'bitflip', 0.024141311645507812, 0.021000001579523087, 1.8449628353118896, '2024-07-14 21:54:27', 4)
pval: [0.021] -- 63th test, time elapsed 1.8449628353118896 -- emperical power so far (from test_start): 0.07936507936507936
db insert success
tensor(-0.0029, device='cuda:0')
(64, 3, 0, 1, 500, 'elltwo', 'bitflip', -0.0028934478759765625, 0.6000000238418579, 1.8594417572021484, '2024-07-14 21:54:30', 4)
pval: [0.60000002] -- 64th test, time elapsed 1.8594417572021484 -- emperical power so far (from test_start): 0.078125
db insert success
tensor(0.0002, device='cuda:0')
(65, 3, 0, 1, 500, 'elltwo', 'bitflip', 0.0001583099365234375, 0.4880000352859497, 1.8505449295043945, '2024-07-14 21:54:36', 4)
pval: [0.48800004] -- 65th test, time elapsed 1.8505449295043945 -- emperical power so far (from test_start): 0.07692307692307693
db insert success
tensor(-0.0035, device='cuda:0')
(66, 3, 0, 1, 500, 'elltwo', 'bitflip', -0.003459930419921875, 0.6270000338554382, 1.8498430252075195, '2024-07-14 21:54:39', 4)
pval: [0.62700003] -- 66th test, time elapsed 1.8498430252075195 -- emperical power so far (from test_start): 0.07575757575757576
db insert success
tensor(-0.0085, device='cuda:0')
(67, 3, 0, 1, 500, 'elltwo', 'bitflip', -0.008520126342773438, 0.7880000472068787, 1.8438982963562012, '2024-07-14 21:54:55', 4)
pval: [0.78800005] -- 67th test, time elapsed 1.8438982963562012 -- emperical power so far (from test_start): 0.07462686567164178
db insert success
tensor(0.0330, device='cuda:0')
(68, 3, 0, 1, 500, 'elltwo', 'bitflip', 0.03302574157714844, 0.00800000037997961, 1.851212501525879, '2024-07-14 21:55:06', 4)
pval: [0.008] -- 68th test, time elapsed 1.851212501525879 -- emperical power so far (from test_start): 0.08823529411764706
db insert success
tensor(0.0100, device='cuda:0')
(69, 3, 0, 1, 500, 'elltwo', 'bitflip', 0.010013580322265625, 0.15700000524520874, 1.8464863300323486, '2024-07-14 21:55:18', 4)
pval: [0.15700001] -- 69th test, time elapsed 1.8464863300323486 -- emperical power so far (from test_start): 0.08695652173913043
db insert success
tensor(0.0120, device='cuda:0')
(70, 3, 0, 1, 500, 'elltwo', 'bitflip', 0.012041091918945312, 0.13900001347064972, 1.8418281078338623, '2024-07-14 21:55:26', 4)
pval: [0.13900001] -- 70th test, time elapsed 1.8418281078338623 -- emperical power so far (from test_start): 0.08571428571428572
db insert success
tensor(0.0167, device='cuda:0')
(71, 3, 0, 1, 500, 'elltwo', 'bitflip', 0.016736984252929688, 0.07200000435113907, 1.8449468612670898, '2024-07-14 21:55:36', 4)
pval: [0.072] -- 71th test, time elapsed 1.8449468612670898 -- emperical power so far (from test_start): 0.08450704225352113
db insert success
tensor(-0.0180, device='cuda:0')
(72, 3, 0, 1, 500, 'elltwo', 'bitflip', -0.018003463745117188, 0.9740000367164612, 1.8431599140167236, '2024-07-14 21:55:51', 4)
pval: [0.97400004] -- 72th test, time elapsed 1.8431599140167236 -- emperical power so far (from test_start): 0.08333333333333333
db insert success
tensor(-0.0009, device='cuda:0')
(73, 3, 0, 1, 500, 'elltwo', 'bitflip', -0.0008640289306640625, 0.5190000534057617, 1.8487813472747803, '2024-07-14 21:56:02', 4)
pval: [0.51900005] -- 73th test, time elapsed 1.8487813472747803 -- emperical power so far (from test_start): 0.0821917808219178
db insert success
tensor(0.0026, device='cuda:0')
(74, 3, 0, 1, 500, 'elltwo', 'bitflip', 0.002613067626953125, 0.3970000147819519, 1.8468704223632812, '2024-07-14 21:56:08', 4)
pval: [0.39700001] -- 74th test, time elapsed 1.8468704223632812 -- emperical power so far (from test_start): 0.08108108108108109
db insert success
tensor(0.0031, device='cuda:0')
(75, 3, 0, 1, 500, 'elltwo', 'bitflip', 0.0031185150146484375, 0.3680000305175781, 1.8441343307495117, '2024-07-14 21:56:17', 4)
pval: [0.36800003] -- 75th test, time elapsed 1.8441343307495117 -- emperical power so far (from test_start): 0.08
db insert success
tensor(0.0067, device='cuda:0')
(76, 3, 0, 1, 500, 'elltwo', 'bitflip', 0.006687164306640625, 0.23800000548362732, 1.839726448059082, '2024-07-14 21:56:36', 4)
pval: [0.23800001] -- 76th test, time elapsed 1.839726448059082 -- emperical power so far (from test_start): 0.07894736842105263
db insert success
tensor(0.0091, device='cuda:0')
(77, 3, 0, 1, 500, 'elltwo', 'bitflip', 0.009122848510742188, 0.19300000369548798, 1.848104476928711, '2024-07-14 21:56:39', 4)
pval: [0.193] -- 77th test, time elapsed 1.848104476928711 -- emperical power so far (from test_start): 0.07792207792207792
db insert success
tensor(0.0074, device='cuda:0')
(78, 3, 0, 1, 500, 'elltwo', 'bitflip', 0.0073871612548828125, 0.24800001084804535, 1.842214584350586, '2024-07-14 21:56:47', 4)
pval: [0.24800001] -- 78th test, time elapsed 1.842214584350586 -- emperical power so far (from test_start): 0.07692307692307693
db insert success
tensor(-0.0044, device='cuda:0')
(79, 3, 0, 1, 500, 'elltwo', 'bitflip', -0.0043697357177734375, 0.6470000147819519, 1.8448867797851562, '2024-07-14 21:57:07', 4)
pval: [0.64700001] -- 79th test, time elapsed 1.8448867797851562 -- emperical power so far (from test_start): 0.0759493670886076
db insert success
tensor(0.0046, device='cuda:0')
(80, 3, 0, 1, 500, 'elltwo', 'bitflip', 0.004581451416015625, 0.3060000240802765, 1.8640141487121582, '2024-07-14 21:57:20', 4)
pval: [0.30600002] -- 80th test, time elapsed 1.8640141487121582 -- emperical power so far (from test_start): 0.075
db insert success
tensor(0.0115, device='cuda:0')
(81, 3, 0, 1, 500, 'elltwo', 'bitflip', 0.0114898681640625, 0.15400001406669617, 1.8451735973358154, '2024-07-14 21:57:24', 4)
pval: [0.15400001] -- 81th test, time elapsed 1.8451735973358154 -- emperical power so far (from test_start): 0.07407407407407407
db insert success
tensor(0.0106, device='cuda:0')
(82, 3, 0, 1, 500, 'elltwo', 'bitflip', 0.010587692260742188, 0.1770000010728836, 1.8458774089813232, '2024-07-14 21:57:46', 4)
pval: [0.177] -- 82th test, time elapsed 1.8458774089813232 -- emperical power so far (from test_start): 0.07317073170731707
db insert success
tensor(0.0041, device='cuda:0')
(83, 3, 0, 1, 500, 'elltwo', 'bitflip', 0.004062652587890625, 0.31800001859664917, 1.8464469909667969, '2024-07-14 21:58:05', 4)
pval: [0.31800002] -- 83th test, time elapsed 1.8464469909667969 -- emperical power so far (from test_start): 0.07228915662650602
db insert success
tensor(0.0169, device='cuda:0')
(84, 3, 0, 1, 500, 'elltwo', 'bitflip', 0.016862869262695312, 0.05400000140070915, 1.8452718257904053, '2024-07-14 21:58:09', 4)
pval: [0.054] -- 84th test, time elapsed 1.8452718257904053 -- emperical power so far (from test_start): 0.07142857142857142
db insert success
tensor(-0.0009, device='cuda:0')
(85, 3, 0, 1, 500, 'elltwo', 'bitflip', -0.0009002685546875, 0.5210000276565552, 1.8646550178527832, '2024-07-14 21:58:22', 4)
pval: [0.52100003] -- 85th test, time elapsed 1.8646550178527832 -- emperical power so far (from test_start): 0.07058823529411765
db insert success
tensor(0.0205, device='cuda:0')
(86, 3, 0, 1, 500, 'elltwo', 'bitflip', 0.020465850830078125, 0.032999999821186066, 1.875844955444336, '2024-07-14 21:58:27', 4)
pval: [0.033] -- 86th test, time elapsed 1.875844955444336 -- emperical power so far (from test_start): 0.08139534883720931
db insert success
tensor(0.0041, device='cuda:0')
(87, 3, 0, 1, 500, 'elltwo', 'bitflip', 0.0041446685791015625, 0.33800002932548523, 1.8469736576080322, '2024-07-14 21:58:35', 4)
pval: [0.33800003] -- 87th test, time elapsed 1.8469736576080322 -- emperical power so far (from test_start): 0.08045977011494253
db insert success
tensor(0.0006, device='cuda:0')
(88, 3, 0, 1, 500, 'elltwo', 'bitflip', 0.0005645751953125, 0.4610000252723694, 1.8542425632476807, '2024-07-14 21:58:44', 4)
pval: [0.46100003] -- 88th test, time elapsed 1.8542425632476807 -- emperical power so far (from test_start): 0.07954545454545454
db insert success
tensor(-0.0017, device='cuda:0')
(89, 3, 0, 1, 500, 'elltwo', 'bitflip', -0.001689910888671875, 0.5049999952316284, 1.8563244342803955, '2024-07-14 21:59:02', 4)
pval: [0.505] -- 89th test, time elapsed 1.8563244342803955 -- emperical power so far (from test_start): 0.07865168539325842
db insert success
tensor(0.0169, device='cuda:0')
(90, 3, 0, 1, 500, 'elltwo', 'bitflip', 0.016889572143554688, 0.05100000277161598, 1.8488643169403076, '2024-07-14 21:59:24', 4)
pval: [0.051] -- 90th test, time elapsed 1.8488643169403076 -- emperical power so far (from test_start): 0.07777777777777778
db insert success
tensor(0.0094, device='cuda:0')
(91, 3, 0, 1, 500, 'elltwo', 'bitflip', 0.009351730346679688, 0.19300000369548798, 1.8751294612884521, '2024-07-14 21:59:42', 4)
pval: [0.193] -- 91th test, time elapsed 1.8751294612884521 -- emperical power so far (from test_start): 0.07692307692307693
db insert success
tensor(0.0037, device='cuda:0')
(92, 3, 0, 1, 500, 'elltwo', 'bitflip', 0.003749847412109375, 0.34700000286102295, 1.8434085845947266, '2024-07-14 21:59:57', 4)
pval: [0.347] -- 92th test, time elapsed 1.8434085845947266 -- emperical power so far (from test_start): 0.07608695652173914
db insert success
tensor(-0.0022, device='cuda:0')
(93, 3, 0, 1, 500, 'elltwo', 'bitflip', -0.002193450927734375, 0.5430000424385071, 1.8463847637176514, '2024-07-14 22:00:00', 4)
pval: [0.54300004] -- 93th test, time elapsed 1.8463847637176514 -- emperical power so far (from test_start): 0.07526881720430108
db insert success
tensor(0.0319, device='cuda:0')
(94, 3, 0, 1, 500, 'elltwo', 'bitflip', 0.03191184997558594, 0.005000000353902578, 1.8470284938812256, '2024-07-14 22:00:22', 4)
pval: [0.005] -- 94th test, time elapsed 1.8470284938812256 -- emperical power so far (from test_start): 0.0851063829787234
db insert success
tensor(0.0231, device='cuda:0')
(95, 3, 0, 1, 500, 'elltwo', 'bitflip', 0.023088455200195312, 0.01900000125169754, 1.8453938961029053, '2024-07-14 22:00:26', 4)
pval: [0.019] -- 95th test, time elapsed 1.8453938961029053 -- emperical power so far (from test_start): 0.09473684210526316
db insert success
tensor(-0.0152, device='cuda:0')
(96, 3, 0, 1, 500, 'elltwo', 'bitflip', -0.015237808227539062, 0.9360000491142273, 1.8349711894989014, '2024-07-14 22:00:44', 4)
pval: [0.93600005] -- 96th test, time elapsed 1.8349711894989014 -- emperical power so far (from test_start): 0.09375
db insert success
tensor(-0.0003, device='cuda:0')
(97, 3, 0, 1, 500, 'elltwo', 'bitflip', -0.00030517578125, 0.5130000114440918, 1.8388290405273438, '2024-07-14 22:01:03', 4)
pval: [0.51300001] -- 97th test, time elapsed 1.8388290405273438 -- emperical power so far (from test_start): 0.09278350515463918
db insert success
tensor(0.0017, device='cuda:0')
(98, 3, 0, 1, 500, 'elltwo', 'bitflip', 0.0017032623291015625, 0.4310000240802765, 1.8448901176452637, '2024-07-14 22:01:14', 4)
pval: [0.43100002] -- 98th test, time elapsed 1.8448901176452637 -- emperical power so far (from test_start): 0.09183673469387756
db insert success
tensor(0.0166, device='cuda:0')
(99, 3, 0, 1, 500, 'elltwo', 'bitflip', 0.016561508178710938, 0.06599999964237213, 1.8600420951843262, '2024-07-14 22:01:33', 4)
pval: [0.066] -- 99th test, time elapsed 1.8600420951843262 -- emperical power so far (from test_start): 0.09090909090909091
db insert success
tensor(-0.0005, device='cuda:0')
(100, 3, 0, 1, 500, 'elltwo', 'bitflip', -0.000530242919921875, 0.5070000290870667, 1.8410155773162842, '2024-07-14 22:01:36', 4)
pval: [0.50700003] -- 100th test, time elapsed 1.8410155773162842 -- emperical power so far (from test_start): 0.09
db insert success
tensor(0.0010, device='cuda:0')
(101, 3, 0, 1, 500, 'elltwo', 'bitflip', 0.00101470947265625, 0.42500001192092896, 1.8413310050964355, '2024-07-14 22:01:45', 4)
pval: [0.42500001] -- 101th test, time elapsed 1.8413310050964355 -- emperical power so far (from test_start): 0.0891089108910891
db insert success
tensor(0.0101, device='cuda:0')
(102, 3, 0, 1, 500, 'elltwo', 'bitflip', 0.010143280029296875, 0.1510000079870224, 1.8409416675567627, '2024-07-14 22:02:07', 4)
pval: [0.15100001] -- 102th test, time elapsed 1.8409416675567627 -- emperical power so far (from test_start): 0.08823529411764706
db insert success
tensor(-0.0068, device='cuda:0')
(103, 3, 0, 1, 500, 'elltwo', 'bitflip', -0.00684356689453125, 0.7450000643730164, 1.8343455791473389, '2024-07-14 22:02:25', 4)
pval: [0.74500006] -- 103th test, time elapsed 1.8343455791473389 -- emperical power so far (from test_start): 0.08737864077669903
db insert success
tensor(0.0208, device='cuda:0')
(104, 3, 0, 1, 500, 'elltwo', 'bitflip', 0.020780563354492188, 0.03800000250339508, 1.8219115734100342, '2024-07-14 22:02:43', 4)
pval: [0.038] -- 104th test, time elapsed 1.8219115734100342 -- emperical power so far (from test_start): 0.09615384615384616
db insert success
tensor(-0.0124, device='cuda:0')
(105, 3, 0, 1, 500, 'elltwo', 'bitflip', -0.01235198974609375, 0.893000066280365, 1.8137245178222656, '2024-07-14 22:03:00', 4)
pval: [0.89300007] -- 105th test, time elapsed 1.8137245178222656 -- emperical power so far (from test_start): 0.09523809523809523
db insert success
tensor(0.0238, device='cuda:0')
(106, 3, 0, 1, 500, 'elltwo', 'bitflip', 0.02378082275390625, 0.023000001907348633, 1.810492992401123, '2024-07-14 22:03:21', 4)
pval: [0.023] -- 106th test, time elapsed 1.810492992401123 -- emperical power so far (from test_start): 0.10377358490566038
db insert success
tensor(-0.0167, device='cuda:0')
(107, 3, 0, 1, 500, 'elltwo', 'bitflip', -0.016668319702148438, 0.9470000267028809, 1.8121166229248047, '2024-07-14 22:03:27', 4)
pval: [0.94700003] -- 107th test, time elapsed 1.8121166229248047 -- emperical power so far (from test_start): 0.102803738317757
db insert success
tensor(0.0017, device='cuda:0')
(108, 3, 0, 1, 500, 'elltwo', 'bitflip', 0.001728057861328125, 0.42100003361701965, 1.810086727142334, '2024-07-14 22:03:31', 4)
pval: [0.42100003] -- 108th test, time elapsed 1.810086727142334 -- emperical power so far (from test_start): 0.10185185185185185
db insert success
tensor(0.0171, device='cuda:0')
(109, 3, 0, 1, 500, 'elltwo', 'bitflip', 0.017093658447265625, 0.06599999964237213, 1.8106188774108887, '2024-07-14 22:03:50', 4)
pval: [0.066] -- 109th test, time elapsed 1.8106188774108887 -- emperical power so far (from test_start): 0.10091743119266056
db insert success
tensor(0.0050, device='cuda:0')
(110, 3, 0, 1, 500, 'elltwo', 'bitflip', 0.0050220489501953125, 0.3140000104904175, 1.814354419708252, '2024-07-14 22:03:53', 4)
pval: [0.31400001] -- 110th test, time elapsed 1.814354419708252 -- emperical power so far (from test_start): 0.1
db insert success
tensor(0.0011, device='cuda:0')
(111, 3, 0, 1, 500, 'elltwo', 'bitflip', 0.0011234283447265625, 0.45500001311302185, 1.8130152225494385, '2024-07-14 22:04:12', 4)
pval: [0.45500001] -- 111th test, time elapsed 1.8130152225494385 -- emperical power so far (from test_start): 0.0990990990990991
db insert success
tensor(0.0039, device='cuda:0')
(112, 3, 0, 1, 500, 'elltwo', 'bitflip', 0.0039081573486328125, 0.32500001788139343, 1.820345163345337, '2024-07-14 22:04:26', 4)
pval: [0.32500002] -- 112th test, time elapsed 1.820345163345337 -- emperical power so far (from test_start): 0.09821428571428571
db insert success
tensor(-0.0016, device='cuda:0')
(113, 3, 0, 1, 500, 'elltwo', 'bitflip', -0.001575469970703125, 0.5139999985694885, 1.8258123397827148, '2024-07-14 22:04:31', 4)
pval: [0.514] -- 113th test, time elapsed 1.8258123397827148 -- emperical power so far (from test_start): 0.09734513274336283
db insert success
tensor(0.0095, device='cuda:0')
(114, 3, 0, 1, 500, 'elltwo', 'bitflip', 0.009489059448242188, 0.1940000057220459, 1.8299603462219238, '2024-07-14 22:04:49', 4)
pval: [0.19400001] -- 114th test, time elapsed 1.8299603462219238 -- emperical power so far (from test_start): 0.09649122807017543
db insert success
tensor(-0.0047, device='cuda:0')
(115, 3, 0, 1, 500, 'elltwo', 'bitflip', -0.00473785400390625, 0.6660000085830688, 1.8228676319122314, '2024-07-14 22:04:55', 4)
pval: [0.66600001] -- 115th test, time elapsed 1.8228676319122314 -- emperical power so far (from test_start): 0.09565217391304348
db insert success
tensor(-0.0056, device='cuda:0')
(116, 3, 0, 1, 500, 'elltwo', 'bitflip', -0.005649566650390625, 0.6810000538825989, 1.8249359130859375, '2024-07-14 22:05:08', 4)
pval: [0.68100005] -- 116th test, time elapsed 1.8249359130859375 -- emperical power so far (from test_start): 0.09482758620689655
db insert success
tensor(0.0050, device='cuda:0')
(117, 3, 0, 1, 500, 'elltwo', 'bitflip', 0.00496673583984375, 0.3110000193119049, 1.8620660305023193, '2024-07-14 22:05:29', 4)
pval: [0.31100002] -- 117th test, time elapsed 1.8620660305023193 -- emperical power so far (from test_start): 0.09401709401709402
db insert success
tensor(0.0205, device='cuda:0')
(118, 3, 0, 1, 500, 'elltwo', 'bitflip', 0.020502090454101562, 0.04000000283122063, 1.8181438446044922, '2024-07-14 22:05:36', 4)
pval: [0.04] -- 118th test, time elapsed 1.8181438446044922 -- emperical power so far (from test_start): 0.1016949152542373
db insert success
tensor(0.0226, device='cuda:0')
(119, 3, 0, 1, 500, 'elltwo', 'bitflip', 0.022554397583007812, 0.024000000208616257, 1.8414733409881592, '2024-07-14 22:05:51', 4)
pval: [0.024] -- 119th test, time elapsed 1.8414733409881592 -- emperical power so far (from test_start): 0.1092436974789916
db insert success
tensor(-0.0023, device='cuda:0')
(120, 3, 0, 1, 500, 'elltwo', 'bitflip', -0.0023250579833984375, 0.5900000333786011, 1.8264853954315186, '2024-07-14 22:06:08', 4)
pval: [0.59000003] -- 120th test, time elapsed 1.8264853954315186 -- emperical power so far (from test_start): 0.10833333333333334
db insert success
tensor(0.0099, device='cuda:0')
(121, 3, 0, 1, 500, 'elltwo', 'bitflip', 0.009874343872070312, 0.1730000078678131, 1.8294448852539062, '2024-07-14 22:06:27', 4)
pval: [0.17300001] -- 121th test, time elapsed 1.8294448852539062 -- emperical power so far (from test_start): 0.10743801652892562
db insert success
tensor(0.0002, device='cuda:0')
(122, 3, 0, 1, 500, 'elltwo', 'bitflip', 0.000247955322265625, 0.4830000102519989, 1.8432188034057617, '2024-07-14 22:06:35', 4)
pval: [0.48300001] -- 122th test, time elapsed 1.8432188034057617 -- emperical power so far (from test_start): 0.10655737704918032
db insert success
tensor(-1.1444e-05, device='cuda:0')
(123, 3, 0, 1, 500, 'elltwo', 'bitflip', -1.1444091796875e-05, 0.4960000216960907, 1.8233020305633545, '2024-07-14 22:06:53', 4)
pval: [0.49600002] -- 123th test, time elapsed 1.8233020305633545 -- emperical power so far (from test_start): 0.10569105691056911
db insert success
tensor(0.0124, device='cuda:0')
(124, 3, 0, 1, 500, 'elltwo', 'bitflip', 0.01244354248046875, 0.12300000339746475, 1.8170571327209473, '2024-07-14 22:07:00', 4)
pval: [0.123] -- 124th test, time elapsed 1.8170571327209473 -- emperical power so far (from test_start): 0.10483870967741936
db insert success
tensor(0.0120, device='cuda:0')
(125, 3, 0, 1, 500, 'elltwo', 'bitflip', 0.011993408203125, 0.12200000882148743, 1.8291583061218262, '2024-07-14 22:07:06', 4)
pval: [0.12200001] -- 125th test, time elapsed 1.8291583061218262 -- emperical power so far (from test_start): 0.104
db insert success
tensor(0.0285, device='cuda:0')
(126, 3, 0, 1, 500, 'elltwo', 'bitflip', 0.028476715087890625, 0.005000000353902578, 1.8293571472167969, '2024-07-14 22:07:26', 4)
pval: [0.005] -- 126th test, time elapsed 1.8293571472167969 -- emperical power so far (from test_start): 0.1111111111111111
db insert success
tensor(0.0115, device='cuda:0')
(127, 3, 0, 1, 500, 'elltwo', 'bitflip', 0.011529922485351562, 0.1290000081062317, 1.8287005424499512, '2024-07-14 22:07:44', 4)
pval: [0.12900001] -- 127th test, time elapsed 1.8287005424499512 -- emperical power so far (from test_start): 0.11023622047244094
db insert success
tensor(-0.0022, device='cuda:0')
(128, 3, 0, 1, 500, 'elltwo', 'bitflip', -0.002208709716796875, 0.5509999990463257, 1.8119540214538574, '2024-07-14 22:07:50', 4)
pval: [0.551] -- 128th test, time elapsed 1.8119540214538574 -- emperical power so far (from test_start): 0.109375
db insert success
tensor(0.0100, device='cuda:0')
(129, 3, 0, 1, 500, 'elltwo', 'bitflip', 0.009958267211914062, 0.15000000596046448, 1.828254222869873, '2024-07-14 22:07:56', 4)
pval: [0.15000001] -- 129th test, time elapsed 1.828254222869873 -- emperical power so far (from test_start): 0.10852713178294573
db insert success
tensor(0.0133, device='cuda:0')
(130, 3, 0, 1, 500, 'elltwo', 'bitflip', 0.013265609741210938, 0.10600000619888306, 1.8211555480957031, '2024-07-14 22:08:13', 4)
pval: [0.10600001] -- 130th test, time elapsed 1.8211555480957031 -- emperical power so far (from test_start): 0.1076923076923077
db insert success
tensor(3.2425e-05, device='cuda:0')
(131, 3, 0, 1, 500, 'elltwo', 'bitflip', 3.24249267578125e-05, 0.47700002789497375, 1.8226096630096436, '2024-07-14 22:08:34', 4)
pval: [0.47700003] -- 131th test, time elapsed 1.8226096630096436 -- emperical power so far (from test_start): 0.10687022900763359
db insert success
tensor(0.0050, device='cuda:0')
(132, 3, 0, 1, 500, 'elltwo', 'bitflip', 0.0050201416015625, 0.31200000643730164, 1.8207404613494873, '2024-07-14 22:08:52', 4)
pval: [0.31200001] -- 132th test, time elapsed 1.8207404613494873 -- emperical power so far (from test_start): 0.10606060606060606
db insert success
tensor(0.0247, device='cuda:0')
(133, 3, 0, 1, 500, 'elltwo', 'bitflip', 0.024654388427734375, 0.021000001579523087, 1.8158762454986572, '2024-07-14 22:09:12', 4)
pval: [0.021] -- 133th test, time elapsed 1.8158762454986572 -- emperical power so far (from test_start): 0.11278195488721804
db insert success
tensor(-0.0148, device='cuda:0')
(134, 3, 0, 1, 500, 'elltwo', 'bitflip', -0.014768600463867188, 0.937000036239624, 1.8193492889404297, '2024-07-14 22:09:22', 4)
pval: [0.93700004] -- 134th test, time elapsed 1.8193492889404297 -- emperical power so far (from test_start): 0.11194029850746269
db insert success
tensor(0.0007, device='cuda:0')
(135, 3, 0, 1, 500, 'elltwo', 'bitflip', 0.0007343292236328125, 0.4570000171661377, 1.8212499618530273, '2024-07-14 22:09:27', 4)
pval: [0.45700002] -- 135th test, time elapsed 1.8212499618530273 -- emperical power so far (from test_start): 0.1111111111111111
db insert success
tensor(0.0033, device='cuda:0')
(136, 3, 0, 1, 500, 'elltwo', 'bitflip', 0.0033359527587890625, 0.3460000157356262, 1.8869686126708984, '2024-07-14 22:09:37', 4)
pval: [0.34600002] -- 136th test, time elapsed 1.8869686126708984 -- emperical power so far (from test_start): 0.11029411764705882
db insert success
tensor(-0.0183, device='cuda:0')
(137, 3, 0, 1, 500, 'elltwo', 'bitflip', -0.018259048461914062, 0.9730000495910645, 1.8419196605682373, '2024-07-14 22:09:50', 4)
pval: [0.97300005] -- 137th test, time elapsed 1.8419196605682373 -- emperical power so far (from test_start): 0.10948905109489052
db insert success
tensor(-0.0020, device='cuda:0')
(138, 3, 0, 1, 500, 'elltwo', 'bitflip', -0.00203704833984375, 0.5550000071525574, 1.830653190612793, '2024-07-14 22:09:54', 4)
pval: [0.55500001] -- 138th test, time elapsed 1.830653190612793 -- emperical power so far (from test_start): 0.10869565217391304
db insert success
tensor(0.0005, device='cuda:0')
(139, 3, 0, 1, 500, 'elltwo', 'bitflip', 0.0005435943603515625, 0.43400001525878906, 1.8354482650756836, '2024-07-14 22:10:15', 4)
pval: [0.43400002] -- 139th test, time elapsed 1.8354482650756836 -- emperical power so far (from test_start): 0.1079136690647482
db insert success
tensor(-0.0141, device='cuda:0')
(140, 3, 0, 1, 500, 'elltwo', 'bitflip', -0.014062881469726562, 0.9240000247955322, 1.818648099899292, '2024-07-14 22:10:21', 4)
pval: [0.92400002] -- 140th test, time elapsed 1.818648099899292 -- emperical power so far (from test_start): 0.10714285714285714
db insert success
tensor(0.0168, device='cuda:0')
(141, 3, 0, 1, 500, 'elltwo', 'bitflip', 0.01676177978515625, 0.06599999964237213, 1.8275578022003174, '2024-07-14 22:10:25', 4)
pval: [0.066] -- 141th test, time elapsed 1.8275578022003174 -- emperical power so far (from test_start): 0.10638297872340426
db insert success
tensor(0.0054, device='cuda:0')
(142, 3, 0, 1, 500, 'elltwo', 'bitflip', 0.00539398193359375, 0.27800002694129944, 1.8507754802703857, '2024-07-14 22:10:42', 4)
pval: [0.27800003] -- 142th test, time elapsed 1.8507754802703857 -- emperical power so far (from test_start): 0.1056338028169014
db insert success
tensor(0.0301, device='cuda:0')
(143, 3, 0, 1, 500, 'elltwo', 'bitflip', 0.03008270263671875, 0.007000000216066837, 1.812838077545166, '2024-07-14 22:10:54', 4)
pval: [0.007] -- 143th test, time elapsed 1.812838077545166 -- emperical power so far (from test_start): 0.11188811188811189
db insert success
tensor(-0.0130, device='cuda:0')
(144, 3, 0, 1, 500, 'elltwo', 'bitflip', -0.012968063354492188, 0.8850000500679016, 1.818272352218628, '2024-07-14 22:11:12', 4)
pval: [0.88500005] -- 144th test, time elapsed 1.818272352218628 -- emperical power so far (from test_start): 0.1111111111111111
db insert success
tensor(-0.0001, device='cuda:0')
(145, 3, 0, 1, 500, 'elltwo', 'bitflip', -0.00014495849609375, 0.5020000338554382, 1.8339076042175293, '2024-07-14 22:11:27', 4)
pval: [0.50200003] -- 145th test, time elapsed 1.8339076042175293 -- emperical power so far (from test_start): 0.1103448275862069
db insert success
tensor(-0.0005, device='cuda:0')
(146, 3, 0, 1, 500, 'elltwo', 'bitflip', -0.0004825592041015625, 0.49400001764297485, 1.8416457176208496, '2024-07-14 22:11:30', 4)
pval: [0.49400002] -- 146th test, time elapsed 1.8416457176208496 -- emperical power so far (from test_start): 0.1095890410958904
db insert success
tensor(0.0340, device='cuda:0')
(147, 3, 0, 1, 500, 'elltwo', 'bitflip', 0.0340118408203125, 0.003000000026077032, 1.8323192596435547, '2024-07-14 22:11:34', 4)
pval: [0.003] -- 147th test, time elapsed 1.8323192596435547 -- emperical power so far (from test_start): 0.11564625850340136
db insert success
tensor(0.0226, device='cuda:0')
(148, 3, 0, 1, 500, 'elltwo', 'bitflip', 0.022556304931640625, 0.01900000125169754, 1.839526653289795, '2024-07-14 22:11:47', 4)
pval: [0.019] -- 148th test, time elapsed 1.839526653289795 -- emperical power so far (from test_start): 0.12162162162162163
db insert success
tensor(0.0025, device='cuda:0')
(149, 3, 0, 1, 500, 'elltwo', 'bitflip', 0.0024585723876953125, 0.39100003242492676, 1.8212482929229736, '2024-07-14 22:12:05', 4)
pval: [0.39100003] -- 149th test, time elapsed 1.8212482929229736 -- emperical power so far (from test_start): 0.12080536912751678
db insert success
tensor(0.0086, device='cuda:0')
(150, 3, 0, 1, 500, 'elltwo', 'bitflip', 0.008594512939453125, 0.24300001561641693, 1.8141295909881592, '2024-07-14 22:12:21', 4)
pval: [0.24300002] -- 150th test, time elapsed 1.8141295909881592 -- emperical power so far (from test_start): 0.12
db insert success
tensor(0.0039, device='cuda:0')
(151, 3, 0, 1, 500, 'elltwo', 'bitflip', 0.0039386749267578125, 0.34700000286102295, 1.8155710697174072, '2024-07-14 22:12:39', 4)
pval: [0.347] -- 151th test, time elapsed 1.8155710697174072 -- emperical power so far (from test_start): 0.11920529801324503
db insert success
tensor(0.0032, device='cuda:0')
(152, 3, 0, 1, 500, 'elltwo', 'bitflip', 0.0031795501708984375, 0.35500001907348633, 1.8125643730163574, '2024-07-14 22:12:57', 4)
pval: [0.35500002] -- 152th test, time elapsed 1.8125643730163574 -- emperical power so far (from test_start): 0.11842105263157894
db insert success
tensor(0.0123, device='cuda:0')
(153, 3, 0, 1, 500, 'elltwo', 'bitflip', 0.012319564819335938, 0.12600000202655792, 1.8185372352600098, '2024-07-14 22:13:05', 4)
pval: [0.126] -- 153th test, time elapsed 1.8185372352600098 -- emperical power so far (from test_start): 0.11764705882352941
db insert success
tensor(-0.0115, device='cuda:0')
(154, 3, 0, 1, 500, 'elltwo', 'bitflip', -0.011465072631835938, 0.8690000176429749, 1.8159663677215576, '2024-07-14 22:13:24', 4)
pval: [0.86900002] -- 154th test, time elapsed 1.8159663677215576 -- emperical power so far (from test_start): 0.11688311688311688
db insert success
tensor(0.0030, device='cuda:0')
(155, 3, 0, 1, 500, 'elltwo', 'bitflip', 0.002971649169921875, 0.3530000150203705, 1.8189830780029297, '2024-07-14 22:13:28', 4)
pval: [0.35300002] -- 155th test, time elapsed 1.8189830780029297 -- emperical power so far (from test_start): 0.11612903225806452
db insert success
tensor(-0.0114, device='cuda:0')
(156, 3, 0, 1, 500, 'elltwo', 'bitflip', -0.011411666870117188, 0.8510000109672546, 1.8104205131530762, '2024-07-14 22:13:46', 4)
pval: [0.85100001] -- 156th test, time elapsed 1.8104205131530762 -- emperical power so far (from test_start): 0.11538461538461539
db insert success
tensor(-0.0022, device='cuda:0')
(157, 3, 0, 1, 500, 'elltwo', 'bitflip', -0.0022144317626953125, 0.5720000267028809, 1.8177497386932373, '2024-07-14 22:13:53', 4)
pval: [0.57200003] -- 157th test, time elapsed 1.8177497386932373 -- emperical power so far (from test_start): 0.11464968152866242
db insert success
tensor(0.0025, device='cuda:0')
(158, 3, 0, 1, 500, 'elltwo', 'bitflip', 0.00247955322265625, 0.38200002908706665, 1.8114922046661377, '2024-07-14 22:14:08', 4)
pval: [0.38200003] -- 158th test, time elapsed 1.8114922046661377 -- emperical power so far (from test_start): 0.11392405063291139
db insert success
tensor(-0.0013, device='cuda:0')
(159, 3, 0, 1, 500, 'elltwo', 'bitflip', -0.0012569427490234375, 0.49400001764297485, 1.8072149753570557, '2024-07-14 22:14:17', 4)
pval: [0.49400002] -- 159th test, time elapsed 1.8072149753570557 -- emperical power so far (from test_start): 0.11320754716981132
db insert success
tensor(0.0083, device='cuda:0')
(160, 3, 0, 1, 500, 'elltwo', 'bitflip', 0.008342742919921875, 0.22800001502037048, 1.81032395362854, '2024-07-14 22:14:31', 4)
pval: [0.22800002] -- 160th test, time elapsed 1.81032395362854 -- emperical power so far (from test_start): 0.1125
db insert success
tensor(0.0091, device='cuda:0')
(161, 3, 0, 1, 500, 'elltwo', 'bitflip', 0.009126663208007812, 0.19300000369548798, 1.8099677562713623, '2024-07-14 22:14:45', 4)
pval: [0.193] -- 161th test, time elapsed 1.8099677562713623 -- emperical power so far (from test_start): 0.11180124223602485
db insert success
tensor(-0.0101, device='cuda:0')
(162, 3, 0, 1, 500, 'elltwo', 'bitflip', -0.01006317138671875, 0.8450000286102295, 1.8300695419311523, '2024-07-14 22:14:50', 4)
pval: [0.84500003] -- 162th test, time elapsed 1.8300695419311523 -- emperical power so far (from test_start): 0.1111111111111111
db insert success
tensor(0.0013, device='cuda:0')
(163, 3, 0, 1, 500, 'elltwo', 'bitflip', 0.00130462646484375, 0.4140000343322754, 1.8222682476043701, '2024-07-14 22:15:02', 4)
pval: [0.41400003] -- 163th test, time elapsed 1.8222682476043701 -- emperical power so far (from test_start): 0.11042944785276074
db insert success
tensor(0.0079, device='cuda:0')
(164, 3, 0, 1, 500, 'elltwo', 'bitflip', 0.00792694091796875, 0.1940000057220459, 1.8107430934906006, '2024-07-14 22:15:08', 4)
pval: [0.19400001] -- 164th test, time elapsed 1.8107430934906006 -- emperical power so far (from test_start): 0.10975609756097561
db insert success
tensor(0.0131, device='cuda:0')
(165, 3, 0, 1, 500, 'elltwo', 'bitflip', 0.01308441162109375, 0.11600000411272049, 1.8303306102752686, '2024-07-14 22:15:19', 4)
pval: [0.116] -- 165th test, time elapsed 1.8303306102752686 -- emperical power so far (from test_start): 0.10909090909090909
db insert success
tensor(0.0230, device='cuda:0')
(166, 3, 0, 1, 500, 'elltwo', 'bitflip', 0.022960662841796875, 0.027000000700354576, 1.8107190132141113, '2024-07-14 22:15:39', 4)
pval: [0.027] -- 166th test, time elapsed 1.8107190132141113 -- emperical power so far (from test_start): 0.1144578313253012
db insert success
tensor(-0.0036, device='cuda:0')
(167, 3, 0, 1, 500, 'elltwo', 'bitflip', -0.0036296844482421875, 0.6180000305175781, 1.8118531703948975, '2024-07-14 22:15:53', 4)
pval: [0.61800003] -- 167th test, time elapsed 1.8118531703948975 -- emperical power so far (from test_start): 0.11377245508982035
db insert success
tensor(0.0026, device='cuda:0')
(168, 3, 0, 1, 500, 'elltwo', 'bitflip', 0.0026264190673828125, 0.367000013589859, 1.8068006038665771, '2024-07-14 22:15:56', 4)
pval: [0.36700001] -- 168th test, time elapsed 1.8068006038665771 -- emperical power so far (from test_start): 0.1130952380952381
db insert success
tensor(0.0208, device='cuda:0')
(169, 3, 0, 1, 500, 'elltwo', 'bitflip', 0.020792007446289062, 0.05100000277161598, 1.8315448760986328, '2024-07-14 22:15:58', 4)
pval: [0.051] -- 169th test, time elapsed 1.8315448760986328 -- emperical power so far (from test_start): 0.11242603550295859
db insert success
tensor(0.0168, device='cuda:0')
(170, 3, 0, 1, 500, 'elltwo', 'bitflip', 0.016782760620117188, 0.06300000101327896, 1.827310562133789, '2024-07-14 22:16:18', 4)
pval: [0.063] -- 170th test, time elapsed 1.827310562133789 -- emperical power so far (from test_start): 0.11176470588235295
db insert success
tensor(0.0079, device='cuda:0')
(171, 3, 0, 1, 500, 'elltwo', 'bitflip', 0.00788116455078125, 0.24000000953674316, 1.8157343864440918, '2024-07-14 22:16:22', 4)
pval: [0.24000001] -- 171th test, time elapsed 1.8157343864440918 -- emperical power so far (from test_start): 0.1111111111111111
db insert success
tensor(0.0040, device='cuda:0')
(172, 3, 0, 1, 500, 'elltwo', 'bitflip', 0.0040435791015625, 0.3320000171661377, 1.8168792724609375, '2024-07-14 22:16:26', 4)
pval: [0.33200002] -- 172th test, time elapsed 1.8168792724609375 -- emperical power so far (from test_start): 0.11046511627906977
db insert success
tensor(0.0080, device='cuda:0')
(173, 3, 0, 1, 500, 'elltwo', 'bitflip', 0.008007049560546875, 0.2110000103712082, 1.8122282028198242, '2024-07-14 22:16:32', 4)
pval: [0.21100001] -- 173th test, time elapsed 1.8122282028198242 -- emperical power so far (from test_start): 0.10982658959537572
db insert success
tensor(0.0021, device='cuda:0')
(174, 3, 0, 1, 500, 'elltwo', 'bitflip', 0.002086639404296875, 0.41700002551078796, 1.8161649703979492, '2024-07-14 22:16:37', 4)
pval: [0.41700003] -- 174th test, time elapsed 1.8161649703979492 -- emperical power so far (from test_start): 0.10919540229885058
db insert success
tensor(0.0122, device='cuda:0')
(175, 3, 0, 1, 500, 'elltwo', 'bitflip', 0.012241363525390625, 0.11600000411272049, 1.8348314762115479, '2024-07-14 22:16:56', 4)
pval: [0.116] -- 175th test, time elapsed 1.8348314762115479 -- emperical power so far (from test_start): 0.10857142857142857
db insert success
tensor(0.0240, device='cuda:0')
(176, 3, 0, 1, 500, 'elltwo', 'bitflip', 0.0239715576171875, 0.017000000923871994, 1.8193039894104004, '2024-07-14 22:17:18', 4)
pval: [0.017] -- 176th test, time elapsed 1.8193039894104004 -- emperical power so far (from test_start): 0.11363636363636363
db insert success
tensor(0.0305, device='cuda:0')
(177, 3, 0, 1, 500, 'elltwo', 'bitflip', 0.030546188354492188, 0.004000000189989805, 1.8051855564117432, '2024-07-14 22:17:34', 4)
pval: [0.004] -- 177th test, time elapsed 1.8051855564117432 -- emperical power so far (from test_start): 0.11864406779661017
db insert success
tensor(0.0192, device='cuda:0')
(178, 3, 0, 1, 500, 'elltwo', 'bitflip', 0.019229888916015625, 0.05000000074505806, 1.819383144378662, '2024-07-14 22:17:53', 4)
pval: [0.05] -- 178th test, time elapsed 1.819383144378662 -- emperical power so far (from test_start): 0.11797752808988764
db insert success
tensor(0.0179, device='cuda:0')
(179, 3, 0, 1, 500, 'elltwo', 'bitflip', 0.017892837524414062, 0.05400000140070915, 1.8286128044128418, '2024-07-14 22:18:08', 4)
pval: [0.054] -- 179th test, time elapsed 1.8286128044128418 -- emperical power so far (from test_start): 0.11731843575418995
db insert success
tensor(0.0097, device='cuda:0')
(180, 3, 0, 1, 500, 'elltwo', 'bitflip', 0.009702682495117188, 0.17500001192092896, 1.819718360900879, '2024-07-14 22:18:26', 4)
pval: [0.17500001] -- 180th test, time elapsed 1.819718360900879 -- emperical power so far (from test_start): 0.11666666666666667
db insert success
tensor(0.0061, device='cuda:0')
(181, 3, 0, 1, 500, 'elltwo', 'bitflip', 0.006099700927734375, 0.2590000033378601, 1.8313825130462646, '2024-07-14 22:18:40', 4)
pval: [0.259] -- 181th test, time elapsed 1.8313825130462646 -- emperical power so far (from test_start): 0.11602209944751381
db insert success
tensor(0.0020, device='cuda:0')
(182, 3, 0, 1, 500, 'elltwo', 'bitflip', 0.00202178955078125, 0.4020000100135803, 1.843522548675537, '2024-07-14 22:18:55', 4)
pval: [0.40200001] -- 182th test, time elapsed 1.843522548675537 -- emperical power so far (from test_start): 0.11538461538461539
db insert success
tensor(-0.0141, device='cuda:0')
(183, 3, 0, 1, 500, 'elltwo', 'bitflip', -0.014085769653320312, 0.9240000247955322, 1.8421170711517334, '2024-07-14 22:19:01', 4)
pval: [0.92400002] -- 183th test, time elapsed 1.8421170711517334 -- emperical power so far (from test_start): 0.11475409836065574
db insert success
tensor(-0.0090, device='cuda:0')
(184, 3, 0, 1, 500, 'elltwo', 'bitflip', -0.008958816528320312, 0.8070000410079956, 1.8283846378326416, '2024-07-14 22:19:06', 4)
pval: [0.80700004] -- 184th test, time elapsed 1.8283846378326416 -- emperical power so far (from test_start): 0.11413043478260869
db insert success
tensor(0.0004, device='cuda:0')
(185, 3, 0, 1, 500, 'elltwo', 'bitflip', 0.00037384033203125, 0.48000001907348633, 1.8112845420837402, '2024-07-14 22:19:10', 4)
pval: [0.48000002] -- 185th test, time elapsed 1.8112845420837402 -- emperical power so far (from test_start): 0.11351351351351352
db insert success
tensor(0.0155, device='cuda:0')
(186, 3, 0, 1, 500, 'elltwo', 'bitflip', 0.015501022338867188, 0.08100000023841858, 1.823495864868164, '2024-07-14 22:19:20', 4)
pval: [0.081] -- 186th test, time elapsed 1.823495864868164 -- emperical power so far (from test_start): 0.11290322580645161
db insert success
tensor(-0.0035, device='cuda:0')
(187, 3, 0, 1, 500, 'elltwo', 'bitflip', -0.003467559814453125, 0.6350000500679016, 1.8167493343353271, '2024-07-14 22:19:29', 4)
pval: [0.63500005] -- 187th test, time elapsed 1.8167493343353271 -- emperical power so far (from test_start): 0.11229946524064172
db insert success
tensor(0.0185, device='cuda:0')
(188, 3, 0, 1, 500, 'elltwo', 'bitflip', 0.018461227416992188, 0.052000001072883606, 1.826122522354126, '2024-07-14 22:19:44', 4)
pval: [0.052] -- 188th test, time elapsed 1.826122522354126 -- emperical power so far (from test_start): 0.11170212765957446
db insert success
tensor(-0.0131, device='cuda:0')
(189, 3, 0, 1, 500, 'elltwo', 'bitflip', -0.013109207153320312, 0.9050000309944153, 1.8190460205078125, '2024-07-14 22:19:46', 4)
pval: [0.90500003] -- 189th test, time elapsed 1.8190460205078125 -- emperical power so far (from test_start): 0.1111111111111111
db insert success
tensor(-0.0026, device='cuda:0')
(190, 3, 0, 1, 500, 'elltwo', 'bitflip', -0.002643585205078125, 0.5690000057220459, 1.8081462383270264, '2024-07-14 22:19:54', 4)
pval: [0.56900001] -- 190th test, time elapsed 1.8081462383270264 -- emperical power so far (from test_start): 0.11052631578947368
db insert success
tensor(0.0330, device='cuda:0')
(191, 3, 0, 1, 500, 'elltwo', 'bitflip', 0.03301429748535156, 0.006000000052154064, 1.8235960006713867, '2024-07-14 22:19:57', 4)
pval: [0.006] -- 191th test, time elapsed 1.8235960006713867 -- emperical power so far (from test_start): 0.11518324607329843
db insert success
tensor(0.0114, device='cuda:0')
(192, 3, 0, 1, 500, 'elltwo', 'bitflip', 0.011392593383789062, 0.15800000727176666, 1.8223047256469727, '2024-07-14 22:20:17', 4)
pval: [0.15800001] -- 192th test, time elapsed 1.8223047256469727 -- emperical power so far (from test_start): 0.11458333333333333
db insert success
tensor(0.0185, device='cuda:0')
(193, 3, 0, 1, 500, 'elltwo', 'bitflip', 0.018510818481445312, 0.05300000309944153, 1.8093392848968506, '2024-07-14 22:20:22', 4)
pval: [0.053] -- 193th test, time elapsed 1.8093392848968506 -- emperical power so far (from test_start): 0.11398963730569948
db insert success
tensor(0.0317, device='cuda:0')
(194, 3, 0, 1, 500, 'elltwo', 'bitflip', 0.03166770935058594, 0.005000000353902578, 1.8139877319335938, '2024-07-14 22:20:34', 4)
pval: [0.005] -- 194th test, time elapsed 1.8139877319335938 -- emperical power so far (from test_start): 0.11855670103092783
db insert success
tensor(0.0067, device='cuda:0')
(195, 3, 0, 1, 500, 'elltwo', 'bitflip', 0.006744384765625, 0.24000000953674316, 1.8073880672454834, '2024-07-14 22:20:42', 4)
pval: [0.24000001] -- 195th test, time elapsed 1.8073880672454834 -- emperical power so far (from test_start): 0.11794871794871795
db insert success
tensor(-0.0079, device='cuda:0')
(196, 3, 0, 1, 500, 'elltwo', 'bitflip', -0.007871627807617188, 0.7620000243186951, 1.8050804138183594, '2024-07-14 22:21:03', 4)
pval: [0.76200002] -- 196th test, time elapsed 1.8050804138183594 -- emperical power so far (from test_start): 0.11734693877551021
db insert success
tensor(-0.0183, device='cuda:0')
(197, 3, 0, 1, 500, 'elltwo', 'bitflip', -0.018301010131835938, 0.9700000286102295, 1.8057386875152588, '2024-07-14 22:21:20', 4)
pval: [0.97000003] -- 197th test, time elapsed 1.8057386875152588 -- emperical power so far (from test_start): 0.116751269035533
db insert success
tensor(0.0031, device='cuda:0')
(198, 3, 0, 1, 500, 'elltwo', 'bitflip', 0.0031337738037109375, 0.3710000216960907, 1.820244550704956, '2024-07-14 22:21:25', 4)
pval: [0.37100002] -- 198th test, time elapsed 1.820244550704956 -- emperical power so far (from test_start): 0.11616161616161616
db insert success
tensor(0.0007, device='cuda:0')
(199, 3, 0, 1, 500, 'elltwo', 'bitflip', 0.0007190704345703125, 0.4520000219345093, 1.8054418563842773, '2024-07-14 22:21:42', 4)
pval: [0.45200002] -- 199th test, time elapsed 1.8054418563842773 -- emperical power so far (from test_start): 0.11557788944723618
db insert success
tensor(0.0127, device='cuda:0')
(200, 3, 0, 1, 500, 'elltwo', 'bitflip', 0.01268768310546875, 0.11400000751018524, 1.816202163696289, '2024-07-14 22:21:54', 4)
pval: [0.11400001] -- 200th test, time elapsed 1.816202163696289 -- emperical power so far (from test_start): 0.115
db insert success
2368.2826182842255
