genrrelltwo, alpha=1, sample size=7500
#########################################
tensor(3.9048e-05, device='cuda:0')
(1, 3, 0, 1, 7500, 'elltwo', 'genrr', 3.904849290847778e-05, 0.19100001454353333, 3.427125930786133, '2024-07-14 21:57:07', 4)
pval: [0.19100001] -- 1th test, time elapsed 3.427125930786133 -- emperical power so far (from test_start): 0.0
db insert success
tensor(-6.4675e-05, device='cuda:0')
(2, 3, 0, 1, 7500, 'elltwo', 'genrr', -6.467476487159729e-05, 0.9140000343322754, 3.1733133792877197, '2024-07-14 21:57:16', 4)
pval: [0.91400003] -- 2th test, time elapsed 3.1733133792877197 -- emperical power so far (from test_start): 0.0
db insert success
tensor(3.6009e-05, device='cuda:0')
(3, 3, 0, 1, 7500, 'elltwo', 'genrr', 3.600865602493286e-05, 0.1940000057220459, 3.16892409324646, '2024-07-14 21:57:22', 4)
pval: [0.19400001] -- 3th test, time elapsed 3.16892409324646 -- emperical power so far (from test_start): 0.0
db insert success
tensor(6.6720e-05, device='cuda:0')
(4, 3, 0, 1, 7500, 'elltwo', 'genrr', 6.671994924545288e-05, 0.0820000022649765, 3.161808490753174, '2024-07-14 21:57:44', 4)
pval: [0.082] -- 4th test, time elapsed 3.161808490753174 -- emperical power so far (from test_start): 0.0
db insert success
tensor(1.3016e-05, device='cuda:0')
(5, 3, 0, 1, 7500, 'elltwo', 'genrr', 1.3016164302825928e-05, 0.38200002908706665, 3.1638600826263428, '2024-07-14 21:57:48', 4)
pval: [0.38200003] -- 5th test, time elapsed 3.1638600826263428 -- emperical power so far (from test_start): 0.0
db insert success
tensor(2.5444e-06, device='cuda:0')
(6, 3, 0, 1, 7500, 'elltwo', 'genrr', 2.5443732738494873e-06, 0.45600003004074097, 3.1490747928619385, '2024-07-14 21:57:54', 4)
pval: [0.45600003] -- 6th test, time elapsed 3.1490747928619385 -- emperical power so far (from test_start): 0.0
db insert success
tensor(-1.9439e-05, device='cuda:0')
(7, 3, 0, 1, 7500, 'elltwo', 'genrr', -1.9438564777374268e-05, 0.6320000290870667, 3.1505517959594727, '2024-07-14 21:57:59', 4)
pval: [0.63200003] -- 7th test, time elapsed 3.1505517959594727 -- emperical power so far (from test_start): 0.0
db insert success
tensor(3.3772e-05, device='cuda:0')
(8, 3, 0, 1, 7500, 'elltwo', 'genrr', 3.377161920070648e-05, 0.2200000137090683, 3.150967836380005, '2024-07-14 21:58:18', 4)
pval: [0.22000001] -- 8th test, time elapsed 3.150967836380005 -- emperical power so far (from test_start): 0.0
db insert success
tensor(4.6723e-05, device='cuda:0')
(9, 3, 0, 1, 7500, 'elltwo', 'genrr', 4.6722590923309326e-05, 0.14600001275539398, 3.1503536701202393, '2024-07-14 21:58:29', 4)
pval: [0.14600001] -- 9th test, time elapsed 3.1503536701202393 -- emperical power so far (from test_start): 0.0
db insert success
tensor(-1.6421e-05, device='cuda:0')
(10, 3, 0, 1, 7500, 'elltwo', 'genrr', -1.6421079635620117e-05, 0.64000004529953, 3.1490516662597656, '2024-07-14 21:58:41', 4)
pval: [0.64000005] -- 10th test, time elapsed 3.1490516662597656 -- emperical power so far (from test_start): 0.0
db insert success
tensor(8.7284e-05, device='cuda:0')
(11, 3, 0, 1, 7500, 'elltwo', 'genrr', 8.728355169296265e-05, 0.036000002175569534, 3.1493051052093506, '2024-07-14 21:58:53', 4)
pval: [0.036] -- 11th test, time elapsed 3.1493051052093506 -- emperical power so far (from test_start): 0.09090909090909091
db insert success
tensor(1.5832e-05, device='cuda:0')
(12, 3, 0, 1, 7500, 'elltwo', 'genrr', 1.5832483768463135e-05, 0.3330000042915344, 3.147444725036621, '2024-07-14 21:59:08', 4)
pval: [0.333] -- 12th test, time elapsed 3.147444725036621 -- emperical power so far (from test_start): 0.08333333333333333
db insert success
tensor(6.1188e-05, device='cuda:0')
(13, 3, 0, 1, 7500, 'elltwo', 'genrr', 6.118789315223694e-05, 0.07500000298023224, 3.149259567260742, '2024-07-14 21:59:26', 4)
pval: [0.075] -- 13th test, time elapsed 3.149259567260742 -- emperical power so far (from test_start): 0.07692307692307693
db insert success
tensor(5.3737e-06, device='cuda:0')
(14, 3, 0, 1, 7500, 'elltwo', 'genrr', 5.373731255531311e-06, 0.42500001192092896, 3.14795184135437, '2024-07-14 21:59:32', 4)
pval: [0.42500001] -- 14th test, time elapsed 3.14795184135437 -- emperical power so far (from test_start): 0.07142857142857142
db insert success
tensor(8.3707e-06, device='cuda:0')
(15, 3, 0, 1, 7500, 'elltwo', 'genrr', 8.370727300643921e-06, 0.3930000066757202, 3.149040937423706, '2024-07-14 21:59:36', 4)
pval: [0.39300001] -- 15th test, time elapsed 3.149040937423706 -- emperical power so far (from test_start): 0.06666666666666667
db insert success
tensor(5.2150e-05, device='cuda:0')
(16, 3, 0, 1, 7500, 'elltwo', 'genrr', 5.2150338888168335e-05, 0.14800000190734863, 3.1480188369750977, '2024-07-14 21:59:46', 4)
pval: [0.148] -- 16th test, time elapsed 3.1480188369750977 -- emperical power so far (from test_start): 0.0625
db insert success
tensor(0.0001, device='cuda:0')
(17, 3, 0, 1, 7500, 'elltwo', 'genrr', 0.00011789798736572266, 0.017000000923871994, 3.1500720977783203, '2024-07-14 21:59:57', 4)
pval: [0.017] -- 17th test, time elapsed 3.1500720977783203 -- emperical power so far (from test_start): 0.11764705882352941
db insert success
tensor(-3.9801e-05, device='cuda:0')
(18, 3, 0, 1, 7500, 'elltwo', 'genrr', -3.980100154876709e-05, 0.796000063419342, 3.1537725925445557, '2024-07-14 22:00:17', 4)
pval: [0.79600006] -- 18th test, time elapsed 3.1537725925445557 -- emperical power so far (from test_start): 0.1111111111111111
db insert success
tensor(7.3506e-05, device='cuda:0')
(19, 3, 0, 1, 7500, 'elltwo', 'genrr', 7.350556552410126e-05, 0.049000002443790436, 3.149242639541626, '2024-07-14 22:00:23', 4)
pval: [0.049] -- 19th test, time elapsed 3.149242639541626 -- emperical power so far (from test_start): 0.15789473684210525
db insert success
tensor(6.0137e-05, device='cuda:0')
(20, 3, 0, 1, 7500, 'elltwo', 'genrr', 6.013736128807068e-05, 0.11700000613927841, 3.153139114379883, '2024-07-14 22:00:31', 4)
pval: [0.11700001] -- 20th test, time elapsed 3.153139114379883 -- emperical power so far (from test_start): 0.15
db insert success
tensor(0.0002, device='cuda:0')
(21, 3, 0, 1, 7500, 'elltwo', 'genrr', 0.00016968697309494019, 0.0020000000949949026, 3.149857997894287, '2024-07-14 22:00:37', 4)
pval: [0.002] -- 21th test, time elapsed 3.149857997894287 -- emperical power so far (from test_start): 0.19047619047619047
db insert success
tensor(8.7986e-05, device='cuda:0')
(22, 3, 0, 1, 7500, 'elltwo', 'genrr', 8.798576891422272e-05, 0.03800000250339508, 3.1507277488708496, '2024-07-14 22:00:44', 4)
pval: [0.038] -- 22th test, time elapsed 3.1507277488708496 -- emperical power so far (from test_start): 0.22727272727272727
db insert success
tensor(2.7522e-05, device='cuda:0')
(23, 3, 0, 1, 7500, 'elltwo', 'genrr', 2.752244472503662e-05, 0.2630000114440918, 3.147820472717285, '2024-07-14 22:00:54', 4)
pval: [0.26300001] -- 23th test, time elapsed 3.147820472717285 -- emperical power so far (from test_start): 0.21739130434782608
db insert success
tensor(5.3674e-05, device='cuda:0')
(24, 3, 0, 1, 7500, 'elltwo', 'genrr', 5.367398262023926e-05, 0.13700000941753387, 3.1534838676452637, '2024-07-14 22:01:17', 4)
pval: [0.13700001] -- 24th test, time elapsed 3.1534838676452637 -- emperical power so far (from test_start): 0.20833333333333334
db insert success
tensor(9.1765e-05, device='cuda:0')
(25, 3, 0, 1, 7500, 'elltwo', 'genrr', 9.176507592201233e-05, 0.03400000184774399, 3.1488559246063232, '2024-07-14 22:01:34', 4)
pval: [0.034] -- 25th test, time elapsed 3.1488559246063232 -- emperical power so far (from test_start): 0.24
db insert success
tensor(7.0604e-05, device='cuda:0')
(26, 3, 0, 1, 7500, 'elltwo', 'genrr', 7.060356438159943e-05, 0.07000000029802322, 3.1511175632476807, '2024-07-14 22:01:43', 4)
pval: [0.07] -- 26th test, time elapsed 3.1511175632476807 -- emperical power so far (from test_start): 0.23076923076923078
db insert success
tensor(4.2468e-07, device='cuda:0')
(27, 3, 0, 1, 7500, 'elltwo', 'genrr', 4.246830940246582e-07, 0.46400001645088196, 3.1502678394317627, '2024-07-14 22:02:01', 4)
pval: [0.46400002] -- 27th test, time elapsed 3.1502678394317627 -- emperical power so far (from test_start): 0.2222222222222222
db insert success
tensor(-5.5484e-05, device='cuda:0')
(28, 3, 0, 1, 7500, 'elltwo', 'genrr', -5.548447370529175e-05, 0.8850000500679016, 3.148571491241455, '2024-07-14 22:02:19', 4)
pval: [0.88500005] -- 28th test, time elapsed 3.148571491241455 -- emperical power so far (from test_start): 0.21428571428571427
db insert success
tensor(4.4629e-05, device='cuda:0')
(29, 3, 0, 1, 7500, 'elltwo', 'genrr', 4.462897777557373e-05, 0.17100000381469727, 3.1476998329162598, '2024-07-14 22:02:34', 4)
pval: [0.171] -- 29th test, time elapsed 3.1476998329162598 -- emperical power so far (from test_start): 0.20689655172413793
db insert success
tensor(9.4511e-06, device='cuda:0')
(30, 3, 0, 1, 7500, 'elltwo', 'genrr', 9.451061487197876e-06, 0.42000001668930054, 3.1496944427490234, '2024-07-14 22:02:52', 4)
pval: [0.42000002] -- 30th test, time elapsed 3.1496944427490234 -- emperical power so far (from test_start): 0.2
db insert success
tensor(0.0001, device='cuda:0')
(31, 3, 0, 1, 7500, 'elltwo', 'genrr', 0.0001230873167514801, 0.004000000189989805, 3.146352767944336, '2024-07-14 22:02:59', 4)
pval: [0.004] -- 31th test, time elapsed 3.146352767944336 -- emperical power so far (from test_start): 0.22580645161290322
db insert success
tensor(1.3981e-05, device='cuda:0')
(32, 3, 0, 1, 7500, 'elltwo', 'genrr', 1.3981014490127563e-05, 0.3800000250339508, 3.1474449634552, '2024-07-14 22:03:16', 4)
pval: [0.38000003] -- 32th test, time elapsed 3.1474449634552 -- emperical power so far (from test_start): 0.21875
db insert success
tensor(3.6567e-05, device='cuda:0')
(33, 3, 0, 1, 7500, 'elltwo', 'genrr', 3.656744956970215e-05, 0.21300001442432404, 3.1501922607421875, '2024-07-14 22:03:34', 4)
pval: [0.21300001] -- 33th test, time elapsed 3.1501922607421875 -- emperical power so far (from test_start): 0.21212121212121213
db insert success
tensor(5.5313e-05, device='cuda:0')
(34, 3, 0, 1, 7500, 'elltwo', 'genrr', 5.53131103515625e-05, 0.11800000816583633, 3.1455068588256836, '2024-07-14 22:03:44', 4)
pval: [0.11800001] -- 34th test, time elapsed 3.1455068588256836 -- emperical power so far (from test_start): 0.20588235294117646
db insert success
tensor(3.8460e-05, device='cuda:0')
(35, 3, 0, 1, 7500, 'elltwo', 'genrr', 3.84598970413208e-05, 0.2160000056028366, 3.1528396606445312, '2024-07-14 22:03:59', 4)
pval: [0.21600001] -- 35th test, time elapsed 3.1528396606445312 -- emperical power so far (from test_start): 0.2
db insert success
tensor(4.2837e-05, device='cuda:0')
(36, 3, 0, 1, 7500, 'elltwo', 'genrr', 4.283711314201355e-05, 0.18300001323223114, 3.143076181411743, '2024-07-14 22:04:20', 4)
pval: [0.18300001] -- 36th test, time elapsed 3.143076181411743 -- emperical power so far (from test_start): 0.19444444444444445
db insert success
tensor(7.4092e-05, device='cuda:0')
(37, 3, 0, 1, 7500, 'elltwo', 'genrr', 7.409229874610901e-05, 0.07300000637769699, 3.1466729640960693, '2024-07-14 22:04:32', 4)
pval: [0.07300001] -- 37th test, time elapsed 3.1466729640960693 -- emperical power so far (from test_start): 0.1891891891891892
db insert success
tensor(0.0002, device='cuda:0')
(38, 3, 0, 1, 7500, 'elltwo', 'genrr', 0.0001554824411869049, 0.003000000026077032, 3.145663022994995, '2024-07-14 22:04:52', 4)
pval: [0.003] -- 38th test, time elapsed 3.145663022994995 -- emperical power so far (from test_start): 0.21052631578947367
db insert success
tensor(0.0001, device='cuda:0')
(39, 3, 0, 1, 7500, 'elltwo', 'genrr', 0.00012480653822422028, 0.01100000087171793, 3.148569345474243, '2024-07-14 22:05:09', 4)
pval: [0.011] -- 39th test, time elapsed 3.148569345474243 -- emperical power so far (from test_start): 0.23076923076923078
db insert success
tensor(0.0002, device='cuda:0')
(40, 3, 0, 1, 7500, 'elltwo', 'genrr', 0.00016748346388339996, 0.0010000000474974513, 3.150468587875366, '2024-07-14 22:05:16', 4)
pval: [0.001] -- 40th test, time elapsed 3.150468587875366 -- emperical power so far (from test_start): 0.25
db insert success
tensor(7.3355e-05, device='cuda:0')
(41, 3, 0, 1, 7500, 'elltwo', 'genrr', 7.335469126701355e-05, 0.07300000637769699, 3.1462314128875732, '2024-07-14 22:05:36', 4)
pval: [0.07300001] -- 41th test, time elapsed 3.1462314128875732 -- emperical power so far (from test_start): 0.24390243902439024
db insert success
tensor(3.2179e-05, device='cuda:0')
(42, 3, 0, 1, 7500, 'elltwo', 'genrr', 3.2179057598114014e-05, 0.25600001215934753, 3.147202491760254, '2024-07-14 22:05:59', 4)
pval: [0.25600001] -- 42th test, time elapsed 3.147202491760254 -- emperical power so far (from test_start): 0.23809523809523808
db insert success
tensor(4.2764e-05, device='cuda:0')
(43, 3, 0, 1, 7500, 'elltwo', 'genrr', 4.276446998119354e-05, 0.16700001060962677, 3.148381471633911, '2024-07-14 22:06:11', 4)
pval: [0.16700001] -- 43th test, time elapsed 3.148381471633911 -- emperical power so far (from test_start): 0.23255813953488372
db insert success
tensor(-3.7052e-05, device='cuda:0')
(44, 3, 0, 1, 7500, 'elltwo', 'genrr', -3.70517373085022e-05, 0.7830000519752502, 3.146132707595825, '2024-07-14 22:06:17', 4)
pval: [0.78300005] -- 44th test, time elapsed 3.146132707595825 -- emperical power so far (from test_start): 0.22727272727272727
db insert success
tensor(-1.2625e-05, device='cuda:0')
(45, 3, 0, 1, 7500, 'elltwo', 'genrr', -1.2625008821487427e-05, 0.5800000429153442, 3.14811110496521, '2024-07-14 22:06:29', 4)
pval: [0.58000004] -- 45th test, time elapsed 3.14811110496521 -- emperical power so far (from test_start): 0.2222222222222222
db insert success
tensor(0.0001, device='cuda:0')
(46, 3, 0, 1, 7500, 'elltwo', 'genrr', 0.00012176483869552612, 0.01100000087171793, 3.1486475467681885, '2024-07-14 22:06:36', 4)
pval: [0.011] -- 46th test, time elapsed 3.1486475467681885 -- emperical power so far (from test_start): 0.2391304347826087
db insert success
tensor(4.9174e-07, device='cuda:0')
(47, 3, 0, 1, 7500, 'elltwo', 'genrr', 4.917383193969727e-07, 0.4740000367164612, 3.1480414867401123, '2024-07-14 22:06:51', 4)
pval: [0.47400004] -- 47th test, time elapsed 3.1480414867401123 -- emperical power so far (from test_start): 0.23404255319148937
db insert success
tensor(3.9849e-05, device='cuda:0')
(48, 3, 0, 1, 7500, 'elltwo', 'genrr', 3.9849430322647095e-05, 0.19500000774860382, 3.146047830581665, '2024-07-14 22:07:12', 4)
pval: [0.19500001] -- 48th test, time elapsed 3.146047830581665 -- emperical power so far (from test_start): 0.22916666666666666
db insert success
tensor(0.0001, device='cuda:0')
(49, 3, 0, 1, 7500, 'elltwo', 'genrr', 0.00013987906277179718, 0.0010000000474974513, 3.144171953201294, '2024-07-14 22:07:27', 4)
pval: [0.001] -- 49th test, time elapsed 3.144171953201294 -- emperical power so far (from test_start): 0.24489795918367346
db insert success
tensor(-9.8944e-06, device='cuda:0')
(50, 3, 0, 1, 7500, 'elltwo', 'genrr', -9.894371032714844e-06, 0.5610000491142273, 3.1513094902038574, '2024-07-14 22:07:47', 4)
pval: [0.56100005] -- 50th test, time elapsed 3.1513094902038574 -- emperical power so far (from test_start): 0.24
db insert success
tensor(2.4404e-05, device='cuda:0')
(51, 3, 0, 1, 7500, 'elltwo', 'genrr', 2.4404376745224e-05, 0.26900002360343933, 3.143209218978882, '2024-07-14 22:07:56', 4)
pval: [0.26900002] -- 51th test, time elapsed 3.143209218978882 -- emperical power so far (from test_start): 0.23529411764705882
db insert success
tensor(-1.1381e-05, device='cuda:0')
(52, 3, 0, 1, 7500, 'elltwo', 'genrr', -1.1380761861801147e-05, 0.5840000510215759, 3.145744562149048, '2024-07-14 22:08:06', 4)
pval: [0.58400005] -- 52th test, time elapsed 3.145744562149048 -- emperical power so far (from test_start): 0.23076923076923078
db insert success
tensor(3.5472e-05, device='cuda:0')
(53, 3, 0, 1, 7500, 'elltwo', 'genrr', 3.5472214221954346e-05, 0.23400001227855682, 3.1371517181396484, '2024-07-14 22:08:21', 4)
pval: [0.23400001] -- 53th test, time elapsed 3.1371517181396484 -- emperical power so far (from test_start): 0.22641509433962265
db insert success
tensor(2.8234e-05, device='cuda:0')
(54, 3, 0, 1, 7500, 'elltwo', 'genrr', 2.8233975172042847e-05, 0.26500001549720764, 3.138737678527832, '2024-07-14 22:08:36', 4)
pval: [0.26500002] -- 54th test, time elapsed 3.138737678527832 -- emperical power so far (from test_start): 0.2222222222222222
db insert success
tensor(5.5505e-05, device='cuda:0')
(55, 3, 0, 1, 7500, 'elltwo', 'genrr', 5.550496280193329e-05, 0.1380000114440918, 3.1367037296295166, '2024-07-14 22:08:59', 4)
pval: [0.13800001] -- 55th test, time elapsed 3.1367037296295166 -- emperical power so far (from test_start): 0.21818181818181817
db insert success
tensor(3.3397e-05, device='cuda:0')
(56, 3, 0, 1, 7500, 'elltwo', 'genrr', 3.339722752571106e-05, 0.2290000170469284, 3.1386990547180176, '2024-07-14 22:09:18', 4)
pval: [0.22900002] -- 56th test, time elapsed 3.1386990547180176 -- emperical power so far (from test_start): 0.21428571428571427
db insert success
tensor(2.6550e-05, device='cuda:0')
(57, 3, 0, 1, 7500, 'elltwo', 'genrr', 2.655014395713806e-05, 0.26900002360343933, 3.136439800262451, '2024-07-14 22:09:30', 4)
pval: [0.26900002] -- 57th test, time elapsed 3.136439800262451 -- emperical power so far (from test_start): 0.21052631578947367
db insert success
tensor(6.0022e-05, device='cuda:0')
(58, 3, 0, 1, 7500, 'elltwo', 'genrr', 6.002187728881836e-05, 0.10600000619888306, 3.1359007358551025, '2024-07-14 22:09:43', 4)
pval: [0.10600001] -- 58th test, time elapsed 3.1359007358551025 -- emperical power so far (from test_start): 0.20689655172413793
db insert success
tensor(9.1320e-05, device='cuda:0')
(59, 3, 0, 1, 7500, 'elltwo', 'genrr', 9.131990373134613e-05, 0.02800000086426735, 3.1385576725006104, '2024-07-14 22:10:05', 4)
pval: [0.028] -- 59th test, time elapsed 3.1385576725006104 -- emperical power so far (from test_start): 0.22033898305084745
db insert success
tensor(-8.1029e-05, device='cuda:0')
(60, 3, 0, 1, 7500, 'elltwo', 'genrr', -8.102878928184509e-05, 0.9730000495910645, 3.1357603073120117, '2024-07-14 22:10:20', 4)
pval: [0.97300005] -- 60th test, time elapsed 3.1357603073120117 -- emperical power so far (from test_start): 0.21666666666666667
db insert success
tensor(8.8297e-05, device='cuda:0')
(61, 3, 0, 1, 7500, 'elltwo', 'genrr', 8.829683065414429e-05, 0.03400000184774399, 3.137603282928467, '2024-07-14 22:10:29', 4)
pval: [0.034] -- 61th test, time elapsed 3.137603282928467 -- emperical power so far (from test_start): 0.22950819672131148
db insert success
tensor(-1.7874e-05, device='cuda:0')
(62, 3, 0, 1, 7500, 'elltwo', 'genrr', -1.7873942852020264e-05, 0.6490000486373901, 3.137877941131592, '2024-07-14 22:10:48', 4)
pval: [0.64900005] -- 62th test, time elapsed 3.137877941131592 -- emperical power so far (from test_start): 0.22580645161290322
db insert success
tensor(-9.6053e-05, device='cuda:0')
(63, 3, 0, 1, 7500, 'elltwo', 'genrr', -9.605288505554199e-05, 0.9890000224113464, 3.136746883392334, '2024-07-14 22:11:07', 4)
pval: [0.98900002] -- 63th test, time elapsed 3.136746883392334 -- emperical power so far (from test_start): 0.2222222222222222
db insert success
tensor(6.5394e-05, device='cuda:0')
(64, 3, 0, 1, 7500, 'elltwo', 'genrr', 6.539374589920044e-05, 0.09400000423192978, 3.1432528495788574, '2024-07-14 22:11:11', 4)
pval: [0.094] -- 64th test, time elapsed 3.1432528495788574 -- emperical power so far (from test_start): 0.21875
db insert success
tensor(0.0001, device='cuda:0')
(65, 3, 0, 1, 7500, 'elltwo', 'genrr', 0.00012561865150928497, 0.00800000037997961, 3.1371545791625977, '2024-07-14 22:11:32', 4)
pval: [0.008] -- 65th test, time elapsed 3.1371545791625977 -- emperical power so far (from test_start): 0.23076923076923078
db insert success
tensor(6.5481e-05, device='cuda:0')
(66, 3, 0, 1, 7500, 'elltwo', 'genrr', 6.54812902212143e-05, 0.08500000089406967, 3.139909505844116, '2024-07-14 22:11:51', 4)
pval: [0.085] -- 66th test, time elapsed 3.139909505844116 -- emperical power so far (from test_start): 0.22727272727272727
db insert success
tensor(8.3558e-06, device='cuda:0')
(67, 3, 0, 1, 7500, 'elltwo', 'genrr', 8.355826139450073e-06, 0.3920000195503235, 3.137448310852051, '2024-07-14 22:11:56', 4)
pval: [0.39200002] -- 67th test, time elapsed 3.137448310852051 -- emperical power so far (from test_start): 0.22388059701492538
db insert success
tensor(2.7984e-05, device='cuda:0')
(68, 3, 0, 1, 7500, 'elltwo', 'genrr', 2.79843807220459e-05, 0.26100000739097595, 3.139843225479126, '2024-07-14 22:12:19', 4)
pval: [0.26100001] -- 68th test, time elapsed 3.139843225479126 -- emperical power so far (from test_start): 0.22058823529411764
db insert success
tensor(9.2527e-05, device='cuda:0')
(69, 3, 0, 1, 7500, 'elltwo', 'genrr', 9.252689778804779e-05, 0.032999999821186066, 3.141242504119873, '2024-07-14 22:12:36', 4)
pval: [0.033] -- 69th test, time elapsed 3.141242504119873 -- emperical power so far (from test_start): 0.2318840579710145
db insert success
tensor(-3.2820e-06, device='cuda:0')
(70, 3, 0, 1, 7500, 'elltwo', 'genrr', -3.2819807529449463e-06, 0.49500003457069397, 3.1397581100463867, '2024-07-14 22:12:47', 4)
pval: [0.49500003] -- 70th test, time elapsed 3.1397581100463867 -- emperical power so far (from test_start): 0.22857142857142856
db insert success
tensor(4.6454e-05, device='cuda:0')
(71, 3, 0, 1, 7500, 'elltwo', 'genrr', 4.645437002182007e-05, 0.18400001525878906, 3.1380717754364014, '2024-07-14 22:13:00', 4)
pval: [0.18400002] -- 71th test, time elapsed 3.1380717754364014 -- emperical power so far (from test_start): 0.22535211267605634
db insert success
tensor(2.8720e-05, device='cuda:0')
(72, 3, 0, 1, 7500, 'elltwo', 'genrr', 2.8720125555992126e-05, 0.24900001287460327, 3.139057159423828, '2024-07-14 22:13:07', 4)
pval: [0.24900001] -- 72th test, time elapsed 3.139057159423828 -- emperical power so far (from test_start): 0.2222222222222222
db insert success
tensor(-4.4901e-05, device='cuda:0')
(73, 3, 0, 1, 7500, 'elltwo', 'genrr', -4.490092396736145e-05, 0.8330000638961792, 3.1372506618499756, '2024-07-14 22:13:20', 4)
pval: [0.83300006] -- 73th test, time elapsed 3.1372506618499756 -- emperical power so far (from test_start): 0.2191780821917808
db insert success
tensor(8.1327e-05, device='cuda:0')
(74, 3, 0, 1, 7500, 'elltwo', 'genrr', 8.132681250572205e-05, 0.05400000140070915, 3.139608383178711, '2024-07-14 22:13:26', 4)
pval: [0.054] -- 74th test, time elapsed 3.139608383178711 -- emperical power so far (from test_start): 0.21621621621621623
db insert success
tensor(5.6840e-05, device='cuda:0')
(75, 3, 0, 1, 7500, 'elltwo', 'genrr', 5.6840479373931885e-05, 0.11000000685453415, 3.136995553970337, '2024-07-14 22:13:36', 4)
pval: [0.11000001] -- 75th test, time elapsed 3.136995553970337 -- emperical power so far (from test_start): 0.21333333333333335
db insert success
tensor(9.3576e-05, device='cuda:0')
(76, 3, 0, 1, 7500, 'elltwo', 'genrr', 9.357556700706482e-05, 0.03200000151991844, 3.1418068408966064, '2024-07-14 22:13:42', 4)
pval: [0.032] -- 76th test, time elapsed 3.1418068408966064 -- emperical power so far (from test_start): 0.2236842105263158
db insert success
tensor(0.0002, device='cuda:0')
(77, 3, 0, 1, 7500, 'elltwo', 'genrr', 0.0001639779657125473, 0.0010000000474974513, 3.1390490531921387, '2024-07-14 22:14:01', 4)
pval: [0.001] -- 77th test, time elapsed 3.1390490531921387 -- emperical power so far (from test_start): 0.23376623376623376
db insert success
tensor(-1.7732e-06, device='cuda:0')
(78, 3, 0, 1, 7500, 'elltwo', 'genrr', -1.773238182067871e-06, 0.5090000033378601, 3.138049840927124, '2024-07-14 22:14:18', 4)
pval: [0.509] -- 78th test, time elapsed 3.138049840927124 -- emperical power so far (from test_start): 0.23076923076923078
db insert success
tensor(1.3113e-05, device='cuda:0')
(79, 3, 0, 1, 7500, 'elltwo', 'genrr', 1.3113021850585938e-05, 0.3920000195503235, 3.1422171592712402, '2024-07-14 22:14:33', 4)
pval: [0.39200002] -- 79th test, time elapsed 3.1422171592712402 -- emperical power so far (from test_start): 0.22784810126582278
db insert success
tensor(3.7748e-05, device='cuda:0')
(80, 3, 0, 1, 7500, 'elltwo', 'genrr', 3.7748366594314575e-05, 0.2110000103712082, 3.1366355419158936, '2024-07-14 22:14:42', 4)
pval: [0.21100001] -- 80th test, time elapsed 3.1366355419158936 -- emperical power so far (from test_start): 0.225
db insert success
tensor(0.0001, device='cuda:0')
(81, 3, 0, 1, 7500, 'elltwo', 'genrr', 0.0001041218638420105, 0.02800000086426735, 3.1384198665618896, '2024-07-14 22:14:59', 4)
pval: [0.028] -- 81th test, time elapsed 3.1384198665618896 -- emperical power so far (from test_start): 0.2345679012345679
db insert success
tensor(5.1025e-05, device='cuda:0')
(82, 3, 0, 1, 7500, 'elltwo', 'genrr', 5.102530121803284e-05, 0.14400000870227814, 3.139033317565918, '2024-07-14 22:15:21', 4)
pval: [0.14400001] -- 82th test, time elapsed 3.139033317565918 -- emperical power so far (from test_start): 0.23170731707317074
db insert success
tensor(9.0018e-05, device='cuda:0')
(83, 3, 0, 1, 7500, 'elltwo', 'genrr', 9.001791477203369e-05, 0.030000001192092896, 3.138758897781372, '2024-07-14 22:15:37', 4)
pval: [0.03] -- 83th test, time elapsed 3.138758897781372 -- emperical power so far (from test_start): 0.24096385542168675
db insert success
tensor(0.0001, device='cuda:0')
(84, 3, 0, 1, 7500, 'elltwo', 'genrr', 0.00010413676500320435, 0.021000001579523087, 3.143254518508911, '2024-07-14 22:15:41', 4)
pval: [0.021] -- 84th test, time elapsed 3.143254518508911 -- emperical power so far (from test_start): 0.25
db insert success
tensor(-2.4695e-05, device='cuda:0')
(85, 3, 0, 1, 7500, 'elltwo', 'genrr', -2.469494938850403e-05, 0.6980000138282776, 3.141606569290161, '2024-07-14 22:15:52', 4)
pval: [0.69800001] -- 85th test, time elapsed 3.141606569290161 -- emperical power so far (from test_start): 0.24705882352941178
db insert success
tensor(1.1604e-05, device='cuda:0')
(86, 3, 0, 1, 7500, 'elltwo', 'genrr', 1.1604279279708862e-05, 0.39900001883506775, 3.1395297050476074, '2024-07-14 22:16:12', 4)
pval: [0.39900002] -- 86th test, time elapsed 3.1395297050476074 -- emperical power so far (from test_start): 0.2441860465116279
db insert success
tensor(4.6596e-05, device='cuda:0')
(87, 3, 0, 1, 7500, 'elltwo', 'genrr', 4.659593105316162e-05, 0.13600000739097595, 3.1369621753692627, '2024-07-14 22:16:20', 4)
pval: [0.13600001] -- 87th test, time elapsed 3.1369621753692627 -- emperical power so far (from test_start): 0.2413793103448276
db insert success
tensor(3.8628e-05, device='cuda:0')
(88, 3, 0, 1, 7500, 'elltwo', 'genrr', 3.862753510475159e-05, 0.18000000715255737, 3.136636257171631, '2024-07-14 22:16:32', 4)
pval: [0.18000001] -- 88th test, time elapsed 3.136636257171631 -- emperical power so far (from test_start): 0.23863636363636365
db insert success
tensor(7.1729e-05, device='cuda:0')
(89, 3, 0, 1, 7500, 'elltwo', 'genrr', 7.172860205173492e-05, 0.0690000057220459, 3.1424527168273926, '2024-07-14 22:16:43', 4)
pval: [0.06900001] -- 89th test, time elapsed 3.1424527168273926 -- emperical power so far (from test_start): 0.23595505617977527
db insert success
tensor(9.2428e-05, device='cuda:0')
(90, 3, 0, 1, 7500, 'elltwo', 'genrr', 9.242817759513855e-05, 0.039000000804662704, 3.1397666931152344, '2024-07-14 22:16:56', 4)
pval: [0.039] -- 90th test, time elapsed 3.1397666931152344 -- emperical power so far (from test_start): 0.24444444444444444
db insert success
tensor(-1.9152e-05, device='cuda:0')
(91, 3, 0, 1, 7500, 'elltwo', 'genrr', -1.91517174243927e-05, 0.6330000162124634, 3.137446641921997, '2024-07-14 22:17:10', 4)
pval: [0.63300002] -- 91th test, time elapsed 3.137446641921997 -- emperical power so far (from test_start): 0.24175824175824176
db insert success
tensor(-3.6385e-05, device='cuda:0')
(92, 3, 0, 1, 7500, 'elltwo', 'genrr', -3.6384910345077515e-05, 0.7740000486373901, 3.137518882751465, '2024-07-14 22:17:22', 4)
pval: [0.77400005] -- 92th test, time elapsed 3.137518882751465 -- emperical power so far (from test_start): 0.2391304347826087
db insert success
tensor(2.6364e-05, device='cuda:0')
(93, 3, 0, 1, 7500, 'elltwo', 'genrr', 2.6363879442214966e-05, 0.2600000202655792, 3.1373696327209473, '2024-07-14 22:17:38', 4)
pval: [0.26000002] -- 93th test, time elapsed 3.1373696327209473 -- emperical power so far (from test_start): 0.23655913978494625
db insert success
tensor(-3.4638e-05, device='cuda:0')
(94, 3, 0, 1, 7500, 'elltwo', 'genrr', -3.463774919509888e-05, 0.7500000596046448, 3.1377487182617188, '2024-07-14 22:17:51', 4)
pval: [0.75000006] -- 94th test, time elapsed 3.1377487182617188 -- emperical power so far (from test_start): 0.23404255319148937
db insert success
tensor(0.0001, device='cuda:0')
(95, 3, 0, 1, 7500, 'elltwo', 'genrr', 0.00011002272367477417, 0.018000001087784767, 3.1359429359436035, '2024-07-14 22:18:14', 4)
pval: [0.018] -- 95th test, time elapsed 3.1359429359436035 -- emperical power so far (from test_start): 0.24210526315789474
db insert success
tensor(9.1983e-05, device='cuda:0')
(96, 3, 0, 1, 7500, 'elltwo', 'genrr', 9.198300540447235e-05, 0.030000001192092896, 3.1377992630004883, '2024-07-14 22:18:27', 4)
pval: [0.03] -- 96th test, time elapsed 3.1377992630004883 -- emperical power so far (from test_start): 0.25
db insert success
tensor(1.4231e-05, device='cuda:0')
(97, 3, 0, 1, 7500, 'elltwo', 'genrr', 1.4230608940124512e-05, 0.37700000405311584, 3.140211343765259, '2024-07-14 22:18:43', 4)
pval: [0.377] -- 97th test, time elapsed 3.140211343765259 -- emperical power so far (from test_start): 0.24742268041237114
db insert success
tensor(7.0909e-05, device='cuda:0')
(98, 3, 0, 1, 7500, 'elltwo', 'genrr', 7.09090381860733e-05, 0.06300000101327896, 3.1418094635009766, '2024-07-14 22:18:58', 4)
pval: [0.063] -- 98th test, time elapsed 3.1418094635009766 -- emperical power so far (from test_start): 0.24489795918367346
db insert success
tensor(0.0001, device='cuda:0')
(99, 3, 0, 1, 7500, 'elltwo', 'genrr', 0.00010423921048641205, 0.02500000037252903, 3.1384687423706055, '2024-07-14 22:19:19', 4)
pval: [0.025] -- 99th test, time elapsed 3.1384687423706055 -- emperical power so far (from test_start): 0.25252525252525254
db insert success
tensor(-3.6288e-05, device='cuda:0')
(100, 3, 0, 1, 7500, 'elltwo', 'genrr', -3.6288052797317505e-05, 0.7720000147819519, 3.136321783065796, '2024-07-14 22:19:32', 4)
pval: [0.77200001] -- 100th test, time elapsed 3.136321783065796 -- emperical power so far (from test_start): 0.25
db insert success
tensor(5.9702e-05, device='cuda:0')
(101, 3, 0, 1, 7500, 'elltwo', 'genrr', 5.9701502323150635e-05, 0.10000000149011612, 3.1401147842407227, '2024-07-14 22:19:54', 4)
pval: [0.1] -- 101th test, time elapsed 3.1401147842407227 -- emperical power so far (from test_start): 0.24752475247524752
db insert success
tensor(0.0001, device='cuda:0')
(102, 3, 0, 1, 7500, 'elltwo', 'genrr', 0.00011999346315860748, 0.013000000268220901, 3.139974594116211, '2024-07-14 22:20:16', 4)
pval: [0.013] -- 102th test, time elapsed 3.139974594116211 -- emperical power so far (from test_start): 0.2549019607843137
db insert success
tensor(2.4633e-05, device='cuda:0')
(103, 3, 0, 1, 7500, 'elltwo', 'genrr', 2.4633482098579407e-05, 0.29100000858306885, 3.138030767440796, '2024-07-14 22:20:24', 4)
pval: [0.29100001] -- 103th test, time elapsed 3.138030767440796 -- emperical power so far (from test_start): 0.2524271844660194
db insert success
tensor(-5.9605e-08, device='cuda:0')
(104, 3, 0, 1, 7500, 'elltwo', 'genrr', -5.960464477539063e-08, 0.45600003004074097, 3.1353447437286377, '2024-07-14 22:20:30', 4)
pval: [0.45600003] -- 104th test, time elapsed 3.1353447437286377 -- emperical power so far (from test_start): 0.25
db insert success
tensor(2.4531e-05, device='cuda:0')
(105, 3, 0, 1, 7500, 'elltwo', 'genrr', 2.4531036615371704e-05, 0.2930000126361847, 3.1397769451141357, '2024-07-14 22:20:35', 4)
pval: [0.29300001] -- 105th test, time elapsed 3.1397769451141357 -- emperical power so far (from test_start): 0.24761904761904763
db insert success
tensor(1.9848e-05, device='cuda:0')
(106, 3, 0, 1, 7500, 'elltwo', 'genrr', 1.9848346710205078e-05, 0.33400002121925354, 3.1427083015441895, '2024-07-14 22:20:58', 4)
pval: [0.33400002] -- 106th test, time elapsed 3.1427083015441895 -- emperical power so far (from test_start): 0.24528301886792453
db insert success
tensor(5.2510e-05, device='cuda:0')
(107, 3, 0, 1, 7500, 'elltwo', 'genrr', 5.250982940196991e-05, 0.1340000033378601, 3.13893461227417, '2024-07-14 22:21:06', 4)
pval: [0.134] -- 107th test, time elapsed 3.13893461227417 -- emperical power so far (from test_start): 0.24299065420560748
db insert success
tensor(-2.4483e-05, device='cuda:0')
(108, 3, 0, 1, 7500, 'elltwo', 'genrr', -2.44826078414917e-05, 0.6810000538825989, 3.137453317642212, '2024-07-14 22:21:15', 4)
pval: [0.68100005] -- 108th test, time elapsed 3.137453317642212 -- emperical power so far (from test_start): 0.24074074074074073
db insert success
tensor(0.0001, device='cuda:0')
(109, 3, 0, 1, 7500, 'elltwo', 'genrr', 0.00014254823327064514, 0.003000000026077032, 3.1363279819488525, '2024-07-14 22:21:22', 4)
pval: [0.003] -- 109th test, time elapsed 3.1363279819488525 -- emperical power so far (from test_start): 0.24770642201834864
db insert success
tensor(8.1904e-05, device='cuda:0')
(110, 3, 0, 1, 7500, 'elltwo', 'genrr', 8.190423250198364e-05, 0.05400000140070915, 3.1385507583618164, '2024-07-14 22:21:41', 4)
pval: [0.054] -- 110th test, time elapsed 3.1385507583618164 -- emperical power so far (from test_start): 0.24545454545454545
db insert success
tensor(1.2375e-05, device='cuda:0')
(111, 3, 0, 1, 7500, 'elltwo', 'genrr', 1.2375414371490479e-05, 0.36900001764297485, 3.1364078521728516, '2024-07-14 22:21:50', 4)
pval: [0.36900002] -- 111th test, time elapsed 3.1364078521728516 -- emperical power so far (from test_start): 0.24324324324324326
db insert success
tensor(3.4422e-05, device='cuda:0')
(112, 3, 0, 1, 7500, 'elltwo', 'genrr', 3.4421682357788086e-05, 0.20200000703334808, 3.136173725128174, '2024-07-14 22:22:12', 4)
pval: [0.20200001] -- 112th test, time elapsed 3.136173725128174 -- emperical power so far (from test_start): 0.24107142857142858
db insert success
tensor(4.0986e-05, device='cuda:0')
(113, 3, 0, 1, 7500, 'elltwo', 'genrr', 4.098564386367798e-05, 0.1980000138282776, 3.1381232738494873, '2024-07-14 22:22:17', 4)
pval: [0.19800001] -- 113th test, time elapsed 3.1381232738494873 -- emperical power so far (from test_start): 0.23893805309734514
db insert success
tensor(2.7560e-05, device='cuda:0')
(114, 3, 0, 1, 7500, 'elltwo', 'genrr', 2.755969762802124e-05, 0.2410000115633011, 3.139782667160034, '2024-07-14 22:22:33', 4)
pval: [0.24100001] -- 114th test, time elapsed 3.139782667160034 -- emperical power so far (from test_start): 0.23684210526315788
db insert success
tensor(-4.3057e-05, device='cuda:0')
(115, 3, 0, 1, 7500, 'elltwo', 'genrr', -4.30569052696228e-05, 0.8320000171661377, 3.141608238220215, '2024-07-14 22:22:41', 4)
pval: [0.83200002] -- 115th test, time elapsed 3.141608238220215 -- emperical power so far (from test_start): 0.23478260869565218
db insert success
tensor(0.0001, device='cuda:0')
(116, 3, 0, 1, 7500, 'elltwo', 'genrr', 0.00012555718421936035, 0.007000000216066837, 3.1397056579589844, '2024-07-14 22:22:45', 4)
pval: [0.007] -- 116th test, time elapsed 3.1397056579589844 -- emperical power so far (from test_start): 0.2413793103448276
db insert success
tensor(2.0513e-05, device='cuda:0')
(117, 3, 0, 1, 7500, 'elltwo', 'genrr', 2.051331102848053e-05, 0.29500001668930054, 3.137586832046509, '2024-07-14 22:23:08', 4)
pval: [0.29500002] -- 117th test, time elapsed 3.137586832046509 -- emperical power so far (from test_start): 0.23931623931623933
db insert success
tensor(0.0001, device='cuda:0')
(118, 3, 0, 1, 7500, 'elltwo', 'genrr', 0.00012258440256118774, 0.00800000037997961, 3.1357481479644775, '2024-07-14 22:23:21', 4)
pval: [0.008] -- 118th test, time elapsed 3.1357481479644775 -- emperical power so far (from test_start): 0.2457627118644068
db insert success
tensor(6.7359e-05, device='cuda:0')
(119, 3, 0, 1, 7500, 'elltwo', 'genrr', 6.73588365316391e-05, 0.08300000429153442, 3.1411080360412598, '2024-07-14 22:23:37', 4)
pval: [0.083] -- 119th test, time elapsed 3.1411080360412598 -- emperical power so far (from test_start): 0.24369747899159663
db insert success
tensor(1.1681e-05, device='cuda:0')
(120, 3, 0, 1, 7500, 'elltwo', 'genrr', 1.1680647730827332e-05, 0.38600000739097595, 3.1374433040618896, '2024-07-14 22:23:49', 4)
pval: [0.38600001] -- 120th test, time elapsed 3.1374433040618896 -- emperical power so far (from test_start): 0.24166666666666667
db insert success
tensor(-4.6145e-05, device='cuda:0')
(121, 3, 0, 1, 7500, 'elltwo', 'genrr', -4.614517092704773e-05, 0.8390000462532043, 3.1399474143981934, '2024-07-14 22:23:59', 4)
pval: [0.83900005] -- 121th test, time elapsed 3.1399474143981934 -- emperical power so far (from test_start): 0.2396694214876033
db insert success
tensor(0.0002, device='cuda:0')
(122, 3, 0, 1, 7500, 'elltwo', 'genrr', 0.0001793745905160904, 0.0010000000474974513, 3.142176628112793, '2024-07-14 22:24:13', 4)
pval: [0.001] -- 122th test, time elapsed 3.142176628112793 -- emperical power so far (from test_start): 0.2459016393442623
db insert success
tensor(0.0001, device='cuda:0')
(123, 3, 0, 1, 7500, 'elltwo', 'genrr', 0.0001064203679561615, 0.020000001415610313, 3.134951591491699, '2024-07-14 22:24:30', 4)
pval: [0.02] -- 123th test, time elapsed 3.134951591491699 -- emperical power so far (from test_start): 0.25203252032520324
db insert success
tensor(3.4645e-07, device='cuda:0')
(124, 3, 0, 1, 7500, 'elltwo', 'genrr', 3.46451997756958e-07, 0.4690000116825104, 3.136244773864746, '2024-07-14 22:24:47', 4)
pval: [0.46900001] -- 124th test, time elapsed 3.136244773864746 -- emperical power so far (from test_start): 0.25
db insert success
tensor(0.0001, device='cuda:0')
(125, 3, 0, 1, 7500, 'elltwo', 'genrr', 0.00012698397040367126, 0.01100000087171793, 3.1415910720825195, '2024-07-14 22:24:52', 4)
pval: [0.011] -- 125th test, time elapsed 3.1415910720825195 -- emperical power so far (from test_start): 0.256
db insert success
tensor(3.1246e-05, device='cuda:0')
(126, 3, 0, 1, 7500, 'elltwo', 'genrr', 3.1245872378349304e-05, 0.2550000250339508, 3.1374118328094482, '2024-07-14 22:25:12', 4)
pval: [0.25500003] -- 126th test, time elapsed 3.1374118328094482 -- emperical power so far (from test_start): 0.25396825396825395
db insert success
tensor(2.4885e-05, device='cuda:0')
(127, 3, 0, 1, 7500, 'elltwo', 'genrr', 2.4884939193725586e-05, 0.2639999985694885, 3.139436960220337, '2024-07-14 22:25:18', 4)
pval: [0.264] -- 127th test, time elapsed 3.139436960220337 -- emperical power so far (from test_start): 0.25196850393700787
db insert success
tensor(0.0001, device='cuda:0')
(128, 3, 0, 1, 7500, 'elltwo', 'genrr', 0.00013582594692707062, 0.007000000216066837, 3.138827323913574, '2024-07-14 22:25:29', 4)
pval: [0.007] -- 128th test, time elapsed 3.138827323913574 -- emperical power so far (from test_start): 0.2578125
db insert success
tensor(2.2411e-05, device='cuda:0')
(129, 3, 0, 1, 7500, 'elltwo', 'genrr', 2.2411346435546875e-05, 0.29600000381469727, 3.1384005546569824, '2024-07-14 22:25:43', 4)
pval: [0.296] -- 129th test, time elapsed 3.1384005546569824 -- emperical power so far (from test_start): 0.2558139534883721
db insert success
tensor(3.3770e-05, device='cuda:0')
(130, 3, 0, 1, 7500, 'elltwo', 'genrr', 3.376975655555725e-05, 0.23600001633167267, 3.138518810272217, '2024-07-14 22:25:55', 4)
pval: [0.23600002] -- 130th test, time elapsed 3.138518810272217 -- emperical power so far (from test_start): 0.25384615384615383
db insert success
tensor(0.0001, device='cuda:0')
(131, 3, 0, 1, 7500, 'elltwo', 'genrr', 0.00013558939099311829, 0.006000000052154064, 3.1400907039642334, '2024-07-14 22:26:03', 4)
pval: [0.006] -- 131th test, time elapsed 3.1400907039642334 -- emperical power so far (from test_start): 0.2595419847328244
db insert success
tensor(0.0001, device='cuda:0')
(132, 3, 0, 1, 7500, 'elltwo', 'genrr', 0.00010551512241363525, 0.021000001579523087, 3.139277696609497, '2024-07-14 22:26:11', 4)
pval: [0.021] -- 132th test, time elapsed 3.139277696609497 -- emperical power so far (from test_start): 0.26515151515151514
db insert success
tensor(0.0001, device='cuda:0')
(133, 3, 0, 1, 7500, 'elltwo', 'genrr', 0.0001047234982252121, 0.027000000700354576, 3.81911563873291, '2024-07-14 22:26:28', 4)
pval: [0.027] -- 133th test, time elapsed 3.81911563873291 -- emperical power so far (from test_start): 0.2706766917293233
db insert success
tensor(0.0001, device='cuda:0')
(134, 3, 0, 1, 7500, 'elltwo', 'genrr', 0.00011463649570941925, 0.015000000596046448, 3.809718132019043, '2024-07-14 22:26:38', 4)
pval: [0.015] -- 134th test, time elapsed 3.809718132019043 -- emperical power so far (from test_start): 0.27611940298507465
db insert success
tensor(4.9327e-05, device='cuda:0')
(135, 3, 0, 1, 7500, 'elltwo', 'genrr', 4.9326568841934204e-05, 0.1290000081062317, 3.8109753131866455, '2024-07-14 22:26:57', 4)
pval: [0.12900001] -- 135th test, time elapsed 3.8109753131866455 -- emperical power so far (from test_start): 0.2740740740740741
db insert success
tensor(0.0002, device='cuda:0')
(136, 3, 0, 1, 7500, 'elltwo', 'genrr', 0.0001746639609336853, 0.0010000000474974513, 3.8104867935180664, '2024-07-14 22:27:06', 4)
pval: [0.001] -- 136th test, time elapsed 3.8104867935180664 -- emperical power so far (from test_start): 0.27941176470588236
db insert success
tensor(5.8401e-05, device='cuda:0')
(137, 3, 0, 1, 7500, 'elltwo', 'genrr', 5.840137600898743e-05, 0.11500000208616257, 3.8097283840179443, '2024-07-14 22:27:20', 4)
pval: [0.115] -- 137th test, time elapsed 3.8097283840179443 -- emperical power so far (from test_start): 0.2773722627737226
db insert success
tensor(0.0001, device='cuda:0')
(138, 3, 0, 1, 7500, 'elltwo', 'genrr', 0.00014522112905979156, 0.007000000216066837, 3.8086512088775635, '2024-07-14 22:27:40', 4)
pval: [0.007] -- 138th test, time elapsed 3.8086512088775635 -- emperical power so far (from test_start): 0.2826086956521739
db insert success
tensor(-1.9968e-06, device='cuda:0')
(139, 3, 0, 1, 7500, 'elltwo', 'genrr', -1.996755599975586e-06, 0.4690000116825104, 3.8109734058380127, '2024-07-14 22:27:52', 4)
pval: [0.46900001] -- 139th test, time elapsed 3.8109734058380127 -- emperical power so far (from test_start): 0.2805755395683453
db insert success
tensor(4.6976e-05, device='cuda:0')
(140, 3, 0, 1, 7500, 'elltwo', 'genrr', 4.6975910663604736e-05, 0.164000004529953, 3.807861804962158, '2024-07-14 22:28:13', 4)
pval: [0.164] -- 140th test, time elapsed 3.807861804962158 -- emperical power so far (from test_start): 0.2785714285714286
db insert success
tensor(-2.5168e-05, device='cuda:0')
(141, 3, 0, 1, 7500, 'elltwo', 'genrr', -2.516806125640869e-05, 0.6990000605583191, 3.813706874847412, '2024-07-14 22:28:29', 4)
pval: [0.69900006] -- 141th test, time elapsed 3.813706874847412 -- emperical power so far (from test_start): 0.2765957446808511
db insert success
tensor(9.1808e-05, device='cuda:0')
(142, 3, 0, 1, 7500, 'elltwo', 'genrr', 9.180791676044464e-05, 0.030000001192092896, 3.807755708694458, '2024-07-14 22:28:38', 4)
pval: [0.03] -- 142th test, time elapsed 3.807755708694458 -- emperical power so far (from test_start): 0.28169014084507044
db insert success
tensor(9.2115e-05, device='cuda:0')
(143, 3, 0, 1, 7500, 'elltwo', 'genrr', 9.211525321006775e-05, 0.04100000113248825, 3.8082218170166016, '2024-07-14 22:28:58', 4)
pval: [0.041] -- 143th test, time elapsed 3.8082218170166016 -- emperical power so far (from test_start): 0.2867132867132867
db insert success
tensor(6.9555e-05, device='cuda:0')
(144, 3, 0, 1, 7500, 'elltwo', 'genrr', 6.95548951625824e-05, 0.08000000566244125, 3.8111298084259033, '2024-07-14 22:29:04', 4)
pval: [0.08000001] -- 144th test, time elapsed 3.8111298084259033 -- emperical power so far (from test_start): 0.2847222222222222
db insert success
tensor(6.9102e-05, device='cuda:0')
(145, 3, 0, 1, 7500, 'elltwo', 'genrr', 6.910227239131927e-05, 0.07800000160932541, 3.8111164569854736, '2024-07-14 22:29:13', 4)
pval: [0.078] -- 145th test, time elapsed 3.8111164569854736 -- emperical power so far (from test_start): 0.2827586206896552
db insert success
tensor(6.1058e-05, device='cuda:0')
(146, 3, 0, 1, 7500, 'elltwo', 'genrr', 6.105750799179077e-05, 0.11300000548362732, 3.8099803924560547, '2024-07-14 22:29:25', 4)
pval: [0.11300001] -- 146th test, time elapsed 3.8099803924560547 -- emperical power so far (from test_start): 0.2808219178082192
db insert success
tensor(0.0001, device='cuda:0')
(147, 3, 0, 1, 7500, 'elltwo', 'genrr', 0.00010015629231929779, 0.023000001907348633, 3.8096933364868164, '2024-07-14 22:29:43', 4)
pval: [0.023] -- 147th test, time elapsed 3.8096933364868164 -- emperical power so far (from test_start): 0.2857142857142857
db insert success
tensor(5.4497e-05, device='cuda:0')
(148, 3, 0, 1, 7500, 'elltwo', 'genrr', 5.449727177619934e-05, 0.11500000208616257, 3.8107290267944336, '2024-07-14 22:29:49', 4)
pval: [0.115] -- 148th test, time elapsed 3.8107290267944336 -- emperical power so far (from test_start): 0.28378378378378377
db insert success
tensor(7.3424e-05, device='cuda:0')
(149, 3, 0, 1, 7500, 'elltwo', 'genrr', 7.34236091375351e-05, 0.06100000441074371, 3.8133156299591064, '2024-07-14 22:30:06', 4)
pval: [0.061] -- 149th test, time elapsed 3.8133156299591064 -- emperical power so far (from test_start): 0.28187919463087246
db insert success
tensor(3.7009e-05, device='cuda:0')
(150, 3, 0, 1, 7500, 'elltwo', 'genrr', 3.7008896470069885e-05, 0.22700001299381256, 3.8104090690612793, '2024-07-14 22:30:17', 4)
pval: [0.22700001] -- 150th test, time elapsed 3.8104090690612793 -- emperical power so far (from test_start): 0.28
db insert success
tensor(3.0084e-05, device='cuda:0')
(151, 3, 0, 1, 7500, 'elltwo', 'genrr', 3.0083581805229187e-05, 0.24900001287460327, 3.813478946685791, '2024-07-14 22:30:21', 4)
pval: [0.24900001] -- 151th test, time elapsed 3.813478946685791 -- emperical power so far (from test_start): 0.2781456953642384
db insert success
tensor(5.4948e-06, device='cuda:0')
(152, 3, 0, 1, 7500, 'elltwo', 'genrr', 5.494803190231323e-06, 0.43700000643730164, 3.809502124786377, '2024-07-14 22:30:31', 4)
pval: [0.43700001] -- 152th test, time elapsed 3.809502124786377 -- emperical power so far (from test_start): 0.27631578947368424
db insert success
tensor(2.4080e-05, device='cuda:0')
(153, 3, 0, 1, 7500, 'elltwo', 'genrr', 2.4080276489257812e-05, 0.27800002694129944, 3.8135859966278076, '2024-07-14 22:30:55', 4)
pval: [0.27800003] -- 153th test, time elapsed 3.8135859966278076 -- emperical power so far (from test_start): 0.27450980392156865
db insert success
tensor(5.3480e-05, device='cuda:0')
(154, 3, 0, 1, 7500, 'elltwo', 'genrr', 5.348026752471924e-05, 0.13700000941753387, 3.8101797103881836, '2024-07-14 22:31:00', 4)
pval: [0.13700001] -- 154th test, time elapsed 3.8101797103881836 -- emperical power so far (from test_start): 0.2727272727272727
db insert success
tensor(-5.4330e-05, device='cuda:0')
(155, 3, 0, 1, 7500, 'elltwo', 'genrr', -5.4329633712768555e-05, 0.8850000500679016, 3.8089511394500732, '2024-07-14 22:31:17', 4)
pval: [0.88500005] -- 155th test, time elapsed 3.8089511394500732 -- emperical power so far (from test_start): 0.2709677419354839
db insert success
tensor(9.0290e-05, device='cuda:0')
(156, 3, 0, 1, 7500, 'elltwo', 'genrr', 9.028986096382141e-05, 0.02800000086426735, 3.8111815452575684, '2024-07-14 22:31:40', 4)
pval: [0.028] -- 156th test, time elapsed 3.8111815452575684 -- emperical power so far (from test_start): 0.27564102564102566
db insert success
tensor(6.8385e-05, device='cuda:0')
(157, 3, 0, 1, 7500, 'elltwo', 'genrr', 6.838515400886536e-05, 0.0820000022649765, 3.810039758682251, '2024-07-14 22:31:57', 4)
pval: [0.082] -- 157th test, time elapsed 3.810039758682251 -- emperical power so far (from test_start): 0.27388535031847133
db insert success
tensor(0.0001, device='cuda:0')
(158, 3, 0, 1, 7500, 'elltwo', 'genrr', 0.00013716332614421844, 0.004000000189989805, 3.813779592514038, '2024-07-14 22:32:11', 4)
pval: [0.004] -- 158th test, time elapsed 3.813779592514038 -- emperical power so far (from test_start): 0.27848101265822783
db insert success
tensor(0.0001, device='cuda:0')
(159, 3, 0, 1, 7500, 'elltwo', 'genrr', 0.00011095218360424042, 0.01900000125169754, 3.8120241165161133, '2024-07-14 22:32:19', 4)
pval: [0.019] -- 159th test, time elapsed 3.8120241165161133 -- emperical power so far (from test_start): 0.2830188679245283
db insert success
tensor(-1.0833e-05, device='cuda:0')
(160, 3, 0, 1, 7500, 'elltwo', 'genrr', -1.0833144187927246e-05, 0.5680000185966492, 3.8039791584014893, '2024-07-14 22:32:29', 4)
pval: [0.56800002] -- 160th test, time elapsed 3.8039791584014893 -- emperical power so far (from test_start): 0.28125
db insert success
tensor(8.3316e-05, device='cuda:0')
(161, 3, 0, 1, 7500, 'elltwo', 'genrr', 8.331611752510071e-05, 0.03400000184774399, 3.809325695037842, '2024-07-14 22:32:46', 4)
pval: [0.034] -- 161th test, time elapsed 3.809325695037842 -- emperical power so far (from test_start): 0.2857142857142857
db insert success
tensor(6.8307e-05, device='cuda:0')
(162, 3, 0, 1, 7500, 'elltwo', 'genrr', 6.830692291259766e-05, 0.08100000023841858, 3.8107197284698486, '2024-07-14 22:33:00', 4)
pval: [0.081] -- 162th test, time elapsed 3.8107197284698486 -- emperical power so far (from test_start): 0.2839506172839506
db insert success
tensor(5.2370e-05, device='cuda:0')
(163, 3, 0, 1, 7500, 'elltwo', 'genrr', 5.237013101577759e-05, 0.11000000685453415, 3.809551954269409, '2024-07-14 22:33:14', 4)
pval: [0.11000001] -- 163th test, time elapsed 3.809551954269409 -- emperical power so far (from test_start): 0.2822085889570552
db insert success
tensor(6.9242e-05, device='cuda:0')
(164, 3, 0, 1, 7500, 'elltwo', 'genrr', 6.92419707775116e-05, 0.08300000429153442, 3.806199550628662, '2024-07-14 22:33:20', 4)
pval: [0.083] -- 164th test, time elapsed 3.806199550628662 -- emperical power so far (from test_start): 0.2804878048780488
db insert success
tensor(-2.3097e-06, device='cuda:0')
(165, 3, 0, 1, 7500, 'elltwo', 'genrr', -2.3096799850463867e-06, 0.49500003457069397, 3.8093881607055664, '2024-07-14 22:33:29', 4)
pval: [0.49500003] -- 165th test, time elapsed 3.8093881607055664 -- emperical power so far (from test_start): 0.2787878787878788
db insert success
tensor(-3.3606e-05, device='cuda:0')
(166, 3, 0, 1, 7500, 'elltwo', 'genrr', -3.360584378242493e-05, 0.7600000500679016, 3.8148272037506104, '2024-07-14 22:33:52', 4)
pval: [0.76000005] -- 166th test, time elapsed 3.8148272037506104 -- emperical power so far (from test_start): 0.27710843373493976
db insert success
tensor(0.0001, device='cuda:0')
(167, 3, 0, 1, 7500, 'elltwo', 'genrr', 0.00010737963020801544, 0.017000000923871994, 3.811807870864868, '2024-07-14 22:34:12', 4)
pval: [0.017] -- 167th test, time elapsed 3.811807870864868 -- emperical power so far (from test_start): 0.281437125748503
db insert success
tensor(1.4670e-05, device='cuda:0')
(168, 3, 0, 1, 7500, 'elltwo', 'genrr', 1.4670193195343018e-05, 0.37800002098083496, 3.8073482513427734, '2024-07-14 22:34:24', 4)
pval: [0.37800002] -- 168th test, time elapsed 3.8073482513427734 -- emperical power so far (from test_start): 0.27976190476190477
db insert success
tensor(4.1250e-05, device='cuda:0')
(169, 3, 0, 1, 7500, 'elltwo', 'genrr', 4.1250139474868774e-05, 0.18400001525878906, 3.8109734058380127, '2024-07-14 22:34:41', 4)
pval: [0.18400002] -- 169th test, time elapsed 3.8109734058380127 -- emperical power so far (from test_start): 0.2781065088757396
db insert success
tensor(2.2899e-05, device='cuda:0')
(170, 3, 0, 1, 7500, 'elltwo', 'genrr', 2.2899359464645386e-05, 0.2750000059604645, 3.8115358352661133, '2024-07-14 22:34:57', 4)
pval: [0.27500001] -- 170th test, time elapsed 3.8115358352661133 -- emperical power so far (from test_start): 0.27647058823529413
db insert success
tensor(5.0373e-05, device='cuda:0')
(171, 3, 0, 1, 7500, 'elltwo', 'genrr', 5.0373375415802e-05, 0.15000000596046448, 3.8126368522644043, '2024-07-14 22:35:07', 4)
pval: [0.15000001] -- 171th test, time elapsed 3.8126368522644043 -- emperical power so far (from test_start): 0.27485380116959063
db insert success
tensor(-6.0908e-06, device='cuda:0')
(172, 3, 0, 1, 7500, 'elltwo', 'genrr', -6.0908496379852295e-06, 0.5390000343322754, 3.8100547790527344, '2024-07-14 22:35:20', 4)
pval: [0.53900003] -- 172th test, time elapsed 3.8100547790527344 -- emperical power so far (from test_start): 0.27325581395348836
db insert success
tensor(0.0002, device='cuda:0')
(173, 3, 0, 1, 7500, 'elltwo', 'genrr', 0.0001518484205007553, 0.006000000052154064, 3.8092782497406006, '2024-07-14 22:35:33', 4)
pval: [0.006] -- 173th test, time elapsed 3.8092782497406006 -- emperical power so far (from test_start): 0.2774566473988439
db insert success
tensor(3.1296e-05, device='cuda:0')
(174, 3, 0, 1, 7500, 'elltwo', 'genrr', 3.129616379737854e-05, 0.23000000417232513, 3.8095827102661133, '2024-07-14 22:35:51', 4)
pval: [0.23] -- 174th test, time elapsed 3.8095827102661133 -- emperical power so far (from test_start): 0.27586206896551724
db insert success
tensor(6.1501e-05, device='cuda:0')
(175, 3, 0, 1, 7500, 'elltwo', 'genrr', 6.150081753730774e-05, 0.0990000069141388, 3.8083014488220215, '2024-07-14 22:36:13', 4)
pval: [0.09900001] -- 175th test, time elapsed 3.8083014488220215 -- emperical power so far (from test_start): 0.2742857142857143
db insert success
tensor(-5.7854e-06, device='cuda:0')
(176, 3, 0, 1, 7500, 'elltwo', 'genrr', -5.7853758335113525e-06, 0.5320000052452087, 3.8123490810394287, '2024-07-14 22:36:29', 4)
pval: [0.53200001] -- 176th test, time elapsed 3.8123490810394287 -- emperical power so far (from test_start): 0.2727272727272727
db insert success
tensor(-4.9707e-05, device='cuda:0')
(177, 3, 0, 1, 7500, 'elltwo', 'genrr', -4.970654845237732e-05, 0.862000048160553, 3.8092782497406006, '2024-07-14 22:36:44', 4)
pval: [0.86200005] -- 177th test, time elapsed 3.8092782497406006 -- emperical power so far (from test_start): 0.2711864406779661
db insert success
tensor(0.0001, device='cuda:0')
(178, 3, 0, 1, 7500, 'elltwo', 'genrr', 0.0001174192875623703, 0.018000001087784767, 3.8095314502716064, '2024-07-14 22:36:50', 4)
pval: [0.018] -- 178th test, time elapsed 3.8095314502716064 -- emperical power so far (from test_start): 0.2752808988764045
db insert success
tensor(6.8393e-05, device='cuda:0')
(179, 3, 0, 1, 7500, 'elltwo', 'genrr', 6.839260458946228e-05, 0.07600000500679016, 3.8055942058563232, '2024-07-14 22:37:04', 4)
pval: [0.07600001] -- 179th test, time elapsed 3.8055942058563232 -- emperical power so far (from test_start): 0.2737430167597765
db insert success
tensor(1.5646e-05, device='cuda:0')
(180, 3, 0, 1, 7500, 'elltwo', 'genrr', 1.564621925354004e-05, 0.3530000150203705, 3.8097000122070312, '2024-07-14 22:37:26', 4)
pval: [0.35300002] -- 180th test, time elapsed 3.8097000122070312 -- emperical power so far (from test_start): 0.2722222222222222
db insert success
tensor(2.0456e-05, device='cuda:0')
(181, 3, 0, 1, 7500, 'elltwo', 'genrr', 2.045556902885437e-05, 0.3060000240802765, 3.8127105236053467, '2024-07-14 22:37:47', 4)
pval: [0.30600002] -- 181th test, time elapsed 3.8127105236053467 -- emperical power so far (from test_start): 0.27071823204419887
db insert success
tensor(7.3157e-05, device='cuda:0')
(182, 3, 0, 1, 7500, 'elltwo', 'genrr', 7.315725088119507e-05, 0.06700000166893005, 3.8078033924102783, '2024-07-14 22:38:01', 4)
pval: [0.067] -- 182th test, time elapsed 3.8078033924102783 -- emperical power so far (from test_start): 0.2692307692307692
db insert success
tensor(-2.9959e-05, device='cuda:0')
(183, 3, 0, 1, 7500, 'elltwo', 'genrr', -2.9958784580230713e-05, 0.737000048160553, 3.8092830181121826, '2024-07-14 22:38:16', 4)
pval: [0.73700005] -- 183th test, time elapsed 3.8092830181121826 -- emperical power so far (from test_start): 0.2677595628415301
db insert success
tensor(7.1183e-05, device='cuda:0')
(184, 3, 0, 1, 7500, 'elltwo', 'genrr', 7.118284702301025e-05, 0.07900000363588333, 3.811689853668213, '2024-07-14 22:38:28', 4)
pval: [0.079] -- 184th test, time elapsed 3.811689853668213 -- emperical power so far (from test_start): 0.266304347826087
db insert success
tensor(2.2702e-05, device='cuda:0')
(185, 3, 0, 1, 7500, 'elltwo', 'genrr', 2.2701919078826904e-05, 0.3150000274181366, 3.812589168548584, '2024-07-14 22:38:45', 4)
pval: [0.31500003] -- 185th test, time elapsed 3.812589168548584 -- emperical power so far (from test_start): 0.2648648648648649
db insert success
tensor(5.2169e-05, device='cuda:0')
(186, 3, 0, 1, 7500, 'elltwo', 'genrr', 5.2168965339660645e-05, 0.12000000476837158, 3.8104820251464844, '2024-07-14 22:39:06', 4)
pval: [0.12] -- 186th test, time elapsed 3.8104820251464844 -- emperical power so far (from test_start): 0.26344086021505375
db insert success
tensor(-4.1619e-05, device='cuda:0')
(187, 3, 0, 1, 7500, 'elltwo', 'genrr', -4.1618943214416504e-05, 0.8110000491142273, 3.8135759830474854, '2024-07-14 22:39:24', 4)
pval: [0.81100005] -- 187th test, time elapsed 3.8135759830474854 -- emperical power so far (from test_start): 0.2620320855614973
db insert success
tensor(5.4713e-05, device='cuda:0')
(188, 3, 0, 1, 7500, 'elltwo', 'genrr', 5.471333861351013e-05, 0.11700000613927841, 3.8102378845214844, '2024-07-14 22:39:37', 4)
pval: [0.11700001] -- 188th test, time elapsed 3.8102378845214844 -- emperical power so far (from test_start): 0.26063829787234044
db insert success
tensor(1.9062e-05, device='cuda:0')
(189, 3, 0, 1, 7500, 'elltwo', 'genrr', 1.9062310457229614e-05, 0.3230000138282776, 3.808166027069092, '2024-07-14 22:39:48', 4)
pval: [0.32300001] -- 189th test, time elapsed 3.808166027069092 -- emperical power so far (from test_start): 0.25925925925925924
db insert success
tensor(7.2531e-06, device='cuda:0')
(190, 3, 0, 1, 7500, 'elltwo', 'genrr', 7.253140211105347e-06, 0.41700002551078796, 3.81087589263916, '2024-07-14 22:40:04', 4)
pval: [0.41700003] -- 190th test, time elapsed 3.81087589263916 -- emperical power so far (from test_start): 0.2578947368421053
db insert success
tensor(4.3735e-05, device='cuda:0')
(191, 3, 0, 1, 7500, 'elltwo', 'genrr', 4.373490810394287e-05, 0.17900000512599945, 3.8107197284698486, '2024-07-14 22:40:26', 4)
pval: [0.17900001] -- 191th test, time elapsed 3.8107197284698486 -- emperical power so far (from test_start): 0.25654450261780104
db insert success
tensor(8.4527e-06, device='cuda:0')
(192, 3, 0, 1, 7500, 'elltwo', 'genrr', 8.452683687210083e-06, 0.3890000283718109, 3.810931444168091, '2024-07-14 22:40:42', 4)
pval: [0.38900003] -- 192th test, time elapsed 3.810931444168091 -- emperical power so far (from test_start): 0.2552083333333333
db insert success
tensor(7.2556e-05, device='cuda:0')
(193, 3, 0, 1, 7500, 'elltwo', 'genrr', 7.255561649799347e-05, 0.06599999964237213, 3.811042308807373, '2024-07-14 22:40:48', 4)
pval: [0.066] -- 193th test, time elapsed 3.811042308807373 -- emperical power so far (from test_start): 0.2538860103626943
db insert success
tensor(2.1614e-05, device='cuda:0')
(194, 3, 0, 1, 7500, 'elltwo', 'genrr', 2.1614134311676025e-05, 0.3100000023841858, 3.8111915588378906, '2024-07-14 22:40:59', 4)
pval: [0.31] -- 194th test, time elapsed 3.8111915588378906 -- emperical power so far (from test_start): 0.25257731958762886
db insert success
tensor(-5.3164e-05, device='cuda:0')
(195, 3, 0, 1, 7500, 'elltwo', 'genrr', -5.3163617849349976e-05, 0.893000066280365, 3.8156402111053467, '2024-07-14 22:41:06', 4)
pval: [0.89300007] -- 195th test, time elapsed 3.8156402111053467 -- emperical power so far (from test_start): 0.2512820512820513
db insert success
tensor(0.0002, device='cuda:0')
(196, 3, 0, 1, 7500, 'elltwo', 'genrr', 0.00015372782945632935, 0.0020000000949949026, 3.809854507446289, '2024-07-14 22:41:20', 4)
pval: [0.002] -- 196th test, time elapsed 3.809854507446289 -- emperical power so far (from test_start): 0.25510204081632654
db insert success
tensor(8.1100e-05, device='cuda:0')
(197, 3, 0, 1, 7500, 'elltwo', 'genrr', 8.109956979751587e-05, 0.05400000140070915, 3.8110196590423584, '2024-07-14 22:41:44', 4)
pval: [0.054] -- 197th test, time elapsed 3.8110196590423584 -- emperical power so far (from test_start): 0.25380710659898476
db insert success
tensor(-3.7860e-05, device='cuda:0')
(198, 3, 0, 1, 7500, 'elltwo', 'genrr', -3.786012530326843e-05, 0.7920000553131104, 3.8096320629119873, '2024-07-14 22:42:05', 4)
pval: [0.79200006] -- 198th test, time elapsed 3.8096320629119873 -- emperical power so far (from test_start): 0.25252525252525254
db insert success
tensor(5.2270e-05, device='cuda:0')
(199, 3, 0, 1, 7500, 'elltwo', 'genrr', 5.2269548177719116e-05, 0.125, 3.8105409145355225, '2024-07-14 22:42:18', 4)
pval: [0.125] -- 199th test, time elapsed 3.8105409145355225 -- emperical power so far (from test_start): 0.25125628140703515
db insert success
tensor(0.0001, device='cuda:0')
(200, 3, 0, 1, 7500, 'elltwo', 'genrr', 0.00010659359395503998, 0.015000000596046448, 3.8082234859466553, '2024-07-14 22:42:24', 4)
pval: [0.015] -- 200th test, time elapsed 3.8082234859466553 -- emperical power so far (from test_start): 0.255
db insert success
2727.61168217659
