bitflipprojchi, alpha=1, sample size=9000
#########################################
tensor(0.3775)
tensor(0.3775)
tensor(122.6864, device='cuda:0')
(1, 3, 0, 1, 9000, 'projchi', 'bitflip', 122.68643951416016, 0.0010000000474974513, 2.1453611850738525, '2024-07-16 23:38:55', 4)
pval: [0.001] -- 1th test, time elapsed 2.1453611850738525 -- emperical power so far (from test_start): 1.0
db insert success
tensor(0.3775)
tensor(0.3775)
tensor(148.6232, device='cuda:0')
(2, 3, 0, 1, 9000, 'projchi', 'bitflip', 148.6232147216797, 0.0010000000474974513, 2.129856586456299, '2024-07-16 23:39:05', 4)
pval: [0.001] -- 2th test, time elapsed 2.129856586456299 -- emperical power so far (from test_start): 1.0
db insert success
tensor(0.3775)
tensor(0.3775)
tensor(197.2734, device='cuda:0')
(3, 3, 0, 1, 9000, 'projchi', 'bitflip', 197.2733612060547, 0.0010000000474974513, 2.1303327083587646, '2024-07-16 23:39:23', 4)
pval: [0.001] -- 3th test, time elapsed 2.1303327083587646 -- emperical power so far (from test_start): 1.0
db insert success
tensor(0.3775)
tensor(0.3775)
tensor(139.0128, device='cuda:0')
(4, 3, 0, 1, 9000, 'projchi', 'bitflip', 139.0128173828125, 0.0010000000474974513, 2.131401538848877, '2024-07-16 23:39:45', 4)
pval: [0.001] -- 4th test, time elapsed 2.131401538848877 -- emperical power so far (from test_start): 1.0
db insert success
tensor(0.3775)
tensor(0.3775)
tensor(131.1485, device='cuda:0')
(5, 3, 0, 1, 9000, 'projchi', 'bitflip', 131.1484832763672, 0.0010000000474974513, 2.1321630477905273, '2024-07-16 23:39:48', 4)
pval: [0.001] -- 5th test, time elapsed 2.1321630477905273 -- emperical power so far (from test_start): 1.0
db insert success
tensor(0.3775)
tensor(0.3775)
tensor(145.2500, device='cuda:0')
(6, 3, 0, 1, 9000, 'projchi', 'bitflip', 145.24996948242188, 0.0010000000474974513, 2.129054307937622, '2024-07-16 23:39:58', 4)
pval: [0.001] -- 6th test, time elapsed 2.129054307937622 -- emperical power so far (from test_start): 1.0
db insert success
tensor(0.3775)
tensor(0.3775)
tensor(139.9231, device='cuda:0')
(7, 3, 0, 1, 9000, 'projchi', 'bitflip', 139.92312622070312, 0.0010000000474974513, 2.135058641433716, '2024-07-16 23:40:19', 4)
pval: [0.001] -- 7th test, time elapsed 2.135058641433716 -- emperical power so far (from test_start): 1.0
db insert success
tensor(0.3775)
tensor(0.3775)
tensor(97.2550, device='cuda:0')
(8, 3, 0, 1, 9000, 'projchi', 'bitflip', 97.25495147705078, 0.009000000543892384, 2.1333086490631104, '2024-07-16 23:40:40', 4)
pval: [0.009] -- 8th test, time elapsed 2.1333086490631104 -- emperical power so far (from test_start): 1.0
db insert success
tensor(0.3775)
tensor(0.3775)
tensor(145.7991, device='cuda:0')
(9, 3, 0, 1, 9000, 'projchi', 'bitflip', 145.7991180419922, 0.0010000000474974513, 2.1304008960723877, '2024-07-16 23:41:02', 4)
pval: [0.001] -- 9th test, time elapsed 2.1304008960723877 -- emperical power so far (from test_start): 1.0
db insert success
tensor(0.3775)
tensor(0.3775)
tensor(123.8361, device='cuda:0')
(10, 3, 0, 1, 9000, 'projchi', 'bitflip', 123.8360824584961, 0.0010000000474974513, 2.1322169303894043, '2024-07-16 23:41:07', 4)
pval: [0.001] -- 10th test, time elapsed 2.1322169303894043 -- emperical power so far (from test_start): 1.0
db insert success
tensor(0.3775)
tensor(0.3775)
tensor(143.5645, device='cuda:0')
(11, 3, 0, 1, 9000, 'projchi', 'bitflip', 143.5644989013672, 0.0010000000474974513, 2.131739616394043, '2024-07-16 23:41:22', 4)
pval: [0.001] -- 11th test, time elapsed 2.131739616394043 -- emperical power so far (from test_start): 1.0
db insert success
tensor(0.3775)
tensor(0.3775)
tensor(120.9930, device='cuda:0')
(12, 3, 0, 1, 9000, 'projchi', 'bitflip', 120.9930191040039, 0.0010000000474974513, 2.130251884460449, '2024-07-16 23:41:43', 4)
pval: [0.001] -- 12th test, time elapsed 2.130251884460449 -- emperical power so far (from test_start): 1.0
db insert success
tensor(0.3775)
tensor(0.3775)
tensor(122.7484, device='cuda:0')
(13, 3, 0, 1, 9000, 'projchi', 'bitflip', 122.7484130859375, 0.0010000000474974513, 2.1272454261779785, '2024-07-16 23:41:48', 4)
pval: [0.001] -- 13th test, time elapsed 2.1272454261779785 -- emperical power so far (from test_start): 1.0
db insert success
tensor(0.3775)
tensor(0.3775)
tensor(154.2720, device='cuda:0')
(14, 3, 0, 1, 9000, 'projchi', 'bitflip', 154.27197265625, 0.0010000000474974513, 2.1323766708374023, '2024-07-16 23:41:57', 4)
pval: [0.001] -- 14th test, time elapsed 2.1323766708374023 -- emperical power so far (from test_start): 1.0
db insert success
tensor(0.3775)
tensor(0.3775)
tensor(112.5541, device='cuda:0')
(15, 3, 0, 1, 9000, 'projchi', 'bitflip', 112.55409240722656, 0.0010000000474974513, 2.1284735202789307, '2024-07-16 23:42:10', 4)
pval: [0.001] -- 15th test, time elapsed 2.1284735202789307 -- emperical power so far (from test_start): 1.0
db insert success
tensor(0.3775)
tensor(0.3775)
tensor(176.8813, device='cuda:0')
(16, 3, 0, 1, 9000, 'projchi', 'bitflip', 176.88128662109375, 0.0010000000474974513, 2.1342265605926514, '2024-07-16 23:42:29', 4)
pval: [0.001] -- 16th test, time elapsed 2.1342265605926514 -- emperical power so far (from test_start): 1.0
db insert success
tensor(0.3775)
tensor(0.3775)
tensor(155.1566, device='cuda:0')
(17, 3, 0, 1, 9000, 'projchi', 'bitflip', 155.15663146972656, 0.0010000000474974513, 2.1355464458465576, '2024-07-16 23:42:41', 4)
pval: [0.001] -- 17th test, time elapsed 2.1355464458465576 -- emperical power so far (from test_start): 1.0
db insert success
tensor(0.3775)
tensor(0.3775)
tensor(158.2119, device='cuda:0')
(18, 3, 0, 1, 9000, 'projchi', 'bitflip', 158.21194458007812, 0.0010000000474974513, 2.1357674598693848, '2024-07-16 23:42:50', 4)
pval: [0.001] -- 18th test, time elapsed 2.1357674598693848 -- emperical power so far (from test_start): 1.0
db insert success
tensor(0.3775)
tensor(0.3775)
tensor(132.8625, device='cuda:0')
(19, 3, 0, 1, 9000, 'projchi', 'bitflip', 132.86245727539062, 0.0010000000474974513, 2.129605293273926, '2024-07-16 23:43:02', 4)
pval: [0.001] -- 19th test, time elapsed 2.129605293273926 -- emperical power so far (from test_start): 1.0
db insert success
tensor(0.3775)
tensor(0.3775)
tensor(138.4834, device='cuda:0')
(20, 3, 0, 1, 9000, 'projchi', 'bitflip', 138.48342895507812, 0.0010000000474974513, 2.1280648708343506, '2024-07-16 23:43:22', 4)
pval: [0.001] -- 20th test, time elapsed 2.1280648708343506 -- emperical power so far (from test_start): 1.0
db insert success
tensor(0.3775)
tensor(0.3775)
tensor(102.9384, device='cuda:0')
(21, 3, 0, 1, 9000, 'projchi', 'bitflip', 102.9383773803711, 0.0010000000474974513, 2.1373040676116943, '2024-07-16 23:43:41', 4)
pval: [0.001] -- 21th test, time elapsed 2.1373040676116943 -- emperical power so far (from test_start): 1.0
db insert success
tensor(0.3775)
tensor(0.3775)
tensor(170.2312, device='cuda:0')
(22, 3, 0, 1, 9000, 'projchi', 'bitflip', 170.2311553955078, 0.0010000000474974513, 2.128805637359619, '2024-07-16 23:43:52', 4)
pval: [0.001] -- 22th test, time elapsed 2.128805637359619 -- emperical power so far (from test_start): 1.0
db insert success
tensor(0.3775)
tensor(0.3775)
tensor(155.1211, device='cuda:0')
(23, 3, 0, 1, 9000, 'projchi', 'bitflip', 155.1211395263672, 0.0010000000474974513, 2.1219229698181152, '2024-07-16 23:44:06', 4)
pval: [0.001] -- 23th test, time elapsed 2.1219229698181152 -- emperical power so far (from test_start): 1.0
db insert success
tensor(0.3775)
tensor(0.3775)
tensor(139.0528, device='cuda:0')
(24, 3, 0, 1, 9000, 'projchi', 'bitflip', 139.0528106689453, 0.0010000000474974513, 2.126556158065796, '2024-07-16 23:44:14', 4)
pval: [0.001] -- 24th test, time elapsed 2.126556158065796 -- emperical power so far (from test_start): 1.0
db insert success
tensor(0.3775)
tensor(0.3775)
tensor(166.6703, device='cuda:0')
(25, 3, 0, 1, 9000, 'projchi', 'bitflip', 166.67030334472656, 0.0010000000474974513, 2.1218135356903076, '2024-07-16 23:44:27', 4)
pval: [0.001] -- 25th test, time elapsed 2.1218135356903076 -- emperical power so far (from test_start): 1.0
db insert success
tensor(0.3775)
tensor(0.3775)
tensor(146.3008, device='cuda:0')
(26, 3, 0, 1, 9000, 'projchi', 'bitflip', 146.30075073242188, 0.0010000000474974513, 2.1257622241973877, '2024-07-16 23:44:40', 4)
pval: [0.001] -- 26th test, time elapsed 2.1257622241973877 -- emperical power so far (from test_start): 1.0
db insert success
tensor(0.3775)
tensor(0.3775)
tensor(158.0038, device='cuda:0')
(27, 3, 0, 1, 9000, 'projchi', 'bitflip', 158.0037841796875, 0.0010000000474974513, 2.1216490268707275, '2024-07-16 23:44:44', 4)
pval: [0.001] -- 27th test, time elapsed 2.1216490268707275 -- emperical power so far (from test_start): 1.0
db insert success
tensor(0.3775)
tensor(0.3775)
tensor(142.0182, device='cuda:0')
(28, 3, 0, 1, 9000, 'projchi', 'bitflip', 142.01824951171875, 0.0010000000474974513, 2.1244938373565674, '2024-07-16 23:44:53', 4)
pval: [0.001] -- 28th test, time elapsed 2.1244938373565674 -- emperical power so far (from test_start): 1.0
db insert success
tensor(0.3775)
tensor(0.3775)
tensor(190.4183, device='cuda:0')
(29, 3, 0, 1, 9000, 'projchi', 'bitflip', 190.4183349609375, 0.0010000000474974513, 2.123659133911133, '2024-07-16 23:45:08', 4)
pval: [0.001] -- 29th test, time elapsed 2.123659133911133 -- emperical power so far (from test_start): 1.0
db insert success
tensor(0.3775)
tensor(0.3775)
tensor(164.6604, device='cuda:0')
(30, 3, 0, 1, 9000, 'projchi', 'bitflip', 164.66041564941406, 0.0010000000474974513, 2.1223511695861816, '2024-07-16 23:45:17', 4)
pval: [0.001] -- 30th test, time elapsed 2.1223511695861816 -- emperical power so far (from test_start): 1.0
db insert success
tensor(0.3775)
tensor(0.3775)
tensor(162.5854, device='cuda:0')
(31, 3, 0, 1, 9000, 'projchi', 'bitflip', 162.58535766601562, 0.0010000000474974513, 2.121673107147217, '2024-07-16 23:45:29', 4)
pval: [0.001] -- 31th test, time elapsed 2.121673107147217 -- emperical power so far (from test_start): 1.0
db insert success
tensor(0.3775)
tensor(0.3775)
tensor(130.2202, device='cuda:0')
(32, 3, 0, 1, 9000, 'projchi', 'bitflip', 130.22018432617188, 0.0010000000474974513, 2.1237030029296875, '2024-07-16 23:45:32', 4)
pval: [0.001] -- 32th test, time elapsed 2.1237030029296875 -- emperical power so far (from test_start): 1.0
db insert success
tensor(0.3775)
tensor(0.3775)
tensor(127.3581, device='cuda:0')
(33, 3, 0, 1, 9000, 'projchi', 'bitflip', 127.3580551147461, 0.0010000000474974513, 2.1263160705566406, '2024-07-16 23:45:47', 4)
pval: [0.001] -- 33th test, time elapsed 2.1263160705566406 -- emperical power so far (from test_start): 1.0
db insert success
tensor(0.3775)
tensor(0.3775)
tensor(124.2018, device='cuda:0')
(34, 3, 0, 1, 9000, 'projchi', 'bitflip', 124.20183563232422, 0.0010000000474974513, 2.124016284942627, '2024-07-16 23:45:54', 4)
pval: [0.001] -- 34th test, time elapsed 2.124016284942627 -- emperical power so far (from test_start): 1.0
db insert success
tensor(0.3775)
tensor(0.3775)
tensor(120.8584, device='cuda:0')
(35, 3, 0, 1, 9000, 'projchi', 'bitflip', 120.8583755493164, 0.0010000000474974513, 2.124915599822998, '2024-07-16 23:46:00', 4)
pval: [0.001] -- 35th test, time elapsed 2.124915599822998 -- emperical power so far (from test_start): 1.0
db insert success
tensor(0.3775)
tensor(0.3775)
tensor(160.5696, device='cuda:0')
(36, 3, 0, 1, 9000, 'projchi', 'bitflip', 160.56961059570312, 0.0010000000474974513, 2.125333547592163, '2024-07-16 23:46:18', 4)
pval: [0.001] -- 36th test, time elapsed 2.125333547592163 -- emperical power so far (from test_start): 1.0
db insert success
tensor(0.3775)
tensor(0.3775)
tensor(110.3666, device='cuda:0')
(37, 3, 0, 1, 9000, 'projchi', 'bitflip', 110.3666000366211, 0.0010000000474974513, 2.119723320007324, '2024-07-16 23:46:39', 4)
pval: [0.001] -- 37th test, time elapsed 2.119723320007324 -- emperical power so far (from test_start): 1.0
db insert success
tensor(0.3775)
tensor(0.3775)
tensor(164.3837, device='cuda:0')
(38, 3, 0, 1, 9000, 'projchi', 'bitflip', 164.3837127685547, 0.0010000000474974513, 2.1192901134490967, '2024-07-16 23:46:42', 4)
pval: [0.001] -- 38th test, time elapsed 2.1192901134490967 -- emperical power so far (from test_start): 1.0
db insert success
tensor(0.3775)
tensor(0.3775)
tensor(166.0934, device='cuda:0')
(39, 3, 0, 1, 9000, 'projchi', 'bitflip', 166.09335327148438, 0.0010000000474974513, 2.1241140365600586, '2024-07-16 23:46:54', 4)
pval: [0.001] -- 39th test, time elapsed 2.1241140365600586 -- emperical power so far (from test_start): 1.0
db insert success
tensor(0.3775)
tensor(0.3775)
tensor(161.8632, device='cuda:0')
(40, 3, 0, 1, 9000, 'projchi', 'bitflip', 161.8632354736328, 0.0010000000474974513, 2.119466781616211, '2024-07-16 23:46:59', 4)
pval: [0.001] -- 40th test, time elapsed 2.119466781616211 -- emperical power so far (from test_start): 1.0
db insert success
tensor(0.3775)
tensor(0.3775)
tensor(122.2575, device='cuda:0')
(41, 3, 0, 1, 9000, 'projchi', 'bitflip', 122.25745391845703, 0.0010000000474974513, 2.122248649597168, '2024-07-16 23:47:05', 4)
pval: [0.001] -- 41th test, time elapsed 2.122248649597168 -- emperical power so far (from test_start): 1.0
db insert success
tensor(0.3775)
tensor(0.3775)
tensor(134.3834, device='cuda:0')
(42, 3, 0, 1, 9000, 'projchi', 'bitflip', 134.3833770751953, 0.0010000000474974513, 2.124086856842041, '2024-07-16 23:47:10', 4)
pval: [0.001] -- 42th test, time elapsed 2.124086856842041 -- emperical power so far (from test_start): 1.0
db insert success
tensor(0.3775)
tensor(0.3775)
tensor(131.9939, device='cuda:0')
(43, 3, 0, 1, 9000, 'projchi', 'bitflip', 131.993896484375, 0.0010000000474974513, 2.1206865310668945, '2024-07-16 23:47:28', 4)
pval: [0.001] -- 43th test, time elapsed 2.1206865310668945 -- emperical power so far (from test_start): 1.0
db insert success
tensor(0.3775)
tensor(0.3775)
tensor(158.6812, device='cuda:0')
(44, 3, 0, 1, 9000, 'projchi', 'bitflip', 158.6812286376953, 0.0010000000474974513, 2.1206095218658447, '2024-07-16 23:47:39', 4)
pval: [0.001] -- 44th test, time elapsed 2.1206095218658447 -- emperical power so far (from test_start): 1.0
db insert success
tensor(0.3775)
tensor(0.3775)
tensor(129.3218, device='cuda:0')
(45, 3, 0, 1, 9000, 'projchi', 'bitflip', 129.32180786132812, 0.0010000000474974513, 2.120150327682495, '2024-07-16 23:48:00', 4)
pval: [0.001] -- 45th test, time elapsed 2.120150327682495 -- emperical power so far (from test_start): 1.0
db insert success
tensor(0.3775)
tensor(0.3775)
tensor(160.9588, device='cuda:0')
(46, 3, 0, 1, 9000, 'projchi', 'bitflip', 160.95875549316406, 0.0010000000474974513, 2.123918056488037, '2024-07-16 23:48:03', 4)
pval: [0.001] -- 46th test, time elapsed 2.123918056488037 -- emperical power so far (from test_start): 1.0
db insert success
tensor(0.3775)
tensor(0.3775)
tensor(161.0781, device='cuda:0')
(47, 3, 0, 1, 9000, 'projchi', 'bitflip', 161.0780792236328, 0.0010000000474974513, 2.122056245803833, '2024-07-16 23:48:22', 4)
pval: [0.001] -- 47th test, time elapsed 2.122056245803833 -- emperical power so far (from test_start): 1.0
db insert success
tensor(0.3775)
tensor(0.3775)
tensor(143.4766, device='cuda:0')
(48, 3, 0, 1, 9000, 'projchi', 'bitflip', 143.4766082763672, 0.0010000000474974513, 2.1204774379730225, '2024-07-16 23:48:32', 4)
pval: [0.001] -- 48th test, time elapsed 2.1204774379730225 -- emperical power so far (from test_start): 1.0
db insert success
tensor(0.3775)
tensor(0.3775)
tensor(99.7005, device='cuda:0')
(49, 3, 0, 1, 9000, 'projchi', 'bitflip', 99.70053100585938, 0.0010000000474974513, 2.120304584503174, '2024-07-16 23:48:44', 4)
pval: [0.001] -- 49th test, time elapsed 2.120304584503174 -- emperical power so far (from test_start): 1.0
db insert success
tensor(0.3775)
tensor(0.3775)
tensor(159.5286, device='cuda:0')
(50, 3, 0, 1, 9000, 'projchi', 'bitflip', 159.5286102294922, 0.0010000000474974513, 2.1222071647644043, '2024-07-16 23:48:55', 4)
pval: [0.001] -- 50th test, time elapsed 2.1222071647644043 -- emperical power so far (from test_start): 1.0
db insert success
tensor(0.3775)
tensor(0.3775)
tensor(161.3474, device='cuda:0')
(51, 3, 0, 1, 9000, 'projchi', 'bitflip', 161.347412109375, 0.0010000000474974513, 2.122138500213623, '2024-07-16 23:48:59', 4)
pval: [0.001] -- 51th test, time elapsed 2.122138500213623 -- emperical power so far (from test_start): 1.0
db insert success
tensor(0.3775)
tensor(0.3775)
tensor(145.7263, device='cuda:0')
(52, 3, 0, 1, 9000, 'projchi', 'bitflip', 145.72628784179688, 0.0010000000474974513, 2.123783826828003, '2024-07-16 23:49:20', 4)
pval: [0.001] -- 52th test, time elapsed 2.123783826828003 -- emperical power so far (from test_start): 1.0
db insert success
tensor(0.3775)
tensor(0.3775)
tensor(166.9718, device='cuda:0')
(53, 3, 0, 1, 9000, 'projchi', 'bitflip', 166.9718017578125, 0.0010000000474974513, 2.1214351654052734, '2024-07-16 23:49:35', 4)
pval: [0.001] -- 53th test, time elapsed 2.1214351654052734 -- emperical power so far (from test_start): 1.0
db insert success
tensor(0.3775)
tensor(0.3775)
tensor(173.1252, device='cuda:0')
(54, 3, 0, 1, 9000, 'projchi', 'bitflip', 173.12515258789062, 0.0010000000474974513, 2.1205952167510986, '2024-07-16 23:49:51', 4)
pval: [0.001] -- 54th test, time elapsed 2.1205952167510986 -- emperical power so far (from test_start): 1.0
db insert success
tensor(0.3775)
tensor(0.3775)
tensor(137.3587, device='cuda:0')
(55, 3, 0, 1, 9000, 'projchi', 'bitflip', 137.35870361328125, 0.0010000000474974513, 2.1246025562286377, '2024-07-16 23:50:13', 4)
pval: [0.001] -- 55th test, time elapsed 2.1246025562286377 -- emperical power so far (from test_start): 1.0
db insert success
tensor(0.3775)
tensor(0.3775)
tensor(174.5568, device='cuda:0')
(56, 3, 0, 1, 9000, 'projchi', 'bitflip', 174.55679321289062, 0.0010000000474974513, 2.122847557067871, '2024-07-16 23:50:16', 4)
pval: [0.001] -- 56th test, time elapsed 2.122847557067871 -- emperical power so far (from test_start): 1.0
db insert success
tensor(0.3775)
tensor(0.3775)
tensor(178.4129, device='cuda:0')
(57, 3, 0, 1, 9000, 'projchi', 'bitflip', 178.41290283203125, 0.0010000000474974513, 2.1195156574249268, '2024-07-16 23:50:29', 4)
pval: [0.001] -- 57th test, time elapsed 2.1195156574249268 -- emperical power so far (from test_start): 1.0
db insert success
tensor(0.3775)
tensor(0.3775)
tensor(140.3144, device='cuda:0')
(58, 3, 0, 1, 9000, 'projchi', 'bitflip', 140.31443786621094, 0.0010000000474974513, 2.119285821914673, '2024-07-16 23:50:40', 4)
pval: [0.001] -- 58th test, time elapsed 2.119285821914673 -- emperical power so far (from test_start): 1.0
db insert success
tensor(0.3775)
tensor(0.3775)
tensor(143.4863, device='cuda:0')
(59, 3, 0, 1, 9000, 'projchi', 'bitflip', 143.48634338378906, 0.0010000000474974513, 2.124709129333496, '2024-07-16 23:50:50', 4)
pval: [0.001] -- 59th test, time elapsed 2.124709129333496 -- emperical power so far (from test_start): 1.0
db insert success
tensor(0.3775)
tensor(0.3775)
tensor(151.1317, device='cuda:0')
(60, 3, 0, 1, 9000, 'projchi', 'bitflip', 151.13168334960938, 0.0010000000474974513, 2.1241118907928467, '2024-07-16 23:51:08', 4)
pval: [0.001] -- 60th test, time elapsed 2.1241118907928467 -- emperical power so far (from test_start): 1.0
db insert success
tensor(0.3775)
tensor(0.3775)
tensor(111.5226, device='cuda:0')
(61, 3, 0, 1, 9000, 'projchi', 'bitflip', 111.52261352539062, 0.0010000000474974513, 2.121485710144043, '2024-07-16 23:51:16', 4)
pval: [0.001] -- 61th test, time elapsed 2.121485710144043 -- emperical power so far (from test_start): 1.0
db insert success
tensor(0.3775)
tensor(0.3775)
tensor(139.7020, device='cuda:0')
(62, 3, 0, 1, 9000, 'projchi', 'bitflip', 139.70196533203125, 0.0010000000474974513, 2.123248338699341, '2024-07-16 23:51:29', 4)
pval: [0.001] -- 62th test, time elapsed 2.123248338699341 -- emperical power so far (from test_start): 1.0
db insert success
tensor(0.3775)
tensor(0.3775)
tensor(162.0119, device='cuda:0')
(63, 3, 0, 1, 9000, 'projchi', 'bitflip', 162.01185607910156, 0.0010000000474974513, 2.1217074394226074, '2024-07-16 23:51:51', 4)
pval: [0.001] -- 63th test, time elapsed 2.1217074394226074 -- emperical power so far (from test_start): 1.0
db insert success
tensor(0.3775)
tensor(0.3775)
tensor(111.9230, device='cuda:0')
(64, 3, 0, 1, 9000, 'projchi', 'bitflip', 111.9229507446289, 0.0010000000474974513, 2.128207206726074, '2024-07-16 23:52:04', 4)
pval: [0.001] -- 64th test, time elapsed 2.128207206726074 -- emperical power so far (from test_start): 1.0
db insert success
tensor(0.3775)
tensor(0.3775)
tensor(150.1396, device='cuda:0')
(65, 3, 0, 1, 9000, 'projchi', 'bitflip', 150.1395721435547, 0.0010000000474974513, 2.123316764831543, '2024-07-16 23:52:07', 4)
pval: [0.001] -- 65th test, time elapsed 2.123316764831543 -- emperical power so far (from test_start): 1.0
db insert success
tensor(0.3775)
tensor(0.3775)
tensor(138.3012, device='cuda:0')
(66, 3, 0, 1, 9000, 'projchi', 'bitflip', 138.30117797851562, 0.0010000000474974513, 2.1250827312469482, '2024-07-16 23:52:16', 4)
pval: [0.001] -- 66th test, time elapsed 2.1250827312469482 -- emperical power so far (from test_start): 1.0
db insert success
tensor(0.3775)
tensor(0.3775)
tensor(162.2564, device='cuda:0')
(67, 3, 0, 1, 9000, 'projchi', 'bitflip', 162.25640869140625, 0.0010000000474974513, 2.1205897331237793, '2024-07-16 23:52:33', 4)
pval: [0.001] -- 67th test, time elapsed 2.1205897331237793 -- emperical power so far (from test_start): 1.0
db insert success
tensor(0.3775)
tensor(0.3775)
tensor(189.0235, device='cuda:0')
(68, 3, 0, 1, 9000, 'projchi', 'bitflip', 189.02352905273438, 0.0010000000474974513, 2.1223020553588867, '2024-07-16 23:52:52', 4)
pval: [0.001] -- 68th test, time elapsed 2.1223020553588867 -- emperical power so far (from test_start): 1.0
db insert success
tensor(0.3775)
tensor(0.3775)
tensor(150.2189, device='cuda:0')
(69, 3, 0, 1, 9000, 'projchi', 'bitflip', 150.21890258789062, 0.0010000000474974513, 2.122649669647217, '2024-07-16 23:53:02', 4)
pval: [0.001] -- 69th test, time elapsed 2.122649669647217 -- emperical power so far (from test_start): 1.0
db insert success
tensor(0.3775)
tensor(0.3775)
tensor(135.9548, device='cuda:0')
(70, 3, 0, 1, 9000, 'projchi', 'bitflip', 135.954833984375, 0.0010000000474974513, 2.124234199523926, '2024-07-16 23:53:13', 4)
pval: [0.001] -- 70th test, time elapsed 2.124234199523926 -- emperical power so far (from test_start): 1.0
db insert success
tensor(0.3775)
tensor(0.3775)
tensor(137.3962, device='cuda:0')
(71, 3, 0, 1, 9000, 'projchi', 'bitflip', 137.39617919921875, 0.0010000000474974513, 2.1209590435028076, '2024-07-16 23:53:16', 4)
pval: [0.001] -- 71th test, time elapsed 2.1209590435028076 -- emperical power so far (from test_start): 1.0
db insert success
tensor(0.3775)
tensor(0.3775)
tensor(128.9622, device='cuda:0')
(72, 3, 0, 1, 9000, 'projchi', 'bitflip', 128.96221923828125, 0.0010000000474974513, 2.1223626136779785, '2024-07-16 23:53:26', 4)
pval: [0.001] -- 72th test, time elapsed 2.1223626136779785 -- emperical power so far (from test_start): 1.0
db insert success
tensor(0.3775)
tensor(0.3775)
tensor(152.6848, device='cuda:0')
(73, 3, 0, 1, 9000, 'projchi', 'bitflip', 152.68475341796875, 0.0010000000474974513, 2.123260021209717, '2024-07-16 23:53:36', 4)
pval: [0.001] -- 73th test, time elapsed 2.123260021209717 -- emperical power so far (from test_start): 1.0
db insert success
tensor(0.3775)
tensor(0.3775)
tensor(156.3256, device='cuda:0')
(74, 3, 0, 1, 9000, 'projchi', 'bitflip', 156.3256072998047, 0.0010000000474974513, 2.123321771621704, '2024-07-16 23:53:52', 4)
pval: [0.001] -- 74th test, time elapsed 2.123321771621704 -- emperical power so far (from test_start): 1.0
db insert success
tensor(0.3775)
tensor(0.3775)
tensor(134.1635, device='cuda:0')
(75, 3, 0, 1, 9000, 'projchi', 'bitflip', 134.16351318359375, 0.0010000000474974513, 2.1244091987609863, '2024-07-16 23:53:55', 4)
pval: [0.001] -- 75th test, time elapsed 2.1244091987609863 -- emperical power so far (from test_start): 1.0
db insert success
tensor(0.3775)
tensor(0.3775)
tensor(144.4479, device='cuda:0')
(76, 3, 0, 1, 9000, 'projchi', 'bitflip', 144.44789123535156, 0.0010000000474974513, 2.1276283264160156, '2024-07-16 23:54:09', 4)
pval: [0.001] -- 76th test, time elapsed 2.1276283264160156 -- emperical power so far (from test_start): 1.0
db insert success
tensor(0.3775)
tensor(0.3775)
tensor(150.7393, device='cuda:0')
(77, 3, 0, 1, 9000, 'projchi', 'bitflip', 150.7393035888672, 0.0010000000474974513, 2.1201798915863037, '2024-07-16 23:54:24', 4)
pval: [0.001] -- 77th test, time elapsed 2.1201798915863037 -- emperical power so far (from test_start): 1.0
db insert success
tensor(0.3775)
tensor(0.3775)
tensor(120.8159, device='cuda:0')
(78, 3, 0, 1, 9000, 'projchi', 'bitflip', 120.81593322753906, 0.0010000000474974513, 2.127923011779785, '2024-07-16 23:54:42', 4)
pval: [0.001] -- 78th test, time elapsed 2.127923011779785 -- emperical power so far (from test_start): 1.0
db insert success
tensor(0.3775)
tensor(0.3775)
tensor(119.1859, device='cuda:0')
(79, 3, 0, 1, 9000, 'projchi', 'bitflip', 119.18590545654297, 0.0010000000474974513, 2.1265242099761963, '2024-07-16 23:54:53', 4)
pval: [0.001] -- 79th test, time elapsed 2.1265242099761963 -- emperical power so far (from test_start): 1.0
db insert success
tensor(0.3775)
tensor(0.3775)
tensor(182.4674, device='cuda:0')
(80, 3, 0, 1, 9000, 'projchi', 'bitflip', 182.46739196777344, 0.0010000000474974513, 2.1208159923553467, '2024-07-16 23:55:02', 4)
pval: [0.001] -- 80th test, time elapsed 2.1208159923553467 -- emperical power so far (from test_start): 1.0
db insert success
tensor(0.3775)
tensor(0.3775)
tensor(143.5518, device='cuda:0')
(81, 3, 0, 1, 9000, 'projchi', 'bitflip', 143.5517578125, 0.0010000000474974513, 2.123189926147461, '2024-07-16 23:55:17', 4)
pval: [0.001] -- 81th test, time elapsed 2.123189926147461 -- emperical power so far (from test_start): 1.0
db insert success
tensor(0.3775)
tensor(0.3775)
tensor(144.4272, device='cuda:0')
(82, 3, 0, 1, 9000, 'projchi', 'bitflip', 144.4271697998047, 0.0010000000474974513, 2.122527599334717, '2024-07-16 23:55:31', 4)
pval: [0.001] -- 82th test, time elapsed 2.122527599334717 -- emperical power so far (from test_start): 1.0
db insert success
tensor(0.3775)
tensor(0.3775)
tensor(128.0133, device='cuda:0')
(83, 3, 0, 1, 9000, 'projchi', 'bitflip', 128.0133056640625, 0.0010000000474974513, 2.121372938156128, '2024-07-16 23:55:54', 4)
pval: [0.001] -- 83th test, time elapsed 2.121372938156128 -- emperical power so far (from test_start): 1.0
db insert success
tensor(0.3775)
tensor(0.3775)
tensor(152.8506, device='cuda:0')
(84, 3, 0, 1, 9000, 'projchi', 'bitflip', 152.85057067871094, 0.0010000000474974513, 2.123570442199707, '2024-07-16 23:56:09', 4)
pval: [0.001] -- 84th test, time elapsed 2.123570442199707 -- emperical power so far (from test_start): 1.0
db insert success
tensor(0.3775)
tensor(0.3775)
tensor(160.8398, device='cuda:0')
(85, 3, 0, 1, 9000, 'projchi', 'bitflip', 160.83978271484375, 0.0010000000474974513, 2.1215097904205322, '2024-07-16 23:56:25', 4)
pval: [0.001] -- 85th test, time elapsed 2.1215097904205322 -- emperical power so far (from test_start): 1.0
db insert success
tensor(0.3775)
tensor(0.3775)
tensor(181.4786, device='cuda:0')
(86, 3, 0, 1, 9000, 'projchi', 'bitflip', 181.4785614013672, 0.0010000000474974513, 2.122237205505371, '2024-07-16 23:56:39', 4)
pval: [0.001] -- 86th test, time elapsed 2.122237205505371 -- emperical power so far (from test_start): 1.0
db insert success
tensor(0.3775)
tensor(0.3775)
tensor(141.1534, device='cuda:0')
(87, 3, 0, 1, 9000, 'projchi', 'bitflip', 141.15338134765625, 0.0010000000474974513, 2.123523712158203, '2024-07-16 23:56:56', 4)
pval: [0.001] -- 87th test, time elapsed 2.123523712158203 -- emperical power so far (from test_start): 1.0
db insert success
tensor(0.3775)
tensor(0.3775)
tensor(138.9008, device='cuda:0')
(88, 3, 0, 1, 9000, 'projchi', 'bitflip', 138.90084838867188, 0.0010000000474974513, 2.1245932579040527, '2024-07-16 23:57:04', 4)
pval: [0.001] -- 88th test, time elapsed 2.1245932579040527 -- emperical power so far (from test_start): 1.0
db insert success
tensor(0.3775)
tensor(0.3775)
tensor(163.9469, device='cuda:0')
(89, 3, 0, 1, 9000, 'projchi', 'bitflip', 163.94691467285156, 0.0010000000474974513, 2.121450424194336, '2024-07-16 23:57:08', 4)
pval: [0.001] -- 89th test, time elapsed 2.121450424194336 -- emperical power so far (from test_start): 1.0
db insert success
tensor(0.3775)
tensor(0.3775)
tensor(120.3511, device='cuda:0')
(90, 3, 0, 1, 9000, 'projchi', 'bitflip', 120.35113525390625, 0.0010000000474974513, 2.12402081489563, '2024-07-16 23:57:12', 4)
pval: [0.001] -- 90th test, time elapsed 2.12402081489563 -- emperical power so far (from test_start): 1.0
db insert success
tensor(0.3775)
tensor(0.3775)
tensor(149.4885, device='cuda:0')
(91, 3, 0, 1, 9000, 'projchi', 'bitflip', 149.48846435546875, 0.0010000000474974513, 2.12007737159729, '2024-07-16 23:57:18', 4)
pval: [0.001] -- 91th test, time elapsed 2.12007737159729 -- emperical power so far (from test_start): 1.0
db insert success
tensor(0.3775)
tensor(0.3775)
tensor(141.2572, device='cuda:0')
(92, 3, 0, 1, 9000, 'projchi', 'bitflip', 141.2572021484375, 0.0010000000474974513, 2.1244020462036133, '2024-07-16 23:57:31', 4)
pval: [0.001] -- 92th test, time elapsed 2.1244020462036133 -- emperical power so far (from test_start): 1.0
db insert success
tensor(0.3775)
tensor(0.3775)
tensor(149.6410, device='cuda:0')
(93, 3, 0, 1, 9000, 'projchi', 'bitflip', 149.64096069335938, 0.0010000000474974513, 2.1218206882476807, '2024-07-16 23:57:50', 4)
pval: [0.001] -- 93th test, time elapsed 2.1218206882476807 -- emperical power so far (from test_start): 1.0
db insert success
tensor(0.3775)
tensor(0.3775)
tensor(116.3434, device='cuda:0')
(94, 3, 0, 1, 9000, 'projchi', 'bitflip', 116.34342956542969, 0.0010000000474974513, 2.1214234828948975, '2024-07-16 23:58:04', 4)
pval: [0.001] -- 94th test, time elapsed 2.1214234828948975 -- emperical power so far (from test_start): 1.0
db insert success
tensor(0.3775)
tensor(0.3775)
tensor(137.6643, device='cuda:0')
(95, 3, 0, 1, 9000, 'projchi', 'bitflip', 137.6642608642578, 0.0010000000474974513, 2.1206867694854736, '2024-07-16 23:58:23', 4)
pval: [0.001] -- 95th test, time elapsed 2.1206867694854736 -- emperical power so far (from test_start): 1.0
db insert success
tensor(0.3775)
tensor(0.3775)
tensor(160.5064, device='cuda:0')
(96, 3, 0, 1, 9000, 'projchi', 'bitflip', 160.5063934326172, 0.0010000000474974513, 2.118655204772949, '2024-07-16 23:58:27', 4)
pval: [0.001] -- 96th test, time elapsed 2.118655204772949 -- emperical power so far (from test_start): 1.0
db insert success
tensor(0.3775)
tensor(0.3775)
tensor(133.7925, device='cuda:0')
(97, 3, 0, 1, 9000, 'projchi', 'bitflip', 133.79249572753906, 0.0010000000474974513, 2.110729217529297, '2024-07-16 23:58:44', 4)
pval: [0.001] -- 97th test, time elapsed 2.110729217529297 -- emperical power so far (from test_start): 1.0
db insert success
tensor(0.3775)
tensor(0.3775)
tensor(143.6352, device='cuda:0')
(98, 3, 0, 1, 9000, 'projchi', 'bitflip', 143.63516235351562, 0.0010000000474974513, 2.1175546646118164, '2024-07-16 23:58:58', 4)
pval: [0.001] -- 98th test, time elapsed 2.1175546646118164 -- emperical power so far (from test_start): 1.0
db insert success
tensor(0.3775)
tensor(0.3775)
tensor(150.8769, device='cuda:0')
(99, 3, 0, 1, 9000, 'projchi', 'bitflip', 150.87693786621094, 0.0010000000474974513, 2.1169216632843018, '2024-07-16 23:59:12', 4)
pval: [0.001] -- 99th test, time elapsed 2.1169216632843018 -- emperical power so far (from test_start): 1.0
db insert success
tensor(0.3775)
tensor(0.3775)
tensor(118.4134, device='cuda:0')
(100, 3, 0, 1, 9000, 'projchi', 'bitflip', 118.41336059570312, 0.0010000000474974513, 2.1136765480041504, '2024-07-16 23:59:29', 4)
pval: [0.001] -- 100th test, time elapsed 2.1136765480041504 -- emperical power so far (from test_start): 1.0
db insert success
tensor(0.3775)
tensor(0.3775)
tensor(138.1630, device='cuda:0')
(101, 3, 0, 1, 9000, 'projchi', 'bitflip', 138.1630401611328, 0.0010000000474974513, 2.1132090091705322, '2024-07-16 23:59:45', 4)
pval: [0.001] -- 101th test, time elapsed 2.1132090091705322 -- emperical power so far (from test_start): 1.0
db insert success
tensor(0.3775)
tensor(0.3775)
tensor(140.0213, device='cuda:0')
(102, 3, 0, 1, 9000, 'projchi', 'bitflip', 140.02127075195312, 0.0010000000474974513, 2.1153547763824463, '2024-07-16 23:59:57', 4)
pval: [0.001] -- 102th test, time elapsed 2.1153547763824463 -- emperical power so far (from test_start): 1.0
db insert success
tensor(0.3775)
tensor(0.3775)
tensor(117.2513, device='cuda:0')
(103, 3, 0, 1, 9000, 'projchi', 'bitflip', 117.2513427734375, 0.0010000000474974513, 2.116499185562134, '2024-07-17 00:00:11', 4)
pval: [0.001] -- 103th test, time elapsed 2.116499185562134 -- emperical power so far (from test_start): 1.0
db insert success
tensor(0.3775)
tensor(0.3775)
tensor(187.0970, device='cuda:0')
(104, 3, 0, 1, 9000, 'projchi', 'bitflip', 187.09695434570312, 0.0010000000474974513, 2.119166374206543, '2024-07-17 00:00:17', 4)
pval: [0.001] -- 104th test, time elapsed 2.119166374206543 -- emperical power so far (from test_start): 1.0
db insert success
tensor(0.3775)
tensor(0.3775)
tensor(156.0191, device='cuda:0')
(105, 3, 0, 1, 9000, 'projchi', 'bitflip', 156.01905822753906, 0.0010000000474974513, 2.1108529567718506, '2024-07-17 00:00:29', 4)
pval: [0.001] -- 105th test, time elapsed 2.1108529567718506 -- emperical power so far (from test_start): 1.0
db insert success
tensor(0.3775)
tensor(0.3775)
tensor(139.0594, device='cuda:0')
(106, 3, 0, 1, 9000, 'projchi', 'bitflip', 139.0593719482422, 0.0010000000474974513, 2.1192283630371094, '2024-07-17 00:00:49', 4)
pval: [0.001] -- 106th test, time elapsed 2.1192283630371094 -- emperical power so far (from test_start): 1.0
db insert success
tensor(0.3775)
tensor(0.3775)
tensor(147.4060, device='cuda:0')
(107, 3, 0, 1, 9000, 'projchi', 'bitflip', 147.40602111816406, 0.0010000000474974513, 2.11458420753479, '2024-07-17 00:01:06', 4)
pval: [0.001] -- 107th test, time elapsed 2.11458420753479 -- emperical power so far (from test_start): 1.0
db insert success
tensor(0.3775)
tensor(0.3775)
tensor(164.6206, device='cuda:0')
(108, 3, 0, 1, 9000, 'projchi', 'bitflip', 164.6205596923828, 0.0010000000474974513, 2.114711046218872, '2024-07-17 00:01:14', 4)
pval: [0.001] -- 108th test, time elapsed 2.114711046218872 -- emperical power so far (from test_start): 1.0
db insert success
tensor(0.3775)
tensor(0.3775)
tensor(157.4042, device='cuda:0')
(109, 3, 0, 1, 9000, 'projchi', 'bitflip', 157.40415954589844, 0.0010000000474974513, 2.115304708480835, '2024-07-17 00:01:34', 4)
pval: [0.001] -- 109th test, time elapsed 2.115304708480835 -- emperical power so far (from test_start): 1.0
db insert success
tensor(0.3775)
tensor(0.3775)
tensor(162.7831, device='cuda:0')
(110, 3, 0, 1, 9000, 'projchi', 'bitflip', 162.78305053710938, 0.0010000000474974513, 2.1184046268463135, '2024-07-17 00:01:50', 4)
pval: [0.001] -- 110th test, time elapsed 2.1184046268463135 -- emperical power so far (from test_start): 1.0
db insert success
tensor(0.3775)
tensor(0.3775)
tensor(131.3945, device='cuda:0')
(111, 3, 0, 1, 9000, 'projchi', 'bitflip', 131.3944549560547, 0.0010000000474974513, 2.1122817993164062, '2024-07-17 00:02:11', 4)
pval: [0.001] -- 111th test, time elapsed 2.1122817993164062 -- emperical power so far (from test_start): 1.0
db insert success
tensor(0.3775)
tensor(0.3775)
tensor(144.0563, device='cuda:0')
(112, 3, 0, 1, 9000, 'projchi', 'bitflip', 144.05628967285156, 0.0010000000474974513, 2.1139934062957764, '2024-07-17 00:02:33', 4)
pval: [0.001] -- 112th test, time elapsed 2.1139934062957764 -- emperical power so far (from test_start): 1.0
db insert success
tensor(0.3775)
tensor(0.3775)
tensor(164.8454, device='cuda:0')
(113, 3, 0, 1, 9000, 'projchi', 'bitflip', 164.84544372558594, 0.0010000000474974513, 2.1149377822875977, '2024-07-17 00:02:50', 4)
pval: [0.001] -- 113th test, time elapsed 2.1149377822875977 -- emperical power so far (from test_start): 1.0
db insert success
tensor(0.3775)
tensor(0.3775)
tensor(162.8832, device='cuda:0')
(114, 3, 0, 1, 9000, 'projchi', 'bitflip', 162.88323974609375, 0.0010000000474974513, 2.1150577068328857, '2024-07-17 00:02:57', 4)
pval: [0.001] -- 114th test, time elapsed 2.1150577068328857 -- emperical power so far (from test_start): 1.0
db insert success
tensor(0.3775)
tensor(0.3775)
tensor(142.9520, device='cuda:0')
(115, 3, 0, 1, 9000, 'projchi', 'bitflip', 142.95204162597656, 0.0010000000474974513, 2.113318920135498, '2024-07-17 00:03:01', 4)
pval: [0.001] -- 115th test, time elapsed 2.113318920135498 -- emperical power so far (from test_start): 1.0
db insert success
tensor(0.3775)
tensor(0.3775)
tensor(149.0424, device='cuda:0')
(116, 3, 0, 1, 9000, 'projchi', 'bitflip', 149.04244995117188, 0.0010000000474974513, 2.1151397228240967, '2024-07-17 00:03:23', 4)
pval: [0.001] -- 116th test, time elapsed 2.1151397228240967 -- emperical power so far (from test_start): 1.0
db insert success
tensor(0.3775)
tensor(0.3775)
tensor(204.5725, device='cuda:0')
(117, 3, 0, 1, 9000, 'projchi', 'bitflip', 204.57254028320312, 0.0010000000474974513, 2.1067121028900146, '2024-07-17 00:03:35', 4)
pval: [0.001] -- 117th test, time elapsed 2.1067121028900146 -- emperical power so far (from test_start): 1.0
db insert success
tensor(0.3775)
tensor(0.3775)
tensor(162.8492, device='cuda:0')
(118, 3, 0, 1, 9000, 'projchi', 'bitflip', 162.84915161132812, 0.0010000000474974513, 2.113978385925293, '2024-07-17 00:03:57', 4)
pval: [0.001] -- 118th test, time elapsed 2.113978385925293 -- emperical power so far (from test_start): 1.0
db insert success
tensor(0.3775)
tensor(0.3775)
tensor(168.7414, device='cuda:0')
(119, 3, 0, 1, 9000, 'projchi', 'bitflip', 168.74139404296875, 0.0010000000474974513, 2.1132354736328125, '2024-07-17 00:04:00', 4)
pval: [0.001] -- 119th test, time elapsed 2.1132354736328125 -- emperical power so far (from test_start): 1.0
db insert success
tensor(0.3775)
tensor(0.3775)
tensor(168.1580, device='cuda:0')
(120, 3, 0, 1, 9000, 'projchi', 'bitflip', 168.15797424316406, 0.0010000000474974513, 2.114590644836426, '2024-07-17 00:04:08', 4)
pval: [0.001] -- 120th test, time elapsed 2.114590644836426 -- emperical power so far (from test_start): 1.0
db insert success
tensor(0.3775)
tensor(0.3775)
tensor(138.7599, device='cuda:0')
(121, 3, 0, 1, 9000, 'projchi', 'bitflip', 138.75987243652344, 0.0010000000474974513, 2.1151580810546875, '2024-07-17 00:04:29', 4)
pval: [0.001] -- 121th test, time elapsed 2.1151580810546875 -- emperical power so far (from test_start): 1.0
db insert success
tensor(0.3775)
tensor(0.3775)
tensor(164.4435, device='cuda:0')
(122, 3, 0, 1, 9000, 'projchi', 'bitflip', 164.44351196289062, 0.0010000000474974513, 2.1184685230255127, '2024-07-17 00:04:49', 4)
pval: [0.001] -- 122th test, time elapsed 2.1184685230255127 -- emperical power so far (from test_start): 1.0
db insert success
tensor(0.3775)
tensor(0.3775)
tensor(189.2258, device='cuda:0')
(123, 3, 0, 1, 9000, 'projchi', 'bitflip', 189.22579956054688, 0.0010000000474974513, 2.1128437519073486, '2024-07-17 00:05:10', 4)
pval: [0.001] -- 123th test, time elapsed 2.1128437519073486 -- emperical power so far (from test_start): 1.0
db insert success
tensor(0.3775)
tensor(0.3775)
tensor(127.1867, device='cuda:0')
(124, 3, 0, 1, 9000, 'projchi', 'bitflip', 127.18672943115234, 0.0010000000474974513, 2.1152424812316895, '2024-07-17 00:05:21', 4)
pval: [0.001] -- 124th test, time elapsed 2.1152424812316895 -- emperical power so far (from test_start): 1.0
db insert success
tensor(0.3775)
tensor(0.3775)
tensor(151.6054, device='cuda:0')
(125, 3, 0, 1, 9000, 'projchi', 'bitflip', 151.60536193847656, 0.0010000000474974513, 2.1114144325256348, '2024-07-17 00:05:36', 4)
pval: [0.001] -- 125th test, time elapsed 2.1114144325256348 -- emperical power so far (from test_start): 1.0
db insert success
tensor(0.3775)
tensor(0.3775)
tensor(137.7074, device='cuda:0')
(126, 3, 0, 1, 9000, 'projchi', 'bitflip', 137.7073974609375, 0.0010000000474974513, 2.113746166229248, '2024-07-17 00:05:47', 4)
pval: [0.001] -- 126th test, time elapsed 2.113746166229248 -- emperical power so far (from test_start): 1.0
db insert success
tensor(0.3775)
tensor(0.3775)
tensor(122.3182, device='cuda:0')
(127, 3, 0, 1, 9000, 'projchi', 'bitflip', 122.31819915771484, 0.0010000000474974513, 2.1124134063720703, '2024-07-17 00:06:07', 4)
pval: [0.001] -- 127th test, time elapsed 2.1124134063720703 -- emperical power so far (from test_start): 1.0
db insert success
tensor(0.3775)
tensor(0.3775)
tensor(122.2905, device='cuda:0')
(128, 3, 0, 1, 9000, 'projchi', 'bitflip', 122.29047393798828, 0.0010000000474974513, 2.115448474884033, '2024-07-17 00:06:11', 4)
pval: [0.001] -- 128th test, time elapsed 2.115448474884033 -- emperical power so far (from test_start): 1.0
db insert success
tensor(0.3775)
tensor(0.3775)
tensor(189.5918, device='cuda:0')
(129, 3, 0, 1, 9000, 'projchi', 'bitflip', 189.59178161621094, 0.0010000000474974513, 2.1111910343170166, '2024-07-17 00:06:23', 4)
pval: [0.001] -- 129th test, time elapsed 2.1111910343170166 -- emperical power so far (from test_start): 1.0
db insert success
tensor(0.3775)
tensor(0.3775)
tensor(165.1068, device='cuda:0')
(130, 3, 0, 1, 9000, 'projchi', 'bitflip', 165.10682678222656, 0.0010000000474974513, 2.113610029220581, '2024-07-17 00:06:41', 4)
pval: [0.001] -- 130th test, time elapsed 2.113610029220581 -- emperical power so far (from test_start): 1.0
db insert success
tensor(0.3775)
tensor(0.3775)
tensor(166.8256, device='cuda:0')
(131, 3, 0, 1, 9000, 'projchi', 'bitflip', 166.82559204101562, 0.0010000000474974513, 2.1155145168304443, '2024-07-17 00:06:57', 4)
pval: [0.001] -- 131th test, time elapsed 2.1155145168304443 -- emperical power so far (from test_start): 1.0
db insert success
tensor(0.3775)
tensor(0.3775)
tensor(130.6765, device='cuda:0')
(132, 3, 0, 1, 9000, 'projchi', 'bitflip', 130.67649841308594, 0.0010000000474974513, 2.114509344100952, '2024-07-17 00:07:13', 4)
pval: [0.001] -- 132th test, time elapsed 2.114509344100952 -- emperical power so far (from test_start): 1.0
db insert success
tensor(0.3775)
tensor(0.3775)
tensor(91.8755, device='cuda:0')
(133, 3, 0, 1, 9000, 'projchi', 'bitflip', 91.87554931640625, 0.005000000353902578, 2.111746311187744, '2024-07-17 00:07:28', 4)
pval: [0.005] -- 133th test, time elapsed 2.111746311187744 -- emperical power so far (from test_start): 1.0
db insert success
tensor(0.3775)
tensor(0.3775)
tensor(155.5628, device='cuda:0')
(134, 3, 0, 1, 9000, 'projchi', 'bitflip', 155.56275939941406, 0.0010000000474974513, 2.1137657165527344, '2024-07-17 00:07:36', 4)
pval: [0.001] -- 134th test, time elapsed 2.1137657165527344 -- emperical power so far (from test_start): 1.0
db insert success
tensor(0.3775)
tensor(0.3775)
tensor(155.8402, device='cuda:0')
(135, 3, 0, 1, 9000, 'projchi', 'bitflip', 155.8401641845703, 0.0010000000474974513, 2.1116127967834473, '2024-07-17 00:07:41', 4)
pval: [0.001] -- 135th test, time elapsed 2.1116127967834473 -- emperical power so far (from test_start): 1.0
db insert success
tensor(0.3775)
tensor(0.3775)
tensor(138.2782, device='cuda:0')
(136, 3, 0, 1, 9000, 'projchi', 'bitflip', 138.27818298339844, 0.0010000000474974513, 2.1134963035583496, '2024-07-17 00:07:46', 4)
pval: [0.001] -- 136th test, time elapsed 2.1134963035583496 -- emperical power so far (from test_start): 1.0
db insert success
tensor(0.3775)
tensor(0.3775)
tensor(98.7800, device='cuda:0')
(137, 3, 0, 1, 9000, 'projchi', 'bitflip', 98.77997589111328, 0.006000000052154064, 2.11221981048584, '2024-07-17 00:07:53', 4)
pval: [0.006] -- 137th test, time elapsed 2.11221981048584 -- emperical power so far (from test_start): 1.0
db insert success
tensor(0.3775)
tensor(0.3775)
tensor(142.3326, device='cuda:0')
(138, 3, 0, 1, 9000, 'projchi', 'bitflip', 142.3326416015625, 0.0010000000474974513, 2.1123106479644775, '2024-07-17 00:07:57', 4)
pval: [0.001] -- 138th test, time elapsed 2.1123106479644775 -- emperical power so far (from test_start): 1.0
db insert success
tensor(0.3775)
tensor(0.3775)
tensor(151.6473, device='cuda:0')
(139, 3, 0, 1, 9000, 'projchi', 'bitflip', 151.64730834960938, 0.0010000000474974513, 2.11236572265625, '2024-07-17 00:08:14', 4)
pval: [0.001] -- 139th test, time elapsed 2.11236572265625 -- emperical power so far (from test_start): 1.0
db insert success
tensor(0.3775)
tensor(0.3775)
tensor(126.1504, device='cuda:0')
(140, 3, 0, 1, 9000, 'projchi', 'bitflip', 126.15043640136719, 0.0010000000474974513, 2.1118478775024414, '2024-07-17 00:08:31', 4)
pval: [0.001] -- 140th test, time elapsed 2.1118478775024414 -- emperical power so far (from test_start): 1.0
db insert success
tensor(0.3775)
tensor(0.3775)
tensor(114.6996, device='cuda:0')
(141, 3, 0, 1, 9000, 'projchi', 'bitflip', 114.69959259033203, 0.0010000000474974513, 2.111272096633911, '2024-07-17 00:08:49', 4)
pval: [0.001] -- 141th test, time elapsed 2.111272096633911 -- emperical power so far (from test_start): 1.0
db insert success
tensor(0.3775)
tensor(0.3775)
tensor(154.5524, device='cuda:0')
(142, 3, 0, 1, 9000, 'projchi', 'bitflip', 154.55235290527344, 0.0010000000474974513, 2.105952501296997, '2024-07-17 00:08:54', 4)
pval: [0.001] -- 142th test, time elapsed 2.105952501296997 -- emperical power so far (from test_start): 1.0
db insert success
tensor(0.3775)
tensor(0.3775)
tensor(133.3065, device='cuda:0')
(143, 3, 0, 1, 9000, 'projchi', 'bitflip', 133.30654907226562, 0.0010000000474974513, 2.1034045219421387, '2024-07-17 00:09:09', 4)
pval: [0.001] -- 143th test, time elapsed 2.1034045219421387 -- emperical power so far (from test_start): 1.0
db insert success
tensor(0.3775)
tensor(0.3775)
tensor(159.6900, device='cuda:0')
(144, 3, 0, 1, 9000, 'projchi', 'bitflip', 159.68997192382812, 0.0010000000474974513, 2.1097912788391113, '2024-07-17 00:09:14', 4)
pval: [0.001] -- 144th test, time elapsed 2.1097912788391113 -- emperical power so far (from test_start): 1.0
db insert success
tensor(0.3775)
tensor(0.3775)
tensor(118.1349, device='cuda:0')
(145, 3, 0, 1, 9000, 'projchi', 'bitflip', 118.1349105834961, 0.0010000000474974513, 2.109093427658081, '2024-07-17 00:09:29', 4)
pval: [0.001] -- 145th test, time elapsed 2.109093427658081 -- emperical power so far (from test_start): 1.0
db insert success
tensor(0.3775)
tensor(0.3775)
tensor(139.9033, device='cuda:0')
(146, 3, 0, 1, 9000, 'projchi', 'bitflip', 139.9032745361328, 0.0010000000474974513, 2.1083388328552246, '2024-07-17 00:09:38', 4)
pval: [0.001] -- 146th test, time elapsed 2.1083388328552246 -- emperical power so far (from test_start): 1.0
db insert success
tensor(0.3775)
tensor(0.3775)
tensor(142.8191, device='cuda:0')
(147, 3, 0, 1, 9000, 'projchi', 'bitflip', 142.8191375732422, 0.0010000000474974513, 2.1072521209716797, '2024-07-17 00:09:49', 4)
pval: [0.001] -- 147th test, time elapsed 2.1072521209716797 -- emperical power so far (from test_start): 1.0
db insert success
tensor(0.3775)
tensor(0.3775)
tensor(144.7670, device='cuda:0')
(148, 3, 0, 1, 9000, 'projchi', 'bitflip', 144.76699829101562, 0.0010000000474974513, 2.1088809967041016, '2024-07-17 00:09:55', 4)
pval: [0.001] -- 148th test, time elapsed 2.1088809967041016 -- emperical power so far (from test_start): 1.0
db insert success
tensor(0.3775)
tensor(0.3775)
tensor(125.2248, device='cuda:0')
(149, 3, 0, 1, 9000, 'projchi', 'bitflip', 125.2247543334961, 0.0010000000474974513, 2.1077380180358887, '2024-07-17 00:10:07', 4)
pval: [0.001] -- 149th test, time elapsed 2.1077380180358887 -- emperical power so far (from test_start): 1.0
db insert success
tensor(0.3775)
tensor(0.3775)
tensor(107.1885, device='cuda:0')
(150, 3, 0, 1, 9000, 'projchi', 'bitflip', 107.18848419189453, 0.0020000000949949026, 2.1079626083374023, '2024-07-17 00:10:21', 4)
pval: [0.002] -- 150th test, time elapsed 2.1079626083374023 -- emperical power so far (from test_start): 1.0
db insert success
tensor(0.3775)
tensor(0.3775)
tensor(164.3168, device='cuda:0')
(151, 3, 0, 1, 9000, 'projchi', 'bitflip', 164.31678771972656, 0.0010000000474974513, 2.1075797080993652, '2024-07-17 00:10:38', 4)
pval: [0.001] -- 151th test, time elapsed 2.1075797080993652 -- emperical power so far (from test_start): 1.0
db insert success
tensor(0.3775)
tensor(0.3775)
tensor(122.1762, device='cuda:0')
(152, 3, 0, 1, 9000, 'projchi', 'bitflip', 122.17621612548828, 0.0010000000474974513, 2.11077880859375, '2024-07-17 00:10:52', 4)
pval: [0.001] -- 152th test, time elapsed 2.11077880859375 -- emperical power so far (from test_start): 1.0
db insert success
tensor(0.3775)
tensor(0.3775)
tensor(124.5291, device='cuda:0')
(153, 3, 0, 1, 9000, 'projchi', 'bitflip', 124.52909088134766, 0.0010000000474974513, 2.1048853397369385, '2024-07-17 00:11:08', 4)
pval: [0.001] -- 153th test, time elapsed 2.1048853397369385 -- emperical power so far (from test_start): 1.0
db insert success
tensor(0.3775)
tensor(0.3775)
tensor(134.7380, device='cuda:0')
(154, 3, 0, 1, 9000, 'projchi', 'bitflip', 134.73802185058594, 0.0010000000474974513, 2.110689401626587, '2024-07-17 00:11:12', 4)
pval: [0.001] -- 154th test, time elapsed 2.110689401626587 -- emperical power so far (from test_start): 1.0
db insert success
tensor(0.3775)
tensor(0.3775)
tensor(145.6651, device='cuda:0')
(155, 3, 0, 1, 9000, 'projchi', 'bitflip', 145.66514587402344, 0.0010000000474974513, 2.107056140899658, '2024-07-17 00:11:20', 4)
pval: [0.001] -- 155th test, time elapsed 2.107056140899658 -- emperical power so far (from test_start): 1.0
db insert success
tensor(0.3775)
tensor(0.3775)
tensor(150.1928, device='cuda:0')
(156, 3, 0, 1, 9000, 'projchi', 'bitflip', 150.19277954101562, 0.0010000000474974513, 2.1054024696350098, '2024-07-17 00:11:41', 4)
pval: [0.001] -- 156th test, time elapsed 2.1054024696350098 -- emperical power so far (from test_start): 1.0
db insert success
tensor(0.3775)
tensor(0.3775)
tensor(129.2377, device='cuda:0')
(157, 3, 0, 1, 9000, 'projchi', 'bitflip', 129.2377166748047, 0.0010000000474974513, 2.103942394256592, '2024-07-17 00:11:57', 4)
pval: [0.001] -- 157th test, time elapsed 2.103942394256592 -- emperical power so far (from test_start): 1.0
db insert success
tensor(0.3775)
tensor(0.3775)
tensor(149.7178, device='cuda:0')
(158, 3, 0, 1, 9000, 'projchi', 'bitflip', 149.71778869628906, 0.0010000000474974513, 2.1075997352600098, '2024-07-17 00:12:15', 4)
pval: [0.001] -- 158th test, time elapsed 2.1075997352600098 -- emperical power so far (from test_start): 1.0
db insert success
tensor(0.3775)
tensor(0.3775)
tensor(132.6728, device='cuda:0')
(159, 3, 0, 1, 9000, 'projchi', 'bitflip', 132.6728057861328, 0.0010000000474974513, 2.1071879863739014, '2024-07-17 00:12:22', 4)
pval: [0.001] -- 159th test, time elapsed 2.1071879863739014 -- emperical power so far (from test_start): 1.0
db insert success
tensor(0.3775)
tensor(0.3775)
tensor(181.7437, device='cuda:0')
(160, 3, 0, 1, 9000, 'projchi', 'bitflip', 181.74365234375, 0.0010000000474974513, 2.105686664581299, '2024-07-17 00:12:32', 4)
pval: [0.001] -- 160th test, time elapsed 2.105686664581299 -- emperical power so far (from test_start): 1.0
db insert success
tensor(0.3775)
tensor(0.3775)
tensor(189.2897, device='cuda:0')
(161, 3, 0, 1, 9000, 'projchi', 'bitflip', 189.28965759277344, 0.0010000000474974513, 2.1043667793273926, '2024-07-17 00:12:39', 4)
pval: [0.001] -- 161th test, time elapsed 2.1043667793273926 -- emperical power so far (from test_start): 1.0
db insert success
tensor(0.3775)
tensor(0.3775)
tensor(143.9396, device='cuda:0')
(162, 3, 0, 1, 9000, 'projchi', 'bitflip', 143.9395751953125, 0.0010000000474974513, 2.1068167686462402, '2024-07-17 00:12:56', 4)
pval: [0.001] -- 162th test, time elapsed 2.1068167686462402 -- emperical power so far (from test_start): 1.0
db insert success
tensor(0.3775)
tensor(0.3775)
tensor(192.0606, device='cuda:0')
(163, 3, 0, 1, 9000, 'projchi', 'bitflip', 192.06063842773438, 0.0010000000474974513, 2.1054229736328125, '2024-07-17 00:13:02', 4)
pval: [0.001] -- 163th test, time elapsed 2.1054229736328125 -- emperical power so far (from test_start): 1.0
db insert success
tensor(0.3775)
tensor(0.3775)
tensor(128.3772, device='cuda:0')
(164, 3, 0, 1, 9000, 'projchi', 'bitflip', 128.37722778320312, 0.0010000000474974513, 2.10856294631958, '2024-07-17 00:13:07', 4)
pval: [0.001] -- 164th test, time elapsed 2.10856294631958 -- emperical power so far (from test_start): 1.0
db insert success
tensor(0.3775)
tensor(0.3775)
tensor(160.1828, device='cuda:0')
(165, 3, 0, 1, 9000, 'projchi', 'bitflip', 160.18276977539062, 0.0010000000474974513, 2.10494327545166, '2024-07-17 00:13:17', 4)
pval: [0.001] -- 165th test, time elapsed 2.10494327545166 -- emperical power so far (from test_start): 1.0
db insert success
tensor(0.3775)
tensor(0.3775)
tensor(171.6597, device='cuda:0')
(166, 3, 0, 1, 9000, 'projchi', 'bitflip', 171.65965270996094, 0.0010000000474974513, 2.108940601348877, '2024-07-17 00:13:34', 4)
pval: [0.001] -- 166th test, time elapsed 2.108940601348877 -- emperical power so far (from test_start): 1.0
db insert success
tensor(0.3775)
tensor(0.3775)
tensor(140.8878, device='cuda:0')
(167, 3, 0, 1, 9000, 'projchi', 'bitflip', 140.88775634765625, 0.0010000000474974513, 2.105511426925659, '2024-07-17 00:13:45', 4)
pval: [0.001] -- 167th test, time elapsed 2.105511426925659 -- emperical power so far (from test_start): 1.0
db insert success
tensor(0.3775)
tensor(0.3775)
tensor(154.6766, device='cuda:0')
(168, 3, 0, 1, 9000, 'projchi', 'bitflip', 154.6765594482422, 0.0010000000474974513, 2.1103899478912354, '2024-07-17 00:13:57', 4)
pval: [0.001] -- 168th test, time elapsed 2.1103899478912354 -- emperical power so far (from test_start): 1.0
db insert success
tensor(0.3775)
tensor(0.3775)
tensor(164.7592, device='cuda:0')
(169, 3, 0, 1, 9000, 'projchi', 'bitflip', 164.75918579101562, 0.0010000000474974513, 2.1081106662750244, '2024-07-17 00:14:16', 4)
pval: [0.001] -- 169th test, time elapsed 2.1081106662750244 -- emperical power so far (from test_start): 1.0
db insert success
tensor(0.3775)
tensor(0.3775)
tensor(147.8553, device='cuda:0')
(170, 3, 0, 1, 9000, 'projchi', 'bitflip', 147.8553009033203, 0.0010000000474974513, 2.1091978549957275, '2024-07-17 00:14:24', 4)
pval: [0.001] -- 170th test, time elapsed 2.1091978549957275 -- emperical power so far (from test_start): 1.0
db insert success
tensor(0.3775)
tensor(0.3775)
tensor(149.1266, device='cuda:0')
(171, 3, 0, 1, 9000, 'projchi', 'bitflip', 149.12661743164062, 0.0010000000474974513, 2.105264186859131, '2024-07-17 00:14:38', 4)
pval: [0.001] -- 171th test, time elapsed 2.105264186859131 -- emperical power so far (from test_start): 1.0
db insert success
tensor(0.3775)
tensor(0.3775)
tensor(141.0784, device='cuda:0')
(172, 3, 0, 1, 9000, 'projchi', 'bitflip', 141.07839965820312, 0.0010000000474974513, 2.107982635498047, '2024-07-17 00:14:44', 4)
pval: [0.001] -- 172th test, time elapsed 2.107982635498047 -- emperical power so far (from test_start): 1.0
db insert success
tensor(0.3775)
tensor(0.3775)
tensor(145.9314, device='cuda:0')
(173, 3, 0, 1, 9000, 'projchi', 'bitflip', 145.93138122558594, 0.0010000000474974513, 2.1117753982543945, '2024-07-17 00:15:04', 4)
pval: [0.001] -- 173th test, time elapsed 2.1117753982543945 -- emperical power so far (from test_start): 1.0
db insert success
tensor(0.3775)
tensor(0.3775)
tensor(172.2242, device='cuda:0')
(174, 3, 0, 1, 9000, 'projchi', 'bitflip', 172.2241973876953, 0.0010000000474974513, 2.10740327835083, '2024-07-17 00:15:14', 4)
pval: [0.001] -- 174th test, time elapsed 2.10740327835083 -- emperical power so far (from test_start): 1.0
db insert success
tensor(0.3775)
tensor(0.3775)
tensor(147.0436, device='cuda:0')
(175, 3, 0, 1, 9000, 'projchi', 'bitflip', 147.0436248779297, 0.0010000000474974513, 2.106201171875, '2024-07-17 00:15:35', 4)
pval: [0.001] -- 175th test, time elapsed 2.106201171875 -- emperical power so far (from test_start): 1.0
db insert success
tensor(0.3775)
tensor(0.3775)
tensor(121.1045, device='cuda:0')
(176, 3, 0, 1, 9000, 'projchi', 'bitflip', 121.10448455810547, 0.0010000000474974513, 2.1068711280822754, '2024-07-17 00:15:51', 4)
pval: [0.001] -- 176th test, time elapsed 2.1068711280822754 -- emperical power so far (from test_start): 1.0
db insert success
tensor(0.3775)
tensor(0.3775)
tensor(157.2702, device='cuda:0')
(177, 3, 0, 1, 9000, 'projchi', 'bitflip', 157.27017211914062, 0.0010000000474974513, 2.1058454513549805, '2024-07-17 00:15:59', 4)
pval: [0.001] -- 177th test, time elapsed 2.1058454513549805 -- emperical power so far (from test_start): 1.0
db insert success
tensor(0.3775)
tensor(0.3775)
tensor(139.6563, device='cuda:0')
(178, 3, 0, 1, 9000, 'projchi', 'bitflip', 139.65628051757812, 0.0010000000474974513, 2.1047427654266357, '2024-07-17 00:16:11', 4)
pval: [0.001] -- 178th test, time elapsed 2.1047427654266357 -- emperical power so far (from test_start): 1.0
db insert success
tensor(0.3775)
tensor(0.3775)
tensor(190.0693, device='cuda:0')
(179, 3, 0, 1, 9000, 'projchi', 'bitflip', 190.06930541992188, 0.0010000000474974513, 2.1058688163757324, '2024-07-17 00:16:18', 4)
pval: [0.001] -- 179th test, time elapsed 2.1058688163757324 -- emperical power so far (from test_start): 1.0
db insert success
tensor(0.3775)
tensor(0.3775)
tensor(140.4058, device='cuda:0')
(180, 3, 0, 1, 9000, 'projchi', 'bitflip', 140.40577697753906, 0.0010000000474974513, 2.1052017211914062, '2024-07-17 00:16:32', 4)
pval: [0.001] -- 180th test, time elapsed 2.1052017211914062 -- emperical power so far (from test_start): 1.0
db insert success
tensor(0.3775)
tensor(0.3775)
tensor(129.8284, device='cuda:0')
(181, 3, 0, 1, 9000, 'projchi', 'bitflip', 129.82838439941406, 0.0010000000474974513, 2.104069948196411, '2024-07-17 00:16:47', 4)
pval: [0.001] -- 181th test, time elapsed 2.104069948196411 -- emperical power so far (from test_start): 1.0
db insert success
tensor(0.3775)
tensor(0.3775)
tensor(139.3777, device='cuda:0')
(182, 3, 0, 1, 9000, 'projchi', 'bitflip', 139.37770080566406, 0.0010000000474974513, 2.10866641998291, '2024-07-17 00:17:05', 4)
pval: [0.001] -- 182th test, time elapsed 2.10866641998291 -- emperical power so far (from test_start): 1.0
db insert success
tensor(0.3775)
tensor(0.3775)
tensor(144.0656, device='cuda:0')
(183, 3, 0, 1, 9000, 'projchi', 'bitflip', 144.0655975341797, 0.0010000000474974513, 2.1031687259674072, '2024-07-17 00:17:27', 4)
pval: [0.001] -- 183th test, time elapsed 2.1031687259674072 -- emperical power so far (from test_start): 1.0
db insert success
tensor(0.3775)
tensor(0.3775)
tensor(132.7628, device='cuda:0')
(184, 3, 0, 1, 9000, 'projchi', 'bitflip', 132.76283264160156, 0.0010000000474974513, 2.1041135787963867, '2024-07-17 00:17:36', 4)
pval: [0.001] -- 184th test, time elapsed 2.1041135787963867 -- emperical power so far (from test_start): 1.0
db insert success
tensor(0.3775)
tensor(0.3775)
tensor(164.4673, device='cuda:0')
(185, 3, 0, 1, 9000, 'projchi', 'bitflip', 164.46728515625, 0.0010000000474974513, 2.1164259910583496, '2024-07-17 00:17:58', 4)
pval: [0.001] -- 185th test, time elapsed 2.1164259910583496 -- emperical power so far (from test_start): 1.0
db insert success
tensor(0.3775)
tensor(0.3775)
tensor(141.1171, device='cuda:0')
(186, 3, 0, 1, 9000, 'projchi', 'bitflip', 141.11708068847656, 0.0010000000474974513, 2.109454870223999, '2024-07-17 00:18:16', 4)
pval: [0.001] -- 186th test, time elapsed 2.109454870223999 -- emperical power so far (from test_start): 1.0
db insert success
tensor(0.3775)
tensor(0.3775)
tensor(140.5553, device='cuda:0')
(187, 3, 0, 1, 9000, 'projchi', 'bitflip', 140.55528259277344, 0.0010000000474974513, 2.104064702987671, '2024-07-17 00:18:37', 4)
pval: [0.001] -- 187th test, time elapsed 2.104064702987671 -- emperical power so far (from test_start): 1.0
db insert success
tensor(0.3775)
tensor(0.3775)
tensor(131.2470, device='cuda:0')
(188, 3, 0, 1, 9000, 'projchi', 'bitflip', 131.24700927734375, 0.0010000000474974513, 2.106818675994873, '2024-07-17 00:18:43', 4)
pval: [0.001] -- 188th test, time elapsed 2.106818675994873 -- emperical power so far (from test_start): 1.0
db insert success
tensor(0.3775)
tensor(0.3775)
tensor(177.9468, device='cuda:0')
(189, 3, 0, 1, 9000, 'projchi', 'bitflip', 177.94683837890625, 0.0010000000474974513, 2.109198570251465, '2024-07-17 00:18:51', 4)
pval: [0.001] -- 189th test, time elapsed 2.109198570251465 -- emperical power so far (from test_start): 1.0
db insert success
tensor(0.3775)
tensor(0.3775)
tensor(139.0912, device='cuda:0')
(190, 3, 0, 1, 9000, 'projchi', 'bitflip', 139.09120178222656, 0.0010000000474974513, 2.1158530712127686, '2024-07-17 00:19:08', 4)
pval: [0.001] -- 190th test, time elapsed 2.1158530712127686 -- emperical power so far (from test_start): 1.0
db insert success
tensor(0.3775)
tensor(0.3775)
tensor(153.2223, device='cuda:0')
(191, 3, 0, 1, 9000, 'projchi', 'bitflip', 153.22227478027344, 0.0010000000474974513, 2.11920166015625, '2024-07-17 00:19:21', 4)
pval: [0.001] -- 191th test, time elapsed 2.11920166015625 -- emperical power so far (from test_start): 1.0
db insert success
tensor(0.3775)
tensor(0.3775)
tensor(115.5770, device='cuda:0')
(192, 3, 0, 1, 9000, 'projchi', 'bitflip', 115.57698822021484, 0.0010000000474974513, 2.1045265197753906, '2024-07-17 00:19:38', 4)
pval: [0.001] -- 192th test, time elapsed 2.1045265197753906 -- emperical power so far (from test_start): 1.0
db insert success
tensor(0.3775)
tensor(0.3775)
tensor(163.9980, device='cuda:0')
(193, 3, 0, 1, 9000, 'projchi', 'bitflip', 163.99803161621094, 0.0010000000474974513, 2.1125283241271973, '2024-07-17 00:19:46', 4)
pval: [0.001] -- 193th test, time elapsed 2.1125283241271973 -- emperical power so far (from test_start): 1.0
db insert success
tensor(0.3775)
tensor(0.3775)
tensor(147.7099, device='cuda:0')
(194, 3, 0, 1, 9000, 'projchi', 'bitflip', 147.70993041992188, 0.0010000000474974513, 2.110257625579834, '2024-07-17 00:19:54', 4)
pval: [0.001] -- 194th test, time elapsed 2.110257625579834 -- emperical power so far (from test_start): 1.0
db insert success
tensor(0.3775)
tensor(0.3775)
tensor(141.4816, device='cuda:0')
(195, 3, 0, 1, 9000, 'projchi', 'bitflip', 141.48158264160156, 0.0010000000474974513, 2.1054024696350098, '2024-07-17 00:20:15', 4)
pval: [0.001] -- 195th test, time elapsed 2.1054024696350098 -- emperical power so far (from test_start): 1.0
db insert success
tensor(0.3775)
tensor(0.3775)
tensor(170.0408, device='cuda:0')
(196, 3, 0, 1, 9000, 'projchi', 'bitflip', 170.04078674316406, 0.0010000000474974513, 2.114567756652832, '2024-07-17 00:20:30', 4)
pval: [0.001] -- 196th test, time elapsed 2.114567756652832 -- emperical power so far (from test_start): 1.0
db insert success
tensor(0.3775)
tensor(0.3775)
tensor(121.5512, device='cuda:0')
(197, 3, 0, 1, 9000, 'projchi', 'bitflip', 121.55120086669922, 0.0010000000474974513, 2.122039794921875, '2024-07-17 00:20:48', 4)
pval: [0.001] -- 197th test, time elapsed 2.122039794921875 -- emperical power so far (from test_start): 1.0
db insert success
tensor(0.3775)
tensor(0.3775)
tensor(140.8502, device='cuda:0')
(198, 3, 0, 1, 9000, 'projchi', 'bitflip', 140.8501739501953, 0.0010000000474974513, 2.110687017440796, '2024-07-17 00:20:51', 4)
pval: [0.001] -- 198th test, time elapsed 2.110687017440796 -- emperical power so far (from test_start): 1.0
db insert success
tensor(0.3775)
tensor(0.3775)
tensor(157.4687, device='cuda:0')
(199, 3, 0, 1, 9000, 'projchi', 'bitflip', 157.46865844726562, 0.0010000000474974513, 2.115370273590088, '2024-07-17 00:21:05', 4)
pval: [0.001] -- 199th test, time elapsed 2.115370273590088 -- emperical power so far (from test_start): 1.0
db insert success
tensor(0.3775)
tensor(0.3775)
tensor(127.2873, device='cuda:0')
(200, 3, 0, 1, 9000, 'projchi', 'bitflip', 127.28730773925781, 0.0010000000474974513, 2.1081595420837402, '2024-07-17 00:21:10', 4)
pval: [0.001] -- 200th test, time elapsed 2.1081595420837402 -- emperical power so far (from test_start): 1.0
db insert success
2555.883992433548
