genrrchi, alpha=2, sample size=5000
#########################################
tensor(110.7918, device='cuda:0')
(1, 3, 0, 2, 5000, 'chi', 'genrr', 110.79181671142578, 0.0010000000474974513, 1.6017897129058838, '2024-07-17 13:18:36', 4)
pval: [0.001] -- 1th test, time elapsed 1.6017897129058838 -- emperical power so far (from test_start): 1.0
db insert success
tensor(115.5843, device='cuda:0')
(2, 3, 0, 2, 5000, 'chi', 'genrr', 115.58434295654297, 0.0010000000474974513, 1.5864944458007812, '2024-07-17 13:18:40', 4)
pval: [0.001] -- 2th test, time elapsed 1.5864944458007812 -- emperical power so far (from test_start): 1.0
db insert success
tensor(124.5525, device='cuda:0')
(3, 3, 0, 2, 5000, 'chi', 'genrr', 124.55245208740234, 0.0020000000949949026, 1.578801155090332, '2024-07-17 13:18:58', 4)
pval: [0.002] -- 3th test, time elapsed 1.578801155090332 -- emperical power so far (from test_start): 1.0
db insert success
tensor(121.9547, device='cuda:0')
(4, 3, 0, 2, 5000, 'chi', 'genrr', 121.95465087890625, 0.0010000000474974513, 1.5810532569885254, '2024-07-17 13:19:14', 4)
pval: [0.001] -- 4th test, time elapsed 1.5810532569885254 -- emperical power so far (from test_start): 1.0
db insert success
tensor(137.7168, device='cuda:0')
(5, 3, 0, 2, 5000, 'chi', 'genrr', 137.716796875, 0.0010000000474974513, 1.6238040924072266, '2024-07-17 13:19:32', 4)
pval: [0.001] -- 5th test, time elapsed 1.6238040924072266 -- emperical power so far (from test_start): 1.0
db insert success
tensor(127.8277, device='cuda:0')
(6, 3, 0, 2, 5000, 'chi', 'genrr', 127.82765197753906, 0.0010000000474974513, 1.579451560974121, '2024-07-17 13:19:41', 4)
pval: [0.001] -- 6th test, time elapsed 1.579451560974121 -- emperical power so far (from test_start): 1.0
db insert success
tensor(130.3168, device='cuda:0')
(7, 3, 0, 2, 5000, 'chi', 'genrr', 130.31678771972656, 0.0010000000474974513, 1.5943481922149658, '2024-07-17 13:20:01', 4)
pval: [0.001] -- 7th test, time elapsed 1.5943481922149658 -- emperical power so far (from test_start): 1.0
db insert success
tensor(126.4765, device='cuda:0')
(8, 3, 0, 2, 5000, 'chi', 'genrr', 126.47653198242188, 0.0010000000474974513, 1.5838189125061035, '2024-07-17 13:20:11', 4)
pval: [0.001] -- 8th test, time elapsed 1.5838189125061035 -- emperical power so far (from test_start): 1.0
db insert success
tensor(133.6631, device='cuda:0')
(9, 3, 0, 2, 5000, 'chi', 'genrr', 133.66314697265625, 0.0010000000474974513, 1.579188585281372, '2024-07-17 13:20:19', 4)
pval: [0.001] -- 9th test, time elapsed 1.579188585281372 -- emperical power so far (from test_start): 1.0
db insert success
tensor(107.2217, device='cuda:0')
(10, 3, 0, 2, 5000, 'chi', 'genrr', 107.22172546386719, 0.0020000000949949026, 1.5807790756225586, '2024-07-17 13:20:29', 4)
pval: [0.002] -- 10th test, time elapsed 1.5807790756225586 -- emperical power so far (from test_start): 1.0
db insert success
tensor(124.0589, device='cuda:0')
(11, 3, 0, 2, 5000, 'chi', 'genrr', 124.0588607788086, 0.0010000000474974513, 1.5772771835327148, '2024-07-17 13:20:35', 4)
pval: [0.001] -- 11th test, time elapsed 1.5772771835327148 -- emperical power so far (from test_start): 1.0
db insert success
tensor(143.1405, device='cuda:0')
(12, 3, 0, 2, 5000, 'chi', 'genrr', 143.14047241210938, 0.0010000000474974513, 1.5880908966064453, '2024-07-17 13:20:42', 4)
pval: [0.001] -- 12th test, time elapsed 1.5880908966064453 -- emperical power so far (from test_start): 1.0
db insert success
tensor(130.2945, device='cuda:0')
(13, 3, 0, 2, 5000, 'chi', 'genrr', 130.2944793701172, 0.0010000000474974513, 1.5839734077453613, '2024-07-17 13:20:47', 4)
pval: [0.001] -- 13th test, time elapsed 1.5839734077453613 -- emperical power so far (from test_start): 1.0
db insert success
tensor(143.1396, device='cuda:0')
(14, 3, 0, 2, 5000, 'chi', 'genrr', 143.13958740234375, 0.0010000000474974513, 1.5746757984161377, '2024-07-17 13:21:06', 4)
pval: [0.001] -- 14th test, time elapsed 1.5746757984161377 -- emperical power so far (from test_start): 1.0
db insert success
tensor(99.7519, device='cuda:0')
(15, 3, 0, 2, 5000, 'chi', 'genrr', 99.7518539428711, 0.0010000000474974513, 1.5767085552215576, '2024-07-17 13:21:23', 4)
pval: [0.001] -- 15th test, time elapsed 1.5767085552215576 -- emperical power so far (from test_start): 1.0
db insert success
tensor(140.4890, device='cuda:0')
(16, 3, 0, 2, 5000, 'chi', 'genrr', 140.48895263671875, 0.0010000000474974513, 1.5784962177276611, '2024-07-17 13:21:42', 4)
pval: [0.001] -- 16th test, time elapsed 1.5784962177276611 -- emperical power so far (from test_start): 1.0
db insert success
tensor(110.1147, device='cuda:0')
(17, 3, 0, 2, 5000, 'chi', 'genrr', 110.11470031738281, 0.0010000000474974513, 1.5777344703674316, '2024-07-17 13:21:59', 4)
pval: [0.001] -- 17th test, time elapsed 1.5777344703674316 -- emperical power so far (from test_start): 1.0
db insert success
tensor(86.6571, device='cuda:0')
(18, 3, 0, 2, 5000, 'chi', 'genrr', 86.65705871582031, 0.024000000208616257, 1.5837252140045166, '2024-07-17 13:22:19', 4)
pval: [0.024] -- 18th test, time elapsed 1.5837252140045166 -- emperical power so far (from test_start): 1.0
db insert success
tensor(139.7025, device='cuda:0')
(19, 3, 0, 2, 5000, 'chi', 'genrr', 139.7024688720703, 0.0010000000474974513, 1.573939323425293, '2024-07-17 13:22:35', 4)
pval: [0.001] -- 19th test, time elapsed 1.573939323425293 -- emperical power so far (from test_start): 1.0
db insert success
tensor(142.0115, device='cuda:0')
(20, 3, 0, 2, 5000, 'chi', 'genrr', 142.01150512695312, 0.0010000000474974513, 1.5857963562011719, '2024-07-17 13:22:53', 4)
pval: [0.001] -- 20th test, time elapsed 1.5857963562011719 -- emperical power so far (from test_start): 1.0
db insert success
tensor(120.4140, device='cuda:0')
(21, 3, 0, 2, 5000, 'chi', 'genrr', 120.41403198242188, 0.0010000000474974513, 1.5773534774780273, '2024-07-17 13:23:03', 4)
pval: [0.001] -- 21th test, time elapsed 1.5773534774780273 -- emperical power so far (from test_start): 1.0
db insert success
tensor(139.7876, device='cuda:0')
(22, 3, 0, 2, 5000, 'chi', 'genrr', 139.78762817382812, 0.0010000000474974513, 1.5819435119628906, '2024-07-17 13:23:14', 4)
pval: [0.001] -- 22th test, time elapsed 1.5819435119628906 -- emperical power so far (from test_start): 1.0
db insert success
tensor(102.9162, device='cuda:0')
(23, 3, 0, 2, 5000, 'chi', 'genrr', 102.9162368774414, 0.003000000026077032, 1.5747315883636475, '2024-07-17 13:23:29', 4)
pval: [0.003] -- 23th test, time elapsed 1.5747315883636475 -- emperical power so far (from test_start): 1.0
db insert success
tensor(99.3852, device='cuda:0')
(24, 3, 0, 2, 5000, 'chi', 'genrr', 99.38521575927734, 0.0020000000949949026, 1.5838305950164795, '2024-07-17 13:23:39', 4)
pval: [0.002] -- 24th test, time elapsed 1.5838305950164795 -- emperical power so far (from test_start): 1.0
db insert success
tensor(144.5452, device='cuda:0')
(25, 3, 0, 2, 5000, 'chi', 'genrr', 144.54522705078125, 0.0010000000474974513, 1.5835926532745361, '2024-07-17 13:23:57', 4)
pval: [0.001] -- 25th test, time elapsed 1.5835926532745361 -- emperical power so far (from test_start): 1.0
db insert success
tensor(106.3549, device='cuda:0')
(26, 3, 0, 2, 5000, 'chi', 'genrr', 106.35494995117188, 0.0010000000474974513, 1.5809581279754639, '2024-07-17 13:24:10', 4)
pval: [0.001] -- 26th test, time elapsed 1.5809581279754639 -- emperical power so far (from test_start): 1.0
db insert success
tensor(108.8667, device='cuda:0')
(27, 3, 0, 2, 5000, 'chi', 'genrr', 108.86669158935547, 0.0010000000474974513, 1.5782115459442139, '2024-07-17 13:24:24', 4)
pval: [0.001] -- 27th test, time elapsed 1.5782115459442139 -- emperical power so far (from test_start): 1.0
db insert success
tensor(131.9431, device='cuda:0')
(28, 3, 0, 2, 5000, 'chi', 'genrr', 131.94305419921875, 0.0010000000474974513, 1.5802578926086426, '2024-07-17 13:24:44', 4)
pval: [0.001] -- 28th test, time elapsed 1.5802578926086426 -- emperical power so far (from test_start): 1.0
db insert success
tensor(121.4478, device='cuda:0')
(29, 3, 0, 2, 5000, 'chi', 'genrr', 121.44784545898438, 0.0010000000474974513, 1.578768253326416, '2024-07-17 13:24:48', 4)
pval: [0.001] -- 29th test, time elapsed 1.578768253326416 -- emperical power so far (from test_start): 1.0
db insert success
tensor(127.8647, device='cuda:0')
(30, 3, 0, 2, 5000, 'chi', 'genrr', 127.86469268798828, 0.0010000000474974513, 1.580345630645752, '2024-07-17 13:24:50', 4)
pval: [0.001] -- 30th test, time elapsed 1.580345630645752 -- emperical power so far (from test_start): 1.0
db insert success
tensor(139.1885, device='cuda:0')
(31, 3, 0, 2, 5000, 'chi', 'genrr', 139.1884765625, 0.0010000000474974513, 1.5951838493347168, '2024-07-17 13:24:59', 4)
pval: [0.001] -- 31th test, time elapsed 1.5951838493347168 -- emperical power so far (from test_start): 1.0
db insert success
tensor(115.5150, device='cuda:0')
(32, 3, 0, 2, 5000, 'chi', 'genrr', 115.51496887207031, 0.0010000000474974513, 1.5886669158935547, '2024-07-17 13:25:09', 4)
pval: [0.001] -- 32th test, time elapsed 1.5886669158935547 -- emperical power so far (from test_start): 1.0
db insert success
tensor(136.6187, device='cuda:0')
(33, 3, 0, 2, 5000, 'chi', 'genrr', 136.61865234375, 0.0010000000474974513, 1.5837681293487549, '2024-07-17 13:25:15', 4)
pval: [0.001] -- 33th test, time elapsed 1.5837681293487549 -- emperical power so far (from test_start): 1.0
db insert success
tensor(119.3790, device='cuda:0')
(34, 3, 0, 2, 5000, 'chi', 'genrr', 119.37895965576172, 0.0010000000474974513, 1.582197904586792, '2024-07-17 13:25:21', 4)
pval: [0.001] -- 34th test, time elapsed 1.582197904586792 -- emperical power so far (from test_start): 1.0
db insert success
tensor(106.0164, device='cuda:0')
(35, 3, 0, 2, 5000, 'chi', 'genrr', 106.01638793945312, 0.0010000000474974513, 1.5883762836456299, '2024-07-17 13:25:32', 4)
pval: [0.001] -- 35th test, time elapsed 1.5883762836456299 -- emperical power so far (from test_start): 1.0
db insert success
tensor(129.1132, device='cuda:0')
(36, 3, 0, 2, 5000, 'chi', 'genrr', 129.11322021484375, 0.0010000000474974513, 1.581716775894165, '2024-07-17 13:25:37', 4)
pval: [0.001] -- 36th test, time elapsed 1.581716775894165 -- emperical power so far (from test_start): 1.0
db insert success
tensor(149.7982, device='cuda:0')
(37, 3, 0, 2, 5000, 'chi', 'genrr', 149.79820251464844, 0.0010000000474974513, 1.582876205444336, '2024-07-17 13:25:42', 4)
pval: [0.001] -- 37th test, time elapsed 1.582876205444336 -- emperical power so far (from test_start): 1.0
db insert success
tensor(190.8445, device='cuda:0')
(38, 3, 0, 2, 5000, 'chi', 'genrr', 190.84454345703125, 0.0010000000474974513, 1.5829944610595703, '2024-07-17 13:26:01', 4)
pval: [0.001] -- 38th test, time elapsed 1.5829944610595703 -- emperical power so far (from test_start): 1.0
db insert success
tensor(170.7096, device='cuda:0')
(39, 3, 0, 2, 5000, 'chi', 'genrr', 170.70956420898438, 0.0010000000474974513, 1.5818493366241455, '2024-07-17 13:26:23', 4)
pval: [0.001] -- 39th test, time elapsed 1.5818493366241455 -- emperical power so far (from test_start): 1.0
db insert success
tensor(113.3619, device='cuda:0')
(40, 3, 0, 2, 5000, 'chi', 'genrr', 113.36190795898438, 0.0010000000474974513, 1.5787239074707031, '2024-07-17 13:26:43', 4)
pval: [0.001] -- 40th test, time elapsed 1.5787239074707031 -- emperical power so far (from test_start): 1.0
db insert success
tensor(110.2254, device='cuda:0')
(41, 3, 0, 2, 5000, 'chi', 'genrr', 110.22537994384766, 0.0010000000474974513, 1.5747721195220947, '2024-07-17 13:26:53', 4)
pval: [0.001] -- 41th test, time elapsed 1.5747721195220947 -- emperical power so far (from test_start): 1.0
db insert success
tensor(140.7139, device='cuda:0')
(42, 3, 0, 2, 5000, 'chi', 'genrr', 140.7139129638672, 0.0010000000474974513, 1.576106071472168, '2024-07-17 13:27:05', 4)
pval: [0.001] -- 42th test, time elapsed 1.576106071472168 -- emperical power so far (from test_start): 1.0
db insert success
tensor(125.6679, device='cuda:0')
(43, 3, 0, 2, 5000, 'chi', 'genrr', 125.66790771484375, 0.0010000000474974513, 1.5818989276885986, '2024-07-17 13:27:12', 4)
pval: [0.001] -- 43th test, time elapsed 1.5818989276885986 -- emperical power so far (from test_start): 1.0
db insert success
tensor(98.7598, device='cuda:0')
(44, 3, 0, 2, 5000, 'chi', 'genrr', 98.75975799560547, 0.006000000052154064, 1.5832927227020264, '2024-07-17 13:27:23', 4)
pval: [0.006] -- 44th test, time elapsed 1.5832927227020264 -- emperical power so far (from test_start): 1.0
db insert success
tensor(134.6631, device='cuda:0')
(45, 3, 0, 2, 5000, 'chi', 'genrr', 134.6630859375, 0.0010000000474974513, 1.579472541809082, '2024-07-17 13:27:31', 4)
pval: [0.001] -- 45th test, time elapsed 1.579472541809082 -- emperical power so far (from test_start): 1.0
db insert success
tensor(107.8378, device='cuda:0')
(46, 3, 0, 2, 5000, 'chi', 'genrr', 107.83777618408203, 0.0010000000474974513, 1.5839285850524902, '2024-07-17 13:27:34', 4)
pval: [0.001] -- 46th test, time elapsed 1.5839285850524902 -- emperical power so far (from test_start): 1.0
db insert success
tensor(121.5895, device='cuda:0')
(47, 3, 0, 2, 5000, 'chi', 'genrr', 121.58949279785156, 0.0010000000474974513, 1.5839707851409912, '2024-07-17 13:27:54', 4)
pval: [0.001] -- 47th test, time elapsed 1.5839707851409912 -- emperical power so far (from test_start): 1.0
db insert success
tensor(93.5720, device='cuda:0')
(48, 3, 0, 2, 5000, 'chi', 'genrr', 93.57197570800781, 0.01100000087171793, 1.5819265842437744, '2024-07-17 13:28:13', 4)
pval: [0.011] -- 48th test, time elapsed 1.5819265842437744 -- emperical power so far (from test_start): 1.0
db insert success
tensor(146.7012, device='cuda:0')
(49, 3, 0, 2, 5000, 'chi', 'genrr', 146.70120239257812, 0.0010000000474974513, 1.581831693649292, '2024-07-17 13:28:31', 4)
pval: [0.001] -- 49th test, time elapsed 1.581831693649292 -- emperical power so far (from test_start): 1.0
db insert success
tensor(134.7429, device='cuda:0')
(50, 3, 0, 2, 5000, 'chi', 'genrr', 134.74293518066406, 0.0010000000474974513, 1.577812910079956, '2024-07-17 13:28:43', 4)
pval: [0.001] -- 50th test, time elapsed 1.577812910079956 -- emperical power so far (from test_start): 1.0
db insert success
tensor(80.9161, device='cuda:0')
(51, 3, 0, 2, 5000, 'chi', 'genrr', 80.91610717773438, 0.06000000238418579, 1.580261468887329, '2024-07-17 13:28:45', 4)
pval: [0.06] -- 51th test, time elapsed 1.580261468887329 -- emperical power so far (from test_start): 0.9803921568627451
db insert success
tensor(136.2479, device='cuda:0')
(52, 3, 0, 2, 5000, 'chi', 'genrr', 136.24794006347656, 0.0010000000474974513, 1.5782012939453125, '2024-07-17 13:29:05', 4)
pval: [0.001] -- 52th test, time elapsed 1.5782012939453125 -- emperical power so far (from test_start): 0.9807692307692307
db insert success
tensor(139.5986, device='cuda:0')
(53, 3, 0, 2, 5000, 'chi', 'genrr', 139.59857177734375, 0.0010000000474974513, 1.5839941501617432, '2024-07-17 13:29:09', 4)
pval: [0.001] -- 53th test, time elapsed 1.5839941501617432 -- emperical power so far (from test_start): 0.9811320754716981
db insert success
tensor(155.3553, device='cuda:0')
(54, 3, 0, 2, 5000, 'chi', 'genrr', 155.3552703857422, 0.0010000000474974513, 1.5763168334960938, '2024-07-17 13:29:30', 4)
pval: [0.001] -- 54th test, time elapsed 1.5763168334960938 -- emperical power so far (from test_start): 0.9814814814814815
db insert success
tensor(136.7538, device='cuda:0')
(55, 3, 0, 2, 5000, 'chi', 'genrr', 136.75379943847656, 0.0010000000474974513, 1.5757224559783936, '2024-07-17 13:29:36', 4)
pval: [0.001] -- 55th test, time elapsed 1.5757224559783936 -- emperical power so far (from test_start): 0.9818181818181818
db insert success
tensor(123.1318, device='cuda:0')
(56, 3, 0, 2, 5000, 'chi', 'genrr', 123.13179016113281, 0.0010000000474974513, 1.5777308940887451, '2024-07-17 13:29:49', 4)
pval: [0.001] -- 56th test, time elapsed 1.5777308940887451 -- emperical power so far (from test_start): 0.9821428571428571
db insert success
tensor(115.6976, device='cuda:0')
(57, 3, 0, 2, 5000, 'chi', 'genrr', 115.69764709472656, 0.0010000000474974513, 1.5721666812896729, '2024-07-17 13:30:11', 4)
pval: [0.001] -- 57th test, time elapsed 1.5721666812896729 -- emperical power so far (from test_start): 0.9824561403508771
db insert success
tensor(90.9597, device='cuda:0')
(58, 3, 0, 2, 5000, 'chi', 'genrr', 90.95967102050781, 0.012000000104308128, 1.5783348083496094, '2024-07-17 13:30:28', 4)
pval: [0.012] -- 58th test, time elapsed 1.5783348083496094 -- emperical power so far (from test_start): 0.9827586206896551
db insert success
tensor(134.2948, device='cuda:0')
(59, 3, 0, 2, 5000, 'chi', 'genrr', 134.29483032226562, 0.0010000000474974513, 1.580953598022461, '2024-07-17 13:30:41', 4)
pval: [0.001] -- 59th test, time elapsed 1.580953598022461 -- emperical power so far (from test_start): 0.9830508474576272
db insert success
tensor(119.6405, device='cuda:0')
(60, 3, 0, 2, 5000, 'chi', 'genrr', 119.6405029296875, 0.0010000000474974513, 1.5851871967315674, '2024-07-17 13:30:44', 4)
pval: [0.001] -- 60th test, time elapsed 1.5851871967315674 -- emperical power so far (from test_start): 0.9833333333333333
db insert success
tensor(126.5513, device='cuda:0')
(61, 3, 0, 2, 5000, 'chi', 'genrr', 126.55126953125, 0.0010000000474974513, 1.5753440856933594, '2024-07-17 13:31:00', 4)
pval: [0.001] -- 61th test, time elapsed 1.5753440856933594 -- emperical power so far (from test_start): 0.9836065573770492
db insert success
tensor(99.4877, device='cuda:0')
(62, 3, 0, 2, 5000, 'chi', 'genrr', 99.48773956298828, 0.003000000026077032, 1.5777642726898193, '2024-07-17 13:31:07', 4)
pval: [0.003] -- 62th test, time elapsed 1.5777642726898193 -- emperical power so far (from test_start): 0.9838709677419355
db insert success
tensor(120.5756, device='cuda:0')
(63, 3, 0, 2, 5000, 'chi', 'genrr', 120.5755615234375, 0.0010000000474974513, 1.5775046348571777, '2024-07-17 13:31:29', 4)
pval: [0.001] -- 63th test, time elapsed 1.5775046348571777 -- emperical power so far (from test_start): 0.9841269841269841
db insert success
tensor(141.3391, device='cuda:0')
(64, 3, 0, 2, 5000, 'chi', 'genrr', 141.3390655517578, 0.0010000000474974513, 1.5867125988006592, '2024-07-17 13:31:37', 4)
pval: [0.001] -- 64th test, time elapsed 1.5867125988006592 -- emperical power so far (from test_start): 0.984375
db insert success
tensor(144.1027, device='cuda:0')
(65, 3, 0, 2, 5000, 'chi', 'genrr', 144.10272216796875, 0.0010000000474974513, 1.5777065753936768, '2024-07-17 13:31:53', 4)
pval: [0.001] -- 65th test, time elapsed 1.5777065753936768 -- emperical power so far (from test_start): 0.9846153846153847
db insert success
tensor(138.2492, device='cuda:0')
(66, 3, 0, 2, 5000, 'chi', 'genrr', 138.24917602539062, 0.0010000000474974513, 1.5802114009857178, '2024-07-17 13:32:04', 4)
pval: [0.001] -- 66th test, time elapsed 1.5802114009857178 -- emperical power so far (from test_start): 0.9848484848484849
db insert success
tensor(130.4845, device='cuda:0')
(67, 3, 0, 2, 5000, 'chi', 'genrr', 130.48452758789062, 0.0010000000474974513, 1.57584810256958, '2024-07-17 13:32:12', 4)
pval: [0.001] -- 67th test, time elapsed 1.57584810256958 -- emperical power so far (from test_start): 0.9850746268656716
db insert success
tensor(127.4005, device='cuda:0')
(68, 3, 0, 2, 5000, 'chi', 'genrr', 127.4005355834961, 0.0010000000474974513, 1.5795090198516846, '2024-07-17 13:32:28', 4)
pval: [0.001] -- 68th test, time elapsed 1.5795090198516846 -- emperical power so far (from test_start): 0.9852941176470589
db insert success
tensor(125.3063, device='cuda:0')
(69, 3, 0, 2, 5000, 'chi', 'genrr', 125.30630493164062, 0.0010000000474974513, 1.5793023109436035, '2024-07-17 13:32:42', 4)
pval: [0.001] -- 69th test, time elapsed 1.5793023109436035 -- emperical power so far (from test_start): 0.9855072463768116
db insert success
tensor(121.7678, device='cuda:0')
(70, 3, 0, 2, 5000, 'chi', 'genrr', 121.7677993774414, 0.0010000000474974513, 1.5837085247039795, '2024-07-17 13:32:57', 4)
pval: [0.001] -- 70th test, time elapsed 1.5837085247039795 -- emperical power so far (from test_start): 0.9857142857142858
db insert success
tensor(132.7108, device='cuda:0')
(71, 3, 0, 2, 5000, 'chi', 'genrr', 132.71084594726562, 0.0010000000474974513, 1.5856940746307373, '2024-07-17 13:33:17', 4)
pval: [0.001] -- 71th test, time elapsed 1.5856940746307373 -- emperical power so far (from test_start): 0.9859154929577465
db insert success
tensor(117.7139, device='cuda:0')
(72, 3, 0, 2, 5000, 'chi', 'genrr', 117.71391296386719, 0.0010000000474974513, 1.5819103717803955, '2024-07-17 13:33:36', 4)
pval: [0.001] -- 72th test, time elapsed 1.5819103717803955 -- emperical power so far (from test_start): 0.9861111111111112
db insert success
tensor(119.9234, device='cuda:0')
(73, 3, 0, 2, 5000, 'chi', 'genrr', 119.92339324951172, 0.0010000000474974513, 1.5747706890106201, '2024-07-17 13:33:56', 4)
pval: [0.001] -- 73th test, time elapsed 1.5747706890106201 -- emperical power so far (from test_start): 0.9863013698630136
db insert success
tensor(133.8043, device='cuda:0')
(74, 3, 0, 2, 5000, 'chi', 'genrr', 133.80433654785156, 0.0010000000474974513, 1.5732216835021973, '2024-07-17 13:34:10', 4)
pval: [0.001] -- 74th test, time elapsed 1.5732216835021973 -- emperical power so far (from test_start): 0.9864864864864865
db insert success
tensor(131.9406, device='cuda:0')
(75, 3, 0, 2, 5000, 'chi', 'genrr', 131.94064331054688, 0.0010000000474974513, 1.5747222900390625, '2024-07-17 13:34:17', 4)
pval: [0.001] -- 75th test, time elapsed 1.5747222900390625 -- emperical power so far (from test_start): 0.9866666666666667
db insert success
tensor(185.3954, device='cuda:0')
(76, 3, 0, 2, 5000, 'chi', 'genrr', 185.39537048339844, 0.0010000000474974513, 1.5784173011779785, '2024-07-17 13:34:37', 4)
pval: [0.001] -- 76th test, time elapsed 1.5784173011779785 -- emperical power so far (from test_start): 0.9868421052631579
db insert success
tensor(121.1123, device='cuda:0')
(77, 3, 0, 2, 5000, 'chi', 'genrr', 121.11225891113281, 0.0010000000474974513, 1.5748116970062256, '2024-07-17 13:34:42', 4)
pval: [0.001] -- 77th test, time elapsed 1.5748116970062256 -- emperical power so far (from test_start): 0.987012987012987
db insert success
tensor(145.5382, device='cuda:0')
(78, 3, 0, 2, 5000, 'chi', 'genrr', 145.53822326660156, 0.0010000000474974513, 1.5762758255004883, '2024-07-17 13:34:46', 4)
pval: [0.001] -- 78th test, time elapsed 1.5762758255004883 -- emperical power so far (from test_start): 0.9871794871794872
db insert success
tensor(125.6509, device='cuda:0')
(79, 3, 0, 2, 5000, 'chi', 'genrr', 125.65093994140625, 0.0010000000474974513, 1.5887162685394287, '2024-07-17 13:35:00', 4)
pval: [0.001] -- 79th test, time elapsed 1.5887162685394287 -- emperical power so far (from test_start): 0.9873417721518988
db insert success
tensor(139.7717, device='cuda:0')
(80, 3, 0, 2, 5000, 'chi', 'genrr', 139.77171325683594, 0.0010000000474974513, 1.5796334743499756, '2024-07-17 13:35:06', 4)
pval: [0.001] -- 80th test, time elapsed 1.5796334743499756 -- emperical power so far (from test_start): 0.9875
db insert success
tensor(118.4994, device='cuda:0')
(81, 3, 0, 2, 5000, 'chi', 'genrr', 118.49935150146484, 0.0010000000474974513, 1.5870354175567627, '2024-07-17 13:35:09', 4)
pval: [0.001] -- 81th test, time elapsed 1.5870354175567627 -- emperical power so far (from test_start): 0.9876543209876543
db insert success
tensor(130.1724, device='cuda:0')
(82, 3, 0, 2, 5000, 'chi', 'genrr', 130.17237854003906, 0.0010000000474974513, 1.5892682075500488, '2024-07-17 13:35:22', 4)
pval: [0.001] -- 82th test, time elapsed 1.5892682075500488 -- emperical power so far (from test_start): 0.9878048780487805
db insert success
tensor(147.7290, device='cuda:0')
(83, 3, 0, 2, 5000, 'chi', 'genrr', 147.72901916503906, 0.0010000000474974513, 1.5805115699768066, '2024-07-17 13:35:43', 4)
pval: [0.001] -- 83th test, time elapsed 1.5805115699768066 -- emperical power so far (from test_start): 0.9879518072289156
db insert success
tensor(141.4781, device='cuda:0')
(84, 3, 0, 2, 5000, 'chi', 'genrr', 141.47805786132812, 0.0010000000474974513, 1.5853796005249023, '2024-07-17 13:35:53', 4)
pval: [0.001] -- 84th test, time elapsed 1.5853796005249023 -- emperical power so far (from test_start): 0.9880952380952381
db insert success
tensor(132.4006, device='cuda:0')
(85, 3, 0, 2, 5000, 'chi', 'genrr', 132.4005889892578, 0.0010000000474974513, 1.5766828060150146, '2024-07-17 13:36:10', 4)
pval: [0.001] -- 85th test, time elapsed 1.5766828060150146 -- emperical power so far (from test_start): 0.9882352941176471
db insert success
tensor(156.3867, device='cuda:0')
(86, 3, 0, 2, 5000, 'chi', 'genrr', 156.38671875, 0.0010000000474974513, 1.5778815746307373, '2024-07-17 13:36:30', 4)
pval: [0.001] -- 86th test, time elapsed 1.5778815746307373 -- emperical power so far (from test_start): 0.9883720930232558
db insert success
tensor(140.1781, device='cuda:0')
(87, 3, 0, 2, 5000, 'chi', 'genrr', 140.17813110351562, 0.0010000000474974513, 1.5725443363189697, '2024-07-17 13:36:50', 4)
pval: [0.001] -- 87th test, time elapsed 1.5725443363189697 -- emperical power so far (from test_start): 0.9885057471264368
db insert success
tensor(104.9789, device='cuda:0')
(88, 3, 0, 2, 5000, 'chi', 'genrr', 104.97889709472656, 0.0020000000949949026, 1.6427257061004639, '2024-07-17 13:37:02', 4)
pval: [0.002] -- 88th test, time elapsed 1.6427257061004639 -- emperical power so far (from test_start): 0.9886363636363636
db insert success
tensor(123.7982, device='cuda:0')
(89, 3, 0, 2, 5000, 'chi', 'genrr', 123.7981948852539, 0.0010000000474974513, 1.579016923904419, '2024-07-17 13:37:21', 4)
pval: [0.001] -- 89th test, time elapsed 1.579016923904419 -- emperical power so far (from test_start): 0.9887640449438202
db insert success
tensor(116.4347, device='cuda:0')
(90, 3, 0, 2, 5000, 'chi', 'genrr', 116.43466186523438, 0.0010000000474974513, 1.5772554874420166, '2024-07-17 13:37:23', 4)
pval: [0.001] -- 90th test, time elapsed 1.5772554874420166 -- emperical power so far (from test_start): 0.9888888888888889
db insert success
tensor(142.0309, device='cuda:0')
(91, 3, 0, 2, 5000, 'chi', 'genrr', 142.03086853027344, 0.0010000000474974513, 1.5782580375671387, '2024-07-17 13:37:35', 4)
pval: [0.001] -- 91th test, time elapsed 1.5782580375671387 -- emperical power so far (from test_start): 0.989010989010989
db insert success
tensor(149.5344, device='cuda:0')
(92, 3, 0, 2, 5000, 'chi', 'genrr', 149.53443908691406, 0.0010000000474974513, 1.5809345245361328, '2024-07-17 13:37:46', 4)
pval: [0.001] -- 92th test, time elapsed 1.5809345245361328 -- emperical power so far (from test_start): 0.9891304347826086
db insert success
tensor(118.9049, device='cuda:0')
(93, 3, 0, 2, 5000, 'chi', 'genrr', 118.90489959716797, 0.0010000000474974513, 1.578892469406128, '2024-07-17 13:38:08', 4)
pval: [0.001] -- 93th test, time elapsed 1.578892469406128 -- emperical power so far (from test_start): 0.989247311827957
db insert success
tensor(123.1050, device='cuda:0')
(94, 3, 0, 2, 5000, 'chi', 'genrr', 123.10497283935547, 0.0010000000474974513, 1.5843188762664795, '2024-07-17 13:38:18', 4)
pval: [0.001] -- 94th test, time elapsed 1.5843188762664795 -- emperical power so far (from test_start): 0.9893617021276596
db insert success
tensor(149.8470, device='cuda:0')
(95, 3, 0, 2, 5000, 'chi', 'genrr', 149.8470458984375, 0.0010000000474974513, 1.5778660774230957, '2024-07-17 13:38:36', 4)
pval: [0.001] -- 95th test, time elapsed 1.5778660774230957 -- emperical power so far (from test_start): 0.9894736842105263
db insert success
tensor(160.6765, device='cuda:0')
(96, 3, 0, 2, 5000, 'chi', 'genrr', 160.67645263671875, 0.0010000000474974513, 1.568415880203247, '2024-07-17 13:38:49', 4)
pval: [0.001] -- 96th test, time elapsed 1.568415880203247 -- emperical power so far (from test_start): 0.9895833333333334
db insert success
tensor(135.0182, device='cuda:0')
(97, 3, 0, 2, 5000, 'chi', 'genrr', 135.0182342529297, 0.0010000000474974513, 1.565613031387329, '2024-07-17 13:39:00', 4)
pval: [0.001] -- 97th test, time elapsed 1.565613031387329 -- emperical power so far (from test_start): 0.9896907216494846
db insert success
tensor(110.7569, device='cuda:0')
(98, 3, 0, 2, 5000, 'chi', 'genrr', 110.7568588256836, 0.0010000000474974513, 1.569061040878296, '2024-07-17 13:39:17', 4)
pval: [0.001] -- 98th test, time elapsed 1.569061040878296 -- emperical power so far (from test_start): 0.9897959183673469
db insert success
tensor(144.7551, device='cuda:0')
(99, 3, 0, 2, 5000, 'chi', 'genrr', 144.75506591796875, 0.0010000000474974513, 1.5671107769012451, '2024-07-17 13:39:36', 4)
pval: [0.001] -- 99th test, time elapsed 1.5671107769012451 -- emperical power so far (from test_start): 0.98989898989899
db insert success
tensor(134.5486, device='cuda:0')
(100, 3, 0, 2, 5000, 'chi', 'genrr', 134.54859924316406, 0.0010000000474974513, 1.568864345550537, '2024-07-17 13:39:55', 4)
pval: [0.001] -- 100th test, time elapsed 1.568864345550537 -- emperical power so far (from test_start): 0.99
db insert success
tensor(122.7204, device='cuda:0')
(101, 3, 0, 2, 5000, 'chi', 'genrr', 122.7203598022461, 0.0010000000474974513, 1.5680286884307861, '2024-07-17 13:40:04', 4)
pval: [0.001] -- 101th test, time elapsed 1.5680286884307861 -- emperical power so far (from test_start): 0.9900990099009901
db insert success
tensor(139.9286, device='cuda:0')
(102, 3, 0, 2, 5000, 'chi', 'genrr', 139.92855834960938, 0.0010000000474974513, 1.5644950866699219, '2024-07-17 13:40:23', 4)
pval: [0.001] -- 102th test, time elapsed 1.5644950866699219 -- emperical power so far (from test_start): 0.9901960784313726
db insert success
tensor(131.7300, device='cuda:0')
(103, 3, 0, 2, 5000, 'chi', 'genrr', 131.73004150390625, 0.0010000000474974513, 1.5641930103302002, '2024-07-17 13:40:33', 4)
pval: [0.001] -- 103th test, time elapsed 1.5641930103302002 -- emperical power so far (from test_start): 0.9902912621359223
db insert success
tensor(108.7654, device='cuda:0')
(104, 3, 0, 2, 5000, 'chi', 'genrr', 108.765380859375, 0.0010000000474974513, 1.571671485900879, '2024-07-17 13:40:55', 4)
pval: [0.001] -- 104th test, time elapsed 1.571671485900879 -- emperical power so far (from test_start): 0.9903846153846154
db insert success
tensor(122.5212, device='cuda:0')
(105, 3, 0, 2, 5000, 'chi', 'genrr', 122.52118682861328, 0.0010000000474974513, 1.5591866970062256, '2024-07-17 13:41:12', 4)
pval: [0.001] -- 105th test, time elapsed 1.5591866970062256 -- emperical power so far (from test_start): 0.9904761904761905
db insert success
tensor(137.4856, device='cuda:0')
(106, 3, 0, 2, 5000, 'chi', 'genrr', 137.485595703125, 0.0010000000474974513, 1.568657636642456, '2024-07-17 13:41:26', 4)
pval: [0.001] -- 106th test, time elapsed 1.568657636642456 -- emperical power so far (from test_start): 0.9905660377358491
db insert success
tensor(122.6100, device='cuda:0')
(107, 3, 0, 2, 5000, 'chi', 'genrr', 122.61003112792969, 0.0010000000474974513, 1.5614807605743408, '2024-07-17 13:41:34', 4)
pval: [0.001] -- 107th test, time elapsed 1.5614807605743408 -- emperical power so far (from test_start): 0.9906542056074766
db insert success
tensor(107.9415, device='cuda:0')
(108, 3, 0, 2, 5000, 'chi', 'genrr', 107.94149780273438, 0.0010000000474974513, 1.5700206756591797, '2024-07-17 13:41:54', 4)
pval: [0.001] -- 108th test, time elapsed 1.5700206756591797 -- emperical power so far (from test_start): 0.9907407407407407
db insert success
tensor(118.6433, device='cuda:0')
(109, 3, 0, 2, 5000, 'chi', 'genrr', 118.6432876586914, 0.0010000000474974513, 1.5720429420471191, '2024-07-17 13:42:04', 4)
pval: [0.001] -- 109th test, time elapsed 1.5720429420471191 -- emperical power so far (from test_start): 0.9908256880733946
db insert success
tensor(127.6942, device='cuda:0')
(110, 3, 0, 2, 5000, 'chi', 'genrr', 127.69416046142578, 0.0010000000474974513, 1.5748050212860107, '2024-07-17 13:42:14', 4)
pval: [0.001] -- 110th test, time elapsed 1.5748050212860107 -- emperical power so far (from test_start): 0.990909090909091
db insert success
tensor(127.9275, device='cuda:0')
(111, 3, 0, 2, 5000, 'chi', 'genrr', 127.92748260498047, 0.0010000000474974513, 1.573629379272461, '2024-07-17 13:42:32', 4)
pval: [0.001] -- 111th test, time elapsed 1.573629379272461 -- emperical power so far (from test_start): 0.990990990990991
db insert success
tensor(136.2380, device='cuda:0')
(112, 3, 0, 2, 5000, 'chi', 'genrr', 136.23797607421875, 0.0010000000474974513, 1.5700345039367676, '2024-07-17 13:42:52', 4)
pval: [0.001] -- 112th test, time elapsed 1.5700345039367676 -- emperical power so far (from test_start): 0.9910714285714286
db insert success
tensor(120.6154, device='cuda:0')
(113, 3, 0, 2, 5000, 'chi', 'genrr', 120.61544036865234, 0.0010000000474974513, 1.5684163570404053, '2024-07-17 13:43:11', 4)
pval: [0.001] -- 113th test, time elapsed 1.5684163570404053 -- emperical power so far (from test_start): 0.9911504424778761
db insert success
tensor(116.1390, device='cuda:0')
(114, 3, 0, 2, 5000, 'chi', 'genrr', 116.13897705078125, 0.0010000000474974513, 1.565624713897705, '2024-07-17 13:43:18', 4)
pval: [0.001] -- 114th test, time elapsed 1.565624713897705 -- emperical power so far (from test_start): 0.9912280701754386
db insert success
tensor(127.9397, device='cuda:0')
(115, 3, 0, 2, 5000, 'chi', 'genrr', 127.93968200683594, 0.0010000000474974513, 1.562258243560791, '2024-07-17 13:43:33', 4)
pval: [0.001] -- 115th test, time elapsed 1.562258243560791 -- emperical power so far (from test_start): 0.991304347826087
db insert success
tensor(152.2414, device='cuda:0')
(116, 3, 0, 2, 5000, 'chi', 'genrr', 152.24143981933594, 0.0010000000474974513, 1.5557193756103516, '2024-07-17 13:43:54', 4)
pval: [0.001] -- 116th test, time elapsed 1.5557193756103516 -- emperical power so far (from test_start): 0.9913793103448276
db insert success
tensor(90.8372, device='cuda:0')
(117, 3, 0, 2, 5000, 'chi', 'genrr', 90.83718872070312, 0.013000000268220901, 1.559128999710083, '2024-07-17 13:43:57', 4)
pval: [0.013] -- 117th test, time elapsed 1.559128999710083 -- emperical power so far (from test_start): 0.9914529914529915
db insert success
tensor(107.2135, device='cuda:0')
(118, 3, 0, 2, 5000, 'chi', 'genrr', 107.21348571777344, 0.0010000000474974513, 1.5659432411193848, '2024-07-17 13:44:11', 4)
pval: [0.001] -- 118th test, time elapsed 1.5659432411193848 -- emperical power so far (from test_start): 0.9915254237288136
db insert success
tensor(109.3734, device='cuda:0')
(119, 3, 0, 2, 5000, 'chi', 'genrr', 109.3733901977539, 0.0010000000474974513, 1.5581307411193848, '2024-07-17 13:44:22', 4)
pval: [0.001] -- 119th test, time elapsed 1.5581307411193848 -- emperical power so far (from test_start): 0.9915966386554622
db insert success
tensor(134.8918, device='cuda:0')
(120, 3, 0, 2, 5000, 'chi', 'genrr', 134.89181518554688, 0.0010000000474974513, 1.5625388622283936, '2024-07-17 13:44:36', 4)
pval: [0.001] -- 120th test, time elapsed 1.5625388622283936 -- emperical power so far (from test_start): 0.9916666666666667
db insert success
tensor(132.7197, device='cuda:0')
(121, 3, 0, 2, 5000, 'chi', 'genrr', 132.71974182128906, 0.0010000000474974513, 1.5542311668395996, '2024-07-17 13:44:57', 4)
pval: [0.001] -- 121th test, time elapsed 1.5542311668395996 -- emperical power so far (from test_start): 0.9917355371900827
db insert success
tensor(142.9859, device='cuda:0')
(122, 3, 0, 2, 5000, 'chi', 'genrr', 142.98585510253906, 0.0010000000474974513, 1.5631325244903564, '2024-07-17 13:45:06', 4)
pval: [0.001] -- 122th test, time elapsed 1.5631325244903564 -- emperical power so far (from test_start): 0.9918032786885246
db insert success
tensor(130.1828, device='cuda:0')
(123, 3, 0, 2, 5000, 'chi', 'genrr', 130.18284606933594, 0.0010000000474974513, 1.5592586994171143, '2024-07-17 13:45:15', 4)
pval: [0.001] -- 123th test, time elapsed 1.5592586994171143 -- emperical power so far (from test_start): 0.991869918699187
db insert success
tensor(138.7856, device='cuda:0')
(124, 3, 0, 2, 5000, 'chi', 'genrr', 138.78555297851562, 0.0010000000474974513, 1.5671172142028809, '2024-07-17 13:45:35', 4)
pval: [0.001] -- 124th test, time elapsed 1.5671172142028809 -- emperical power so far (from test_start): 0.9919354838709677
db insert success
tensor(134.4124, device='cuda:0')
(125, 3, 0, 2, 5000, 'chi', 'genrr', 134.412353515625, 0.0010000000474974513, 1.5523149967193604, '2024-07-17 13:45:50', 4)
pval: [0.001] -- 125th test, time elapsed 1.5523149967193604 -- emperical power so far (from test_start): 0.992
db insert success
tensor(98.9269, device='cuda:0')
(126, 3, 0, 2, 5000, 'chi', 'genrr', 98.9268569946289, 0.003000000026077032, 1.5610566139221191, '2024-07-17 13:45:56', 4)
pval: [0.003] -- 126th test, time elapsed 1.5610566139221191 -- emperical power so far (from test_start): 0.9920634920634921
db insert success
tensor(140.3112, device='cuda:0')
(127, 3, 0, 2, 5000, 'chi', 'genrr', 140.3112335205078, 0.0010000000474974513, 1.593339443206787, '2024-07-17 13:46:14', 4)
pval: [0.001] -- 127th test, time elapsed 1.593339443206787 -- emperical power so far (from test_start): 0.9921259842519685
db insert success
tensor(131.0886, device='cuda:0')
(128, 3, 0, 2, 5000, 'chi', 'genrr', 131.08863830566406, 0.0010000000474974513, 1.5656757354736328, '2024-07-17 13:46:19', 4)
pval: [0.001] -- 128th test, time elapsed 1.5656757354736328 -- emperical power so far (from test_start): 0.9921875
db insert success
tensor(114.1871, device='cuda:0')
(129, 3, 0, 2, 5000, 'chi', 'genrr', 114.18709564208984, 0.0010000000474974513, 1.5533525943756104, '2024-07-17 13:46:28', 4)
pval: [0.001] -- 129th test, time elapsed 1.5533525943756104 -- emperical power so far (from test_start): 0.9922480620155039
db insert success
tensor(122.9560, device='cuda:0')
(130, 3, 0, 2, 5000, 'chi', 'genrr', 122.95603942871094, 0.0010000000474974513, 1.5594725608825684, '2024-07-17 13:46:40', 4)
pval: [0.001] -- 130th test, time elapsed 1.5594725608825684 -- emperical power so far (from test_start): 0.9923076923076923
db insert success
tensor(147.1288, device='cuda:0')
(131, 3, 0, 2, 5000, 'chi', 'genrr', 147.12884521484375, 0.0010000000474974513, 1.5595345497131348, '2024-07-17 13:46:57', 4)
pval: [0.001] -- 131th test, time elapsed 1.5595345497131348 -- emperical power so far (from test_start): 0.9923664122137404
db insert success
tensor(121.1797, device='cuda:0')
(132, 3, 0, 2, 5000, 'chi', 'genrr', 121.17965698242188, 0.0010000000474974513, 1.5643494129180908, '2024-07-17 13:47:18', 4)
pval: [0.001] -- 132th test, time elapsed 1.5643494129180908 -- emperical power so far (from test_start): 0.9924242424242424
db insert success
tensor(101.6988, device='cuda:0')
(133, 3, 0, 2, 5000, 'chi', 'genrr', 101.69878387451172, 0.0020000000949949026, 1.5601832866668701, '2024-07-17 13:47:26', 4)
pval: [0.002] -- 133th test, time elapsed 1.5601832866668701 -- emperical power so far (from test_start): 0.9924812030075187
db insert success
tensor(135.6369, device='cuda:0')
(134, 3, 0, 2, 5000, 'chi', 'genrr', 135.63685607910156, 0.0010000000474974513, 1.5667085647583008, '2024-07-17 13:47:34', 4)
pval: [0.001] -- 134th test, time elapsed 1.5667085647583008 -- emperical power so far (from test_start): 0.9925373134328358
db insert success
tensor(116.0461, device='cuda:0')
(135, 3, 0, 2, 5000, 'chi', 'genrr', 116.04608917236328, 0.0010000000474974513, 1.549647331237793, '2024-07-17 13:47:37', 4)
pval: [0.001] -- 135th test, time elapsed 1.549647331237793 -- emperical power so far (from test_start): 0.9925925925925926
db insert success
tensor(111.5970, device='cuda:0')
(136, 3, 0, 2, 5000, 'chi', 'genrr', 111.59699249267578, 0.0010000000474974513, 1.5592734813690186, '2024-07-17 13:47:44', 4)
pval: [0.001] -- 136th test, time elapsed 1.5592734813690186 -- emperical power so far (from test_start): 0.9926470588235294
db insert success
tensor(95.1848, device='cuda:0')
(137, 3, 0, 2, 5000, 'chi', 'genrr', 95.1848373413086, 0.006000000052154064, 1.5495657920837402, '2024-07-17 13:47:50', 4)
pval: [0.006] -- 137th test, time elapsed 1.5495657920837402 -- emperical power so far (from test_start): 0.9927007299270073
db insert success
tensor(145.4811, device='cuda:0')
(138, 3, 0, 2, 5000, 'chi', 'genrr', 145.4810791015625, 0.0010000000474974513, 1.5515391826629639, '2024-07-17 13:48:05', 4)
pval: [0.001] -- 138th test, time elapsed 1.5515391826629639 -- emperical power so far (from test_start): 0.9927536231884058
db insert success
tensor(129.3362, device='cuda:0')
(139, 3, 0, 2, 5000, 'chi', 'genrr', 129.33615112304688, 0.0010000000474974513, 1.5527276992797852, '2024-07-17 13:48:26', 4)
pval: [0.001] -- 139th test, time elapsed 1.5527276992797852 -- emperical power so far (from test_start): 0.9928057553956835
db insert success
tensor(88.2617, device='cuda:0')
(140, 3, 0, 2, 5000, 'chi', 'genrr', 88.26168060302734, 0.024000000208616257, 1.5434668064117432, '2024-07-17 13:48:33', 4)
pval: [0.024] -- 140th test, time elapsed 1.5434668064117432 -- emperical power so far (from test_start): 0.9928571428571429
db insert success
tensor(133.6810, device='cuda:0')
(141, 3, 0, 2, 5000, 'chi', 'genrr', 133.6810302734375, 0.0010000000474974513, 1.546600580215454, '2024-07-17 13:48:45', 4)
pval: [0.001] -- 141th test, time elapsed 1.546600580215454 -- emperical power so far (from test_start): 0.9929078014184397
db insert success
tensor(110.5774, device='cuda:0')
(142, 3, 0, 2, 5000, 'chi', 'genrr', 110.57736206054688, 0.0010000000474974513, 1.54826021194458, '2024-07-17 13:49:03', 4)
pval: [0.001] -- 142th test, time elapsed 1.54826021194458 -- emperical power so far (from test_start): 0.9929577464788732
db insert success
tensor(102.0821, device='cuda:0')
(143, 3, 0, 2, 5000, 'chi', 'genrr', 102.08213806152344, 0.003000000026077032, 1.5456264019012451, '2024-07-17 13:49:06', 4)
pval: [0.003] -- 143th test, time elapsed 1.5456264019012451 -- emperical power so far (from test_start): 0.993006993006993
db insert success
tensor(151.5446, device='cuda:0')
(144, 3, 0, 2, 5000, 'chi', 'genrr', 151.54457092285156, 0.0010000000474974513, 1.5607092380523682, '2024-07-17 13:49:15', 4)
pval: [0.001] -- 144th test, time elapsed 1.5607092380523682 -- emperical power so far (from test_start): 0.9930555555555556
db insert success
tensor(136.6429, device='cuda:0')
(145, 3, 0, 2, 5000, 'chi', 'genrr', 136.6429443359375, 0.0010000000474974513, 1.5386593341827393, '2024-07-17 13:49:23', 4)
pval: [0.001] -- 145th test, time elapsed 1.5386593341827393 -- emperical power so far (from test_start): 0.993103448275862
db insert success
tensor(118.0553, device='cuda:0')
(146, 3, 0, 2, 5000, 'chi', 'genrr', 118.05529022216797, 0.0010000000474974513, 1.5431125164031982, '2024-07-17 13:49:25', 4)
pval: [0.001] -- 146th test, time elapsed 1.5431125164031982 -- emperical power so far (from test_start): 0.9931506849315068
db insert success
tensor(147.7153, device='cuda:0')
(147, 3, 0, 2, 5000, 'chi', 'genrr', 147.71531677246094, 0.0010000000474974513, 1.5416557788848877, '2024-07-17 13:49:32', 4)
pval: [0.001] -- 147th test, time elapsed 1.5416557788848877 -- emperical power so far (from test_start): 0.9931972789115646
db insert success
tensor(147.4931, device='cuda:0')
(148, 3, 0, 2, 5000, 'chi', 'genrr', 147.4930877685547, 0.0010000000474974513, 1.5406408309936523, '2024-07-17 13:49:38', 4)
pval: [0.001] -- 148th test, time elapsed 1.5406408309936523 -- emperical power so far (from test_start): 0.9932432432432432
db insert success
tensor(106.8269, device='cuda:0')
(149, 3, 0, 2, 5000, 'chi', 'genrr', 106.8268814086914, 0.003000000026077032, 1.5453956127166748, '2024-07-17 13:49:44', 4)
pval: [0.003] -- 149th test, time elapsed 1.5453956127166748 -- emperical power so far (from test_start): 0.9932885906040269
db insert success
tensor(161.9601, device='cuda:0')
(150, 3, 0, 2, 5000, 'chi', 'genrr', 161.96014404296875, 0.0010000000474974513, 1.539078712463379, '2024-07-17 13:49:53', 4)
pval: [0.001] -- 150th test, time elapsed 1.539078712463379 -- emperical power so far (from test_start): 0.9933333333333333
db insert success
tensor(133.2676, device='cuda:0')
(151, 3, 0, 2, 5000, 'chi', 'genrr', 133.2676239013672, 0.0010000000474974513, 1.5385451316833496, '2024-07-17 13:50:12', 4)
pval: [0.001] -- 151th test, time elapsed 1.5385451316833496 -- emperical power so far (from test_start): 0.9933774834437086
db insert success
tensor(114.7235, device='cuda:0')
(152, 3, 0, 2, 5000, 'chi', 'genrr', 114.72347259521484, 0.0010000000474974513, 1.5412280559539795, '2024-07-17 13:50:28', 4)
pval: [0.001] -- 152th test, time elapsed 1.5412280559539795 -- emperical power so far (from test_start): 0.993421052631579
db insert success
tensor(188.7484, device='cuda:0')
(153, 3, 0, 2, 5000, 'chi', 'genrr', 188.74838256835938, 0.0010000000474974513, 1.5364634990692139, '2024-07-17 13:50:41', 4)
pval: [0.001] -- 153th test, time elapsed 1.5364634990692139 -- emperical power so far (from test_start): 0.9934640522875817
db insert success
tensor(149.9578, device='cuda:0')
(154, 3, 0, 2, 5000, 'chi', 'genrr', 149.95782470703125, 0.0010000000474974513, 1.5422453880310059, '2024-07-17 13:50:45', 4)
pval: [0.001] -- 154th test, time elapsed 1.5422453880310059 -- emperical power so far (from test_start): 0.9935064935064936
db insert success
tensor(109.5358, device='cuda:0')
(155, 3, 0, 2, 5000, 'chi', 'genrr', 109.53577423095703, 0.0010000000474974513, 1.5356111526489258, '2024-07-17 13:50:54', 4)
pval: [0.001] -- 155th test, time elapsed 1.5356111526489258 -- emperical power so far (from test_start): 0.9935483870967742
db insert success
tensor(108.9261, device='cuda:0')
(156, 3, 0, 2, 5000, 'chi', 'genrr', 108.92613220214844, 0.0010000000474974513, 1.5418570041656494, '2024-07-17 13:51:05', 4)
pval: [0.001] -- 156th test, time elapsed 1.5418570041656494 -- emperical power so far (from test_start): 0.9935897435897436
db insert success
tensor(113.3252, device='cuda:0')
(157, 3, 0, 2, 5000, 'chi', 'genrr', 113.32520294189453, 0.0010000000474974513, 1.5341706275939941, '2024-07-17 13:51:19', 4)
pval: [0.001] -- 157th test, time elapsed 1.5341706275939941 -- emperical power so far (from test_start): 0.9936305732484076
db insert success
tensor(127.2407, device='cuda:0')
(158, 3, 0, 2, 5000, 'chi', 'genrr', 127.24067687988281, 0.0010000000474974513, 1.5421738624572754, '2024-07-17 13:51:39', 4)
pval: [0.001] -- 158th test, time elapsed 1.5421738624572754 -- emperical power so far (from test_start): 0.9936708860759493
db insert success
tensor(192.0636, device='cuda:0')
(159, 3, 0, 2, 5000, 'chi', 'genrr', 192.0635986328125, 0.0010000000474974513, 1.5340101718902588, '2024-07-17 13:51:54', 4)
pval: [0.001] -- 159th test, time elapsed 1.5340101718902588 -- emperical power so far (from test_start): 0.9937106918238994
db insert success
tensor(141.9465, device='cuda:0')
(160, 3, 0, 2, 5000, 'chi', 'genrr', 141.9464569091797, 0.0010000000474974513, 1.539628267288208, '2024-07-17 13:52:03', 4)
pval: [0.001] -- 160th test, time elapsed 1.539628267288208 -- emperical power so far (from test_start): 0.99375
db insert success
tensor(157.4259, device='cuda:0')
(161, 3, 0, 2, 5000, 'chi', 'genrr', 157.4258575439453, 0.0010000000474974513, 1.5346417427062988, '2024-07-17 13:52:09', 4)
pval: [0.001] -- 161th test, time elapsed 1.5346417427062988 -- emperical power so far (from test_start): 0.9937888198757764
db insert success
tensor(110.5819, device='cuda:0')
(162, 3, 0, 2, 5000, 'chi', 'genrr', 110.5818862915039, 0.0010000000474974513, 1.5352637767791748, '2024-07-17 13:52:15', 4)
pval: [0.001] -- 162th test, time elapsed 1.5352637767791748 -- emperical power so far (from test_start): 0.9938271604938271
db insert success
tensor(136.2958, device='cuda:0')
(163, 3, 0, 2, 5000, 'chi', 'genrr', 136.29583740234375, 0.0010000000474974513, 1.5391829013824463, '2024-07-17 13:52:18', 4)
pval: [0.001] -- 163th test, time elapsed 1.5391829013824463 -- emperical power so far (from test_start): 0.9938650306748467
db insert success
tensor(142.3007, device='cuda:0')
(164, 3, 0, 2, 5000, 'chi', 'genrr', 142.30072021484375, 0.0010000000474974513, 1.5369322299957275, '2024-07-17 13:52:34', 4)
pval: [0.001] -- 164th test, time elapsed 1.5369322299957275 -- emperical power so far (from test_start): 0.9939024390243902
db insert success
tensor(146.3311, device='cuda:0')
(165, 3, 0, 2, 5000, 'chi', 'genrr', 146.3311309814453, 0.0010000000474974513, 1.5361607074737549, '2024-07-17 13:52:53', 4)
pval: [0.001] -- 165th test, time elapsed 1.5361607074737549 -- emperical power so far (from test_start): 0.9939393939393939
db insert success
tensor(129.6208, device='cuda:0')
(166, 3, 0, 2, 5000, 'chi', 'genrr', 129.620849609375, 0.0010000000474974513, 1.5387513637542725, '2024-07-17 13:53:08', 4)
pval: [0.001] -- 166th test, time elapsed 1.5387513637542725 -- emperical power so far (from test_start): 0.9939759036144579
db insert success
tensor(139.2116, device='cuda:0')
(167, 3, 0, 2, 5000, 'chi', 'genrr', 139.21163940429688, 0.0010000000474974513, 1.541010856628418, '2024-07-17 13:53:13', 4)
pval: [0.001] -- 167th test, time elapsed 1.541010856628418 -- emperical power so far (from test_start): 0.9940119760479041
db insert success
tensor(115.7951, device='cuda:0')
(168, 3, 0, 2, 5000, 'chi', 'genrr', 115.7951431274414, 0.0010000000474974513, 1.5430834293365479, '2024-07-17 13:53:34', 4)
pval: [0.001] -- 168th test, time elapsed 1.5430834293365479 -- emperical power so far (from test_start): 0.9940476190476191
db insert success
tensor(124.5687, device='cuda:0')
(169, 3, 0, 2, 5000, 'chi', 'genrr', 124.56873321533203, 0.0010000000474974513, 1.540729284286499, '2024-07-17 13:53:45', 4)
pval: [0.001] -- 169th test, time elapsed 1.540729284286499 -- emperical power so far (from test_start): 0.9940828402366864
db insert success
tensor(110.6008, device='cuda:0')
(170, 3, 0, 2, 5000, 'chi', 'genrr', 110.60081481933594, 0.0010000000474974513, 1.5401804447174072, '2024-07-17 13:53:49', 4)
pval: [0.001] -- 170th test, time elapsed 1.5401804447174072 -- emperical power so far (from test_start): 0.9941176470588236
db insert success
tensor(132.9084, device='cuda:0')
(171, 3, 0, 2, 5000, 'chi', 'genrr', 132.90835571289062, 0.0010000000474974513, 1.5349717140197754, '2024-07-17 13:54:01', 4)
pval: [0.001] -- 171th test, time elapsed 1.5349717140197754 -- emperical power so far (from test_start): 0.9941520467836257
db insert success
tensor(115.4069, device='cuda:0')
(172, 3, 0, 2, 5000, 'chi', 'genrr', 115.4068832397461, 0.0010000000474974513, 1.5390872955322266, '2024-07-17 13:54:06', 4)
pval: [0.001] -- 172th test, time elapsed 1.5390872955322266 -- emperical power so far (from test_start): 0.9941860465116279
db insert success
tensor(105.2971, device='cuda:0')
(173, 3, 0, 2, 5000, 'chi', 'genrr', 105.29708862304688, 0.0020000000949949026, 1.532703161239624, '2024-07-17 13:54:27', 4)
pval: [0.002] -- 173th test, time elapsed 1.532703161239624 -- emperical power so far (from test_start): 0.9942196531791907
db insert success
tensor(150.1289, device='cuda:0')
(174, 3, 0, 2, 5000, 'chi', 'genrr', 150.12890625, 0.0010000000474974513, 1.544255256652832, '2024-07-17 13:54:29', 4)
pval: [0.001] -- 174th test, time elapsed 1.544255256652832 -- emperical power so far (from test_start): 0.9942528735632183
db insert success
tensor(175.6659, device='cuda:0')
(175, 3, 0, 2, 5000, 'chi', 'genrr', 175.6658935546875, 0.0010000000474974513, 1.5374128818511963, '2024-07-17 13:54:46', 4)
pval: [0.001] -- 175th test, time elapsed 1.5374128818511963 -- emperical power so far (from test_start): 0.9942857142857143
db insert success
tensor(128.4132, device='cuda:0')
(176, 3, 0, 2, 5000, 'chi', 'genrr', 128.4131622314453, 0.0010000000474974513, 1.5407435894012451, '2024-07-17 13:55:02', 4)
pval: [0.001] -- 176th test, time elapsed 1.5407435894012451 -- emperical power so far (from test_start): 0.9943181818181818
db insert success
tensor(104.1441, device='cuda:0')
(177, 3, 0, 2, 5000, 'chi', 'genrr', 104.14414978027344, 0.0020000000949949026, 1.5395605564117432, '2024-07-17 13:55:09', 4)
pval: [0.002] -- 177th test, time elapsed 1.5395605564117432 -- emperical power so far (from test_start): 0.9943502824858758
db insert success
tensor(156.2711, device='cuda:0')
(178, 3, 0, 2, 5000, 'chi', 'genrr', 156.2711181640625, 0.0010000000474974513, 1.5481717586517334, '2024-07-17 13:55:22', 4)
pval: [0.001] -- 178th test, time elapsed 1.5481717586517334 -- emperical power so far (from test_start): 0.9943820224719101
db insert success
tensor(122.0530, device='cuda:0')
(179, 3, 0, 2, 5000, 'chi', 'genrr', 122.05298614501953, 0.0010000000474974513, 1.5411734580993652, '2024-07-17 13:55:29', 4)
pval: [0.001] -- 179th test, time elapsed 1.5411734580993652 -- emperical power so far (from test_start): 0.994413407821229
db insert success
tensor(136.5721, device='cuda:0')
(180, 3, 0, 2, 5000, 'chi', 'genrr', 136.57212829589844, 0.0010000000474974513, 1.5428650379180908, '2024-07-17 13:55:35', 4)
pval: [0.001] -- 180th test, time elapsed 1.5428650379180908 -- emperical power so far (from test_start): 0.9944444444444445
db insert success
tensor(134.1200, device='cuda:0')
(181, 3, 0, 2, 5000, 'chi', 'genrr', 134.1199951171875, 0.0010000000474974513, 1.5347504615783691, '2024-07-17 13:55:53', 4)
pval: [0.001] -- 181th test, time elapsed 1.5347504615783691 -- emperical power so far (from test_start): 0.994475138121547
db insert success
tensor(130.5261, device='cuda:0')
(182, 3, 0, 2, 5000, 'chi', 'genrr', 130.52610778808594, 0.0010000000474974513, 1.5490648746490479, '2024-07-17 13:56:08', 4)
pval: [0.001] -- 182th test, time elapsed 1.5490648746490479 -- emperical power so far (from test_start): 0.9945054945054945
db insert success
tensor(91.3905, device='cuda:0')
(183, 3, 0, 2, 5000, 'chi', 'genrr', 91.3905258178711, 0.003000000026077032, 1.5356090068817139, '2024-07-17 13:56:28', 4)
pval: [0.003] -- 183th test, time elapsed 1.5356090068817139 -- emperical power so far (from test_start): 0.994535519125683
db insert success
tensor(141.3251, device='cuda:0')
(184, 3, 0, 2, 5000, 'chi', 'genrr', 141.32505798339844, 0.0010000000474974513, 1.5364227294921875, '2024-07-17 13:56:33', 4)
pval: [0.001] -- 184th test, time elapsed 1.5364227294921875 -- emperical power so far (from test_start): 0.9945652173913043
db insert success
tensor(121.1617, device='cuda:0')
(185, 3, 0, 2, 5000, 'chi', 'genrr', 121.16167449951172, 0.0010000000474974513, 1.5348846912384033, '2024-07-17 13:56:51', 4)
pval: [0.001] -- 185th test, time elapsed 1.5348846912384033 -- emperical power so far (from test_start): 0.9945945945945946
db insert success
tensor(129.0194, device='cuda:0')
(186, 3, 0, 2, 5000, 'chi', 'genrr', 129.0193634033203, 0.0010000000474974513, 1.5342919826507568, '2024-07-17 13:56:58', 4)
pval: [0.001] -- 186th test, time elapsed 1.5342919826507568 -- emperical power so far (from test_start): 0.9946236559139785
db insert success
tensor(138.8929, device='cuda:0')
(187, 3, 0, 2, 5000, 'chi', 'genrr', 138.8929443359375, 0.0010000000474974513, 1.537987232208252, '2024-07-17 13:57:09', 4)
pval: [0.001] -- 187th test, time elapsed 1.537987232208252 -- emperical power so far (from test_start): 0.9946524064171123
db insert success
tensor(103.9514, device='cuda:0')
(188, 3, 0, 2, 5000, 'chi', 'genrr', 103.95143127441406, 0.0010000000474974513, 1.5378656387329102, '2024-07-17 13:57:19', 4)
pval: [0.001] -- 188th test, time elapsed 1.5378656387329102 -- emperical power so far (from test_start): 0.9946808510638298
db insert success
tensor(109.1515, device='cuda:0')
(189, 3, 0, 2, 5000, 'chi', 'genrr', 109.15154266357422, 0.0010000000474974513, 1.5343890190124512, '2024-07-17 13:57:33', 4)
pval: [0.001] -- 189th test, time elapsed 1.5343890190124512 -- emperical power so far (from test_start): 0.9947089947089947
db insert success
tensor(133.3667, device='cuda:0')
(190, 3, 0, 2, 5000, 'chi', 'genrr', 133.36669921875, 0.0010000000474974513, 1.5329856872558594, '2024-07-17 13:57:43', 4)
pval: [0.001] -- 190th test, time elapsed 1.5329856872558594 -- emperical power so far (from test_start): 0.9947368421052631
db insert success
tensor(165.3900, device='cuda:0')
(191, 3, 0, 2, 5000, 'chi', 'genrr', 165.38999938964844, 0.0010000000474974513, 1.5343632698059082, '2024-07-17 13:58:01', 4)
pval: [0.001] -- 191th test, time elapsed 1.5343632698059082 -- emperical power so far (from test_start): 0.9947643979057592
db insert success
tensor(138.2019, device='cuda:0')
(192, 3, 0, 2, 5000, 'chi', 'genrr', 138.20187377929688, 0.0010000000474974513, 1.536362886428833, '2024-07-17 13:58:14', 4)
pval: [0.001] -- 192th test, time elapsed 1.536362886428833 -- emperical power so far (from test_start): 0.9947916666666666
db insert success
tensor(111.8131, device='cuda:0')
(193, 3, 0, 2, 5000, 'chi', 'genrr', 111.81307220458984, 0.0010000000474974513, 1.5320417881011963, '2024-07-17 13:58:29', 4)
pval: [0.001] -- 193th test, time elapsed 1.5320417881011963 -- emperical power so far (from test_start): 0.9948186528497409
db insert success
tensor(118.3667, device='cuda:0')
(194, 3, 0, 2, 5000, 'chi', 'genrr', 118.36668395996094, 0.0010000000474974513, 1.537776231765747, '2024-07-17 13:58:33', 4)
pval: [0.001] -- 194th test, time elapsed 1.537776231765747 -- emperical power so far (from test_start): 0.9948453608247423
db insert success
tensor(97.5505, device='cuda:0')
(195, 3, 0, 2, 5000, 'chi', 'genrr', 97.55045318603516, 0.003000000026077032, 1.5416545867919922, '2024-07-17 13:58:49', 4)
pval: [0.003] -- 195th test, time elapsed 1.5416545867919922 -- emperical power so far (from test_start): 0.9948717948717949
db insert success
tensor(137.6036, device='cuda:0')
(196, 3, 0, 2, 5000, 'chi', 'genrr', 137.60360717773438, 0.0010000000474974513, 1.542811393737793, '2024-07-17 13:58:52', 4)
pval: [0.001] -- 196th test, time elapsed 1.542811393737793 -- emperical power so far (from test_start): 0.9948979591836735
db insert success
tensor(124.6340, device='cuda:0')
(197, 3, 0, 2, 5000, 'chi', 'genrr', 124.63401794433594, 0.0010000000474974513, 1.5395567417144775, '2024-07-17 13:59:02', 4)
pval: [0.001] -- 197th test, time elapsed 1.5395567417144775 -- emperical power so far (from test_start): 0.9949238578680203
db insert success
tensor(120.5855, device='cuda:0')
(198, 3, 0, 2, 5000, 'chi', 'genrr', 120.58548736572266, 0.0010000000474974513, 1.5377376079559326, '2024-07-17 13:59:08', 4)
pval: [0.001] -- 198th test, time elapsed 1.5377376079559326 -- emperical power so far (from test_start): 0.9949494949494949
db insert success
tensor(118.9467, device='cuda:0')
(199, 3, 0, 2, 5000, 'chi', 'genrr', 118.94673156738281, 0.0010000000474974513, 1.531754970550537, '2024-07-17 13:59:27', 4)
pval: [0.001] -- 199th test, time elapsed 1.531754970550537 -- emperical power so far (from test_start): 0.9949748743718593
db insert success
tensor(158.6096, device='cuda:0')
(200, 3, 0, 2, 5000, 'chi', 'genrr', 158.60960388183594, 0.0010000000474974513, 1.5398972034454346, '2024-07-17 13:59:32', 4)
pval: [0.001] -- 200th test, time elapsed 1.5398972034454346 -- emperical power so far (from test_start): 0.995
db insert success
2465.124111175537
