genrrchi, alpha=0.5, sample size=9500
#########################################
tensor(63.6828, device='cuda:0')
(1, 3, 0, 0.5, 9500, 'chi', 'genrr', 63.682769775390625, 0.45600003004074097, 2.130808115005493, '2024-07-17 04:07:53', 4)
pval: [0.45600003] -- 1th test, time elapsed 2.130808115005493 -- emperical power so far (from test_start): 0.0
db insert success
tensor(45.1191, device='cuda:0')
(2, 3, 0, 0.5, 9500, 'chi', 'genrr', 45.11911392211914, 0.9600000381469727, 2.110175371170044, '2024-07-17 04:08:10', 4)
pval: [0.96000004] -- 2th test, time elapsed 2.110175371170044 -- emperical power so far (from test_start): 0.0
db insert success
tensor(49.8774, device='cuda:0')
(3, 3, 0, 0.5, 9500, 'chi', 'genrr', 49.877357482910156, 0.8920000195503235, 2.1062135696411133, '2024-07-17 04:08:30', 4)
pval: [0.89200002] -- 3th test, time elapsed 2.1062135696411133 -- emperical power so far (from test_start): 0.0
db insert success
tensor(61.5186, device='cuda:0')
(4, 3, 0, 0.5, 9500, 'chi', 'genrr', 61.51858901977539, 0.534000039100647, 2.1412558555603027, '2024-07-17 04:08:38', 4)
pval: [0.53400004] -- 4th test, time elapsed 2.1412558555603027 -- emperical power so far (from test_start): 0.0
db insert success
tensor(60.9808, device='cuda:0')
(5, 3, 0, 0.5, 9500, 'chi', 'genrr', 60.980812072753906, 0.550000011920929, 2.100233316421509, '2024-07-17 04:08:43', 4)
pval: [0.55000001] -- 5th test, time elapsed 2.100233316421509 -- emperical power so far (from test_start): 0.0
db insert success
tensor(56.3697, device='cuda:0')
(6, 3, 0, 0.5, 9500, 'chi', 'genrr', 56.36965560913086, 0.7050000429153442, 2.114682197570801, '2024-07-17 04:08:50', 4)
pval: [0.70500004] -- 6th test, time elapsed 2.114682197570801 -- emperical power so far (from test_start): 0.0
db insert success
tensor(67.7379, device='cuda:0')
(7, 3, 0, 0.5, 9500, 'chi', 'genrr', 67.73785400390625, 0.30300000309944153, 2.1038694381713867, '2024-07-17 04:09:01', 4)
pval: [0.303] -- 7th test, time elapsed 2.1038694381713867 -- emperical power so far (from test_start): 0.0
db insert success
tensor(48.2894, device='cuda:0')
(8, 3, 0, 0.5, 9500, 'chi', 'genrr', 48.289371490478516, 0.9220000505447388, 2.105027914047241, '2024-07-17 04:09:17', 4)
pval: [0.92200005] -- 8th test, time elapsed 2.105027914047241 -- emperical power so far (from test_start): 0.0
db insert success
tensor(74.7404, device='cuda:0')
(9, 3, 0, 0.5, 9500, 'chi', 'genrr', 74.74044036865234, 0.14500001072883606, 2.108576774597168, '2024-07-17 04:09:29', 4)
pval: [0.14500001] -- 9th test, time elapsed 2.108576774597168 -- emperical power so far (from test_start): 0.0
db insert success
tensor(44.5616, device='cuda:0')
(10, 3, 0, 0.5, 9500, 'chi', 'genrr', 44.561641693115234, 0.9630000591278076, 2.106579065322876, '2024-07-17 04:09:42', 4)
pval: [0.96300006] -- 10th test, time elapsed 2.106579065322876 -- emperical power so far (from test_start): 0.0
db insert success
tensor(61.9051, device='cuda:0')
(11, 3, 0, 0.5, 9500, 'chi', 'genrr', 61.90509033203125, 0.5560000538825989, 2.0997867584228516, '2024-07-17 04:09:45', 4)
pval: [0.55600005] -- 11th test, time elapsed 2.0997867584228516 -- emperical power so far (from test_start): 0.0
db insert success
tensor(49.6133, device='cuda:0')
(12, 3, 0, 0.5, 9500, 'chi', 'genrr', 49.61328125, 0.89000004529953, 2.1207258701324463, '2024-07-17 04:09:53', 4)
pval: [0.89000005] -- 12th test, time elapsed 2.1207258701324463 -- emperical power so far (from test_start): 0.0
db insert success
tensor(65.5435, device='cuda:0')
(13, 3, 0, 0.5, 9500, 'chi', 'genrr', 65.54351043701172, 0.3800000250339508, 2.1001904010772705, '2024-07-17 04:10:12', 4)
pval: [0.38000003] -- 13th test, time elapsed 2.1001904010772705 -- emperical power so far (from test_start): 0.0
db insert success
tensor(64.1258, device='cuda:0')
(14, 3, 0, 0.5, 9500, 'chi', 'genrr', 64.12577056884766, 0.4300000071525574, 2.1081724166870117, '2024-07-17 04:10:15', 4)
pval: [0.43000001] -- 14th test, time elapsed 2.1081724166870117 -- emperical power so far (from test_start): 0.0
db insert success
tensor(49.7266, device='cuda:0')
(15, 3, 0, 0.5, 9500, 'chi', 'genrr', 49.72660446166992, 0.8850000500679016, 2.1016712188720703, '2024-07-17 04:10:26', 4)
pval: [0.88500005] -- 15th test, time elapsed 2.1016712188720703 -- emperical power so far (from test_start): 0.0
db insert success
tensor(60.7305, device='cuda:0')
(16, 3, 0, 0.5, 9500, 'chi', 'genrr', 60.730533599853516, 0.5390000343322754, 2.10538649559021, '2024-07-17 04:10:32', 4)
pval: [0.53900003] -- 16th test, time elapsed 2.10538649559021 -- emperical power so far (from test_start): 0.0
db insert success
tensor(84.1141, device='cuda:0')
(17, 3, 0, 0.5, 9500, 'chi', 'genrr', 84.11407470703125, 0.03500000014901161, 2.0914669036865234, '2024-07-17 04:10:43', 4)
pval: [0.035] -- 17th test, time elapsed 2.0914669036865234 -- emperical power so far (from test_start): 0.058823529411764705
db insert success
tensor(63.2860, device='cuda:0')
(18, 3, 0, 0.5, 9500, 'chi', 'genrr', 63.28597640991211, 0.4410000145435333, 2.094733953475952, '2024-07-17 04:10:59', 4)
pval: [0.44100001] -- 18th test, time elapsed 2.094733953475952 -- emperical power so far (from test_start): 0.05555555555555555
db insert success
tensor(59.8838, device='cuda:0')
(19, 3, 0, 0.5, 9500, 'chi', 'genrr', 59.88383865356445, 0.5960000157356262, 2.0915443897247314, '2024-07-17 04:11:12', 4)
pval: [0.59600002] -- 19th test, time elapsed 2.0915443897247314 -- emperical power so far (from test_start): 0.05263157894736842
db insert success
tensor(68.3755, device='cuda:0')
(20, 3, 0, 0.5, 9500, 'chi', 'genrr', 68.37545776367188, 0.289000004529953, 2.0917887687683105, '2024-07-17 04:11:23', 4)
pval: [0.289] -- 20th test, time elapsed 2.0917887687683105 -- emperical power so far (from test_start): 0.05
db insert success
tensor(72.0336, device='cuda:0')
(21, 3, 0, 0.5, 9500, 'chi', 'genrr', 72.03357696533203, 0.19700001180171967, 2.089122772216797, '2024-07-17 04:11:28', 4)
pval: [0.19700001] -- 21th test, time elapsed 2.089122772216797 -- emperical power so far (from test_start): 0.047619047619047616
db insert success
tensor(51.5955, device='cuda:0')
(22, 3, 0, 0.5, 9500, 'chi', 'genrr', 51.59546661376953, 0.8470000624656677, 2.088700532913208, '2024-07-17 04:11:41', 4)
pval: [0.84700006] -- 22th test, time elapsed 2.088700532913208 -- emperical power so far (from test_start): 0.045454545454545456
db insert success
tensor(63.3571, device='cuda:0')
(23, 3, 0, 0.5, 9500, 'chi', 'genrr', 63.35707473754883, 0.4400000274181366, 2.0858476161956787, '2024-07-17 04:11:57', 4)
pval: [0.44000003] -- 23th test, time elapsed 2.0858476161956787 -- emperical power so far (from test_start): 0.043478260869565216
db insert success
tensor(67.2512, device='cuda:0')
(24, 3, 0, 0.5, 9500, 'chi', 'genrr', 67.25119018554688, 0.36500000953674316, 2.089526891708374, '2024-07-17 04:12:00', 4)
pval: [0.36500001] -- 24th test, time elapsed 2.089526891708374 -- emperical power so far (from test_start): 0.041666666666666664
db insert success
tensor(76.4226, device='cuda:0')
(25, 3, 0, 0.5, 9500, 'chi', 'genrr', 76.42261505126953, 0.13199999928474426, 2.0840749740600586, '2024-07-17 04:12:22', 4)
pval: [0.132] -- 25th test, time elapsed 2.0840749740600586 -- emperical power so far (from test_start): 0.04
db insert success
tensor(72.2454, device='cuda:0')
(26, 3, 0, 0.5, 9500, 'chi', 'genrr', 72.24537658691406, 0.19600000977516174, 2.0900182723999023, '2024-07-17 04:12:37', 4)
pval: [0.19600001] -- 26th test, time elapsed 2.0900182723999023 -- emperical power so far (from test_start): 0.038461538461538464
db insert success
tensor(65.2501, device='cuda:0')
(27, 3, 0, 0.5, 9500, 'chi', 'genrr', 65.25009155273438, 0.3880000114440918, 2.083447217941284, '2024-07-17 04:12:45', 4)
pval: [0.38800001] -- 27th test, time elapsed 2.083447217941284 -- emperical power so far (from test_start): 0.037037037037037035
db insert success
tensor(44.5798, device='cuda:0')
(28, 3, 0, 0.5, 9500, 'chi', 'genrr', 44.57979965209961, 0.9590000510215759, 2.089783191680908, '2024-07-17 04:13:05', 4)
pval: [0.95900005] -- 28th test, time elapsed 2.089783191680908 -- emperical power so far (from test_start): 0.03571428571428571
db insert success
tensor(72.6526, device='cuda:0')
(29, 3, 0, 0.5, 9500, 'chi', 'genrr', 72.65255737304688, 0.21900001168251038, 2.087433338165283, '2024-07-17 04:13:16', 4)
pval: [0.21900001] -- 29th test, time elapsed 2.087433338165283 -- emperical power so far (from test_start): 0.034482758620689655
db insert success
tensor(45.1935, device='cuda:0')
(30, 3, 0, 0.5, 9500, 'chi', 'genrr', 45.19347381591797, 0.9650000333786011, 2.0971827507019043, '2024-07-17 04:13:29', 4)
pval: [0.96500003] -- 30th test, time elapsed 2.0971827507019043 -- emperical power so far (from test_start): 0.03333333333333333
db insert success
tensor(79.0666, device='cuda:0')
(31, 3, 0, 0.5, 9500, 'chi', 'genrr', 79.06663513183594, 0.08500000089406967, 2.1172659397125244, '2024-07-17 04:13:40', 4)
pval: [0.085] -- 31th test, time elapsed 2.1172659397125244 -- emperical power so far (from test_start): 0.03225806451612903
db insert success
tensor(49.3282, device='cuda:0')
(32, 3, 0, 0.5, 9500, 'chi', 'genrr', 49.32815933227539, 0.906000018119812, 2.0866892337799072, '2024-07-17 04:13:59', 4)
pval: [0.90600002] -- 32th test, time elapsed 2.0866892337799072 -- emperical power so far (from test_start): 0.03125
db insert success
tensor(53.1279, device='cuda:0')
(33, 3, 0, 0.5, 9500, 'chi', 'genrr', 53.12786865234375, 0.7820000648498535, 2.0895090103149414, '2024-07-17 04:14:11', 4)
pval: [0.78200006] -- 33th test, time elapsed 2.0895090103149414 -- emperical power so far (from test_start): 0.030303030303030304
db insert success
tensor(64.6116, device='cuda:0')
(34, 3, 0, 0.5, 9500, 'chi', 'genrr', 64.61157989501953, 0.42500001192092896, 2.093348503112793, '2024-07-17 04:14:31', 4)
pval: [0.42500001] -- 34th test, time elapsed 2.093348503112793 -- emperical power so far (from test_start): 0.029411764705882353
db insert success
tensor(53.8779, device='cuda:0')
(35, 3, 0, 0.5, 9500, 'chi', 'genrr', 53.877925872802734, 0.7950000166893005, 2.0893630981445312, '2024-07-17 04:14:49', 4)
pval: [0.79500002] -- 35th test, time elapsed 2.0893630981445312 -- emperical power so far (from test_start): 0.02857142857142857
db insert success
tensor(65.2333, device='cuda:0')
(36, 3, 0, 0.5, 9500, 'chi', 'genrr', 65.23334503173828, 0.3960000276565552, 2.101851224899292, '2024-07-17 04:15:05', 4)
pval: [0.39600003] -- 36th test, time elapsed 2.101851224899292 -- emperical power so far (from test_start): 0.027777777777777776
db insert success
tensor(62.4985, device='cuda:0')
(37, 3, 0, 0.5, 9500, 'chi', 'genrr', 62.49850845336914, 0.5080000162124634, 2.0877091884613037, '2024-07-17 04:15:23', 4)
pval: [0.50800002] -- 37th test, time elapsed 2.0877091884613037 -- emperical power so far (from test_start): 0.02702702702702703
db insert success
tensor(60.9031, device='cuda:0')
(38, 3, 0, 0.5, 9500, 'chi', 'genrr', 60.90310287475586, 0.5690000057220459, 2.0881497859954834, '2024-07-17 04:15:44', 4)
pval: [0.56900001] -- 38th test, time elapsed 2.0881497859954834 -- emperical power so far (from test_start): 0.02631578947368421
db insert success
tensor(83.3871, device='cuda:0')
(39, 3, 0, 0.5, 9500, 'chi', 'genrr', 83.38713073730469, 0.0430000014603138, 2.0863542556762695, '2024-07-17 04:15:58', 4)
pval: [0.043] -- 39th test, time elapsed 2.0863542556762695 -- emperical power so far (from test_start): 0.05128205128205128
db insert success
tensor(71.7510, device='cuda:0')
(40, 3, 0, 0.5, 9500, 'chi', 'genrr', 71.75102233886719, 0.19600000977516174, 2.096118688583374, '2024-07-17 04:16:15', 4)
pval: [0.19600001] -- 40th test, time elapsed 2.096118688583374 -- emperical power so far (from test_start): 0.05
db insert success
tensor(74.9685, device='cuda:0')
(41, 3, 0, 0.5, 9500, 'chi', 'genrr', 74.96851348876953, 0.15300001204013824, 2.084850549697876, '2024-07-17 04:16:34', 4)
pval: [0.15300001] -- 41th test, time elapsed 2.084850549697876 -- emperical power so far (from test_start): 0.04878048780487805
db insert success
tensor(66.9372, device='cuda:0')
(42, 3, 0, 0.5, 9500, 'chi', 'genrr', 66.9372329711914, 0.3530000150203705, 2.08223295211792, '2024-07-17 04:16:40', 4)
pval: [0.35300002] -- 42th test, time elapsed 2.08223295211792 -- emperical power so far (from test_start): 0.047619047619047616
db insert success
tensor(71.9334, device='cuda:0')
(43, 3, 0, 0.5, 9500, 'chi', 'genrr', 71.93338012695312, 0.18200001120567322, 2.0866758823394775, '2024-07-17 04:16:44', 4)
pval: [0.18200001] -- 43th test, time elapsed 2.0866758823394775 -- emperical power so far (from test_start): 0.046511627906976744
db insert success
tensor(51.9615, device='cuda:0')
(44, 3, 0, 0.5, 9500, 'chi', 'genrr', 51.961517333984375, 0.8270000219345093, 2.085869073867798, '2024-07-17 04:17:03', 4)
pval: [0.82700002] -- 44th test, time elapsed 2.085869073867798 -- emperical power so far (from test_start): 0.045454545454545456
db insert success
tensor(56.9191, device='cuda:0')
(45, 3, 0, 0.5, 9500, 'chi', 'genrr', 56.91911697387695, 0.6730000376701355, 2.086642265319824, '2024-07-17 04:17:11', 4)
pval: [0.67300004] -- 45th test, time elapsed 2.086642265319824 -- emperical power so far (from test_start): 0.044444444444444446
db insert success
tensor(94.4371, device='cuda:0')
(46, 3, 0, 0.5, 9500, 'chi', 'genrr', 94.43706512451172, 0.012000000104308128, 2.08794903755188, '2024-07-17 04:17:25', 4)
pval: [0.012] -- 46th test, time elapsed 2.08794903755188 -- emperical power so far (from test_start): 0.06521739130434782
db insert success
tensor(86.9550, device='cuda:0')
(47, 3, 0, 0.5, 9500, 'chi', 'genrr', 86.95496368408203, 0.026000000536441803, 2.1109108924865723, '2024-07-17 04:17:28', 4)
pval: [0.026] -- 47th test, time elapsed 2.1109108924865723 -- emperical power so far (from test_start): 0.0851063829787234
db insert success
tensor(54.8535, device='cuda:0')
(48, 3, 0, 0.5, 9500, 'chi', 'genrr', 54.853458404541016, 0.7520000338554382, 2.1018764972686768, '2024-07-17 04:17:47', 4)
pval: [0.75200003] -- 48th test, time elapsed 2.1018764972686768 -- emperical power so far (from test_start): 0.08333333333333333
db insert success
tensor(52.1310, device='cuda:0')
(49, 3, 0, 0.5, 9500, 'chi', 'genrr', 52.13101577758789, 0.8130000233650208, 2.0868492126464844, '2024-07-17 04:17:59', 4)
pval: [0.81300002] -- 49th test, time elapsed 2.0868492126464844 -- emperical power so far (from test_start): 0.08163265306122448
db insert success
tensor(48.3459, device='cuda:0')
(50, 3, 0, 0.5, 9500, 'chi', 'genrr', 48.34587860107422, 0.9160000681877136, 2.0916430950164795, '2024-07-17 04:18:17', 4)
pval: [0.91600007] -- 50th test, time elapsed 2.0916430950164795 -- emperical power so far (from test_start): 0.08
db insert success
tensor(90.7793, device='cuda:0')
(51, 3, 0, 0.5, 9500, 'chi', 'genrr', 90.77926635742188, 0.006000000052154064, 2.0931451320648193, '2024-07-17 04:18:25', 4)
pval: [0.006] -- 51th test, time elapsed 2.0931451320648193 -- emperical power so far (from test_start): 0.09803921568627451
db insert success
tensor(51.9025, device='cuda:0')
(52, 3, 0, 0.5, 9500, 'chi', 'genrr', 51.902503967285156, 0.8490000367164612, 2.089130163192749, '2024-07-17 04:18:40', 4)
pval: [0.84900004] -- 52th test, time elapsed 2.089130163192749 -- emperical power so far (from test_start): 0.09615384615384616
db insert success
tensor(65.7367, device='cuda:0')
(53, 3, 0, 0.5, 9500, 'chi', 'genrr', 65.73674011230469, 0.36100003123283386, 2.0907771587371826, '2024-07-17 04:18:53', 4)
pval: [0.36100003] -- 53th test, time elapsed 2.0907771587371826 -- emperical power so far (from test_start): 0.09433962264150944
db insert success
tensor(64.3058, device='cuda:0')
(54, 3, 0, 0.5, 9500, 'chi', 'genrr', 64.30575561523438, 0.4390000104904175, 2.0906155109405518, '2024-07-17 04:19:12', 4)
pval: [0.43900001] -- 54th test, time elapsed 2.0906155109405518 -- emperical power so far (from test_start): 0.09259259259259259
db insert success
tensor(74.8356, device='cuda:0')
(55, 3, 0, 0.5, 9500, 'chi', 'genrr', 74.83563995361328, 0.13199999928474426, 2.0829570293426514, '2024-07-17 04:19:18', 4)
pval: [0.132] -- 55th test, time elapsed 2.0829570293426514 -- emperical power so far (from test_start): 0.09090909090909091
db insert success
tensor(74.7115, device='cuda:0')
(56, 3, 0, 0.5, 9500, 'chi', 'genrr', 74.71148681640625, 0.1290000081062317, 2.0889570713043213, '2024-07-17 04:19:26', 4)
pval: [0.12900001] -- 56th test, time elapsed 2.0889570713043213 -- emperical power so far (from test_start): 0.08928571428571429
db insert success
tensor(73.0514, device='cuda:0')
(57, 3, 0, 0.5, 9500, 'chi', 'genrr', 73.05136108398438, 0.18200001120567322, 2.088200807571411, '2024-07-17 04:19:42', 4)
pval: [0.18200001] -- 57th test, time elapsed 2.088200807571411 -- emperical power so far (from test_start): 0.08771929824561403
db insert success
tensor(86.8791, device='cuda:0')
(58, 3, 0, 0.5, 9500, 'chi', 'genrr', 86.87910461425781, 0.03200000151991844, 2.0947928428649902, '2024-07-17 04:20:00', 4)
pval: [0.032] -- 58th test, time elapsed 2.0947928428649902 -- emperical power so far (from test_start): 0.10344827586206896
db insert success
tensor(65.0881, device='cuda:0')
(59, 3, 0, 0.5, 9500, 'chi', 'genrr', 65.08812713623047, 0.4220000207424164, 2.0909903049468994, '2024-07-17 04:20:20', 4)
pval: [0.42200002] -- 59th test, time elapsed 2.0909903049468994 -- emperical power so far (from test_start): 0.1016949152542373
db insert success
tensor(45.6509, device='cuda:0')
(60, 3, 0, 0.5, 9500, 'chi', 'genrr', 45.65094757080078, 0.9470000267028809, 2.093745470046997, '2024-07-17 04:20:24', 4)
pval: [0.94700003] -- 60th test, time elapsed 2.093745470046997 -- emperical power so far (from test_start): 0.1
db insert success
tensor(61.0390, device='cuda:0')
(61, 3, 0, 0.5, 9500, 'chi', 'genrr', 61.03901672363281, 0.5450000166893005, 2.0930535793304443, '2024-07-17 04:20:40', 4)
pval: [0.54500002] -- 61th test, time elapsed 2.0930535793304443 -- emperical power so far (from test_start): 0.09836065573770492
db insert success
tensor(70.8868, device='cuda:0')
(62, 3, 0, 0.5, 9500, 'chi', 'genrr', 70.88682556152344, 0.2410000115633011, 2.0859861373901367, '2024-07-17 04:20:56', 4)
pval: [0.24100001] -- 62th test, time elapsed 2.0859861373901367 -- emperical power so far (from test_start): 0.0967741935483871
db insert success
tensor(47.5432, device='cuda:0')
(63, 3, 0, 0.5, 9500, 'chi', 'genrr', 47.5432014465332, 0.9290000200271606, 2.088693380355835, '2024-07-17 04:21:01', 4)
pval: [0.92900002] -- 63th test, time elapsed 2.088693380355835 -- emperical power so far (from test_start): 0.09523809523809523
db insert success
tensor(77.2615, device='cuda:0')
(64, 3, 0, 0.5, 9500, 'chi', 'genrr', 77.26150512695312, 0.12200000882148743, 2.0928475856781006, '2024-07-17 04:21:22', 4)
pval: [0.12200001] -- 64th test, time elapsed 2.0928475856781006 -- emperical power so far (from test_start): 0.09375
db insert success
tensor(74.7617, device='cuda:0')
(65, 3, 0, 0.5, 9500, 'chi', 'genrr', 74.76173400878906, 0.14600001275539398, 2.0932295322418213, '2024-07-17 04:21:25', 4)
pval: [0.14600001] -- 65th test, time elapsed 2.0932295322418213 -- emperical power so far (from test_start): 0.09230769230769231
db insert success
tensor(59.6803, device='cuda:0')
(66, 3, 0, 0.5, 9500, 'chi', 'genrr', 59.68025588989258, 0.5790000557899475, 2.0818026065826416, '2024-07-17 04:21:45', 4)
pval: [0.57900006] -- 66th test, time elapsed 2.0818026065826416 -- emperical power so far (from test_start): 0.09090909090909091
db insert success
tensor(43.6618, device='cuda:0')
(67, 3, 0, 0.5, 9500, 'chi', 'genrr', 43.66175842285156, 0.9730000495910645, 2.085646390914917, '2024-07-17 04:21:57', 4)
pval: [0.97300005] -- 67th test, time elapsed 2.085646390914917 -- emperical power so far (from test_start): 0.08955223880597014
db insert success
tensor(60.4305, device='cuda:0')
(68, 3, 0, 0.5, 9500, 'chi', 'genrr', 60.430545806884766, 0.5720000267028809, 2.0892465114593506, '2024-07-17 04:22:05', 4)
pval: [0.57200003] -- 68th test, time elapsed 2.0892465114593506 -- emperical power so far (from test_start): 0.08823529411764706
db insert success
tensor(61.1917, device='cuda:0')
(69, 3, 0, 0.5, 9500, 'chi', 'genrr', 61.19168472290039, 0.5240000486373901, 2.078216314315796, '2024-07-17 04:22:25', 4)
pval: [0.52400005] -- 69th test, time elapsed 2.078216314315796 -- emperical power so far (from test_start): 0.08695652173913043
db insert success
tensor(72.5883, device='cuda:0')
(70, 3, 0, 0.5, 9500, 'chi', 'genrr', 72.5882568359375, 0.19700001180171967, 2.088843822479248, '2024-07-17 04:22:28', 4)
pval: [0.19700001] -- 70th test, time elapsed 2.088843822479248 -- emperical power so far (from test_start): 0.08571428571428572
db insert success
tensor(81.8466, device='cuda:0')
(71, 3, 0, 0.5, 9500, 'chi', 'genrr', 81.84657287597656, 0.052000001072883606, 2.0926294326782227, '2024-07-17 04:22:31', 4)
pval: [0.052] -- 71th test, time elapsed 2.0926294326782227 -- emperical power so far (from test_start): 0.08450704225352113
db insert success
tensor(76.2633, device='cuda:0')
(72, 3, 0, 0.5, 9500, 'chi', 'genrr', 76.2632827758789, 0.1210000067949295, 2.1084182262420654, '2024-07-17 04:22:53', 4)
pval: [0.12100001] -- 72th test, time elapsed 2.1084182262420654 -- emperical power so far (from test_start): 0.08333333333333333
db insert success
tensor(54.9577, device='cuda:0')
(73, 3, 0, 0.5, 9500, 'chi', 'genrr', 54.95766067504883, 0.7600000500679016, 2.085930824279785, '2024-07-17 04:23:01', 4)
pval: [0.76000005] -- 73th test, time elapsed 2.085930824279785 -- emperical power so far (from test_start): 0.0821917808219178
db insert success
tensor(51.2777, device='cuda:0')
(74, 3, 0, 0.5, 9500, 'chi', 'genrr', 51.2777214050293, 0.8670000433921814, 2.091369390487671, '2024-07-17 04:23:12', 4)
pval: [0.86700004] -- 74th test, time elapsed 2.091369390487671 -- emperical power so far (from test_start): 0.08108108108108109
db insert success
tensor(67.3739, device='cuda:0')
(75, 3, 0, 0.5, 9500, 'chi', 'genrr', 67.37386322021484, 0.3570000231266022, 2.0874619483947754, '2024-07-17 04:23:23', 4)
pval: [0.35700002] -- 75th test, time elapsed 2.0874619483947754 -- emperical power so far (from test_start): 0.08
db insert success
tensor(61.0682, device='cuda:0')
(76, 3, 0, 0.5, 9500, 'chi', 'genrr', 61.06816101074219, 0.5460000038146973, 2.0949740409851074, '2024-07-17 04:23:29', 4)
pval: [0.546] -- 76th test, time elapsed 2.0949740409851074 -- emperical power so far (from test_start): 0.07894736842105263
db insert success
tensor(71.2825, device='cuda:0')
(77, 3, 0, 0.5, 9500, 'chi', 'genrr', 71.28250122070312, 0.2120000123977661, 2.0836448669433594, '2024-07-17 04:23:35', 4)
pval: [0.21200001] -- 77th test, time elapsed 2.0836448669433594 -- emperical power so far (from test_start): 0.07792207792207792
db insert success
tensor(47.2934, device='cuda:0')
(78, 3, 0, 0.5, 9500, 'chi', 'genrr', 47.29340362548828, 0.9440000653266907, 2.099275588989258, '2024-07-17 04:23:55', 4)
pval: [0.94400007] -- 78th test, time elapsed 2.099275588989258 -- emperical power so far (from test_start): 0.07692307692307693
db insert success
tensor(46.9134, device='cuda:0')
(79, 3, 0, 0.5, 9500, 'chi', 'genrr', 46.913448333740234, 0.9250000715255737, 2.0865533351898193, '2024-07-17 04:24:08', 4)
pval: [0.92500007] -- 79th test, time elapsed 2.0865533351898193 -- emperical power so far (from test_start): 0.0759493670886076
db insert success
tensor(57.0631, device='cuda:0')
(80, 3, 0, 0.5, 9500, 'chi', 'genrr', 57.06312942504883, 0.687000036239624, 2.089702606201172, '2024-07-17 04:24:21', 4)
pval: [0.68700004] -- 80th test, time elapsed 2.089702606201172 -- emperical power so far (from test_start): 0.075
db insert success
tensor(83.9469, device='cuda:0')
(81, 3, 0, 0.5, 9500, 'chi', 'genrr', 83.94689178466797, 0.05100000277161598, 2.08268141746521, '2024-07-17 04:24:36', 4)
pval: [0.051] -- 81th test, time elapsed 2.08268141746521 -- emperical power so far (from test_start): 0.07407407407407407
db insert success
tensor(51.5037, device='cuda:0')
(82, 3, 0, 0.5, 9500, 'chi', 'genrr', 51.503662109375, 0.8420000672340393, 2.093475818634033, '2024-07-17 04:24:55', 4)
pval: [0.84200007] -- 82th test, time elapsed 2.093475818634033 -- emperical power so far (from test_start): 0.07317073170731707
db insert success
tensor(77.4267, device='cuda:0')
(83, 3, 0, 0.5, 9500, 'chi', 'genrr', 77.42669677734375, 0.1210000067949295, 2.08066987991333, '2024-07-17 04:25:12', 4)
pval: [0.12100001] -- 83th test, time elapsed 2.08066987991333 -- emperical power so far (from test_start): 0.07228915662650602
db insert success
tensor(91.6840, device='cuda:0')
(84, 3, 0, 0.5, 9500, 'chi', 'genrr', 91.68403625488281, 0.009000000543892384, 2.0976555347442627, '2024-07-17 04:25:18', 4)
pval: [0.009] -- 84th test, time elapsed 2.0976555347442627 -- emperical power so far (from test_start): 0.08333333333333333
db insert success
tensor(51.1805, device='cuda:0')
(85, 3, 0, 0.5, 9500, 'chi', 'genrr', 51.18053436279297, 0.859000027179718, 2.0814154148101807, '2024-07-17 04:25:36', 4)
pval: [0.85900003] -- 85th test, time elapsed 2.0814154148101807 -- emperical power so far (from test_start): 0.08235294117647059
db insert success
tensor(74.8934, device='cuda:0')
(86, 3, 0, 0.5, 9500, 'chi', 'genrr', 74.8934326171875, 0.13900001347064972, 2.079615354537964, '2024-07-17 04:25:46', 4)
pval: [0.13900001] -- 86th test, time elapsed 2.079615354537964 -- emperical power so far (from test_start): 0.08139534883720931
db insert success
tensor(58.2681, device='cuda:0')
(87, 3, 0, 0.5, 9500, 'chi', 'genrr', 58.26807403564453, 0.6390000581741333, 2.0841615200042725, '2024-07-17 04:26:08', 4)
pval: [0.63900006] -- 87th test, time elapsed 2.0841615200042725 -- emperical power so far (from test_start): 0.08045977011494253
db insert success
tensor(52.8700, device='cuda:0')
(88, 3, 0, 0.5, 9500, 'chi', 'genrr', 52.87004089355469, 0.8110000491142273, 2.0828075408935547, '2024-07-17 04:26:17', 4)
pval: [0.81100005] -- 88th test, time elapsed 2.0828075408935547 -- emperical power so far (from test_start): 0.07954545454545454
db insert success
tensor(60.1034, device='cuda:0')
(89, 3, 0, 0.5, 9500, 'chi', 'genrr', 60.10344314575195, 0.5670000314712524, 2.078579902648926, '2024-07-17 04:26:29', 4)
pval: [0.56700003] -- 89th test, time elapsed 2.078579902648926 -- emperical power so far (from test_start): 0.07865168539325842
db insert success
tensor(70.4872, device='cuda:0')
(90, 3, 0, 0.5, 9500, 'chi', 'genrr', 70.48722076416016, 0.22500000894069672, 2.0799715518951416, '2024-07-17 04:26:46', 4)
pval: [0.22500001] -- 90th test, time elapsed 2.0799715518951416 -- emperical power so far (from test_start): 0.07777777777777778
db insert success
tensor(65.4222, device='cuda:0')
(91, 3, 0, 0.5, 9500, 'chi', 'genrr', 65.42217254638672, 0.4020000100135803, 2.0884649753570557, '2024-07-17 04:26:57', 4)
pval: [0.40200001] -- 91th test, time elapsed 2.0884649753570557 -- emperical power so far (from test_start): 0.07692307692307693
db insert success
tensor(64.0750, device='cuda:0')
(92, 3, 0, 0.5, 9500, 'chi', 'genrr', 64.07501220703125, 0.42500001192092896, 2.0817832946777344, '2024-07-17 04:27:05', 4)
pval: [0.42500001] -- 92th test, time elapsed 2.0817832946777344 -- emperical power so far (from test_start): 0.07608695652173914
db insert success
tensor(64.2765, device='cuda:0')
(93, 3, 0, 0.5, 9500, 'chi', 'genrr', 64.27651977539062, 0.4320000112056732, 2.0816571712493896, '2024-07-17 04:27:26', 4)
pval: [0.43200001] -- 93th test, time elapsed 2.0816571712493896 -- emperical power so far (from test_start): 0.07526881720430108
db insert success
tensor(56.6942, device='cuda:0')
(94, 3, 0, 0.5, 9500, 'chi', 'genrr', 56.6942138671875, 0.7170000076293945, 2.0836753845214844, '2024-07-17 04:27:34', 4)
pval: [0.71700001] -- 94th test, time elapsed 2.0836753845214844 -- emperical power so far (from test_start): 0.07446808510638298
db insert success
tensor(60.2796, device='cuda:0')
(95, 3, 0, 0.5, 9500, 'chi', 'genrr', 60.279632568359375, 0.5630000233650208, 2.091078758239746, '2024-07-17 04:27:54', 4)
pval: [0.56300002] -- 95th test, time elapsed 2.091078758239746 -- emperical power so far (from test_start): 0.07368421052631578
db insert success
tensor(89.0090, device='cuda:0')
(96, 3, 0, 0.5, 9500, 'chi', 'genrr', 89.0090103149414, 0.026000000536441803, 2.079338312149048, '2024-07-17 04:28:15', 4)
pval: [0.026] -- 96th test, time elapsed 2.079338312149048 -- emperical power so far (from test_start): 0.08333333333333333
db insert success
tensor(42.3195, device='cuda:0')
(97, 3, 0, 0.5, 9500, 'chi', 'genrr', 42.31951141357422, 0.9880000352859497, 2.0831496715545654, '2024-07-17 04:28:34', 4)
pval: [0.98800004] -- 97th test, time elapsed 2.0831496715545654 -- emperical power so far (from test_start): 0.08247422680412371
db insert success
tensor(71.9365, device='cuda:0')
(98, 3, 0, 0.5, 9500, 'chi', 'genrr', 71.93653106689453, 0.22700001299381256, 2.0837602615356445, '2024-07-17 04:28:52', 4)
pval: [0.22700001] -- 98th test, time elapsed 2.0837602615356445 -- emperical power so far (from test_start): 0.08163265306122448
db insert success
tensor(44.3069, device='cuda:0')
(99, 3, 0, 0.5, 9500, 'chi', 'genrr', 44.306907653808594, 0.971000075340271, 2.110861301422119, '2024-07-17 04:29:12', 4)
pval: [0.97100008] -- 99th test, time elapsed 2.110861301422119 -- emperical power so far (from test_start): 0.08080808080808081
db insert success
tensor(53.3358, device='cuda:0')
(100, 3, 0, 0.5, 9500, 'chi', 'genrr', 53.33576965332031, 0.8010000586509705, 2.0833845138549805, '2024-07-17 04:29:24', 4)
pval: [0.80100006] -- 100th test, time elapsed 2.0833845138549805 -- emperical power so far (from test_start): 0.08
db insert success
tensor(94.2623, device='cuda:0')
(101, 3, 0, 0.5, 9500, 'chi', 'genrr', 94.26229858398438, 0.009000000543892384, 2.0799431800842285, '2024-07-17 04:29:40', 4)
pval: [0.009] -- 101th test, time elapsed 2.0799431800842285 -- emperical power so far (from test_start): 0.0891089108910891
db insert success
tensor(75.6109, device='cuda:0')
(102, 3, 0, 0.5, 9500, 'chi', 'genrr', 75.61089324951172, 0.11500000208616257, 2.101404905319214, '2024-07-17 04:30:02', 4)
pval: [0.115] -- 102th test, time elapsed 2.101404905319214 -- emperical power so far (from test_start): 0.08823529411764706
db insert success
tensor(80.2413, device='cuda:0')
(103, 3, 0, 0.5, 9500, 'chi', 'genrr', 80.24128723144531, 0.0650000050663948, 2.076127290725708, '2024-07-17 04:30:19', 4)
pval: [0.06500001] -- 103th test, time elapsed 2.076127290725708 -- emperical power so far (from test_start): 0.08737864077669903
db insert success
tensor(51.8828, device='cuda:0')
(104, 3, 0, 0.5, 9500, 'chi', 'genrr', 51.882835388183594, 0.8390000462532043, 2.084580421447754, '2024-07-17 04:30:40', 4)
pval: [0.83900005] -- 104th test, time elapsed 2.084580421447754 -- emperical power so far (from test_start): 0.08653846153846154
db insert success
tensor(81.6473, device='cuda:0')
(105, 3, 0, 0.5, 9500, 'chi', 'genrr', 81.64727020263672, 0.06599999964237213, 2.0762438774108887, '2024-07-17 04:30:51', 4)
pval: [0.066] -- 105th test, time elapsed 2.0762438774108887 -- emperical power so far (from test_start): 0.08571428571428572
db insert success
tensor(72.9375, device='cuda:0')
(106, 3, 0, 0.5, 9500, 'chi', 'genrr', 72.93745422363281, 0.18700000643730164, 2.0842292308807373, '2024-07-17 04:30:59', 4)
pval: [0.18700001] -- 106th test, time elapsed 2.0842292308807373 -- emperical power so far (from test_start): 0.08490566037735849
db insert success
tensor(55.8351, device='cuda:0')
(107, 3, 0, 0.5, 9500, 'chi', 'genrr', 55.83512878417969, 0.7170000076293945, 2.0820372104644775, '2024-07-17 04:31:06', 4)
pval: [0.71700001] -- 107th test, time elapsed 2.0820372104644775 -- emperical power so far (from test_start): 0.08411214953271028
db insert success
tensor(60.4295, device='cuda:0')
(108, 3, 0, 0.5, 9500, 'chi', 'genrr', 60.429473876953125, 0.5670000314712524, 2.0796661376953125, '2024-07-17 04:31:27', 4)
pval: [0.56700003] -- 108th test, time elapsed 2.0796661376953125 -- emperical power so far (from test_start): 0.08333333333333333
db insert success
tensor(55.7246, device='cuda:0')
(109, 3, 0, 0.5, 9500, 'chi', 'genrr', 55.724605560302734, 0.7080000042915344, 2.0763301849365234, '2024-07-17 04:31:47', 4)
pval: [0.708] -- 109th test, time elapsed 2.0763301849365234 -- emperical power so far (from test_start): 0.08256880733944955
db insert success
tensor(61.7857, device='cuda:0')
(110, 3, 0, 0.5, 9500, 'chi', 'genrr', 61.785682678222656, 0.5290000438690186, 2.084181308746338, '2024-07-17 04:32:08', 4)
pval: [0.52900004] -- 110th test, time elapsed 2.084181308746338 -- emperical power so far (from test_start): 0.08181818181818182
db insert success
tensor(57.4398, device='cuda:0')
(111, 3, 0, 0.5, 9500, 'chi', 'genrr', 57.43977737426758, 0.6570000052452087, 2.0762014389038086, '2024-07-17 04:32:28', 4)
pval: [0.65700001] -- 111th test, time elapsed 2.0762014389038086 -- emperical power so far (from test_start): 0.08108108108108109
db insert success
tensor(68.9432, device='cuda:0')
(112, 3, 0, 0.5, 9500, 'chi', 'genrr', 68.9432144165039, 0.2990000247955322, 2.077463388442993, '2024-07-17 04:32:45', 4)
pval: [0.29900002] -- 112th test, time elapsed 2.077463388442993 -- emperical power so far (from test_start): 0.08035714285714286
db insert success
tensor(76.7891, device='cuda:0')
(113, 3, 0, 0.5, 9500, 'chi', 'genrr', 76.78907012939453, 0.1210000067949295, 2.0826218128204346, '2024-07-17 04:32:59', 4)
pval: [0.12100001] -- 113th test, time elapsed 2.0826218128204346 -- emperical power so far (from test_start): 0.07964601769911504
db insert success
tensor(55.4165, device='cuda:0')
(114, 3, 0, 0.5, 9500, 'chi', 'genrr', 55.416534423828125, 0.7240000367164612, 2.079211473464966, '2024-07-17 04:33:07', 4)
pval: [0.72400004] -- 114th test, time elapsed 2.079211473464966 -- emperical power so far (from test_start): 0.07894736842105263
db insert success
tensor(51.6810, device='cuda:0')
(115, 3, 0, 0.5, 9500, 'chi', 'genrr', 51.68099594116211, 0.8500000238418579, 2.078941822052002, '2024-07-17 04:33:28', 4)
pval: [0.85000002] -- 115th test, time elapsed 2.078941822052002 -- emperical power so far (from test_start): 0.0782608695652174
db insert success
tensor(78.4759, device='cuda:0')
(116, 3, 0, 0.5, 9500, 'chi', 'genrr', 78.47594451904297, 0.08300000429153442, 2.0851409435272217, '2024-07-17 04:33:50', 4)
pval: [0.083] -- 116th test, time elapsed 2.0851409435272217 -- emperical power so far (from test_start): 0.07758620689655173
db insert success
tensor(68.0431, device='cuda:0')
(117, 3, 0, 0.5, 9500, 'chi', 'genrr', 68.04309844970703, 0.3070000112056732, 2.0762627124786377, '2024-07-17 04:34:02', 4)
pval: [0.30700001] -- 117th test, time elapsed 2.0762627124786377 -- emperical power so far (from test_start): 0.07692307692307693
db insert success
tensor(71.3928, device='cuda:0')
(118, 3, 0, 0.5, 9500, 'chi', 'genrr', 71.39281463623047, 0.22600001096725464, 2.0803754329681396, '2024-07-17 04:34:06', 4)
pval: [0.22600001] -- 118th test, time elapsed 2.0803754329681396 -- emperical power so far (from test_start): 0.07627118644067797
db insert success
tensor(57.1499, device='cuda:0')
(119, 3, 0, 0.5, 9500, 'chi', 'genrr', 57.14988708496094, 0.6940000057220459, 2.0795462131500244, '2024-07-17 04:34:27', 4)
pval: [0.69400001] -- 119th test, time elapsed 2.0795462131500244 -- emperical power so far (from test_start): 0.07563025210084033
db insert success
tensor(51.6998, device='cuda:0')
(120, 3, 0, 0.5, 9500, 'chi', 'genrr', 51.69981384277344, 0.8670000433921814, 2.0839834213256836, '2024-07-17 04:34:42', 4)
pval: [0.86700004] -- 120th test, time elapsed 2.0839834213256836 -- emperical power so far (from test_start): 0.075
db insert success
tensor(65.3618, device='cuda:0')
(121, 3, 0, 0.5, 9500, 'chi', 'genrr', 65.36176300048828, 0.41600000858306885, 2.080578565597534, '2024-07-17 04:34:52', 4)
pval: [0.41600001] -- 121th test, time elapsed 2.080578565597534 -- emperical power so far (from test_start): 0.0743801652892562
db insert success
tensor(113.6221, device='cuda:0')
(122, 3, 0, 0.5, 9500, 'chi', 'genrr', 113.6220932006836, 0.0010000000474974513, 2.0832810401916504, '2024-07-17 04:34:55', 4)
pval: [0.001] -- 122th test, time elapsed 2.0832810401916504 -- emperical power so far (from test_start): 0.08196721311475409
db insert success
tensor(77.4294, device='cuda:0')
(123, 3, 0, 0.5, 9500, 'chi', 'genrr', 77.42939758300781, 0.12300000339746475, 2.087904691696167, '2024-07-17 04:35:11', 4)
pval: [0.123] -- 123th test, time elapsed 2.087904691696167 -- emperical power so far (from test_start): 0.08130081300813008
db insert success
tensor(57.2564, device='cuda:0')
(124, 3, 0, 0.5, 9500, 'chi', 'genrr', 57.2563591003418, 0.6550000309944153, 2.083831548690796, '2024-07-17 04:35:28', 4)
pval: [0.65500003] -- 124th test, time elapsed 2.083831548690796 -- emperical power so far (from test_start): 0.08064516129032258
db insert success
tensor(51.1259, device='cuda:0')
(125, 3, 0, 0.5, 9500, 'chi', 'genrr', 51.12593460083008, 0.8630000352859497, 2.0797362327575684, '2024-07-17 04:35:32', 4)
pval: [0.86300004] -- 125th test, time elapsed 2.0797362327575684 -- emperical power so far (from test_start): 0.08
db insert success
tensor(53.6441, device='cuda:0')
(126, 3, 0, 0.5, 9500, 'chi', 'genrr', 53.64411544799805, 0.7870000600814819, 2.085221290588379, '2024-07-17 04:35:53', 4)
pval: [0.78700006] -- 126th test, time elapsed 2.085221290588379 -- emperical power so far (from test_start): 0.07936507936507936
db insert success
tensor(57.1957, device='cuda:0')
(127, 3, 0, 0.5, 9500, 'chi', 'genrr', 57.195716857910156, 0.6670000553131104, 2.0784082412719727, '2024-07-17 04:36:03', 4)
pval: [0.66700006] -- 127th test, time elapsed 2.0784082412719727 -- emperical power so far (from test_start): 0.07874015748031496
db insert success
tensor(70.8353, device='cuda:0')
(128, 3, 0, 0.5, 9500, 'chi', 'genrr', 70.83529663085938, 0.23500001430511475, 2.0868136882781982, '2024-07-17 04:36:20', 4)
pval: [0.23500001] -- 128th test, time elapsed 2.0868136882781982 -- emperical power so far (from test_start): 0.078125
db insert success
tensor(60.4064, device='cuda:0')
(129, 3, 0, 0.5, 9500, 'chi', 'genrr', 60.40644073486328, 0.5800000429153442, 2.0825846195220947, '2024-07-17 04:36:31', 4)
pval: [0.58000004] -- 129th test, time elapsed 2.0825846195220947 -- emperical power so far (from test_start): 0.07751937984496124
db insert success
tensor(59.1687, device='cuda:0')
(130, 3, 0, 0.5, 9500, 'chi', 'genrr', 59.16865539550781, 0.6050000190734863, 2.0797386169433594, '2024-07-17 04:36:36', 4)
pval: [0.60500002] -- 130th test, time elapsed 2.0797386169433594 -- emperical power so far (from test_start): 0.07692307692307693
db insert success
tensor(95.2182, device='cuda:0')
(131, 3, 0, 0.5, 9500, 'chi', 'genrr', 95.21819305419922, 0.007000000216066837, 2.081300735473633, '2024-07-17 04:36:47', 4)
pval: [0.007] -- 131th test, time elapsed 2.081300735473633 -- emperical power so far (from test_start): 0.08396946564885496
db insert success
tensor(66.8108, device='cuda:0')
(132, 3, 0, 0.5, 9500, 'chi', 'genrr', 66.81080627441406, 0.35100001096725464, 2.0821449756622314, '2024-07-17 04:37:04', 4)
pval: [0.35100001] -- 132th test, time elapsed 2.0821449756622314 -- emperical power so far (from test_start): 0.08333333333333333
db insert success
tensor(68.9815, device='cuda:0')
(133, 3, 0, 0.5, 9500, 'chi', 'genrr', 68.98152160644531, 0.26200002431869507, 2.0807807445526123, '2024-07-17 04:37:26', 4)
pval: [0.26200002] -- 133th test, time elapsed 2.0807807445526123 -- emperical power so far (from test_start): 0.08270676691729323
db insert success
tensor(69.7868, device='cuda:0')
(134, 3, 0, 0.5, 9500, 'chi', 'genrr', 69.78675842285156, 0.2639999985694885, 2.076172351837158, '2024-07-17 04:37:29', 4)
pval: [0.264] -- 134th test, time elapsed 2.076172351837158 -- emperical power so far (from test_start): 0.08208955223880597
db insert success
tensor(82.0595, device='cuda:0')
(135, 3, 0, 0.5, 9500, 'chi', 'genrr', 82.05949401855469, 0.05000000074505806, 2.081657648086548, '2024-07-17 04:37:44', 4)
pval: [0.05] -- 135th test, time elapsed 2.081657648086548 -- emperical power so far (from test_start): 0.08148148148148149
db insert success
tensor(72.1802, device='cuda:0')
(136, 3, 0, 0.5, 9500, 'chi', 'genrr', 72.18022155761719, 0.1940000057220459, 2.0802457332611084, '2024-07-17 04:38:01', 4)
pval: [0.19400001] -- 136th test, time elapsed 2.0802457332611084 -- emperical power so far (from test_start): 0.08088235294117647
db insert success
tensor(77.9711, device='cuda:0')
(137, 3, 0, 0.5, 9500, 'chi', 'genrr', 77.97112274169922, 0.1080000028014183, 2.081773042678833, '2024-07-17 04:38:23', 4)
pval: [0.108] -- 137th test, time elapsed 2.081773042678833 -- emperical power so far (from test_start): 0.08029197080291971
db insert success
tensor(51.5793, device='cuda:0')
(138, 3, 0, 0.5, 9500, 'chi', 'genrr', 51.57926940917969, 0.8360000252723694, 2.084514856338501, '2024-07-17 04:38:33', 4)
pval: [0.83600003] -- 138th test, time elapsed 2.084514856338501 -- emperical power so far (from test_start): 0.07971014492753623
db insert success
tensor(53.3988, device='cuda:0')
(139, 3, 0, 0.5, 9500, 'chi', 'genrr', 53.39881134033203, 0.8050000667572021, 2.082077980041504, '2024-07-17 04:38:44', 4)
pval: [0.80500007] -- 139th test, time elapsed 2.082077980041504 -- emperical power so far (from test_start): 0.07913669064748201
db insert success
tensor(58.9423, device='cuda:0')
(140, 3, 0, 0.5, 9500, 'chi', 'genrr', 58.942298889160156, 0.6100000143051147, 2.082533836364746, '2024-07-17 04:38:51', 4)
pval: [0.61000001] -- 140th test, time elapsed 2.082533836364746 -- emperical power so far (from test_start): 0.07857142857142857
db insert success
tensor(56.4318, device='cuda:0')
(141, 3, 0, 0.5, 9500, 'chi', 'genrr', 56.431819915771484, 0.6990000605583191, 2.0799875259399414, '2024-07-17 04:38:59', 4)
pval: [0.69900006] -- 141th test, time elapsed 2.0799875259399414 -- emperical power so far (from test_start): 0.07801418439716312
db insert success
tensor(78.5361, device='cuda:0')
(142, 3, 0, 0.5, 9500, 'chi', 'genrr', 78.53614807128906, 0.08300000429153442, 2.079704761505127, '2024-07-17 04:39:21', 4)
pval: [0.083] -- 142th test, time elapsed 2.079704761505127 -- emperical power so far (from test_start): 0.07746478873239436
db insert success
tensor(84.9649, device='cuda:0')
(143, 3, 0, 0.5, 9500, 'chi', 'genrr', 84.96488952636719, 0.04400000348687172, 2.080381393432617, '2024-07-17 04:39:42', 4)
pval: [0.044] -- 143th test, time elapsed 2.080381393432617 -- emperical power so far (from test_start): 0.08391608391608392
db insert success
tensor(75.7761, device='cuda:0')
(144, 3, 0, 0.5, 9500, 'chi', 'genrr', 75.77606201171875, 0.12300000339746475, 2.0779006481170654, '2024-07-17 04:39:49', 4)
pval: [0.123] -- 144th test, time elapsed 2.0779006481170654 -- emperical power so far (from test_start): 0.08333333333333333
db insert success
tensor(51.3728, device='cuda:0')
(145, 3, 0, 0.5, 9500, 'chi', 'genrr', 51.372833251953125, 0.8460000157356262, 2.081392288208008, '2024-07-17 04:39:57', 4)
pval: [0.84600002] -- 145th test, time elapsed 2.081392288208008 -- emperical power so far (from test_start): 0.08275862068965517
db insert success
tensor(68.1656, device='cuda:0')
(146, 3, 0, 0.5, 9500, 'chi', 'genrr', 68.16561889648438, 0.2900000214576721, 2.0866167545318604, '2024-07-17 04:40:10', 4)
pval: [0.29000002] -- 146th test, time elapsed 2.0866167545318604 -- emperical power so far (from test_start): 0.0821917808219178
db insert success
tensor(76.4367, device='cuda:0')
(147, 3, 0, 0.5, 9500, 'chi', 'genrr', 76.4367446899414, 0.11600000411272049, 2.072113275527954, '2024-07-17 04:40:17', 4)
pval: [0.116] -- 147th test, time elapsed 2.072113275527954 -- emperical power so far (from test_start): 0.08163265306122448
db insert success
tensor(60.1763, device='cuda:0')
(148, 3, 0, 0.5, 9500, 'chi', 'genrr', 60.176273345947266, 0.5530000329017639, 2.0817995071411133, '2024-07-17 04:40:25', 4)
pval: [0.55300003] -- 148th test, time elapsed 2.0817995071411133 -- emperical power so far (from test_start): 0.08108108108108109
db insert success
tensor(47.3791, device='cuda:0')
(149, 3, 0, 0.5, 9500, 'chi', 'genrr', 47.379093170166016, 0.9360000491142273, 2.0724706649780273, '2024-07-17 04:40:47', 4)
pval: [0.93600005] -- 149th test, time elapsed 2.0724706649780273 -- emperical power so far (from test_start): 0.08053691275167785
db insert success
tensor(61.0277, device='cuda:0')
(150, 3, 0, 0.5, 9500, 'chi', 'genrr', 61.027713775634766, 0.5400000214576721, 2.0821404457092285, '2024-07-17 04:40:57', 4)
pval: [0.54000002] -- 150th test, time elapsed 2.0821404457092285 -- emperical power so far (from test_start): 0.08
db insert success
tensor(61.4462, device='cuda:0')
(151, 3, 0, 0.5, 9500, 'chi', 'genrr', 61.44620132446289, 0.5139999985694885, 2.0802314281463623, '2024-07-17 04:41:02', 4)
pval: [0.514] -- 151th test, time elapsed 2.0802314281463623 -- emperical power so far (from test_start): 0.07947019867549669
db insert success
tensor(53.4733, device='cuda:0')
(152, 3, 0, 0.5, 9500, 'chi', 'genrr', 53.47330093383789, 0.7880000472068787, 2.0837950706481934, '2024-07-17 04:41:14', 4)
pval: [0.78800005] -- 152th test, time elapsed 2.0837950706481934 -- emperical power so far (from test_start): 0.07894736842105263
db insert success
tensor(68.4489, device='cuda:0')
(153, 3, 0, 0.5, 9500, 'chi', 'genrr', 68.4488525390625, 0.29500001668930054, 2.078299045562744, '2024-07-17 04:41:35', 4)
pval: [0.29500002] -- 153th test, time elapsed 2.078299045562744 -- emperical power so far (from test_start): 0.0784313725490196
db insert success
tensor(60.2773, device='cuda:0')
(154, 3, 0, 0.5, 9500, 'chi', 'genrr', 60.27729034423828, 0.5480000376701355, 2.0834004878997803, '2024-07-17 04:41:49', 4)
pval: [0.54800004] -- 154th test, time elapsed 2.0834004878997803 -- emperical power so far (from test_start): 0.07792207792207792
db insert success
tensor(50.2139, device='cuda:0')
(155, 3, 0, 0.5, 9500, 'chi', 'genrr', 50.21389389038086, 0.862000048160553, 2.0777840614318848, '2024-07-17 04:41:59', 4)
pval: [0.86200005] -- 155th test, time elapsed 2.0777840614318848 -- emperical power so far (from test_start): 0.07741935483870968
db insert success
tensor(53.3975, device='cuda:0')
(156, 3, 0, 0.5, 9500, 'chi', 'genrr', 53.397518157958984, 0.8040000200271606, 2.0817511081695557, '2024-07-17 04:42:17', 4)
pval: [0.80400002] -- 156th test, time elapsed 2.0817511081695557 -- emperical power so far (from test_start): 0.07692307692307693
db insert success
tensor(68.0762, device='cuda:0')
(157, 3, 0, 0.5, 9500, 'chi', 'genrr', 68.07620239257812, 0.2980000078678131, 2.0752131938934326, '2024-07-17 04:42:36', 4)
pval: [0.29800001] -- 157th test, time elapsed 2.0752131938934326 -- emperical power so far (from test_start): 0.07643312101910828
db insert success
tensor(50.0218, device='cuda:0')
(158, 3, 0, 0.5, 9500, 'chi', 'genrr', 50.02180099487305, 0.8740000128746033, 2.080575466156006, '2024-07-17 04:42:39', 4)
pval: [0.87400001] -- 158th test, time elapsed 2.080575466156006 -- emperical power so far (from test_start): 0.0759493670886076
db insert success
tensor(52.4594, device='cuda:0')
(159, 3, 0, 0.5, 9500, 'chi', 'genrr', 52.45936965942383, 0.8320000171661377, 2.086308002471924, '2024-07-17 04:42:45', 4)
pval: [0.83200002] -- 159th test, time elapsed 2.086308002471924 -- emperical power so far (from test_start): 0.07547169811320754
db insert success
tensor(48.1352, device='cuda:0')
(160, 3, 0, 0.5, 9500, 'chi', 'genrr', 48.135162353515625, 0.9140000343322754, 2.072435140609741, '2024-07-17 04:43:01', 4)
pval: [0.91400003] -- 160th test, time elapsed 2.072435140609741 -- emperical power so far (from test_start): 0.075
db insert success
tensor(68.4195, device='cuda:0')
(161, 3, 0, 0.5, 9500, 'chi', 'genrr', 68.4195327758789, 0.2980000078678131, 2.076476812362671, '2024-07-17 04:43:07', 4)
pval: [0.29800001] -- 161th test, time elapsed 2.076476812362671 -- emperical power so far (from test_start): 0.07453416149068323
db insert success
tensor(78.9894, device='cuda:0')
(162, 3, 0, 0.5, 9500, 'chi', 'genrr', 78.98939514160156, 0.07800000160932541, 2.0842173099517822, '2024-07-17 04:43:19', 4)
pval: [0.078] -- 162th test, time elapsed 2.0842173099517822 -- emperical power so far (from test_start): 0.07407407407407407
db insert success
tensor(71.7443, device='cuda:0')
(163, 3, 0, 0.5, 9500, 'chi', 'genrr', 71.74427795410156, 0.22100001573562622, 2.0837461948394775, '2024-07-17 04:43:24', 4)
pval: [0.22100002] -- 163th test, time elapsed 2.0837461948394775 -- emperical power so far (from test_start): 0.0736196319018405
db insert success
tensor(82.9899, device='cuda:0')
(164, 3, 0, 0.5, 9500, 'chi', 'genrr', 82.98985290527344, 0.04800000041723251, 2.081496477127075, '2024-07-17 04:43:34', 4)
pval: [0.048] -- 164th test, time elapsed 2.081496477127075 -- emperical power so far (from test_start): 0.07926829268292683
db insert success
tensor(55.1933, device='cuda:0')
(165, 3, 0, 0.5, 9500, 'chi', 'genrr', 55.193336486816406, 0.7640000581741333, 2.0840251445770264, '2024-07-17 04:43:50', 4)
pval: [0.76400006] -- 165th test, time elapsed 2.0840251445770264 -- emperical power so far (from test_start): 0.07878787878787878
db insert success
tensor(57.6637, device='cuda:0')
(166, 3, 0, 0.5, 9500, 'chi', 'genrr', 57.66368103027344, 0.6640000343322754, 2.0768299102783203, '2024-07-17 04:43:59', 4)
pval: [0.66400003] -- 166th test, time elapsed 2.0768299102783203 -- emperical power so far (from test_start): 0.0783132530120482
db insert success
tensor(58.3157, device='cuda:0')
(167, 3, 0, 0.5, 9500, 'chi', 'genrr', 58.315738677978516, 0.6320000290870667, 2.0841753482818604, '2024-07-17 04:44:04', 4)
pval: [0.63200003] -- 167th test, time elapsed 2.0841753482818604 -- emperical power so far (from test_start): 0.07784431137724551
db insert success
tensor(60.9684, device='cuda:0')
(168, 3, 0, 0.5, 9500, 'chi', 'genrr', 60.9683837890625, 0.5460000038146973, 2.0763330459594727, '2024-07-17 04:44:07', 4)
pval: [0.546] -- 168th test, time elapsed 2.0763330459594727 -- emperical power so far (from test_start): 0.07738095238095238
db insert success
tensor(50.9447, device='cuda:0')
(169, 3, 0, 0.5, 9500, 'chi', 'genrr', 50.944732666015625, 0.8490000367164612, 2.0751471519470215, '2024-07-17 04:44:21', 4)
pval: [0.84900004] -- 169th test, time elapsed 2.0751471519470215 -- emperical power so far (from test_start): 0.07692307692307693
db insert success
tensor(86.8122, device='cuda:0')
(170, 3, 0, 0.5, 9500, 'chi', 'genrr', 86.81217956542969, 0.030000001192092896, 2.0802865028381348, '2024-07-17 04:44:36', 4)
pval: [0.03] -- 170th test, time elapsed 2.0802865028381348 -- emperical power so far (from test_start): 0.08235294117647059
db insert success
tensor(54.7587, device='cuda:0')
(171, 3, 0, 0.5, 9500, 'chi', 'genrr', 54.7586555480957, 0.781000018119812, 2.0789053440093994, '2024-07-17 04:44:54', 4)
pval: [0.78100002] -- 171th test, time elapsed 2.0789053440093994 -- emperical power so far (from test_start): 0.08187134502923976
db insert success
tensor(89.6965, device='cuda:0')
(172, 3, 0, 0.5, 9500, 'chi', 'genrr', 89.69651794433594, 0.014000000432133675, 2.0785467624664307, '2024-07-17 04:45:13', 4)
pval: [0.014] -- 172th test, time elapsed 2.0785467624664307 -- emperical power so far (from test_start): 0.0872093023255814
db insert success
tensor(77.9395, device='cuda:0')
(173, 3, 0, 0.5, 9500, 'chi', 'genrr', 77.93946838378906, 0.10100000351667404, 2.0787808895111084, '2024-07-17 04:45:17', 4)
pval: [0.101] -- 173th test, time elapsed 2.0787808895111084 -- emperical power so far (from test_start): 0.08670520231213873
db insert success
tensor(48.2681, device='cuda:0')
(174, 3, 0, 0.5, 9500, 'chi', 'genrr', 48.26809310913086, 0.9040000438690186, 2.1207990646362305, '2024-07-17 04:45:20', 4)
pval: [0.90400004] -- 174th test, time elapsed 2.1207990646362305 -- emperical power so far (from test_start): 0.08620689655172414
db insert success
tensor(68.7851, device='cuda:0')
(175, 3, 0, 0.5, 9500, 'chi', 'genrr', 68.78514099121094, 0.30100002884864807, 2.0937798023223877, '2024-07-17 04:45:26', 4)
pval: [0.30100003] -- 175th test, time elapsed 2.0937798023223877 -- emperical power so far (from test_start): 0.08571428571428572
db insert success
tensor(64.2079, device='cuda:0')
(176, 3, 0, 0.5, 9500, 'chi', 'genrr', 64.2079086303711, 0.47700002789497375, 2.0795154571533203, '2024-07-17 04:45:42', 4)
pval: [0.47700003] -- 176th test, time elapsed 2.0795154571533203 -- emperical power so far (from test_start): 0.08522727272727272
db insert success
tensor(50.7091, device='cuda:0')
(177, 3, 0, 0.5, 9500, 'chi', 'genrr', 50.70908737182617, 0.89000004529953, 2.10530948638916, '2024-07-17 04:45:47', 4)
pval: [0.89000005] -- 177th test, time elapsed 2.10530948638916 -- emperical power so far (from test_start): 0.0847457627118644
db insert success
tensor(79.2560, device='cuda:0')
(178, 3, 0, 0.5, 9500, 'chi', 'genrr', 79.25601959228516, 0.0820000022649765, 2.0856640338897705, '2024-07-17 04:46:02', 4)
pval: [0.082] -- 178th test, time elapsed 2.0856640338897705 -- emperical power so far (from test_start): 0.08426966292134831
db insert success
tensor(46.4315, device='cuda:0')
(179, 3, 0, 0.5, 9500, 'chi', 'genrr', 46.43150329589844, 0.9530000686645508, 2.080049991607666, '2024-07-17 04:46:18', 4)
pval: [0.95300007] -- 179th test, time elapsed 2.080049991607666 -- emperical power so far (from test_start): 0.08379888268156424
db insert success
tensor(55.2487, device='cuda:0')
(180, 3, 0, 0.5, 9500, 'chi', 'genrr', 55.248661041259766, 0.7580000162124634, 2.0799148082733154, '2024-07-17 04:46:24', 4)
pval: [0.75800002] -- 180th test, time elapsed 2.0799148082733154 -- emperical power so far (from test_start): 0.08333333333333333
db insert success
tensor(68.8227, device='cuda:0')
(181, 3, 0, 0.5, 9500, 'chi', 'genrr', 68.82269287109375, 0.2760000228881836, 2.08670973777771, '2024-07-17 04:46:32', 4)
pval: [0.27600002] -- 181th test, time elapsed 2.08670973777771 -- emperical power so far (from test_start): 0.08287292817679558
db insert success
tensor(61.3186, device='cuda:0')
(182, 3, 0, 0.5, 9500, 'chi', 'genrr', 61.31863021850586, 0.5410000085830688, 2.1472554206848145, '2024-07-17 04:46:40', 4)
pval: [0.54100001] -- 182th test, time elapsed 2.1472554206848145 -- emperical power so far (from test_start): 0.08241758241758242
db insert success
tensor(64.6548, device='cuda:0')
(183, 3, 0, 0.5, 9500, 'chi', 'genrr', 64.65480041503906, 0.44700002670288086, 2.097783088684082, '2024-07-17 04:47:00', 4)
pval: [0.44700003] -- 183th test, time elapsed 2.097783088684082 -- emperical power so far (from test_start): 0.08196721311475409
db insert success
tensor(51.7810, device='cuda:0')
(184, 3, 0, 0.5, 9500, 'chi', 'genrr', 51.780967712402344, 0.8610000610351562, 2.085087776184082, '2024-07-17 04:47:13', 4)
pval: [0.86100006] -- 184th test, time elapsed 2.085087776184082 -- emperical power so far (from test_start): 0.08152173913043478
db insert success
tensor(52.0769, device='cuda:0')
(185, 3, 0, 0.5, 9500, 'chi', 'genrr', 52.07692337036133, 0.8340000510215759, 2.0828857421875, '2024-07-17 04:47:27', 4)
pval: [0.83400005] -- 185th test, time elapsed 2.0828857421875 -- emperical power so far (from test_start): 0.08108108108108109
db insert success
tensor(91.6176, device='cuda:0')
(186, 3, 0, 0.5, 9500, 'chi', 'genrr', 91.61758422851562, 0.009000000543892384, 2.0900726318359375, '2024-07-17 04:47:38', 4)
pval: [0.009] -- 186th test, time elapsed 2.0900726318359375 -- emperical power so far (from test_start): 0.08602150537634409
db insert success
tensor(50.3964, device='cuda:0')
(187, 3, 0, 0.5, 9500, 'chi', 'genrr', 50.39641571044922, 0.8870000243186951, 2.083111524581909, '2024-07-17 04:47:44', 4)
pval: [0.88700002] -- 187th test, time elapsed 2.083111524581909 -- emperical power so far (from test_start): 0.0855614973262032
db insert success
tensor(70.8309, device='cuda:0')
(188, 3, 0, 0.5, 9500, 'chi', 'genrr', 70.8309326171875, 0.24400001764297485, 2.0803253650665283, '2024-07-17 04:48:05', 4)
pval: [0.24400002] -- 188th test, time elapsed 2.0803253650665283 -- emperical power so far (from test_start): 0.0851063829787234
db insert success
tensor(67.3449, device='cuda:0')
(189, 3, 0, 0.5, 9500, 'chi', 'genrr', 67.3449478149414, 0.3500000238418579, 2.090275764465332, '2024-07-17 04:48:14', 4)
pval: [0.35000002] -- 189th test, time elapsed 2.090275764465332 -- emperical power so far (from test_start): 0.08465608465608465
db insert success
tensor(68.1815, device='cuda:0')
(190, 3, 0, 0.5, 9500, 'chi', 'genrr', 68.18154907226562, 0.30900001525878906, 2.0811924934387207, '2024-07-17 04:48:22', 4)
pval: [0.30900002] -- 190th test, time elapsed 2.0811924934387207 -- emperical power so far (from test_start): 0.08421052631578947
db insert success
tensor(62.8287, device='cuda:0')
(191, 3, 0, 0.5, 9500, 'chi', 'genrr', 62.82866668701172, 0.46400001645088196, 2.0854594707489014, '2024-07-17 04:48:40', 4)
pval: [0.46400002] -- 191th test, time elapsed 2.0854594707489014 -- emperical power so far (from test_start): 0.08376963350785341
db insert success
tensor(52.8612, device='cuda:0')
(192, 3, 0, 0.5, 9500, 'chi', 'genrr', 52.86122131347656, 0.8290000557899475, 2.078202724456787, '2024-07-17 04:48:48', 4)
pval: [0.82900006] -- 192th test, time elapsed 2.078202724456787 -- emperical power so far (from test_start): 0.08333333333333333
db insert success
tensor(78.2662, device='cuda:0')
(193, 3, 0, 0.5, 9500, 'chi', 'genrr', 78.2662124633789, 0.10400000214576721, 2.0819475650787354, '2024-07-17 04:48:57', 4)
pval: [0.104] -- 193th test, time elapsed 2.0819475650787354 -- emperical power so far (from test_start): 0.08290155440414508
db insert success
tensor(67.5776, device='cuda:0')
(194, 3, 0, 0.5, 9500, 'chi', 'genrr', 67.57760620117188, 0.3190000057220459, 2.0830061435699463, '2024-07-17 04:49:13', 4)
pval: [0.31900001] -- 194th test, time elapsed 2.0830061435699463 -- emperical power so far (from test_start): 0.08247422680412371
db insert success
tensor(40.2464, device='cuda:0')
(195, 3, 0, 0.5, 9500, 'chi', 'genrr', 40.24639892578125, 0.984000027179718, 2.1115360260009766, '2024-07-17 04:49:17', 4)
pval: [0.98400003] -- 195th test, time elapsed 2.1115360260009766 -- emperical power so far (from test_start): 0.08205128205128205
db insert success
tensor(60.0474, device='cuda:0')
(196, 3, 0, 0.5, 9500, 'chi', 'genrr', 60.04743194580078, 0.597000002861023, 2.0849783420562744, '2024-07-17 04:49:36', 4)
pval: [0.597] -- 196th test, time elapsed 2.0849783420562744 -- emperical power so far (from test_start): 0.08163265306122448
db insert success
tensor(63.6398, device='cuda:0')
(197, 3, 0, 0.5, 9500, 'chi', 'genrr', 63.63980484008789, 0.4220000207424164, 2.0811572074890137, '2024-07-17 04:49:52', 4)
pval: [0.42200002] -- 197th test, time elapsed 2.0811572074890137 -- emperical power so far (from test_start): 0.08121827411167512
db insert success
tensor(81.3282, device='cuda:0')
(198, 3, 0, 0.5, 9500, 'chi', 'genrr', 81.32823181152344, 0.0560000017285347, 2.0793192386627197, '2024-07-17 04:49:58', 4)
pval: [0.056] -- 198th test, time elapsed 2.0793192386627197 -- emperical power so far (from test_start): 0.08080808080808081
db insert success
tensor(82.4361, device='cuda:0')
(199, 3, 0, 0.5, 9500, 'chi', 'genrr', 82.43614959716797, 0.05300000309944153, 2.0838043689727783, '2024-07-17 04:50:06', 4)
pval: [0.053] -- 199th test, time elapsed 2.0838043689727783 -- emperical power so far (from test_start): 0.08040201005025126
db insert success
tensor(63.2430, device='cuda:0')
(200, 3, 0, 0.5, 9500, 'chi', 'genrr', 63.243011474609375, 0.4570000171661377, 2.0892062187194824, '2024-07-17 04:50:12', 4)
pval: [0.45700002] -- 200th test, time elapsed 2.0892062187194824 -- emperical power so far (from test_start): 0.08
db insert success
2560.0402779579163
